MonitorDistance=99cm
MonitorWidth=30cm
PixelWidth=1024.0
PixelHeight=768.0
You have detected 11 out of 12 targets.
Well done! Keep up the good work
5.6363 	INFO 	Loaded monitor calibration from ['2021_05_26 17:55']
6.1151 	EXP 	Created window1 = Window(allowGUI=False, allowStencil=False, autoLog=True, backendConf=UNKNOWN, bitsMode=UNKNOWN, blendMode='avg', bpc=(8, 8, 8), color=array([-0.5, -0.5, -0.5]), colorSpace='rgb', depthBits=8, fullscr=<method-wrapper '__getattribute__' of attributeSetter object at 0x7f719f8ae400>, gamma=None, gammaErrorPolicy='raise', lms=UNKNOWN, monitor=<psychopy.monitors.calibTools.Monitor object at 0x7f71956d0048>, multiSample=False, name='window1', numSamples=2, pos=[0.0, 0.0], screen=0, size=array([1024,  768]), stencilBits=0, stereo=False, units='deg', useFBO=False, useRetina=False, viewOri=0.0, viewPos=None, viewScale=None, waitBlanking=True, winType='pyglet')
6.1152 	EXP 	window1: mouseVisible = True
6.1844 	EXP 	Created unnamed TextStim = TextStim(__class__=<class 'psychopy.visual.text.TextStim'>, alignHoriz=method-wrapper(...), alignText='center', alignVert=method-wrapper(...), anchorHoriz='center', anchorVert='center', antialias=True, autoLog=True, bold=False, color=array([1., 1., 1.]), colorSpace='rgb', contrast=1.0, depth=0, flipHoriz=False, flipVert=False, font='', fontFiles=[], height=0.5, italic=False, languageStyle='LTR', name='unnamed TextStim', opacity=1.0, ori=0.0, pos=array([0., 0.]), rgb=UNKNOWN, text=str(...), units='deg', win=Window(...), wrapWidth=15.0)
6.2152 	EXP 	Created Movie Frame 0 = ImageStim(__class__=<class 'psychopy.visual.image.ImageStim'>, autoLog=True, color=array([0.8, 0.8, 0.8]), colorSpace='rgb', contrast=0.8, depth=0, flipHoriz=False, flipVert=False, image='visual_0.png', interpolate=False, mask=None, maskParams=None, name='Movie Frame 0', opacity=1, ori=0.0, pos=array([0., 0.]), size=array([1024,  768]), texRes=128, units='pix', win=Window(...))
6.2384 	EXP 	Created Movie Frame 1 = ImageStim(__class__=<class 'psychopy.visual.image.ImageStim'>, autoLog=True, color=array([0.8, 0.8, 0.8]), colorSpace='rgb', contrast=0.8, depth=0, flipHoriz=False, flipVert=False, image='visual_1.png', interpolate=False, mask=None, maskParams=None, name='Movie Frame 1', opacity=1, ori=0.0, pos=array([0., 0.]), size=array([1024,  768]), texRes=128, units='pix', win=Window(...))
39.5181 	DATA 	Keypress: 5
0.0000 	DATA 	StartOfRun sub-06_ses-05_run-03
0.0000 	DATA 	TR 1 | TR1 1 | TR2 0
0.0169 	DATA 	Initial baseline

1.5499 	DATA 	Keypress: 5
1.5500 	DATA 	TR 2 | TR1 1 | TR2 1
3.1211 	DATA 	Keypress: 5
3.1212 	DATA 	TR 3 | TR1 2 | TR2 1
4.6733 	DATA 	Keypress: 5
4.6733 	DATA 	TR 4 | TR1 2 | TR2 2
6.2445 	DATA 	Keypress: 5
6.2445 	DATA 	TR 5 | TR1 3 | TR2 2
7.7969 	DATA 	Keypress: 5
7.7969 	DATA 	TR 6 | TR1 3 | TR2 3
9.3680 	DATA 	Keypress: 5
9.3681 	DATA 	TR 7 | TR1 4 | TR2 3
10.9202 	DATA 	Keypress: 5
10.9202 	DATA 	TR 8 | TR1 4 | TR2 4
12.4914 	DATA 	Keypress: 5
12.4914 	DATA 	TR 9 | TR1 5 | TR2 4
14.0437 	DATA 	Keypress: 5
14.0437 	DATA 	TR 10 | TR1 5 | TR2 5
15.6148 	DATA 	Keypress: 5
15.6148 	DATA 	TR 11 | TR1 6 | TR2 5
17.1670 	DATA 	Keypress: 5
17.1670 	DATA 	TR 12 | TR1 6 | TR2 6
18.7382 	DATA 	Keypress: 5
18.7382 	DATA 	TR 13 | TR1 7 | TR2 6
20.2903 	DATA 	Keypress: 5
20.2904 	DATA 	TR 14 | TR1 7 | TR2 7
21.8616 	DATA 	Keypress: 5
21.8616 	DATA 	TR 15 | TR1 8 | TR2 7
23.4138 	DATA 	Keypress: 5
23.4139 	DATA 	TR 16 | TR1 8 | TR2 8
24.9850 	DATA 	Keypress: 5
24.9850 	DATA 	TR 17 | TR1 9 | TR2 8
26.5371 	DATA 	Keypress: 5
26.5372 	DATA 	TR 18 | TR1 9 | TR2 9
28.1084 	DATA 	Keypress: 5
28.1084 	DATA 	TR 19 | TR1 10 | TR2 9
29.6605 	DATA 	Keypress: 5
29.6606 	DATA 	TR 20 | TR1 10 | TR2 10
31.2319 	DATA 	Keypress: 5
31.2479 	DATA 	Waited 1.2478752136230469 seconds for trigger
31.2493 	DATA 	
31.2493 	DATA 	Trial 1
31.2493 	DATA 	stimDur = 2.0
31.2493 	DATA 	jitter = 1.5705
31.2493 	DATA 	restDur = 22.0

31.2493 	DATA 	
31.2493 	DATA 	TR 21 | TR1 11 | TR2 10
32.7978 	DATA 	Keypress: 5
32.7979 	DATA 	TR 22 | TR1 11 | TR2 11
32.8311 	DATA 	
32.8311 	DATA 	stimulation started
32.8311 	DATA 	
34.3644 	DATA 	Keypress: 5
34.3645 	DATA 	TR 23 | TR1 12 | TR2 11
34.8310 	DATA 	
34.8310 	DATA 	stimulation stopped
34.8310 	DATA 	
35.9143 	DATA 	Keypress: 5
35.9143 	DATA 	TR 24 | TR1 12 | TR2 12
37.4807 	DATA 	Keypress: 5
37.4808 	DATA 	TR 25 | TR1 13 | TR2 12
39.0312 	DATA 	Keypress: 5
39.0474 	DATA 	TR 26 | TR1 13 | TR2 13
40.6138 	DATA 	Keypress: 5
40.6138 	DATA 	TR 27 | TR1 14 | TR2 13
42.1638 	DATA 	Keypress: 5
42.1639 	DATA 	TR 28 | TR1 14 | TR2 14
43.7302 	DATA 	Keypress: 5
43.7302 	DATA 	TR 29 | TR1 15 | TR2 14
45.2801 	DATA 	Keypress: 5
45.2801 	DATA 	TR 30 | TR1 15 | TR2 15
46.8632 	DATA 	Keypress: 5
46.8633 	DATA 	TR 31 | TR1 16 | TR2 15
48.4131 	DATA 	Keypress: 5
48.4132 	DATA 	TR 32 | TR1 16 | TR2 16
49.9796 	DATA 	Keypress: 5
49.9796 	DATA 	TR 33 | TR1 17 | TR2 16
51.5295 	DATA 	Keypress: 5
51.5295 	DATA 	TR 34 | TR1 17 | TR2 17
53.0959 	DATA 	Keypress: 5
53.0960 	DATA 	TR 35 | TR1 18 | TR2 17
54.6625 	DATA 	Keypress: 5
54.6626 	DATA 	TR 36 | TR1 18 | TR2 18
56.2290 	DATA 	Keypress: 5
56.2291 	DATA 	TR 37 | TR1 19 | TR2 18
56.8289 	DATA 	
56.8289 	DATA 	Trial complete
56.8290 	DATA 	Waiting for VASO trigger to start next trial
56.8290 	DATA 	
57.7789 	DATA 	Keypress: 5
57.7790 	DATA 	TR 38 | TR1 19 | TR2 19
59.3454 	DATA 	Keypress: 5
59.3455 	DATA 	Waited 2.5165140628814697 seconds for trigger
59.3462 	DATA 	
59.3463 	DATA 	Trial 2
59.3463 	DATA 	stimDur = 4.0
59.3463 	DATA 	jitter = 0.78525
59.3463 	DATA 	restDur = 24.0

59.3463 	DATA 	
59.3463 	DATA 	TR 39 | TR1 20 | TR2 19
60.1455 	DATA 	
60.1455 	DATA 	stimulation started
60.1455 	DATA 	
60.8953 	DATA 	Keypress: 5
60.8954 	DATA 	TR 40 | TR1 20 | TR2 20
62.4785 	DATA 	Keypress: 5
62.4786 	DATA 	TR 41 | TR1 21 | TR2 20
64.0284 	DATA 	Keypress: 5
64.0284 	DATA 	TR 42 | TR1 21 | TR2 21
64.1450 	DATA 	
64.1450 	DATA 	stimulation stopped
64.1450 	DATA 	
65.5949 	DATA 	Keypress: 5
65.5949 	DATA 	TR 43 | TR1 22 | TR2 21
67.1447 	DATA 	Keypress: 5
67.1447 	DATA 	TR 44 | TR1 22 | TR2 22
68.7279 	DATA 	Keypress: 5
68.7280 	DATA 	TR 45 | TR1 23 | TR2 22
70.2777 	DATA 	Keypress: 5
70.2778 	DATA 	TR 46 | TR1 23 | TR2 23
71.8443 	DATA 	Keypress: 5
71.8443 	DATA 	TR 47 | TR1 24 | TR2 23
73.3943 	DATA 	Keypress: 5
73.3943 	DATA 	TR 48 | TR1 24 | TR2 24
74.9607 	DATA 	Keypress: 5
74.9608 	DATA 	TR 49 | TR1 25 | TR2 24
76.5105 	DATA 	Keypress: 5
76.5106 	DATA 	TR 50 | TR1 25 | TR2 25
78.0937 	DATA 	Keypress: 5
78.0938 	DATA 	TR 51 | TR1 26 | TR2 25
79.6436 	DATA 	Keypress: 5
79.6436 	DATA 	TR 52 | TR1 26 | TR2 26
81.2102 	DATA 	Keypress: 5
81.2103 	DATA 	TR 53 | TR1 27 | TR2 26
82.7599 	DATA 	Keypress: 5
82.7600 	DATA 	TR 54 | TR1 27 | TR2 27
84.3433 	DATA 	Keypress: 5
84.3433 	DATA 	TR 55 | TR1 28 | TR2 27
85.8930 	DATA 	Keypress: 5
85.8930 	DATA 	TR 56 | TR1 28 | TR2 28
87.4595 	DATA 	Keypress: 5
87.4596 	DATA 	TR 57 | TR1 29 | TR2 28
88.1428 	DATA 	
88.1428 	DATA 	Trial complete
88.1428 	DATA 	Waiting for VASO trigger to start next trial
88.1428 	DATA 	
89.0094 	DATA 	Keypress: 5
89.0094 	DATA 	TR 58 | TR1 29 | TR2 29
90.5765 	DATA 	Keypress: 5
90.5925 	DATA 	Waited 2.4497358798980713 seconds for trigger
90.5933 	DATA 	
90.5933 	DATA 	Trial 3
90.5933 	DATA 	stimDur = 24.0
90.5933 	DATA 	jitter = 2.35575
90.5933 	DATA 	restDur = 40.0

90.5933 	DATA 	
90.5933 	DATA 	TR 59 | TR1 30 | TR2 29
91.2092 	DATA 	Target presented
91.7258 	DATA 	Keypress: 1
91.7259 	DATA 	Key1 pressed
91.7259 	DATA 	Target detected
92.1424 	DATA 	Keypress: 5
92.1424 	DATA 	TR 60 | TR1 30 | TR2 30
92.9590 	DATA 	
92.9590 	DATA 	stimulation started
92.9590 	DATA 	
93.7090 	DATA 	Keypress: 5
93.7091 	DATA 	TR 61 | TR1 31 | TR2 30
95.2588 	DATA 	Keypress: 5
95.2589 	DATA 	TR 62 | TR1 31 | TR2 31
96.8254 	DATA 	Keypress: 5
96.8255 	DATA 	TR 63 | TR1 32 | TR2 31
98.3754 	DATA 	Keypress: 5
98.3755 	DATA 	TR 64 | TR1 32 | TR2 32
99.9585 	DATA 	Keypress: 5
99.9585 	DATA 	TR 65 | TR1 33 | TR2 32
101.5083 	DATA 	Keypress: 5
101.5083 	DATA 	TR 66 | TR1 33 | TR2 33
103.0748 	DATA 	Keypress: 5
103.0749 	DATA 	TR 67 | TR1 34 | TR2 33
104.6247 	DATA 	Keypress: 5
104.6247 	DATA 	TR 68 | TR1 34 | TR2 34
106.2079 	DATA 	Keypress: 5
106.2079 	DATA 	TR 69 | TR1 35 | TR2 34
107.7577 	DATA 	Keypress: 5
107.7578 	DATA 	TR 70 | TR1 35 | TR2 35
109.3243 	DATA 	Keypress: 5
109.3243 	DATA 	TR 71 | TR1 36 | TR2 35
110.8741 	DATA 	Keypress: 5
110.8742 	DATA 	TR 72 | TR1 36 | TR2 36
112.4406 	DATA 	Keypress: 5
112.4407 	DATA 	TR 73 | TR1 37 | TR2 36
113.9912 	DATA 	Keypress: 5
114.0072 	DATA 	TR 74 | TR1 37 | TR2 37
115.5737 	DATA 	Keypress: 5
115.5738 	DATA 	TR 75 | TR1 38 | TR2 37
116.9569 	DATA 	
116.9569 	DATA 	stimulation stopped
116.9569 	DATA 	
117.1235 	DATA 	Keypress: 5
117.1235 	DATA 	TR 76 | TR1 38 | TR2 38
118.6902 	DATA 	Keypress: 5
118.6902 	DATA 	TR 77 | TR1 39 | TR2 38
120.2398 	DATA 	Keypress: 5
120.2399 	DATA 	TR 78 | TR1 39 | TR2 39
121.8231 	DATA 	Keypress: 5
121.8231 	DATA 	TR 79 | TR1 40 | TR2 39
123.3729 	DATA 	Keypress: 5
123.3729 	DATA 	TR 80 | TR1 40 | TR2 40
124.9394 	DATA 	Keypress: 5
124.9395 	DATA 	TR 81 | TR1 41 | TR2 40
126.4893 	DATA 	Keypress: 5
126.4893 	DATA 	TR 82 | TR1 41 | TR2 41
128.0558 	DATA 	Keypress: 5
128.0559 	DATA 	TR 83 | TR1 42 | TR2 41
129.6223 	DATA 	Keypress: 5
129.6223 	DATA 	TR 84 | TR1 42 | TR2 42
131.1889 	DATA 	Keypress: 5
131.1889 	DATA 	TR 85 | TR1 43 | TR2 42
132.7387 	DATA 	Keypress: 5
132.7388 	DATA 	TR 86 | TR1 43 | TR2 43
134.3053 	DATA 	Keypress: 5
134.3053 	DATA 	TR 87 | TR1 44 | TR2 43
135.8551 	DATA 	Keypress: 5
135.8552 	DATA 	TR 88 | TR1 44 | TR2 44
137.4383 	DATA 	Keypress: 5
137.4383 	DATA 	TR 89 | TR1 45 | TR2 44
138.9882 	DATA 	Keypress: 5
138.9882 	DATA 	TR 90 | TR1 45 | TR2 45
140.5547 	DATA 	Keypress: 5
140.5547 	DATA 	TR 91 | TR1 46 | TR2 45
142.1045 	DATA 	Keypress: 5
142.1046 	DATA 	TR 92 | TR1 46 | TR2 46
143.6877 	DATA 	Keypress: 5
143.6878 	DATA 	TR 93 | TR1 47 | TR2 46
145.2376 	DATA 	Keypress: 5
145.2376 	DATA 	TR 94 | TR1 47 | TR2 47
146.8041 	DATA 	Keypress: 5
146.8042 	DATA 	TR 95 | TR1 48 | TR2 47
148.1873 	DATA 	Target presented
148.3540 	DATA 	Keypress: 5
148.3540 	DATA 	TR 96 | TR1 48 | TR2 48
148.6872 	DATA 	Keypress: 1
148.6873 	DATA 	Key1 pressed
148.6873 	DATA 	Target detected
149.9205 	DATA 	Keypress: 5
149.9205 	DATA 	TR 97 | TR1 49 | TR2 48
151.4870 	DATA 	Keypress: 5
151.4870 	DATA 	TR 98 | TR1 49 | TR2 49
153.0536 	DATA 	Keypress: 5
153.0536 	DATA 	TR 99 | TR1 50 | TR2 49
154.6034 	DATA 	Keypress: 5
154.6034 	DATA 	TR 100 | TR1 50 | TR2 50
156.1700 	DATA 	Keypress: 5
156.1700 	DATA 	TR 101 | TR1 51 | TR2 50
156.9531 	DATA 	
156.9531 	DATA 	Trial complete
156.9532 	DATA 	Waiting for VASO trigger to start next trial
156.9532 	DATA 	
157.7199 	DATA 	Keypress: 5
157.7199 	DATA 	TR 102 | TR1 51 | TR2 51
159.3030 	DATA 	Keypress: 5
159.3031 	DATA 	Waited 2.349890947341919 seconds for trigger
159.3038 	DATA 	
159.3038 	DATA 	Trial 4
159.3038 	DATA 	stimDur = 4.0
159.3039 	DATA 	jitter = 2.35575
159.3039 	DATA 	restDur = 24.0

159.3039 	DATA 	
159.3039 	DATA 	TR 103 | TR1 52 | TR2 51
160.8528 	DATA 	Keypress: 5
160.8529 	DATA 	TR 104 | TR1 52 | TR2 52
161.6692 	DATA 	
161.6692 	DATA 	stimulation started
161.6692 	DATA 	
162.4194 	DATA 	Keypress: 5
162.4195 	DATA 	TR 105 | TR1 53 | TR2 52
163.9693 	DATA 	Keypress: 5
163.9693 	DATA 	TR 106 | TR1 53 | TR2 53
165.5365 	DATA 	Keypress: 5
165.5524 	DATA 	TR 107 | TR1 54 | TR2 53
165.6693 	DATA 	
165.6693 	DATA 	stimulation stopped
165.6693 	DATA 	
167.1023 	DATA 	Keypress: 5
167.1023 	DATA 	TR 108 | TR1 54 | TR2 54
168.6688 	DATA 	Keypress: 5
168.6689 	DATA 	TR 109 | TR1 55 | TR2 54
170.2186 	DATA 	Keypress: 5
170.2187 	DATA 	TR 110 | TR1 55 | TR2 55
171.7852 	DATA 	Keypress: 5
171.7852 	DATA 	TR 111 | TR1 56 | TR2 55
173.3350 	DATA 	Keypress: 5
173.3350 	DATA 	TR 112 | TR1 56 | TR2 56
174.9182 	DATA 	Keypress: 5
174.9182 	DATA 	TR 113 | TR1 57 | TR2 56
176.4681 	DATA 	Keypress: 5
176.4681 	DATA 	TR 114 | TR1 57 | TR2 57
178.0346 	DATA 	Keypress: 5
178.0347 	DATA 	TR 115 | TR1 58 | TR2 57
179.5844 	DATA 	Keypress: 5
179.5845 	DATA 	TR 116 | TR1 58 | TR2 58
181.1677 	DATA 	Keypress: 5
181.1677 	DATA 	TR 117 | TR1 59 | TR2 58
182.7175 	DATA 	Keypress: 5
182.7175 	DATA 	TR 118 | TR1 59 | TR2 59
184.2840 	DATA 	Keypress: 5
184.2841 	DATA 	TR 119 | TR1 60 | TR2 59
185.8339 	DATA 	Keypress: 5
185.8339 	DATA 	TR 120 | TR1 60 | TR2 60
187.4005 	DATA 	Keypress: 5
187.4006 	DATA 	TR 121 | TR1 61 | TR2 60
188.9669 	DATA 	Keypress: 5
188.9670 	DATA 	TR 122 | TR1 61 | TR2 61
189.6668 	DATA 	
189.6668 	DATA 	Trial complete
189.6669 	DATA 	Waiting for VASO trigger to start next trial
189.6669 	DATA 	
190.5335 	DATA 	Keypress: 5
190.5335 	DATA 	Waited 0.86667799949646 seconds for trigger
190.5343 	DATA 	
190.5343 	DATA 	Trial 5
190.5343 	DATA 	stimDur = 1.0
190.5343 	DATA 	jitter = 1.5705
190.5343 	DATA 	restDur = 20.0

190.5343 	DATA 	
190.5343 	DATA 	TR 123 | TR1 62 | TR2 61
192.0833 	DATA 	Keypress: 5
192.0834 	DATA 	TR 124 | TR1 62 | TR2 62
192.1166 	DATA 	
192.1166 	DATA 	stimulation started
192.1166 	DATA 	
193.1166 	DATA 	
193.1166 	DATA 	stimulation stopped
193.1166 	DATA 	
193.6499 	DATA 	Keypress: 5
193.6499 	DATA 	TR 125 | TR1 63 | TR2 62
195.1997 	DATA 	Keypress: 5
195.1997 	DATA 	TR 126 | TR1 63 | TR2 63
196.7829 	DATA 	Keypress: 5
196.7830 	DATA 	TR 127 | TR1 64 | TR2 63
198.3327 	DATA 	Keypress: 5
198.3328 	DATA 	TR 128 | TR1 64 | TR2 64
199.4326 	DATA 	Target presented
199.8994 	DATA 	Keypress: 1
199.8995 	DATA 	Keypress: 5
199.8995 	DATA 	Key1 pressed
199.8995 	DATA 	Target detected
199.8995 	DATA 	TR 129 | TR1 65 | TR2 64
201.4491 	DATA 	Keypress: 5
201.4492 	DATA 	TR 130 | TR1 65 | TR2 65
203.0323 	DATA 	Keypress: 5
203.0324 	DATA 	TR 131 | TR1 66 | TR2 65
204.5822 	DATA 	Keypress: 5
204.5822 	DATA 	TR 132 | TR1 66 | TR2 66
206.1487 	DATA 	Keypress: 5
206.1488 	DATA 	TR 133 | TR1 67 | TR2 66
207.6986 	DATA 	Keypress: 5
207.6986 	DATA 	TR 134 | TR1 67 | TR2 67
209.2650 	DATA 	Keypress: 5
209.2651 	DATA 	TR 135 | TR1 68 | TR2 67
210.8155 	DATA 	Keypress: 5
210.8316 	DATA 	TR 136 | TR1 68 | TR2 68
212.3981 	DATA 	Keypress: 5
212.3982 	DATA 	TR 137 | TR1 69 | TR2 68
213.1147 	DATA 	
213.1147 	DATA 	Trial complete
213.1147 	DATA 	Waiting for VASO trigger to start next trial
213.1147 	DATA 	
213.9480 	DATA 	Keypress: 5
213.9480 	DATA 	TR 138 | TR1 69 | TR2 69
215.5145 	DATA 	Keypress: 5
215.5146 	DATA 	Waited 2.3998758792877197 seconds for trigger
215.5154 	DATA 	
215.5154 	DATA 	Trial 6
215.5154 	DATA 	stimDur = 1.0
215.5154 	DATA 	jitter = 0.78525
215.5154 	DATA 	restDur = 20.0

215.5154 	DATA 	
215.5154 	DATA 	TR 139 | TR1 70 | TR2 69
216.3144 	DATA 	
216.3144 	DATA 	stimulation started
216.3144 	DATA 	
217.0644 	DATA 	Keypress: 5
217.0645 	DATA 	TR 140 | TR1 70 | TR2 70
217.3144 	DATA 	
217.3144 	DATA 	stimulation stopped
217.3144 	DATA 	
218.6476 	DATA 	Keypress: 5
218.6476 	DATA 	TR 141 | TR1 71 | TR2 70
220.1974 	DATA 	Keypress: 5
220.1975 	DATA 	TR 142 | TR1 71 | TR2 71
221.7640 	DATA 	Keypress: 5
221.7640 	DATA 	TR 143 | TR1 72 | TR2 71
223.3138 	DATA 	Keypress: 5
223.3139 	DATA 	TR 144 | TR1 72 | TR2 72
224.8809 	DATA 	Keypress: 5
224.8969 	DATA 	TR 145 | TR1 73 | TR2 72
226.4468 	DATA 	Keypress: 5
226.4469 	DATA 	TR 146 | TR1 73 | TR2 73
228.0134 	DATA 	Keypress: 5
228.0134 	DATA 	TR 147 | TR1 74 | TR2 73
229.5632 	DATA 	Keypress: 5
229.5633 	DATA 	TR 148 | TR1 74 | TR2 74
231.1298 	DATA 	Keypress: 5
231.1298 	DATA 	TR 149 | TR1 75 | TR2 74
232.6795 	DATA 	Keypress: 5
232.6796 	DATA 	TR 150 | TR1 75 | TR2 75
234.2628 	DATA 	Keypress: 5
234.2629 	DATA 	TR 151 | TR1 76 | TR2 75
235.8127 	DATA 	Keypress: 5
235.8127 	DATA 	TR 152 | TR1 76 | TR2 76
237.3125 	DATA 	
237.3125 	DATA 	Trial complete
237.3125 	DATA 	Waiting for VASO trigger to start next trial
237.3125 	DATA 	
237.3793 	DATA 	Keypress: 5
237.3793 	DATA 	Waited 0.06680107116699219 seconds for trigger
237.3801 	DATA 	
237.3801 	DATA 	Trial 7
237.3801 	DATA 	stimDur = 2.0
237.3801 	DATA 	jitter = 0.78525
237.3801 	DATA 	restDur = 22.0

237.3801 	DATA 	
237.3801 	DATA 	TR 153 | TR1 77 | TR2 76
238.1791 	DATA 	
238.1791 	DATA 	stimulation started
238.1791 	DATA 	
238.9291 	DATA 	Keypress: 5
238.9292 	DATA 	TR 154 | TR1 77 | TR2 77
240.1790 	DATA 	
240.1790 	DATA 	stimulation stopped
240.1790 	DATA 	
240.5123 	DATA 	Keypress: 5
240.5123 	DATA 	TR 155 | TR1 78 | TR2 77
242.0620 	DATA 	Keypress: 5
242.0621 	DATA 	TR 156 | TR1 78 | TR2 78
243.6286 	DATA 	Keypress: 5
243.6287 	DATA 	TR 157 | TR1 79 | TR2 78
245.1784 	DATA 	Keypress: 5
245.1785 	DATA 	TR 158 | TR1 79 | TR2 79
246.7450 	DATA 	Keypress: 5
246.7451 	DATA 	TR 159 | TR1 80 | TR2 79
248.3115 	DATA 	Keypress: 5
248.3115 	DATA 	TR 160 | TR1 80 | TR2 80
249.8781 	DATA 	Keypress: 5
249.8781 	DATA 	TR 161 | TR1 81 | TR2 80
251.4279 	DATA 	Keypress: 5
251.4279 	DATA 	TR 162 | TR1 81 | TR2 81
252.9944 	DATA 	Keypress: 5
252.9945 	DATA 	TR 163 | TR1 82 | TR2 81
254.5443 	DATA 	Keypress: 5
254.5443 	DATA 	TR 164 | TR1 82 | TR2 82
256.1275 	DATA 	Keypress: 5
256.1275 	DATA 	TR 165 | TR1 83 | TR2 82
257.6773 	DATA 	Keypress: 5
257.6774 	DATA 	TR 166 | TR1 83 | TR2 83
259.2439 	DATA 	Keypress: 5
259.2439 	DATA 	TR 167 | TR1 84 | TR2 83
260.7937 	DATA 	Keypress: 5
260.7938 	DATA 	TR 168 | TR1 84 | TR2 84
262.1769 	DATA 	
262.1769 	DATA 	Trial complete
262.1769 	DATA 	Waiting for VASO trigger to start next trial
262.1769 	DATA 	
262.3608 	DATA 	Keypress: 5
262.3769 	DATA 	Waited 0.19994711875915527 seconds for trigger
262.3776 	DATA 	
262.3776 	DATA 	Trial 8
262.3777 	DATA 	stimDur = 24.0
262.3777 	DATA 	jitter = 1.5705
262.3777 	DATA 	restDur = 40.0

262.3777 	DATA 	
262.3777 	DATA 	TR 169 | TR1 85 | TR2 84
263.9268 	DATA 	Keypress: 5
263.9268 	DATA 	TR 170 | TR1 85 | TR2 85
263.9601 	DATA 	
263.9601 	DATA 	stimulation started
263.9601 	DATA 	
265.4934 	DATA 	Keypress: 5
265.4934 	DATA 	TR 171 | TR1 86 | TR2 85
267.0432 	DATA 	Keypress: 5
267.0432 	DATA 	TR 172 | TR1 86 | TR2 86
268.0764 	DATA 	Target presented
268.6097 	DATA 	Keypress: 5
268.6098 	DATA 	TR 173 | TR1 87 | TR2 86
268.6430 	DATA 	Keypress: 1
268.6431 	DATA 	Key1 pressed
268.6431 	DATA 	Target detected
270.1597 	DATA 	Keypress: 5
270.1598 	DATA 	TR 174 | TR1 87 | TR2 87
271.7428 	DATA 	Keypress: 5
271.7429 	DATA 	TR 175 | TR1 88 | TR2 87
273.2926 	DATA 	Keypress: 5
273.2927 	DATA 	TR 176 | TR1 88 | TR2 88
274.8594 	DATA 	Keypress: 5
274.8594 	DATA 	TR 177 | TR1 89 | TR2 88
276.4090 	DATA 	Keypress: 5
276.4090 	DATA 	TR 178 | TR1 89 | TR2 89
277.9922 	DATA 	Keypress: 5
277.9923 	DATA 	TR 179 | TR1 90 | TR2 89
279.5421 	DATA 	Keypress: 5
279.5421 	DATA 	TR 180 | TR1 90 | TR2 90
281.1086 	DATA 	Keypress: 5
281.1087 	DATA 	TR 181 | TR1 91 | TR2 90
282.6584 	DATA 	Keypress: 5
282.6584 	DATA 	TR 182 | TR1 91 | TR2 91
284.2250 	DATA 	Keypress: 5
284.2250 	DATA 	TR 183 | TR1 92 | TR2 91
285.7915 	DATA 	Keypress: 5
285.7915 	DATA 	TR 184 | TR1 92 | TR2 92
287.3580 	DATA 	Keypress: 5
287.3580 	DATA 	TR 185 | TR1 93 | TR2 92
287.9579 	DATA 	
287.9579 	DATA 	stimulation stopped
287.9579 	DATA 	
288.9078 	DATA 	Keypress: 5
288.9078 	DATA 	TR 186 | TR1 93 | TR2 93
290.4743 	DATA 	Keypress: 5
290.4744 	DATA 	TR 187 | TR1 94 | TR2 93
292.0242 	DATA 	Keypress: 5
292.0242 	DATA 	TR 188 | TR1 94 | TR2 94
293.6074 	DATA 	Keypress: 5
293.6074 	DATA 	TR 189 | TR1 95 | TR2 94
295.1572 	DATA 	Keypress: 5
295.1573 	DATA 	TR 190 | TR1 95 | TR2 95
296.7238 	DATA 	Keypress: 5
296.7238 	DATA 	TR 191 | TR1 96 | TR2 95
298.2736 	DATA 	Keypress: 5
298.2737 	DATA 	TR 192 | TR1 96 | TR2 96
299.8568 	DATA 	Keypress: 5
299.8569 	DATA 	TR 193 | TR1 97 | TR2 96
301.4066 	DATA 	Keypress: 5
301.4067 	DATA 	TR 194 | TR1 97 | TR2 97
302.9732 	DATA 	Keypress: 5
302.9732 	DATA 	TR 195 | TR1 98 | TR2 97
304.5229 	DATA 	Keypress: 5
304.5230 	DATA 	TR 196 | TR1 98 | TR2 98
306.0896 	DATA 	Keypress: 5
306.0896 	DATA 	TR 197 | TR1 99 | TR2 98
307.6394 	DATA 	Keypress: 5
307.6395 	DATA 	TR 198 | TR1 99 | TR2 99
309.2226 	DATA 	Keypress: 5
309.2227 	DATA 	TR 199 | TR1 100 | TR2 99
310.7725 	DATA 	Keypress: 5
310.7725 	DATA 	TR 200 | TR1 100 | TR2 100
312.3390 	DATA 	Keypress: 5
312.3391 	DATA 	TR 201 | TR1 101 | TR2 100
313.8889 	DATA 	Keypress: 5
313.8889 	DATA 	TR 202 | TR1 101 | TR2 101
315.4721 	DATA 	Keypress: 5
315.4721 	DATA 	TR 203 | TR1 102 | TR2 101
317.0219 	DATA 	Keypress: 5
317.0220 	DATA 	TR 204 | TR1 102 | TR2 102
318.5884 	DATA 	Keypress: 5
318.5885 	DATA 	TR 205 | TR1 103 | TR2 102
320.1383 	DATA 	Keypress: 5
320.1383 	DATA 	TR 206 | TR1 103 | TR2 103
321.7048 	DATA 	Keypress: 5
321.7049 	DATA 	TR 207 | TR1 104 | TR2 103
323.2715 	DATA 	Keypress: 5
323.2715 	DATA 	TR 208 | TR1 104 | TR2 104
324.8379 	DATA 	Keypress: 5
324.8379 	DATA 	TR 209 | TR1 105 | TR2 104
326.3877 	DATA 	Keypress: 5
326.3877 	DATA 	TR 210 | TR1 105 | TR2 105
327.9543 	DATA 	Keypress: 5
327.9543 	DATA 	TR 211 | TR1 106 | TR2 105
327.9543 	DATA 	
327.9543 	DATA 	Trial complete
327.9543 	DATA 	Waiting for VASO trigger to start next trial
327.9544 	DATA 	
329.5038 	DATA 	Keypress: 5
329.5039 	DATA 	TR 212 | TR1 106 | TR2 106
331.0873 	DATA 	Keypress: 5
331.0873 	DATA 	Waited 3.132983922958374 seconds for trigger
331.0881 	DATA 	
331.0881 	DATA 	Trial 9
331.0881 	DATA 	stimDur = 12.0
331.0881 	DATA 	jitter = 0.78525
331.0881 	DATA 	restDur = 30.0

331.0881 	DATA 	
331.0881 	DATA 	TR 213 | TR1 107 | TR2 106
331.8872 	DATA 	
331.8872 	DATA 	stimulation started
331.8872 	DATA 	
332.6372 	DATA 	Keypress: 5
332.6373 	DATA 	TR 214 | TR1 107 | TR2 107
332.7539 	DATA 	Target presented
333.2538 	DATA 	Keypress: 1
333.2539 	DATA 	Key1 pressed
333.2539 	DATA 	Target detected
334.2037 	DATA 	Keypress: 5
334.2038 	DATA 	TR 215 | TR1 108 | TR2 107
335.7536 	DATA 	Keypress: 5
335.7536 	DATA 	TR 216 | TR1 108 | TR2 108
337.3368 	DATA 	Keypress: 5
337.3368 	DATA 	TR 217 | TR1 109 | TR2 108
338.8867 	DATA 	Keypress: 5
338.8867 	DATA 	TR 218 | TR1 109 | TR2 109
340.4531 	DATA 	Keypress: 5
340.4532 	DATA 	TR 219 | TR1 110 | TR2 109
342.0030 	DATA 	Keypress: 5
342.0031 	DATA 	TR 220 | TR1 110 | TR2 110
343.5695 	DATA 	Keypress: 5
343.5696 	DATA 	TR 221 | TR1 111 | TR2 110
343.8863 	DATA 	
343.8863 	DATA 	stimulation stopped
343.8863 	DATA 	
345.1199 	DATA 	Keypress: 5
345.1360 	DATA 	TR 222 | TR1 111 | TR2 111
346.7025 	DATA 	Keypress: 5
346.7026 	DATA 	TR 223 | TR1 112 | TR2 111
348.2524 	DATA 	Keypress: 5
348.2524 	DATA 	TR 224 | TR1 112 | TR2 112
349.8189 	DATA 	Keypress: 5
349.8189 	DATA 	TR 225 | TR1 113 | TR2 112
351.3688 	DATA 	Keypress: 5
351.3688 	DATA 	TR 226 | TR1 113 | TR2 113
352.9519 	DATA 	Keypress: 5
352.9520 	DATA 	TR 227 | TR1 114 | TR2 113
354.5018 	DATA 	Keypress: 5
354.5019 	DATA 	TR 228 | TR1 114 | TR2 114
356.0683 	DATA 	Keypress: 5
356.0684 	DATA 	TR 229 | TR1 115 | TR2 114
357.6184 	DATA 	Keypress: 5
357.6184 	DATA 	TR 230 | TR1 115 | TR2 115
359.1853 	DATA 	Keypress: 5
359.2013 	DATA 	TR 231 | TR1 116 | TR2 115
360.7512 	DATA 	Keypress: 5
360.7513 	DATA 	TR 232 | TR1 116 | TR2 116
362.3178 	DATA 	Keypress: 5
362.3178 	DATA 	TR 233 | TR1 117 | TR2 116
363.8676 	DATA 	Keypress: 5
363.8677 	DATA 	TR 234 | TR1 117 | TR2 117
365.4341 	DATA 	Keypress: 5
365.4342 	DATA 	TR 235 | TR1 118 | TR2 117
366.9840 	DATA 	Keypress: 5
366.9841 	DATA 	TR 236 | TR1 118 | TR2 118
368.5672 	DATA 	Keypress: 5
368.5672 	DATA 	TR 237 | TR1 119 | TR2 118
370.1171 	DATA 	Keypress: 5
370.1171 	DATA 	TR 238 | TR1 119 | TR2 119
371.6836 	DATA 	Keypress: 5
371.6836 	DATA 	TR 239 | TR1 120 | TR2 119
373.2334 	DATA 	Keypress: 5
373.2335 	DATA 	TR 240 | TR1 120 | TR2 120
373.8833 	DATA 	
373.8833 	DATA 	Trial complete
373.8833 	DATA 	Waiting for VASO trigger to start next trial
373.8833 	DATA 	
374.8166 	DATA 	Keypress: 5
374.8167 	DATA 	Waited 0.9333078861236572 seconds for trigger
374.8174 	DATA 	
374.8174 	DATA 	Trial 10
374.8174 	DATA 	stimDur = 12.0
374.8174 	DATA 	jitter = 0.0
374.8174 	DATA 	restDur = 30.0

374.8175 	DATA 	
374.8175 	DATA 	TR 241 | TR1 121 | TR2 120
374.8175 	DATA 	
374.8175 	DATA 	stimulation started
374.8175 	DATA 	
376.3666 	DATA 	Keypress: 5
376.3666 	DATA 	TR 242 | TR1 121 | TR2 121
377.9330 	DATA 	Keypress: 5
377.9331 	DATA 	TR 243 | TR1 122 | TR2 121
379.4829 	DATA 	Keypress: 5
379.4830 	DATA 	TR 244 | TR1 122 | TR2 122
381.0495 	DATA 	Keypress: 5
381.0496 	DATA 	TR 245 | TR1 123 | TR2 122
382.6160 	DATA 	Keypress: 5
382.6160 	DATA 	TR 246 | TR1 123 | TR2 123
384.1825 	DATA 	Keypress: 5
384.1825 	DATA 	TR 247 | TR1 124 | TR2 123
385.7324 	DATA 	Keypress: 5
385.7324 	DATA 	TR 248 | TR1 124 | TR2 124
386.8322 	DATA 	
386.8322 	DATA 	stimulation stopped
386.8322 	DATA 	
387.2988 	DATA 	Keypress: 5
387.2989 	DATA 	TR 249 | TR1 125 | TR2 124
388.8487 	DATA 	Keypress: 5
388.8487 	DATA 	TR 250 | TR1 125 | TR2 125
390.4319 	DATA 	Keypress: 5
390.4319 	DATA 	TR 251 | TR1 126 | TR2 125
391.9817 	DATA 	Keypress: 5
391.9818 	DATA 	TR 252 | TR1 126 | TR2 126
393.5482 	DATA 	Keypress: 5
393.5482 	DATA 	TR 253 | TR1 127 | TR2 126
394.1482 	DATA 	Target presented
394.8481 	DATA 	Keypress: 1
394.8482 	DATA 	Key1 pressed
394.8482 	DATA 	Target detected
395.0981 	DATA 	Keypress: 5
395.0982 	DATA 	TR 254 | TR1 127 | TR2 127
396.6652 	DATA 	Keypress: 5
396.6812 	DATA 	TR 255 | TR1 128 | TR2 127
398.2312 	DATA 	Keypress: 5
398.2312 	DATA 	TR 256 | TR1 128 | TR2 128
399.7977 	DATA 	Keypress: 5
399.7977 	DATA 	TR 257 | TR1 129 | TR2 128
401.3475 	DATA 	Keypress: 5
401.3476 	DATA 	TR 258 | TR1 129 | TR2 129
402.9140 	DATA 	Keypress: 5
402.9141 	DATA 	TR 259 | TR1 130 | TR2 129
404.4645 	DATA 	Keypress: 5
404.4805 	DATA 	TR 260 | TR1 130 | TR2 130
406.0471 	DATA 	Keypress: 5
406.0472 	DATA 	TR 261 | TR1 131 | TR2 130
407.5970 	DATA 	Keypress: 5
407.5970 	DATA 	TR 262 | TR1 131 | TR2 131
409.1634 	DATA 	Keypress: 5
409.1635 	DATA 	TR 263 | TR1 132 | TR2 131
410.7133 	DATA 	Keypress: 5
410.7134 	DATA 	TR 264 | TR1 132 | TR2 132
412.2965 	DATA 	Keypress: 5
412.2966 	DATA 	TR 265 | TR1 133 | TR2 132
413.8464 	DATA 	Keypress: 5
413.8464 	DATA 	TR 266 | TR1 133 | TR2 133
415.4129 	DATA 	Keypress: 5
415.4129 	DATA 	TR 267 | TR1 134 | TR2 133
416.8294 	DATA 	
416.8294 	DATA 	Trial complete
416.8294 	DATA 	Waiting for VASO trigger to start next trial
416.8294 	DATA 	
416.9628 	DATA 	Keypress: 5
416.9628 	DATA 	TR 268 | TR1 134 | TR2 134
418.5292 	DATA 	Keypress: 5
418.5293 	DATA 	Waited 1.6998870372772217 seconds for trigger
418.5301 	DATA 	
418.5301 	DATA 	Trial 11
418.5301 	DATA 	stimDur = 1.0
418.5301 	DATA 	jitter = 0.0
418.5301 	DATA 	restDur = 20.0

418.5301 	DATA 	
418.5301 	DATA 	TR 269 | TR1 135 | TR2 134
418.5301 	DATA 	
418.5301 	DATA 	stimulation started
418.5301 	DATA 	
419.5459 	DATA 	
419.5459 	DATA 	stimulation stopped
419.5459 	DATA 	
420.0798 	DATA 	Keypress: 5
420.0957 	DATA 	TR 270 | TR1 135 | TR2 135
421.6623 	DATA 	Keypress: 5
421.6624 	DATA 	TR 271 | TR1 136 | TR2 135
423.2122 	DATA 	Keypress: 5
423.2122 	DATA 	TR 272 | TR1 136 | TR2 136
424.7787 	DATA 	Keypress: 5
424.7787 	DATA 	TR 273 | TR1 137 | TR2 136
426.3286 	DATA 	Keypress: 5
426.3286 	DATA 	TR 274 | TR1 137 | TR2 137
427.9117 	DATA 	Keypress: 5
427.9118 	DATA 	TR 275 | TR1 138 | TR2 137
429.4618 	DATA 	Keypress: 5
429.4618 	DATA 	TR 276 | TR1 138 | TR2 138
431.0281 	DATA 	Keypress: 5
431.0282 	DATA 	TR 277 | TR1 139 | TR2 138
432.5782 	DATA 	Keypress: 5
432.5783 	DATA 	TR 278 | TR1 139 | TR2 139
434.1612 	DATA 	Keypress: 5
434.1612 	DATA 	TR 279 | TR1 140 | TR2 139
435.7111 	DATA 	Keypress: 5
435.7111 	DATA 	TR 280 | TR1 140 | TR2 140
437.2775 	DATA 	Keypress: 5
437.2776 	DATA 	TR 281 | TR1 141 | TR2 140
437.8942 	DATA 	Target presented
438.8274 	DATA 	Keypress: 5
438.8275 	DATA 	TR 282 | TR1 141 | TR2 141
439.5440 	DATA 	
439.5440 	DATA 	Trial complete
439.5440 	DATA 	Waiting for VASO trigger to start next trial
439.5440 	DATA 	
440.3940 	DATA 	Keypress: 5
440.3941 	DATA 	Waited 0.8500580787658691 seconds for trigger
440.3948 	DATA 	
440.3948 	DATA 	Trial 12
440.3948 	DATA 	stimDur = 2.0
440.3948 	DATA 	jitter = 2.35575
440.3948 	DATA 	restDur = 22.0

440.3948 	DATA 	
440.3949 	DATA 	TR 283 | TR1 142 | TR2 141
441.9439 	DATA 	Keypress: 5
441.9440 	DATA 	TR 284 | TR1 142 | TR2 142
442.7604 	DATA 	
442.7604 	DATA 	stimulation started
442.7604 	DATA 	
443.5270 	DATA 	Keypress: 5
443.5271 	DATA 	TR 285 | TR1 143 | TR2 142
444.7602 	DATA 	
444.7602 	DATA 	stimulation stopped
444.7602 	DATA 	
445.0769 	DATA 	Keypress: 5
445.0769 	DATA 	TR 286 | TR1 143 | TR2 143
446.6436 	DATA 	Keypress: 5
446.6436 	DATA 	TR 287 | TR1 144 | TR2 143
448.1932 	DATA 	Keypress: 5
448.1933 	DATA 	TR 288 | TR1 144 | TR2 144
449.7764 	DATA 	Keypress: 5
449.7764 	DATA 	TR 289 | TR1 145 | TR2 144
451.3263 	DATA 	Keypress: 5
451.3263 	DATA 	TR 290 | TR1 145 | TR2 145
452.8928 	DATA 	Keypress: 5
452.8928 	DATA 	TR 291 | TR1 146 | TR2 145
454.4427 	DATA 	Keypress: 5
454.4427 	DATA 	TR 292 | TR1 146 | TR2 146
456.0098 	DATA 	Keypress: 5
456.0258 	DATA 	TR 293 | TR1 147 | TR2 146
457.5757 	DATA 	Keypress: 5
457.5758 	DATA 	TR 294 | TR1 147 | TR2 147
459.1422 	DATA 	Keypress: 5
459.1423 	DATA 	TR 295 | TR1 148 | TR2 147
460.6921 	DATA 	Keypress: 5
460.6921 	DATA 	TR 296 | TR1 148 | TR2 148
462.2586 	DATA 	Keypress: 5
462.2586 	DATA 	TR 297 | TR1 149 | TR2 148
463.8085 	DATA 	Keypress: 5
463.8086 	DATA 	TR 298 | TR1 149 | TR2 149
465.3916 	DATA 	Keypress: 5
465.3917 	DATA 	TR 299 | TR1 150 | TR2 149
466.7582 	DATA 	
466.7582 	DATA 	Trial complete
466.7582 	DATA 	Waiting for VASO trigger to start next trial
466.7582 	DATA 	
466.9415 	DATA 	Keypress: 5
466.9416 	DATA 	TR 300 | TR1 150 | TR2 150
468.5080 	DATA 	Keypress: 5
468.5081 	DATA 	Waited 1.7498888969421387 seconds for trigger
468.5089 	DATA 	
468.5089 	DATA 	Trial 13
468.5089 	DATA 	stimDur = 4.0
468.5089 	DATA 	jitter = 1.5705
468.5089 	DATA 	restDur = 24.0

468.5089 	DATA 	
468.5089 	DATA 	TR 301 | TR1 151 | TR2 150
470.0579 	DATA 	Keypress: 5
470.0580 	DATA 	TR 302 | TR1 151 | TR2 151
470.0912 	DATA 	
470.0912 	DATA 	stimulation started
470.0912 	DATA 	
471.6411 	DATA 	Keypress: 5
471.6412 	DATA 	TR 303 | TR1 152 | TR2 151
473.1910 	DATA 	Keypress: 5
473.1911 	DATA 	TR 304 | TR1 152 | TR2 152
474.0908 	DATA 	
474.0909 	DATA 	stimulation stopped
474.0909 	DATA 	
474.7575 	DATA 	Keypress: 5
474.7575 	DATA 	TR 305 | TR1 153 | TR2 152
476.3073 	DATA 	Keypress: 5
476.3074 	DATA 	TR 306 | TR1 153 | TR2 153
477.8738 	DATA 	Keypress: 5
477.8739 	DATA 	TR 307 | TR1 154 | TR2 153
479.4243 	DATA 	Keypress: 5
479.4403 	DATA 	TR 308 | TR1 154 | TR2 154
481.0069 	DATA 	Keypress: 5
481.0069 	DATA 	TR 309 | TR1 155 | TR2 154
482.5568 	DATA 	Keypress: 5
482.5568 	DATA 	TR 310 | TR1 155 | TR2 155
484.1233 	DATA 	Keypress: 5
484.1233 	DATA 	TR 311 | TR1 156 | TR2 155
485.6732 	DATA 	Keypress: 5
485.6732 	DATA 	TR 312 | TR1 156 | TR2 156
487.2563 	DATA 	Keypress: 5
487.2563 	DATA 	TR 313 | TR1 157 | TR2 156
488.8062 	DATA 	Keypress: 5
488.8062 	DATA 	TR 314 | TR1 157 | TR2 157
490.3727 	DATA 	Keypress: 5
490.3727 	DATA 	TR 315 | TR1 158 | TR2 157
491.9226 	DATA 	Keypress: 5
491.9226 	DATA 	TR 316 | TR1 158 | TR2 158
493.5057 	DATA 	Keypress: 5
493.5058 	DATA 	TR 317 | TR1 159 | TR2 158
495.0556 	DATA 	Keypress: 5
495.0557 	DATA 	TR 318 | TR1 159 | TR2 159
496.6221 	DATA 	Keypress: 5
496.6222 	DATA 	TR 319 | TR1 160 | TR2 159
498.0886 	DATA 	
498.0886 	DATA 	Trial complete
498.0886 	DATA 	Waiting for VASO trigger to start next trial
498.0886 	DATA 	
498.1720 	DATA 	Keypress: 5
498.1721 	DATA 	TR 320 | TR1 160 | TR2 160
499.7385 	DATA 	Keypress: 5
499.7386 	DATA 	Waited 1.6499278545379639 seconds for trigger
499.7393 	DATA 	
499.7394 	DATA 	Trial 14
499.7394 	DATA 	stimDur = 24.0
499.7394 	DATA 	jitter = 0.78525
499.7394 	DATA 	restDur = 40.0

499.7394 	DATA 	
499.7394 	DATA 	TR 321 | TR1 161 | TR2 160
500.5384 	DATA 	
500.5384 	DATA 	stimulation started
500.5384 	DATA 	
501.2884 	DATA 	Keypress: 5
501.2885 	DATA 	TR 322 | TR1 161 | TR2 161
502.8718 	DATA 	Keypress: 5
502.8718 	DATA 	TR 323 | TR1 162 | TR2 161
504.4215 	DATA 	Keypress: 5
504.4215 	DATA 	TR 324 | TR1 162 | TR2 162
505.9880 	DATA 	Keypress: 5
505.9880 	DATA 	TR 325 | TR1 163 | TR2 162
507.5379 	DATA 	Keypress: 5
507.5379 	DATA 	TR 326 | TR1 163 | TR2 163
509.1210 	DATA 	Keypress: 5
509.1211 	DATA 	TR 327 | TR1 164 | TR2 163
509.7043 	DATA 	Target presented
510.3209 	DATA 	Keypress: 1
510.3210 	DATA 	Key1 pressed
510.3210 	DATA 	Target detected
510.6709 	DATA 	Keypress: 5
510.6709 	DATA 	TR 328 | TR1 164 | TR2 164
512.2374 	DATA 	Keypress: 5
512.2375 	DATA 	TR 329 | TR1 165 | TR2 164
513.7873 	DATA 	Keypress: 5
513.7873 	DATA 	TR 330 | TR1 165 | TR2 165
515.3538 	DATA 	Keypress: 5
515.3538 	DATA 	TR 331 | TR1 166 | TR2 165
516.9204 	DATA 	Keypress: 5
516.9204 	DATA 	TR 332 | TR1 166 | TR2 166
518.4869 	DATA 	Keypress: 5
518.4869 	DATA 	TR 333 | TR1 167 | TR2 166
520.0367 	DATA 	Keypress: 5
520.0368 	DATA 	TR 334 | TR1 167 | TR2 167
521.6032 	DATA 	Keypress: 5
521.6033 	DATA 	TR 335 | TR1 168 | TR2 167
523.1531 	DATA 	Keypress: 5
523.1532 	DATA 	TR 336 | TR1 168 | TR2 168
524.5363 	DATA 	
524.5363 	DATA 	stimulation stopped
524.5363 	DATA 	
524.7362 	DATA 	Keypress: 5
524.7363 	DATA 	TR 337 | TR1 169 | TR2 168
526.2861 	DATA 	Keypress: 5
526.2862 	DATA 	TR 338 | TR1 169 | TR2 169
527.8526 	DATA 	Keypress: 5
527.8526 	DATA 	TR 339 | TR1 170 | TR2 169
529.4025 	DATA 	Keypress: 5
529.4025 	DATA 	TR 340 | TR1 170 | TR2 170
530.9696 	DATA 	Keypress: 5
530.9856 	DATA 	TR 341 | TR1 171 | TR2 170
532.5355 	DATA 	Keypress: 5
532.5356 	DATA 	TR 342 | TR1 171 | TR2 171
534.1020 	DATA 	Keypress: 5
534.1021 	DATA 	TR 343 | TR1 172 | TR2 171
535.6519 	DATA 	Keypress: 5
535.6520 	DATA 	TR 344 | TR1 172 | TR2 172
537.2184 	DATA 	Keypress: 5
537.2185 	DATA 	TR 345 | TR1 173 | TR2 172
538.7684 	DATA 	Keypress: 5
538.7684 	DATA 	TR 346 | TR1 173 | TR2 173
540.3514 	DATA 	Keypress: 5
540.3515 	DATA 	TR 347 | TR1 174 | TR2 173
541.9013 	DATA 	Keypress: 5
541.9014 	DATA 	TR 348 | TR1 174 | TR2 174
543.4678 	DATA 	Keypress: 5
543.4679 	DATA 	TR 349 | TR1 175 | TR2 174
545.0177 	DATA 	Keypress: 5
545.0178 	DATA 	TR 350 | TR1 175 | TR2 175
546.6009 	DATA 	Keypress: 5
546.6009 	DATA 	TR 351 | TR1 176 | TR2 175
548.1508 	DATA 	Keypress: 5
548.1508 	DATA 	TR 352 | TR1 176 | TR2 176
549.7172 	DATA 	Keypress: 5
549.7173 	DATA 	TR 353 | TR1 177 | TR2 176
551.2671 	DATA 	Keypress: 5
551.2672 	DATA 	TR 354 | TR1 177 | TR2 177
551.3838 	DATA 	Target presented
551.7834 	DATA 	Keypress: 1
551.7835 	DATA 	Key1 pressed
551.7835 	DATA 	Target detected
552.8336 	DATA 	Keypress: 5
552.8337 	DATA 	TR 355 | TR1 178 | TR2 177
554.4002 	DATA 	Keypress: 5
554.4002 	DATA 	TR 356 | TR1 178 | TR2 178
555.9667 	DATA 	Keypress: 5
555.9667 	DATA 	TR 357 | TR1 179 | TR2 178
557.5166 	DATA 	Keypress: 5
557.5166 	DATA 	TR 358 | TR1 179 | TR2 179
559.0830 	DATA 	Keypress: 5
559.0831 	DATA 	TR 359 | TR1 180 | TR2 179
560.6330 	DATA 	Keypress: 5
560.6330 	DATA 	TR 360 | TR1 180 | TR2 180
562.2161 	DATA 	Keypress: 5
562.2162 	DATA 	TR 361 | TR1 181 | TR2 180
563.7660 	DATA 	Keypress: 5
563.7661 	DATA 	TR 362 | TR1 181 | TR2 181
564.5325 	DATA 	
564.5325 	DATA 	Trial complete
564.5325 	DATA 	Waiting for VASO trigger to start next trial
564.5325 	DATA 	
565.3325 	DATA 	Keypress: 5
565.3325 	DATA 	Waited 0.7999811172485352 seconds for trigger
565.3333 	DATA 	
565.3333 	DATA 	Trial 15
565.3333 	DATA 	stimDur = 12.0
565.3333 	DATA 	jitter = 1.5705
565.3333 	DATA 	restDur = 30.0

565.3333 	DATA 	
565.3333 	DATA 	TR 363 | TR1 182 | TR2 181
566.8824 	DATA 	Keypress: 5
566.8824 	DATA 	TR 364 | TR1 182 | TR2 182
566.9156 	DATA 	
566.9156 	DATA 	stimulation started
566.9156 	DATA 	
568.4656 	DATA 	Keypress: 5
568.4657 	DATA 	TR 365 | TR1 183 | TR2 182
570.0154 	DATA 	Keypress: 5
570.0155 	DATA 	TR 366 | TR1 183 | TR2 183
571.5820 	DATA 	Keypress: 5
571.5820 	DATA 	TR 367 | TR1 184 | TR2 183
573.1318 	DATA 	Keypress: 5
573.1318 	DATA 	TR 368 | TR1 184 | TR2 184
574.6985 	DATA 	Keypress: 5
574.6985 	DATA 	TR 369 | TR1 185 | TR2 184
576.2482 	DATA 	Keypress: 5
576.2483 	DATA 	TR 370 | TR1 185 | TR2 185
577.8314 	DATA 	Keypress: 5
577.8315 	DATA 	TR 371 | TR1 186 | TR2 185
578.9146 	DATA 	
578.9146 	DATA 	stimulation stopped
578.9146 	DATA 	
579.3812 	DATA 	Keypress: 5
579.3812 	DATA 	TR 372 | TR1 186 | TR2 186
580.9477 	DATA 	Keypress: 5
580.9478 	DATA 	TR 373 | TR1 187 | TR2 186
582.4976 	DATA 	Keypress: 5
582.4976 	DATA 	TR 374 | TR1 187 | TR2 187
584.0808 	DATA 	Keypress: 5
584.0809 	DATA 	TR 375 | TR1 188 | TR2 187
585.6306 	DATA 	Keypress: 5
585.6307 	DATA 	TR 376 | TR1 188 | TR2 188
587.1972 	DATA 	Keypress: 5
587.1972 	DATA 	TR 377 | TR1 189 | TR2 188
588.7470 	DATA 	Keypress: 5
588.7471 	DATA 	TR 378 | TR1 189 | TR2 189
590.3141 	DATA 	Keypress: 5
590.3301 	DATA 	TR 379 | TR1 190 | TR2 189
591.8800 	DATA 	Keypress: 5
591.8801 	DATA 	TR 380 | TR1 190 | TR2 190
593.4466 	DATA 	Keypress: 5
593.4467 	DATA 	TR 381 | TR1 191 | TR2 190
594.9964 	DATA 	Keypress: 5
594.9964 	DATA 	TR 382 | TR1 191 | TR2 191
596.5630 	DATA 	Keypress: 5
596.5630 	DATA 	TR 383 | TR1 192 | TR2 191
598.1128 	DATA 	Keypress: 5
598.1128 	DATA 	TR 384 | TR1 192 | TR2 192
599.6960 	DATA 	Keypress: 5
599.6961 	DATA 	TR 385 | TR1 193 | TR2 192
601.2459 	DATA 	Keypress: 5
601.2459 	DATA 	TR 386 | TR1 193 | TR2 193
602.8124 	DATA 	Keypress: 5
602.8124 	DATA 	TR 387 | TR1 194 | TR2 193
604.3625 	DATA 	Keypress: 5
604.3625 	DATA 	TR 388 | TR1 194 | TR2 194
605.9454 	DATA 	Keypress: 5
605.9455 	DATA 	TR 389 | TR1 195 | TR2 194
607.4953 	DATA 	Keypress: 5
607.4953 	DATA 	TR 390 | TR1 195 | TR2 195
608.9118 	DATA 	
608.9118 	DATA 	Trial complete
608.9118 	DATA 	Waiting for VASO trigger to start next trial
608.9118 	DATA 	
609.0618 	DATA 	Keypress: 5
609.0619 	DATA 	Waited 0.1500718593597412 seconds for trigger
609.0627 	DATA 	
609.0627 	DATA 	Trial 16
609.0627 	DATA 	stimDur = 12.0
609.0627 	DATA 	jitter = 2.35575
609.0627 	DATA 	restDur = 30.0

609.0627 	DATA 	
609.0627 	DATA 	TR 391 | TR1 196 | TR2 195
610.6118 	DATA 	Keypress: 5
610.6118 	DATA 	TR 392 | TR1 196 | TR2 196
611.4282 	DATA 	
611.4282 	DATA 	stimulation started
611.4282 	DATA 	
612.1783 	DATA 	Keypress: 5
612.1783 	DATA 	TR 393 | TR1 197 | TR2 196
613.7288 	DATA 	Keypress: 5
613.7447 	DATA 	TR 394 | TR1 197 | TR2 197
615.3113 	DATA 	Keypress: 5
615.3114 	DATA 	TR 395 | TR1 198 | TR2 197
616.8611 	DATA 	Keypress: 5
616.8612 	DATA 	TR 396 | TR1 198 | TR2 198
618.4279 	DATA 	Keypress: 5
618.4280 	DATA 	TR 397 | TR1 199 | TR2 198
619.9776 	DATA 	Keypress: 5
619.9776 	DATA 	TR 398 | TR1 199 | TR2 199
621.5607 	DATA 	Keypress: 5
621.5608 	DATA 	TR 399 | TR1 200 | TR2 199
623.1106 	DATA 	Keypress: 5
623.1106 	DATA 	TR 400 | TR1 200 | TR2 200
623.4272 	DATA 	
623.4272 	DATA 	stimulation stopped
623.4272 	DATA 	
624.6771 	DATA 	Keypress: 5
624.6771 	DATA 	TR 401 | TR1 201 | TR2 200
626.2269 	DATA 	Keypress: 5
626.2269 	DATA 	TR 402 | TR1 201 | TR2 201
627.7940 	DATA 	Keypress: 5
627.8100 	DATA 	TR 403 | TR1 202 | TR2 201
628.8933 	DATA 	Target presented
629.3599 	DATA 	Keypress: 5
629.3600 	DATA 	TR 404 | TR1 202 | TR2 202
629.4266 	DATA 	Keypress: 1
629.4267 	DATA 	Key1 pressed
629.4267 	DATA 	Target detected
630.9265 	DATA 	Keypress: 5
630.9265 	DATA 	TR 405 | TR1 203 | TR2 202
632.4763 	DATA 	Keypress: 5
632.4764 	DATA 	TR 406 | TR1 203 | TR2 203
634.0429 	DATA 	Keypress: 5
634.0429 	DATA 	TR 407 | TR1 204 | TR2 203
635.5928 	DATA 	Keypress: 5
635.5929 	DATA 	TR 408 | TR1 204 | TR2 204
637.1758 	DATA 	Keypress: 5
637.1758 	DATA 	TR 409 | TR1 205 | TR2 204
638.7258 	DATA 	Keypress: 5
638.7258 	DATA 	TR 410 | TR1 205 | TR2 205
640.2923 	DATA 	Keypress: 5
640.2923 	DATA 	TR 411 | TR1 206 | TR2 205
641.8421 	DATA 	Keypress: 5
641.8422 	DATA 	TR 412 | TR1 206 | TR2 206
643.4254 	DATA 	Keypress: 5
643.4254 	DATA 	TR 413 | TR1 207 | TR2 206
644.9752 	DATA 	Keypress: 5
644.9752 	DATA 	TR 414 | TR1 207 | TR2 207
646.5417 	DATA 	Keypress: 5
646.5418 	DATA 	TR 415 | TR1 208 | TR2 207
648.0917 	DATA 	Keypress: 5
648.0917 	DATA 	TR 416 | TR1 208 | TR2 208
649.6581 	DATA 	Keypress: 5
649.6582 	DATA 	TR 417 | TR1 209 | TR2 208
651.2246 	DATA 	Keypress: 5
651.2246 	DATA 	TR 418 | TR1 209 | TR2 209
652.7911 	DATA 	Keypress: 5
652.7912 	DATA 	TR 419 | TR1 210 | TR2 209
653.4244 	DATA 	
653.4244 	DATA 	Trial complete
653.4244 	DATA 	Waiting for VASO trigger to start next trial
653.4244 	DATA 	
654.3410 	DATA 	Keypress: 5
654.3410 	DATA 	TR 420 | TR1 210 | TR2 210
655.9075 	DATA 	Keypress: 5
655.9076 	DATA 	Waited 2.483203887939453 seconds for trigger
655.9084 	DATA 	
655.9084 	DATA 	Trial 17
655.9084 	DATA 	stimDur = 24.0
655.9084 	DATA 	jitter = 0.0
655.9084 	DATA 	restDur = 40.0

655.9084 	DATA 	
655.9084 	DATA 	TR 421 | TR1 211 | TR2 210
655.9084 	DATA 	
655.9084 	DATA 	stimulation started
655.9084 	DATA 	
657.4574 	DATA 	Keypress: 5
657.4575 	DATA 	TR 422 | TR1 211 | TR2 211
659.0406 	DATA 	Keypress: 5
659.0407 	DATA 	TR 423 | TR1 212 | TR2 211
660.5905 	DATA 	Keypress: 5
660.5905 	DATA 	TR 424 | TR1 212 | TR2 212
662.1570 	DATA 	Keypress: 5
662.1571 	DATA 	TR 425 | TR1 213 | TR2 212
663.7068 	DATA 	Keypress: 5
663.7069 	DATA 	TR 426 | TR1 213 | TR2 213
665.2741 	DATA 	Keypress: 5
665.2900 	DATA 	TR 427 | TR1 214 | TR2 213
666.8399 	DATA 	Keypress: 5
666.8399 	DATA 	TR 428 | TR1 214 | TR2 214
668.4064 	DATA 	Keypress: 5
668.4065 	DATA 	TR 429 | TR1 215 | TR2 214
669.9563 	DATA 	Keypress: 5
669.9563 	DATA 	TR 430 | TR1 215 | TR2 215
671.5228 	DATA 	Keypress: 5
671.5229 	DATA 	TR 431 | TR1 216 | TR2 215
673.0727 	DATA 	Keypress: 5
673.0727 	DATA 	TR 432 | TR1 216 | TR2 216
674.6559 	DATA 	Keypress: 5
674.6559 	DATA 	TR 433 | TR1 217 | TR2 216
676.2057 	DATA 	Keypress: 5
676.2058 	DATA 	TR 434 | TR1 217 | TR2 217
677.7722 	DATA 	Keypress: 5
677.7723 	DATA 	TR 435 | TR1 218 | TR2 217
679.3221 	DATA 	Keypress: 5
679.3221 	DATA 	TR 436 | TR1 218 | TR2 218
679.9220 	DATA 	
679.9220 	DATA 	stimulation stopped
679.9220 	DATA 	
680.3219 	DATA 	Target presented
680.7719 	DATA 	Keypress: 1
680.7720 	DATA 	Key1 pressed
680.7720 	DATA 	Target detected
680.9052 	DATA 	Keypress: 5
680.9052 	DATA 	TR 437 | TR1 219 | TR2 218
682.4551 	DATA 	Keypress: 5
682.4552 	DATA 	TR 438 | TR1 219 | TR2 219
684.0216 	DATA 	Keypress: 5
684.0217 	DATA 	TR 439 | TR1 220 | TR2 219
685.5714 	DATA 	Keypress: 5
685.5715 	DATA 	TR 440 | TR1 220 | TR2 220
687.1381 	DATA 	Keypress: 5
687.1382 	DATA 	TR 441 | TR1 221 | TR2 220
688.7045 	DATA 	Keypress: 5
688.7045 	DATA 	TR 442 | TR1 221 | TR2 221
690.2710 	DATA 	Keypress: 5
690.2711 	DATA 	TR 443 | TR1 222 | TR2 221
691.8209 	DATA 	Keypress: 5
691.8209 	DATA 	TR 444 | TR1 222 | TR2 222
693.3874 	DATA 	Keypress: 5
693.3875 	DATA 	TR 445 | TR1 223 | TR2 222
694.9372 	DATA 	Keypress: 5
694.9373 	DATA 	TR 446 | TR1 223 | TR2 223
696.5205 	DATA 	Keypress: 5
696.5205 	DATA 	TR 447 | TR1 224 | TR2 223
698.0703 	DATA 	Keypress: 5
698.0703 	DATA 	TR 448 | TR1 224 | TR2 224
699.6368 	DATA 	Keypress: 5
699.6369 	DATA 	TR 449 | TR1 225 | TR2 224
701.1867 	DATA 	Keypress: 5
701.1867 	DATA 	TR 450 | TR1 225 | TR2 225
702.7699 	DATA 	Keypress: 5
702.7700 	DATA 	TR 451 | TR1 226 | TR2 225
704.3197 	DATA 	Keypress: 5
704.3198 	DATA 	TR 452 | TR1 226 | TR2 226
705.8863 	DATA 	Keypress: 5
705.8863 	DATA 	TR 453 | TR1 227 | TR2 226
707.4361 	DATA 	Keypress: 5
707.4362 	DATA 	TR 454 | TR1 227 | TR2 227
709.0027 	DATA 	Keypress: 5
709.0027 	DATA 	TR 455 | TR1 228 | TR2 227
710.5531 	DATA 	Keypress: 5
710.5691 	DATA 	TR 456 | TR1 228 | TR2 228
712.1357 	DATA 	Keypress: 5
712.1357 	DATA 	TR 457 | TR1 229 | TR2 228
713.6855 	DATA 	Keypress: 5
713.6856 	DATA 	TR 458 | TR1 229 | TR2 229
715.2521 	DATA 	Keypress: 5
715.2521 	DATA 	TR 459 | TR1 230 | TR2 229
716.8019 	DATA 	Keypress: 5
716.8019 	DATA 	TR 460 | TR1 230 | TR2 230
718.3851 	DATA 	Keypress: 5
718.3852 	DATA 	TR 461 | TR1 231 | TR2 230
719.9183 	DATA 	
719.9183 	DATA 	Trial complete
719.9183 	DATA 	Waiting for VASO trigger to start next trial
719.9183 	DATA 	
719.9349 	DATA 	Keypress: 5
719.9350 	DATA 	TR 462 | TR1 231 | TR2 231
721.5015 	DATA 	Keypress: 5
721.5016 	DATA 	Waited 1.5832998752593994 seconds for trigger
721.5024 	DATA 	
721.5024 	DATA 	Trial 18
721.5024 	DATA 	stimDur = 1.0
721.5024 	DATA 	jitter = 2.35575
721.5024 	DATA 	restDur = 20.0

721.5024 	DATA 	
721.5024 	DATA 	TR 463 | TR1 232 | TR2 231
723.0516 	DATA 	Keypress: 5
723.0516 	DATA 	TR 464 | TR1 232 | TR2 232
723.8679 	DATA 	
723.8679 	DATA 	stimulation started
723.8679 	DATA 	
724.6187 	DATA 	Keypress: 5
724.6345 	DATA 	TR 465 | TR1 233 | TR2 232
724.8678 	DATA 	
724.8679 	DATA 	stimulation stopped
724.8679 	DATA 	
726.1844 	DATA 	Keypress: 5
726.1845 	DATA 	TR 466 | TR1 233 | TR2 233
727.7509 	DATA 	Keypress: 5
727.7510 	DATA 	TR 467 | TR1 234 | TR2 233
729.3008 	DATA 	Keypress: 5
729.3008 	DATA 	TR 468 | TR1 234 | TR2 234
730.8673 	DATA 	Keypress: 5
730.8673 	DATA 	TR 469 | TR1 235 | TR2 234
732.4171 	DATA 	Keypress: 5
732.4172 	DATA 	TR 470 | TR1 235 | TR2 235
734.0004 	DATA 	Keypress: 5
734.0004 	DATA 	TR 471 | TR1 236 | TR2 235
735.5502 	DATA 	Keypress: 5
735.5503 	DATA 	TR 472 | TR1 236 | TR2 236
737.1167 	DATA 	Keypress: 5
737.1168 	DATA 	TR 473 | TR1 237 | TR2 236
738.6666 	DATA 	Keypress: 5
738.6666 	DATA 	TR 474 | TR1 237 | TR2 237
740.2498 	DATA 	Keypress: 5
740.2499 	DATA 	TR 475 | TR1 238 | TR2 237
741.7996 	DATA 	Keypress: 5
741.7997 	DATA 	TR 476 | TR1 238 | TR2 238
743.3662 	DATA 	Keypress: 5
743.3663 	DATA 	TR 477 | TR1 239 | TR2 238
744.8661 	DATA 	
744.8661 	DATA 	Trial complete
744.8661 	DATA 	Waiting for VASO trigger to start next trial
744.8661 	DATA 	
744.9160 	DATA 	Keypress: 5
744.9160 	DATA 	TR 478 | TR1 239 | TR2 239
746.4826 	DATA 	Keypress: 5
746.4827 	DATA 	Waited 1.616528034210205 seconds for trigger
746.4834 	DATA 	
746.4834 	DATA 	Trial 19
746.4834 	DATA 	stimDur = 2.0
746.4834 	DATA 	jitter = 0.0
746.4834 	DATA 	restDur = 22.0

746.4834 	DATA 	
746.4834 	DATA 	TR 479 | TR1 240 | TR2 239
746.4835 	DATA 	
746.4835 	DATA 	stimulation started
746.4835 	DATA 	
748.0332 	DATA 	Keypress: 5
748.0491 	DATA 	TR 480 | TR1 240 | TR2 240
748.4990 	DATA 	
748.4990 	DATA 	stimulation stopped
748.4990 	DATA 	
749.6156 	DATA 	Keypress: 5
749.6156 	DATA 	TR 481 | TR1 241 | TR2 240
751.1654 	DATA 	Keypress: 5
751.1655 	DATA 	TR 482 | TR1 241 | TR2 241
752.7319 	DATA 	Keypress: 5
752.7320 	DATA 	TR 483 | TR1 242 | TR2 241
754.2818 	DATA 	Keypress: 5
754.2819 	DATA 	TR 484 | TR1 242 | TR2 242
755.4317 	DATA 	Target presented
755.8650 	DATA 	Keypress: 5
755.8650 	DATA 	TR 485 | TR1 243 | TR2 242
756.0150 	DATA 	Keypress: 1
756.0150 	DATA 	Key1 pressed
756.0150 	DATA 	Target detected
757.4149 	DATA 	Keypress: 5
757.4149 	DATA 	TR 486 | TR1 243 | TR2 243
758.9814 	DATA 	Keypress: 5
758.9814 	DATA 	TR 487 | TR1 244 | TR2 243
760.5314 	DATA 	Keypress: 5
760.5314 	DATA 	TR 488 | TR1 244 | TR2 244
762.0978 	DATA 	Keypress: 5
762.0978 	DATA 	TR 489 | TR1 245 | TR2 244
763.6643 	DATA 	Keypress: 5
763.6644 	DATA 	TR 490 | TR1 245 | TR2 245
765.2308 	DATA 	Keypress: 5
765.2308 	DATA 	TR 491 | TR1 246 | TR2 245
766.7807 	DATA 	Keypress: 5
766.7807 	DATA 	TR 492 | TR1 246 | TR2 246
768.3472 	DATA 	Keypress: 5
768.3472 	DATA 	TR 493 | TR1 247 | TR2 246
769.8972 	DATA 	Keypress: 5
769.8973 	DATA 	TR 494 | TR1 247 | TR2 247
770.4969 	DATA 	
770.4970 	DATA 	Trial complete
770.4970 	DATA 	
771.4802 	DATA 	Keypress: 5
771.4803 	DATA 	Waited 26.61414098739624 seconds for trigger
771.4810 	DATA 	
771.4810 	DATA 	Trial 20
771.4811 	DATA 	stimDur = 4.0
771.4811 	DATA 	jitter = 0.0
771.4811 	DATA 	restDur = 24.0

771.4811 	DATA 	
771.4811 	DATA 	TR 495 | TR1 248 | TR2 247
771.4811 	DATA 	
771.4811 	DATA 	stimulation started
771.4811 	DATA 	
773.0302 	DATA 	Keypress: 5
773.0302 	DATA 	TR 496 | TR1 248 | TR2 248
774.5967 	DATA 	Keypress: 5
774.5967 	DATA 	TR 497 | TR1 249 | TR2 248
775.4965 	DATA 	
775.4965 	DATA 	stimulation stopped
775.4965 	DATA 	
776.1465 	DATA 	Keypress: 5
776.1465 	DATA 	TR 498 | TR1 249 | TR2 249
777.7297 	DATA 	Keypress: 5
777.7297 	DATA 	TR 499 | TR1 250 | TR2 249
779.2795 	DATA 	Keypress: 5
779.2796 	DATA 	TR 500 | TR1 250 | TR2 250
780.8462 	DATA 	Keypress: 5
780.8462 	DATA 	TR 501 | TR1 251 | TR2 250
782.3959 	DATA 	Keypress: 5
782.3960 	DATA 	TR 502 | TR1 251 | TR2 251
783.9624 	DATA 	Keypress: 5
783.9625 	DATA 	TR 503 | TR1 252 | TR2 251
785.5129 	DATA 	Keypress: 5
785.5289 	DATA 	TR 504 | TR1 252 | TR2 252
787.0954 	DATA 	Keypress: 5
787.0955 	DATA 	TR 505 | TR1 253 | TR2 252
788.6453 	DATA 	Keypress: 5
788.6454 	DATA 	TR 506 | TR1 253 | TR2 253
790.2118 	DATA 	Keypress: 5
790.2119 	DATA 	TR 507 | TR1 254 | TR2 253
791.7617 	DATA 	Keypress: 5
791.7618 	DATA 	TR 508 | TR1 254 | TR2 254
793.3449 	DATA 	Keypress: 5
793.3449 	DATA 	TR 509 | TR1 255 | TR2 254
794.8944 	DATA 	Keypress: 5
794.8945 	DATA 	TR 510 | TR1 255 | TR2 255
796.4611 	DATA 	Keypress: 5
796.4612 	DATA 	TR 511 | TR1 256 | TR2 255
798.0113 	DATA 	Keypress: 5
798.0113 	DATA 	TR 512 | TR1 256 | TR2 256
799.4943 	DATA 	
799.4943 	DATA 	Trial complete
799.4943 	DATA 	
799.5945 	DATA 	Keypress: 5
799.5945 	DATA 	TR 513 | TR1 257 | TR2 256
801.1442 	DATA 	Keypress: 5
801.1442 	DATA 	TR 514 | TR1 257 | TR2 257
802.7107 	DATA 	Keypress: 5
802.7107 	DATA 	TR 515 | TR1 258 | TR2 257
804.2604 	DATA 	Keypress: 5
804.2605 	DATA 	TR 516 | TR1 258 | TR2 258
805.8270 	DATA 	Keypress: 5
805.8271 	DATA 	TR 517 | TR1 259 | TR2 258
807.3769 	DATA 	Keypress: 5
807.3770 	DATA 	TR 518 | TR1 259 | TR2 259
808.9601 	DATA 	Keypress: 5
808.9602 	DATA 	TR 519 | TR1 260 | TR2 259
810.5100 	DATA 	Keypress: 5
810.5100 	DATA 	TR 520 | TR1 260 | TR2 260
812.0765 	DATA 	Keypress: 5
812.0765 	DATA 	TR 521 | TR1 261 | TR2 260
813.6264 	DATA 	Keypress: 5
813.6264 	DATA 	TR 522 | TR1 261 | TR2 261
815.2095 	DATA 	Keypress: 5
815.2096 	DATA 	TR 523 | TR1 262 | TR2 261
816.7594 	DATA 	Keypress: 5
816.7595 	DATA 	TR 524 | TR1 262 | TR2 262
825.9252 	DATA 	EndOfRun sub-06_ses-05_run-03

825.9252 	DATA 	We spent 55.36081647872925 seconds waiting for triggers
825.9252 	DATA 	RatioOfDetectedTargets 0.9166666666666666
825.9252 	DATA 	You have detected 11 out of 12 targets.
830.9545 	EXP 	window1: mouseVisible = True
