MonitorDistance=99cm
MonitorWidth=30cm
PixelWidth=1024.0
PixelHeight=768.0
You have detected 12 out of 12 targets.
Excellent! Keep up the good work
6.9165 	INFO 	Loaded monitor calibration from ['2021_05_26 17:55']
7.3743 	EXP 	Created window1 = Window(allowGUI=False, allowStencil=False, autoLog=True, backendConf=UNKNOWN, bitsMode=UNKNOWN, blendMode='avg', bpc=(8, 8, 8), color=array([-0.5, -0.5, -0.5]), colorSpace='rgb', depthBits=8, fullscr=<method-wrapper '__getattribute__' of attributeSetter object at 0x7f7809ca1400>, gamma=None, gammaErrorPolicy='raise', lms=UNKNOWN, monitor=<psychopy.monitors.calibTools.Monitor object at 0x7f77ffac2080>, multiSample=False, name='window1', numSamples=2, pos=[0.0, 0.0], screen=0, size=array([1024,  768]), stencilBits=0, stereo=False, units='deg', useFBO=False, useRetina=False, viewOri=0.0, viewPos=None, viewScale=None, waitBlanking=True, winType='pyglet')
7.3743 	EXP 	window1: mouseVisible = True
7.4471 	EXP 	Created unnamed TextStim = TextStim(__class__=<class 'psychopy.visual.text.TextStim'>, alignHoriz=method-wrapper(...), alignText='center', alignVert=method-wrapper(...), anchorHoriz='center', anchorVert='center', antialias=True, autoLog=True, bold=False, color=array([1., 1., 1.]), colorSpace='rgb', contrast=1.0, depth=0, flipHoriz=False, flipVert=False, font='', fontFiles=[], height=0.5, italic=False, languageStyle='LTR', name='unnamed TextStim', opacity=1.0, ori=0.0, pos=array([0., 0.]), rgb=UNKNOWN, text=str(...), units='deg', win=Window(...), wrapWidth=15.0)
7.4781 	EXP 	Created Movie Frame 0 = ImageStim(__class__=<class 'psychopy.visual.image.ImageStim'>, autoLog=True, color=array([0.8, 0.8, 0.8]), colorSpace='rgb', contrast=0.8, depth=0, flipHoriz=False, flipVert=False, image='visual_0.png', interpolate=False, mask=None, maskParams=None, name='Movie Frame 0', opacity=1, ori=0.0, pos=array([0., 0.]), size=array([1024,  768]), texRes=128, units='pix', win=Window(...))
7.5074 	EXP 	Created Movie Frame 1 = ImageStim(__class__=<class 'psychopy.visual.image.ImageStim'>, autoLog=True, color=array([0.8, 0.8, 0.8]), colorSpace='rgb', contrast=0.8, depth=0, flipHoriz=False, flipVert=False, image='visual_1.png', interpolate=False, mask=None, maskParams=None, name='Movie Frame 1', opacity=1, ori=0.0, pos=array([0., 0.]), size=array([1024,  768]), texRes=128, units='pix', win=Window(...))
33.1731 	DATA 	Keypress: 5
0.0000 	DATA 	StartOfRun sub-06_ses-05_run-04
0.0000 	DATA 	TR 1 | TR1 1 | TR2 0
0.0179 	DATA 	Initial baseline

1.5501 	DATA 	Keypress: 5
1.5502 	DATA 	TR 2 | TR1 1 | TR2 1
3.1224 	DATA 	Keypress: 5
3.1224 	DATA 	TR 3 | TR1 2 | TR2 1
4.6735 	DATA 	Keypress: 5
4.6736 	DATA 	TR 4 | TR1 2 | TR2 2
6.2455 	DATA 	Keypress: 5
6.2456 	DATA 	TR 5 | TR1 3 | TR2 2
7.7969 	DATA 	Keypress: 5
7.7969 	DATA 	TR 6 | TR1 3 | TR2 3
9.3689 	DATA 	Keypress: 5
9.3690 	DATA 	TR 7 | TR1 4 | TR2 3
10.9202 	DATA 	Keypress: 5
10.9203 	DATA 	TR 8 | TR1 4 | TR2 4
12.4923 	DATA 	Keypress: 5
12.4923 	DATA 	TR 9 | TR1 5 | TR2 4
14.0436 	DATA 	Keypress: 5
14.0437 	DATA 	TR 10 | TR1 5 | TR2 5
15.6158 	DATA 	Keypress: 5
15.6159 	DATA 	TR 11 | TR1 6 | TR2 5
17.1670 	DATA 	Keypress: 5
17.1670 	DATA 	TR 12 | TR1 6 | TR2 6
18.7393 	DATA 	Keypress: 5
18.7394 	DATA 	TR 13 | TR1 7 | TR2 6
20.2903 	DATA 	Keypress: 5
20.2903 	DATA 	TR 14 | TR1 7 | TR2 7
21.8626 	DATA 	Keypress: 5
21.8627 	DATA 	TR 15 | TR1 8 | TR2 7
23.4138 	DATA 	Keypress: 5
23.4138 	DATA 	TR 16 | TR1 8 | TR2 8
24.9860 	DATA 	Keypress: 5
24.9860 	DATA 	TR 17 | TR1 9 | TR2 8
26.5371 	DATA 	Keypress: 5
26.5372 	DATA 	TR 18 | TR1 9 | TR2 9
28.1094 	DATA 	Keypress: 5
28.1094 	DATA 	TR 19 | TR1 10 | TR2 9
29.6604 	DATA 	Keypress: 5
29.6604 	DATA 	TR 20 | TR1 10 | TR2 10
31.2330 	DATA 	Keypress: 5
31.2491 	DATA 	Waited 1.2490689754486084 seconds for trigger
31.2505 	DATA 	
31.2505 	DATA 	Trial 1
31.2505 	DATA 	stimDur = 2.0
31.2505 	DATA 	jitter = 1.5705
31.2505 	DATA 	restDur = 22.0

31.2505 	DATA 	
31.2505 	DATA 	TR 21 | TR1 11 | TR2 10
32.7988 	DATA 	Keypress: 5
32.7989 	DATA 	TR 22 | TR1 11 | TR2 11
32.8320 	DATA 	
32.8320 	DATA 	stimulation started
32.8320 	DATA 	
34.3654 	DATA 	Keypress: 5
34.3654 	DATA 	TR 23 | TR1 12 | TR2 11
34.8319 	DATA 	
34.8319 	DATA 	stimulation stopped
34.8319 	DATA 	
35.9152 	DATA 	Keypress: 5
35.9152 	DATA 	TR 24 | TR1 12 | TR2 12
37.4816 	DATA 	Keypress: 5
37.4817 	DATA 	TR 25 | TR1 13 | TR2 12
39.0315 	DATA 	Keypress: 5
39.0316 	DATA 	TR 26 | TR1 13 | TR2 13
40.6147 	DATA 	Keypress: 5
40.6147 	DATA 	TR 27 | TR1 14 | TR2 13
42.1646 	DATA 	Keypress: 5
42.1646 	DATA 	TR 28 | TR1 14 | TR2 14
43.7311 	DATA 	Keypress: 5
43.7311 	DATA 	TR 29 | TR1 15 | TR2 14
45.2810 	DATA 	Keypress: 5
45.2810 	DATA 	TR 30 | TR1 15 | TR2 15
46.8641 	DATA 	Keypress: 5
46.8642 	DATA 	TR 31 | TR1 16 | TR2 15
48.4140 	DATA 	Keypress: 5
48.4141 	DATA 	TR 32 | TR1 16 | TR2 16
49.9805 	DATA 	Keypress: 5
49.9805 	DATA 	TR 33 | TR1 17 | TR2 16
51.5304 	DATA 	Keypress: 5
51.5304 	DATA 	TR 34 | TR1 17 | TR2 17
53.0968 	DATA 	Keypress: 5
53.0969 	DATA 	TR 35 | TR1 18 | TR2 17
54.6634 	DATA 	Keypress: 5
54.6635 	DATA 	TR 36 | TR1 18 | TR2 18
56.2301 	DATA 	Keypress: 5
56.2301 	DATA 	TR 37 | TR1 19 | TR2 18
56.8298 	DATA 	
56.8298 	DATA 	Trial complete
56.8299 	DATA 	Waiting for VASO trigger to start next trial
56.8299 	DATA 	
57.7798 	DATA 	Keypress: 5
57.7799 	DATA 	TR 38 | TR1 19 | TR2 19
59.3463 	DATA 	Keypress: 5
59.3464 	DATA 	Waited 2.516484022140503 seconds for trigger
59.3471 	DATA 	
59.3471 	DATA 	Trial 2
59.3471 	DATA 	stimDur = 4.0
59.3471 	DATA 	jitter = 0.78525
59.3471 	DATA 	restDur = 24.0

59.3471 	DATA 	
59.3471 	DATA 	TR 39 | TR1 20 | TR2 19
60.1462 	DATA 	
60.1462 	DATA 	stimulation started
60.1462 	DATA 	
60.8962 	DATA 	Keypress: 5
60.8963 	DATA 	TR 40 | TR1 20 | TR2 20
62.4794 	DATA 	Keypress: 5
62.4795 	DATA 	TR 41 | TR1 21 | TR2 20
64.0293 	DATA 	Keypress: 5
64.0293 	DATA 	TR 42 | TR1 21 | TR2 21
64.1458 	DATA 	
64.1459 	DATA 	stimulation stopped
64.1459 	DATA 	
65.5958 	DATA 	Keypress: 5
65.5958 	DATA 	TR 43 | TR1 22 | TR2 21
67.1456 	DATA 	Keypress: 5
67.1456 	DATA 	TR 44 | TR1 22 | TR2 22
68.7288 	DATA 	Keypress: 5
68.7289 	DATA 	TR 45 | TR1 23 | TR2 22
70.2786 	DATA 	Keypress: 5
70.2787 	DATA 	TR 46 | TR1 23 | TR2 23
71.8452 	DATA 	Keypress: 5
71.8452 	DATA 	TR 47 | TR1 24 | TR2 23
73.3950 	DATA 	Keypress: 5
73.3951 	DATA 	TR 48 | TR1 24 | TR2 24
74.9616 	DATA 	Keypress: 5
74.9616 	DATA 	TR 49 | TR1 25 | TR2 24
76.5115 	DATA 	Keypress: 5
76.5116 	DATA 	TR 50 | TR1 25 | TR2 25
78.0946 	DATA 	Keypress: 5
78.0946 	DATA 	TR 51 | TR1 26 | TR2 25
79.6444 	DATA 	Keypress: 5
79.6445 	DATA 	TR 52 | TR1 26 | TR2 26
81.2110 	DATA 	Keypress: 5
81.2110 	DATA 	TR 53 | TR1 27 | TR2 26
82.7608 	DATA 	Keypress: 5
82.7608 	DATA 	TR 54 | TR1 27 | TR2 27
84.3440 	DATA 	Keypress: 5
84.3441 	DATA 	TR 55 | TR1 28 | TR2 27
84.5273 	DATA 	Target presented
85.3272 	DATA 	Keypress: 1
85.3273 	DATA 	Key1 pressed
85.3273 	DATA 	Target detected
85.8940 	DATA 	Keypress: 5
85.8940 	DATA 	TR 56 | TR1 28 | TR2 28
87.4604 	DATA 	Keypress: 5
87.4605 	DATA 	TR 57 | TR1 29 | TR2 28
88.1436 	DATA 	
88.1436 	DATA 	Trial complete
88.1436 	DATA 	Waiting for VASO trigger to start next trial
88.1436 	DATA 	
89.0102 	DATA 	Keypress: 5
89.0103 	DATA 	TR 58 | TR1 29 | TR2 29
90.5768 	DATA 	Keypress: 5
90.5768 	DATA 	Waited 2.4331839084625244 seconds for trigger
90.5776 	DATA 	
90.5776 	DATA 	Trial 3
90.5776 	DATA 	stimDur = 24.0
90.5776 	DATA 	jitter = 2.35575
90.5776 	DATA 	restDur = 40.0

90.5776 	DATA 	
90.5776 	DATA 	TR 59 | TR1 30 | TR2 29
92.1433 	DATA 	Keypress: 5
92.1433 	DATA 	TR 60 | TR1 30 | TR2 30
92.9432 	DATA 	
92.9432 	DATA 	stimulation started
92.9432 	DATA 	
93.7100 	DATA 	Keypress: 5
93.7100 	DATA 	TR 61 | TR1 31 | TR2 30
95.2597 	DATA 	Keypress: 5
95.2598 	DATA 	TR 62 | TR1 31 | TR2 31
96.8263 	DATA 	Keypress: 5
96.8263 	DATA 	TR 63 | TR1 32 | TR2 31
98.3761 	DATA 	Keypress: 5
98.3761 	DATA 	TR 64 | TR1 32 | TR2 32
99.9595 	DATA 	Keypress: 5
99.9595 	DATA 	TR 65 | TR1 33 | TR2 32
101.5091 	DATA 	Keypress: 5
101.5092 	DATA 	TR 66 | TR1 33 | TR2 33
103.0757 	DATA 	Keypress: 5
103.0757 	DATA 	TR 67 | TR1 34 | TR2 33
104.6255 	DATA 	Keypress: 5
104.6256 	DATA 	TR 68 | TR1 34 | TR2 34
106.2087 	DATA 	Keypress: 5
106.2088 	DATA 	TR 69 | TR1 35 | TR2 34
107.7586 	DATA 	Keypress: 5
107.7586 	DATA 	TR 70 | TR1 35 | TR2 35
109.3251 	DATA 	Keypress: 5
109.3252 	DATA 	TR 71 | TR1 36 | TR2 35
110.8749 	DATA 	Keypress: 5
110.8750 	DATA 	TR 72 | TR1 36 | TR2 36
112.4415 	DATA 	Keypress: 5
112.4415 	DATA 	TR 73 | TR1 37 | TR2 36
113.9921 	DATA 	Keypress: 5
114.0081 	DATA 	TR 74 | TR1 37 | TR2 37
115.5745 	DATA 	Keypress: 5
115.5746 	DATA 	TR 75 | TR1 38 | TR2 37
116.9410 	DATA 	
116.9410 	DATA 	stimulation stopped
116.9410 	DATA 	
117.1245 	DATA 	Keypress: 5
117.1245 	DATA 	TR 76 | TR1 38 | TR2 38
118.6910 	DATA 	Keypress: 5
118.6910 	DATA 	TR 77 | TR1 39 | TR2 38
120.2407 	DATA 	Keypress: 5
120.2408 	DATA 	TR 78 | TR1 39 | TR2 39
121.8239 	DATA 	Keypress: 5
121.8240 	DATA 	TR 79 | TR1 40 | TR2 39
123.3737 	DATA 	Keypress: 5
123.3738 	DATA 	TR 80 | TR1 40 | TR2 40
124.9403 	DATA 	Keypress: 5
124.9403 	DATA 	TR 81 | TR1 41 | TR2 40
126.4901 	DATA 	Keypress: 5
126.4902 	DATA 	TR 82 | TR1 41 | TR2 41
128.0567 	DATA 	Keypress: 5
128.0567 	DATA 	TR 83 | TR1 42 | TR2 41
129.6232 	DATA 	Keypress: 5
129.6232 	DATA 	TR 84 | TR1 42 | TR2 42
131.1897 	DATA 	Keypress: 5
131.1897 	DATA 	TR 85 | TR1 43 | TR2 42
132.7395 	DATA 	Keypress: 5
132.7396 	DATA 	TR 86 | TR1 43 | TR2 43
134.3061 	DATA 	Keypress: 5
134.3061 	DATA 	TR 87 | TR1 44 | TR2 43
135.8561 	DATA 	Keypress: 5
135.8561 	DATA 	TR 88 | TR1 44 | TR2 44
137.4391 	DATA 	Keypress: 5
137.4392 	DATA 	TR 89 | TR1 45 | TR2 44
138.9890 	DATA 	Keypress: 5
138.9890 	DATA 	TR 90 | TR1 45 | TR2 45
140.5555 	DATA 	Keypress: 5
140.5556 	DATA 	TR 91 | TR1 46 | TR2 45
142.1053 	DATA 	Keypress: 5
142.1054 	DATA 	TR 92 | TR1 46 | TR2 46
143.6887 	DATA 	Keypress: 5
143.6887 	DATA 	TR 93 | TR1 47 | TR2 46
145.2384 	DATA 	Keypress: 5
145.2384 	DATA 	TR 94 | TR1 47 | TR2 47
146.8050 	DATA 	Keypress: 5
146.8050 	DATA 	TR 95 | TR1 48 | TR2 47
148.3548 	DATA 	Keypress: 5
148.3548 	DATA 	TR 96 | TR1 48 | TR2 48
149.9213 	DATA 	Keypress: 5
149.9213 	DATA 	TR 97 | TR1 49 | TR2 48
151.4717 	DATA 	Keypress: 5
151.4878 	DATA 	TR 98 | TR1 49 | TR2 49
153.0544 	DATA 	Keypress: 5
153.0544 	DATA 	TR 99 | TR1 50 | TR2 49
154.6042 	DATA 	Keypress: 5
154.6043 	DATA 	TR 100 | TR1 50 | TR2 50
156.1707 	DATA 	Keypress: 5
156.1708 	DATA 	TR 101 | TR1 51 | TR2 50
156.9373 	DATA 	
156.9373 	DATA 	Trial complete
156.9373 	DATA 	Waiting for VASO trigger to start next trial
156.9373 	DATA 	
157.7206 	DATA 	Keypress: 5
157.7206 	DATA 	TR 102 | TR1 51 | TR2 51
159.3038 	DATA 	Keypress: 5
159.3039 	DATA 	Waited 2.36653208732605 seconds for trigger
159.3046 	DATA 	
159.3046 	DATA 	Trial 4
159.3046 	DATA 	stimDur = 4.0
159.3047 	DATA 	jitter = 2.35575
159.3047 	DATA 	restDur = 24.0

159.3047 	DATA 	
159.3047 	DATA 	TR 103 | TR1 52 | TR2 51
160.8538 	DATA 	Keypress: 5
160.8538 	DATA 	TR 104 | TR1 52 | TR2 52
161.6702 	DATA 	
161.6702 	DATA 	stimulation started
161.6702 	DATA 	
162.4202 	DATA 	Keypress: 5
162.4203 	DATA 	TR 105 | TR1 53 | TR2 52
163.4868 	DATA 	Target presented
163.9700 	DATA 	Keypress: 5
163.9701 	DATA 	TR 106 | TR1 53 | TR2 53
164.0534 	DATA 	Keypress: 1
164.0534 	DATA 	Key1 pressed
164.0534 	DATA 	Target detected
165.5373 	DATA 	Keypress: 5
165.5532 	DATA 	TR 107 | TR1 54 | TR2 53
165.6700 	DATA 	
165.6700 	DATA 	stimulation stopped
165.6700 	DATA 	
167.1030 	DATA 	Keypress: 5
167.1031 	DATA 	TR 108 | TR1 54 | TR2 54
168.6696 	DATA 	Keypress: 5
168.6696 	DATA 	TR 109 | TR1 55 | TR2 54
170.2194 	DATA 	Keypress: 5
170.2195 	DATA 	TR 110 | TR1 55 | TR2 55
171.7860 	DATA 	Keypress: 5
171.7860 	DATA 	TR 111 | TR1 56 | TR2 55
173.3358 	DATA 	Keypress: 5
173.3358 	DATA 	TR 112 | TR1 56 | TR2 56
174.9190 	DATA 	Keypress: 5
174.9191 	DATA 	TR 113 | TR1 57 | TR2 56
176.4688 	DATA 	Keypress: 5
176.4689 	DATA 	TR 114 | TR1 57 | TR2 57
178.0354 	DATA 	Keypress: 5
178.0354 	DATA 	TR 115 | TR1 58 | TR2 57
179.5852 	DATA 	Keypress: 5
179.5853 	DATA 	TR 116 | TR1 58 | TR2 58
181.1685 	DATA 	Keypress: 5
181.1685 	DATA 	TR 117 | TR1 59 | TR2 58
182.7183 	DATA 	Keypress: 5
182.7183 	DATA 	TR 118 | TR1 59 | TR2 59
184.2848 	DATA 	Keypress: 5
184.2848 	DATA 	TR 119 | TR1 60 | TR2 59
185.8346 	DATA 	Keypress: 5
185.8347 	DATA 	TR 120 | TR1 60 | TR2 60
187.4013 	DATA 	Keypress: 5
187.4013 	DATA 	TR 121 | TR1 61 | TR2 60
188.9677 	DATA 	Keypress: 5
188.9677 	DATA 	TR 122 | TR1 61 | TR2 61
189.6676 	DATA 	
189.6676 	DATA 	Trial complete
189.6676 	DATA 	Waiting for VASO trigger to start next trial
189.6676 	DATA 	
190.5342 	DATA 	Keypress: 5
190.5343 	DATA 	Waited 0.8666729927062988 seconds for trigger
190.5351 	DATA 	
190.5351 	DATA 	Trial 5
190.5351 	DATA 	stimDur = 1.0
190.5351 	DATA 	jitter = 1.5705
190.5351 	DATA 	restDur = 20.0

190.5351 	DATA 	
190.5351 	DATA 	TR 123 | TR1 62 | TR2 61
192.0841 	DATA 	Keypress: 5
192.0841 	DATA 	TR 124 | TR1 62 | TR2 62
192.1175 	DATA 	
192.1175 	DATA 	stimulation started
192.1175 	DATA 	
193.1173 	DATA 	
193.1174 	DATA 	stimulation stopped
193.1174 	DATA 	
193.6506 	DATA 	Keypress: 5
193.6507 	DATA 	TR 125 | TR1 63 | TR2 62
195.2004 	DATA 	Keypress: 5
195.2004 	DATA 	TR 126 | TR1 63 | TR2 63
196.7837 	DATA 	Keypress: 5
196.7837 	DATA 	TR 127 | TR1 64 | TR2 63
198.3336 	DATA 	Keypress: 5
198.3337 	DATA 	TR 128 | TR1 64 | TR2 64
199.9001 	DATA 	Keypress: 5
199.9001 	DATA 	TR 129 | TR1 65 | TR2 64
201.4499 	DATA 	Keypress: 5
201.4499 	DATA 	TR 130 | TR1 65 | TR2 65
203.0170 	DATA 	Keypress: 5
203.0330 	DATA 	TR 131 | TR1 66 | TR2 65
204.5829 	DATA 	Keypress: 5
204.5830 	DATA 	TR 132 | TR1 66 | TR2 66
206.1495 	DATA 	Keypress: 5
206.1495 	DATA 	TR 133 | TR1 67 | TR2 66
207.6993 	DATA 	Keypress: 5
207.6993 	DATA 	TR 134 | TR1 67 | TR2 67
209.2658 	DATA 	Keypress: 5
209.2659 	DATA 	TR 135 | TR1 68 | TR2 67
210.8163 	DATA 	Keypress: 5
210.8323 	DATA 	TR 136 | TR1 68 | TR2 68
212.3989 	DATA 	Keypress: 5
212.3989 	DATA 	TR 137 | TR1 69 | TR2 68
213.1154 	DATA 	
213.1154 	DATA 	Trial complete
213.1155 	DATA 	Waiting for VASO trigger to start next trial
213.1155 	DATA 	
213.9487 	DATA 	Keypress: 5
213.9488 	DATA 	TR 138 | TR1 69 | TR2 69
215.5152 	DATA 	Keypress: 5
215.5153 	DATA 	Waited 2.3998029232025146 seconds for trigger
215.5160 	DATA 	
215.5161 	DATA 	Trial 6
215.5161 	DATA 	stimDur = 1.0
215.5161 	DATA 	jitter = 0.78525
215.5161 	DATA 	restDur = 20.0

215.5161 	DATA 	
215.5161 	DATA 	TR 139 | TR1 70 | TR2 69
216.3151 	DATA 	
216.3152 	DATA 	stimulation started
216.3152 	DATA 	
217.0652 	DATA 	Keypress: 5
217.0652 	DATA 	TR 140 | TR1 70 | TR2 70
217.3151 	DATA 	
217.3151 	DATA 	stimulation stopped
217.3151 	DATA 	
218.6484 	DATA 	Keypress: 5
218.6485 	DATA 	TR 141 | TR1 71 | TR2 70
220.1981 	DATA 	Keypress: 5
220.1982 	DATA 	TR 142 | TR1 71 | TR2 71
221.7647 	DATA 	Keypress: 5
221.7648 	DATA 	TR 143 | TR1 72 | TR2 71
223.3145 	DATA 	Keypress: 5
223.3146 	DATA 	TR 144 | TR1 72 | TR2 72
224.8808 	DATA 	Keypress: 5
224.8809 	DATA 	TR 145 | TR1 73 | TR2 72
226.4476 	DATA 	Keypress: 5
226.4476 	DATA 	TR 146 | TR1 73 | TR2 73
228.0141 	DATA 	Keypress: 5
228.0142 	DATA 	TR 147 | TR1 74 | TR2 73
229.5640 	DATA 	Keypress: 5
229.5640 	DATA 	TR 148 | TR1 74 | TR2 74
231.1305 	DATA 	Keypress: 5
231.1306 	DATA 	TR 149 | TR1 75 | TR2 74
232.6803 	DATA 	Keypress: 5
232.6804 	DATA 	TR 150 | TR1 75 | TR2 75
234.2636 	DATA 	Keypress: 5
234.2636 	DATA 	TR 151 | TR1 76 | TR2 75
235.8134 	DATA 	Keypress: 5
235.8134 	DATA 	TR 152 | TR1 76 | TR2 76
237.3132 	DATA 	
237.3132 	DATA 	Trial complete
237.3132 	DATA 	Waiting for VASO trigger to start next trial
237.3132 	DATA 	
237.3799 	DATA 	Keypress: 5
237.3800 	DATA 	Waited 0.06672811508178711 seconds for trigger
237.3807 	DATA 	
237.3807 	DATA 	Trial 7
237.3807 	DATA 	stimDur = 2.0
237.3808 	DATA 	jitter = 0.78525
237.3808 	DATA 	restDur = 22.0

237.3808 	DATA 	
237.3808 	DATA 	TR 153 | TR1 77 | TR2 76
238.1798 	DATA 	
238.1798 	DATA 	stimulation started
238.1798 	DATA 	
238.9298 	DATA 	Keypress: 5
238.9299 	DATA 	TR 154 | TR1 77 | TR2 77
240.1797 	DATA 	
240.1797 	DATA 	stimulation stopped
240.1797 	DATA 	
240.5130 	DATA 	Keypress: 5
240.5130 	DATA 	TR 155 | TR1 78 | TR2 77
241.4129 	DATA 	Target presented
242.0628 	DATA 	Keypress: 5
242.0628 	DATA 	TR 156 | TR1 78 | TR2 78
242.3795 	DATA 	Keypress: 2
243.6293 	DATA 	Keypress: 5
243.6294 	DATA 	TR 157 | TR1 79 | TR2 78
243.8626 	DATA 	Keypress: 1
243.8627 	DATA 	Key1 pressed
243.8627 	DATA 	Target detected
245.1792 	DATA 	Keypress: 5
245.1792 	DATA 	TR 158 | TR1 79 | TR2 79
246.7457 	DATA 	Keypress: 5
246.7458 	DATA 	TR 159 | TR1 80 | TR2 79
248.2957 	DATA 	Keypress: 5
248.2958 	DATA 	TR 160 | TR1 80 | TR2 80
249.8788 	DATA 	Keypress: 5
249.8788 	DATA 	TR 161 | TR1 81 | TR2 80
251.4286 	DATA 	Keypress: 5
251.4286 	DATA 	TR 162 | TR1 81 | TR2 81
252.9951 	DATA 	Keypress: 5
252.9952 	DATA 	TR 163 | TR1 82 | TR2 81
254.5448 	DATA 	Keypress: 5
254.5449 	DATA 	TR 164 | TR1 82 | TR2 82
256.1282 	DATA 	Keypress: 5
256.1283 	DATA 	TR 165 | TR1 83 | TR2 82
257.6780 	DATA 	Keypress: 5
257.6781 	DATA 	TR 166 | TR1 83 | TR2 83
259.2446 	DATA 	Keypress: 5
259.2446 	DATA 	TR 167 | TR1 84 | TR2 83
260.7944 	DATA 	Keypress: 5
260.7944 	DATA 	TR 168 | TR1 84 | TR2 84
262.1776 	DATA 	
262.1776 	DATA 	Trial complete
262.1776 	DATA 	Waiting for VASO trigger to start next trial
262.1776 	DATA 	
262.3615 	DATA 	Keypress: 5
262.3776 	DATA 	Waited 0.1999361515045166 seconds for trigger
262.3783 	DATA 	
262.3783 	DATA 	Trial 8
262.3783 	DATA 	stimDur = 24.0
262.3783 	DATA 	jitter = 1.5705
262.3784 	DATA 	restDur = 40.0

262.3784 	DATA 	
262.3784 	DATA 	TR 169 | TR1 85 | TR2 84
263.9274 	DATA 	Keypress: 5
263.9275 	DATA 	TR 170 | TR1 85 | TR2 85
263.9608 	DATA 	
263.9608 	DATA 	stimulation started
263.9608 	DATA 	
265.4942 	DATA 	Keypress: 5
265.4942 	DATA 	TR 171 | TR1 86 | TR2 85
267.0439 	DATA 	Keypress: 5
267.0440 	DATA 	TR 172 | TR1 86 | TR2 86
268.6104 	DATA 	Keypress: 5
268.6105 	DATA 	TR 173 | TR1 87 | TR2 86
270.1603 	DATA 	Keypress: 5
270.1604 	DATA 	TR 174 | TR1 87 | TR2 87
271.7436 	DATA 	Keypress: 5
271.7437 	DATA 	TR 175 | TR1 88 | TR2 87
273.2933 	DATA 	Keypress: 5
273.2934 	DATA 	TR 176 | TR1 88 | TR2 88
274.8599 	DATA 	Keypress: 5
274.8599 	DATA 	TR 177 | TR1 89 | TR2 88
276.4097 	DATA 	Keypress: 5
276.4098 	DATA 	TR 178 | TR1 89 | TR2 89
277.9929 	DATA 	Keypress: 5
277.9930 	DATA 	TR 179 | TR1 90 | TR2 89
279.5427 	DATA 	Keypress: 5
279.5428 	DATA 	TR 180 | TR1 90 | TR2 90
281.1094 	DATA 	Keypress: 5
281.1095 	DATA 	TR 181 | TR1 91 | TR2 90
282.6591 	DATA 	Keypress: 5
282.6592 	DATA 	TR 182 | TR1 91 | TR2 91
284.2256 	DATA 	Keypress: 5
284.2257 	DATA 	TR 183 | TR1 92 | TR2 91
285.7762 	DATA 	Keypress: 5
285.7921 	DATA 	TR 184 | TR1 92 | TR2 92
287.3587 	DATA 	Keypress: 5
287.3587 	DATA 	TR 185 | TR1 93 | TR2 92
287.9586 	DATA 	
287.9586 	DATA 	stimulation stopped
287.9586 	DATA 	
288.9085 	DATA 	Keypress: 5
288.9085 	DATA 	TR 186 | TR1 93 | TR2 93
290.4750 	DATA 	Keypress: 5
290.4751 	DATA 	TR 187 | TR1 94 | TR2 93
292.0250 	DATA 	Keypress: 5
292.0250 	DATA 	TR 188 | TR1 94 | TR2 94
293.6081 	DATA 	Keypress: 5
293.6081 	DATA 	TR 189 | TR1 95 | TR2 94
294.4080 	DATA 	Target presented
294.9746 	DATA 	Keypress: 1
294.9747 	DATA 	Key1 pressed
294.9747 	DATA 	Target detected
295.1579 	DATA 	Keypress: 5
295.1580 	DATA 	TR 190 | TR1 95 | TR2 95
296.7244 	DATA 	Keypress: 5
296.7245 	DATA 	TR 191 | TR1 96 | TR2 95
298.2743 	DATA 	Keypress: 5
298.2744 	DATA 	TR 192 | TR1 96 | TR2 96
299.8576 	DATA 	Keypress: 5
299.8576 	DATA 	TR 193 | TR1 97 | TR2 96
301.4074 	DATA 	Keypress: 5
301.4075 	DATA 	TR 194 | TR1 97 | TR2 97
302.9739 	DATA 	Keypress: 5
302.9739 	DATA 	TR 195 | TR1 98 | TR2 97
304.5237 	DATA 	Keypress: 5
304.5239 	DATA 	TR 196 | TR1 98 | TR2 98
306.0902 	DATA 	Keypress: 5
306.0903 	DATA 	TR 197 | TR1 99 | TR2 98
307.6401 	DATA 	Keypress: 5
307.6402 	DATA 	TR 198 | TR1 99 | TR2 99
309.2233 	DATA 	Keypress: 5
309.2233 	DATA 	TR 199 | TR1 100 | TR2 99
310.7733 	DATA 	Keypress: 5
310.7733 	DATA 	TR 200 | TR1 100 | TR2 100
312.3397 	DATA 	Keypress: 5
312.3397 	DATA 	TR 201 | TR1 101 | TR2 100
313.8895 	DATA 	Keypress: 5
313.8897 	DATA 	TR 202 | TR1 101 | TR2 101
315.4728 	DATA 	Keypress: 5
315.4728 	DATA 	TR 203 | TR1 102 | TR2 101
317.0227 	DATA 	Keypress: 5
317.0227 	DATA 	TR 204 | TR1 102 | TR2 102
318.5891 	DATA 	Keypress: 5
318.5891 	DATA 	TR 205 | TR1 103 | TR2 102
320.1389 	DATA 	Keypress: 5
320.1391 	DATA 	TR 206 | TR1 103 | TR2 103
321.7055 	DATA 	Keypress: 5
321.7055 	DATA 	TR 207 | TR1 104 | TR2 103
323.2721 	DATA 	Keypress: 5
323.2721 	DATA 	TR 208 | TR1 104 | TR2 104
324.8385 	DATA 	Keypress: 5
324.8386 	DATA 	TR 209 | TR1 105 | TR2 104
326.3885 	DATA 	Keypress: 5
326.3886 	DATA 	TR 210 | TR1 105 | TR2 105
327.9549 	DATA 	Keypress: 5
327.9549 	DATA 	TR 211 | TR1 106 | TR2 105
327.9549 	DATA 	
327.9550 	DATA 	Trial complete
327.9550 	DATA 	Waiting for VASO trigger to start next trial
327.9550 	DATA 	
329.5048 	DATA 	Keypress: 5
329.5049 	DATA 	TR 212 | TR1 106 | TR2 106
331.0879 	DATA 	Keypress: 5
331.0880 	DATA 	Waited 3.133009910583496 seconds for trigger
331.0888 	DATA 	
331.0888 	DATA 	Trial 9
331.0888 	DATA 	stimDur = 12.0
331.0888 	DATA 	jitter = 0.78525
331.0888 	DATA 	restDur = 30.0

331.0888 	DATA 	
331.0888 	DATA 	TR 213 | TR1 107 | TR2 106
331.8878 	DATA 	
331.8878 	DATA 	stimulation started
331.8878 	DATA 	
332.6379 	DATA 	Keypress: 5
332.6379 	DATA 	TR 214 | TR1 107 | TR2 107
334.2044 	DATA 	Keypress: 5
334.2044 	DATA 	TR 215 | TR1 108 | TR2 107
335.7543 	DATA 	Keypress: 5
335.7543 	DATA 	TR 216 | TR1 108 | TR2 108
337.3215 	DATA 	Keypress: 5
337.3375 	DATA 	TR 217 | TR1 109 | TR2 108
338.8873 	DATA 	Keypress: 5
338.8874 	DATA 	TR 218 | TR1 109 | TR2 109
339.3706 	DATA 	Target presented
339.9205 	DATA 	Keypress: 1
339.9205 	DATA 	Key1 pressed
339.9206 	DATA 	Target detected
340.4538 	DATA 	Keypress: 5
340.4538 	DATA 	TR 219 | TR1 110 | TR2 109
342.0037 	DATA 	Keypress: 5
342.0038 	DATA 	TR 220 | TR1 110 | TR2 110
343.5702 	DATA 	Keypress: 5
343.5702 	DATA 	TR 221 | TR1 111 | TR2 110
343.8868 	DATA 	
343.8868 	DATA 	stimulation stopped
343.8868 	DATA 	
345.1206 	DATA 	Keypress: 5
345.1367 	DATA 	TR 222 | TR1 111 | TR2 111
346.7031 	DATA 	Keypress: 5
346.7032 	DATA 	TR 223 | TR1 112 | TR2 111
348.2530 	DATA 	Keypress: 5
348.2531 	DATA 	TR 224 | TR1 112 | TR2 112
349.8196 	DATA 	Keypress: 5
349.8196 	DATA 	TR 225 | TR1 113 | TR2 112
351.3694 	DATA 	Keypress: 5
351.3694 	DATA 	TR 226 | TR1 113 | TR2 113
352.9526 	DATA 	Keypress: 5
352.9526 	DATA 	TR 227 | TR1 114 | TR2 113
354.5025 	DATA 	Keypress: 5
354.5025 	DATA 	TR 228 | TR1 114 | TR2 114
356.0689 	DATA 	Keypress: 5
356.0690 	DATA 	TR 229 | TR1 115 | TR2 114
357.6189 	DATA 	Keypress: 5
357.6189 	DATA 	TR 230 | TR1 115 | TR2 115
359.1853 	DATA 	Keypress: 5
359.1854 	DATA 	TR 231 | TR1 116 | TR2 115
360.7519 	DATA 	Keypress: 5
360.7520 	DATA 	TR 232 | TR1 116 | TR2 116
362.3184 	DATA 	Keypress: 5
362.3184 	DATA 	TR 233 | TR1 117 | TR2 116
363.8683 	DATA 	Keypress: 5
363.8683 	DATA 	TR 234 | TR1 117 | TR2 117
365.4348 	DATA 	Keypress: 5
365.4348 	DATA 	TR 235 | TR1 118 | TR2 117
366.9847 	DATA 	Keypress: 5
366.9847 	DATA 	TR 236 | TR1 118 | TR2 118
368.5678 	DATA 	Keypress: 5
368.5679 	DATA 	TR 237 | TR1 119 | TR2 118
370.1178 	DATA 	Keypress: 5
370.1179 	DATA 	TR 238 | TR1 119 | TR2 119
371.6842 	DATA 	Keypress: 5
371.6843 	DATA 	TR 239 | TR1 120 | TR2 119
373.2341 	DATA 	Keypress: 5
373.2341 	DATA 	TR 240 | TR1 120 | TR2 120
373.8840 	DATA 	
373.8840 	DATA 	Trial complete
373.8840 	DATA 	Waiting for VASO trigger to start next trial
373.8840 	DATA 	
374.8173 	DATA 	Keypress: 5
374.8173 	DATA 	Waited 0.933311939239502 seconds for trigger
374.8181 	DATA 	
374.8181 	DATA 	Trial 10
374.8181 	DATA 	stimDur = 12.0
374.8181 	DATA 	jitter = 0.0
374.8181 	DATA 	restDur = 30.0

374.8181 	DATA 	
374.8181 	DATA 	TR 241 | TR1 121 | TR2 120
374.8181 	DATA 	
374.8181 	DATA 	stimulation started
374.8181 	DATA 	
376.3672 	DATA 	Keypress: 5
376.3672 	DATA 	TR 242 | TR1 121 | TR2 121
377.9337 	DATA 	Keypress: 5
377.9337 	DATA 	TR 243 | TR1 122 | TR2 121
379.4836 	DATA 	Keypress: 5
379.4836 	DATA 	TR 244 | TR1 122 | TR2 122
381.0501 	DATA 	Keypress: 5
381.0501 	DATA 	TR 245 | TR1 123 | TR2 122
382.5999 	DATA 	Keypress: 5
382.6000 	DATA 	TR 246 | TR1 123 | TR2 123
384.1832 	DATA 	Keypress: 5
384.1833 	DATA 	TR 247 | TR1 124 | TR2 123
385.7330 	DATA 	Keypress: 5
385.7330 	DATA 	TR 248 | TR1 124 | TR2 124
386.8328 	DATA 	
386.8328 	DATA 	stimulation stopped
386.8328 	DATA 	
387.2994 	DATA 	Keypress: 5
387.2995 	DATA 	TR 249 | TR1 125 | TR2 124
388.8493 	DATA 	Keypress: 5
388.8494 	DATA 	TR 250 | TR1 125 | TR2 125
390.4325 	DATA 	Keypress: 5
390.4325 	DATA 	TR 251 | TR1 126 | TR2 125
391.9824 	DATA 	Keypress: 5
391.9824 	DATA 	TR 252 | TR1 126 | TR2 126
393.5488 	DATA 	Keypress: 5
393.5489 	DATA 	TR 253 | TR1 127 | TR2 126
395.0987 	DATA 	Keypress: 5
395.0988 	DATA 	TR 254 | TR1 127 | TR2 127
396.6658 	DATA 	Keypress: 5
396.6819 	DATA 	TR 255 | TR1 128 | TR2 127
398.2318 	DATA 	Keypress: 5
398.2318 	DATA 	TR 256 | TR1 128 | TR2 128
399.7983 	DATA 	Keypress: 5
399.7983 	DATA 	TR 257 | TR1 129 | TR2 128
401.3488 	DATA 	Keypress: 5
401.3488 	DATA 	TR 258 | TR1 129 | TR2 129
402.9146 	DATA 	Keypress: 5
402.9147 	DATA 	TR 259 | TR1 130 | TR2 129
404.4645 	DATA 	Keypress: 5
404.4646 	DATA 	TR 260 | TR1 130 | TR2 130
406.0477 	DATA 	Keypress: 5
406.0477 	DATA 	TR 261 | TR1 131 | TR2 130
407.5972 	DATA 	Keypress: 5
407.5973 	DATA 	TR 262 | TR1 131 | TR2 131
409.1641 	DATA 	Keypress: 5
409.1641 	DATA 	TR 263 | TR1 132 | TR2 131
410.7139 	DATA 	Keypress: 5
410.7140 	DATA 	TR 264 | TR1 132 | TR2 132
412.2971 	DATA 	Keypress: 5
412.2972 	DATA 	TR 265 | TR1 133 | TR2 132
413.6804 	DATA 	Target presented
413.8470 	DATA 	Keypress: 5
413.8470 	DATA 	TR 266 | TR1 133 | TR2 133
414.2136 	DATA 	Keypress: 1
414.2137 	DATA 	Key1 pressed
414.2137 	DATA 	Target detected
415.4135 	DATA 	Keypress: 5
415.4135 	DATA 	TR 267 | TR1 134 | TR2 133
416.8300 	DATA 	
416.8300 	DATA 	Trial complete
416.8300 	DATA 	Waiting for VASO trigger to start next trial
416.8300 	DATA 	
416.9634 	DATA 	Keypress: 5
416.9634 	DATA 	TR 268 | TR1 134 | TR2 134
418.5299 	DATA 	Keypress: 5
418.5299 	DATA 	Waited 1.6998779773712158 seconds for trigger
418.5307 	DATA 	
418.5307 	DATA 	Trial 11
418.5307 	DATA 	stimDur = 1.0
418.5307 	DATA 	jitter = 0.0
418.5307 	DATA 	restDur = 20.0

418.5307 	DATA 	
418.5307 	DATA 	TR 269 | TR1 135 | TR2 134
418.5307 	DATA 	
418.5307 	DATA 	stimulation started
418.5307 	DATA 	
419.5465 	DATA 	
419.5465 	DATA 	stimulation stopped
419.5465 	DATA 	
420.0804 	DATA 	Keypress: 5
420.0964 	DATA 	TR 270 | TR1 135 | TR2 135
421.6629 	DATA 	Keypress: 5
421.6630 	DATA 	TR 271 | TR1 136 | TR2 135
423.2128 	DATA 	Keypress: 5
423.2129 	DATA 	TR 272 | TR1 136 | TR2 136
424.7793 	DATA 	Keypress: 5
424.7793 	DATA 	TR 273 | TR1 137 | TR2 136
426.3292 	DATA 	Keypress: 5
426.3292 	DATA 	TR 274 | TR1 137 | TR2 137
427.9124 	DATA 	Keypress: 5
427.9124 	DATA 	TR 275 | TR1 138 | TR2 137
429.4622 	DATA 	Keypress: 5
429.4623 	DATA 	TR 276 | TR1 138 | TR2 138
431.0287 	DATA 	Keypress: 5
431.0288 	DATA 	TR 277 | TR1 139 | TR2 138
432.5787 	DATA 	Keypress: 5
432.5787 	DATA 	TR 278 | TR1 139 | TR2 139
434.1618 	DATA 	Keypress: 5
434.1618 	DATA 	TR 279 | TR1 140 | TR2 139
435.7117 	DATA 	Keypress: 5
435.7117 	DATA 	TR 280 | TR1 140 | TR2 140
437.2782 	DATA 	Keypress: 5
437.2782 	DATA 	TR 281 | TR1 141 | TR2 140
438.8280 	DATA 	Keypress: 5
438.8281 	DATA 	TR 282 | TR1 141 | TR2 141
439.5446 	DATA 	
439.5446 	DATA 	Trial complete
439.5446 	DATA 	Waiting for VASO trigger to start next trial
439.5446 	DATA 	
440.3945 	DATA 	Keypress: 5
440.3946 	DATA 	Waited 0.8500039577484131 seconds for trigger
440.3954 	DATA 	
440.3954 	DATA 	Trial 12
440.3954 	DATA 	stimDur = 2.0
440.3954 	DATA 	jitter = 2.35575
440.3954 	DATA 	restDur = 22.0

440.3954 	DATA 	
440.3954 	DATA 	TR 283 | TR1 142 | TR2 141
441.9444 	DATA 	Keypress: 5
441.9445 	DATA 	TR 284 | TR1 142 | TR2 142
442.7609 	DATA 	
442.7610 	DATA 	stimulation started
442.7610 	DATA 	
443.5277 	DATA 	Keypress: 5
443.5278 	DATA 	TR 285 | TR1 143 | TR2 142
444.7608 	DATA 	
444.7608 	DATA 	stimulation stopped
444.7608 	DATA 	
445.0775 	DATA 	Keypress: 5
445.0775 	DATA 	TR 286 | TR1 143 | TR2 143
446.6440 	DATA 	Keypress: 5
446.6440 	DATA 	TR 287 | TR1 144 | TR2 143
448.1938 	DATA 	Keypress: 5
448.1938 	DATA 	TR 288 | TR1 144 | TR2 144
449.7770 	DATA 	Keypress: 5
449.7771 	DATA 	TR 289 | TR1 145 | TR2 144
451.3269 	DATA 	Keypress: 5
451.3269 	DATA 	TR 290 | TR1 145 | TR2 145
452.8934 	DATA 	Keypress: 5
452.8934 	DATA 	TR 291 | TR1 146 | TR2 145
454.4433 	DATA 	Keypress: 5
454.4433 	DATA 	TR 292 | TR1 146 | TR2 146
456.0097 	DATA 	Keypress: 5
456.0098 	DATA 	TR 293 | TR1 147 | TR2 146
457.5765 	DATA 	Keypress: 5
457.5765 	DATA 	TR 294 | TR1 147 | TR2 147
459.1428 	DATA 	Keypress: 5
459.1428 	DATA 	TR 295 | TR1 148 | TR2 147
460.6927 	DATA 	Keypress: 5
460.6928 	DATA 	TR 296 | TR1 148 | TR2 148
462.2592 	DATA 	Keypress: 5
462.2592 	DATA 	TR 297 | TR1 149 | TR2 148
463.8091 	DATA 	Keypress: 5
463.8091 	DATA 	TR 298 | TR1 149 | TR2 149
465.3922 	DATA 	Keypress: 5
465.3923 	DATA 	TR 299 | TR1 150 | TR2 149
466.7587 	DATA 	
466.7587 	DATA 	Trial complete
466.7588 	DATA 	Waiting for VASO trigger to start next trial
466.7588 	DATA 	
466.9420 	DATA 	Keypress: 5
466.9420 	DATA 	TR 300 | TR1 150 | TR2 150
468.5086 	DATA 	Keypress: 5
468.5087 	DATA 	Waited 1.7498881816864014 seconds for trigger
468.5094 	DATA 	
468.5094 	DATA 	Trial 13
468.5094 	DATA 	stimDur = 4.0
468.5094 	DATA 	jitter = 1.5705
468.5094 	DATA 	restDur = 24.0

468.5094 	DATA 	
468.5094 	DATA 	TR 301 | TR1 151 | TR2 150
470.0585 	DATA 	Keypress: 5
470.0586 	DATA 	TR 302 | TR1 151 | TR2 151
470.0920 	DATA 	
470.0920 	DATA 	stimulation started
470.0920 	DATA 	
471.6258 	DATA 	Keypress: 5
471.6419 	DATA 	TR 303 | TR1 152 | TR2 151
473.1916 	DATA 	Keypress: 5
473.1916 	DATA 	TR 304 | TR1 152 | TR2 152
474.0914 	DATA 	
474.0914 	DATA 	stimulation stopped
474.0914 	DATA 	
474.7580 	DATA 	Keypress: 5
474.7581 	DATA 	TR 305 | TR1 153 | TR2 152
476.3079 	DATA 	Keypress: 5
476.3080 	DATA 	TR 306 | TR1 153 | TR2 153
477.8744 	DATA 	Keypress: 5
477.8745 	DATA 	TR 307 | TR1 154 | TR2 153
479.1410 	DATA 	Target presented
479.4249 	DATA 	Keypress: 5
479.4409 	DATA 	TR 308 | TR1 154 | TR2 154
479.6243 	DATA 	Keypress: 1
479.6243 	DATA 	Key1 pressed
479.6243 	DATA 	Target detected
481.0075 	DATA 	Keypress: 5
481.0075 	DATA 	TR 309 | TR1 155 | TR2 154
482.5573 	DATA 	Keypress: 5
482.5574 	DATA 	TR 310 | TR1 155 | TR2 155
484.1238 	DATA 	Keypress: 5
484.1239 	DATA 	TR 311 | TR1 156 | TR2 155
485.6737 	DATA 	Keypress: 5
485.6737 	DATA 	TR 312 | TR1 156 | TR2 156
487.2569 	DATA 	Keypress: 5
487.2569 	DATA 	TR 313 | TR1 157 | TR2 156
488.8068 	DATA 	Keypress: 5
488.8068 	DATA 	TR 314 | TR1 157 | TR2 157
490.3734 	DATA 	Keypress: 5
490.3735 	DATA 	TR 315 | TR1 158 | TR2 157
491.9231 	DATA 	Keypress: 5
491.9232 	DATA 	TR 316 | TR1 158 | TR2 158
493.4896 	DATA 	Keypress: 5
493.4897 	DATA 	TR 317 | TR1 159 | TR2 158
495.0562 	DATA 	Keypress: 5
495.0562 	DATA 	TR 318 | TR1 159 | TR2 159
496.6227 	DATA 	Keypress: 5
496.6227 	DATA 	TR 319 | TR1 160 | TR2 159
498.0892 	DATA 	
498.0892 	DATA 	Trial complete
498.0892 	DATA 	Waiting for VASO trigger to start next trial
498.0892 	DATA 	
498.1726 	DATA 	Keypress: 5
498.1726 	DATA 	TR 320 | TR1 160 | TR2 160
499.7391 	DATA 	Keypress: 5
499.7391 	DATA 	Waited 1.6498889923095703 seconds for trigger
499.7399 	DATA 	
499.7399 	DATA 	Trial 14
499.7399 	DATA 	stimDur = 24.0
499.7399 	DATA 	jitter = 0.78525
499.7399 	DATA 	restDur = 40.0

499.7399 	DATA 	
499.7399 	DATA 	TR 321 | TR1 161 | TR2 160
500.5389 	DATA 	
500.5390 	DATA 	stimulation started
500.5390 	DATA 	
501.2890 	DATA 	Keypress: 5
501.2891 	DATA 	TR 322 | TR1 161 | TR2 161
502.8722 	DATA 	Keypress: 5
502.8722 	DATA 	TR 323 | TR1 162 | TR2 161
504.4220 	DATA 	Keypress: 5
504.4221 	DATA 	TR 324 | TR1 162 | TR2 162
505.9887 	DATA 	Keypress: 5
505.9887 	DATA 	TR 325 | TR1 163 | TR2 162
507.5384 	DATA 	Keypress: 5
507.5385 	DATA 	TR 326 | TR1 163 | TR2 163
509.1216 	DATA 	Keypress: 5
509.1216 	DATA 	TR 327 | TR1 164 | TR2 163
510.6715 	DATA 	Keypress: 5
510.6715 	DATA 	TR 328 | TR1 164 | TR2 164
512.2380 	DATA 	Keypress: 5
512.2380 	DATA 	TR 329 | TR1 165 | TR2 164
513.7878 	DATA 	Keypress: 5
513.7879 	DATA 	TR 330 | TR1 165 | TR2 165
515.3544 	DATA 	Keypress: 5
515.3544 	DATA 	TR 331 | TR1 166 | TR2 165
516.9043 	DATA 	Keypress: 5
516.9043 	DATA 	TR 332 | TR1 166 | TR2 166
518.4874 	DATA 	Keypress: 5
518.4874 	DATA 	TR 333 | TR1 167 | TR2 166
520.0375 	DATA 	Keypress: 5
520.0376 	DATA 	TR 334 | TR1 167 | TR2 167
521.6038 	DATA 	Keypress: 5
521.6038 	DATA 	TR 335 | TR1 168 | TR2 167
523.1537 	DATA 	Keypress: 5
523.1537 	DATA 	TR 336 | TR1 168 | TR2 168
524.5368 	DATA 	
524.5368 	DATA 	stimulation stopped
524.5368 	DATA 	
524.7368 	DATA 	Keypress: 5
524.7368 	DATA 	TR 337 | TR1 169 | TR2 168
526.2866 	DATA 	Keypress: 5
526.2867 	DATA 	TR 338 | TR1 169 | TR2 169
527.8531 	DATA 	Keypress: 5
527.8532 	DATA 	TR 339 | TR1 170 | TR2 169
529.4030 	DATA 	Keypress: 5
529.4031 	DATA 	TR 340 | TR1 170 | TR2 170
530.9701 	DATA 	Keypress: 5
530.9862 	DATA 	TR 341 | TR1 171 | TR2 170
532.5361 	DATA 	Keypress: 5
532.5361 	DATA 	TR 342 | TR1 171 | TR2 171
534.1026 	DATA 	Keypress: 5
534.1026 	DATA 	TR 343 | TR1 172 | TR2 171
535.6524 	DATA 	Keypress: 5
535.6525 	DATA 	TR 344 | TR1 172 | TR2 172
537.2189 	DATA 	Keypress: 5
537.2190 	DATA 	TR 345 | TR1 173 | TR2 172
538.7688 	DATA 	Keypress: 5
538.7689 	DATA 	TR 346 | TR1 173 | TR2 173
540.3520 	DATA 	Keypress: 5
540.3521 	DATA 	TR 347 | TR1 174 | TR2 173
541.9019 	DATA 	Keypress: 5
541.9019 	DATA 	TR 348 | TR1 174 | TR2 174
543.4686 	DATA 	Keypress: 5
543.4686 	DATA 	TR 349 | TR1 175 | TR2 174
545.0183 	DATA 	Keypress: 5
545.0183 	DATA 	TR 350 | TR1 175 | TR2 175
546.6015 	DATA 	Keypress: 5
546.6016 	DATA 	TR 351 | TR1 176 | TR2 175
548.1513 	DATA 	Keypress: 5
548.1513 	DATA 	TR 352 | TR1 176 | TR2 176
549.7178 	DATA 	Keypress: 5
549.7179 	DATA 	TR 353 | TR1 177 | TR2 176
551.2677 	DATA 	Keypress: 5
551.2677 	DATA 	TR 354 | TR1 177 | TR2 177
552.8342 	DATA 	Keypress: 5
552.8342 	DATA 	TR 355 | TR1 178 | TR2 177
554.4007 	DATA 	Keypress: 5
554.4008 	DATA 	TR 356 | TR1 178 | TR2 178
555.9672 	DATA 	Keypress: 5
555.9673 	DATA 	TR 357 | TR1 179 | TR2 178
557.1838 	DATA 	Target presented
557.5171 	DATA 	Keypress: 5
557.5172 	DATA 	TR 358 | TR1 179 | TR2 179
558.0004 	DATA 	Keypress: 1
558.0004 	DATA 	Key1 pressed
558.0004 	DATA 	Target detected
559.0836 	DATA 	Keypress: 5
559.0836 	DATA 	TR 359 | TR1 180 | TR2 179
560.6335 	DATA 	Keypress: 5
560.6335 	DATA 	TR 360 | TR1 180 | TR2 180
562.2166 	DATA 	Keypress: 5
562.2167 	DATA 	TR 361 | TR1 181 | TR2 180
563.7665 	DATA 	Keypress: 5
563.7666 	DATA 	TR 362 | TR1 181 | TR2 181
564.5331 	DATA 	
564.5331 	DATA 	Trial complete
564.5331 	DATA 	Waiting for VASO trigger to start next trial
564.5331 	DATA 	
565.3330 	DATA 	Keypress: 5
565.3332 	DATA 	Waited 0.8000640869140625 seconds for trigger
565.3339 	DATA 	
565.3340 	DATA 	Trial 15
565.3340 	DATA 	stimDur = 12.0
565.3340 	DATA 	jitter = 1.5705
565.3340 	DATA 	restDur = 30.0

565.3340 	DATA 	
565.3340 	DATA 	TR 363 | TR1 182 | TR2 181
566.8829 	DATA 	Keypress: 5
566.8829 	DATA 	TR 364 | TR1 182 | TR2 182
566.9162 	DATA 	
566.9162 	DATA 	stimulation started
566.9162 	DATA 	
568.4661 	DATA 	Keypress: 5
568.4662 	DATA 	TR 365 | TR1 183 | TR2 182
570.0160 	DATA 	Keypress: 5
570.0160 	DATA 	TR 366 | TR1 183 | TR2 183
571.5825 	DATA 	Keypress: 5
571.5826 	DATA 	TR 367 | TR1 184 | TR2 183
573.1324 	DATA 	Keypress: 5
573.1324 	DATA 	TR 368 | TR1 184 | TR2 184
574.6989 	DATA 	Keypress: 5
574.6989 	DATA 	TR 369 | TR1 185 | TR2 184
576.2488 	DATA 	Keypress: 5
576.2488 	DATA 	TR 370 | TR1 185 | TR2 185
577.8320 	DATA 	Keypress: 5
577.8320 	DATA 	TR 371 | TR1 186 | TR2 185
578.9151 	DATA 	
578.9151 	DATA 	stimulation stopped
578.9151 	DATA 	
579.3817 	DATA 	Keypress: 5
579.3817 	DATA 	TR 372 | TR1 186 | TR2 186
580.9483 	DATA 	Keypress: 5
580.9483 	DATA 	TR 373 | TR1 187 | TR2 186
582.4981 	DATA 	Keypress: 5
582.4982 	DATA 	TR 374 | TR1 187 | TR2 187
584.0813 	DATA 	Keypress: 5
584.0814 	DATA 	TR 375 | TR1 188 | TR2 187
585.6313 	DATA 	Keypress: 5
585.6313 	DATA 	TR 376 | TR1 188 | TR2 188
587.1977 	DATA 	Keypress: 5
587.1977 	DATA 	TR 377 | TR1 189 | TR2 188
588.7475 	DATA 	Keypress: 5
588.7476 	DATA 	TR 378 | TR1 189 | TR2 189
590.3141 	DATA 	Keypress: 5
590.3141 	DATA 	TR 379 | TR1 190 | TR2 189
591.8805 	DATA 	Keypress: 5
591.8806 	DATA 	TR 380 | TR1 190 | TR2 190
593.4471 	DATA 	Keypress: 5
593.4472 	DATA 	TR 381 | TR1 191 | TR2 190
594.9970 	DATA 	Keypress: 5
594.9970 	DATA 	TR 382 | TR1 191 | TR2 191
596.5635 	DATA 	Keypress: 5
596.5635 	DATA 	TR 383 | TR1 192 | TR2 191
598.1133 	DATA 	Keypress: 5
598.1134 	DATA 	TR 384 | TR1 192 | TR2 192
599.6967 	DATA 	Keypress: 5
599.6967 	DATA 	TR 385 | TR1 193 | TR2 192
601.2464 	DATA 	Keypress: 5
601.2464 	DATA 	TR 386 | TR1 193 | TR2 193
602.8129 	DATA 	Keypress: 5
602.8130 	DATA 	TR 387 | TR1 194 | TR2 193
604.3627 	DATA 	Keypress: 5
604.3628 	DATA 	TR 388 | TR1 194 | TR2 194
605.9461 	DATA 	Keypress: 5
605.9461 	DATA 	TR 389 | TR1 195 | TR2 194
606.2794 	DATA 	Target presented
606.8460 	DATA 	Keypress: 1
606.8461 	DATA 	Key1 pressed
606.8461 	DATA 	Target detected
607.4958 	DATA 	Keypress: 5
607.4958 	DATA 	TR 390 | TR1 195 | TR2 195
608.9123 	DATA 	
608.9123 	DATA 	Trial complete
608.9123 	DATA 	Waiting for VASO trigger to start next trial
608.9123 	DATA 	
609.0623 	DATA 	Keypress: 5
609.0624 	DATA 	Waited 0.1500561237335205 seconds for trigger
609.0632 	DATA 	
609.0632 	DATA 	Trial 16
609.0632 	DATA 	stimDur = 12.0
609.0632 	DATA 	jitter = 2.35575
609.0632 	DATA 	restDur = 30.0

609.0632 	DATA 	
609.0632 	DATA 	TR 391 | TR1 196 | TR2 195
610.6122 	DATA 	Keypress: 5
610.6123 	DATA 	TR 392 | TR1 196 | TR2 196
611.4287 	DATA 	
611.4288 	DATA 	stimulation started
611.4288 	DATA 	
612.1788 	DATA 	Keypress: 5
612.1788 	DATA 	TR 393 | TR1 197 | TR2 196
613.7286 	DATA 	Keypress: 5
613.7287 	DATA 	TR 394 | TR1 197 | TR2 197
615.3118 	DATA 	Keypress: 5
615.3119 	DATA 	TR 395 | TR1 198 | TR2 197
616.8617 	DATA 	Keypress: 5
616.8617 	DATA 	TR 396 | TR1 198 | TR2 198
618.4282 	DATA 	Keypress: 5
618.4283 	DATA 	TR 397 | TR1 199 | TR2 198
619.9781 	DATA 	Keypress: 5
619.9781 	DATA 	TR 398 | TR1 199 | TR2 199
621.5614 	DATA 	Keypress: 5
621.5615 	DATA 	TR 399 | TR1 200 | TR2 199
623.1111 	DATA 	Keypress: 5
623.1111 	DATA 	TR 400 | TR1 200 | TR2 200
623.4277 	DATA 	
623.4277 	DATA 	stimulation stopped
623.4277 	DATA 	
624.6777 	DATA 	Keypress: 5
624.6778 	DATA 	TR 401 | TR1 201 | TR2 200
626.2274 	DATA 	Keypress: 5
626.2275 	DATA 	TR 402 | TR1 201 | TR2 201
627.7940 	DATA 	Keypress: 5
627.7940 	DATA 	TR 403 | TR1 202 | TR2 201
629.3605 	DATA 	Keypress: 5
629.3605 	DATA 	TR 404 | TR1 202 | TR2 202
630.9270 	DATA 	Keypress: 5
630.9271 	DATA 	TR 405 | TR1 203 | TR2 202
632.4769 	DATA 	Keypress: 5
632.4769 	DATA 	TR 406 | TR1 203 | TR2 203
634.0434 	DATA 	Keypress: 5
634.0435 	DATA 	TR 407 | TR1 204 | TR2 203
635.5933 	DATA 	Keypress: 5
635.5934 	DATA 	TR 408 | TR1 204 | TR2 204
637.1764 	DATA 	Keypress: 5
637.1765 	DATA 	TR 409 | TR1 205 | TR2 204
638.7263 	DATA 	Keypress: 5
638.7263 	DATA 	TR 410 | TR1 205 | TR2 205
640.2928 	DATA 	Keypress: 5
640.2929 	DATA 	TR 411 | TR1 206 | TR2 205
641.8426 	DATA 	Keypress: 5
641.8427 	DATA 	TR 412 | TR1 206 | TR2 206
643.4259 	DATA 	Keypress: 5
643.4259 	DATA 	TR 413 | TR1 207 | TR2 206
644.9757 	DATA 	Keypress: 5
644.9758 	DATA 	TR 414 | TR1 207 | TR2 207
646.5422 	DATA 	Keypress: 5
646.5423 	DATA 	TR 415 | TR1 208 | TR2 207
648.0921 	DATA 	Keypress: 5
648.0921 	DATA 	TR 416 | TR1 208 | TR2 208
649.6586 	DATA 	Keypress: 5
649.6586 	DATA 	TR 417 | TR1 209 | TR2 208
651.2090 	DATA 	Keypress: 5
651.2251 	DATA 	TR 418 | TR1 209 | TR2 209
652.7917 	DATA 	Keypress: 5
652.7917 	DATA 	TR 419 | TR1 210 | TR2 209
653.4249 	DATA 	
653.4249 	DATA 	Trial complete
653.4249 	DATA 	Waiting for VASO trigger to start next trial
653.4249 	DATA 	
654.3416 	DATA 	Keypress: 5
654.3417 	DATA 	TR 420 | TR1 210 | TR2 210
655.9081 	DATA 	Keypress: 5
655.9081 	DATA 	Waited 2.4832100868225098 seconds for trigger
655.9089 	DATA 	
655.9089 	DATA 	Trial 17
655.9089 	DATA 	stimDur = 24.0
655.9089 	DATA 	jitter = 0.0
655.9089 	DATA 	restDur = 40.0

655.9089 	DATA 	
655.9089 	DATA 	TR 421 | TR1 211 | TR2 210
655.9089 	DATA 	
655.9089 	DATA 	stimulation started
655.9089 	DATA 	
657.4579 	DATA 	Keypress: 5
657.4580 	DATA 	TR 422 | TR1 211 | TR2 211
659.0412 	DATA 	Keypress: 5
659.0412 	DATA 	TR 423 | TR1 212 | TR2 211
660.5910 	DATA 	Keypress: 5
660.5910 	DATA 	TR 424 | TR1 212 | TR2 212
662.1575 	DATA 	Keypress: 5
662.1576 	DATA 	TR 425 | TR1 213 | TR2 212
663.7074 	DATA 	Keypress: 5
663.7074 	DATA 	TR 426 | TR1 213 | TR2 213
665.2747 	DATA 	Keypress: 5
665.2905 	DATA 	TR 427 | TR1 214 | TR2 213
666.8404 	DATA 	Keypress: 5
666.8404 	DATA 	TR 428 | TR1 214 | TR2 214
668.4069 	DATA 	Keypress: 5
668.4070 	DATA 	TR 429 | TR1 215 | TR2 214
669.9568 	DATA 	Keypress: 5
669.9569 	DATA 	TR 430 | TR1 215 | TR2 215
671.5233 	DATA 	Keypress: 5
671.5234 	DATA 	TR 431 | TR1 216 | TR2 215
672.6065 	DATA 	Target presented
673.0731 	DATA 	Keypress: 5
673.0732 	DATA 	TR 432 | TR1 216 | TR2 216
673.1233 	DATA 	Keypress: 1
673.1233 	DATA 	Key1 pressed
673.1233 	DATA 	Target detected
674.6564 	DATA 	Keypress: 5
674.6564 	DATA 	TR 433 | TR1 217 | TR2 216
676.2062 	DATA 	Keypress: 5
676.2063 	DATA 	TR 434 | TR1 217 | TR2 217
677.7728 	DATA 	Keypress: 5
677.7728 	DATA 	TR 435 | TR1 218 | TR2 217
679.3226 	DATA 	Keypress: 5
679.3226 	DATA 	TR 436 | TR1 218 | TR2 218
679.9225 	DATA 	
679.9225 	DATA 	stimulation stopped
679.9225 	DATA 	
680.9057 	DATA 	Keypress: 5
680.9058 	DATA 	TR 437 | TR1 219 | TR2 218
682.4556 	DATA 	Keypress: 5
682.4556 	DATA 	TR 438 | TR1 219 | TR2 219
684.0221 	DATA 	Keypress: 5
684.0222 	DATA 	TR 439 | TR1 220 | TR2 219
685.5720 	DATA 	Keypress: 5
685.5720 	DATA 	TR 440 | TR1 220 | TR2 220
687.1385 	DATA 	Keypress: 5
687.1386 	DATA 	TR 441 | TR1 221 | TR2 220
688.7050 	DATA 	Keypress: 5
688.7050 	DATA 	TR 442 | TR1 221 | TR2 221
690.2715 	DATA 	Keypress: 5
690.2716 	DATA 	TR 443 | TR1 222 | TR2 221
691.8215 	DATA 	Keypress: 5
691.8216 	DATA 	TR 444 | TR1 222 | TR2 222
693.3879 	DATA 	Keypress: 5
693.3880 	DATA 	TR 445 | TR1 223 | TR2 222
694.9377 	DATA 	Keypress: 5
694.9378 	DATA 	TR 446 | TR1 223 | TR2 223
696.5210 	DATA 	Keypress: 5
696.5210 	DATA 	TR 447 | TR1 224 | TR2 223
698.0708 	DATA 	Keypress: 5
698.0708 	DATA 	TR 448 | TR1 224 | TR2 224
699.6374 	DATA 	Keypress: 5
699.6374 	DATA 	TR 449 | TR1 225 | TR2 224
701.1872 	DATA 	Keypress: 5
701.1872 	DATA 	TR 450 | TR1 225 | TR2 225
702.7543 	DATA 	Keypress: 5
702.7703 	DATA 	TR 451 | TR1 226 | TR2 225
704.3201 	DATA 	Keypress: 5
704.3202 	DATA 	TR 452 | TR1 226 | TR2 226
705.8868 	DATA 	Keypress: 5
705.8868 	DATA 	TR 453 | TR1 227 | TR2 226
707.4366 	DATA 	Keypress: 5
707.4367 	DATA 	TR 454 | TR1 227 | TR2 227
709.0032 	DATA 	Keypress: 5
709.0032 	DATA 	TR 455 | TR1 228 | TR2 227
710.5530 	DATA 	Keypress: 5
710.5530 	DATA 	TR 456 | TR1 228 | TR2 228
712.1362 	DATA 	Keypress: 5
712.1363 	DATA 	TR 457 | TR1 229 | TR2 228
713.6860 	DATA 	Keypress: 5
713.6860 	DATA 	TR 458 | TR1 229 | TR2 229
715.2526 	DATA 	Keypress: 5
715.2526 	DATA 	TR 459 | TR1 230 | TR2 229
716.8024 	DATA 	Keypress: 5
716.8025 	DATA 	TR 460 | TR1 230 | TR2 230
718.3858 	DATA 	Keypress: 5
718.3859 	DATA 	TR 461 | TR1 231 | TR2 230
719.9188 	DATA 	
719.9188 	DATA 	Trial complete
719.9188 	DATA 	Waiting for VASO trigger to start next trial
719.9188 	DATA 	
719.9355 	DATA 	Keypress: 5
719.9355 	DATA 	TR 462 | TR1 231 | TR2 231
721.5020 	DATA 	Keypress: 5
721.5021 	DATA 	Waited 1.5833141803741455 seconds for trigger
721.5029 	DATA 	
721.5029 	DATA 	Trial 18
721.5029 	DATA 	stimDur = 1.0
721.5029 	DATA 	jitter = 2.35575
721.5029 	DATA 	restDur = 20.0

721.5029 	DATA 	
721.5029 	DATA 	TR 463 | TR1 232 | TR2 231
723.0520 	DATA 	Keypress: 5
723.0520 	DATA 	TR 464 | TR1 232 | TR2 232
723.8684 	DATA 	
723.8684 	DATA 	stimulation started
723.8684 	DATA 	
724.6184 	DATA 	Keypress: 5
724.6185 	DATA 	TR 465 | TR1 233 | TR2 232
724.8683 	DATA 	
724.8683 	DATA 	stimulation stopped
724.8683 	DATA 	
726.1849 	DATA 	Keypress: 5
726.1849 	DATA 	TR 466 | TR1 233 | TR2 233
727.7514 	DATA 	Keypress: 5
727.7514 	DATA 	TR 467 | TR1 234 | TR2 233
729.3013 	DATA 	Keypress: 5
729.3013 	DATA 	TR 468 | TR1 234 | TR2 234
730.8678 	DATA 	Keypress: 5
730.8679 	DATA 	TR 469 | TR1 235 | TR2 234
732.4176 	DATA 	Keypress: 5
732.4177 	DATA 	TR 470 | TR1 235 | TR2 235
733.7175 	DATA 	Target presented
734.0008 	DATA 	Keypress: 5
734.0008 	DATA 	TR 471 | TR1 236 | TR2 235
734.1675 	DATA 	Keypress: 1
734.1675 	DATA 	Key1 pressed
734.1675 	DATA 	Target detected
735.5508 	DATA 	Keypress: 5
735.5508 	DATA 	TR 472 | TR1 236 | TR2 236
737.1172 	DATA 	Keypress: 5
737.1172 	DATA 	TR 473 | TR1 237 | TR2 236
738.6671 	DATA 	Keypress: 5
738.6671 	DATA 	TR 474 | TR1 237 | TR2 237
740.2503 	DATA 	Keypress: 5
740.2503 	DATA 	TR 475 | TR1 238 | TR2 237
741.8001 	DATA 	Keypress: 5
741.8002 	DATA 	TR 476 | TR1 238 | TR2 238
743.3666 	DATA 	Keypress: 5
743.3667 	DATA 	TR 477 | TR1 239 | TR2 238
744.8665 	DATA 	
744.8665 	DATA 	Trial complete
744.8665 	DATA 	Waiting for VASO trigger to start next trial
744.8665 	DATA 	
744.9165 	DATA 	Keypress: 5
744.9166 	DATA 	TR 478 | TR1 239 | TR2 239
746.4830 	DATA 	Keypress: 5
746.4831 	DATA 	Waited 1.6165440082550049 seconds for trigger
746.4838 	DATA 	
746.4838 	DATA 	Trial 19
746.4839 	DATA 	stimDur = 2.0
746.4839 	DATA 	jitter = 0.0
746.4839 	DATA 	restDur = 22.0

746.4839 	DATA 	
746.4839 	DATA 	TR 479 | TR1 240 | TR2 239
746.4839 	DATA 	
746.4839 	DATA 	stimulation started
746.4839 	DATA 	
748.0331 	DATA 	Keypress: 5
748.0331 	DATA 	TR 480 | TR1 240 | TR2 240
748.4995 	DATA 	
748.4995 	DATA 	stimulation stopped
748.4995 	DATA 	
749.6161 	DATA 	Keypress: 5
749.6161 	DATA 	TR 481 | TR1 241 | TR2 240
751.1659 	DATA 	Keypress: 5
751.1660 	DATA 	TR 482 | TR1 241 | TR2 241
752.7326 	DATA 	Keypress: 5
752.7326 	DATA 	TR 483 | TR1 242 | TR2 241
754.2823 	DATA 	Keypress: 5
754.2824 	DATA 	TR 484 | TR1 242 | TR2 242
755.8655 	DATA 	Keypress: 5
755.8655 	DATA 	TR 485 | TR1 243 | TR2 242
757.4154 	DATA 	Keypress: 5
757.4154 	DATA 	TR 486 | TR1 243 | TR2 243
758.9819 	DATA 	Keypress: 5
758.9819 	DATA 	TR 487 | TR1 244 | TR2 243
760.5320 	DATA 	Keypress: 5
760.5320 	DATA 	TR 488 | TR1 244 | TR2 244
762.0983 	DATA 	Keypress: 5
762.0983 	DATA 	TR 489 | TR1 245 | TR2 244
763.6650 	DATA 	Keypress: 5
763.6650 	DATA 	TR 490 | TR1 245 | TR2 245
765.2313 	DATA 	Keypress: 5
765.2313 	DATA 	TR 491 | TR1 246 | TR2 245
766.7812 	DATA 	Keypress: 5
766.7812 	DATA 	TR 492 | TR1 246 | TR2 246
768.3477 	DATA 	Keypress: 5
768.3477 	DATA 	TR 493 | TR1 247 | TR2 246
769.8976 	DATA 	Keypress: 5
769.8976 	DATA 	TR 494 | TR1 247 | TR2 247
770.4973 	DATA 	
770.4973 	DATA 	Trial complete
770.4974 	DATA 	
771.4807 	DATA 	Keypress: 5
771.4808 	DATA 	Waited 26.61425805091858 seconds for trigger
771.4815 	DATA 	
771.4816 	DATA 	Trial 20
771.4816 	DATA 	stimDur = 4.0
771.4816 	DATA 	jitter = 0.0
771.4816 	DATA 	restDur = 24.0

771.4816 	DATA 	
771.4816 	DATA 	TR 495 | TR1 248 | TR2 247
771.4816 	DATA 	
771.4816 	DATA 	stimulation started
771.4816 	DATA 	
773.0307 	DATA 	Keypress: 5
773.0307 	DATA 	TR 496 | TR1 248 | TR2 248
774.5971 	DATA 	Keypress: 5
774.5972 	DATA 	TR 497 | TR1 249 | TR2 248
775.4970 	DATA 	
775.4971 	DATA 	stimulation stopped
775.4971 	DATA 	
776.1470 	DATA 	Keypress: 5
776.1470 	DATA 	TR 498 | TR1 249 | TR2 249
777.7302 	DATA 	Keypress: 5
777.7302 	DATA 	TR 499 | TR1 250 | TR2 249
779.2798 	DATA 	Keypress: 5
779.2799 	DATA 	TR 500 | TR1 250 | TR2 250
780.8465 	DATA 	Keypress: 5
780.8466 	DATA 	TR 501 | TR1 251 | TR2 250
782.3964 	DATA 	Keypress: 5
782.3965 	DATA 	TR 502 | TR1 251 | TR2 251
783.9629 	DATA 	Keypress: 5
783.9630 	DATA 	TR 503 | TR1 252 | TR2 251
785.5134 	DATA 	Keypress: 5
785.5294 	DATA 	TR 504 | TR1 252 | TR2 252
787.0959 	DATA 	Keypress: 5
787.0960 	DATA 	TR 505 | TR1 253 | TR2 252
788.6460 	DATA 	Keypress: 5
788.6460 	DATA 	TR 506 | TR1 253 | TR2 253
790.2123 	DATA 	Keypress: 5
790.2124 	DATA 	TR 507 | TR1 254 | TR2 253
791.7622 	DATA 	Keypress: 5
791.7623 	DATA 	TR 508 | TR1 254 | TR2 254
793.3454 	DATA 	Keypress: 5
793.3454 	DATA 	TR 509 | TR1 255 | TR2 254
794.8952 	DATA 	Keypress: 5
794.8953 	DATA 	TR 510 | TR1 255 | TR2 255
796.4617 	DATA 	Keypress: 5
796.4618 	DATA 	TR 511 | TR1 256 | TR2 255
798.0116 	DATA 	Keypress: 5
798.0117 	DATA 	TR 512 | TR1 256 | TR2 256
799.4947 	DATA 	
799.4948 	DATA 	Trial complete
799.4948 	DATA 	
799.5948 	DATA 	Keypress: 5
799.5948 	DATA 	TR 513 | TR1 257 | TR2 256
801.1448 	DATA 	Keypress: 5
801.1449 	DATA 	TR 514 | TR1 257 | TR2 257
802.7112 	DATA 	Keypress: 5
802.7112 	DATA 	TR 515 | TR1 258 | TR2 257
804.2611 	DATA 	Keypress: 5
804.2611 	DATA 	TR 516 | TR1 258 | TR2 258
805.8276 	DATA 	Keypress: 5
805.8276 	DATA 	TR 517 | TR1 259 | TR2 258
807.3774 	DATA 	Keypress: 5
807.3775 	DATA 	TR 518 | TR1 259 | TR2 259
808.9606 	DATA 	Keypress: 5
808.9606 	DATA 	TR 519 | TR1 260 | TR2 259
810.5105 	DATA 	Keypress: 5
810.5105 	DATA 	TR 520 | TR1 260 | TR2 260
812.0770 	DATA 	Keypress: 5
812.0770 	DATA 	TR 521 | TR1 261 | TR2 260
812.6769 	DATA 	Target presented
813.1604 	DATA 	Keypress: 1
813.1605 	DATA 	Key1 pressed
813.1605 	DATA 	Target detected
813.6268 	DATA 	Keypress: 5
813.6269 	DATA 	TR 522 | TR1 261 | TR2 261
815.2100 	DATA 	Keypress: 5
815.2101 	DATA 	TR 523 | TR1 262 | TR2 261
816.7599 	DATA 	Keypress: 5
816.7600 	DATA 	TR 524 | TR1 262 | TR2 262
825.9257 	DATA 	EndOfRun sub-06_ses-05_run-04

825.9257 	DATA 	We spent 55.36205339431763 seconds waiting for triggers
825.9257 	DATA 	RatioOfDetectedTargets 1.0
825.9257 	DATA 	You have detected 12 out of 12 targets.
830.9553 	EXP 	window1: mouseVisible = True
