MonitorDistance=99cm
MonitorWidth=30cm
PixelWidth=1024.0
PixelHeight=768.0
You have detected 11 out of 12 targets.
Well done! Keep up the good work
7.3671 	INFO 	Loaded monitor calibration from ['2021_05_26 17:55']
7.8353 	EXP 	Created window1 = Window(allowGUI=False, allowStencil=False, autoLog=True, backendConf=UNKNOWN, bitsMode=UNKNOWN, blendMode='avg', bpc=(8, 8, 8), color=array([-0.5, -0.5, -0.5]), colorSpace='rgb', depthBits=8, fullscr=<method-wrapper '__getattribute__' of attributeSetter object at 0x7ff9a2aa8400>, gamma=None, gammaErrorPolicy='raise', lms=UNKNOWN, monitor=<psychopy.monitors.calibTools.Monitor object at 0x7ff9988cbf28>, multiSample=False, name='window1', numSamples=2, pos=[0.0, 0.0], screen=0, size=array([1024,  768]), stencilBits=0, stereo=False, units='deg', useFBO=False, useRetina=False, viewOri=0.0, viewPos=None, viewScale=None, waitBlanking=True, winType='pyglet')
7.8354 	EXP 	window1: mouseVisible = True
7.9063 	EXP 	Created unnamed TextStim = TextStim(__class__=<class 'psychopy.visual.text.TextStim'>, alignHoriz=method-wrapper(...), alignText='center', alignVert=method-wrapper(...), anchorHoriz='center', anchorVert='center', antialias=True, autoLog=True, bold=False, color=array([1., 1., 1.]), colorSpace='rgb', contrast=1.0, depth=0, flipHoriz=False, flipVert=False, font='', fontFiles=[], height=0.5, italic=False, languageStyle='LTR', name='unnamed TextStim', opacity=1.0, ori=0.0, pos=array([0., 0.]), rgb=UNKNOWN, text=str(...), units='deg', win=Window(...), wrapWidth=15.0)
7.9404 	EXP 	Created Movie Frame 0 = ImageStim(__class__=<class 'psychopy.visual.image.ImageStim'>, autoLog=True, color=array([0.8, 0.8, 0.8]), colorSpace='rgb', contrast=0.8, depth=0, flipHoriz=False, flipVert=False, image='visual_0.png', interpolate=False, mask=None, maskParams=None, name='Movie Frame 0', opacity=1, ori=0.0, pos=array([0., 0.]), size=array([1024,  768]), texRes=128, units='pix', win=Window(...))
7.9678 	EXP 	Created Movie Frame 1 = ImageStim(__class__=<class 'psychopy.visual.image.ImageStim'>, autoLog=True, color=array([0.8, 0.8, 0.8]), colorSpace='rgb', contrast=0.8, depth=0, flipHoriz=False, flipVert=False, image='visual_1.png', interpolate=False, mask=None, maskParams=None, name='Movie Frame 1', opacity=1, ori=0.0, pos=array([0., 0.]), size=array([1024,  768]), texRes=128, units='pix', win=Window(...))
33.0585 	DATA 	Keypress: 5
0.0000 	DATA 	StartOfRun sub-06_ses-05_run-01
0.0000 	DATA 	TR 1 | TR1 1 | TR2 0
0.0153 	DATA 	Initial baseline

1.5512 	DATA 	Keypress: 5
1.5512 	DATA 	TR 2 | TR1 1 | TR2 1
3.1223 	DATA 	Keypress: 5
3.1224 	DATA 	TR 3 | TR1 2 | TR2 1
4.6745 	DATA 	Keypress: 5
4.6746 	DATA 	TR 4 | TR1 2 | TR2 2
6.2457 	DATA 	Keypress: 5
6.2458 	DATA 	TR 5 | TR1 3 | TR2 2
7.7979 	DATA 	Keypress: 5
7.7979 	DATA 	TR 6 | TR1 3 | TR2 3
9.3691 	DATA 	Keypress: 5
9.3691 	DATA 	TR 7 | TR1 4 | TR2 3
10.9213 	DATA 	Keypress: 5
10.9213 	DATA 	TR 8 | TR1 4 | TR2 4
12.4925 	DATA 	Keypress: 5
12.4925 	DATA 	TR 9 | TR1 5 | TR2 4
14.0448 	DATA 	Keypress: 5
14.0448 	DATA 	TR 10 | TR1 5 | TR2 5
15.6159 	DATA 	Keypress: 5
15.6159 	DATA 	TR 11 | TR1 6 | TR2 5
17.1681 	DATA 	Keypress: 5
17.1681 	DATA 	TR 12 | TR1 6 | TR2 6
18.7393 	DATA 	Keypress: 5
18.7393 	DATA 	TR 13 | TR1 7 | TR2 6
20.2915 	DATA 	Keypress: 5
20.2915 	DATA 	TR 14 | TR1 7 | TR2 7
21.8627 	DATA 	Keypress: 5
21.8627 	DATA 	TR 15 | TR1 8 | TR2 7
23.4149 	DATA 	Keypress: 5
23.4150 	DATA 	TR 16 | TR1 8 | TR2 8
24.9860 	DATA 	Keypress: 5
24.9861 	DATA 	TR 17 | TR1 9 | TR2 8
26.5382 	DATA 	Keypress: 5
26.5382 	DATA 	TR 18 | TR1 9 | TR2 9
28.1094 	DATA 	Keypress: 5
28.1094 	DATA 	TR 19 | TR1 10 | TR2 9
29.6606 	DATA 	Keypress: 5
29.6607 	DATA 	TR 20 | TR1 10 | TR2 10
31.2460 	DATA 	Keypress: 5
31.2460 	DATA 	Waited 1.2460391521453857 seconds for trigger
31.2515 	DATA 	
31.2515 	DATA 	Trial 1
31.2515 	DATA 	stimDur = 2.0
31.2516 	DATA 	jitter = 1.5705
31.2516 	DATA 	restDur = 22.0

31.2516 	DATA 	
31.2516 	DATA 	TR 21 | TR1 11 | TR2 10
32.7963 	DATA 	Keypress: 5
32.7963 	DATA 	TR 22 | TR1 11 | TR2 11
32.8295 	DATA 	
32.8295 	DATA 	stimulation started
32.8295 	DATA 	
34.3628 	DATA 	Keypress: 5
34.3628 	DATA 	TR 23 | TR1 12 | TR2 11
34.8294 	DATA 	
34.8294 	DATA 	stimulation stopped
34.8294 	DATA 	
35.9126 	DATA 	Keypress: 5
35.9127 	DATA 	TR 24 | TR1 12 | TR2 12
37.4797 	DATA 	Keypress: 5
37.4955 	DATA 	TR 25 | TR1 13 | TR2 12
39.0457 	DATA 	Keypress: 5
39.0457 	DATA 	TR 26 | TR1 13 | TR2 13
40.6122 	DATA 	Keypress: 5
40.6122 	DATA 	TR 27 | TR1 14 | TR2 13
42.1621 	DATA 	Keypress: 5
42.1621 	DATA 	TR 28 | TR1 14 | TR2 14
43.7285 	DATA 	Keypress: 5
43.7286 	DATA 	TR 29 | TR1 15 | TR2 14
45.2784 	DATA 	Keypress: 5
45.2785 	DATA 	TR 30 | TR1 15 | TR2 15
46.8616 	DATA 	Keypress: 5
46.8616 	DATA 	TR 31 | TR1 16 | TR2 15
48.4115 	DATA 	Keypress: 5
48.4115 	DATA 	TR 32 | TR1 16 | TR2 16
49.9780 	DATA 	Keypress: 5
49.9780 	DATA 	TR 33 | TR1 17 | TR2 16
51.5278 	DATA 	Keypress: 5
51.5279 	DATA 	TR 34 | TR1 17 | TR2 17
53.1110 	DATA 	Keypress: 5
53.1110 	DATA 	TR 35 | TR1 18 | TR2 17
54.6609 	DATA 	Keypress: 5
54.6609 	DATA 	TR 36 | TR1 18 | TR2 18
56.2274 	DATA 	Keypress: 5
56.2274 	DATA 	TR 37 | TR1 19 | TR2 18
56.8274 	DATA 	
56.8274 	DATA 	Trial complete
56.8275 	DATA 	Waiting for VASO trigger to start next trial
56.8275 	DATA 	
57.7772 	DATA 	Keypress: 5
57.7772 	DATA 	TR 38 | TR1 19 | TR2 19
59.3437 	DATA 	Keypress: 5
59.3438 	DATA 	Waited 2.516324996948242 seconds for trigger
59.3446 	DATA 	
59.3446 	DATA 	Trial 2
59.3446 	DATA 	stimDur = 4.0
59.3446 	DATA 	jitter = 0.78525
59.3446 	DATA 	restDur = 24.0

59.3446 	DATA 	
59.3446 	DATA 	TR 39 | TR1 20 | TR2 19
60.1436 	DATA 	
60.1437 	DATA 	stimulation started
60.1437 	DATA 	
60.8944 	DATA 	Keypress: 5
60.9103 	DATA 	TR 40 | TR1 20 | TR2 20
62.4769 	DATA 	Keypress: 5
62.4769 	DATA 	TR 41 | TR1 21 | TR2 20
64.0267 	DATA 	Keypress: 5
64.0268 	DATA 	TR 42 | TR1 21 | TR2 21
64.1433 	DATA 	
64.1433 	DATA 	stimulation stopped
64.1433 	DATA 	
65.5932 	DATA 	Keypress: 5
65.5933 	DATA 	TR 43 | TR1 22 | TR2 21
67.1430 	DATA 	Keypress: 5
67.1431 	DATA 	TR 44 | TR1 22 | TR2 22
68.7263 	DATA 	Keypress: 5
68.7263 	DATA 	TR 45 | TR1 23 | TR2 22
70.2761 	DATA 	Keypress: 5
70.2761 	DATA 	TR 46 | TR1 23 | TR2 23
71.8426 	DATA 	Keypress: 5
71.8427 	DATA 	TR 47 | TR1 24 | TR2 23
73.3925 	DATA 	Keypress: 5
73.3925 	DATA 	TR 48 | TR1 24 | TR2 24
74.9757 	DATA 	Keypress: 5
74.9757 	DATA 	TR 49 | TR1 25 | TR2 24
76.5255 	DATA 	Keypress: 5
76.5255 	DATA 	TR 50 | TR1 25 | TR2 25
78.0921 	DATA 	Keypress: 5
78.0921 	DATA 	TR 51 | TR1 26 | TR2 25
79.6419 	DATA 	Keypress: 5
79.6419 	DATA 	TR 52 | TR1 26 | TR2 26
81.2085 	DATA 	Keypress: 5
81.2085 	DATA 	TR 53 | TR1 27 | TR2 26
82.7583 	DATA 	Keypress: 5
82.7583 	DATA 	TR 54 | TR1 27 | TR2 27
84.3415 	DATA 	Keypress: 5
84.3415 	DATA 	TR 55 | TR1 28 | TR2 27
85.8913 	DATA 	Keypress: 5
85.8914 	DATA 	TR 56 | TR1 28 | TR2 28
87.4577 	DATA 	Keypress: 5
87.4578 	DATA 	TR 57 | TR1 29 | TR2 28
88.1411 	DATA 	
88.1411 	DATA 	Trial complete
88.1411 	DATA 	Waiting for VASO trigger to start next trial
88.1411 	DATA 	
89.0077 	DATA 	Keypress: 5
89.0078 	DATA 	TR 58 | TR1 29 | TR2 29
90.5909 	DATA 	Keypress: 5
90.5910 	DATA 	Waited 2.4498660564422607 seconds for trigger
90.5917 	DATA 	
90.5917 	DATA 	Trial 3
90.5917 	DATA 	stimDur = 24.0
90.5917 	DATA 	jitter = 2.35575
90.5917 	DATA 	restDur = 40.0

90.5918 	DATA 	
90.5918 	DATA 	TR 59 | TR1 30 | TR2 29
92.1407 	DATA 	Keypress: 5
92.1408 	DATA 	TR 60 | TR1 30 | TR2 30
92.9573 	DATA 	
92.9573 	DATA 	stimulation started
92.9573 	DATA 	
93.7073 	DATA 	Keypress: 5
93.7074 	DATA 	TR 61 | TR1 31 | TR2 30
95.2572 	DATA 	Keypress: 5
95.2572 	DATA 	TR 62 | TR1 31 | TR2 31
96.8244 	DATA 	Keypress: 5
96.8403 	DATA 	TR 63 | TR1 32 | TR2 31
98.3902 	DATA 	Keypress: 5
98.3903 	DATA 	TR 64 | TR1 32 | TR2 32
99.9568 	DATA 	Keypress: 5
99.9568 	DATA 	TR 65 | TR1 33 | TR2 32
101.5066 	DATA 	Keypress: 5
101.5066 	DATA 	TR 66 | TR1 33 | TR2 33
103.0731 	DATA 	Keypress: 5
103.0732 	DATA 	TR 67 | TR1 34 | TR2 33
103.8231 	DATA 	Target presented
104.2397 	DATA 	Keypress: 1
104.2397 	DATA 	Key1 pressed
104.2397 	DATA 	Target detected
104.6229 	DATA 	Keypress: 5
104.6230 	DATA 	TR 68 | TR1 34 | TR2 34
106.2062 	DATA 	Keypress: 5
106.2062 	DATA 	TR 69 | TR1 35 | TR2 34
107.7560 	DATA 	Keypress: 5
107.7560 	DATA 	TR 70 | TR1 35 | TR2 35
109.3226 	DATA 	Keypress: 5
109.3226 	DATA 	TR 71 | TR1 36 | TR2 35
110.8724 	DATA 	Keypress: 5
110.8724 	DATA 	TR 72 | TR1 36 | TR2 36
112.4556 	DATA 	Keypress: 5
112.4557 	DATA 	TR 73 | TR1 37 | TR2 36
114.0054 	DATA 	Keypress: 5
114.0055 	DATA 	TR 74 | TR1 37 | TR2 37
115.5720 	DATA 	Keypress: 5
115.5720 	DATA 	TR 75 | TR1 38 | TR2 37
116.9552 	DATA 	
116.9552 	DATA 	stimulation stopped
116.9552 	DATA 	
117.1218 	DATA 	Keypress: 5
117.1218 	DATA 	TR 76 | TR1 38 | TR2 38
118.6883 	DATA 	Keypress: 5
118.6884 	DATA 	TR 77 | TR1 39 | TR2 38
120.2387 	DATA 	Keypress: 5
120.2548 	DATA 	TR 78 | TR1 39 | TR2 39
121.8214 	DATA 	Keypress: 5
121.8214 	DATA 	TR 79 | TR1 40 | TR2 39
123.3712 	DATA 	Keypress: 5
123.3712 	DATA 	TR 80 | TR1 40 | TR2 40
124.9377 	DATA 	Keypress: 5
124.9378 	DATA 	TR 81 | TR1 41 | TR2 40
126.4876 	DATA 	Keypress: 5
126.4876 	DATA 	TR 82 | TR1 41 | TR2 41
128.0708 	DATA 	Keypress: 5
128.0709 	DATA 	TR 83 | TR1 42 | TR2 41
129.6206 	DATA 	Keypress: 5
129.6207 	DATA 	TR 84 | TR1 42 | TR2 42
131.1872 	DATA 	Keypress: 5
131.1872 	DATA 	TR 85 | TR1 43 | TR2 42
132.7370 	DATA 	Keypress: 5
132.7370 	DATA 	TR 86 | TR1 43 | TR2 43
134.3037 	DATA 	Keypress: 5
134.3037 	DATA 	TR 87 | TR1 44 | TR2 43
135.8701 	DATA 	Keypress: 5
135.8701 	DATA 	TR 88 | TR1 44 | TR2 44
137.4366 	DATA 	Keypress: 5
137.4366 	DATA 	TR 89 | TR1 45 | TR2 44
138.9864 	DATA 	Keypress: 5
138.9865 	DATA 	TR 90 | TR1 45 | TR2 45
140.5530 	DATA 	Keypress: 5
140.5530 	DATA 	TR 91 | TR1 46 | TR2 45
142.1028 	DATA 	Keypress: 5
142.1029 	DATA 	TR 92 | TR1 46 | TR2 46
143.6860 	DATA 	Keypress: 5
143.6861 	DATA 	TR 93 | TR1 47 | TR2 46
145.2358 	DATA 	Keypress: 5
145.2359 	DATA 	TR 94 | TR1 47 | TR2 47
146.8024 	DATA 	Keypress: 5
146.8025 	DATA 	TR 95 | TR1 48 | TR2 47
148.3522 	DATA 	Keypress: 5
148.3523 	DATA 	TR 96 | TR1 48 | TR2 48
149.9354 	DATA 	Keypress: 5
149.9355 	DATA 	TR 97 | TR1 49 | TR2 48
151.4853 	DATA 	Keypress: 5
151.4853 	DATA 	TR 98 | TR1 49 | TR2 49
153.0518 	DATA 	Keypress: 5
153.0519 	DATA 	TR 99 | TR1 50 | TR2 49
154.6016 	DATA 	Keypress: 5
154.6017 	DATA 	TR 100 | TR1 50 | TR2 50
156.1682 	DATA 	Keypress: 5
156.1682 	DATA 	TR 101 | TR1 51 | TR2 50
156.9514 	DATA 	
156.9514 	DATA 	Trial complete
156.9514 	DATA 	Waiting for VASO trigger to start next trial
156.9514 	DATA 	
157.7186 	DATA 	Keypress: 5
157.7346 	DATA 	TR 102 | TR1 51 | TR2 51
159.3013 	DATA 	Keypress: 5
159.3013 	DATA 	Waited 2.349903106689453 seconds for trigger
159.3021 	DATA 	
159.3021 	DATA 	Trial 4
159.3022 	DATA 	stimDur = 4.0
159.3022 	DATA 	jitter = 2.35575
159.3022 	DATA 	restDur = 24.0

159.3022 	DATA 	
159.3022 	DATA 	TR 103 | TR1 52 | TR2 51
160.8511 	DATA 	Keypress: 5
160.8511 	DATA 	TR 104 | TR1 52 | TR2 52
161.6676 	DATA 	
161.6676 	DATA 	stimulation started
161.6676 	DATA 	
162.4177 	DATA 	Keypress: 5
162.4177 	DATA 	TR 105 | TR1 53 | TR2 52
163.9675 	DATA 	Keypress: 5
163.9675 	DATA 	TR 106 | TR1 53 | TR2 53
165.5507 	DATA 	Keypress: 5
165.5508 	DATA 	TR 107 | TR1 54 | TR2 53
165.6673 	DATA 	
165.6673 	DATA 	stimulation stopped
165.6673 	DATA 	
167.1005 	DATA 	Keypress: 5
167.1005 	DATA 	TR 108 | TR1 54 | TR2 54
168.6671 	DATA 	Keypress: 5
168.6671 	DATA 	TR 109 | TR1 55 | TR2 54
170.2169 	DATA 	Keypress: 5
170.2169 	DATA 	TR 110 | TR1 55 | TR2 55
171.7840 	DATA 	Keypress: 5
171.8000 	DATA 	TR 111 | TR1 56 | TR2 55
173.3499 	DATA 	Keypress: 5
173.3500 	DATA 	TR 112 | TR1 56 | TR2 56
174.9165 	DATA 	Keypress: 5
174.9165 	DATA 	TR 113 | TR1 57 | TR2 56
176.4663 	DATA 	Keypress: 5
176.4664 	DATA 	TR 114 | TR1 57 | TR2 57
178.0328 	DATA 	Keypress: 5
178.0329 	DATA 	TR 115 | TR1 58 | TR2 57
179.5826 	DATA 	Keypress: 5
179.5827 	DATA 	TR 116 | TR1 58 | TR2 58
181.1659 	DATA 	Keypress: 5
181.1660 	DATA 	TR 117 | TR1 59 | TR2 58
182.7159 	DATA 	Keypress: 5
182.7159 	DATA 	TR 118 | TR1 59 | TR2 59
183.4656 	DATA 	Target presented
183.9490 	DATA 	Keypress: 1
183.9490 	DATA 	Key1 pressed
183.9490 	DATA 	Target detected
184.2822 	DATA 	Keypress: 5
184.2823 	DATA 	TR 119 | TR1 60 | TR2 59
185.8321 	DATA 	Keypress: 5
185.8321 	DATA 	TR 120 | TR1 60 | TR2 60
187.4153 	DATA 	Keypress: 5
187.4154 	DATA 	TR 121 | TR1 61 | TR2 60
188.9651 	DATA 	Keypress: 5
188.9652 	DATA 	TR 122 | TR1 61 | TR2 61
189.6651 	DATA 	
189.6651 	DATA 	Trial complete
189.6651 	DATA 	Waiting for VASO trigger to start next trial
189.6651 	DATA 	
190.5317 	DATA 	Keypress: 5
190.5317 	DATA 	Waited 0.8666331768035889 seconds for trigger
190.5325 	DATA 	
190.5325 	DATA 	Trial 5
190.5325 	DATA 	stimDur = 1.0
190.5325 	DATA 	jitter = 1.5705
190.5325 	DATA 	restDur = 20.0

190.5325 	DATA 	
190.5325 	DATA 	TR 123 | TR1 62 | TR2 61
192.0815 	DATA 	Keypress: 5
192.0816 	DATA 	TR 124 | TR1 62 | TR2 62
192.1149 	DATA 	
192.1149 	DATA 	stimulation started
192.1149 	DATA 	
193.1148 	DATA 	
193.1148 	DATA 	stimulation stopped
193.1148 	DATA 	
193.6482 	DATA 	Keypress: 5
193.6483 	DATA 	TR 125 | TR1 63 | TR2 62
195.2146 	DATA 	Keypress: 5
195.2146 	DATA 	TR 126 | TR1 63 | TR2 63
196.7811 	DATA 	Keypress: 5
196.7812 	DATA 	TR 127 | TR1 64 | TR2 63
198.3309 	DATA 	Keypress: 5
198.3310 	DATA 	TR 128 | TR1 64 | TR2 64
199.8975 	DATA 	Keypress: 5
199.8976 	DATA 	TR 129 | TR1 65 | TR2 64
201.4473 	DATA 	Keypress: 5
201.4474 	DATA 	TR 130 | TR1 65 | TR2 65
203.0306 	DATA 	Keypress: 5
203.0306 	DATA 	TR 131 | TR1 66 | TR2 65
204.5804 	DATA 	Keypress: 5
204.5804 	DATA 	TR 132 | TR1 66 | TR2 66
206.1469 	DATA 	Keypress: 5
206.1470 	DATA 	TR 133 | TR1 67 | TR2 66
207.6967 	DATA 	Keypress: 5
207.6968 	DATA 	TR 134 | TR1 67 | TR2 67
209.2800 	DATA 	Keypress: 5
209.2800 	DATA 	TR 135 | TR1 68 | TR2 67
210.8298 	DATA 	Keypress: 5
210.8299 	DATA 	TR 136 | TR1 68 | TR2 68
212.3963 	DATA 	Keypress: 5
212.3964 	DATA 	TR 137 | TR1 69 | TR2 68
213.1129 	DATA 	
213.1129 	DATA 	Trial complete
213.1129 	DATA 	Waiting for VASO trigger to start next trial
213.1129 	DATA 	
213.9462 	DATA 	Keypress: 5
213.9462 	DATA 	TR 138 | TR1 69 | TR2 69
215.5127 	DATA 	Keypress: 5
215.5128 	DATA 	Waited 2.399867057800293 seconds for trigger
215.5136 	DATA 	
215.5136 	DATA 	Trial 6
215.5136 	DATA 	stimDur = 1.0
215.5136 	DATA 	jitter = 0.78525
215.5136 	DATA 	restDur = 20.0

215.5136 	DATA 	
215.5136 	DATA 	TR 139 | TR1 70 | TR2 69
216.3126 	DATA 	
216.3126 	DATA 	stimulation started
216.3126 	DATA 	
217.0628 	DATA 	Keypress: 5
217.0628 	DATA 	TR 140 | TR1 70 | TR2 70
217.3125 	DATA 	
217.3126 	DATA 	stimulation stopped
217.3126 	DATA 	
218.6458 	DATA 	Keypress: 5
218.6458 	DATA 	TR 141 | TR1 71 | TR2 70
220.1956 	DATA 	Keypress: 5
220.1957 	DATA 	TR 142 | TR1 71 | TR2 71
221.7622 	DATA 	Keypress: 5
221.7622 	DATA 	TR 143 | TR1 72 | TR2 71
223.3120 	DATA 	Keypress: 5
223.3120 	DATA 	TR 144 | TR1 72 | TR2 72
224.8952 	DATA 	Keypress: 5
224.8952 	DATA 	TR 145 | TR1 73 | TR2 72
226.4450 	DATA 	Keypress: 5
226.4451 	DATA 	TR 146 | TR1 73 | TR2 73
228.0118 	DATA 	Keypress: 5
228.0118 	DATA 	TR 147 | TR1 74 | TR2 73
229.5614 	DATA 	Keypress: 5
229.5614 	DATA 	TR 148 | TR1 74 | TR2 74
231.1287 	DATA 	Keypress: 5
231.1445 	DATA 	TR 149 | TR1 75 | TR2 74
232.0945 	DATA 	Target presented
232.6279 	DATA 	Keypress: 1
232.6280 	DATA 	Key1 pressed
232.6280 	DATA 	Target detected
232.6944 	DATA 	Keypress: 5
232.6945 	DATA 	TR 150 | TR1 75 | TR2 75
234.2610 	DATA 	Keypress: 5
234.2610 	DATA 	TR 151 | TR1 76 | TR2 75
235.8108 	DATA 	Keypress: 5
235.8109 	DATA 	TR 152 | TR1 76 | TR2 76
237.3107 	DATA 	
237.3107 	DATA 	Trial complete
237.3107 	DATA 	Waiting for VASO trigger to start next trial
237.3107 	DATA 	
237.3774 	DATA 	Keypress: 5
237.3774 	DATA 	Waited 0.06672000885009766 seconds for trigger
237.3782 	DATA 	
237.3782 	DATA 	Trial 7
237.3782 	DATA 	stimDur = 2.0
237.3782 	DATA 	jitter = 0.78525
237.3782 	DATA 	restDur = 22.0

237.3782 	DATA 	
237.3782 	DATA 	TR 153 | TR1 77 | TR2 76
238.1772 	DATA 	
238.1773 	DATA 	stimulation started
238.1773 	DATA 	
238.9273 	DATA 	Keypress: 5
238.9273 	DATA 	TR 154 | TR1 77 | TR2 77
240.1771 	DATA 	
240.1771 	DATA 	stimulation stopped
240.1771 	DATA 	
240.5104 	DATA 	Keypress: 5
240.5105 	DATA 	TR 155 | TR1 78 | TR2 77
242.0602 	DATA 	Keypress: 5
242.0603 	DATA 	TR 156 | TR1 78 | TR2 78
243.6268 	DATA 	Keypress: 5
243.6269 	DATA 	TR 157 | TR1 79 | TR2 78
245.1766 	DATA 	Keypress: 5
245.1767 	DATA 	TR 158 | TR1 79 | TR2 79
246.7598 	DATA 	Keypress: 5
246.7599 	DATA 	TR 159 | TR1 80 | TR2 79
248.3097 	DATA 	Keypress: 5
248.3097 	DATA 	TR 160 | TR1 80 | TR2 80
249.8762 	DATA 	Keypress: 5
249.8763 	DATA 	TR 161 | TR1 81 | TR2 80
251.4261 	DATA 	Keypress: 5
251.4261 	DATA 	TR 162 | TR1 81 | TR2 81
252.9926 	DATA 	Keypress: 5
252.9927 	DATA 	TR 163 | TR1 82 | TR2 81
254.5591 	DATA 	Keypress: 5
254.5592 	DATA 	TR 164 | TR1 82 | TR2 82
256.1257 	DATA 	Keypress: 5
256.1257 	DATA 	TR 165 | TR1 83 | TR2 82
257.6755 	DATA 	Keypress: 5
257.6755 	DATA 	TR 166 | TR1 83 | TR2 83
259.2420 	DATA 	Keypress: 5
259.2421 	DATA 	TR 167 | TR1 84 | TR2 83
260.7918 	DATA 	Keypress: 5
260.7919 	DATA 	TR 168 | TR1 84 | TR2 84
262.1750 	DATA 	
262.1750 	DATA 	Trial complete
262.1751 	DATA 	Waiting for VASO trigger to start next trial
262.1751 	DATA 	
262.3751 	DATA 	Keypress: 5
262.3751 	DATA 	Waited 0.20006084442138672 seconds for trigger
262.3759 	DATA 	
262.3759 	DATA 	Trial 8
262.3759 	DATA 	stimDur = 24.0
262.3759 	DATA 	jitter = 1.5705
262.3759 	DATA 	restDur = 40.0

262.3759 	DATA 	
262.3759 	DATA 	TR 169 | TR1 85 | TR2 84
263.9250 	DATA 	Keypress: 5
263.9251 	DATA 	TR 170 | TR1 85 | TR2 85
263.9583 	DATA 	
263.9583 	DATA 	stimulation started
263.9583 	DATA 	
265.4915 	DATA 	Keypress: 5
265.4916 	DATA 	TR 171 | TR1 86 | TR2 85
267.0413 	DATA 	Keypress: 5
267.0414 	DATA 	TR 172 | TR1 86 | TR2 86
268.6086 	DATA 	Keypress: 5
268.6245 	DATA 	TR 173 | TR1 87 | TR2 86
270.1744 	DATA 	Keypress: 5
270.1744 	DATA 	TR 174 | TR1 87 | TR2 87
271.7409 	DATA 	Keypress: 5
271.7410 	DATA 	TR 175 | TR1 88 | TR2 87
273.2908 	DATA 	Keypress: 5
273.2908 	DATA 	TR 176 | TR1 88 | TR2 88
274.8573 	DATA 	Keypress: 5
274.8574 	DATA 	TR 177 | TR1 89 | TR2 88
276.4073 	DATA 	Keypress: 5
276.4073 	DATA 	TR 178 | TR1 89 | TR2 89
277.9904 	DATA 	Keypress: 5
277.9904 	DATA 	TR 179 | TR1 90 | TR2 89
279.5402 	DATA 	Keypress: 5
279.5402 	DATA 	TR 180 | TR1 90 | TR2 90
281.1067 	DATA 	Keypress: 5
281.1068 	DATA 	TR 181 | TR1 91 | TR2 90
282.6566 	DATA 	Keypress: 5
282.6566 	DATA 	TR 182 | TR1 91 | TR2 91
284.2398 	DATA 	Keypress: 5
284.2398 	DATA 	TR 183 | TR1 92 | TR2 91
285.7896 	DATA 	Keypress: 5
285.7897 	DATA 	TR 184 | TR1 92 | TR2 92
287.3562 	DATA 	Keypress: 5
287.3562 	DATA 	TR 185 | TR1 93 | TR2 92
287.9560 	DATA 	
287.9560 	DATA 	stimulation stopped
287.9561 	DATA 	
288.9059 	DATA 	Keypress: 5
288.9060 	DATA 	TR 186 | TR1 93 | TR2 93
290.4725 	DATA 	Keypress: 5
290.4725 	DATA 	TR 187 | TR1 94 | TR2 93
292.0229 	DATA 	Keypress: 5
292.0390 	DATA 	TR 188 | TR1 94 | TR2 94
293.6055 	DATA 	Keypress: 5
293.6055 	DATA 	TR 189 | TR1 95 | TR2 94
295.1554 	DATA 	Keypress: 5
295.1554 	DATA 	TR 190 | TR1 95 | TR2 95
296.7219 	DATA 	Keypress: 5
296.7219 	DATA 	TR 191 | TR1 96 | TR2 95
298.2717 	DATA 	Keypress: 5
298.2717 	DATA 	TR 192 | TR1 96 | TR2 96
299.8549 	DATA 	Keypress: 5
299.8550 	DATA 	TR 193 | TR1 97 | TR2 96
301.4048 	DATA 	Keypress: 5
301.4048 	DATA 	TR 194 | TR1 97 | TR2 97
302.9713 	DATA 	Keypress: 5
302.9714 	DATA 	TR 195 | TR1 98 | TR2 97
304.5212 	DATA 	Keypress: 5
304.5212 	DATA 	TR 196 | TR1 98 | TR2 98
306.1044 	DATA 	Keypress: 5
306.1044 	DATA 	TR 197 | TR1 99 | TR2 98
307.6542 	DATA 	Keypress: 5
307.6543 	DATA 	TR 198 | TR1 99 | TR2 99
309.2207 	DATA 	Keypress: 5
309.2208 	DATA 	TR 199 | TR1 100 | TR2 99
310.7706 	DATA 	Keypress: 5
310.7706 	DATA 	TR 200 | TR1 100 | TR2 100
311.3539 	DATA 	Target presented
311.8372 	DATA 	Keypress: 1
311.8372 	DATA 	Key1 pressed
311.8372 	DATA 	Target detected
312.3371 	DATA 	Keypress: 5
312.3371 	DATA 	TR 201 | TR1 101 | TR2 100
313.8870 	DATA 	Keypress: 5
313.8871 	DATA 	TR 202 | TR1 101 | TR2 101
315.4702 	DATA 	Keypress: 5
315.4702 	DATA 	TR 203 | TR1 102 | TR2 101
317.0202 	DATA 	Keypress: 5
317.0203 	DATA 	TR 204 | TR1 102 | TR2 102
318.5867 	DATA 	Keypress: 5
318.5867 	DATA 	TR 205 | TR1 103 | TR2 102
320.1364 	DATA 	Keypress: 5
320.1365 	DATA 	TR 206 | TR1 103 | TR2 103
321.7196 	DATA 	Keypress: 5
321.7196 	DATA 	TR 207 | TR1 104 | TR2 103
323.2695 	DATA 	Keypress: 5
323.2696 	DATA 	TR 208 | TR1 104 | TR2 104
324.8359 	DATA 	Keypress: 5
324.8360 	DATA 	TR 209 | TR1 105 | TR2 104
326.3858 	DATA 	Keypress: 5
326.3859 	DATA 	TR 210 | TR1 105 | TR2 105
327.9523 	DATA 	Keypress: 5
327.9524 	DATA 	TR 211 | TR1 106 | TR2 105
327.9524 	DATA 	
327.9524 	DATA 	Trial complete
327.9524 	DATA 	Waiting for VASO trigger to start next trial
327.9524 	DATA 	
329.5189 	DATA 	Keypress: 5
329.5189 	DATA 	TR 212 | TR1 106 | TR2 106
331.0853 	DATA 	Keypress: 5
331.0853 	DATA 	Waited 3.13291597366333 seconds for trigger
331.0861 	DATA 	
331.0861 	DATA 	Trial 9
331.0861 	DATA 	stimDur = 12.0
331.0861 	DATA 	jitter = 0.78525
331.0861 	DATA 	restDur = 30.0

331.0861 	DATA 	
331.0861 	DATA 	TR 213 | TR1 107 | TR2 106
331.8853 	DATA 	
331.8853 	DATA 	stimulation started
331.8853 	DATA 	
332.6353 	DATA 	Keypress: 5
332.6354 	DATA 	TR 214 | TR1 107 | TR2 107
334.2018 	DATA 	Keypress: 5
334.2019 	DATA 	TR 215 | TR1 108 | TR2 107
335.7517 	DATA 	Keypress: 5
335.7518 	DATA 	TR 216 | TR1 108 | TR2 108
337.3349 	DATA 	Keypress: 5
337.3349 	DATA 	TR 217 | TR1 109 | TR2 108
338.8847 	DATA 	Keypress: 5
338.8848 	DATA 	TR 218 | TR1 109 | TR2 109
340.4512 	DATA 	Keypress: 5
340.4513 	DATA 	TR 219 | TR1 110 | TR2 109
342.0011 	DATA 	Keypress: 5
342.0012 	DATA 	TR 220 | TR1 110 | TR2 110
343.5843 	DATA 	Keypress: 5
343.5843 	DATA 	TR 221 | TR1 111 | TR2 110
343.8842 	DATA 	
343.8842 	DATA 	stimulation stopped
343.8842 	DATA 	
345.1341 	DATA 	Keypress: 5
345.1342 	DATA 	TR 222 | TR1 111 | TR2 111
346.7006 	DATA 	Keypress: 5
346.7006 	DATA 	TR 223 | TR1 112 | TR2 111
348.2505 	DATA 	Keypress: 5
348.2505 	DATA 	TR 224 | TR1 112 | TR2 112
349.8170 	DATA 	Keypress: 5
349.8170 	DATA 	TR 225 | TR1 113 | TR2 112
351.3675 	DATA 	Keypress: 5
351.3835 	DATA 	TR 226 | TR1 113 | TR2 113
352.9500 	DATA 	Keypress: 5
352.9501 	DATA 	TR 227 | TR1 114 | TR2 113
354.4999 	DATA 	Keypress: 5
354.5000 	DATA 	TR 228 | TR1 114 | TR2 114
356.0665 	DATA 	Keypress: 5
356.0666 	DATA 	TR 229 | TR1 115 | TR2 114
357.6163 	DATA 	Keypress: 5
357.6163 	DATA 	TR 230 | TR1 115 | TR2 115
359.1994 	DATA 	Keypress: 5
359.1995 	DATA 	TR 231 | TR1 116 | TR2 115
360.7493 	DATA 	Keypress: 5
360.7494 	DATA 	TR 232 | TR1 116 | TR2 116
362.3160 	DATA 	Keypress: 5
362.3160 	DATA 	TR 233 | TR1 117 | TR2 116
363.8657 	DATA 	Keypress: 5
363.8658 	DATA 	TR 234 | TR1 117 | TR2 117
365.4322 	DATA 	Keypress: 5
365.4323 	DATA 	TR 235 | TR1 118 | TR2 117
366.2322 	DATA 	Target presented
366.6487 	DATA 	Keypress: 1
366.6488 	DATA 	Key1 pressed
366.6488 	DATA 	Target detected
366.9987 	DATA 	Keypress: 5
366.9988 	DATA 	TR 236 | TR1 118 | TR2 118
368.5652 	DATA 	Keypress: 5
368.5653 	DATA 	TR 237 | TR1 119 | TR2 118
370.1152 	DATA 	Keypress: 5
370.1152 	DATA 	TR 238 | TR1 119 | TR2 119
371.6816 	DATA 	Keypress: 5
371.6816 	DATA 	TR 239 | TR1 120 | TR2 119
373.2317 	DATA 	Keypress: 5
373.2317 	DATA 	TR 240 | TR1 120 | TR2 120
373.8814 	DATA 	
373.8814 	DATA 	Trial complete
373.8814 	DATA 	Waiting for VASO trigger to start next trial
373.8814 	DATA 	
374.8147 	DATA 	Keypress: 5
374.8147 	DATA 	Waited 0.9333150386810303 seconds for trigger
374.8155 	DATA 	
374.8155 	DATA 	Trial 10
374.8155 	DATA 	stimDur = 12.0
374.8155 	DATA 	jitter = 0.0
374.8155 	DATA 	restDur = 30.0

374.8155 	DATA 	
374.8155 	DATA 	TR 241 | TR1 121 | TR2 120
374.8155 	DATA 	
374.8155 	DATA 	stimulation started
374.8155 	DATA 	
376.3646 	DATA 	Keypress: 5
376.3647 	DATA 	TR 242 | TR1 121 | TR2 121
377.9311 	DATA 	Keypress: 5
377.9311 	DATA 	TR 243 | TR1 122 | TR2 121
379.4810 	DATA 	Keypress: 5
379.4810 	DATA 	TR 244 | TR1 122 | TR2 122
381.0641 	DATA 	Keypress: 5
381.0642 	DATA 	TR 245 | TR1 123 | TR2 122
382.6140 	DATA 	Keypress: 5
382.6141 	DATA 	TR 246 | TR1 123 | TR2 123
384.1805 	DATA 	Keypress: 5
384.1806 	DATA 	TR 247 | TR1 124 | TR2 123
385.7304 	DATA 	Keypress: 5
385.7305 	DATA 	TR 248 | TR1 124 | TR2 124
386.8303 	DATA 	
386.8303 	DATA 	stimulation stopped
386.8303 	DATA 	
387.2970 	DATA 	Keypress: 5
387.2970 	DATA 	TR 249 | TR1 125 | TR2 124
388.8634 	DATA 	Keypress: 5
388.8634 	DATA 	TR 250 | TR1 125 | TR2 125
390.4299 	DATA 	Keypress: 5
390.4300 	DATA 	TR 251 | TR1 126 | TR2 125
391.9798 	DATA 	Keypress: 5
391.9798 	DATA 	TR 252 | TR1 126 | TR2 126
393.5463 	DATA 	Keypress: 5
393.5463 	DATA 	TR 253 | TR1 127 | TR2 126
395.0962 	DATA 	Keypress: 5
395.0962 	DATA 	TR 254 | TR1 127 | TR2 127
396.6793 	DATA 	Keypress: 5
396.6794 	DATA 	TR 255 | TR1 128 | TR2 127
398.2292 	DATA 	Keypress: 5
398.2293 	DATA 	TR 256 | TR1 128 | TR2 128
399.7957 	DATA 	Keypress: 5
399.7957 	DATA 	TR 257 | TR1 129 | TR2 128
401.3456 	DATA 	Keypress: 5
401.3456 	DATA 	TR 258 | TR1 129 | TR2 129
402.9127 	DATA 	Keypress: 5
402.9287 	DATA 	TR 259 | TR1 130 | TR2 129
404.4786 	DATA 	Keypress: 5
404.4787 	DATA 	TR 260 | TR1 130 | TR2 130
406.0451 	DATA 	Keypress: 5
406.0452 	DATA 	TR 261 | TR1 131 | TR2 130
407.5950 	DATA 	Keypress: 5
407.5950 	DATA 	TR 262 | TR1 131 | TR2 131
409.1615 	DATA 	Keypress: 5
409.1615 	DATA 	TR 263 | TR1 132 | TR2 131
410.7114 	DATA 	Keypress: 5
410.7114 	DATA 	TR 264 | TR1 132 | TR2 132
412.2945 	DATA 	Keypress: 5
412.2946 	DATA 	TR 265 | TR1 133 | TR2 132
413.8444 	DATA 	Keypress: 5
413.8445 	DATA 	TR 266 | TR1 133 | TR2 133
415.4109 	DATA 	Keypress: 5
415.4109 	DATA 	TR 267 | TR1 134 | TR2 133
416.8276 	DATA 	
416.8276 	DATA 	Trial complete
416.8276 	DATA 	Waiting for VASO trigger to start next trial
416.8276 	DATA 	
416.9608 	DATA 	Keypress: 5
416.9609 	DATA 	TR 268 | TR1 134 | TR2 134
418.5440 	DATA 	Keypress: 5
418.5440 	DATA 	Waited 1.716407060623169 seconds for trigger
418.5448 	DATA 	
418.5448 	DATA 	Trial 11
418.5448 	DATA 	stimDur = 1.0
418.5448 	DATA 	jitter = 0.0
418.5448 	DATA 	restDur = 20.0

418.5448 	DATA 	
418.5448 	DATA 	TR 269 | TR1 135 | TR2 134
418.5448 	DATA 	
418.5448 	DATA 	stimulation started
418.5448 	DATA 	
419.5606 	DATA 	
419.5606 	DATA 	stimulation stopped
419.5606 	DATA 	
420.0939 	DATA 	Keypress: 5
420.0939 	DATA 	TR 270 | TR1 135 | TR2 135
421.6603 	DATA 	Keypress: 5
421.6604 	DATA 	TR 271 | TR1 136 | TR2 135
423.2102 	DATA 	Keypress: 5
423.2103 	DATA 	TR 272 | TR1 136 | TR2 136
424.7766 	DATA 	Keypress: 5
424.7766 	DATA 	TR 273 | TR1 137 | TR2 136
426.3272 	DATA 	Keypress: 5
426.3432 	DATA 	TR 274 | TR1 137 | TR2 137
426.6765 	DATA 	Target presented
427.2266 	DATA 	Keypress: 1
427.2267 	DATA 	Key1 pressed
427.2267 	DATA 	Target detected
427.9097 	DATA 	Keypress: 5
427.9098 	DATA 	TR 275 | TR1 138 | TR2 137
429.4596 	DATA 	Keypress: 5
429.4596 	DATA 	TR 276 | TR1 138 | TR2 138
431.0262 	DATA 	Keypress: 5
431.0262 	DATA 	TR 277 | TR1 139 | TR2 138
432.5760 	DATA 	Keypress: 5
432.5761 	DATA 	TR 278 | TR1 139 | TR2 139
434.1592 	DATA 	Keypress: 5
434.1593 	DATA 	TR 279 | TR1 140 | TR2 139
435.7091 	DATA 	Keypress: 5
435.7091 	DATA 	TR 280 | TR1 140 | TR2 140
437.2757 	DATA 	Keypress: 5
437.2757 	DATA 	TR 281 | TR1 141 | TR2 140
438.8255 	DATA 	Keypress: 5
438.8255 	DATA 	TR 282 | TR1 141 | TR2 141
439.5587 	DATA 	
439.5587 	DATA 	Trial complete
439.5587 	DATA 	Waiting for VASO trigger to start next trial
439.5587 	DATA 	
440.4086 	DATA 	Keypress: 5
440.4087 	DATA 	Waited 0.8499598503112793 seconds for trigger
440.4094 	DATA 	
440.4094 	DATA 	Trial 12
440.4094 	DATA 	stimDur = 2.0
440.4094 	DATA 	jitter = 2.35575
440.4094 	DATA 	restDur = 22.0

440.4095 	DATA 	
440.4095 	DATA 	TR 283 | TR1 142 | TR2 141
441.9585 	DATA 	Keypress: 5
441.9586 	DATA 	TR 284 | TR1 142 | TR2 142
442.7750 	DATA 	
442.7750 	DATA 	stimulation started
442.7750 	DATA 	
443.5250 	DATA 	Keypress: 5
443.5251 	DATA 	TR 285 | TR1 143 | TR2 142
444.7749 	DATA 	
444.7749 	DATA 	stimulation stopped
444.7749 	DATA 	
445.0749 	DATA 	Keypress: 5
445.0749 	DATA 	TR 286 | TR1 143 | TR2 143
446.6414 	DATA 	Keypress: 5
446.6414 	DATA 	TR 287 | TR1 144 | TR2 143
448.1913 	DATA 	Keypress: 5
448.1914 	DATA 	TR 288 | TR1 144 | TR2 144
449.7744 	DATA 	Keypress: 5
449.7745 	DATA 	TR 289 | TR1 145 | TR2 144
451.3243 	DATA 	Keypress: 5
451.3244 	DATA 	TR 290 | TR1 145 | TR2 145
452.8908 	DATA 	Keypress: 5
452.8909 	DATA 	TR 291 | TR1 146 | TR2 145
454.4407 	DATA 	Keypress: 5
454.4407 	DATA 	TR 292 | TR1 146 | TR2 146
456.0238 	DATA 	Keypress: 5
456.0239 	DATA 	TR 293 | TR1 147 | TR2 146
457.5737 	DATA 	Keypress: 5
457.5738 	DATA 	TR 294 | TR1 147 | TR2 147
459.1402 	DATA 	Keypress: 5
459.1403 	DATA 	TR 295 | TR1 148 | TR2 147
460.6901 	DATA 	Keypress: 5
460.6902 	DATA 	TR 296 | TR1 148 | TR2 148
462.2572 	DATA 	Keypress: 5
462.2732 	DATA 	TR 297 | TR1 149 | TR2 148
463.8232 	DATA 	Keypress: 5
463.8232 	DATA 	TR 298 | TR1 149 | TR2 149
465.3897 	DATA 	Keypress: 5
465.3897 	DATA 	TR 299 | TR1 150 | TR2 149
466.7728 	DATA 	
466.7728 	DATA 	Trial complete
466.7729 	DATA 	Waiting for VASO trigger to start next trial
466.7729 	DATA 	
466.9395 	DATA 	Keypress: 5
466.9396 	DATA 	TR 300 | TR1 150 | TR2 150
468.5060 	DATA 	Keypress: 5
468.5061 	DATA 	Waited 1.7332189083099365 seconds for trigger
468.5069 	DATA 	
468.5069 	DATA 	Trial 13
468.5069 	DATA 	stimDur = 4.0
468.5069 	DATA 	jitter = 1.5705
468.5069 	DATA 	restDur = 24.0

468.5069 	DATA 	
468.5069 	DATA 	TR 301 | TR1 151 | TR2 150
470.0559 	DATA 	Keypress: 5
470.0560 	DATA 	TR 302 | TR1 151 | TR2 151
470.0892 	DATA 	
470.0892 	DATA 	stimulation started
470.0892 	DATA 	
471.6391 	DATA 	Keypress: 5
471.6392 	DATA 	TR 303 | TR1 152 | TR2 151
473.1890 	DATA 	Keypress: 5
473.1891 	DATA 	TR 304 | TR1 152 | TR2 152
474.0889 	DATA 	
474.0889 	DATA 	stimulation stopped
474.0889 	DATA 	
474.7555 	DATA 	Keypress: 5
474.7556 	DATA 	TR 305 | TR1 153 | TR2 152
476.3053 	DATA 	Keypress: 5
476.3054 	DATA 	TR 306 | TR1 153 | TR2 153
477.8885 	DATA 	Keypress: 5
477.8886 	DATA 	TR 307 | TR1 154 | TR2 153
479.4385 	DATA 	Keypress: 5
479.4385 	DATA 	TR 308 | TR1 154 | TR2 154
481.0049 	DATA 	Keypress: 5
481.0049 	DATA 	TR 309 | TR1 155 | TR2 154
482.5548 	DATA 	Keypress: 5
482.5548 	DATA 	TR 310 | TR1 155 | TR2 155
483.8713 	DATA 	Target presented
484.1213 	DATA 	Keypress: 5
484.1213 	DATA 	TR 311 | TR1 156 | TR2 155
484.4045 	DATA 	Keypress: 1
484.4046 	DATA 	Key1 pressed
484.4046 	DATA 	Target detected
485.6717 	DATA 	Keypress: 5
485.6877 	DATA 	TR 312 | TR1 156 | TR2 156
487.2543 	DATA 	Keypress: 5
487.2543 	DATA 	TR 313 | TR1 157 | TR2 156
488.8042 	DATA 	Keypress: 5
488.8042 	DATA 	TR 314 | TR1 157 | TR2 157
490.3707 	DATA 	Keypress: 5
490.3708 	DATA 	TR 315 | TR1 158 | TR2 157
491.9206 	DATA 	Keypress: 5
491.9206 	DATA 	TR 316 | TR1 158 | TR2 158
493.5037 	DATA 	Keypress: 5
493.5038 	DATA 	TR 317 | TR1 159 | TR2 158
495.0536 	DATA 	Keypress: 5
495.0536 	DATA 	TR 318 | TR1 159 | TR2 159
496.6201 	DATA 	Keypress: 5
496.6201 	DATA 	TR 319 | TR1 160 | TR2 159
498.0866 	DATA 	
498.0866 	DATA 	Trial complete
498.0866 	DATA 	Waiting for VASO trigger to start next trial
498.0866 	DATA 	
498.1700 	DATA 	Keypress: 5
498.1700 	DATA 	TR 320 | TR1 160 | TR2 160
499.7366 	DATA 	Keypress: 5
499.7367 	DATA 	Waited 1.6500499248504639 seconds for trigger
499.7375 	DATA 	
499.7375 	DATA 	Trial 14
499.7375 	DATA 	stimDur = 24.0
499.7375 	DATA 	jitter = 0.78525
499.7375 	DATA 	restDur = 40.0

499.7375 	DATA 	
499.7375 	DATA 	TR 321 | TR1 161 | TR2 160
500.5364 	DATA 	
500.5364 	DATA 	stimulation started
500.5364 	DATA 	
501.3031 	DATA 	Keypress: 5
501.3032 	DATA 	TR 322 | TR1 161 | TR2 161
502.8696 	DATA 	Keypress: 5
502.8696 	DATA 	TR 323 | TR1 162 | TR2 161
504.4195 	DATA 	Keypress: 5
504.4195 	DATA 	TR 324 | TR1 162 | TR2 162
505.9859 	DATA 	Keypress: 5
505.9860 	DATA 	TR 325 | TR1 163 | TR2 162
507.5358 	DATA 	Keypress: 5
507.5359 	DATA 	TR 326 | TR1 163 | TR2 163
509.1190 	DATA 	Keypress: 5
509.1190 	DATA 	TR 327 | TR1 164 | TR2 163
510.6689 	DATA 	Keypress: 5
510.6689 	DATA 	TR 328 | TR1 164 | TR2 164
512.2354 	DATA 	Keypress: 5
512.2354 	DATA 	TR 329 | TR1 165 | TR2 164
513.7853 	DATA 	Keypress: 5
513.7853 	DATA 	TR 330 | TR1 165 | TR2 165
515.3684 	DATA 	Keypress: 5
515.3685 	DATA 	TR 331 | TR1 166 | TR2 165
516.9183 	DATA 	Keypress: 5
516.9184 	DATA 	TR 332 | TR1 166 | TR2 166
518.4848 	DATA 	Keypress: 5
518.4848 	DATA 	TR 333 | TR1 167 | TR2 166
520.0347 	DATA 	Keypress: 5
520.0348 	DATA 	TR 334 | TR1 167 | TR2 167
521.6012 	DATA 	Keypress: 5
521.6012 	DATA 	TR 335 | TR1 168 | TR2 167
523.1677 	DATA 	Keypress: 5
523.1678 	DATA 	TR 336 | TR1 168 | TR2 168
524.5342 	DATA 	
524.5342 	DATA 	stimulation stopped
524.5342 	DATA 	
524.7342 	DATA 	Keypress: 5
524.7342 	DATA 	TR 337 | TR1 169 | TR2 168
526.2840 	DATA 	Keypress: 5
526.2841 	DATA 	TR 338 | TR1 169 | TR2 169
527.8505 	DATA 	Keypress: 5
527.8505 	DATA 	TR 339 | TR1 170 | TR2 169
529.4004 	DATA 	Keypress: 5
529.4005 	DATA 	TR 340 | TR1 170 | TR2 170
530.9836 	DATA 	Keypress: 5
530.9836 	DATA 	TR 341 | TR1 171 | TR2 170
532.5335 	DATA 	Keypress: 5
532.5335 	DATA 	TR 342 | TR1 171 | TR2 171
533.0167 	DATA 	Target presented
533.5333 	DATA 	Keypress: 1
533.5334 	DATA 	Key1 pressed
533.5334 	DATA 	Target detected
534.1000 	DATA 	Keypress: 5
534.1000 	DATA 	TR 343 | TR1 172 | TR2 171
535.6499 	DATA 	Keypress: 5
535.6499 	DATA 	TR 344 | TR1 172 | TR2 172
537.2169 	DATA 	Keypress: 5
537.2330 	DATA 	TR 345 | TR1 173 | TR2 172
538.7831 	DATA 	Keypress: 5
538.7831 	DATA 	TR 346 | TR1 173 | TR2 173
540.3494 	DATA 	Keypress: 5
540.3494 	DATA 	TR 347 | TR1 174 | TR2 173
541.8993 	DATA 	Keypress: 5
541.8993 	DATA 	TR 348 | TR1 174 | TR2 174
543.4658 	DATA 	Keypress: 5
543.4658 	DATA 	TR 349 | TR1 175 | TR2 174
545.0156 	DATA 	Keypress: 5
545.0157 	DATA 	TR 350 | TR1 175 | TR2 175
546.5988 	DATA 	Keypress: 5
546.5988 	DATA 	TR 351 | TR1 176 | TR2 175
548.1487 	DATA 	Keypress: 5
548.1488 	DATA 	TR 352 | TR1 176 | TR2 176
549.7152 	DATA 	Keypress: 5
549.7152 	DATA 	TR 353 | TR1 177 | TR2 176
551.2651 	DATA 	Keypress: 5
551.2651 	DATA 	TR 354 | TR1 177 | TR2 177
552.8484 	DATA 	Keypress: 5
552.8484 	DATA 	TR 355 | TR1 178 | TR2 177
554.3982 	DATA 	Keypress: 5
554.3982 	DATA 	TR 356 | TR1 178 | TR2 178
555.9646 	DATA 	Keypress: 5
555.9647 	DATA 	TR 357 | TR1 179 | TR2 178
557.5145 	DATA 	Keypress: 5
557.5145 	DATA 	TR 358 | TR1 179 | TR2 179
559.0810 	DATA 	Keypress: 5
559.0810 	DATA 	TR 359 | TR1 180 | TR2 179
560.6475 	DATA 	Keypress: 5
560.6476 	DATA 	TR 360 | TR1 180 | TR2 180
562.2140 	DATA 	Keypress: 5
562.2141 	DATA 	TR 361 | TR1 181 | TR2 180
563.7641 	DATA 	Keypress: 5
563.7641 	DATA 	TR 362 | TR1 181 | TR2 181
564.5307 	DATA 	
564.5307 	DATA 	Trial complete
564.5307 	DATA 	Waiting for VASO trigger to start next trial
564.5307 	DATA 	
565.3306 	DATA 	Keypress: 5
565.3307 	DATA 	Waited 0.7999851703643799 seconds for trigger
565.3315 	DATA 	
565.3315 	DATA 	Trial 15
565.3315 	DATA 	stimDur = 12.0
565.3315 	DATA 	jitter = 1.5705
565.3315 	DATA 	restDur = 30.0

565.3315 	DATA 	
565.3315 	DATA 	TR 363 | TR1 182 | TR2 181
566.8803 	DATA 	Keypress: 5
566.8803 	DATA 	TR 364 | TR1 182 | TR2 182
566.9136 	DATA 	
566.9136 	DATA 	stimulation started
566.9136 	DATA 	
568.4636 	DATA 	Keypress: 5
568.4637 	DATA 	TR 365 | TR1 183 | TR2 182
570.0134 	DATA 	Keypress: 5
570.0135 	DATA 	TR 366 | TR1 183 | TR2 183
571.5800 	DATA 	Keypress: 5
571.5800 	DATA 	TR 367 | TR1 184 | TR2 183
573.1298 	DATA 	Keypress: 5
573.1298 	DATA 	TR 368 | TR1 184 | TR2 184
574.7130 	DATA 	Keypress: 5
574.7130 	DATA 	TR 369 | TR1 185 | TR2 184
576.2628 	DATA 	Keypress: 5
576.2629 	DATA 	TR 370 | TR1 185 | TR2 185
577.8294 	DATA 	Keypress: 5
577.8294 	DATA 	TR 371 | TR1 186 | TR2 185
578.9125 	DATA 	
578.9125 	DATA 	stimulation stopped
578.9125 	DATA 	
579.3791 	DATA 	Keypress: 5
579.3792 	DATA 	TR 372 | TR1 186 | TR2 186
580.9457 	DATA 	Keypress: 5
580.9457 	DATA 	TR 373 | TR1 187 | TR2 186
582.4955 	DATA 	Keypress: 5
582.4956 	DATA 	TR 374 | TR1 187 | TR2 187
584.0786 	DATA 	Keypress: 5
584.0787 	DATA 	TR 375 | TR1 188 | TR2 187
585.6285 	DATA 	Keypress: 5
585.6286 	DATA 	TR 376 | TR1 188 | TR2 188
587.1951 	DATA 	Keypress: 5
587.1951 	DATA 	TR 377 | TR1 189 | TR2 188
588.7449 	DATA 	Keypress: 5
588.7449 	DATA 	TR 378 | TR1 189 | TR2 189
590.3281 	DATA 	Keypress: 5
590.3281 	DATA 	TR 379 | TR1 190 | TR2 189
591.8780 	DATA 	Keypress: 5
591.8780 	DATA 	TR 380 | TR1 190 | TR2 190
593.4445 	DATA 	Keypress: 5
593.4446 	DATA 	TR 381 | TR1 191 | TR2 190
594.9945 	DATA 	Keypress: 5
594.9945 	DATA 	TR 382 | TR1 191 | TR2 191
596.5615 	DATA 	Keypress: 5
596.5775 	DATA 	TR 383 | TR1 192 | TR2 191
598.1274 	DATA 	Keypress: 5
598.1274 	DATA 	TR 384 | TR1 192 | TR2 192
599.6939 	DATA 	Keypress: 5
599.6940 	DATA 	TR 385 | TR1 193 | TR2 192
601.2438 	DATA 	Keypress: 5
601.2438 	DATA 	TR 386 | TR1 193 | TR2 193
602.8103 	DATA 	Keypress: 5
602.8104 	DATA 	TR 387 | TR1 194 | TR2 193
604.3601 	DATA 	Keypress: 5
604.3602 	DATA 	TR 388 | TR1 194 | TR2 194
605.9434 	DATA 	Keypress: 5
605.9434 	DATA 	TR 389 | TR1 195 | TR2 194
607.4932 	DATA 	Keypress: 5
607.4932 	DATA 	TR 390 | TR1 195 | TR2 195
608.9097 	DATA 	
608.9097 	DATA 	Trial complete
608.9097 	DATA 	Waiting for VASO trigger to start next trial
608.9097 	DATA 	
609.0597 	DATA 	Keypress: 5
609.0598 	DATA 	Waited 0.15007305145263672 seconds for trigger
609.0606 	DATA 	
609.0606 	DATA 	Trial 16
609.0606 	DATA 	stimDur = 12.0
609.0606 	DATA 	jitter = 2.35575
609.0606 	DATA 	restDur = 30.0

609.0606 	DATA 	
609.0606 	DATA 	TR 391 | TR1 196 | TR2 195
609.3930 	DATA 	Target presented
609.9096 	DATA 	Keypress: 1
609.9097 	DATA 	Key1 pressed
609.9097 	DATA 	Target detected
610.6096 	DATA 	Keypress: 5
610.6096 	DATA 	TR 392 | TR1 196 | TR2 196
611.4261 	DATA 	
611.4261 	DATA 	stimulation started
611.4261 	DATA 	
612.1928 	DATA 	Keypress: 5
612.1929 	DATA 	TR 393 | TR1 197 | TR2 196
613.7427 	DATA 	Keypress: 5
613.7427 	DATA 	TR 394 | TR1 197 | TR2 197
615.3092 	DATA 	Keypress: 5
615.3093 	DATA 	TR 395 | TR1 198 | TR2 197
616.8590 	DATA 	Keypress: 5
616.8591 	DATA 	TR 396 | TR1 198 | TR2 198
618.4256 	DATA 	Keypress: 5
618.4256 	DATA 	TR 397 | TR1 199 | TR2 198
619.9761 	DATA 	Keypress: 5
619.9920 	DATA 	TR 398 | TR1 199 | TR2 199
621.5586 	DATA 	Keypress: 5
621.5587 	DATA 	TR 399 | TR1 200 | TR2 199
623.1085 	DATA 	Keypress: 5
623.1085 	DATA 	TR 400 | TR1 200 | TR2 200
623.4251 	DATA 	
623.4251 	DATA 	stimulation stopped
623.4251 	DATA 	
624.6749 	DATA 	Keypress: 5
624.6750 	DATA 	TR 401 | TR1 201 | TR2 200
626.2245 	DATA 	Keypress: 5
626.2246 	DATA 	TR 402 | TR1 201 | TR2 201
627.8080 	DATA 	Keypress: 5
627.8080 	DATA 	TR 403 | TR1 202 | TR2 201
629.3578 	DATA 	Keypress: 5
629.3579 	DATA 	TR 404 | TR1 202 | TR2 202
630.9244 	DATA 	Keypress: 5
630.9244 	DATA 	TR 405 | TR1 203 | TR2 202
632.4742 	DATA 	Keypress: 5
632.4743 	DATA 	TR 406 | TR1 203 | TR2 203
634.0408 	DATA 	Keypress: 5
634.0408 	DATA 	TR 407 | TR1 204 | TR2 203
635.6073 	DATA 	Keypress: 5
635.6073 	DATA 	TR 408 | TR1 204 | TR2 204
637.1738 	DATA 	Keypress: 5
637.1739 	DATA 	TR 409 | TR1 205 | TR2 204
638.7236 	DATA 	Keypress: 5
638.7237 	DATA 	TR 410 | TR1 205 | TR2 205
640.2902 	DATA 	Keypress: 5
640.2903 	DATA 	TR 411 | TR1 206 | TR2 205
641.8400 	DATA 	Keypress: 5
641.8401 	DATA 	TR 412 | TR1 206 | TR2 206
643.4232 	DATA 	Keypress: 5
643.4233 	DATA 	TR 413 | TR1 207 | TR2 206
644.9729 	DATA 	Keypress: 5
644.9729 	DATA 	TR 414 | TR1 207 | TR2 207
646.5397 	DATA 	Keypress: 5
646.5398 	DATA 	TR 415 | TR1 208 | TR2 207
648.0894 	DATA 	Keypress: 5
648.0895 	DATA 	TR 416 | TR1 208 | TR2 208
649.6727 	DATA 	Keypress: 5
649.6727 	DATA 	TR 417 | TR1 209 | TR2 208
651.2225 	DATA 	Keypress: 5
651.2225 	DATA 	TR 418 | TR1 209 | TR2 209
652.7890 	DATA 	Keypress: 5
652.7891 	DATA 	TR 419 | TR1 210 | TR2 209
653.4222 	DATA 	
653.4222 	DATA 	Trial complete
653.4223 	DATA 	Waiting for VASO trigger to start next trial
653.4223 	DATA 	
654.3388 	DATA 	Keypress: 5
654.3389 	DATA 	TR 420 | TR1 210 | TR2 210
655.9054 	DATA 	Keypress: 5
655.9054 	DATA 	Waited 2.4831690788269043 seconds for trigger
655.9062 	DATA 	
655.9062 	DATA 	Trial 17
655.9062 	DATA 	stimDur = 24.0
655.9062 	DATA 	jitter = 0.0
655.9063 	DATA 	restDur = 40.0

655.9063 	DATA 	
655.9063 	DATA 	TR 421 | TR1 211 | TR2 210
655.9063 	DATA 	
655.9063 	DATA 	stimulation started
655.9063 	DATA 	
657.4560 	DATA 	Keypress: 5
657.4719 	DATA 	TR 422 | TR1 211 | TR2 211
659.0385 	DATA 	Keypress: 5
659.0386 	DATA 	TR 423 | TR1 212 | TR2 211
660.5883 	DATA 	Keypress: 5
660.5884 	DATA 	TR 424 | TR1 212 | TR2 212
662.1549 	DATA 	Keypress: 5
662.1550 	DATA 	TR 425 | TR1 213 | TR2 212
663.7047 	DATA 	Keypress: 5
663.7048 	DATA 	TR 426 | TR1 213 | TR2 213
665.2880 	DATA 	Keypress: 5
665.2880 	DATA 	TR 427 | TR1 214 | TR2 213
666.8378 	DATA 	Keypress: 5
666.8378 	DATA 	TR 428 | TR1 214 | TR2 214
668.4043 	DATA 	Keypress: 5
668.4044 	DATA 	TR 429 | TR1 215 | TR2 214
669.9542 	DATA 	Keypress: 5
669.9542 	DATA 	TR 430 | TR1 215 | TR2 215
671.5214 	DATA 	Keypress: 5
671.5373 	DATA 	TR 431 | TR1 216 | TR2 215
673.0872 	DATA 	Keypress: 5
673.0872 	DATA 	TR 432 | TR1 216 | TR2 216
674.6537 	DATA 	Keypress: 5
674.6538 	DATA 	TR 433 | TR1 217 | TR2 216
676.2036 	DATA 	Keypress: 5
676.2036 	DATA 	TR 434 | TR1 217 | TR2 217
677.7701 	DATA 	Keypress: 5
677.7702 	DATA 	TR 435 | TR1 218 | TR2 217
679.2700 	DATA 	Target presented
679.3199 	DATA 	Keypress: 5
679.3200 	DATA 	TR 436 | TR1 218 | TR2 218
679.9199 	DATA 	
679.9199 	DATA 	stimulation stopped
679.9199 	DATA 	
679.9865 	DATA 	Keypress: 1
679.9866 	DATA 	Key1 pressed
679.9866 	DATA 	Target detected
680.9031 	DATA 	Keypress: 5
680.9032 	DATA 	TR 437 | TR1 219 | TR2 218
682.4529 	DATA 	Keypress: 5
682.4530 	DATA 	TR 438 | TR1 219 | TR2 219
684.0196 	DATA 	Keypress: 5
684.0197 	DATA 	TR 439 | TR1 220 | TR2 219
685.5693 	DATA 	Keypress: 5
685.5694 	DATA 	TR 440 | TR1 220 | TR2 220
687.1527 	DATA 	Keypress: 5
687.1527 	DATA 	TR 441 | TR1 221 | TR2 220
688.7024 	DATA 	Keypress: 5
688.7024 	DATA 	TR 442 | TR1 221 | TR2 221
690.2689 	DATA 	Keypress: 5
690.2690 	DATA 	TR 443 | TR1 222 | TR2 221
691.8187 	DATA 	Keypress: 5
691.8188 	DATA 	TR 444 | TR1 222 | TR2 222
693.3854 	DATA 	Keypress: 5
693.3854 	DATA 	TR 445 | TR1 223 | TR2 222
694.9518 	DATA 	Keypress: 5
694.9518 	DATA 	TR 446 | TR1 223 | TR2 223
696.5183 	DATA 	Keypress: 5
696.5184 	DATA 	TR 447 | TR1 224 | TR2 223
698.0681 	DATA 	Keypress: 5
698.0682 	DATA 	TR 448 | TR1 224 | TR2 224
699.6347 	DATA 	Keypress: 5
699.6348 	DATA 	TR 449 | TR1 225 | TR2 224
701.1845 	DATA 	Keypress: 5
701.1846 	DATA 	TR 450 | TR1 225 | TR2 225
702.7678 	DATA 	Keypress: 5
702.7678 	DATA 	TR 451 | TR1 226 | TR2 225
704.3176 	DATA 	Keypress: 5
704.3176 	DATA 	TR 452 | TR1 226 | TR2 226
705.8841 	DATA 	Keypress: 5
705.8842 	DATA 	TR 453 | TR1 227 | TR2 226
707.4339 	DATA 	Keypress: 5
707.4340 	DATA 	TR 454 | TR1 227 | TR2 227
709.0172 	DATA 	Keypress: 5
709.0172 	DATA 	TR 455 | TR1 228 | TR2 227
710.5670 	DATA 	Keypress: 5
710.5670 	DATA 	TR 456 | TR1 228 | TR2 228
712.1336 	DATA 	Keypress: 5
712.1336 	DATA 	TR 457 | TR1 229 | TR2 228
713.6834 	DATA 	Keypress: 5
713.6834 	DATA 	TR 458 | TR1 229 | TR2 229
715.2499 	DATA 	Keypress: 5
715.2500 	DATA 	TR 459 | TR1 230 | TR2 229
716.8003 	DATA 	Keypress: 5
716.8164 	DATA 	TR 460 | TR1 230 | TR2 230
718.3830 	DATA 	Keypress: 5
718.3831 	DATA 	TR 461 | TR1 231 | TR2 230
719.9161 	DATA 	
719.9161 	DATA 	Trial complete
719.9161 	DATA 	Waiting for VASO trigger to start next trial
719.9161 	DATA 	
719.9328 	DATA 	Keypress: 5
719.9328 	DATA 	TR 462 | TR1 231 | TR2 231
720.0161 	DATA 	Target presented
721.4994 	DATA 	Keypress: 5
721.4994 	DATA 	Waited 1.5833399295806885 seconds for trigger
721.5002 	DATA 	
721.5002 	DATA 	Trial 18
721.5002 	DATA 	stimDur = 1.0
721.5002 	DATA 	jitter = 2.35575
721.5002 	DATA 	restDur = 20.0

721.5002 	DATA 	
721.5002 	DATA 	TR 463 | TR1 232 | TR2 231
723.0492 	DATA 	Keypress: 5
723.0493 	DATA 	TR 464 | TR1 232 | TR2 232
723.8657 	DATA 	
723.8657 	DATA 	stimulation started
723.8657 	DATA 	
724.6325 	DATA 	Keypress: 5
724.6325 	DATA 	TR 465 | TR1 233 | TR2 232
724.8657 	DATA 	
724.8657 	DATA 	stimulation stopped
724.8657 	DATA 	
726.1822 	DATA 	Keypress: 5
726.1823 	DATA 	TR 466 | TR1 233 | TR2 233
727.7487 	DATA 	Keypress: 5
727.7488 	DATA 	TR 467 | TR1 234 | TR2 233
729.2986 	DATA 	Keypress: 5
729.2987 	DATA 	TR 468 | TR1 234 | TR2 234
730.8657 	DATA 	Keypress: 5
730.8817 	DATA 	TR 469 | TR1 235 | TR2 234
732.4316 	DATA 	Keypress: 5
732.4318 	DATA 	TR 470 | TR1 235 | TR2 235
733.9982 	DATA 	Keypress: 5
733.9982 	DATA 	TR 471 | TR1 236 | TR2 235
735.5482 	DATA 	Keypress: 5
735.5482 	DATA 	TR 472 | TR1 236 | TR2 236
737.1145 	DATA 	Keypress: 5
737.1146 	DATA 	TR 473 | TR1 237 | TR2 236
738.6644 	DATA 	Keypress: 5
738.6645 	DATA 	TR 474 | TR1 237 | TR2 237
740.2476 	DATA 	Keypress: 5
740.2476 	DATA 	TR 475 | TR1 238 | TR2 237
741.7975 	DATA 	Keypress: 5
741.7975 	DATA 	TR 476 | TR1 238 | TR2 238
743.3640 	DATA 	Keypress: 5
743.3640 	DATA 	TR 477 | TR1 239 | TR2 238
744.8640 	DATA 	
744.8640 	DATA 	Trial complete
744.8640 	DATA 	Waiting for VASO trigger to start next trial
744.8640 	DATA 	
744.9139 	DATA 	Keypress: 5
744.9139 	DATA 	TR 478 | TR1 239 | TR2 239
746.4970 	DATA 	Keypress: 5
746.4971 	DATA 	Waited 1.6330711841583252 seconds for trigger
746.4978 	DATA 	
746.4979 	DATA 	Trial 19
746.4979 	DATA 	stimDur = 2.0
746.4979 	DATA 	jitter = 0.0
746.4979 	DATA 	restDur = 22.0

746.4979 	DATA 	
746.4979 	DATA 	TR 479 | TR1 240 | TR2 239
746.4979 	DATA 	
746.4979 	DATA 	stimulation started
746.4979 	DATA 	
748.0470 	DATA 	Keypress: 5
748.0470 	DATA 	TR 480 | TR1 240 | TR2 240
748.5135 	DATA 	
748.5135 	DATA 	stimulation stopped
748.5135 	DATA 	
749.6134 	DATA 	Keypress: 5
749.6134 	DATA 	TR 481 | TR1 241 | TR2 240
751.1633 	DATA 	Keypress: 5
751.1633 	DATA 	TR 482 | TR1 241 | TR2 241
752.7298 	DATA 	Keypress: 5
752.7298 	DATA 	TR 483 | TR1 242 | TR2 241
754.2963 	DATA 	Keypress: 5
754.2964 	DATA 	TR 484 | TR1 242 | TR2 242
755.8628 	DATA 	Keypress: 5
755.8629 	DATA 	TR 485 | TR1 243 | TR2 242
757.4127 	DATA 	Keypress: 5
757.4127 	DATA 	TR 486 | TR1 243 | TR2 243
758.9792 	DATA 	Keypress: 5
758.9793 	DATA 	TR 487 | TR1 244 | TR2 243
760.5291 	DATA 	Keypress: 5
760.5291 	DATA 	TR 488 | TR1 244 | TR2 244
762.1122 	DATA 	Keypress: 5
762.1123 	DATA 	TR 489 | TR1 245 | TR2 244
763.6621 	DATA 	Keypress: 5
763.6622 	DATA 	TR 490 | TR1 245 | TR2 245
765.2286 	DATA 	Keypress: 5
765.2287 	DATA 	TR 491 | TR1 246 | TR2 245
766.7786 	DATA 	Keypress: 5
766.7787 	DATA 	TR 492 | TR1 246 | TR2 246
768.3456 	DATA 	Keypress: 5
768.3616 	DATA 	TR 493 | TR1 247 | TR2 246
769.9115 	DATA 	Keypress: 5
769.9116 	DATA 	TR 494 | TR1 247 | TR2 247
770.5114 	DATA 	
770.5114 	DATA 	Trial complete
770.5114 	DATA 	
771.4780 	DATA 	Keypress: 5
771.4781 	DATA 	Waited 26.61409306526184 seconds for trigger
771.4789 	DATA 	
771.4789 	DATA 	Trial 20
771.4789 	DATA 	stimDur = 4.0
771.4789 	DATA 	jitter = 0.0
771.4789 	DATA 	restDur = 24.0

771.4789 	DATA 	
771.4789 	DATA 	TR 495 | TR1 248 | TR2 247
771.4789 	DATA 	
771.4789 	DATA 	stimulation started
771.4789 	DATA 	
771.5948 	DATA 	Target presented
772.2114 	DATA 	Keypress: 1
772.2114 	DATA 	Key1 pressed
772.2114 	DATA 	Target detected
773.0280 	DATA 	Keypress: 5
773.0281 	DATA 	TR 496 | TR1 248 | TR2 248
774.5945 	DATA 	Keypress: 5
774.5945 	DATA 	TR 497 | TR1 249 | TR2 248
775.4943 	DATA 	
775.4944 	DATA 	stimulation stopped
775.4944 	DATA 	
776.1443 	DATA 	Keypress: 5
776.1443 	DATA 	TR 498 | TR1 249 | TR2 249
777.7275 	DATA 	Keypress: 5
777.7275 	DATA 	TR 499 | TR1 250 | TR2 249
779.2773 	DATA 	Keypress: 5
779.2774 	DATA 	TR 500 | TR1 250 | TR2 250
780.8440 	DATA 	Keypress: 5
780.8440 	DATA 	TR 501 | TR1 251 | TR2 250
782.3937 	DATA 	Keypress: 5
782.3938 	DATA 	TR 502 | TR1 251 | TR2 251
783.9769 	DATA 	Keypress: 5
783.9769 	DATA 	TR 503 | TR1 252 | TR2 251
785.5268 	DATA 	Keypress: 5
785.5268 	DATA 	TR 504 | TR1 252 | TR2 252
787.0933 	DATA 	Keypress: 5
787.0933 	DATA 	TR 505 | TR1 253 | TR2 252
788.6432 	DATA 	Keypress: 5
788.6432 	DATA 	TR 506 | TR1 253 | TR2 253
790.2096 	DATA 	Keypress: 5
790.2096 	DATA 	TR 507 | TR1 254 | TR2 253
791.7601 	DATA 	Keypress: 5
791.7761 	DATA 	TR 508 | TR1 254 | TR2 254
793.3427 	DATA 	Keypress: 5
793.3427 	DATA 	TR 509 | TR1 255 | TR2 254
794.8926 	DATA 	Keypress: 5
794.8926 	DATA 	TR 510 | TR1 255 | TR2 255
796.4591 	DATA 	Keypress: 5
796.4591 	DATA 	TR 511 | TR1 256 | TR2 255
798.0089 	DATA 	Keypress: 5
798.0090 	DATA 	TR 512 | TR1 256 | TR2 256
799.4921 	DATA 	
799.4921 	DATA 	Trial complete
799.4921 	DATA 	
799.5921 	DATA 	Keypress: 5
799.5922 	DATA 	TR 513 | TR1 257 | TR2 256
801.1420 	DATA 	Keypress: 5
801.1420 	DATA 	TR 514 | TR1 257 | TR2 257
802.7085 	DATA 	Keypress: 5
802.7085 	DATA 	TR 515 | TR1 258 | TR2 257
804.2584 	DATA 	Keypress: 5
804.2584 	DATA 	TR 516 | TR1 258 | TR2 258
805.8415 	DATA 	Keypress: 5
805.8416 	DATA 	TR 517 | TR1 259 | TR2 258
807.3914 	DATA 	Keypress: 5
807.3915 	DATA 	TR 518 | TR1 259 | TR2 259
808.9579 	DATA 	Keypress: 5
808.9580 	DATA 	TR 519 | TR1 260 | TR2 259
810.5078 	DATA 	Keypress: 5
810.5078 	DATA 	TR 520 | TR1 260 | TR2 260
812.0743 	DATA 	Keypress: 5
812.0744 	DATA 	TR 521 | TR1 261 | TR2 260
813.6242 	DATA 	Keypress: 5
813.6242 	DATA 	TR 522 | TR1 261 | TR2 261
815.2073 	DATA 	Keypress: 5
815.2074 	DATA 	TR 523 | TR1 262 | TR2 261
816.7572 	DATA 	Keypress: 5
816.7572 	DATA 	TR 524 | TR1 262 | TR2 262
825.9398 	DATA 	EndOfRun sub-06_ses-05_run-01

825.9398 	DATA 	We spent 55.37522888183594 seconds waiting for triggers
825.9398 	DATA 	RatioOfDetectedTargets 0.9166666666666666
825.9398 	DATA 	You have detected 11 out of 12 targets.
830.9655 	EXP 	window1: mouseVisible = True
