MonitorDistance=99cm
MonitorWidth=30cm
PixelWidth=1024.0
PixelHeight=768.0
You have detected 7 out of 9 targets.
Please try to focus more
8.7021 	INFO 	Loaded monitor calibration from ['2021_05_26 17:55']
9.1851 	EXP 	Created window1 = Window(allowGUI=False, allowStencil=False, autoLog=True, backendConf=UNKNOWN, bitsMode=UNKNOWN, blendMode='avg', bpc=(8, 8, 8), color=array([-0.5, -0.5, -0.5]), colorSpace='rgb', depthBits=8, fullscr=<method-wrapper '__getattribute__' of attributeSetter object at 0x7f8817349390>, gamma=None, gammaErrorPolicy='raise', lms=UNKNOWN, monitor=<psychopy.monitors.calibTools.Monitor object at 0x7f880d129048>, multiSample=False, name='window1', numSamples=2, pos=[0.0, 0.0], screen=0, size=array([1024,  768]), stencilBits=0, stereo=False, units='deg', useFBO=False, useRetina=False, viewOri=0.0, viewPos=None, viewScale=None, waitBlanking=True, winType='pyglet')
9.1851 	EXP 	window1: mouseVisible = True
9.2562 	EXP 	Created unnamed TextStim = TextStim(__class__=<class 'psychopy.visual.text.TextStim'>, alignHoriz=method-wrapper(...), alignText='center', alignVert=method-wrapper(...), anchorHoriz='center', anchorVert='center', antialias=True, autoLog=True, bold=False, color=array([1., 1., 1.]), colorSpace='rgb', contrast=1.0, depth=0, flipHoriz=False, flipVert=False, font='', fontFiles=[], height=0.5, italic=False, languageStyle='LTR', name='unnamed TextStim', opacity=1.0, ori=0.0, pos=array([0., 0.]), rgb=UNKNOWN, text=str(...), units='deg', win=Window(...), wrapWidth=15.0)
9.2871 	EXP 	Created Movie Frame 0 = ImageStim(__class__=<class 'psychopy.visual.image.ImageStim'>, autoLog=True, color=array([0.8, 0.8, 0.8]), colorSpace='rgb', contrast=0.8, depth=0, flipHoriz=False, flipVert=False, image='visual_0.png', interpolate=False, mask=None, maskParams=None, name='Movie Frame 0', opacity=1, ori=0.0, pos=array([0., 0.]), size=array([1024,  768]), texRes=128, units='pix', win=Window(...))
9.3107 	EXP 	Created Movie Frame 1 = ImageStim(__class__=<class 'psychopy.visual.image.ImageStim'>, autoLog=True, color=array([0.8, 0.8, 0.8]), colorSpace='rgb', contrast=0.8, depth=0, flipHoriz=False, flipVert=False, image='visual_1.png', interpolate=False, mask=None, maskParams=None, name='Movie Frame 1', opacity=1, ori=0.0, pos=array([0., 0.]), size=array([1024,  768]), texRes=128, units='pix', win=Window(...))
38.9006 	DATA 	Keypress: 5
0.0000 	DATA 	StartOfRun sub-05_ses-03_run-03
0.0000 	DATA 	TR 1 | TR1 1 | TR2 0
0.0151 	DATA 	Initial baseline

1.5514 	DATA 	Keypress: 5
1.5515 	DATA 	TR 2 | TR1 1 | TR2 1
3.1225 	DATA 	Keypress: 5
3.1226 	DATA 	TR 3 | TR1 2 | TR2 1
4.6749 	DATA 	Keypress: 5
4.6749 	DATA 	TR 4 | TR1 2 | TR2 2
6.2461 	DATA 	Keypress: 5
6.2461 	DATA 	TR 5 | TR1 3 | TR2 2
7.7984 	DATA 	Keypress: 5
7.7984 	DATA 	TR 6 | TR1 3 | TR2 3
9.3695 	DATA 	Keypress: 5
9.3696 	DATA 	TR 7 | TR1 4 | TR2 3
10.9217 	DATA 	Keypress: 5
10.9217 	DATA 	TR 8 | TR1 4 | TR2 4
12.4929 	DATA 	Keypress: 5
12.4929 	DATA 	TR 9 | TR1 5 | TR2 4
14.0451 	DATA 	Keypress: 5
14.0451 	DATA 	TR 10 | TR1 5 | TR2 5
15.6163 	DATA 	Keypress: 5
15.6163 	DATA 	TR 11 | TR1 6 | TR2 5
17.1685 	DATA 	Keypress: 5
17.1685 	DATA 	TR 12 | TR1 6 | TR2 6
18.7396 	DATA 	Keypress: 5
18.7397 	DATA 	TR 13 | TR1 7 | TR2 6
20.2918 	DATA 	Keypress: 5
20.2919 	DATA 	TR 14 | TR1 7 | TR2 7
21.8631 	DATA 	Keypress: 5
21.8631 	DATA 	TR 15 | TR1 8 | TR2 7
23.4153 	DATA 	Keypress: 5
23.4153 	DATA 	TR 16 | TR1 8 | TR2 8
24.9865 	DATA 	Keypress: 5
24.9866 	DATA 	TR 17 | TR1 9 | TR2 8
26.5387 	DATA 	Keypress: 5
26.5387 	DATA 	TR 18 | TR1 9 | TR2 9
28.1098 	DATA 	Keypress: 5
28.1099 	DATA 	TR 19 | TR1 10 | TR2 9
29.6610 	DATA 	Keypress: 5
29.6611 	DATA 	TR 20 | TR1 10 | TR2 10
31.2463 	DATA 	Keypress: 5
31.2464 	DATA 	Waited 1.2463390827178955 seconds for trigger
31.2478 	DATA 	
31.2478 	DATA 	Trial 1
31.2478 	DATA 	stimDur = 1.0
31.2478 	DATA 	jitter = 0.78525
31.2478 	DATA 	restDur = 12.0

31.2478 	DATA 	
31.2478 	DATA 	TR 21 | TR1 11 | TR2 10
32.0461 	DATA 	
32.0462 	DATA 	stimulation started
32.0462 	DATA 	
32.7962 	DATA 	Keypress: 5
32.7963 	DATA 	TR 22 | TR1 11 | TR2 11
33.0461 	DATA 	
33.0461 	DATA 	stimulation stopped
33.0461 	DATA 	
34.3627 	DATA 	Keypress: 5
34.3627 	DATA 	TR 23 | TR1 12 | TR2 11
35.9125 	DATA 	Keypress: 5
35.9126 	DATA 	TR 24 | TR1 12 | TR2 12
37.4957 	DATA 	Keypress: 5
37.4958 	DATA 	TR 25 | TR1 13 | TR2 12
39.0456 	DATA 	Keypress: 5
39.0457 	DATA 	TR 26 | TR1 13 | TR2 13
40.6121 	DATA 	Keypress: 5
40.6121 	DATA 	TR 27 | TR1 14 | TR2 13
42.1620 	DATA 	Keypress: 5
42.1620 	DATA 	TR 28 | TR1 14 | TR2 14
43.7283 	DATA 	Keypress: 5
43.7283 	DATA 	TR 29 | TR1 15 | TR2 14
45.0450 	DATA 	
45.0450 	DATA 	Trial complete
45.0450 	DATA 	Waiting for VASO trigger to start next trial
45.0450 	DATA 	
45.2784 	DATA 	Keypress: 5
45.2784 	DATA 	TR 30 | TR1 15 | TR2 15
46.8615 	DATA 	Keypress: 5
46.8616 	DATA 	Waited 1.816560983657837 seconds for trigger
46.8624 	DATA 	
46.8624 	DATA 	Trial 2
46.8624 	DATA 	stimDur = 12.0
46.8624 	DATA 	jitter = 0.0
46.8624 	DATA 	restDur = 20.0

46.8624 	DATA 	
46.8624 	DATA 	TR 31 | TR1 16 | TR2 15
46.8624 	DATA 	
46.8624 	DATA 	stimulation started
46.8624 	DATA 	
48.4116 	DATA 	Keypress: 5
48.4116 	DATA 	TR 32 | TR1 16 | TR2 16
49.9782 	DATA 	Keypress: 5
49.9783 	DATA 	TR 33 | TR1 17 | TR2 16
51.5278 	DATA 	Keypress: 5
51.5279 	DATA 	TR 34 | TR1 17 | TR2 17
53.1111 	DATA 	Keypress: 5
53.1112 	DATA 	TR 35 | TR1 18 | TR2 17
54.6609 	DATA 	Keypress: 5
54.6610 	DATA 	TR 36 | TR1 18 | TR2 18
56.2274 	DATA 	Keypress: 5
56.2276 	DATA 	TR 37 | TR1 19 | TR2 18
57.7773 	DATA 	Keypress: 5
57.7773 	DATA 	TR 38 | TR1 19 | TR2 19
58.8772 	DATA 	
58.8772 	DATA 	stimulation stopped
58.8772 	DATA 	
59.3444 	DATA 	Keypress: 5
59.3604 	DATA 	TR 39 | TR1 20 | TR2 19
60.9103 	DATA 	Keypress: 5
60.9103 	DATA 	TR 40 | TR1 20 | TR2 20
62.4769 	DATA 	Keypress: 5
62.4769 	DATA 	TR 41 | TR1 21 | TR2 20
64.0267 	DATA 	Keypress: 5
64.0267 	DATA 	TR 42 | TR1 21 | TR2 21
65.5933 	DATA 	Keypress: 5
65.5933 	DATA 	TR 43 | TR1 22 | TR2 21
67.1432 	DATA 	Keypress: 5
67.1433 	DATA 	TR 44 | TR1 22 | TR2 22
68.7263 	DATA 	Keypress: 5
68.7264 	DATA 	TR 45 | TR1 23 | TR2 22
70.2761 	DATA 	Keypress: 5
70.2762 	DATA 	TR 46 | TR1 23 | TR2 23
71.8427 	DATA 	Keypress: 5
71.8428 	DATA 	TR 47 | TR1 24 | TR2 23
73.3925 	DATA 	Keypress: 5
73.3926 	DATA 	TR 48 | TR1 24 | TR2 24
74.9758 	DATA 	Keypress: 5
74.9758 	DATA 	TR 49 | TR1 25 | TR2 24
76.5256 	DATA 	Keypress: 5
76.5257 	DATA 	TR 50 | TR1 25 | TR2 25
78.0922 	DATA 	Keypress: 5
78.0922 	DATA 	TR 51 | TR1 26 | TR2 25
78.8754 	DATA 	
78.8754 	DATA 	Trial complete
78.8754 	DATA 	Waiting for VASO trigger to start next trial
78.8754 	DATA 	
79.6420 	DATA 	Keypress: 5
79.6420 	DATA 	TR 52 | TR1 26 | TR2 26
81.2085 	DATA 	Keypress: 5
81.2086 	DATA 	Waited 2.3331871032714844 seconds for trigger
81.2094 	DATA 	
81.2094 	DATA 	Trial 3
81.2094 	DATA 	stimDur = 2.0
81.2094 	DATA 	jitter = 1.5705
81.2094 	DATA 	restDur = 14.0

81.2094 	DATA 	
81.2094 	DATA 	TR 53 | TR1 27 | TR2 26
82.7590 	DATA 	Keypress: 5
82.7752 	DATA 	TR 54 | TR1 27 | TR2 27
82.7917 	DATA 	
82.7917 	DATA 	stimulation started
82.7917 	DATA 	
84.3417 	DATA 	Keypress: 5
84.3417 	DATA 	TR 55 | TR1 28 | TR2 27
84.7916 	DATA 	
84.7916 	DATA 	stimulation stopped
84.7916 	DATA 	
85.8914 	DATA 	Keypress: 5
85.8915 	DATA 	TR 56 | TR1 28 | TR2 28
87.4580 	DATA 	Keypress: 5
87.4581 	DATA 	TR 57 | TR1 29 | TR2 28
89.0078 	DATA 	Keypress: 5
89.0079 	DATA 	TR 58 | TR1 29 | TR2 29
89.8745 	DATA 	Target presented
90.3911 	DATA 	Keypress: 1
90.3911 	DATA 	Key1 pressed
90.3911 	DATA 	Target detected
90.5910 	DATA 	Keypress: 5
90.5911 	DATA 	TR 59 | TR1 30 | TR2 29
92.1409 	DATA 	Keypress: 5
92.1409 	DATA 	TR 60 | TR1 30 | TR2 30
93.7075 	DATA 	Keypress: 5
93.7075 	DATA 	TR 61 | TR1 31 | TR2 30
95.2573 	DATA 	Keypress: 5
95.2573 	DATA 	TR 62 | TR1 31 | TR2 31
96.8405 	DATA 	Keypress: 5
96.8406 	DATA 	TR 63 | TR1 32 | TR2 31
98.3903 	DATA 	Keypress: 5
98.3904 	DATA 	TR 64 | TR1 32 | TR2 32
98.7903 	DATA 	
98.7903 	DATA 	Trial complete
98.7903 	DATA 	Waiting for VASO trigger to start next trial
98.7903 	DATA 	
99.9569 	DATA 	Keypress: 5
99.9570 	DATA 	Waited 1.1666440963745117 seconds for trigger
99.9577 	DATA 	
99.9577 	DATA 	Trial 4
99.9578 	DATA 	stimDur = 1.0
99.9578 	DATA 	jitter = 2.35575
99.9578 	DATA 	restDur = 12.0

99.9578 	DATA 	
99.9578 	DATA 	TR 65 | TR1 33 | TR2 32
101.5068 	DATA 	Keypress: 5
101.5068 	DATA 	TR 66 | TR1 33 | TR2 33
102.3233 	DATA 	
102.3233 	DATA 	stimulation started
102.3233 	DATA 	
103.0734 	DATA 	Keypress: 5
103.0734 	DATA 	TR 67 | TR1 34 | TR2 33
103.3233 	DATA 	
103.3233 	DATA 	stimulation stopped
103.3233 	DATA 	
104.6232 	DATA 	Keypress: 5
104.6232 	DATA 	TR 68 | TR1 34 | TR2 34
106.2064 	DATA 	Keypress: 5
106.2064 	DATA 	TR 69 | TR1 35 | TR2 34
107.7560 	DATA 	Keypress: 5
107.7560 	DATA 	TR 70 | TR1 35 | TR2 35
109.3228 	DATA 	Keypress: 5
109.3228 	DATA 	TR 71 | TR1 36 | TR2 35
110.8726 	DATA 	Keypress: 5
110.8726 	DATA 	TR 72 | TR1 36 | TR2 36
112.4558 	DATA 	Keypress: 5
112.4559 	DATA 	TR 73 | TR1 37 | TR2 36
114.0057 	DATA 	Keypress: 5
114.0057 	DATA 	TR 74 | TR1 37 | TR2 37
115.3222 	DATA 	
115.3222 	DATA 	Trial complete
115.3222 	DATA 	Waiting for VASO trigger to start next trial
115.3222 	DATA 	
115.5722 	DATA 	Keypress: 5
115.5723 	DATA 	Waited 0.250046968460083 seconds for trigger
115.5730 	DATA 	
115.5730 	DATA 	Trial 5
115.5730 	DATA 	stimDur = 24.0
115.5730 	DATA 	jitter = 0.0
115.5730 	DATA 	restDur = 24.0

115.5730 	DATA 	
115.5731 	DATA 	TR 75 | TR1 38 | TR2 37
115.5731 	DATA 	
115.5731 	DATA 	stimulation started
115.5731 	DATA 	
117.1221 	DATA 	Keypress: 5
117.1221 	DATA 	TR 76 | TR1 38 | TR2 38
118.6887 	DATA 	Keypress: 5
118.6887 	DATA 	TR 77 | TR1 39 | TR2 38
120.2552 	DATA 	Keypress: 5
120.2552 	DATA 	TR 78 | TR1 39 | TR2 39
121.8219 	DATA 	Keypress: 5
121.8219 	DATA 	TR 79 | TR1 40 | TR2 39
123.3716 	DATA 	Keypress: 5
123.3716 	DATA 	TR 80 | TR1 40 | TR2 40
124.9381 	DATA 	Keypress: 5
124.9382 	DATA 	TR 81 | TR1 41 | TR2 40
126.4879 	DATA 	Keypress: 5
126.4880 	DATA 	TR 82 | TR1 41 | TR2 41
128.0712 	DATA 	Keypress: 5
128.0712 	DATA 	TR 83 | TR1 42 | TR2 41
129.6210 	DATA 	Keypress: 5
129.6210 	DATA 	TR 84 | TR1 42 | TR2 42
131.1875 	DATA 	Keypress: 5
131.1876 	DATA 	TR 85 | TR1 43 | TR2 42
132.7374 	DATA 	Keypress: 5
132.7374 	DATA 	TR 86 | TR1 43 | TR2 43
134.3047 	DATA 	Keypress: 5
134.3205 	DATA 	TR 87 | TR1 44 | TR2 43
135.8704 	DATA 	Keypress: 5
135.8705 	DATA 	TR 88 | TR1 44 | TR2 44
137.4370 	DATA 	Keypress: 5
137.4371 	DATA 	TR 89 | TR1 45 | TR2 44
138.9869 	DATA 	Keypress: 5
138.9869 	DATA 	TR 90 | TR1 45 | TR2 45
139.5867 	DATA 	
139.5867 	DATA 	stimulation stopped
139.5867 	DATA 	
140.5533 	DATA 	Keypress: 5
140.5534 	DATA 	TR 91 | TR1 46 | TR2 45
142.1034 	DATA 	Keypress: 5
142.1034 	DATA 	TR 92 | TR1 46 | TR2 46
143.6864 	DATA 	Keypress: 5
143.6865 	DATA 	TR 93 | TR1 47 | TR2 46
145.2362 	DATA 	Keypress: 5
145.2363 	DATA 	TR 94 | TR1 47 | TR2 47
146.8028 	DATA 	Keypress: 5
146.8028 	DATA 	TR 95 | TR1 48 | TR2 47
148.3526 	DATA 	Keypress: 5
148.3527 	DATA 	TR 96 | TR1 48 | TR2 48
149.9359 	DATA 	Keypress: 5
149.9359 	DATA 	TR 97 | TR1 49 | TR2 48
151.4857 	DATA 	Keypress: 5
151.4857 	DATA 	TR 98 | TR1 49 | TR2 49
153.0522 	DATA 	Keypress: 5
153.0523 	DATA 	TR 99 | TR1 50 | TR2 49
154.6021 	DATA 	Keypress: 5
154.6021 	DATA 	TR 100 | TR1 50 | TR2 50
156.1686 	DATA 	Keypress: 5
156.1687 	DATA 	TR 101 | TR1 51 | TR2 50
157.7192 	DATA 	Keypress: 5
157.7353 	DATA 	TR 102 | TR1 51 | TR2 51
159.3017 	DATA 	Keypress: 5
159.3018 	DATA 	TR 103 | TR1 52 | TR2 51
160.8515 	DATA 	Keypress: 5
160.8516 	DATA 	TR 104 | TR1 52 | TR2 52
162.4181 	DATA 	Keypress: 5
162.4181 	DATA 	TR 105 | TR1 53 | TR2 52
163.5846 	DATA 	
163.5846 	DATA 	Trial complete
163.5846 	DATA 	Waiting for VASO trigger to start next trial
163.5846 	DATA 	
163.9679 	DATA 	Keypress: 5
163.9680 	DATA 	TR 106 | TR1 53 | TR2 53
165.5509 	DATA 	Keypress: 5
165.5509 	DATA 	Waited 1.9663169384002686 seconds for trigger
165.5517 	DATA 	
165.5517 	DATA 	Trial 6
165.5517 	DATA 	stimDur = 24.0
165.5517 	DATA 	jitter = 1.5705
165.5517 	DATA 	restDur = 24.0

165.5517 	DATA 	
165.5517 	DATA 	TR 107 | TR1 54 | TR2 53
167.1009 	DATA 	Keypress: 5
167.1009 	DATA 	TR 108 | TR1 54 | TR2 54
167.1343 	DATA 	
167.1343 	DATA 	stimulation started
167.1343 	DATA 	
168.6676 	DATA 	Keypress: 5
168.6676 	DATA 	TR 109 | TR1 55 | TR2 54
168.8342 	DATA 	Target presented
169.3009 	DATA 	Keypress: 1
169.3009 	DATA 	Key1 pressed
169.3009 	DATA 	Target detected
170.2174 	DATA 	Keypress: 5
170.2175 	DATA 	TR 110 | TR1 55 | TR2 55
171.8007 	DATA 	Keypress: 5
171.8007 	DATA 	TR 111 | TR1 56 | TR2 55
173.3505 	DATA 	Keypress: 5
173.3506 	DATA 	TR 112 | TR1 56 | TR2 56
174.9171 	DATA 	Keypress: 5
174.9171 	DATA 	TR 113 | TR1 57 | TR2 56
176.4669 	DATA 	Keypress: 5
176.4669 	DATA 	TR 114 | TR1 57 | TR2 57
178.0335 	DATA 	Keypress: 5
178.0335 	DATA 	TR 115 | TR1 58 | TR2 57
179.5834 	DATA 	Keypress: 5
179.5834 	DATA 	TR 116 | TR1 58 | TR2 58
181.1665 	DATA 	Keypress: 5
181.1666 	DATA 	TR 117 | TR1 59 | TR2 58
182.7163 	DATA 	Keypress: 5
182.7164 	DATA 	TR 118 | TR1 59 | TR2 59
184.2829 	DATA 	Keypress: 5
184.2829 	DATA 	TR 119 | TR1 60 | TR2 59
185.8327 	DATA 	Keypress: 5
185.8328 	DATA 	TR 120 | TR1 60 | TR2 60
187.4160 	DATA 	Keypress: 5
187.4160 	DATA 	TR 121 | TR1 61 | TR2 60
188.9658 	DATA 	Keypress: 5
188.9658 	DATA 	TR 122 | TR1 61 | TR2 61
190.5323 	DATA 	Keypress: 5
190.5324 	DATA 	TR 123 | TR1 62 | TR2 61
191.1322 	DATA 	
191.1323 	DATA 	stimulation stopped
191.1323 	DATA 	
192.0823 	DATA 	Keypress: 5
192.0823 	DATA 	TR 124 | TR1 62 | TR2 62
193.6493 	DATA 	Keypress: 5
193.6653 	DATA 	TR 125 | TR1 63 | TR2 62
195.2152 	DATA 	Keypress: 5
195.2152 	DATA 	TR 126 | TR1 63 | TR2 63
196.7818 	DATA 	Keypress: 5
196.7818 	DATA 	TR 127 | TR1 64 | TR2 63
198.3316 	DATA 	Keypress: 5
198.3316 	DATA 	TR 128 | TR1 64 | TR2 64
199.8982 	DATA 	Keypress: 5
199.8982 	DATA 	TR 129 | TR1 65 | TR2 64
201.4480 	DATA 	Keypress: 5
201.4480 	DATA 	TR 130 | TR1 65 | TR2 65
203.0314 	DATA 	Keypress: 5
203.0314 	DATA 	TR 131 | TR1 66 | TR2 65
204.5810 	DATA 	Keypress: 5
204.5811 	DATA 	TR 132 | TR1 66 | TR2 66
206.1476 	DATA 	Keypress: 5
206.1476 	DATA 	TR 133 | TR1 67 | TR2 66
207.6974 	DATA 	Keypress: 5
207.6975 	DATA 	TR 134 | TR1 67 | TR2 67
209.2807 	DATA 	Keypress: 5
209.2807 	DATA 	TR 135 | TR1 68 | TR2 67
210.8304 	DATA 	Keypress: 5
210.8305 	DATA 	TR 136 | TR1 68 | TR2 68
212.3970 	DATA 	Keypress: 5
212.3970 	DATA 	TR 137 | TR1 69 | TR2 68
213.9467 	DATA 	Keypress: 5
213.9468 	DATA 	TR 138 | TR1 69 | TR2 69
215.1299 	DATA 	
215.1299 	DATA 	Trial complete
215.1299 	DATA 	Waiting for VASO trigger to start next trial
215.1299 	DATA 	
215.5132 	DATA 	Keypress: 5
215.5133 	DATA 	Waited 0.3833460807800293 seconds for trigger
215.5140 	DATA 	
215.5141 	DATA 	Trial 7
215.5141 	DATA 	stimDur = 4.0
215.5141 	DATA 	jitter = 2.35575
215.5141 	DATA 	restDur = 16.0

215.5141 	DATA 	
215.5141 	DATA 	TR 139 | TR1 70 | TR2 69
217.0636 	DATA 	Keypress: 5
217.0797 	DATA 	TR 140 | TR1 70 | TR2 70
217.8796 	DATA 	
217.8796 	DATA 	stimulation started
217.8796 	DATA 	
218.6463 	DATA 	Keypress: 5
218.6463 	DATA 	TR 141 | TR1 71 | TR2 70
220.1960 	DATA 	Keypress: 5
220.1961 	DATA 	TR 142 | TR1 71 | TR2 71
221.7625 	DATA 	Keypress: 5
221.7626 	DATA 	TR 143 | TR1 72 | TR2 71
221.8791 	DATA 	
221.8791 	DATA 	stimulation stopped
221.8791 	DATA 	
223.3123 	DATA 	Keypress: 5
223.3123 	DATA 	TR 144 | TR1 72 | TR2 72
224.8955 	DATA 	Keypress: 5
224.8955 	DATA 	TR 145 | TR1 73 | TR2 72
224.9121 	DATA 	Target presented
225.3620 	DATA 	Keypress: 1
225.3621 	DATA 	Key1 pressed
225.3621 	DATA 	Target detected
226.4452 	DATA 	Keypress: 5
226.4453 	DATA 	TR 146 | TR1 73 | TR2 73
228.0118 	DATA 	Keypress: 5
228.0118 	DATA 	TR 147 | TR1 74 | TR2 73
229.5616 	DATA 	Keypress: 5
229.5616 	DATA 	TR 148 | TR1 74 | TR2 74
231.1282 	DATA 	Keypress: 5
231.1282 	DATA 	TR 149 | TR1 75 | TR2 74
232.6945 	DATA 	Keypress: 5
232.6946 	DATA 	TR 150 | TR1 75 | TR2 75
234.2610 	DATA 	Keypress: 5
234.2611 	DATA 	TR 151 | TR1 76 | TR2 75
235.8108 	DATA 	Keypress: 5
235.8108 	DATA 	TR 152 | TR1 76 | TR2 76
237.3773 	DATA 	Keypress: 5
237.3774 	DATA 	TR 153 | TR1 77 | TR2 76
237.8774 	DATA 	
237.8774 	DATA 	Trial complete
237.8774 	DATA 	Waiting for VASO trigger to start next trial
237.8774 	DATA 	
238.9272 	DATA 	Keypress: 5
238.9273 	DATA 	TR 154 | TR1 77 | TR2 77
240.5102 	DATA 	Keypress: 5
240.5103 	DATA 	Waited 2.632869005203247 seconds for trigger
240.5111 	DATA 	
240.5111 	DATA 	Trial 8
240.5111 	DATA 	stimDur = 24.0
240.5111 	DATA 	jitter = 2.35575
240.5111 	DATA 	restDur = 24.0

240.5111 	DATA 	
240.5111 	DATA 	TR 155 | TR1 78 | TR2 77
242.0601 	DATA 	Keypress: 5
242.0601 	DATA 	TR 156 | TR1 78 | TR2 78
242.8766 	DATA 	
242.8766 	DATA 	stimulation started
242.8766 	DATA 	
243.6266 	DATA 	Keypress: 5
243.6267 	DATA 	TR 157 | TR1 79 | TR2 78
245.1764 	DATA 	Keypress: 5
245.1764 	DATA 	TR 158 | TR1 79 | TR2 79
246.7596 	DATA 	Keypress: 5
246.7596 	DATA 	TR 159 | TR1 80 | TR2 79
248.3094 	DATA 	Keypress: 5
248.3094 	DATA 	TR 160 | TR1 80 | TR2 80
249.8759 	DATA 	Keypress: 5
249.8759 	DATA 	TR 161 | TR1 81 | TR2 80
251.4257 	DATA 	Keypress: 5
251.4257 	DATA 	TR 162 | TR1 81 | TR2 81
252.9922 	DATA 	Keypress: 5
252.9922 	DATA 	TR 163 | TR1 82 | TR2 81
254.5587 	DATA 	Keypress: 5
254.5587 	DATA 	TR 164 | TR1 82 | TR2 82
256.1252 	DATA 	Keypress: 5
256.1252 	DATA 	TR 165 | TR1 83 | TR2 82
257.6749 	DATA 	Keypress: 5
257.6750 	DATA 	TR 166 | TR1 83 | TR2 83
259.2415 	DATA 	Keypress: 5
259.2415 	DATA 	TR 167 | TR1 84 | TR2 83
260.7912 	DATA 	Keypress: 5
260.7913 	DATA 	TR 168 | TR1 84 | TR2 84
262.3744 	DATA 	Keypress: 5
262.3745 	DATA 	TR 169 | TR1 85 | TR2 84
263.9242 	DATA 	Keypress: 5
263.9243 	DATA 	TR 170 | TR1 85 | TR2 85
265.4907 	DATA 	Keypress: 5
265.4908 	DATA 	TR 171 | TR1 86 | TR2 85
266.8738 	DATA 	
266.8739 	DATA 	stimulation stopped
266.8739 	DATA 	
267.0405 	DATA 	Keypress: 5
267.0405 	DATA 	TR 172 | TR1 86 | TR2 86
268.6076 	DATA 	Keypress: 5
268.6236 	DATA 	TR 173 | TR1 87 | TR2 86
270.1734 	DATA 	Keypress: 5
270.1735 	DATA 	TR 174 | TR1 87 | TR2 87
271.7400 	DATA 	Keypress: 5
271.7400 	DATA 	TR 175 | TR1 88 | TR2 87
273.2899 	DATA 	Keypress: 5
273.2899 	DATA 	TR 176 | TR1 88 | TR2 88
274.8563 	DATA 	Keypress: 5
274.8563 	DATA 	TR 177 | TR1 89 | TR2 88
276.4061 	DATA 	Keypress: 5
276.4061 	DATA 	TR 178 | TR1 89 | TR2 89
277.9892 	DATA 	Keypress: 5
277.9893 	DATA 	TR 179 | TR1 90 | TR2 89
279.4391 	DATA 	Target presented
279.5390 	DATA 	Keypress: 5
279.5391 	DATA 	TR 180 | TR1 90 | TR2 90
280.0557 	DATA 	Keypress: 1
280.0557 	DATA 	Key1 pressed
280.0557 	DATA 	Target detected
281.1055 	DATA 	Keypress: 5
281.1056 	DATA 	TR 181 | TR1 91 | TR2 90
282.6553 	DATA 	Keypress: 5
282.6554 	DATA 	TR 182 | TR1 91 | TR2 91
284.2385 	DATA 	Keypress: 5
284.2386 	DATA 	TR 183 | TR1 92 | TR2 91
285.7883 	DATA 	Keypress: 5
285.7883 	DATA 	TR 184 | TR1 92 | TR2 92
287.3550 	DATA 	Keypress: 5
287.3550 	DATA 	TR 185 | TR1 93 | TR2 92
288.9046 	DATA 	Keypress: 5
288.9047 	DATA 	TR 186 | TR1 93 | TR2 93
290.4712 	DATA 	Keypress: 5
290.4712 	DATA 	TR 187 | TR1 94 | TR2 93
290.8712 	DATA 	
290.8712 	DATA 	Trial complete
290.8712 	DATA 	Waiting for VASO trigger to start next trial
290.8712 	DATA 	
292.0376 	DATA 	Keypress: 5
292.0377 	DATA 	TR 188 | TR1 94 | TR2 94
293.6041 	DATA 	Keypress: 5
293.6041 	DATA 	Waited 2.7329180240631104 seconds for trigger
293.6049 	DATA 	
293.6049 	DATA 	Trial 9
293.6049 	DATA 	stimDur = 4.0
293.6049 	DATA 	jitter = 1.5705
293.6049 	DATA 	restDur = 16.0

293.6049 	DATA 	
293.6049 	DATA 	TR 189 | TR1 95 | TR2 94
295.1539 	DATA 	Keypress: 5
295.1540 	DATA 	TR 190 | TR1 95 | TR2 95
295.1872 	DATA 	
295.1872 	DATA 	stimulation started
295.1872 	DATA 	
296.7204 	DATA 	Keypress: 5
296.7205 	DATA 	TR 191 | TR1 96 | TR2 95
298.2703 	DATA 	Keypress: 5
298.2703 	DATA 	TR 192 | TR1 96 | TR2 96
299.1868 	DATA 	
299.1868 	DATA 	stimulation stopped
299.1868 	DATA 	
299.8535 	DATA 	Keypress: 5
299.8535 	DATA 	TR 193 | TR1 97 | TR2 96
301.4032 	DATA 	Keypress: 5
301.4033 	DATA 	TR 194 | TR1 97 | TR2 97
302.9698 	DATA 	Keypress: 5
302.9698 	DATA 	TR 195 | TR1 98 | TR2 97
304.5195 	DATA 	Keypress: 5
304.5195 	DATA 	TR 196 | TR1 98 | TR2 98
306.1027 	DATA 	Keypress: 5
306.1027 	DATA 	TR 197 | TR1 99 | TR2 98
307.6525 	DATA 	Keypress: 5
307.6525 	DATA 	TR 198 | TR1 99 | TR2 99
309.2192 	DATA 	Keypress: 5
309.2192 	DATA 	TR 199 | TR1 100 | TR2 99
310.7686 	DATA 	Keypress: 5
310.7687 	DATA 	TR 200 | TR1 100 | TR2 100
312.3349 	DATA 	Keypress: 5
312.3350 	DATA 	TR 201 | TR1 101 | TR2 100
313.8854 	DATA 	Keypress: 5
313.8854 	DATA 	TR 202 | TR1 101 | TR2 101
315.1850 	DATA 	
315.1850 	DATA 	Trial complete
315.1850 	DATA 	Waiting for VASO trigger to start next trial
315.1850 	DATA 	
315.4682 	DATA 	Keypress: 5
315.4683 	DATA 	Waited 0.28331899642944336 seconds for trigger
315.4692 	DATA 	
315.4692 	DATA 	Trial 10
315.4692 	DATA 	stimDur = 2.0
315.4692 	DATA 	jitter = 0.78525
315.4692 	DATA 	restDur = 14.0

315.4692 	DATA 	
315.4692 	DATA 	TR 203 | TR1 102 | TR2 101
316.2677 	DATA 	
316.2677 	DATA 	stimulation started
316.2677 	DATA 	
317.0180 	DATA 	Keypress: 5
317.0181 	DATA 	TR 204 | TR1 102 | TR2 102
318.2679 	DATA 	
318.2679 	DATA 	stimulation stopped
318.2679 	DATA 	
318.5842 	DATA 	Keypress: 5
318.5843 	DATA 	TR 205 | TR1 103 | TR2 102
320.1343 	DATA 	Keypress: 5
320.1344 	DATA 	TR 206 | TR1 103 | TR2 103
321.7175 	DATA 	Keypress: 5
321.7175 	DATA 	TR 207 | TR1 104 | TR2 103
323.2673 	DATA 	Keypress: 5
323.2673 	DATA 	TR 208 | TR1 104 | TR2 104
324.8335 	DATA 	Keypress: 5
324.8336 	DATA 	TR 209 | TR1 105 | TR2 104
326.3838 	DATA 	Keypress: 5
326.3838 	DATA 	TR 210 | TR1 105 | TR2 105
327.9504 	DATA 	Keypress: 5
327.9505 	DATA 	TR 211 | TR1 106 | TR2 105
329.5167 	DATA 	Keypress: 5
329.5168 	DATA 	TR 212 | TR1 106 | TR2 106
331.0828 	DATA 	Keypress: 5
331.0829 	DATA 	TR 213 | TR1 107 | TR2 106
332.2660 	DATA 	
332.2660 	DATA 	Trial complete
332.2660 	DATA 	Waiting for VASO trigger to start next trial
332.2660 	DATA 	
332.6330 	DATA 	Keypress: 5
332.6330 	DATA 	TR 214 | TR1 107 | TR2 107
334.1996 	DATA 	Keypress: 5
334.1996 	DATA 	Waited 1.933600902557373 seconds for trigger
334.2004 	DATA 	
334.2004 	DATA 	Trial 11
334.2004 	DATA 	stimDur = 4.0
334.2004 	DATA 	jitter = 0.78525
334.2004 	DATA 	restDur = 16.0

334.2004 	DATA 	
334.2004 	DATA 	TR 215 | TR1 108 | TR2 107
334.9994 	DATA 	
334.9994 	DATA 	stimulation started
334.9994 	DATA 	
335.7495 	DATA 	Keypress: 5
335.7495 	DATA 	TR 216 | TR1 108 | TR2 108
337.3326 	DATA 	Keypress: 5
337.3327 	DATA 	TR 217 | TR1 109 | TR2 108
338.8825 	DATA 	Keypress: 5
338.8826 	DATA 	TR 218 | TR1 109 | TR2 109
338.9991 	DATA 	
338.9991 	DATA 	stimulation stopped
338.9991 	DATA 	
340.4486 	DATA 	Keypress: 5
340.4487 	DATA 	TR 219 | TR1 110 | TR2 109
341.9985 	DATA 	Keypress: 5
341.9985 	DATA 	TR 220 | TR1 110 | TR2 110
343.5816 	DATA 	Keypress: 5
343.5816 	DATA 	TR 221 | TR1 111 | TR2 110
345.1319 	DATA 	Keypress: 5
345.1319 	DATA 	TR 222 | TR1 111 | TR2 111
346.6984 	DATA 	Keypress: 5
346.6984 	DATA 	TR 223 | TR1 112 | TR2 111
348.2483 	DATA 	Keypress: 5
348.2484 	DATA 	TR 224 | TR1 112 | TR2 112
349.8150 	DATA 	Keypress: 5
349.8151 	DATA 	TR 225 | TR1 113 | TR2 112
351.3653 	DATA 	Keypress: 5
351.3813 	DATA 	TR 226 | TR1 113 | TR2 113
352.9478 	DATA 	Keypress: 5
352.9479 	DATA 	TR 227 | TR1 114 | TR2 113
354.4977 	DATA 	Keypress: 5
354.4978 	DATA 	TR 228 | TR1 114 | TR2 114
354.9975 	DATA 	
354.9975 	DATA 	Trial complete
354.9975 	DATA 	Waiting for VASO trigger to start next trial
354.9976 	DATA 	
355.2976 	DATA 	Target presented
356.0642 	DATA 	Keypress: 5
356.0642 	DATA 	Waited 1.0666799545288086 seconds for trigger
356.0650 	DATA 	
356.0650 	DATA 	Trial 12
356.0650 	DATA 	stimDur = 1.0
356.0650 	DATA 	jitter = 0.0
356.0650 	DATA 	restDur = 12.0

356.0650 	DATA 	
356.0650 	DATA 	TR 229 | TR1 115 | TR2 114
356.0650 	DATA 	
356.0650 	DATA 	stimulation started
356.0650 	DATA 	
357.0808 	DATA 	
357.0808 	DATA 	stimulation stopped
357.0808 	DATA 	
357.6141 	DATA 	Keypress: 5
357.6142 	DATA 	TR 230 | TR1 115 | TR2 115
359.1972 	DATA 	Keypress: 5
359.1973 	DATA 	TR 231 | TR1 116 | TR2 115
360.7471 	DATA 	Keypress: 5
360.7472 	DATA 	TR 232 | TR1 116 | TR2 116
362.3136 	DATA 	Keypress: 5
362.3136 	DATA 	TR 233 | TR1 117 | TR2 116
363.8635 	DATA 	Keypress: 5
363.8636 	DATA 	TR 234 | TR1 117 | TR2 117
365.4300 	DATA 	Keypress: 5
365.4300 	DATA 	TR 235 | TR1 118 | TR2 117
366.9965 	DATA 	Keypress: 5
366.9966 	DATA 	TR 236 | TR1 118 | TR2 118
368.5632 	DATA 	Keypress: 5
368.5633 	DATA 	TR 237 | TR1 119 | TR2 118
369.0796 	DATA 	
369.0796 	DATA 	Trial complete
369.0796 	DATA 	Waiting for VASO trigger to start next trial
369.0797 	DATA 	
370.1129 	DATA 	Keypress: 5
370.1130 	DATA 	TR 238 | TR1 119 | TR2 119
371.6794 	DATA 	Keypress: 5
371.6795 	DATA 	Waited 2.5998339653015137 seconds for trigger
371.6803 	DATA 	
371.6803 	DATA 	Trial 13
371.6803 	DATA 	stimDur = 1.0
371.6803 	DATA 	jitter = 1.5705
371.6803 	DATA 	restDur = 12.0

371.6803 	DATA 	
371.6803 	DATA 	TR 239 | TR1 120 | TR2 119
373.2293 	DATA 	Keypress: 5
373.2294 	DATA 	TR 240 | TR1 120 | TR2 120
373.2626 	DATA 	
373.2626 	DATA 	stimulation started
373.2626 	DATA 	
374.2625 	DATA 	
374.2625 	DATA 	stimulation stopped
374.2625 	DATA 	
374.8124 	DATA 	Keypress: 5
374.8125 	DATA 	TR 241 | TR1 121 | TR2 120
376.3623 	DATA 	Keypress: 5
376.3624 	DATA 	TR 242 | TR1 121 | TR2 121
377.9288 	DATA 	Keypress: 5
377.9289 	DATA 	TR 243 | TR1 122 | TR2 121
379.4787 	DATA 	Keypress: 5
379.4788 	DATA 	TR 244 | TR1 122 | TR2 122
381.0618 	DATA 	Keypress: 5
381.0619 	DATA 	TR 245 | TR1 123 | TR2 122
382.6118 	DATA 	Keypress: 5
382.6118 	DATA 	TR 246 | TR1 123 | TR2 123
384.1782 	DATA 	Keypress: 5
384.1783 	DATA 	TR 247 | TR1 124 | TR2 123
385.7281 	DATA 	Keypress: 5
385.7282 	DATA 	TR 248 | TR1 124 | TR2 124
386.2614 	DATA 	
386.2614 	DATA 	Trial complete
386.2614 	DATA 	Waiting for VASO trigger to start next trial
386.2614 	DATA 	
387.2946 	DATA 	Keypress: 5
387.2947 	DATA 	Waited 1.0332860946655273 seconds for trigger
387.2955 	DATA 	
387.2955 	DATA 	Trial 14
387.2955 	DATA 	stimDur = 12.0
387.2955 	DATA 	jitter = 1.5705
387.2955 	DATA 	restDur = 20.0

387.2955 	DATA 	
387.2955 	DATA 	TR 249 | TR1 125 | TR2 124
388.8612 	DATA 	Keypress: 5
388.8613 	DATA 	TR 250 | TR1 125 | TR2 125
388.8778 	DATA 	
388.8778 	DATA 	stimulation started
388.8778 	DATA 	
390.4277 	DATA 	Keypress: 5
390.4278 	DATA 	TR 251 | TR1 126 | TR2 125
391.9776 	DATA 	Keypress: 5
391.9777 	DATA 	TR 252 | TR1 126 | TR2 126
393.5441 	DATA 	Keypress: 5
393.5441 	DATA 	TR 253 | TR1 127 | TR2 126
395.0941 	DATA 	Keypress: 5
395.0941 	DATA 	TR 254 | TR1 127 | TR2 127
396.6773 	DATA 	Keypress: 5
396.6774 	DATA 	TR 255 | TR1 128 | TR2 127
398.2270 	DATA 	Keypress: 5
398.2271 	DATA 	TR 256 | TR1 128 | TR2 128
399.7935 	DATA 	Keypress: 5
399.7936 	DATA 	TR 257 | TR1 129 | TR2 128
400.8767 	DATA 	
400.8767 	DATA 	stimulation stopped
400.8767 	DATA 	
401.3434 	DATA 	Keypress: 5
401.3434 	DATA 	TR 258 | TR1 129 | TR2 129
402.9104 	DATA 	Keypress: 5
402.9265 	DATA 	TR 259 | TR1 130 | TR2 129
404.4764 	DATA 	Keypress: 5
404.4764 	DATA 	TR 260 | TR1 130 | TR2 130
406.0429 	DATA 	Keypress: 5
406.0430 	DATA 	TR 261 | TR1 131 | TR2 130
407.5928 	DATA 	Keypress: 5
407.5928 	DATA 	TR 262 | TR1 131 | TR2 131
409.1593 	DATA 	Keypress: 5
409.1593 	DATA 	TR 263 | TR1 132 | TR2 131
410.7092 	DATA 	Keypress: 5
410.7092 	DATA 	TR 264 | TR1 132 | TR2 132
412.2923 	DATA 	Keypress: 5
412.2924 	DATA 	TR 265 | TR1 133 | TR2 132
413.8422 	DATA 	Keypress: 5
413.8422 	DATA 	TR 266 | TR1 133 | TR2 133
415.4087 	DATA 	Keypress: 5
415.4088 	DATA 	TR 267 | TR1 134 | TR2 133
416.9586 	DATA 	Keypress: 5
416.9586 	DATA 	TR 268 | TR1 134 | TR2 134
418.5417 	DATA 	Keypress: 5
418.5418 	DATA 	TR 269 | TR1 135 | TR2 134
420.0916 	DATA 	Keypress: 5
420.0917 	DATA 	TR 270 | TR1 135 | TR2 135
420.8750 	DATA 	
420.8750 	DATA 	Trial complete
420.8750 	DATA 	Waiting for VASO trigger to start next trial
420.8750 	DATA 	
421.6581 	DATA 	Keypress: 5
421.6582 	DATA 	Waited 0.7831668853759766 seconds for trigger
421.6589 	DATA 	
421.6589 	DATA 	Trial 15
421.6590 	DATA 	stimDur = 2.0
421.6590 	DATA 	jitter = 0.0
421.6590 	DATA 	restDur = 14.0

421.6590 	DATA 	
421.6590 	DATA 	TR 271 | TR1 136 | TR2 135
421.6590 	DATA 	
421.6590 	DATA 	stimulation started
421.6590 	DATA 	
423.2081 	DATA 	Keypress: 5
423.2081 	DATA 	TR 272 | TR1 136 | TR2 136
423.6747 	DATA 	
423.6747 	DATA 	stimulation stopped
423.6747 	DATA 	
424.7745 	DATA 	Keypress: 5
424.7746 	DATA 	TR 273 | TR1 137 | TR2 136
426.3410 	DATA 	Keypress: 5
426.3411 	DATA 	TR 274 | TR1 137 | TR2 137
427.4576 	DATA 	Keypress: 1
427.4577 	DATA 	Key1 pressed
427.9075 	DATA 	Keypress: 5
427.9076 	DATA 	TR 275 | TR1 138 | TR2 137
429.2741 	DATA 	Target presented
429.4574 	DATA 	Keypress: 5
429.4575 	DATA 	TR 276 | TR1 138 | TR2 138
429.7074 	DATA 	Keypress: 1
429.7074 	DATA 	Key1 pressed
429.7074 	DATA 	Target detected
431.0238 	DATA 	Keypress: 5
431.0238 	DATA 	TR 277 | TR1 139 | TR2 138
432.5738 	DATA 	Keypress: 5
432.5738 	DATA 	TR 278 | TR1 139 | TR2 139
434.1566 	DATA 	Keypress: 5
434.1567 	DATA 	TR 279 | TR1 140 | TR2 139
435.7065 	DATA 	Keypress: 5
435.7066 	DATA 	TR 280 | TR1 140 | TR2 140
437.2729 	DATA 	Keypress: 5
437.2730 	DATA 	TR 281 | TR1 141 | TR2 140
437.6732 	DATA 	
437.6732 	DATA 	Trial complete
437.6732 	DATA 	Waiting for VASO trigger to start next trial
437.6732 	DATA 	
438.8233 	DATA 	Keypress: 5
438.8234 	DATA 	TR 282 | TR1 141 | TR2 141
440.4064 	DATA 	Keypress: 5
440.4064 	DATA 	Waited 2.7332210540771484 seconds for trigger
440.4072 	DATA 	
440.4072 	DATA 	Trial 16
440.4072 	DATA 	stimDur = 4.0
440.4072 	DATA 	jitter = 0.0
440.4072 	DATA 	restDur = 16.0

440.4072 	DATA 	
440.4072 	DATA 	TR 283 | TR1 142 | TR2 141
440.4072 	DATA 	
440.4072 	DATA 	stimulation started
440.4072 	DATA 	
441.9563 	DATA 	Keypress: 5
441.9564 	DATA 	TR 284 | TR1 142 | TR2 142
443.5228 	DATA 	Keypress: 5
443.5228 	DATA 	TR 285 | TR1 143 | TR2 142
444.4227 	DATA 	
444.4227 	DATA 	stimulation stopped
444.4227 	DATA 	
445.0727 	DATA 	Keypress: 5
445.0727 	DATA 	TR 286 | TR1 143 | TR2 143
446.6392 	DATA 	Keypress: 5
446.6393 	DATA 	TR 287 | TR1 144 | TR2 143
448.1891 	DATA 	Keypress: 5
448.1891 	DATA 	TR 288 | TR1 144 | TR2 144
449.7722 	DATA 	Keypress: 5
449.7723 	DATA 	TR 289 | TR1 145 | TR2 144
451.3221 	DATA 	Keypress: 5
451.3221 	DATA 	TR 290 | TR1 145 | TR2 145
452.8886 	DATA 	Keypress: 5
452.8887 	DATA 	TR 291 | TR1 146 | TR2 145
454.4385 	DATA 	Keypress: 5
454.4385 	DATA 	TR 292 | TR1 146 | TR2 146
456.0216 	DATA 	Keypress: 5
456.0217 	DATA 	TR 293 | TR1 147 | TR2 146
457.5715 	DATA 	Keypress: 5
457.5715 	DATA 	TR 294 | TR1 147 | TR2 147
459.1379 	DATA 	Keypress: 5
459.1379 	DATA 	TR 295 | TR1 148 | TR2 147
460.4212 	DATA 	
460.4212 	DATA 	Trial complete
460.4212 	DATA 	Waiting for VASO trigger to start next trial
460.4212 	DATA 	
460.6879 	DATA 	Keypress: 5
460.6879 	DATA 	TR 296 | TR1 148 | TR2 148
462.2550 	DATA 	Keypress: 5
462.2710 	DATA 	Waited 1.8497929573059082 seconds for trigger
462.2718 	DATA 	
462.2718 	DATA 	Trial 17
462.2718 	DATA 	stimDur = 12.0
462.2718 	DATA 	jitter = 2.35575
462.2718 	DATA 	restDur = 20.0

462.2718 	DATA 	
462.2718 	DATA 	TR 297 | TR1 149 | TR2 148
463.8209 	DATA 	Keypress: 5
463.8210 	DATA 	TR 298 | TR1 149 | TR2 149
464.6375 	DATA 	
464.6375 	DATA 	stimulation started
464.6375 	DATA 	
465.3875 	DATA 	Keypress: 5
465.3876 	DATA 	TR 299 | TR1 150 | TR2 149
466.9373 	DATA 	Keypress: 5
466.9374 	DATA 	TR 300 | TR1 150 | TR2 150
468.5039 	DATA 	Keypress: 5
468.5040 	DATA 	TR 301 | TR1 151 | TR2 150
470.0537 	DATA 	Keypress: 5
470.0538 	DATA 	TR 302 | TR1 151 | TR2 151
471.6369 	DATA 	Keypress: 5
471.6370 	DATA 	TR 303 | TR1 152 | TR2 151
473.1868 	DATA 	Keypress: 5
473.1868 	DATA 	TR 304 | TR1 152 | TR2 152
474.7533 	DATA 	Keypress: 5
474.7534 	DATA 	TR 305 | TR1 153 | TR2 152
476.3032 	DATA 	Keypress: 5
476.3032 	DATA 	TR 306 | TR1 153 | TR2 153
476.6364 	DATA 	
476.6364 	DATA 	stimulation stopped
476.6364 	DATA 	
477.8863 	DATA 	Keypress: 5
477.8863 	DATA 	TR 307 | TR1 154 | TR2 153
478.5029 	DATA 	Target presented
479.0196 	DATA 	Keypress: 1
479.0197 	DATA 	Key1 pressed
479.0197 	DATA 	Target detected
479.4361 	DATA 	Keypress: 5
479.4362 	DATA 	TR 308 | TR1 154 | TR2 154
481.0027 	DATA 	Keypress: 5
481.0027 	DATA 	TR 309 | TR1 155 | TR2 154
482.5525 	DATA 	Keypress: 5
482.5525 	DATA 	TR 310 | TR1 155 | TR2 155
484.1190 	DATA 	Keypress: 5
484.1191 	DATA 	TR 311 | TR1 156 | TR2 155
485.6695 	DATA 	Keypress: 5
485.6855 	DATA 	TR 312 | TR1 156 | TR2 156
487.2521 	DATA 	Keypress: 5
487.2521 	DATA 	TR 313 | TR1 157 | TR2 156
488.8019 	DATA 	Keypress: 5
488.8020 	DATA 	TR 314 | TR1 157 | TR2 157
490.3685 	DATA 	Keypress: 5
490.3685 	DATA 	TR 315 | TR1 158 | TR2 157
491.9183 	DATA 	Keypress: 5
491.9183 	DATA 	TR 316 | TR1 158 | TR2 158
493.5015 	DATA 	Keypress: 5
493.5016 	DATA 	TR 317 | TR1 159 | TR2 158
495.0514 	DATA 	Keypress: 5
495.0514 	DATA 	TR 318 | TR1 159 | TR2 159
496.6179 	DATA 	Keypress: 5
496.6180 	DATA 	TR 319 | TR1 160 | TR2 159
496.6345 	DATA 	
496.6346 	DATA 	Trial complete
496.6346 	DATA 	Waiting for VASO trigger to start next trial
496.6346 	DATA 	
498.1677 	DATA 	Keypress: 5
498.1678 	DATA 	TR 320 | TR1 160 | TR2 160
499.7347 	DATA 	Keypress: 5
499.7510 	DATA 	Waited 3.116472005844116 seconds for trigger
499.7518 	DATA 	
499.7518 	DATA 	Trial 18
499.7518 	DATA 	stimDur = 2.0
499.7518 	DATA 	jitter = 2.35575
499.7518 	DATA 	restDur = 14.0

499.7518 	DATA 	
499.7519 	DATA 	TR 321 | TR1 161 | TR2 160
501.3008 	DATA 	Keypress: 5
501.3008 	DATA 	TR 322 | TR1 161 | TR2 161
502.1173 	DATA 	
502.1174 	DATA 	stimulation started
502.1174 	DATA 	
502.8675 	DATA 	Keypress: 5
502.8676 	DATA 	TR 323 | TR1 162 | TR2 161
504.1172 	DATA 	
504.1172 	DATA 	stimulation stopped
504.1172 	DATA 	
504.4172 	DATA 	Keypress: 5
504.4172 	DATA 	TR 324 | TR1 162 | TR2 162
505.9837 	DATA 	Keypress: 5
505.9838 	DATA 	TR 325 | TR1 163 | TR2 162
507.5335 	DATA 	Keypress: 5
507.5336 	DATA 	TR 326 | TR1 163 | TR2 163
509.1168 	DATA 	Keypress: 5
509.1168 	DATA 	TR 327 | TR1 164 | TR2 163
510.6666 	DATA 	Keypress: 5
510.6666 	DATA 	TR 328 | TR1 164 | TR2 164
512.2331 	DATA 	Keypress: 5
512.2332 	DATA 	TR 329 | TR1 165 | TR2 164
513.7830 	DATA 	Keypress: 5
513.7830 	DATA 	TR 330 | TR1 165 | TR2 165
515.3662 	DATA 	Keypress: 5
515.3662 	DATA 	TR 331 | TR1 166 | TR2 165
516.9160 	DATA 	Keypress: 5
516.9160 	DATA 	TR 332 | TR1 166 | TR2 166
518.1159 	DATA 	
518.1159 	DATA 	Trial complete
518.1159 	DATA 	Waiting for VASO trigger to start next trial
518.1159 	DATA 	
518.4826 	DATA 	Keypress: 5
518.4826 	DATA 	Waited 0.36672115325927734 seconds for trigger
518.4834 	DATA 	
518.4834 	DATA 	Trial 19
518.4834 	DATA 	stimDur = 24.0
518.4834 	DATA 	jitter = 0.78525
518.4834 	DATA 	restDur = 24.0

518.4834 	DATA 	
518.4834 	DATA 	TR 333 | TR1 167 | TR2 166
519.2824 	DATA 	
519.2824 	DATA 	stimulation started
519.2824 	DATA 	
520.0325 	DATA 	Keypress: 5
520.0325 	DATA 	TR 334 | TR1 167 | TR2 167
521.5990 	DATA 	Keypress: 5
521.5990 	DATA 	TR 335 | TR1 168 | TR2 167
523.1495 	DATA 	Keypress: 5
523.1655 	DATA 	TR 336 | TR1 168 | TR2 168
524.7320 	DATA 	Keypress: 5
524.7321 	DATA 	TR 337 | TR1 169 | TR2 168
526.2819 	DATA 	Keypress: 5
526.2819 	DATA 	TR 338 | TR1 169 | TR2 169
527.8484 	DATA 	Keypress: 5
527.8485 	DATA 	TR 339 | TR1 170 | TR2 169
529.3982 	DATA 	Keypress: 5
529.3983 	DATA 	TR 340 | TR1 170 | TR2 170
530.9815 	DATA 	Keypress: 5
530.9815 	DATA 	TR 341 | TR1 171 | TR2 170
532.5314 	DATA 	Keypress: 5
532.5315 	DATA 	TR 342 | TR1 171 | TR2 171
534.0979 	DATA 	Keypress: 5
534.0979 	DATA 	TR 343 | TR1 172 | TR2 171
535.6477 	DATA 	Keypress: 5
535.6477 	DATA 	TR 344 | TR1 172 | TR2 172
537.2151 	DATA 	Keypress: 5
537.2308 	DATA 	TR 345 | TR1 173 | TR2 172
538.7807 	DATA 	Keypress: 5
538.7808 	DATA 	TR 346 | TR1 173 | TR2 173
540.3473 	DATA 	Keypress: 5
540.3473 	DATA 	TR 347 | TR1 174 | TR2 173
541.8971 	DATA 	Keypress: 5
541.8971 	DATA 	TR 348 | TR1 174 | TR2 174
543.2803 	DATA 	
543.2803 	DATA 	stimulation stopped
543.2803 	DATA 	
543.4636 	DATA 	Keypress: 5
543.4636 	DATA 	TR 349 | TR1 175 | TR2 174
545.0134 	DATA 	Keypress: 5
545.0135 	DATA 	TR 350 | TR1 175 | TR2 175
546.2800 	DATA 	Target presented
546.5967 	DATA 	Keypress: 5
546.5967 	DATA 	TR 351 | TR1 176 | TR2 175
547.0632 	DATA 	Keypress: 1
547.0633 	DATA 	Key1 pressed
547.0633 	DATA 	Target detected
548.1465 	DATA 	Keypress: 5
548.1465 	DATA 	TR 352 | TR1 176 | TR2 176
549.7130 	DATA 	Keypress: 5
549.7131 	DATA 	TR 353 | TR1 177 | TR2 176
551.2628 	DATA 	Keypress: 5
551.2629 	DATA 	TR 354 | TR1 177 | TR2 177
552.8461 	DATA 	Keypress: 5
552.8461 	DATA 	TR 355 | TR1 178 | TR2 177
554.3959 	DATA 	Keypress: 5
554.3959 	DATA 	TR 356 | TR1 178 | TR2 178
555.9625 	DATA 	Keypress: 5
555.9625 	DATA 	TR 357 | TR1 179 | TR2 178
557.5123 	DATA 	Keypress: 5
557.5123 	DATA 	TR 358 | TR1 179 | TR2 179
559.0789 	DATA 	Keypress: 5
559.0789 	DATA 	TR 359 | TR1 180 | TR2 179
560.6453 	DATA 	Keypress: 5
560.6454 	DATA 	TR 360 | TR1 180 | TR2 180
562.2119 	DATA 	Keypress: 5
562.2119 	DATA 	TR 361 | TR1 181 | TR2 180
563.7617 	DATA 	Keypress: 5
563.7617 	DATA 	TR 362 | TR1 181 | TR2 181
565.3282 	DATA 	Keypress: 5
565.3283 	DATA 	TR 363 | TR1 182 | TR2 181
566.8781 	DATA 	Keypress: 5
566.8781 	DATA 	TR 364 | TR1 182 | TR2 182
567.2780 	DATA 	
567.2780 	DATA 	Trial complete
567.2780 	DATA 	
568.4613 	DATA 	Keypress: 5
568.4613 	DATA 	Waited 50.345455169677734 seconds for trigger
568.4621 	DATA 	
568.4621 	DATA 	Trial 20
568.4621 	DATA 	stimDur = 12.0
568.4621 	DATA 	jitter = 0.78525
568.4621 	DATA 	restDur = 20.0

568.4621 	DATA 	
568.4622 	DATA 	TR 365 | TR1 183 | TR2 182
569.2612 	DATA 	
569.2612 	DATA 	stimulation started
569.2612 	DATA 	
570.0114 	DATA 	Keypress: 5
570.0114 	DATA 	TR 366 | TR1 183 | TR2 183
571.5777 	DATA 	Keypress: 5
571.5778 	DATA 	TR 367 | TR1 184 | TR2 183
573.1275 	DATA 	Keypress: 5
573.1276 	DATA 	TR 368 | TR1 184 | TR2 184
574.7108 	DATA 	Keypress: 5
574.7108 	DATA 	TR 369 | TR1 185 | TR2 184
576.2606 	DATA 	Keypress: 5
576.2606 	DATA 	TR 370 | TR1 185 | TR2 185
577.8271 	DATA 	Keypress: 5
577.8272 	DATA 	TR 371 | TR1 186 | TR2 185
579.3770 	DATA 	Keypress: 5
579.3770 	DATA 	TR 372 | TR1 186 | TR2 186
580.9437 	DATA 	Keypress: 5
580.9437 	DATA 	TR 373 | TR1 187 | TR2 186
581.2601 	DATA 	
581.2601 	DATA 	stimulation stopped
581.2601 	DATA 	
582.4938 	DATA 	Keypress: 5
582.5099 	DATA 	TR 374 | TR1 187 | TR2 187
584.0765 	DATA 	Keypress: 5
584.0766 	DATA 	TR 375 | TR1 188 | TR2 187
585.6263 	DATA 	Keypress: 5
585.6264 	DATA 	TR 376 | TR1 188 | TR2 188
587.1929 	DATA 	Keypress: 5
587.1929 	DATA 	TR 377 | TR1 189 | TR2 188
588.7427 	DATA 	Keypress: 5
588.7428 	DATA 	TR 378 | TR1 189 | TR2 189
590.3259 	DATA 	Keypress: 5
590.3260 	DATA 	TR 379 | TR1 190 | TR2 189
591.8758 	DATA 	Keypress: 5
591.8758 	DATA 	TR 380 | TR1 190 | TR2 190
593.4423 	DATA 	Keypress: 5
593.4424 	DATA 	TR 381 | TR1 191 | TR2 190
594.9921 	DATA 	Keypress: 5
594.9922 	DATA 	TR 382 | TR1 191 | TR2 191
596.5593 	DATA 	Keypress: 5
596.5754 	DATA 	TR 383 | TR1 192 | TR2 191
598.1252 	DATA 	Keypress: 5
598.1253 	DATA 	TR 384 | TR1 192 | TR2 192
599.6917 	DATA 	Keypress: 5
599.6918 	DATA 	TR 385 | TR1 193 | TR2 192
601.2416 	DATA 	Keypress: 5
601.2417 	DATA 	TR 386 | TR1 193 | TR2 193
601.2582 	DATA 	
601.2582 	DATA 	Trial complete
601.2583 	DATA 	
601.8915 	DATA 	Target presented
602.8081 	DATA 	Keypress: 5
602.8082 	DATA 	TR 387 | TR1 194 | TR2 193
604.3580 	DATA 	Keypress: 5
604.3580 	DATA 	TR 388 | TR1 194 | TR2 194
605.9412 	DATA 	Keypress: 5
605.9412 	DATA 	TR 389 | TR1 195 | TR2 194
607.4910 	DATA 	Keypress: 5
607.4910 	DATA 	TR 390 | TR1 195 | TR2 195
609.0576 	DATA 	Keypress: 5
609.0576 	DATA 	TR 391 | TR1 196 | TR2 195
610.6074 	DATA 	Keypress: 5
610.6074 	DATA 	TR 392 | TR1 196 | TR2 196
612.1906 	DATA 	Keypress: 5
612.1906 	DATA 	TR 393 | TR1 197 | TR2 196
613.7404 	DATA 	Keypress: 5
613.7405 	DATA 	TR 394 | TR1 197 | TR2 197
615.3070 	DATA 	Keypress: 5
615.3070 	DATA 	TR 395 | TR1 198 | TR2 197
616.8566 	DATA 	Keypress: 5
616.8567 	DATA 	TR 396 | TR1 198 | TR2 198
618.4234 	DATA 	Keypress: 5
618.4234 	DATA 	TR 397 | TR1 199 | TR2 198
619.9738 	DATA 	Keypress: 5
619.9899 	DATA 	TR 398 | TR1 199 | TR2 199
621.5564 	DATA 	Keypress: 5
621.5565 	DATA 	TR 399 | TR1 200 | TR2 199
623.1062 	DATA 	Keypress: 5
623.1063 	DATA 	TR 400 | TR1 200 | TR2 200
624.6728 	DATA 	Keypress: 5
624.6728 	DATA 	TR 401 | TR1 201 | TR2 200
626.2226 	DATA 	Keypress: 5
626.2227 	DATA 	TR 402 | TR1 201 | TR2 201
627.8059 	DATA 	Keypress: 5
627.8060 	DATA 	TR 403 | TR1 202 | TR2 201
629.3557 	DATA 	Keypress: 5
629.3557 	DATA 	TR 404 | TR1 202 | TR2 202
630.9223 	DATA 	Keypress: 5
630.9224 	DATA 	TR 405 | TR1 203 | TR2 202
632.4720 	DATA 	Keypress: 5
632.4721 	DATA 	TR 406 | TR1 203 | TR2 203
634.0392 	DATA 	Keypress: 5
634.0553 	DATA 	TR 407 | TR1 204 | TR2 203
635.6051 	DATA 	Keypress: 5
635.6051 	DATA 	TR 408 | TR1 204 | TR2 204
637.1716 	DATA 	Keypress: 5
637.1717 	DATA 	TR 409 | TR1 205 | TR2 204
638.7215 	DATA 	Keypress: 5
638.7215 	DATA 	TR 410 | TR1 205 | TR2 205
640.2880 	DATA 	Keypress: 5
640.2881 	DATA 	TR 411 | TR1 206 | TR2 205
641.8380 	DATA 	Keypress: 5
641.8380 	DATA 	TR 412 | TR1 206 | TR2 206
643.4210 	DATA 	Keypress: 5
643.4211 	DATA 	TR 413 | TR1 207 | TR2 206
644.9710 	DATA 	Keypress: 5
644.9710 	DATA 	TR 414 | TR1 207 | TR2 207
646.5374 	DATA 	Keypress: 5
646.5375 	DATA 	TR 415 | TR1 208 | TR2 207
648.0873 	DATA 	Keypress: 5
648.0873 	DATA 	TR 416 | TR1 208 | TR2 208
649.6705 	DATA 	Keypress: 5
649.6706 	DATA 	TR 417 | TR1 209 | TR2 208
651.2203 	DATA 	Keypress: 5
651.2203 	DATA 	TR 418 | TR1 209 | TR2 209
652.7870 	DATA 	Keypress: 5
652.7871 	DATA 	TR 419 | TR1 210 | TR2 209
654.3367 	DATA 	Keypress: 5
654.3367 	DATA 	TR 420 | TR1 210 | TR2 210
655.9033 	DATA 	Keypress: 5
655.9033 	DATA 	TR 421 | TR1 211 | TR2 210
657.4536 	DATA 	Keypress: 5
657.4699 	DATA 	TR 422 | TR1 211 | TR2 211
659.0363 	DATA 	Keypress: 5
659.0363 	DATA 	TR 423 | TR1 212 | TR2 211
660.5861 	DATA 	Keypress: 5
660.5862 	DATA 	TR 424 | TR1 212 | TR2 212
662.1527 	DATA 	Keypress: 5
662.1527 	DATA 	TR 425 | TR1 213 | TR2 212
663.7025 	DATA 	Keypress: 5
663.7025 	DATA 	TR 426 | TR1 213 | TR2 213
665.2857 	DATA 	Keypress: 5
665.2858 	DATA 	TR 427 | TR1 214 | TR2 213
666.8355 	DATA 	Keypress: 5
666.8356 	DATA 	TR 428 | TR1 214 | TR2 214
668.4021 	DATA 	Keypress: 5
668.4021 	DATA 	TR 429 | TR1 215 | TR2 214
669.9519 	DATA 	Keypress: 5
669.9519 	DATA 	TR 430 | TR1 215 | TR2 215
671.5351 	DATA 	Keypress: 5
671.5352 	DATA 	TR 431 | TR1 216 | TR2 215
673.0849 	DATA 	Keypress: 5
673.0850 	DATA 	TR 432 | TR1 216 | TR2 216
674.6515 	DATA 	Keypress: 5
674.6515 	DATA 	TR 433 | TR1 217 | TR2 216
676.2013 	DATA 	Keypress: 5
676.2014 	DATA 	TR 434 | TR1 217 | TR2 217
680.2009 	DATA 	EndOfRun sub-05_ses-03_run-03

680.2009 	DATA 	We spent 80.63999009132385 seconds waiting for triggers
680.2009 	DATA 	RatioOfDetectedTargets 0.7777777777777778
680.2010 	DATA 	You have detected 7 out of 9 targets.
685.2307 	EXP 	window1: mouseVisible = True
