MonitorDistance=99cm
MonitorWidth=30cm
PixelWidth=1024.0
PixelHeight=768.0
You have detected 9 out of 9 targets.
Excellent! Keep up the good work
21.4051 	INFO 	Loaded monitor calibration from ['2021_05_26 17:55']
21.9249 	EXP 	Created window1 = Window(allowGUI=False, allowStencil=False, autoLog=True, backendConf=UNKNOWN, bitsMode=UNKNOWN, blendMode='avg', bpc=(8, 8, 8), color=array([-0.5, -0.5, -0.5]), colorSpace='rgb', depthBits=8, fullscr=<method-wrapper '__getattribute__' of attributeSetter object at 0x7f0d54ccf390>, gamma=None, gammaErrorPolicy='raise', lms=UNKNOWN, monitor=<psychopy.monitors.calibTools.Monitor object at 0x7f0d4ab02048>, multiSample=False, name='window1', numSamples=2, pos=[0.0, 0.0], screen=0, size=array([1024,  768]), stencilBits=0, stereo=False, units='deg', useFBO=False, useRetina=False, viewOri=0.0, viewPos=None, viewScale=None, waitBlanking=True, winType='pyglet')
21.9250 	EXP 	window1: mouseVisible = True
21.9941 	EXP 	Created unnamed TextStim = TextStim(__class__=<class 'psychopy.visual.text.TextStim'>, alignHoriz=method-wrapper(...), alignText='center', alignVert=method-wrapper(...), anchorHoriz='center', anchorVert='center', antialias=True, autoLog=True, bold=False, color=array([1., 1., 1.]), colorSpace='rgb', contrast=1.0, depth=0, flipHoriz=False, flipVert=False, font='', fontFiles=[], height=0.5, italic=False, languageStyle='LTR', name='unnamed TextStim', opacity=1.0, ori=0.0, pos=array([0., 0.]), rgb=UNKNOWN, text=str(...), units='deg', win=Window(...), wrapWidth=15.0)
22.0237 	EXP 	Created Movie Frame 0 = ImageStim(__class__=<class 'psychopy.visual.image.ImageStim'>, autoLog=True, color=array([0.8, 0.8, 0.8]), colorSpace='rgb', contrast=0.8, depth=0, flipHoriz=False, flipVert=False, image='visual_0.png', interpolate=False, mask=None, maskParams=None, name='Movie Frame 0', opacity=1, ori=0.0, pos=array([0., 0.]), size=array([1024,  768]), texRes=128, units='pix', win=Window(...))
22.0476 	EXP 	Created Movie Frame 1 = ImageStim(__class__=<class 'psychopy.visual.image.ImageStim'>, autoLog=True, color=array([0.8, 0.8, 0.8]), colorSpace='rgb', contrast=0.8, depth=0, flipHoriz=False, flipVert=False, image='visual_1.png', interpolate=False, mask=None, maskParams=None, name='Movie Frame 1', opacity=1, ori=0.0, pos=array([0., 0.]), size=array([1024,  768]), texRes=128, units='pix', win=Window(...))
125.0526 	DATA 	Keypress: 5
0.0000 	DATA 	StartOfRun sub-05_ses-03_run-04
0.0000 	DATA 	TR 1 | TR1 1 | TR2 0
0.0085 	DATA 	Initial baseline

1.5504 	DATA 	Keypress: 5
1.5505 	DATA 	TR 2 | TR1 1 | TR2 1
3.1226 	DATA 	Keypress: 5
3.1226 	DATA 	TR 3 | TR1 2 | TR2 1
4.6749 	DATA 	Keypress: 5
4.6750 	DATA 	TR 4 | TR1 2 | TR2 2
6.2461 	DATA 	Keypress: 5
6.2461 	DATA 	TR 5 | TR1 3 | TR2 2
7.7973 	DATA 	Keypress: 5
7.7973 	DATA 	TR 6 | TR1 3 | TR2 3
9.3696 	DATA 	Keypress: 5
9.3696 	DATA 	TR 7 | TR1 4 | TR2 3
10.9207 	DATA 	Keypress: 5
10.9207 	DATA 	TR 8 | TR1 4 | TR2 4
12.4928 	DATA 	Keypress: 5
12.4929 	DATA 	TR 9 | TR1 5 | TR2 4
14.0440 	DATA 	Keypress: 5
14.0441 	DATA 	TR 10 | TR1 5 | TR2 5
15.6162 	DATA 	Keypress: 5
15.6163 	DATA 	TR 11 | TR1 6 | TR2 5
17.1674 	DATA 	Keypress: 5
17.1675 	DATA 	TR 12 | TR1 6 | TR2 6
18.7396 	DATA 	Keypress: 5
18.7397 	DATA 	TR 13 | TR1 7 | TR2 6
20.2908 	DATA 	Keypress: 5
20.2908 	DATA 	TR 14 | TR1 7 | TR2 7
21.8630 	DATA 	Keypress: 5
21.8630 	DATA 	TR 15 | TR1 8 | TR2 7
23.4142 	DATA 	Keypress: 5
23.4142 	DATA 	TR 16 | TR1 8 | TR2 8
24.9864 	DATA 	Keypress: 5
24.9864 	DATA 	TR 17 | TR1 9 | TR2 8
26.5376 	DATA 	Keypress: 5
26.5376 	DATA 	TR 18 | TR1 9 | TR2 9
28.1098 	DATA 	Keypress: 5
28.1099 	DATA 	TR 19 | TR1 10 | TR2 9
29.6610 	DATA 	Keypress: 5
29.6610 	DATA 	TR 20 | TR1 10 | TR2 10
31.2396 	DATA 	Keypress: 5
31.2397 	DATA 	Waited 1.2396950721740723 seconds for trigger
31.2412 	DATA 	
31.2412 	DATA 	Trial 1
31.2412 	DATA 	stimDur = 1.0
31.2412 	DATA 	jitter = 0.78525
31.2412 	DATA 	restDur = 12.0

31.2412 	DATA 	
31.2412 	DATA 	TR 21 | TR1 11 | TR2 10
32.0395 	DATA 	
32.0395 	DATA 	stimulation started
32.0395 	DATA 	
32.7896 	DATA 	Keypress: 5
32.7896 	DATA 	TR 22 | TR1 11 | TR2 11
33.0394 	DATA 	
33.0394 	DATA 	stimulation stopped
33.0394 	DATA 	
34.3566 	DATA 	Keypress: 5
34.3726 	DATA 	TR 23 | TR1 12 | TR2 11
35.9225 	DATA 	Keypress: 5
35.9226 	DATA 	TR 24 | TR1 12 | TR2 12
37.4890 	DATA 	Keypress: 5
37.4891 	DATA 	TR 25 | TR1 13 | TR2 12
39.0390 	DATA 	Keypress: 5
39.0391 	DATA 	TR 26 | TR1 13 | TR2 13
40.6051 	DATA 	Keypress: 5
40.6052 	DATA 	TR 27 | TR1 14 | TR2 13
42.1552 	DATA 	Keypress: 5
42.1553 	DATA 	TR 28 | TR1 14 | TR2 14
43.7384 	DATA 	Keypress: 5
43.7385 	DATA 	TR 29 | TR1 15 | TR2 14
45.0383 	DATA 	
45.0383 	DATA 	Trial complete
45.0383 	DATA 	Waiting for VASO trigger to start next trial
45.0383 	DATA 	
45.2883 	DATA 	Keypress: 5
45.2884 	DATA 	TR 30 | TR1 15 | TR2 15
46.8548 	DATA 	Keypress: 5
46.8549 	DATA 	Waited 1.8165159225463867 seconds for trigger
46.8556 	DATA 	
46.8556 	DATA 	Trial 2
46.8556 	DATA 	stimDur = 12.0
46.8556 	DATA 	jitter = 0.0
46.8556 	DATA 	restDur = 20.0

46.8556 	DATA 	
46.8557 	DATA 	TR 31 | TR1 16 | TR2 15
46.8557 	DATA 	
46.8557 	DATA 	stimulation started
46.8557 	DATA 	
48.4048 	DATA 	Keypress: 5
48.4048 	DATA 	TR 32 | TR1 16 | TR2 16
49.9879 	DATA 	Keypress: 5
49.9880 	DATA 	TR 33 | TR1 17 | TR2 16
51.5378 	DATA 	Keypress: 5
51.5378 	DATA 	TR 34 | TR1 17 | TR2 17
53.1043 	DATA 	Keypress: 5
53.1044 	DATA 	TR 35 | TR1 18 | TR2 17
54.6542 	DATA 	Keypress: 5
54.6542 	DATA 	TR 36 | TR1 18 | TR2 18
56.2207 	DATA 	Keypress: 5
56.2208 	DATA 	TR 37 | TR1 19 | TR2 18
57.7872 	DATA 	Keypress: 5
57.7873 	DATA 	TR 38 | TR1 19 | TR2 19
58.8704 	DATA 	
58.8704 	DATA 	stimulation stopped
58.8704 	DATA 	
59.3537 	DATA 	Keypress: 5
59.3537 	DATA 	TR 39 | TR1 20 | TR2 19
60.9035 	DATA 	Keypress: 5
60.9036 	DATA 	TR 40 | TR1 20 | TR2 20
62.4701 	DATA 	Keypress: 5
62.4701 	DATA 	TR 41 | TR1 21 | TR2 20
64.0199 	DATA 	Keypress: 5
64.0199 	DATA 	TR 42 | TR1 21 | TR2 21
65.6031 	DATA 	Keypress: 5
65.6032 	DATA 	TR 43 | TR1 22 | TR2 21
67.1530 	DATA 	Keypress: 5
67.1530 	DATA 	TR 44 | TR1 22 | TR2 22
68.7195 	DATA 	Keypress: 5
68.7195 	DATA 	TR 45 | TR1 23 | TR2 22
70.2693 	DATA 	Keypress: 5
70.2694 	DATA 	TR 46 | TR1 23 | TR2 23
71.8526 	DATA 	Keypress: 5
71.8526 	DATA 	TR 47 | TR1 24 | TR2 23
73.4024 	DATA 	Keypress: 5
73.4025 	DATA 	TR 48 | TR1 24 | TR2 24
74.6523 	DATA 	Target presented
74.9689 	DATA 	Keypress: 5
74.9690 	DATA 	TR 49 | TR1 25 | TR2 24
75.1189 	DATA 	Keypress: 1
75.1189 	DATA 	Key1 pressed
75.1189 	DATA 	Target detected
76.5189 	DATA 	Keypress: 5
76.5190 	DATA 	TR 50 | TR1 25 | TR2 25
78.0854 	DATA 	Keypress: 5
78.0854 	DATA 	TR 51 | TR1 26 | TR2 25
78.8685 	DATA 	
78.8685 	DATA 	Trial complete
78.8685 	DATA 	Waiting for VASO trigger to start next trial
78.8685 	DATA 	
79.6352 	DATA 	Keypress: 5
79.6352 	DATA 	TR 52 | TR1 26 | TR2 26
81.2184 	DATA 	Keypress: 5
81.2184 	DATA 	Waited 2.3498799800872803 seconds for trigger
81.2192 	DATA 	
81.2192 	DATA 	Trial 3
81.2192 	DATA 	stimDur = 2.0
81.2192 	DATA 	jitter = 1.5705
81.2192 	DATA 	restDur = 14.0

81.2192 	DATA 	
81.2192 	DATA 	TR 53 | TR1 27 | TR2 26
82.7682 	DATA 	Keypress: 5
82.7682 	DATA 	TR 54 | TR1 27 | TR2 27
82.8015 	DATA 	
82.8015 	DATA 	stimulation started
82.8015 	DATA 	
84.3348 	DATA 	Keypress: 5
84.3348 	DATA 	TR 55 | TR1 28 | TR2 27
84.8014 	DATA 	
84.8014 	DATA 	stimulation stopped
84.8014 	DATA 	
85.8846 	DATA 	Keypress: 5
85.8846 	DATA 	TR 56 | TR1 28 | TR2 28
87.4678 	DATA 	Keypress: 5
87.4678 	DATA 	TR 57 | TR1 29 | TR2 28
89.0177 	DATA 	Keypress: 5
89.0178 	DATA 	TR 58 | TR1 29 | TR2 29
90.5842 	DATA 	Keypress: 5
90.5842 	DATA 	TR 59 | TR1 30 | TR2 29
92.1340 	DATA 	Keypress: 5
92.1340 	DATA 	TR 60 | TR1 30 | TR2 30
93.7005 	DATA 	Keypress: 5
93.7006 	DATA 	TR 61 | TR1 31 | TR2 30
95.2670 	DATA 	Keypress: 5
95.2671 	DATA 	TR 62 | TR1 31 | TR2 31
96.8336 	DATA 	Keypress: 5
96.8336 	DATA 	TR 63 | TR1 32 | TR2 31
98.3832 	DATA 	Keypress: 5
98.3833 	DATA 	TR 64 | TR1 32 | TR2 32
98.8000 	DATA 	
98.8000 	DATA 	Trial complete
98.8000 	DATA 	Waiting for VASO trigger to start next trial
98.8000 	DATA 	
99.9498 	DATA 	Keypress: 5
99.9499 	DATA 	Waited 1.1498401165008545 seconds for trigger
99.9507 	DATA 	
99.9507 	DATA 	Trial 4
99.9507 	DATA 	stimDur = 1.0
99.9507 	DATA 	jitter = 2.35575
99.9507 	DATA 	restDur = 12.0

99.9507 	DATA 	
99.9507 	DATA 	TR 65 | TR1 33 | TR2 32
101.4998 	DATA 	Keypress: 5
101.4998 	DATA 	TR 66 | TR1 33 | TR2 33
102.3163 	DATA 	
102.3163 	DATA 	stimulation started
102.3163 	DATA 	
103.0831 	DATA 	Keypress: 5
103.0831 	DATA 	TR 67 | TR1 34 | TR2 33
103.3163 	DATA 	
103.3163 	DATA 	stimulation stopped
103.3163 	DATA 	
104.6328 	DATA 	Keypress: 5
104.6329 	DATA 	TR 68 | TR1 34 | TR2 34
106.1994 	DATA 	Keypress: 5
106.1995 	DATA 	TR 69 | TR1 35 | TR2 34
107.7492 	DATA 	Keypress: 5
107.7492 	DATA 	TR 70 | TR1 35 | TR2 35
109.3323 	DATA 	Keypress: 5
109.3323 	DATA 	TR 71 | TR1 36 | TR2 35
110.8823 	DATA 	Keypress: 5
110.8823 	DATA 	TR 72 | TR1 36 | TR2 36
112.4488 	DATA 	Keypress: 5
112.4489 	DATA 	TR 73 | TR1 37 | TR2 36
113.9987 	DATA 	Keypress: 5
113.9987 	DATA 	TR 74 | TR1 37 | TR2 37
115.3152 	DATA 	
115.3152 	DATA 	Trial complete
115.3152 	DATA 	Waiting for VASO trigger to start next trial
115.3152 	DATA 	
115.5652 	DATA 	Keypress: 5
115.5653 	DATA 	Waited 0.2500739097595215 seconds for trigger
115.5660 	DATA 	
115.5660 	DATA 	Trial 5
115.5660 	DATA 	stimDur = 24.0
115.5660 	DATA 	jitter = 0.0
115.5661 	DATA 	restDur = 24.0

115.5661 	DATA 	
115.5661 	DATA 	TR 75 | TR1 38 | TR2 37
115.5661 	DATA 	
115.5661 	DATA 	stimulation started
115.5661 	DATA 	
117.1159 	DATA 	Keypress: 5
117.1317 	DATA 	TR 76 | TR1 38 | TR2 38
118.6983 	DATA 	Keypress: 5
118.6983 	DATA 	TR 77 | TR1 39 | TR2 38
120.0315 	DATA 	Target presented
120.2481 	DATA 	Keypress: 5
120.2481 	DATA 	TR 78 | TR1 39 | TR2 39
120.4481 	DATA 	Keypress: 1
120.4481 	DATA 	Key1 pressed
120.4481 	DATA 	Target detected
121.8147 	DATA 	Keypress: 5
121.8147 	DATA 	TR 79 | TR1 40 | TR2 39
123.3645 	DATA 	Keypress: 5
123.3645 	DATA 	TR 80 | TR1 40 | TR2 40
124.9477 	DATA 	Keypress: 5
124.9478 	DATA 	TR 81 | TR1 41 | TR2 40
126.4976 	DATA 	Keypress: 5
126.4976 	DATA 	TR 82 | TR1 41 | TR2 41
128.0641 	DATA 	Keypress: 5
128.0641 	DATA 	TR 83 | TR1 42 | TR2 41
129.6139 	DATA 	Keypress: 5
129.6140 	DATA 	TR 84 | TR1 42 | TR2 42
131.1805 	DATA 	Keypress: 5
131.1805 	DATA 	TR 85 | TR1 43 | TR2 42
132.7470 	DATA 	Keypress: 5
132.7470 	DATA 	TR 86 | TR1 43 | TR2 43
134.3136 	DATA 	Keypress: 5
134.3136 	DATA 	TR 87 | TR1 44 | TR2 43
135.8634 	DATA 	Keypress: 5
135.8634 	DATA 	TR 88 | TR1 44 | TR2 44
137.4299 	DATA 	Keypress: 5
137.4300 	DATA 	TR 89 | TR1 45 | TR2 44
138.9799 	DATA 	Keypress: 5
138.9799 	DATA 	TR 90 | TR1 45 | TR2 45
139.5796 	DATA 	
139.5797 	DATA 	stimulation stopped
139.5797 	DATA 	
140.5629 	DATA 	Keypress: 5
140.5629 	DATA 	TR 91 | TR1 46 | TR2 45
142.1127 	DATA 	Keypress: 5
142.1128 	DATA 	TR 92 | TR1 46 | TR2 46
143.6793 	DATA 	Keypress: 5
143.6793 	DATA 	TR 93 | TR1 47 | TR2 46
145.2291 	DATA 	Keypress: 5
145.2291 	DATA 	TR 94 | TR1 47 | TR2 47
146.8123 	DATA 	Keypress: 5
146.8124 	DATA 	TR 95 | TR1 48 | TR2 47
148.3622 	DATA 	Keypress: 5
148.3622 	DATA 	TR 96 | TR1 48 | TR2 48
149.9287 	DATA 	Keypress: 5
149.9288 	DATA 	TR 97 | TR1 49 | TR2 48
151.4785 	DATA 	Keypress: 5
151.4786 	DATA 	TR 98 | TR1 49 | TR2 49
153.0451 	DATA 	Keypress: 5
153.0451 	DATA 	TR 99 | TR1 50 | TR2 49
154.5955 	DATA 	Keypress: 5
154.6115 	DATA 	TR 100 | TR1 50 | TR2 50
156.1782 	DATA 	Keypress: 5
156.1782 	DATA 	TR 101 | TR1 51 | TR2 50
157.7278 	DATA 	Keypress: 5
157.7278 	DATA 	TR 102 | TR1 51 | TR2 51
159.2945 	DATA 	Keypress: 5
159.2945 	DATA 	TR 103 | TR1 52 | TR2 51
160.8444 	DATA 	Keypress: 5
160.8444 	DATA 	TR 104 | TR1 52 | TR2 52
162.4276 	DATA 	Keypress: 5
162.4276 	DATA 	TR 105 | TR1 53 | TR2 52
163.5774 	DATA 	
163.5774 	DATA 	Trial complete
163.5774 	DATA 	Waiting for VASO trigger to start next trial
163.5775 	DATA 	
163.9774 	DATA 	Keypress: 5
163.9774 	DATA 	TR 106 | TR1 53 | TR2 53
165.5439 	DATA 	Keypress: 5
165.5440 	DATA 	Waited 1.9665329456329346 seconds for trigger
165.5447 	DATA 	
165.5448 	DATA 	Trial 6
165.5448 	DATA 	stimDur = 24.0
165.5448 	DATA 	jitter = 1.5705
165.5448 	DATA 	restDur = 24.0

165.5448 	DATA 	
165.5448 	DATA 	TR 107 | TR1 54 | TR2 53
167.0940 	DATA 	Keypress: 5
167.0940 	DATA 	TR 108 | TR1 54 | TR2 54
167.1272 	DATA 	
167.1272 	DATA 	stimulation started
167.1272 	DATA 	
168.6611 	DATA 	Keypress: 5
168.6770 	DATA 	TR 109 | TR1 55 | TR2 54
169.9771 	DATA 	Target presented
170.2269 	DATA 	Keypress: 5
170.2269 	DATA 	TR 110 | TR1 55 | TR2 55
170.5435 	DATA 	Keypress: 1
170.5435 	DATA 	Key1 pressed
170.5435 	DATA 	Target detected
171.7934 	DATA 	Keypress: 5
171.7935 	DATA 	TR 111 | TR1 56 | TR2 55
173.3432 	DATA 	Keypress: 5
173.3433 	DATA 	TR 112 | TR1 56 | TR2 56
174.9098 	DATA 	Keypress: 5
174.9098 	DATA 	TR 113 | TR1 57 | TR2 56
176.4596 	DATA 	Keypress: 5
176.4597 	DATA 	TR 114 | TR1 57 | TR2 57
178.0428 	DATA 	Keypress: 5
178.0429 	DATA 	TR 115 | TR1 58 | TR2 57
179.5927 	DATA 	Keypress: 5
179.5927 	DATA 	TR 116 | TR1 58 | TR2 58
181.1592 	DATA 	Keypress: 5
181.1593 	DATA 	TR 117 | TR1 59 | TR2 58
182.7091 	DATA 	Keypress: 5
182.7091 	DATA 	TR 118 | TR1 59 | TR2 59
184.2923 	DATA 	Keypress: 5
184.2923 	DATA 	TR 119 | TR1 60 | TR2 59
185.8421 	DATA 	Keypress: 5
185.8421 	DATA 	TR 120 | TR1 60 | TR2 60
187.4087 	DATA 	Keypress: 5
187.4087 	DATA 	TR 121 | TR1 61 | TR2 60
188.9585 	DATA 	Keypress: 5
188.9585 	DATA 	TR 122 | TR1 61 | TR2 61
190.5251 	DATA 	Keypress: 5
190.5251 	DATA 	TR 123 | TR1 62 | TR2 61
191.1249 	DATA 	
191.1249 	DATA 	stimulation stopped
191.1250 	DATA 	
192.0915 	DATA 	Keypress: 5
192.0915 	DATA 	TR 124 | TR1 62 | TR2 62
193.6580 	DATA 	Keypress: 5
193.6581 	DATA 	TR 125 | TR1 63 | TR2 62
195.2079 	DATA 	Keypress: 5
195.2079 	DATA 	TR 126 | TR1 63 | TR2 63
196.7744 	DATA 	Keypress: 5
196.7745 	DATA 	TR 127 | TR1 64 | TR2 63
198.3242 	DATA 	Keypress: 5
198.3243 	DATA 	TR 128 | TR1 64 | TR2 64
199.9074 	DATA 	Keypress: 5
199.9075 	DATA 	TR 129 | TR1 65 | TR2 64
201.4573 	DATA 	Keypress: 5
201.4573 	DATA 	TR 130 | TR1 65 | TR2 65
203.0238 	DATA 	Keypress: 5
203.0239 	DATA 	TR 131 | TR1 66 | TR2 65
204.5736 	DATA 	Keypress: 5
204.5737 	DATA 	TR 132 | TR1 66 | TR2 66
206.1569 	DATA 	Keypress: 5
206.1570 	DATA 	TR 133 | TR1 67 | TR2 66
207.7067 	DATA 	Keypress: 5
207.7068 	DATA 	TR 134 | TR1 67 | TR2 67
209.2732 	DATA 	Keypress: 5
209.2733 	DATA 	TR 135 | TR1 68 | TR2 67
210.8231 	DATA 	Keypress: 5
210.8231 	DATA 	TR 136 | TR1 68 | TR2 68
212.3896 	DATA 	Keypress: 5
212.3897 	DATA 	TR 137 | TR1 69 | TR2 68
213.9399 	DATA 	Keypress: 5
213.9563 	DATA 	TR 138 | TR1 69 | TR2 69
215.1227 	DATA 	
215.1227 	DATA 	Trial complete
215.1227 	DATA 	Waiting for VASO trigger to start next trial
215.1227 	DATA 	
215.5227 	DATA 	Keypress: 5
215.5227 	DATA 	Waited 0.4000251293182373 seconds for trigger
215.5235 	DATA 	
215.5235 	DATA 	Trial 7
215.5235 	DATA 	stimDur = 4.0
215.5235 	DATA 	jitter = 2.35575
215.5235 	DATA 	restDur = 16.0

215.5235 	DATA 	
215.5235 	DATA 	TR 139 | TR1 70 | TR2 69
217.0725 	DATA 	Keypress: 5
217.0726 	DATA 	TR 140 | TR1 70 | TR2 70
217.8891 	DATA 	
217.8891 	DATA 	stimulation started
217.8891 	DATA 	
218.6391 	DATA 	Keypress: 5
218.6392 	DATA 	TR 141 | TR1 71 | TR2 70
220.1890 	DATA 	Keypress: 5
220.1890 	DATA 	TR 142 | TR1 71 | TR2 71
221.7722 	DATA 	Keypress: 5
221.7722 	DATA 	TR 143 | TR1 72 | TR2 71
221.8888 	DATA 	
221.8888 	DATA 	stimulation stopped
221.8888 	DATA 	
223.3220 	DATA 	Keypress: 5
223.3220 	DATA 	TR 144 | TR1 72 | TR2 72
224.8885 	DATA 	Keypress: 5
224.8885 	DATA 	TR 145 | TR1 73 | TR2 72
226.4383 	DATA 	Keypress: 5
226.4384 	DATA 	TR 146 | TR1 73 | TR2 73
228.0049 	DATA 	Keypress: 5
228.0049 	DATA 	TR 147 | TR1 74 | TR2 73
229.5714 	DATA 	Keypress: 5
229.5714 	DATA 	TR 148 | TR1 74 | TR2 74
231.1379 	DATA 	Keypress: 5
231.1380 	DATA 	TR 149 | TR1 75 | TR2 74
232.6877 	DATA 	Keypress: 5
232.6878 	DATA 	TR 150 | TR1 75 | TR2 75
234.2543 	DATA 	Keypress: 5
234.2544 	DATA 	TR 151 | TR1 76 | TR2 75
235.8041 	DATA 	Keypress: 5
235.8042 	DATA 	TR 152 | TR1 76 | TR2 76
237.3874 	DATA 	Keypress: 5
237.3874 	DATA 	TR 153 | TR1 77 | TR2 76
237.8874 	DATA 	
237.8874 	DATA 	Trial complete
237.8874 	DATA 	Waiting for VASO trigger to start next trial
237.8874 	DATA 	
238.9372 	DATA 	Keypress: 5
238.9372 	DATA 	TR 154 | TR1 77 | TR2 77
239.6205 	DATA 	Target presented
240.1038 	DATA 	Keypress: 1
240.1038 	DATA 	Key1 pressed
240.1038 	DATA 	Target detected
240.5037 	DATA 	Keypress: 5
240.5038 	DATA 	Waited 2.6163740158081055 seconds for trigger
240.5045 	DATA 	
240.5045 	DATA 	Trial 8
240.5045 	DATA 	stimDur = 24.0
240.5045 	DATA 	jitter = 2.35575
240.5045 	DATA 	restDur = 24.0

240.5045 	DATA 	
240.5045 	DATA 	TR 155 | TR1 78 | TR2 77
242.0536 	DATA 	Keypress: 5
242.0536 	DATA 	TR 156 | TR1 78 | TR2 78
242.8701 	DATA 	
242.8702 	DATA 	stimulation started
242.8702 	DATA 	
243.6368 	DATA 	Keypress: 5
243.6369 	DATA 	TR 157 | TR1 79 | TR2 78
245.1867 	DATA 	Keypress: 5
245.1867 	DATA 	TR 158 | TR1 79 | TR2 79
246.7533 	DATA 	Keypress: 5
246.7533 	DATA 	TR 159 | TR1 80 | TR2 79
248.3032 	DATA 	Keypress: 5
248.3032 	DATA 	TR 160 | TR1 80 | TR2 80
249.8696 	DATA 	Keypress: 5
249.8696 	DATA 	TR 161 | TR1 81 | TR2 80
251.4202 	DATA 	Keypress: 5
251.4361 	DATA 	TR 162 | TR1 81 | TR2 81
253.0027 	DATA 	Keypress: 5
253.0027 	DATA 	TR 163 | TR1 82 | TR2 81
254.5525 	DATA 	Keypress: 5
254.5525 	DATA 	TR 164 | TR1 82 | TR2 82
256.1190 	DATA 	Keypress: 5
256.1190 	DATA 	TR 165 | TR1 83 | TR2 82
257.6689 	DATA 	Keypress: 5
257.6689 	DATA 	TR 166 | TR1 83 | TR2 83
259.2521 	DATA 	Keypress: 5
259.2521 	DATA 	TR 167 | TR1 84 | TR2 83
260.8020 	DATA 	Keypress: 5
260.8021 	DATA 	TR 168 | TR1 84 | TR2 84
262.3685 	DATA 	Keypress: 5
262.3685 	DATA 	TR 169 | TR1 85 | TR2 84
263.9183 	DATA 	Keypress: 5
263.9183 	DATA 	TR 170 | TR1 85 | TR2 85
265.4849 	DATA 	Keypress: 5
265.4849 	DATA 	TR 171 | TR1 86 | TR2 85
266.8680 	DATA 	
266.8680 	DATA 	stimulation stopped
266.8680 	DATA 	
267.0514 	DATA 	Keypress: 5
267.0514 	DATA 	TR 172 | TR1 86 | TR2 86
268.6178 	DATA 	Keypress: 5
268.6179 	DATA 	TR 173 | TR1 87 | TR2 86
270.1677 	DATA 	Keypress: 5
270.1677 	DATA 	TR 174 | TR1 87 | TR2 87
271.7342 	DATA 	Keypress: 5
271.7343 	DATA 	TR 175 | TR1 88 | TR2 87
273.2840 	DATA 	Keypress: 5
273.2841 	DATA 	TR 176 | TR1 88 | TR2 88
274.8673 	DATA 	Keypress: 5
274.8673 	DATA 	TR 177 | TR1 89 | TR2 88
276.4171 	DATA 	Keypress: 5
276.4171 	DATA 	TR 178 | TR1 89 | TR2 89
277.9836 	DATA 	Keypress: 5
277.9837 	DATA 	TR 179 | TR1 90 | TR2 89
279.5335 	DATA 	Keypress: 5
279.5336 	DATA 	TR 180 | TR1 90 | TR2 90
281.1167 	DATA 	Keypress: 5
281.1167 	DATA 	TR 181 | TR1 91 | TR2 90
282.6666 	DATA 	Keypress: 5
282.6666 	DATA 	TR 182 | TR1 91 | TR2 91
284.2331 	DATA 	Keypress: 5
284.2331 	DATA 	TR 183 | TR1 92 | TR2 91
285.7829 	DATA 	Keypress: 5
285.7829 	DATA 	TR 184 | TR1 92 | TR2 92
287.3495 	DATA 	Keypress: 5
287.3495 	DATA 	TR 185 | TR1 93 | TR2 92
288.8999 	DATA 	Keypress: 5
288.9159 	DATA 	TR 186 | TR1 93 | TR2 93
289.3326 	DATA 	Target presented
289.7658 	DATA 	Keypress: 1
289.7659 	DATA 	Key1 pressed
289.7659 	DATA 	Target detected
290.4825 	DATA 	Keypress: 5
290.4825 	DATA 	TR 187 | TR1 94 | TR2 93
290.8657 	DATA 	
290.8657 	DATA 	Trial complete
290.8658 	DATA 	Waiting for VASO trigger to start next trial
290.8658 	DATA 	
292.0324 	DATA 	Keypress: 5
292.0324 	DATA 	TR 188 | TR1 94 | TR2 94
293.5988 	DATA 	Keypress: 5
293.5989 	DATA 	Waited 2.733135223388672 seconds for trigger
293.5997 	DATA 	
293.5997 	DATA 	Trial 9
293.5997 	DATA 	stimDur = 4.0
293.5997 	DATA 	jitter = 1.5705
293.5997 	DATA 	restDur = 16.0

293.5997 	DATA 	
293.5997 	DATA 	TR 189 | TR1 95 | TR2 94
295.1487 	DATA 	Keypress: 5
295.1488 	DATA 	TR 190 | TR1 95 | TR2 95
295.1820 	DATA 	
295.1820 	DATA 	stimulation started
295.1820 	DATA 	
296.7319 	DATA 	Keypress: 5
296.7320 	DATA 	TR 191 | TR1 96 | TR2 95
298.2819 	DATA 	Keypress: 5
298.2819 	DATA 	TR 192 | TR1 96 | TR2 96
299.1817 	DATA 	
299.1817 	DATA 	stimulation stopped
299.1817 	DATA 	
299.8483 	DATA 	Keypress: 5
299.8483 	DATA 	TR 193 | TR1 97 | TR2 96
301.3981 	DATA 	Keypress: 5
301.3982 	DATA 	TR 194 | TR1 97 | TR2 97
302.9813 	DATA 	Keypress: 5
302.9814 	DATA 	TR 195 | TR1 98 | TR2 97
304.5312 	DATA 	Keypress: 5
304.5312 	DATA 	TR 196 | TR1 98 | TR2 98
306.0979 	DATA 	Keypress: 5
306.0979 	DATA 	TR 197 | TR1 99 | TR2 98
307.6476 	DATA 	Keypress: 5
307.6476 	DATA 	TR 198 | TR1 99 | TR2 99
309.2141 	DATA 	Keypress: 5
309.2141 	DATA 	TR 199 | TR1 100 | TR2 99
310.7639 	DATA 	Keypress: 5
310.7640 	DATA 	TR 200 | TR1 100 | TR2 100
312.3471 	DATA 	Keypress: 5
312.3472 	DATA 	TR 201 | TR1 101 | TR2 100
313.8971 	DATA 	Keypress: 5
313.8972 	DATA 	TR 202 | TR1 101 | TR2 101
315.1802 	DATA 	
315.1802 	DATA 	Trial complete
315.1802 	DATA 	Waiting for VASO trigger to start next trial
315.1802 	DATA 	
315.4635 	DATA 	Keypress: 5
315.4635 	DATA 	Waited 0.28334593772888184 seconds for trigger
315.4643 	DATA 	
315.4643 	DATA 	Trial 10
315.4643 	DATA 	stimDur = 2.0
315.4643 	DATA 	jitter = 0.78525
315.4643 	DATA 	restDur = 14.0

315.4643 	DATA 	
315.4643 	DATA 	TR 203 | TR1 102 | TR2 101
316.2634 	DATA 	
316.2634 	DATA 	stimulation started
316.2634 	DATA 	
317.0134 	DATA 	Keypress: 5
317.0135 	DATA 	TR 204 | TR1 102 | TR2 102
318.2634 	DATA 	
318.2634 	DATA 	stimulation stopped
318.2634 	DATA 	
318.5965 	DATA 	Keypress: 5
318.5966 	DATA 	TR 205 | TR1 103 | TR2 102
320.1464 	DATA 	Keypress: 5
320.1465 	DATA 	TR 206 | TR1 103 | TR2 103
321.7129 	DATA 	Keypress: 5
321.7130 	DATA 	TR 207 | TR1 104 | TR2 103
323.2628 	DATA 	Keypress: 5
323.2629 	DATA 	TR 208 | TR1 104 | TR2 104
324.8295 	DATA 	Keypress: 5
324.8295 	DATA 	TR 209 | TR1 105 | TR2 104
326.3959 	DATA 	Keypress: 5
326.3959 	DATA 	TR 210 | TR1 105 | TR2 105
327.9624 	DATA 	Keypress: 5
327.9624 	DATA 	TR 211 | TR1 106 | TR2 105
329.5122 	DATA 	Keypress: 5
329.5123 	DATA 	TR 212 | TR1 106 | TR2 106
331.0787 	DATA 	Keypress: 5
331.0788 	DATA 	TR 213 | TR1 107 | TR2 106
332.2620 	DATA 	
332.2620 	DATA 	Trial complete
332.2620 	DATA 	Waiting for VASO trigger to start next trial
332.2620 	DATA 	
332.6286 	DATA 	Keypress: 5
332.6287 	DATA 	TR 214 | TR1 107 | TR2 107
334.2118 	DATA 	Keypress: 5
334.2119 	DATA 	Waited 1.9498229026794434 seconds for trigger
334.2126 	DATA 	
334.2126 	DATA 	Trial 11
334.2126 	DATA 	stimDur = 4.0
334.2126 	DATA 	jitter = 0.78525
334.2126 	DATA 	restDur = 16.0

334.2126 	DATA 	
334.2126 	DATA 	TR 215 | TR1 108 | TR2 107
335.0117 	DATA 	
335.0117 	DATA 	stimulation started
335.0117 	DATA 	
335.7617 	DATA 	Keypress: 5
335.7618 	DATA 	TR 216 | TR1 108 | TR2 108
337.3282 	DATA 	Keypress: 5
337.3283 	DATA 	TR 217 | TR1 109 | TR2 108
338.8781 	DATA 	Keypress: 5
338.8782 	DATA 	TR 218 | TR1 109 | TR2 109
339.0114 	DATA 	
339.0114 	DATA 	stimulation stopped
339.0114 	DATA 	
340.4452 	DATA 	Keypress: 5
340.4612 	DATA 	TR 219 | TR1 110 | TR2 109
342.0113 	DATA 	Keypress: 5
342.0113 	DATA 	TR 220 | TR1 110 | TR2 110
343.5776 	DATA 	Keypress: 5
343.5776 	DATA 	TR 221 | TR1 111 | TR2 110
345.1275 	DATA 	Keypress: 5
345.1275 	DATA 	TR 222 | TR1 111 | TR2 111
346.6939 	DATA 	Keypress: 5
346.6940 	DATA 	TR 223 | TR1 112 | TR2 111
348.2444 	DATA 	Keypress: 5
348.2605 	DATA 	TR 224 | TR1 112 | TR2 112
349.8270 	DATA 	Keypress: 5
349.8271 	DATA 	TR 225 | TR1 113 | TR2 112
351.3769 	DATA 	Keypress: 5
351.3770 	DATA 	TR 226 | TR1 113 | TR2 113
352.9434 	DATA 	Keypress: 5
352.9435 	DATA 	TR 227 | TR1 114 | TR2 113
354.4933 	DATA 	Keypress: 5
354.4934 	DATA 	TR 228 | TR1 114 | TR2 114
355.0098 	DATA 	
355.0099 	DATA 	Trial complete
355.0099 	DATA 	Waiting for VASO trigger to start next trial
355.0099 	DATA 	
356.0765 	DATA 	Keypress: 5
356.0765 	DATA 	Waited 1.066627025604248 seconds for trigger
356.0773 	DATA 	
356.0773 	DATA 	Trial 12
356.0773 	DATA 	stimDur = 1.0
356.0773 	DATA 	jitter = 0.0
356.0773 	DATA 	restDur = 12.0

356.0773 	DATA 	
356.0773 	DATA 	TR 229 | TR1 115 | TR2 114
356.0773 	DATA 	
356.0773 	DATA 	stimulation started
356.0773 	DATA 	
357.0931 	DATA 	
357.0931 	DATA 	stimulation stopped
357.0931 	DATA 	
357.6264 	DATA 	Keypress: 5
357.6264 	DATA 	TR 230 | TR1 115 | TR2 115
359.1928 	DATA 	Keypress: 5
359.1929 	DATA 	TR 231 | TR1 116 | TR2 115
360.7428 	DATA 	Keypress: 5
360.7428 	DATA 	TR 232 | TR1 116 | TR2 116
362.3092 	DATA 	Keypress: 5
362.3093 	DATA 	TR 233 | TR1 117 | TR2 116
363.8758 	DATA 	Keypress: 5
363.8758 	DATA 	TR 234 | TR1 117 | TR2 117
365.4423 	DATA 	Keypress: 5
365.4423 	DATA 	TR 235 | TR1 118 | TR2 117
366.9922 	DATA 	Keypress: 5
366.9922 	DATA 	TR 236 | TR1 118 | TR2 118
368.5587 	DATA 	Keypress: 5
368.5587 	DATA 	TR 237 | TR1 119 | TR2 118
369.0919 	DATA 	
369.0919 	DATA 	Trial complete
369.0919 	DATA 	Waiting for VASO trigger to start next trial
369.0919 	DATA 	
369.1587 	DATA 	Target presented
369.7586 	DATA 	Keypress: 1
369.7586 	DATA 	Key1 pressed
369.7586 	DATA 	Target detected
370.1085 	DATA 	Keypress: 5
370.1085 	DATA 	TR 238 | TR1 119 | TR2 119
371.6917 	DATA 	Keypress: 5
371.6918 	DATA 	Waited 2.5998220443725586 seconds for trigger
371.6925 	DATA 	
371.6925 	DATA 	Trial 13
371.6925 	DATA 	stimDur = 1.0
371.6925 	DATA 	jitter = 1.5705
371.6925 	DATA 	restDur = 12.0

371.6925 	DATA 	
371.6926 	DATA 	TR 239 | TR1 120 | TR2 119
373.2417 	DATA 	Keypress: 5
373.2418 	DATA 	TR 240 | TR1 120 | TR2 120
373.2749 	DATA 	
373.2749 	DATA 	stimulation started
373.2749 	DATA 	
374.2748 	DATA 	
374.2748 	DATA 	stimulation stopped
374.2748 	DATA 	
374.8081 	DATA 	Keypress: 5
374.8081 	DATA 	TR 241 | TR1 121 | TR2 120
376.3580 	DATA 	Keypress: 5
376.3580 	DATA 	TR 242 | TR1 121 | TR2 121
377.9411 	DATA 	Keypress: 5
377.9412 	DATA 	TR 243 | TR1 122 | TR2 121
379.4910 	DATA 	Keypress: 5
379.4911 	DATA 	TR 244 | TR1 122 | TR2 122
381.0575 	DATA 	Keypress: 5
381.0576 	DATA 	TR 245 | TR1 123 | TR2 122
382.6074 	DATA 	Keypress: 5
382.6074 	DATA 	TR 246 | TR1 123 | TR2 123
384.1739 	DATA 	Keypress: 5
384.1739 	DATA 	TR 247 | TR1 124 | TR2 123
385.7239 	DATA 	Keypress: 5
385.7240 	DATA 	TR 248 | TR1 124 | TR2 124
386.2738 	DATA 	
386.2738 	DATA 	Trial complete
386.2738 	DATA 	Waiting for VASO trigger to start next trial
386.2738 	DATA 	
387.3069 	DATA 	Keypress: 5
387.3070 	DATA 	Waited 1.033160924911499 seconds for trigger
387.3077 	DATA 	
387.3077 	DATA 	Trial 14
387.3078 	DATA 	stimDur = 12.0
387.3078 	DATA 	jitter = 1.5705
387.3078 	DATA 	restDur = 20.0

387.3078 	DATA 	
387.3078 	DATA 	TR 249 | TR1 125 | TR2 124
388.8568 	DATA 	Keypress: 5
388.8568 	DATA 	TR 250 | TR1 125 | TR2 125
388.8901 	DATA 	
388.8901 	DATA 	stimulation started
388.8901 	DATA 	
390.4234 	DATA 	Keypress: 5
390.4234 	DATA 	TR 251 | TR1 126 | TR2 125
391.9732 	DATA 	Keypress: 5
391.9733 	DATA 	TR 252 | TR1 126 | TR2 126
393.5564 	DATA 	Keypress: 5
393.5565 	DATA 	TR 253 | TR1 127 | TR2 126
395.1063 	DATA 	Keypress: 5
395.1063 	DATA 	TR 254 | TR1 127 | TR2 127
396.6728 	DATA 	Keypress: 5
396.6729 	DATA 	TR 255 | TR1 128 | TR2 127
398.2227 	DATA 	Keypress: 5
398.2227 	DATA 	TR 256 | TR1 128 | TR2 128
399.7899 	DATA 	Keypress: 5
399.8058 	DATA 	TR 257 | TR1 129 | TR2 128
400.8891 	DATA 	
400.8891 	DATA 	stimulation stopped
400.8891 	DATA 	
401.3557 	DATA 	Keypress: 5
401.3557 	DATA 	TR 258 | TR1 129 | TR2 129
402.9222 	DATA 	Keypress: 5
402.9222 	DATA 	TR 259 | TR1 130 | TR2 129
404.4721 	DATA 	Keypress: 5
404.4721 	DATA 	TR 260 | TR1 130 | TR2 130
406.0386 	DATA 	Keypress: 5
406.0386 	DATA 	TR 261 | TR1 131 | TR2 130
407.5884 	DATA 	Keypress: 5
407.5885 	DATA 	TR 262 | TR1 131 | TR2 131
409.1716 	DATA 	Keypress: 5
409.1716 	DATA 	TR 263 | TR1 132 | TR2 131
410.7215 	DATA 	Keypress: 5
410.7216 	DATA 	TR 264 | TR1 132 | TR2 132
412.2880 	DATA 	Keypress: 5
412.2881 	DATA 	TR 265 | TR1 133 | TR2 132
413.8380 	DATA 	Keypress: 5
413.8381 	DATA 	TR 266 | TR1 133 | TR2 133
415.4210 	DATA 	Keypress: 5
415.4211 	DATA 	TR 267 | TR1 134 | TR2 133
416.9711 	DATA 	Keypress: 5
416.9711 	DATA 	TR 268 | TR1 134 | TR2 134
418.5374 	DATA 	Keypress: 5
418.5375 	DATA 	TR 269 | TR1 135 | TR2 134
420.0873 	DATA 	Keypress: 5
420.0873 	DATA 	TR 270 | TR1 135 | TR2 135
420.8872 	DATA 	
420.8872 	DATA 	Trial complete
420.8872 	DATA 	Waiting for VASO trigger to start next trial
420.8872 	DATA 	
421.6538 	DATA 	Keypress: 5
421.6538 	DATA 	Waited 0.7666339874267578 seconds for trigger
421.6546 	DATA 	
421.6546 	DATA 	Trial 15
421.6546 	DATA 	stimDur = 2.0
421.6546 	DATA 	jitter = 0.0
421.6546 	DATA 	restDur = 14.0

421.6546 	DATA 	
421.6546 	DATA 	TR 271 | TR1 136 | TR2 135
421.6546 	DATA 	
421.6546 	DATA 	stimulation started
421.6546 	DATA 	
423.2044 	DATA 	Keypress: 5
423.2203 	DATA 	TR 272 | TR1 136 | TR2 136
423.6703 	DATA 	
423.6703 	DATA 	stimulation stopped
423.6703 	DATA 	
424.7868 	DATA 	Keypress: 5
424.7869 	DATA 	TR 273 | TR1 137 | TR2 136
426.3368 	DATA 	Keypress: 5
426.3368 	DATA 	TR 274 | TR1 137 | TR2 137
427.9032 	DATA 	Keypress: 5
427.9033 	DATA 	TR 275 | TR1 138 | TR2 137
429.4531 	DATA 	Keypress: 5
429.4531 	DATA 	TR 276 | TR1 138 | TR2 138
430.4362 	DATA 	Target presented
430.9029 	DATA 	Keypress: 1
430.9030 	DATA 	Key1 pressed
430.9030 	DATA 	Target detected
431.0362 	DATA 	Keypress: 5
431.0363 	DATA 	TR 277 | TR1 139 | TR2 138
432.5861 	DATA 	Keypress: 5
432.5862 	DATA 	TR 278 | TR1 139 | TR2 139
434.1527 	DATA 	Keypress: 5
434.1527 	DATA 	TR 279 | TR1 140 | TR2 139
435.7025 	DATA 	Keypress: 5
435.7026 	DATA 	TR 280 | TR1 140 | TR2 140
437.2857 	DATA 	Keypress: 5
437.2858 	DATA 	TR 281 | TR1 141 | TR2 140
437.6690 	DATA 	
437.6690 	DATA 	Trial complete
437.6690 	DATA 	Waiting for VASO trigger to start next trial
437.6690 	DATA 	
438.8356 	DATA 	Keypress: 5
438.8356 	DATA 	TR 282 | TR1 141 | TR2 141
440.4021 	DATA 	Keypress: 5
440.4021 	DATA 	Waited 2.733128070831299 seconds for trigger
440.4029 	DATA 	
440.4029 	DATA 	Trial 16
440.4029 	DATA 	stimDur = 4.0
440.4029 	DATA 	jitter = 0.0
440.4029 	DATA 	restDur = 16.0

440.4029 	DATA 	
440.4029 	DATA 	TR 283 | TR1 142 | TR2 141
440.4029 	DATA 	
440.4029 	DATA 	stimulation started
440.4029 	DATA 	
441.9520 	DATA 	Keypress: 5
441.9521 	DATA 	TR 284 | TR1 142 | TR2 142
443.5185 	DATA 	Keypress: 5
443.5185 	DATA 	TR 285 | TR1 143 | TR2 142
444.4184 	DATA 	
444.4184 	DATA 	stimulation stopped
444.4184 	DATA 	
445.0683 	DATA 	Keypress: 5
445.0684 	DATA 	TR 286 | TR1 143 | TR2 143
446.6515 	DATA 	Keypress: 5
446.6516 	DATA 	TR 287 | TR1 144 | TR2 143
448.2014 	DATA 	Keypress: 5
448.2014 	DATA 	TR 288 | TR1 144 | TR2 144
449.7679 	DATA 	Keypress: 5
449.7679 	DATA 	TR 289 | TR1 145 | TR2 144
451.3178 	DATA 	Keypress: 5
451.3178 	DATA 	TR 290 | TR1 145 | TR2 145
452.9009 	DATA 	Keypress: 5
452.9010 	DATA 	TR 291 | TR1 146 | TR2 145
454.4508 	DATA 	Keypress: 5
454.4508 	DATA 	TR 292 | TR1 146 | TR2 146
456.0173 	DATA 	Keypress: 5
456.0174 	DATA 	TR 293 | TR1 147 | TR2 146
457.5672 	DATA 	Keypress: 5
457.5672 	DATA 	TR 294 | TR1 147 | TR2 147
459.1337 	DATA 	Keypress: 5
459.1337 	DATA 	TR 295 | TR1 148 | TR2 147
460.4169 	DATA 	
460.4169 	DATA 	Trial complete
460.4169 	DATA 	Waiting for VASO trigger to start next trial
460.4169 	DATA 	
460.7002 	DATA 	Keypress: 5
460.7003 	DATA 	TR 296 | TR1 148 | TR2 148
462.2667 	DATA 	Keypress: 5
462.2669 	DATA 	Waited 1.849947214126587 seconds for trigger
462.2676 	DATA 	
462.2676 	DATA 	Trial 17
462.2676 	DATA 	stimDur = 12.0
462.2677 	DATA 	jitter = 2.35575
462.2677 	DATA 	restDur = 20.0

462.2677 	DATA 	
462.2677 	DATA 	TR 297 | TR1 149 | TR2 148
463.8166 	DATA 	Keypress: 5
463.8167 	DATA 	TR 298 | TR1 149 | TR2 149
464.6332 	DATA 	
464.6332 	DATA 	stimulation started
464.6332 	DATA 	
465.3832 	DATA 	Keypress: 5
465.3832 	DATA 	TR 299 | TR1 150 | TR2 149
466.9331 	DATA 	Keypress: 5
466.9331 	DATA 	TR 300 | TR1 150 | TR2 150
468.5162 	DATA 	Keypress: 5
468.5163 	DATA 	TR 301 | TR1 151 | TR2 150
470.0660 	DATA 	Keypress: 5
470.0661 	DATA 	TR 302 | TR1 151 | TR2 151
471.6327 	DATA 	Keypress: 5
471.6327 	DATA 	TR 303 | TR1 152 | TR2 151
473.1825 	DATA 	Keypress: 5
473.1825 	DATA 	TR 304 | TR1 152 | TR2 152
474.7497 	DATA 	Keypress: 5
474.7656 	DATA 	TR 305 | TR1 153 | TR2 152
476.3155 	DATA 	Keypress: 5
476.3156 	DATA 	TR 306 | TR1 153 | TR2 153
476.6321 	DATA 	
476.6321 	DATA 	stimulation stopped
476.6321 	DATA 	
477.8820 	DATA 	Keypress: 5
477.8820 	DATA 	TR 307 | TR1 154 | TR2 153
479.4318 	DATA 	Keypress: 5
479.4319 	DATA 	TR 308 | TR1 154 | TR2 154
480.9984 	DATA 	Keypress: 5
480.9984 	DATA 	TR 309 | TR1 155 | TR2 154
482.5488 	DATA 	Keypress: 5
482.5649 	DATA 	TR 310 | TR1 155 | TR2 155
484.1314 	DATA 	Keypress: 5
484.1315 	DATA 	TR 311 | TR1 156 | TR2 155
485.6813 	DATA 	Keypress: 5
485.6813 	DATA 	TR 312 | TR1 156 | TR2 156
487.2478 	DATA 	Keypress: 5
487.2479 	DATA 	TR 313 | TR1 157 | TR2 156
488.7978 	DATA 	Keypress: 5
488.7978 	DATA 	TR 314 | TR1 157 | TR2 157
490.3809 	DATA 	Keypress: 5
490.3809 	DATA 	TR 315 | TR1 158 | TR2 157
491.9307 	DATA 	Keypress: 5
491.9307 	DATA 	TR 316 | TR1 158 | TR2 158
493.4973 	DATA 	Keypress: 5
493.4973 	DATA 	TR 317 | TR1 159 | TR2 158
495.0471 	DATA 	Keypress: 5
495.0471 	DATA 	TR 318 | TR1 159 | TR2 159
496.6136 	DATA 	Keypress: 5
496.6137 	DATA 	TR 319 | TR1 160 | TR2 159
496.6303 	DATA 	
496.6303 	DATA 	Trial complete
496.6303 	DATA 	Waiting for VASO trigger to start next trial
496.6303 	DATA 	
498.1801 	DATA 	Keypress: 5
498.1802 	DATA 	TR 320 | TR1 160 | TR2 160
499.7467 	DATA 	Keypress: 5
499.7467 	DATA 	Waited 3.116447925567627 seconds for trigger
499.7475 	DATA 	
499.7475 	DATA 	Trial 18
499.7475 	DATA 	stimDur = 2.0
499.7475 	DATA 	jitter = 2.35575
499.7475 	DATA 	restDur = 14.0

499.7475 	DATA 	
499.7475 	DATA 	TR 321 | TR1 161 | TR2 160
501.2965 	DATA 	Keypress: 5
501.2966 	DATA 	TR 322 | TR1 161 | TR2 161
502.1131 	DATA 	
502.1131 	DATA 	stimulation started
502.1131 	DATA 	
502.8631 	DATA 	Keypress: 5
502.8632 	DATA 	TR 323 | TR1 162 | TR2 161
504.1129 	DATA 	
504.1130 	DATA 	stimulation stopped
504.1130 	DATA 	
504.4129 	DATA 	Keypress: 5
504.4129 	DATA 	TR 324 | TR1 162 | TR2 162
505.9961 	DATA 	Keypress: 5
505.9962 	DATA 	TR 325 | TR1 163 | TR2 162
507.5460 	DATA 	Keypress: 5
507.5460 	DATA 	TR 326 | TR1 163 | TR2 163
509.1125 	DATA 	Keypress: 5
509.1126 	DATA 	TR 327 | TR1 164 | TR2 163
510.4457 	DATA 	Target presented
510.6623 	DATA 	Keypress: 5
510.6624 	DATA 	TR 328 | TR1 164 | TR2 164
510.8790 	DATA 	Keypress: 1
510.8790 	DATA 	Key1 pressed
510.8790 	DATA 	Target detected
512.2456 	DATA 	Keypress: 5
512.2456 	DATA 	TR 329 | TR1 165 | TR2 164
513.7954 	DATA 	Keypress: 5
513.7954 	DATA 	TR 330 | TR1 165 | TR2 165
515.3619 	DATA 	Keypress: 5
515.3620 	DATA 	TR 331 | TR1 166 | TR2 165
516.9118 	DATA 	Keypress: 5
516.9118 	DATA 	TR 332 | TR1 166 | TR2 166
518.1116 	DATA 	
518.1116 	DATA 	Trial complete
518.1117 	DATA 	Waiting for VASO trigger to start next trial
518.1117 	DATA 	
518.4783 	DATA 	Keypress: 5
518.4784 	DATA 	Waited 0.3666980266571045 seconds for trigger
518.4791 	DATA 	
518.4791 	DATA 	Trial 19
518.4791 	DATA 	stimDur = 24.0
518.4792 	DATA 	jitter = 0.78525
518.4792 	DATA 	restDur = 24.0

518.4792 	DATA 	
518.4792 	DATA 	TR 333 | TR1 167 | TR2 166
519.2782 	DATA 	
519.2782 	DATA 	stimulation started
519.2782 	DATA 	
520.0284 	DATA 	Keypress: 5
520.0284 	DATA 	TR 334 | TR1 167 | TR2 167
521.6115 	DATA 	Keypress: 5
521.6115 	DATA 	TR 335 | TR1 168 | TR2 167
523.1612 	DATA 	Keypress: 5
523.1613 	DATA 	TR 336 | TR1 168 | TR2 168
524.7278 	DATA 	Keypress: 5
524.7278 	DATA 	TR 337 | TR1 169 | TR2 168
526.2776 	DATA 	Keypress: 5
526.2777 	DATA 	TR 338 | TR1 169 | TR2 169
527.8608 	DATA 	Keypress: 5
527.8609 	DATA 	TR 339 | TR1 170 | TR2 169
529.4108 	DATA 	Keypress: 5
529.4109 	DATA 	TR 340 | TR1 170 | TR2 170
530.9772 	DATA 	Keypress: 5
530.9773 	DATA 	TR 341 | TR1 171 | TR2 170
532.5270 	DATA 	Keypress: 5
532.5271 	DATA 	TR 342 | TR1 171 | TR2 171
534.0943 	DATA 	Keypress: 5
534.1102 	DATA 	TR 343 | TR1 172 | TR2 171
535.6601 	DATA 	Keypress: 5
535.6601 	DATA 	TR 344 | TR1 172 | TR2 172
537.2266 	DATA 	Keypress: 5
537.2267 	DATA 	TR 345 | TR1 173 | TR2 172
538.7765 	DATA 	Keypress: 5
538.7765 	DATA 	TR 346 | TR1 173 | TR2 173
540.3430 	DATA 	Keypress: 5
540.3431 	DATA 	TR 347 | TR1 174 | TR2 173
541.8929 	DATA 	Keypress: 5
541.8929 	DATA 	TR 348 | TR1 174 | TR2 174
543.2760 	DATA 	
543.2760 	DATA 	stimulation stopped
543.2760 	DATA 	
543.4760 	DATA 	Keypress: 5
543.4761 	DATA 	TR 349 | TR1 175 | TR2 174
545.0259 	DATA 	Keypress: 5
545.0259 	DATA 	TR 350 | TR1 175 | TR2 175
546.5924 	DATA 	Keypress: 5
546.5924 	DATA 	TR 351 | TR1 176 | TR2 175
548.1422 	DATA 	Keypress: 5
548.1423 	DATA 	TR 352 | TR1 176 | TR2 176
549.7255 	DATA 	Keypress: 5
549.7255 	DATA 	TR 353 | TR1 177 | TR2 176
551.2753 	DATA 	Keypress: 5
551.2753 	DATA 	TR 354 | TR1 177 | TR2 177
552.4085 	DATA 	Target presented
552.8418 	DATA 	Keypress: 5
552.8419 	DATA 	TR 355 | TR1 178 | TR2 177
552.8751 	DATA 	Keypress: 1
552.8752 	DATA 	Key1 pressed
552.8752 	DATA 	Target detected
554.3917 	DATA 	Keypress: 5
554.3917 	DATA 	TR 356 | TR1 178 | TR2 178
555.9582 	DATA 	Keypress: 5
555.9582 	DATA 	TR 357 | TR1 179 | TR2 178
557.5086 	DATA 	Keypress: 5
557.5247 	DATA 	TR 358 | TR1 179 | TR2 179
559.0913 	DATA 	Keypress: 5
559.0913 	DATA 	TR 359 | TR1 180 | TR2 179
560.6411 	DATA 	Keypress: 5
560.6411 	DATA 	TR 360 | TR1 180 | TR2 180
562.2077 	DATA 	Keypress: 5
562.2077 	DATA 	TR 361 | TR1 181 | TR2 180
563.7575 	DATA 	Keypress: 5
563.7575 	DATA 	TR 362 | TR1 181 | TR2 181
565.3407 	DATA 	Keypress: 5
565.3407 	DATA 	TR 363 | TR1 182 | TR2 181
566.8905 	DATA 	Keypress: 5
566.8906 	DATA 	TR 364 | TR1 182 | TR2 182
567.2738 	DATA 	
567.2738 	DATA 	Trial complete
567.2738 	DATA 	
568.4571 	DATA 	Keypress: 5
568.4571 	DATA 	Waited 50.34547209739685 seconds for trigger
568.4579 	DATA 	
568.4579 	DATA 	Trial 20
568.4579 	DATA 	stimDur = 12.0
568.4579 	DATA 	jitter = 0.78525
568.4579 	DATA 	restDur = 20.0

568.4580 	DATA 	
568.4580 	DATA 	TR 365 | TR1 183 | TR2 182
569.2569 	DATA 	
569.2569 	DATA 	stimulation started
569.2569 	DATA 	
570.0071 	DATA 	Keypress: 5
570.0071 	DATA 	TR 366 | TR1 183 | TR2 183
571.5735 	DATA 	Keypress: 5
571.5736 	DATA 	TR 367 | TR1 184 | TR2 183
573.1400 	DATA 	Keypress: 5
573.1400 	DATA 	TR 368 | TR1 184 | TR2 184
574.7066 	DATA 	Keypress: 5
574.7066 	DATA 	TR 369 | TR1 185 | TR2 184
576.2564 	DATA 	Keypress: 5
576.2564 	DATA 	TR 370 | TR1 185 | TR2 185
577.8229 	DATA 	Keypress: 5
577.8230 	DATA 	TR 371 | TR1 186 | TR2 185
579.3728 	DATA 	Keypress: 5
579.3728 	DATA 	TR 372 | TR1 186 | TR2 186
580.9560 	DATA 	Keypress: 5
580.9560 	DATA 	TR 373 | TR1 187 | TR2 186
581.2559 	DATA 	
581.2559 	DATA 	stimulation stopped
581.2559 	DATA 	
582.5058 	DATA 	Keypress: 5
582.5058 	DATA 	TR 374 | TR1 187 | TR2 187
584.0723 	DATA 	Keypress: 5
584.0724 	DATA 	TR 375 | TR1 188 | TR2 187
585.6221 	DATA 	Keypress: 5
585.6222 	DATA 	TR 376 | TR1 188 | TR2 188
587.2054 	DATA 	Keypress: 5
587.2054 	DATA 	TR 377 | TR1 189 | TR2 188
588.7552 	DATA 	Keypress: 5
588.7552 	DATA 	TR 378 | TR1 189 | TR2 189
590.3217 	DATA 	Keypress: 5
590.3218 	DATA 	TR 379 | TR1 190 | TR2 189
591.8716 	DATA 	Keypress: 5
591.8716 	DATA 	TR 380 | TR1 190 | TR2 190
593.4381 	DATA 	Keypress: 5
593.4382 	DATA 	TR 381 | TR1 191 | TR2 190
595.0046 	DATA 	Keypress: 5
595.0047 	DATA 	TR 382 | TR1 191 | TR2 191
596.5712 	DATA 	Keypress: 5
596.5712 	DATA 	TR 383 | TR1 192 | TR2 191
598.1210 	DATA 	Keypress: 5
598.1211 	DATA 	TR 384 | TR1 192 | TR2 192
599.6875 	DATA 	Keypress: 5
599.6876 	DATA 	TR 385 | TR1 193 | TR2 192
601.2374 	DATA 	Keypress: 5
601.2375 	DATA 	TR 386 | TR1 193 | TR2 193
601.2540 	DATA 	
601.2540 	DATA 	Trial complete
601.2540 	DATA 	
602.8206 	DATA 	Keypress: 5
602.8206 	DATA 	TR 387 | TR1 194 | TR2 193
604.3704 	DATA 	Keypress: 5
604.3705 	DATA 	TR 388 | TR1 194 | TR2 194
605.9370 	DATA 	Keypress: 5
605.9370 	DATA 	TR 389 | TR1 195 | TR2 194
607.4868 	DATA 	Keypress: 5
607.4869 	DATA 	TR 390 | TR1 195 | TR2 195
609.0540 	DATA 	Keypress: 5
609.0700 	DATA 	TR 391 | TR1 196 | TR2 195
610.6199 	DATA 	Keypress: 5
610.6199 	DATA 	TR 392 | TR1 196 | TR2 196
612.1864 	DATA 	Keypress: 5
612.1865 	DATA 	TR 393 | TR1 197 | TR2 196
613.7362 	DATA 	Keypress: 5
613.7363 	DATA 	TR 394 | TR1 197 | TR2 197
615.3028 	DATA 	Keypress: 5
615.3028 	DATA 	TR 395 | TR1 198 | TR2 197
616.8526 	DATA 	Keypress: 5
616.8527 	DATA 	TR 396 | TR1 198 | TR2 198
618.4358 	DATA 	Keypress: 5
618.4359 	DATA 	TR 397 | TR1 199 | TR2 198
619.9857 	DATA 	Keypress: 5
619.9857 	DATA 	TR 398 | TR1 199 | TR2 199
621.5522 	DATA 	Keypress: 5
621.5523 	DATA 	TR 399 | TR1 200 | TR2 199
623.1020 	DATA 	Keypress: 5
623.1021 	DATA 	TR 400 | TR1 200 | TR2 200
624.6853 	DATA 	Keypress: 5
624.6853 	DATA 	TR 401 | TR1 201 | TR2 200
626.2351 	DATA 	Keypress: 5
626.2351 	DATA 	TR 402 | TR1 201 | TR2 201
627.8017 	DATA 	Keypress: 5
627.8017 	DATA 	TR 403 | TR1 202 | TR2 201
629.3515 	DATA 	Keypress: 5
629.3515 	DATA 	TR 404 | TR1 202 | TR2 202
630.9180 	DATA 	Keypress: 5
630.9181 	DATA 	TR 405 | TR1 203 | TR2 202
632.4845 	DATA 	Keypress: 5
632.4846 	DATA 	TR 406 | TR1 203 | TR2 203
634.0509 	DATA 	Keypress: 5
634.0509 	DATA 	TR 407 | TR1 204 | TR2 203
635.6009 	DATA 	Keypress: 5
635.6010 	DATA 	TR 408 | TR1 204 | TR2 204
637.1675 	DATA 	Keypress: 5
637.1675 	DATA 	TR 409 | TR1 205 | TR2 204
638.7173 	DATA 	Keypress: 5
638.7173 	DATA 	TR 410 | TR1 205 | TR2 205
640.3005 	DATA 	Keypress: 5
640.3006 	DATA 	TR 411 | TR1 206 | TR2 205
641.8503 	DATA 	Keypress: 5
641.8504 	DATA 	TR 412 | TR1 206 | TR2 206
643.4169 	DATA 	Keypress: 5
643.4169 	DATA 	TR 413 | TR1 207 | TR2 206
644.9667 	DATA 	Keypress: 5
644.9668 	DATA 	TR 414 | TR1 207 | TR2 207
646.5499 	DATA 	Keypress: 5
646.5500 	DATA 	TR 415 | TR1 208 | TR2 207
648.0998 	DATA 	Keypress: 5
648.0999 	DATA 	TR 416 | TR1 208 | TR2 208
649.6663 	DATA 	Keypress: 5
649.6664 	DATA 	TR 417 | TR1 209 | TR2 208
651.2162 	DATA 	Keypress: 5
651.2162 	DATA 	TR 418 | TR1 209 | TR2 209
652.7828 	DATA 	Keypress: 5
652.7829 	DATA 	TR 419 | TR1 210 | TR2 209
654.3325 	DATA 	Keypress: 5
654.3326 	DATA 	TR 420 | TR1 210 | TR2 210
655.9158 	DATA 	Keypress: 5
655.9158 	DATA 	TR 421 | TR1 211 | TR2 210
657.4656 	DATA 	Keypress: 5
657.4656 	DATA 	TR 422 | TR1 211 | TR2 211
659.0321 	DATA 	Keypress: 5
659.0322 	DATA 	TR 423 | TR1 212 | TR2 211
660.5820 	DATA 	Keypress: 5
660.5820 	DATA 	TR 424 | TR1 212 | TR2 212
662.1652 	DATA 	Keypress: 5
662.1653 	DATA 	TR 425 | TR1 213 | TR2 212
663.7151 	DATA 	Keypress: 5
663.7151 	DATA 	TR 426 | TR1 213 | TR2 213
665.2816 	DATA 	Keypress: 5
665.2816 	DATA 	TR 427 | TR1 214 | TR2 213
666.8315 	DATA 	Keypress: 5
666.8316 	DATA 	TR 428 | TR1 214 | TR2 214
668.3986 	DATA 	Keypress: 5
668.4146 	DATA 	TR 429 | TR1 215 | TR2 214
669.9645 	DATA 	Keypress: 5
669.9645 	DATA 	TR 430 | TR1 215 | TR2 215
671.5311 	DATA 	Keypress: 5
671.5312 	DATA 	TR 431 | TR1 216 | TR2 215
673.0808 	DATA 	Keypress: 5
673.0809 	DATA 	TR 432 | TR1 216 | TR2 216
674.6474 	DATA 	Keypress: 5
674.6474 	DATA 	TR 433 | TR1 217 | TR2 216
676.1972 	DATA 	Keypress: 5
676.1973 	DATA 	TR 434 | TR1 217 | TR2 217
680.1968 	DATA 	EndOfRun sub-05_ses-03_run-04

680.1968 	DATA 	We spent 80.63338804244995 seconds waiting for triggers
680.1968 	DATA 	RatioOfDetectedTargets 1.0
680.1969 	DATA 	You have detected 9 out of 9 targets.
685.2266 	EXP 	window1: mouseVisible = True
