MonitorDistance=99cm
MonitorWidth=30cm
PixelWidth=1024.0
PixelHeight=768.0
You have detected 9 out of 9 targets.
Excellent! Keep up the good work
7.9179 	INFO 	Loaded monitor calibration from ['2021_05_26 17:55']
8.3791 	EXP 	Created window1 = Window(allowGUI=False, allowStencil=False, autoLog=True, backendConf=UNKNOWN, bitsMode=UNKNOWN, blendMode='avg', bpc=(8, 8, 8), color=array([-0.5, -0.5, -0.5]), colorSpace='rgb', depthBits=8, fullscr=<method-wrapper '__getattribute__' of attributeSetter object at 0x7f237fb26390>, gamma=None, gammaErrorPolicy='raise', lms=UNKNOWN, monitor=<psychopy.monitors.calibTools.Monitor object at 0x7f2375946048>, multiSample=False, name='window1', numSamples=2, pos=[0.0, 0.0], screen=0, size=array([1024,  768]), stencilBits=0, stereo=False, units='deg', useFBO=False, useRetina=False, viewOri=0.0, viewPos=None, viewScale=None, waitBlanking=True, winType='pyglet')
8.3792 	EXP 	window1: mouseVisible = True
8.4538 	EXP 	Created unnamed TextStim = TextStim(__class__=<class 'psychopy.visual.text.TextStim'>, alignHoriz=method-wrapper(...), alignText='center', alignVert=method-wrapper(...), anchorHoriz='center', anchorVert='center', antialias=True, autoLog=True, bold=False, color=array([1., 1., 1.]), colorSpace='rgb', contrast=1.0, depth=0, flipHoriz=False, flipVert=False, font='', fontFiles=[], height=0.5, italic=False, languageStyle='LTR', name='unnamed TextStim', opacity=1.0, ori=0.0, pos=array([0., 0.]), rgb=UNKNOWN, text=str(...), units='deg', win=Window(...), wrapWidth=15.0)
8.4840 	EXP 	Created Movie Frame 0 = ImageStim(__class__=<class 'psychopy.visual.image.ImageStim'>, autoLog=True, color=array([0.8, 0.8, 0.8]), colorSpace='rgb', contrast=0.8, depth=0, flipHoriz=False, flipVert=False, image='visual_0.png', interpolate=False, mask=None, maskParams=None, name='Movie Frame 0', opacity=1, ori=0.0, pos=array([0., 0.]), size=array([1024,  768]), texRes=128, units='pix', win=Window(...))
8.5077 	EXP 	Created Movie Frame 1 = ImageStim(__class__=<class 'psychopy.visual.image.ImageStim'>, autoLog=True, color=array([0.8, 0.8, 0.8]), colorSpace='rgb', contrast=0.8, depth=0, flipHoriz=False, flipVert=False, image='visual_1.png', interpolate=False, mask=None, maskParams=None, name='Movie Frame 1', opacity=1, ori=0.0, pos=array([0., 0.]), size=array([1024,  768]), texRes=128, units='pix', win=Window(...))
54.9595 	DATA 	Keypress: 5
0.0000 	DATA 	StartOfRun sub-05_ses-03_run-02
0.0000 	DATA 	TR 1 | TR1 1 | TR2 0
0.0183 	DATA 	Initial baseline

1.5498 	DATA 	Keypress: 5
1.5498 	DATA 	TR 2 | TR1 1 | TR2 1
3.1222 	DATA 	Keypress: 5
3.1222 	DATA 	TR 3 | TR1 2 | TR2 1
4.6733 	DATA 	Keypress: 5
4.6733 	DATA 	TR 4 | TR1 2 | TR2 2
6.2445 	DATA 	Keypress: 5
6.2445 	DATA 	TR 5 | TR1 3 | TR2 2
7.7967 	DATA 	Keypress: 5
7.7967 	DATA 	TR 6 | TR1 3 | TR2 3
9.3678 	DATA 	Keypress: 5
9.3679 	DATA 	TR 7 | TR1 4 | TR2 3
10.9201 	DATA 	Keypress: 5
10.9201 	DATA 	TR 8 | TR1 4 | TR2 4
12.4911 	DATA 	Keypress: 5
12.4911 	DATA 	TR 9 | TR1 5 | TR2 4
14.0433 	DATA 	Keypress: 5
14.0433 	DATA 	TR 10 | TR1 5 | TR2 5
15.6145 	DATA 	Keypress: 5
15.6145 	DATA 	TR 11 | TR1 6 | TR2 5
17.1667 	DATA 	Keypress: 5
17.1667 	DATA 	TR 12 | TR1 6 | TR2 6
18.7379 	DATA 	Keypress: 5
18.7380 	DATA 	TR 13 | TR1 7 | TR2 6
20.2901 	DATA 	Keypress: 5
20.2901 	DATA 	TR 14 | TR1 7 | TR2 7
21.8613 	DATA 	Keypress: 5
21.8613 	DATA 	TR 15 | TR1 8 | TR2 7
23.4135 	DATA 	Keypress: 5
23.4135 	DATA 	TR 16 | TR1 8 | TR2 8
24.9847 	DATA 	Keypress: 5
24.9847 	DATA 	TR 17 | TR1 9 | TR2 8
26.5369 	DATA 	Keypress: 5
26.5369 	DATA 	TR 18 | TR1 9 | TR2 9
28.1082 	DATA 	Keypress: 5
28.1082 	DATA 	TR 19 | TR1 10 | TR2 9
29.6603 	DATA 	Keypress: 5
29.6603 	DATA 	TR 20 | TR1 10 | TR2 10
31.2327 	DATA 	Keypress: 5
31.2328 	DATA 	Waited 1.2328028678894043 seconds for trigger
31.2343 	DATA 	
31.2343 	DATA 	Trial 1
31.2343 	DATA 	stimDur = 1.0
31.2343 	DATA 	jitter = 0.78525
31.2343 	DATA 	restDur = 12.0

31.2343 	DATA 	
31.2343 	DATA 	TR 21 | TR1 11 | TR2 10
32.0326 	DATA 	
32.0326 	DATA 	stimulation started
32.0326 	DATA 	
32.7993 	DATA 	Keypress: 5
32.7994 	DATA 	TR 22 | TR1 11 | TR2 11
33.0326 	DATA 	
33.0326 	DATA 	stimulation stopped
33.0326 	DATA 	
34.3659 	DATA 	Keypress: 5
34.3659 	DATA 	TR 23 | TR1 12 | TR2 11
35.9157 	DATA 	Keypress: 5
35.9158 	DATA 	TR 24 | TR1 12 | TR2 12
37.4822 	DATA 	Keypress: 5
37.4822 	DATA 	TR 25 | TR1 13 | TR2 12
39.0321 	DATA 	Keypress: 5
39.0322 	DATA 	TR 26 | TR1 13 | TR2 13
40.6153 	DATA 	Keypress: 5
40.6153 	DATA 	TR 27 | TR1 14 | TR2 13
42.1652 	DATA 	Keypress: 5
42.1652 	DATA 	TR 28 | TR1 14 | TR2 14
43.7317 	DATA 	Keypress: 5
43.7317 	DATA 	TR 29 | TR1 15 | TR2 14
45.0315 	DATA 	
45.0315 	DATA 	Trial complete
45.0315 	DATA 	Waiting for VASO trigger to start next trial
45.0315 	DATA 	
45.2817 	DATA 	Keypress: 5
45.2817 	DATA 	TR 30 | TR1 15 | TR2 15
46.8486 	DATA 	Keypress: 5
46.8647 	DATA 	Waited 1.8331470489501953 seconds for trigger
46.8655 	DATA 	
46.8655 	DATA 	Trial 2
46.8655 	DATA 	stimDur = 12.0
46.8655 	DATA 	jitter = 0.0
46.8655 	DATA 	restDur = 20.0

46.8655 	DATA 	
46.8655 	DATA 	TR 31 | TR1 16 | TR2 15
46.8655 	DATA 	
46.8655 	DATA 	stimulation started
46.8655 	DATA 	
48.4146 	DATA 	Keypress: 5
48.4147 	DATA 	TR 32 | TR1 16 | TR2 16
49.9813 	DATA 	Keypress: 5
49.9813 	DATA 	TR 33 | TR1 17 | TR2 16
51.5310 	DATA 	Keypress: 5
51.5311 	DATA 	TR 34 | TR1 17 | TR2 17
53.0975 	DATA 	Keypress: 5
53.0976 	DATA 	TR 35 | TR1 18 | TR2 17
54.6474 	DATA 	Keypress: 5
54.6475 	DATA 	TR 36 | TR1 18 | TR2 18
56.2307 	DATA 	Keypress: 5
56.2307 	DATA 	TR 37 | TR1 19 | TR2 18
57.7804 	DATA 	Keypress: 5
57.7805 	DATA 	TR 38 | TR1 19 | TR2 19
58.8803 	DATA 	
58.8803 	DATA 	stimulation stopped
58.8804 	DATA 	
59.3470 	DATA 	Keypress: 5
59.3470 	DATA 	TR 39 | TR1 20 | TR2 19
60.8968 	DATA 	Keypress: 5
60.8968 	DATA 	TR 40 | TR1 20 | TR2 20
62.4800 	DATA 	Keypress: 5
62.4801 	DATA 	TR 41 | TR1 21 | TR2 20
64.0299 	DATA 	Keypress: 5
64.0299 	DATA 	TR 42 | TR1 21 | TR2 21
65.5964 	DATA 	Keypress: 5
65.5965 	DATA 	TR 43 | TR1 22 | TR2 21
67.1459 	DATA 	Keypress: 5
67.1459 	DATA 	TR 44 | TR1 22 | TR2 22
68.7127 	DATA 	Keypress: 5
68.7128 	DATA 	TR 45 | TR1 23 | TR2 22
70.2793 	DATA 	Keypress: 5
70.2793 	DATA 	TR 46 | TR1 23 | TR2 23
71.8458 	DATA 	Keypress: 5
71.8459 	DATA 	TR 47 | TR1 24 | TR2 23
73.3957 	DATA 	Keypress: 5
73.3958 	DATA 	TR 48 | TR1 24 | TR2 24
74.9622 	DATA 	Keypress: 5
74.9623 	DATA 	TR 49 | TR1 25 | TR2 24
76.5121 	DATA 	Keypress: 5
76.5121 	DATA 	TR 50 | TR1 25 | TR2 25
78.0953 	DATA 	Keypress: 5
78.0953 	DATA 	TR 51 | TR1 26 | TR2 25
78.8785 	DATA 	
78.8785 	DATA 	Trial complete
78.8785 	DATA 	Waiting for VASO trigger to start next trial
78.8785 	DATA 	
79.6451 	DATA 	Keypress: 5
79.6452 	DATA 	TR 52 | TR1 26 | TR2 26
81.0785 	DATA 	Target presented
81.2117 	DATA 	Keypress: 5
81.2118 	DATA 	Waited 2.3332200050354004 seconds for trigger
81.2125 	DATA 	
81.2125 	DATA 	Trial 3
81.2125 	DATA 	stimDur = 2.0
81.2126 	DATA 	jitter = 1.5705
81.2126 	DATA 	restDur = 14.0

81.2126 	DATA 	
81.2126 	DATA 	TR 53 | TR1 27 | TR2 26
81.5289 	DATA 	Keypress: 1
81.5450 	DATA 	Key1 pressed
81.5450 	DATA 	Target detected
82.7615 	DATA 	Keypress: 5
82.7616 	DATA 	TR 54 | TR1 27 | TR2 27
82.7948 	DATA 	
82.7948 	DATA 	stimulation started
82.7948 	DATA 	
84.3448 	DATA 	Keypress: 5
84.3449 	DATA 	TR 55 | TR1 28 | TR2 27
84.7947 	DATA 	
84.7947 	DATA 	stimulation stopped
84.7947 	DATA 	
85.8946 	DATA 	Keypress: 5
85.8946 	DATA 	TR 56 | TR1 28 | TR2 28
87.4611 	DATA 	Keypress: 5
87.4612 	DATA 	TR 57 | TR1 29 | TR2 28
89.0110 	DATA 	Keypress: 5
89.0110 	DATA 	TR 58 | TR1 29 | TR2 29
90.5776 	DATA 	Keypress: 5
90.5776 	DATA 	TR 59 | TR1 30 | TR2 29
92.1274 	DATA 	Keypress: 5
92.1274 	DATA 	TR 60 | TR1 30 | TR2 30
93.7106 	DATA 	Keypress: 5
93.7106 	DATA 	TR 61 | TR1 31 | TR2 30
95.2604 	DATA 	Keypress: 5
95.2605 	DATA 	TR 62 | TR1 31 | TR2 31
96.8270 	DATA 	Keypress: 5
96.8270 	DATA 	TR 63 | TR1 32 | TR2 31
98.3768 	DATA 	Keypress: 5
98.3769 	DATA 	TR 64 | TR1 32 | TR2 32
98.7934 	DATA 	
98.7934 	DATA 	Trial complete
98.7934 	DATA 	Waiting for VASO trigger to start next trial
98.7934 	DATA 	
99.9600 	DATA 	Keypress: 5
99.9601 	DATA 	Waited 1.1666419506072998 seconds for trigger
99.9608 	DATA 	
99.9609 	DATA 	Trial 4
99.9609 	DATA 	stimDur = 1.0
99.9609 	DATA 	jitter = 2.35575
99.9609 	DATA 	restDur = 12.0

99.9609 	DATA 	
99.9609 	DATA 	TR 65 | TR1 33 | TR2 32
101.5099 	DATA 	Keypress: 5
101.5099 	DATA 	TR 66 | TR1 33 | TR2 33
102.3264 	DATA 	
102.3264 	DATA 	stimulation started
102.3264 	DATA 	
103.0765 	DATA 	Keypress: 5
103.0765 	DATA 	TR 67 | TR1 34 | TR2 33
103.3264 	DATA 	
103.3264 	DATA 	stimulation stopped
103.3264 	DATA 	
104.6262 	DATA 	Keypress: 5
104.6263 	DATA 	TR 68 | TR1 34 | TR2 34
106.1934 	DATA 	Keypress: 5
106.2094 	DATA 	TR 69 | TR1 35 | TR2 34
107.7593 	DATA 	Keypress: 5
107.7594 	DATA 	TR 70 | TR1 35 | TR2 35
109.3259 	DATA 	Keypress: 5
109.3259 	DATA 	TR 71 | TR1 36 | TR2 35
110.8757 	DATA 	Keypress: 5
110.8758 	DATA 	TR 72 | TR1 36 | TR2 36
112.4423 	DATA 	Keypress: 5
112.4423 	DATA 	TR 73 | TR1 37 | TR2 36
113.9922 	DATA 	Keypress: 5
113.9922 	DATA 	TR 74 | TR1 37 | TR2 37
115.3253 	DATA 	
115.3253 	DATA 	Trial complete
115.3253 	DATA 	Waiting for VASO trigger to start next trial
115.3253 	DATA 	
115.5753 	DATA 	Keypress: 5
115.5754 	DATA 	Waited 0.25006699562072754 seconds for trigger
115.5761 	DATA 	
115.5761 	DATA 	Trial 5
115.5761 	DATA 	stimDur = 24.0
115.5761 	DATA 	jitter = 0.0
115.5761 	DATA 	restDur = 24.0

115.5761 	DATA 	
115.5762 	DATA 	TR 75 | TR1 38 | TR2 37
115.5762 	DATA 	
115.5762 	DATA 	stimulation started
115.5762 	DATA 	
117.1252 	DATA 	Keypress: 5
117.1252 	DATA 	TR 76 | TR1 38 | TR2 38
118.6918 	DATA 	Keypress: 5
118.6918 	DATA 	TR 77 | TR1 39 | TR2 38
120.2416 	DATA 	Keypress: 5
120.2417 	DATA 	TR 78 | TR1 39 | TR2 39
121.8248 	DATA 	Keypress: 5
121.8249 	DATA 	TR 79 | TR1 40 | TR2 39
123.3747 	DATA 	Keypress: 5
123.3747 	DATA 	TR 80 | TR1 40 | TR2 40
124.9413 	DATA 	Keypress: 5
124.9414 	DATA 	TR 81 | TR1 41 | TR2 40
126.4911 	DATA 	Keypress: 5
126.4911 	DATA 	TR 82 | TR1 41 | TR2 41
128.0576 	DATA 	Keypress: 5
128.0576 	DATA 	TR 83 | TR1 42 | TR2 41
129.6082 	DATA 	Keypress: 5
129.6242 	DATA 	TR 84 | TR1 42 | TR2 42
129.7908 	DATA 	Target presented
130.5240 	DATA 	Keypress: 1
130.5241 	DATA 	Key1 pressed
130.5241 	DATA 	Target detected
131.1907 	DATA 	Keypress: 5
131.1907 	DATA 	TR 85 | TR1 43 | TR2 42
132.7405 	DATA 	Keypress: 5
132.7405 	DATA 	TR 86 | TR1 43 | TR2 43
134.3070 	DATA 	Keypress: 5
134.3071 	DATA 	TR 87 | TR1 44 | TR2 43
135.8569 	DATA 	Keypress: 5
135.8569 	DATA 	TR 88 | TR1 44 | TR2 44
137.4402 	DATA 	Keypress: 5
137.4403 	DATA 	TR 89 | TR1 45 | TR2 44
138.9899 	DATA 	Keypress: 5
138.9900 	DATA 	TR 90 | TR1 45 | TR2 45
139.5899 	DATA 	
139.5899 	DATA 	stimulation stopped
139.5899 	DATA 	
140.5565 	DATA 	Keypress: 5
140.5565 	DATA 	TR 91 | TR1 46 | TR2 45
142.1063 	DATA 	Keypress: 5
142.1063 	DATA 	TR 92 | TR1 46 | TR2 46
143.6729 	DATA 	Keypress: 5
143.6729 	DATA 	TR 93 | TR1 47 | TR2 46
145.2393 	DATA 	Keypress: 5
145.2394 	DATA 	TR 94 | TR1 47 | TR2 47
146.8059 	DATA 	Keypress: 5
146.8059 	DATA 	TR 95 | TR1 48 | TR2 47
148.3557 	DATA 	Keypress: 5
148.3558 	DATA 	TR 96 | TR1 48 | TR2 48
149.9223 	DATA 	Keypress: 5
149.9224 	DATA 	TR 97 | TR1 49 | TR2 48
151.4722 	DATA 	Keypress: 5
151.4723 	DATA 	TR 98 | TR1 49 | TR2 49
153.0553 	DATA 	Keypress: 5
153.0554 	DATA 	TR 99 | TR1 50 | TR2 49
154.6052 	DATA 	Keypress: 5
154.6052 	DATA 	TR 100 | TR1 50 | TR2 50
156.1718 	DATA 	Keypress: 5
156.1718 	DATA 	TR 101 | TR1 51 | TR2 50
157.7216 	DATA 	Keypress: 5
157.7216 	DATA 	TR 102 | TR1 51 | TR2 51
159.3048 	DATA 	Keypress: 5
159.3049 	DATA 	TR 103 | TR1 52 | TR2 51
160.8546 	DATA 	Keypress: 5
160.8547 	DATA 	TR 104 | TR1 52 | TR2 52
162.4212 	DATA 	Keypress: 5
162.4212 	DATA 	TR 105 | TR1 53 | TR2 52
163.5877 	DATA 	
163.5877 	DATA 	Trial complete
163.5877 	DATA 	Waiting for VASO trigger to start next trial
163.5877 	DATA 	
163.9710 	DATA 	Keypress: 5
163.9711 	DATA 	TR 106 | TR1 53 | TR2 53
165.5376 	DATA 	Keypress: 5
165.5376 	DATA 	Waited 1.9498958587646484 seconds for trigger
165.5384 	DATA 	
165.5384 	DATA 	Trial 6
165.5384 	DATA 	stimDur = 24.0
165.5384 	DATA 	jitter = 1.5705
165.5384 	DATA 	restDur = 24.0

165.5384 	DATA 	
165.5384 	DATA 	TR 107 | TR1 54 | TR2 53
167.0880 	DATA 	Keypress: 5
167.1042 	DATA 	TR 108 | TR1 54 | TR2 54
167.1207 	DATA 	
167.1207 	DATA 	stimulation started
167.1207 	DATA 	
168.6708 	DATA 	Keypress: 5
168.6708 	DATA 	TR 109 | TR1 55 | TR2 54
170.2205 	DATA 	Keypress: 5
170.2206 	DATA 	TR 110 | TR1 55 | TR2 55
171.7871 	DATA 	Keypress: 5
171.7871 	DATA 	TR 111 | TR1 56 | TR2 55
173.3369 	DATA 	Keypress: 5
173.3370 	DATA 	TR 112 | TR1 56 | TR2 56
174.9202 	DATA 	Keypress: 5
174.9202 	DATA 	TR 113 | TR1 57 | TR2 56
176.4700 	DATA 	Keypress: 5
176.4700 	DATA 	TR 114 | TR1 57 | TR2 57
178.0365 	DATA 	Keypress: 5
178.0366 	DATA 	TR 115 | TR1 58 | TR2 57
179.5864 	DATA 	Keypress: 5
179.5864 	DATA 	TR 116 | TR1 58 | TR2 58
181.1536 	DATA 	Keypress: 5
181.1695 	DATA 	TR 117 | TR1 59 | TR2 58
182.7194 	DATA 	Keypress: 5
182.7195 	DATA 	TR 118 | TR1 59 | TR2 59
184.2860 	DATA 	Keypress: 5
184.2860 	DATA 	TR 119 | TR1 60 | TR2 59
185.8358 	DATA 	Keypress: 5
185.8359 	DATA 	TR 120 | TR1 60 | TR2 60
187.4023 	DATA 	Keypress: 5
187.4024 	DATA 	TR 121 | TR1 61 | TR2 60
188.9522 	DATA 	Keypress: 5
188.9522 	DATA 	TR 122 | TR1 61 | TR2 61
190.5354 	DATA 	Keypress: 5
190.5355 	DATA 	TR 123 | TR1 62 | TR2 61
191.1186 	DATA 	
191.1186 	DATA 	stimulation stopped
191.1187 	DATA 	
192.0852 	DATA 	Keypress: 5
192.0852 	DATA 	TR 124 | TR1 62 | TR2 62
192.4685 	DATA 	Target presented
192.9185 	DATA 	Keypress: 1
192.9185 	DATA 	Key1 pressed
192.9185 	DATA 	Target detected
193.6517 	DATA 	Keypress: 5
193.6518 	DATA 	TR 125 | TR1 63 | TR2 62
195.2016 	DATA 	Keypress: 5
195.2016 	DATA 	TR 126 | TR1 63 | TR2 63
196.7848 	DATA 	Keypress: 5
196.7849 	DATA 	TR 127 | TR1 64 | TR2 63
198.3346 	DATA 	Keypress: 5
198.3347 	DATA 	TR 128 | TR1 64 | TR2 64
199.9012 	DATA 	Keypress: 5
199.9013 	DATA 	TR 129 | TR1 65 | TR2 64
201.4510 	DATA 	Keypress: 5
201.4511 	DATA 	TR 130 | TR1 65 | TR2 65
203.0177 	DATA 	Keypress: 5
203.0178 	DATA 	TR 131 | TR1 66 | TR2 65
204.5841 	DATA 	Keypress: 5
204.5841 	DATA 	TR 132 | TR1 66 | TR2 66
206.1507 	DATA 	Keypress: 5
206.1507 	DATA 	TR 133 | TR1 67 | TR2 66
207.7005 	DATA 	Keypress: 5
207.7005 	DATA 	TR 134 | TR1 67 | TR2 67
209.2670 	DATA 	Keypress: 5
209.2671 	DATA 	TR 135 | TR1 68 | TR2 67
210.8169 	DATA 	Keypress: 5
210.8169 	DATA 	TR 136 | TR1 68 | TR2 68
212.4001 	DATA 	Keypress: 5
212.4002 	DATA 	TR 137 | TR1 69 | TR2 68
213.9499 	DATA 	Keypress: 5
213.9500 	DATA 	TR 138 | TR1 69 | TR2 69
215.1165 	DATA 	
215.1165 	DATA 	Trial complete
215.1165 	DATA 	Waiting for VASO trigger to start next trial
215.1165 	DATA 	
215.5165 	DATA 	Keypress: 5
215.5165 	DATA 	Waited 0.40004396438598633 seconds for trigger
215.5173 	DATA 	
215.5173 	DATA 	Trial 7
215.5173 	DATA 	stimDur = 4.0
215.5173 	DATA 	jitter = 2.35575
215.5173 	DATA 	restDur = 16.0

215.5173 	DATA 	
215.5173 	DATA 	TR 139 | TR1 70 | TR2 69
217.0663 	DATA 	Keypress: 5
217.0664 	DATA 	TR 140 | TR1 70 | TR2 70
217.8829 	DATA 	
217.8829 	DATA 	stimulation started
217.8829 	DATA 	
218.6496 	DATA 	Keypress: 5
218.6496 	DATA 	TR 141 | TR1 71 | TR2 70
220.1994 	DATA 	Keypress: 5
220.1995 	DATA 	TR 142 | TR1 71 | TR2 71
221.7660 	DATA 	Keypress: 5
221.7660 	DATA 	TR 143 | TR1 72 | TR2 71
221.8826 	DATA 	
221.8826 	DATA 	stimulation stopped
221.8826 	DATA 	
223.3158 	DATA 	Keypress: 5
223.3158 	DATA 	TR 144 | TR1 72 | TR2 72
224.8825 	DATA 	Keypress: 5
224.8825 	DATA 	TR 145 | TR1 73 | TR2 72
226.4322 	DATA 	Keypress: 5
226.4322 	DATA 	TR 146 | TR1 73 | TR2 73
228.0154 	DATA 	Keypress: 5
228.0154 	DATA 	TR 147 | TR1 74 | TR2 73
229.5654 	DATA 	Keypress: 5
229.5654 	DATA 	TR 148 | TR1 74 | TR2 74
231.1318 	DATA 	Keypress: 5
231.1319 	DATA 	TR 149 | TR1 75 | TR2 74
232.6816 	DATA 	Keypress: 5
232.6817 	DATA 	TR 150 | TR1 75 | TR2 75
234.2648 	DATA 	Keypress: 5
234.2649 	DATA 	TR 151 | TR1 76 | TR2 75
235.8147 	DATA 	Keypress: 5
235.8147 	DATA 	TR 152 | TR1 76 | TR2 76
237.3812 	DATA 	Keypress: 5
237.3813 	DATA 	TR 153 | TR1 77 | TR2 76
237.8811 	DATA 	
237.8811 	DATA 	Trial complete
237.8811 	DATA 	Waiting for VASO trigger to start next trial
237.8812 	DATA 	
238.9312 	DATA 	Keypress: 5
238.9312 	DATA 	TR 154 | TR1 77 | TR2 77
240.4982 	DATA 	Keypress: 5
240.5142 	DATA 	Waited 2.6330878734588623 seconds for trigger
240.5150 	DATA 	
240.5150 	DATA 	Trial 8
240.5150 	DATA 	stimDur = 24.0
240.5150 	DATA 	jitter = 2.35575
240.5150 	DATA 	restDur = 24.0

240.5150 	DATA 	
240.5150 	DATA 	TR 155 | TR1 78 | TR2 77
242.0641 	DATA 	Keypress: 5
242.0642 	DATA 	TR 156 | TR1 78 | TR2 78
242.8807 	DATA 	
242.8807 	DATA 	stimulation started
242.8807 	DATA 	
243.6307 	DATA 	Keypress: 5
243.6308 	DATA 	TR 157 | TR1 79 | TR2 78
245.1806 	DATA 	Keypress: 5
245.1806 	DATA 	TR 158 | TR1 79 | TR2 79
246.7471 	DATA 	Keypress: 5
246.7472 	DATA 	TR 159 | TR1 80 | TR2 79
248.2970 	DATA 	Keypress: 5
248.2970 	DATA 	TR 160 | TR1 80 | TR2 80
249.8802 	DATA 	Keypress: 5
249.8802 	DATA 	TR 161 | TR1 81 | TR2 80
251.4300 	DATA 	Keypress: 5
251.4301 	DATA 	TR 162 | TR1 81 | TR2 81
252.9966 	DATA 	Keypress: 5
252.9967 	DATA 	TR 163 | TR1 82 | TR2 81
254.5464 	DATA 	Keypress: 5
254.5464 	DATA 	TR 164 | TR1 82 | TR2 82
256.1296 	DATA 	Keypress: 5
256.1297 	DATA 	TR 165 | TR1 83 | TR2 82
257.6795 	DATA 	Keypress: 5
257.6795 	DATA 	TR 166 | TR1 83 | TR2 83
259.2460 	DATA 	Keypress: 5
259.2461 	DATA 	TR 167 | TR1 84 | TR2 83
260.7959 	DATA 	Keypress: 5
260.7959 	DATA 	TR 168 | TR1 84 | TR2 84
262.3624 	DATA 	Keypress: 5
262.3624 	DATA 	TR 169 | TR1 85 | TR2 84
263.9130 	DATA 	Keypress: 5
263.9289 	DATA 	TR 170 | TR1 85 | TR2 85
265.4955 	DATA 	Keypress: 5
265.4955 	DATA 	TR 171 | TR1 86 | TR2 85
266.8786 	DATA 	
266.8786 	DATA 	stimulation stopped
266.8786 	DATA 	
267.0452 	DATA 	Keypress: 5
267.0453 	DATA 	TR 172 | TR1 86 | TR2 86
268.6118 	DATA 	Keypress: 5
268.6119 	DATA 	TR 173 | TR1 87 | TR2 86
270.1614 	DATA 	Keypress: 5
270.1615 	DATA 	TR 174 | TR1 87 | TR2 87
270.8116 	DATA 	Target presented
271.3283 	DATA 	Keypress: 1
271.3283 	DATA 	Key1 pressed
271.3283 	DATA 	Target detected
271.7448 	DATA 	Keypress: 5
271.7449 	DATA 	TR 175 | TR1 88 | TR2 87
273.2947 	DATA 	Keypress: 5
273.2947 	DATA 	TR 176 | TR1 88 | TR2 88
274.8612 	DATA 	Keypress: 5
274.8613 	DATA 	TR 177 | TR1 89 | TR2 88
276.4111 	DATA 	Keypress: 5
276.4111 	DATA 	TR 178 | TR1 89 | TR2 89
277.9778 	DATA 	Keypress: 5
277.9778 	DATA 	TR 179 | TR1 90 | TR2 89
279.5441 	DATA 	Keypress: 5
279.5442 	DATA 	TR 180 | TR1 90 | TR2 90
281.1107 	DATA 	Keypress: 5
281.1108 	DATA 	TR 181 | TR1 91 | TR2 90
282.6605 	DATA 	Keypress: 5
282.6606 	DATA 	TR 182 | TR1 91 | TR2 91
284.2271 	DATA 	Keypress: 5
284.2271 	DATA 	TR 183 | TR1 92 | TR2 91
285.7771 	DATA 	Keypress: 5
285.7771 	DATA 	TR 184 | TR1 92 | TR2 92
287.3603 	DATA 	Keypress: 5
287.3603 	DATA 	TR 185 | TR1 93 | TR2 92
288.9100 	DATA 	Keypress: 5
288.9100 	DATA 	TR 186 | TR1 93 | TR2 93
290.4765 	DATA 	Keypress: 5
290.4766 	DATA 	TR 187 | TR1 94 | TR2 93
290.8765 	DATA 	
290.8765 	DATA 	Trial complete
290.8765 	DATA 	Waiting for VASO trigger to start next trial
290.8765 	DATA 	
292.0264 	DATA 	Keypress: 5
292.0264 	DATA 	TR 188 | TR1 94 | TR2 94
293.6096 	DATA 	Keypress: 5
293.6097 	DATA 	Waited 2.7331578731536865 seconds for trigger
293.6104 	DATA 	
293.6104 	DATA 	Trial 9
293.6104 	DATA 	stimDur = 4.0
293.6104 	DATA 	jitter = 1.5705
293.6104 	DATA 	restDur = 16.0

293.6104 	DATA 	
293.6104 	DATA 	TR 189 | TR1 95 | TR2 94
295.1595 	DATA 	Keypress: 5
295.1595 	DATA 	TR 190 | TR1 95 | TR2 95
295.1927 	DATA 	
295.1928 	DATA 	stimulation started
295.1928 	DATA 	
296.7260 	DATA 	Keypress: 5
296.7261 	DATA 	TR 191 | TR1 96 | TR2 95
298.2760 	DATA 	Keypress: 5
298.2761 	DATA 	TR 192 | TR1 96 | TR2 96
299.1924 	DATA 	
299.1925 	DATA 	stimulation stopped
299.1925 	DATA 	
299.8423 	DATA 	Keypress: 5
299.8424 	DATA 	TR 193 | TR1 97 | TR2 96
301.3928 	DATA 	Keypress: 5
301.4089 	DATA 	TR 194 | TR1 97 | TR2 97
302.9754 	DATA 	Keypress: 5
302.9755 	DATA 	TR 195 | TR1 98 | TR2 97
304.5253 	DATA 	Keypress: 5
304.5253 	DATA 	TR 196 | TR1 98 | TR2 98
306.0918 	DATA 	Keypress: 5
306.0919 	DATA 	TR 197 | TR1 99 | TR2 98
307.6417 	DATA 	Keypress: 5
307.6417 	DATA 	TR 198 | TR1 99 | TR2 99
309.2249 	DATA 	Keypress: 5
309.2249 	DATA 	TR 199 | TR1 100 | TR2 99
310.7748 	DATA 	Keypress: 5
310.7748 	DATA 	TR 200 | TR1 100 | TR2 100
312.3412 	DATA 	Keypress: 5
312.3413 	DATA 	TR 201 | TR1 101 | TR2 100
313.8911 	DATA 	Keypress: 5
313.8912 	DATA 	TR 202 | TR1 101 | TR2 101
315.1910 	DATA 	
315.1910 	DATA 	Trial complete
315.1910 	DATA 	Waiting for VASO trigger to start next trial
315.1910 	DATA 	
315.4582 	DATA 	Keypress: 5
315.4743 	DATA 	Waited 0.2832648754119873 seconds for trigger
315.4750 	DATA 	
315.4750 	DATA 	Trial 10
315.4751 	DATA 	stimDur = 2.0
315.4751 	DATA 	jitter = 0.78525
315.4751 	DATA 	restDur = 14.0

315.4751 	DATA 	
315.4751 	DATA 	TR 203 | TR1 102 | TR2 101
316.2742 	DATA 	
316.2742 	DATA 	stimulation started
316.2742 	DATA 	
317.0243 	DATA 	Keypress: 5
317.0243 	DATA 	TR 204 | TR1 102 | TR2 102
318.2741 	DATA 	
318.2741 	DATA 	stimulation stopped
318.2741 	DATA 	
318.5907 	DATA 	Keypress: 5
318.5907 	DATA 	TR 205 | TR1 103 | TR2 102
320.1406 	DATA 	Keypress: 5
320.1406 	DATA 	TR 206 | TR1 103 | TR2 103
321.7071 	DATA 	Keypress: 5
321.7071 	DATA 	TR 207 | TR1 104 | TR2 103
323.1070 	DATA 	Target presented
323.2570 	DATA 	Keypress: 5
323.2570 	DATA 	TR 208 | TR1 104 | TR2 104
323.4903 	DATA 	Keypress: 1
323.4903 	DATA 	Key1 pressed
323.4903 	DATA 	Target detected
324.8402 	DATA 	Keypress: 5
324.8402 	DATA 	TR 209 | TR1 105 | TR2 104
326.3900 	DATA 	Keypress: 5
326.3901 	DATA 	TR 210 | TR1 105 | TR2 105
327.9566 	DATA 	Keypress: 5
327.9566 	DATA 	TR 211 | TR1 106 | TR2 105
329.5064 	DATA 	Keypress: 5
329.5065 	DATA 	TR 212 | TR1 106 | TR2 106
331.0896 	DATA 	Keypress: 5
331.0896 	DATA 	TR 213 | TR1 107 | TR2 106
332.2728 	DATA 	
332.2728 	DATA 	Trial complete
332.2728 	DATA 	Waiting for VASO trigger to start next trial
332.2728 	DATA 	
332.6395 	DATA 	Keypress: 5
332.6395 	DATA 	TR 214 | TR1 107 | TR2 107
334.2060 	DATA 	Keypress: 5
334.2060 	DATA 	Waited 1.9332048892974854 seconds for trigger
334.2068 	DATA 	
334.2068 	DATA 	Trial 11
334.2068 	DATA 	stimDur = 4.0
334.2068 	DATA 	jitter = 0.78525
334.2068 	DATA 	restDur = 16.0

334.2068 	DATA 	
334.2068 	DATA 	TR 215 | TR1 108 | TR2 107
335.0059 	DATA 	
335.0059 	DATA 	stimulation started
335.0059 	DATA 	
335.7559 	DATA 	Keypress: 5
335.7560 	DATA 	TR 216 | TR1 108 | TR2 108
337.3225 	DATA 	Keypress: 5
337.3225 	DATA 	TR 217 | TR1 109 | TR2 108
338.8890 	DATA 	Keypress: 5
338.8890 	DATA 	TR 218 | TR1 109 | TR2 109
339.0056 	DATA 	
339.0056 	DATA 	stimulation stopped
339.0056 	DATA 	
340.4554 	DATA 	Keypress: 5
340.4555 	DATA 	TR 219 | TR1 110 | TR2 109
342.0054 	DATA 	Keypress: 5
342.0054 	DATA 	TR 220 | TR1 110 | TR2 110
343.5718 	DATA 	Keypress: 5
343.5719 	DATA 	TR 221 | TR1 111 | TR2 110
345.1217 	DATA 	Keypress: 5
345.1218 	DATA 	TR 222 | TR1 111 | TR2 111
346.7049 	DATA 	Keypress: 5
346.7049 	DATA 	TR 223 | TR1 112 | TR2 111
348.2548 	DATA 	Keypress: 5
348.2548 	DATA 	TR 224 | TR1 112 | TR2 112
349.8213 	DATA 	Keypress: 5
349.8213 	DATA 	TR 225 | TR1 113 | TR2 112
351.3712 	DATA 	Keypress: 5
351.3712 	DATA 	TR 226 | TR1 113 | TR2 113
352.9543 	DATA 	Keypress: 5
352.9544 	DATA 	TR 227 | TR1 114 | TR2 113
354.5042 	DATA 	Keypress: 5
354.5043 	DATA 	TR 228 | TR1 114 | TR2 114
355.0041 	DATA 	
355.0041 	DATA 	Trial complete
355.0041 	DATA 	Waiting for VASO trigger to start next trial
355.0041 	DATA 	
356.0707 	DATA 	Keypress: 5
356.0708 	DATA 	Waited 1.0666570663452148 seconds for trigger
356.0716 	DATA 	
356.0716 	DATA 	Trial 12
356.0716 	DATA 	stimDur = 1.0
356.0716 	DATA 	jitter = 0.0
356.0716 	DATA 	restDur = 12.0

356.0716 	DATA 	
356.0716 	DATA 	TR 229 | TR1 115 | TR2 114
356.0716 	DATA 	
356.0716 	DATA 	stimulation started
356.0716 	DATA 	
357.0873 	DATA 	
357.0873 	DATA 	stimulation stopped
357.0874 	DATA 	
357.6206 	DATA 	Keypress: 5
357.6207 	DATA 	TR 230 | TR1 115 | TR2 115
359.1871 	DATA 	Keypress: 5
359.1872 	DATA 	TR 231 | TR1 116 | TR2 115
360.7372 	DATA 	Keypress: 5
360.7372 	DATA 	TR 232 | TR1 116 | TR2 116
362.3203 	DATA 	Keypress: 5
362.3204 	DATA 	TR 233 | TR1 117 | TR2 116
363.8701 	DATA 	Keypress: 5
363.8701 	DATA 	TR 234 | TR1 117 | TR2 117
365.4366 	DATA 	Keypress: 5
365.4366 	DATA 	TR 235 | TR1 118 | TR2 117
366.1865 	DATA 	Target presented
366.6698 	DATA 	Keypress: 1
366.6699 	DATA 	Key1 pressed
366.6699 	DATA 	Target detected
366.9864 	DATA 	Keypress: 5
366.9865 	DATA 	TR 236 | TR1 118 | TR2 118
368.5696 	DATA 	Keypress: 5
368.5697 	DATA 	TR 237 | TR1 119 | TR2 118
369.0862 	DATA 	
369.0862 	DATA 	Trial complete
369.0862 	DATA 	Waiting for VASO trigger to start next trial
369.0862 	DATA 	
370.1195 	DATA 	Keypress: 5
370.1196 	DATA 	TR 238 | TR1 119 | TR2 119
371.6860 	DATA 	Keypress: 5
371.6861 	DATA 	Waited 2.599838972091675 seconds for trigger
371.6868 	DATA 	
371.6868 	DATA 	Trial 13
371.6869 	DATA 	stimDur = 1.0
371.6869 	DATA 	jitter = 1.5705
371.6869 	DATA 	restDur = 12.0

371.6869 	DATA 	
371.6869 	DATA 	TR 239 | TR1 120 | TR2 119
373.2359 	DATA 	Keypress: 5
373.2360 	DATA 	TR 240 | TR1 120 | TR2 120
373.2692 	DATA 	
373.2692 	DATA 	stimulation started
373.2692 	DATA 	
374.2693 	DATA 	
374.2693 	DATA 	stimulation stopped
374.2693 	DATA 	
374.8024 	DATA 	Keypress: 5
374.8024 	DATA 	TR 241 | TR1 121 | TR2 120
376.3690 	DATA 	Keypress: 5
376.3690 	DATA 	TR 242 | TR1 121 | TR2 121
377.9355 	DATA 	Keypress: 5
377.9355 	DATA 	TR 243 | TR1 122 | TR2 121
379.4854 	DATA 	Keypress: 5
379.4854 	DATA 	TR 244 | TR1 122 | TR2 122
381.0519 	DATA 	Keypress: 5
381.0519 	DATA 	TR 245 | TR1 123 | TR2 122
382.6017 	DATA 	Keypress: 5
382.6018 	DATA 	TR 246 | TR1 123 | TR2 123
384.1849 	DATA 	Keypress: 5
384.1850 	DATA 	TR 247 | TR1 124 | TR2 123
385.7348 	DATA 	Keypress: 5
385.7349 	DATA 	TR 248 | TR1 124 | TR2 124
386.2681 	DATA 	
386.2681 	DATA 	Trial complete
386.2681 	DATA 	Waiting for VASO trigger to start next trial
386.2681 	DATA 	
387.3013 	DATA 	Keypress: 5
387.3014 	DATA 	Waited 1.0332739353179932 seconds for trigger
387.3021 	DATA 	
387.3021 	DATA 	Trial 14
387.3021 	DATA 	stimDur = 12.0
387.3021 	DATA 	jitter = 1.5705
387.3021 	DATA 	restDur = 20.0

387.3021 	DATA 	
387.3022 	DATA 	TR 249 | TR1 125 | TR2 124
388.8512 	DATA 	Keypress: 5
388.8513 	DATA 	TR 250 | TR1 125 | TR2 125
388.8845 	DATA 	
388.8845 	DATA 	stimulation started
388.8845 	DATA 	
390.4344 	DATA 	Keypress: 5
390.4345 	DATA 	TR 251 | TR1 126 | TR2 125
391.9843 	DATA 	Keypress: 5
391.9844 	DATA 	TR 252 | TR1 126 | TR2 126
393.5508 	DATA 	Keypress: 5
393.5509 	DATA 	TR 253 | TR1 127 | TR2 126
395.1007 	DATA 	Keypress: 5
395.1008 	DATA 	TR 254 | TR1 127 | TR2 127
396.6672 	DATA 	Keypress: 5
396.6672 	DATA 	TR 255 | TR1 128 | TR2 127
398.2178 	DATA 	Keypress: 5
398.2337 	DATA 	TR 256 | TR1 128 | TR2 128
399.8003 	DATA 	Keypress: 5
399.8003 	DATA 	TR 257 | TR1 129 | TR2 128
400.8835 	DATA 	
400.8835 	DATA 	stimulation stopped
400.8835 	DATA 	
401.3501 	DATA 	Keypress: 5
401.3502 	DATA 	TR 258 | TR1 129 | TR2 129
402.9166 	DATA 	Keypress: 5
402.9167 	DATA 	TR 259 | TR1 130 | TR2 129
404.4665 	DATA 	Keypress: 5
404.4666 	DATA 	TR 260 | TR1 130 | TR2 130
406.0497 	DATA 	Keypress: 5
406.0497 	DATA 	TR 261 | TR1 131 | TR2 130
407.5996 	DATA 	Keypress: 5
407.5996 	DATA 	TR 262 | TR1 131 | TR2 131
409.1661 	DATA 	Keypress: 5
409.1661 	DATA 	TR 263 | TR1 132 | TR2 131
410.7159 	DATA 	Keypress: 5
410.7160 	DATA 	TR 264 | TR1 132 | TR2 132
412.2830 	DATA 	Keypress: 5
412.2991 	DATA 	TR 265 | TR1 133 | TR2 132
413.8490 	DATA 	Keypress: 5
413.8490 	DATA 	TR 266 | TR1 133 | TR2 133
415.4155 	DATA 	Keypress: 5
415.4156 	DATA 	TR 267 | TR1 134 | TR2 133
416.9654 	DATA 	Keypress: 5
416.9654 	DATA 	TR 268 | TR1 134 | TR2 134
418.5319 	DATA 	Keypress: 5
418.5320 	DATA 	TR 269 | TR1 135 | TR2 134
420.0816 	DATA 	Keypress: 5
420.0816 	DATA 	TR 270 | TR1 135 | TR2 135
420.8817 	DATA 	
420.8817 	DATA 	Trial complete
420.8817 	DATA 	Waiting for VASO trigger to start next trial
420.8817 	DATA 	
421.6650 	DATA 	Keypress: 5
421.6650 	DATA 	Waited 0.7833120822906494 seconds for trigger
421.6658 	DATA 	
421.6658 	DATA 	Trial 15
421.6658 	DATA 	stimDur = 2.0
421.6658 	DATA 	jitter = 0.0
421.6658 	DATA 	restDur = 14.0

421.6658 	DATA 	
421.6658 	DATA 	TR 271 | TR1 136 | TR2 135
421.6658 	DATA 	
421.6658 	DATA 	stimulation started
421.6658 	DATA 	
423.2149 	DATA 	Keypress: 5
423.2150 	DATA 	TR 272 | TR1 136 | TR2 136
423.5150 	DATA 	Target presented
423.6815 	DATA 	
423.6815 	DATA 	stimulation stopped
423.6815 	DATA 	
424.0314 	DATA 	Keypress: 1
424.0315 	DATA 	Key1 pressed
424.0315 	DATA 	Target detected
424.7815 	DATA 	Keypress: 5
424.7815 	DATA 	TR 273 | TR1 137 | TR2 136
426.3313 	DATA 	Keypress: 5
426.3313 	DATA 	TR 274 | TR1 137 | TR2 137
427.9143 	DATA 	Keypress: 5
427.9143 	DATA 	TR 275 | TR1 138 | TR2 137
429.4643 	DATA 	Keypress: 5
429.4643 	DATA 	TR 276 | TR1 138 | TR2 138
431.0308 	DATA 	Keypress: 5
431.0309 	DATA 	TR 277 | TR1 139 | TR2 138
432.5807 	DATA 	Keypress: 5
432.5807 	DATA 	TR 278 | TR1 139 | TR2 139
434.1472 	DATA 	Keypress: 5
434.1472 	DATA 	TR 279 | TR1 140 | TR2 139
435.6977 	DATA 	Keypress: 5
435.7137 	DATA 	TR 280 | TR1 140 | TR2 140
437.2802 	DATA 	Keypress: 5
437.2803 	DATA 	TR 281 | TR1 141 | TR2 140
437.6802 	DATA 	
437.6802 	DATA 	Trial complete
437.6802 	DATA 	Waiting for VASO trigger to start next trial
437.6802 	DATA 	
438.8301 	DATA 	Keypress: 5
438.8302 	DATA 	TR 282 | TR1 141 | TR2 141
440.3966 	DATA 	Keypress: 5
440.3967 	DATA 	Waited 2.7164649963378906 seconds for trigger
440.3975 	DATA 	
440.3975 	DATA 	Trial 16
440.3975 	DATA 	stimDur = 4.0
440.3975 	DATA 	jitter = 0.0
440.3975 	DATA 	restDur = 16.0

440.3975 	DATA 	
440.3975 	DATA 	TR 283 | TR1 142 | TR2 141
440.3975 	DATA 	
440.3975 	DATA 	stimulation started
440.3975 	DATA 	
441.9466 	DATA 	Keypress: 5
441.9466 	DATA 	TR 284 | TR1 142 | TR2 142
443.5297 	DATA 	Keypress: 5
443.5298 	DATA 	TR 285 | TR1 143 | TR2 142
444.4130 	DATA 	
444.4130 	DATA 	stimulation stopped
444.4130 	DATA 	
445.0797 	DATA 	Keypress: 5
445.0798 	DATA 	TR 286 | TR1 143 | TR2 143
446.6461 	DATA 	Keypress: 5
446.6461 	DATA 	TR 287 | TR1 144 | TR2 143
448.1960 	DATA 	Keypress: 5
448.1960 	DATA 	TR 288 | TR1 144 | TR2 144
449.7791 	DATA 	Keypress: 5
449.7792 	DATA 	TR 289 | TR1 145 | TR2 144
451.3292 	DATA 	Keypress: 5
451.3292 	DATA 	TR 290 | TR1 145 | TR2 145
452.8956 	DATA 	Keypress: 5
452.8956 	DATA 	TR 291 | TR1 146 | TR2 145
454.4454 	DATA 	Keypress: 5
454.4455 	DATA 	TR 292 | TR1 146 | TR2 146
456.0118 	DATA 	Keypress: 5
456.0119 	DATA 	TR 293 | TR1 147 | TR2 146
457.5618 	DATA 	Keypress: 5
457.5618 	DATA 	TR 294 | TR1 147 | TR2 147
459.1450 	DATA 	Keypress: 5
459.1450 	DATA 	TR 295 | TR1 148 | TR2 147
460.4115 	DATA 	
460.4115 	DATA 	Trial complete
460.4115 	DATA 	Waiting for VASO trigger to start next trial
460.4115 	DATA 	
460.6949 	DATA 	Keypress: 5
460.6949 	DATA 	TR 296 | TR1 148 | TR2 148
462.2614 	DATA 	Keypress: 5
462.2615 	DATA 	Waited 1.8499739170074463 seconds for trigger
462.2623 	DATA 	
462.2623 	DATA 	Trial 17
462.2623 	DATA 	stimDur = 12.0
462.2623 	DATA 	jitter = 2.35575
462.2623 	DATA 	restDur = 20.0

462.2623 	DATA 	
462.2623 	DATA 	TR 297 | TR1 149 | TR2 148
463.8112 	DATA 	Keypress: 5
463.8113 	DATA 	TR 298 | TR1 149 | TR2 149
464.6278 	DATA 	
464.6278 	DATA 	stimulation started
464.6278 	DATA 	
465.3945 	DATA 	Keypress: 5
465.3946 	DATA 	TR 299 | TR1 150 | TR2 149
466.9443 	DATA 	Keypress: 5
466.9444 	DATA 	TR 300 | TR1 150 | TR2 150
468.5109 	DATA 	Keypress: 5
468.5110 	DATA 	TR 301 | TR1 151 | TR2 150
470.0608 	DATA 	Keypress: 5
470.0608 	DATA 	TR 302 | TR1 151 | TR2 151
471.6274 	DATA 	Keypress: 5
471.6275 	DATA 	TR 303 | TR1 152 | TR2 151
473.1938 	DATA 	Keypress: 5
473.1938 	DATA 	TR 304 | TR1 152 | TR2 152
474.7603 	DATA 	Keypress: 5
474.7604 	DATA 	TR 305 | TR1 153 | TR2 152
476.3102 	DATA 	Keypress: 5
476.3102 	DATA 	TR 306 | TR1 153 | TR2 153
476.6268 	DATA 	
476.6268 	DATA 	stimulation stopped
476.6268 	DATA 	
477.8768 	DATA 	Keypress: 5
477.8768 	DATA 	TR 307 | TR1 154 | TR2 153
479.4265 	DATA 	Keypress: 5
479.4266 	DATA 	TR 308 | TR1 154 | TR2 154
481.0098 	DATA 	Keypress: 5
481.0098 	DATA 	TR 309 | TR1 155 | TR2 154
482.5596 	DATA 	Keypress: 5
482.5596 	DATA 	TR 310 | TR1 155 | TR2 155
484.1261 	DATA 	Keypress: 5
484.1262 	DATA 	TR 311 | TR1 156 | TR2 155
484.3594 	DATA 	Target presented
484.9427 	DATA 	Keypress: 1
484.9428 	DATA 	Key1 pressed
484.9428 	DATA 	Target detected
485.6760 	DATA 	Keypress: 5
485.6760 	DATA 	TR 312 | TR1 156 | TR2 156
487.2592 	DATA 	Keypress: 5
487.2593 	DATA 	TR 313 | TR1 157 | TR2 156
488.8090 	DATA 	Keypress: 5
488.8091 	DATA 	TR 314 | TR1 157 | TR2 157
490.3756 	DATA 	Keypress: 5
490.3757 	DATA 	TR 315 | TR1 158 | TR2 157
491.9254 	DATA 	Keypress: 5
491.9255 	DATA 	TR 316 | TR1 158 | TR2 158
493.4920 	DATA 	Keypress: 5
493.4920 	DATA 	TR 317 | TR1 159 | TR2 158
495.0424 	DATA 	Keypress: 5
495.0585 	DATA 	TR 318 | TR1 159 | TR2 159
496.6251 	DATA 	Keypress: 5
496.6251 	DATA 	TR 319 | TR1 160 | TR2 159
496.6251 	DATA 	
496.6251 	DATA 	Trial complete
496.6251 	DATA 	Waiting for VASO trigger to start next trial
496.6251 	DATA 	
498.1749 	DATA 	Keypress: 5
498.1749 	DATA 	TR 320 | TR1 160 | TR2 160
499.7414 	DATA 	Keypress: 5
499.7415 	DATA 	Waited 3.116352081298828 seconds for trigger
499.7423 	DATA 	
499.7423 	DATA 	Trial 18
499.7423 	DATA 	stimDur = 2.0
499.7423 	DATA 	jitter = 2.35575
499.7423 	DATA 	restDur = 14.0

499.7423 	DATA 	
499.7423 	DATA 	TR 321 | TR1 161 | TR2 160
501.2913 	DATA 	Keypress: 5
501.2913 	DATA 	TR 322 | TR1 161 | TR2 161
502.1079 	DATA 	
502.1079 	DATA 	stimulation started
502.1079 	DATA 	
502.8748 	DATA 	Keypress: 5
502.8748 	DATA 	TR 323 | TR1 162 | TR2 161
504.1078 	DATA 	
504.1078 	DATA 	stimulation stopped
504.1078 	DATA 	
504.4243 	DATA 	Keypress: 5
504.4244 	DATA 	TR 324 | TR1 162 | TR2 162
505.9909 	DATA 	Keypress: 5
505.9909 	DATA 	TR 325 | TR1 163 | TR2 162
507.5405 	DATA 	Keypress: 5
507.5406 	DATA 	TR 326 | TR1 163 | TR2 163
509.1073 	DATA 	Keypress: 5
509.1073 	DATA 	TR 327 | TR1 164 | TR2 163
510.6738 	DATA 	Keypress: 5
510.6738 	DATA 	TR 328 | TR1 164 | TR2 164
512.2402 	DATA 	Keypress: 5
512.2402 	DATA 	TR 329 | TR1 165 | TR2 164
513.7902 	DATA 	Keypress: 5
513.7902 	DATA 	TR 330 | TR1 165 | TR2 165
515.3568 	DATA 	Keypress: 5
515.3568 	DATA 	TR 331 | TR1 166 | TR2 165
516.9066 	DATA 	Keypress: 5
516.9066 	DATA 	TR 332 | TR1 166 | TR2 166
518.1064 	DATA 	
518.1064 	DATA 	Trial complete
518.1065 	DATA 	Waiting for VASO trigger to start next trial
518.1065 	DATA 	
518.4898 	DATA 	Keypress: 5
518.4899 	DATA 	Waited 0.3833811283111572 seconds for trigger
518.4906 	DATA 	
518.4906 	DATA 	Trial 19
518.4906 	DATA 	stimDur = 24.0
518.4906 	DATA 	jitter = 0.78525
518.4906 	DATA 	restDur = 24.0

518.4906 	DATA 	
518.4906 	DATA 	TR 333 | TR1 167 | TR2 166
519.2897 	DATA 	
519.2897 	DATA 	stimulation started
519.2897 	DATA 	
520.0397 	DATA 	Keypress: 5
520.0397 	DATA 	TR 334 | TR1 167 | TR2 167
521.6063 	DATA 	Keypress: 5
521.6063 	DATA 	TR 335 | TR1 168 | TR2 167
523.1561 	DATA 	Keypress: 5
523.1561 	DATA 	TR 336 | TR1 168 | TR2 168
524.7393 	DATA 	Keypress: 5
524.7394 	DATA 	TR 337 | TR1 169 | TR2 168
526.2893 	DATA 	Keypress: 5
526.2893 	DATA 	TR 338 | TR1 169 | TR2 169
527.8557 	DATA 	Keypress: 5
527.8558 	DATA 	TR 339 | TR1 170 | TR2 169
529.4055 	DATA 	Keypress: 5
529.4056 	DATA 	TR 340 | TR1 170 | TR2 170
530.9721 	DATA 	Keypress: 5
530.9722 	DATA 	TR 341 | TR1 171 | TR2 170
532.5221 	DATA 	Keypress: 5
532.5221 	DATA 	TR 342 | TR1 171 | TR2 171
534.1053 	DATA 	Keypress: 5
534.1053 	DATA 	TR 343 | TR1 172 | TR2 171
535.6550 	DATA 	Keypress: 5
535.6550 	DATA 	TR 344 | TR1 172 | TR2 172
537.2215 	DATA 	Keypress: 5
537.2216 	DATA 	TR 345 | TR1 173 | TR2 172
538.7714 	DATA 	Keypress: 5
538.7714 	DATA 	TR 346 | TR1 173 | TR2 173
540.3546 	DATA 	Keypress: 5
540.3547 	DATA 	TR 347 | TR1 174 | TR2 173
541.9044 	DATA 	Keypress: 5
541.9045 	DATA 	TR 348 | TR1 174 | TR2 174
543.2876 	DATA 	
543.2876 	DATA 	stimulation stopped
543.2876 	DATA 	
543.4709 	DATA 	Keypress: 5
543.4710 	DATA 	TR 349 | TR1 175 | TR2 174
545.0208 	DATA 	Keypress: 5
545.0208 	DATA 	TR 350 | TR1 175 | TR2 175
546.5879 	DATA 	Keypress: 5
546.6039 	DATA 	TR 351 | TR1 176 | TR2 175
548.1539 	DATA 	Keypress: 5
548.1540 	DATA 	TR 352 | TR1 176 | TR2 176
549.7204 	DATA 	Keypress: 5
549.7204 	DATA 	TR 353 | TR1 177 | TR2 176
551.2702 	DATA 	Keypress: 5
551.2703 	DATA 	TR 354 | TR1 177 | TR2 177
552.8368 	DATA 	Keypress: 5
552.8368 	DATA 	TR 355 | TR1 178 | TR2 177
554.3866 	DATA 	Keypress: 5
554.3866 	DATA 	TR 356 | TR1 178 | TR2 178
555.9698 	DATA 	Keypress: 5
555.9699 	DATA 	TR 357 | TR1 179 | TR2 178
557.5195 	DATA 	Keypress: 5
557.5196 	DATA 	TR 358 | TR1 179 | TR2 179
559.0862 	DATA 	Keypress: 5
559.0863 	DATA 	TR 359 | TR1 180 | TR2 179
560.6362 	DATA 	Keypress: 5
560.6363 	DATA 	TR 360 | TR1 180 | TR2 180
561.3359 	DATA 	Target presented
561.8693 	DATA 	Keypress: 1
561.8694 	DATA 	Key1 pressed
561.8694 	DATA 	Target detected
562.2192 	DATA 	Keypress: 5
562.2193 	DATA 	TR 361 | TR1 181 | TR2 180
563.7691 	DATA 	Keypress: 5
563.7692 	DATA 	TR 362 | TR1 181 | TR2 181
565.3355 	DATA 	Keypress: 5
565.3356 	DATA 	TR 363 | TR1 182 | TR2 181
566.8855 	DATA 	Keypress: 5
566.8856 	DATA 	TR 364 | TR1 182 | TR2 182
567.2854 	DATA 	
567.2855 	DATA 	Trial complete
567.2855 	DATA 	
568.4520 	DATA 	Keypress: 5
568.4520 	DATA 	Waited 50.345569133758545 seconds for trigger
568.4528 	DATA 	
568.4528 	DATA 	Trial 20
568.4528 	DATA 	stimDur = 12.0
568.4528 	DATA 	jitter = 0.78525
568.4528 	DATA 	restDur = 20.0

568.4528 	DATA 	
568.4528 	DATA 	TR 365 | TR1 183 | TR2 182
569.2519 	DATA 	
569.2519 	DATA 	stimulation started
569.2520 	DATA 	
570.0027 	DATA 	Keypress: 5
570.0186 	DATA 	TR 366 | TR1 183 | TR2 183
571.5852 	DATA 	Keypress: 5
571.5852 	DATA 	TR 367 | TR1 184 | TR2 183
573.1350 	DATA 	Keypress: 5
573.1351 	DATA 	TR 368 | TR1 184 | TR2 184
574.7016 	DATA 	Keypress: 5
574.7016 	DATA 	TR 369 | TR1 185 | TR2 184
576.2514 	DATA 	Keypress: 5
576.2514 	DATA 	TR 370 | TR1 185 | TR2 185
577.8346 	DATA 	Keypress: 5
577.8347 	DATA 	TR 371 | TR1 186 | TR2 185
579.3844 	DATA 	Keypress: 5
579.3845 	DATA 	TR 372 | TR1 186 | TR2 186
580.9510 	DATA 	Keypress: 5
580.9511 	DATA 	TR 373 | TR1 187 | TR2 186
581.2509 	DATA 	
581.2509 	DATA 	stimulation stopped
581.2509 	DATA 	
582.5008 	DATA 	Keypress: 5
582.5009 	DATA 	TR 374 | TR1 187 | TR2 187
584.0840 	DATA 	Keypress: 5
584.0841 	DATA 	TR 375 | TR1 188 | TR2 187
585.6339 	DATA 	Keypress: 5
585.6339 	DATA 	TR 376 | TR1 188 | TR2 188
587.2004 	DATA 	Keypress: 5
587.2005 	DATA 	TR 377 | TR1 189 | TR2 188
588.7503 	DATA 	Keypress: 5
588.7503 	DATA 	TR 378 | TR1 189 | TR2 189
590.3168 	DATA 	Keypress: 5
590.3169 	DATA 	TR 379 | TR1 190 | TR2 189
591.8667 	DATA 	Keypress: 5
591.8667 	DATA 	TR 380 | TR1 190 | TR2 190
593.4499 	DATA 	Keypress: 5
593.4500 	DATA 	TR 381 | TR1 191 | TR2 190
594.9997 	DATA 	Keypress: 5
594.9998 	DATA 	TR 382 | TR1 191 | TR2 191
596.5663 	DATA 	Keypress: 5
596.5663 	DATA 	TR 383 | TR1 192 | TR2 191
598.1159 	DATA 	Keypress: 5
598.1160 	DATA 	TR 384 | TR1 192 | TR2 192
599.6993 	DATA 	Keypress: 5
599.6994 	DATA 	TR 385 | TR1 193 | TR2 192
601.2489 	DATA 	Keypress: 5
601.2490 	DATA 	TR 386 | TR1 193 | TR2 193
601.2490 	DATA 	
601.2490 	DATA 	Trial complete
601.2490 	DATA 	
602.8157 	DATA 	Keypress: 5
602.8158 	DATA 	TR 387 | TR1 194 | TR2 193
604.3656 	DATA 	Keypress: 5
604.3656 	DATA 	TR 388 | TR1 194 | TR2 194
605.9322 	DATA 	Keypress: 5
605.9322 	DATA 	TR 389 | TR1 195 | TR2 194
607.4986 	DATA 	Keypress: 5
607.4987 	DATA 	TR 390 | TR1 195 | TR2 195
609.0653 	DATA 	Keypress: 5
609.0654 	DATA 	TR 391 | TR1 196 | TR2 195
610.6150 	DATA 	Keypress: 5
610.6151 	DATA 	TR 392 | TR1 196 | TR2 196
612.1816 	DATA 	Keypress: 5
612.1816 	DATA 	TR 393 | TR1 197 | TR2 196
613.7314 	DATA 	Keypress: 5
613.7315 	DATA 	TR 394 | TR1 197 | TR2 197
615.3146 	DATA 	Keypress: 5
615.3147 	DATA 	TR 395 | TR1 198 | TR2 197
616.8645 	DATA 	Keypress: 5
616.8645 	DATA 	TR 396 | TR1 198 | TR2 198
618.4310 	DATA 	Keypress: 5
618.4311 	DATA 	TR 397 | TR1 199 | TR2 198
619.9809 	DATA 	Keypress: 5
619.9809 	DATA 	TR 398 | TR1 199 | TR2 199
621.5480 	DATA 	Keypress: 5
621.5640 	DATA 	TR 399 | TR1 200 | TR2 199
623.1139 	DATA 	Keypress: 5
623.1139 	DATA 	TR 400 | TR1 200 | TR2 200
624.6805 	DATA 	Keypress: 5
624.6805 	DATA 	TR 401 | TR1 201 | TR2 200
626.2303 	DATA 	Keypress: 5
626.2303 	DATA 	TR 402 | TR1 201 | TR2 201
627.7968 	DATA 	Keypress: 5
627.7969 	DATA 	TR 403 | TR1 202 | TR2 201
629.3473 	DATA 	Keypress: 5
629.3633 	DATA 	TR 404 | TR1 202 | TR2 202
630.9299 	DATA 	Keypress: 5
630.9300 	DATA 	TR 405 | TR1 203 | TR2 202
632.4798 	DATA 	Keypress: 5
632.4798 	DATA 	TR 406 | TR1 203 | TR2 203
634.0463 	DATA 	Keypress: 5
634.0464 	DATA 	TR 407 | TR1 204 | TR2 203
635.5962 	DATA 	Keypress: 5
635.5962 	DATA 	TR 408 | TR1 204 | TR2 204
637.1794 	DATA 	Keypress: 5
637.1794 	DATA 	TR 409 | TR1 205 | TR2 204
638.7292 	DATA 	Keypress: 5
638.7292 	DATA 	TR 410 | TR1 205 | TR2 205
640.2958 	DATA 	Keypress: 5
640.2958 	DATA 	TR 411 | TR1 206 | TR2 205
641.8456 	DATA 	Keypress: 5
641.8456 	DATA 	TR 412 | TR1 206 | TR2 206
643.4121 	DATA 	Keypress: 5
643.4122 	DATA 	TR 413 | TR1 207 | TR2 206
644.9787 	DATA 	Keypress: 5
644.9787 	DATA 	TR 414 | TR1 207 | TR2 207
646.5453 	DATA 	Keypress: 5
646.5454 	DATA 	TR 415 | TR1 208 | TR2 207
648.0951 	DATA 	Keypress: 5
648.0951 	DATA 	TR 416 | TR1 208 | TR2 208
649.6616 	DATA 	Keypress: 5
649.6617 	DATA 	TR 417 | TR1 209 | TR2 208
651.2114 	DATA 	Keypress: 5
651.2115 	DATA 	TR 418 | TR1 209 | TR2 209
652.7947 	DATA 	Keypress: 5
652.7947 	DATA 	TR 419 | TR1 210 | TR2 209
654.3445 	DATA 	Keypress: 5
654.3446 	DATA 	TR 420 | TR1 210 | TR2 210
655.9111 	DATA 	Keypress: 5
655.9111 	DATA 	TR 421 | TR1 211 | TR2 210
657.4609 	DATA 	Keypress: 5
657.4609 	DATA 	TR 422 | TR1 211 | TR2 211
659.0441 	DATA 	Keypress: 5
659.0442 	DATA 	TR 423 | TR1 212 | TR2 211
660.5939 	DATA 	Keypress: 5
660.5940 	DATA 	TR 424 | TR1 212 | TR2 212
662.1605 	DATA 	Keypress: 5
662.1606 	DATA 	TR 425 | TR1 213 | TR2 212
663.7103 	DATA 	Keypress: 5
663.7104 	DATA 	TR 426 | TR1 213 | TR2 213
665.2770 	DATA 	Keypress: 5
665.2771 	DATA 	TR 427 | TR1 214 | TR2 213
666.8267 	DATA 	Keypress: 5
666.8268 	DATA 	TR 428 | TR1 214 | TR2 214
668.4100 	DATA 	Keypress: 5
668.4100 	DATA 	TR 429 | TR1 215 | TR2 214
669.9598 	DATA 	Keypress: 5
669.9599 	DATA 	TR 430 | TR1 215 | TR2 215
671.5264 	DATA 	Keypress: 5
671.5264 	DATA 	TR 431 | TR1 216 | TR2 215
673.0762 	DATA 	Keypress: 5
673.0762 	DATA 	TR 432 | TR1 216 | TR2 216
674.6594 	DATA 	Keypress: 5
674.6595 	DATA 	TR 433 | TR1 217 | TR2 216
676.2092 	DATA 	Keypress: 5
676.2093 	DATA 	TR 434 | TR1 217 | TR2 217
680.2089 	DATA 	EndOfRun sub-05_ses-03_run-02

680.2089 	DATA 	We spent 80.64357447624207 seconds waiting for triggers
680.2089 	DATA 	RatioOfDetectedTargets 1.0
680.2089 	DATA 	You have detected 9 out of 9 targets.
685.2386 	EXP 	window1: mouseVisible = True
