MonitorDistance=99cm
MonitorWidth=30cm
PixelWidth=1024.0
PixelHeight=768.0
13.1570 	INFO 	Loaded monitor calibration from ['2021_05_26 17:55']
13.6410 	EXP 	Created window1 = Window(allowGUI=False, allowStencil=False, autoLog=True, backendConf=UNKNOWN, bitsMode=UNKNOWN, blendMode='avg', bpc=(8, 8, 8), color=array([-0.5, -0.5, -0.5]), colorSpace='rgb', depthBits=8, fullscr=<method-wrapper '__getattribute__' of attributeSetter object at 0x7fad000fe390>, gamma=None, gammaErrorPolicy='raise', lms=UNKNOWN, monitor=<psychopy.monitors.calibTools.Monitor object at 0x7facf5edc048>, multiSample=False, name='window1', numSamples=2, pos=[0.0, 0.0], screen=0, size=array([1024,  768]), stencilBits=0, stereo=False, units='deg', useFBO=False, useRetina=False, viewOri=0.0, viewPos=None, viewScale=None, waitBlanking=True, winType='pyglet')
13.6410 	EXP 	window1: mouseVisible = True
13.7080 	EXP 	Created unnamed TextStim = TextStim(__class__=<class 'psychopy.visual.text.TextStim'>, alignHoriz=method-wrapper(...), alignText='center', alignVert=method-wrapper(...), anchorHoriz='center', anchorVert='center', antialias=True, autoLog=True, bold=False, color=array([1., 1., 1.]), colorSpace='rgb', contrast=1.0, depth=0, flipHoriz=False, flipVert=False, font='', fontFiles=[], height=0.5, italic=False, languageStyle='LTR', name='unnamed TextStim', opacity=1.0, ori=0.0, pos=array([0., 0.]), rgb=UNKNOWN, text=str(...), units='deg', win=Window(...), wrapWidth=15.0)
13.7385 	EXP 	Created Movie Frame 0 = ImageStim(__class__=<class 'psychopy.visual.image.ImageStim'>, autoLog=True, color=array([0.8, 0.8, 0.8]), colorSpace='rgb', contrast=0.8, depth=0, flipHoriz=False, flipVert=False, image='visual_0.png', interpolate=False, mask=None, maskParams=None, name='Movie Frame 0', opacity=1, ori=0.0, pos=array([0., 0.]), size=array([1024,  768]), texRes=128, units='pix', win=Window(...))
13.7628 	EXP 	Created Movie Frame 1 = ImageStim(__class__=<class 'psychopy.visual.image.ImageStim'>, autoLog=True, color=array([0.8, 0.8, 0.8]), colorSpace='rgb', contrast=0.8, depth=0, flipHoriz=False, flipVert=False, image='visual_1.png', interpolate=False, mask=None, maskParams=None, name='Movie Frame 1', opacity=1, ori=0.0, pos=array([0., 0.]), size=array([1024,  768]), texRes=128, units='pix', win=Window(...))
13.7937 	EXP 	window1: mouseVisible = True
MonitorDistance=99cm
MonitorWidth=30cm
PixelWidth=1024.0
PixelHeight=768.0
You have detected 8 out of 9 targets.
Well done! Keep up the good work
9.9730 	INFO 	Loaded monitor calibration from ['2021_05_26 17:55']
10.4308 	EXP 	Created window1 = Window(allowGUI=False, allowStencil=False, autoLog=True, backendConf=UNKNOWN, bitsMode=UNKNOWN, blendMode='avg', bpc=(8, 8, 8), color=array([-0.5, -0.5, -0.5]), colorSpace='rgb', depthBits=8, fullscr=<method-wrapper '__getattribute__' of attributeSetter object at 0x7fefcdca2390>, gamma=None, gammaErrorPolicy='raise', lms=UNKNOWN, monitor=<psychopy.monitors.calibTools.Monitor object at 0x7fefc3ac1048>, multiSample=False, name='window1', numSamples=2, pos=[0.0, 0.0], screen=0, size=array([1024,  768]), stencilBits=0, stereo=False, units='deg', useFBO=False, useRetina=False, viewOri=0.0, viewPos=None, viewScale=None, waitBlanking=True, winType='pyglet')
10.4308 	EXP 	window1: mouseVisible = True
10.5039 	EXP 	Created unnamed TextStim = TextStim(__class__=<class 'psychopy.visual.text.TextStim'>, alignHoriz=method-wrapper(...), alignText='center', alignVert=method-wrapper(...), anchorHoriz='center', anchorVert='center', antialias=True, autoLog=True, bold=False, color=array([1., 1., 1.]), colorSpace='rgb', contrast=1.0, depth=0, flipHoriz=False, flipVert=False, font='', fontFiles=[], height=0.5, italic=False, languageStyle='LTR', name='unnamed TextStim', opacity=1.0, ori=0.0, pos=array([0., 0.]), rgb=UNKNOWN, text=str(...), units='deg', win=Window(...), wrapWidth=15.0)
10.5370 	EXP 	Created Movie Frame 0 = ImageStim(__class__=<class 'psychopy.visual.image.ImageStim'>, autoLog=True, color=array([0.8, 0.8, 0.8]), colorSpace='rgb', contrast=0.8, depth=0, flipHoriz=False, flipVert=False, image='visual_0.png', interpolate=False, mask=None, maskParams=None, name='Movie Frame 0', opacity=1, ori=0.0, pos=array([0., 0.]), size=array([1024,  768]), texRes=128, units='pix', win=Window(...))
10.5605 	EXP 	Created Movie Frame 1 = ImageStim(__class__=<class 'psychopy.visual.image.ImageStim'>, autoLog=True, color=array([0.8, 0.8, 0.8]), colorSpace='rgb', contrast=0.8, depth=0, flipHoriz=False, flipVert=False, image='visual_1.png', interpolate=False, mask=None, maskParams=None, name='Movie Frame 1', opacity=1, ori=0.0, pos=array([0., 0.]), size=array([1024,  768]), texRes=128, units='pix', win=Window(...))
44.2698 	DATA 	Keypress: 5
0.0000 	DATA 	StartOfRun sub-05_ses-03_run-05
0.0000 	DATA 	TR 1 | TR1 1 | TR2 0
0.0079 	DATA 	Initial baseline

1.5509 	DATA 	Keypress: 5
1.5509 	DATA 	TR 2 | TR1 1 | TR2 1
3.1221 	DATA 	Keypress: 5
3.1221 	DATA 	TR 3 | TR1 2 | TR2 1
4.6742 	DATA 	Keypress: 5
4.6743 	DATA 	TR 4 | TR1 2 | TR2 2
6.2454 	DATA 	Keypress: 5
6.2454 	DATA 	TR 5 | TR1 3 | TR2 2
7.7976 	DATA 	Keypress: 5
7.7976 	DATA 	TR 6 | TR1 3 | TR2 3
9.3688 	DATA 	Keypress: 5
9.3688 	DATA 	TR 7 | TR1 4 | TR2 3
10.9210 	DATA 	Keypress: 5
10.9210 	DATA 	TR 8 | TR1 4 | TR2 4
12.4922 	DATA 	Keypress: 5
12.4922 	DATA 	TR 9 | TR1 5 | TR2 4
14.0442 	DATA 	Keypress: 5
14.0442 	DATA 	TR 10 | TR1 5 | TR2 5
15.6155 	DATA 	Keypress: 5
15.6156 	DATA 	TR 11 | TR1 6 | TR2 5
17.1678 	DATA 	Keypress: 5
17.1678 	DATA 	TR 12 | TR1 6 | TR2 6
18.7389 	DATA 	Keypress: 5
18.7390 	DATA 	TR 13 | TR1 7 | TR2 6
20.2912 	DATA 	Keypress: 5
20.2912 	DATA 	TR 14 | TR1 7 | TR2 7
21.8624 	DATA 	Keypress: 5
21.8624 	DATA 	TR 15 | TR1 8 | TR2 7
23.4145 	DATA 	Keypress: 5
23.4145 	DATA 	TR 16 | TR1 8 | TR2 8
24.9857 	DATA 	Keypress: 5
24.9857 	DATA 	TR 17 | TR1 9 | TR2 8
26.5379 	DATA 	Keypress: 5
26.5379 	DATA 	TR 18 | TR1 9 | TR2 9
28.1092 	DATA 	Keypress: 5
28.1092 	DATA 	TR 19 | TR1 10 | TR2 9
29.6613 	DATA 	Keypress: 5
29.6613 	DATA 	TR 20 | TR1 10 | TR2 10
31.2391 	DATA 	Keypress: 5
31.2391 	DATA 	Waited 1.2391149997711182 seconds for trigger
31.2405 	DATA 	
31.2405 	DATA 	Trial 1
31.2406 	DATA 	stimDur = 1.0
31.2406 	DATA 	jitter = 0.78525
31.2406 	DATA 	restDur = 12.0

31.2406 	DATA 	
31.2406 	DATA 	TR 21 | TR1 11 | TR2 10
32.0389 	DATA 	
32.0390 	DATA 	stimulation started
32.0390 	DATA 	
32.7890 	DATA 	Keypress: 5
32.7891 	DATA 	TR 22 | TR1 11 | TR2 11
33.0389 	DATA 	
33.0389 	DATA 	stimulation stopped
33.0389 	DATA 	
34.3560 	DATA 	Keypress: 5
34.3722 	DATA 	TR 23 | TR1 12 | TR2 11
35.9220 	DATA 	Keypress: 5
35.9220 	DATA 	TR 24 | TR1 12 | TR2 12
37.4884 	DATA 	Keypress: 5
37.4885 	DATA 	TR 25 | TR1 13 | TR2 12
39.0384 	DATA 	Keypress: 5
39.0384 	DATA 	TR 26 | TR1 13 | TR2 13
40.6048 	DATA 	Keypress: 5
40.6049 	DATA 	TR 27 | TR1 14 | TR2 13
42.1547 	DATA 	Keypress: 5
42.1547 	DATA 	TR 28 | TR1 14 | TR2 14
43.7379 	DATA 	Keypress: 5
43.7379 	DATA 	TR 29 | TR1 15 | TR2 14
45.0377 	DATA 	
45.0378 	DATA 	Trial complete
45.0378 	DATA 	Waiting for VASO trigger to start next trial
45.0378 	DATA 	
45.2878 	DATA 	Keypress: 5
45.2878 	DATA 	TR 30 | TR1 15 | TR2 15
46.8543 	DATA 	Keypress: 5
46.8543 	DATA 	Waited 1.8165619373321533 seconds for trigger
46.8551 	DATA 	
46.8551 	DATA 	Trial 2
46.8551 	DATA 	stimDur = 12.0
46.8551 	DATA 	jitter = 0.0
46.8551 	DATA 	restDur = 20.0

46.8551 	DATA 	
46.8551 	DATA 	TR 31 | TR1 16 | TR2 15
46.8551 	DATA 	
46.8551 	DATA 	stimulation started
46.8551 	DATA 	
48.4042 	DATA 	Keypress: 5
48.4042 	DATA 	TR 32 | TR1 16 | TR2 16
49.9874 	DATA 	Keypress: 5
49.9875 	DATA 	TR 33 | TR1 17 | TR2 16
51.5372 	DATA 	Keypress: 5
51.5373 	DATA 	TR 34 | TR1 17 | TR2 17
53.1038 	DATA 	Keypress: 5
53.1039 	DATA 	TR 35 | TR1 18 | TR2 17
54.6536 	DATA 	Keypress: 5
54.6537 	DATA 	TR 36 | TR1 18 | TR2 18
56.2202 	DATA 	Keypress: 5
56.2202 	DATA 	TR 37 | TR1 19 | TR2 18
57.7709 	DATA 	Keypress: 5
57.7866 	DATA 	TR 38 | TR1 19 | TR2 19
58.8699 	DATA 	
58.8699 	DATA 	stimulation stopped
58.8699 	DATA 	
59.3532 	DATA 	Keypress: 5
59.3532 	DATA 	TR 39 | TR1 20 | TR2 19
60.9030 	DATA 	Keypress: 5
60.9031 	DATA 	TR 40 | TR1 20 | TR2 20
62.4696 	DATA 	Keypress: 5
62.4696 	DATA 	TR 41 | TR1 21 | TR2 20
64.0194 	DATA 	Keypress: 5
64.0194 	DATA 	TR 42 | TR1 21 | TR2 21
65.6026 	DATA 	Keypress: 5
65.6027 	DATA 	TR 43 | TR1 22 | TR2 21
67.1524 	DATA 	Keypress: 5
67.1525 	DATA 	TR 44 | TR1 22 | TR2 22
68.7190 	DATA 	Keypress: 5
68.7191 	DATA 	TR 45 | TR1 23 | TR2 22
70.2688 	DATA 	Keypress: 5
70.2689 	DATA 	TR 46 | TR1 23 | TR2 23
71.8520 	DATA 	Keypress: 5
71.8521 	DATA 	TR 47 | TR1 24 | TR2 23
73.4019 	DATA 	Keypress: 5
73.4019 	DATA 	TR 48 | TR1 24 | TR2 24
74.9684 	DATA 	Keypress: 5
74.9685 	DATA 	TR 49 | TR1 25 | TR2 24
76.5183 	DATA 	Keypress: 5
76.5183 	DATA 	TR 50 | TR1 25 | TR2 25
78.0848 	DATA 	Keypress: 5
78.0849 	DATA 	TR 51 | TR1 26 | TR2 25
78.8680 	DATA 	
78.8680 	DATA 	Trial complete
78.8680 	DATA 	Waiting for VASO trigger to start next trial
78.8680 	DATA 	
79.6348 	DATA 	Keypress: 5
79.6348 	DATA 	TR 52 | TR1 26 | TR2 26
81.2179 	DATA 	Keypress: 5
81.2179 	DATA 	Waited 2.3498640060424805 seconds for trigger
81.2187 	DATA 	
81.2187 	DATA 	Trial 3
81.2187 	DATA 	stimDur = 2.0
81.2187 	DATA 	jitter = 1.5705
81.2187 	DATA 	restDur = 14.0

81.2187 	DATA 	
81.2187 	DATA 	TR 53 | TR1 27 | TR2 26
82.7677 	DATA 	Keypress: 5
82.7677 	DATA 	TR 54 | TR1 27 | TR2 27
82.8010 	DATA 	
82.8010 	DATA 	stimulation started
82.8010 	DATA 	
84.3343 	DATA 	Keypress: 5
84.3344 	DATA 	TR 55 | TR1 28 | TR2 27
84.8009 	DATA 	
84.8009 	DATA 	stimulation stopped
84.8009 	DATA 	
85.8841 	DATA 	Keypress: 5
85.8841 	DATA 	TR 56 | TR1 28 | TR2 28
87.4673 	DATA 	Keypress: 5
87.4673 	DATA 	TR 57 | TR1 29 | TR2 28
87.9339 	DATA 	Target presented
88.4838 	DATA 	Keypress: 1
88.4839 	DATA 	Key1 pressed
88.4839 	DATA 	Target detected
89.0171 	DATA 	Keypress: 5
89.0171 	DATA 	TR 58 | TR1 29 | TR2 29
90.5837 	DATA 	Keypress: 5
90.5837 	DATA 	TR 59 | TR1 30 | TR2 29
92.1335 	DATA 	Keypress: 5
92.1335 	DATA 	TR 60 | TR1 30 | TR2 30
93.7006 	DATA 	Keypress: 5
93.7167 	DATA 	TR 61 | TR1 31 | TR2 30
95.2666 	DATA 	Keypress: 5
95.2666 	DATA 	TR 62 | TR1 31 | TR2 31
96.8332 	DATA 	Keypress: 5
96.8333 	DATA 	TR 63 | TR1 32 | TR2 31
98.3829 	DATA 	Keypress: 5
98.3830 	DATA 	TR 64 | TR1 32 | TR2 32
98.7995 	DATA 	
98.7995 	DATA 	Trial complete
98.7996 	DATA 	Waiting for VASO trigger to start next trial
98.7996 	DATA 	
99.9495 	DATA 	Keypress: 5
99.9495 	DATA 	Waited 1.1499509811401367 seconds for trigger
99.9503 	DATA 	
99.9503 	DATA 	Trial 4
99.9503 	DATA 	stimDur = 1.0
99.9503 	DATA 	jitter = 2.35575
99.9503 	DATA 	restDur = 12.0

99.9503 	DATA 	
99.9503 	DATA 	TR 65 | TR1 33 | TR2 32
101.4993 	DATA 	Keypress: 5
101.4994 	DATA 	TR 66 | TR1 33 | TR2 33
102.3159 	DATA 	
102.3159 	DATA 	stimulation started
102.3159 	DATA 	
103.0826 	DATA 	Keypress: 5
103.0826 	DATA 	TR 67 | TR1 34 | TR2 33
103.3158 	DATA 	
103.3158 	DATA 	stimulation stopped
103.3158 	DATA 	
104.6324 	DATA 	Keypress: 5
104.6324 	DATA 	TR 68 | TR1 34 | TR2 34
106.1989 	DATA 	Keypress: 5
106.1990 	DATA 	TR 69 | TR1 35 | TR2 34
107.7487 	DATA 	Keypress: 5
107.7488 	DATA 	TR 70 | TR1 35 | TR2 35
109.3320 	DATA 	Keypress: 5
109.3320 	DATA 	TR 71 | TR1 36 | TR2 35
110.8818 	DATA 	Keypress: 5
110.8818 	DATA 	TR 72 | TR1 36 | TR2 36
112.4483 	DATA 	Keypress: 5
112.4484 	DATA 	TR 73 | TR1 37 | TR2 36
113.9982 	DATA 	Keypress: 5
113.9982 	DATA 	TR 74 | TR1 37 | TR2 37
115.3147 	DATA 	
115.3147 	DATA 	Trial complete
115.3147 	DATA 	Waiting for VASO trigger to start next trial
115.3147 	DATA 	
115.5648 	DATA 	Keypress: 5
115.5648 	DATA 	Waited 0.2500889301300049 seconds for trigger
115.5656 	DATA 	
115.5656 	DATA 	Trial 5
115.5656 	DATA 	stimDur = 24.0
115.5656 	DATA 	jitter = 0.0
115.5656 	DATA 	restDur = 24.0

115.5656 	DATA 	
115.5656 	DATA 	TR 75 | TR1 38 | TR2 37
115.5656 	DATA 	
115.5656 	DATA 	stimulation started
115.5656 	DATA 	
117.1153 	DATA 	Keypress: 5
117.1312 	DATA 	TR 76 | TR1 38 | TR2 38
118.6978 	DATA 	Keypress: 5
118.6979 	DATA 	TR 77 | TR1 39 | TR2 38
120.2477 	DATA 	Keypress: 5
120.2477 	DATA 	TR 78 | TR1 39 | TR2 39
121.8142 	DATA 	Keypress: 5
121.8143 	DATA 	TR 79 | TR1 40 | TR2 39
123.3641 	DATA 	Keypress: 5
123.3641 	DATA 	TR 80 | TR1 40 | TR2 40
124.9473 	DATA 	Keypress: 5
124.9473 	DATA 	TR 81 | TR1 41 | TR2 40
126.4971 	DATA 	Keypress: 5
126.4971 	DATA 	TR 82 | TR1 41 | TR2 41
128.0637 	DATA 	Keypress: 5
128.0637 	DATA 	TR 83 | TR1 42 | TR2 41
129.6135 	DATA 	Keypress: 5
129.6135 	DATA 	TR 84 | TR1 42 | TR2 42
131.1801 	DATA 	Keypress: 5
131.1802 	DATA 	TR 85 | TR1 43 | TR2 42
132.7465 	DATA 	Keypress: 5
132.7466 	DATA 	TR 86 | TR1 43 | TR2 43
134.3131 	DATA 	Keypress: 5
134.3131 	DATA 	TR 87 | TR1 44 | TR2 43
135.8629 	DATA 	Keypress: 5
135.8630 	DATA 	TR 88 | TR1 44 | TR2 44
137.4295 	DATA 	Keypress: 5
137.4295 	DATA 	TR 89 | TR1 45 | TR2 44
138.9793 	DATA 	Keypress: 5
138.9794 	DATA 	TR 90 | TR1 45 | TR2 45
139.5792 	DATA 	
139.5792 	DATA 	stimulation stopped
139.5792 	DATA 	
140.5625 	DATA 	Keypress: 5
140.5625 	DATA 	TR 91 | TR1 46 | TR2 45
142.1123 	DATA 	Keypress: 5
142.1123 	DATA 	TR 92 | TR1 46 | TR2 46
143.6788 	DATA 	Keypress: 5
143.6789 	DATA 	TR 93 | TR1 47 | TR2 46
145.2287 	DATA 	Keypress: 5
145.2287 	DATA 	TR 94 | TR1 47 | TR2 47
146.8120 	DATA 	Keypress: 5
146.8120 	DATA 	TR 95 | TR1 48 | TR2 47
148.3617 	DATA 	Keypress: 5
148.3618 	DATA 	TR 96 | TR1 48 | TR2 48
148.4451 	DATA 	Target presented
148.8283 	DATA 	Keypress: 1
148.8284 	DATA 	Key1 pressed
148.8284 	DATA 	Target detected
149.9283 	DATA 	Keypress: 5
149.9283 	DATA 	TR 97 | TR1 49 | TR2 48
151.4781 	DATA 	Keypress: 5
151.4781 	DATA 	TR 98 | TR1 49 | TR2 49
153.0447 	DATA 	Keypress: 5
153.0447 	DATA 	TR 99 | TR1 50 | TR2 49
154.5951 	DATA 	Keypress: 5
154.6111 	DATA 	TR 100 | TR1 50 | TR2 50
156.1777 	DATA 	Keypress: 5
156.1778 	DATA 	TR 101 | TR1 51 | TR2 50
157.7275 	DATA 	Keypress: 5
157.7276 	DATA 	TR 102 | TR1 51 | TR2 51
159.2941 	DATA 	Keypress: 5
159.2941 	DATA 	TR 103 | TR1 52 | TR2 51
160.8439 	DATA 	Keypress: 5
160.8440 	DATA 	TR 104 | TR1 52 | TR2 52
162.4271 	DATA 	Keypress: 5
162.4272 	DATA 	TR 105 | TR1 53 | TR2 52
163.5770 	DATA 	
163.5770 	DATA 	Trial complete
163.5770 	DATA 	Waiting for VASO trigger to start next trial
163.5770 	DATA 	
163.9770 	DATA 	Keypress: 5
163.9770 	DATA 	TR 106 | TR1 53 | TR2 53
165.5435 	DATA 	Keypress: 5
165.5436 	DATA 	Waited 1.966559886932373 seconds for trigger
165.5443 	DATA 	
165.5443 	DATA 	Trial 6
165.5444 	DATA 	stimDur = 24.0
165.5444 	DATA 	jitter = 1.5705
165.5444 	DATA 	restDur = 24.0

165.5444 	DATA 	
165.5444 	DATA 	TR 107 | TR1 54 | TR2 53
167.0935 	DATA 	Keypress: 5
167.0936 	DATA 	TR 108 | TR1 54 | TR2 54
167.1266 	DATA 	
167.1267 	DATA 	stimulation started
167.1267 	DATA 	
168.6607 	DATA 	Keypress: 5
168.6766 	DATA 	TR 109 | TR1 55 | TR2 54
170.2265 	DATA 	Keypress: 5
170.2265 	DATA 	TR 110 | TR1 55 | TR2 55
171.7931 	DATA 	Keypress: 5
171.7932 	DATA 	TR 111 | TR1 56 | TR2 55
173.3428 	DATA 	Keypress: 5
173.3429 	DATA 	TR 112 | TR1 56 | TR2 56
174.9094 	DATA 	Keypress: 5
174.9094 	DATA 	TR 113 | TR1 57 | TR2 56
176.4592 	DATA 	Keypress: 5
176.4593 	DATA 	TR 114 | TR1 57 | TR2 57
178.0424 	DATA 	Keypress: 5
178.0425 	DATA 	TR 115 | TR1 58 | TR2 57
179.5923 	DATA 	Keypress: 5
179.5923 	DATA 	TR 116 | TR1 58 | TR2 58
181.1588 	DATA 	Keypress: 5
181.1589 	DATA 	TR 117 | TR1 59 | TR2 58
182.7087 	DATA 	Keypress: 5
182.7087 	DATA 	TR 118 | TR1 59 | TR2 59
184.2919 	DATA 	Keypress: 5
184.2919 	DATA 	TR 119 | TR1 60 | TR2 59
185.8417 	DATA 	Keypress: 5
185.8418 	DATA 	TR 120 | TR1 60 | TR2 60
187.4082 	DATA 	Keypress: 5
187.4083 	DATA 	TR 121 | TR1 61 | TR2 60
188.9581 	DATA 	Keypress: 5
188.9581 	DATA 	TR 122 | TR1 61 | TR2 61
190.5246 	DATA 	Keypress: 5
190.5247 	DATA 	TR 123 | TR1 62 | TR2 61
191.1245 	DATA 	
191.1246 	DATA 	stimulation stopped
191.1246 	DATA 	
192.0911 	DATA 	Keypress: 5
192.0911 	DATA 	TR 124 | TR1 62 | TR2 62
193.6576 	DATA 	Keypress: 5
193.6577 	DATA 	TR 125 | TR1 63 | TR2 62
195.2075 	DATA 	Keypress: 5
195.2075 	DATA 	TR 126 | TR1 63 | TR2 63
196.7740 	DATA 	Keypress: 5
196.7741 	DATA 	TR 127 | TR1 64 | TR2 63
198.3238 	DATA 	Keypress: 5
198.3239 	DATA 	TR 128 | TR1 64 | TR2 64
199.9069 	DATA 	Keypress: 5
199.9069 	DATA 	TR 129 | TR1 65 | TR2 64
201.4569 	DATA 	Keypress: 5
201.4569 	DATA 	TR 130 | TR1 65 | TR2 65
203.0235 	DATA 	Keypress: 5
203.0235 	DATA 	TR 131 | TR1 66 | TR2 65
204.5733 	DATA 	Keypress: 5
204.5733 	DATA 	TR 132 | TR1 66 | TR2 66
206.1565 	DATA 	Keypress: 5
206.1565 	DATA 	TR 133 | TR1 67 | TR2 66
207.7063 	DATA 	Keypress: 5
207.7064 	DATA 	TR 134 | TR1 67 | TR2 67
209.2729 	DATA 	Keypress: 5
209.2729 	DATA 	TR 135 | TR1 68 | TR2 67
210.8227 	DATA 	Keypress: 5
210.8227 	DATA 	TR 136 | TR1 68 | TR2 68
212.3892 	DATA 	Keypress: 5
212.3893 	DATA 	TR 137 | TR1 69 | TR2 68
213.9391 	DATA 	Keypress: 5
213.9391 	DATA 	TR 138 | TR1 69 | TR2 69
215.1223 	DATA 	
215.1223 	DATA 	Trial complete
215.1223 	DATA 	Waiting for VASO trigger to start next trial
215.1223 	DATA 	
215.5223 	DATA 	Keypress: 5
215.5224 	DATA 	Waited 0.40004396438598633 seconds for trigger
215.5231 	DATA 	
215.5231 	DATA 	Trial 7
215.5231 	DATA 	stimDur = 4.0
215.5232 	DATA 	jitter = 2.35575
215.5232 	DATA 	restDur = 16.0

215.5232 	DATA 	
215.5232 	DATA 	TR 139 | TR1 70 | TR2 69
217.0721 	DATA 	Keypress: 5
217.0722 	DATA 	TR 140 | TR1 70 | TR2 70
217.8887 	DATA 	
217.8887 	DATA 	stimulation started
217.8887 	DATA 	
218.6388 	DATA 	Keypress: 5
218.6388 	DATA 	TR 141 | TR1 71 | TR2 70
220.1886 	DATA 	Keypress: 5
220.1887 	DATA 	TR 142 | TR1 71 | TR2 71
221.7718 	DATA 	Keypress: 5
221.7718 	DATA 	TR 143 | TR1 72 | TR2 71
221.8884 	DATA 	
221.8884 	DATA 	stimulation stopped
221.8884 	DATA 	
222.5550 	DATA 	Target presented
223.0216 	DATA 	Keypress: 1
223.0217 	DATA 	Key1 pressed
223.0217 	DATA 	Target detected
223.3216 	DATA 	Keypress: 5
223.3217 	DATA 	TR 144 | TR1 72 | TR2 72
224.8882 	DATA 	Keypress: 5
224.8882 	DATA 	TR 145 | TR1 73 | TR2 72
226.4379 	DATA 	Keypress: 5
226.4380 	DATA 	TR 146 | TR1 73 | TR2 73
228.0051 	DATA 	Keypress: 5
228.0211 	DATA 	TR 147 | TR1 74 | TR2 73
229.5710 	DATA 	Keypress: 5
229.5710 	DATA 	TR 148 | TR1 74 | TR2 74
231.1376 	DATA 	Keypress: 5
231.1376 	DATA 	TR 149 | TR1 75 | TR2 74
232.6874 	DATA 	Keypress: 5
232.6874 	DATA 	TR 150 | TR1 75 | TR2 75
234.2540 	DATA 	Keypress: 5
234.2540 	DATA 	TR 151 | TR1 76 | TR2 75
235.8038 	DATA 	Keypress: 5
235.8038 	DATA 	TR 152 | TR1 76 | TR2 76
237.3870 	DATA 	Keypress: 5
237.3870 	DATA 	TR 153 | TR1 77 | TR2 76
237.8869 	DATA 	
237.8869 	DATA 	Trial complete
237.8869 	DATA 	Waiting for VASO trigger to start next trial
237.8869 	DATA 	
238.9368 	DATA 	Keypress: 5
238.9369 	DATA 	TR 154 | TR1 77 | TR2 77
240.5034 	DATA 	Keypress: 5
240.5034 	DATA 	Waited 2.616521120071411 seconds for trigger
240.5042 	DATA 	
240.5042 	DATA 	Trial 8
240.5042 	DATA 	stimDur = 24.0
240.5042 	DATA 	jitter = 2.35575
240.5042 	DATA 	restDur = 24.0

240.5042 	DATA 	
240.5042 	DATA 	TR 155 | TR1 78 | TR2 77
242.0532 	DATA 	Keypress: 5
242.0532 	DATA 	TR 156 | TR1 78 | TR2 78
242.8698 	DATA 	
242.8698 	DATA 	stimulation started
242.8698 	DATA 	
243.6205 	DATA 	Keypress: 5
243.6364 	DATA 	TR 157 | TR1 79 | TR2 78
245.1863 	DATA 	Keypress: 5
245.1864 	DATA 	TR 158 | TR1 79 | TR2 79
246.7528 	DATA 	Keypress: 5
246.7529 	DATA 	TR 159 | TR1 80 | TR2 79
248.3027 	DATA 	Keypress: 5
248.3027 	DATA 	TR 160 | TR1 80 | TR2 80
249.8693 	DATA 	Keypress: 5
249.8693 	DATA 	TR 161 | TR1 81 | TR2 80
251.4198 	DATA 	Keypress: 5
251.4357 	DATA 	TR 162 | TR1 81 | TR2 81
253.0023 	DATA 	Keypress: 5
253.0023 	DATA 	TR 163 | TR1 82 | TR2 81
254.5523 	DATA 	Keypress: 5
254.5523 	DATA 	TR 164 | TR1 82 | TR2 82
256.1187 	DATA 	Keypress: 5
256.1187 	DATA 	TR 165 | TR1 83 | TR2 82
257.6685 	DATA 	Keypress: 5
257.6685 	DATA 	TR 166 | TR1 83 | TR2 83
259.2518 	DATA 	Keypress: 5
259.2518 	DATA 	TR 167 | TR1 84 | TR2 83
260.8016 	DATA 	Keypress: 5
260.8016 	DATA 	TR 168 | TR1 84 | TR2 84
262.3683 	DATA 	Keypress: 5
262.3684 	DATA 	TR 169 | TR1 85 | TR2 84
263.9180 	DATA 	Keypress: 5
263.9180 	DATA 	TR 170 | TR1 85 | TR2 85
265.4846 	DATA 	Keypress: 5
265.4847 	DATA 	TR 171 | TR1 86 | TR2 85
266.8677 	DATA 	
266.8677 	DATA 	stimulation stopped
266.8677 	DATA 	
267.0509 	DATA 	Keypress: 5
267.0510 	DATA 	TR 172 | TR1 86 | TR2 86
268.6175 	DATA 	Keypress: 5
268.6175 	DATA 	TR 173 | TR1 87 | TR2 86
270.1673 	DATA 	Keypress: 5
270.1674 	DATA 	TR 174 | TR1 87 | TR2 87
271.7339 	DATA 	Keypress: 5
271.7339 	DATA 	TR 175 | TR1 88 | TR2 87
273.2835 	DATA 	Keypress: 5
273.2836 	DATA 	TR 176 | TR1 88 | TR2 88
274.8669 	DATA 	Keypress: 5
274.8670 	DATA 	TR 177 | TR1 89 | TR2 88
276.4167 	DATA 	Keypress: 5
276.4168 	DATA 	TR 178 | TR1 89 | TR2 89
277.3499 	DATA 	Target presented
277.8166 	DATA 	Keypress: 1
277.8167 	DATA 	Key1 pressed
277.8167 	DATA 	Target detected
277.9832 	DATA 	Keypress: 5
277.9833 	DATA 	TR 179 | TR1 90 | TR2 89
279.5331 	DATA 	Keypress: 5
279.5332 	DATA 	TR 180 | TR1 90 | TR2 90
281.1163 	DATA 	Keypress: 5
281.1164 	DATA 	TR 181 | TR1 91 | TR2 90
282.6662 	DATA 	Keypress: 5
282.6662 	DATA 	TR 182 | TR1 91 | TR2 91
284.2327 	DATA 	Keypress: 5
284.2328 	DATA 	TR 183 | TR1 92 | TR2 91
285.7826 	DATA 	Keypress: 5
285.7826 	DATA 	TR 184 | TR1 92 | TR2 92
287.3491 	DATA 	Keypress: 5
287.3491 	DATA 	TR 185 | TR1 93 | TR2 92
288.8995 	DATA 	Keypress: 5
288.9156 	DATA 	TR 186 | TR1 93 | TR2 93
290.4821 	DATA 	Keypress: 5
290.4822 	DATA 	TR 187 | TR1 94 | TR2 93
290.8654 	DATA 	
290.8654 	DATA 	Trial complete
290.8654 	DATA 	Waiting for VASO trigger to start next trial
290.8654 	DATA 	
292.0320 	DATA 	Keypress: 5
292.0321 	DATA 	TR 188 | TR1 94 | TR2 94
293.5985 	DATA 	Keypress: 5
293.5986 	DATA 	Waited 2.7331480979919434 seconds for trigger
293.5994 	DATA 	
293.5994 	DATA 	Trial 9
293.5994 	DATA 	stimDur = 4.0
293.5994 	DATA 	jitter = 1.5705
293.5994 	DATA 	restDur = 16.0

293.5994 	DATA 	
293.5994 	DATA 	TR 189 | TR1 95 | TR2 94
295.1484 	DATA 	Keypress: 5
295.1485 	DATA 	TR 190 | TR1 95 | TR2 95
295.1817 	DATA 	
295.1817 	DATA 	stimulation started
295.1817 	DATA 	
296.7316 	DATA 	Keypress: 5
296.7317 	DATA 	TR 191 | TR1 96 | TR2 95
298.2815 	DATA 	Keypress: 5
298.2816 	DATA 	TR 192 | TR1 96 | TR2 96
299.1814 	DATA 	
299.1814 	DATA 	stimulation stopped
299.1814 	DATA 	
299.8480 	DATA 	Keypress: 5
299.8480 	DATA 	TR 193 | TR1 97 | TR2 96
301.3978 	DATA 	Keypress: 5
301.3979 	DATA 	TR 194 | TR1 97 | TR2 97
302.9649 	DATA 	Keypress: 5
302.9810 	DATA 	TR 195 | TR1 98 | TR2 97
304.5309 	DATA 	Keypress: 5
304.5309 	DATA 	TR 196 | TR1 98 | TR2 98
306.0974 	DATA 	Keypress: 5
306.0974 	DATA 	TR 197 | TR1 99 | TR2 98
307.6473 	DATA 	Keypress: 5
307.6473 	DATA 	TR 198 | TR1 99 | TR2 99
309.2138 	DATA 	Keypress: 5
309.2138 	DATA 	TR 199 | TR1 100 | TR2 99
310.7637 	DATA 	Keypress: 5
310.7637 	DATA 	TR 200 | TR1 100 | TR2 100
312.3468 	DATA 	Keypress: 5
312.3469 	DATA 	TR 201 | TR1 101 | TR2 100
313.8965 	DATA 	Keypress: 5
313.8966 	DATA 	TR 202 | TR1 101 | TR2 101
315.1798 	DATA 	
315.1798 	DATA 	Trial complete
315.1799 	DATA 	Waiting for VASO trigger to start next trial
315.1799 	DATA 	
315.4632 	DATA 	Keypress: 5
315.4632 	DATA 	Waited 0.28336286544799805 seconds for trigger
315.4640 	DATA 	
315.4640 	DATA 	Trial 10
315.4640 	DATA 	stimDur = 2.0
315.4640 	DATA 	jitter = 0.78525
315.4640 	DATA 	restDur = 14.0

315.4640 	DATA 	
315.4640 	DATA 	TR 203 | TR1 102 | TR2 101
316.2631 	DATA 	
316.2631 	DATA 	stimulation started
316.2631 	DATA 	
317.0131 	DATA 	Keypress: 5
317.0132 	DATA 	TR 204 | TR1 102 | TR2 102
318.2630 	DATA 	
318.2630 	DATA 	stimulation stopped
318.2630 	DATA 	
318.5962 	DATA 	Keypress: 5
318.5963 	DATA 	TR 205 | TR1 103 | TR2 102
320.1462 	DATA 	Keypress: 5
320.1462 	DATA 	TR 206 | TR1 103 | TR2 103
321.7126 	DATA 	Keypress: 5
321.7127 	DATA 	TR 207 | TR1 104 | TR2 103
323.2625 	DATA 	Keypress: 5
323.2626 	DATA 	TR 208 | TR1 104 | TR2 104
324.8290 	DATA 	Keypress: 5
324.8291 	DATA 	TR 209 | TR1 105 | TR2 104
326.3956 	DATA 	Keypress: 5
326.3956 	DATA 	TR 210 | TR1 105 | TR2 105
327.9621 	DATA 	Keypress: 5
327.9621 	DATA 	TR 211 | TR1 106 | TR2 105
329.5120 	DATA 	Keypress: 5
329.5120 	DATA 	TR 212 | TR1 106 | TR2 106
331.0784 	DATA 	Keypress: 5
331.0785 	DATA 	TR 213 | TR1 107 | TR2 106
331.4284 	DATA 	Target presented
331.9117 	DATA 	Keypress: 1
331.9117 	DATA 	Key1 pressed
331.9118 	DATA 	Target detected
332.2617 	DATA 	
332.2617 	DATA 	Trial complete
332.2617 	DATA 	Waiting for VASO trigger to start next trial
332.2617 	DATA 	
332.6283 	DATA 	Keypress: 5
332.6284 	DATA 	TR 214 | TR1 107 | TR2 107
334.2115 	DATA 	Keypress: 5
334.2115 	DATA 	Waited 1.9497969150543213 seconds for trigger
334.2123 	DATA 	
334.2123 	DATA 	Trial 11
334.2123 	DATA 	stimDur = 4.0
334.2123 	DATA 	jitter = 0.78525
334.2123 	DATA 	restDur = 16.0

334.2123 	DATA 	
334.2123 	DATA 	TR 215 | TR1 108 | TR2 107
335.0114 	DATA 	
335.0114 	DATA 	stimulation started
335.0114 	DATA 	
335.7614 	DATA 	Keypress: 5
335.7615 	DATA 	TR 216 | TR1 108 | TR2 108
337.3279 	DATA 	Keypress: 5
337.3280 	DATA 	TR 217 | TR1 109 | TR2 108
338.8778 	DATA 	Keypress: 5
338.8779 	DATA 	TR 218 | TR1 109 | TR2 109
339.0111 	DATA 	
339.0111 	DATA 	stimulation stopped
339.0111 	DATA 	
340.4609 	DATA 	Keypress: 5
340.4610 	DATA 	TR 219 | TR1 110 | TR2 109
342.0108 	DATA 	Keypress: 5
342.0109 	DATA 	TR 220 | TR1 110 | TR2 110
343.5771 	DATA 	Keypress: 5
343.5772 	DATA 	TR 221 | TR1 111 | TR2 110
345.1272 	DATA 	Keypress: 5
345.1272 	DATA 	TR 222 | TR1 111 | TR2 111
346.6937 	DATA 	Keypress: 5
346.6938 	DATA 	TR 223 | TR1 112 | TR2 111
348.2436 	DATA 	Keypress: 5
348.2436 	DATA 	TR 224 | TR1 112 | TR2 112
349.8267 	DATA 	Keypress: 5
349.8268 	DATA 	TR 225 | TR1 113 | TR2 112
351.3766 	DATA 	Keypress: 5
351.3767 	DATA 	TR 226 | TR1 113 | TR2 113
352.9431 	DATA 	Keypress: 5
352.9432 	DATA 	TR 227 | TR1 114 | TR2 113
354.4930 	DATA 	Keypress: 5
354.4930 	DATA 	TR 228 | TR1 114 | TR2 114
355.0095 	DATA 	
355.0095 	DATA 	Trial complete
355.0096 	DATA 	Waiting for VASO trigger to start next trial
355.0096 	DATA 	
356.0762 	DATA 	Keypress: 5
356.0762 	DATA 	Waited 1.066636085510254 seconds for trigger
356.0770 	DATA 	
356.0770 	DATA 	Trial 12
356.0770 	DATA 	stimDur = 1.0
356.0770 	DATA 	jitter = 0.0
356.0770 	DATA 	restDur = 12.0

356.0770 	DATA 	
356.0770 	DATA 	TR 229 | TR1 115 | TR2 114
356.0770 	DATA 	
356.0770 	DATA 	stimulation started
356.0770 	DATA 	
357.0928 	DATA 	
357.0928 	DATA 	stimulation stopped
357.0928 	DATA 	
357.6261 	DATA 	Keypress: 5
357.6261 	DATA 	TR 230 | TR1 115 | TR2 115
359.1926 	DATA 	Keypress: 5
359.1926 	DATA 	TR 231 | TR1 116 | TR2 115
360.7424 	DATA 	Keypress: 5
360.7425 	DATA 	TR 232 | TR1 116 | TR2 116
362.3091 	DATA 	Keypress: 5
362.3092 	DATA 	TR 233 | TR1 117 | TR2 116
363.8755 	DATA 	Keypress: 5
363.8755 	DATA 	TR 234 | TR1 117 | TR2 117
365.4420 	DATA 	Keypress: 5
365.4420 	DATA 	TR 235 | TR1 118 | TR2 117
366.9919 	DATA 	Keypress: 5
366.9919 	DATA 	TR 236 | TR1 118 | TR2 118
368.5584 	DATA 	Keypress: 5
368.5584 	DATA 	TR 237 | TR1 119 | TR2 118
369.0916 	DATA 	
369.0916 	DATA 	Trial complete
369.0917 	DATA 	Waiting for VASO trigger to start next trial
369.0917 	DATA 	
370.1082 	DATA 	Keypress: 5
370.1083 	DATA 	TR 238 | TR1 119 | TR2 119
371.6914 	DATA 	Keypress: 5
371.6915 	DATA 	Waited 2.5998129844665527 seconds for trigger
371.6922 	DATA 	
371.6922 	DATA 	Trial 13
371.6922 	DATA 	stimDur = 1.0
371.6923 	DATA 	jitter = 1.5705
371.6923 	DATA 	restDur = 12.0

371.6923 	DATA 	
371.6923 	DATA 	TR 239 | TR1 120 | TR2 119
373.2414 	DATA 	Keypress: 5
373.2415 	DATA 	TR 240 | TR1 120 | TR2 120
373.2746 	DATA 	
373.2746 	DATA 	stimulation started
373.2746 	DATA 	
374.2745 	DATA 	
374.2746 	DATA 	stimulation stopped
374.2746 	DATA 	
374.8078 	DATA 	Keypress: 5
374.8079 	DATA 	TR 241 | TR1 121 | TR2 120
376.3577 	DATA 	Keypress: 5
376.3577 	DATA 	TR 242 | TR1 121 | TR2 121
377.9408 	DATA 	Keypress: 5
377.9409 	DATA 	TR 243 | TR1 122 | TR2 121
379.4907 	DATA 	Keypress: 5
379.4908 	DATA 	TR 244 | TR1 122 | TR2 122
381.0572 	DATA 	Keypress: 5
381.0573 	DATA 	TR 245 | TR1 123 | TR2 122
382.6071 	DATA 	Keypress: 5
382.6072 	DATA 	TR 246 | TR1 123 | TR2 123
384.1736 	DATA 	Keypress: 5
384.1737 	DATA 	TR 247 | TR1 124 | TR2 123
385.7241 	DATA 	Keypress: 5
385.7401 	DATA 	TR 248 | TR1 124 | TR2 124
386.2734 	DATA 	
386.2734 	DATA 	Trial complete
386.2734 	DATA 	Waiting for VASO trigger to start next trial
386.2734 	DATA 	
387.3067 	DATA 	Keypress: 5
387.3067 	DATA 	Waited 1.0332951545715332 seconds for trigger
387.3075 	DATA 	
387.3075 	DATA 	Trial 14
387.3075 	DATA 	stimDur = 12.0
387.3075 	DATA 	jitter = 1.5705
387.3075 	DATA 	restDur = 20.0

387.3075 	DATA 	
387.3075 	DATA 	TR 249 | TR1 125 | TR2 124
388.8566 	DATA 	Keypress: 5
388.8566 	DATA 	TR 250 | TR1 125 | TR2 125
388.8898 	DATA 	
388.8898 	DATA 	stimulation started
388.8898 	DATA 	
390.4231 	DATA 	Keypress: 5
390.4231 	DATA 	TR 251 | TR1 126 | TR2 125
391.9730 	DATA 	Keypress: 5
391.9730 	DATA 	TR 252 | TR1 126 | TR2 126
393.5562 	DATA 	Keypress: 5
393.5562 	DATA 	TR 253 | TR1 127 | TR2 126
395.1061 	DATA 	Keypress: 5
395.1061 	DATA 	TR 254 | TR1 127 | TR2 127
396.6726 	DATA 	Keypress: 5
396.6727 	DATA 	TR 255 | TR1 128 | TR2 127
398.2224 	DATA 	Keypress: 5
398.2225 	DATA 	TR 256 | TR1 128 | TR2 128
399.7889 	DATA 	Keypress: 5
399.7890 	DATA 	TR 257 | TR1 129 | TR2 128
400.8888 	DATA 	
400.8888 	DATA 	stimulation stopped
400.8888 	DATA 	
401.3555 	DATA 	Keypress: 5
401.3555 	DATA 	TR 258 | TR1 129 | TR2 129
402.9219 	DATA 	Keypress: 5
402.9220 	DATA 	TR 259 | TR1 130 | TR2 129
404.4718 	DATA 	Keypress: 5
404.4719 	DATA 	TR 260 | TR1 130 | TR2 130
404.6883 	DATA 	Target presented
405.1217 	DATA 	Keypress: 1
405.1218 	DATA 	Key1 pressed
405.1218 	DATA 	Target detected
406.0383 	DATA 	Keypress: 5
406.0383 	DATA 	TR 261 | TR1 131 | TR2 130
407.5883 	DATA 	Keypress: 5
407.5883 	DATA 	TR 262 | TR1 131 | TR2 131
409.1713 	DATA 	Keypress: 5
409.1714 	DATA 	TR 263 | TR1 132 | TR2 131
410.7212 	DATA 	Keypress: 5
410.7213 	DATA 	TR 264 | TR1 132 | TR2 132
412.2877 	DATA 	Keypress: 5
412.2878 	DATA 	TR 265 | TR1 133 | TR2 132
413.8376 	DATA 	Keypress: 5
413.8377 	DATA 	TR 266 | TR1 133 | TR2 133
415.4208 	DATA 	Keypress: 5
415.4208 	DATA 	TR 267 | TR1 134 | TR2 133
416.9707 	DATA 	Keypress: 5
416.9707 	DATA 	TR 268 | TR1 134 | TR2 134
418.5371 	DATA 	Keypress: 5
418.5372 	DATA 	TR 269 | TR1 135 | TR2 134
420.0870 	DATA 	Keypress: 5
420.0871 	DATA 	TR 270 | TR1 135 | TR2 135
420.8869 	DATA 	
420.8869 	DATA 	Trial complete
420.8870 	DATA 	Waiting for VASO trigger to start next trial
420.8870 	DATA 	
421.6535 	DATA 	Keypress: 5
421.6536 	DATA 	Waited 0.7666339874267578 seconds for trigger
421.6544 	DATA 	
421.6544 	DATA 	Trial 15
421.6544 	DATA 	stimDur = 2.0
421.6544 	DATA 	jitter = 0.0
421.6544 	DATA 	restDur = 14.0

421.6544 	DATA 	
421.6544 	DATA 	TR 271 | TR1 136 | TR2 135
421.6544 	DATA 	
421.6544 	DATA 	stimulation started
421.6544 	DATA 	
423.2042 	DATA 	Keypress: 5
423.2201 	DATA 	TR 272 | TR1 136 | TR2 136
423.6700 	DATA 	
423.6701 	DATA 	stimulation stopped
423.6701 	DATA 	
424.7866 	DATA 	Keypress: 5
424.7867 	DATA 	TR 273 | TR1 137 | TR2 136
426.3365 	DATA 	Keypress: 5
426.3365 	DATA 	TR 274 | TR1 137 | TR2 137
427.9030 	DATA 	Keypress: 5
427.9030 	DATA 	TR 275 | TR1 138 | TR2 137
429.4529 	DATA 	Keypress: 5
429.4529 	DATA 	TR 276 | TR1 138 | TR2 138
431.0360 	DATA 	Keypress: 5
431.0361 	DATA 	TR 277 | TR1 139 | TR2 138
432.5859 	DATA 	Keypress: 5
432.5859 	DATA 	TR 278 | TR1 139 | TR2 139
434.1524 	DATA 	Keypress: 5
434.1525 	DATA 	TR 279 | TR1 140 | TR2 139
435.7023 	DATA 	Keypress: 5
435.7023 	DATA 	TR 280 | TR1 140 | TR2 140
437.2694 	DATA 	Keypress: 5
437.2854 	DATA 	TR 281 | TR1 141 | TR2 140
437.6687 	DATA 	
437.6687 	DATA 	Trial complete
437.6688 	DATA 	Waiting for VASO trigger to start next trial
437.6688 	DATA 	
438.8353 	DATA 	Keypress: 5
438.8354 	DATA 	TR 282 | TR1 141 | TR2 141
440.4018 	DATA 	Keypress: 5
440.4019 	DATA 	Waited 2.7331321239471436 seconds for trigger
440.4027 	DATA 	
440.4027 	DATA 	Trial 16
440.4027 	DATA 	stimDur = 4.0
440.4027 	DATA 	jitter = 0.0
440.4027 	DATA 	restDur = 16.0

440.4027 	DATA 	
440.4027 	DATA 	TR 283 | TR1 142 | TR2 141
440.4027 	DATA 	
440.4027 	DATA 	stimulation started
440.4027 	DATA 	
441.9518 	DATA 	Keypress: 5
441.9518 	DATA 	TR 284 | TR1 142 | TR2 142
443.5183 	DATA 	Keypress: 5
443.5183 	DATA 	TR 285 | TR1 143 | TR2 142
444.4182 	DATA 	
444.4182 	DATA 	stimulation stopped
444.4182 	DATA 	
445.0681 	DATA 	Keypress: 5
445.0682 	DATA 	TR 286 | TR1 143 | TR2 143
446.6513 	DATA 	Keypress: 5
446.6513 	DATA 	TR 287 | TR1 144 | TR2 143
448.2011 	DATA 	Keypress: 5
448.2012 	DATA 	TR 288 | TR1 144 | TR2 144
449.7677 	DATA 	Keypress: 5
449.7677 	DATA 	TR 289 | TR1 145 | TR2 144
451.3175 	DATA 	Keypress: 5
451.3176 	DATA 	TR 290 | TR1 145 | TR2 145
452.9007 	DATA 	Keypress: 5
452.9008 	DATA 	TR 291 | TR1 146 | TR2 145
454.4506 	DATA 	Keypress: 5
454.4506 	DATA 	TR 292 | TR1 146 | TR2 146
456.0171 	DATA 	Keypress: 5
456.0171 	DATA 	TR 293 | TR1 147 | TR2 146
457.5670 	DATA 	Keypress: 5
457.5670 	DATA 	TR 294 | TR1 147 | TR2 147
459.1335 	DATA 	Keypress: 5
459.1335 	DATA 	TR 295 | TR1 148 | TR2 147
460.4167 	DATA 	
460.4167 	DATA 	Trial complete
460.4167 	DATA 	Waiting for VASO trigger to start next trial
460.4167 	DATA 	
460.7001 	DATA 	Keypress: 5
460.7002 	DATA 	TR 296 | TR1 148 | TR2 148
462.2665 	DATA 	Keypress: 5
462.2667 	DATA 	Waited 1.849977970123291 seconds for trigger
462.2675 	DATA 	
462.2675 	DATA 	Trial 17
462.2675 	DATA 	stimDur = 12.0
462.2675 	DATA 	jitter = 2.35575
462.2675 	DATA 	restDur = 20.0

462.2675 	DATA 	
462.2675 	DATA 	TR 297 | TR1 149 | TR2 148
463.8164 	DATA 	Keypress: 5
463.8164 	DATA 	TR 298 | TR1 149 | TR2 149
464.6331 	DATA 	
464.6331 	DATA 	stimulation started
464.6331 	DATA 	
465.3830 	DATA 	Keypress: 5
465.3830 	DATA 	TR 299 | TR1 150 | TR2 149
466.9328 	DATA 	Keypress: 5
466.9329 	DATA 	TR 300 | TR1 150 | TR2 150
468.5160 	DATA 	Keypress: 5
468.5161 	DATA 	TR 301 | TR1 151 | TR2 150
470.0659 	DATA 	Keypress: 5
470.0659 	DATA 	TR 302 | TR1 151 | TR2 151
471.6325 	DATA 	Keypress: 5
471.6325 	DATA 	TR 303 | TR1 152 | TR2 151
473.1822 	DATA 	Keypress: 5
473.1823 	DATA 	TR 304 | TR1 152 | TR2 152
474.7655 	DATA 	Keypress: 5
474.7655 	DATA 	TR 305 | TR1 153 | TR2 152
476.3153 	DATA 	Keypress: 5
476.3153 	DATA 	TR 306 | TR1 153 | TR2 153
476.6319 	DATA 	
476.6319 	DATA 	stimulation stopped
476.6319 	DATA 	
477.8818 	DATA 	Keypress: 5
477.8818 	DATA 	TR 307 | TR1 154 | TR2 153
479.4317 	DATA 	Keypress: 5
479.4317 	DATA 	TR 308 | TR1 154 | TR2 154
480.9982 	DATA 	Keypress: 5
480.9983 	DATA 	TR 309 | TR1 155 | TR2 154
482.2147 	DATA 	Target presented
482.5480 	DATA 	Keypress: 1
482.5481 	DATA 	Keypress: 5
482.5481 	DATA 	Key1 pressed
482.5481 	DATA 	Target detected
482.5481 	DATA 	TR 310 | TR1 155 | TR2 155
484.1312 	DATA 	Keypress: 5
484.1313 	DATA 	TR 311 | TR1 156 | TR2 155
485.4978 	DATA 	Keypress: 1
485.4978 	DATA 	Key1 pressed
485.6811 	DATA 	Keypress: 5
485.6811 	DATA 	TR 312 | TR1 156 | TR2 156
487.2478 	DATA 	Keypress: 5
487.2478 	DATA 	TR 313 | TR1 157 | TR2 156
488.7975 	DATA 	Keypress: 5
488.7975 	DATA 	TR 314 | TR1 157 | TR2 157
490.3807 	DATA 	Keypress: 5
490.3807 	DATA 	TR 315 | TR1 158 | TR2 157
491.9303 	DATA 	Keypress: 5
491.9304 	DATA 	TR 316 | TR1 158 | TR2 158
493.4970 	DATA 	Keypress: 5
493.4971 	DATA 	TR 317 | TR1 159 | TR2 158
495.0469 	DATA 	Keypress: 5
495.0469 	DATA 	TR 318 | TR1 159 | TR2 159
496.6134 	DATA 	Keypress: 5
496.6134 	DATA 	TR 319 | TR1 160 | TR2 159
496.6300 	DATA 	
496.6301 	DATA 	Trial complete
496.6301 	DATA 	Waiting for VASO trigger to start next trial
496.6301 	DATA 	
498.1799 	DATA 	Keypress: 5
498.1800 	DATA 	TR 320 | TR1 160 | TR2 160
499.7465 	DATA 	Keypress: 5
499.7465 	DATA 	Waited 3.1164698600769043 seconds for trigger
499.7473 	DATA 	
499.7473 	DATA 	Trial 18
499.7473 	DATA 	stimDur = 2.0
499.7473 	DATA 	jitter = 2.35575
499.7473 	DATA 	restDur = 14.0

499.7473 	DATA 	
499.7474 	DATA 	TR 321 | TR1 161 | TR2 160
501.2963 	DATA 	Keypress: 5
501.2964 	DATA 	TR 322 | TR1 161 | TR2 161
502.1129 	DATA 	
502.1129 	DATA 	stimulation started
502.1129 	DATA 	
502.8629 	DATA 	Keypress: 5
502.8630 	DATA 	TR 323 | TR1 162 | TR2 161
504.1128 	DATA 	
504.1128 	DATA 	stimulation stopped
504.1128 	DATA 	
504.4127 	DATA 	Keypress: 5
504.4127 	DATA 	TR 324 | TR1 162 | TR2 162
505.9960 	DATA 	Keypress: 5
505.9961 	DATA 	TR 325 | TR1 163 | TR2 162
507.5457 	DATA 	Keypress: 5
507.5458 	DATA 	TR 326 | TR1 163 | TR2 163
509.1123 	DATA 	Keypress: 5
509.1123 	DATA 	TR 327 | TR1 164 | TR2 163
510.6621 	DATA 	Keypress: 5
510.6622 	DATA 	TR 328 | TR1 164 | TR2 164
512.2453 	DATA 	Keypress: 5
512.2454 	DATA 	TR 329 | TR1 165 | TR2 164
513.7952 	DATA 	Keypress: 5
513.7952 	DATA 	TR 330 | TR1 165 | TR2 165
515.3618 	DATA 	Keypress: 5
515.3618 	DATA 	TR 331 | TR1 166 | TR2 165
516.9116 	DATA 	Keypress: 5
516.9116 	DATA 	TR 332 | TR1 166 | TR2 166
518.1113 	DATA 	
518.1113 	DATA 	Trial complete
518.1113 	DATA 	Waiting for VASO trigger to start next trial
518.1113 	DATA 	
518.4781 	DATA 	Keypress: 5
518.4782 	DATA 	Waited 0.36681389808654785 seconds for trigger
518.4789 	DATA 	
518.4789 	DATA 	Trial 19
518.4789 	DATA 	stimDur = 24.0
518.4789 	DATA 	jitter = 0.78525
518.4789 	DATA 	restDur = 24.0

518.4789 	DATA 	
518.4789 	DATA 	TR 333 | TR1 167 | TR2 166
519.2780 	DATA 	
519.2780 	DATA 	stimulation started
519.2780 	DATA 	
520.0280 	DATA 	Keypress: 5
520.0280 	DATA 	TR 334 | TR1 167 | TR2 167
521.6112 	DATA 	Keypress: 5
521.6113 	DATA 	TR 335 | TR1 168 | TR2 167
523.1611 	DATA 	Keypress: 5
523.1611 	DATA 	TR 336 | TR1 168 | TR2 168
524.7276 	DATA 	Keypress: 5
524.7277 	DATA 	TR 337 | TR1 169 | TR2 168
526.2774 	DATA 	Keypress: 5
526.2774 	DATA 	TR 338 | TR1 169 | TR2 169
527.8607 	DATA 	Keypress: 5
527.8607 	DATA 	TR 339 | TR1 170 | TR2 169
529.4105 	DATA 	Keypress: 5
529.4105 	DATA 	TR 340 | TR1 170 | TR2 170
530.9770 	DATA 	Keypress: 5
530.9771 	DATA 	TR 341 | TR1 171 | TR2 170
532.5269 	DATA 	Keypress: 5
532.5269 	DATA 	TR 342 | TR1 171 | TR2 171
534.0934 	DATA 	Keypress: 5
534.0935 	DATA 	TR 343 | TR1 172 | TR2 171
535.6600 	DATA 	Keypress: 5
535.6600 	DATA 	TR 344 | TR1 172 | TR2 172
537.2265 	DATA 	Keypress: 5
537.2265 	DATA 	TR 345 | TR1 173 | TR2 172
538.7763 	DATA 	Keypress: 5
538.7763 	DATA 	TR 346 | TR1 173 | TR2 173
540.3428 	DATA 	Keypress: 5
540.3429 	DATA 	TR 347 | TR1 174 | TR2 173
541.8928 	DATA 	Keypress: 5
541.8929 	DATA 	TR 348 | TR1 174 | TR2 174
543.2759 	DATA 	
543.2759 	DATA 	stimulation stopped
543.2759 	DATA 	
543.4758 	DATA 	Keypress: 5
543.4759 	DATA 	TR 349 | TR1 175 | TR2 174
545.0257 	DATA 	Keypress: 5
545.0258 	DATA 	TR 350 | TR1 175 | TR2 175
546.5922 	DATA 	Keypress: 5
546.5923 	DATA 	TR 351 | TR1 176 | TR2 175
548.1421 	DATA 	Keypress: 5
548.1421 	DATA 	TR 352 | TR1 176 | TR2 176
549.7253 	DATA 	Keypress: 5
549.7253 	DATA 	TR 353 | TR1 177 | TR2 176
551.2751 	DATA 	Keypress: 5
551.2752 	DATA 	TR 354 | TR1 177 | TR2 177
552.8417 	DATA 	Keypress: 5
552.8417 	DATA 	TR 355 | TR1 178 | TR2 177
554.3915 	DATA 	Keypress: 5
554.3916 	DATA 	TR 356 | TR1 178 | TR2 178
554.8581 	DATA 	Target presented
555.5914 	DATA 	Keypress: 1
555.5915 	DATA 	Key1 pressed
555.5915 	DATA 	Target detected
555.9580 	DATA 	Keypress: 5
555.9581 	DATA 	TR 357 | TR1 179 | TR2 178
557.5085 	DATA 	Keypress: 5
557.5245 	DATA 	TR 358 | TR1 179 | TR2 179
559.0911 	DATA 	Keypress: 5
559.0912 	DATA 	TR 359 | TR1 180 | TR2 179
560.6411 	DATA 	Keypress: 5
560.6411 	DATA 	TR 360 | TR1 180 | TR2 180
562.2075 	DATA 	Keypress: 5
562.2075 	DATA 	TR 361 | TR1 181 | TR2 180
563.7573 	DATA 	Keypress: 5
563.7574 	DATA 	TR 362 | TR1 181 | TR2 181
565.3405 	DATA 	Keypress: 5
565.3406 	DATA 	TR 363 | TR1 182 | TR2 181
566.8904 	DATA 	Keypress: 5
566.8904 	DATA 	TR 364 | TR1 182 | TR2 182
567.2736 	DATA 	
567.2736 	DATA 	Trial complete
567.2736 	DATA 	
568.4569 	DATA 	Keypress: 5
568.4570 	DATA 	Waited 50.345627784729004 seconds for trigger
568.4578 	DATA 	
568.4578 	DATA 	Trial 20
568.4578 	DATA 	stimDur = 12.0
568.4578 	DATA 	jitter = 0.78525
568.4578 	DATA 	restDur = 20.0

568.4578 	DATA 	
568.4578 	DATA 	TR 365 | TR1 183 | TR2 182
569.2568 	DATA 	
569.2568 	DATA 	stimulation started
569.2568 	DATA 	
570.0068 	DATA 	Keypress: 5
570.0069 	DATA 	TR 366 | TR1 183 | TR2 183
571.5741 	DATA 	Keypress: 5
571.5899 	DATA 	TR 367 | TR1 184 | TR2 183
573.1398 	DATA 	Keypress: 5
573.1399 	DATA 	TR 368 | TR1 184 | TR2 184
574.7064 	DATA 	Keypress: 5
574.7065 	DATA 	TR 369 | TR1 185 | TR2 184
576.2562 	DATA 	Keypress: 5
576.2563 	DATA 	TR 370 | TR1 185 | TR2 185
577.8228 	DATA 	Keypress: 5
577.8228 	DATA 	TR 371 | TR1 186 | TR2 185
579.3726 	DATA 	Keypress: 5
579.3727 	DATA 	TR 372 | TR1 186 | TR2 186
580.9558 	DATA 	Keypress: 5
580.9558 	DATA 	TR 373 | TR1 187 | TR2 186
581.2558 	DATA 	
581.2558 	DATA 	stimulation stopped
581.2558 	DATA 	
582.5056 	DATA 	Keypress: 5
582.5057 	DATA 	TR 374 | TR1 187 | TR2 187
584.0722 	DATA 	Keypress: 5
584.0722 	DATA 	TR 375 | TR1 188 | TR2 187
585.6220 	DATA 	Keypress: 5
585.6220 	DATA 	TR 376 | TR1 188 | TR2 188
587.2052 	DATA 	Keypress: 5
587.2052 	DATA 	TR 377 | TR1 189 | TR2 188
588.7550 	DATA 	Keypress: 5
588.7551 	DATA 	TR 378 | TR1 189 | TR2 189
590.3216 	DATA 	Keypress: 5
590.3217 	DATA 	TR 379 | TR1 190 | TR2 189
591.8715 	DATA 	Keypress: 5
591.8715 	DATA 	TR 380 | TR1 190 | TR2 190
593.4381 	DATA 	Keypress: 5
593.4381 	DATA 	TR 381 | TR1 191 | TR2 190
595.0045 	DATA 	Keypress: 5
595.0045 	DATA 	TR 382 | TR1 191 | TR2 191
596.5710 	DATA 	Keypress: 5
596.5711 	DATA 	TR 383 | TR1 192 | TR2 191
598.1208 	DATA 	Keypress: 5
598.1209 	DATA 	TR 384 | TR1 192 | TR2 192
599.6874 	DATA 	Keypress: 5
599.6875 	DATA 	TR 385 | TR1 193 | TR2 192
601.2372 	DATA 	Keypress: 5
601.2372 	DATA 	TR 386 | TR1 193 | TR2 193
601.2539 	DATA 	
601.2539 	DATA 	Trial complete
601.2539 	DATA 	
602.8205 	DATA 	Keypress: 5
602.8205 	DATA 	TR 387 | TR1 194 | TR2 193
604.3703 	DATA 	Keypress: 5
604.3704 	DATA 	TR 388 | TR1 194 | TR2 194
605.9367 	DATA 	Keypress: 5
605.9368 	DATA 	TR 389 | TR1 195 | TR2 194
607.4867 	DATA 	Keypress: 5
607.4867 	DATA 	TR 390 | TR1 195 | TR2 195
608.2033 	DATA 	Target presented
609.0540 	DATA 	Keypress: 5
609.0698 	DATA 	TR 391 | TR1 196 | TR2 195
610.6197 	DATA 	Keypress: 5
610.6198 	DATA 	TR 392 | TR1 196 | TR2 196
612.1863 	DATA 	Keypress: 5
612.1863 	DATA 	TR 393 | TR1 197 | TR2 196
613.7361 	DATA 	Keypress: 5
613.7361 	DATA 	TR 394 | TR1 197 | TR2 197
615.3027 	DATA 	Keypress: 5
615.3027 	DATA 	TR 395 | TR1 198 | TR2 197
616.8531 	DATA 	Keypress: 5
616.8693 	DATA 	TR 396 | TR1 198 | TR2 198
618.4357 	DATA 	Keypress: 5
618.4358 	DATA 	TR 397 | TR1 199 | TR2 198
619.9856 	DATA 	Keypress: 5
619.9856 	DATA 	TR 398 | TR1 199 | TR2 199
621.5521 	DATA 	Keypress: 5
621.5522 	DATA 	TR 399 | TR1 200 | TR2 199
623.1019 	DATA 	Keypress: 5
623.1020 	DATA 	TR 400 | TR1 200 | TR2 200
624.6853 	DATA 	Keypress: 5
624.6854 	DATA 	TR 401 | TR1 201 | TR2 200
626.2350 	DATA 	Keypress: 5
626.2350 	DATA 	TR 402 | TR1 201 | TR2 201
627.8015 	DATA 	Keypress: 5
627.8016 	DATA 	TR 403 | TR1 202 | TR2 201
629.3514 	DATA 	Keypress: 5
629.3514 	DATA 	TR 404 | TR1 202 | TR2 202
630.9179 	DATA 	Keypress: 5
630.9180 	DATA 	TR 405 | TR1 203 | TR2 202
632.4844 	DATA 	Keypress: 5
632.4845 	DATA 	TR 406 | TR1 203 | TR2 203
634.0510 	DATA 	Keypress: 5
634.0510 	DATA 	TR 407 | TR1 204 | TR2 203
635.6008 	DATA 	Keypress: 5
635.6008 	DATA 	TR 408 | TR1 204 | TR2 204
637.1674 	DATA 	Keypress: 5
637.1674 	DATA 	TR 409 | TR1 205 | TR2 204
638.7172 	DATA 	Keypress: 5
638.7172 	DATA 	TR 410 | TR1 205 | TR2 205
640.3004 	DATA 	Keypress: 5
640.3004 	DATA 	TR 411 | TR1 206 | TR2 205
641.8503 	DATA 	Keypress: 5
641.8503 	DATA 	TR 412 | TR1 206 | TR2 206
643.4168 	DATA 	Keypress: 5
643.4168 	DATA 	TR 413 | TR1 207 | TR2 206
644.9666 	DATA 	Keypress: 5
644.9667 	DATA 	TR 414 | TR1 207 | TR2 207
646.5498 	DATA 	Keypress: 5
646.5499 	DATA 	TR 415 | TR1 208 | TR2 207
648.0997 	DATA 	Keypress: 5
648.0998 	DATA 	TR 416 | TR1 208 | TR2 208
649.6664 	DATA 	Keypress: 5
649.6665 	DATA 	TR 417 | TR1 209 | TR2 208
651.2163 	DATA 	Keypress: 5
651.2163 	DATA 	TR 418 | TR1 209 | TR2 209
652.7826 	DATA 	Keypress: 5
652.7827 	DATA 	TR 419 | TR1 210 | TR2 209
654.3324 	DATA 	Keypress: 5
654.3325 	DATA 	TR 420 | TR1 210 | TR2 210
655.9156 	DATA 	Keypress: 5
655.9156 	DATA 	TR 421 | TR1 211 | TR2 210
657.4653 	DATA 	Keypress: 5
657.4654 	DATA 	TR 422 | TR1 211 | TR2 211
659.0319 	DATA 	Keypress: 5
659.0320 	DATA 	TR 423 | TR1 212 | TR2 211
660.5817 	DATA 	Keypress: 5
660.5817 	DATA 	TR 424 | TR1 212 | TR2 212
662.1649 	DATA 	Keypress: 5
662.1649 	DATA 	TR 425 | TR1 213 | TR2 212
663.7147 	DATA 	Keypress: 5
663.7147 	DATA 	TR 426 | TR1 213 | TR2 213
665.2812 	DATA 	Keypress: 5
665.2813 	DATA 	TR 427 | TR1 214 | TR2 213
666.8310 	DATA 	Keypress: 5
666.8310 	DATA 	TR 428 | TR1 214 | TR2 214
668.3981 	DATA 	Keypress: 5
668.4141 	DATA 	TR 429 | TR1 215 | TR2 214
669.9642 	DATA 	Keypress: 5
669.9642 	DATA 	TR 430 | TR1 215 | TR2 215
671.5305 	DATA 	Keypress: 5
671.5305 	DATA 	TR 431 | TR1 216 | TR2 215
673.0803 	DATA 	Keypress: 5
673.0803 	DATA 	TR 432 | TR1 216 | TR2 216
674.6468 	DATA 	Keypress: 5
674.6469 	DATA 	TR 433 | TR1 217 | TR2 216
676.1966 	DATA 	Keypress: 5
676.1967 	DATA 	TR 434 | TR1 217 | TR2 217
680.1961 	DATA 	EndOfRun sub-05_ses-03_run-05

680.1961 	DATA 	We spent 80.63362884521484 seconds waiting for triggers
680.1961 	DATA 	RatioOfDetectedTargets 0.8888888888888888
680.1962 	DATA 	You have detected 8 out of 9 targets.
685.2259 	EXP 	window1: mouseVisible = True
