MonitorDistance=99cm
MonitorWidth=30cm
PixelWidth=1024.0
PixelHeight=768.0
You have detected 9 out of 9 targets.
Excellent! Keep up the good work
9.0688 	INFO 	Loaded monitor calibration from ['2021_05_26 17:55']
9.5450 	EXP 	Created window1 = Window(allowGUI=False, allowStencil=False, autoLog=True, backendConf=UNKNOWN, bitsMode=UNKNOWN, blendMode='avg', bpc=(8, 8, 8), color=array([-0.5, -0.5, -0.5]), colorSpace='rgb', depthBits=8, fullscr=<method-wrapper '__getattribute__' of attributeSetter object at 0x7f2b14cb6320>, gamma=None, gammaErrorPolicy='raise', lms=UNKNOWN, monitor=<psychopy.monitors.calibTools.Monitor object at 0x7f2b0aad3f98>, multiSample=False, name='window1', numSamples=2, pos=[0.0, 0.0], screen=0, size=array([1024,  768]), stencilBits=0, stereo=False, units='deg', useFBO=False, useRetina=False, viewOri=0.0, viewPos=None, viewScale=None, waitBlanking=True, winType='pyglet')
9.5451 	EXP 	window1: mouseVisible = True
9.6149 	EXP 	Created unnamed TextStim = TextStim(__class__=<class 'psychopy.visual.text.TextStim'>, alignHoriz=method-wrapper(...), alignText='center', alignVert=method-wrapper(...), anchorHoriz='center', anchorVert='center', antialias=True, autoLog=True, bold=False, color=array([1., 1., 1.]), colorSpace='rgb', contrast=1.0, depth=0, flipHoriz=False, flipVert=False, font='', fontFiles=[], height=0.5, italic=False, languageStyle='LTR', name='unnamed TextStim', opacity=1.0, ori=0.0, pos=array([0., 0.]), rgb=UNKNOWN, text=str(...), units='deg', win=Window(...), wrapWidth=15.0)
9.6451 	EXP 	Created Movie Frame 0 = ImageStim(__class__=<class 'psychopy.visual.image.ImageStim'>, autoLog=True, color=array([0.8, 0.8, 0.8]), colorSpace='rgb', contrast=0.8, depth=0, flipHoriz=False, flipVert=False, image='visual_0.png', interpolate=False, mask=None, maskParams=None, name='Movie Frame 0', opacity=1, ori=0.0, pos=array([0., 0.]), size=array([1024,  768]), texRes=128, units='pix', win=Window(...))
9.6682 	EXP 	Created Movie Frame 1 = ImageStim(__class__=<class 'psychopy.visual.image.ImageStim'>, autoLog=True, color=array([0.8, 0.8, 0.8]), colorSpace='rgb', contrast=0.8, depth=0, flipHoriz=False, flipVert=False, image='visual_1.png', interpolate=False, mask=None, maskParams=None, name='Movie Frame 1', opacity=1, ori=0.0, pos=array([0., 0.]), size=array([1024,  768]), texRes=128, units='pix', win=Window(...))
26.2876 	DATA 	Keypress: 5
0.0000 	DATA 	StartOfRun sub-05_ses-03_run-07
0.0000 	DATA 	TR 1 | TR1 1 | TR2 0
0.0139 	DATA 	Initial baseline

1.5496 	DATA 	Keypress: 5
1.5496 	DATA 	TR 2 | TR1 1 | TR2 1
3.1217 	DATA 	Keypress: 5
3.1217 	DATA 	TR 3 | TR1 2 | TR2 1
4.6729 	DATA 	Keypress: 5
4.6729 	DATA 	TR 4 | TR1 2 | TR2 2
6.2452 	DATA 	Keypress: 5
6.2453 	DATA 	TR 5 | TR1 3 | TR2 2
7.7964 	DATA 	Keypress: 5
7.7965 	DATA 	TR 6 | TR1 3 | TR2 3
9.3687 	DATA 	Keypress: 5
9.3687 	DATA 	TR 7 | TR1 4 | TR2 3
10.9198 	DATA 	Keypress: 5
10.9199 	DATA 	TR 8 | TR1 4 | TR2 4
12.4920 	DATA 	Keypress: 5
12.4920 	DATA 	TR 9 | TR1 5 | TR2 4
14.0432 	DATA 	Keypress: 5
14.0432 	DATA 	TR 10 | TR1 5 | TR2 5
15.6154 	DATA 	Keypress: 5
15.6154 	DATA 	TR 11 | TR1 6 | TR2 5
17.1666 	DATA 	Keypress: 5
17.1666 	DATA 	TR 12 | TR1 6 | TR2 6
18.7389 	DATA 	Keypress: 5
18.7389 	DATA 	TR 13 | TR1 7 | TR2 6
20.2899 	DATA 	Keypress: 5
20.2900 	DATA 	TR 14 | TR1 7 | TR2 7
21.8621 	DATA 	Keypress: 5
21.8622 	DATA 	TR 15 | TR1 8 | TR2 7
23.4132 	DATA 	Keypress: 5
23.4132 	DATA 	TR 16 | TR1 8 | TR2 8
24.9855 	DATA 	Keypress: 5
24.9855 	DATA 	TR 17 | TR1 9 | TR2 8
26.5367 	DATA 	Keypress: 5
26.5368 	DATA 	TR 18 | TR1 9 | TR2 9
28.1089 	DATA 	Keypress: 5
28.1089 	DATA 	TR 19 | TR1 10 | TR2 9
29.6601 	DATA 	Keypress: 5
29.6601 	DATA 	TR 20 | TR1 10 | TR2 10
31.2449 	DATA 	Keypress: 5
31.2450 	DATA 	Waited 1.2450108528137207 seconds for trigger
31.2464 	DATA 	
31.2465 	DATA 	Trial 1
31.2465 	DATA 	stimDur = 1.0
31.2465 	DATA 	jitter = 0.78525
31.2465 	DATA 	restDur = 12.0

31.2465 	DATA 	
31.2465 	DATA 	TR 21 | TR1 11 | TR2 10
32.0449 	DATA 	
32.0450 	DATA 	stimulation started
32.0450 	DATA 	
32.7949 	DATA 	Keypress: 5
32.7949 	DATA 	TR 22 | TR1 11 | TR2 11
33.0449 	DATA 	
33.0449 	DATA 	stimulation stopped
33.0449 	DATA 	
34.3613 	DATA 	Keypress: 5
34.3614 	DATA 	TR 23 | TR1 12 | TR2 11
35.9114 	DATA 	Keypress: 5
35.9114 	DATA 	TR 24 | TR1 12 | TR2 12
37.4783 	DATA 	Keypress: 5
37.4943 	DATA 	TR 25 | TR1 13 | TR2 12
39.0443 	DATA 	Keypress: 5
39.0443 	DATA 	TR 26 | TR1 13 | TR2 13
40.6107 	DATA 	Keypress: 5
40.6108 	DATA 	TR 27 | TR1 14 | TR2 13
42.1606 	DATA 	Keypress: 5
42.1607 	DATA 	TR 28 | TR1 14 | TR2 14
43.7271 	DATA 	Keypress: 5
43.7272 	DATA 	TR 29 | TR1 15 | TR2 14
45.0436 	DATA 	
45.0436 	DATA 	Trial complete
45.0437 	DATA 	Waiting for VASO trigger to start next trial
45.0437 	DATA 	
45.2776 	DATA 	Keypress: 5
45.2936 	DATA 	TR 30 | TR1 15 | TR2 15
46.8602 	DATA 	Keypress: 5
46.8602 	DATA 	Waited 1.8165700435638428 seconds for trigger
46.8610 	DATA 	
46.8610 	DATA 	Trial 2
46.8610 	DATA 	stimDur = 12.0
46.8610 	DATA 	jitter = 0.0
46.8610 	DATA 	restDur = 20.0

46.8610 	DATA 	
46.8610 	DATA 	TR 31 | TR1 16 | TR2 15
46.8610 	DATA 	
46.8611 	DATA 	stimulation started
46.8611 	DATA 	
48.4102 	DATA 	Keypress: 5
48.4103 	DATA 	TR 32 | TR1 16 | TR2 16
49.9767 	DATA 	Keypress: 5
49.9768 	DATA 	TR 33 | TR1 17 | TR2 16
51.5265 	DATA 	Keypress: 5
51.5265 	DATA 	TR 34 | TR1 17 | TR2 17
53.1097 	DATA 	Keypress: 5
53.1098 	DATA 	TR 35 | TR1 18 | TR2 17
54.6595 	DATA 	Keypress: 5
54.6595 	DATA 	TR 36 | TR1 18 | TR2 18
56.2260 	DATA 	Keypress: 5
56.2261 	DATA 	TR 37 | TR1 19 | TR2 18
57.7759 	DATA 	Keypress: 5
57.7759 	DATA 	TR 38 | TR1 19 | TR2 19
58.8757 	DATA 	
58.8757 	DATA 	stimulation stopped
58.8757 	DATA 	
59.3424 	DATA 	Keypress: 5
59.3424 	DATA 	TR 39 | TR1 20 | TR2 19
60.9089 	DATA 	Keypress: 5
60.9089 	DATA 	TR 40 | TR1 20 | TR2 20
62.4754 	DATA 	Keypress: 5
62.4754 	DATA 	TR 41 | TR1 21 | TR2 20
64.0252 	DATA 	Keypress: 5
64.0253 	DATA 	TR 42 | TR1 21 | TR2 21
65.5918 	DATA 	Keypress: 5
65.5919 	DATA 	TR 43 | TR1 22 | TR2 21
67.1416 	DATA 	Keypress: 5
67.1417 	DATA 	TR 44 | TR1 22 | TR2 22
68.7250 	DATA 	Keypress: 5
68.7250 	DATA 	TR 45 | TR1 23 | TR2 22
70.2747 	DATA 	Keypress: 5
70.2747 	DATA 	TR 46 | TR1 23 | TR2 23
71.8412 	DATA 	Keypress: 5
71.8413 	DATA 	TR 47 | TR1 24 | TR2 23
73.3910 	DATA 	Keypress: 5
73.3911 	DATA 	TR 48 | TR1 24 | TR2 24
74.9743 	DATA 	Keypress: 5
74.9743 	DATA 	TR 49 | TR1 25 | TR2 24
75.4743 	DATA 	Target presented
76.1741 	DATA 	Keypress: 1
76.1742 	DATA 	Key1 pressed
76.1742 	DATA 	Target detected
76.5241 	DATA 	Keypress: 5
76.5241 	DATA 	TR 50 | TR1 25 | TR2 25
78.0906 	DATA 	Keypress: 5
78.0907 	DATA 	TR 51 | TR1 26 | TR2 25
78.8738 	DATA 	
78.8738 	DATA 	Trial complete
78.8738 	DATA 	Waiting for VASO trigger to start next trial
78.8739 	DATA 	
79.6405 	DATA 	Keypress: 5
79.6405 	DATA 	TR 52 | TR1 26 | TR2 26
81.2070 	DATA 	Keypress: 5
81.2071 	DATA 	Waited 2.3332009315490723 seconds for trigger
81.2078 	DATA 	
81.2078 	DATA 	Trial 3
81.2078 	DATA 	stimDur = 2.0
81.2078 	DATA 	jitter = 1.5705
81.2078 	DATA 	restDur = 14.0

81.2078 	DATA 	
81.2079 	DATA 	TR 53 | TR1 27 | TR2 26
82.7569 	DATA 	Keypress: 5
82.7570 	DATA 	TR 54 | TR1 27 | TR2 27
82.7902 	DATA 	
82.7902 	DATA 	stimulation started
82.7902 	DATA 	
84.3401 	DATA 	Keypress: 5
84.3402 	DATA 	TR 55 | TR1 28 | TR2 27
84.7900 	DATA 	
84.7900 	DATA 	stimulation stopped
84.7900 	DATA 	
85.8899 	DATA 	Keypress: 5
85.8899 	DATA 	TR 56 | TR1 28 | TR2 28
87.4564 	DATA 	Keypress: 5
87.4565 	DATA 	TR 57 | TR1 29 | TR2 28
89.0062 	DATA 	Keypress: 5
89.0063 	DATA 	TR 58 | TR1 29 | TR2 29
90.5895 	DATA 	Keypress: 5
90.5895 	DATA 	TR 59 | TR1 30 | TR2 29
92.1393 	DATA 	Keypress: 5
92.1393 	DATA 	TR 60 | TR1 30 | TR2 30
93.7059 	DATA 	Keypress: 5
93.7059 	DATA 	TR 61 | TR1 31 | TR2 30
95.2557 	DATA 	Keypress: 5
95.2557 	DATA 	TR 62 | TR1 31 | TR2 31
96.8224 	DATA 	Keypress: 5
96.8224 	DATA 	TR 63 | TR1 32 | TR2 31
98.3887 	DATA 	Keypress: 5
98.3887 	DATA 	TR 64 | TR1 32 | TR2 32
98.7886 	DATA 	
98.7887 	DATA 	Trial complete
98.7887 	DATA 	Waiting for VASO trigger to start next trial
98.7887 	DATA 	
99.9552 	DATA 	Keypress: 5
99.9553 	DATA 	Waited 1.1666200160980225 seconds for trigger
99.9561 	DATA 	
99.9561 	DATA 	Trial 4
99.9561 	DATA 	stimDur = 1.0
99.9561 	DATA 	jitter = 2.35575
99.9561 	DATA 	restDur = 12.0

99.9561 	DATA 	
99.9561 	DATA 	TR 65 | TR1 33 | TR2 32
101.5051 	DATA 	Keypress: 5
101.5051 	DATA 	TR 66 | TR1 33 | TR2 33
102.3217 	DATA 	
102.3217 	DATA 	stimulation started
102.3217 	DATA 	
103.0717 	DATA 	Keypress: 5
103.0718 	DATA 	TR 67 | TR1 34 | TR2 33
103.3216 	DATA 	
103.3216 	DATA 	stimulation stopped
103.3216 	DATA 	
104.6216 	DATA 	Keypress: 5
104.6217 	DATA 	TR 68 | TR1 34 | TR2 34
106.2047 	DATA 	Keypress: 5
106.2047 	DATA 	TR 69 | TR1 35 | TR2 34
107.7545 	DATA 	Keypress: 5
107.7546 	DATA 	TR 70 | TR1 35 | TR2 35
109.3211 	DATA 	Keypress: 5
109.3211 	DATA 	TR 71 | TR1 36 | TR2 35
110.8709 	DATA 	Keypress: 5
110.8709 	DATA 	TR 72 | TR1 36 | TR2 36
112.4542 	DATA 	Keypress: 5
112.4543 	DATA 	TR 73 | TR1 37 | TR2 36
114.0039 	DATA 	Keypress: 5
114.0040 	DATA 	TR 74 | TR1 37 | TR2 37
115.3205 	DATA 	
115.3205 	DATA 	Trial complete
115.3205 	DATA 	Waiting for VASO trigger to start next trial
115.3205 	DATA 	
115.5706 	DATA 	Keypress: 5
115.5706 	DATA 	Waited 0.25011205673217773 seconds for trigger
115.5713 	DATA 	
115.5714 	DATA 	Trial 5
115.5714 	DATA 	stimDur = 24.0
115.5714 	DATA 	jitter = 0.0
115.5714 	DATA 	restDur = 24.0

115.5714 	DATA 	
115.5714 	DATA 	TR 75 | TR1 38 | TR2 37
115.5714 	DATA 	
115.5714 	DATA 	stimulation started
115.5714 	DATA 	
117.1204 	DATA 	Keypress: 5
117.1204 	DATA 	TR 76 | TR1 38 | TR2 38
118.6869 	DATA 	Keypress: 5
118.6870 	DATA 	TR 77 | TR1 39 | TR2 38
120.2375 	DATA 	Keypress: 5
120.2534 	DATA 	TR 78 | TR1 39 | TR2 39
121.8200 	DATA 	Keypress: 5
121.8200 	DATA 	TR 79 | TR1 40 | TR2 39
123.3698 	DATA 	Keypress: 5
123.3698 	DATA 	TR 80 | TR1 40 | TR2 40
124.9364 	DATA 	Keypress: 5
124.9364 	DATA 	TR 81 | TR1 41 | TR2 40
126.4862 	DATA 	Keypress: 5
126.4862 	DATA 	TR 82 | TR1 41 | TR2 41
128.0694 	DATA 	Keypress: 5
128.0694 	DATA 	TR 83 | TR1 42 | TR2 41
129.6192 	DATA 	Keypress: 5
129.6192 	DATA 	TR 84 | TR1 42 | TR2 42
131.1858 	DATA 	Keypress: 5
131.1858 	DATA 	TR 85 | TR1 43 | TR2 42
132.7356 	DATA 	Keypress: 5
132.7356 	DATA 	TR 86 | TR1 43 | TR2 43
134.3029 	DATA 	Keypress: 5
134.3187 	DATA 	TR 87 | TR1 44 | TR2 43
135.8689 	DATA 	Keypress: 5
135.8689 	DATA 	TR 88 | TR1 44 | TR2 44
136.1353 	DATA 	Target presented
136.6019 	DATA 	Keypress: 1
136.6019 	DATA 	Key1 pressed
136.6019 	DATA 	Target detected
137.4352 	DATA 	Keypress: 5
137.4352 	DATA 	TR 89 | TR1 45 | TR2 44
138.9850 	DATA 	Keypress: 5
138.9851 	DATA 	TR 90 | TR1 45 | TR2 45
139.5849 	DATA 	
139.5849 	DATA 	stimulation stopped
139.5849 	DATA 	
140.5515 	DATA 	Keypress: 5
140.5516 	DATA 	TR 91 | TR1 46 | TR2 45
142.1013 	DATA 	Keypress: 5
142.1014 	DATA 	TR 92 | TR1 46 | TR2 46
143.6846 	DATA 	Keypress: 5
143.6846 	DATA 	TR 93 | TR1 47 | TR2 46
145.2344 	DATA 	Keypress: 5
145.2344 	DATA 	TR 94 | TR1 47 | TR2 47
146.8011 	DATA 	Keypress: 5
146.8011 	DATA 	TR 95 | TR1 48 | TR2 47
148.3507 	DATA 	Keypress: 5
148.3508 	DATA 	TR 96 | TR1 48 | TR2 48
149.9340 	DATA 	Keypress: 5
149.9340 	DATA 	TR 97 | TR1 49 | TR2 48
151.4838 	DATA 	Keypress: 5
151.4838 	DATA 	TR 98 | TR1 49 | TR2 49
153.0505 	DATA 	Keypress: 5
153.0505 	DATA 	TR 99 | TR1 50 | TR2 49
154.6002 	DATA 	Keypress: 5
154.6002 	DATA 	TR 100 | TR1 50 | TR2 50
156.1667 	DATA 	Keypress: 5
156.1668 	DATA 	TR 101 | TR1 51 | TR2 50
157.7332 	DATA 	Keypress: 5
157.7333 	DATA 	TR 102 | TR1 51 | TR2 51
159.2997 	DATA 	Keypress: 5
159.2998 	DATA 	TR 103 | TR1 52 | TR2 51
160.8496 	DATA 	Keypress: 5
160.8496 	DATA 	TR 104 | TR1 52 | TR2 52
162.4161 	DATA 	Keypress: 5
162.4162 	DATA 	TR 105 | TR1 53 | TR2 52
163.5827 	DATA 	
163.5827 	DATA 	Trial complete
163.5827 	DATA 	Waiting for VASO trigger to start next trial
163.5827 	DATA 	
163.9660 	DATA 	Keypress: 5
163.9660 	DATA 	TR 106 | TR1 53 | TR2 53
165.5492 	DATA 	Keypress: 5
165.5492 	DATA 	Waited 1.966547966003418 seconds for trigger
165.5500 	DATA 	
165.5500 	DATA 	Trial 6
165.5500 	DATA 	stimDur = 24.0
165.5500 	DATA 	jitter = 1.5705
165.5500 	DATA 	restDur = 24.0

165.5500 	DATA 	
165.5500 	DATA 	TR 107 | TR1 54 | TR2 53
167.0990 	DATA 	Keypress: 5
167.0991 	DATA 	TR 108 | TR1 54 | TR2 54
167.1323 	DATA 	
167.1323 	DATA 	stimulation started
167.1323 	DATA 	
168.6656 	DATA 	Keypress: 5
168.6657 	DATA 	TR 109 | TR1 55 | TR2 54
170.2155 	DATA 	Keypress: 5
170.2155 	DATA 	TR 110 | TR1 55 | TR2 55
171.7827 	DATA 	Keypress: 5
171.7986 	DATA 	TR 111 | TR1 56 | TR2 55
173.3485 	DATA 	Keypress: 5
173.3486 	DATA 	TR 112 | TR1 56 | TR2 56
174.9150 	DATA 	Keypress: 5
174.9151 	DATA 	TR 113 | TR1 57 | TR2 56
176.4649 	DATA 	Keypress: 5
176.4650 	DATA 	TR 114 | TR1 57 | TR2 57
178.0314 	DATA 	Keypress: 5
178.0315 	DATA 	TR 115 | TR1 58 | TR2 57
179.5820 	DATA 	Keypress: 5
179.5979 	DATA 	TR 116 | TR1 58 | TR2 58
181.1645 	DATA 	Keypress: 5
181.1645 	DATA 	TR 117 | TR1 59 | TR2 58
182.7143 	DATA 	Keypress: 5
182.7143 	DATA 	TR 118 | TR1 59 | TR2 59
184.2808 	DATA 	Keypress: 5
184.2809 	DATA 	TR 119 | TR1 60 | TR2 59
185.8307 	DATA 	Keypress: 5
185.8307 	DATA 	TR 120 | TR1 60 | TR2 60
187.4139 	DATA 	Keypress: 5
187.4139 	DATA 	TR 121 | TR1 61 | TR2 60
188.9633 	DATA 	Keypress: 5
188.9634 	DATA 	TR 122 | TR1 61 | TR2 61
190.5303 	DATA 	Keypress: 5
190.5303 	DATA 	TR 123 | TR1 62 | TR2 61
191.1301 	DATA 	
191.1301 	DATA 	stimulation stopped
191.1302 	DATA 	
192.0800 	DATA 	Keypress: 5
192.0801 	DATA 	TR 124 | TR1 62 | TR2 62
193.6466 	DATA 	Keypress: 5
193.6467 	DATA 	TR 125 | TR1 63 | TR2 62
195.2129 	DATA 	Keypress: 5
195.2129 	DATA 	TR 126 | TR1 63 | TR2 63
196.1797 	DATA 	Target presented
196.7796 	DATA 	Keypress: 5
196.7797 	DATA 	TR 127 | TR1 64 | TR2 63
196.8464 	DATA 	Keypress: 1
196.8464 	DATA 	Key1 pressed
196.8464 	DATA 	Target detected
198.3295 	DATA 	Keypress: 5
198.3295 	DATA 	TR 128 | TR1 64 | TR2 64
199.8960 	DATA 	Keypress: 5
199.8960 	DATA 	TR 129 | TR1 65 | TR2 64
201.4458 	DATA 	Keypress: 5
201.4459 	DATA 	TR 130 | TR1 65 | TR2 65
203.0291 	DATA 	Keypress: 5
203.0291 	DATA 	TR 131 | TR1 66 | TR2 65
204.5789 	DATA 	Keypress: 5
204.5789 	DATA 	TR 132 | TR1 66 | TR2 66
206.1454 	DATA 	Keypress: 5
206.1455 	DATA 	TR 133 | TR1 67 | TR2 66
207.6952 	DATA 	Keypress: 5
207.6953 	DATA 	TR 134 | TR1 67 | TR2 67
209.2786 	DATA 	Keypress: 5
209.2786 	DATA 	TR 135 | TR1 68 | TR2 67
210.8283 	DATA 	Keypress: 5
210.8283 	DATA 	TR 136 | TR1 68 | TR2 68
212.3948 	DATA 	Keypress: 5
212.3949 	DATA 	TR 137 | TR1 69 | TR2 68
213.9447 	DATA 	Keypress: 5
213.9447 	DATA 	TR 138 | TR1 69 | TR2 69
215.1279 	DATA 	
215.1279 	DATA 	Trial complete
215.1279 	DATA 	Waiting for VASO trigger to start next trial
215.1279 	DATA 	
215.5113 	DATA 	Keypress: 5
215.5113 	DATA 	Waited 0.3833920955657959 seconds for trigger
215.5121 	DATA 	
215.5121 	DATA 	Trial 7
215.5121 	DATA 	stimDur = 4.0
215.5121 	DATA 	jitter = 2.35575
215.5121 	DATA 	restDur = 16.0

215.5121 	DATA 	
215.5121 	DATA 	TR 139 | TR1 70 | TR2 69
217.0612 	DATA 	Keypress: 5
217.0613 	DATA 	TR 140 | TR1 70 | TR2 70
217.8776 	DATA 	
217.8776 	DATA 	stimulation started
217.8776 	DATA 	
218.6443 	DATA 	Keypress: 5
218.6444 	DATA 	TR 141 | TR1 71 | TR2 70
220.1942 	DATA 	Keypress: 5
220.1942 	DATA 	TR 142 | TR1 71 | TR2 71
221.7607 	DATA 	Keypress: 5
221.7608 	DATA 	TR 143 | TR1 72 | TR2 71
221.8773 	DATA 	
221.8773 	DATA 	stimulation stopped
221.8773 	DATA 	
223.3105 	DATA 	Keypress: 5
223.3105 	DATA 	TR 144 | TR1 72 | TR2 72
224.8937 	DATA 	Keypress: 5
224.8937 	DATA 	TR 145 | TR1 73 | TR2 72
226.4435 	DATA 	Keypress: 5
226.4436 	DATA 	TR 146 | TR1 73 | TR2 73
228.0101 	DATA 	Keypress: 5
228.0101 	DATA 	TR 147 | TR1 74 | TR2 73
229.5599 	DATA 	Keypress: 5
229.5599 	DATA 	TR 148 | TR1 74 | TR2 74
231.1271 	DATA 	Keypress: 5
231.1431 	DATA 	TR 149 | TR1 75 | TR2 74
232.6930 	DATA 	Keypress: 5
232.6930 	DATA 	TR 150 | TR1 75 | TR2 75
234.2595 	DATA 	Keypress: 5
234.2595 	DATA 	TR 151 | TR1 76 | TR2 75
235.8093 	DATA 	Keypress: 5
235.8094 	DATA 	TR 152 | TR1 76 | TR2 76
237.3759 	DATA 	Keypress: 5
237.3759 	DATA 	TR 153 | TR1 77 | TR2 76
237.8759 	DATA 	
237.8759 	DATA 	Trial complete
237.8759 	DATA 	Waiting for VASO trigger to start next trial
237.8759 	DATA 	
238.9257 	DATA 	Keypress: 5
238.9257 	DATA 	TR 154 | TR1 77 | TR2 77
240.5089 	DATA 	Keypress: 5
240.5090 	DATA 	Waited 2.6330490112304688 seconds for trigger
240.5097 	DATA 	
240.5098 	DATA 	Trial 8
240.5098 	DATA 	stimDur = 24.0
240.5098 	DATA 	jitter = 2.35575
240.5098 	DATA 	restDur = 24.0

240.5098 	DATA 	
240.5098 	DATA 	TR 155 | TR1 78 | TR2 77
242.0588 	DATA 	Keypress: 5
242.0588 	DATA 	TR 156 | TR1 78 | TR2 78
242.8753 	DATA 	
242.8753 	DATA 	stimulation started
242.8753 	DATA 	
243.6254 	DATA 	Keypress: 5
243.6254 	DATA 	TR 157 | TR1 79 | TR2 78
245.1752 	DATA 	Keypress: 5
245.1752 	DATA 	TR 158 | TR1 79 | TR2 79
246.7584 	DATA 	Keypress: 5
246.7584 	DATA 	TR 159 | TR1 80 | TR2 79
248.3082 	DATA 	Keypress: 5
248.3083 	DATA 	TR 160 | TR1 80 | TR2 80
249.8748 	DATA 	Keypress: 5
249.8748 	DATA 	TR 161 | TR1 81 | TR2 80
251.4246 	DATA 	Keypress: 5
251.4246 	DATA 	TR 162 | TR1 81 | TR2 81
252.9411 	DATA 	Target presented
252.9912 	DATA 	Keypress: 5
252.9912 	DATA 	TR 163 | TR1 82 | TR2 81
253.4077 	DATA 	Keypress: 1
253.4078 	DATA 	Key1 pressed
253.4078 	DATA 	Target detected
254.5418 	DATA 	Keypress: 5
254.5576 	DATA 	TR 164 | TR1 82 | TR2 82
256.1242 	DATA 	Keypress: 5
256.1242 	DATA 	TR 165 | TR1 83 | TR2 82
257.6740 	DATA 	Keypress: 5
257.6741 	DATA 	TR 166 | TR1 83 | TR2 83
259.2406 	DATA 	Keypress: 5
259.2406 	DATA 	TR 167 | TR1 84 | TR2 83
260.7904 	DATA 	Keypress: 5
260.7905 	DATA 	TR 168 | TR1 84 | TR2 84
262.3736 	DATA 	Keypress: 5
262.3737 	DATA 	TR 169 | TR1 85 | TR2 84
263.9234 	DATA 	Keypress: 5
263.9235 	DATA 	TR 170 | TR1 85 | TR2 85
265.4901 	DATA 	Keypress: 5
265.4902 	DATA 	TR 171 | TR1 86 | TR2 85
266.8731 	DATA 	
266.8731 	DATA 	stimulation stopped
266.8731 	DATA 	
267.0398 	DATA 	Keypress: 5
267.0398 	DATA 	TR 172 | TR1 86 | TR2 86
268.6230 	DATA 	Keypress: 5
268.6230 	DATA 	TR 173 | TR1 87 | TR2 86
270.1728 	DATA 	Keypress: 5
270.1729 	DATA 	TR 174 | TR1 87 | TR2 87
271.7394 	DATA 	Keypress: 5
271.7394 	DATA 	TR 175 | TR1 88 | TR2 87
273.2892 	DATA 	Keypress: 5
273.2892 	DATA 	TR 176 | TR1 88 | TR2 88
274.8557 	DATA 	Keypress: 5
274.8558 	DATA 	TR 177 | TR1 89 | TR2 88
276.4056 	DATA 	Keypress: 5
276.4056 	DATA 	TR 178 | TR1 89 | TR2 89
277.9888 	DATA 	Keypress: 5
277.9888 	DATA 	TR 179 | TR1 90 | TR2 89
279.5386 	DATA 	Keypress: 5
279.5386 	DATA 	TR 180 | TR1 90 | TR2 90
281.1052 	DATA 	Keypress: 5
281.1052 	DATA 	TR 181 | TR1 91 | TR2 90
282.6550 	DATA 	Keypress: 5
282.6550 	DATA 	TR 182 | TR1 91 | TR2 91
284.2382 	DATA 	Keypress: 5
284.2382 	DATA 	TR 183 | TR1 92 | TR2 91
285.7880 	DATA 	Keypress: 5
285.7881 	DATA 	TR 184 | TR1 92 | TR2 92
287.3546 	DATA 	Keypress: 5
287.3546 	DATA 	TR 185 | TR1 93 | TR2 92
288.9044 	DATA 	Keypress: 5
288.9044 	DATA 	TR 186 | TR1 93 | TR2 93
290.4710 	DATA 	Keypress: 5
290.4710 	DATA 	TR 187 | TR1 94 | TR2 93
290.8709 	DATA 	
290.8709 	DATA 	Trial complete
290.8709 	DATA 	Waiting for VASO trigger to start next trial
290.8709 	DATA 	
292.0376 	DATA 	Keypress: 5
292.0376 	DATA 	TR 188 | TR1 94 | TR2 94
293.6040 	DATA 	Keypress: 5
293.6040 	DATA 	Waited 2.733124017715454 seconds for trigger
293.6048 	DATA 	
293.6048 	DATA 	Trial 9
293.6048 	DATA 	stimDur = 4.0
293.6048 	DATA 	jitter = 1.5705
293.6048 	DATA 	restDur = 16.0

293.6048 	DATA 	
293.6048 	DATA 	TR 189 | TR1 95 | TR2 94
295.1539 	DATA 	Keypress: 5
295.1539 	DATA 	TR 190 | TR1 95 | TR2 95
295.1871 	DATA 	
295.1871 	DATA 	stimulation started
295.1871 	DATA 	
296.7204 	DATA 	Keypress: 5
296.7205 	DATA 	TR 191 | TR1 96 | TR2 95
298.2703 	DATA 	Keypress: 5
298.2703 	DATA 	TR 192 | TR1 96 | TR2 96
299.1868 	DATA 	
299.1868 	DATA 	stimulation stopped
299.1868 	DATA 	
299.8534 	DATA 	Keypress: 5
299.8535 	DATA 	TR 193 | TR1 97 | TR2 96
301.4033 	DATA 	Keypress: 5
301.4033 	DATA 	TR 194 | TR1 97 | TR2 97
302.9698 	DATA 	Keypress: 5
302.9698 	DATA 	TR 195 | TR1 98 | TR2 97
304.5197 	DATA 	Keypress: 5
304.5197 	DATA 	TR 196 | TR1 98 | TR2 98
306.0867 	DATA 	Keypress: 5
306.1028 	DATA 	TR 197 | TR1 99 | TR2 98
307.6527 	DATA 	Keypress: 5
307.6528 	DATA 	TR 198 | TR1 99 | TR2 99
309.2192 	DATA 	Keypress: 5
309.2192 	DATA 	TR 199 | TR1 100 | TR2 99
310.7691 	DATA 	Keypress: 5
310.7691 	DATA 	TR 200 | TR1 100 | TR2 100
312.3356 	DATA 	Keypress: 5
312.3356 	DATA 	TR 201 | TR1 101 | TR2 100
313.8854 	DATA 	Keypress: 5
313.8855 	DATA 	TR 202 | TR1 101 | TR2 101
315.1853 	DATA 	
315.1853 	DATA 	Trial complete
315.1853 	DATA 	Waiting for VASO trigger to start next trial
315.1853 	DATA 	
315.4686 	DATA 	Keypress: 5
315.4687 	DATA 	Waited 0.2833869457244873 seconds for trigger
315.4695 	DATA 	
315.4695 	DATA 	Trial 10
315.4695 	DATA 	stimDur = 2.0
315.4695 	DATA 	jitter = 0.78525
315.4695 	DATA 	restDur = 14.0

315.4695 	DATA 	
315.4695 	DATA 	TR 203 | TR1 102 | TR2 101
316.2684 	DATA 	
316.2684 	DATA 	stimulation started
316.2684 	DATA 	
317.0186 	DATA 	Keypress: 5
317.0187 	DATA 	TR 204 | TR1 102 | TR2 102
318.2684 	DATA 	
318.2684 	DATA 	stimulation stopped
318.2684 	DATA 	
318.5850 	DATA 	Keypress: 5
318.5850 	DATA 	TR 205 | TR1 103 | TR2 102
320.1349 	DATA 	Keypress: 5
320.1349 	DATA 	TR 206 | TR1 103 | TR2 103
321.7180 	DATA 	Keypress: 5
321.7181 	DATA 	TR 207 | TR1 104 | TR2 103
322.8348 	DATA 	Target presented
323.2679 	DATA 	Keypress: 5
323.2680 	DATA 	TR 208 | TR1 104 | TR2 104
323.5512 	DATA 	Keypress: 1
323.5512 	DATA 	Key1 pressed
323.5512 	DATA 	Target detected
324.8344 	DATA 	Keypress: 5
324.8344 	DATA 	TR 209 | TR1 105 | TR2 104
326.3843 	DATA 	Keypress: 5
326.3843 	DATA 	TR 210 | TR1 105 | TR2 105
327.9508 	DATA 	Keypress: 5
327.9508 	DATA 	TR 211 | TR1 106 | TR2 105
329.5173 	DATA 	Keypress: 5
329.5174 	DATA 	TR 212 | TR1 106 | TR2 106
331.0838 	DATA 	Keypress: 5
331.0839 	DATA 	TR 213 | TR1 107 | TR2 106
332.2670 	DATA 	
332.2670 	DATA 	Trial complete
332.2671 	DATA 	Waiting for VASO trigger to start next trial
332.2671 	DATA 	
332.6337 	DATA 	Keypress: 5
332.6338 	DATA 	TR 214 | TR1 107 | TR2 107
334.2002 	DATA 	Keypress: 5
334.2003 	DATA 	Waited 1.933194875717163 seconds for trigger
334.2010 	DATA 	
334.2010 	DATA 	Trial 11
334.2010 	DATA 	stimDur = 4.0
334.2010 	DATA 	jitter = 0.78525
334.2010 	DATA 	restDur = 16.0

334.2010 	DATA 	
334.2010 	DATA 	TR 215 | TR1 108 | TR2 107
335.0001 	DATA 	
335.0001 	DATA 	stimulation started
335.0001 	DATA 	
335.7502 	DATA 	Keypress: 5
335.7502 	DATA 	TR 216 | TR1 108 | TR2 108
337.3333 	DATA 	Keypress: 5
337.3334 	DATA 	TR 217 | TR1 109 | TR2 108
338.8832 	DATA 	Keypress: 5
338.8832 	DATA 	TR 218 | TR1 109 | TR2 109
338.9998 	DATA 	
338.9998 	DATA 	stimulation stopped
338.9998 	DATA 	
340.4496 	DATA 	Keypress: 5
340.4497 	DATA 	TR 219 | TR1 110 | TR2 109
341.9995 	DATA 	Keypress: 5
341.9996 	DATA 	TR 220 | TR1 110 | TR2 110
343.5827 	DATA 	Keypress: 5
343.5827 	DATA 	TR 221 | TR1 111 | TR2 110
345.1326 	DATA 	Keypress: 5
345.1326 	DATA 	TR 222 | TR1 111 | TR2 111
346.6991 	DATA 	Keypress: 5
346.6991 	DATA 	TR 223 | TR1 112 | TR2 111
348.2488 	DATA 	Keypress: 5
348.2488 	DATA 	TR 224 | TR1 112 | TR2 112
349.8154 	DATA 	Keypress: 5
349.8155 	DATA 	TR 225 | TR1 113 | TR2 112
351.3653 	DATA 	Keypress: 5
351.3654 	DATA 	TR 226 | TR1 113 | TR2 113
352.9485 	DATA 	Keypress: 5
352.9485 	DATA 	TR 227 | TR1 114 | TR2 113
354.4984 	DATA 	Keypress: 5
354.4984 	DATA 	TR 228 | TR1 114 | TR2 114
354.9984 	DATA 	
354.9984 	DATA 	Trial complete
354.9984 	DATA 	Waiting for VASO trigger to start next trial
354.9984 	DATA 	
356.0649 	DATA 	Keypress: 5
356.0649 	DATA 	Waited 1.0665171146392822 seconds for trigger
356.0657 	DATA 	
356.0657 	DATA 	Trial 12
356.0657 	DATA 	stimDur = 1.0
356.0657 	DATA 	jitter = 0.0
356.0657 	DATA 	restDur = 12.0

356.0657 	DATA 	
356.0657 	DATA 	TR 229 | TR1 115 | TR2 114
356.0657 	DATA 	
356.0657 	DATA 	stimulation started
356.0657 	DATA 	
357.0815 	DATA 	
357.0815 	DATA 	stimulation stopped
357.0815 	DATA 	
357.6148 	DATA 	Keypress: 5
357.6148 	DATA 	TR 230 | TR1 115 | TR2 115
359.1979 	DATA 	Keypress: 5
359.1979 	DATA 	TR 231 | TR1 116 | TR2 115
360.7478 	DATA 	Keypress: 5
360.7478 	DATA 	TR 232 | TR1 116 | TR2 116
362.3143 	DATA 	Keypress: 5
362.3143 	DATA 	TR 233 | TR1 117 | TR2 116
363.8642 	DATA 	Keypress: 5
363.8642 	DATA 	TR 234 | TR1 117 | TR2 117
365.4312 	DATA 	Keypress: 5
365.4473 	DATA 	TR 235 | TR1 118 | TR2 117
366.9972 	DATA 	Keypress: 5
366.9973 	DATA 	TR 236 | TR1 118 | TR2 118
368.5637 	DATA 	Keypress: 5
368.5637 	DATA 	TR 237 | TR1 119 | TR2 118
369.0803 	DATA 	
369.0803 	DATA 	Trial complete
369.0803 	DATA 	Waiting for VASO trigger to start next trial
369.0803 	DATA 	
369.8803 	DATA 	Target presented
370.1135 	DATA 	Keypress: 5
370.1136 	DATA 	TR 238 | TR1 119 | TR2 119
370.5802 	DATA 	Keypress: 1
370.5802 	DATA 	Key1 pressed
370.5802 	DATA 	Target detected
371.6801 	DATA 	Keypress: 5
371.6801 	DATA 	Waited 2.599820137023926 seconds for trigger
371.6809 	DATA 	
371.6809 	DATA 	Trial 13
371.6809 	DATA 	stimDur = 1.0
371.6809 	DATA 	jitter = 1.5705
371.6809 	DATA 	restDur = 12.0

371.6809 	DATA 	
371.6809 	DATA 	TR 239 | TR1 120 | TR2 119
373.2302 	DATA 	Keypress: 5
373.2303 	DATA 	TR 240 | TR1 120 | TR2 120
373.2633 	DATA 	
373.2633 	DATA 	stimulation started
373.2633 	DATA 	
374.2632 	DATA 	
374.2632 	DATA 	stimulation stopped
374.2632 	DATA 	
374.8131 	DATA 	Keypress: 5
374.8131 	DATA 	TR 241 | TR1 121 | TR2 120
376.3630 	DATA 	Keypress: 5
376.3630 	DATA 	TR 242 | TR1 121 | TR2 121
377.9295 	DATA 	Keypress: 5
377.9296 	DATA 	TR 243 | TR1 122 | TR2 121
379.4794 	DATA 	Keypress: 5
379.4794 	DATA 	TR 244 | TR1 122 | TR2 122
381.0625 	DATA 	Keypress: 5
381.0626 	DATA 	TR 245 | TR1 123 | TR2 122
382.6124 	DATA 	Keypress: 5
382.6125 	DATA 	TR 246 | TR1 123 | TR2 123
384.1789 	DATA 	Keypress: 5
384.1790 	DATA 	TR 247 | TR1 124 | TR2 123
385.7288 	DATA 	Keypress: 5
385.7288 	DATA 	TR 248 | TR1 124 | TR2 124
386.2622 	DATA 	
386.2622 	DATA 	Trial complete
386.2622 	DATA 	Waiting for VASO trigger to start next trial
386.2622 	DATA 	
387.2953 	DATA 	Keypress: 5
387.2953 	DATA 	Waited 1.0330801010131836 seconds for trigger
387.2961 	DATA 	
387.2961 	DATA 	Trial 14
387.2961 	DATA 	stimDur = 12.0
387.2961 	DATA 	jitter = 1.5705
387.2961 	DATA 	restDur = 20.0

387.2961 	DATA 	
387.2961 	DATA 	TR 249 | TR1 125 | TR2 124
388.8458 	DATA 	Keypress: 5
388.8618 	DATA 	TR 250 | TR1 125 | TR2 125
388.8785 	DATA 	
388.8785 	DATA 	stimulation started
388.8785 	DATA 	
390.4284 	DATA 	Keypress: 5
390.4284 	DATA 	TR 251 | TR1 126 | TR2 125
391.9785 	DATA 	Keypress: 5
391.9786 	DATA 	TR 252 | TR1 126 | TR2 126
393.5448 	DATA 	Keypress: 5
393.5448 	DATA 	TR 253 | TR1 127 | TR2 126
395.0947 	DATA 	Keypress: 5
395.0947 	DATA 	TR 254 | TR1 127 | TR2 127
396.6778 	DATA 	Keypress: 5
396.6779 	DATA 	TR 255 | TR1 128 | TR2 127
398.2277 	DATA 	Keypress: 5
398.2278 	DATA 	TR 256 | TR1 128 | TR2 128
399.7942 	DATA 	Keypress: 5
399.7942 	DATA 	TR 257 | TR1 129 | TR2 128
400.8774 	DATA 	
400.8774 	DATA 	stimulation stopped
400.8774 	DATA 	
401.3440 	DATA 	Keypress: 5
401.3441 	DATA 	TR 258 | TR1 129 | TR2 129
402.9105 	DATA 	Keypress: 5
402.9106 	DATA 	TR 259 | TR1 130 | TR2 129
404.4770 	DATA 	Keypress: 5
404.4771 	DATA 	TR 260 | TR1 130 | TR2 130
406.0433 	DATA 	Keypress: 5
406.0433 	DATA 	TR 261 | TR1 131 | TR2 130
407.5935 	DATA 	Keypress: 5
407.5935 	DATA 	TR 262 | TR1 131 | TR2 131
409.1599 	DATA 	Keypress: 5
409.1600 	DATA 	TR 263 | TR1 132 | TR2 131
410.7098 	DATA 	Keypress: 5
410.7099 	DATA 	TR 264 | TR1 132 | TR2 132
412.2930 	DATA 	Keypress: 5
412.2930 	DATA 	TR 265 | TR1 133 | TR2 132
413.8429 	DATA 	Keypress: 5
413.8429 	DATA 	TR 266 | TR1 133 | TR2 133
415.4094 	DATA 	Keypress: 5
415.4094 	DATA 	TR 267 | TR1 134 | TR2 133
416.9593 	DATA 	Keypress: 5
416.9593 	DATA 	TR 268 | TR1 134 | TR2 134
418.5424 	DATA 	Keypress: 5
418.5424 	DATA 	TR 269 | TR1 135 | TR2 134
420.0923 	DATA 	Keypress: 5
420.0924 	DATA 	TR 270 | TR1 135 | TR2 135
420.8755 	DATA 	
420.8755 	DATA 	Trial complete
420.8755 	DATA 	Waiting for VASO trigger to start next trial
420.8755 	DATA 	
421.6588 	DATA 	Keypress: 5
421.6588 	DATA 	Waited 0.7833070755004883 seconds for trigger
421.6596 	DATA 	
421.6596 	DATA 	Trial 15
421.6596 	DATA 	stimDur = 2.0
421.6596 	DATA 	jitter = 0.0
421.6596 	DATA 	restDur = 14.0

421.6596 	DATA 	
421.6596 	DATA 	TR 271 | TR1 136 | TR2 135
421.6596 	DATA 	
421.6596 	DATA 	stimulation started
421.6596 	DATA 	
423.2088 	DATA 	Keypress: 5
423.2088 	DATA 	TR 272 | TR1 136 | TR2 136
423.6753 	DATA 	
423.6753 	DATA 	stimulation stopped
423.6753 	DATA 	
424.7752 	DATA 	Keypress: 5
424.7752 	DATA 	TR 273 | TR1 137 | TR2 136
426.3417 	DATA 	Keypress: 5
426.3418 	DATA 	TR 274 | TR1 137 | TR2 137
427.9082 	DATA 	Keypress: 5
427.9083 	DATA 	TR 275 | TR1 138 | TR2 137
429.4581 	DATA 	Keypress: 5
429.4582 	DATA 	TR 276 | TR1 138 | TR2 138
431.0246 	DATA 	Keypress: 5
431.0246 	DATA 	TR 277 | TR1 139 | TR2 138
432.5745 	DATA 	Keypress: 5
432.5746 	DATA 	TR 278 | TR1 139 | TR2 139
434.1577 	DATA 	Keypress: 5
434.1577 	DATA 	TR 279 | TR1 140 | TR2 139
435.7075 	DATA 	Keypress: 5
435.7075 	DATA 	TR 280 | TR1 140 | TR2 140
437.2740 	DATA 	Keypress: 5
437.2740 	DATA 	TR 281 | TR1 141 | TR2 140
437.6739 	DATA 	
437.6740 	DATA 	Trial complete
437.6740 	DATA 	Waiting for VASO trigger to start next trial
437.6740 	DATA 	
438.8239 	DATA 	Keypress: 5
438.8239 	DATA 	TR 282 | TR1 141 | TR2 141
440.4071 	DATA 	Keypress: 5
440.4071 	DATA 	Waited 2.7331340312957764 seconds for trigger
440.4079 	DATA 	
440.4079 	DATA 	Trial 16
440.4079 	DATA 	stimDur = 4.0
440.4079 	DATA 	jitter = 0.0
440.4079 	DATA 	restDur = 16.0

440.4079 	DATA 	
440.4079 	DATA 	TR 283 | TR1 142 | TR2 141
440.4079 	DATA 	
440.4079 	DATA 	stimulation started
440.4079 	DATA 	
441.7403 	DATA 	Target presented
441.9570 	DATA 	Keypress: 5
441.9571 	DATA 	TR 284 | TR1 142 | TR2 142
442.2236 	DATA 	Keypress: 1
442.2237 	DATA 	Key1 pressed
442.2237 	DATA 	Target detected
443.5235 	DATA 	Keypress: 5
443.5235 	DATA 	TR 285 | TR1 143 | TR2 142
444.4234 	DATA 	
444.4234 	DATA 	stimulation stopped
444.4234 	DATA 	
445.0733 	DATA 	Keypress: 5
445.0733 	DATA 	TR 286 | TR1 143 | TR2 143
446.6398 	DATA 	Keypress: 5
446.6399 	DATA 	TR 287 | TR1 144 | TR2 143
448.1897 	DATA 	Keypress: 5
448.1897 	DATA 	TR 288 | TR1 144 | TR2 144
449.7729 	DATA 	Keypress: 5
449.7729 	DATA 	TR 289 | TR1 145 | TR2 144
451.3228 	DATA 	Keypress: 5
451.3228 	DATA 	TR 290 | TR1 145 | TR2 145
452.8893 	DATA 	Keypress: 5
452.8893 	DATA 	TR 291 | TR1 146 | TR2 145
454.4391 	DATA 	Keypress: 5
454.4392 	DATA 	TR 292 | TR1 146 | TR2 146
456.0223 	DATA 	Keypress: 5
456.0223 	DATA 	TR 293 | TR1 147 | TR2 146
457.5721 	DATA 	Keypress: 5
457.5722 	DATA 	TR 294 | TR1 147 | TR2 147
459.1387 	DATA 	Keypress: 5
459.1387 	DATA 	TR 295 | TR1 148 | TR2 147
460.4219 	DATA 	
460.4219 	DATA 	Trial complete
460.4219 	DATA 	Waiting for VASO trigger to start next trial
460.4219 	DATA 	
460.6886 	DATA 	Keypress: 5
460.6886 	DATA 	TR 296 | TR1 148 | TR2 148
462.2550 	DATA 	Keypress: 5
462.2552 	DATA 	Waited 1.8332929611206055 seconds for trigger
462.2559 	DATA 	
462.2560 	DATA 	Trial 17
462.2560 	DATA 	stimDur = 12.0
462.2560 	DATA 	jitter = 2.35575
462.2560 	DATA 	restDur = 20.0

462.2560 	DATA 	
462.2560 	DATA 	TR 297 | TR1 149 | TR2 148
463.8216 	DATA 	Keypress: 5
463.8216 	DATA 	TR 298 | TR1 149 | TR2 149
464.6214 	DATA 	
464.6215 	DATA 	stimulation started
464.6215 	DATA 	
465.3882 	DATA 	Keypress: 5
465.3882 	DATA 	TR 299 | TR1 150 | TR2 149
466.9380 	DATA 	Keypress: 5
466.9380 	DATA 	TR 300 | TR1 150 | TR2 150
468.5046 	DATA 	Keypress: 5
468.5046 	DATA 	TR 301 | TR1 151 | TR2 150
470.0544 	DATA 	Keypress: 5
470.0544 	DATA 	TR 302 | TR1 151 | TR2 151
471.6376 	DATA 	Keypress: 5
471.6376 	DATA 	TR 303 | TR1 152 | TR2 151
473.1874 	DATA 	Keypress: 5
473.1875 	DATA 	TR 304 | TR1 152 | TR2 152
474.7540 	DATA 	Keypress: 5
474.7540 	DATA 	TR 305 | TR1 153 | TR2 152
476.3038 	DATA 	Keypress: 5
476.3038 	DATA 	TR 306 | TR1 153 | TR2 153
476.6204 	DATA 	
476.6204 	DATA 	stimulation stopped
476.6204 	DATA 	
477.8870 	DATA 	Keypress: 5
477.8870 	DATA 	TR 307 | TR1 154 | TR2 153
479.4368 	DATA 	Keypress: 5
479.4368 	DATA 	TR 308 | TR1 154 | TR2 154
481.0033 	DATA 	Keypress: 5
481.0034 	DATA 	TR 309 | TR1 155 | TR2 154
482.5532 	DATA 	Keypress: 5
482.5532 	DATA 	TR 310 | TR1 155 | TR2 155
484.1199 	DATA 	Keypress: 5
484.1199 	DATA 	TR 311 | TR1 156 | TR2 155
485.6701 	DATA 	Keypress: 5
485.6862 	DATA 	TR 312 | TR1 156 | TR2 156
487.2528 	DATA 	Keypress: 5
487.2528 	DATA 	TR 313 | TR1 157 | TR2 156
488.8026 	DATA 	Keypress: 5
488.8026 	DATA 	TR 314 | TR1 157 | TR2 157
490.3692 	DATA 	Keypress: 5
490.3693 	DATA 	TR 315 | TR1 158 | TR2 157
491.9190 	DATA 	Keypress: 5
491.9190 	DATA 	TR 316 | TR1 158 | TR2 158
493.5022 	DATA 	Keypress: 5
493.5023 	DATA 	TR 317 | TR1 159 | TR2 158
495.0520 	DATA 	Keypress: 5
495.0521 	DATA 	TR 318 | TR1 159 | TR2 159
496.6186 	DATA 	Keypress: 5
496.6186 	DATA 	TR 319 | TR1 160 | TR2 159
496.6186 	DATA 	
496.6186 	DATA 	Trial complete
496.6187 	DATA 	Waiting for VASO trigger to start next trial
496.6187 	DATA 	
498.1684 	DATA 	Keypress: 5
498.1684 	DATA 	TR 320 | TR1 160 | TR2 160
499.7355 	DATA 	Keypress: 5
499.7516 	DATA 	Waited 3.132916212081909 seconds for trigger
499.7524 	DATA 	
499.7524 	DATA 	Trial 18
499.7524 	DATA 	stimDur = 2.0
499.7524 	DATA 	jitter = 2.35575
499.7524 	DATA 	restDur = 14.0

499.7524 	DATA 	
499.7524 	DATA 	TR 321 | TR1 161 | TR2 160
501.2515 	DATA 	Target presented
501.3014 	DATA 	Keypress: 5
501.3015 	DATA 	TR 322 | TR1 161 | TR2 161
501.9847 	DATA 	Keypress: 1
501.9848 	DATA 	Key1 pressed
501.9848 	DATA 	Target detected
502.1180 	DATA 	
502.1180 	DATA 	stimulation started
502.1180 	DATA 	
502.8680 	DATA 	Keypress: 5
502.8681 	DATA 	TR 323 | TR1 162 | TR2 161
504.1179 	DATA 	
504.1179 	DATA 	stimulation stopped
504.1179 	DATA 	
504.4178 	DATA 	Keypress: 5
504.4179 	DATA 	TR 324 | TR1 162 | TR2 162
505.9844 	DATA 	Keypress: 5
505.9844 	DATA 	TR 325 | TR1 163 | TR2 162
507.5342 	DATA 	Keypress: 5
507.5342 	DATA 	TR 326 | TR1 163 | TR2 163
509.1174 	DATA 	Keypress: 5
509.1175 	DATA 	TR 327 | TR1 164 | TR2 163
510.6672 	DATA 	Keypress: 5
510.6673 	DATA 	TR 328 | TR1 164 | TR2 164
512.2338 	DATA 	Keypress: 5
512.2339 	DATA 	TR 329 | TR1 165 | TR2 164
513.7836 	DATA 	Keypress: 5
513.7837 	DATA 	TR 330 | TR1 165 | TR2 165
515.3668 	DATA 	Keypress: 5
515.3669 	DATA 	TR 331 | TR1 166 | TR2 165
516.9167 	DATA 	Keypress: 5
516.9167 	DATA 	TR 332 | TR1 166 | TR2 166
518.1165 	DATA 	
518.1166 	DATA 	Trial complete
518.1166 	DATA 	Waiting for VASO trigger to start next trial
518.1166 	DATA 	
518.4832 	DATA 	Keypress: 5
518.4833 	DATA 	Waited 0.3666970729827881 seconds for trigger
518.4840 	DATA 	
518.4840 	DATA 	Trial 19
518.4840 	DATA 	stimDur = 24.0
518.4840 	DATA 	jitter = 0.78525
518.4841 	DATA 	restDur = 24.0

518.4841 	DATA 	
518.4841 	DATA 	TR 333 | TR1 167 | TR2 166
519.2831 	DATA 	
519.2831 	DATA 	stimulation started
519.2831 	DATA 	
520.0331 	DATA 	Keypress: 5
520.0332 	DATA 	TR 334 | TR1 167 | TR2 167
521.5997 	DATA 	Keypress: 5
521.5997 	DATA 	TR 335 | TR1 168 | TR2 167
523.1502 	DATA 	Keypress: 5
523.1661 	DATA 	TR 336 | TR1 168 | TR2 168
524.7328 	DATA 	Keypress: 5
524.7328 	DATA 	TR 337 | TR1 169 | TR2 168
526.2825 	DATA 	Keypress: 5
526.2825 	DATA 	TR 338 | TR1 169 | TR2 169
527.8491 	DATA 	Keypress: 5
527.8492 	DATA 	TR 339 | TR1 170 | TR2 169
529.3989 	DATA 	Keypress: 5
529.3990 	DATA 	TR 340 | TR1 170 | TR2 170
530.9821 	DATA 	Keypress: 5
530.9822 	DATA 	TR 341 | TR1 171 | TR2 170
532.5320 	DATA 	Keypress: 5
532.5320 	DATA 	TR 342 | TR1 171 | TR2 171
534.0985 	DATA 	Keypress: 5
534.0985 	DATA 	TR 343 | TR1 172 | TR2 171
535.6484 	DATA 	Keypress: 5
535.6484 	DATA 	TR 344 | TR1 172 | TR2 172
537.2149 	DATA 	Keypress: 5
537.2150 	DATA 	TR 345 | TR1 173 | TR2 172
538.7814 	DATA 	Keypress: 5
538.7814 	DATA 	TR 346 | TR1 173 | TR2 173
540.3479 	DATA 	Keypress: 5
540.3480 	DATA 	TR 347 | TR1 174 | TR2 173
541.8978 	DATA 	Keypress: 5
541.8978 	DATA 	TR 348 | TR1 174 | TR2 174
543.2810 	DATA 	
543.2810 	DATA 	stimulation stopped
543.2810 	DATA 	
543.4643 	DATA 	Keypress: 5
543.4643 	DATA 	TR 349 | TR1 175 | TR2 174
545.0141 	DATA 	Keypress: 5
545.0142 	DATA 	TR 350 | TR1 175 | TR2 175
546.5973 	DATA 	Keypress: 5
546.5974 	DATA 	TR 351 | TR1 176 | TR2 175
548.1471 	DATA 	Keypress: 5
548.1472 	DATA 	TR 352 | TR1 176 | TR2 176
549.7137 	DATA 	Keypress: 5
549.7137 	DATA 	TR 353 | TR1 177 | TR2 176
551.2635 	DATA 	Keypress: 5
551.2636 	DATA 	TR 354 | TR1 177 | TR2 177
552.8467 	DATA 	Keypress: 5
552.8468 	DATA 	TR 355 | TR1 178 | TR2 177
554.3966 	DATA 	Keypress: 5
554.3966 	DATA 	TR 356 | TR1 178 | TR2 178
555.9631 	DATA 	Keypress: 5
555.9631 	DATA 	TR 357 | TR1 179 | TR2 178
557.5129 	DATA 	Keypress: 5
557.5130 	DATA 	TR 358 | TR1 179 | TR2 179
559.0795 	DATA 	Keypress: 5
559.0795 	DATA 	TR 359 | TR1 180 | TR2 179
560.6299 	DATA 	Keypress: 5
560.6461 	DATA 	TR 360 | TR1 180 | TR2 180
562.2126 	DATA 	Keypress: 5
562.2126 	DATA 	TR 361 | TR1 181 | TR2 180
563.7624 	DATA 	Keypress: 5
563.7624 	DATA 	TR 362 | TR1 181 | TR2 181
565.3286 	DATA 	Keypress: 5
565.3286 	DATA 	TR 363 | TR1 182 | TR2 181
566.8784 	DATA 	Keypress: 5
566.8784 	DATA 	TR 364 | TR1 182 | TR2 182
567.2783 	DATA 	
567.2783 	DATA 	Trial complete
567.2783 	DATA 	
568.4616 	DATA 	Keypress: 5
568.4617 	DATA 	Waited 50.3451189994812 seconds for trigger
568.4625 	DATA 	
568.4625 	DATA 	Trial 20
568.4625 	DATA 	stimDur = 12.0
568.4625 	DATA 	jitter = 0.78525
568.4625 	DATA 	restDur = 20.0

568.4625 	DATA 	
568.4625 	DATA 	TR 365 | TR1 183 | TR2 182
569.2615 	DATA 	
569.2615 	DATA 	stimulation started
569.2615 	DATA 	
569.6284 	DATA 	Target presented
570.0117 	DATA 	Keypress: 5
570.0118 	DATA 	TR 366 | TR1 183 | TR2 183
570.3458 	DATA 	Keypress: 1
570.3617 	DATA 	Key1 pressed
570.3617 	DATA 	Target detected
571.5783 	DATA 	Keypress: 5
571.5784 	DATA 	TR 367 | TR1 184 | TR2 183
573.1282 	DATA 	Keypress: 5
573.1282 	DATA 	TR 368 | TR1 184 | TR2 184
574.7113 	DATA 	Keypress: 5
574.7114 	DATA 	TR 369 | TR1 185 | TR2 184
576.2612 	DATA 	Keypress: 5
576.2612 	DATA 	TR 370 | TR1 185 | TR2 185
577.8277 	DATA 	Keypress: 5
577.8278 	DATA 	TR 371 | TR1 186 | TR2 185
579.3777 	DATA 	Keypress: 5
579.3778 	DATA 	TR 372 | TR1 186 | TR2 186
580.9442 	DATA 	Keypress: 5
580.9442 	DATA 	TR 373 | TR1 187 | TR2 186
581.2609 	DATA 	
581.2609 	DATA 	stimulation stopped
581.2609 	DATA 	
582.4939 	DATA 	Keypress: 5
582.4940 	DATA 	TR 374 | TR1 187 | TR2 187
584.0773 	DATA 	Keypress: 5
584.0773 	DATA 	TR 375 | TR1 188 | TR2 187
585.6270 	DATA 	Keypress: 5
585.6271 	DATA 	TR 376 | TR1 188 | TR2 188
587.1936 	DATA 	Keypress: 5
587.1936 	DATA 	TR 377 | TR1 189 | TR2 188
588.7434 	DATA 	Keypress: 5
588.7434 	DATA 	TR 378 | TR1 189 | TR2 189
590.3266 	DATA 	Keypress: 5
590.3267 	DATA 	TR 379 | TR1 190 | TR2 189
591.8765 	DATA 	Keypress: 5
591.8765 	DATA 	TR 380 | TR1 190 | TR2 190
593.4430 	DATA 	Keypress: 5
593.4431 	DATA 	TR 381 | TR1 191 | TR2 190
594.9929 	DATA 	Keypress: 5
594.9929 	DATA 	TR 382 | TR1 191 | TR2 191
596.5595 	DATA 	Keypress: 5
596.5596 	DATA 	TR 383 | TR1 192 | TR2 191
598.1260 	DATA 	Keypress: 5
598.1261 	DATA 	TR 384 | TR1 192 | TR2 192
599.6925 	DATA 	Keypress: 5
599.6925 	DATA 	TR 385 | TR1 193 | TR2 192
601.2422 	DATA 	Keypress: 5
601.2423 	DATA 	TR 386 | TR1 193 | TR2 193
601.2589 	DATA 	
601.2589 	DATA 	Trial complete
601.2589 	DATA 	
602.8090 	DATA 	Keypress: 5
602.8090 	DATA 	TR 387 | TR1 194 | TR2 193
604.3587 	DATA 	Keypress: 5
604.3587 	DATA 	TR 388 | TR1 194 | TR2 194
605.9418 	DATA 	Keypress: 5
605.9419 	DATA 	TR 389 | TR1 195 | TR2 194
607.4917 	DATA 	Keypress: 5
607.4917 	DATA 	TR 390 | TR1 195 | TR2 195
609.0582 	DATA 	Keypress: 5
609.0583 	DATA 	TR 391 | TR1 196 | TR2 195
610.6081 	DATA 	Keypress: 5
610.6081 	DATA 	TR 392 | TR1 196 | TR2 196
612.1913 	DATA 	Keypress: 5
612.1913 	DATA 	TR 393 | TR1 197 | TR2 196
613.7411 	DATA 	Keypress: 5
613.7412 	DATA 	TR 394 | TR1 197 | TR2 197
615.3077 	DATA 	Keypress: 5
615.3077 	DATA 	TR 395 | TR1 198 | TR2 197
616.8575 	DATA 	Keypress: 5
616.8575 	DATA 	TR 396 | TR1 198 | TR2 198
618.4242 	DATA 	Keypress: 5
618.4242 	DATA 	TR 397 | TR1 199 | TR2 198
619.9744 	DATA 	Keypress: 5
619.9905 	DATA 	TR 398 | TR1 199 | TR2 199
621.5571 	DATA 	Keypress: 5
621.5571 	DATA 	TR 399 | TR1 200 | TR2 199
623.1069 	DATA 	Keypress: 5
623.1069 	DATA 	TR 400 | TR1 200 | TR2 200
624.6735 	DATA 	Keypress: 5
624.6735 	DATA 	TR 401 | TR1 201 | TR2 200
626.2232 	DATA 	Keypress: 5
626.2233 	DATA 	TR 402 | TR1 201 | TR2 201
627.8065 	DATA 	Keypress: 5
627.8066 	DATA 	TR 403 | TR1 202 | TR2 201
629.3563 	DATA 	Keypress: 5
629.3564 	DATA 	TR 404 | TR1 202 | TR2 202
630.9229 	DATA 	Keypress: 5
630.9229 	DATA 	TR 405 | TR1 203 | TR2 202
632.4727 	DATA 	Keypress: 5
632.4728 	DATA 	TR 406 | TR1 203 | TR2 203
634.0399 	DATA 	Keypress: 5
634.0559 	DATA 	TR 407 | TR1 204 | TR2 203
635.6058 	DATA 	Keypress: 5
635.6058 	DATA 	TR 408 | TR1 204 | TR2 204
637.1723 	DATA 	Keypress: 5
637.1723 	DATA 	TR 409 | TR1 205 | TR2 204
638.7221 	DATA 	Keypress: 5
638.7222 	DATA 	TR 410 | TR1 205 | TR2 205
640.2887 	DATA 	Keypress: 5
640.2888 	DATA 	TR 411 | TR1 206 | TR2 205
641.8385 	DATA 	Keypress: 5
641.8386 	DATA 	TR 412 | TR1 206 | TR2 206
643.4218 	DATA 	Keypress: 5
643.4218 	DATA 	TR 413 | TR1 207 | TR2 206
644.9716 	DATA 	Keypress: 5
644.9716 	DATA 	TR 414 | TR1 207 | TR2 207
646.5381 	DATA 	Keypress: 5
646.5381 	DATA 	TR 415 | TR1 208 | TR2 207
648.0880 	DATA 	Keypress: 5
648.0880 	DATA 	TR 416 | TR1 208 | TR2 208
649.6712 	DATA 	Keypress: 5
649.6712 	DATA 	TR 417 | TR1 209 | TR2 208
651.2210 	DATA 	Keypress: 5
651.2210 	DATA 	TR 418 | TR1 209 | TR2 209
652.7876 	DATA 	Keypress: 5
652.7876 	DATA 	TR 419 | TR1 210 | TR2 209
654.3374 	DATA 	Keypress: 5
654.3374 	DATA 	TR 420 | TR1 210 | TR2 210
655.9039 	DATA 	Keypress: 5
655.9040 	DATA 	TR 421 | TR1 211 | TR2 210
657.4544 	DATA 	Keypress: 5
657.4704 	DATA 	TR 422 | TR1 211 | TR2 211
659.0370 	DATA 	Keypress: 5
659.0370 	DATA 	TR 423 | TR1 212 | TR2 211
660.5868 	DATA 	Keypress: 5
660.5869 	DATA 	TR 424 | TR1 212 | TR2 212
662.1534 	DATA 	Keypress: 5
662.1534 	DATA 	TR 425 | TR1 213 | TR2 212
663.7032 	DATA 	Keypress: 5
663.7032 	DATA 	TR 426 | TR1 213 | TR2 213
665.2864 	DATA 	Keypress: 5
665.2864 	DATA 	TR 427 | TR1 214 | TR2 213
666.8362 	DATA 	Keypress: 5
666.8363 	DATA 	TR 428 | TR1 214 | TR2 214
668.4028 	DATA 	Keypress: 5
668.4028 	DATA 	TR 429 | TR1 215 | TR2 214
669.9526 	DATA 	Keypress: 5
669.9527 	DATA 	TR 430 | TR1 215 | TR2 215
671.5197 	DATA 	Keypress: 5
671.5358 	DATA 	TR 431 | TR1 216 | TR2 215
673.0857 	DATA 	Keypress: 5
673.0857 	DATA 	TR 432 | TR1 216 | TR2 216
674.6522 	DATA 	Keypress: 5
674.6523 	DATA 	TR 433 | TR1 217 | TR2 216
676.2020 	DATA 	Keypress: 5
676.2021 	DATA 	TR 434 | TR1 217 | TR2 217
680.2016 	DATA 	EndOfRun sub-05_ses-03_run-07

680.2017 	DATA 	We spent 80.63830852508545 seconds waiting for triggers
680.2017 	DATA 	RatioOfDetectedTargets 1.0
680.2017 	DATA 	You have detected 9 out of 9 targets.
685.2281 	EXP 	window1: mouseVisible = True
