MonitorDistance=99cm
MonitorWidth=30cm
PixelWidth=1024.0
PixelHeight=768.0
You have detected 9 out of 9 targets.
Excellent! Keep up the good work
8.8910 	INFO 	Loaded monitor calibration from ['2021_05_26 17:55']
9.4549 	EXP 	Created window1 = Window(allowGUI=False, allowStencil=False, autoLog=True, backendConf=UNKNOWN, bitsMode=UNKNOWN, blendMode='avg', bpc=(8, 8, 8), color=array([-0.5, -0.5, -0.5]), colorSpace='rgb', depthBits=8, fullscr=<method-wrapper '__getattribute__' of attributeSetter object at 0x7fad71bab390>, gamma=None, gammaErrorPolicy='raise', lms=UNKNOWN, monitor=<psychopy.monitors.calibTools.Monitor object at 0x7fad679c9f28>, multiSample=False, name='window1', numSamples=2, pos=[0.0, 0.0], screen=0, size=array([1024,  768]), stencilBits=0, stereo=False, units='deg', useFBO=False, useRetina=False, viewOri=0.0, viewPos=None, viewScale=None, waitBlanking=True, winType='pyglet')
9.4550 	EXP 	window1: mouseVisible = True
9.5499 	EXP 	Created unnamed TextStim = TextStim(__class__=<class 'psychopy.visual.text.TextStim'>, alignHoriz=method-wrapper(...), alignText='center', alignVert=method-wrapper(...), anchorHoriz='center', anchorVert='center', antialias=True, autoLog=True, bold=False, color=array([1., 1., 1.]), colorSpace='rgb', contrast=1.0, depth=0, flipHoriz=False, flipVert=False, font='', fontFiles=[], height=0.5, italic=False, languageStyle='LTR', name='unnamed TextStim', opacity=1.0, ori=0.0, pos=array([0., 0.]), rgb=UNKNOWN, text=str(...), units='deg', win=Window(...), wrapWidth=15.0)
9.5856 	EXP 	Created Movie Frame 0 = ImageStim(__class__=<class 'psychopy.visual.image.ImageStim'>, autoLog=True, color=array([0.8, 0.8, 0.8]), colorSpace='rgb', contrast=0.8, depth=0, flipHoriz=False, flipVert=False, image='visual_0.png', interpolate=False, mask=None, maskParams=None, name='Movie Frame 0', opacity=1, ori=0.0, pos=array([0., 0.]), size=array([1024,  768]), texRes=128, units='pix', win=Window(...))
9.6125 	EXP 	Created Movie Frame 1 = ImageStim(__class__=<class 'psychopy.visual.image.ImageStim'>, autoLog=True, color=array([0.8, 0.8, 0.8]), colorSpace='rgb', contrast=0.8, depth=0, flipHoriz=False, flipVert=False, image='visual_1.png', interpolate=False, mask=None, maskParams=None, name='Movie Frame 1', opacity=1, ori=0.0, pos=array([0., 0.]), size=array([1024,  768]), texRes=128, units='pix', win=Window(...))
55.2978 	DATA 	Keypress: 5
0.0000 	DATA 	StartOfRun sub-05_ses-03_run-01
0.0000 	DATA 	TR 1 | TR1 1 | TR2 0
0.0085 	DATA 	Initial baseline

1.5505 	DATA 	Keypress: 5
1.5505 	DATA 	TR 2 | TR1 1 | TR2 1
3.1227 	DATA 	Keypress: 5
3.1227 	DATA 	TR 3 | TR1 2 | TR2 1
4.6738 	DATA 	Keypress: 5
4.6738 	DATA 	TR 4 | TR1 2 | TR2 2
6.2459 	DATA 	Keypress: 5
6.2460 	DATA 	TR 5 | TR1 3 | TR2 2
7.7971 	DATA 	Keypress: 5
7.7971 	DATA 	TR 6 | TR1 3 | TR2 3
9.3693 	DATA 	Keypress: 5
9.3693 	DATA 	TR 7 | TR1 4 | TR2 3
10.9204 	DATA 	Keypress: 5
10.9205 	DATA 	TR 8 | TR1 4 | TR2 4
12.4925 	DATA 	Keypress: 5
12.4926 	DATA 	TR 9 | TR1 5 | TR2 4
14.0437 	DATA 	Keypress: 5
14.0437 	DATA 	TR 10 | TR1 5 | TR2 5
15.6159 	DATA 	Keypress: 5
15.6159 	DATA 	TR 11 | TR1 6 | TR2 5
17.1670 	DATA 	Keypress: 5
17.1670 	DATA 	TR 12 | TR1 6 | TR2 6
18.7392 	DATA 	Keypress: 5
18.7392 	DATA 	TR 13 | TR1 7 | TR2 6
20.2903 	DATA 	Keypress: 5
20.2904 	DATA 	TR 14 | TR1 7 | TR2 7
21.8625 	DATA 	Keypress: 5
21.8625 	DATA 	TR 15 | TR1 8 | TR2 7
23.4136 	DATA 	Keypress: 5
23.4137 	DATA 	TR 16 | TR1 8 | TR2 8
24.9858 	DATA 	Keypress: 5
24.9858 	DATA 	TR 17 | TR1 9 | TR2 8
26.5369 	DATA 	Keypress: 5
26.5370 	DATA 	TR 18 | TR1 9 | TR2 9
28.1091 	DATA 	Keypress: 5
28.1091 	DATA 	TR 19 | TR1 10 | TR2 9
29.6602 	DATA 	Keypress: 5
29.6603 	DATA 	TR 20 | TR1 10 | TR2 10
31.2388 	DATA 	Keypress: 5
31.2389 	DATA 	Waited 1.238858938217163 seconds for trigger
31.5284 	DATA 	
31.5284 	DATA 	Trial 1
31.5284 	DATA 	stimDur = 1.0
31.5284 	DATA 	jitter = 0.78525
31.5284 	DATA 	restDur = 12.0

31.5284 	DATA 	
31.5284 	DATA 	TR 21 | TR1 11 | TR2 10
32.0387 	DATA 	
32.0387 	DATA 	stimulation started
32.0387 	DATA 	
32.7889 	DATA 	Keypress: 5
32.7889 	DATA 	TR 22 | TR1 11 | TR2 11
33.0386 	DATA 	
33.0386 	DATA 	stimulation stopped
33.0386 	DATA 	
34.3557 	DATA 	Keypress: 5
34.3718 	DATA 	TR 23 | TR1 12 | TR2 11
35.9216 	DATA 	Keypress: 5
35.9217 	DATA 	TR 24 | TR1 12 | TR2 12
37.4881 	DATA 	Keypress: 5
37.4882 	DATA 	TR 25 | TR1 13 | TR2 12
39.0379 	DATA 	Keypress: 5
39.0380 	DATA 	TR 26 | TR1 13 | TR2 13
40.6044 	DATA 	Keypress: 5
40.6044 	DATA 	TR 27 | TR1 14 | TR2 13
42.1543 	DATA 	Keypress: 5
42.1543 	DATA 	TR 28 | TR1 14 | TR2 14
43.7374 	DATA 	Keypress: 5
43.7374 	DATA 	TR 29 | TR1 15 | TR2 14
45.0372 	DATA 	
45.0372 	DATA 	Trial complete
45.0372 	DATA 	Waiting for VASO trigger to start next trial
45.0372 	DATA 	
45.2872 	DATA 	Keypress: 5
45.2873 	DATA 	TR 30 | TR1 15 | TR2 15
46.8537 	DATA 	Keypress: 5
46.8537 	DATA 	Waited 1.816500186920166 seconds for trigger
46.8545 	DATA 	
46.8545 	DATA 	Trial 2
46.8545 	DATA 	stimDur = 12.0
46.8545 	DATA 	jitter = 0.0
46.8545 	DATA 	restDur = 20.0

46.8545 	DATA 	
46.8545 	DATA 	TR 31 | TR1 16 | TR2 15
46.8545 	DATA 	
46.8545 	DATA 	stimulation started
46.8545 	DATA 	
48.4036 	DATA 	Keypress: 5
48.4037 	DATA 	TR 32 | TR1 16 | TR2 16
49.9868 	DATA 	Keypress: 5
49.9868 	DATA 	TR 33 | TR1 17 | TR2 16
51.5366 	DATA 	Keypress: 5
51.5367 	DATA 	TR 34 | TR1 17 | TR2 17
53.1031 	DATA 	Keypress: 5
53.1031 	DATA 	TR 35 | TR1 18 | TR2 17
54.6530 	DATA 	Keypress: 5
54.6531 	DATA 	TR 36 | TR1 18 | TR2 18
56.2194 	DATA 	Keypress: 5
56.2194 	DATA 	TR 37 | TR1 19 | TR2 18
57.7859 	DATA 	Keypress: 5
57.7859 	DATA 	TR 38 | TR1 19 | TR2 19
58.8690 	DATA 	
58.8690 	DATA 	stimulation stopped
58.8690 	DATA 	
59.3524 	DATA 	Keypress: 5
59.3524 	DATA 	TR 39 | TR1 20 | TR2 19
60.9022 	DATA 	Keypress: 5
60.9022 	DATA 	TR 40 | TR1 20 | TR2 20
62.4686 	DATA 	Keypress: 5
62.4686 	DATA 	TR 41 | TR1 21 | TR2 20
64.0185 	DATA 	Keypress: 5
64.0185 	DATA 	TR 42 | TR1 21 | TR2 21
65.6016 	DATA 	Keypress: 5
65.6016 	DATA 	TR 43 | TR1 22 | TR2 21
67.1514 	DATA 	Keypress: 5
67.1515 	DATA 	TR 44 | TR1 22 | TR2 22
68.7178 	DATA 	Keypress: 5
68.7179 	DATA 	TR 45 | TR1 23 | TR2 22
70.2678 	DATA 	Keypress: 5
70.2678 	DATA 	TR 46 | TR1 23 | TR2 23
71.8348 	DATA 	Keypress: 5
71.8508 	DATA 	TR 47 | TR1 24 | TR2 23
73.4008 	DATA 	Keypress: 5
73.4008 	DATA 	TR 48 | TR1 24 | TR2 24
74.9672 	DATA 	Keypress: 5
74.9672 	DATA 	TR 49 | TR1 25 | TR2 24
76.5171 	DATA 	Keypress: 5
76.5171 	DATA 	TR 50 | TR1 25 | TR2 25
78.0835 	DATA 	Keypress: 5
78.0836 	DATA 	TR 51 | TR1 26 | TR2 25
78.7335 	DATA 	Target presented
78.8668 	DATA 	
78.8668 	DATA 	Trial complete
78.8668 	DATA 	Waiting for VASO trigger to start next trial
78.8668 	DATA 	
79.3834 	DATA 	Keypress: 1
79.3835 	DATA 	Key1 pressed
79.3835 	DATA 	Target detected
79.6333 	DATA 	Keypress: 5
79.6334 	DATA 	TR 52 | TR1 26 | TR2 26
81.2167 	DATA 	Keypress: 5
81.2167 	DATA 	Waited 2.349924087524414 seconds for trigger
81.2175 	DATA 	
81.2175 	DATA 	Trial 3
81.2175 	DATA 	stimDur = 2.0
81.2175 	DATA 	jitter = 1.5705
81.2175 	DATA 	restDur = 14.0

81.2175 	DATA 	
81.2175 	DATA 	TR 53 | TR1 27 | TR2 26
82.7664 	DATA 	Keypress: 5
82.7664 	DATA 	TR 54 | TR1 27 | TR2 27
82.7996 	DATA 	
82.7996 	DATA 	stimulation started
82.7996 	DATA 	
84.3330 	DATA 	Keypress: 5
84.3332 	DATA 	TR 55 | TR1 28 | TR2 27
84.7994 	DATA 	
84.7995 	DATA 	stimulation stopped
84.7995 	DATA 	
85.8828 	DATA 	Keypress: 5
85.8828 	DATA 	TR 56 | TR1 28 | TR2 28
87.4658 	DATA 	Keypress: 5
87.4659 	DATA 	TR 57 | TR1 29 | TR2 28
89.0156 	DATA 	Keypress: 5
89.0157 	DATA 	TR 58 | TR1 29 | TR2 29
90.5822 	DATA 	Keypress: 5
90.5822 	DATA 	TR 59 | TR1 30 | TR2 29
92.1320 	DATA 	Keypress: 5
92.1320 	DATA 	TR 60 | TR1 30 | TR2 30
93.6985 	DATA 	Keypress: 5
93.6985 	DATA 	TR 61 | TR1 31 | TR2 30
95.2649 	DATA 	Keypress: 5
95.2650 	DATA 	TR 62 | TR1 31 | TR2 31
96.8315 	DATA 	Keypress: 5
96.8315 	DATA 	TR 63 | TR1 32 | TR2 31
98.3813 	DATA 	Keypress: 5
98.3813 	DATA 	TR 64 | TR1 32 | TR2 32
98.7979 	DATA 	
98.7979 	DATA 	Trial complete
98.7979 	DATA 	Waiting for VASO trigger to start next trial
98.7979 	DATA 	
99.9478 	DATA 	Keypress: 5
99.9479 	DATA 	Waited 1.1499710083007812 seconds for trigger
99.9486 	DATA 	
99.9486 	DATA 	Trial 4
99.9486 	DATA 	stimDur = 1.0
99.9486 	DATA 	jitter = 2.35575
99.9486 	DATA 	restDur = 12.0

99.9487 	DATA 	
99.9487 	DATA 	TR 65 | TR1 33 | TR2 32
101.4976 	DATA 	Keypress: 5
101.4976 	DATA 	TR 66 | TR1 33 | TR2 33
102.3141 	DATA 	
102.3142 	DATA 	stimulation started
102.3142 	DATA 	
103.0808 	DATA 	Keypress: 5
103.0809 	DATA 	TR 67 | TR1 34 | TR2 33
103.3141 	DATA 	
103.3141 	DATA 	stimulation stopped
103.3141 	DATA 	
104.6306 	DATA 	Keypress: 5
104.6306 	DATA 	TR 68 | TR1 34 | TR2 34
106.1971 	DATA 	Keypress: 5
106.1971 	DATA 	TR 69 | TR1 35 | TR2 34
107.7469 	DATA 	Keypress: 5
107.7469 	DATA 	TR 70 | TR1 35 | TR2 35
109.3301 	DATA 	Keypress: 5
109.3301 	DATA 	TR 71 | TR1 36 | TR2 35
110.8799 	DATA 	Keypress: 5
110.8799 	DATA 	TR 72 | TR1 36 | TR2 36
112.4464 	DATA 	Keypress: 5
112.4465 	DATA 	TR 73 | TR1 37 | TR2 36
113.9962 	DATA 	Keypress: 5
113.9963 	DATA 	TR 74 | TR1 37 | TR2 37
115.3127 	DATA 	
115.3127 	DATA 	Trial complete
115.3127 	DATA 	Waiting for VASO trigger to start next trial
115.3127 	DATA 	
115.5627 	DATA 	Keypress: 5
115.5628 	DATA 	Waited 0.25005507469177246 seconds for trigger
115.5636 	DATA 	
115.5636 	DATA 	Trial 5
115.5636 	DATA 	stimDur = 24.0
115.5636 	DATA 	jitter = 0.0
115.5636 	DATA 	restDur = 24.0

115.5636 	DATA 	
115.5636 	DATA 	TR 75 | TR1 38 | TR2 37
115.5636 	DATA 	
115.5636 	DATA 	stimulation started
115.5636 	DATA 	
117.1127 	DATA 	Keypress: 5
117.1128 	DATA 	TR 76 | TR1 38 | TR2 38
118.6958 	DATA 	Keypress: 5
118.6958 	DATA 	TR 77 | TR1 39 | TR2 38
120.2457 	DATA 	Keypress: 5
120.2458 	DATA 	TR 78 | TR1 39 | TR2 39
121.8121 	DATA 	Keypress: 5
121.8122 	DATA 	TR 79 | TR1 40 | TR2 39
123.3619 	DATA 	Keypress: 5
123.3620 	DATA 	TR 80 | TR1 40 | TR2 40
124.9451 	DATA 	Keypress: 5
124.9452 	DATA 	TR 81 | TR1 41 | TR2 40
125.5784 	DATA 	Target presented
126.0450 	DATA 	Keypress: 1
126.0450 	DATA 	Key1 pressed
126.0451 	DATA 	Target detected
126.4951 	DATA 	Keypress: 5
126.4951 	DATA 	TR 82 | TR1 41 | TR2 41
128.0614 	DATA 	Keypress: 5
128.0615 	DATA 	TR 83 | TR1 42 | TR2 41
129.6114 	DATA 	Keypress: 5
129.6114 	DATA 	TR 84 | TR1 42 | TR2 42
131.1778 	DATA 	Keypress: 5
131.1778 	DATA 	TR 85 | TR1 43 | TR2 42
132.7442 	DATA 	Keypress: 5
132.7443 	DATA 	TR 86 | TR1 43 | TR2 43
134.3108 	DATA 	Keypress: 5
134.3108 	DATA 	TR 87 | TR1 44 | TR2 43
135.8607 	DATA 	Keypress: 5
135.8607 	DATA 	TR 88 | TR1 44 | TR2 44
137.4271 	DATA 	Keypress: 5
137.4271 	DATA 	TR 89 | TR1 45 | TR2 44
138.9770 	DATA 	Keypress: 5
138.9770 	DATA 	TR 90 | TR1 45 | TR2 45
139.5768 	DATA 	
139.5768 	DATA 	stimulation stopped
139.5768 	DATA 	
140.5600 	DATA 	Keypress: 5
140.5601 	DATA 	TR 91 | TR1 46 | TR2 45
142.1098 	DATA 	Keypress: 5
142.1099 	DATA 	TR 92 | TR1 46 | TR2 46
143.6765 	DATA 	Keypress: 5
143.6765 	DATA 	TR 93 | TR1 47 | TR2 46
145.2262 	DATA 	Keypress: 5
145.2262 	DATA 	TR 94 | TR1 47 | TR2 47
146.8093 	DATA 	Keypress: 5
146.8094 	DATA 	TR 95 | TR1 48 | TR2 47
148.3591 	DATA 	Keypress: 5
148.3592 	DATA 	TR 96 | TR1 48 | TR2 48
149.9257 	DATA 	Keypress: 5
149.9257 	DATA 	TR 97 | TR1 49 | TR2 48
151.4755 	DATA 	Keypress: 5
151.4755 	DATA 	TR 98 | TR1 49 | TR2 49
153.0420 	DATA 	Keypress: 5
153.0420 	DATA 	TR 99 | TR1 50 | TR2 49
154.5924 	DATA 	Keypress: 5
154.6084 	DATA 	TR 100 | TR1 50 | TR2 50
156.1750 	DATA 	Keypress: 5
156.1751 	DATA 	TR 101 | TR1 51 | TR2 50
157.7249 	DATA 	Keypress: 5
157.7250 	DATA 	TR 102 | TR1 51 | TR2 51
159.2915 	DATA 	Keypress: 5
159.2915 	DATA 	TR 103 | TR1 52 | TR2 51
160.8411 	DATA 	Keypress: 5
160.8412 	DATA 	TR 104 | TR1 52 | TR2 52
162.4243 	DATA 	Keypress: 5
162.4244 	DATA 	TR 105 | TR1 53 | TR2 52
163.5741 	DATA 	
163.5741 	DATA 	Trial complete
163.5742 	DATA 	Waiting for VASO trigger to start next trial
163.5742 	DATA 	
163.9741 	DATA 	Keypress: 5
163.9742 	DATA 	TR 106 | TR1 53 | TR2 53
165.5407 	DATA 	Keypress: 5
165.5407 	DATA 	Waited 1.9665429592132568 seconds for trigger
165.5415 	DATA 	
165.5415 	DATA 	Trial 6
165.5415 	DATA 	stimDur = 24.0
165.5415 	DATA 	jitter = 1.5705
165.5415 	DATA 	restDur = 24.0

165.5415 	DATA 	
165.5415 	DATA 	TR 107 | TR1 54 | TR2 53
167.0905 	DATA 	Keypress: 5
167.0905 	DATA 	TR 108 | TR1 54 | TR2 54
167.1238 	DATA 	
167.1238 	DATA 	stimulation started
167.1238 	DATA 	
168.6578 	DATA 	Keypress: 5
168.6736 	DATA 	TR 109 | TR1 55 | TR2 54
170.2235 	DATA 	Keypress: 5
170.2236 	DATA 	TR 110 | TR1 55 | TR2 55
171.7900 	DATA 	Keypress: 5
171.7901 	DATA 	TR 111 | TR1 56 | TR2 55
173.3399 	DATA 	Keypress: 5
173.3399 	DATA 	TR 112 | TR1 56 | TR2 56
174.9064 	DATA 	Keypress: 5
174.9064 	DATA 	TR 113 | TR1 57 | TR2 56
176.4561 	DATA 	Keypress: 5
176.4562 	DATA 	TR 114 | TR1 57 | TR2 57
178.0394 	DATA 	Keypress: 5
178.0394 	DATA 	TR 115 | TR1 58 | TR2 57
179.5892 	DATA 	Keypress: 5
179.5892 	DATA 	TR 116 | TR1 58 | TR2 58
181.1557 	DATA 	Keypress: 5
181.1557 	DATA 	TR 117 | TR1 59 | TR2 58
182.7055 	DATA 	Keypress: 5
182.7056 	DATA 	TR 118 | TR1 59 | TR2 59
184.2887 	DATA 	Keypress: 5
184.2887 	DATA 	TR 119 | TR1 60 | TR2 59
185.8385 	DATA 	Keypress: 5
185.8386 	DATA 	TR 120 | TR1 60 | TR2 60
187.4050 	DATA 	Keypress: 5
187.4051 	DATA 	TR 121 | TR1 61 | TR2 60
188.9548 	DATA 	Keypress: 5
188.9549 	DATA 	TR 122 | TR1 61 | TR2 61
190.5214 	DATA 	Keypress: 5
190.5215 	DATA 	TR 123 | TR1 62 | TR2 61
191.1212 	DATA 	
191.1213 	DATA 	stimulation stopped
191.1213 	DATA 	
192.0878 	DATA 	Keypress: 5
192.0878 	DATA 	TR 124 | TR1 62 | TR2 62
193.6543 	DATA 	Keypress: 5
193.6544 	DATA 	TR 125 | TR1 63 | TR2 62
195.2040 	DATA 	Keypress: 5
195.2040 	DATA 	TR 126 | TR1 63 | TR2 63
196.7707 	DATA 	Keypress: 5
196.7707 	DATA 	TR 127 | TR1 64 | TR2 63
198.3205 	DATA 	Keypress: 5
198.3205 	DATA 	TR 128 | TR1 64 | TR2 64
199.9037 	DATA 	Keypress: 5
199.9037 	DATA 	TR 129 | TR1 65 | TR2 64
201.3368 	DATA 	Target presented
201.4535 	DATA 	Keypress: 5
201.4535 	DATA 	TR 130 | TR1 65 | TR2 65
201.7534 	DATA 	Keypress: 1
201.7535 	DATA 	Key1 pressed
201.7535 	DATA 	Target detected
203.0200 	DATA 	Keypress: 5
203.0200 	DATA 	TR 131 | TR1 66 | TR2 65
204.5698 	DATA 	Keypress: 5
204.5699 	DATA 	TR 132 | TR1 66 | TR2 66
206.1370 	DATA 	Keypress: 5
206.1529 	DATA 	TR 133 | TR1 67 | TR2 66
207.7028 	DATA 	Keypress: 5
207.7028 	DATA 	TR 134 | TR1 67 | TR2 67
209.2693 	DATA 	Keypress: 5
209.2694 	DATA 	TR 135 | TR1 68 | TR2 67
210.8191 	DATA 	Keypress: 5
210.8192 	DATA 	TR 136 | TR1 68 | TR2 68
212.3857 	DATA 	Keypress: 5
212.3857 	DATA 	TR 137 | TR1 69 | TR2 68
213.9361 	DATA 	Keypress: 5
213.9521 	DATA 	TR 138 | TR1 69 | TR2 69
215.1187 	DATA 	
215.1187 	DATA 	Trial complete
215.1187 	DATA 	Waiting for VASO trigger to start next trial
215.1187 	DATA 	
215.5187 	DATA 	Keypress: 5
215.5187 	DATA 	Waited 0.4000520706176758 seconds for trigger
215.5195 	DATA 	
215.5195 	DATA 	Trial 7
215.5195 	DATA 	stimDur = 4.0
215.5195 	DATA 	jitter = 2.35575
215.5195 	DATA 	restDur = 16.0

215.5195 	DATA 	
215.5195 	DATA 	TR 139 | TR1 70 | TR2 69
217.0685 	DATA 	Keypress: 5
217.0685 	DATA 	TR 140 | TR1 70 | TR2 70
217.8850 	DATA 	
217.8850 	DATA 	stimulation started
217.8850 	DATA 	
218.6351 	DATA 	Keypress: 5
218.6352 	DATA 	TR 141 | TR1 71 | TR2 70
220.1849 	DATA 	Keypress: 5
220.1849 	DATA 	TR 142 | TR1 71 | TR2 71
221.7681 	DATA 	Keypress: 5
221.7681 	DATA 	TR 143 | TR1 72 | TR2 71
221.8846 	DATA 	
221.8847 	DATA 	stimulation stopped
221.8847 	DATA 	
223.3178 	DATA 	Keypress: 5
223.3179 	DATA 	TR 144 | TR1 72 | TR2 72
224.8844 	DATA 	Keypress: 5
224.8844 	DATA 	TR 145 | TR1 73 | TR2 72
226.4343 	DATA 	Keypress: 5
226.4343 	DATA 	TR 146 | TR1 73 | TR2 73
228.0008 	DATA 	Keypress: 5
228.0009 	DATA 	TR 147 | TR1 74 | TR2 73
229.5672 	DATA 	Keypress: 5
229.5672 	DATA 	TR 148 | TR1 74 | TR2 74
231.1337 	DATA 	Keypress: 5
231.1338 	DATA 	TR 149 | TR1 75 | TR2 74
232.6835 	DATA 	Keypress: 5
232.6836 	DATA 	TR 150 | TR1 75 | TR2 75
234.2501 	DATA 	Keypress: 5
234.2501 	DATA 	TR 151 | TR1 76 | TR2 75
235.7999 	DATA 	Keypress: 5
235.7999 	DATA 	TR 152 | TR1 76 | TR2 76
237.3831 	DATA 	Keypress: 5
237.3831 	DATA 	TR 153 | TR1 77 | TR2 76
237.8830 	DATA 	
237.8830 	DATA 	Trial complete
237.8830 	DATA 	Waiting for VASO trigger to start next trial
237.8830 	DATA 	
238.9329 	DATA 	Keypress: 5
238.9329 	DATA 	TR 154 | TR1 77 | TR2 77
240.4994 	DATA 	Keypress: 5
240.4995 	DATA 	Waited 2.6164729595184326 seconds for trigger
240.5002 	DATA 	
240.5002 	DATA 	Trial 8
240.5002 	DATA 	stimDur = 24.0
240.5002 	DATA 	jitter = 2.35575
240.5002 	DATA 	restDur = 24.0

240.5003 	DATA 	
240.5003 	DATA 	TR 155 | TR1 78 | TR2 77
242.0492 	DATA 	Keypress: 5
242.0493 	DATA 	TR 156 | TR1 78 | TR2 78
242.8658 	DATA 	
242.8658 	DATA 	stimulation started
242.8658 	DATA 	
243.1492 	DATA 	Target presented
243.6326 	DATA 	Keypress: 5
243.6327 	DATA 	TR 157 | TR1 79 | TR2 78
243.6658 	DATA 	Keypress: 1
243.6658 	DATA 	Key1 pressed
243.6658 	DATA 	Target detected
245.1823 	DATA 	Keypress: 5
245.1823 	DATA 	TR 158 | TR1 79 | TR2 79
246.7488 	DATA 	Keypress: 5
246.7489 	DATA 	TR 159 | TR1 80 | TR2 79
248.2986 	DATA 	Keypress: 5
248.2987 	DATA 	TR 160 | TR1 80 | TR2 80
249.8652 	DATA 	Keypress: 5
249.8652 	DATA 	TR 161 | TR1 81 | TR2 80
251.4150 	DATA 	Keypress: 5
251.4151 	DATA 	TR 162 | TR1 81 | TR2 81
252.9982 	DATA 	Keypress: 5
252.9982 	DATA 	TR 163 | TR1 82 | TR2 81
254.5480 	DATA 	Keypress: 5
254.5480 	DATA 	TR 164 | TR1 82 | TR2 82
256.1145 	DATA 	Keypress: 5
256.1146 	DATA 	TR 165 | TR1 83 | TR2 82
257.6643 	DATA 	Keypress: 5
257.6643 	DATA 	TR 166 | TR1 83 | TR2 83
259.2476 	DATA 	Keypress: 5
259.2476 	DATA 	TR 167 | TR1 84 | TR2 83
260.7973 	DATA 	Keypress: 5
260.7974 	DATA 	TR 168 | TR1 84 | TR2 84
262.3639 	DATA 	Keypress: 5
262.3639 	DATA 	TR 169 | TR1 85 | TR2 84
263.9137 	DATA 	Keypress: 5
263.9137 	DATA 	TR 170 | TR1 85 | TR2 85
265.4802 	DATA 	Keypress: 5
265.4803 	DATA 	TR 171 | TR1 86 | TR2 85
266.8633 	DATA 	
266.8634 	DATA 	stimulation stopped
266.8634 	DATA 	
267.0466 	DATA 	Keypress: 5
267.0467 	DATA 	TR 172 | TR1 86 | TR2 86
268.6131 	DATA 	Keypress: 5
268.6132 	DATA 	TR 173 | TR1 87 | TR2 86
270.1630 	DATA 	Keypress: 5
270.1630 	DATA 	TR 174 | TR1 87 | TR2 87
271.7295 	DATA 	Keypress: 5
271.7295 	DATA 	TR 175 | TR1 88 | TR2 87
273.2793 	DATA 	Keypress: 5
273.2793 	DATA 	TR 176 | TR1 88 | TR2 88
274.8625 	DATA 	Keypress: 5
274.8626 	DATA 	TR 177 | TR1 89 | TR2 88
276.4123 	DATA 	Keypress: 5
276.4124 	DATA 	TR 178 | TR1 89 | TR2 89
277.9789 	DATA 	Keypress: 5
277.9789 	DATA 	TR 179 | TR1 90 | TR2 89
279.5287 	DATA 	Keypress: 5
279.5287 	DATA 	TR 180 | TR1 90 | TR2 90
281.1119 	DATA 	Keypress: 5
281.1119 	DATA 	TR 181 | TR1 91 | TR2 90
282.6617 	DATA 	Keypress: 5
282.6617 	DATA 	TR 182 | TR1 91 | TR2 91
284.2282 	DATA 	Keypress: 5
284.2283 	DATA 	TR 183 | TR1 92 | TR2 91
285.7781 	DATA 	Keypress: 5
285.7781 	DATA 	TR 184 | TR1 92 | TR2 92
287.3446 	DATA 	Keypress: 5
287.3446 	DATA 	TR 185 | TR1 93 | TR2 92
288.8950 	DATA 	Keypress: 5
288.9110 	DATA 	TR 186 | TR1 93 | TR2 93
290.4776 	DATA 	Keypress: 5
290.4776 	DATA 	TR 187 | TR1 94 | TR2 93
290.8608 	DATA 	
290.8608 	DATA 	Trial complete
290.8609 	DATA 	Waiting for VASO trigger to start next trial
290.8609 	DATA 	
292.0274 	DATA 	Keypress: 5
292.0274 	DATA 	TR 188 | TR1 94 | TR2 94
293.5939 	DATA 	Keypress: 5
293.5940 	DATA 	Waited 2.7331252098083496 seconds for trigger
293.5948 	DATA 	
293.5948 	DATA 	Trial 9
293.5948 	DATA 	stimDur = 4.0
293.5948 	DATA 	jitter = 1.5705
293.5948 	DATA 	restDur = 16.0

293.5948 	DATA 	
293.5948 	DATA 	TR 189 | TR1 95 | TR2 94
295.1437 	DATA 	Keypress: 5
295.1438 	DATA 	TR 190 | TR1 95 | TR2 95
295.1771 	DATA 	
295.1771 	DATA 	stimulation started
295.1771 	DATA 	
296.7270 	DATA 	Keypress: 5
296.7271 	DATA 	TR 191 | TR1 96 | TR2 95
297.4436 	DATA 	Target presented
297.8435 	DATA 	Keypress: 1
297.8436 	DATA 	Key1 pressed
297.8436 	DATA 	Target detected
298.2768 	DATA 	Keypress: 5
298.2768 	DATA 	TR 192 | TR1 96 | TR2 96
299.1768 	DATA 	
299.1768 	DATA 	stimulation stopped
299.1768 	DATA 	
299.8433 	DATA 	Keypress: 5
299.8433 	DATA 	TR 193 | TR1 97 | TR2 96
301.3931 	DATA 	Keypress: 5
301.3932 	DATA 	TR 194 | TR1 97 | TR2 97
302.9765 	DATA 	Keypress: 5
302.9765 	DATA 	TR 195 | TR1 98 | TR2 97
304.5261 	DATA 	Keypress: 5
304.5262 	DATA 	TR 196 | TR1 98 | TR2 98
306.0928 	DATA 	Keypress: 5
306.0928 	DATA 	TR 197 | TR1 99 | TR2 98
307.6425 	DATA 	Keypress: 5
307.6425 	DATA 	TR 198 | TR1 99 | TR2 99
309.2090 	DATA 	Keypress: 5
309.2091 	DATA 	TR 199 | TR1 100 | TR2 99
310.7588 	DATA 	Keypress: 5
310.7589 	DATA 	TR 200 | TR1 100 | TR2 100
312.3420 	DATA 	Keypress: 5
312.3421 	DATA 	TR 201 | TR1 101 | TR2 100
313.8919 	DATA 	Keypress: 5
313.8919 	DATA 	TR 202 | TR1 101 | TR2 101
315.1750 	DATA 	
315.1750 	DATA 	Trial complete
315.1751 	DATA 	Waiting for VASO trigger to start next trial
315.1751 	DATA 	
315.4584 	DATA 	Keypress: 5
315.4584 	DATA 	Waited 0.2833700180053711 seconds for trigger
315.4592 	DATA 	
315.4592 	DATA 	Trial 10
315.4592 	DATA 	stimDur = 2.0
315.4592 	DATA 	jitter = 0.78525
315.4592 	DATA 	restDur = 14.0

315.4592 	DATA 	
315.4592 	DATA 	TR 203 | TR1 102 | TR2 101
316.2582 	DATA 	
316.2583 	DATA 	stimulation started
316.2583 	DATA 	
317.0083 	DATA 	Keypress: 5
317.0083 	DATA 	TR 204 | TR1 102 | TR2 102
318.2581 	DATA 	
318.2581 	DATA 	stimulation stopped
318.2581 	DATA 	
318.5914 	DATA 	Keypress: 5
318.5914 	DATA 	TR 205 | TR1 103 | TR2 102
320.1412 	DATA 	Keypress: 5
320.1413 	DATA 	TR 206 | TR1 103 | TR2 103
321.7077 	DATA 	Keypress: 5
321.7078 	DATA 	TR 207 | TR1 104 | TR2 103
323.2575 	DATA 	Keypress: 5
323.2576 	DATA 	TR 208 | TR1 104 | TR2 104
324.8241 	DATA 	Keypress: 5
324.8241 	DATA 	TR 209 | TR1 105 | TR2 104
326.3906 	DATA 	Keypress: 5
326.3907 	DATA 	TR 210 | TR1 105 | TR2 105
327.9571 	DATA 	Keypress: 5
327.9571 	DATA 	TR 211 | TR1 106 | TR2 105
329.5070 	DATA 	Keypress: 5
329.5070 	DATA 	TR 212 | TR1 106 | TR2 106
331.0734 	DATA 	Keypress: 5
331.0735 	DATA 	TR 213 | TR1 107 | TR2 106
332.2566 	DATA 	
332.2566 	DATA 	Trial complete
332.2566 	DATA 	Waiting for VASO trigger to start next trial
332.2566 	DATA 	
332.6234 	DATA 	Keypress: 5
332.6234 	DATA 	TR 214 | TR1 107 | TR2 107
334.2065 	DATA 	Keypress: 5
334.2065 	DATA 	Waited 1.9498701095581055 seconds for trigger
334.2073 	DATA 	
334.2073 	DATA 	Trial 11
334.2073 	DATA 	stimDur = 4.0
334.2073 	DATA 	jitter = 0.78525
334.2073 	DATA 	restDur = 16.0

334.2073 	DATA 	
334.2073 	DATA 	TR 215 | TR1 108 | TR2 107
335.0063 	DATA 	
335.0064 	DATA 	stimulation started
335.0064 	DATA 	
335.7566 	DATA 	Keypress: 5
335.7566 	DATA 	TR 216 | TR1 108 | TR2 108
337.3229 	DATA 	Keypress: 5
337.3229 	DATA 	TR 217 | TR1 109 | TR2 108
338.8727 	DATA 	Keypress: 5
338.8728 	DATA 	TR 218 | TR1 109 | TR2 109
339.0060 	DATA 	
339.0060 	DATA 	stimulation stopped
339.0060 	DATA 	
340.4398 	DATA 	Keypress: 5
340.4558 	DATA 	TR 219 | TR1 110 | TR2 109
342.0057 	DATA 	Keypress: 5
342.0058 	DATA 	TR 220 | TR1 110 | TR2 110
343.5722 	DATA 	Keypress: 5
343.5722 	DATA 	TR 221 | TR1 111 | TR2 110
345.1221 	DATA 	Keypress: 5
345.1221 	DATA 	TR 222 | TR1 111 | TR2 111
346.6885 	DATA 	Keypress: 5
346.6885 	DATA 	TR 223 | TR1 112 | TR2 111
346.9552 	DATA 	Target presented
347.4218 	DATA 	Keypress: 1
347.4218 	DATA 	Key1 pressed
347.4219 	DATA 	Target detected
348.2390 	DATA 	Keypress: 5
348.2550 	DATA 	TR 224 | TR1 112 | TR2 112
349.8216 	DATA 	Keypress: 5
349.8216 	DATA 	TR 225 | TR1 113 | TR2 112
351.3712 	DATA 	Keypress: 5
351.3713 	DATA 	TR 226 | TR1 113 | TR2 113
352.9380 	DATA 	Keypress: 5
352.9380 	DATA 	TR 227 | TR1 114 | TR2 113
354.4878 	DATA 	Keypress: 5
354.4879 	DATA 	TR 228 | TR1 114 | TR2 114
355.0046 	DATA 	
355.0046 	DATA 	Trial complete
355.0046 	DATA 	Waiting for VASO trigger to start next trial
355.0046 	DATA 	
356.0710 	DATA 	Keypress: 5
356.0710 	DATA 	Waited 1.0664141178131104 seconds for trigger
356.0718 	DATA 	
356.0718 	DATA 	Trial 12
356.0718 	DATA 	stimDur = 1.0
356.0718 	DATA 	jitter = 0.0
356.0718 	DATA 	restDur = 12.0

356.0718 	DATA 	
356.0718 	DATA 	TR 229 | TR1 115 | TR2 114
356.0718 	DATA 	
356.0718 	DATA 	stimulation started
356.0718 	DATA 	
357.0875 	DATA 	
357.0875 	DATA 	stimulation stopped
357.0875 	DATA 	
357.6208 	DATA 	Keypress: 5
357.6209 	DATA 	TR 230 | TR1 115 | TR2 115
359.1873 	DATA 	Keypress: 5
359.1873 	DATA 	TR 231 | TR1 116 | TR2 115
360.7372 	DATA 	Keypress: 5
360.7372 	DATA 	TR 232 | TR1 116 | TR2 116
362.3035 	DATA 	Keypress: 5
362.3036 	DATA 	TR 233 | TR1 117 | TR2 116
363.8702 	DATA 	Keypress: 5
363.8703 	DATA 	TR 234 | TR1 117 | TR2 117
365.4367 	DATA 	Keypress: 5
365.4367 	DATA 	TR 235 | TR1 118 | TR2 117
366.9865 	DATA 	Keypress: 5
366.9866 	DATA 	TR 236 | TR1 118 | TR2 118
368.5530 	DATA 	Keypress: 5
368.5531 	DATA 	TR 237 | TR1 119 | TR2 118
369.0863 	DATA 	
369.0863 	DATA 	Trial complete
369.0863 	DATA 	Waiting for VASO trigger to start next trial
369.0863 	DATA 	
370.1029 	DATA 	Keypress: 5
370.1030 	DATA 	TR 238 | TR1 119 | TR2 119
371.6861 	DATA 	Keypress: 5
371.6861 	DATA 	Waited 2.599797010421753 seconds for trigger
371.6869 	DATA 	
371.6869 	DATA 	Trial 13
371.6869 	DATA 	stimDur = 1.0
371.6869 	DATA 	jitter = 1.5705
371.6869 	DATA 	restDur = 12.0

371.6869 	DATA 	
371.6869 	DATA 	TR 239 | TR1 120 | TR2 119
373.2359 	DATA 	Keypress: 5
373.2360 	DATA 	TR 240 | TR1 120 | TR2 120
373.2692 	DATA 	
373.2692 	DATA 	stimulation started
373.2692 	DATA 	
374.2691 	DATA 	
374.2692 	DATA 	stimulation stopped
374.2692 	DATA 	
374.8024 	DATA 	Keypress: 5
374.8025 	DATA 	TR 241 | TR1 121 | TR2 120
376.3525 	DATA 	Keypress: 5
376.3525 	DATA 	TR 242 | TR1 121 | TR2 121
377.9354 	DATA 	Keypress: 5
377.9355 	DATA 	TR 243 | TR1 122 | TR2 121
379.4853 	DATA 	Keypress: 5
379.4854 	DATA 	TR 244 | TR1 122 | TR2 122
381.0517 	DATA 	Keypress: 5
381.0518 	DATA 	TR 245 | TR1 123 | TR2 122
382.6017 	DATA 	Keypress: 5
382.6017 	DATA 	TR 246 | TR1 123 | TR2 123
384.1682 	DATA 	Keypress: 5
384.1682 	DATA 	TR 247 | TR1 124 | TR2 123
385.7182 	DATA 	Keypress: 5
385.7182 	DATA 	TR 248 | TR1 124 | TR2 124
386.2679 	DATA 	
386.2679 	DATA 	Trial complete
386.2679 	DATA 	Waiting for VASO trigger to start next trial
386.2679 	DATA 	
387.3012 	DATA 	Keypress: 5
387.3012 	DATA 	Waited 1.0332908630371094 seconds for trigger
387.3020 	DATA 	
387.3020 	DATA 	Trial 14
387.3020 	DATA 	stimDur = 12.0
387.3020 	DATA 	jitter = 1.5705
387.3020 	DATA 	restDur = 20.0

387.3020 	DATA 	
387.3020 	DATA 	TR 249 | TR1 125 | TR2 124
388.8511 	DATA 	Keypress: 5
388.8511 	DATA 	TR 250 | TR1 125 | TR2 125
388.8845 	DATA 	
388.8845 	DATA 	stimulation started
388.8845 	DATA 	
390.4177 	DATA 	Keypress: 5
390.4178 	DATA 	TR 251 | TR1 126 | TR2 125
391.9675 	DATA 	Keypress: 5
391.9675 	DATA 	TR 252 | TR1 126 | TR2 126
393.5506 	DATA 	Keypress: 5
393.5507 	DATA 	TR 253 | TR1 127 | TR2 126
395.1005 	DATA 	Keypress: 5
395.1006 	DATA 	TR 254 | TR1 127 | TR2 127
396.6670 	DATA 	Keypress: 5
396.6670 	DATA 	TR 255 | TR1 128 | TR2 127
398.2170 	DATA 	Keypress: 5
398.2170 	DATA 	TR 256 | TR1 128 | TR2 128
398.6501 	DATA 	Target presented
399.1502 	DATA 	Keypress: 1
399.1503 	DATA 	Key1 pressed
399.1503 	DATA 	Target detected
399.7841 	DATA 	Keypress: 5
399.8000 	DATA 	TR 257 | TR1 129 | TR2 128
400.8832 	DATA 	
400.8832 	DATA 	stimulation stopped
400.8832 	DATA 	
401.3498 	DATA 	Keypress: 5
401.3499 	DATA 	TR 258 | TR1 129 | TR2 129
402.9163 	DATA 	Keypress: 5
402.9163 	DATA 	TR 259 | TR1 130 | TR2 129
404.4662 	DATA 	Keypress: 5
404.4662 	DATA 	TR 260 | TR1 130 | TR2 130
406.0327 	DATA 	Keypress: 5
406.0327 	DATA 	TR 261 | TR1 131 | TR2 130
407.5826 	DATA 	Keypress: 5
407.5826 	DATA 	TR 262 | TR1 131 | TR2 131
409.1657 	DATA 	Keypress: 5
409.1658 	DATA 	TR 263 | TR1 132 | TR2 131
410.7156 	DATA 	Keypress: 5
410.7156 	DATA 	TR 264 | TR1 132 | TR2 132
412.2821 	DATA 	Keypress: 5
412.2821 	DATA 	TR 265 | TR1 133 | TR2 132
413.8319 	DATA 	Keypress: 5
413.8320 	DATA 	TR 266 | TR1 133 | TR2 133
415.4151 	DATA 	Keypress: 5
415.4152 	DATA 	TR 267 | TR1 134 | TR2 133
416.9650 	DATA 	Keypress: 5
416.9650 	DATA 	TR 268 | TR1 134 | TR2 134
418.5315 	DATA 	Keypress: 5
418.5315 	DATA 	TR 269 | TR1 135 | TR2 134
420.0813 	DATA 	Keypress: 5
420.0813 	DATA 	TR 270 | TR1 135 | TR2 135
420.8812 	DATA 	
420.8812 	DATA 	Trial complete
420.8812 	DATA 	Waiting for VASO trigger to start next trial
420.8812 	DATA 	
421.6478 	DATA 	Keypress: 5
421.6479 	DATA 	Waited 0.7666161060333252 seconds for trigger
421.6486 	DATA 	
421.6486 	DATA 	Trial 15
421.6486 	DATA 	stimDur = 2.0
421.6486 	DATA 	jitter = 0.0
421.6486 	DATA 	restDur = 14.0

421.6486 	DATA 	
421.6487 	DATA 	TR 271 | TR1 136 | TR2 135
421.6487 	DATA 	
421.6487 	DATA 	stimulation started
421.6487 	DATA 	
423.1985 	DATA 	Keypress: 5
423.2143 	DATA 	TR 272 | TR1 136 | TR2 136
423.6643 	DATA 	
423.6643 	DATA 	stimulation stopped
423.6643 	DATA 	
424.7809 	DATA 	Keypress: 5
424.7809 	DATA 	TR 273 | TR1 137 | TR2 136
426.3309 	DATA 	Keypress: 5
426.3309 	DATA 	TR 274 | TR1 137 | TR2 137
427.8972 	DATA 	Keypress: 5
427.8973 	DATA 	TR 275 | TR1 138 | TR2 137
429.4471 	DATA 	Keypress: 5
429.4472 	DATA 	TR 276 | TR1 138 | TR2 138
431.0303 	DATA 	Keypress: 5
431.0304 	DATA 	TR 277 | TR1 139 | TR2 138
432.5802 	DATA 	Keypress: 5
432.5802 	DATA 	TR 278 | TR1 139 | TR2 139
434.1467 	DATA 	Keypress: 5
434.1467 	DATA 	TR 279 | TR1 140 | TR2 139
435.6967 	DATA 	Keypress: 5
435.6968 	DATA 	TR 280 | TR1 140 | TR2 140
437.2631 	DATA 	Keypress: 5
437.2631 	DATA 	TR 281 | TR1 141 | TR2 140
437.6630 	DATA 	
437.6630 	DATA 	Trial complete
437.6631 	DATA 	Waiting for VASO trigger to start next trial
437.6631 	DATA 	
438.8296 	DATA 	Keypress: 5
438.8297 	DATA 	TR 282 | TR1 141 | TR2 141
440.3962 	DATA 	Keypress: 5
440.3962 	DATA 	Waited 2.7331478595733643 seconds for trigger
440.3970 	DATA 	
440.3970 	DATA 	Trial 16
440.3970 	DATA 	stimDur = 4.0
440.3970 	DATA 	jitter = 0.0
440.3970 	DATA 	restDur = 16.0

440.3970 	DATA 	
440.3970 	DATA 	TR 283 | TR1 142 | TR2 141
440.3970 	DATA 	
440.3970 	DATA 	stimulation started
440.3970 	DATA 	
441.9461 	DATA 	Keypress: 5
441.9461 	DATA 	TR 284 | TR1 142 | TR2 142
443.5126 	DATA 	Keypress: 5
443.5126 	DATA 	TR 285 | TR1 143 | TR2 142
444.4125 	DATA 	
444.4125 	DATA 	stimulation stopped
444.4125 	DATA 	
445.0624 	DATA 	Keypress: 5
445.0625 	DATA 	TR 286 | TR1 143 | TR2 143
446.6456 	DATA 	Keypress: 5
446.6456 	DATA 	TR 287 | TR1 144 | TR2 143
448.1955 	DATA 	Keypress: 5
448.1955 	DATA 	TR 288 | TR1 144 | TR2 144
448.4121 	DATA 	Target presented
448.8620 	DATA 	Keypress: 1
448.8621 	DATA 	Key1 pressed
448.8621 	DATA 	Target detected
449.7620 	DATA 	Keypress: 5
449.7620 	DATA 	TR 289 | TR1 145 | TR2 144
451.3119 	DATA 	Keypress: 5
451.3119 	DATA 	TR 290 | TR1 145 | TR2 145
452.8950 	DATA 	Keypress: 5
452.8951 	DATA 	TR 291 | TR1 146 | TR2 145
454.4450 	DATA 	Keypress: 5
454.4450 	DATA 	TR 292 | TR1 146 | TR2 146
456.0114 	DATA 	Keypress: 5
456.0115 	DATA 	TR 293 | TR1 147 | TR2 146
457.5613 	DATA 	Keypress: 5
457.5614 	DATA 	TR 294 | TR1 147 | TR2 147
459.1278 	DATA 	Keypress: 5
459.1278 	DATA 	TR 295 | TR1 148 | TR2 147
460.4110 	DATA 	
460.4110 	DATA 	Trial complete
460.4110 	DATA 	Waiting for VASO trigger to start next trial
460.4110 	DATA 	
460.6944 	DATA 	Keypress: 5
460.6944 	DATA 	TR 296 | TR1 148 | TR2 148
462.2609 	DATA 	Keypress: 5
462.2609 	DATA 	Waited 1.8498668670654297 seconds for trigger
462.2617 	DATA 	
462.2617 	DATA 	Trial 17
462.2618 	DATA 	stimDur = 12.0
462.2618 	DATA 	jitter = 2.35575
462.2618 	DATA 	restDur = 20.0

462.2618 	DATA 	
462.2618 	DATA 	TR 297 | TR1 149 | TR2 148
463.8108 	DATA 	Keypress: 5
463.8108 	DATA 	TR 298 | TR1 149 | TR2 149
464.6273 	DATA 	
464.6273 	DATA 	stimulation started
464.6273 	DATA 	
465.3773 	DATA 	Keypress: 5
465.3774 	DATA 	TR 299 | TR1 150 | TR2 149
466.9272 	DATA 	Keypress: 5
466.9273 	DATA 	TR 300 | TR1 150 | TR2 150
468.5104 	DATA 	Keypress: 5
468.5104 	DATA 	TR 301 | TR1 151 | TR2 150
470.0603 	DATA 	Keypress: 5
470.0603 	DATA 	TR 302 | TR1 151 | TR2 151
471.6268 	DATA 	Keypress: 5
471.6268 	DATA 	TR 303 | TR1 152 | TR2 151
473.1766 	DATA 	Keypress: 5
473.1767 	DATA 	TR 304 | TR1 152 | TR2 152
474.7438 	DATA 	Keypress: 5
474.7598 	DATA 	TR 305 | TR1 153 | TR2 152
476.3097 	DATA 	Keypress: 5
476.3097 	DATA 	TR 306 | TR1 153 | TR2 153
476.6263 	DATA 	
476.6263 	DATA 	stimulation stopped
476.6263 	DATA 	
477.8762 	DATA 	Keypress: 5
477.8762 	DATA 	TR 307 | TR1 154 | TR2 153
479.4260 	DATA 	Keypress: 5
479.4261 	DATA 	TR 308 | TR1 154 | TR2 154
480.9925 	DATA 	Keypress: 5
480.9926 	DATA 	TR 309 | TR1 155 | TR2 154
482.5424 	DATA 	Keypress: 5
482.5424 	DATA 	TR 310 | TR1 155 | TR2 155
484.1256 	DATA 	Keypress: 5
484.1256 	DATA 	TR 311 | TR1 156 | TR2 155
485.6755 	DATA 	Keypress: 5
485.6755 	DATA 	TR 312 | TR1 156 | TR2 156
487.2420 	DATA 	Keypress: 5
487.2420 	DATA 	TR 313 | TR1 157 | TR2 156
488.7918 	DATA 	Keypress: 5
488.7919 	DATA 	TR 314 | TR1 157 | TR2 157
490.3751 	DATA 	Keypress: 5
490.3751 	DATA 	TR 315 | TR1 158 | TR2 157
491.9249 	DATA 	Keypress: 5
491.9250 	DATA 	TR 316 | TR1 158 | TR2 158
493.4914 	DATA 	Keypress: 5
493.4915 	DATA 	TR 317 | TR1 159 | TR2 158
495.0413 	DATA 	Keypress: 5
495.0414 	DATA 	TR 318 | TR1 159 | TR2 159
496.6078 	DATA 	Keypress: 5
496.6078 	DATA 	TR 319 | TR1 160 | TR2 159
496.6244 	DATA 	
496.6244 	DATA 	Trial complete
496.6245 	DATA 	Waiting for VASO trigger to start next trial
496.6245 	DATA 	
498.1743 	DATA 	Keypress: 5
498.1744 	DATA 	TR 320 | TR1 160 | TR2 160
499.7409 	DATA 	Keypress: 5
499.7410 	DATA 	Waited 3.116503953933716 seconds for trigger
499.7418 	DATA 	
499.7418 	DATA 	Trial 18
499.7418 	DATA 	stimDur = 2.0
499.7418 	DATA 	jitter = 2.35575
499.7419 	DATA 	restDur = 14.0

499.7419 	DATA 	
499.7419 	DATA 	TR 321 | TR1 161 | TR2 160
501.2908 	DATA 	Keypress: 5
501.2908 	DATA 	TR 322 | TR1 161 | TR2 161
502.1073 	DATA 	
502.1073 	DATA 	stimulation started
502.1073 	DATA 	
502.8574 	DATA 	Keypress: 5
502.8574 	DATA 	TR 323 | TR1 162 | TR2 161
504.1073 	DATA 	
504.1073 	DATA 	stimulation stopped
504.1073 	DATA 	
504.4071 	DATA 	Keypress: 5
504.4072 	DATA 	TR 324 | TR1 162 | TR2 162
505.9903 	DATA 	Keypress: 5
505.9904 	DATA 	TR 325 | TR1 163 | TR2 162
507.5402 	DATA 	Keypress: 5
507.5402 	DATA 	TR 326 | TR1 163 | TR2 163
509.1068 	DATA 	Keypress: 5
509.1068 	DATA 	TR 327 | TR1 164 | TR2 163
510.6566 	DATA 	Keypress: 5
510.6566 	DATA 	TR 328 | TR1 164 | TR2 164
512.2398 	DATA 	Keypress: 5
512.2398 	DATA 	TR 329 | TR1 165 | TR2 164
513.7897 	DATA 	Keypress: 5
513.7898 	DATA 	TR 330 | TR1 165 | TR2 165
514.4062 	DATA 	Target presented
514.8062 	DATA 	Keypress: 1
514.8063 	DATA 	Key1 pressed
514.8063 	DATA 	Target detected
515.3563 	DATA 	Keypress: 5
515.3564 	DATA 	TR 331 | TR1 166 | TR2 165
516.9060 	DATA 	Keypress: 5
516.9060 	DATA 	TR 332 | TR1 166 | TR2 166
518.1059 	DATA 	
518.1059 	DATA 	Trial complete
518.1059 	DATA 	Waiting for VASO trigger to start next trial
518.1059 	DATA 	
518.4726 	DATA 	Keypress: 5
518.4726 	DATA 	Waited 0.36670494079589844 seconds for trigger
518.4734 	DATA 	
518.4734 	DATA 	Trial 19
518.4734 	DATA 	stimDur = 24.0
518.4734 	DATA 	jitter = 0.78525
518.4734 	DATA 	restDur = 24.0

518.4734 	DATA 	
518.4734 	DATA 	TR 333 | TR1 167 | TR2 166
519.2725 	DATA 	
519.2725 	DATA 	stimulation started
519.2725 	DATA 	
520.0225 	DATA 	Keypress: 5
520.0225 	DATA 	TR 334 | TR1 167 | TR2 167
521.6057 	DATA 	Keypress: 5
521.6057 	DATA 	TR 335 | TR1 168 | TR2 167
523.1555 	DATA 	Keypress: 5
523.1555 	DATA 	TR 336 | TR1 168 | TR2 168
524.7221 	DATA 	Keypress: 5
524.7221 	DATA 	TR 337 | TR1 169 | TR2 168
526.2719 	DATA 	Keypress: 5
526.2720 	DATA 	TR 338 | TR1 169 | TR2 169
527.8551 	DATA 	Keypress: 5
527.8552 	DATA 	TR 339 | TR1 170 | TR2 169
529.4050 	DATA 	Keypress: 5
529.4050 	DATA 	TR 340 | TR1 170 | TR2 170
530.9715 	DATA 	Keypress: 5
530.9716 	DATA 	TR 341 | TR1 171 | TR2 170
532.5213 	DATA 	Keypress: 5
532.5214 	DATA 	TR 342 | TR1 171 | TR2 171
534.0886 	DATA 	Keypress: 5
534.1045 	DATA 	TR 343 | TR1 172 | TR2 171
535.6546 	DATA 	Keypress: 5
535.6546 	DATA 	TR 344 | TR1 172 | TR2 172
537.2210 	DATA 	Keypress: 5
537.2210 	DATA 	TR 345 | TR1 173 | TR2 172
538.7708 	DATA 	Keypress: 5
538.7708 	DATA 	TR 346 | TR1 173 | TR2 173
540.3374 	DATA 	Keypress: 5
540.3374 	DATA 	TR 347 | TR1 174 | TR2 173
541.8873 	DATA 	Keypress: 5
541.8874 	DATA 	TR 348 | TR1 174 | TR2 174
543.2704 	DATA 	
543.2704 	DATA 	stimulation stopped
543.2704 	DATA 	
543.4704 	DATA 	Keypress: 5
543.4704 	DATA 	TR 349 | TR1 175 | TR2 174
545.0202 	DATA 	Keypress: 5
545.0203 	DATA 	TR 350 | TR1 175 | TR2 175
546.5868 	DATA 	Keypress: 5
546.5868 	DATA 	TR 351 | TR1 176 | TR2 175
548.1366 	DATA 	Keypress: 5
548.1366 	DATA 	TR 352 | TR1 176 | TR2 176
549.7198 	DATA 	Keypress: 5
549.7199 	DATA 	TR 353 | TR1 177 | TR2 176
551.2696 	DATA 	Keypress: 5
551.2697 	DATA 	TR 354 | TR1 177 | TR2 177
552.8362 	DATA 	Keypress: 5
552.8363 	DATA 	TR 355 | TR1 178 | TR2 177
554.3861 	DATA 	Keypress: 5
554.3861 	DATA 	TR 356 | TR1 178 | TR2 178
555.9526 	DATA 	Keypress: 5
555.9526 	DATA 	TR 357 | TR1 179 | TR2 178
557.5030 	DATA 	Keypress: 5
557.5191 	DATA 	TR 358 | TR1 179 | TR2 179
559.0856 	DATA 	Keypress: 5
559.0857 	DATA 	TR 359 | TR1 180 | TR2 179
560.6355 	DATA 	Keypress: 5
560.6355 	DATA 	TR 360 | TR1 180 | TR2 180
562.2020 	DATA 	Keypress: 5
562.2021 	DATA 	TR 361 | TR1 181 | TR2 180
563.7519 	DATA 	Keypress: 5
563.7519 	DATA 	TR 362 | TR1 181 | TR2 181
565.3351 	DATA 	Keypress: 5
565.3351 	DATA 	TR 363 | TR1 182 | TR2 181
566.8849 	DATA 	Keypress: 5
566.8850 	DATA 	TR 364 | TR1 182 | TR2 182
567.2682 	DATA 	
567.2682 	DATA 	Trial complete
567.2682 	DATA 	
568.4515 	DATA 	Keypress: 5
568.4515 	DATA 	Waited 50.34563899040222 seconds for trigger
568.4523 	DATA 	
568.4523 	DATA 	Trial 20
568.4523 	DATA 	stimDur = 12.0
568.4523 	DATA 	jitter = 0.78525
568.4523 	DATA 	restDur = 20.0

568.4523 	DATA 	
568.4523 	DATA 	TR 365 | TR1 183 | TR2 182
569.2514 	DATA 	
569.2514 	DATA 	stimulation started
569.2514 	DATA 	
570.0014 	DATA 	Keypress: 5
570.0014 	DATA 	TR 366 | TR1 183 | TR2 183
571.5680 	DATA 	Keypress: 5
571.5680 	DATA 	TR 367 | TR1 184 | TR2 183
573.1344 	DATA 	Keypress: 5
573.1345 	DATA 	TR 368 | TR1 184 | TR2 184
574.7010 	DATA 	Keypress: 5
574.7010 	DATA 	TR 369 | TR1 185 | TR2 184
576.2508 	DATA 	Keypress: 5
576.2509 	DATA 	TR 370 | TR1 185 | TR2 185
577.8174 	DATA 	Keypress: 5
577.8174 	DATA 	TR 371 | TR1 186 | TR2 185
579.3672 	DATA 	Keypress: 5
579.3673 	DATA 	TR 372 | TR1 186 | TR2 186
580.9504 	DATA 	Keypress: 5
580.9505 	DATA 	TR 373 | TR1 187 | TR2 186
581.2503 	DATA 	
581.2503 	DATA 	stimulation stopped
581.2503 	DATA 	
582.5002 	DATA 	Keypress: 5
582.5002 	DATA 	TR 374 | TR1 187 | TR2 187
584.0668 	DATA 	Keypress: 5
584.0668 	DATA 	TR 375 | TR1 188 | TR2 187
585.6166 	DATA 	Keypress: 5
585.6166 	DATA 	TR 376 | TR1 188 | TR2 188
587.1996 	DATA 	Keypress: 5
587.1997 	DATA 	TR 377 | TR1 189 | TR2 188
588.7496 	DATA 	Keypress: 5
588.7497 	DATA 	TR 378 | TR1 189 | TR2 189
590.3162 	DATA 	Keypress: 5
590.3163 	DATA 	TR 379 | TR1 190 | TR2 189
591.8660 	DATA 	Keypress: 5
591.8661 	DATA 	TR 380 | TR1 190 | TR2 190
593.4326 	DATA 	Keypress: 5
593.4326 	DATA 	TR 381 | TR1 191 | TR2 190
594.9830 	DATA 	Keypress: 5
594.9991 	DATA 	TR 382 | TR1 191 | TR2 191
596.5656 	DATA 	Keypress: 5
596.5657 	DATA 	TR 383 | TR1 192 | TR2 191
598.1155 	DATA 	Keypress: 5
598.1155 	DATA 	TR 384 | TR1 192 | TR2 192
599.6820 	DATA 	Keypress: 5
599.6821 	DATA 	TR 385 | TR1 193 | TR2 192
601.2318 	DATA 	Keypress: 5
601.2319 	DATA 	TR 386 | TR1 193 | TR2 193
601.2485 	DATA 	
601.2485 	DATA 	Trial complete
601.2485 	DATA 	
602.8151 	DATA 	Keypress: 5
602.8152 	DATA 	TR 387 | TR1 194 | TR2 193
604.3649 	DATA 	Keypress: 5
604.3650 	DATA 	TR 388 | TR1 194 | TR2 194
605.9316 	DATA 	Keypress: 5
605.9317 	DATA 	TR 389 | TR1 195 | TR2 194
607.4813 	DATA 	Keypress: 5
607.4814 	DATA 	TR 390 | TR1 195 | TR2 195
609.0485 	DATA 	Keypress: 5
609.0646 	DATA 	TR 391 | TR1 196 | TR2 195
610.6144 	DATA 	Keypress: 5
610.6144 	DATA 	TR 392 | TR1 196 | TR2 196
612.1809 	DATA 	Keypress: 5
612.1810 	DATA 	TR 393 | TR1 197 | TR2 196
613.7308 	DATA 	Keypress: 5
613.7308 	DATA 	TR 394 | TR1 197 | TR2 197
615.2973 	DATA 	Keypress: 5
615.2974 	DATA 	TR 395 | TR1 198 | TR2 197
616.8471 	DATA 	Keypress: 5
616.8472 	DATA 	TR 396 | TR1 198 | TR2 198
618.4304 	DATA 	Keypress: 5
618.4304 	DATA 	TR 397 | TR1 199 | TR2 198
619.9802 	DATA 	Keypress: 5
619.9803 	DATA 	TR 398 | TR1 199 | TR2 199
621.5468 	DATA 	Keypress: 5
621.5468 	DATA 	TR 399 | TR1 200 | TR2 199
623.0966 	DATA 	Keypress: 5
623.0966 	DATA 	TR 400 | TR1 200 | TR2 200
624.6798 	DATA 	Keypress: 5
624.6799 	DATA 	TR 401 | TR1 201 | TR2 200
626.2297 	DATA 	Keypress: 5
626.2297 	DATA 	TR 402 | TR1 201 | TR2 201
627.7963 	DATA 	Keypress: 5
627.7963 	DATA 	TR 403 | TR1 202 | TR2 201
629.3461 	DATA 	Keypress: 5
629.3461 	DATA 	TR 404 | TR1 202 | TR2 202
630.9126 	DATA 	Keypress: 5
630.9127 	DATA 	TR 405 | TR1 203 | TR2 202
632.4791 	DATA 	Keypress: 5
632.4792 	DATA 	TR 406 | TR1 203 | TR2 203
634.0457 	DATA 	Keypress: 5
634.0457 	DATA 	TR 407 | TR1 204 | TR2 203
635.5955 	DATA 	Keypress: 5
635.5956 	DATA 	TR 408 | TR1 204 | TR2 204
637.1621 	DATA 	Keypress: 5
637.1621 	DATA 	TR 409 | TR1 205 | TR2 204
638.7119 	DATA 	Keypress: 5
638.7119 	DATA 	TR 410 | TR1 205 | TR2 205
640.2951 	DATA 	Keypress: 5
640.2952 	DATA 	TR 411 | TR1 206 | TR2 205
641.8450 	DATA 	Keypress: 5
641.8450 	DATA 	TR 412 | TR1 206 | TR2 206
643.4115 	DATA 	Keypress: 5
643.4116 	DATA 	TR 413 | TR1 207 | TR2 206
644.9613 	DATA 	Keypress: 5
644.9614 	DATA 	TR 414 | TR1 207 | TR2 207
646.5446 	DATA 	Keypress: 5
646.5446 	DATA 	TR 415 | TR1 208 | TR2 207
648.0944 	DATA 	Keypress: 5
648.0944 	DATA 	TR 416 | TR1 208 | TR2 208
649.6610 	DATA 	Keypress: 5
649.6611 	DATA 	TR 417 | TR1 209 | TR2 208
651.2108 	DATA 	Keypress: 5
651.2108 	DATA 	TR 418 | TR1 209 | TR2 209
652.7774 	DATA 	Keypress: 5
652.7774 	DATA 	TR 419 | TR1 210 | TR2 209
654.3273 	DATA 	Keypress: 5
654.3274 	DATA 	TR 420 | TR1 210 | TR2 210
655.9104 	DATA 	Keypress: 5
655.9105 	DATA 	TR 421 | TR1 211 | TR2 210
657.4602 	DATA 	Keypress: 5
657.4603 	DATA 	TR 422 | TR1 211 | TR2 211
659.0268 	DATA 	Keypress: 5
659.0269 	DATA 	TR 423 | TR1 212 | TR2 211
660.5766 	DATA 	Keypress: 5
660.5767 	DATA 	TR 424 | TR1 212 | TR2 212
662.1598 	DATA 	Keypress: 5
662.1599 	DATA 	TR 425 | TR1 213 | TR2 212
663.7097 	DATA 	Keypress: 5
663.7097 	DATA 	TR 426 | TR1 213 | TR2 213
665.2762 	DATA 	Keypress: 5
665.2763 	DATA 	TR 427 | TR1 214 | TR2 213
666.8261 	DATA 	Keypress: 5
666.8261 	DATA 	TR 428 | TR1 214 | TR2 214
668.3928 	DATA 	Keypress: 5
668.3929 	DATA 	TR 429 | TR1 215 | TR2 214
669.9591 	DATA 	Keypress: 5
669.9592 	DATA 	TR 430 | TR1 215 | TR2 215
671.5257 	DATA 	Keypress: 5
671.5257 	DATA 	TR 431 | TR1 216 | TR2 215
673.0755 	DATA 	Keypress: 5
673.0756 	DATA 	TR 432 | TR1 216 | TR2 216
674.6421 	DATA 	Keypress: 5
674.6421 	DATA 	TR 433 | TR1 217 | TR2 216
676.1919 	DATA 	Keypress: 5
676.1919 	DATA 	TR 434 | TR1 217 | TR2 217
680.1915 	DATA 	EndOfRun sub-05_ses-03_run-01

680.1915 	DATA 	We spent 80.63293504714966 seconds waiting for triggers
680.1915 	DATA 	RatioOfDetectedTargets 1.0
680.1916 	DATA 	You have detected 9 out of 9 targets.
685.2209 	EXP 	window1: mouseVisible = True
