MonitorDistance=99cm
MonitorWidth=30cm
PixelWidth=1024.0
PixelHeight=768.0
You have detected 7 out of 12 targets.
You really need to focus more!
6.4888 	INFO 	Loaded monitor calibration from ['2021_05_26 17:55']
6.9654 	EXP 	Created window1 = Window(allowGUI=False, allowStencil=False, autoLog=True, backendConf=UNKNOWN, bitsMode=UNKNOWN, blendMode='avg', bpc=(8, 8, 8), color=array([-0.5, -0.5, -0.5]), colorSpace='rgb', depthBits=8, fullscr=<method-wrapper '__getattribute__' of attributeSetter object at 0x7f306da96400>, gamma=None, gammaErrorPolicy='raise', lms=UNKNOWN, monitor=<psychopy.monitors.calibTools.Monitor object at 0x7f30638960b8>, multiSample=False, name='window1', numSamples=2, pos=[0.0, 0.0], screen=0, size=array([1024,  768]), stencilBits=0, stereo=False, units='deg', useFBO=False, useRetina=False, viewOri=0.0, viewPos=None, viewScale=None, waitBlanking=True, winType='pyglet')
6.9655 	EXP 	window1: mouseVisible = True
7.0255 	EXP 	Created unnamed TextStim = TextStim(__class__=<class 'psychopy.visual.text.TextStim'>, alignHoriz=method-wrapper(...), alignText='center', alignVert=method-wrapper(...), anchorHoriz='center', anchorVert='center', antialias=True, autoLog=True, bold=False, color=array([1., 1., 1.]), colorSpace='rgb', contrast=1.0, depth=0, flipHoriz=False, flipVert=False, font='', fontFiles=[], height=0.5, italic=False, languageStyle='LTR', name='unnamed TextStim', opacity=1.0, ori=0.0, pos=array([0., 0.]), rgb=UNKNOWN, text=str(...), units='deg', win=Window(...), wrapWidth=15.0)
7.0577 	EXP 	Created Movie Frame 0 = ImageStim(__class__=<class 'psychopy.visual.image.ImageStim'>, autoLog=True, color=array([0.8, 0.8, 0.8]), colorSpace='rgb', contrast=0.8, depth=0, flipHoriz=False, flipVert=False, image='visual_0.png', interpolate=False, mask=None, maskParams=None, name='Movie Frame 0', opacity=1, ori=0.0, pos=array([0., 0.]), size=array([1024,  768]), texRes=128, units='pix', win=Window(...))
7.0814 	EXP 	Created Movie Frame 1 = ImageStim(__class__=<class 'psychopy.visual.image.ImageStim'>, autoLog=True, color=array([0.8, 0.8, 0.8]), colorSpace='rgb', contrast=0.8, depth=0, flipHoriz=False, flipVert=False, image='visual_1.png', interpolate=False, mask=None, maskParams=None, name='Movie Frame 1', opacity=1, ori=0.0, pos=array([0., 0.]), size=array([1024,  768]), texRes=128, units='pix', win=Window(...))
43.1236 	DATA 	Keypress: 5
0.0000 	DATA 	StartOfRun sub-08_ses-01_run-03
0.0000 	DATA 	TR 1 | TR1 1 | TR2 0
0.0179 	DATA 	Initial baseline

1.5515 	DATA 	Keypress: 5
1.5515 	DATA 	TR 2 | TR1 1 | TR2 1
3.1227 	DATA 	Keypress: 5
3.1228 	DATA 	TR 3 | TR1 2 | TR2 1
4.6748 	DATA 	Keypress: 5
4.6749 	DATA 	TR 4 | TR1 2 | TR2 2
6.2460 	DATA 	Keypress: 5
6.2461 	DATA 	TR 5 | TR1 3 | TR2 2
7.7982 	DATA 	Keypress: 5
7.7982 	DATA 	TR 6 | TR1 3 | TR2 3
9.3695 	DATA 	Keypress: 5
9.3695 	DATA 	TR 7 | TR1 4 | TR2 3
10.9217 	DATA 	Keypress: 5
10.9217 	DATA 	TR 8 | TR1 4 | TR2 4
12.4928 	DATA 	Keypress: 5
12.4929 	DATA 	TR 9 | TR1 5 | TR2 4
14.0450 	DATA 	Keypress: 5
14.0450 	DATA 	TR 10 | TR1 5 | TR2 5
15.6162 	DATA 	Keypress: 5
15.6162 	DATA 	TR 11 | TR1 6 | TR2 5
17.1684 	DATA 	Keypress: 5
17.1684 	DATA 	TR 12 | TR1 6 | TR2 6
18.7396 	DATA 	Keypress: 5
18.7396 	DATA 	TR 13 | TR1 7 | TR2 6
20.2918 	DATA 	Keypress: 5
20.2918 	DATA 	TR 14 | TR1 7 | TR2 7
21.8629 	DATA 	Keypress: 5
21.8630 	DATA 	TR 15 | TR1 8 | TR2 7
23.4151 	DATA 	Keypress: 5
23.4152 	DATA 	TR 16 | TR1 8 | TR2 8
24.9863 	DATA 	Keypress: 5
24.9864 	DATA 	TR 17 | TR1 9 | TR2 8
26.5385 	DATA 	Keypress: 5
26.5386 	DATA 	TR 18 | TR1 9 | TR2 9
28.1096 	DATA 	Keypress: 5
28.1096 	DATA 	TR 19 | TR1 10 | TR2 9
29.6609 	DATA 	Keypress: 5
29.6610 	DATA 	TR 20 | TR1 10 | TR2 10
31.2490 	DATA 	Keypress: 5
31.2490 	DATA 	Waited 1.2490200996398926 seconds for trigger
31.2504 	DATA 	
31.2504 	DATA 	Trial 1
31.2505 	DATA 	stimDur = 4.0
31.2505 	DATA 	jitter = 1.5705
31.2505 	DATA 	restDur = 24.0

31.2505 	DATA 	
31.2505 	DATA 	TR 21 | TR1 11 | TR2 10
32.7985 	DATA 	Keypress: 5
32.7985 	DATA 	TR 22 | TR1 11 | TR2 11
32.8318 	DATA 	
32.8318 	DATA 	stimulation started
32.8318 	DATA 	
34.3650 	DATA 	Keypress: 5
34.3651 	DATA 	TR 23 | TR1 12 | TR2 11
35.9149 	DATA 	Keypress: 5
35.9150 	DATA 	TR 24 | TR1 12 | TR2 12
36.8318 	DATA 	
36.8318 	DATA 	stimulation stopped
36.8318 	DATA 	
37.4813 	DATA 	Keypress: 5
37.4814 	DATA 	TR 25 | TR1 13 | TR2 12
39.0312 	DATA 	Keypress: 5
39.0313 	DATA 	TR 26 | TR1 13 | TR2 13
40.6144 	DATA 	Keypress: 5
40.6145 	DATA 	TR 27 | TR1 14 | TR2 13
42.1643 	DATA 	Keypress: 5
42.1643 	DATA 	TR 28 | TR1 14 | TR2 14
43.7308 	DATA 	Keypress: 5
43.7308 	DATA 	TR 29 | TR1 15 | TR2 14
45.2807 	DATA 	Keypress: 5
45.2807 	DATA 	TR 30 | TR1 15 | TR2 15
46.8639 	DATA 	Keypress: 5
46.8639 	DATA 	TR 31 | TR1 16 | TR2 15
48.4137 	DATA 	Keypress: 5
48.4138 	DATA 	TR 32 | TR1 16 | TR2 16
49.9802 	DATA 	Keypress: 5
49.9803 	DATA 	TR 33 | TR1 17 | TR2 16
51.5301 	DATA 	Keypress: 5
51.5301 	DATA 	TR 34 | TR1 17 | TR2 17
53.0972 	DATA 	Keypress: 5
53.1132 	DATA 	TR 35 | TR1 18 | TR2 17
54.6631 	DATA 	Keypress: 5
54.6632 	DATA 	TR 36 | TR1 18 | TR2 18
56.2297 	DATA 	Keypress: 5
56.2297 	DATA 	TR 37 | TR1 19 | TR2 18
57.7795 	DATA 	Keypress: 5
57.7796 	DATA 	TR 38 | TR1 19 | TR2 19
59.3461 	DATA 	Keypress: 5
59.3461 	DATA 	TR 39 | TR1 20 | TR2 19
60.8292 	DATA 	
60.8292 	DATA 	Trial complete
60.8292 	DATA 	Waiting for VASO trigger to start next trial
60.8292 	DATA 	
60.8960 	DATA 	Keypress: 5
60.8960 	DATA 	TR 40 | TR1 20 | TR2 20
62.4791 	DATA 	Keypress: 5
62.4792 	DATA 	Waited 1.6499650478363037 seconds for trigger
62.4800 	DATA 	
62.4801 	DATA 	Trial 2
62.4801 	DATA 	stimDur = 12.0
62.4801 	DATA 	jitter = 2.35575
62.4801 	DATA 	restDur = 30.0

62.4801 	DATA 	
62.4801 	DATA 	TR 41 | TR1 21 | TR2 20
64.0294 	DATA 	Keypress: 5
64.0295 	DATA 	TR 42 | TR1 21 | TR2 21
64.8455 	DATA 	
64.8455 	DATA 	stimulation started
64.8455 	DATA 	
65.5958 	DATA 	Keypress: 5
65.5959 	DATA 	TR 43 | TR1 22 | TR2 21
67.1457 	DATA 	Keypress: 5
67.1457 	DATA 	TR 44 | TR1 22 | TR2 22
68.7289 	DATA 	Keypress: 5
68.7289 	DATA 	TR 45 | TR1 23 | TR2 22
70.2784 	DATA 	Keypress: 5
70.2785 	DATA 	TR 46 | TR1 23 | TR2 23
71.8453 	DATA 	Keypress: 5
71.8453 	DATA 	TR 47 | TR1 24 | TR2 23
73.3951 	DATA 	Keypress: 5
73.3951 	DATA 	TR 48 | TR1 24 | TR2 24
74.9616 	DATA 	Keypress: 5
74.9617 	DATA 	TR 49 | TR1 25 | TR2 24
76.5122 	DATA 	Keypress: 5
76.5278 	DATA 	TR 50 | TR1 25 | TR2 25
76.8448 	DATA 	
76.8448 	DATA 	stimulation stopped
76.8448 	DATA 	
78.0943 	DATA 	Keypress: 5
78.0944 	DATA 	TR 51 | TR1 26 | TR2 25
79.6442 	DATA 	Keypress: 5
79.6443 	DATA 	TR 52 | TR1 26 | TR2 26
81.2108 	DATA 	Keypress: 5
81.2108 	DATA 	TR 53 | TR1 27 | TR2 26
82.7606 	DATA 	Keypress: 5
82.7606 	DATA 	TR 54 | TR1 27 | TR2 27
84.3438 	DATA 	Keypress: 5
84.3438 	DATA 	TR 55 | TR1 28 | TR2 27
85.8936 	DATA 	Keypress: 5
85.8937 	DATA 	TR 56 | TR1 28 | TR2 28
87.4602 	DATA 	Keypress: 5
87.4602 	DATA 	TR 57 | TR1 29 | TR2 28
88.2268 	DATA 	Target presented
89.0100 	DATA 	Keypress: 5
89.0101 	DATA 	TR 58 | TR1 29 | TR2 29
89.1766 	DATA 	Keypress: 1
89.1767 	DATA 	Key1 pressed
89.1767 	DATA 	Target detected
90.5932 	DATA 	Keypress: 5
90.5932 	DATA 	TR 59 | TR1 30 | TR2 29
90.8265 	DATA 	Keypress: 1
90.8265 	DATA 	Key1 pressed
92.1431 	DATA 	Keypress: 5
92.1431 	DATA 	TR 60 | TR1 30 | TR2 30
93.7096 	DATA 	Keypress: 5
93.7096 	DATA 	TR 61 | TR1 31 | TR2 30
95.2595 	DATA 	Keypress: 5
95.2595 	DATA 	TR 62 | TR1 31 | TR2 31
96.8260 	DATA 	Keypress: 5
96.8261 	DATA 	TR 63 | TR1 32 | TR2 31
98.3758 	DATA 	Keypress: 5
98.3759 	DATA 	TR 64 | TR1 32 | TR2 32
99.9590 	DATA 	Keypress: 5
99.9591 	DATA 	TR 65 | TR1 33 | TR2 32
101.5089 	DATA 	Keypress: 5
101.5089 	DATA 	TR 66 | TR1 33 | TR2 33
103.0754 	DATA 	Keypress: 5
103.0755 	DATA 	TR 67 | TR1 34 | TR2 33
104.6253 	DATA 	Keypress: 5
104.6253 	DATA 	TR 68 | TR1 34 | TR2 34
106.2085 	DATA 	Keypress: 5
106.2085 	DATA 	TR 69 | TR1 35 | TR2 34
106.8417 	DATA 	
106.8417 	DATA 	Trial complete
106.8417 	DATA 	Waiting for VASO trigger to start next trial
106.8417 	DATA 	
107.7583 	DATA 	Keypress: 5
107.7583 	DATA 	TR 70 | TR1 35 | TR2 35
109.3249 	DATA 	Keypress: 5
109.3249 	DATA 	Waited 2.4832098484039307 seconds for trigger
109.3257 	DATA 	
109.3257 	DATA 	Trial 3
109.3257 	DATA 	stimDur = 24.0
109.3257 	DATA 	jitter = 0.78525
109.3257 	DATA 	restDur = 40.0

109.3257 	DATA 	
109.3257 	DATA 	TR 71 | TR1 36 | TR2 35
110.1251 	DATA 	
110.1252 	DATA 	stimulation started
110.1252 	DATA 	
110.8751 	DATA 	Keypress: 5
110.8751 	DATA 	TR 72 | TR1 36 | TR2 36
112.4416 	DATA 	Keypress: 5
112.4416 	DATA 	TR 73 | TR1 37 | TR2 36
114.0081 	DATA 	Keypress: 5
114.0081 	DATA 	TR 74 | TR1 37 | TR2 37
115.5747 	DATA 	Keypress: 5
115.5747 	DATA 	TR 75 | TR1 38 | TR2 37
117.1246 	DATA 	Keypress: 5
117.1246 	DATA 	TR 76 | TR1 38 | TR2 38
118.6910 	DATA 	Keypress: 5
118.6911 	DATA 	TR 77 | TR1 39 | TR2 38
120.2409 	DATA 	Keypress: 5
120.2409 	DATA 	TR 78 | TR1 39 | TR2 39
121.8242 	DATA 	Keypress: 5
121.8242 	DATA 	TR 79 | TR1 40 | TR2 39
123.3736 	DATA 	Keypress: 5
123.3736 	DATA 	TR 80 | TR1 40 | TR2 40
124.9402 	DATA 	Keypress: 5
124.9402 	DATA 	TR 81 | TR1 41 | TR2 40
126.4900 	DATA 	Keypress: 5
126.4900 	DATA 	TR 82 | TR1 41 | TR2 41
128.0575 	DATA 	Keypress: 5
128.0734 	DATA 	TR 83 | TR1 42 | TR2 41
129.6233 	DATA 	Keypress: 5
129.6234 	DATA 	TR 84 | TR1 42 | TR2 42
131.1895 	DATA 	Keypress: 5
131.1896 	DATA 	TR 85 | TR1 43 | TR2 42
132.7397 	DATA 	Keypress: 5
132.7398 	DATA 	TR 86 | TR1 43 | TR2 43
134.1226 	DATA 	
134.1226 	DATA 	stimulation stopped
134.1226 	DATA 	
134.3059 	DATA 	Keypress: 5
134.3060 	DATA 	TR 87 | TR1 44 | TR2 43
135.8564 	DATA 	Keypress: 5
135.8724 	DATA 	TR 88 | TR1 44 | TR2 44
137.4390 	DATA 	Keypress: 5
137.4391 	DATA 	TR 89 | TR1 45 | TR2 44
138.9888 	DATA 	Keypress: 5
138.9889 	DATA 	TR 90 | TR1 45 | TR2 45
140.5553 	DATA 	Keypress: 5
140.5554 	DATA 	TR 91 | TR1 46 | TR2 45
142.1052 	DATA 	Keypress: 5
142.1052 	DATA 	TR 92 | TR1 46 | TR2 46
143.6884 	DATA 	Keypress: 5
143.6885 	DATA 	TR 93 | TR1 47 | TR2 46
145.2382 	DATA 	Keypress: 5
145.2383 	DATA 	TR 94 | TR1 47 | TR2 47
146.8048 	DATA 	Keypress: 5
146.8048 	DATA 	TR 95 | TR1 48 | TR2 47
148.3546 	DATA 	Keypress: 5
148.3546 	DATA 	TR 96 | TR1 48 | TR2 48
149.9211 	DATA 	Keypress: 5
149.9212 	DATA 	TR 97 | TR1 49 | TR2 48
151.4877 	DATA 	Keypress: 5
151.4877 	DATA 	TR 98 | TR1 49 | TR2 49
153.0542 	DATA 	Keypress: 5
153.0543 	DATA 	TR 99 | TR1 50 | TR2 49
154.6041 	DATA 	Keypress: 5
154.6041 	DATA 	TR 100 | TR1 50 | TR2 50
156.1706 	DATA 	Keypress: 5
156.1706 	DATA 	TR 101 | TR1 51 | TR2 50
157.2705 	DATA 	Target presented
157.7204 	DATA 	Keypress: 5
157.7204 	DATA 	TR 102 | TR1 51 | TR2 51
159.3037 	DATA 	Keypress: 5
159.3037 	DATA 	TR 103 | TR1 52 | TR2 51
160.8535 	DATA 	Keypress: 5
160.8535 	DATA 	TR 104 | TR1 52 | TR2 52
162.4200 	DATA 	Keypress: 5
162.4201 	DATA 	TR 105 | TR1 53 | TR2 52
163.9699 	DATA 	Keypress: 5
163.9699 	DATA 	TR 106 | TR1 53 | TR2 53
165.5531 	DATA 	Keypress: 5
165.5531 	DATA 	TR 107 | TR1 54 | TR2 53
167.1029 	DATA 	Keypress: 5
167.1030 	DATA 	TR 108 | TR1 54 | TR2 54
168.6695 	DATA 	Keypress: 5
168.6695 	DATA 	TR 109 | TR1 55 | TR2 54
170.2193 	DATA 	Keypress: 5
170.2193 	DATA 	TR 110 | TR1 55 | TR2 55
171.7858 	DATA 	Keypress: 5
171.7859 	DATA 	TR 111 | TR1 56 | TR2 55
173.3357 	DATA 	Keypress: 5
173.3357 	DATA 	TR 112 | TR1 56 | TR2 56
174.1189 	DATA 	
174.1189 	DATA 	Trial complete
174.1189 	DATA 	Waiting for VASO trigger to start next trial
174.1190 	DATA 	
174.9189 	DATA 	Keypress: 5
174.9189 	DATA 	Waited 0.7999799251556396 seconds for trigger
174.9197 	DATA 	
174.9197 	DATA 	Trial 4
174.9197 	DATA 	stimDur = 24.0
174.9197 	DATA 	jitter = 1.5705
174.9197 	DATA 	restDur = 40.0

174.9197 	DATA 	
174.9197 	DATA 	TR 113 | TR1 57 | TR2 56
176.4687 	DATA 	Keypress: 5
176.4688 	DATA 	TR 114 | TR1 57 | TR2 57
176.5020 	DATA 	
176.5020 	DATA 	stimulation started
176.5020 	DATA 	
178.0356 	DATA 	Keypress: 5
178.0357 	DATA 	TR 115 | TR1 58 | TR2 57
179.5851 	DATA 	Keypress: 5
179.5851 	DATA 	TR 116 | TR1 58 | TR2 58
181.1687 	DATA 	Keypress: 5
181.1687 	DATA 	TR 117 | TR1 59 | TR2 58
182.7185 	DATA 	Keypress: 5
182.7186 	DATA 	TR 118 | TR1 59 | TR2 59
184.2851 	DATA 	Keypress: 5
184.2851 	DATA 	TR 119 | TR1 60 | TR2 59
185.8349 	DATA 	Keypress: 5
185.8349 	DATA 	TR 120 | TR1 60 | TR2 60
187.4019 	DATA 	Keypress: 5
187.4177 	DATA 	TR 121 | TR1 61 | TR2 60
188.9679 	DATA 	Keypress: 5
188.9680 	DATA 	TR 122 | TR1 61 | TR2 61
190.5345 	DATA 	Keypress: 5
190.5345 	DATA 	TR 123 | TR1 62 | TR2 61
192.0840 	DATA 	Keypress: 5
192.0841 	DATA 	TR 124 | TR1 62 | TR2 62
193.6509 	DATA 	Keypress: 5
193.6509 	DATA 	TR 125 | TR1 63 | TR2 62
195.2008 	DATA 	Keypress: 5
195.2008 	DATA 	TR 126 | TR1 63 | TR2 63
196.7841 	DATA 	Keypress: 5
196.7841 	DATA 	TR 127 | TR1 64 | TR2 63
198.3338 	DATA 	Keypress: 5
198.3338 	DATA 	TR 128 | TR1 64 | TR2 64
199.9003 	DATA 	Keypress: 5
199.9004 	DATA 	TR 129 | TR1 65 | TR2 64
200.5002 	DATA 	
200.5002 	DATA 	stimulation stopped
200.5002 	DATA 	
201.4498 	DATA 	Keypress: 5
201.4498 	DATA 	TR 130 | TR1 65 | TR2 65
203.0330 	DATA 	Keypress: 5
203.0331 	DATA 	TR 131 | TR1 66 | TR2 65
204.5828 	DATA 	Keypress: 5
204.5829 	DATA 	TR 132 | TR1 66 | TR2 66
206.1494 	DATA 	Keypress: 5
206.1494 	DATA 	TR 133 | TR1 67 | TR2 66
207.6992 	DATA 	Keypress: 5
207.6992 	DATA 	TR 134 | TR1 67 | TR2 67
209.2658 	DATA 	Keypress: 5
209.2659 	DATA 	TR 135 | TR1 68 | TR2 67
210.8162 	DATA 	Keypress: 5
210.8322 	DATA 	TR 136 | TR1 68 | TR2 68
212.3988 	DATA 	Keypress: 5
212.3989 	DATA 	TR 137 | TR1 69 | TR2 68
213.9486 	DATA 	Keypress: 5
213.9487 	DATA 	TR 138 | TR1 69 | TR2 69
215.5152 	DATA 	Keypress: 5
215.5153 	DATA 	TR 139 | TR1 70 | TR2 69
217.0650 	DATA 	Keypress: 5
217.0651 	DATA 	TR 140 | TR1 70 | TR2 70
218.6483 	DATA 	Keypress: 5
218.6483 	DATA 	TR 141 | TR1 71 | TR2 70
220.1981 	DATA 	Keypress: 5
220.1981 	DATA 	TR 142 | TR1 71 | TR2 71
221.7651 	DATA 	Keypress: 5
221.7651 	DATA 	TR 143 | TR1 72 | TR2 71
223.3145 	DATA 	Keypress: 5
223.3145 	DATA 	TR 144 | TR1 72 | TR2 72
223.8144 	DATA 	Target presented
224.4477 	DATA 	Keypress: 1
224.4478 	DATA 	Key1 pressed
224.4478 	DATA 	Target detected
224.8977 	DATA 	Keypress: 5
224.8977 	DATA 	TR 145 | TR1 73 | TR2 72
226.4475 	DATA 	Keypress: 5
226.4475 	DATA 	TR 146 | TR1 73 | TR2 73
228.0141 	DATA 	Keypress: 5
228.0141 	DATA 	TR 147 | TR1 74 | TR2 73
229.5639 	DATA 	Keypress: 5
229.5639 	DATA 	TR 148 | TR1 74 | TR2 74
231.1304 	DATA 	Keypress: 5
231.1305 	DATA 	TR 149 | TR1 75 | TR2 74
232.6803 	DATA 	Keypress: 5
232.6803 	DATA 	TR 150 | TR1 75 | TR2 75
234.2635 	DATA 	Keypress: 5
234.2635 	DATA 	TR 151 | TR1 76 | TR2 75
235.8133 	DATA 	Keypress: 5
235.8134 	DATA 	TR 152 | TR1 76 | TR2 76
237.3799 	DATA 	Keypress: 5
237.3799 	DATA 	TR 153 | TR1 77 | TR2 76
238.9297 	DATA 	Keypress: 5
238.9298 	DATA 	TR 154 | TR1 77 | TR2 77
240.4962 	DATA 	
240.4962 	DATA 	Trial complete
240.4962 	DATA 	Waiting for VASO trigger to start next trial
240.4962 	DATA 	
240.5129 	DATA 	Keypress: 5
240.5130 	DATA 	Waited 0.016752958297729492 seconds for trigger
240.5138 	DATA 	
240.5138 	DATA 	Trial 5
240.5138 	DATA 	stimDur = 1.0
240.5138 	DATA 	jitter = 0.78525
240.5138 	DATA 	restDur = 20.0

240.5138 	DATA 	
240.5138 	DATA 	TR 155 | TR1 78 | TR2 77
241.3128 	DATA 	
241.3128 	DATA 	stimulation started
241.3128 	DATA 	
242.0631 	DATA 	Keypress: 5
242.0632 	DATA 	TR 156 | TR1 78 | TR2 78
242.3131 	DATA 	
242.3131 	DATA 	stimulation stopped
242.3131 	DATA 	
243.6293 	DATA 	Keypress: 5
243.6294 	DATA 	TR 157 | TR1 79 | TR2 78
245.1792 	DATA 	Keypress: 5
245.1792 	DATA 	TR 158 | TR1 79 | TR2 79
246.7457 	DATA 	Keypress: 5
246.7457 	DATA 	TR 159 | TR1 80 | TR2 79
248.3122 	DATA 	Keypress: 5
248.3122 	DATA 	TR 160 | TR1 80 | TR2 80
249.8787 	DATA 	Keypress: 5
249.8788 	DATA 	TR 161 | TR1 81 | TR2 80
251.4286 	DATA 	Keypress: 5
251.4286 	DATA 	TR 162 | TR1 81 | TR2 81
252.9951 	DATA 	Keypress: 5
252.9952 	DATA 	TR 163 | TR1 82 | TR2 81
254.5449 	DATA 	Keypress: 5
254.5450 	DATA 	TR 164 | TR1 82 | TR2 82
256.1282 	DATA 	Keypress: 5
256.1282 	DATA 	TR 165 | TR1 83 | TR2 82
257.6780 	DATA 	Keypress: 5
257.6780 	DATA 	TR 166 | TR1 83 | TR2 83
259.2445 	DATA 	Keypress: 5
259.2446 	DATA 	TR 167 | TR1 84 | TR2 83
260.7944 	DATA 	Keypress: 5
260.7944 	DATA 	TR 168 | TR1 84 | TR2 84
262.3109 	DATA 	
262.3109 	DATA 	Trial complete
262.3109 	DATA 	Waiting for VASO trigger to start next trial
262.3109 	DATA 	
262.3776 	DATA 	Keypress: 5
262.3776 	DATA 	Waited 0.06672310829162598 seconds for trigger
262.3784 	DATA 	
262.3784 	DATA 	Trial 6
262.3784 	DATA 	stimDur = 2.0
262.3784 	DATA 	jitter = 0.78525
262.3784 	DATA 	restDur = 22.0

262.3784 	DATA 	
262.3784 	DATA 	TR 169 | TR1 85 | TR2 84
263.1775 	DATA 	
263.1775 	DATA 	stimulation started
263.1775 	DATA 	
263.9278 	DATA 	Keypress: 5
263.9278 	DATA 	TR 170 | TR1 85 | TR2 85
265.1773 	DATA 	
265.1773 	DATA 	stimulation stopped
265.1773 	DATA 	
265.4940 	DATA 	Keypress: 5
265.4940 	DATA 	TR 171 | TR1 86 | TR2 85
267.0438 	DATA 	Keypress: 5
267.0439 	DATA 	TR 172 | TR1 86 | TR2 86
268.6104 	DATA 	Keypress: 5
268.6104 	DATA 	TR 173 | TR1 87 | TR2 86
270.1602 	DATA 	Keypress: 5
270.1602 	DATA 	TR 174 | TR1 87 | TR2 87
271.0101 	DATA 	Target presented
271.5934 	DATA 	Keypress: 1
271.5934 	DATA 	Key1 pressed
271.5934 	DATA 	Target detected
271.7433 	DATA 	Keypress: 5
271.7434 	DATA 	TR 175 | TR1 88 | TR2 87
273.2933 	DATA 	Keypress: 5
273.2933 	DATA 	TR 176 | TR1 88 | TR2 88
274.8597 	DATA 	Keypress: 5
274.8598 	DATA 	TR 177 | TR1 89 | TR2 88
276.4096 	DATA 	Keypress: 5
276.4096 	DATA 	TR 178 | TR1 89 | TR2 89
277.9928 	DATA 	Keypress: 5
277.9929 	DATA 	TR 179 | TR1 90 | TR2 89
279.5426 	DATA 	Keypress: 5
279.5427 	DATA 	TR 180 | TR1 90 | TR2 90
281.1092 	DATA 	Keypress: 5
281.1092 	DATA 	TR 181 | TR1 91 | TR2 90
282.6590 	DATA 	Keypress: 5
282.6591 	DATA 	TR 182 | TR1 91 | TR2 91
284.2257 	DATA 	Keypress: 5
284.2257 	DATA 	TR 183 | TR1 92 | TR2 91
285.7921 	DATA 	Keypress: 5
285.7921 	DATA 	TR 184 | TR1 92 | TR2 92
287.1752 	DATA 	
287.1753 	DATA 	Trial complete
287.1753 	DATA 	Waiting for VASO trigger to start next trial
287.1753 	DATA 	
287.3586 	DATA 	Keypress: 5
287.3586 	DATA 	Waited 0.1833651065826416 seconds for trigger
287.3594 	DATA 	
287.3594 	DATA 	Trial 7
287.3594 	DATA 	stimDur = 4.0
287.3594 	DATA 	jitter = 2.35575
287.3594 	DATA 	restDur = 24.0

287.3594 	DATA 	
287.3594 	DATA 	TR 185 | TR1 93 | TR2 92
288.9084 	DATA 	Keypress: 5
288.9085 	DATA 	TR 186 | TR1 93 | TR2 93
289.7250 	DATA 	
289.7250 	DATA 	stimulation started
289.7250 	DATA 	
290.4753 	DATA 	Keypress: 5
290.4754 	DATA 	TR 187 | TR1 94 | TR2 93
292.0248 	DATA 	Keypress: 5
292.0249 	DATA 	TR 188 | TR1 94 | TR2 94
293.6081 	DATA 	Keypress: 5
293.6081 	DATA 	TR 189 | TR1 95 | TR2 94
293.7250 	DATA 	
293.7250 	DATA 	stimulation stopped
293.7250 	DATA 	
295.1579 	DATA 	Keypress: 5
295.1579 	DATA 	TR 190 | TR1 95 | TR2 95
296.7244 	DATA 	Keypress: 5
296.7244 	DATA 	TR 191 | TR1 96 | TR2 95
298.2742 	DATA 	Keypress: 5
298.2743 	DATA 	TR 192 | TR1 96 | TR2 96
299.8574 	DATA 	Keypress: 5
299.8575 	DATA 	TR 193 | TR1 97 | TR2 96
301.4073 	DATA 	Keypress: 5
301.4073 	DATA 	TR 194 | TR1 97 | TR2 97
302.9738 	DATA 	Keypress: 5
302.9738 	DATA 	TR 195 | TR1 98 | TR2 97
304.5237 	DATA 	Keypress: 5
304.5237 	DATA 	TR 196 | TR1 98 | TR2 98
306.0902 	DATA 	Keypress: 5
306.0902 	DATA 	TR 197 | TR1 99 | TR2 98
307.6406 	DATA 	Keypress: 5
307.6566 	DATA 	TR 198 | TR1 99 | TR2 99
309.2232 	DATA 	Keypress: 5
309.2232 	DATA 	TR 199 | TR1 100 | TR2 99
310.7730 	DATA 	Keypress: 5
310.7731 	DATA 	TR 200 | TR1 100 | TR2 100
312.3396 	DATA 	Keypress: 5
312.3397 	DATA 	TR 201 | TR1 101 | TR2 100
313.8894 	DATA 	Keypress: 5
313.8895 	DATA 	TR 202 | TR1 101 | TR2 101
315.4726 	DATA 	Keypress: 5
315.4727 	DATA 	TR 203 | TR1 102 | TR2 101
317.0225 	DATA 	Keypress: 5
317.0225 	DATA 	TR 204 | TR1 102 | TR2 102
317.7224 	DATA 	
317.7224 	DATA 	Trial complete
317.7224 	DATA 	Waiting for VASO trigger to start next trial
317.7224 	DATA 	
318.5890 	DATA 	Keypress: 5
318.5891 	DATA 	Waited 0.8666510581970215 seconds for trigger
318.5899 	DATA 	
318.5899 	DATA 	Trial 8
318.5899 	DATA 	stimDur = 12.0
318.5899 	DATA 	jitter = 0.0
318.5899 	DATA 	restDur = 30.0

318.5899 	DATA 	
318.5899 	DATA 	TR 205 | TR1 103 | TR2 102
318.5899 	DATA 	
318.5899 	DATA 	stimulation started
318.5899 	DATA 	
319.4556 	DATA 	Target presented
319.9392 	DATA 	Keypress: 1
319.9393 	DATA 	Key1 pressed
319.9393 	DATA 	Target detected
320.1392 	DATA 	Keypress: 5
320.1393 	DATA 	TR 206 | TR1 103 | TR2 103
321.7061 	DATA 	Keypress: 5
321.7224 	DATA 	TR 207 | TR1 104 | TR2 103
323.2723 	DATA 	Keypress: 5
323.2723 	DATA 	TR 208 | TR1 104 | TR2 104
324.8388 	DATA 	Keypress: 5
324.8388 	DATA 	TR 209 | TR1 105 | TR2 104
326.3887 	DATA 	Keypress: 5
326.3887 	DATA 	TR 210 | TR1 105 | TR2 105
327.9551 	DATA 	Keypress: 5
327.9552 	DATA 	TR 211 | TR1 106 | TR2 105
329.5050 	DATA 	Keypress: 5
329.5051 	DATA 	TR 212 | TR1 106 | TR2 106
330.6049 	DATA 	
330.6049 	DATA 	stimulation stopped
330.6049 	DATA 	
331.0878 	DATA 	Keypress: 5
331.0879 	DATA 	TR 213 | TR1 107 | TR2 106
332.6377 	DATA 	Keypress: 5
332.6378 	DATA 	TR 214 | TR1 107 | TR2 107
334.2042 	DATA 	Keypress: 5
334.2042 	DATA 	TR 215 | TR1 108 | TR2 107
335.7541 	DATA 	Keypress: 5
335.7541 	DATA 	TR 216 | TR1 108 | TR2 108
337.3373 	DATA 	Keypress: 5
337.3373 	DATA 	TR 217 | TR1 109 | TR2 108
338.8871 	DATA 	Keypress: 5
338.8872 	DATA 	TR 218 | TR1 109 | TR2 109
340.4536 	DATA 	Keypress: 5
340.4537 	DATA 	TR 219 | TR1 110 | TR2 109
342.0035 	DATA 	Keypress: 5
342.0035 	DATA 	TR 220 | TR1 110 | TR2 110
343.5700 	DATA 	Keypress: 5
343.5701 	DATA 	TR 221 | TR1 111 | TR2 110
345.1365 	DATA 	Keypress: 5
345.1366 	DATA 	TR 222 | TR1 111 | TR2 111
346.7030 	DATA 	Keypress: 5
346.7031 	DATA 	TR 223 | TR1 112 | TR2 111
348.2529 	DATA 	Keypress: 5
348.2530 	DATA 	TR 224 | TR1 112 | TR2 112
349.8194 	DATA 	Keypress: 5
349.8195 	DATA 	TR 225 | TR1 113 | TR2 112
351.3693 	DATA 	Keypress: 5
351.3693 	DATA 	TR 226 | TR1 113 | TR2 113
352.9525 	DATA 	Keypress: 5
352.9525 	DATA 	TR 227 | TR1 114 | TR2 113
354.5024 	DATA 	Keypress: 5
354.5024 	DATA 	TR 228 | TR1 114 | TR2 114
356.0693 	DATA 	Keypress: 5
356.0694 	DATA 	TR 229 | TR1 115 | TR2 114
357.6188 	DATA 	Keypress: 5
357.6188 	DATA 	TR 230 | TR1 115 | TR2 115
359.1858 	DATA 	Keypress: 5
359.2019 	DATA 	TR 231 | TR1 116 | TR2 115
360.6022 	DATA 	
360.6022 	DATA 	Trial complete
360.6022 	DATA 	Waiting for VASO trigger to start next trial
360.6022 	DATA 	
360.7518 	DATA 	Keypress: 5
360.7518 	DATA 	TR 232 | TR1 116 | TR2 116
362.3183 	DATA 	Keypress: 5
362.3184 	DATA 	Waited 1.7161610126495361 seconds for trigger
362.3191 	DATA 	
362.3191 	DATA 	Trial 9
362.3191 	DATA 	stimDur = 2.0
362.3191 	DATA 	jitter = 1.5705
362.3191 	DATA 	restDur = 22.0

362.3192 	DATA 	
362.3192 	DATA 	TR 233 | TR1 117 | TR2 116
363.8682 	DATA 	Keypress: 5
363.8682 	DATA 	TR 234 | TR1 117 | TR2 117
363.9014 	DATA 	
363.9014 	DATA 	stimulation started
363.9014 	DATA 	
365.4350 	DATA 	Keypress: 5
365.4350 	DATA 	TR 235 | TR1 118 | TR2 117
365.9016 	DATA 	
365.9016 	DATA 	stimulation stopped
365.9016 	DATA 	
366.9845 	DATA 	Keypress: 5
366.9846 	DATA 	TR 236 | TR1 118 | TR2 118
368.5677 	DATA 	Keypress: 5
368.5678 	DATA 	TR 237 | TR1 119 | TR2 118
370.1176 	DATA 	Keypress: 5
370.1176 	DATA 	TR 238 | TR1 119 | TR2 119
371.6841 	DATA 	Keypress: 5
371.6841 	DATA 	TR 239 | TR1 120 | TR2 119
373.2340 	DATA 	Keypress: 5
373.2340 	DATA 	TR 240 | TR1 120 | TR2 120
374.8171 	DATA 	Keypress: 5
374.8172 	DATA 	TR 241 | TR1 121 | TR2 120
376.3670 	DATA 	Keypress: 5
376.3670 	DATA 	TR 242 | TR1 121 | TR2 121
377.9335 	DATA 	Keypress: 5
377.9335 	DATA 	TR 243 | TR1 122 | TR2 121
379.4834 	DATA 	Keypress: 5
379.4834 	DATA 	TR 244 | TR1 122 | TR2 122
381.0499 	DATA 	Keypress: 5
381.0499 	DATA 	TR 245 | TR1 123 | TR2 122
382.6164 	DATA 	Keypress: 5
382.6165 	DATA 	TR 246 | TR1 123 | TR2 123
384.1829 	DATA 	Keypress: 5
384.1829 	DATA 	TR 247 | TR1 124 | TR2 123
385.7328 	DATA 	Keypress: 5
385.7328 	DATA 	TR 248 | TR1 124 | TR2 124
387.2993 	DATA 	Keypress: 5
387.2993 	DATA 	TR 249 | TR1 125 | TR2 124
387.8992 	DATA 	
387.8992 	DATA 	Trial complete
387.8992 	DATA 	Waiting for VASO trigger to start next trial
387.8992 	DATA 	
388.8492 	DATA 	Keypress: 5
388.8492 	DATA 	TR 250 | TR1 125 | TR2 125
390.4323 	DATA 	Keypress: 5
390.4324 	DATA 	Waited 2.5331308841705322 seconds for trigger
390.4331 	DATA 	
390.4331 	DATA 	Trial 10
390.4332 	DATA 	stimDur = 4.0
390.4332 	DATA 	jitter = 0.0
390.4332 	DATA 	restDur = 24.0

390.4332 	DATA 	
390.4332 	DATA 	TR 251 | TR1 126 | TR2 125
390.4332 	DATA 	
390.4332 	DATA 	stimulation started
390.4332 	DATA 	
391.9823 	DATA 	Keypress: 5
391.9823 	DATA 	TR 252 | TR1 126 | TR2 126
393.5487 	DATA 	Keypress: 5
393.5488 	DATA 	TR 253 | TR1 127 | TR2 126
394.4489 	DATA 	
394.4489 	DATA 	stimulation stopped
394.4490 	DATA 	
394.9152 	DATA 	Target presented
395.0986 	DATA 	Keypress: 5
395.0986 	DATA 	TR 254 | TR1 127 | TR2 127
396.6817 	DATA 	Keypress: 5
396.6818 	DATA 	TR 255 | TR1 128 | TR2 127
398.2316 	DATA 	Keypress: 5
398.2317 	DATA 	TR 256 | TR1 128 | TR2 128
399.7981 	DATA 	Keypress: 5
399.7981 	DATA 	TR 257 | TR1 129 | TR2 128
401.3480 	DATA 	Keypress: 5
401.3481 	DATA 	TR 258 | TR1 129 | TR2 129
402.9145 	DATA 	Keypress: 5
402.9145 	DATA 	TR 259 | TR1 130 | TR2 129
404.4644 	DATA 	Keypress: 5
404.4644 	DATA 	TR 260 | TR1 130 | TR2 130
406.0476 	DATA 	Keypress: 5
406.0476 	DATA 	TR 261 | TR1 131 | TR2 130
407.5974 	DATA 	Keypress: 5
407.5975 	DATA 	TR 262 | TR1 131 | TR2 131
409.1639 	DATA 	Keypress: 5
409.1640 	DATA 	TR 263 | TR1 132 | TR2 131
410.7138 	DATA 	Keypress: 5
410.7139 	DATA 	TR 264 | TR1 132 | TR2 132
412.2970 	DATA 	Keypress: 5
412.2970 	DATA 	TR 265 | TR1 133 | TR2 132
413.8469 	DATA 	Keypress: 5
413.8469 	DATA 	TR 266 | TR1 133 | TR2 133
415.4133 	DATA 	Keypress: 5
415.4134 	DATA 	TR 267 | TR1 134 | TR2 133
416.9632 	DATA 	Keypress: 5
416.9633 	DATA 	TR 268 | TR1 134 | TR2 134
418.4464 	DATA 	
418.4464 	DATA 	Trial complete
418.4464 	DATA 	Waiting for VASO trigger to start next trial
418.4464 	DATA 	
418.5303 	DATA 	Keypress: 5
418.5463 	DATA 	Waited 0.09993314743041992 seconds for trigger
418.5471 	DATA 	
418.5471 	DATA 	Trial 11
418.5471 	DATA 	stimDur = 12.0
418.5471 	DATA 	jitter = 0.78525
418.5471 	DATA 	restDur = 30.0

418.5471 	DATA 	
418.5471 	DATA 	TR 269 | TR1 135 | TR2 134
419.3463 	DATA 	
419.3463 	DATA 	stimulation started
419.3463 	DATA 	
420.0966 	DATA 	Keypress: 5
420.0967 	DATA 	TR 270 | TR1 135 | TR2 135
421.6628 	DATA 	Keypress: 5
421.6628 	DATA 	TR 271 | TR1 136 | TR2 135
423.2127 	DATA 	Keypress: 5
423.2127 	DATA 	TR 272 | TR1 136 | TR2 136
424.7795 	DATA 	Keypress: 5
424.7795 	DATA 	TR 273 | TR1 137 | TR2 136
426.3291 	DATA 	Keypress: 5
426.3291 	DATA 	TR 274 | TR1 137 | TR2 137
427.9125 	DATA 	Keypress: 5
427.9126 	DATA 	TR 275 | TR1 138 | TR2 137
429.4624 	DATA 	Keypress: 5
429.4625 	DATA 	TR 276 | TR1 138 | TR2 138
431.0286 	DATA 	Keypress: 5
431.0287 	DATA 	TR 277 | TR1 139 | TR2 138
431.3455 	DATA 	
431.3455 	DATA 	stimulation stopped
431.3455 	DATA 	
432.5784 	DATA 	Keypress: 5
432.5785 	DATA 	TR 278 | TR1 139 | TR2 139
434.1616 	DATA 	Keypress: 5
434.1616 	DATA 	TR 279 | TR1 140 | TR2 139
435.7115 	DATA 	Keypress: 5
435.7115 	DATA 	TR 280 | TR1 140 | TR2 140
437.2780 	DATA 	Keypress: 5
437.2780 	DATA 	TR 281 | TR1 141 | TR2 140
438.8279 	DATA 	Keypress: 5
438.8279 	DATA 	TR 282 | TR1 141 | TR2 141
440.3944 	DATA 	Keypress: 5
440.3944 	DATA 	TR 283 | TR1 142 | TR2 141
441.9449 	DATA 	Keypress: 5
441.9613 	DATA 	TR 284 | TR1 142 | TR2 142
443.5274 	DATA 	Keypress: 5
443.5275 	DATA 	TR 285 | TR1 143 | TR2 142
445.0773 	DATA 	Keypress: 5
445.0773 	DATA 	TR 286 | TR1 143 | TR2 143
446.6438 	DATA 	Keypress: 5
446.6439 	DATA 	TR 287 | TR1 144 | TR2 143
448.1936 	DATA 	Keypress: 5
448.1937 	DATA 	TR 288 | TR1 144 | TR2 144
449.7768 	DATA 	Keypress: 5
449.7768 	DATA 	TR 289 | TR1 145 | TR2 144
451.3267 	DATA 	Keypress: 5
451.3268 	DATA 	TR 290 | TR1 145 | TR2 145
452.8932 	DATA 	Keypress: 5
452.8932 	DATA 	TR 291 | TR1 146 | TR2 145
454.4431 	DATA 	Keypress: 5
454.4431 	DATA 	TR 292 | TR1 146 | TR2 146
456.0102 	DATA 	Keypress: 5
456.0262 	DATA 	TR 293 | TR1 147 | TR2 146
457.5762 	DATA 	Keypress: 5
457.5762 	DATA 	TR 294 | TR1 147 | TR2 147
459.1426 	DATA 	Keypress: 5
459.1427 	DATA 	TR 295 | TR1 148 | TR2 147
460.6925 	DATA 	Keypress: 5
460.6926 	DATA 	TR 296 | TR1 148 | TR2 148
461.3424 	DATA 	
461.3424 	DATA 	Trial complete
461.3424 	DATA 	Waiting for VASO trigger to start next trial
461.3424 	DATA 	
462.2590 	DATA 	Keypress: 5
462.2590 	DATA 	Waited 0.9166018962860107 seconds for trigger
462.2598 	DATA 	
462.2598 	DATA 	Trial 12
462.2598 	DATA 	stimDur = 4.0
462.2598 	DATA 	jitter = 0.78525
462.2598 	DATA 	restDur = 24.0

462.2599 	DATA 	
462.2599 	DATA 	TR 297 | TR1 149 | TR2 148
463.0589 	DATA 	
463.0589 	DATA 	stimulation started
463.0589 	DATA 	
463.8092 	DATA 	Keypress: 5
463.8093 	DATA 	TR 298 | TR1 149 | TR2 149
463.9592 	DATA 	Target presented
464.3592 	DATA 	Keypress: 1
464.3592 	DATA 	Key1 pressed
464.3592 	DATA 	Target detected
465.3924 	DATA 	Keypress: 5
465.3924 	DATA 	TR 299 | TR1 150 | TR2 149
466.9423 	DATA 	Keypress: 5
466.9423 	DATA 	TR 300 | TR1 150 | TR2 150
467.0589 	DATA 	
467.0589 	DATA 	stimulation stopped
467.0589 	DATA 	
468.5084 	DATA 	Keypress: 5
468.5085 	DATA 	TR 301 | TR1 151 | TR2 150
470.0583 	DATA 	Keypress: 5
470.0583 	DATA 	TR 302 | TR1 151 | TR2 151
471.6415 	DATA 	Keypress: 5
471.6415 	DATA 	TR 303 | TR1 152 | TR2 151
473.1913 	DATA 	Keypress: 5
473.1914 	DATA 	TR 304 | TR1 152 | TR2 152
474.7578 	DATA 	Keypress: 5
474.7579 	DATA 	TR 305 | TR1 153 | TR2 152
476.3077 	DATA 	Keypress: 5
476.3078 	DATA 	TR 306 | TR1 153 | TR2 153
477.8742 	DATA 	Keypress: 5
477.8743 	DATA 	TR 307 | TR1 154 | TR2 153
479.4409 	DATA 	Keypress: 5
479.4410 	DATA 	TR 308 | TR1 154 | TR2 154
481.0073 	DATA 	Keypress: 5
481.0073 	DATA 	TR 309 | TR1 155 | TR2 154
482.5571 	DATA 	Keypress: 5
482.5572 	DATA 	TR 310 | TR1 155 | TR2 155
484.1237 	DATA 	Keypress: 5
484.1237 	DATA 	TR 311 | TR1 156 | TR2 155
485.6736 	DATA 	Keypress: 5
485.6736 	DATA 	TR 312 | TR1 156 | TR2 156
487.2567 	DATA 	Keypress: 5
487.2568 	DATA 	TR 313 | TR1 157 | TR2 156
488.8066 	DATA 	Keypress: 5
488.8066 	DATA 	TR 314 | TR1 157 | TR2 157
490.3731 	DATA 	Keypress: 5
490.3731 	DATA 	TR 315 | TR1 158 | TR2 157
491.0563 	DATA 	
491.0563 	DATA 	Trial complete
491.0563 	DATA 	Waiting for VASO trigger to start next trial
491.0564 	DATA 	
491.9230 	DATA 	Keypress: 5
491.9230 	DATA 	TR 316 | TR1 158 | TR2 158
493.4900 	DATA 	Keypress: 5
493.5061 	DATA 	Waited 2.4497480392456055 seconds for trigger
493.5069 	DATA 	
493.5069 	DATA 	Trial 13
493.5069 	DATA 	stimDur = 2.0
493.5069 	DATA 	jitter = 2.35575
493.5069 	DATA 	restDur = 22.0

493.5069 	DATA 	
493.5069 	DATA 	TR 317 | TR1 159 | TR2 158
495.0560 	DATA 	Keypress: 5
495.0560 	DATA 	TR 318 | TR1 159 | TR2 159
495.8725 	DATA 	
495.8726 	DATA 	stimulation started
495.8726 	DATA 	
496.6228 	DATA 	Keypress: 5
496.6229 	DATA 	TR 319 | TR1 160 | TR2 159
497.8727 	DATA 	
497.8727 	DATA 	stimulation stopped
497.8727 	DATA 	
498.1724 	DATA 	Keypress: 5
498.1724 	DATA 	TR 320 | TR1 160 | TR2 160
499.7389 	DATA 	Keypress: 5
499.7389 	DATA 	TR 321 | TR1 161 | TR2 160
501.2887 	DATA 	Keypress: 5
501.2888 	DATA 	TR 322 | TR1 161 | TR2 161
502.8719 	DATA 	Keypress: 5
502.8719 	DATA 	TR 323 | TR1 162 | TR2 161
504.4218 	DATA 	Keypress: 5
504.4219 	DATA 	TR 324 | TR1 162 | TR2 162
505.9883 	DATA 	Keypress: 5
505.9883 	DATA 	TR 325 | TR1 163 | TR2 162
506.2383 	DATA 	Target presented
507.5382 	DATA 	Keypress: 5
507.5382 	DATA 	TR 326 | TR1 163 | TR2 163
509.1214 	DATA 	Keypress: 5
509.1214 	DATA 	TR 327 | TR1 164 | TR2 163
510.6712 	DATA 	Keypress: 5
510.6712 	DATA 	TR 328 | TR1 164 | TR2 164
512.2377 	DATA 	Keypress: 5
512.2378 	DATA 	TR 329 | TR1 165 | TR2 164
513.7876 	DATA 	Keypress: 5
513.7877 	DATA 	TR 330 | TR1 165 | TR2 165
515.3541 	DATA 	Keypress: 5
515.3542 	DATA 	TR 331 | TR1 166 | TR2 165
516.9046 	DATA 	Keypress: 5
516.9206 	DATA 	TR 332 | TR1 166 | TR2 166
518.4872 	DATA 	Keypress: 5
518.4872 	DATA 	TR 333 | TR1 167 | TR2 166
519.8703 	DATA 	
519.8703 	DATA 	Trial complete
519.8704 	DATA 	Waiting for VASO trigger to start next trial
519.8704 	DATA 	
520.0375 	DATA 	Keypress: 5
520.0375 	DATA 	TR 334 | TR1 167 | TR2 167
521.6035 	DATA 	Keypress: 5
521.6036 	DATA 	Waited 1.7332429885864258 seconds for trigger
521.6044 	DATA 	
521.6044 	DATA 	Trial 14
521.6044 	DATA 	stimDur = 1.0
521.6044 	DATA 	jitter = 1.5705
521.6044 	DATA 	restDur = 20.0

521.6044 	DATA 	
521.6044 	DATA 	TR 335 | TR1 168 | TR2 167
523.1534 	DATA 	Keypress: 5
523.1534 	DATA 	TR 336 | TR1 168 | TR2 168
523.1867 	DATA 	
523.1867 	DATA 	stimulation started
523.1867 	DATA 	
524.1867 	DATA 	
524.1867 	DATA 	stimulation stopped
524.1867 	DATA 	
524.7366 	DATA 	Keypress: 5
524.7366 	DATA 	TR 337 | TR1 169 | TR2 168
526.2864 	DATA 	Keypress: 5
526.2865 	DATA 	TR 338 | TR1 169 | TR2 169
527.8530 	DATA 	Keypress: 5
527.8530 	DATA 	TR 339 | TR1 170 | TR2 169
529.4028 	DATA 	Keypress: 5
529.4029 	DATA 	TR 340 | TR1 170 | TR2 170
530.9860 	DATA 	Keypress: 5
530.9860 	DATA 	TR 341 | TR1 171 | TR2 170
532.5359 	DATA 	Keypress: 5
532.5359 	DATA 	TR 342 | TR1 171 | TR2 171
534.1024 	DATA 	Keypress: 5
534.1024 	DATA 	TR 343 | TR1 172 | TR2 171
535.6522 	DATA 	Keypress: 5
535.6523 	DATA 	TR 344 | TR1 172 | TR2 172
537.2187 	DATA 	Keypress: 5
537.2188 	DATA 	TR 345 | TR1 173 | TR2 172
538.7686 	DATA 	Keypress: 5
538.7686 	DATA 	TR 346 | TR1 173 | TR2 173
540.3518 	DATA 	Keypress: 5
540.3519 	DATA 	TR 347 | TR1 174 | TR2 173
541.9017 	DATA 	Keypress: 5
541.9017 	DATA 	TR 348 | TR1 174 | TR2 174
543.4682 	DATA 	Keypress: 5
543.4682 	DATA 	TR 349 | TR1 175 | TR2 174
544.1847 	DATA 	
544.1848 	DATA 	Trial complete
544.1848 	DATA 	Waiting for VASO trigger to start next trial
544.1848 	DATA 	
545.0181 	DATA 	Keypress: 5
545.0181 	DATA 	TR 350 | TR1 175 | TR2 175
546.6013 	DATA 	Keypress: 5
546.6014 	DATA 	Waited 2.41660213470459 seconds for trigger
546.6021 	DATA 	
546.6022 	DATA 	Trial 15
546.6022 	DATA 	stimDur = 24.0
546.6022 	DATA 	jitter = 0.0
546.6022 	DATA 	restDur = 40.0

546.6022 	DATA 	
546.6022 	DATA 	TR 351 | TR1 176 | TR2 175
546.6022 	DATA 	
546.6022 	DATA 	stimulation started
546.6022 	DATA 	
548.1514 	DATA 	Keypress: 5
548.1515 	DATA 	TR 352 | TR1 176 | TR2 176
549.7177 	DATA 	Keypress: 5
549.7177 	DATA 	TR 353 | TR1 177 | TR2 176
551.2678 	DATA 	Keypress: 5
551.2678 	DATA 	TR 354 | TR1 177 | TR2 177
552.8344 	DATA 	Keypress: 5
552.8344 	DATA 	TR 355 | TR1 178 | TR2 177
554.4009 	DATA 	Keypress: 5
554.4009 	DATA 	TR 356 | TR1 178 | TR2 178
555.9674 	DATA 	Keypress: 5
555.9674 	DATA 	TR 357 | TR1 179 | TR2 178
557.5172 	DATA 	Keypress: 5
557.5173 	DATA 	TR 358 | TR1 179 | TR2 179
559.0838 	DATA 	Keypress: 5
559.0838 	DATA 	TR 359 | TR1 180 | TR2 179
560.6333 	DATA 	Keypress: 5
560.6333 	DATA 	TR 360 | TR1 180 | TR2 180
562.2168 	DATA 	Keypress: 5
562.2169 	DATA 	TR 361 | TR1 181 | TR2 180
563.7664 	DATA 	Keypress: 5
563.7664 	DATA 	TR 362 | TR1 181 | TR2 181
565.3332 	DATA 	Keypress: 5
565.3332 	DATA 	TR 363 | TR1 182 | TR2 181
566.8830 	DATA 	Keypress: 5
566.8831 	DATA 	TR 364 | TR1 182 | TR2 182
568.4663 	DATA 	Keypress: 5
568.4663 	DATA 	TR 365 | TR1 183 | TR2 182
570.0160 	DATA 	Keypress: 5
570.0160 	DATA 	TR 366 | TR1 183 | TR2 183
570.6161 	DATA 	
570.6161 	DATA 	stimulation stopped
570.6162 	DATA 	
571.3156 	DATA 	Target presented
571.5823 	DATA 	Keypress: 5
571.5823 	DATA 	TR 367 | TR1 184 | TR2 183
571.9822 	DATA 	Keypress: 1
571.9823 	DATA 	Key1 pressed
571.9823 	DATA 	Target detected
573.1321 	DATA 	Keypress: 5
573.1322 	DATA 	TR 368 | TR1 184 | TR2 184
574.6990 	DATA 	Keypress: 5
574.6991 	DATA 	TR 369 | TR1 185 | TR2 184
576.2491 	DATA 	Keypress: 5
576.2651 	DATA 	TR 370 | TR1 185 | TR2 185
577.8317 	DATA 	Keypress: 5
577.8318 	DATA 	TR 371 | TR1 186 | TR2 185
579.3815 	DATA 	Keypress: 5
579.3816 	DATA 	TR 372 | TR1 186 | TR2 186
580.9481 	DATA 	Keypress: 5
580.9482 	DATA 	TR 373 | TR1 187 | TR2 186
582.4979 	DATA 	Keypress: 5
582.4980 	DATA 	TR 374 | TR1 187 | TR2 187
584.0811 	DATA 	Keypress: 5
584.0812 	DATA 	TR 375 | TR1 188 | TR2 187
585.6310 	DATA 	Keypress: 5
585.6310 	DATA 	TR 376 | TR1 188 | TR2 188
587.1975 	DATA 	Keypress: 5
587.1976 	DATA 	TR 377 | TR1 189 | TR2 188
588.7474 	DATA 	Keypress: 5
588.7474 	DATA 	TR 378 | TR1 189 | TR2 189
590.3145 	DATA 	Keypress: 5
590.3305 	DATA 	TR 379 | TR1 190 | TR2 189
591.8804 	DATA 	Keypress: 5
591.8805 	DATA 	TR 380 | TR1 190 | TR2 190
593.4469 	DATA 	Keypress: 5
593.4470 	DATA 	TR 381 | TR1 191 | TR2 190
594.9968 	DATA 	Keypress: 5
594.9968 	DATA 	TR 382 | TR1 191 | TR2 191
596.5634 	DATA 	Keypress: 5
596.5634 	DATA 	TR 383 | TR1 192 | TR2 191
598.1132 	DATA 	Keypress: 5
598.1132 	DATA 	TR 384 | TR1 192 | TR2 192
599.6964 	DATA 	Keypress: 5
599.6965 	DATA 	TR 385 | TR1 193 | TR2 192
601.2462 	DATA 	Keypress: 5
601.2462 	DATA 	TR 386 | TR1 193 | TR2 193
602.8128 	DATA 	Keypress: 5
602.8128 	DATA 	TR 387 | TR1 194 | TR2 193
604.3626 	DATA 	Keypress: 5
604.3626 	DATA 	TR 388 | TR1 194 | TR2 194
605.9458 	DATA 	Keypress: 5
605.9459 	DATA 	TR 389 | TR1 195 | TR2 194
607.4957 	DATA 	Keypress: 5
607.4957 	DATA 	TR 390 | TR1 195 | TR2 195
609.0622 	DATA 	Keypress: 5
609.0623 	DATA 	TR 391 | TR1 196 | TR2 195
610.6120 	DATA 	Keypress: 5
610.6121 	DATA 	TR 392 | TR1 196 | TR2 196
610.6121 	DATA 	
610.6121 	DATA 	Trial complete
610.6121 	DATA 	Waiting for VASO trigger to start next trial
610.6121 	DATA 	
612.1786 	DATA 	Keypress: 5
612.1786 	DATA 	Waited 1.5664958953857422 seconds for trigger
612.1794 	DATA 	
612.1794 	DATA 	Trial 16
612.1794 	DATA 	stimDur = 1.0
612.1794 	DATA 	jitter = 2.35575
612.1794 	DATA 	restDur = 20.0

612.1794 	DATA 	
612.1794 	DATA 	TR 393 | TR1 197 | TR2 196
613.7451 	DATA 	Keypress: 5
613.7452 	DATA 	TR 394 | TR1 197 | TR2 197
614.5450 	DATA 	
614.5450 	DATA 	stimulation started
614.5450 	DATA 	
615.3120 	DATA 	Keypress: 5
615.3120 	DATA 	TR 395 | TR1 198 | TR2 197
615.5452 	DATA 	
615.5452 	DATA 	stimulation stopped
615.5452 	DATA 	
616.8615 	DATA 	Keypress: 5
616.8615 	DATA 	TR 396 | TR1 198 | TR2 198
618.4280 	DATA 	Keypress: 5
618.4281 	DATA 	TR 397 | TR1 199 | TR2 198
619.9778 	DATA 	Keypress: 5
619.9779 	DATA 	TR 398 | TR1 199 | TR2 199
621.5611 	DATA 	Keypress: 5
621.5611 	DATA 	TR 399 | TR1 200 | TR2 199
623.1109 	DATA 	Keypress: 5
623.1109 	DATA 	TR 400 | TR1 200 | TR2 200
624.5941 	DATA 	Target presented
624.6774 	DATA 	Keypress: 5
624.6775 	DATA 	TR 401 | TR1 201 | TR2 200
625.1940 	DATA 	Keypress: 1
625.1941 	DATA 	Key1 pressed
625.1941 	DATA 	Target detected
626.2273 	DATA 	Keypress: 5
626.2273 	DATA 	TR 402 | TR1 201 | TR2 201
627.7944 	DATA 	Keypress: 5
627.8105 	DATA 	TR 403 | TR1 202 | TR2 201
629.3603 	DATA 	Keypress: 5
629.3604 	DATA 	TR 404 | TR1 202 | TR2 202
630.9269 	DATA 	Keypress: 5
630.9269 	DATA 	TR 405 | TR1 203 | TR2 202
632.4767 	DATA 	Keypress: 5
632.4767 	DATA 	TR 406 | TR1 203 | TR2 203
634.0433 	DATA 	Keypress: 5
634.0433 	DATA 	TR 407 | TR1 204 | TR2 203
635.5431 	DATA 	
635.5431 	DATA 	Trial complete
635.5431 	DATA 	Waiting for VASO trigger to start next trial
635.5431 	DATA 	
635.5935 	DATA 	Keypress: 5
635.5935 	DATA 	TR 408 | TR1 204 | TR2 204
637.1763 	DATA 	Keypress: 5
637.1764 	DATA 	Waited 1.633270025253296 seconds for trigger
637.1771 	DATA 	
637.1771 	DATA 	Trial 17
637.1771 	DATA 	stimDur = 2.0
637.1771 	DATA 	jitter = 0.0
637.1772 	DATA 	restDur = 22.0

637.1772 	DATA 	
637.1772 	DATA 	TR 409 | TR1 205 | TR2 204
637.1772 	DATA 	
637.1772 	DATA 	stimulation started
637.1772 	DATA 	
638.7265 	DATA 	Keypress: 5
638.7265 	DATA 	TR 410 | TR1 205 | TR2 205
639.1764 	DATA 	
639.1764 	DATA 	stimulation stopped
639.1764 	DATA 	
640.2927 	DATA 	Keypress: 5
640.2927 	DATA 	TR 411 | TR1 206 | TR2 205
641.8425 	DATA 	Keypress: 5
641.8426 	DATA 	TR 412 | TR1 206 | TR2 206
643.4257 	DATA 	Keypress: 5
643.4258 	DATA 	TR 413 | TR1 207 | TR2 206
644.9756 	DATA 	Keypress: 5
644.9756 	DATA 	TR 414 | TR1 207 | TR2 207
646.5421 	DATA 	Keypress: 5
646.5422 	DATA 	TR 415 | TR1 208 | TR2 207
648.0919 	DATA 	Keypress: 5
648.0920 	DATA 	TR 416 | TR1 208 | TR2 208
649.6585 	DATA 	Keypress: 5
649.6586 	DATA 	TR 417 | TR1 209 | TR2 208
651.2250 	DATA 	Keypress: 5
651.2251 	DATA 	TR 418 | TR1 209 | TR2 209
652.7916 	DATA 	Keypress: 5
652.7916 	DATA 	TR 419 | TR1 210 | TR2 209
654.3414 	DATA 	Keypress: 5
654.3414 	DATA 	TR 420 | TR1 210 | TR2 210
655.9079 	DATA 	Keypress: 5
655.9080 	DATA 	TR 421 | TR1 211 | TR2 210
657.4577 	DATA 	Keypress: 5
657.4578 	DATA 	TR 422 | TR1 211 | TR2 211
659.0410 	DATA 	Keypress: 5
659.0411 	DATA 	TR 423 | TR1 212 | TR2 211
660.5908 	DATA 	Keypress: 5
660.5909 	DATA 	TR 424 | TR1 212 | TR2 212
661.1907 	DATA 	
661.1907 	DATA 	Trial complete
661.1908 	DATA 	Waiting for VASO trigger to start next trial
661.1908 	DATA 	
662.1573 	DATA 	Keypress: 5
662.1574 	DATA 	Waited 0.9666271209716797 seconds for trigger
662.1582 	DATA 	
662.1582 	DATA 	Trial 18
662.1582 	DATA 	stimDur = 1.0
662.1582 	DATA 	jitter = 0.0
662.1582 	DATA 	restDur = 20.0

662.1582 	DATA 	
662.1582 	DATA 	TR 425 | TR1 213 | TR2 212
662.1582 	DATA 	
662.1582 	DATA 	stimulation started
662.1582 	DATA 	
663.1576 	DATA 	
663.1576 	DATA 	stimulation stopped
663.1576 	DATA 	
663.7072 	DATA 	Keypress: 5
663.7073 	DATA 	TR 426 | TR1 213 | TR2 213
665.2904 	DATA 	Keypress: 5
665.2904 	DATA 	TR 427 | TR1 214 | TR2 213
666.8402 	DATA 	Keypress: 5
666.8403 	DATA 	TR 428 | TR1 214 | TR2 214
668.4068 	DATA 	Keypress: 5
668.4068 	DATA 	TR 429 | TR1 215 | TR2 214
669.9566 	DATA 	Keypress: 5
669.9566 	DATA 	TR 430 | TR1 215 | TR2 215
671.5232 	DATA 	Keypress: 5
671.5232 	DATA 	TR 431 | TR1 216 | TR2 215
673.0730 	DATA 	Keypress: 5
673.0730 	DATA 	TR 432 | TR1 216 | TR2 216
674.6562 	DATA 	Keypress: 5
674.6562 	DATA 	TR 433 | TR1 217 | TR2 216
676.2060 	DATA 	Keypress: 5
676.2061 	DATA 	TR 434 | TR1 217 | TR2 217
677.7730 	DATA 	Keypress: 5
677.7731 	DATA 	TR 435 | TR1 218 | TR2 217
679.3224 	DATA 	Keypress: 5
679.3225 	DATA 	TR 436 | TR1 218 | TR2 218
680.9057 	DATA 	Keypress: 5
680.9057 	DATA 	TR 437 | TR1 219 | TR2 218
682.4555 	DATA 	Keypress: 5
682.4555 	DATA 	TR 438 | TR1 219 | TR2 219
683.1721 	DATA 	
683.1721 	DATA 	Trial complete
683.1721 	DATA 	Waiting for VASO trigger to start next trial
683.1721 	DATA 	
684.0220 	DATA 	Keypress: 5
684.0221 	DATA 	Waited 0.8500051498413086 seconds for trigger
684.0229 	DATA 	
684.0229 	DATA 	Trial 19
684.0229 	DATA 	stimDur = 24.0
684.0229 	DATA 	jitter = 2.35575
684.0229 	DATA 	restDur = 40.0

684.0229 	DATA 	
684.0229 	DATA 	TR 439 | TR1 220 | TR2 219
685.5719 	DATA 	Keypress: 5
685.5719 	DATA 	TR 440 | TR1 220 | TR2 220
686.3884 	DATA 	
686.3884 	DATA 	stimulation started
686.3884 	DATA 	
687.1392 	DATA 	Keypress: 5
687.1554 	DATA 	TR 441 | TR1 221 | TR2 220
688.7054 	DATA 	Keypress: 5
688.7054 	DATA 	TR 442 | TR1 221 | TR2 221
690.2718 	DATA 	Keypress: 5
690.2719 	DATA 	TR 443 | TR1 222 | TR2 221
691.8216 	DATA 	Keypress: 5
691.8217 	DATA 	TR 444 | TR1 222 | TR2 222
693.3882 	DATA 	Keypress: 5
693.3882 	DATA 	TR 445 | TR1 223 | TR2 222
694.9380 	DATA 	Keypress: 5
694.9381 	DATA 	TR 446 | TR1 223 | TR2 223
696.5212 	DATA 	Keypress: 5
696.5213 	DATA 	TR 447 | TR1 224 | TR2 223
698.0711 	DATA 	Keypress: 5
698.0711 	DATA 	TR 448 | TR1 224 | TR2 224
699.6376 	DATA 	Keypress: 5
699.6377 	DATA 	TR 449 | TR1 225 | TR2 224
700.8872 	DATA 	Target presented
701.1872 	DATA 	Keypress: 5
701.1872 	DATA 	TR 450 | TR1 225 | TR2 225
702.7704 	DATA 	Keypress: 5
702.7704 	DATA 	TR 451 | TR1 226 | TR2 225
704.3205 	DATA 	Keypress: 5
704.3206 	DATA 	TR 452 | TR1 226 | TR2 226
705.8870 	DATA 	Keypress: 5
705.8871 	DATA 	TR 453 | TR1 227 | TR2 226
707.4367 	DATA 	Keypress: 5
707.4368 	DATA 	TR 454 | TR1 227 | TR2 227
709.0031 	DATA 	Keypress: 5
709.0032 	DATA 	TR 455 | TR1 228 | TR2 227
710.3866 	DATA 	
710.3866 	DATA 	stimulation stopped
710.3866 	DATA 	
710.5535 	DATA 	Keypress: 5
710.5696 	DATA 	TR 456 | TR1 228 | TR2 228
712.1361 	DATA 	Keypress: 5
712.1362 	DATA 	TR 457 | TR1 229 | TR2 228
713.6860 	DATA 	Keypress: 5
713.6860 	DATA 	TR 458 | TR1 229 | TR2 229
715.2525 	DATA 	Keypress: 5
715.2526 	DATA 	TR 459 | TR1 230 | TR2 229
716.8023 	DATA 	Keypress: 5
716.8024 	DATA 	TR 460 | TR1 230 | TR2 230
718.3856 	DATA 	Keypress: 5
718.3856 	DATA 	TR 461 | TR1 231 | TR2 230
719.9354 	DATA 	Keypress: 5
719.9355 	DATA 	TR 462 | TR1 231 | TR2 231
721.5019 	DATA 	Keypress: 5
721.5020 	DATA 	TR 463 | TR1 232 | TR2 231
723.0518 	DATA 	Keypress: 5
723.0519 	DATA 	TR 464 | TR1 232 | TR2 232
724.6183 	DATA 	Keypress: 5
724.6184 	DATA 	TR 465 | TR1 233 | TR2 232
726.1849 	DATA 	Keypress: 5
726.1849 	DATA 	TR 466 | TR1 233 | TR2 233
727.7514 	DATA 	Keypress: 5
727.7514 	DATA 	TR 467 | TR1 234 | TR2 233
729.3012 	DATA 	Keypress: 5
729.3013 	DATA 	TR 468 | TR1 234 | TR2 234
730.8677 	DATA 	Keypress: 5
730.8678 	DATA 	TR 469 | TR1 235 | TR2 234
732.4177 	DATA 	Keypress: 5
732.4177 	DATA 	TR 470 | TR1 235 | TR2 235
734.0008 	DATA 	Keypress: 5
734.0008 	DATA 	TR 471 | TR1 236 | TR2 235
735.5506 	DATA 	Keypress: 5
735.5507 	DATA 	TR 472 | TR1 236 | TR2 236
737.1171 	DATA 	Keypress: 5
737.1172 	DATA 	TR 473 | TR1 237 | TR2 236
738.6671 	DATA 	Keypress: 5
738.6671 	DATA 	TR 474 | TR1 237 | TR2 237
740.2502 	DATA 	Keypress: 5
740.2502 	DATA 	TR 475 | TR1 238 | TR2 237
741.8001 	DATA 	Keypress: 5
741.8001 	DATA 	TR 476 | TR1 238 | TR2 238
743.3666 	DATA 	Keypress: 5
743.3666 	DATA 	TR 477 | TR1 239 | TR2 238
744.9165 	DATA 	Keypress: 5
744.9165 	DATA 	TR 478 | TR1 239 | TR2 239
746.4830 	DATA 	Keypress: 5
746.4830 	DATA 	TR 479 | TR1 240 | TR2 239
748.0495 	DATA 	Keypress: 5
748.0496 	DATA 	TR 480 | TR1 240 | TR2 240
748.1495 	DATA 	Target presented
749.6160 	DATA 	Keypress: 5
749.6161 	DATA 	TR 481 | TR1 241 | TR2 240
750.3826 	DATA 	
750.3826 	DATA 	Trial complete
750.3826 	DATA 	
751.1659 	DATA 	Keypress: 5
751.1660 	DATA 	TR 482 | TR1 241 | TR2 241
752.7324 	DATA 	Keypress: 5
752.7325 	DATA 	Waited 69.56037616729736 seconds for trigger
752.7332 	DATA 	
752.7333 	DATA 	Trial 20
752.7333 	DATA 	stimDur = 12.0
752.7333 	DATA 	jitter = 1.5705
752.7333 	DATA 	restDur = 30.0

752.7333 	DATA 	
752.7333 	DATA 	TR 483 | TR1 242 | TR2 241
754.2823 	DATA 	Keypress: 5
754.2823 	DATA 	TR 484 | TR1 242 | TR2 242
754.3156 	DATA 	
754.3156 	DATA 	stimulation started
754.3156 	DATA 	
755.8658 	DATA 	Keypress: 5
755.8658 	DATA 	TR 485 | TR1 243 | TR2 242
757.4157 	DATA 	Keypress: 5
757.4157 	DATA 	TR 486 | TR1 243 | TR2 243
758.9822 	DATA 	Keypress: 5
758.9822 	DATA 	TR 487 | TR1 244 | TR2 243
760.5321 	DATA 	Keypress: 5
760.5321 	DATA 	TR 488 | TR1 244 | TR2 244
762.0990 	DATA 	Keypress: 5
762.1152 	DATA 	TR 489 | TR1 245 | TR2 244
763.6653 	DATA 	Keypress: 5
763.6653 	DATA 	TR 490 | TR1 245 | TR2 245
765.2316 	DATA 	Keypress: 5
765.2317 	DATA 	TR 491 | TR1 246 | TR2 245
766.3148 	DATA 	
766.3148 	DATA 	stimulation stopped
766.3148 	DATA 	
766.7812 	DATA 	Keypress: 5
766.7812 	DATA 	TR 492 | TR1 246 | TR2 246
768.3477 	DATA 	Keypress: 5
768.3477 	DATA 	TR 493 | TR1 247 | TR2 246
769.8975 	DATA 	Keypress: 5
769.8976 	DATA 	TR 494 | TR1 247 | TR2 247
771.4807 	DATA 	Keypress: 5
771.4808 	DATA 	TR 495 | TR1 248 | TR2 247
773.0306 	DATA 	Keypress: 5
773.0306 	DATA 	TR 496 | TR1 248 | TR2 248
774.5971 	DATA 	Keypress: 5
774.5971 	DATA 	TR 497 | TR1 249 | TR2 248
776.1469 	DATA 	Keypress: 5
776.1470 	DATA 	TR 498 | TR1 249 | TR2 249
777.7301 	DATA 	Keypress: 5
777.7302 	DATA 	TR 499 | TR1 250 | TR2 249
779.2800 	DATA 	Keypress: 5
779.2800 	DATA 	TR 500 | TR1 250 | TR2 250
780.8465 	DATA 	Keypress: 5
780.8466 	DATA 	TR 501 | TR1 251 | TR2 250
782.3964 	DATA 	Keypress: 5
782.3965 	DATA 	TR 502 | TR1 251 | TR2 251
783.9629 	DATA 	Keypress: 5
783.9629 	DATA 	TR 503 | TR1 252 | TR2 251
785.5295 	DATA 	Keypress: 5
785.5295 	DATA 	TR 504 | TR1 252 | TR2 252
787.0959 	DATA 	Keypress: 5
787.0960 	DATA 	TR 505 | TR1 253 | TR2 252
788.6458 	DATA 	Keypress: 5
788.6459 	DATA 	TR 506 | TR1 253 | TR2 253
790.2123 	DATA 	Keypress: 5
790.2124 	DATA 	TR 507 | TR1 254 | TR2 253
791.7622 	DATA 	Keypress: 5
791.7622 	DATA 	TR 508 | TR1 254 | TR2 254
793.3453 	DATA 	Keypress: 5
793.3454 	DATA 	TR 509 | TR1 255 | TR2 254
794.8952 	DATA 	Keypress: 5
794.8953 	DATA 	TR 510 | TR1 255 | TR2 255
796.3122 	DATA 	
796.3122 	DATA 	Trial complete
796.3122 	DATA 	
796.4618 	DATA 	Keypress: 5
796.4618 	DATA 	TR 511 | TR1 256 | TR2 255
798.0116 	DATA 	Keypress: 5
798.0117 	DATA 	TR 512 | TR1 256 | TR2 256
799.5948 	DATA 	Keypress: 5
799.5949 	DATA 	TR 513 | TR1 257 | TR2 256
801.1446 	DATA 	Keypress: 5
801.1447 	DATA 	TR 514 | TR1 257 | TR2 257
802.7112 	DATA 	Keypress: 5
802.7112 	DATA 	TR 515 | TR1 258 | TR2 257
804.2610 	DATA 	Keypress: 5
804.2611 	DATA 	TR 516 | TR1 258 | TR2 258
805.8276 	DATA 	Keypress: 5
805.8276 	DATA 	TR 517 | TR1 259 | TR2 258
807.3775 	DATA 	Keypress: 5
807.3775 	DATA 	TR 518 | TR1 259 | TR2 259
808.9610 	DATA 	Keypress: 5
808.9611 	DATA 	TR 519 | TR1 260 | TR2 259
810.5105 	DATA 	Keypress: 5
810.5106 	DATA 	TR 520 | TR1 260 | TR2 260
812.0770 	DATA 	Keypress: 5
812.0770 	DATA 	TR 521 | TR1 261 | TR2 260
813.6269 	DATA 	Keypress: 5
813.6269 	DATA 	TR 522 | TR1 261 | TR2 261
815.2101 	DATA 	Keypress: 5
815.2101 	DATA 	TR 523 | TR1 262 | TR2 261
816.7599 	DATA 	Keypress: 5
816.7600 	DATA 	TR 524 | TR1 262 | TR2 262
818.3264 	DATA 	Keypress: 5
818.3265 	DATA 	TR 525 | TR1 263 | TR2 262
819.8763 	DATA 	Keypress: 5
819.8764 	DATA 	TR 526 | TR1 263 | TR2 263
821.4434 	DATA 	Keypress: 5
821.4594 	DATA 	TR 527 | TR1 264 | TR2 263
823.0094 	DATA 	Keypress: 5
823.0094 	DATA 	TR 528 | TR1 264 | TR2 264
824.5759 	DATA 	Keypress: 5
824.5759 	DATA 	TR 529 | TR1 265 | TR2 264
826.1257 	DATA 	Keypress: 5
826.1258 	DATA 	TR 530 | TR1 265 | TR2 265
827.6922 	DATA 	Keypress: 5
827.6923 	DATA 	TR 531 | TR1 266 | TR2 265
829.2421 	DATA 	Keypress: 5
829.2422 	DATA 	TR 532 | TR1 266 | TR2 266
830.8253 	DATA 	Keypress: 5
830.8253 	DATA 	TR 533 | TR1 267 | TR2 266
832.3752 	DATA 	Keypress: 5
832.3752 	DATA 	TR 534 | TR1 267 | TR2 267
833.9417 	DATA 	Keypress: 5
833.9417 	DATA 	TR 535 | TR1 268 | TR2 267
835.4916 	DATA 	Keypress: 5
835.4916 	DATA 	TR 536 | TR1 268 | TR2 268
837.0747 	DATA 	Keypress: 5
837.0748 	DATA 	TR 537 | TR1 269 | TR2 268
838.6251 	DATA 	Keypress: 5
838.6251 	DATA 	TR 538 | TR1 269 | TR2 269
840.1911 	DATA 	Keypress: 5
840.1912 	DATA 	TR 539 | TR1 270 | TR2 269
841.7410 	DATA 	Keypress: 5
841.7410 	DATA 	TR 540 | TR1 270 | TR2 270
843.3075 	DATA 	Keypress: 5
843.3075 	DATA 	TR 541 | TR1 271 | TR2 270
844.8579 	DATA 	Keypress: 5
844.8739 	DATA 	TR 542 | TR1 271 | TR2 271
846.4405 	DATA 	Keypress: 5
846.4406 	DATA 	TR 543 | TR1 272 | TR2 271
847.9904 	DATA 	Keypress: 5
847.9905 	DATA 	TR 544 | TR1 272 | TR2 272
849.5573 	DATA 	Keypress: 5
849.5574 	DATA 	TR 545 | TR1 273 | TR2 272
851.1068 	DATA 	Keypress: 5
851.1069 	DATA 	TR 546 | TR1 273 | TR2 273
852.6899 	DATA 	Keypress: 5
852.6900 	DATA 	TR 547 | TR1 274 | TR2 273
854.2398 	DATA 	Keypress: 5
854.2399 	DATA 	TR 548 | TR1 274 | TR2 274
855.8063 	DATA 	Keypress: 5
855.8064 	DATA 	TR 549 | TR1 275 | TR2 274
857.3562 	DATA 	Keypress: 5
857.3563 	DATA 	TR 550 | TR1 275 | TR2 275
858.9233 	DATA 	Keypress: 5
858.9393 	DATA 	TR 551 | TR1 276 | TR2 275
860.4893 	DATA 	Keypress: 5
860.4893 	DATA 	TR 552 | TR1 276 | TR2 276
862.0558 	DATA 	Keypress: 5
862.0558 	DATA 	TR 553 | TR1 277 | TR2 276
863.6056 	DATA 	Keypress: 5
863.6057 	DATA 	TR 554 | TR1 277 | TR2 277
864.3222 	DATA 	EndOfRun sub-08_ses-01_run-03

864.3222 	DATA 	We spent 93.75807332992554 seconds waiting for triggers
864.3222 	DATA 	RatioOfDetectedTargets 0.5833333333333334
864.3222 	DATA 	You have detected 7 out of 12 targets.
869.1442 	DATA 	Keypress: 5
869.1444 	DATA 	Keypress: 5
869.3513 	EXP 	window1: mouseVisible = True
