MonitorDistance=99cm
MonitorWidth=30cm
PixelWidth=1024.0
PixelHeight=768.0
You have detected 10 out of 12 targets.
Please try to focus more
4.7788 	INFO 	Loaded monitor calibration from ['2021_05_26 17:55']
5.2378 	EXP 	Created window1 = Window(allowGUI=False, allowStencil=False, autoLog=True, backendConf=UNKNOWN, bitsMode=UNKNOWN, blendMode='avg', bpc=(8, 8, 8), color=array([-0.5, -0.5, -0.5]), colorSpace='rgb', depthBits=8, fullscr=<method-wrapper '__getattribute__' of attributeSetter object at 0x7efb964cc358>, gamma=None, gammaErrorPolicy='raise', lms=UNKNOWN, monitor=<psychopy.monitors.calibTools.Monitor object at 0x7efb8c2ecf98>, multiSample=False, name='window1', numSamples=2, pos=[0.0, 0.0], screen=0, size=array([1024,  768]), stencilBits=0, stereo=False, units='deg', useFBO=False, useRetina=False, viewOri=0.0, viewPos=None, viewScale=None, waitBlanking=True, winType='pyglet')
5.2378 	EXP 	window1: mouseVisible = True
5.2999 	EXP 	Created unnamed TextStim = TextStim(__class__=<class 'psychopy.visual.text.TextStim'>, alignHoriz=method-wrapper(...), alignText='center', alignVert=method-wrapper(...), anchorHoriz='center', anchorVert='center', antialias=True, autoLog=True, bold=False, color=array([1., 1., 1.]), colorSpace='rgb', contrast=1.0, depth=0, flipHoriz=False, flipVert=False, font='', fontFiles=[], height=0.5, italic=False, languageStyle='LTR', name='unnamed TextStim', opacity=1.0, ori=0.0, pos=array([0., 0.]), rgb=UNKNOWN, text=str(...), units='deg', win=Window(...), wrapWidth=15.0)
5.3386 	EXP 	Created Movie Frame 0 = ImageStim(__class__=<class 'psychopy.visual.image.ImageStim'>, autoLog=True, color=array([0.8, 0.8, 0.8]), colorSpace='rgb', contrast=0.8, depth=0, flipHoriz=False, flipVert=False, image='visual_0.png', interpolate=False, mask=None, maskParams=None, name='Movie Frame 0', opacity=1, ori=0.0, pos=array([0., 0.]), size=array([1024,  768]), texRes=128, units='pix', win=Window(...))
5.3655 	EXP 	Created Movie Frame 1 = ImageStim(__class__=<class 'psychopy.visual.image.ImageStim'>, autoLog=True, color=array([0.8, 0.8, 0.8]), colorSpace='rgb', contrast=0.8, depth=0, flipHoriz=False, flipVert=False, image='visual_1.png', interpolate=False, mask=None, maskParams=None, name='Movie Frame 1', opacity=1, ori=0.0, pos=array([0., 0.]), size=array([1024,  768]), texRes=128, units='pix', win=Window(...))
48.6934 	DATA 	Keypress: 1
78.0657 	DATA 	Keypress: 5
0.0000 	DATA 	StartOfRun sub-08_ses-01_run-01
0.0000 	DATA 	TR 1 | TR1 1 | TR2 0
0.0079 	DATA 	Initial baseline

0.0079 	DATA 	Key1 pressed
1.5510 	DATA 	Keypress: 5
1.5511 	DATA 	TR 2 | TR1 1 | TR2 1
3.1232 	DATA 	Keypress: 5
3.1232 	DATA 	TR 3 | TR1 2 | TR2 1
4.6744 	DATA 	Keypress: 5
4.6744 	DATA 	TR 4 | TR1 2 | TR2 2
6.2466 	DATA 	Keypress: 5
6.2467 	DATA 	TR 5 | TR1 3 | TR2 2
7.7978 	DATA 	Keypress: 5
7.7979 	DATA 	TR 6 | TR1 3 | TR2 3
9.3690 	DATA 	Keypress: 5
9.3691 	DATA 	TR 7 | TR1 4 | TR2 3
10.9212 	DATA 	Keypress: 5
10.9212 	DATA 	TR 8 | TR1 4 | TR2 4
12.4924 	DATA 	Keypress: 5
12.4924 	DATA 	TR 9 | TR1 5 | TR2 4
14.0446 	DATA 	Keypress: 5
14.0446 	DATA 	TR 10 | TR1 5 | TR2 5
15.6159 	DATA 	Keypress: 5
15.6159 	DATA 	TR 11 | TR1 6 | TR2 5
17.1680 	DATA 	Keypress: 5
17.1680 	DATA 	TR 12 | TR1 6 | TR2 6
18.7392 	DATA 	Keypress: 5
18.7392 	DATA 	TR 13 | TR1 7 | TR2 6
20.2914 	DATA 	Keypress: 5
20.2914 	DATA 	TR 14 | TR1 7 | TR2 7
21.8625 	DATA 	Keypress: 5
21.8626 	DATA 	TR 15 | TR1 8 | TR2 7
23.4148 	DATA 	Keypress: 5
23.4148 	DATA 	TR 16 | TR1 8 | TR2 8
24.9858 	DATA 	Keypress: 5
24.9858 	DATA 	TR 17 | TR1 9 | TR2 8
26.5381 	DATA 	Keypress: 5
26.5382 	DATA 	TR 18 | TR1 9 | TR2 9
28.1093 	DATA 	Keypress: 5
28.1094 	DATA 	TR 19 | TR1 10 | TR2 9
29.6616 	DATA 	Keypress: 5
29.6616 	DATA 	TR 20 | TR1 10 | TR2 10
31.2386 	DATA 	Keypress: 5
31.2386 	DATA 	Waited 1.2386128902435303 seconds for trigger
31.2448 	DATA 	
31.2448 	DATA 	Trial 1
31.2448 	DATA 	stimDur = 4.0
31.2448 	DATA 	jitter = 1.5705
31.2448 	DATA 	restDur = 24.0

31.2448 	DATA 	
31.2448 	DATA 	TR 21 | TR1 11 | TR2 10
32.7884 	DATA 	Keypress: 5
32.7885 	DATA 	TR 22 | TR1 11 | TR2 11
32.8217 	DATA 	
32.8217 	DATA 	stimulation started
32.8217 	DATA 	
34.3716 	DATA 	Keypress: 5
34.3717 	DATA 	TR 23 | TR1 12 | TR2 11
35.9215 	DATA 	Keypress: 5
35.9216 	DATA 	TR 24 | TR1 12 | TR2 12
36.8214 	DATA 	
36.8214 	DATA 	stimulation stopped
36.8214 	DATA 	
37.4880 	DATA 	Keypress: 5
37.4880 	DATA 	TR 25 | TR1 13 | TR2 12
39.0379 	DATA 	Keypress: 5
39.0379 	DATA 	TR 26 | TR1 13 | TR2 13
40.6044 	DATA 	Keypress: 5
40.6044 	DATA 	TR 27 | TR1 14 | TR2 13
42.1709 	DATA 	Keypress: 5
42.1710 	DATA 	TR 28 | TR1 14 | TR2 14
43.7374 	DATA 	Keypress: 5
43.7375 	DATA 	TR 29 | TR1 15 | TR2 14
45.2873 	DATA 	Keypress: 5
45.2873 	DATA 	TR 30 | TR1 15 | TR2 15
46.8538 	DATA 	Keypress: 5
46.8538 	DATA 	TR 31 | TR1 16 | TR2 15
48.4037 	DATA 	Keypress: 5
48.4038 	DATA 	TR 32 | TR1 16 | TR2 16
49.9868 	DATA 	Keypress: 5
49.9869 	DATA 	TR 33 | TR1 17 | TR2 16
51.5367 	DATA 	Keypress: 5
51.5368 	DATA 	TR 34 | TR1 17 | TR2 17
53.1032 	DATA 	Keypress: 5
53.1033 	DATA 	TR 35 | TR1 18 | TR2 17
54.6531 	DATA 	Keypress: 5
54.6532 	DATA 	TR 36 | TR1 18 | TR2 18
56.2203 	DATA 	Keypress: 5
56.2363 	DATA 	TR 37 | TR1 19 | TR2 18
57.7863 	DATA 	Keypress: 5
57.7863 	DATA 	TR 38 | TR1 19 | TR2 19
59.3527 	DATA 	Keypress: 5
59.3528 	DATA 	TR 39 | TR1 20 | TR2 19
60.8192 	DATA 	
60.8192 	DATA 	Trial complete
60.8192 	DATA 	Waiting for VASO trigger to start next trial
60.8192 	DATA 	
60.9026 	DATA 	Keypress: 5
60.9027 	DATA 	TR 40 | TR1 20 | TR2 20
62.4691 	DATA 	Keypress: 5
62.4693 	DATA 	Waited 1.6500358581542969 seconds for trigger
62.4701 	DATA 	
62.4701 	DATA 	Trial 2
62.4701 	DATA 	stimDur = 12.0
62.4701 	DATA 	jitter = 2.35575
62.4701 	DATA 	restDur = 30.0

62.4701 	DATA 	
62.4701 	DATA 	TR 41 | TR1 21 | TR2 20
64.0189 	DATA 	Keypress: 5
64.0190 	DATA 	TR 42 | TR1 21 | TR2 21
64.8355 	DATA 	
64.8355 	DATA 	stimulation started
64.8355 	DATA 	
65.6025 	DATA 	Keypress: 5
65.6025 	DATA 	TR 43 | TR1 22 | TR2 21
67.1524 	DATA 	Keypress: 5
67.1524 	DATA 	TR 44 | TR1 22 | TR2 22
68.7189 	DATA 	Keypress: 5
68.7190 	DATA 	TR 45 | TR1 23 | TR2 22
70.2688 	DATA 	Keypress: 5
70.2688 	DATA 	TR 46 | TR1 23 | TR2 23
71.8520 	DATA 	Keypress: 5
71.8521 	DATA 	TR 47 | TR1 24 | TR2 23
73.4018 	DATA 	Keypress: 5
73.4019 	DATA 	TR 48 | TR1 24 | TR2 24
74.9684 	DATA 	Keypress: 5
74.9684 	DATA 	TR 49 | TR1 25 | TR2 24
76.5182 	DATA 	Keypress: 5
76.5182 	DATA 	TR 50 | TR1 25 | TR2 25
76.8348 	DATA 	
76.8348 	DATA 	stimulation stopped
76.8348 	DATA 	
77.9177 	DATA 	Target presented
78.0844 	DATA 	Keypress: 5
78.0844 	DATA 	TR 51 | TR1 26 | TR2 25
78.4677 	DATA 	Keypress: 1
78.4677 	DATA 	Key1 pressed
78.4677 	DATA 	Target detected
79.6348 	DATA 	Keypress: 5
79.6513 	DATA 	TR 52 | TR1 26 | TR2 26
81.2175 	DATA 	Keypress: 5
81.2175 	DATA 	TR 53 | TR1 27 | TR2 26
82.7673 	DATA 	Keypress: 5
82.7673 	DATA 	TR 54 | TR1 27 | TR2 27
84.3338 	DATA 	Keypress: 5
84.3339 	DATA 	TR 55 | TR1 28 | TR2 27
85.8836 	DATA 	Keypress: 5
85.8837 	DATA 	TR 56 | TR1 28 | TR2 28
87.4669 	DATA 	Keypress: 5
87.4669 	DATA 	TR 57 | TR1 29 | TR2 28
89.0167 	DATA 	Keypress: 5
89.0168 	DATA 	TR 58 | TR1 29 | TR2 29
90.5832 	DATA 	Keypress: 5
90.5833 	DATA 	TR 59 | TR1 30 | TR2 29
92.1331 	DATA 	Keypress: 5
92.1331 	DATA 	TR 60 | TR1 30 | TR2 30
93.7163 	DATA 	Keypress: 5
93.7163 	DATA 	TR 61 | TR1 31 | TR2 30
95.2661 	DATA 	Keypress: 5
95.2662 	DATA 	TR 62 | TR1 31 | TR2 31
96.8327 	DATA 	Keypress: 5
96.8327 	DATA 	TR 63 | TR1 32 | TR2 31
98.3825 	DATA 	Keypress: 5
98.3826 	DATA 	TR 64 | TR1 32 | TR2 32
99.9491 	DATA 	Keypress: 5
99.9492 	DATA 	TR 65 | TR1 33 | TR2 32
101.4990 	DATA 	Keypress: 5
101.4990 	DATA 	TR 66 | TR1 33 | TR2 33
103.0821 	DATA 	Keypress: 5
103.0822 	DATA 	TR 67 | TR1 34 | TR2 33
104.6320 	DATA 	Keypress: 5
104.6320 	DATA 	TR 68 | TR1 34 | TR2 34
106.1985 	DATA 	Keypress: 5
106.1986 	DATA 	TR 69 | TR1 35 | TR2 34
106.8317 	DATA 	
106.8317 	DATA 	Trial complete
106.8318 	DATA 	Waiting for VASO trigger to start next trial
106.8318 	DATA 	
107.7483 	DATA 	Keypress: 5
107.7484 	DATA 	TR 70 | TR1 35 | TR2 35
109.3315 	DATA 	Keypress: 5
109.3316 	DATA 	Waited 2.4998159408569336 seconds for trigger
109.3323 	DATA 	
109.3323 	DATA 	Trial 3
109.3323 	DATA 	stimDur = 24.0
109.3323 	DATA 	jitter = 0.78525
109.3324 	DATA 	restDur = 40.0

109.3324 	DATA 	
109.3324 	DATA 	TR 71 | TR1 36 | TR2 35
110.1314 	DATA 	
110.1314 	DATA 	stimulation started
110.1314 	DATA 	
110.8817 	DATA 	Keypress: 5
110.8818 	DATA 	TR 72 | TR1 36 | TR2 36
112.4483 	DATA 	Keypress: 5
112.4483 	DATA 	TR 73 | TR1 37 | TR2 36
113.9981 	DATA 	Keypress: 5
113.9981 	DATA 	TR 74 | TR1 37 | TR2 37
115.5646 	DATA 	Keypress: 5
115.5647 	DATA 	TR 75 | TR1 38 | TR2 37
117.1311 	DATA 	Keypress: 5
117.1312 	DATA 	TR 76 | TR1 38 | TR2 38
118.6977 	DATA 	Keypress: 5
118.6977 	DATA 	TR 77 | TR1 39 | TR2 38
120.2475 	DATA 	Keypress: 5
120.2475 	DATA 	TR 78 | TR1 39 | TR2 39
121.8140 	DATA 	Keypress: 5
121.8141 	DATA 	TR 79 | TR1 40 | TR2 39
123.3635 	DATA 	Keypress: 5
123.3636 	DATA 	TR 80 | TR1 40 | TR2 40
124.9471 	DATA 	Keypress: 5
124.9471 	DATA 	TR 81 | TR1 41 | TR2 40
126.4969 	DATA 	Keypress: 5
126.4969 	DATA 	TR 82 | TR1 41 | TR2 41
128.0634 	DATA 	Keypress: 5
128.0635 	DATA 	TR 83 | TR1 42 | TR2 41
129.6133 	DATA 	Keypress: 5
129.6133 	DATA 	TR 84 | TR1 42 | TR2 42
131.1962 	DATA 	Keypress: 5
131.1962 	DATA 	TR 85 | TR1 43 | TR2 42
132.7463 	DATA 	Keypress: 5
132.7464 	DATA 	TR 86 | TR1 43 | TR2 43
134.1295 	DATA 	
134.1295 	DATA 	stimulation stopped
134.1295 	DATA 	
134.3125 	DATA 	Keypress: 5
134.3125 	DATA 	TR 87 | TR1 44 | TR2 43
134.7957 	DATA 	Target presented
135.1790 	DATA 	Keypress: 1
135.1791 	DATA 	Key1 pressed
135.1791 	DATA 	Target detected
135.8623 	DATA 	Keypress: 5
135.8624 	DATA 	TR 88 | TR1 44 | TR2 44
137.4288 	DATA 	Keypress: 5
137.4289 	DATA 	TR 89 | TR1 45 | TR2 44
138.9793 	DATA 	Keypress: 5
138.9953 	DATA 	TR 90 | TR1 45 | TR2 45
140.5619 	DATA 	Keypress: 5
140.5620 	DATA 	TR 91 | TR1 46 | TR2 45
142.1117 	DATA 	Keypress: 5
142.1118 	DATA 	TR 92 | TR1 46 | TR2 46
143.6783 	DATA 	Keypress: 5
143.6783 	DATA 	TR 93 | TR1 47 | TR2 46
145.2281 	DATA 	Keypress: 5
145.2281 	DATA 	TR 94 | TR1 47 | TR2 47
146.8113 	DATA 	Keypress: 5
146.8114 	DATA 	TR 95 | TR1 48 | TR2 47
148.3611 	DATA 	Keypress: 5
148.3612 	DATA 	TR 96 | TR1 48 | TR2 48
149.9277 	DATA 	Keypress: 5
149.9277 	DATA 	TR 97 | TR1 49 | TR2 48
151.4775 	DATA 	Keypress: 5
151.4776 	DATA 	TR 98 | TR1 49 | TR2 49
153.0441 	DATA 	Keypress: 5
153.0441 	DATA 	TR 99 | TR1 50 | TR2 49
154.6105 	DATA 	Keypress: 5
154.6106 	DATA 	TR 100 | TR1 50 | TR2 50
156.1771 	DATA 	Keypress: 5
156.1771 	DATA 	TR 101 | TR1 51 | TR2 50
157.7273 	DATA 	Keypress: 5
157.7274 	DATA 	TR 102 | TR1 51 | TR2 51
159.2935 	DATA 	Keypress: 5
159.2935 	DATA 	TR 103 | TR1 52 | TR2 51
160.8433 	DATA 	Keypress: 5
160.8433 	DATA 	TR 104 | TR1 52 | TR2 52
162.4264 	DATA 	Keypress: 5
162.4264 	DATA 	TR 105 | TR1 53 | TR2 52
163.9763 	DATA 	Keypress: 5
163.9764 	DATA 	TR 106 | TR1 53 | TR2 53
165.5429 	DATA 	Keypress: 5
165.5429 	DATA 	TR 107 | TR1 54 | TR2 53
167.0927 	DATA 	Keypress: 5
167.0927 	DATA 	TR 108 | TR1 54 | TR2 54
168.6759 	DATA 	Keypress: 5
168.6759 	DATA 	TR 109 | TR1 55 | TR2 54
170.2257 	DATA 	Keypress: 5
170.2258 	DATA 	TR 110 | TR1 55 | TR2 55
171.7923 	DATA 	Keypress: 5
171.7923 	DATA 	TR 111 | TR1 56 | TR2 55
173.3421 	DATA 	Keypress: 5
173.3421 	DATA 	TR 112 | TR1 56 | TR2 56
174.1253 	DATA 	
174.1253 	DATA 	Trial complete
174.1254 	DATA 	Waiting for VASO trigger to start next trial
174.1254 	DATA 	
174.9086 	DATA 	Keypress: 5
174.9087 	DATA 	Waited 0.7832939624786377 seconds for trigger
174.9094 	DATA 	
174.9094 	DATA 	Trial 4
174.9095 	DATA 	stimDur = 24.0
174.9095 	DATA 	jitter = 1.5705
174.9095 	DATA 	restDur = 40.0

174.9095 	DATA 	
174.9095 	DATA 	TR 113 | TR1 57 | TR2 56
176.4585 	DATA 	Keypress: 5
176.4585 	DATA 	TR 114 | TR1 57 | TR2 57
176.4918 	DATA 	
176.4918 	DATA 	stimulation started
176.4918 	DATA 	
178.0420 	DATA 	Keypress: 5
178.0421 	DATA 	TR 115 | TR1 58 | TR2 57
179.5918 	DATA 	Keypress: 5
179.5919 	DATA 	TR 116 | TR1 58 | TR2 58
181.1584 	DATA 	Keypress: 5
181.1585 	DATA 	TR 117 | TR1 59 | TR2 58
182.7082 	DATA 	Keypress: 5
182.7083 	DATA 	TR 118 | TR1 59 | TR2 59
184.2916 	DATA 	Keypress: 5
184.2916 	DATA 	TR 119 | TR1 60 | TR2 59
185.8413 	DATA 	Keypress: 5
185.8413 	DATA 	TR 120 | TR1 60 | TR2 60
187.4078 	DATA 	Keypress: 5
187.4078 	DATA 	TR 121 | TR1 61 | TR2 60
188.9576 	DATA 	Keypress: 5
188.9577 	DATA 	TR 122 | TR1 61 | TR2 61
190.5242 	DATA 	Keypress: 5
190.5242 	DATA 	TR 123 | TR1 62 | TR2 61
192.0907 	DATA 	Keypress: 5
192.0907 	DATA 	TR 124 | TR1 62 | TR2 62
193.6572 	DATA 	Keypress: 5
193.6573 	DATA 	TR 125 | TR1 63 | TR2 62
195.2073 	DATA 	Keypress: 5
195.2073 	DATA 	TR 126 | TR1 63 | TR2 63
196.7736 	DATA 	Keypress: 5
196.7736 	DATA 	TR 127 | TR1 64 | TR2 63
197.4903 	DATA 	Target presented
198.2565 	DATA 	Keypress: 1
198.2565 	DATA 	Key1 pressed
198.2566 	DATA 	Target detected
198.3234 	DATA 	Keypress: 5
198.3234 	DATA 	TR 128 | TR1 64 | TR2 64
199.9067 	DATA 	Keypress: 5
199.9067 	DATA 	TR 129 | TR1 65 | TR2 64
200.4898 	DATA 	
200.4898 	DATA 	stimulation stopped
200.4899 	DATA 	
201.4561 	DATA 	Keypress: 5
201.4562 	DATA 	TR 130 | TR1 65 | TR2 65
203.0227 	DATA 	Keypress: 5
203.0227 	DATA 	TR 131 | TR1 66 | TR2 65
204.5725 	DATA 	Keypress: 5
204.5725 	DATA 	TR 132 | TR1 66 | TR2 66
206.1557 	DATA 	Keypress: 5
206.1558 	DATA 	TR 133 | TR1 67 | TR2 66
207.7055 	DATA 	Keypress: 5
207.7055 	DATA 	TR 134 | TR1 67 | TR2 67
209.2721 	DATA 	Keypress: 5
209.2721 	DATA 	TR 135 | TR1 68 | TR2 67
210.8219 	DATA 	Keypress: 5
210.8219 	DATA 	TR 136 | TR1 68 | TR2 68
212.3884 	DATA 	Keypress: 5
212.3885 	DATA 	TR 137 | TR1 69 | TR2 68
213.9388 	DATA 	Keypress: 5
213.9549 	DATA 	TR 138 | TR1 69 | TR2 69
215.5215 	DATA 	Keypress: 5
215.5215 	DATA 	TR 139 | TR1 70 | TR2 69
217.0713 	DATA 	Keypress: 5
217.0713 	DATA 	TR 140 | TR1 70 | TR2 70
218.6379 	DATA 	Keypress: 5
218.6379 	DATA 	TR 141 | TR1 71 | TR2 70
220.1877 	DATA 	Keypress: 5
220.1877 	DATA 	TR 142 | TR1 71 | TR2 71
221.7708 	DATA 	Keypress: 5
221.7709 	DATA 	TR 143 | TR1 72 | TR2 71
223.3207 	DATA 	Keypress: 5
223.3208 	DATA 	TR 144 | TR1 72 | TR2 72
224.8872 	DATA 	Keypress: 5
224.8873 	DATA 	TR 145 | TR1 73 | TR2 72
226.4371 	DATA 	Keypress: 5
226.4371 	DATA 	TR 146 | TR1 73 | TR2 73
228.0203 	DATA 	Keypress: 5
228.0204 	DATA 	TR 147 | TR1 74 | TR2 73
229.5701 	DATA 	Keypress: 5
229.5702 	DATA 	TR 148 | TR1 74 | TR2 74
231.1367 	DATA 	Keypress: 5
231.1367 	DATA 	TR 149 | TR1 75 | TR2 74
232.6865 	DATA 	Keypress: 5
232.6865 	DATA 	TR 150 | TR1 75 | TR2 75
234.2530 	DATA 	Keypress: 5
234.2531 	DATA 	TR 151 | TR1 76 | TR2 75
235.8032 	DATA 	Keypress: 5
235.8032 	DATA 	TR 152 | TR1 76 | TR2 76
237.3861 	DATA 	Keypress: 5
237.3861 	DATA 	TR 153 | TR1 77 | TR2 76
238.9359 	DATA 	Keypress: 5
238.9360 	DATA 	TR 154 | TR1 77 | TR2 77
240.4857 	DATA 	
240.4858 	DATA 	Trial complete
240.4858 	DATA 	Waiting for VASO trigger to start next trial
240.4858 	DATA 	
240.5024 	DATA 	Keypress: 5
240.5025 	DATA 	Waited 0.01670694351196289 seconds for trigger
240.5033 	DATA 	
240.5033 	DATA 	Trial 5
240.5033 	DATA 	stimDur = 1.0
240.5033 	DATA 	jitter = 0.78525
240.5033 	DATA 	restDur = 20.0

240.5033 	DATA 	
240.5033 	DATA 	TR 155 | TR1 78 | TR2 77
241.3023 	DATA 	
241.3023 	DATA 	stimulation started
241.3023 	DATA 	
242.0527 	DATA 	Keypress: 5
242.0528 	DATA 	TR 156 | TR1 78 | TR2 78
242.3026 	DATA 	
242.3026 	DATA 	stimulation stopped
242.3026 	DATA 	
243.6355 	DATA 	Keypress: 5
243.6355 	DATA 	TR 157 | TR1 79 | TR2 78
245.1853 	DATA 	Keypress: 5
245.1854 	DATA 	TR 158 | TR1 79 | TR2 79
246.7519 	DATA 	Keypress: 5
246.7519 	DATA 	TR 159 | TR1 80 | TR2 79
248.3017 	DATA 	Keypress: 5
248.3018 	DATA 	TR 160 | TR1 80 | TR2 80
249.8683 	DATA 	Keypress: 5
249.8683 	DATA 	TR 161 | TR1 81 | TR2 80
251.4347 	DATA 	Keypress: 5
251.4348 	DATA 	TR 162 | TR1 81 | TR2 81
253.0012 	DATA 	Keypress: 5
253.0013 	DATA 	TR 163 | TR1 82 | TR2 81
254.5511 	DATA 	Keypress: 5
254.5511 	DATA 	TR 164 | TR1 82 | TR2 82
256.1177 	DATA 	Keypress: 5
256.1177 	DATA 	TR 165 | TR1 83 | TR2 82
257.6674 	DATA 	Keypress: 5
257.6675 	DATA 	TR 166 | TR1 83 | TR2 83
259.2511 	DATA 	Keypress: 5
259.2512 	DATA 	TR 167 | TR1 84 | TR2 83
260.8005 	DATA 	Keypress: 5
260.8006 	DATA 	TR 168 | TR1 84 | TR2 84
262.3003 	DATA 	
262.3003 	DATA 	Trial complete
262.3004 	DATA 	Waiting for VASO trigger to start next trial
262.3004 	DATA 	
262.3670 	DATA 	Keypress: 5
262.3671 	DATA 	Waited 0.06669187545776367 seconds for trigger
262.3678 	DATA 	
262.3678 	DATA 	Trial 6
262.3678 	DATA 	stimDur = 2.0
262.3678 	DATA 	jitter = 0.78525
262.3678 	DATA 	restDur = 22.0

262.3678 	DATA 	
262.3678 	DATA 	TR 169 | TR1 85 | TR2 84
263.1669 	DATA 	
263.1669 	DATA 	stimulation started
263.1669 	DATA 	
263.9173 	DATA 	Keypress: 5
263.9173 	DATA 	TR 170 | TR1 85 | TR2 85
265.1671 	DATA 	
265.1671 	DATA 	stimulation stopped
265.1671 	DATA 	
265.4840 	DATA 	Keypress: 5
265.5000 	DATA 	TR 171 | TR1 86 | TR2 85
267.0499 	DATA 	Keypress: 5
267.0500 	DATA 	TR 172 | TR1 86 | TR2 86
268.6165 	DATA 	Keypress: 5
268.6165 	DATA 	TR 173 | TR1 87 | TR2 86
270.1663 	DATA 	Keypress: 5
270.1663 	DATA 	TR 174 | TR1 87 | TR2 87
271.7329 	DATA 	Keypress: 5
271.7329 	DATA 	TR 175 | TR1 88 | TR2 87
273.2833 	DATA 	Keypress: 5
273.2993 	DATA 	TR 176 | TR1 88 | TR2 88
274.4996 	DATA 	Target presented
274.8659 	DATA 	Keypress: 5
274.8659 	DATA 	TR 177 | TR1 89 | TR2 88
275.1991 	DATA 	Keypress: 1
275.1992 	DATA 	Key1 pressed
275.1992 	DATA 	Target detected
276.4157 	DATA 	Keypress: 5
276.4157 	DATA 	TR 178 | TR1 89 | TR2 89
277.9822 	DATA 	Keypress: 5
277.9823 	DATA 	TR 179 | TR1 90 | TR2 89
279.5321 	DATA 	Keypress: 5
279.5321 	DATA 	TR 180 | TR1 90 | TR2 90
281.1157 	DATA 	Keypress: 5
281.1158 	DATA 	TR 181 | TR1 91 | TR2 90
282.6651 	DATA 	Keypress: 5
282.6652 	DATA 	TR 182 | TR1 91 | TR2 91
284.2317 	DATA 	Keypress: 5
284.2317 	DATA 	TR 183 | TR1 92 | TR2 91
285.7815 	DATA 	Keypress: 5
285.7816 	DATA 	TR 184 | TR1 92 | TR2 92
287.1647 	DATA 	
287.1647 	DATA 	Trial complete
287.1647 	DATA 	Waiting for VASO trigger to start next trial
287.1647 	DATA 	
287.3482 	DATA 	Keypress: 5
287.3482 	DATA 	Waited 0.18347907066345215 seconds for trigger
287.3490 	DATA 	
287.3490 	DATA 	Trial 7
287.3490 	DATA 	stimDur = 4.0
287.3490 	DATA 	jitter = 2.35575
287.3490 	DATA 	restDur = 24.0

287.3490 	DATA 	
287.3490 	DATA 	TR 185 | TR1 93 | TR2 92
288.9150 	DATA 	Keypress: 5
288.9150 	DATA 	TR 186 | TR1 93 | TR2 93
289.7144 	DATA 	
289.7144 	DATA 	stimulation started
289.7144 	DATA 	
290.4814 	DATA 	Keypress: 5
290.4815 	DATA 	TR 187 | TR1 94 | TR2 93
292.0312 	DATA 	Keypress: 5
292.0313 	DATA 	TR 188 | TR1 94 | TR2 94
293.5978 	DATA 	Keypress: 5
293.5979 	DATA 	TR 189 | TR1 95 | TR2 94
293.7144 	DATA 	
293.7144 	DATA 	stimulation stopped
293.7144 	DATA 	
295.1473 	DATA 	Keypress: 5
295.1473 	DATA 	TR 190 | TR1 95 | TR2 95
296.7305 	DATA 	Keypress: 5
296.7305 	DATA 	TR 191 | TR1 96 | TR2 95
298.2803 	DATA 	Keypress: 5
298.2804 	DATA 	TR 192 | TR1 96 | TR2 96
299.8469 	DATA 	Keypress: 5
299.8469 	DATA 	TR 193 | TR1 97 | TR2 96
301.3967 	DATA 	Keypress: 5
301.3968 	DATA 	TR 194 | TR1 97 | TR2 97
302.9799 	DATA 	Keypress: 5
302.9799 	DATA 	TR 195 | TR1 98 | TR2 97
304.5299 	DATA 	Keypress: 5
304.5299 	DATA 	TR 196 | TR1 98 | TR2 98
306.0962 	DATA 	Keypress: 5
306.0963 	DATA 	TR 197 | TR1 99 | TR2 98
307.6461 	DATA 	Keypress: 5
307.6463 	DATA 	TR 198 | TR1 99 | TR2 99
309.2126 	DATA 	Keypress: 5
309.2126 	DATA 	TR 199 | TR1 100 | TR2 99
310.7631 	DATA 	Keypress: 5
310.7791 	DATA 	TR 200 | TR1 100 | TR2 100
312.3457 	DATA 	Keypress: 5
312.3457 	DATA 	TR 201 | TR1 101 | TR2 100
313.8955 	DATA 	Keypress: 5
313.8956 	DATA 	TR 202 | TR1 101 | TR2 101
315.4621 	DATA 	Keypress: 5
315.4621 	DATA 	TR 203 | TR1 102 | TR2 101
315.8790 	DATA 	Target presented
316.4619 	DATA 	Keypress: 1
316.4620 	DATA 	Key1 pressed
316.4620 	DATA 	Target detected
317.0120 	DATA 	Keypress: 5
317.0120 	DATA 	TR 204 | TR1 102 | TR2 102
317.7118 	DATA 	
317.7118 	DATA 	Trial complete
317.7118 	DATA 	Waiting for VASO trigger to start next trial
317.7119 	DATA 	
318.5951 	DATA 	Keypress: 5
318.5951 	DATA 	Waited 0.8832721710205078 seconds for trigger
318.5959 	DATA 	
318.5959 	DATA 	Trial 8
318.5959 	DATA 	stimDur = 12.0
318.5959 	DATA 	jitter = 0.0
318.5959 	DATA 	restDur = 30.0

318.5959 	DATA 	
318.5959 	DATA 	TR 205 | TR1 103 | TR2 102
318.5959 	DATA 	
318.5959 	DATA 	stimulation started
318.5959 	DATA 	
320.1453 	DATA 	Keypress: 5
320.1454 	DATA 	TR 206 | TR1 103 | TR2 103
321.7118 	DATA 	Keypress: 5
321.7119 	DATA 	TR 207 | TR1 104 | TR2 103
323.2617 	DATA 	Keypress: 5
323.2618 	DATA 	TR 208 | TR1 104 | TR2 104
324.8289 	DATA 	Keypress: 5
324.8448 	DATA 	TR 209 | TR1 105 | TR2 104
326.3947 	DATA 	Keypress: 5
326.3948 	DATA 	TR 210 | TR1 105 | TR2 105
327.9612 	DATA 	Keypress: 5
327.9613 	DATA 	TR 211 | TR1 106 | TR2 105
329.5110 	DATA 	Keypress: 5
329.5111 	DATA 	TR 212 | TR1 106 | TR2 106
330.6109 	DATA 	
330.6110 	DATA 	stimulation stopped
330.6110 	DATA 	
331.0773 	DATA 	Keypress: 5
331.0773 	DATA 	TR 213 | TR1 107 | TR2 106
332.6276 	DATA 	Keypress: 5
332.6276 	DATA 	TR 214 | TR1 107 | TR2 107
334.2103 	DATA 	Keypress: 5
334.2103 	DATA 	TR 215 | TR1 108 | TR2 107
335.7602 	DATA 	Keypress: 5
335.7602 	DATA 	TR 216 | TR1 108 | TR2 108
337.3267 	DATA 	Keypress: 5
337.3267 	DATA 	TR 217 | TR1 109 | TR2 108
338.8765 	DATA 	Keypress: 5
338.8766 	DATA 	TR 218 | TR1 109 | TR2 109
340.4601 	DATA 	Keypress: 5
340.4602 	DATA 	TR 219 | TR1 110 | TR2 109
342.0096 	DATA 	Keypress: 5
342.0096 	DATA 	TR 220 | TR1 110 | TR2 110
343.5761 	DATA 	Keypress: 5
343.5761 	DATA 	TR 221 | TR1 111 | TR2 110
345.1260 	DATA 	Keypress: 5
345.1260 	DATA 	TR 222 | TR1 111 | TR2 111
346.6924 	DATA 	Keypress: 5
346.6925 	DATA 	TR 223 | TR1 112 | TR2 111
348.2429 	DATA 	Keypress: 5
348.2590 	DATA 	TR 224 | TR1 112 | TR2 112
349.8255 	DATA 	Keypress: 5
349.8256 	DATA 	TR 225 | TR1 113 | TR2 112
351.3754 	DATA 	Keypress: 5
351.3754 	DATA 	TR 226 | TR1 113 | TR2 113
352.9419 	DATA 	Keypress: 5
352.9419 	DATA 	TR 227 | TR1 114 | TR2 113
354.4917 	DATA 	Keypress: 5
354.4918 	DATA 	TR 228 | TR1 114 | TR2 114
356.0749 	DATA 	Keypress: 5
356.0750 	DATA 	TR 229 | TR1 115 | TR2 114
357.6249 	DATA 	Keypress: 5
357.6249 	DATA 	TR 230 | TR1 115 | TR2 115
359.1913 	DATA 	Keypress: 5
359.1913 	DATA 	TR 231 | TR1 116 | TR2 115
360.6078 	DATA 	
360.6078 	DATA 	Trial complete
360.6078 	DATA 	Waiting for VASO trigger to start next trial
360.6078 	DATA 	
360.7412 	DATA 	Keypress: 5
360.7412 	DATA 	TR 232 | TR1 116 | TR2 116
362.3243 	DATA 	Keypress: 5
362.3244 	DATA 	Waited 1.716568946838379 seconds for trigger
362.3252 	DATA 	
362.3252 	DATA 	Trial 9
362.3252 	DATA 	stimDur = 2.0
362.3252 	DATA 	jitter = 1.5705
362.3252 	DATA 	restDur = 22.0

362.3252 	DATA 	
362.3252 	DATA 	TR 233 | TR1 117 | TR2 116
363.8743 	DATA 	Keypress: 5
363.8743 	DATA 	TR 234 | TR1 117 | TR2 117
363.9075 	DATA 	
363.9075 	DATA 	stimulation started
363.9075 	DATA 	
365.4411 	DATA 	Keypress: 5
365.4411 	DATA 	TR 235 | TR1 118 | TR2 117
365.9076 	DATA 	
365.9077 	DATA 	stimulation stopped
365.9077 	DATA 	
366.9906 	DATA 	Keypress: 5
366.9907 	DATA 	TR 236 | TR1 118 | TR2 118
368.5571 	DATA 	Keypress: 5
368.5571 	DATA 	TR 237 | TR1 119 | TR2 118
370.1071 	DATA 	Keypress: 5
370.1071 	DATA 	TR 238 | TR1 119 | TR2 119
371.6901 	DATA 	Keypress: 5
371.6902 	DATA 	TR 239 | TR1 120 | TR2 119
373.2400 	DATA 	Keypress: 5
373.2401 	DATA 	TR 240 | TR1 120 | TR2 120
374.8065 	DATA 	Keypress: 5
374.8066 	DATA 	TR 241 | TR1 121 | TR2 120
376.3564 	DATA 	Keypress: 5
376.3564 	DATA 	TR 242 | TR1 121 | TR2 121
377.9396 	DATA 	Keypress: 5
377.9396 	DATA 	TR 243 | TR1 122 | TR2 121
379.4895 	DATA 	Keypress: 5
379.4895 	DATA 	TR 244 | TR1 122 | TR2 122
381.0559 	DATA 	Keypress: 5
381.0560 	DATA 	TR 245 | TR1 123 | TR2 122
382.6058 	DATA 	Keypress: 5
382.6059 	DATA 	TR 246 | TR1 123 | TR2 123
384.1728 	DATA 	Keypress: 5
384.1728 	DATA 	TR 247 | TR1 124 | TR2 123
385.7389 	DATA 	Keypress: 5
385.7389 	DATA 	TR 248 | TR1 124 | TR2 124
387.3053 	DATA 	Keypress: 5
387.3054 	DATA 	TR 249 | TR1 125 | TR2 124
387.9053 	DATA 	
387.9053 	DATA 	Trial complete
387.9053 	DATA 	Waiting for VASO trigger to start next trial
387.9053 	DATA 	
387.9720 	DATA 	Target presented
388.5552 	DATA 	Keypress: 1
388.5553 	DATA 	Key1 pressed
388.5553 	DATA 	Target detected
388.8556 	DATA 	Keypress: 5
388.8557 	DATA 	TR 250 | TR1 125 | TR2 125
390.4217 	DATA 	Keypress: 5
390.4218 	DATA 	Waited 2.516489028930664 seconds for trigger
390.4225 	DATA 	
390.4226 	DATA 	Trial 10
390.4226 	DATA 	stimDur = 4.0
390.4226 	DATA 	jitter = 0.0
390.4226 	DATA 	restDur = 24.0

390.4226 	DATA 	
390.4226 	DATA 	TR 251 | TR1 126 | TR2 125
390.4226 	DATA 	
390.4226 	DATA 	stimulation started
390.4226 	DATA 	
391.9717 	DATA 	Keypress: 5
391.9717 	DATA 	TR 252 | TR1 126 | TR2 126
393.5551 	DATA 	Keypress: 5
393.5552 	DATA 	TR 253 | TR1 127 | TR2 126
394.4383 	DATA 	
394.4383 	DATA 	stimulation stopped
394.4384 	DATA 	
395.1047 	DATA 	Keypress: 5
395.1047 	DATA 	TR 254 | TR1 127 | TR2 127
396.6712 	DATA 	Keypress: 5
396.6712 	DATA 	TR 255 | TR1 128 | TR2 127
398.2210 	DATA 	Keypress: 5
398.2211 	DATA 	TR 256 | TR1 128 | TR2 128
399.8042 	DATA 	Keypress: 5
399.8042 	DATA 	TR 257 | TR1 129 | TR2 128
401.3541 	DATA 	Keypress: 5
401.3541 	DATA 	TR 258 | TR1 129 | TR2 129
402.9205 	DATA 	Keypress: 5
402.9206 	DATA 	TR 259 | TR1 130 | TR2 129
404.4709 	DATA 	Keypress: 5
404.4709 	DATA 	TR 260 | TR1 130 | TR2 130
406.0369 	DATA 	Keypress: 5
406.0370 	DATA 	TR 261 | TR1 131 | TR2 130
407.5874 	DATA 	Keypress: 5
407.6034 	DATA 	TR 262 | TR1 131 | TR2 131
409.1700 	DATA 	Keypress: 5
409.1700 	DATA 	TR 263 | TR1 132 | TR2 131
410.7199 	DATA 	Keypress: 5
410.7199 	DATA 	TR 264 | TR1 132 | TR2 132
412.2864 	DATA 	Keypress: 5
412.2864 	DATA 	TR 265 | TR1 133 | TR2 132
413.8362 	DATA 	Keypress: 5
413.8363 	DATA 	TR 266 | TR1 133 | TR2 133
415.4194 	DATA 	Keypress: 5
415.4194 	DATA 	TR 267 | TR1 134 | TR2 133
416.9693 	DATA 	Keypress: 5
416.9693 	DATA 	TR 268 | TR1 134 | TR2 134
418.4357 	DATA 	
418.4358 	DATA 	Trial complete
418.4358 	DATA 	Waiting for VASO trigger to start next trial
418.4358 	DATA 	
418.5358 	DATA 	Keypress: 5
418.5358 	DATA 	Waited 0.10004711151123047 seconds for trigger
418.5366 	DATA 	
418.5366 	DATA 	Trial 11
418.5366 	DATA 	stimDur = 12.0
418.5366 	DATA 	jitter = 0.78525
418.5366 	DATA 	restDur = 30.0

418.5366 	DATA 	
418.5366 	DATA 	TR 269 | TR1 135 | TR2 134
419.3357 	DATA 	
419.3357 	DATA 	stimulation started
419.3357 	DATA 	
420.0860 	DATA 	Keypress: 5
420.0860 	DATA 	TR 270 | TR1 135 | TR2 135
421.6525 	DATA 	Keypress: 5
421.6526 	DATA 	TR 271 | TR1 136 | TR2 135
423.2031 	DATA 	Keypress: 5
423.2190 	DATA 	TR 272 | TR1 136 | TR2 136
424.7856 	DATA 	Keypress: 5
424.7856 	DATA 	TR 273 | TR1 137 | TR2 136
426.3356 	DATA 	Keypress: 5
426.3356 	DATA 	TR 274 | TR1 137 | TR2 137
427.9019 	DATA 	Keypress: 5
427.9019 	DATA 	TR 275 | TR1 138 | TR2 137
429.4515 	DATA 	Keypress: 5
429.4515 	DATA 	TR 276 | TR1 138 | TR2 138
431.0350 	DATA 	Keypress: 5
431.0350 	DATA 	TR 277 | TR1 139 | TR2 138
431.3349 	DATA 	
431.3349 	DATA 	stimulation stopped
431.3349 	DATA 	
432.5845 	DATA 	Keypress: 5
432.5845 	DATA 	TR 278 | TR1 139 | TR2 139
434.1510 	DATA 	Keypress: 5
434.1510 	DATA 	TR 279 | TR1 140 | TR2 139
435.7009 	DATA 	Keypress: 5
435.7009 	DATA 	TR 280 | TR1 140 | TR2 140
437.2840 	DATA 	Keypress: 5
437.2841 	DATA 	TR 281 | TR1 141 | TR2 140
438.8339 	DATA 	Keypress: 5
438.8340 	DATA 	TR 282 | TR1 141 | TR2 141
440.4004 	DATA 	Keypress: 5
440.4005 	DATA 	TR 283 | TR1 142 | TR2 141
441.9503 	DATA 	Keypress: 5
441.9504 	DATA 	TR 284 | TR1 142 | TR2 142
443.5168 	DATA 	Keypress: 5
443.5168 	DATA 	TR 285 | TR1 143 | TR2 142
445.0671 	DATA 	Keypress: 5
445.0672 	DATA 	TR 286 | TR1 143 | TR2 143
446.6498 	DATA 	Keypress: 5
446.6499 	DATA 	TR 287 | TR1 144 | TR2 143
448.2001 	DATA 	Keypress: 5
448.2002 	DATA 	TR 288 | TR1 144 | TR2 144
449.7662 	DATA 	Keypress: 5
449.7663 	DATA 	TR 289 | TR1 145 | TR2 144
451.3161 	DATA 	Keypress: 5
451.3161 	DATA 	TR 290 | TR1 145 | TR2 145
452.8992 	DATA 	Keypress: 5
452.8993 	DATA 	TR 291 | TR1 146 | TR2 145
454.4491 	DATA 	Keypress: 5
454.4492 	DATA 	TR 292 | TR1 146 | TR2 146
455.6990 	DATA 	Target presented
456.0156 	DATA 	Keypress: 5
456.0157 	DATA 	TR 293 | TR1 147 | TR2 146
456.3323 	DATA 	Keypress: 1
456.3323 	DATA 	Key1 pressed
456.3323 	DATA 	Target detected
457.5655 	DATA 	Keypress: 5
457.5655 	DATA 	TR 294 | TR1 147 | TR2 147
459.1326 	DATA 	Keypress: 5
459.1486 	DATA 	TR 295 | TR1 148 | TR2 147
460.6990 	DATA 	Keypress: 5
460.6990 	DATA 	TR 296 | TR1 148 | TR2 148
461.3318 	DATA 	
461.3318 	DATA 	Trial complete
461.3318 	DATA 	Waiting for VASO trigger to start next trial
461.3318 	DATA 	
462.2650 	DATA 	Keypress: 5
462.2651 	DATA 	Waited 0.9332540035247803 seconds for trigger
462.2658 	DATA 	
462.2659 	DATA 	Trial 12
462.2659 	DATA 	stimDur = 4.0
462.2659 	DATA 	jitter = 0.78525
462.2659 	DATA 	restDur = 24.0

462.2659 	DATA 	
462.2659 	DATA 	TR 297 | TR1 149 | TR2 148
463.0649 	DATA 	
463.0649 	DATA 	stimulation started
463.0649 	DATA 	
463.8153 	DATA 	Keypress: 5
463.8153 	DATA 	TR 298 | TR1 149 | TR2 149
465.3818 	DATA 	Keypress: 5
465.3819 	DATA 	TR 299 | TR1 150 | TR2 149
466.9316 	DATA 	Keypress: 5
466.9317 	DATA 	TR 300 | TR1 150 | TR2 150
467.0649 	DATA 	
467.0649 	DATA 	stimulation stopped
467.0649 	DATA 	
468.5145 	DATA 	Keypress: 5
468.5145 	DATA 	TR 301 | TR1 151 | TR2 150
470.0643 	DATA 	Keypress: 5
470.0644 	DATA 	TR 302 | TR1 151 | TR2 151
471.6308 	DATA 	Keypress: 5
471.6309 	DATA 	TR 303 | TR1 152 | TR2 151
473.1807 	DATA 	Keypress: 5
473.1808 	DATA 	TR 304 | TR1 152 | TR2 152
474.7639 	DATA 	Keypress: 5
474.7639 	DATA 	TR 305 | TR1 153 | TR2 152
476.3138 	DATA 	Keypress: 5
476.3138 	DATA 	TR 306 | TR1 153 | TR2 153
477.8803 	DATA 	Keypress: 5
477.8803 	DATA 	TR 307 | TR1 154 | TR2 153
479.4302 	DATA 	Keypress: 5
479.4302 	DATA 	TR 308 | TR1 154 | TR2 154
480.9967 	DATA 	Keypress: 5
480.9967 	DATA 	TR 309 | TR1 155 | TR2 154
482.5632 	DATA 	Keypress: 5
482.5632 	DATA 	TR 310 | TR1 155 | TR2 155
484.1297 	DATA 	Keypress: 5
484.1297 	DATA 	TR 311 | TR1 156 | TR2 155
485.6796 	DATA 	Keypress: 5
485.6796 	DATA 	TR 312 | TR1 156 | TR2 156
487.2461 	DATA 	Keypress: 5
487.2461 	DATA 	TR 313 | TR1 157 | TR2 156
488.7959 	DATA 	Keypress: 5
488.7960 	DATA 	TR 314 | TR1 157 | TR2 157
490.3791 	DATA 	Keypress: 5
490.3792 	DATA 	TR 315 | TR1 158 | TR2 157
491.0624 	DATA 	
491.0624 	DATA 	Trial complete
491.0624 	DATA 	Waiting for VASO trigger to start next trial
491.0624 	DATA 	
491.9290 	DATA 	Keypress: 5
491.9291 	DATA 	TR 316 | TR1 158 | TR2 158
493.4955 	DATA 	Keypress: 5
493.4955 	DATA 	Waited 2.4331209659576416 seconds for trigger
493.4963 	DATA 	
493.4963 	DATA 	Trial 13
493.4963 	DATA 	stimDur = 2.0
493.4963 	DATA 	jitter = 2.35575
493.4963 	DATA 	restDur = 22.0

493.4963 	DATA 	
493.4963 	DATA 	TR 317 | TR1 159 | TR2 158
495.0454 	DATA 	Keypress: 5
495.0455 	DATA 	TR 318 | TR1 159 | TR2 159
495.8619 	DATA 	
495.8619 	DATA 	stimulation started
495.8619 	DATA 	
496.6129 	DATA 	Keypress: 5
496.6289 	DATA 	TR 319 | TR1 160 | TR2 159
497.8621 	DATA 	
497.8621 	DATA 	stimulation stopped
497.8621 	DATA 	
498.1784 	DATA 	Keypress: 5
498.1785 	DATA 	TR 320 | TR1 160 | TR2 160
499.7450 	DATA 	Keypress: 5
499.7450 	DATA 	TR 321 | TR1 161 | TR2 160
501.2948 	DATA 	Keypress: 5
501.2948 	DATA 	TR 322 | TR1 161 | TR2 161
502.8612 	DATA 	Keypress: 5
502.8613 	DATA 	TR 323 | TR1 162 | TR2 161
504.4113 	DATA 	Keypress: 5
504.4113 	DATA 	TR 324 | TR1 162 | TR2 162
505.9943 	DATA 	Keypress: 5
505.9944 	DATA 	TR 325 | TR1 163 | TR2 162
507.5442 	DATA 	Keypress: 5
507.5443 	DATA 	TR 326 | TR1 163 | TR2 163
509.1108 	DATA 	Keypress: 5
509.1108 	DATA 	TR 327 | TR1 164 | TR2 163
510.6606 	DATA 	Keypress: 5
510.6607 	DATA 	TR 328 | TR1 164 | TR2 164
512.2443 	DATA 	Keypress: 5
512.2443 	DATA 	TR 329 | TR1 165 | TR2 164
513.7938 	DATA 	Keypress: 5
513.7939 	DATA 	TR 330 | TR1 165 | TR2 165
515.3606 	DATA 	Keypress: 5
515.3607 	DATA 	TR 331 | TR1 166 | TR2 165
516.2772 	DATA 	Target presented
516.7434 	DATA 	Keypress: 1
516.7435 	DATA 	Key1 pressed
516.7435 	DATA 	Target detected
516.9100 	DATA 	Keypress: 5
516.9100 	DATA 	TR 332 | TR1 166 | TR2 166
518.4765 	DATA 	Keypress: 5
518.4766 	DATA 	TR 333 | TR1 167 | TR2 166
519.8597 	DATA 	
519.8597 	DATA 	Trial complete
519.8597 	DATA 	Waiting for VASO trigger to start next trial
519.8597 	DATA 	
520.0431 	DATA 	Keypress: 5
520.0432 	DATA 	TR 334 | TR1 167 | TR2 167
521.6096 	DATA 	Keypress: 5
521.6096 	DATA 	Waited 1.7498939037322998 seconds for trigger
521.6104 	DATA 	
521.6104 	DATA 	Trial 14
521.6104 	DATA 	stimDur = 1.0
521.6104 	DATA 	jitter = 1.5705
521.6104 	DATA 	restDur = 20.0

521.6104 	DATA 	
521.6104 	DATA 	TR 335 | TR1 168 | TR2 167
523.1595 	DATA 	Keypress: 5
523.1596 	DATA 	TR 336 | TR1 168 | TR2 168
523.1927 	DATA 	
523.1927 	DATA 	stimulation started
523.1927 	DATA 	
524.1926 	DATA 	
524.1927 	DATA 	stimulation stopped
524.1927 	DATA 	
524.7261 	DATA 	Keypress: 5
524.7261 	DATA 	TR 337 | TR1 169 | TR2 168
526.2760 	DATA 	Keypress: 5
526.2760 	DATA 	TR 338 | TR1 169 | TR2 169
527.8590 	DATA 	Keypress: 5
527.8591 	DATA 	TR 339 | TR1 170 | TR2 169
529.4088 	DATA 	Keypress: 5
529.4089 	DATA 	TR 340 | TR1 170 | TR2 170
530.9754 	DATA 	Keypress: 5
530.9755 	DATA 	TR 341 | TR1 171 | TR2 170
532.5253 	DATA 	Keypress: 5
532.5253 	DATA 	TR 342 | TR1 171 | TR2 171
534.1085 	DATA 	Keypress: 5
534.1086 	DATA 	TR 343 | TR1 172 | TR2 171
535.6584 	DATA 	Keypress: 5
535.6584 	DATA 	TR 344 | TR1 172 | TR2 172
537.2249 	DATA 	Keypress: 5
537.2250 	DATA 	TR 345 | TR1 173 | TR2 172
538.7751 	DATA 	Keypress: 5
538.7751 	DATA 	TR 346 | TR1 173 | TR2 173
540.3413 	DATA 	Keypress: 5
540.3413 	DATA 	TR 347 | TR1 174 | TR2 173
541.8911 	DATA 	Keypress: 5
541.8911 	DATA 	TR 348 | TR1 174 | TR2 174
543.4743 	DATA 	Keypress: 5
543.4744 	DATA 	TR 349 | TR1 175 | TR2 174
544.1908 	DATA 	
544.1908 	DATA 	Trial complete
544.1908 	DATA 	Waiting for VASO trigger to start next trial
544.1908 	DATA 	
545.0241 	DATA 	Keypress: 5
545.0242 	DATA 	TR 350 | TR1 175 | TR2 175
546.5907 	DATA 	Keypress: 5
546.5908 	DATA 	Waited 2.399906873703003 seconds for trigger
546.5915 	DATA 	
546.5915 	DATA 	Trial 15
546.5915 	DATA 	stimDur = 24.0
546.5915 	DATA 	jitter = 0.0
546.5915 	DATA 	restDur = 40.0

546.5915 	DATA 	
546.5916 	DATA 	TR 351 | TR1 176 | TR2 175
546.5916 	DATA 	
546.5916 	DATA 	stimulation started
546.5916 	DATA 	
548.1409 	DATA 	Keypress: 5
548.1409 	DATA 	TR 352 | TR1 176 | TR2 176
549.7241 	DATA 	Keypress: 5
549.7241 	DATA 	TR 353 | TR1 177 | TR2 176
551.2741 	DATA 	Keypress: 5
551.2742 	DATA 	TR 354 | TR1 177 | TR2 177
552.8405 	DATA 	Keypress: 5
552.8405 	DATA 	TR 355 | TR1 178 | TR2 177
554.3903 	DATA 	Keypress: 5
554.3904 	DATA 	TR 356 | TR1 178 | TR2 178
555.9569 	DATA 	Keypress: 5
555.9569 	DATA 	TR 357 | TR1 179 | TR2 178
557.5235 	DATA 	Keypress: 5
557.5236 	DATA 	TR 358 | TR1 179 | TR2 179
559.0899 	DATA 	Keypress: 5
559.0900 	DATA 	TR 359 | TR1 180 | TR2 179
560.6397 	DATA 	Keypress: 5
560.6398 	DATA 	TR 360 | TR1 180 | TR2 180
561.1897 	DATA 	Target presented
562.2063 	DATA 	Keypress: 5
562.2064 	DATA 	TR 361 | TR1 181 | TR2 180
563.7558 	DATA 	Keypress: 5
563.7559 	DATA 	TR 362 | TR1 181 | TR2 181
565.3393 	DATA 	Keypress: 5
565.3394 	DATA 	TR 363 | TR1 182 | TR2 181
566.8892 	DATA 	Keypress: 5
566.8892 	DATA 	TR 364 | TR1 182 | TR2 182
568.4557 	DATA 	Keypress: 5
568.4558 	DATA 	TR 365 | TR1 183 | TR2 182
570.0056 	DATA 	Keypress: 5
570.0056 	DATA 	TR 366 | TR1 183 | TR2 183
570.6054 	DATA 	
570.6055 	DATA 	stimulation stopped
570.6055 	DATA 	
571.5884 	DATA 	Keypress: 5
571.5885 	DATA 	TR 367 | TR1 184 | TR2 183
573.1383 	DATA 	Keypress: 5
573.1383 	DATA 	TR 368 | TR1 184 | TR2 184
574.7048 	DATA 	Keypress: 5
574.7048 	DATA 	TR 369 | TR1 185 | TR2 184
576.2546 	DATA 	Keypress: 5
576.2547 	DATA 	TR 370 | TR1 185 | TR2 185
577.8213 	DATA 	Keypress: 5
577.8213 	DATA 	TR 371 | TR1 186 | TR2 185
579.3716 	DATA 	Keypress: 5
579.3877 	DATA 	TR 372 | TR1 186 | TR2 186
580.9543 	DATA 	Keypress: 5
580.9543 	DATA 	TR 373 | TR1 187 | TR2 186
582.5041 	DATA 	Keypress: 5
582.5041 	DATA 	TR 374 | TR1 187 | TR2 187
584.0706 	DATA 	Keypress: 5
584.0707 	DATA 	TR 375 | TR1 188 | TR2 187
585.6205 	DATA 	Keypress: 5
585.6205 	DATA 	TR 376 | TR1 188 | TR2 188
587.2037 	DATA 	Keypress: 5
587.2037 	DATA 	TR 377 | TR1 189 | TR2 188
588.7535 	DATA 	Keypress: 5
588.7536 	DATA 	TR 378 | TR1 189 | TR2 189
590.3201 	DATA 	Keypress: 5
590.3201 	DATA 	TR 379 | TR1 190 | TR2 189
591.8699 	DATA 	Keypress: 5
591.8699 	DATA 	TR 380 | TR1 190 | TR2 190
593.4370 	DATA 	Keypress: 5
593.4530 	DATA 	TR 381 | TR1 191 | TR2 190
595.0029 	DATA 	Keypress: 5
595.0030 	DATA 	TR 382 | TR1 191 | TR2 191
596.5695 	DATA 	Keypress: 5
596.5695 	DATA 	TR 383 | TR1 192 | TR2 191
598.1193 	DATA 	Keypress: 5
598.1194 	DATA 	TR 384 | TR1 192 | TR2 192
599.6859 	DATA 	Keypress: 5
599.6859 	DATA 	TR 385 | TR1 193 | TR2 192
601.2357 	DATA 	Keypress: 5
601.2357 	DATA 	TR 386 | TR1 193 | TR2 193
602.8195 	DATA 	Keypress: 5
602.8195 	DATA 	TR 387 | TR1 194 | TR2 193
604.3687 	DATA 	Keypress: 5
604.3688 	DATA 	TR 388 | TR1 194 | TR2 194
605.9357 	DATA 	Keypress: 5
605.9357 	DATA 	TR 389 | TR1 195 | TR2 194
607.4851 	DATA 	Keypress: 5
607.4852 	DATA 	TR 390 | TR1 195 | TR2 195
609.0688 	DATA 	Keypress: 5
609.0688 	DATA 	TR 391 | TR1 196 | TR2 195
610.6015 	DATA 	
610.6015 	DATA 	Trial complete
610.6015 	DATA 	Waiting for VASO trigger to start next trial
610.6015 	DATA 	
610.6182 	DATA 	Keypress: 5
610.6182 	DATA 	TR 392 | TR1 196 | TR2 196
612.1847 	DATA 	Keypress: 5
612.1848 	DATA 	Waited 1.583277940750122 seconds for trigger
612.1856 	DATA 	
612.1856 	DATA 	Trial 16
612.1856 	DATA 	stimDur = 1.0
612.1856 	DATA 	jitter = 2.35575
612.1856 	DATA 	restDur = 20.0

612.1856 	DATA 	
612.1856 	DATA 	TR 393 | TR1 197 | TR2 196
613.7346 	DATA 	Keypress: 5
613.7346 	DATA 	TR 394 | TR1 197 | TR2 197
614.5516 	DATA 	
614.5516 	DATA 	stimulation started
614.5516 	DATA 	
615.3015 	DATA 	Keypress: 5
615.3015 	DATA 	TR 395 | TR1 198 | TR2 197
615.5514 	DATA 	
615.5514 	DATA 	stimulation stopped
615.5514 	DATA 	
616.8676 	DATA 	Keypress: 5
616.8677 	DATA 	TR 396 | TR1 198 | TR2 198
618.4342 	DATA 	Keypress: 5
618.4342 	DATA 	TR 397 | TR1 199 | TR2 198
619.9840 	DATA 	Keypress: 5
619.9841 	DATA 	TR 398 | TR1 199 | TR2 199
621.5506 	DATA 	Keypress: 5
621.5506 	DATA 	TR 399 | TR1 200 | TR2 199
623.1004 	DATA 	Keypress: 5
623.1004 	DATA 	TR 400 | TR1 200 | TR2 200
624.6836 	DATA 	Keypress: 5
624.6836 	DATA 	TR 401 | TR1 201 | TR2 200
626.2334 	DATA 	Keypress: 5
626.2335 	DATA 	TR 402 | TR1 201 | TR2 201
627.8000 	DATA 	Keypress: 5
627.8000 	DATA 	TR 403 | TR1 202 | TR2 201
629.3498 	DATA 	Keypress: 5
629.3499 	DATA 	TR 404 | TR1 202 | TR2 202
630.9169 	DATA 	Keypress: 5
630.9330 	DATA 	TR 405 | TR1 203 | TR2 202
632.4829 	DATA 	Keypress: 5
632.4829 	DATA 	TR 406 | TR1 203 | TR2 203
634.0494 	DATA 	Keypress: 5
634.0494 	DATA 	TR 407 | TR1 204 | TR2 203
635.5492 	DATA 	
635.5492 	DATA 	Trial complete
635.5492 	DATA 	Waiting for VASO trigger to start next trial
635.5493 	DATA 	
635.5992 	DATA 	Keypress: 5
635.5993 	DATA 	TR 408 | TR1 204 | TR2 204
636.0826 	DATA 	Target presented
636.6164 	DATA 	Keypress: 1
636.6325 	DATA 	Key1 pressed
636.6325 	DATA 	Target detected
637.1658 	DATA 	Keypress: 5
637.1658 	DATA 	Waited 1.616584062576294 seconds for trigger
637.1666 	DATA 	
637.1666 	DATA 	Trial 17
637.1666 	DATA 	stimDur = 2.0
637.1666 	DATA 	jitter = 0.0
637.1666 	DATA 	restDur = 22.0

637.1666 	DATA 	
637.1666 	DATA 	TR 409 | TR1 205 | TR2 204
637.1666 	DATA 	
637.1666 	DATA 	stimulation started
637.1666 	DATA 	
638.7160 	DATA 	Keypress: 5
638.7160 	DATA 	TR 410 | TR1 205 | TR2 205
639.1659 	DATA 	
639.1659 	DATA 	stimulation stopped
639.1659 	DATA 	
640.2988 	DATA 	Keypress: 5
640.2989 	DATA 	TR 411 | TR1 206 | TR2 205
641.8487 	DATA 	Keypress: 5
641.8487 	DATA 	TR 412 | TR1 206 | TR2 206
643.4157 	DATA 	Keypress: 5
643.4157 	DATA 	TR 413 | TR1 207 | TR2 206
644.9651 	DATA 	Keypress: 5
644.9651 	DATA 	TR 414 | TR1 207 | TR2 207
646.5483 	DATA 	Keypress: 5
646.5483 	DATA 	TR 415 | TR1 208 | TR2 207
648.0981 	DATA 	Keypress: 5
648.0982 	DATA 	TR 416 | TR1 208 | TR2 208
649.6646 	DATA 	Keypress: 5
649.6647 	DATA 	TR 417 | TR1 209 | TR2 208
651.2145 	DATA 	Keypress: 5
651.2146 	DATA 	TR 418 | TR1 209 | TR2 209
652.7810 	DATA 	Keypress: 5
652.7811 	DATA 	TR 419 | TR1 210 | TR2 209
654.3475 	DATA 	Keypress: 5
654.3476 	DATA 	TR 420 | TR1 210 | TR2 210
655.9141 	DATA 	Keypress: 5
655.9141 	DATA 	TR 421 | TR1 211 | TR2 210
657.4639 	DATA 	Keypress: 5
657.4640 	DATA 	TR 422 | TR1 211 | TR2 211
659.0304 	DATA 	Keypress: 5
659.0305 	DATA 	TR 423 | TR1 212 | TR2 211
660.5803 	DATA 	Keypress: 5
660.5803 	DATA 	TR 424 | TR1 212 | TR2 212
661.1802 	DATA 	
661.1802 	DATA 	Trial complete
661.1803 	DATA 	Waiting for VASO trigger to start next trial
661.1803 	DATA 	
662.1635 	DATA 	Keypress: 5
662.1636 	DATA 	Waited 0.9833159446716309 seconds for trigger
662.1643 	DATA 	
662.1644 	DATA 	Trial 18
662.1644 	DATA 	stimDur = 1.0
662.1644 	DATA 	jitter = 0.0
662.1644 	DATA 	restDur = 20.0

662.1644 	DATA 	
662.1644 	DATA 	TR 425 | TR1 213 | TR2 212
662.1644 	DATA 	
662.1644 	DATA 	stimulation started
662.1644 	DATA 	
663.1637 	DATA 	
663.1637 	DATA 	stimulation stopped
663.1637 	DATA 	
663.7134 	DATA 	Keypress: 5
663.7134 	DATA 	TR 426 | TR1 213 | TR2 213
665.2799 	DATA 	Keypress: 5
665.2800 	DATA 	TR 427 | TR1 214 | TR2 213
666.8297 	DATA 	Keypress: 5
666.8298 	DATA 	TR 428 | TR1 214 | TR2 214
668.3973 	DATA 	Keypress: 5
668.4129 	DATA 	TR 429 | TR1 215 | TR2 214
669.9628 	DATA 	Keypress: 5
669.9628 	DATA 	TR 430 | TR1 215 | TR2 215
671.5293 	DATA 	Keypress: 5
671.5294 	DATA 	TR 431 | TR1 216 | TR2 215
673.0792 	DATA 	Keypress: 5
673.0792 	DATA 	TR 432 | TR1 216 | TR2 216
674.6458 	DATA 	Keypress: 5
674.6458 	DATA 	TR 433 | TR1 217 | TR2 216
676.1956 	DATA 	Keypress: 5
676.1956 	DATA 	TR 434 | TR1 217 | TR2 217
677.7788 	DATA 	Keypress: 5
677.7788 	DATA 	TR 435 | TR1 218 | TR2 217
679.3286 	DATA 	Keypress: 5
679.3287 	DATA 	TR 436 | TR1 218 | TR2 218
680.8951 	DATA 	Keypress: 5
680.8952 	DATA 	TR 437 | TR1 219 | TR2 218
682.4450 	DATA 	Keypress: 5
682.4450 	DATA 	TR 438 | TR1 219 | TR2 219
683.1782 	DATA 	
683.1782 	DATA 	Trial complete
683.1783 	DATA 	Waiting for VASO trigger to start next trial
683.1783 	DATA 	
684.0282 	DATA 	Keypress: 5
684.0283 	DATA 	Waited 0.8499948978424072 seconds for trigger
684.0290 	DATA 	
684.0290 	DATA 	Trial 19
684.0290 	DATA 	stimDur = 24.0
684.0290 	DATA 	jitter = 2.35575
684.0290 	DATA 	restDur = 40.0

684.0290 	DATA 	
684.0290 	DATA 	TR 439 | TR1 220 | TR2 219
685.5780 	DATA 	Keypress: 5
685.5781 	DATA 	TR 440 | TR1 220 | TR2 220
686.3946 	DATA 	
686.3946 	DATA 	stimulation started
686.3946 	DATA 	
687.1451 	DATA 	Keypress: 5
687.1452 	DATA 	TR 441 | TR1 221 | TR2 220
688.6948 	DATA 	Keypress: 5
688.6948 	DATA 	TR 442 | TR1 221 | TR2 221
690.2610 	DATA 	Keypress: 5
690.2611 	DATA 	TR 443 | TR1 222 | TR2 221
691.8278 	DATA 	Keypress: 5
691.8279 	DATA 	TR 444 | TR1 222 | TR2 222
693.3944 	DATA 	Keypress: 5
693.3944 	DATA 	TR 445 | TR1 223 | TR2 222
694.9442 	DATA 	Keypress: 5
694.9442 	DATA 	TR 446 | TR1 223 | TR2 223
696.3274 	DATA 	Target presented
696.5108 	DATA 	Keypress: 5
696.5108 	DATA 	TR 447 | TR1 224 | TR2 223
698.0603 	DATA 	Keypress: 5
698.0603 	DATA 	TR 448 | TR1 224 | TR2 224
699.6438 	DATA 	Keypress: 5
699.6438 	DATA 	TR 449 | TR1 225 | TR2 224
701.1936 	DATA 	Keypress: 5
701.1937 	DATA 	TR 450 | TR1 225 | TR2 225
702.7602 	DATA 	Keypress: 5
702.7602 	DATA 	TR 451 | TR1 226 | TR2 225
704.3100 	DATA 	Keypress: 5
704.3101 	DATA 	TR 452 | TR1 226 | TR2 226
705.8932 	DATA 	Keypress: 5
705.8933 	DATA 	TR 453 | TR1 227 | TR2 226
707.4431 	DATA 	Keypress: 5
707.4431 	DATA 	TR 454 | TR1 227 | TR2 227
709.0096 	DATA 	Keypress: 5
709.0097 	DATA 	TR 455 | TR1 228 | TR2 227
710.3928 	DATA 	
710.3928 	DATA 	stimulation stopped
710.3928 	DATA 	
710.5591 	DATA 	Keypress: 5
710.5591 	DATA 	TR 456 | TR1 228 | TR2 228
712.1261 	DATA 	Keypress: 5
712.1261 	DATA 	TR 457 | TR1 229 | TR2 228
713.6761 	DATA 	Keypress: 5
713.6921 	DATA 	TR 458 | TR1 229 | TR2 229
715.2587 	DATA 	Keypress: 5
715.2587 	DATA 	TR 459 | TR1 230 | TR2 229
716.8085 	DATA 	Keypress: 5
716.8086 	DATA 	TR 460 | TR1 230 | TR2 230
718.3751 	DATA 	Keypress: 5
718.3751 	DATA 	TR 461 | TR1 231 | TR2 230
719.9249 	DATA 	Keypress: 5
719.9249 	DATA 	TR 462 | TR1 231 | TR2 231
721.5082 	DATA 	Keypress: 5
721.5082 	DATA 	TR 463 | TR1 232 | TR2 231
723.0580 	DATA 	Keypress: 5
723.0581 	DATA 	TR 464 | TR1 232 | TR2 232
724.6245 	DATA 	Keypress: 5
724.6245 	DATA 	TR 465 | TR1 233 | TR2 232
726.1744 	DATA 	Keypress: 5
726.1745 	DATA 	TR 466 | TR1 233 | TR2 233
727.7575 	DATA 	Keypress: 5
727.7576 	DATA 	TR 467 | TR1 234 | TR2 233
729.3074 	DATA 	Keypress: 5
729.3075 	DATA 	TR 468 | TR1 234 | TR2 234
730.8739 	DATA 	Keypress: 5
730.8740 	DATA 	TR 469 | TR1 235 | TR2 234
732.4238 	DATA 	Keypress: 5
732.4239 	DATA 	TR 470 | TR1 235 | TR2 235
733.9903 	DATA 	Keypress: 5
733.9903 	DATA 	TR 471 | TR1 236 | TR2 235
735.5402 	DATA 	Keypress: 5
735.5402 	DATA 	TR 472 | TR1 236 | TR2 236
737.1234 	DATA 	Keypress: 5
737.1234 	DATA 	TR 473 | TR1 237 | TR2 236
738.6732 	DATA 	Keypress: 5
738.6733 	DATA 	TR 474 | TR1 237 | TR2 237
740.2398 	DATA 	Keypress: 5
740.2398 	DATA 	TR 475 | TR1 238 | TR2 237
741.7896 	DATA 	Keypress: 5
741.7897 	DATA 	TR 476 | TR1 238 | TR2 238
743.3728 	DATA 	Keypress: 5
743.3728 	DATA 	TR 477 | TR1 239 | TR2 238
744.9231 	DATA 	Keypress: 5
744.9231 	DATA 	TR 478 | TR1 239 | TR2 239
746.4892 	DATA 	Keypress: 5
746.4892 	DATA 	TR 479 | TR1 240 | TR2 239
748.0395 	DATA 	Keypress: 5
748.0396 	DATA 	TR 480 | TR1 240 | TR2 240
749.6055 	DATA 	Keypress: 5
749.6056 	DATA 	TR 481 | TR1 241 | TR2 240
750.3888 	DATA 	
750.3888 	DATA 	Trial complete
750.3888 	DATA 	
751.1721 	DATA 	Keypress: 5
751.1721 	DATA 	TR 482 | TR1 241 | TR2 241
752.7386 	DATA 	Keypress: 5
752.7386 	DATA 	Waited 69.560378074646 seconds for trigger
752.7394 	DATA 	
752.7394 	DATA 	Trial 20
752.7394 	DATA 	stimDur = 12.0
752.7394 	DATA 	jitter = 1.5705
752.7394 	DATA 	restDur = 30.0

752.7394 	DATA 	
752.7394 	DATA 	TR 483 | TR1 242 | TR2 241
754.2885 	DATA 	Keypress: 5
754.2885 	DATA 	TR 484 | TR1 242 | TR2 242
754.3218 	DATA 	
754.3218 	DATA 	stimulation started
754.3218 	DATA 	
755.8555 	DATA 	Keypress: 5
755.8555 	DATA 	TR 485 | TR1 243 | TR2 242
757.4049 	DATA 	Keypress: 5
757.4049 	DATA 	TR 486 | TR1 243 | TR2 243
758.9884 	DATA 	Keypress: 5
758.9884 	DATA 	TR 487 | TR1 244 | TR2 243
760.5383 	DATA 	Keypress: 5
760.5383 	DATA 	TR 488 | TR1 244 | TR2 244
762.1044 	DATA 	Keypress: 5
762.1044 	DATA 	TR 489 | TR1 245 | TR2 244
763.6546 	DATA 	Keypress: 5
763.6547 	DATA 	TR 490 | TR1 245 | TR2 245
765.2219 	DATA 	Keypress: 5
765.2378 	DATA 	TR 491 | TR1 246 | TR2 245
766.3210 	DATA 	
766.3210 	DATA 	stimulation stopped
766.3210 	DATA 	
766.7873 	DATA 	Keypress: 5
766.7874 	DATA 	TR 492 | TR1 246 | TR2 246
768.3539 	DATA 	Keypress: 5
768.3539 	DATA 	TR 493 | TR1 247 | TR2 246
769.9037 	DATA 	Keypress: 5
769.9038 	DATA 	TR 494 | TR1 247 | TR2 247
771.4702 	DATA 	Keypress: 5
771.4703 	DATA 	TR 495 | TR1 248 | TR2 247
773.0205 	DATA 	Keypress: 5
773.0206 	DATA 	TR 496 | TR1 248 | TR2 248
773.8700 	DATA 	Target presented
774.5200 	DATA 	Keypress: 1
774.5200 	DATA 	Key1 pressed
774.5200 	DATA 	Target detected
774.6033 	DATA 	Keypress: 5
774.6033 	DATA 	TR 497 | TR1 249 | TR2 248
776.1531 	DATA 	Keypress: 5
776.1532 	DATA 	TR 498 | TR1 249 | TR2 249
777.7197 	DATA 	Keypress: 5
777.7197 	DATA 	TR 499 | TR1 250 | TR2 249
779.2695 	DATA 	Keypress: 5
779.2696 	DATA 	TR 500 | TR1 250 | TR2 250
780.8527 	DATA 	Keypress: 5
780.8528 	DATA 	TR 501 | TR1 251 | TR2 250
782.4026 	DATA 	Keypress: 5
782.4027 	DATA 	TR 502 | TR1 251 | TR2 251
783.9691 	DATA 	Keypress: 5
783.9691 	DATA 	TR 503 | TR1 252 | TR2 251
785.5190 	DATA 	Keypress: 5
785.5190 	DATA 	TR 504 | TR1 252 | TR2 252
787.0855 	DATA 	Keypress: 5
787.0856 	DATA 	TR 505 | TR1 253 | TR2 252
788.6520 	DATA 	Keypress: 5
788.6521 	DATA 	TR 506 | TR1 253 | TR2 253
790.2186 	DATA 	Keypress: 5
790.2186 	DATA 	TR 507 | TR1 254 | TR2 253
791.7684 	DATA 	Keypress: 5
791.7685 	DATA 	TR 508 | TR1 254 | TR2 254
793.3349 	DATA 	Keypress: 5
793.3350 	DATA 	TR 509 | TR1 255 | TR2 254
794.8848 	DATA 	Keypress: 5
794.8848 	DATA 	TR 510 | TR1 255 | TR2 255
796.3179 	DATA 	
796.3180 	DATA 	Trial complete
796.3180 	DATA 	
796.4680 	DATA 	Keypress: 5
796.4680 	DATA 	TR 511 | TR1 256 | TR2 255
798.0178 	DATA 	Keypress: 5
798.0179 	DATA 	TR 512 | TR1 256 | TR2 256
799.5844 	DATA 	Keypress: 5
799.5844 	DATA 	TR 513 | TR1 257 | TR2 256
801.1343 	DATA 	Keypress: 5
801.1343 	DATA 	TR 514 | TR1 257 | TR2 257
802.7174 	DATA 	Keypress: 5
802.7175 	DATA 	TR 515 | TR1 258 | TR2 257
804.2673 	DATA 	Keypress: 5
804.2673 	DATA 	TR 516 | TR1 258 | TR2 258
805.8342 	DATA 	Keypress: 5
805.8343 	DATA 	TR 517 | TR1 259 | TR2 258
807.3837 	DATA 	Keypress: 5
807.3837 	DATA 	TR 518 | TR1 259 | TR2 259
808.9501 	DATA 	Keypress: 5
808.9502 	DATA 	TR 519 | TR1 260 | TR2 259
810.5001 	DATA 	Keypress: 5
810.5001 	DATA 	TR 520 | TR1 260 | TR2 260
812.0836 	DATA 	Keypress: 5
812.0837 	DATA 	TR 521 | TR1 261 | TR2 260
813.6331 	DATA 	Keypress: 5
813.6331 	DATA 	TR 522 | TR1 261 | TR2 261
815.1996 	DATA 	Keypress: 5
815.1996 	DATA 	TR 523 | TR1 262 | TR2 261
816.7495 	DATA 	Keypress: 5
816.7495 	DATA 	TR 524 | TR1 262 | TR2 262
818.3326 	DATA 	Keypress: 5
818.3327 	DATA 	TR 525 | TR1 263 | TR2 262
819.8825 	DATA 	Keypress: 5
819.8826 	DATA 	TR 526 | TR1 263 | TR2 263
821.4490 	DATA 	Keypress: 5
821.4491 	DATA 	TR 527 | TR1 264 | TR2 263
822.9989 	DATA 	Keypress: 5
822.9990 	DATA 	TR 528 | TR1 264 | TR2 264
824.5660 	DATA 	Keypress: 5
824.5820 	DATA 	TR 529 | TR1 265 | TR2 264
826.1320 	DATA 	Keypress: 5
826.1320 	DATA 	TR 530 | TR1 265 | TR2 265
827.6984 	DATA 	Keypress: 5
827.6985 	DATA 	TR 531 | TR1 266 | TR2 265
829.2483 	DATA 	Keypress: 5
829.2484 	DATA 	TR 532 | TR1 266 | TR2 266
830.8148 	DATA 	Keypress: 5
830.8149 	DATA 	TR 533 | TR1 267 | TR2 266
832.3647 	DATA 	Keypress: 5
832.3648 	DATA 	TR 534 | TR1 267 | TR2 267
833.9479 	DATA 	Keypress: 5
833.9480 	DATA 	TR 535 | TR1 268 | TR2 267
835.4978 	DATA 	Keypress: 5
835.4978 	DATA 	TR 536 | TR1 268 | TR2 268
837.0643 	DATA 	Keypress: 5
837.0643 	DATA 	TR 537 | TR1 269 | TR2 268
838.6142 	DATA 	Keypress: 5
838.6142 	DATA 	TR 538 | TR1 269 | TR2 269
840.1973 	DATA 	Keypress: 5
840.1974 	DATA 	TR 539 | TR1 270 | TR2 269
841.7472 	DATA 	Keypress: 5
841.7473 	DATA 	TR 540 | TR1 270 | TR2 270
843.3137 	DATA 	Keypress: 5
843.3137 	DATA 	TR 541 | TR1 271 | TR2 270
844.8636 	DATA 	Keypress: 5
844.8636 	DATA 	TR 542 | TR1 271 | TR2 271
846.4301 	DATA 	Keypress: 5
846.4302 	DATA 	TR 543 | TR1 272 | TR2 271
847.9806 	DATA 	Keypress: 5
847.9966 	DATA 	TR 544 | TR1 272 | TR2 272
849.5631 	DATA 	Keypress: 5
849.5632 	DATA 	TR 545 | TR1 273 | TR2 272
851.1130 	DATA 	Keypress: 5
851.1131 	DATA 	TR 546 | TR1 273 | TR2 273
852.6795 	DATA 	Keypress: 5
852.6796 	DATA 	TR 547 | TR1 274 | TR2 273
854.2294 	DATA 	Keypress: 5
854.2295 	DATA 	TR 548 | TR1 274 | TR2 274
855.8126 	DATA 	Keypress: 5
855.8126 	DATA 	TR 549 | TR1 275 | TR2 274
857.3625 	DATA 	Keypress: 5
857.3625 	DATA 	TR 550 | TR1 275 | TR2 275
858.9290 	DATA 	Keypress: 5
858.9290 	DATA 	TR 551 | TR1 276 | TR2 275
860.4788 	DATA 	Keypress: 5
860.4788 	DATA 	TR 552 | TR1 276 | TR2 276
862.0453 	DATA 	Keypress: 5
862.0454 	DATA 	TR 553 | TR1 277 | TR2 276
863.6119 	DATA 	Keypress: 5
863.6119 	DATA 	TR 554 | TR1 277 | TR2 277
864.3284 	DATA 	EndOfRun sub-08_ses-01_run-01

864.3285 	DATA 	We spent 93.76495337486267 seconds waiting for triggers
864.3285 	DATA 	RatioOfDetectedTargets 0.8333333333333334
864.3285 	DATA 	You have detected 10 out of 12 targets.
869.1508 	DATA 	Keypress: 5
869.1510 	DATA 	Keypress: 5
869.1511 	DATA 	Keypress: 5
869.3578 	EXP 	window1: mouseVisible = True
