MonitorDistance=99cm
MonitorWidth=30cm
PixelWidth=1024.0
PixelHeight=768.0
You have detected 9 out of 12 targets.
Please try to focus more
14.7066 	INFO 	Loaded monitor calibration from ['2021_05_26 17:55']
15.1805 	EXP 	Created window1 = Window(allowGUI=False, allowStencil=False, autoLog=True, backendConf=UNKNOWN, bitsMode=UNKNOWN, blendMode='avg', bpc=(8, 8, 8), color=array([-0.5, -0.5, -0.5]), colorSpace='rgb', depthBits=8, fullscr=<method-wrapper '__getattribute__' of attributeSetter object at 0x7f89b3a04390>, gamma=None, gammaErrorPolicy='raise', lms=UNKNOWN, monitor=<psychopy.monitors.calibTools.Monitor object at 0x7f89a97a3fd0>, multiSample=False, name='window1', numSamples=2, pos=[0.0, 0.0], screen=0, size=array([1024,  768]), stencilBits=0, stereo=False, units='deg', useFBO=False, useRetina=False, viewOri=0.0, viewPos=None, viewScale=None, waitBlanking=True, winType='pyglet')
15.1806 	EXP 	window1: mouseVisible = True
15.2443 	EXP 	Created unnamed TextStim = TextStim(__class__=<class 'psychopy.visual.text.TextStim'>, alignHoriz=method-wrapper(...), alignText='center', alignVert=method-wrapper(...), anchorHoriz='center', anchorVert='center', antialias=True, autoLog=True, bold=False, color=array([1., 1., 1.]), colorSpace='rgb', contrast=1.0, depth=0, flipHoriz=False, flipVert=False, font='', fontFiles=[], height=0.5, italic=False, languageStyle='LTR', name='unnamed TextStim', opacity=1.0, ori=0.0, pos=array([0., 0.]), rgb=UNKNOWN, text=str(...), units='deg', win=Window(...), wrapWidth=15.0)
15.2750 	EXP 	Created Movie Frame 0 = ImageStim(__class__=<class 'psychopy.visual.image.ImageStim'>, autoLog=True, color=array([0.8, 0.8, 0.8]), colorSpace='rgb', contrast=0.8, depth=0, flipHoriz=False, flipVert=False, image='visual_0.png', interpolate=False, mask=None, maskParams=None, name='Movie Frame 0', opacity=1, ori=0.0, pos=array([0., 0.]), size=array([1024,  768]), texRes=128, units='pix', win=Window(...))
15.2988 	EXP 	Created Movie Frame 1 = ImageStim(__class__=<class 'psychopy.visual.image.ImageStim'>, autoLog=True, color=array([0.8, 0.8, 0.8]), colorSpace='rgb', contrast=0.8, depth=0, flipHoriz=False, flipVert=False, image='visual_1.png', interpolate=False, mask=None, maskParams=None, name='Movie Frame 1', opacity=1, ori=0.0, pos=array([0., 0.]), size=array([1024,  768]), texRes=128, units='pix', win=Window(...))
176.4432 	DATA 	Keypress: 5
0.0000 	DATA 	StartOfRun sub-08_ses-01_run-02
0.0000 	DATA 	TR 1 | TR1 1 | TR2 0
0.0175 	DATA 	Initial baseline

1.5501 	DATA 	Keypress: 5
1.5502 	DATA 	TR 2 | TR1 1 | TR2 1
3.1222 	DATA 	Keypress: 5
3.1223 	DATA 	TR 3 | TR1 2 | TR2 1
4.6734 	DATA 	Keypress: 5
4.6734 	DATA 	TR 4 | TR1 2 | TR2 2
6.2456 	DATA 	Keypress: 5
6.2456 	DATA 	TR 5 | TR1 3 | TR2 2
7.7968 	DATA 	Keypress: 5
7.7968 	DATA 	TR 6 | TR1 3 | TR2 3
9.3689 	DATA 	Keypress: 5
9.3690 	DATA 	TR 7 | TR1 4 | TR2 3
10.9200 	DATA 	Keypress: 5
10.9200 	DATA 	TR 8 | TR1 4 | TR2 4
12.4923 	DATA 	Keypress: 5
12.4924 	DATA 	TR 9 | TR1 5 | TR2 4
14.0435 	DATA 	Keypress: 5
14.0435 	DATA 	TR 10 | TR1 5 | TR2 5
15.6157 	DATA 	Keypress: 5
15.6157 	DATA 	TR 11 | TR1 6 | TR2 5
17.1669 	DATA 	Keypress: 5
17.1669 	DATA 	TR 12 | TR1 6 | TR2 6
18.7391 	DATA 	Keypress: 5
18.7391 	DATA 	TR 13 | TR1 7 | TR2 6
20.2904 	DATA 	Keypress: 5
20.2904 	DATA 	TR 14 | TR1 7 | TR2 7
21.8625 	DATA 	Keypress: 5
21.8625 	DATA 	TR 15 | TR1 8 | TR2 7
23.4137 	DATA 	Keypress: 5
23.4137 	DATA 	TR 16 | TR1 8 | TR2 8
24.9859 	DATA 	Keypress: 5
24.9859 	DATA 	TR 17 | TR1 9 | TR2 8
26.5371 	DATA 	Keypress: 5
26.5371 	DATA 	TR 18 | TR1 9 | TR2 9
28.1094 	DATA 	Keypress: 5
28.1094 	DATA 	TR 19 | TR1 10 | TR2 9
29.6604 	DATA 	Keypress: 5
29.6605 	DATA 	TR 20 | TR1 10 | TR2 10
31.2486 	DATA 	Keypress: 5
31.2487 	DATA 	Waited 1.2486541271209717 seconds for trigger
31.2501 	DATA 	
31.2501 	DATA 	Trial 1
31.2501 	DATA 	stimDur = 4.0
31.2501 	DATA 	jitter = 1.5705
31.2501 	DATA 	restDur = 24.0

31.2501 	DATA 	
31.2501 	DATA 	TR 21 | TR1 11 | TR2 10
32.7981 	DATA 	Keypress: 5
32.7982 	DATA 	TR 22 | TR1 11 | TR2 11
32.8314 	DATA 	
32.8314 	DATA 	stimulation started
32.8314 	DATA 	
34.3651 	DATA 	Keypress: 5
34.3651 	DATA 	TR 23 | TR1 12 | TR2 11
35.9145 	DATA 	Keypress: 5
35.9146 	DATA 	TR 24 | TR1 12 | TR2 12
36.8314 	DATA 	
36.8314 	DATA 	stimulation stopped
36.8314 	DATA 	
37.4810 	DATA 	Keypress: 5
37.4810 	DATA 	TR 25 | TR1 13 | TR2 12
39.0309 	DATA 	Keypress: 5
39.0310 	DATA 	TR 26 | TR1 13 | TR2 13
40.6140 	DATA 	Keypress: 5
40.6141 	DATA 	TR 27 | TR1 14 | TR2 13
42.1639 	DATA 	Keypress: 5
42.1640 	DATA 	TR 28 | TR1 14 | TR2 14
43.7304 	DATA 	Keypress: 5
43.7305 	DATA 	TR 29 | TR1 15 | TR2 14
45.2803 	DATA 	Keypress: 5
45.2804 	DATA 	TR 30 | TR1 15 | TR2 15
46.8635 	DATA 	Keypress: 5
46.8635 	DATA 	TR 31 | TR1 16 | TR2 15
48.4133 	DATA 	Keypress: 5
48.4134 	DATA 	TR 32 | TR1 16 | TR2 16
49.9799 	DATA 	Keypress: 5
49.9799 	DATA 	TR 33 | TR1 17 | TR2 16
51.5298 	DATA 	Keypress: 5
51.5298 	DATA 	TR 34 | TR1 17 | TR2 17
53.0968 	DATA 	Keypress: 5
53.1129 	DATA 	TR 35 | TR1 18 | TR2 17
54.6628 	DATA 	Keypress: 5
54.6628 	DATA 	TR 36 | TR1 18 | TR2 18
56.2293 	DATA 	Keypress: 5
56.2293 	DATA 	TR 37 | TR1 19 | TR2 18
57.7792 	DATA 	Keypress: 5
57.7792 	DATA 	TR 38 | TR1 19 | TR2 19
59.3456 	DATA 	Keypress: 5
59.3457 	DATA 	TR 39 | TR1 20 | TR2 19
60.8288 	DATA 	
60.8288 	DATA 	Trial complete
60.8289 	DATA 	Waiting for VASO trigger to start next trial
60.8289 	DATA 	
60.8956 	DATA 	Keypress: 5
60.8956 	DATA 	TR 40 | TR1 20 | TR2 20
62.4787 	DATA 	Keypress: 5
62.4788 	DATA 	Waited 1.6499030590057373 seconds for trigger
62.4795 	DATA 	
62.4796 	DATA 	Trial 2
62.4796 	DATA 	stimDur = 12.0
62.4796 	DATA 	jitter = 2.35575
62.4796 	DATA 	restDur = 30.0

62.4796 	DATA 	
62.4796 	DATA 	TR 41 | TR1 21 | TR2 20
64.0286 	DATA 	Keypress: 5
64.0286 	DATA 	TR 42 | TR1 21 | TR2 21
64.8451 	DATA 	
64.8451 	DATA 	stimulation started
64.8452 	DATA 	
65.5952 	DATA 	Keypress: 5
65.5952 	DATA 	TR 43 | TR1 22 | TR2 21
67.1453 	DATA 	Keypress: 5
67.1453 	DATA 	TR 44 | TR1 22 | TR2 22
68.7125 	DATA 	Keypress: 5
68.7282 	DATA 	TR 45 | TR1 23 | TR2 22
70.2783 	DATA 	Keypress: 5
70.2783 	DATA 	TR 46 | TR1 23 | TR2 23
71.8451 	DATA 	Keypress: 5
71.8451 	DATA 	TR 47 | TR1 24 | TR2 23
73.3948 	DATA 	Keypress: 5
73.3948 	DATA 	TR 48 | TR1 24 | TR2 24
74.9610 	DATA 	Keypress: 5
74.9610 	DATA 	TR 49 | TR1 25 | TR2 24
76.5119 	DATA 	Keypress: 5
76.5279 	DATA 	TR 50 | TR1 25 | TR2 25
76.8445 	DATA 	
76.8445 	DATA 	stimulation stopped
76.8445 	DATA 	
78.0940 	DATA 	Keypress: 5
78.0940 	DATA 	TR 51 | TR1 26 | TR2 25
79.6438 	DATA 	Keypress: 5
79.6438 	DATA 	TR 52 | TR1 26 | TR2 26
81.2104 	DATA 	Keypress: 5
81.2104 	DATA 	TR 53 | TR1 27 | TR2 26
82.7602 	DATA 	Keypress: 5
82.7602 	DATA 	TR 54 | TR1 27 | TR2 27
84.3434 	DATA 	Keypress: 5
84.3435 	DATA 	TR 55 | TR1 28 | TR2 27
85.8933 	DATA 	Keypress: 5
85.8933 	DATA 	TR 56 | TR1 28 | TR2 28
87.4598 	DATA 	Keypress: 5
87.4598 	DATA 	TR 57 | TR1 29 | TR2 28
89.0096 	DATA 	Keypress: 5
89.0097 	DATA 	TR 58 | TR1 29 | TR2 29
90.3428 	DATA 	Target presented
90.5762 	DATA 	Keypress: 5
90.5762 	DATA 	TR 59 | TR1 30 | TR2 29
90.8767 	DATA 	Keypress: 1
90.8928 	DATA 	Key1 pressed
90.8928 	DATA 	Target detected
92.1427 	DATA 	Keypress: 5
92.1427 	DATA 	TR 60 | TR1 30 | TR2 30
93.7092 	DATA 	Keypress: 5
93.7093 	DATA 	TR 61 | TR1 31 | TR2 30
95.2591 	DATA 	Keypress: 5
95.2591 	DATA 	TR 62 | TR1 31 | TR2 31
96.8256 	DATA 	Keypress: 5
96.8256 	DATA 	TR 63 | TR1 32 | TR2 31
98.3754 	DATA 	Keypress: 5
98.3755 	DATA 	TR 64 | TR1 32 | TR2 32
99.9587 	DATA 	Keypress: 5
99.9587 	DATA 	TR 65 | TR1 33 | TR2 32
101.5089 	DATA 	Keypress: 5
101.5090 	DATA 	TR 66 | TR1 33 | TR2 33
103.0750 	DATA 	Keypress: 5
103.0751 	DATA 	TR 67 | TR1 34 | TR2 33
104.6249 	DATA 	Keypress: 5
104.6249 	DATA 	TR 68 | TR1 34 | TR2 34
106.2081 	DATA 	Keypress: 5
106.2082 	DATA 	TR 69 | TR1 35 | TR2 34
106.8413 	DATA 	
106.8413 	DATA 	Trial complete
106.8413 	DATA 	Waiting for VASO trigger to start next trial
106.8413 	DATA 	
107.7579 	DATA 	Keypress: 5
107.7579 	DATA 	TR 70 | TR1 35 | TR2 35
109.3245 	DATA 	Keypress: 5
109.3245 	DATA 	Waited 2.48319411277771 seconds for trigger
109.3253 	DATA 	
109.3253 	DATA 	Trial 3
109.3253 	DATA 	stimDur = 24.0
109.3253 	DATA 	jitter = 0.78525
109.3253 	DATA 	restDur = 40.0

109.3253 	DATA 	
109.3253 	DATA 	TR 71 | TR1 36 | TR2 35
110.1243 	DATA 	
110.1244 	DATA 	stimulation started
110.1244 	DATA 	
110.8747 	DATA 	Keypress: 5
110.8747 	DATA 	TR 72 | TR1 36 | TR2 36
112.4412 	DATA 	Keypress: 5
112.4413 	DATA 	TR 73 | TR1 37 | TR2 36
113.9910 	DATA 	Keypress: 5
113.9911 	DATA 	TR 74 | TR1 37 | TR2 37
115.5743 	DATA 	Keypress: 5
115.5743 	DATA 	TR 75 | TR1 38 | TR2 37
117.1241 	DATA 	Keypress: 5
117.1241 	DATA 	TR 76 | TR1 38 | TR2 38
118.6906 	DATA 	Keypress: 5
118.6907 	DATA 	TR 77 | TR1 39 | TR2 38
120.2405 	DATA 	Keypress: 5
120.2405 	DATA 	TR 78 | TR1 39 | TR2 39
121.8237 	DATA 	Keypress: 5
121.8238 	DATA 	TR 79 | TR1 40 | TR2 39
123.3735 	DATA 	Keypress: 5
123.3736 	DATA 	TR 80 | TR1 40 | TR2 40
124.9401 	DATA 	Keypress: 5
124.9401 	DATA 	TR 81 | TR1 41 | TR2 40
126.4899 	DATA 	Keypress: 5
126.4899 	DATA 	TR 82 | TR1 41 | TR2 41
128.0572 	DATA 	Keypress: 5
128.0731 	DATA 	TR 83 | TR1 42 | TR2 41
129.6230 	DATA 	Keypress: 5
129.6230 	DATA 	TR 84 | TR1 42 | TR2 42
131.1892 	DATA 	Keypress: 5
131.1893 	DATA 	TR 85 | TR1 43 | TR2 42
132.7394 	DATA 	Keypress: 5
132.7394 	DATA 	TR 86 | TR1 43 | TR2 43
134.1225 	DATA 	
134.1225 	DATA 	stimulation stopped
134.1225 	DATA 	
134.3055 	DATA 	Keypress: 5
134.3056 	DATA 	TR 87 | TR1 44 | TR2 43
135.8554 	DATA 	Keypress: 5
135.8554 	DATA 	TR 88 | TR1 44 | TR2 44
137.4386 	DATA 	Keypress: 5
137.4386 	DATA 	TR 89 | TR1 45 | TR2 44
138.9884 	DATA 	Keypress: 5
138.9884 	DATA 	TR 90 | TR1 45 | TR2 45
140.5550 	DATA 	Keypress: 5
140.5550 	DATA 	TR 91 | TR1 46 | TR2 45
142.1048 	DATA 	Keypress: 5
142.1049 	DATA 	TR 92 | TR1 46 | TR2 46
143.6880 	DATA 	Keypress: 5
143.6881 	DATA 	TR 93 | TR1 47 | TR2 46
145.2378 	DATA 	Keypress: 5
145.2379 	DATA 	TR 94 | TR1 47 | TR2 47
146.8044 	DATA 	Keypress: 5
146.8044 	DATA 	TR 95 | TR1 48 | TR2 47
148.3542 	DATA 	Keypress: 5
148.3542 	DATA 	TR 96 | TR1 48 | TR2 48
149.9208 	DATA 	Keypress: 5
149.9208 	DATA 	TR 97 | TR1 49 | TR2 48
151.4873 	DATA 	Keypress: 5
151.4873 	DATA 	TR 98 | TR1 49 | TR2 49
152.8872 	DATA 	Target presented
153.0543 	DATA 	Keypress: 5
153.0543 	DATA 	TR 99 | TR1 50 | TR2 49
154.6037 	DATA 	Keypress: 5
154.6037 	DATA 	TR 100 | TR1 50 | TR2 50
156.1702 	DATA 	Keypress: 5
156.1703 	DATA 	TR 101 | TR1 51 | TR2 50
157.7200 	DATA 	Keypress: 5
157.7201 	DATA 	TR 102 | TR1 51 | TR2 51
159.3033 	DATA 	Keypress: 5
159.3033 	DATA 	TR 103 | TR1 52 | TR2 51
160.8531 	DATA 	Keypress: 5
160.8531 	DATA 	TR 104 | TR1 52 | TR2 52
162.4197 	DATA 	Keypress: 5
162.4197 	DATA 	TR 105 | TR1 53 | TR2 52
163.9695 	DATA 	Keypress: 5
163.9695 	DATA 	TR 106 | TR1 53 | TR2 53
165.5527 	DATA 	Keypress: 5
165.5527 	DATA 	TR 107 | TR1 54 | TR2 53
167.1025 	DATA 	Keypress: 5
167.1026 	DATA 	TR 108 | TR1 54 | TR2 54
168.6691 	DATA 	Keypress: 5
168.6691 	DATA 	TR 109 | TR1 55 | TR2 54
170.2189 	DATA 	Keypress: 5
170.2189 	DATA 	TR 110 | TR1 55 | TR2 55
171.7854 	DATA 	Keypress: 5
171.7855 	DATA 	TR 111 | TR1 56 | TR2 55
173.3353 	DATA 	Keypress: 5
173.3354 	DATA 	TR 112 | TR1 56 | TR2 56
174.1185 	DATA 	
174.1185 	DATA 	Trial complete
174.1186 	DATA 	Waiting for VASO trigger to start next trial
174.1186 	DATA 	
174.9185 	DATA 	Keypress: 5
174.9185 	DATA 	Waited 0.7999730110168457 seconds for trigger
174.9193 	DATA 	
174.9193 	DATA 	Trial 4
174.9193 	DATA 	stimDur = 24.0
174.9193 	DATA 	jitter = 1.5705
174.9193 	DATA 	restDur = 40.0

174.9193 	DATA 	
174.9193 	DATA 	TR 113 | TR1 57 | TR2 56
176.4684 	DATA 	Keypress: 5
176.4684 	DATA 	TR 114 | TR1 57 | TR2 57
176.5016 	DATA 	
176.5017 	DATA 	stimulation started
176.5017 	DATA 	
178.0353 	DATA 	Keypress: 5
178.0353 	DATA 	TR 115 | TR1 58 | TR2 57
179.5851 	DATA 	Keypress: 5
179.5851 	DATA 	TR 116 | TR1 58 | TR2 58
181.1683 	DATA 	Keypress: 5
181.1684 	DATA 	TR 117 | TR1 59 | TR2 58
182.7181 	DATA 	Keypress: 5
182.7182 	DATA 	TR 118 | TR1 59 | TR2 59
184.2847 	DATA 	Keypress: 5
184.2847 	DATA 	TR 119 | TR1 60 | TR2 59
185.8345 	DATA 	Keypress: 5
185.8345 	DATA 	TR 120 | TR1 60 | TR2 60
187.4011 	DATA 	Keypress: 5
187.4011 	DATA 	TR 121 | TR1 61 | TR2 60
188.9676 	DATA 	Keypress: 5
188.9676 	DATA 	TR 122 | TR1 61 | TR2 61
190.5341 	DATA 	Keypress: 5
190.5341 	DATA 	TR 123 | TR1 62 | TR2 61
192.0836 	DATA 	Keypress: 5
192.0837 	DATA 	TR 124 | TR1 62 | TR2 62
193.6505 	DATA 	Keypress: 5
193.6506 	DATA 	TR 125 | TR1 63 | TR2 62
195.2003 	DATA 	Keypress: 5
195.2004 	DATA 	TR 126 | TR1 63 | TR2 63
196.7836 	DATA 	Keypress: 5
196.7836 	DATA 	TR 127 | TR1 64 | TR2 63
198.3334 	DATA 	Keypress: 5
198.3334 	DATA 	TR 128 | TR1 64 | TR2 64
199.8999 	DATA 	Keypress: 5
199.9000 	DATA 	TR 129 | TR1 65 | TR2 64
200.4998 	DATA 	
200.4998 	DATA 	stimulation stopped
200.4998 	DATA 	
201.4494 	DATA 	Keypress: 5
201.4494 	DATA 	TR 130 | TR1 65 | TR2 65
203.0326 	DATA 	Keypress: 5
203.0327 	DATA 	TR 131 | TR1 66 | TR2 65
204.5824 	DATA 	Keypress: 5
204.5825 	DATA 	TR 132 | TR1 66 | TR2 66
206.1490 	DATA 	Keypress: 5
206.1491 	DATA 	TR 133 | TR1 67 | TR2 66
207.6988 	DATA 	Keypress: 5
207.6989 	DATA 	TR 134 | TR1 67 | TR2 67
209.2654 	DATA 	Keypress: 5
209.2654 	DATA 	TR 135 | TR1 68 | TR2 67
210.8158 	DATA 	Keypress: 5
210.8318 	DATA 	TR 136 | TR1 68 | TR2 68
212.3984 	DATA 	Keypress: 5
212.3985 	DATA 	TR 137 | TR1 69 | TR2 68
213.9483 	DATA 	Keypress: 5
213.9483 	DATA 	TR 138 | TR1 69 | TR2 69
215.5148 	DATA 	Keypress: 5
215.5149 	DATA 	TR 139 | TR1 70 | TR2 69
217.0646 	DATA 	Keypress: 5
217.0647 	DATA 	TR 140 | TR1 70 | TR2 70
218.6479 	DATA 	Keypress: 5
218.6479 	DATA 	TR 141 | TR1 71 | TR2 70
220.1977 	DATA 	Keypress: 5
220.1978 	DATA 	TR 142 | TR1 71 | TR2 71
221.7642 	DATA 	Keypress: 5
221.7643 	DATA 	TR 143 | TR1 72 | TR2 71
222.3475 	DATA 	Target presented
222.7975 	DATA 	Keypress: 1
222.7975 	DATA 	Key1 pressed
222.7975 	DATA 	Target detected
223.3141 	DATA 	Keypress: 5
223.3141 	DATA 	TR 144 | TR1 72 | TR2 72
224.8806 	DATA 	Keypress: 5
224.8807 	DATA 	TR 145 | TR1 73 | TR2 72
226.4471 	DATA 	Keypress: 5
226.4472 	DATA 	TR 146 | TR1 73 | TR2 73
228.0137 	DATA 	Keypress: 5
228.0137 	DATA 	TR 147 | TR1 74 | TR2 73
229.5635 	DATA 	Keypress: 5
229.5635 	DATA 	TR 148 | TR1 74 | TR2 74
231.1300 	DATA 	Keypress: 5
231.1301 	DATA 	TR 149 | TR1 75 | TR2 74
232.6799 	DATA 	Keypress: 5
232.6800 	DATA 	TR 150 | TR1 75 | TR2 75
234.2631 	DATA 	Keypress: 5
234.2632 	DATA 	TR 151 | TR1 76 | TR2 75
235.8129 	DATA 	Keypress: 5
235.8130 	DATA 	TR 152 | TR1 76 | TR2 76
237.3795 	DATA 	Keypress: 5
237.3796 	DATA 	TR 153 | TR1 77 | TR2 76
238.9293 	DATA 	Keypress: 5
238.9294 	DATA 	TR 154 | TR1 77 | TR2 77
240.4958 	DATA 	
240.4958 	DATA 	Trial complete
240.4958 	DATA 	Waiting for VASO trigger to start next trial
240.4958 	DATA 	
240.5125 	DATA 	Keypress: 5
240.5126 	DATA 	Waited 0.01674795150756836 seconds for trigger
240.5133 	DATA 	
240.5134 	DATA 	Trial 5
240.5134 	DATA 	stimDur = 1.0
240.5134 	DATA 	jitter = 0.78525
240.5134 	DATA 	restDur = 20.0

240.5134 	DATA 	
240.5134 	DATA 	TR 155 | TR1 78 | TR2 77
241.3124 	DATA 	
241.3124 	DATA 	stimulation started
241.3124 	DATA 	
242.0624 	DATA 	Keypress: 5
242.0625 	DATA 	TR 156 | TR1 78 | TR2 78
242.3127 	DATA 	
242.3127 	DATA 	stimulation stopped
242.3127 	DATA 	
243.6289 	DATA 	Keypress: 5
243.6290 	DATA 	TR 157 | TR1 79 | TR2 78
245.1788 	DATA 	Keypress: 5
245.1788 	DATA 	TR 158 | TR1 79 | TR2 79
246.7454 	DATA 	Keypress: 5
246.7454 	DATA 	TR 159 | TR1 80 | TR2 79
248.2958 	DATA 	Keypress: 5
248.3118 	DATA 	TR 160 | TR1 80 | TR2 80
249.8784 	DATA 	Keypress: 5
249.8784 	DATA 	TR 161 | TR1 81 | TR2 80
251.4286 	DATA 	Keypress: 5
251.4287 	DATA 	TR 162 | TR1 81 | TR2 81
252.9948 	DATA 	Keypress: 5
252.9948 	DATA 	TR 163 | TR1 82 | TR2 81
254.5446 	DATA 	Keypress: 5
254.5446 	DATA 	TR 164 | TR1 82 | TR2 82
256.1278 	DATA 	Keypress: 5
256.1278 	DATA 	TR 165 | TR1 83 | TR2 82
257.6776 	DATA 	Keypress: 5
257.6777 	DATA 	TR 166 | TR1 83 | TR2 83
259.2442 	DATA 	Keypress: 5
259.2442 	DATA 	TR 167 | TR1 84 | TR2 83
260.7940 	DATA 	Keypress: 5
260.7941 	DATA 	TR 168 | TR1 84 | TR2 84
262.3105 	DATA 	
262.3105 	DATA 	Trial complete
262.3105 	DATA 	Waiting for VASO trigger to start next trial
262.3105 	DATA 	
262.3616 	DATA 	Keypress: 5
262.3771 	DATA 	Waited 0.06658482551574707 seconds for trigger
262.3779 	DATA 	
262.3779 	DATA 	Trial 6
262.3779 	DATA 	stimDur = 2.0
262.3779 	DATA 	jitter = 0.78525
262.3779 	DATA 	restDur = 22.0

262.3779 	DATA 	
262.3779 	DATA 	TR 169 | TR1 85 | TR2 84
263.1771 	DATA 	
263.1771 	DATA 	stimulation started
263.1771 	DATA 	
263.9274 	DATA 	Keypress: 5
263.9275 	DATA 	TR 170 | TR1 85 | TR2 85
265.1773 	DATA 	
265.1773 	DATA 	stimulation stopped
265.1773 	DATA 	
265.4936 	DATA 	Keypress: 5
265.4936 	DATA 	TR 171 | TR1 86 | TR2 85
267.0434 	DATA 	Keypress: 5
267.0435 	DATA 	TR 172 | TR1 86 | TR2 86
268.6100 	DATA 	Keypress: 5
268.6101 	DATA 	TR 173 | TR1 87 | TR2 86
268.6599 	DATA 	Target presented
270.1599 	DATA 	Keypress: 5
270.1599 	DATA 	TR 174 | TR1 87 | TR2 87
271.7431 	DATA 	Keypress: 5
271.7431 	DATA 	TR 175 | TR1 88 | TR2 87
273.2929 	DATA 	Keypress: 5
273.2929 	DATA 	TR 176 | TR1 88 | TR2 88
274.8594 	DATA 	Keypress: 5
274.8595 	DATA 	TR 177 | TR1 89 | TR2 88
276.4092 	DATA 	Keypress: 5
276.4093 	DATA 	TR 178 | TR1 89 | TR2 89
277.9929 	DATA 	Keypress: 5
277.9930 	DATA 	TR 179 | TR1 90 | TR2 89
279.5423 	DATA 	Keypress: 5
279.5424 	DATA 	TR 180 | TR1 90 | TR2 90
281.1088 	DATA 	Keypress: 5
281.1089 	DATA 	TR 181 | TR1 91 | TR2 90
282.6587 	DATA 	Keypress: 5
282.6587 	DATA 	TR 182 | TR1 91 | TR2 91
284.2253 	DATA 	Keypress: 5
284.2253 	DATA 	TR 183 | TR1 92 | TR2 91
285.7917 	DATA 	Keypress: 5
285.7918 	DATA 	TR 184 | TR1 92 | TR2 92
287.1749 	DATA 	
287.1749 	DATA 	Trial complete
287.1750 	DATA 	Waiting for VASO trigger to start next trial
287.1750 	DATA 	
287.3583 	DATA 	Keypress: 5
287.3583 	DATA 	Waited 0.18335199356079102 seconds for trigger
287.3591 	DATA 	
287.3591 	DATA 	Trial 7
287.3591 	DATA 	stimDur = 4.0
287.3591 	DATA 	jitter = 2.35575
287.3591 	DATA 	restDur = 24.0

287.3591 	DATA 	
287.3591 	DATA 	TR 185 | TR1 93 | TR2 92
288.9081 	DATA 	Keypress: 5
288.9082 	DATA 	TR 186 | TR1 93 | TR2 93
289.7247 	DATA 	
289.7247 	DATA 	stimulation started
289.7247 	DATA 	
290.3250 	DATA 	Keypress: 1
290.3251 	DATA 	Key1 pressed
290.4750 	DATA 	Keypress: 5
290.4750 	DATA 	TR 187 | TR1 94 | TR2 93
292.0246 	DATA 	Keypress: 5
292.0246 	DATA 	TR 188 | TR1 94 | TR2 94
293.6081 	DATA 	Keypress: 5
293.6081 	DATA 	TR 189 | TR1 95 | TR2 94
293.7243 	DATA 	
293.7243 	DATA 	stimulation stopped
293.7243 	DATA 	
295.1576 	DATA 	Keypress: 5
295.1576 	DATA 	TR 190 | TR1 95 | TR2 95
296.7241 	DATA 	Keypress: 5
296.7242 	DATA 	TR 191 | TR1 96 | TR2 95
298.2739 	DATA 	Keypress: 5
298.2740 	DATA 	TR 192 | TR1 96 | TR2 96
299.8571 	DATA 	Keypress: 5
299.8572 	DATA 	TR 193 | TR1 97 | TR2 96
301.4070 	DATA 	Keypress: 5
301.4070 	DATA 	TR 194 | TR1 97 | TR2 97
302.9735 	DATA 	Keypress: 5
302.9736 	DATA 	TR 195 | TR1 98 | TR2 97
304.5234 	DATA 	Keypress: 5
304.5234 	DATA 	TR 196 | TR1 98 | TR2 98
306.0899 	DATA 	Keypress: 5
306.0900 	DATA 	TR 197 | TR1 99 | TR2 98
307.6398 	DATA 	Keypress: 5
307.6398 	DATA 	TR 198 | TR1 99 | TR2 99
309.2230 	DATA 	Keypress: 5
309.2230 	DATA 	TR 199 | TR1 100 | TR2 99
310.7728 	DATA 	Keypress: 5
310.7728 	DATA 	TR 200 | TR1 100 | TR2 100
312.3393 	DATA 	Keypress: 5
312.3394 	DATA 	TR 201 | TR1 101 | TR2 100
313.8892 	DATA 	Keypress: 5
313.8892 	DATA 	TR 202 | TR1 101 | TR2 101
315.4724 	DATA 	Keypress: 5
315.4725 	DATA 	TR 203 | TR1 102 | TR2 101
317.0222 	DATA 	Keypress: 5
317.0223 	DATA 	TR 204 | TR1 102 | TR2 102
317.7221 	DATA 	
317.7221 	DATA 	Trial complete
317.7222 	DATA 	Waiting for VASO trigger to start next trial
317.7222 	DATA 	
318.5888 	DATA 	Keypress: 5
318.5888 	DATA 	Waited 0.8666501045227051 seconds for trigger
318.5896 	DATA 	
318.5896 	DATA 	Trial 8
318.5896 	DATA 	stimDur = 12.0
318.5896 	DATA 	jitter = 0.0
318.5896 	DATA 	restDur = 30.0

318.5896 	DATA 	
318.5896 	DATA 	TR 205 | TR1 103 | TR2 102
318.5896 	DATA 	
318.5896 	DATA 	stimulation started
318.5896 	DATA 	
320.1390 	DATA 	Keypress: 5
320.1390 	DATA 	TR 206 | TR1 103 | TR2 103
321.7055 	DATA 	Keypress: 5
321.7055 	DATA 	TR 207 | TR1 104 | TR2 103
323.2717 	DATA 	Keypress: 5
323.2718 	DATA 	TR 208 | TR1 104 | TR2 104
324.8382 	DATA 	Keypress: 5
324.8383 	DATA 	TR 209 | TR1 105 | TR2 104
326.3884 	DATA 	Keypress: 5
326.3885 	DATA 	TR 210 | TR1 105 | TR2 105
327.9550 	DATA 	Keypress: 5
327.9550 	DATA 	TR 211 | TR1 106 | TR2 105
329.5049 	DATA 	Keypress: 5
329.5049 	DATA 	TR 212 | TR1 106 | TR2 106
330.6044 	DATA 	
330.6044 	DATA 	stimulation stopped
330.6044 	DATA 	
331.0876 	DATA 	Keypress: 5
331.0877 	DATA 	TR 213 | TR1 107 | TR2 106
332.6375 	DATA 	Keypress: 5
332.6375 	DATA 	TR 214 | TR1 107 | TR2 107
334.2040 	DATA 	Keypress: 5
334.2041 	DATA 	TR 215 | TR1 108 | TR2 107
335.7539 	DATA 	Keypress: 5
335.7539 	DATA 	TR 216 | TR1 108 | TR2 108
337.3371 	DATA 	Keypress: 5
337.3371 	DATA 	TR 217 | TR1 109 | TR2 108
338.8869 	DATA 	Keypress: 5
338.8869 	DATA 	TR 218 | TR1 109 | TR2 109
340.4534 	DATA 	Keypress: 5
340.4535 	DATA 	TR 219 | TR1 110 | TR2 109
342.0033 	DATA 	Keypress: 5
342.0034 	DATA 	TR 220 | TR1 110 | TR2 110
343.4532 	DATA 	Target presented
343.5698 	DATA 	Keypress: 5
343.5699 	DATA 	TR 221 | TR1 111 | TR2 110
344.0031 	DATA 	Keypress: 1
344.0031 	DATA 	Key1 pressed
344.0032 	DATA 	Target detected
345.1197 	DATA 	Keypress: 5
345.1198 	DATA 	TR 222 | TR1 111 | TR2 111
346.7029 	DATA 	Keypress: 5
346.7029 	DATA 	TR 223 | TR1 112 | TR2 111
348.2528 	DATA 	Keypress: 5
348.2529 	DATA 	TR 224 | TR1 112 | TR2 112
349.8193 	DATA 	Keypress: 5
349.8193 	DATA 	TR 225 | TR1 113 | TR2 112
351.3691 	DATA 	Keypress: 5
351.3693 	DATA 	TR 226 | TR1 113 | TR2 113
352.9523 	DATA 	Keypress: 5
352.9524 	DATA 	TR 227 | TR1 114 | TR2 113
354.5023 	DATA 	Keypress: 5
354.5023 	DATA 	TR 228 | TR1 114 | TR2 114
356.0687 	DATA 	Keypress: 5
356.0687 	DATA 	TR 229 | TR1 115 | TR2 114
357.6186 	DATA 	Keypress: 5
357.6187 	DATA 	TR 230 | TR1 115 | TR2 115
359.1857 	DATA 	Keypress: 5
359.2017 	DATA 	TR 231 | TR1 116 | TR2 115
360.6016 	DATA 	
360.6016 	DATA 	Trial complete
360.6016 	DATA 	Waiting for VASO trigger to start next trial
360.6016 	DATA 	
360.7516 	DATA 	Keypress: 5
360.7517 	DATA 	TR 232 | TR1 116 | TR2 116
362.3181 	DATA 	Keypress: 5
362.3182 	DATA 	Waited 1.7165980339050293 seconds for trigger
362.3190 	DATA 	
362.3190 	DATA 	Trial 9
362.3190 	DATA 	stimDur = 2.0
362.3190 	DATA 	jitter = 1.5705
362.3190 	DATA 	restDur = 22.0

362.3190 	DATA 	
362.3190 	DATA 	TR 233 | TR1 117 | TR2 116
363.8680 	DATA 	Keypress: 5
363.8681 	DATA 	TR 234 | TR1 117 | TR2 117
363.9012 	DATA 	
363.9013 	DATA 	stimulation started
363.9013 	DATA 	
365.4348 	DATA 	Keypress: 5
365.4349 	DATA 	TR 235 | TR1 118 | TR2 117
365.9014 	DATA 	
365.9014 	DATA 	stimulation stopped
365.9014 	DATA 	
366.9844 	DATA 	Keypress: 5
366.9844 	DATA 	TR 236 | TR1 118 | TR2 118
368.5676 	DATA 	Keypress: 5
368.5676 	DATA 	TR 237 | TR1 119 | TR2 118
370.1174 	DATA 	Keypress: 5
370.1175 	DATA 	TR 238 | TR1 119 | TR2 119
371.6839 	DATA 	Keypress: 5
371.6840 	DATA 	TR 239 | TR1 120 | TR2 119
373.2338 	DATA 	Keypress: 5
373.2339 	DATA 	TR 240 | TR1 120 | TR2 120
374.8170 	DATA 	Keypress: 5
374.8170 	DATA 	TR 241 | TR1 121 | TR2 120
376.3669 	DATA 	Keypress: 5
376.3669 	DATA 	TR 242 | TR1 121 | TR2 121
377.9333 	DATA 	Keypress: 5
377.9334 	DATA 	TR 243 | TR1 122 | TR2 121
379.4833 	DATA 	Keypress: 5
379.4833 	DATA 	TR 244 | TR1 122 | TR2 122
381.0502 	DATA 	Keypress: 5
381.0502 	DATA 	TR 245 | TR1 123 | TR2 122
382.6002 	DATA 	Keypress: 5
382.6163 	DATA 	TR 246 | TR1 123 | TR2 123
384.1828 	DATA 	Keypress: 5
384.1829 	DATA 	TR 247 | TR1 124 | TR2 123
385.7327 	DATA 	Keypress: 5
385.7327 	DATA 	TR 248 | TR1 124 | TR2 124
387.2992 	DATA 	Keypress: 5
387.2992 	DATA 	TR 249 | TR1 125 | TR2 124
387.8991 	DATA 	
387.8991 	DATA 	Trial complete
387.8991 	DATA 	Waiting for VASO trigger to start next trial
387.8991 	DATA 	
388.8490 	DATA 	Keypress: 5
388.8491 	DATA 	TR 250 | TR1 125 | TR2 125
390.4326 	DATA 	Keypress: 5
390.4326 	DATA 	Waited 2.533504009246826 seconds for trigger
390.4334 	DATA 	
390.4334 	DATA 	Trial 10
390.4334 	DATA 	stimDur = 4.0
390.4334 	DATA 	jitter = 0.0
390.4334 	DATA 	restDur = 24.0

390.4334 	DATA 	
390.4334 	DATA 	TR 251 | TR1 126 | TR2 125
390.4335 	DATA 	
390.4335 	DATA 	stimulation started
390.4335 	DATA 	
391.9825 	DATA 	Keypress: 5
391.9825 	DATA 	TR 252 | TR1 126 | TR2 126
393.5490 	DATA 	Keypress: 5
393.5490 	DATA 	TR 253 | TR1 127 | TR2 126
394.4485 	DATA 	
394.4485 	DATA 	stimulation stopped
394.4485 	DATA 	
395.0985 	DATA 	Keypress: 5
395.0985 	DATA 	TR 254 | TR1 127 | TR2 127
396.6817 	DATA 	Keypress: 5
396.6817 	DATA 	TR 255 | TR1 128 | TR2 127
398.2316 	DATA 	Keypress: 5
398.2316 	DATA 	TR 256 | TR1 128 | TR2 128
399.7980 	DATA 	Keypress: 5
399.7981 	DATA 	TR 257 | TR1 129 | TR2 128
401.3479 	DATA 	Keypress: 5
401.3480 	DATA 	TR 258 | TR1 129 | TR2 129
402.9144 	DATA 	Keypress: 5
402.9144 	DATA 	TR 259 | TR1 130 | TR2 129
404.4643 	DATA 	Keypress: 5
404.4644 	DATA 	TR 260 | TR1 130 | TR2 130
406.0475 	DATA 	Keypress: 5
406.0475 	DATA 	TR 261 | TR1 131 | TR2 130
407.5974 	DATA 	Keypress: 5
407.5974 	DATA 	TR 262 | TR1 131 | TR2 131
409.1639 	DATA 	Keypress: 5
409.1639 	DATA 	TR 263 | TR1 132 | TR2 131
410.7138 	DATA 	Keypress: 5
410.7138 	DATA 	TR 264 | TR1 132 | TR2 132
412.2969 	DATA 	Keypress: 5
412.2969 	DATA 	TR 265 | TR1 133 | TR2 132
413.8468 	DATA 	Keypress: 5
413.8468 	DATA 	TR 266 | TR1 133 | TR2 133
415.4133 	DATA 	Keypress: 5
415.4133 	DATA 	TR 267 | TR1 134 | TR2 133
416.9632 	DATA 	Keypress: 5
416.9632 	DATA 	TR 268 | TR1 134 | TR2 134
418.4463 	DATA 	
418.4463 	DATA 	Trial complete
418.4463 	DATA 	Waiting for VASO trigger to start next trial
418.4464 	DATA 	
418.5297 	DATA 	Keypress: 5
418.5297 	DATA 	Waited 0.0833590030670166 seconds for trigger
418.5305 	DATA 	
418.5305 	DATA 	Trial 11
418.5305 	DATA 	stimDur = 12.0
418.5305 	DATA 	jitter = 0.78525
418.5305 	DATA 	restDur = 30.0

418.5305 	DATA 	
418.5305 	DATA 	TR 269 | TR1 135 | TR2 134
419.3296 	DATA 	
419.3296 	DATA 	stimulation started
419.3296 	DATA 	
420.0963 	DATA 	Keypress: 5
420.0963 	DATA 	TR 270 | TR1 135 | TR2 135
420.1632 	DATA 	Target presented
420.7798 	DATA 	Keypress: 1
420.7799 	DATA 	Key1 pressed
420.7799 	DATA 	Target detected
421.6627 	DATA 	Keypress: 5
421.6628 	DATA 	TR 271 | TR1 136 | TR2 135
423.2131 	DATA 	Keypress: 5
423.2131 	DATA 	TR 272 | TR1 136 | TR2 136
424.7796 	DATA 	Keypress: 5
424.7796 	DATA 	TR 273 | TR1 137 | TR2 136
426.3290 	DATA 	Keypress: 5
426.3291 	DATA 	TR 274 | TR1 137 | TR2 137
427.9125 	DATA 	Keypress: 5
427.9126 	DATA 	TR 275 | TR1 138 | TR2 137
429.4624 	DATA 	Keypress: 5
429.4624 	DATA 	TR 276 | TR1 138 | TR2 138
431.0286 	DATA 	Keypress: 5
431.0286 	DATA 	TR 277 | TR1 139 | TR2 138
431.3285 	DATA 	
431.3285 	DATA 	stimulation stopped
431.3285 	DATA 	
432.5784 	DATA 	Keypress: 5
432.5784 	DATA 	TR 278 | TR1 139 | TR2 139
434.1455 	DATA 	Keypress: 5
434.1615 	DATA 	TR 279 | TR1 140 | TR2 139
435.7115 	DATA 	Keypress: 5
435.7115 	DATA 	TR 280 | TR1 140 | TR2 140
437.2780 	DATA 	Keypress: 5
437.2780 	DATA 	TR 281 | TR1 141 | TR2 140
438.8279 	DATA 	Keypress: 5
438.8279 	DATA 	TR 282 | TR1 141 | TR2 141
440.3943 	DATA 	Keypress: 5
440.3944 	DATA 	TR 283 | TR1 142 | TR2 141
441.9447 	DATA 	Keypress: 5
441.9447 	DATA 	TR 284 | TR1 142 | TR2 142
443.5274 	DATA 	Keypress: 5
443.5274 	DATA 	TR 285 | TR1 143 | TR2 142
445.0773 	DATA 	Keypress: 5
445.0773 	DATA 	TR 286 | TR1 143 | TR2 143
446.6437 	DATA 	Keypress: 5
446.6438 	DATA 	TR 287 | TR1 144 | TR2 143
448.1937 	DATA 	Keypress: 5
448.1937 	DATA 	TR 288 | TR1 144 | TR2 144
449.7768 	DATA 	Keypress: 5
449.7768 	DATA 	TR 289 | TR1 145 | TR2 144
451.3271 	DATA 	Keypress: 5
451.3272 	DATA 	TR 290 | TR1 145 | TR2 145
452.8932 	DATA 	Keypress: 5
452.8933 	DATA 	TR 291 | TR1 146 | TR2 145
454.4431 	DATA 	Keypress: 5
454.4432 	DATA 	TR 292 | TR1 146 | TR2 146
456.0096 	DATA 	Keypress: 5
456.0097 	DATA 	TR 293 | TR1 147 | TR2 146
457.5762 	DATA 	Keypress: 5
457.5762 	DATA 	TR 294 | TR1 147 | TR2 147
459.1426 	DATA 	Keypress: 5
459.1427 	DATA 	TR 295 | TR1 148 | TR2 147
460.6930 	DATA 	Keypress: 5
460.6931 	DATA 	TR 296 | TR1 148 | TR2 148
461.3258 	DATA 	
461.3258 	DATA 	Trial complete
461.3258 	DATA 	Waiting for VASO trigger to start next trial
461.3258 	DATA 	
462.2591 	DATA 	Keypress: 5
462.2591 	DATA 	Waited 0.933323860168457 seconds for trigger
462.2599 	DATA 	
462.2599 	DATA 	Trial 12
462.2599 	DATA 	stimDur = 4.0
462.2599 	DATA 	jitter = 0.78525
462.2599 	DATA 	restDur = 24.0

462.2599 	DATA 	
462.2599 	DATA 	TR 297 | TR1 149 | TR2 148
463.0589 	DATA 	
463.0589 	DATA 	stimulation started
463.0589 	DATA 	
463.8089 	DATA 	Keypress: 5
463.8090 	DATA 	TR 298 | TR1 149 | TR2 149
465.3924 	DATA 	Keypress: 5
465.3925 	DATA 	TR 299 | TR1 150 | TR2 149
466.9423 	DATA 	Keypress: 5
466.9424 	DATA 	TR 300 | TR1 150 | TR2 150
467.0589 	DATA 	
467.0589 	DATA 	stimulation stopped
467.0589 	DATA 	
468.5084 	DATA 	Keypress: 5
468.5085 	DATA 	TR 301 | TR1 151 | TR2 150
470.0584 	DATA 	Keypress: 5
470.0584 	DATA 	TR 302 | TR1 151 | TR2 151
471.6415 	DATA 	Keypress: 5
471.6415 	DATA 	TR 303 | TR1 152 | TR2 151
473.1914 	DATA 	Keypress: 5
473.1915 	DATA 	TR 304 | TR1 152 | TR2 152
474.7579 	DATA 	Keypress: 5
474.7579 	DATA 	TR 305 | TR1 153 | TR2 152
476.3078 	DATA 	Keypress: 5
476.3078 	DATA 	TR 306 | TR1 153 | TR2 153
477.8743 	DATA 	Keypress: 5
477.8743 	DATA 	TR 307 | TR1 154 | TR2 153
478.5242 	DATA 	Target presented
479.0409 	DATA 	Keypress: 1
479.0409 	DATA 	Key1 pressed
479.0409 	DATA 	Target detected
479.4241 	DATA 	Keypress: 5
479.4242 	DATA 	TR 308 | TR1 154 | TR2 154
481.0073 	DATA 	Keypress: 5
481.0073 	DATA 	TR 309 | TR1 155 | TR2 154
482.5572 	DATA 	Keypress: 5
482.5573 	DATA 	TR 310 | TR1 155 | TR2 155
484.1237 	DATA 	Keypress: 5
484.1237 	DATA 	TR 311 | TR1 156 | TR2 155
485.6736 	DATA 	Keypress: 5
485.6736 	DATA 	TR 312 | TR1 156 | TR2 156
487.2568 	DATA 	Keypress: 5
487.2568 	DATA 	TR 313 | TR1 157 | TR2 156
488.8066 	DATA 	Keypress: 5
488.8067 	DATA 	TR 314 | TR1 157 | TR2 157
490.3731 	DATA 	Keypress: 5
490.3732 	DATA 	TR 315 | TR1 158 | TR2 157
491.0564 	DATA 	
491.0564 	DATA 	Trial complete
491.0564 	DATA 	Waiting for VASO trigger to start next trial
491.0564 	DATA 	
491.9230 	DATA 	Keypress: 5
491.9231 	DATA 	TR 316 | TR1 158 | TR2 158
493.4901 	DATA 	Keypress: 5
493.5062 	DATA 	Waited 2.44974684715271 seconds for trigger
493.5069 	DATA 	
493.5069 	DATA 	Trial 13
493.5069 	DATA 	stimDur = 2.0
493.5069 	DATA 	jitter = 2.35575
493.5069 	DATA 	restDur = 22.0

493.5070 	DATA 	
493.5070 	DATA 	TR 317 | TR1 159 | TR2 158
495.0565 	DATA 	Keypress: 5
495.0565 	DATA 	TR 318 | TR1 159 | TR2 159
495.8726 	DATA 	
495.8726 	DATA 	stimulation started
495.8726 	DATA 	
496.6229 	DATA 	Keypress: 5
496.6230 	DATA 	TR 319 | TR1 160 | TR2 159
497.8725 	DATA 	
497.8725 	DATA 	stimulation stopped
497.8725 	DATA 	
498.1725 	DATA 	Keypress: 5
498.1725 	DATA 	TR 320 | TR1 160 | TR2 160
499.7390 	DATA 	Keypress: 5
499.7390 	DATA 	TR 321 | TR1 161 | TR2 160
501.2888 	DATA 	Keypress: 5
501.2889 	DATA 	TR 322 | TR1 161 | TR2 161
502.8720 	DATA 	Keypress: 5
502.8721 	DATA 	TR 323 | TR1 162 | TR2 161
504.4219 	DATA 	Keypress: 5
504.4219 	DATA 	TR 324 | TR1 162 | TR2 162
505.9883 	DATA 	Keypress: 5
505.9884 	DATA 	TR 325 | TR1 163 | TR2 162
507.5383 	DATA 	Keypress: 5
507.5383 	DATA 	TR 326 | TR1 163 | TR2 163
509.1214 	DATA 	Keypress: 5
509.1215 	DATA 	TR 327 | TR1 164 | TR2 163
510.6713 	DATA 	Keypress: 5
510.6714 	DATA 	TR 328 | TR1 164 | TR2 164
512.2378 	DATA 	Keypress: 5
512.2379 	DATA 	TR 329 | TR1 165 | TR2 164
513.7877 	DATA 	Keypress: 5
513.7878 	DATA 	TR 330 | TR1 165 | TR2 165
515.3542 	DATA 	Keypress: 5
515.3543 	DATA 	TR 331 | TR1 166 | TR2 165
516.9047 	DATA 	Keypress: 5
516.9207 	DATA 	TR 332 | TR1 166 | TR2 166
518.4873 	DATA 	Keypress: 5
518.4873 	DATA 	TR 333 | TR1 167 | TR2 166
519.8704 	DATA 	
519.8704 	DATA 	Trial complete
519.8704 	DATA 	Waiting for VASO trigger to start next trial
519.8704 	DATA 	
520.0371 	DATA 	Keypress: 5
520.0372 	DATA 	TR 334 | TR1 167 | TR2 167
521.6036 	DATA 	Keypress: 5
521.6037 	DATA 	Waited 1.7332239151000977 seconds for trigger
521.6044 	DATA 	
521.6044 	DATA 	Trial 14
521.6045 	DATA 	stimDur = 1.0
521.6045 	DATA 	jitter = 1.5705
521.6045 	DATA 	restDur = 20.0

521.6045 	DATA 	
521.6045 	DATA 	TR 335 | TR1 168 | TR2 167
523.1535 	DATA 	Keypress: 5
523.1536 	DATA 	TR 336 | TR1 168 | TR2 168
523.1868 	DATA 	
523.1868 	DATA 	stimulation started
523.1868 	DATA 	
524.1871 	DATA 	
524.1871 	DATA 	stimulation stopped
524.1871 	DATA 	
524.7367 	DATA 	Keypress: 5
524.7367 	DATA 	TR 337 | TR1 169 | TR2 168
525.4700 	DATA 	Target presented
525.9366 	DATA 	Keypress: 1
525.9366 	DATA 	Key1 pressed
525.9366 	DATA 	Target detected
526.2865 	DATA 	Keypress: 5
526.2866 	DATA 	TR 338 | TR1 169 | TR2 169
527.8530 	DATA 	Keypress: 5
527.8531 	DATA 	TR 339 | TR1 170 | TR2 169
529.4029 	DATA 	Keypress: 5
529.4030 	DATA 	TR 340 | TR1 170 | TR2 170
530.9861 	DATA 	Keypress: 5
530.9862 	DATA 	TR 341 | TR1 171 | TR2 170
532.5360 	DATA 	Keypress: 5
532.5360 	DATA 	TR 342 | TR1 171 | TR2 171
534.1029 	DATA 	Keypress: 5
534.1030 	DATA 	TR 343 | TR1 172 | TR2 171
535.6524 	DATA 	Keypress: 5
535.6524 	DATA 	TR 344 | TR1 172 | TR2 172
537.2188 	DATA 	Keypress: 5
537.2189 	DATA 	TR 345 | TR1 173 | TR2 172
538.7688 	DATA 	Keypress: 5
538.7688 	DATA 	TR 346 | TR1 173 | TR2 173
540.3519 	DATA 	Keypress: 5
540.3520 	DATA 	TR 347 | TR1 174 | TR2 173
541.9018 	DATA 	Keypress: 5
541.9019 	DATA 	TR 348 | TR1 174 | TR2 174
543.4688 	DATA 	Keypress: 5
543.4688 	DATA 	TR 349 | TR1 175 | TR2 174
544.1849 	DATA 	
544.1849 	DATA 	Trial complete
544.1849 	DATA 	Waiting for VASO trigger to start next trial
544.1849 	DATA 	
545.0182 	DATA 	Keypress: 5
545.0183 	DATA 	TR 350 | TR1 175 | TR2 175
546.6014 	DATA 	Keypress: 5
546.6014 	DATA 	Waited 2.4165170192718506 seconds for trigger
546.6022 	DATA 	
546.6022 	DATA 	Trial 15
546.6022 	DATA 	stimDur = 24.0
546.6022 	DATA 	jitter = 0.0
546.6022 	DATA 	restDur = 40.0

546.6022 	DATA 	
546.6022 	DATA 	TR 351 | TR1 176 | TR2 175
546.6022 	DATA 	
546.6022 	DATA 	stimulation started
546.6022 	DATA 	
548.1516 	DATA 	Keypress: 5
548.1517 	DATA 	TR 352 | TR1 176 | TR2 176
549.7181 	DATA 	Keypress: 5
549.7181 	DATA 	TR 353 | TR1 177 | TR2 176
551.2681 	DATA 	Keypress: 5
551.2682 	DATA 	TR 354 | TR1 177 | TR2 177
552.8345 	DATA 	Keypress: 5
552.8345 	DATA 	TR 355 | TR1 178 | TR2 177
554.4012 	DATA 	Keypress: 5
554.4012 	DATA 	TR 356 | TR1 178 | TR2 178
555.9676 	DATA 	Keypress: 5
555.9676 	DATA 	TR 357 | TR1 179 | TR2 178
557.5174 	DATA 	Keypress: 5
557.5175 	DATA 	TR 358 | TR1 179 | TR2 179
559.0839 	DATA 	Keypress: 5
559.0840 	DATA 	TR 359 | TR1 180 | TR2 179
560.6335 	DATA 	Keypress: 5
560.6335 	DATA 	TR 360 | TR1 180 | TR2 180
562.2169 	DATA 	Keypress: 5
562.2170 	DATA 	TR 361 | TR1 181 | TR2 180
563.7665 	DATA 	Keypress: 5
563.7666 	DATA 	TR 362 | TR1 181 | TR2 181
565.3334 	DATA 	Keypress: 5
565.3334 	DATA 	TR 363 | TR1 182 | TR2 181
566.8832 	DATA 	Keypress: 5
566.8833 	DATA 	TR 364 | TR1 182 | TR2 182
568.4499 	DATA 	Keypress: 5
568.4499 	DATA 	TR 365 | TR1 183 | TR2 182
570.0159 	DATA 	Keypress: 5
570.0160 	DATA 	TR 366 | TR1 183 | TR2 183
570.6162 	DATA 	
570.6162 	DATA 	stimulation stopped
570.6162 	DATA 	
571.5824 	DATA 	Keypress: 5
571.5825 	DATA 	TR 367 | TR1 184 | TR2 183
573.1323 	DATA 	Keypress: 5
573.1323 	DATA 	TR 368 | TR1 184 | TR2 184
573.3160 	DATA 	Target presented
573.7322 	DATA 	Keypress: 1
573.7323 	DATA 	Key1 pressed
573.7323 	DATA 	Target detected
574.6988 	DATA 	Keypress: 5
574.6990 	DATA 	TR 369 | TR1 185 | TR2 184
576.2491 	DATA 	Keypress: 5
576.2492 	DATA 	TR 370 | TR1 185 | TR2 185
577.8320 	DATA 	Keypress: 5
577.8320 	DATA 	TR 371 | TR1 186 | TR2 185
579.3817 	DATA 	Keypress: 5
579.3818 	DATA 	TR 372 | TR1 186 | TR2 186
580.9487 	DATA 	Keypress: 5
580.9488 	DATA 	TR 373 | TR1 187 | TR2 186
582.4981 	DATA 	Keypress: 5
582.4981 	DATA 	TR 374 | TR1 187 | TR2 187
584.0814 	DATA 	Keypress: 5
584.0814 	DATA 	TR 375 | TR1 188 | TR2 187
585.6312 	DATA 	Keypress: 5
585.6312 	DATA 	TR 376 | TR1 188 | TR2 188
587.1977 	DATA 	Keypress: 5
587.1978 	DATA 	TR 377 | TR1 189 | TR2 188
588.7475 	DATA 	Keypress: 5
588.7476 	DATA 	TR 378 | TR1 189 | TR2 189
590.3141 	DATA 	Keypress: 5
590.3142 	DATA 	TR 379 | TR1 190 | TR2 189
591.8806 	DATA 	Keypress: 5
591.8806 	DATA 	TR 380 | TR1 190 | TR2 190
593.4472 	DATA 	Keypress: 5
593.4473 	DATA 	TR 381 | TR1 191 | TR2 190
594.9970 	DATA 	Keypress: 5
594.9970 	DATA 	TR 382 | TR1 191 | TR2 191
596.5635 	DATA 	Keypress: 5
596.5637 	DATA 	TR 383 | TR1 192 | TR2 191
598.1133 	DATA 	Keypress: 5
598.1134 	DATA 	TR 384 | TR1 192 | TR2 192
599.6972 	DATA 	Keypress: 5
599.6972 	DATA 	TR 385 | TR1 193 | TR2 192
601.2464 	DATA 	Keypress: 5
601.2464 	DATA 	TR 386 | TR1 193 | TR2 193
602.8129 	DATA 	Keypress: 5
602.8130 	DATA 	TR 387 | TR1 194 | TR2 193
604.3628 	DATA 	Keypress: 5
604.3628 	DATA 	TR 388 | TR1 194 | TR2 194
605.9461 	DATA 	Keypress: 5
605.9461 	DATA 	TR 389 | TR1 195 | TR2 194
607.4958 	DATA 	Keypress: 5
607.4959 	DATA 	TR 390 | TR1 195 | TR2 195
609.0623 	DATA 	Keypress: 5
609.0625 	DATA 	TR 391 | TR1 196 | TR2 195
610.6126 	DATA 	Keypress: 5
610.6127 	DATA 	TR 392 | TR1 196 | TR2 196
610.6127 	DATA 	
610.6127 	DATA 	Trial complete
610.6127 	DATA 	Waiting for VASO trigger to start next trial
610.6127 	DATA 	
612.1787 	DATA 	Keypress: 5
612.1788 	DATA 	Waited 1.5660548210144043 seconds for trigger
612.1796 	DATA 	
612.1796 	DATA 	Trial 16
612.1796 	DATA 	stimDur = 1.0
612.1796 	DATA 	jitter = 2.35575
612.1796 	DATA 	restDur = 20.0

612.1796 	DATA 	
612.1796 	DATA 	TR 393 | TR1 197 | TR2 196
613.7290 	DATA 	Keypress: 5
613.7291 	DATA 	TR 394 | TR1 197 | TR2 197
614.5451 	DATA 	
614.5451 	DATA 	stimulation started
614.5452 	DATA 	
615.3119 	DATA 	Keypress: 5
615.3119 	DATA 	TR 395 | TR1 198 | TR2 197
615.5454 	DATA 	
615.5454 	DATA 	stimulation stopped
615.5454 	DATA 	
616.8617 	DATA 	Keypress: 5
616.8617 	DATA 	TR 396 | TR1 198 | TR2 198
618.4286 	DATA 	Keypress: 5
618.4287 	DATA 	TR 397 | TR1 199 | TR2 198
619.9780 	DATA 	Keypress: 5
619.9781 	DATA 	TR 398 | TR1 199 | TR2 199
621.5612 	DATA 	Keypress: 5
621.5613 	DATA 	TR 399 | TR1 200 | TR2 199
623.1111 	DATA 	Keypress: 5
623.1111 	DATA 	TR 400 | TR1 200 | TR2 200
624.6776 	DATA 	Keypress: 5
624.6777 	DATA 	TR 401 | TR1 201 | TR2 200
626.2275 	DATA 	Keypress: 5
626.2275 	DATA 	TR 402 | TR1 201 | TR2 201
627.7946 	DATA 	Keypress: 5
627.8106 	DATA 	TR 403 | TR1 202 | TR2 201
629.3609 	DATA 	Keypress: 5
629.3610 	DATA 	TR 404 | TR1 202 | TR2 202
630.9271 	DATA 	Keypress: 5
630.9271 	DATA 	TR 405 | TR1 203 | TR2 202
632.4769 	DATA 	Keypress: 5
632.4769 	DATA 	TR 406 | TR1 203 | TR2 203
634.0435 	DATA 	Keypress: 5
634.0435 	DATA 	TR 407 | TR1 204 | TR2 203
635.5433 	DATA 	
635.5433 	DATA 	Trial complete
635.5433 	DATA 	Waiting for VASO trigger to start next trial
635.5433 	DATA 	
635.5933 	DATA 	Keypress: 5
635.5934 	DATA 	TR 408 | TR1 204 | TR2 204
637.1765 	DATA 	Keypress: 5
637.1765 	DATA 	Waited 1.6332340240478516 seconds for trigger
637.1773 	DATA 	
637.1773 	DATA 	Trial 17
637.1773 	DATA 	stimDur = 2.0
637.1773 	DATA 	jitter = 0.0
637.1773 	DATA 	restDur = 22.0

637.1773 	DATA 	
637.1773 	DATA 	TR 409 | TR1 205 | TR2 204
637.1773 	DATA 	
637.1773 	DATA 	stimulation started
637.1773 	DATA 	
638.7267 	DATA 	Keypress: 5
638.7267 	DATA 	TR 410 | TR1 205 | TR2 205
639.1766 	DATA 	
639.1766 	DATA 	stimulation stopped
639.1766 	DATA 	
640.2929 	DATA 	Keypress: 5
640.2929 	DATA 	TR 411 | TR1 206 | TR2 205
641.8427 	DATA 	Keypress: 5
641.8427 	DATA 	TR 412 | TR1 206 | TR2 206
643.4259 	DATA 	Keypress: 5
643.4260 	DATA 	TR 413 | TR1 207 | TR2 206
644.9758 	DATA 	Keypress: 5
644.9758 	DATA 	TR 414 | TR1 207 | TR2 207
646.5423 	DATA 	Keypress: 5
646.5423 	DATA 	TR 415 | TR1 208 | TR2 207
648.0921 	DATA 	Keypress: 5
648.0922 	DATA 	TR 416 | TR1 208 | TR2 208
648.5754 	DATA 	Target presented
649.6587 	DATA 	Keypress: 5
649.6587 	DATA 	TR 417 | TR1 209 | TR2 208
651.2091 	DATA 	Keypress: 5
651.2251 	DATA 	TR 418 | TR1 209 | TR2 209
652.7917 	DATA 	Keypress: 5
652.7918 	DATA 	TR 419 | TR1 210 | TR2 209
654.3416 	DATA 	Keypress: 5
654.3416 	DATA 	TR 420 | TR1 210 | TR2 210
655.9081 	DATA 	Keypress: 5
655.9082 	DATA 	TR 421 | TR1 211 | TR2 210
657.4579 	DATA 	Keypress: 5
657.4580 	DATA 	TR 422 | TR1 211 | TR2 211
659.0412 	DATA 	Keypress: 5
659.0412 	DATA 	TR 423 | TR1 212 | TR2 211
660.5910 	DATA 	Keypress: 5
660.5910 	DATA 	TR 424 | TR1 212 | TR2 212
661.1909 	DATA 	
661.1909 	DATA 	Trial complete
661.1909 	DATA 	Waiting for VASO trigger to start next trial
661.1909 	DATA 	
662.1576 	DATA 	Keypress: 5
662.1576 	DATA 	Waited 0.9666769504547119 seconds for trigger
662.1584 	DATA 	
662.1584 	DATA 	Trial 18
662.1584 	DATA 	stimDur = 1.0
662.1584 	DATA 	jitter = 0.0
662.1584 	DATA 	restDur = 20.0

662.1584 	DATA 	
662.1584 	DATA 	TR 425 | TR1 213 | TR2 212
662.1584 	DATA 	
662.1584 	DATA 	stimulation started
662.1584 	DATA 	
663.1577 	DATA 	
663.1578 	DATA 	stimulation stopped
663.1578 	DATA 	
663.7074 	DATA 	Keypress: 5
663.7074 	DATA 	TR 426 | TR1 213 | TR2 213
665.2740 	DATA 	Keypress: 5
665.2740 	DATA 	TR 427 | TR1 214 | TR2 213
666.8404 	DATA 	Keypress: 5
666.8405 	DATA 	TR 428 | TR1 214 | TR2 214
668.4070 	DATA 	Keypress: 5
668.4070 	DATA 	TR 429 | TR1 215 | TR2 214
669.9568 	DATA 	Keypress: 5
669.9568 	DATA 	TR 430 | TR1 215 | TR2 215
671.5234 	DATA 	Keypress: 5
671.5234 	DATA 	TR 431 | TR1 216 | TR2 215
673.0732 	DATA 	Keypress: 5
673.0733 	DATA 	TR 432 | TR1 216 | TR2 216
674.6564 	DATA 	Keypress: 5
674.6565 	DATA 	TR 433 | TR1 217 | TR2 216
676.2062 	DATA 	Keypress: 5
676.2063 	DATA 	TR 434 | TR1 217 | TR2 217
677.7728 	DATA 	Keypress: 5
677.7728 	DATA 	TR 435 | TR1 218 | TR2 217
679.3226 	DATA 	Keypress: 5
679.3227 	DATA 	TR 436 | TR1 218 | TR2 218
680.9059 	DATA 	Keypress: 5
680.9059 	DATA 	TR 437 | TR1 219 | TR2 218
682.4557 	DATA 	Keypress: 5
682.4557 	DATA 	TR 438 | TR1 219 | TR2 219
683.1727 	DATA 	
683.1727 	DATA 	Trial complete
683.1727 	DATA 	Waiting for VASO trigger to start next trial
683.1727 	DATA 	
684.0222 	DATA 	Keypress: 5
684.0223 	DATA 	Waited 0.8495709896087646 seconds for trigger
684.0230 	DATA 	
684.0230 	DATA 	Trial 19
684.0230 	DATA 	stimDur = 24.0
684.0230 	DATA 	jitter = 2.35575
684.0230 	DATA 	restDur = 40.0

684.0231 	DATA 	
684.0231 	DATA 	TR 439 | TR1 220 | TR2 219
685.5721 	DATA 	Keypress: 5
685.5721 	DATA 	TR 440 | TR1 220 | TR2 220
686.3887 	DATA 	
686.3887 	DATA 	stimulation started
686.3887 	DATA 	
687.1390 	DATA 	Keypress: 5
687.1391 	DATA 	TR 441 | TR1 221 | TR2 220
688.7054 	DATA 	Keypress: 5
688.7055 	DATA 	TR 442 | TR1 221 | TR2 221
690.2720 	DATA 	Keypress: 5
690.2721 	DATA 	TR 443 | TR1 222 | TR2 221
691.8218 	DATA 	Keypress: 5
691.8219 	DATA 	TR 444 | TR1 222 | TR2 222
693.3884 	DATA 	Keypress: 5
693.3884 	DATA 	TR 445 | TR1 223 | TR2 222
694.9379 	DATA 	Keypress: 5
694.9380 	DATA 	TR 446 | TR1 223 | TR2 223
696.5214 	DATA 	Keypress: 5
696.5215 	DATA 	TR 447 | TR1 224 | TR2 223
698.0710 	DATA 	Keypress: 5
698.0710 	DATA 	TR 448 | TR1 224 | TR2 224
699.6375 	DATA 	Keypress: 5
699.6376 	DATA 	TR 449 | TR1 225 | TR2 224
701.1877 	DATA 	Keypress: 5
701.1877 	DATA 	TR 450 | TR1 225 | TR2 225
702.7546 	DATA 	Keypress: 5
702.7708 	DATA 	TR 451 | TR1 226 | TR2 225
704.3207 	DATA 	Keypress: 5
704.3208 	DATA 	TR 452 | TR1 226 | TR2 226
705.8873 	DATA 	Keypress: 5
705.8873 	DATA 	TR 453 | TR1 227 | TR2 226
707.4372 	DATA 	Keypress: 5
707.4372 	DATA 	TR 454 | TR1 227 | TR2 227
709.0033 	DATA 	Keypress: 5
709.0034 	DATA 	TR 455 | TR1 228 | TR2 227
710.3868 	DATA 	
710.3868 	DATA 	stimulation stopped
710.3868 	DATA 	
710.5531 	DATA 	Keypress: 5
710.5532 	DATA 	TR 456 | TR1 228 | TR2 228
712.1363 	DATA 	Keypress: 5
712.1364 	DATA 	TR 457 | TR1 229 | TR2 228
713.6862 	DATA 	Keypress: 5
713.6862 	DATA 	TR 458 | TR1 229 | TR2 229
715.2527 	DATA 	Keypress: 5
715.2528 	DATA 	TR 459 | TR1 230 | TR2 229
716.8025 	DATA 	Keypress: 5
716.8026 	DATA 	TR 460 | TR1 230 | TR2 230
718.3858 	DATA 	Keypress: 5
718.3858 	DATA 	TR 461 | TR1 231 | TR2 230
719.9356 	DATA 	Keypress: 5
719.9357 	DATA 	TR 462 | TR1 231 | TR2 231
721.5022 	DATA 	Keypress: 5
721.5022 	DATA 	TR 463 | TR1 232 | TR2 231
723.0520 	DATA 	Keypress: 5
723.0520 	DATA 	TR 464 | TR1 232 | TR2 232
723.4853 	DATA 	Target presented
723.9686 	DATA 	Keypress: 1
723.9686 	DATA 	Key1 pressed
723.9686 	DATA 	Target detected
724.6185 	DATA 	Keypress: 5
724.6186 	DATA 	TR 465 | TR1 233 | TR2 232
726.1854 	DATA 	Keypress: 5
726.1855 	DATA 	TR 466 | TR1 233 | TR2 233
727.7516 	DATA 	Keypress: 5
727.7516 	DATA 	TR 467 | TR1 234 | TR2 233
729.3014 	DATA 	Keypress: 5
729.3015 	DATA 	TR 468 | TR1 234 | TR2 234
730.8680 	DATA 	Keypress: 5
730.8680 	DATA 	TR 469 | TR1 235 | TR2 234
732.4178 	DATA 	Keypress: 5
732.4178 	DATA 	TR 470 | TR1 235 | TR2 235
734.0010 	DATA 	Keypress: 5
734.0011 	DATA 	TR 471 | TR1 236 | TR2 235
735.5508 	DATA 	Keypress: 5
735.5509 	DATA 	TR 472 | TR1 236 | TR2 236
737.1174 	DATA 	Keypress: 5
737.1175 	DATA 	TR 473 | TR1 237 | TR2 236
738.6672 	DATA 	Keypress: 5
738.6673 	DATA 	TR 474 | TR1 237 | TR2 237
740.2504 	DATA 	Keypress: 5
740.2505 	DATA 	TR 475 | TR1 238 | TR2 237
741.8003 	DATA 	Keypress: 5
741.8003 	DATA 	TR 476 | TR1 238 | TR2 238
743.3668 	DATA 	Keypress: 5
743.3669 	DATA 	TR 477 | TR1 239 | TR2 238
744.9167 	DATA 	Keypress: 5
744.9167 	DATA 	TR 478 | TR1 239 | TR2 239
746.4833 	DATA 	Keypress: 5
746.4833 	DATA 	TR 479 | TR1 240 | TR2 239
748.0336 	DATA 	Keypress: 5
748.0497 	DATA 	TR 480 | TR1 240 | TR2 240
749.6163 	DATA 	Keypress: 5
749.6163 	DATA 	TR 481 | TR1 241 | TR2 240
750.3828 	DATA 	
750.3828 	DATA 	Trial complete
750.3829 	DATA 	
751.1661 	DATA 	Keypress: 5
751.1662 	DATA 	TR 482 | TR1 241 | TR2 241
752.7326 	DATA 	Keypress: 5
752.7327 	DATA 	Waited 69.55996990203857 seconds for trigger
752.7334 	DATA 	
752.7334 	DATA 	Trial 20
752.7335 	DATA 	stimDur = 12.0
752.7335 	DATA 	jitter = 1.5705
752.7335 	DATA 	restDur = 30.0

752.7335 	DATA 	
752.7335 	DATA 	TR 483 | TR1 242 | TR2 241
754.2825 	DATA 	Keypress: 5
754.2825 	DATA 	TR 484 | TR1 242 | TR2 242
754.3158 	DATA 	
754.3158 	DATA 	stimulation started
754.3158 	DATA 	
755.8657 	DATA 	Keypress: 5
755.8658 	DATA 	TR 485 | TR1 243 | TR2 242
757.4160 	DATA 	Keypress: 5
757.4161 	DATA 	TR 486 | TR1 243 | TR2 243
758.9824 	DATA 	Keypress: 5
758.9825 	DATA 	TR 487 | TR1 244 | TR2 243
760.5327 	DATA 	Keypress: 5
760.5328 	DATA 	TR 488 | TR1 244 | TR2 244
762.0995 	DATA 	Keypress: 5
762.1156 	DATA 	TR 489 | TR1 245 | TR2 244
763.6650 	DATA 	Keypress: 5
763.6651 	DATA 	TR 490 | TR1 245 | TR2 245
765.2319 	DATA 	Keypress: 5
765.2319 	DATA 	TR 491 | TR1 246 | TR2 245
766.3147 	DATA 	
766.3147 	DATA 	stimulation stopped
766.3147 	DATA 	
766.7814 	DATA 	Keypress: 5
766.7814 	DATA 	TR 492 | TR1 246 | TR2 246
768.3479 	DATA 	Keypress: 5
768.3479 	DATA 	TR 493 | TR1 247 | TR2 246
769.8982 	DATA 	Keypress: 5
769.8982 	DATA 	TR 494 | TR1 247 | TR2 247
770.7643 	DATA 	Keypress: 1
770.7643 	DATA 	Key1 pressed
771.4809 	DATA 	Keypress: 5
771.4810 	DATA 	TR 495 | TR1 248 | TR2 247
773.0313 	DATA 	Keypress: 5
773.0313 	DATA 	TR 496 | TR1 248 | TR2 248
774.5973 	DATA 	Keypress: 5
774.5974 	DATA 	TR 497 | TR1 249 | TR2 248
776.1472 	DATA 	Keypress: 5
776.1472 	DATA 	TR 498 | TR1 249 | TR2 249
777.7303 	DATA 	Keypress: 5
777.7304 	DATA 	TR 499 | TR1 250 | TR2 249
779.2802 	DATA 	Keypress: 5
779.2803 	DATA 	TR 500 | TR1 250 | TR2 250
780.8468 	DATA 	Keypress: 5
780.8468 	DATA 	TR 501 | TR1 251 | TR2 250
782.3966 	DATA 	Keypress: 5
782.3967 	DATA 	TR 502 | TR1 251 | TR2 251
783.9631 	DATA 	Keypress: 5
783.9631 	DATA 	TR 503 | TR1 252 | TR2 251
784.7297 	DATA 	Target presented
785.3630 	DATA 	Keypress: 1
785.3631 	DATA 	Key1 pressed
785.3631 	DATA 	Target detected
785.5297 	DATA 	Keypress: 5
785.5297 	DATA 	TR 504 | TR1 252 | TR2 252
787.0962 	DATA 	Keypress: 5
787.0962 	DATA 	TR 505 | TR1 253 | TR2 252
788.6461 	DATA 	Keypress: 5
788.6461 	DATA 	TR 506 | TR1 253 | TR2 253
790.2130 	DATA 	Keypress: 5
790.2130 	DATA 	TR 507 | TR1 254 | TR2 253
791.7624 	DATA 	Keypress: 5
791.7625 	DATA 	TR 508 | TR1 254 | TR2 254
793.3456 	DATA 	Keypress: 5
793.3457 	DATA 	TR 509 | TR1 255 | TR2 254
794.8955 	DATA 	Keypress: 5
794.8955 	DATA 	TR 510 | TR1 255 | TR2 255
796.3120 	DATA 	
796.3120 	DATA 	Trial complete
796.3120 	DATA 	
796.4620 	DATA 	Keypress: 5
796.4620 	DATA 	TR 511 | TR1 256 | TR2 255
798.0118 	DATA 	Keypress: 5
798.0119 	DATA 	TR 512 | TR1 256 | TR2 256
799.5789 	DATA 	Keypress: 5
799.5950 	DATA 	TR 513 | TR1 257 | TR2 256
801.1449 	DATA 	Keypress: 5
801.1450 	DATA 	TR 514 | TR1 257 | TR2 257
802.7115 	DATA 	Keypress: 5
802.7115 	DATA 	TR 515 | TR1 258 | TR2 257
804.2613 	DATA 	Keypress: 5
804.2614 	DATA 	TR 516 | TR1 258 | TR2 258
805.8278 	DATA 	Keypress: 5
805.8279 	DATA 	TR 517 | TR1 259 | TR2 258
807.3777 	DATA 	Keypress: 5
807.3778 	DATA 	TR 518 | TR1 259 | TR2 259
808.9609 	DATA 	Keypress: 5
808.9609 	DATA 	TR 519 | TR1 260 | TR2 259
810.5107 	DATA 	Keypress: 5
810.5108 	DATA 	TR 520 | TR1 260 | TR2 260
812.0773 	DATA 	Keypress: 5
812.0773 	DATA 	TR 521 | TR1 261 | TR2 260
813.6271 	DATA 	Keypress: 5
813.6272 	DATA 	TR 522 | TR1 261 | TR2 261
815.2103 	DATA 	Keypress: 5
815.2103 	DATA 	TR 523 | TR1 262 | TR2 261
816.7602 	DATA 	Keypress: 5
816.7602 	DATA 	TR 524 | TR1 262 | TR2 262
818.3267 	DATA 	Keypress: 5
818.3267 	DATA 	TR 525 | TR1 263 | TR2 262
819.8765 	DATA 	Keypress: 5
819.8766 	DATA 	TR 526 | TR1 263 | TR2 263
821.4431 	DATA 	Keypress: 5
821.4431 	DATA 	TR 527 | TR1 264 | TR2 263
823.0096 	DATA 	Keypress: 5
823.0097 	DATA 	TR 528 | TR1 264 | TR2 264
824.5761 	DATA 	Keypress: 5
824.5762 	DATA 	TR 529 | TR1 265 | TR2 264
826.1260 	DATA 	Keypress: 5
826.1260 	DATA 	TR 530 | TR1 265 | TR2 265
827.6925 	DATA 	Keypress: 5
827.6925 	DATA 	TR 531 | TR1 266 | TR2 265
829.2423 	DATA 	Keypress: 5
829.2424 	DATA 	TR 532 | TR1 266 | TR2 266
830.8255 	DATA 	Keypress: 5
830.8256 	DATA 	TR 533 | TR1 267 | TR2 266
832.3754 	DATA 	Keypress: 5
832.3754 	DATA 	TR 534 | TR1 267 | TR2 267
833.9419 	DATA 	Keypress: 5
833.9420 	DATA 	TR 535 | TR1 268 | TR2 267
835.4922 	DATA 	Keypress: 5
835.4923 	DATA 	TR 536 | TR1 268 | TR2 268
837.0754 	DATA 	Keypress: 5
837.0755 	DATA 	TR 537 | TR1 269 | TR2 268
838.6249 	DATA 	Keypress: 5
838.6249 	DATA 	TR 538 | TR1 269 | TR2 269
840.1914 	DATA 	Keypress: 5
840.1914 	DATA 	TR 539 | TR1 270 | TR2 269
841.7412 	DATA 	Keypress: 5
841.7413 	DATA 	TR 540 | TR1 270 | TR2 270
843.3077 	DATA 	Keypress: 5
843.3078 	DATA 	TR 541 | TR1 271 | TR2 270
844.8576 	DATA 	Keypress: 5
844.8577 	DATA 	TR 542 | TR1 271 | TR2 271
846.4411 	DATA 	Keypress: 5
846.4412 	DATA 	TR 543 | TR1 272 | TR2 271
847.9907 	DATA 	Keypress: 5
847.9907 	DATA 	TR 544 | TR1 272 | TR2 272
849.5572 	DATA 	Keypress: 5
849.5572 	DATA 	TR 545 | TR1 273 | TR2 272
851.1070 	DATA 	Keypress: 5
851.1071 	DATA 	TR 546 | TR1 273 | TR2 273
852.6906 	DATA 	Keypress: 5
852.6907 	DATA 	TR 547 | TR1 274 | TR2 273
854.2401 	DATA 	Keypress: 5
854.2402 	DATA 	TR 548 | TR1 274 | TR2 274
855.8066 	DATA 	Keypress: 5
855.8067 	DATA 	TR 549 | TR1 275 | TR2 274
857.3569 	DATA 	Keypress: 5
857.3570 	DATA 	TR 550 | TR1 275 | TR2 275
858.9230 	DATA 	Keypress: 5
858.9230 	DATA 	TR 551 | TR1 276 | TR2 275
860.4895 	DATA 	Keypress: 5
860.4896 	DATA 	TR 552 | TR1 276 | TR2 276
862.0560 	DATA 	Keypress: 5
862.0561 	DATA 	TR 553 | TR1 277 | TR2 276
863.6059 	DATA 	Keypress: 5
863.6059 	DATA 	TR 554 | TR1 277 | TR2 277
864.3224 	DATA 	EndOfRun sub-08_ses-01_run-02

864.3225 	DATA 	We spent 93.75704979896545 seconds waiting for triggers
864.3225 	DATA 	RatioOfDetectedTargets 0.75
864.3225 	DATA 	You have detected 9 out of 12 targets.
869.1435 	DATA 	Keypress: 5
869.1437 	DATA 	Keypress: 5
869.3507 	EXP 	window1: mouseVisible = True
