MonitorDistance=99cm
MonitorWidth=30cm
PixelWidth=1024.0
PixelHeight=768.0
You have detected 10 out of 10 targets.
Excellent! Keep up the good work
13.8213 	INFO 	Loaded monitor calibration from ['2021_05_26 17:55']
14.2966 	EXP 	Created window1 = Window(allowGUI=False, allowStencil=False, autoLog=True, backendConf=UNKNOWN, bitsMode=UNKNOWN, blendMode='avg', bpc=(8, 8, 8), color=array([-0.5, -0.5, -0.5]), colorSpace='rgb', depthBits=8, fullscr=<method-wrapper '__getattribute__' of attributeSetter object at 0x7f5217b9ada0>, gamma=None, gammaErrorPolicy='raise', lms=UNKNOWN, monitor=<psychopy.monitors.calibTools.Monitor object at 0x7f5208dc0860>, multiSample=False, name='window1', numSamples=2, pos=[0.0, 0.0], screen=0, size=array([1024,  768]), stencilBits=0, stereo=False, units='deg', useFBO=False, useRetina=False, viewOri=0.0, viewPos=None, viewScale=None, waitBlanking=True, winType='pyglet')
14.2967 	EXP 	window1: mouseVisible = True
14.3628 	EXP 	Created unnamed TextStim = TextStim(__class__=<class 'psychopy.visual.text.TextStim'>, alignHoriz=method-wrapper(...), alignText='center', alignVert=method-wrapper(...), anchorHoriz='center', anchorVert='center', antialias=True, autoLog=True, bold=False, color=array([1., 1., 1.]), colorSpace='rgb', contrast=1.0, depth=0, flipHoriz=False, flipVert=False, font='', fontFiles=[], height=0.5, italic=False, languageStyle='LTR', name='unnamed TextStim', opacity=1.0, ori=0.0, pos=array([0., 0.]), rgb=UNKNOWN, text=str(...), units='deg', win=Window(...), wrapWidth=15.0)
14.3927 	EXP 	Created Movie Frame 0 = ImageStim(__class__=<class 'psychopy.visual.image.ImageStim'>, autoLog=True, color=array([1., 1., 1.]), colorSpace='rgb', contrast=1.0, depth=0, flipHoriz=False, flipVert=False, image='visual_0.png', interpolate=False, mask=None, maskParams=None, name='Movie Frame 0', opacity=1, ori=0.0, pos=array([0., 0.]), size=array([1024,  768]), texRes=128, units='pix', win=Window(...))
14.4162 	EXP 	Created Movie Frame 1 = ImageStim(__class__=<class 'psychopy.visual.image.ImageStim'>, autoLog=True, color=array([1., 1., 1.]), colorSpace='rgb', contrast=1.0, depth=0, flipHoriz=False, flipVert=False, image='visual_1.png', interpolate=False, mask=None, maskParams=None, name='Movie Frame 1', opacity=1, ori=0.0, pos=array([0., 0.]), size=array([1024,  768]), texRes=128, units='pix', win=Window(...))
69.5799 	DATA 	Keypress: 5
0.0000 	DATA 	StartOfRun sub-03_ses-01_run-04
0.0000 	DATA 	TR 1 | TR1 1 | TR2 0
0.0110 	DATA 	Initial baseline

0.5051 	DATA 	Keypress: 5
0.5052 	DATA 	TR 2 | TR1 1 | TR2 1
3.3675 	DATA 	Keypress: 5
3.3675 	DATA 	TR 3 | TR1 2 | TR2 1
3.8746 	DATA 	Keypress: 5
3.8747 	DATA 	TR 4 | TR1 2 | TR2 2
6.7359 	DATA 	Keypress: 5
6.7359 	DATA 	TR 5 | TR1 3 | TR2 2
7.2430 	DATA 	Keypress: 5
7.2430 	DATA 	TR 6 | TR1 3 | TR2 3
10.1043 	DATA 	Keypress: 5
10.1044 	DATA 	TR 7 | TR1 4 | TR2 3
10.6114 	DATA 	Keypress: 5
10.6114 	DATA 	TR 8 | TR1 4 | TR2 4
13.4737 	DATA 	Keypress: 5
13.4738 	DATA 	TR 9 | TR1 5 | TR2 4
13.9809 	DATA 	Keypress: 5
13.9809 	DATA 	TR 10 | TR1 5 | TR2 5
16.8434 	DATA 	Keypress: 5
16.8434 	DATA 	Waited 1.8434109687805176 seconds for trigger
16.8434 	DATA 	
16.8434 	DATA 	Trial 1
16.8434 	DATA 	stimDur = 30
16.8434 	DATA 	restDur = 30

16.8434 	DATA 	
16.8435 	DATA 	TR 11 | TR1 6 | TR2 5
16.8435 	DATA 	
16.8435 	DATA 	stimulation started
16.8435 	DATA 	
17.3600 	DATA 	Keypress: 5
17.3601 	DATA 	TR 12 | TR1 6 | TR2 6
20.2265 	DATA 	Keypress: 5
20.2265 	DATA 	TR 13 | TR1 7 | TR2 6
20.7264 	DATA 	Keypress: 5
20.7264 	DATA 	TR 14 | TR1 7 | TR2 7
23.5929 	DATA 	Keypress: 5
23.5929 	DATA 	TR 15 | TR1 8 | TR2 7
24.0928 	DATA 	Keypress: 5
24.0928 	DATA 	TR 16 | TR1 8 | TR2 8
26.9592 	DATA 	Keypress: 5
26.9592 	DATA 	TR 17 | TR1 9 | TR2 8
27.4591 	DATA 	Keypress: 5
27.4591 	DATA 	TR 18 | TR1 9 | TR2 9
30.3256 	DATA 	Keypress: 5
30.3256 	DATA 	TR 19 | TR1 10 | TR2 9
30.8255 	DATA 	Keypress: 5
30.8255 	DATA 	TR 20 | TR1 10 | TR2 10
33.6919 	DATA 	Keypress: 5
33.6920 	DATA 	TR 21 | TR1 11 | TR2 10
34.1926 	DATA 	Keypress: 5
34.2086 	DATA 	TR 22 | TR1 11 | TR2 11
37.0583 	DATA 	Keypress: 5
37.0584 	DATA 	TR 23 | TR1 12 | TR2 11
37.5749 	DATA 	Keypress: 5
37.5750 	DATA 	TR 24 | TR1 12 | TR2 12
40.4247 	DATA 	Keypress: 5
40.4247 	DATA 	TR 25 | TR1 13 | TR2 12
40.9413 	DATA 	Keypress: 5
40.9413 	DATA 	TR 26 | TR1 13 | TR2 13
43.7918 	DATA 	Keypress: 5
43.8076 	DATA 	TR 27 | TR1 14 | TR2 13
44.3076 	DATA 	Keypress: 5
44.3077 	DATA 	TR 28 | TR1 14 | TR2 14
46.8574 	DATA 	
46.8574 	DATA 	stimulation stopped
46.8574 	DATA 	
47.1741 	DATA 	Keypress: 5
47.1742 	DATA 	TR 29 | TR1 15 | TR2 14
47.6736 	DATA 	Keypress: 5
47.6737 	DATA 	TR 30 | TR1 15 | TR2 15
50.5404 	DATA 	Keypress: 5
50.5404 	DATA 	TR 31 | TR1 16 | TR2 15
51.0403 	DATA 	Keypress: 5
51.0404 	DATA 	TR 32 | TR1 16 | TR2 16
53.9068 	DATA 	Keypress: 5
53.9068 	DATA 	TR 33 | TR1 17 | TR2 16
54.4066 	DATA 	Keypress: 5
54.4067 	DATA 	TR 34 | TR1 17 | TR2 17
57.2731 	DATA 	Keypress: 5
57.2732 	DATA 	TR 35 | TR1 18 | TR2 17
57.7736 	DATA 	Keypress: 5
57.7898 	DATA 	TR 36 | TR1 18 | TR2 18
60.6395 	DATA 	Keypress: 5
60.6395 	DATA 	TR 37 | TR1 19 | TR2 18
61.1561 	DATA 	Keypress: 5
61.1561 	DATA 	TR 38 | TR1 19 | TR2 19
61.4894 	DATA 	Target presented
62.1393 	DATA 	Keypress: 1
62.1394 	DATA 	Key1 pressed
62.1394 	DATA 	Target detected
64.0058 	DATA 	Keypress: 5
64.0059 	DATA 	TR 39 | TR1 20 | TR2 19
64.5224 	DATA 	Keypress: 5
64.5225 	DATA 	TR 40 | TR1 20 | TR2 20
67.3728 	DATA 	Keypress: 5
67.3888 	DATA 	TR 41 | TR1 21 | TR2 20
67.8888 	DATA 	Keypress: 5
67.8888 	DATA 	TR 42 | TR1 21 | TR2 21
70.7553 	DATA 	Keypress: 5
70.7553 	DATA 	TR 43 | TR1 22 | TR2 21
71.2552 	DATA 	Keypress: 5
71.2552 	DATA 	TR 44 | TR1 22 | TR2 22
74.1216 	DATA 	Keypress: 5
74.1217 	DATA 	TR 45 | TR1 23 | TR2 22
74.6215 	DATA 	Keypress: 5
74.6216 	DATA 	TR 46 | TR1 23 | TR2 23
76.8546 	DATA 	
76.8546 	DATA 	Trial complete
76.8547 	DATA 	Waiting for VASO trigger to start next trial
76.8547 	DATA 	
77.4880 	DATA 	Keypress: 5
77.4880 	DATA 	Waited 0.6333770751953125 seconds for trigger
77.4880 	DATA 	
77.4881 	DATA 	Trial 2
77.4881 	DATA 	stimDur = 30
77.4881 	DATA 	restDur = 30

77.4881 	DATA 	
77.4881 	DATA 	TR 47 | TR1 24 | TR2 23
77.4881 	DATA 	
77.4881 	DATA 	stimulation started
77.4881 	DATA 	
77.9880 	DATA 	Keypress: 5
77.9880 	DATA 	TR 48 | TR1 24 | TR2 24
80.8544 	DATA 	Keypress: 5
80.8544 	DATA 	TR 49 | TR1 25 | TR2 24
81.3550 	DATA 	Keypress: 5
81.3710 	DATA 	TR 50 | TR1 25 | TR2 25
84.2207 	DATA 	Keypress: 5
84.2208 	DATA 	TR 51 | TR1 26 | TR2 25
84.7374 	DATA 	Keypress: 5
84.7374 	DATA 	TR 52 | TR1 26 | TR2 26
87.5871 	DATA 	Keypress: 5
87.5872 	DATA 	TR 53 | TR1 27 | TR2 26
88.1037 	DATA 	Keypress: 5
88.1037 	DATA 	TR 54 | TR1 27 | TR2 27
90.9542 	DATA 	Keypress: 5
90.9701 	DATA 	TR 55 | TR1 28 | TR2 27
91.4701 	DATA 	Keypress: 5
91.4701 	DATA 	TR 56 | TR1 28 | TR2 28
94.3365 	DATA 	Keypress: 5
94.3366 	DATA 	TR 57 | TR1 29 | TR2 28
94.8364 	DATA 	Keypress: 5
94.8365 	DATA 	TR 58 | TR1 29 | TR2 29
97.7029 	DATA 	Keypress: 5
97.7029 	DATA 	TR 59 | TR1 30 | TR2 29
98.2028 	DATA 	Keypress: 5
98.2028 	DATA 	TR 60 | TR1 30 | TR2 30
101.0693 	DATA 	Keypress: 5
101.0693 	DATA 	TR 61 | TR1 31 | TR2 30
101.5692 	DATA 	Keypress: 5
101.5692 	DATA 	TR 62 | TR1 31 | TR2 31
104.4356 	DATA 	Keypress: 5
104.4357 	DATA 	TR 63 | TR1 32 | TR2 31
104.9355 	DATA 	Keypress: 5
104.9356 	DATA 	TR 64 | TR1 32 | TR2 32
107.5020 	DATA 	
107.5020 	DATA 	stimulation stopped
107.5020 	DATA 	
107.8021 	DATA 	Keypress: 5
107.8021 	DATA 	TR 65 | TR1 33 | TR2 32
108.3185 	DATA 	Keypress: 5
108.3185 	DATA 	TR 66 | TR1 33 | TR2 33
111.1683 	DATA 	Keypress: 5
111.1683 	DATA 	TR 67 | TR1 34 | TR2 33
111.6849 	DATA 	Keypress: 5
111.6849 	DATA 	TR 68 | TR1 34 | TR2 34
114.5347 	DATA 	Keypress: 5
114.5347 	DATA 	TR 69 | TR1 35 | TR2 34
115.0513 	DATA 	Keypress: 5
115.0513 	DATA 	TR 70 | TR1 35 | TR2 35
117.9177 	DATA 	Keypress: 5
117.9177 	DATA 	TR 71 | TR1 36 | TR2 35
118.4176 	DATA 	Keypress: 5
118.4177 	DATA 	TR 72 | TR1 36 | TR2 36
121.2841 	DATA 	Keypress: 5
121.2841 	DATA 	TR 73 | TR1 37 | TR2 36
121.7841 	DATA 	Keypress: 5
121.7841 	DATA 	TR 74 | TR1 37 | TR2 37
124.6504 	DATA 	Keypress: 5
124.6505 	DATA 	TR 75 | TR1 38 | TR2 37
125.1503 	DATA 	Keypress: 5
125.1504 	DATA 	TR 76 | TR1 38 | TR2 38
127.9334 	DATA 	Target presented
128.0168 	DATA 	Keypress: 5
128.0168 	DATA 	TR 77 | TR1 39 | TR2 38
128.5167 	DATA 	Keypress: 1
128.5168 	DATA 	Keypress: 5
128.5168 	DATA 	Key1 pressed
128.5168 	DATA 	Target detected
128.5168 	DATA 	TR 78 | TR1 39 | TR2 39
131.3832 	DATA 	Keypress: 5
131.3832 	DATA 	TR 79 | TR1 40 | TR2 39
131.8997 	DATA 	Keypress: 5
131.8998 	DATA 	TR 80 | TR1 40 | TR2 40
134.7495 	DATA 	Keypress: 5
134.7496 	DATA 	TR 81 | TR1 41 | TR2 40
135.2661 	DATA 	Keypress: 5
135.2661 	DATA 	TR 82 | TR1 41 | TR2 41
137.4992 	DATA 	
137.4992 	DATA 	Trial complete
137.4992 	DATA 	Waiting for VASO trigger to start next trial
137.4992 	DATA 	
138.1159 	DATA 	Keypress: 5
138.1159 	DATA 	Waited 0.6166970729827881 seconds for trigger
138.1159 	DATA 	
138.1159 	DATA 	Trial 3
138.1159 	DATA 	stimDur = 30
138.1159 	DATA 	restDur = 30

138.1159 	DATA 	
138.1160 	DATA 	TR 83 | TR1 42 | TR2 41
138.1160 	DATA 	
138.1160 	DATA 	stimulation started
138.1160 	DATA 	
138.6325 	DATA 	Keypress: 5
138.6326 	DATA 	TR 84 | TR1 42 | TR2 42
141.4990 	DATA 	Keypress: 5
141.4990 	DATA 	TR 85 | TR1 43 | TR2 42
141.9989 	DATA 	Keypress: 5
141.9989 	DATA 	TR 86 | TR1 43 | TR2 43
144.8654 	DATA 	Keypress: 5
144.8654 	DATA 	TR 87 | TR1 44 | TR2 43
145.3653 	DATA 	Keypress: 5
145.3653 	DATA 	TR 88 | TR1 44 | TR2 44
148.2317 	DATA 	Keypress: 5
148.2318 	DATA 	TR 89 | TR1 45 | TR2 44
148.7316 	DATA 	Keypress: 5
148.7316 	DATA 	TR 90 | TR1 45 | TR2 45
151.5981 	DATA 	Keypress: 5
151.5982 	DATA 	TR 91 | TR1 46 | TR2 45
152.0979 	DATA 	Keypress: 5
152.0980 	DATA 	TR 92 | TR1 46 | TR2 46
154.9645 	DATA 	Keypress: 5
154.9645 	DATA 	TR 93 | TR1 47 | TR2 46
155.4810 	DATA 	Keypress: 5
155.4811 	DATA 	TR 94 | TR1 47 | TR2 47
158.3308 	DATA 	Keypress: 5
158.3308 	DATA 	TR 95 | TR1 48 | TR2 47
158.8474 	DATA 	Keypress: 5
158.8474 	DATA 	TR 96 | TR1 48 | TR2 48
161.6971 	DATA 	Keypress: 5
161.6972 	DATA 	TR 97 | TR1 49 | TR2 48
162.2138 	DATA 	Keypress: 5
162.2138 	DATA 	TR 98 | TR1 49 | TR2 49
165.0802 	DATA 	Keypress: 5
165.0802 	DATA 	TR 99 | TR1 50 | TR2 49
165.5801 	DATA 	Keypress: 5
165.5802 	DATA 	TR 100 | TR1 50 | TR2 50
168.1299 	DATA 	
168.1299 	DATA 	stimulation stopped
168.1299 	DATA 	
168.4463 	DATA 	Keypress: 5
168.4463 	DATA 	TR 101 | TR1 51 | TR2 50
168.9464 	DATA 	Keypress: 5
168.9465 	DATA 	TR 102 | TR1 51 | TR2 51
171.8130 	DATA 	Keypress: 5
171.8130 	DATA 	TR 103 | TR1 52 | TR2 51
172.3128 	DATA 	Keypress: 5
172.3128 	DATA 	TR 104 | TR1 52 | TR2 52
175.1792 	DATA 	Keypress: 5
175.1793 	DATA 	TR 105 | TR1 53 | TR2 52
175.2625 	DATA 	Target presented
175.6791 	DATA 	Keypress: 5
175.6792 	DATA 	TR 106 | TR1 53 | TR2 53
175.7291 	DATA 	Keypress: 1
175.7292 	DATA 	Key1 pressed
175.7292 	DATA 	Target detected
178.5456 	DATA 	Keypress: 5
178.5456 	DATA 	TR 107 | TR1 54 | TR2 53
179.0621 	DATA 	Keypress: 5
179.0622 	DATA 	TR 108 | TR1 54 | TR2 54
181.9118 	DATA 	Keypress: 5
181.9119 	DATA 	TR 109 | TR1 55 | TR2 54
182.4285 	DATA 	Keypress: 5
182.4286 	DATA 	TR 110 | TR1 55 | TR2 55
185.2783 	DATA 	Keypress: 5
185.2783 	DATA 	TR 111 | TR1 56 | TR2 55
185.7949 	DATA 	Keypress: 5
185.7949 	DATA 	TR 112 | TR1 56 | TR2 56
188.6613 	DATA 	Keypress: 5
188.6614 	DATA 	TR 113 | TR1 57 | TR2 56
189.1613 	DATA 	Keypress: 5
189.1613 	DATA 	TR 114 | TR1 57 | TR2 57
192.0277 	DATA 	Keypress: 5
192.0278 	DATA 	TR 115 | TR1 58 | TR2 57
192.5276 	DATA 	Keypress: 5
192.5277 	DATA 	TR 116 | TR1 58 | TR2 58
195.3941 	DATA 	Keypress: 5
195.3941 	DATA 	TR 117 | TR1 59 | TR2 58
195.8940 	DATA 	Keypress: 5
195.8940 	DATA 	TR 118 | TR1 59 | TR2 59
198.1271 	DATA 	
198.1271 	DATA 	Trial complete
198.1271 	DATA 	Waiting for VASO trigger to start next trial
198.1271 	DATA 	
198.7604 	DATA 	Keypress: 5
198.7605 	DATA 	Waited 0.6333811283111572 seconds for trigger
198.7605 	DATA 	
198.7605 	DATA 	Trial 4
198.7605 	DATA 	stimDur = 30
198.7605 	DATA 	restDur = 30

198.7605 	DATA 	
198.7605 	DATA 	TR 119 | TR1 60 | TR2 59
198.7605 	DATA 	
198.7605 	DATA 	stimulation started
198.7605 	DATA 	
199.2604 	DATA 	Keypress: 5
199.2604 	DATA 	TR 120 | TR1 60 | TR2 60
202.1268 	DATA 	Keypress: 5
202.1269 	DATA 	TR 121 | TR1 61 | TR2 60
202.6435 	DATA 	Keypress: 5
202.6435 	DATA 	TR 122 | TR1 61 | TR2 61
205.4932 	DATA 	Keypress: 5
205.4933 	DATA 	TR 123 | TR1 62 | TR2 61
206.0098 	DATA 	Keypress: 5
206.0098 	DATA 	TR 124 | TR1 62 | TR2 62
208.8596 	DATA 	Keypress: 5
208.8596 	DATA 	TR 125 | TR1 63 | TR2 62
209.3763 	DATA 	Keypress: 5
209.3763 	DATA 	TR 126 | TR1 63 | TR2 63
212.2267 	DATA 	Keypress: 5
212.2425 	DATA 	TR 127 | TR1 64 | TR2 63
212.7425 	DATA 	Keypress: 5
212.7426 	DATA 	TR 128 | TR1 64 | TR2 64
215.6090 	DATA 	Keypress: 5
215.6090 	DATA 	TR 129 | TR1 65 | TR2 64
216.1089 	DATA 	Keypress: 5
216.1090 	DATA 	TR 130 | TR1 65 | TR2 65
218.9753 	DATA 	Keypress: 5
218.9754 	DATA 	TR 131 | TR1 66 | TR2 65
219.4752 	DATA 	Keypress: 5
219.4753 	DATA 	TR 132 | TR1 66 | TR2 66
222.3417 	DATA 	Keypress: 5
222.3417 	DATA 	TR 133 | TR1 67 | TR2 66
222.8416 	DATA 	Keypress: 5
222.8416 	DATA 	TR 134 | TR1 67 | TR2 67
225.7081 	DATA 	Keypress: 5
225.7081 	DATA 	TR 135 | TR1 68 | TR2 67
226.2247 	DATA 	Keypress: 5
226.2247 	DATA 	TR 136 | TR1 68 | TR2 68
228.7744 	DATA 	
228.7744 	DATA 	stimulation stopped
228.7744 	DATA 	
229.0744 	DATA 	Keypress: 5
229.0745 	DATA 	TR 137 | TR1 69 | TR2 68
229.5910 	DATA 	Keypress: 5
229.5910 	DATA 	TR 138 | TR1 69 | TR2 69
232.4407 	DATA 	Keypress: 5
232.4408 	DATA 	TR 139 | TR1 70 | TR2 69
232.9573 	DATA 	Keypress: 5
232.9574 	DATA 	TR 140 | TR1 70 | TR2 70
235.8077 	DATA 	Keypress: 5
235.8237 	DATA 	TR 141 | TR1 71 | TR2 70
236.3237 	DATA 	Keypress: 5
236.3237 	DATA 	TR 142 | TR1 71 | TR2 71
239.1901 	DATA 	Keypress: 5
239.1902 	DATA 	TR 143 | TR1 72 | TR2 71
239.6900 	DATA 	Keypress: 5
239.6900 	DATA 	TR 144 | TR1 72 | TR2 72
242.5566 	DATA 	Keypress: 5
242.5566 	DATA 	TR 145 | TR1 73 | TR2 72
243.0566 	DATA 	Keypress: 5
243.0566 	DATA 	TR 146 | TR1 73 | TR2 73
245.9228 	DATA 	Keypress: 5
245.9229 	DATA 	TR 147 | TR1 74 | TR2 73
246.4228 	DATA 	Keypress: 5
246.4228 	DATA 	TR 148 | TR1 74 | TR2 74
248.1893 	DATA 	Target presented
248.6226 	DATA 	Keypress: 1
248.6226 	DATA 	Key1 pressed
248.6226 	DATA 	Target detected
249.2892 	DATA 	Keypress: 5
249.2893 	DATA 	TR 149 | TR1 75 | TR2 74
249.7897 	DATA 	Keypress: 5
249.8058 	DATA 	TR 150 | TR1 75 | TR2 75
252.6556 	DATA 	Keypress: 5
252.6556 	DATA 	TR 151 | TR1 76 | TR2 75
253.1722 	DATA 	Keypress: 5
253.1722 	DATA 	TR 152 | TR1 76 | TR2 76
256.0219 	DATA 	Keypress: 5
256.0220 	DATA 	TR 153 | TR1 77 | TR2 76
256.5385 	DATA 	Keypress: 5
256.5386 	DATA 	TR 154 | TR1 77 | TR2 77
258.7716 	DATA 	
258.7716 	DATA 	Trial complete
258.7717 	DATA 	Waiting for VASO trigger to start next trial
258.7717 	DATA 	
259.3885 	DATA 	Keypress: 5
259.3885 	DATA 	Waited 0.6168410778045654 seconds for trigger
259.3885 	DATA 	
259.3885 	DATA 	Trial 5
259.3885 	DATA 	stimDur = 30
259.3885 	DATA 	restDur = 30

259.3885 	DATA 	
259.3885 	DATA 	TR 155 | TR1 78 | TR2 77
259.3885 	DATA 	
259.3885 	DATA 	stimulation started
259.3885 	DATA 	
259.9049 	DATA 	Keypress: 5
259.9050 	DATA 	TR 156 | TR1 78 | TR2 78
262.7714 	DATA 	Keypress: 5
262.7714 	DATA 	TR 157 | TR1 79 | TR2 78
263.2713 	DATA 	Keypress: 5
263.2713 	DATA 	TR 158 | TR1 79 | TR2 79
266.1378 	DATA 	Keypress: 5
266.1378 	DATA 	TR 159 | TR1 80 | TR2 79
266.6377 	DATA 	Keypress: 5
266.6377 	DATA 	TR 160 | TR1 80 | TR2 80
269.5041 	DATA 	Keypress: 5
269.5042 	DATA 	TR 161 | TR1 81 | TR2 80
270.0040 	DATA 	Keypress: 5
270.0041 	DATA 	TR 162 | TR1 81 | TR2 81
272.8705 	DATA 	Keypress: 5
272.8705 	DATA 	TR 163 | TR1 82 | TR2 81
273.3711 	DATA 	Keypress: 5
273.3870 	DATA 	TR 164 | TR1 82 | TR2 82
276.2368 	DATA 	Keypress: 5
276.2369 	DATA 	TR 165 | TR1 83 | TR2 82
276.7536 	DATA 	Keypress: 5
276.7536 	DATA 	TR 166 | TR1 83 | TR2 83
279.6032 	DATA 	Keypress: 5
279.6032 	DATA 	TR 167 | TR1 84 | TR2 83
280.1198 	DATA 	Keypress: 5
280.1199 	DATA 	TR 168 | TR1 84 | TR2 84
282.9696 	DATA 	Keypress: 5
282.9697 	DATA 	TR 169 | TR1 85 | TR2 84
283.4862 	DATA 	Keypress: 5
283.4862 	DATA 	TR 170 | TR1 85 | TR2 85
286.3525 	DATA 	Keypress: 5
286.3526 	DATA 	TR 171 | TR1 86 | TR2 85
286.8527 	DATA 	Keypress: 5
286.8527 	DATA 	TR 172 | TR1 86 | TR2 86
289.4023 	DATA 	
289.4023 	DATA 	stimulation stopped
289.4023 	DATA 	
289.7189 	DATA 	Keypress: 5
289.7190 	DATA 	TR 173 | TR1 87 | TR2 86
290.0689 	DATA 	Target presented
290.2188 	DATA 	Keypress: 5
290.2189 	DATA 	TR 174 | TR1 87 | TR2 87
290.5688 	DATA 	Keypress: 1
290.5688 	DATA 	Key1 pressed
290.5689 	DATA 	Target detected
293.0853 	DATA 	Keypress: 5
293.0853 	DATA 	TR 175 | TR1 88 | TR2 87
293.5852 	DATA 	Keypress: 5
293.5852 	DATA 	TR 176 | TR1 88 | TR2 88
296.4516 	DATA 	Keypress: 5
296.4517 	DATA 	TR 177 | TR1 89 | TR2 88
296.9516 	DATA 	Keypress: 5
296.9516 	DATA 	TR 178 | TR1 89 | TR2 89
299.8180 	DATA 	Keypress: 5
299.8180 	DATA 	TR 179 | TR1 90 | TR2 89
300.3346 	DATA 	Keypress: 5
300.3346 	DATA 	TR 180 | TR1 90 | TR2 90
303.1843 	DATA 	Keypress: 5
303.1844 	DATA 	TR 181 | TR1 91 | TR2 90
303.7010 	DATA 	Keypress: 5
303.7010 	DATA 	TR 182 | TR1 91 | TR2 91
306.5507 	DATA 	Keypress: 5
306.5508 	DATA 	TR 183 | TR1 92 | TR2 91
307.0673 	DATA 	Keypress: 5
307.0673 	DATA 	TR 184 | TR1 92 | TR2 92
309.9337 	DATA 	Keypress: 5
309.9338 	DATA 	TR 185 | TR1 93 | TR2 92
310.4338 	DATA 	Keypress: 5
310.4338 	DATA 	TR 186 | TR1 93 | TR2 93
313.3001 	DATA 	Keypress: 5
313.3002 	DATA 	TR 187 | TR1 94 | TR2 93
313.8000 	DATA 	Keypress: 5
313.8001 	DATA 	TR 188 | TR1 94 | TR2 94
316.6666 	DATA 	Keypress: 5
316.6666 	DATA 	TR 189 | TR1 95 | TR2 94
317.1664 	DATA 	Keypress: 5
317.1664 	DATA 	TR 190 | TR1 95 | TR2 95
319.3995 	DATA 	
319.3995 	DATA 	Trial complete
319.3995 	DATA 	Waiting for VASO trigger to start next trial
319.3995 	DATA 	
320.0328 	DATA 	Keypress: 5
320.0329 	DATA 	Waited 0.6333611011505127 seconds for trigger
320.0329 	DATA 	
320.0329 	DATA 	Trial 6
320.0329 	DATA 	stimDur = 30
320.0329 	DATA 	restDur = 30

320.0329 	DATA 	
320.0329 	DATA 	TR 191 | TR1 96 | TR2 95
320.0329 	DATA 	
320.0329 	DATA 	stimulation started
320.0329 	DATA 	
320.5328 	DATA 	Keypress: 5
320.5328 	DATA 	TR 192 | TR1 96 | TR2 96
323.3992 	DATA 	Keypress: 5
323.3993 	DATA 	TR 193 | TR1 97 | TR2 96
323.9159 	DATA 	Keypress: 5
323.9159 	DATA 	TR 194 | TR1 97 | TR2 97
326.7656 	DATA 	Keypress: 5
326.7656 	DATA 	TR 195 | TR1 98 | TR2 97
327.2822 	DATA 	Keypress: 5
327.2823 	DATA 	TR 196 | TR1 98 | TR2 98
330.1320 	DATA 	Keypress: 5
330.1320 	DATA 	TR 197 | TR1 99 | TR2 98
330.6486 	DATA 	Keypress: 5
330.6486 	DATA 	TR 198 | TR1 99 | TR2 99
333.5150 	DATA 	Keypress: 5
333.5151 	DATA 	TR 199 | TR1 100 | TR2 99
334.0149 	DATA 	Keypress: 5
334.0150 	DATA 	TR 200 | TR1 100 | TR2 100
336.8814 	DATA 	Keypress: 5
336.8814 	DATA 	TR 201 | TR1 101 | TR2 100
337.3813 	DATA 	Keypress: 5
337.3814 	DATA 	TR 202 | TR1 101 | TR2 101
340.2477 	DATA 	Keypress: 5
340.2478 	DATA 	TR 203 | TR1 102 | TR2 101
340.7476 	DATA 	Keypress: 5
340.7477 	DATA 	TR 204 | TR1 102 | TR2 102
343.6141 	DATA 	Keypress: 5
343.6142 	DATA 	TR 205 | TR1 103 | TR2 102
344.1140 	DATA 	Keypress: 5
344.1140 	DATA 	TR 206 | TR1 103 | TR2 103
346.9806 	DATA 	Keypress: 5
346.9806 	DATA 	TR 207 | TR1 104 | TR2 103
347.4970 	DATA 	Keypress: 5
347.4971 	DATA 	TR 208 | TR1 104 | TR2 104
350.0468 	DATA 	
350.0468 	DATA 	stimulation stopped
350.0468 	DATA 	
350.3468 	DATA 	Keypress: 5
350.3468 	DATA 	TR 209 | TR1 105 | TR2 104
350.8633 	DATA 	Keypress: 5
350.8634 	DATA 	TR 210 | TR1 105 | TR2 105
353.7131 	DATA 	Keypress: 5
353.7131 	DATA 	TR 211 | TR1 106 | TR2 105
354.2297 	DATA 	Keypress: 5
354.2297 	DATA 	TR 212 | TR1 106 | TR2 106
357.0961 	DATA 	Keypress: 5
357.0962 	DATA 	TR 213 | TR1 107 | TR2 106
357.5961 	DATA 	Keypress: 5
357.5961 	DATA 	TR 214 | TR1 107 | TR2 107
360.4625 	DATA 	Keypress: 5
360.4626 	DATA 	TR 215 | TR1 108 | TR2 107
360.9458 	DATA 	Target presented
360.9624 	DATA 	Keypress: 5
360.9625 	DATA 	TR 216 | TR1 108 | TR2 108
361.4124 	DATA 	Keypress: 1
361.4125 	DATA 	Key1 pressed
361.4125 	DATA 	Target detected
363.8288 	DATA 	Keypress: 5
363.8289 	DATA 	TR 217 | TR1 109 | TR2 108
364.3288 	DATA 	Keypress: 5
364.3288 	DATA 	TR 218 | TR1 109 | TR2 109
367.1952 	DATA 	Keypress: 5
367.1953 	DATA 	TR 219 | TR1 110 | TR2 109
367.6952 	DATA 	Keypress: 5
367.6952 	DATA 	TR 220 | TR1 110 | TR2 110
370.5616 	DATA 	Keypress: 5
370.5616 	DATA 	TR 221 | TR1 111 | TR2 110
371.0782 	DATA 	Keypress: 5
371.0782 	DATA 	TR 222 | TR1 111 | TR2 111
373.9280 	DATA 	Keypress: 5
373.9280 	DATA 	TR 223 | TR1 112 | TR2 111
374.4446 	DATA 	Keypress: 5
374.4446 	DATA 	TR 224 | TR1 112 | TR2 112
377.2943 	DATA 	Keypress: 5
377.2944 	DATA 	TR 225 | TR1 113 | TR2 112
377.8109 	DATA 	Keypress: 5
377.8109 	DATA 	TR 226 | TR1 113 | TR2 113
380.0440 	DATA 	
380.0440 	DATA 	Trial complete
380.0440 	DATA 	Waiting for VASO trigger to start next trial
380.0440 	DATA 	
380.6773 	DATA 	Keypress: 5
380.6774 	DATA 	Waited 0.6333489418029785 seconds for trigger
380.6774 	DATA 	
380.6774 	DATA 	Trial 7
380.6774 	DATA 	stimDur = 30
380.6774 	DATA 	restDur = 30

380.6774 	DATA 	
380.6774 	DATA 	TR 227 | TR1 114 | TR2 113
380.6774 	DATA 	
380.6774 	DATA 	stimulation started
380.6774 	DATA 	
381.1773 	DATA 	Keypress: 5
381.1774 	DATA 	TR 228 | TR1 114 | TR2 114
384.0438 	DATA 	Keypress: 5
384.0438 	DATA 	TR 229 | TR1 115 | TR2 114
384.5437 	DATA 	Keypress: 5
384.5437 	DATA 	TR 230 | TR1 115 | TR2 115
387.4101 	DATA 	Keypress: 5
387.4101 	DATA 	TR 231 | TR1 116 | TR2 115
387.9100 	DATA 	Keypress: 5
387.9101 	DATA 	TR 232 | TR1 116 | TR2 116
390.7765 	DATA 	Keypress: 5
390.7765 	DATA 	TR 233 | TR1 117 | TR2 116
391.2764 	DATA 	Keypress: 5
391.2765 	DATA 	TR 234 | TR1 117 | TR2 117
394.1429 	DATA 	Keypress: 5
394.1429 	DATA 	TR 235 | TR1 118 | TR2 117
394.6594 	DATA 	Keypress: 5
394.6595 	DATA 	TR 236 | TR1 118 | TR2 118
397.5092 	DATA 	Keypress: 5
397.5093 	DATA 	TR 237 | TR1 119 | TR2 118
398.0258 	DATA 	Keypress: 5
398.0258 	DATA 	TR 238 | TR1 119 | TR2 119
400.8756 	DATA 	Keypress: 5
400.8757 	DATA 	TR 239 | TR1 120 | TR2 119
401.3922 	DATA 	Keypress: 5
401.3922 	DATA 	TR 240 | TR1 120 | TR2 120
404.2586 	DATA 	Keypress: 5
404.2587 	DATA 	TR 241 | TR1 121 | TR2 120
404.7585 	DATA 	Keypress: 5
404.7586 	DATA 	TR 242 | TR1 121 | TR2 121
407.6249 	DATA 	Keypress: 5
407.6250 	DATA 	TR 243 | TR1 122 | TR2 121
408.1249 	DATA 	Keypress: 5
408.1249 	DATA 	TR 244 | TR1 122 | TR2 122
410.6913 	DATA 	
410.6913 	DATA 	stimulation stopped
410.6913 	DATA 	
410.9913 	DATA 	Keypress: 5
410.9913 	DATA 	TR 245 | TR1 123 | TR2 122
411.4912 	DATA 	Keypress: 5
411.4912 	DATA 	TR 246 | TR1 123 | TR2 123
412.1911 	DATA 	Target presented
412.6744 	DATA 	Keypress: 1
412.6745 	DATA 	Key1 pressed
412.6745 	DATA 	Target detected
414.3576 	DATA 	Keypress: 5
414.3577 	DATA 	TR 247 | TR1 124 | TR2 123
414.8576 	DATA 	Keypress: 5
414.8576 	DATA 	TR 248 | TR1 124 | TR2 124
417.7240 	DATA 	Keypress: 5
417.7240 	DATA 	TR 249 | TR1 125 | TR2 124
418.2406 	DATA 	Keypress: 5
418.2406 	DATA 	TR 250 | TR1 125 | TR2 125
421.0903 	DATA 	Keypress: 5
421.0904 	DATA 	TR 251 | TR1 126 | TR2 125
421.6069 	DATA 	Keypress: 5
421.6070 	DATA 	TR 252 | TR1 126 | TR2 126
424.4567 	DATA 	Keypress: 5
424.4568 	DATA 	TR 253 | TR1 127 | TR2 126
424.9733 	DATA 	Keypress: 5
424.9733 	DATA 	TR 254 | TR1 127 | TR2 127
427.8397 	DATA 	Keypress: 5
427.8398 	DATA 	TR 255 | TR1 128 | TR2 127
428.3397 	DATA 	Keypress: 5
428.3397 	DATA 	TR 256 | TR1 128 | TR2 128
431.2061 	DATA 	Keypress: 5
431.2061 	DATA 	TR 257 | TR1 129 | TR2 128
431.7060 	DATA 	Keypress: 5
431.7061 	DATA 	TR 258 | TR1 129 | TR2 129
434.5725 	DATA 	Keypress: 5
434.5725 	DATA 	TR 259 | TR1 130 | TR2 129
435.0723 	DATA 	Keypress: 5
435.0723 	DATA 	TR 260 | TR1 130 | TR2 130
437.9388 	DATA 	Keypress: 5
437.9389 	DATA 	TR 261 | TR1 131 | TR2 130
438.4387 	DATA 	Keypress: 5
438.4388 	DATA 	TR 262 | TR1 131 | TR2 131
440.6885 	DATA 	
440.6885 	DATA 	Trial complete
440.6885 	DATA 	Waiting for VASO trigger to start next trial
440.6885 	DATA 	
441.3052 	DATA 	Keypress: 5
441.3052 	DATA 	Waited 0.6166970729827881 seconds for trigger
441.3052 	DATA 	
441.3052 	DATA 	Trial 8
441.3052 	DATA 	stimDur = 30
441.3052 	DATA 	restDur = 30

441.3053 	DATA 	
441.3053 	DATA 	TR 263 | TR1 132 | TR2 131
441.3053 	DATA 	
441.3053 	DATA 	stimulation started
441.3053 	DATA 	
441.8218 	DATA 	Keypress: 5
441.8219 	DATA 	TR 264 | TR1 132 | TR2 132
444.6716 	DATA 	Keypress: 5
444.6716 	DATA 	TR 265 | TR1 133 | TR2 132
445.1882 	DATA 	Keypress: 5
445.1883 	DATA 	TR 266 | TR1 133 | TR2 133
448.0379 	DATA 	Keypress: 5
448.0379 	DATA 	TR 267 | TR1 134 | TR2 133
448.5546 	DATA 	Keypress: 5
448.5546 	DATA 	TR 268 | TR1 134 | TR2 134
451.4210 	DATA 	Keypress: 5
451.4210 	DATA 	TR 269 | TR1 135 | TR2 134
451.9209 	DATA 	Keypress: 5
451.9209 	DATA 	TR 270 | TR1 135 | TR2 135
454.7873 	DATA 	Keypress: 5
454.7874 	DATA 	TR 271 | TR1 136 | TR2 135
455.2873 	DATA 	Keypress: 5
455.2873 	DATA 	TR 272 | TR1 136 | TR2 136
458.1537 	DATA 	Keypress: 5
458.1538 	DATA 	TR 273 | TR1 137 | TR2 136
458.6536 	DATA 	Keypress: 5
458.6537 	DATA 	TR 274 | TR1 137 | TR2 137
461.5201 	DATA 	Keypress: 5
461.5201 	DATA 	TR 275 | TR1 138 | TR2 137
462.0200 	DATA 	Keypress: 5
462.0200 	DATA 	TR 276 | TR1 138 | TR2 138
464.8864 	DATA 	Keypress: 5
464.8865 	DATA 	TR 277 | TR1 139 | TR2 138
465.3870 	DATA 	Keypress: 5
465.4029 	DATA 	TR 278 | TR1 139 | TR2 139
468.2528 	DATA 	Keypress: 5
468.2529 	DATA 	TR 279 | TR1 140 | TR2 139
468.7693 	DATA 	Keypress: 5
468.7694 	DATA 	TR 280 | TR1 140 | TR2 140
469.0360 	DATA 	Target presented
469.5859 	DATA 	Keypress: 1
469.5860 	DATA 	Key1 pressed
469.5860 	DATA 	Target detected
471.3191 	DATA 	
471.3191 	DATA 	stimulation stopped
471.3191 	DATA 	
471.6191 	DATA 	Keypress: 5
471.6191 	DATA 	TR 281 | TR1 141 | TR2 140
472.1356 	DATA 	Keypress: 5
472.1357 	DATA 	TR 282 | TR1 141 | TR2 141
475.0021 	DATA 	Keypress: 5
475.0021 	DATA 	TR 283 | TR1 142 | TR2 141
475.5020 	DATA 	Keypress: 5
475.5021 	DATA 	TR 284 | TR1 142 | TR2 142
478.3686 	DATA 	Keypress: 5
478.3686 	DATA 	TR 285 | TR1 143 | TR2 142
478.8684 	DATA 	Keypress: 5
478.8684 	DATA 	TR 286 | TR1 143 | TR2 143
481.7348 	DATA 	Keypress: 5
481.7349 	DATA 	TR 287 | TR1 144 | TR2 143
482.2347 	DATA 	Keypress: 5
482.2348 	DATA 	TR 288 | TR1 144 | TR2 144
485.1012 	DATA 	Keypress: 5
485.1012 	DATA 	TR 289 | TR1 145 | TR2 144
485.6011 	DATA 	Keypress: 5
485.6012 	DATA 	TR 290 | TR1 145 | TR2 145
488.4675 	DATA 	Keypress: 5
488.4675 	DATA 	TR 291 | TR1 146 | TR2 145
488.9681 	DATA 	Keypress: 5
488.9841 	DATA 	TR 292 | TR1 146 | TR2 146
491.8339 	DATA 	Keypress: 5
491.8340 	DATA 	TR 293 | TR1 147 | TR2 146
492.3505 	DATA 	Keypress: 5
492.3505 	DATA 	TR 294 | TR1 147 | TR2 147
495.2003 	DATA 	Keypress: 5
495.2003 	DATA 	TR 295 | TR1 148 | TR2 147
495.7168 	DATA 	Keypress: 5
495.7169 	DATA 	TR 296 | TR1 148 | TR2 148
498.5672 	DATA 	Keypress: 5
498.5832 	DATA 	TR 297 | TR1 149 | TR2 148
499.0832 	DATA 	Keypress: 5
499.0832 	DATA 	TR 298 | TR1 149 | TR2 149
501.3163 	DATA 	
501.3163 	DATA 	Trial complete
501.3163 	DATA 	Waiting for VASO trigger to start next trial
501.3163 	DATA 	
501.9496 	DATA 	Keypress: 5
501.9497 	DATA 	Waited 0.6333699226379395 seconds for trigger
501.9497 	DATA 	
501.9497 	DATA 	Trial 9
501.9497 	DATA 	stimDur = 30
501.9497 	DATA 	restDur = 30

501.9497 	DATA 	
501.9497 	DATA 	TR 299 | TR1 150 | TR2 149
501.9497 	DATA 	
501.9497 	DATA 	stimulation started
501.9497 	DATA 	
502.4496 	DATA 	Keypress: 5
502.4496 	DATA 	TR 300 | TR1 150 | TR2 150
505.3160 	DATA 	Keypress: 5
505.3161 	DATA 	TR 301 | TR1 151 | TR2 150
505.8160 	DATA 	Keypress: 5
505.8160 	DATA 	TR 302 | TR1 151 | TR2 151
508.6825 	DATA 	Keypress: 5
508.6826 	DATA 	TR 303 | TR1 152 | TR2 151
509.1823 	DATA 	Keypress: 5
509.1824 	DATA 	TR 304 | TR1 152 | TR2 152
512.0488 	DATA 	Keypress: 5
512.0488 	DATA 	TR 305 | TR1 153 | TR2 152
512.5494 	DATA 	Keypress: 5
512.5653 	DATA 	TR 306 | TR1 153 | TR2 153
515.4151 	DATA 	Keypress: 5
515.4152 	DATA 	TR 307 | TR1 154 | TR2 153
515.9317 	DATA 	Keypress: 5
515.9318 	DATA 	TR 308 | TR1 154 | TR2 154
518.7815 	DATA 	Keypress: 5
518.7815 	DATA 	TR 309 | TR1 155 | TR2 154
519.2981 	DATA 	Keypress: 5
519.2981 	DATA 	TR 310 | TR1 155 | TR2 155
522.1486 	DATA 	Keypress: 5
522.1646 	DATA 	TR 311 | TR1 156 | TR2 155
522.6644 	DATA 	Keypress: 5
522.6644 	DATA 	TR 312 | TR1 156 | TR2 156
525.0975 	DATA 	Target presented
525.4975 	DATA 	Keypress: 1
525.4976 	DATA 	Key1 pressed
525.4976 	DATA 	Target detected
525.5308 	DATA 	Keypress: 5
525.5309 	DATA 	TR 313 | TR1 157 | TR2 156
526.0308 	DATA 	Keypress: 5
526.0308 	DATA 	TR 314 | TR1 157 | TR2 157
528.8972 	DATA 	Keypress: 5
528.8972 	DATA 	TR 315 | TR1 158 | TR2 157
529.3972 	DATA 	Keypress: 5
529.3972 	DATA 	TR 316 | TR1 158 | TR2 158
531.9635 	DATA 	
531.9635 	DATA 	stimulation stopped
531.9635 	DATA 	
532.2635 	DATA 	Keypress: 5
532.2636 	DATA 	TR 317 | TR1 159 | TR2 158
532.7634 	DATA 	Keypress: 5
532.7635 	DATA 	TR 318 | TR1 159 | TR2 159
535.6299 	DATA 	Keypress: 5
535.6299 	DATA 	TR 319 | TR1 160 | TR2 159
536.1299 	DATA 	Keypress: 5
536.1300 	DATA 	TR 320 | TR1 160 | TR2 160
538.9963 	DATA 	Keypress: 5
538.9963 	DATA 	TR 321 | TR1 161 | TR2 160
539.5128 	DATA 	Keypress: 5
539.5129 	DATA 	TR 322 | TR1 161 | TR2 161
542.3626 	DATA 	Keypress: 5
542.3627 	DATA 	TR 323 | TR1 162 | TR2 161
542.8791 	DATA 	Keypress: 5
542.8791 	DATA 	TR 324 | TR1 162 | TR2 162
545.7290 	DATA 	Keypress: 5
545.7290 	DATA 	TR 325 | TR1 163 | TR2 162
546.2457 	DATA 	Keypress: 5
546.2458 	DATA 	TR 326 | TR1 163 | TR2 163
549.1120 	DATA 	Keypress: 5
549.1120 	DATA 	TR 327 | TR1 164 | TR2 163
549.6119 	DATA 	Keypress: 5
549.6120 	DATA 	TR 328 | TR1 164 | TR2 164
552.4784 	DATA 	Keypress: 5
552.4784 	DATA 	TR 329 | TR1 165 | TR2 164
552.9783 	DATA 	Keypress: 5
552.9783 	DATA 	TR 330 | TR1 165 | TR2 165
555.8447 	DATA 	Keypress: 5
555.8448 	DATA 	TR 331 | TR1 166 | TR2 165
556.3446 	DATA 	Keypress: 5
556.3447 	DATA 	TR 332 | TR1 166 | TR2 166
559.2111 	DATA 	Keypress: 5
559.2111 	DATA 	TR 333 | TR1 167 | TR2 166
559.7110 	DATA 	Keypress: 5
559.7110 	DATA 	TR 334 | TR1 167 | TR2 167
561.9607 	DATA 	
561.9607 	DATA 	Trial complete
561.9607 	DATA 	Waiting for VASO trigger to start next trial
561.9607 	DATA 	
562.5776 	DATA 	Keypress: 5
562.5776 	DATA 	Waited 0.6168792247772217 seconds for trigger
562.5776 	DATA 	
562.5776 	DATA 	Trial 10
562.5776 	DATA 	stimDur = 30
562.5776 	DATA 	restDur = 30

562.5776 	DATA 	
562.5776 	DATA 	TR 335 | TR1 168 | TR2 167
562.5776 	DATA 	
562.5776 	DATA 	stimulation started
562.5777 	DATA 	
563.0941 	DATA 	Keypress: 5
563.0941 	DATA 	TR 336 | TR1 168 | TR2 168
565.9438 	DATA 	Keypress: 5
565.9439 	DATA 	TR 337 | TR1 169 | TR2 168
566.4607 	DATA 	Keypress: 5
566.4607 	DATA 	TR 338 | TR1 169 | TR2 169
569.3102 	DATA 	Keypress: 5
569.3102 	DATA 	TR 339 | TR1 170 | TR2 169
569.8268 	DATA 	Keypress: 5
569.8268 	DATA 	TR 340 | TR1 170 | TR2 170
572.6932 	DATA 	Keypress: 5
572.6933 	DATA 	TR 341 | TR1 171 | TR2 170
573.1932 	DATA 	Keypress: 5
573.1932 	DATA 	TR 342 | TR1 171 | TR2 171
576.0596 	DATA 	Keypress: 5
576.0596 	DATA 	TR 343 | TR1 172 | TR2 171
576.5595 	DATA 	Keypress: 5
576.5595 	DATA 	TR 344 | TR1 172 | TR2 172
579.4259 	DATA 	Keypress: 5
579.4260 	DATA 	TR 345 | TR1 173 | TR2 172
579.9258 	DATA 	Keypress: 5
579.9259 	DATA 	TR 346 | TR1 173 | TR2 173
582.7923 	DATA 	Keypress: 5
582.7924 	DATA 	TR 347 | TR1 174 | TR2 173
583.2922 	DATA 	Keypress: 5
583.2923 	DATA 	TR 348 | TR1 174 | TR2 174
586.1586 	DATA 	Keypress: 5
586.1587 	DATA 	TR 349 | TR1 175 | TR2 174
586.6752 	DATA 	Keypress: 5
586.6753 	DATA 	TR 350 | TR1 175 | TR2 175
589.5250 	DATA 	Keypress: 5
589.5251 	DATA 	TR 351 | TR1 176 | TR2 175
590.0417 	DATA 	Keypress: 5
590.0418 	DATA 	TR 352 | TR1 176 | TR2 176
592.5913 	DATA 	
592.5913 	DATA 	stimulation stopped
592.5913 	DATA 	
592.8913 	DATA 	Keypress: 5
592.8914 	DATA 	TR 353 | TR1 177 | TR2 176
593.4079 	DATA 	Keypress: 5
593.4079 	DATA 	TR 354 | TR1 177 | TR2 177
595.4077 	DATA 	Target presented
595.7744 	DATA 	Keypress: 1
595.7745 	DATA 	Key1 pressed
595.7745 	DATA 	Target detected
596.2743 	DATA 	Keypress: 5
596.2743 	DATA 	TR 355 | TR1 178 | TR2 177
596.7743 	DATA 	Keypress: 5
596.7743 	DATA 	TR 356 | TR1 178 | TR2 178
599.6407 	DATA 	Keypress: 5
599.6407 	DATA 	TR 357 | TR1 179 | TR2 178
600.1406 	DATA 	Keypress: 5
600.1407 	DATA 	TR 358 | TR1 179 | TR2 179
603.0071 	DATA 	Keypress: 5
603.0071 	DATA 	TR 359 | TR1 180 | TR2 179
603.5070 	DATA 	Keypress: 5
603.5070 	DATA 	TR 360 | TR1 180 | TR2 180
606.3734 	DATA 	Keypress: 5
606.3735 	DATA 	TR 361 | TR1 181 | TR2 180
606.8734 	DATA 	Keypress: 5
606.8735 	DATA 	TR 362 | TR1 181 | TR2 181
609.7397 	DATA 	Keypress: 5
609.7398 	DATA 	TR 363 | TR1 182 | TR2 181
610.2564 	DATA 	Keypress: 5
610.2565 	DATA 	TR 364 | TR1 182 | TR2 182
613.1061 	DATA 	Keypress: 5
613.1062 	DATA 	TR 365 | TR1 183 | TR2 182
613.6227 	DATA 	Keypress: 5
613.6227 	DATA 	TR 366 | TR1 183 | TR2 183
616.4725 	DATA 	Keypress: 5
616.4725 	DATA 	TR 367 | TR1 184 | TR2 183
616.9891 	DATA 	Keypress: 5
616.9891 	DATA 	TR 368 | TR1 184 | TR2 184
619.8555 	DATA 	Keypress: 5
619.8555 	DATA 	TR 369 | TR1 185 | TR2 184
620.3554 	DATA 	Keypress: 5
620.3555 	DATA 	TR 370 | TR1 185 | TR2 185
622.4885 	DATA 	EndOfRun sub-03_ses-01_run-04

622.4886 	DATA 	We spent 7.477470636367798 seconds waiting for triggers
622.4886 	DATA 	RatioOfDetectedTargets 1.0
622.4886 	DATA 	You have detected 10 out of 10 targets.
627.3107 	DATA 	Keypress: 5
627.3109 	DATA 	Keypress: 5
627.3110 	DATA 	Keypress: 5
627.3112 	DATA 	Keypress: 5
627.5181 	EXP 	window1: mouseVisible = True
