MonitorDistance=99cm
MonitorWidth=30cm
PixelWidth=1024.0
PixelHeight=768.0
You have detected 9 out of 10 targets.
Well done! Keep up the good work
7.4661 	INFO 	Loaded monitor calibration from ['2021_05_26 17:55']
7.9246 	EXP 	Created window1 = Window(allowGUI=False, allowStencil=False, autoLog=True, backendConf=UNKNOWN, bitsMode=UNKNOWN, blendMode='avg', bpc=(8, 8, 8), color=array([-0.5, -0.5, -0.5]), colorSpace='rgb', depthBits=8, fullscr=<method-wrapper '__getattribute__' of attributeSetter object at 0x7f65fb833da0>, gamma=None, gammaErrorPolicy='raise', lms=UNKNOWN, monitor=<psychopy.monitors.calibTools.Monitor object at 0x7f65eca987f0>, multiSample=False, name='window1', numSamples=2, pos=[0.0, 0.0], screen=0, size=array([1024,  768]), stencilBits=0, stereo=False, units='deg', useFBO=False, useRetina=False, viewOri=0.0, viewPos=None, viewScale=None, waitBlanking=True, winType='pyglet')
7.9247 	EXP 	window1: mouseVisible = True
7.9996 	EXP 	Created unnamed TextStim = TextStim(__class__=<class 'psychopy.visual.text.TextStim'>, alignHoriz=method-wrapper(...), alignText='center', alignVert=method-wrapper(...), anchorHoriz='center', anchorVert='center', antialias=True, autoLog=True, bold=False, color=array([1., 1., 1.]), colorSpace='rgb', contrast=1.0, depth=0, flipHoriz=False, flipVert=False, font='', fontFiles=[], height=0.5, italic=False, languageStyle='LTR', name='unnamed TextStim', opacity=1.0, ori=0.0, pos=array([0., 0.]), rgb=UNKNOWN, text=str(...), units='deg', win=Window(...), wrapWidth=15.0)
8.0298 	EXP 	Created Movie Frame 0 = ImageStim(__class__=<class 'psychopy.visual.image.ImageStim'>, autoLog=True, color=array([1., 1., 1.]), colorSpace='rgb', contrast=1.0, depth=0, flipHoriz=False, flipVert=False, image='visual_0.png', interpolate=False, mask=None, maskParams=None, name='Movie Frame 0', opacity=1, ori=0.0, pos=array([0., 0.]), size=array([1024,  768]), texRes=128, units='pix', win=Window(...))
8.0533 	EXP 	Created Movie Frame 1 = ImageStim(__class__=<class 'psychopy.visual.image.ImageStim'>, autoLog=True, color=array([1., 1., 1.]), colorSpace='rgb', contrast=1.0, depth=0, flipHoriz=False, flipVert=False, image='visual_1.png', interpolate=False, mask=None, maskParams=None, name='Movie Frame 1', opacity=1, ori=0.0, pos=array([0., 0.]), size=array([1024,  768]), texRes=128, units='pix', win=Window(...))
125.5511 	DATA 	Keypress: 5
0.0000 	DATA 	StartOfRun sub-03_ses-01_run-03
0.0000 	DATA 	TR 1 | TR1 1 | TR2 0
0.0082 	DATA 	Initial baseline

0.5061 	DATA 	Keypress: 5
0.5062 	DATA 	TR 2 | TR1 1 | TR2 1
3.3675 	DATA 	Keypress: 5
3.3675 	DATA 	TR 3 | TR1 2 | TR2 1
3.8745 	DATA 	Keypress: 5
3.8746 	DATA 	TR 4 | TR1 2 | TR2 2
6.7359 	DATA 	Keypress: 5
6.7360 	DATA 	TR 5 | TR1 3 | TR2 2
7.2429 	DATA 	Keypress: 5
7.2430 	DATA 	TR 6 | TR1 3 | TR2 3
10.1053 	DATA 	Keypress: 5
10.1053 	DATA 	TR 7 | TR1 4 | TR2 3
10.6113 	DATA 	Keypress: 5
10.6114 	DATA 	TR 8 | TR1 4 | TR2 4
13.4737 	DATA 	Keypress: 5
13.4737 	DATA 	TR 9 | TR1 5 | TR2 4
13.9808 	DATA 	Keypress: 5
13.9808 	DATA 	TR 10 | TR1 5 | TR2 5
16.8573 	DATA 	Keypress: 5
16.8574 	DATA 	Waited 1.8573520183563232 seconds for trigger
16.8574 	DATA 	
16.8574 	DATA 	Trial 1
16.8574 	DATA 	stimDur = 30
16.8574 	DATA 	restDur = 30

16.8574 	DATA 	
16.8574 	DATA 	TR 11 | TR1 6 | TR2 5
16.8574 	DATA 	
16.8574 	DATA 	stimulation started
16.8574 	DATA 	
17.3573 	DATA 	Keypress: 5
17.3573 	DATA 	TR 12 | TR1 6 | TR2 6
20.2237 	DATA 	Keypress: 5
20.2238 	DATA 	TR 13 | TR1 7 | TR2 6
20.7236 	DATA 	Keypress: 5
20.7237 	DATA 	TR 14 | TR1 7 | TR2 7
23.5901 	DATA 	Keypress: 5
23.5901 	DATA 	TR 15 | TR1 8 | TR2 7
24.0900 	DATA 	Keypress: 5
24.0901 	DATA 	TR 16 | TR1 8 | TR2 8
26.9564 	DATA 	Keypress: 5
26.9565 	DATA 	TR 17 | TR1 9 | TR2 8
27.4563 	DATA 	Keypress: 5
27.4564 	DATA 	TR 18 | TR1 9 | TR2 9
30.3229 	DATA 	Keypress: 5
30.3229 	DATA 	TR 19 | TR1 10 | TR2 9
30.8394 	DATA 	Keypress: 5
30.8394 	DATA 	TR 20 | TR1 10 | TR2 10
33.6891 	DATA 	Keypress: 5
33.6892 	DATA 	TR 21 | TR1 11 | TR2 10
34.2058 	DATA 	Keypress: 5
34.2059 	DATA 	TR 22 | TR1 11 | TR2 11
37.0555 	DATA 	Keypress: 5
37.0555 	DATA 	TR 23 | TR1 12 | TR2 11
37.5721 	DATA 	Keypress: 5
37.5721 	DATA 	TR 24 | TR1 12 | TR2 12
40.4385 	DATA 	Keypress: 5
40.4385 	DATA 	TR 25 | TR1 13 | TR2 12
40.9384 	DATA 	Keypress: 5
40.9385 	DATA 	TR 26 | TR1 13 | TR2 13
43.8049 	DATA 	Keypress: 5
43.8049 	DATA 	TR 27 | TR1 14 | TR2 13
44.3048 	DATA 	Keypress: 5
44.3048 	DATA 	TR 28 | TR1 14 | TR2 14
46.8712 	DATA 	
46.8712 	DATA 	stimulation stopped
46.8712 	DATA 	
47.1712 	DATA 	Keypress: 5
47.1712 	DATA 	TR 29 | TR1 15 | TR2 14
47.6711 	DATA 	Keypress: 5
47.6711 	DATA 	TR 30 | TR1 15 | TR2 15
50.5375 	DATA 	Keypress: 5
50.5376 	DATA 	TR 31 | TR1 16 | TR2 15
51.0374 	DATA 	Keypress: 5
51.0375 	DATA 	TR 32 | TR1 16 | TR2 16
53.9039 	DATA 	Keypress: 5
53.9039 	DATA 	TR 33 | TR1 17 | TR2 16
54.4206 	DATA 	Keypress: 5
54.4206 	DATA 	TR 34 | TR1 17 | TR2 17
57.2702 	DATA 	Keypress: 5
57.2703 	DATA 	TR 35 | TR1 18 | TR2 17
57.7868 	DATA 	Keypress: 5
57.7868 	DATA 	TR 36 | TR1 18 | TR2 18
60.6366 	DATA 	Keypress: 5
60.6366 	DATA 	TR 37 | TR1 19 | TR2 18
61.1532 	DATA 	Keypress: 5
61.1532 	DATA 	TR 38 | TR1 19 | TR2 19
62.4531 	DATA 	Target presented
62.9863 	DATA 	Keypress: 1
62.9864 	DATA 	Key1 pressed
62.9864 	DATA 	Target detected
64.0196 	DATA 	Keypress: 5
64.0196 	DATA 	TR 39 | TR1 20 | TR2 19
64.5195 	DATA 	Keypress: 5
64.5195 	DATA 	TR 40 | TR1 20 | TR2 20
67.3859 	DATA 	Keypress: 5
67.3860 	DATA 	TR 41 | TR1 21 | TR2 20
67.8859 	DATA 	Keypress: 5
67.8859 	DATA 	TR 42 | TR1 21 | TR2 21
70.7523 	DATA 	Keypress: 5
70.7524 	DATA 	TR 43 | TR1 22 | TR2 21
71.2522 	DATA 	Keypress: 5
71.2523 	DATA 	TR 44 | TR1 22 | TR2 22
74.1187 	DATA 	Keypress: 5
74.1187 	DATA 	TR 45 | TR1 23 | TR2 22
74.6186 	DATA 	Keypress: 5
74.6186 	DATA 	TR 46 | TR1 23 | TR2 23
76.8684 	DATA 	
76.8684 	DATA 	Trial complete
76.8684 	DATA 	Waiting for VASO trigger to start next trial
76.8684 	DATA 	
77.4850 	DATA 	Keypress: 5
77.4851 	DATA 	Waited 0.6166958808898926 seconds for trigger
77.4851 	DATA 	
77.4851 	DATA 	Trial 2
77.4851 	DATA 	stimDur = 30
77.4851 	DATA 	restDur = 30

77.4851 	DATA 	
77.4851 	DATA 	TR 47 | TR1 24 | TR2 23
77.4851 	DATA 	
77.4851 	DATA 	stimulation started
77.4851 	DATA 	
77.9857 	DATA 	Keypress: 5
78.0018 	DATA 	TR 48 | TR1 24 | TR2 24
80.8514 	DATA 	Keypress: 5
80.8515 	DATA 	TR 49 | TR1 25 | TR2 24
81.3680 	DATA 	Keypress: 5
81.3681 	DATA 	TR 50 | TR1 25 | TR2 25
84.2178 	DATA 	Keypress: 5
84.2178 	DATA 	TR 51 | TR1 26 | TR2 25
84.7344 	DATA 	Keypress: 5
84.7344 	DATA 	TR 52 | TR1 26 | TR2 26
87.5849 	DATA 	Keypress: 5
87.6008 	DATA 	TR 53 | TR1 27 | TR2 26
88.1007 	DATA 	Keypress: 5
88.1008 	DATA 	TR 54 | TR1 27 | TR2 27
90.9672 	DATA 	Keypress: 5
90.9672 	DATA 	TR 55 | TR1 28 | TR2 27
91.4671 	DATA 	Keypress: 5
91.4671 	DATA 	TR 56 | TR1 28 | TR2 28
94.3335 	DATA 	Keypress: 5
94.3336 	DATA 	TR 57 | TR1 29 | TR2 28
94.8334 	DATA 	Keypress: 5
94.8335 	DATA 	TR 58 | TR1 29 | TR2 29
97.6999 	DATA 	Keypress: 5
97.6999 	DATA 	TR 59 | TR1 30 | TR2 29
98.1998 	DATA 	Keypress: 5
98.1999 	DATA 	TR 60 | TR1 30 | TR2 30
101.0662 	DATA 	Keypress: 5
101.0663 	DATA 	TR 61 | TR1 31 | TR2 30
101.5668 	DATA 	Keypress: 5
101.5828 	DATA 	TR 62 | TR1 31 | TR2 31
103.0660 	DATA 	Target presented
103.8160 	DATA 	Keypress: 1
103.8160 	DATA 	Key1 pressed
103.8160 	DATA 	Target detected
104.4327 	DATA 	Keypress: 5
104.4327 	DATA 	TR 63 | TR1 32 | TR2 31
104.9492 	DATA 	Keypress: 5
104.9492 	DATA 	TR 64 | TR1 32 | TR2 32
107.4989 	DATA 	
107.4989 	DATA 	stimulation stopped
107.4989 	DATA 	
107.7989 	DATA 	Keypress: 5
107.7989 	DATA 	TR 65 | TR1 33 | TR2 32
108.3155 	DATA 	Keypress: 5
108.3155 	DATA 	TR 66 | TR1 33 | TR2 33
111.1658 	DATA 	Keypress: 5
111.1818 	DATA 	TR 67 | TR1 34 | TR2 33
111.6818 	DATA 	Keypress: 5
111.6819 	DATA 	TR 68 | TR1 34 | TR2 34
114.5483 	DATA 	Keypress: 5
114.5483 	DATA 	TR 69 | TR1 35 | TR2 34
115.0482 	DATA 	Keypress: 5
115.0482 	DATA 	TR 70 | TR1 35 | TR2 35
117.9146 	DATA 	Keypress: 5
117.9147 	DATA 	TR 71 | TR1 36 | TR2 35
118.4146 	DATA 	Keypress: 5
118.4146 	DATA 	TR 72 | TR1 36 | TR2 36
121.2810 	DATA 	Keypress: 5
121.2810 	DATA 	TR 73 | TR1 37 | TR2 36
121.7809 	DATA 	Keypress: 5
121.7810 	DATA 	TR 74 | TR1 37 | TR2 37
124.6473 	DATA 	Keypress: 5
124.6474 	DATA 	TR 75 | TR1 38 | TR2 37
125.1478 	DATA 	Keypress: 5
125.1639 	DATA 	TR 76 | TR1 38 | TR2 38
128.0137 	DATA 	Keypress: 5
128.0138 	DATA 	TR 77 | TR1 39 | TR2 38
128.5303 	DATA 	Keypress: 5
128.5303 	DATA 	TR 78 | TR1 39 | TR2 39
131.3800 	DATA 	Keypress: 5
131.3801 	DATA 	TR 79 | TR1 40 | TR2 39
131.8966 	DATA 	Keypress: 5
131.8967 	DATA 	TR 80 | TR1 40 | TR2 40
134.7470 	DATA 	Keypress: 5
134.7630 	DATA 	TR 81 | TR1 41 | TR2 40
135.2630 	DATA 	Keypress: 5
135.2630 	DATA 	TR 82 | TR1 41 | TR2 41
137.4961 	DATA 	
137.4961 	DATA 	Trial complete
137.4961 	DATA 	Waiting for VASO trigger to start next trial
137.4961 	DATA 	
138.1294 	DATA 	Keypress: 5
138.1295 	DATA 	Waited 0.6333780288696289 seconds for trigger
138.1295 	DATA 	
138.1295 	DATA 	Trial 3
138.1295 	DATA 	stimDur = 30
138.1295 	DATA 	restDur = 30

138.1295 	DATA 	
138.1295 	DATA 	TR 83 | TR1 42 | TR2 41
138.1295 	DATA 	
138.1295 	DATA 	stimulation started
138.1295 	DATA 	
138.6294 	DATA 	Keypress: 5
138.6294 	DATA 	TR 84 | TR1 42 | TR2 42
141.4958 	DATA 	Keypress: 5
141.4959 	DATA 	TR 85 | TR1 43 | TR2 42
141.9958 	DATA 	Keypress: 5
141.9958 	DATA 	TR 86 | TR1 43 | TR2 43
144.8622 	DATA 	Keypress: 5
144.8622 	DATA 	TR 87 | TR1 44 | TR2 43
145.3621 	DATA 	Keypress: 5
145.3622 	DATA 	TR 88 | TR1 44 | TR2 44
148.2285 	DATA 	Keypress: 5
148.2286 	DATA 	TR 89 | TR1 45 | TR2 44
148.7285 	DATA 	Keypress: 5
148.7285 	DATA 	TR 90 | TR1 45 | TR2 45
151.5949 	DATA 	Keypress: 5
151.5950 	DATA 	TR 91 | TR1 46 | TR2 45
152.1115 	DATA 	Keypress: 5
152.1115 	DATA 	TR 92 | TR1 46 | TR2 46
154.9612 	DATA 	Keypress: 5
154.9613 	DATA 	TR 93 | TR1 47 | TR2 46
155.4778 	DATA 	Keypress: 5
155.4779 	DATA 	TR 94 | TR1 47 | TR2 47
158.3283 	DATA 	Keypress: 5
158.3442 	DATA 	TR 95 | TR1 48 | TR2 47
158.8442 	DATA 	Keypress: 5
158.8443 	DATA 	TR 96 | TR1 48 | TR2 48
161.7106 	DATA 	Keypress: 5
161.7107 	DATA 	TR 97 | TR1 49 | TR2 48
162.2106 	DATA 	Keypress: 5
162.2106 	DATA 	TR 98 | TR1 49 | TR2 49
165.0770 	DATA 	Keypress: 5
165.0770 	DATA 	TR 99 | TR1 50 | TR2 49
165.5769 	DATA 	Keypress: 5
165.5769 	DATA 	TR 100 | TR1 50 | TR2 50
168.1433 	DATA 	
168.1433 	DATA 	stimulation stopped
168.1433 	DATA 	
168.4433 	DATA 	Keypress: 5
168.4433 	DATA 	TR 101 | TR1 51 | TR2 50
168.9432 	DATA 	Keypress: 5
168.9433 	DATA 	TR 102 | TR1 51 | TR2 51
169.7932 	DATA 	Target presented
170.2931 	DATA 	Keypress: 1
170.2932 	DATA 	Key1 pressed
170.2932 	DATA 	Target detected
171.8093 	DATA 	Keypress: 5
171.8094 	DATA 	TR 103 | TR1 52 | TR2 51
172.3095 	DATA 	Keypress: 5
172.3096 	DATA 	TR 104 | TR1 52 | TR2 52
175.1760 	DATA 	Keypress: 5
175.1761 	DATA 	TR 105 | TR1 53 | TR2 52
175.6926 	DATA 	Keypress: 5
175.6927 	DATA 	TR 106 | TR1 53 | TR2 53
178.5424 	DATA 	Keypress: 5
178.5424 	DATA 	TR 107 | TR1 54 | TR2 53
179.0589 	DATA 	Keypress: 5
179.0590 	DATA 	TR 108 | TR1 54 | TR2 54
181.9088 	DATA 	Keypress: 5
181.9088 	DATA 	TR 109 | TR1 55 | TR2 54
182.4253 	DATA 	Keypress: 5
182.4253 	DATA 	TR 110 | TR1 55 | TR2 55
185.2917 	DATA 	Keypress: 5
185.2918 	DATA 	TR 111 | TR1 56 | TR2 55
185.7916 	DATA 	Keypress: 5
185.7917 	DATA 	TR 112 | TR1 56 | TR2 56
188.6582 	DATA 	Keypress: 5
188.6583 	DATA 	TR 113 | TR1 57 | TR2 56
189.1580 	DATA 	Keypress: 5
189.1580 	DATA 	TR 114 | TR1 57 | TR2 57
192.0244 	DATA 	Keypress: 5
192.0245 	DATA 	TR 115 | TR1 58 | TR2 57
192.5244 	DATA 	Keypress: 5
192.5244 	DATA 	TR 116 | TR1 58 | TR2 58
195.3908 	DATA 	Keypress: 5
195.3909 	DATA 	TR 117 | TR1 59 | TR2 58
195.8907 	DATA 	Keypress: 5
195.8907 	DATA 	TR 118 | TR1 59 | TR2 59
198.1406 	DATA 	
198.1406 	DATA 	Trial complete
198.1407 	DATA 	Waiting for VASO trigger to start next trial
198.1407 	DATA 	
198.7572 	DATA 	Keypress: 5
198.7572 	DATA 	Waited 0.6165578365325928 seconds for trigger
198.7572 	DATA 	
198.7572 	DATA 	Trial 4
198.7572 	DATA 	stimDur = 30
198.7572 	DATA 	restDur = 30

198.7572 	DATA 	
198.7572 	DATA 	TR 119 | TR1 60 | TR2 59
198.7573 	DATA 	
198.7573 	DATA 	stimulation started
198.7573 	DATA 	
199.2738 	DATA 	Keypress: 5
199.2739 	DATA 	TR 120 | TR1 60 | TR2 60
202.1236 	DATA 	Keypress: 5
202.1236 	DATA 	TR 121 | TR1 61 | TR2 60
202.6402 	DATA 	Keypress: 5
202.6402 	DATA 	TR 122 | TR1 61 | TR2 61
205.4899 	DATA 	Keypress: 5
205.4900 	DATA 	TR 123 | TR1 62 | TR2 61
206.0065 	DATA 	Keypress: 5
206.0066 	DATA 	TR 124 | TR1 62 | TR2 62
208.8729 	DATA 	Keypress: 5
208.8730 	DATA 	TR 125 | TR1 63 | TR2 62
209.3729 	DATA 	Keypress: 5
209.3729 	DATA 	TR 126 | TR1 63 | TR2 63
212.2393 	DATA 	Keypress: 5
212.2394 	DATA 	TR 127 | TR1 64 | TR2 63
212.7392 	DATA 	Keypress: 5
212.7393 	DATA 	TR 128 | TR1 64 | TR2 64
215.6058 	DATA 	Keypress: 5
215.6058 	DATA 	TR 129 | TR1 65 | TR2 64
216.1056 	DATA 	Keypress: 5
216.1056 	DATA 	TR 130 | TR1 65 | TR2 65
218.9720 	DATA 	Keypress: 5
218.9721 	DATA 	TR 131 | TR1 66 | TR2 65
219.4719 	DATA 	Keypress: 5
219.4720 	DATA 	TR 132 | TR1 66 | TR2 66
222.3384 	DATA 	Keypress: 5
222.3384 	DATA 	TR 133 | TR1 67 | TR2 66
222.8550 	DATA 	Keypress: 5
222.8550 	DATA 	TR 134 | TR1 67 | TR2 67
225.7047 	DATA 	Keypress: 5
225.7048 	DATA 	TR 135 | TR1 68 | TR2 67
226.2213 	DATA 	Keypress: 5
226.2214 	DATA 	TR 136 | TR1 68 | TR2 68
228.7710 	DATA 	
228.7711 	DATA 	stimulation stopped
228.7711 	DATA 	
229.0710 	DATA 	Keypress: 5
229.0711 	DATA 	TR 137 | TR1 69 | TR2 68
229.5876 	DATA 	Keypress: 5
229.5877 	DATA 	TR 138 | TR1 69 | TR2 69
229.6376 	DATA 	Target presented
230.1542 	DATA 	Keypress: 1
230.1543 	DATA 	Key1 pressed
230.1543 	DATA 	Target detected
232.4541 	DATA 	Keypress: 5
232.4541 	DATA 	TR 139 | TR1 70 | TR2 69
232.9540 	DATA 	Keypress: 5
232.9540 	DATA 	TR 140 | TR1 70 | TR2 70
235.8204 	DATA 	Keypress: 5
235.8205 	DATA 	TR 141 | TR1 71 | TR2 70
236.3203 	DATA 	Keypress: 5
236.3203 	DATA 	TR 142 | TR1 71 | TR2 71
239.1868 	DATA 	Keypress: 5
239.1868 	DATA 	TR 143 | TR1 72 | TR2 71
239.6867 	DATA 	Keypress: 5
239.6868 	DATA 	TR 144 | TR1 72 | TR2 72
242.5531 	DATA 	Keypress: 5
242.5531 	DATA 	TR 145 | TR1 73 | TR2 72
243.0531 	DATA 	Keypress: 5
243.0531 	DATA 	TR 146 | TR1 73 | TR2 73
245.9195 	DATA 	Keypress: 5
245.9195 	DATA 	TR 147 | TR1 74 | TR2 73
246.4361 	DATA 	Keypress: 5
246.4361 	DATA 	TR 148 | TR1 74 | TR2 74
249.2858 	DATA 	Keypress: 5
249.2859 	DATA 	TR 149 | TR1 75 | TR2 74
249.8024 	DATA 	Keypress: 5
249.8025 	DATA 	TR 150 | TR1 75 | TR2 75
252.6522 	DATA 	Keypress: 5
252.6523 	DATA 	TR 151 | TR1 76 | TR2 75
253.1688 	DATA 	Keypress: 5
253.1688 	DATA 	TR 152 | TR1 76 | TR2 76
256.0352 	DATA 	Keypress: 5
256.0353 	DATA 	TR 153 | TR1 77 | TR2 76
256.5351 	DATA 	Keypress: 5
256.5352 	DATA 	TR 154 | TR1 77 | TR2 77
258.7682 	DATA 	
258.7682 	DATA 	Trial complete
258.7682 	DATA 	Waiting for VASO trigger to start next trial
258.7682 	DATA 	
259.4017 	DATA 	Keypress: 5
259.4017 	DATA 	Waited 0.6334519386291504 seconds for trigger
259.4017 	DATA 	
259.4017 	DATA 	Trial 5
259.4017 	DATA 	stimDur = 30
259.4017 	DATA 	restDur = 30

259.4017 	DATA 	
259.4017 	DATA 	TR 155 | TR1 78 | TR2 77
259.4017 	DATA 	
259.4017 	DATA 	stimulation started
259.4017 	DATA 	
259.9015 	DATA 	Keypress: 5
259.9016 	DATA 	TR 156 | TR1 78 | TR2 78
262.7680 	DATA 	Keypress: 5
262.7680 	DATA 	TR 157 | TR1 79 | TR2 78
263.2679 	DATA 	Keypress: 5
263.2679 	DATA 	TR 158 | TR1 79 | TR2 79
266.1343 	DATA 	Keypress: 5
266.1344 	DATA 	TR 159 | TR1 80 | TR2 79
266.6342 	DATA 	Keypress: 5
266.6343 	DATA 	TR 160 | TR1 80 | TR2 80
269.5008 	DATA 	Keypress: 5
269.5009 	DATA 	TR 161 | TR1 81 | TR2 80
270.0013 	DATA 	Keypress: 5
270.0173 	DATA 	TR 162 | TR1 81 | TR2 81
272.8671 	DATA 	Keypress: 5
272.8671 	DATA 	TR 163 | TR1 82 | TR2 81
273.3836 	DATA 	Keypress: 5
273.3837 	DATA 	TR 164 | TR1 82 | TR2 82
276.2334 	DATA 	Keypress: 5
276.2334 	DATA 	TR 165 | TR1 83 | TR2 82
276.7500 	DATA 	Keypress: 5
276.7500 	DATA 	TR 166 | TR1 83 | TR2 83
279.6005 	DATA 	Keypress: 5
279.6164 	DATA 	TR 167 | TR1 84 | TR2 83
280.1164 	DATA 	Keypress: 5
280.1164 	DATA 	TR 168 | TR1 84 | TR2 84
282.9828 	DATA 	Keypress: 5
282.9828 	DATA 	TR 169 | TR1 85 | TR2 84
283.4827 	DATA 	Keypress: 5
283.4828 	DATA 	TR 170 | TR1 85 | TR2 85
286.3491 	DATA 	Keypress: 5
286.3492 	DATA 	TR 171 | TR1 86 | TR2 85
286.8491 	DATA 	Keypress: 5
286.8491 	DATA 	TR 172 | TR1 86 | TR2 86
289.4153 	DATA 	
289.4154 	DATA 	stimulation stopped
289.4154 	DATA 	
289.7151 	DATA 	Keypress: 5
289.7152 	DATA 	TR 173 | TR1 87 | TR2 86
290.2153 	DATA 	Keypress: 5
290.2154 	DATA 	TR 174 | TR1 87 | TR2 87
292.5818 	DATA 	Target presented
293.0818 	DATA 	Keypress: 5
293.0818 	DATA 	TR 175 | TR1 88 | TR2 87
293.5823 	DATA 	Keypress: 5
293.5984 	DATA 	TR 176 | TR1 88 | TR2 88
296.4482 	DATA 	Keypress: 5
296.4482 	DATA 	TR 177 | TR1 89 | TR2 88
296.9647 	DATA 	Keypress: 5
296.9648 	DATA 	TR 178 | TR1 89 | TR2 89
299.8145 	DATA 	Keypress: 5
299.8145 	DATA 	TR 179 | TR1 90 | TR2 89
300.3311 	DATA 	Keypress: 5
300.3311 	DATA 	TR 180 | TR1 90 | TR2 90
303.1814 	DATA 	Keypress: 5
303.1975 	DATA 	TR 181 | TR1 91 | TR2 90
303.6974 	DATA 	Keypress: 5
303.6975 	DATA 	TR 182 | TR1 91 | TR2 91
306.5639 	DATA 	Keypress: 5
306.5640 	DATA 	TR 183 | TR1 92 | TR2 91
307.0638 	DATA 	Keypress: 5
307.0638 	DATA 	TR 184 | TR1 92 | TR2 92
309.9303 	DATA 	Keypress: 5
309.9303 	DATA 	TR 185 | TR1 93 | TR2 92
310.4302 	DATA 	Keypress: 5
310.4302 	DATA 	TR 186 | TR1 93 | TR2 93
313.2968 	DATA 	Keypress: 5
313.2968 	DATA 	TR 187 | TR1 94 | TR2 93
313.7965 	DATA 	Keypress: 5
313.7965 	DATA 	TR 188 | TR1 94 | TR2 94
316.6630 	DATA 	Keypress: 5
316.6630 	DATA 	TR 189 | TR1 95 | TR2 94
317.1635 	DATA 	Keypress: 5
317.1795 	DATA 	TR 190 | TR1 95 | TR2 95
319.4127 	DATA 	
319.4127 	DATA 	Trial complete
319.4127 	DATA 	Waiting for VASO trigger to start next trial
319.4127 	DATA 	
320.0294 	DATA 	Keypress: 5
320.0294 	DATA 	Waited 0.6167159080505371 seconds for trigger
320.0294 	DATA 	
320.0294 	DATA 	Trial 6
320.0294 	DATA 	stimDur = 30
320.0294 	DATA 	restDur = 30

320.0294 	DATA 	
320.0294 	DATA 	TR 191 | TR1 96 | TR2 95
320.0294 	DATA 	
320.0294 	DATA 	stimulation started
320.0294 	DATA 	
320.5459 	DATA 	Keypress: 5
320.5460 	DATA 	TR 192 | TR1 96 | TR2 96
323.3957 	DATA 	Keypress: 5
323.3957 	DATA 	TR 193 | TR1 97 | TR2 96
323.9124 	DATA 	Keypress: 5
323.9124 	DATA 	TR 194 | TR1 97 | TR2 97
326.7628 	DATA 	Keypress: 5
326.7787 	DATA 	TR 195 | TR1 98 | TR2 97
327.2787 	DATA 	Keypress: 5
327.2788 	DATA 	TR 196 | TR1 98 | TR2 98
330.1451 	DATA 	Keypress: 5
330.1451 	DATA 	TR 197 | TR1 99 | TR2 98
330.6450 	DATA 	Keypress: 5
330.6451 	DATA 	TR 198 | TR1 99 | TR2 99
333.5115 	DATA 	Keypress: 5
333.5115 	DATA 	TR 199 | TR1 100 | TR2 99
334.0114 	DATA 	Keypress: 5
334.0114 	DATA 	TR 200 | TR1 100 | TR2 100
336.8778 	DATA 	Keypress: 5
336.8778 	DATA 	TR 201 | TR1 101 | TR2 100
337.3777 	DATA 	Keypress: 5
337.3778 	DATA 	TR 202 | TR1 101 | TR2 101
340.2442 	DATA 	Keypress: 5
340.2442 	DATA 	TR 203 | TR1 102 | TR2 101
340.7441 	DATA 	Keypress: 5
340.7442 	DATA 	TR 204 | TR1 102 | TR2 102
343.6105 	DATA 	Keypress: 5
343.6106 	DATA 	TR 205 | TR1 103 | TR2 102
344.1271 	DATA 	Keypress: 5
344.1272 	DATA 	TR 206 | TR1 103 | TR2 103
346.9769 	DATA 	Keypress: 5
346.9769 	DATA 	TR 207 | TR1 104 | TR2 103
347.4935 	DATA 	Keypress: 5
347.4935 	DATA 	TR 208 | TR1 104 | TR2 104
350.0432 	DATA 	
350.0432 	DATA 	stimulation stopped
350.0432 	DATA 	
350.3432 	DATA 	Keypress: 5
350.3433 	DATA 	TR 209 | TR1 105 | TR2 104
350.8597 	DATA 	Keypress: 5
350.8598 	DATA 	TR 210 | TR1 105 | TR2 105
353.7262 	DATA 	Keypress: 5
353.7263 	DATA 	TR 211 | TR1 106 | TR2 105
354.2261 	DATA 	Keypress: 5
354.2262 	DATA 	TR 212 | TR1 106 | TR2 106
357.0926 	DATA 	Keypress: 5
357.0926 	DATA 	TR 213 | TR1 107 | TR2 106
357.5925 	DATA 	Keypress: 5
357.5925 	DATA 	TR 214 | TR1 107 | TR2 107
360.4589 	DATA 	Keypress: 5
360.4590 	DATA 	TR 215 | TR1 108 | TR2 107
360.9588 	DATA 	Keypress: 5
360.9589 	DATA 	TR 216 | TR1 108 | TR2 108
361.7588 	DATA 	Target presented
362.3754 	DATA 	Keypress: 1
362.3755 	DATA 	Key1 pressed
362.3755 	DATA 	Target detected
363.8253 	DATA 	Keypress: 5
363.8253 	DATA 	TR 217 | TR1 109 | TR2 108
364.3252 	DATA 	Keypress: 5
364.3253 	DATA 	TR 218 | TR1 109 | TR2 109
367.1916 	DATA 	Keypress: 5
367.1917 	DATA 	TR 219 | TR1 110 | TR2 109
367.7083 	DATA 	Keypress: 5
367.7083 	DATA 	TR 220 | TR1 110 | TR2 110
370.5580 	DATA 	Keypress: 5
370.5580 	DATA 	TR 221 | TR1 111 | TR2 110
371.0746 	DATA 	Keypress: 5
371.0746 	DATA 	TR 222 | TR1 111 | TR2 111
373.9243 	DATA 	Keypress: 5
373.9244 	DATA 	TR 223 | TR1 112 | TR2 111
374.4409 	DATA 	Keypress: 5
374.4410 	DATA 	TR 224 | TR1 112 | TR2 112
377.3074 	DATA 	Keypress: 5
377.3074 	DATA 	TR 225 | TR1 113 | TR2 112
377.8073 	DATA 	Keypress: 5
377.8073 	DATA 	TR 226 | TR1 113 | TR2 113
380.0404 	DATA 	
380.0404 	DATA 	Trial complete
380.0404 	DATA 	Waiting for VASO trigger to start next trial
380.0404 	DATA 	
380.6736 	DATA 	Keypress: 5
380.6737 	DATA 	Waited 0.6332380771636963 seconds for trigger
380.6737 	DATA 	
380.6737 	DATA 	Trial 7
380.6737 	DATA 	stimDur = 30
380.6737 	DATA 	restDur = 30

380.6737 	DATA 	
380.6737 	DATA 	TR 227 | TR1 114 | TR2 113
380.6737 	DATA 	
380.6737 	DATA 	stimulation started
380.6737 	DATA 	
381.1737 	DATA 	Keypress: 5
381.1737 	DATA 	TR 228 | TR1 114 | TR2 114
384.0402 	DATA 	Keypress: 5
384.0402 	DATA 	TR 229 | TR1 115 | TR2 114
384.5400 	DATA 	Keypress: 5
384.5401 	DATA 	TR 230 | TR1 115 | TR2 115
387.4065 	DATA 	Keypress: 5
387.4066 	DATA 	TR 231 | TR1 116 | TR2 115
387.9064 	DATA 	Keypress: 5
387.9064 	DATA 	TR 232 | TR1 116 | TR2 116
390.7729 	DATA 	Keypress: 5
390.7729 	DATA 	TR 233 | TR1 117 | TR2 116
391.2895 	DATA 	Keypress: 5
391.2895 	DATA 	TR 234 | TR1 117 | TR2 117
394.1392 	DATA 	Keypress: 5
394.1393 	DATA 	TR 235 | TR1 118 | TR2 117
394.6558 	DATA 	Keypress: 5
394.6558 	DATA 	TR 236 | TR1 118 | TR2 118
397.5055 	DATA 	Keypress: 5
397.5056 	DATA 	TR 237 | TR1 119 | TR2 118
398.0222 	DATA 	Keypress: 5
398.0222 	DATA 	TR 238 | TR1 119 | TR2 119
400.8886 	DATA 	Keypress: 5
400.8886 	DATA 	TR 239 | TR1 120 | TR2 119
401.3885 	DATA 	Keypress: 5
401.3885 	DATA 	TR 240 | TR1 120 | TR2 120
404.2549 	DATA 	Keypress: 5
404.2550 	DATA 	TR 241 | TR1 121 | TR2 120
404.7549 	DATA 	Keypress: 5
404.7549 	DATA 	TR 242 | TR1 121 | TR2 121
407.6213 	DATA 	Keypress: 5
407.6213 	DATA 	TR 243 | TR1 122 | TR2 121
408.1213 	DATA 	Keypress: 5
408.1213 	DATA 	TR 244 | TR1 122 | TR2 122
410.6876 	DATA 	
410.6876 	DATA 	stimulation stopped
410.6876 	DATA 	
410.9876 	DATA 	Keypress: 5
410.9877 	DATA 	TR 245 | TR1 123 | TR2 122
411.4875 	DATA 	Keypress: 5
411.4875 	DATA 	TR 246 | TR1 123 | TR2 123
414.3541 	DATA 	Keypress: 5
414.3541 	DATA 	TR 247 | TR1 124 | TR2 123
414.8705 	DATA 	Keypress: 5
414.8706 	DATA 	TR 248 | TR1 124 | TR2 124
417.7203 	DATA 	Keypress: 5
417.7204 	DATA 	TR 249 | TR1 125 | TR2 124
418.2369 	DATA 	Keypress: 5
418.2369 	DATA 	TR 250 | TR1 125 | TR2 125
421.0866 	DATA 	Keypress: 5
421.0867 	DATA 	TR 251 | TR1 126 | TR2 125
421.6033 	DATA 	Keypress: 5
421.6033 	DATA 	TR 252 | TR1 126 | TR2 126
421.9866 	DATA 	Target presented
422.4698 	DATA 	Keypress: 1
422.4699 	DATA 	Key1 pressed
422.4699 	DATA 	Target detected
424.4698 	DATA 	Keypress: 5
424.4699 	DATA 	TR 253 | TR1 127 | TR2 126
424.9696 	DATA 	Keypress: 5
424.9696 	DATA 	TR 254 | TR1 127 | TR2 127
427.8361 	DATA 	Keypress: 5
427.8361 	DATA 	TR 255 | TR1 128 | TR2 127
428.3360 	DATA 	Keypress: 5
428.3360 	DATA 	TR 256 | TR1 128 | TR2 128
431.2024 	DATA 	Keypress: 5
431.2024 	DATA 	TR 257 | TR1 129 | TR2 128
431.7023 	DATA 	Keypress: 5
431.7024 	DATA 	TR 258 | TR1 129 | TR2 129
434.5688 	DATA 	Keypress: 5
434.5688 	DATA 	TR 259 | TR1 130 | TR2 129
435.0687 	DATA 	Keypress: 5
435.0687 	DATA 	TR 260 | TR1 130 | TR2 130
437.9351 	DATA 	Keypress: 5
437.9352 	DATA 	TR 261 | TR1 131 | TR2 130
438.4517 	DATA 	Keypress: 5
438.4517 	DATA 	TR 262 | TR1 131 | TR2 131
440.6848 	DATA 	
440.6848 	DATA 	Trial complete
440.6848 	DATA 	Waiting for VASO trigger to start next trial
440.6848 	DATA 	
441.3015 	DATA 	Keypress: 5
441.3015 	DATA 	Waited 0.6167018413543701 seconds for trigger
441.3015 	DATA 	
441.3015 	DATA 	Trial 8
441.3015 	DATA 	stimDur = 30
441.3015 	DATA 	restDur = 30

441.3015 	DATA 	
441.3016 	DATA 	TR 263 | TR1 132 | TR2 131
441.3016 	DATA 	
441.3016 	DATA 	stimulation started
441.3016 	DATA 	
441.8181 	DATA 	Keypress: 5
441.8181 	DATA 	TR 264 | TR1 132 | TR2 132
444.6679 	DATA 	Keypress: 5
444.6679 	DATA 	TR 265 | TR1 133 | TR2 132
445.1845 	DATA 	Keypress: 5
445.1845 	DATA 	TR 266 | TR1 133 | TR2 133
448.0509 	DATA 	Keypress: 5
448.0509 	DATA 	TR 267 | TR1 134 | TR2 133
448.5509 	DATA 	Keypress: 5
448.5509 	DATA 	TR 268 | TR1 134 | TR2 134
451.4173 	DATA 	Keypress: 5
451.4173 	DATA 	TR 269 | TR1 135 | TR2 134
451.9172 	DATA 	Keypress: 5
451.9172 	DATA 	TR 270 | TR1 135 | TR2 135
454.7836 	DATA 	Keypress: 5
454.7837 	DATA 	TR 271 | TR1 136 | TR2 135
455.2835 	DATA 	Keypress: 5
455.2836 	DATA 	TR 272 | TR1 136 | TR2 136
458.1500 	DATA 	Keypress: 5
458.1500 	DATA 	TR 273 | TR1 137 | TR2 136
458.6499 	DATA 	Keypress: 5
458.6499 	DATA 	TR 274 | TR1 137 | TR2 137
461.5164 	DATA 	Keypress: 5
461.5164 	DATA 	TR 275 | TR1 138 | TR2 137
462.0329 	DATA 	Keypress: 5
462.0330 	DATA 	TR 276 | TR1 138 | TR2 138
464.8827 	DATA 	Keypress: 5
464.8827 	DATA 	TR 277 | TR1 139 | TR2 138
465.3993 	DATA 	Keypress: 5
465.3993 	DATA 	TR 278 | TR1 139 | TR2 139
468.2490 	DATA 	Keypress: 5
468.2491 	DATA 	TR 279 | TR1 140 | TR2 139
468.7656 	DATA 	Keypress: 5
468.7657 	DATA 	TR 280 | TR1 140 | TR2 140
471.3154 	DATA 	
471.3154 	DATA 	stimulation stopped
471.3154 	DATA 	
471.6320 	DATA 	Keypress: 5
471.6321 	DATA 	TR 281 | TR1 141 | TR2 140
472.1319 	DATA 	Keypress: 5
472.1320 	DATA 	TR 282 | TR1 141 | TR2 141
474.9984 	DATA 	Keypress: 5
474.9984 	DATA 	TR 283 | TR1 142 | TR2 141
475.4983 	DATA 	Keypress: 5
475.4983 	DATA 	TR 284 | TR1 142 | TR2 142
478.3648 	DATA 	Keypress: 5
478.3648 	DATA 	TR 285 | TR1 143 | TR2 142
478.8647 	DATA 	Keypress: 5
478.8647 	DATA 	TR 286 | TR1 143 | TR2 143
479.2313 	DATA 	Target presented
479.8479 	DATA 	Keypress: 1
479.8480 	DATA 	Key1 pressed
479.8480 	DATA 	Target detected
481.7310 	DATA 	Keypress: 5
481.7311 	DATA 	TR 287 | TR1 144 | TR2 143
482.2310 	DATA 	Keypress: 5
482.2310 	DATA 	TR 288 | TR1 144 | TR2 144
485.0974 	DATA 	Keypress: 5
485.0975 	DATA 	TR 289 | TR1 145 | TR2 144
485.6141 	DATA 	Keypress: 5
485.6141 	DATA 	TR 290 | TR1 145 | TR2 145
488.4638 	DATA 	Keypress: 5
488.4638 	DATA 	TR 291 | TR1 146 | TR2 145
488.9804 	DATA 	Keypress: 5
488.9805 	DATA 	TR 292 | TR1 146 | TR2 146
491.8301 	DATA 	Keypress: 5
491.8302 	DATA 	TR 293 | TR1 147 | TR2 146
492.3467 	DATA 	Keypress: 5
492.3468 	DATA 	TR 294 | TR1 147 | TR2 147
495.1971 	DATA 	Keypress: 5
495.2131 	DATA 	TR 295 | TR1 148 | TR2 147
495.7131 	DATA 	Keypress: 5
495.7131 	DATA 	TR 296 | TR1 148 | TR2 148
498.5795 	DATA 	Keypress: 5
498.5796 	DATA 	TR 297 | TR1 149 | TR2 148
499.0795 	DATA 	Keypress: 5
499.0795 	DATA 	TR 298 | TR1 149 | TR2 149
501.3125 	DATA 	
501.3126 	DATA 	Trial complete
501.3126 	DATA 	Waiting for VASO trigger to start next trial
501.3126 	DATA 	
501.9456 	DATA 	Keypress: 5
501.9457 	DATA 	Waited 0.6331021785736084 seconds for trigger
501.9457 	DATA 	
501.9457 	DATA 	Trial 9
501.9457 	DATA 	stimDur = 30
501.9457 	DATA 	restDur = 30

501.9457 	DATA 	
501.9457 	DATA 	TR 299 | TR1 150 | TR2 149
501.9457 	DATA 	
501.9457 	DATA 	stimulation started
501.9457 	DATA 	
502.4458 	DATA 	Keypress: 5
502.4459 	DATA 	TR 300 | TR1 150 | TR2 150
505.3123 	DATA 	Keypress: 5
505.3123 	DATA 	TR 301 | TR1 151 | TR2 150
505.8122 	DATA 	Keypress: 5
505.8122 	DATA 	TR 302 | TR1 151 | TR2 151
508.6786 	DATA 	Keypress: 5
508.6787 	DATA 	TR 303 | TR1 152 | TR2 151
509.1952 	DATA 	Keypress: 5
509.1953 	DATA 	TR 304 | TR1 152 | TR2 152
512.0450 	DATA 	Keypress: 5
512.0450 	DATA 	TR 305 | TR1 153 | TR2 152
512.5618 	DATA 	Keypress: 5
512.5618 	DATA 	TR 306 | TR1 153 | TR2 153
515.4114 	DATA 	Keypress: 5
515.4114 	DATA 	TR 307 | TR1 154 | TR2 153
515.9280 	DATA 	Keypress: 5
515.9280 	DATA 	TR 308 | TR1 154 | TR2 154
518.7944 	DATA 	Keypress: 5
518.7944 	DATA 	TR 309 | TR1 155 | TR2 154
519.2943 	DATA 	Keypress: 5
519.2943 	DATA 	TR 310 | TR1 155 | TR2 155
522.1607 	DATA 	Keypress: 5
522.1608 	DATA 	TR 311 | TR1 156 | TR2 155
522.6607 	DATA 	Keypress: 5
522.6607 	DATA 	TR 312 | TR1 156 | TR2 156
525.5271 	DATA 	Keypress: 5
525.5271 	DATA 	TR 313 | TR1 157 | TR2 156
526.0271 	DATA 	Keypress: 5
526.0271 	DATA 	TR 314 | TR1 157 | TR2 157
528.8934 	DATA 	Keypress: 5
528.8935 	DATA 	TR 315 | TR1 158 | TR2 157
529.3934 	DATA 	Keypress: 5
529.3935 	DATA 	TR 316 | TR1 158 | TR2 158
531.9598 	DATA 	
531.9598 	DATA 	stimulation stopped
531.9598 	DATA 	
532.2598 	DATA 	Keypress: 5
532.2598 	DATA 	TR 317 | TR1 159 | TR2 158
532.7764 	DATA 	Keypress: 5
532.7764 	DATA 	TR 318 | TR1 159 | TR2 159
535.3261 	DATA 	Target presented
535.6261 	DATA 	Keypress: 5
535.6262 	DATA 	TR 319 | TR1 160 | TR2 159
535.9261 	DATA 	Keypress: 1
535.9261 	DATA 	Key1 pressed
535.9261 	DATA 	Target detected
536.1427 	DATA 	Keypress: 5
536.1427 	DATA 	TR 320 | TR1 160 | TR2 160
538.9925 	DATA 	Keypress: 5
538.9925 	DATA 	TR 321 | TR1 161 | TR2 160
539.5091 	DATA 	Keypress: 5
539.5091 	DATA 	TR 322 | TR1 161 | TR2 161
542.3589 	DATA 	Keypress: 5
542.3589 	DATA 	TR 323 | TR1 162 | TR2 161
542.8754 	DATA 	Keypress: 5
542.8755 	DATA 	TR 324 | TR1 162 | TR2 162
545.7419 	DATA 	Keypress: 5
545.7419 	DATA 	TR 325 | TR1 163 | TR2 162
546.2418 	DATA 	Keypress: 5
546.2418 	DATA 	TR 326 | TR1 163 | TR2 163
549.1082 	DATA 	Keypress: 5
549.1083 	DATA 	TR 327 | TR1 164 | TR2 163
549.6081 	DATA 	Keypress: 5
549.6082 	DATA 	TR 328 | TR1 164 | TR2 164
552.4746 	DATA 	Keypress: 5
552.4746 	DATA 	TR 329 | TR1 165 | TR2 164
552.9745 	DATA 	Keypress: 5
552.9745 	DATA 	TR 330 | TR1 165 | TR2 165
555.8409 	DATA 	Keypress: 5
555.8409 	DATA 	TR 331 | TR1 166 | TR2 165
556.3414 	DATA 	Keypress: 5
556.3575 	DATA 	TR 332 | TR1 166 | TR2 166
559.2073 	DATA 	Keypress: 5
559.2073 	DATA 	TR 333 | TR1 167 | TR2 166
559.7239 	DATA 	Keypress: 5
559.7239 	DATA 	TR 334 | TR1 167 | TR2 167
561.9571 	DATA 	
561.9571 	DATA 	Trial complete
561.9571 	DATA 	Waiting for VASO trigger to start next trial
561.9571 	DATA 	
562.5737 	DATA 	Keypress: 5
562.5737 	DATA 	Waited 0.6165809631347656 seconds for trigger
562.5737 	DATA 	
562.5737 	DATA 	Trial 10
562.5737 	DATA 	stimDur = 30
562.5737 	DATA 	restDur = 30

562.5737 	DATA 	
562.5737 	DATA 	TR 335 | TR1 168 | TR2 167
562.5737 	DATA 	
562.5737 	DATA 	stimulation started
562.5737 	DATA 	
563.0903 	DATA 	Keypress: 5
563.0903 	DATA 	TR 336 | TR1 168 | TR2 168
565.9401 	DATA 	Keypress: 5
565.9401 	DATA 	TR 337 | TR1 169 | TR2 168
566.4566 	DATA 	Keypress: 5
566.4567 	DATA 	TR 338 | TR1 169 | TR2 169
569.3230 	DATA 	Keypress: 5
569.3231 	DATA 	TR 339 | TR1 170 | TR2 169
569.8230 	DATA 	Keypress: 5
569.8230 	DATA 	TR 340 | TR1 170 | TR2 170
572.6894 	DATA 	Keypress: 5
572.6895 	DATA 	TR 341 | TR1 171 | TR2 170
573.1893 	DATA 	Keypress: 5
573.1894 	DATA 	TR 342 | TR1 171 | TR2 171
576.0558 	DATA 	Keypress: 5
576.0558 	DATA 	TR 343 | TR1 172 | TR2 171
576.5557 	DATA 	Keypress: 5
576.5557 	DATA 	TR 344 | TR1 172 | TR2 172
579.4221 	DATA 	Keypress: 5
579.4222 	DATA 	TR 345 | TR1 173 | TR2 172
579.9227 	DATA 	Keypress: 5
579.9387 	DATA 	TR 346 | TR1 173 | TR2 173
582.7885 	DATA 	Keypress: 5
582.7885 	DATA 	TR 347 | TR1 174 | TR2 173
583.3050 	DATA 	Keypress: 5
583.3051 	DATA 	TR 348 | TR1 174 | TR2 174
586.1548 	DATA 	Keypress: 5
586.1549 	DATA 	TR 349 | TR1 175 | TR2 174
586.6714 	DATA 	Keypress: 5
586.6715 	DATA 	TR 350 | TR1 175 | TR2 175
589.5212 	DATA 	Keypress: 5
589.5212 	DATA 	TR 351 | TR1 176 | TR2 175
590.0378 	DATA 	Keypress: 5
590.0378 	DATA 	TR 352 | TR1 176 | TR2 176
592.5875 	DATA 	
592.5875 	DATA 	stimulation stopped
592.5875 	DATA 	
592.9042 	DATA 	Keypress: 5
592.9042 	DATA 	TR 353 | TR1 177 | TR2 176
593.4041 	DATA 	Keypress: 5
593.4041 	DATA 	TR 354 | TR1 177 | TR2 177
596.2705 	DATA 	Keypress: 5
596.2706 	DATA 	TR 355 | TR1 178 | TR2 177
596.7705 	DATA 	Keypress: 5
596.7705 	DATA 	TR 356 | TR1 178 | TR2 178
599.6369 	DATA 	Keypress: 5
599.6370 	DATA 	TR 357 | TR1 179 | TR2 178
600.1368 	DATA 	Keypress: 5
600.1368 	DATA 	TR 358 | TR1 179 | TR2 179
603.0032 	DATA 	Keypress: 5
603.0033 	DATA 	TR 359 | TR1 180 | TR2 179
603.5032 	DATA 	Keypress: 5
603.5032 	DATA 	TR 360 | TR1 180 | TR2 180
606.3696 	DATA 	Keypress: 5
606.3697 	DATA 	TR 361 | TR1 181 | TR2 180
606.8862 	DATA 	Keypress: 5
606.8862 	DATA 	TR 362 | TR1 181 | TR2 181
609.5026 	DATA 	Target presented
609.7360 	DATA 	Keypress: 5
609.7360 	DATA 	TR 363 | TR1 182 | TR2 181
610.1026 	DATA 	Keypress: 1
610.1027 	DATA 	Key1 pressed
610.1027 	DATA 	Target detected
610.2526 	DATA 	Keypress: 5
610.2526 	DATA 	TR 364 | TR1 182 | TR2 182
613.1023 	DATA 	Keypress: 5
613.1024 	DATA 	TR 365 | TR1 183 | TR2 182
613.6190 	DATA 	Keypress: 5
613.6190 	DATA 	TR 366 | TR1 183 | TR2 183
616.4854 	DATA 	Keypress: 5
616.4855 	DATA 	TR 367 | TR1 184 | TR2 183
616.9853 	DATA 	Keypress: 5
616.9853 	DATA 	TR 368 | TR1 184 | TR2 184
619.8517 	DATA 	Keypress: 5
619.8518 	DATA 	TR 369 | TR1 185 | TR2 184
620.3515 	DATA 	Keypress: 5
620.3516 	DATA 	TR 370 | TR1 185 | TR2 185
622.4848 	DATA 	EndOfRun sub-03_ses-01_run-03

622.4848 	DATA 	We spent 7.473879814147949 seconds waiting for triggers
622.4848 	DATA 	RatioOfDetectedTargets 0.9
622.4848 	DATA 	You have detected 9 out of 10 targets.
627.3069 	DATA 	Keypress: 5
627.3071 	DATA 	Keypress: 5
627.3072 	DATA 	Keypress: 5
627.3073 	DATA 	Keypress: 5
627.5143 	EXP 	window1: mouseVisible = True
