MonitorDistance=99cm
MonitorWidth=30cm
PixelWidth=1024.0
PixelHeight=768.0
You have detected 8 out of 9 targets.
Well done! Keep up the good work
9.9523 	INFO 	Loaded monitor calibration from ['2021_05_26 17:55']
10.5346 	EXP 	Created window1 = Window(allowGUI=False, allowStencil=False, autoLog=True, backendConf=UNKNOWN, bitsMode=UNKNOWN, blendMode='avg', bpc=(8, 8, 8), color=array([-0.5, -0.5, -0.5]), colorSpace='rgb', depthBits=8, fullscr=<method-wrapper '__getattribute__' of attributeSetter object at 0x7ff59c7a43c8>, gamma=None, gammaErrorPolicy='raise', lms=UNKNOWN, monitor=<psychopy.monitors.calibTools.Monitor object at 0x7ff592595048>, multiSample=False, name='window1', numSamples=2, pos=[0.0, 0.0], screen=0, size=array([1024,  768]), stencilBits=0, stereo=False, units='deg', useFBO=False, useRetina=False, viewOri=0.0, viewPos=None, viewScale=None, waitBlanking=True, winType='pyglet')
10.5347 	EXP 	window1: mouseVisible = True
10.6046 	EXP 	Created unnamed TextStim = TextStim(__class__=<class 'psychopy.visual.text.TextStim'>, alignHoriz=method-wrapper(...), alignText='center', alignVert=method-wrapper(...), anchorHoriz='center', anchorVert='center', antialias=True, autoLog=True, bold=False, color=array([1., 1., 1.]), colorSpace='rgb', contrast=1.0, depth=0, flipHoriz=False, flipVert=False, font='', fontFiles=[], height=0.5, italic=False, languageStyle='LTR', name='unnamed TextStim', opacity=1.0, ori=0.0, pos=array([0., 0.]), rgb=UNKNOWN, text=str(...), units='deg', win=Window(...), wrapWidth=15.0)
10.6354 	EXP 	Created Movie Frame 0 = ImageStim(__class__=<class 'psychopy.visual.image.ImageStim'>, autoLog=True, color=array([0.8, 0.8, 0.8]), colorSpace='rgb', contrast=0.8, depth=0, flipHoriz=False, flipVert=False, image='visual_0.png', interpolate=False, mask=None, maskParams=None, name='Movie Frame 0', opacity=1, ori=0.0, pos=array([0., 0.]), size=array([1024,  768]), texRes=128, units='pix', win=Window(...))
10.6595 	EXP 	Created Movie Frame 1 = ImageStim(__class__=<class 'psychopy.visual.image.ImageStim'>, autoLog=True, color=array([0.8, 0.8, 0.8]), colorSpace='rgb', contrast=0.8, depth=0, flipHoriz=False, flipVert=False, image='visual_1.png', interpolate=False, mask=None, maskParams=None, name='Movie Frame 1', opacity=1, ori=0.0, pos=array([0., 0.]), size=array([1024,  768]), texRes=128, units='pix', win=Window(...))
156.7550 	DATA 	Keypress: 5
0.0000 	DATA 	StartOfRun sub-07_ses-01_run-02
0.0000 	DATA 	TR 1 | TR1 1 | TR2 0
0.0160 	DATA 	Initial baseline

1.5504 	DATA 	Keypress: 5
1.5504 	DATA 	TR 2 | TR1 1 | TR2 1
3.1226 	DATA 	Keypress: 5
3.1226 	DATA 	TR 3 | TR1 2 | TR2 1
4.6737 	DATA 	Keypress: 5
4.6738 	DATA 	TR 4 | TR1 2 | TR2 2
6.2459 	DATA 	Keypress: 5
6.2460 	DATA 	TR 5 | TR1 3 | TR2 2
7.7971 	DATA 	Keypress: 5
7.7972 	DATA 	TR 6 | TR1 3 | TR2 3
9.3695 	DATA 	Keypress: 5
9.3695 	DATA 	TR 7 | TR1 4 | TR2 3
10.9205 	DATA 	Keypress: 5
10.9205 	DATA 	TR 8 | TR1 4 | TR2 4
12.4927 	DATA 	Keypress: 5
12.4928 	DATA 	TR 9 | TR1 5 | TR2 4
14.0439 	DATA 	Keypress: 5
14.0439 	DATA 	TR 10 | TR1 5 | TR2 5
15.6161 	DATA 	Keypress: 5
15.6161 	DATA 	TR 11 | TR1 6 | TR2 5
17.1674 	DATA 	Keypress: 5
17.1674 	DATA 	TR 12 | TR1 6 | TR2 6
18.7395 	DATA 	Keypress: 5
18.7395 	DATA 	TR 13 | TR1 7 | TR2 6
20.2908 	DATA 	Keypress: 5
20.2908 	DATA 	TR 14 | TR1 7 | TR2 7
21.8629 	DATA 	Keypress: 5
21.8629 	DATA 	TR 15 | TR1 8 | TR2 7
23.4141 	DATA 	Keypress: 5
23.4141 	DATA 	TR 16 | TR1 8 | TR2 8
24.9863 	DATA 	Keypress: 5
24.9863 	DATA 	TR 17 | TR1 9 | TR2 8
26.5374 	DATA 	Keypress: 5
26.5375 	DATA 	TR 18 | TR1 9 | TR2 9
28.1096 	DATA 	Keypress: 5
28.1097 	DATA 	TR 19 | TR1 10 | TR2 9
29.6608 	DATA 	Keypress: 5
29.6608 	DATA 	TR 20 | TR1 10 | TR2 10
31.2470 	DATA 	Keypress: 5
31.2470 	DATA 	Waited 1.2470099925994873 seconds for trigger
31.2485 	DATA 	
31.2485 	DATA 	Trial 1
31.2485 	DATA 	stimDur = 1.0
31.2485 	DATA 	jitter = 0.0
31.2485 	DATA 	restDur = 12.0

31.2485 	DATA 	
31.2485 	DATA 	TR 21 | TR1 11 | TR2 10
31.2485 	DATA 	
31.2485 	DATA 	stimulation started
31.2485 	DATA 	
32.2635 	DATA 	
32.2636 	DATA 	stimulation stopped
32.2636 	DATA 	
32.7970 	DATA 	Keypress: 5
32.7970 	DATA 	TR 22 | TR1 11 | TR2 11
34.3633 	DATA 	Keypress: 5
34.3634 	DATA 	TR 23 | TR1 12 | TR2 11
35.9132 	DATA 	Keypress: 5
35.9132 	DATA 	TR 24 | TR1 12 | TR2 12
37.4803 	DATA 	Keypress: 5
37.4962 	DATA 	TR 25 | TR1 13 | TR2 12
39.0463 	DATA 	Keypress: 5
39.0463 	DATA 	TR 26 | TR1 13 | TR2 13
40.6128 	DATA 	Keypress: 5
40.6128 	DATA 	TR 27 | TR1 14 | TR2 13
42.1626 	DATA 	Keypress: 5
42.1627 	DATA 	TR 28 | TR1 14 | TR2 14
43.7291 	DATA 	Keypress: 5
43.7292 	DATA 	TR 29 | TR1 15 | TR2 14
44.2622 	DATA 	
44.2622 	DATA 	Trial complete
44.2622 	DATA 	Waiting for VASO trigger to start next trial
44.2622 	DATA 	
45.2790 	DATA 	Keypress: 5
45.2791 	DATA 	TR 30 | TR1 15 | TR2 15
46.8622 	DATA 	Keypress: 5
46.8622 	DATA 	Waited 2.599982976913452 seconds for trigger
46.8638 	DATA 	
46.8638 	DATA 	Trial 2
46.8638 	DATA 	stimDur = 4.0
46.8638 	DATA 	jitter = 0.0
46.8639 	DATA 	restDur = 16.0

46.8639 	DATA 	
46.8639 	DATA 	TR 31 | TR1 16 | TR2 15
46.8639 	DATA 	
46.8639 	DATA 	stimulation started
46.8639 	DATA 	
48.4121 	DATA 	Keypress: 5
48.4121 	DATA 	TR 32 | TR1 16 | TR2 16
49.9786 	DATA 	Keypress: 5
49.9787 	DATA 	TR 33 | TR1 17 | TR2 16
50.8785 	DATA 	
50.8785 	DATA 	stimulation stopped
50.8785 	DATA 	
51.5284 	DATA 	Keypress: 5
51.5285 	DATA 	TR 34 | TR1 17 | TR2 17
53.1116 	DATA 	Keypress: 5
53.1117 	DATA 	TR 35 | TR1 18 | TR2 17
54.6615 	DATA 	Keypress: 5
54.6616 	DATA 	TR 36 | TR1 18 | TR2 18
56.2280 	DATA 	Keypress: 5
56.2280 	DATA 	TR 37 | TR1 19 | TR2 18
57.7778 	DATA 	Keypress: 5
57.7779 	DATA 	TR 38 | TR1 19 | TR2 19
59.3443 	DATA 	Keypress: 5
59.3444 	DATA 	TR 39 | TR1 20 | TR2 19
60.8948 	DATA 	Keypress: 5
60.9108 	DATA 	TR 40 | TR1 20 | TR2 20
62.4775 	DATA 	Keypress: 5
62.4775 	DATA 	TR 41 | TR1 21 | TR2 20
64.0272 	DATA 	Keypress: 5
64.0273 	DATA 	TR 42 | TR1 21 | TR2 21
65.5934 	DATA 	Keypress: 5
65.5935 	DATA 	TR 43 | TR1 22 | TR2 21
66.8769 	DATA 	
66.8769 	DATA 	Trial complete
66.8770 	DATA 	Waiting for VASO trigger to start next trial
66.8770 	DATA 	
67.1436 	DATA 	Keypress: 5
67.1436 	DATA 	TR 44 | TR1 22 | TR2 22
68.7268 	DATA 	Keypress: 5
68.7269 	DATA 	Waited 1.849910020828247 seconds for trigger
68.7276 	DATA 	
68.7277 	DATA 	Trial 3
68.7277 	DATA 	stimDur = 4.0
68.7277 	DATA 	jitter = 0.78525
68.7277 	DATA 	restDur = 16.0

68.7277 	DATA 	
68.7277 	DATA 	TR 45 | TR1 23 | TR2 22
69.5267 	DATA 	
69.5267 	DATA 	stimulation started
69.5267 	DATA 	
70.2767 	DATA 	Keypress: 5
70.2768 	DATA 	TR 46 | TR1 23 | TR2 23
71.8433 	DATA 	Keypress: 5
71.8433 	DATA 	TR 47 | TR1 24 | TR2 23
73.3931 	DATA 	Keypress: 5
73.3931 	DATA 	TR 48 | TR1 24 | TR2 24
73.5265 	DATA 	
73.5265 	DATA 	stimulation stopped
73.5265 	DATA 	
74.9602 	DATA 	Keypress: 5
74.9762 	DATA 	TR 49 | TR1 25 | TR2 24
76.5261 	DATA 	Keypress: 5
76.5261 	DATA 	TR 50 | TR1 25 | TR2 25
78.0926 	DATA 	Keypress: 5
78.0927 	DATA 	TR 51 | TR1 26 | TR2 25
79.6425 	DATA 	Keypress: 5
79.6425 	DATA 	TR 52 | TR1 26 | TR2 26
81.2090 	DATA 	Keypress: 5
81.2090 	DATA 	TR 53 | TR1 27 | TR2 26
82.7589 	DATA 	Keypress: 5
82.7590 	DATA 	TR 54 | TR1 27 | TR2 27
84.3421 	DATA 	Keypress: 5
84.3421 	DATA 	TR 55 | TR1 28 | TR2 27
85.8919 	DATA 	Keypress: 5
85.8920 	DATA 	TR 56 | TR1 28 | TR2 28
86.4920 	DATA 	Target presented
87.0092 	DATA 	Keypress: 1
87.0251 	DATA 	Key1 pressed
87.0251 	DATA 	Target detected
87.4584 	DATA 	Keypress: 5
87.4585 	DATA 	TR 57 | TR1 29 | TR2 28
89.0083 	DATA 	Keypress: 5
89.0083 	DATA 	TR 58 | TR1 29 | TR2 29
89.5247 	DATA 	
89.5247 	DATA 	Trial complete
89.5247 	DATA 	Waiting for VASO trigger to start next trial
89.5247 	DATA 	
90.5916 	DATA 	Keypress: 5
90.5917 	DATA 	Waited 1.0670030117034912 seconds for trigger
90.5925 	DATA 	
90.5925 	DATA 	Trial 4
90.5925 	DATA 	stimDur = 2.0
90.5925 	DATA 	jitter = 0.0
90.5925 	DATA 	restDur = 14.0

90.5925 	DATA 	
90.5925 	DATA 	TR 59 | TR1 30 | TR2 29
90.5925 	DATA 	
90.5925 	DATA 	stimulation started
90.5925 	DATA 	
92.1415 	DATA 	Keypress: 5
92.1416 	DATA 	TR 60 | TR1 30 | TR2 30
92.6080 	DATA 	
92.6080 	DATA 	stimulation stopped
92.6080 	DATA 	
93.7079 	DATA 	Keypress: 5
93.7079 	DATA 	TR 61 | TR1 31 | TR2 30
95.2577 	DATA 	Keypress: 5
95.2577 	DATA 	TR 62 | TR1 31 | TR2 31
96.8242 	DATA 	Keypress: 5
96.8243 	DATA 	TR 63 | TR1 32 | TR2 31
98.3907 	DATA 	Keypress: 5
98.3908 	DATA 	TR 64 | TR1 32 | TR2 32
99.9573 	DATA 	Keypress: 5
99.9573 	DATA 	TR 65 | TR1 33 | TR2 32
101.5071 	DATA 	Keypress: 5
101.5072 	DATA 	TR 66 | TR1 33 | TR2 33
103.0737 	DATA 	Keypress: 5
103.0737 	DATA 	TR 67 | TR1 34 | TR2 33
104.6235 	DATA 	Keypress: 5
104.6236 	DATA 	TR 68 | TR1 34 | TR2 34
106.2067 	DATA 	Keypress: 5
106.2068 	DATA 	TR 69 | TR1 35 | TR2 34
106.6066 	DATA 	
106.6066 	DATA 	Trial complete
106.6066 	DATA 	Waiting for VASO trigger to start next trial
106.6066 	DATA 	
107.7565 	DATA 	Keypress: 5
107.7566 	DATA 	TR 70 | TR1 35 | TR2 35
109.3231 	DATA 	Keypress: 5
109.3232 	DATA 	Waited 2.7165169715881348 seconds for trigger
109.3239 	DATA 	
109.3239 	DATA 	Trial 5
109.3239 	DATA 	stimDur = 24.0
109.3239 	DATA 	jitter = 2.35575
109.3239 	DATA 	restDur = 24.0

109.3239 	DATA 	
109.3239 	DATA 	TR 71 | TR1 36 | TR2 35
110.8729 	DATA 	Keypress: 5
110.8730 	DATA 	TR 72 | TR1 36 | TR2 36
111.6895 	DATA 	
111.6895 	DATA 	stimulation started
111.6895 	DATA 	
112.4402 	DATA 	Keypress: 5
112.4561 	DATA 	TR 73 | TR1 37 | TR2 36
114.0060 	DATA 	Keypress: 5
114.0060 	DATA 	TR 74 | TR1 37 | TR2 37
115.5726 	DATA 	Keypress: 5
115.5726 	DATA 	TR 75 | TR1 38 | TR2 37
117.1224 	DATA 	Keypress: 5
117.1224 	DATA 	TR 76 | TR1 38 | TR2 38
118.6889 	DATA 	Keypress: 5
118.6890 	DATA 	TR 77 | TR1 39 | TR2 38
120.2388 	DATA 	Keypress: 5
120.2388 	DATA 	TR 78 | TR1 39 | TR2 39
121.8220 	DATA 	Keypress: 5
121.8220 	DATA 	TR 79 | TR1 40 | TR2 39
123.3718 	DATA 	Keypress: 5
123.3719 	DATA 	TR 80 | TR1 40 | TR2 40
124.9385 	DATA 	Keypress: 5
124.9386 	DATA 	TR 81 | TR1 41 | TR2 40
126.4882 	DATA 	Keypress: 5
126.4882 	DATA 	TR 82 | TR1 41 | TR2 41
128.0714 	DATA 	Keypress: 5
128.0715 	DATA 	TR 83 | TR1 42 | TR2 41
129.6214 	DATA 	Keypress: 5
129.6214 	DATA 	TR 84 | TR1 42 | TR2 42
131.1879 	DATA 	Keypress: 5
131.1880 	DATA 	TR 85 | TR1 43 | TR2 42
132.7376 	DATA 	Keypress: 5
132.7377 	DATA 	TR 86 | TR1 43 | TR2 43
134.3043 	DATA 	Keypress: 5
134.3043 	DATA 	TR 87 | TR1 44 | TR2 43
135.6873 	DATA 	
135.6873 	DATA 	stimulation stopped
135.6873 	DATA 	
135.8706 	DATA 	Keypress: 5
135.8707 	DATA 	TR 88 | TR1 44 | TR2 44
137.4372 	DATA 	Keypress: 5
137.4372 	DATA 	TR 89 | TR1 45 | TR2 44
138.9870 	DATA 	Keypress: 5
138.9870 	DATA 	TR 90 | TR1 45 | TR2 45
140.5535 	DATA 	Keypress: 5
140.5536 	DATA 	TR 91 | TR1 46 | TR2 45
142.1034 	DATA 	Keypress: 5
142.1034 	DATA 	TR 92 | TR1 46 | TR2 46
143.6866 	DATA 	Keypress: 5
143.6866 	DATA 	TR 93 | TR1 47 | TR2 46
145.2364 	DATA 	Keypress: 5
145.2365 	DATA 	TR 94 | TR1 47 | TR2 47
146.8029 	DATA 	Keypress: 5
146.8030 	DATA 	TR 95 | TR1 48 | TR2 47
148.3529 	DATA 	Keypress: 5
148.3529 	DATA 	TR 96 | TR1 48 | TR2 48
149.9360 	DATA 	Keypress: 5
149.9361 	DATA 	TR 97 | TR1 49 | TR2 48
151.4858 	DATA 	Keypress: 5
151.4859 	DATA 	TR 98 | TR1 49 | TR2 49
153.0524 	DATA 	Keypress: 5
153.0524 	DATA 	TR 99 | TR1 50 | TR2 49
154.6023 	DATA 	Keypress: 5
154.6024 	DATA 	TR 100 | TR1 50 | TR2 50
156.1688 	DATA 	Keypress: 5
156.1688 	DATA 	TR 101 | TR1 51 | TR2 50
157.7192 	DATA 	Keypress: 5
157.7352 	DATA 	TR 102 | TR1 51 | TR2 51
159.3018 	DATA 	Keypress: 5
159.3018 	DATA 	TR 103 | TR1 52 | TR2 51
159.6850 	DATA 	
159.6850 	DATA 	Trial complete
159.6851 	DATA 	Waiting for VASO trigger to start next trial
159.6851 	DATA 	
160.8516 	DATA 	Keypress: 5
160.8517 	DATA 	TR 104 | TR1 52 | TR2 52
161.9182 	DATA 	Target presented
162.4182 	DATA 	Keypress: 5
162.4182 	DATA 	Waited 2.7331650257110596 seconds for trigger
162.4190 	DATA 	
162.4190 	DATA 	Trial 6
162.4190 	DATA 	stimDur = 4.0
162.4190 	DATA 	jitter = 2.35575
162.4190 	DATA 	restDur = 16.0

162.4190 	DATA 	
162.4190 	DATA 	TR 105 | TR1 53 | TR2 52
162.5015 	DATA 	Keypress: 1
162.5015 	DATA 	Key1 pressed
162.5015 	DATA 	Target detected
163.9680 	DATA 	Keypress: 5
163.9680 	DATA 	TR 106 | TR1 53 | TR2 53
164.7846 	DATA 	
164.7846 	DATA 	stimulation started
164.7846 	DATA 	
165.5513 	DATA 	Keypress: 5
165.5514 	DATA 	TR 107 | TR1 54 | TR2 53
167.1011 	DATA 	Keypress: 5
167.1011 	DATA 	TR 108 | TR1 54 | TR2 54
168.6676 	DATA 	Keypress: 5
168.6676 	DATA 	TR 109 | TR1 55 | TR2 54
168.7842 	DATA 	
168.7843 	DATA 	stimulation stopped
168.7843 	DATA 	
170.2174 	DATA 	Keypress: 5
170.2175 	DATA 	TR 110 | TR1 55 | TR2 55
171.7846 	DATA 	Keypress: 5
171.8006 	DATA 	TR 111 | TR1 56 | TR2 55
173.3505 	DATA 	Keypress: 5
173.3505 	DATA 	TR 112 | TR1 56 | TR2 56
174.9170 	DATA 	Keypress: 5
174.9171 	DATA 	TR 113 | TR1 57 | TR2 56
176.4668 	DATA 	Keypress: 5
176.4669 	DATA 	TR 114 | TR1 57 | TR2 57
178.0334 	DATA 	Keypress: 5
178.0335 	DATA 	TR 115 | TR1 58 | TR2 57
179.5832 	DATA 	Keypress: 5
179.5833 	DATA 	TR 116 | TR1 58 | TR2 58
181.1665 	DATA 	Keypress: 5
181.1665 	DATA 	TR 117 | TR1 59 | TR2 58
182.7165 	DATA 	Keypress: 5
182.7165 	DATA 	TR 118 | TR1 59 | TR2 59
184.2828 	DATA 	Keypress: 5
184.2829 	DATA 	TR 119 | TR1 60 | TR2 59
184.7827 	DATA 	
184.7827 	DATA 	Trial complete
184.7827 	DATA 	Waiting for VASO trigger to start next trial
184.7828 	DATA 	
185.8327 	DATA 	Keypress: 5
185.8327 	DATA 	TR 120 | TR1 60 | TR2 60
187.4159 	DATA 	Keypress: 5
187.4159 	DATA 	Waited 2.6331639289855957 seconds for trigger
187.4167 	DATA 	
187.4167 	DATA 	Trial 7
187.4167 	DATA 	stimDur = 1.0
187.4167 	DATA 	jitter = 0.78525
187.4167 	DATA 	restDur = 12.0

187.4167 	DATA 	
187.4167 	DATA 	TR 121 | TR1 61 | TR2 60
188.2159 	DATA 	
188.2159 	DATA 	stimulation started
188.2159 	DATA 	
188.9658 	DATA 	Keypress: 5
188.9658 	DATA 	TR 122 | TR1 61 | TR2 61
189.2157 	DATA 	
189.2157 	DATA 	stimulation stopped
189.2157 	DATA 	
190.5323 	DATA 	Keypress: 5
190.5323 	DATA 	TR 123 | TR1 62 | TR2 61
192.0821 	DATA 	Keypress: 5
192.0821 	DATA 	TR 124 | TR1 62 | TR2 62
193.6486 	DATA 	Keypress: 5
193.6487 	DATA 	TR 125 | TR1 63 | TR2 62
195.2151 	DATA 	Keypress: 5
195.2152 	DATA 	TR 126 | TR1 63 | TR2 63
196.7817 	DATA 	Keypress: 5
196.7817 	DATA 	TR 127 | TR1 64 | TR2 63
198.3315 	DATA 	Keypress: 5
198.3316 	DATA 	TR 128 | TR1 64 | TR2 64
199.8981 	DATA 	Keypress: 5
199.8981 	DATA 	TR 129 | TR1 65 | TR2 64
201.2147 	DATA 	
201.2147 	DATA 	Trial complete
201.2147 	DATA 	Waiting for VASO trigger to start next trial
201.2147 	DATA 	
201.4479 	DATA 	Keypress: 5
201.4479 	DATA 	TR 130 | TR1 65 | TR2 65
203.0311 	DATA 	Keypress: 5
203.0311 	DATA 	Waited 1.8164470195770264 seconds for trigger
203.0319 	DATA 	
203.0319 	DATA 	Trial 8
203.0319 	DATA 	stimDur = 1.0
203.0319 	DATA 	jitter = 2.35575
203.0319 	DATA 	restDur = 12.0

203.0319 	DATA 	
203.0319 	DATA 	TR 131 | TR1 66 | TR2 65
204.5811 	DATA 	Keypress: 5
204.5811 	DATA 	TR 132 | TR1 66 | TR2 66
205.3975 	DATA 	
205.3975 	DATA 	stimulation started
205.3975 	DATA 	
206.1475 	DATA 	Keypress: 5
206.1476 	DATA 	TR 133 | TR1 67 | TR2 66
206.3974 	DATA 	
206.3974 	DATA 	stimulation stopped
206.3975 	DATA 	
207.6973 	DATA 	Keypress: 5
207.6973 	DATA 	TR 134 | TR1 67 | TR2 67
209.2645 	DATA 	Keypress: 5
209.2805 	DATA 	TR 135 | TR1 68 | TR2 67
210.8304 	DATA 	Keypress: 5
210.8304 	DATA 	TR 136 | TR1 68 | TR2 68
212.3969 	DATA 	Keypress: 5
212.3969 	DATA 	TR 137 | TR1 69 | TR2 68
213.9467 	DATA 	Keypress: 5
213.9468 	DATA 	TR 138 | TR1 69 | TR2 69
215.5133 	DATA 	Keypress: 5
215.5133 	DATA 	TR 139 | TR1 70 | TR2 69
217.0631 	DATA 	Keypress: 5
217.0632 	DATA 	TR 140 | TR1 70 | TR2 70
218.3963 	DATA 	
218.3963 	DATA 	Trial complete
218.3963 	DATA 	Waiting for VASO trigger to start next trial
218.3963 	DATA 	
218.6463 	DATA 	Keypress: 5
218.6464 	DATA 	Waited 0.2500460147857666 seconds for trigger
218.6471 	DATA 	
218.6471 	DATA 	Trial 9
218.6471 	DATA 	stimDur = 12.0
218.6472 	DATA 	jitter = 0.78525
218.6472 	DATA 	restDur = 20.0

218.6472 	DATA 	
218.6472 	DATA 	TR 141 | TR1 71 | TR2 70
219.4462 	DATA 	
219.4462 	DATA 	stimulation started
219.4462 	DATA 	
219.8129 	DATA 	Target presented
220.1962 	DATA 	Keypress: 5
220.1963 	DATA 	TR 142 | TR1 71 | TR2 71
220.3462 	DATA 	Keypress: 1
220.3462 	DATA 	Key1 pressed
220.3462 	DATA 	Target detected
221.7627 	DATA 	Keypress: 5
221.7628 	DATA 	TR 143 | TR1 72 | TR2 71
223.3126 	DATA 	Keypress: 5
223.3127 	DATA 	TR 144 | TR1 72 | TR2 72
224.8958 	DATA 	Keypress: 5
224.8958 	DATA 	TR 145 | TR1 73 | TR2 72
226.4457 	DATA 	Keypress: 5
226.4457 	DATA 	TR 146 | TR1 73 | TR2 73
228.0121 	DATA 	Keypress: 5
228.0122 	DATA 	TR 147 | TR1 74 | TR2 73
229.5620 	DATA 	Keypress: 5
229.5621 	DATA 	TR 148 | TR1 74 | TR2 74
231.1285 	DATA 	Keypress: 5
231.1286 	DATA 	TR 149 | TR1 75 | TR2 74
231.4451 	DATA 	
231.4451 	DATA 	stimulation stopped
231.4452 	DATA 	
232.6790 	DATA 	Keypress: 5
232.6950 	DATA 	TR 150 | TR1 75 | TR2 75
234.2615 	DATA 	Keypress: 5
234.2616 	DATA 	TR 151 | TR1 76 | TR2 75
235.8114 	DATA 	Keypress: 5
235.8115 	DATA 	TR 152 | TR1 76 | TR2 76
237.3779 	DATA 	Keypress: 5
237.3779 	DATA 	TR 153 | TR1 77 | TR2 76
238.9278 	DATA 	Keypress: 5
238.9278 	DATA 	TR 154 | TR1 77 | TR2 77
240.5109 	DATA 	Keypress: 5
240.5110 	DATA 	TR 155 | TR1 78 | TR2 77
242.0610 	DATA 	Keypress: 5
242.0610 	DATA 	TR 156 | TR1 78 | TR2 78
243.6273 	DATA 	Keypress: 5
243.6274 	DATA 	TR 157 | TR1 79 | TR2 78
245.1772 	DATA 	Keypress: 5
245.1773 	DATA 	TR 158 | TR1 79 | TR2 79
246.7604 	DATA 	Keypress: 5
246.7604 	DATA 	TR 159 | TR1 80 | TR2 79
248.3102 	DATA 	Keypress: 5
248.3103 	DATA 	TR 160 | TR1 80 | TR2 80
249.8769 	DATA 	Keypress: 5
249.8770 	DATA 	TR 161 | TR1 81 | TR2 80
251.4266 	DATA 	Keypress: 5
251.4267 	DATA 	TR 162 | TR1 81 | TR2 81
251.4432 	DATA 	
251.4433 	DATA 	Trial complete
251.4433 	DATA 	Waiting for VASO trigger to start next trial
251.4433 	DATA 	
252.9931 	DATA 	Keypress: 5
252.9932 	DATA 	Waited 1.5498878955841064 seconds for trigger
252.9939 	DATA 	
252.9939 	DATA 	Trial 10
252.9939 	DATA 	stimDur = 12.0
252.9939 	DATA 	jitter = 2.35575
252.9940 	DATA 	restDur = 20.0

252.9940 	DATA 	
252.9940 	DATA 	TR 163 | TR1 82 | TR2 81
254.5430 	DATA 	Keypress: 5
254.5431 	DATA 	TR 164 | TR1 82 | TR2 82
255.3595 	DATA 	
255.3596 	DATA 	stimulation started
255.3596 	DATA 	
256.1262 	DATA 	Keypress: 5
256.1262 	DATA 	TR 165 | TR1 83 | TR2 82
257.6761 	DATA 	Keypress: 5
257.6761 	DATA 	TR 166 | TR1 83 | TR2 83
259.2426 	DATA 	Keypress: 5
259.2426 	DATA 	TR 167 | TR1 84 | TR2 83
260.7925 	DATA 	Keypress: 5
260.7925 	DATA 	TR 168 | TR1 84 | TR2 84
262.3758 	DATA 	Keypress: 5
262.3758 	DATA 	TR 169 | TR1 85 | TR2 84
263.9255 	DATA 	Keypress: 5
263.9256 	DATA 	TR 170 | TR1 85 | TR2 85
265.4920 	DATA 	Keypress: 5
265.4921 	DATA 	TR 171 | TR1 86 | TR2 85
267.0419 	DATA 	Keypress: 5
267.0419 	DATA 	TR 172 | TR1 86 | TR2 86
267.3584 	DATA 	
267.3584 	DATA 	stimulation stopped
267.3584 	DATA 	
268.6084 	DATA 	Keypress: 5
268.6084 	DATA 	TR 173 | TR1 87 | TR2 86
270.1749 	DATA 	Keypress: 5
270.1749 	DATA 	TR 174 | TR1 87 | TR2 87
271.7414 	DATA 	Keypress: 5
271.7414 	DATA 	TR 175 | TR1 88 | TR2 87
273.2913 	DATA 	Keypress: 5
273.2913 	DATA 	TR 176 | TR1 88 | TR2 88
274.8578 	DATA 	Keypress: 5
274.8578 	DATA 	TR 177 | TR1 89 | TR2 88
276.4077 	DATA 	Keypress: 5
276.4078 	DATA 	TR 178 | TR1 89 | TR2 89
277.9908 	DATA 	Keypress: 5
277.9909 	DATA 	TR 179 | TR1 90 | TR2 89
278.0575 	DATA 	Target presented
278.5241 	DATA 	Keypress: 1
278.5242 	DATA 	Key1 pressed
278.5242 	DATA 	Target detected
279.5407 	DATA 	Keypress: 5
279.5407 	DATA 	TR 180 | TR1 90 | TR2 90
281.1072 	DATA 	Keypress: 5
281.1072 	DATA 	TR 181 | TR1 91 | TR2 90
282.6572 	DATA 	Keypress: 5
282.6573 	DATA 	TR 182 | TR1 91 | TR2 91
284.2404 	DATA 	Keypress: 5
284.2404 	DATA 	TR 183 | TR1 92 | TR2 91
285.7901 	DATA 	Keypress: 5
285.7902 	DATA 	TR 184 | TR1 92 | TR2 92
287.3567 	DATA 	Keypress: 5
287.3568 	DATA 	TR 185 | TR1 93 | TR2 92
287.3568 	DATA 	
287.3568 	DATA 	Trial complete
287.3568 	DATA 	Waiting for VASO trigger to start next trial
287.3568 	DATA 	
288.9065 	DATA 	Keypress: 5
288.9065 	DATA 	TR 186 | TR1 93 | TR2 93
290.4730 	DATA 	Keypress: 5
290.4730 	DATA 	Waited 3.1161890029907227 seconds for trigger
290.4738 	DATA 	
290.4738 	DATA 	Trial 11
290.4738 	DATA 	stimDur = 12.0
290.4738 	DATA 	jitter = 1.5705
290.4738 	DATA 	restDur = 20.0

290.4738 	DATA 	
290.4738 	DATA 	TR 187 | TR1 94 | TR2 93
292.0235 	DATA 	Keypress: 5
292.0395 	DATA 	TR 188 | TR1 94 | TR2 94
292.0562 	DATA 	
292.0562 	DATA 	stimulation started
292.0562 	DATA 	
293.6061 	DATA 	Keypress: 5
293.6061 	DATA 	TR 189 | TR1 95 | TR2 94
295.1560 	DATA 	Keypress: 5
295.1560 	DATA 	TR 190 | TR1 95 | TR2 95
296.7225 	DATA 	Keypress: 5
296.7225 	DATA 	TR 191 | TR1 96 | TR2 95
298.2723 	DATA 	Keypress: 5
298.2724 	DATA 	TR 192 | TR1 96 | TR2 96
299.8555 	DATA 	Keypress: 5
299.8556 	DATA 	TR 193 | TR1 97 | TR2 96
301.4054 	DATA 	Keypress: 5
301.4054 	DATA 	TR 194 | TR1 97 | TR2 97
302.9720 	DATA 	Keypress: 5
302.9721 	DATA 	TR 195 | TR1 98 | TR2 97
304.0553 	DATA 	
304.0553 	DATA 	stimulation stopped
304.0554 	DATA 	
304.5217 	DATA 	Keypress: 5
304.5218 	DATA 	TR 196 | TR1 98 | TR2 98
306.0888 	DATA 	Keypress: 5
306.1048 	DATA 	TR 197 | TR1 99 | TR2 98
307.6548 	DATA 	Keypress: 5
307.6548 	DATA 	TR 198 | TR1 99 | TR2 99
309.2213 	DATA 	Keypress: 5
309.2213 	DATA 	TR 199 | TR1 100 | TR2 99
310.7712 	DATA 	Keypress: 5
310.7712 	DATA 	TR 200 | TR1 100 | TR2 100
312.3376 	DATA 	Keypress: 5
312.3377 	DATA 	TR 201 | TR1 101 | TR2 100
313.8875 	DATA 	Keypress: 5
313.8876 	DATA 	TR 202 | TR1 101 | TR2 101
315.4707 	DATA 	Keypress: 5
315.4707 	DATA 	TR 203 | TR1 102 | TR2 101
317.0206 	DATA 	Keypress: 5
317.0206 	DATA 	TR 204 | TR1 102 | TR2 102
318.5871 	DATA 	Keypress: 5
318.5871 	DATA 	TR 205 | TR1 103 | TR2 102
320.1370 	DATA 	Keypress: 5
320.1370 	DATA 	TR 206 | TR1 103 | TR2 103
321.7201 	DATA 	Keypress: 5
321.7202 	DATA 	TR 207 | TR1 104 | TR2 103
323.2700 	DATA 	Keypress: 5
323.2700 	DATA 	TR 208 | TR1 104 | TR2 104
323.9699 	DATA 	Target presented
324.0532 	DATA 	
324.0532 	DATA 	Trial complete
324.0532 	DATA 	Waiting for VASO trigger to start next trial
324.0532 	DATA 	
324.5865 	DATA 	Keypress: 1
324.5866 	DATA 	Key1 pressed
324.5866 	DATA 	Target detected
324.8365 	DATA 	Keypress: 5
324.8365 	DATA 	Waited 0.7833089828491211 seconds for trigger
324.8373 	DATA 	
324.8373 	DATA 	Trial 12
324.8373 	DATA 	stimDur = 1.0
324.8373 	DATA 	jitter = 1.5705
324.8373 	DATA 	restDur = 12.0

324.8373 	DATA 	
324.8373 	DATA 	TR 209 | TR1 105 | TR2 104
326.3864 	DATA 	Keypress: 5
326.3864 	DATA 	TR 210 | TR1 105 | TR2 105
326.4197 	DATA 	
326.4197 	DATA 	stimulation started
326.4197 	DATA 	
327.4196 	DATA 	
327.4196 	DATA 	stimulation stopped
327.4196 	DATA 	
327.9530 	DATA 	Keypress: 5
327.9530 	DATA 	TR 211 | TR1 106 | TR2 105
329.5194 	DATA 	Keypress: 5
329.5195 	DATA 	TR 212 | TR1 106 | TR2 106
331.0859 	DATA 	Keypress: 5
331.0860 	DATA 	TR 213 | TR1 107 | TR2 106
332.6359 	DATA 	Keypress: 5
332.6360 	DATA 	TR 214 | TR1 107 | TR2 107
334.2023 	DATA 	Keypress: 5
334.2023 	DATA 	TR 215 | TR1 108 | TR2 107
335.7521 	DATA 	Keypress: 5
335.7522 	DATA 	TR 216 | TR1 108 | TR2 108
337.3353 	DATA 	Keypress: 5
337.3354 	DATA 	TR 217 | TR1 109 | TR2 108
338.8852 	DATA 	Keypress: 5
338.8853 	DATA 	TR 218 | TR1 109 | TR2 109
339.4184 	DATA 	
339.4185 	DATA 	Trial complete
339.4185 	DATA 	Waiting for VASO trigger to start next trial
339.4185 	DATA 	
340.4517 	DATA 	Keypress: 5
340.4517 	DATA 	Waited 1.0332651138305664 seconds for trigger
340.4525 	DATA 	
340.4525 	DATA 	Trial 13
340.4525 	DATA 	stimDur = 2.0
340.4525 	DATA 	jitter = 2.35575
340.4525 	DATA 	restDur = 14.0

340.4525 	DATA 	
340.4525 	DATA 	TR 219 | TR1 110 | TR2 109
342.0016 	DATA 	Keypress: 5
342.0016 	DATA 	TR 220 | TR1 110 | TR2 110
342.8181 	DATA 	
342.8181 	DATA 	stimulation started
342.8181 	DATA 	
343.5689 	DATA 	Keypress: 5
343.5848 	DATA 	TR 221 | TR1 111 | TR2 110
344.8180 	DATA 	
344.8180 	DATA 	stimulation stopped
344.8180 	DATA 	
345.1347 	DATA 	Keypress: 5
345.1347 	DATA 	TR 222 | TR1 111 | TR2 111
346.7013 	DATA 	Keypress: 5
346.7013 	DATA 	TR 223 | TR1 112 | TR2 111
348.2510 	DATA 	Keypress: 5
348.2511 	DATA 	TR 224 | TR1 112 | TR2 112
349.8175 	DATA 	Keypress: 5
349.8175 	DATA 	TR 225 | TR1 113 | TR2 112
351.3680 	DATA 	Keypress: 5
351.3840 	DATA 	TR 226 | TR1 113 | TR2 113
352.9505 	DATA 	Keypress: 5
352.9506 	DATA 	TR 227 | TR1 114 | TR2 113
354.5005 	DATA 	Keypress: 5
354.5005 	DATA 	TR 228 | TR1 114 | TR2 114
356.0669 	DATA 	Keypress: 5
356.0670 	DATA 	TR 229 | TR1 115 | TR2 114
357.6168 	DATA 	Keypress: 5
357.6169 	DATA 	TR 230 | TR1 115 | TR2 115
358.8167 	DATA 	
358.8167 	DATA 	Trial complete
358.8167 	DATA 	Waiting for VASO trigger to start next trial
358.8167 	DATA 	
359.1999 	DATA 	Keypress: 5
359.2000 	DATA 	Waited 0.3833169937133789 seconds for trigger
359.2008 	DATA 	
359.2008 	DATA 	Trial 14
359.2008 	DATA 	stimDur = 24.0
359.2008 	DATA 	jitter = 1.5705
359.2008 	DATA 	restDur = 24.0

359.2008 	DATA 	
359.2008 	DATA 	TR 231 | TR1 116 | TR2 115
360.7499 	DATA 	Keypress: 5
360.7499 	DATA 	TR 232 | TR1 116 | TR2 116
360.7831 	DATA 	
360.7832 	DATA 	stimulation started
360.7832 	DATA 	
362.3164 	DATA 	Keypress: 5
362.3165 	DATA 	TR 233 | TR1 117 | TR2 116
363.8663 	DATA 	Keypress: 5
363.8664 	DATA 	TR 234 | TR1 117 | TR2 117
365.4328 	DATA 	Keypress: 5
365.4328 	DATA 	TR 235 | TR1 118 | TR2 117
366.9834 	DATA 	Keypress: 5
366.9994 	DATA 	TR 236 | TR1 118 | TR2 118
368.5658 	DATA 	Keypress: 5
368.5659 	DATA 	TR 237 | TR1 119 | TR2 118
370.1158 	DATA 	Keypress: 5
370.1158 	DATA 	TR 238 | TR1 119 | TR2 119
371.6822 	DATA 	Keypress: 5
371.6823 	DATA 	TR 239 | TR1 120 | TR2 119
373.2321 	DATA 	Keypress: 5
373.2321 	DATA 	TR 240 | TR1 120 | TR2 120
374.8152 	DATA 	Keypress: 5
374.8153 	DATA 	TR 241 | TR1 121 | TR2 120
376.3651 	DATA 	Keypress: 5
376.3652 	DATA 	TR 242 | TR1 121 | TR2 121
377.9316 	DATA 	Keypress: 5
377.9317 	DATA 	TR 243 | TR1 122 | TR2 121
379.4815 	DATA 	Keypress: 5
379.4816 	DATA 	TR 244 | TR1 122 | TR2 122
381.0647 	DATA 	Keypress: 5
381.0647 	DATA 	TR 245 | TR1 123 | TR2 122
382.6146 	DATA 	Keypress: 5
382.6146 	DATA 	TR 246 | TR1 123 | TR2 123
384.1810 	DATA 	Keypress: 5
384.1811 	DATA 	TR 247 | TR1 124 | TR2 123
384.7810 	DATA 	
384.7810 	DATA 	stimulation stopped
384.7810 	DATA 	
385.7309 	DATA 	Keypress: 5
385.7310 	DATA 	TR 248 | TR1 124 | TR2 124
387.2974 	DATA 	Keypress: 5
387.2974 	DATA 	TR 249 | TR1 125 | TR2 124
388.8474 	DATA 	Keypress: 5
388.8475 	DATA 	TR 250 | TR1 125 | TR2 125
390.4304 	DATA 	Keypress: 5
390.4305 	DATA 	TR 251 | TR1 126 | TR2 125
391.9803 	DATA 	Keypress: 5
391.9804 	DATA 	TR 252 | TR1 126 | TR2 126
393.5468 	DATA 	Keypress: 5
393.5469 	DATA 	TR 253 | TR1 127 | TR2 126
395.0967 	DATA 	Keypress: 5
395.0968 	DATA 	TR 254 | TR1 127 | TR2 127
395.1801 	DATA 	Target presented
395.8632 	DATA 	Keypress: 1
395.8633 	DATA 	Key1 pressed
395.8633 	DATA 	Target detected
396.6798 	DATA 	Keypress: 5
396.6799 	DATA 	TR 255 | TR1 128 | TR2 127
398.2297 	DATA 	Keypress: 5
398.2298 	DATA 	TR 256 | TR1 128 | TR2 128
399.7962 	DATA 	Keypress: 5
399.7963 	DATA 	TR 257 | TR1 129 | TR2 128
401.3461 	DATA 	Keypress: 5
401.3462 	DATA 	TR 258 | TR1 129 | TR2 129
402.9126 	DATA 	Keypress: 5
402.9127 	DATA 	TR 259 | TR1 130 | TR2 129
404.4792 	DATA 	Keypress: 5
404.4792 	DATA 	TR 260 | TR1 130 | TR2 130
406.0457 	DATA 	Keypress: 5
406.0457 	DATA 	TR 261 | TR1 131 | TR2 130
407.5956 	DATA 	Keypress: 5
407.5956 	DATA 	TR 262 | TR1 131 | TR2 131
408.7787 	DATA 	
408.7787 	DATA 	Trial complete
408.7787 	DATA 	Waiting for VASO trigger to start next trial
408.7787 	DATA 	
409.1620 	DATA 	Keypress: 5
409.1621 	DATA 	Waited 0.3833341598510742 seconds for trigger
409.1629 	DATA 	
409.1629 	DATA 	Trial 15
409.1629 	DATA 	stimDur = 2.0
409.1629 	DATA 	jitter = 0.78525
409.1629 	DATA 	restDur = 14.0

409.1629 	DATA 	
409.1629 	DATA 	TR 263 | TR1 132 | TR2 131
409.9619 	DATA 	
409.9619 	DATA 	stimulation started
409.9619 	DATA 	
410.7120 	DATA 	Keypress: 5
410.7120 	DATA 	TR 264 | TR1 132 | TR2 132
411.9618 	DATA 	
411.9618 	DATA 	stimulation stopped
411.9618 	DATA 	
412.2951 	DATA 	Keypress: 5
412.2952 	DATA 	TR 265 | TR1 133 | TR2 132
413.8449 	DATA 	Keypress: 5
413.8450 	DATA 	TR 266 | TR1 133 | TR2 133
415.4115 	DATA 	Keypress: 5
415.4116 	DATA 	TR 267 | TR1 134 | TR2 133
416.9613 	DATA 	Keypress: 5
416.9613 	DATA 	TR 268 | TR1 134 | TR2 134
418.5446 	DATA 	Keypress: 5
418.5447 	DATA 	TR 269 | TR1 135 | TR2 134
420.0944 	DATA 	Keypress: 5
420.0944 	DATA 	TR 270 | TR1 135 | TR2 135
421.6609 	DATA 	Keypress: 5
421.6610 	DATA 	TR 271 | TR1 136 | TR2 135
423.2107 	DATA 	Keypress: 5
423.2108 	DATA 	TR 272 | TR1 136 | TR2 136
424.7773 	DATA 	Keypress: 5
424.7775 	DATA 	TR 273 | TR1 137 | TR2 136
425.9605 	DATA 	
425.9605 	DATA 	Trial complete
425.9605 	DATA 	Waiting for VASO trigger to start next trial
425.9605 	DATA 	
426.3277 	DATA 	Keypress: 5
426.3437 	DATA 	TR 274 | TR1 137 | TR2 137
427.9103 	DATA 	Keypress: 5
427.9104 	DATA 	Waited 1.9499080181121826 seconds for trigger
427.9112 	DATA 	
427.9112 	DATA 	Trial 16
427.9112 	DATA 	stimDur = 2.0
427.9112 	DATA 	jitter = 1.5705
427.9112 	DATA 	restDur = 14.0

427.9112 	DATA 	
427.9112 	DATA 	TR 275 | TR1 138 | TR2 137
429.4602 	DATA 	Keypress: 5
429.4602 	DATA 	TR 276 | TR1 138 | TR2 138
429.4935 	DATA 	
429.4935 	DATA 	stimulation started
429.4935 	DATA 	
431.0268 	DATA 	Keypress: 5
431.0268 	DATA 	TR 277 | TR1 139 | TR2 138
431.4933 	DATA 	
431.4933 	DATA 	stimulation stopped
431.4933 	DATA 	
432.5765 	DATA 	Keypress: 5
432.5766 	DATA 	TR 278 | TR1 139 | TR2 139
434.1597 	DATA 	Keypress: 5
434.1597 	DATA 	TR 279 | TR1 140 | TR2 139
435.7096 	DATA 	Keypress: 5
435.7096 	DATA 	TR 280 | TR1 140 | TR2 140
437.2761 	DATA 	Keypress: 5
437.2762 	DATA 	TR 281 | TR1 141 | TR2 140
438.8260 	DATA 	Keypress: 5
438.8260 	DATA 	TR 282 | TR1 141 | TR2 141
440.3925 	DATA 	Keypress: 5
440.3926 	DATA 	TR 283 | TR1 142 | TR2 141
441.9590 	DATA 	Keypress: 5
441.9591 	DATA 	TR 284 | TR1 142 | TR2 142
443.5256 	DATA 	Keypress: 5
443.5256 	DATA 	TR 285 | TR1 143 | TR2 142
445.0754 	DATA 	Keypress: 5
445.0754 	DATA 	TR 286 | TR1 143 | TR2 143
445.4920 	DATA 	
445.4920 	DATA 	Trial complete
445.4920 	DATA 	Waiting for VASO trigger to start next trial
445.4920 	DATA 	
446.6419 	DATA 	Keypress: 5
446.6420 	DATA 	Waited 1.149972915649414 seconds for trigger
446.6427 	DATA 	
446.6427 	DATA 	Trial 17
446.6428 	DATA 	stimDur = 12.0
446.6428 	DATA 	jitter = 0.0
446.6428 	DATA 	restDur = 20.0

446.6428 	DATA 	
446.6428 	DATA 	TR 287 | TR1 144 | TR2 143
446.6428 	DATA 	
446.6428 	DATA 	stimulation started
446.6428 	DATA 	
448.1918 	DATA 	Keypress: 5
448.1919 	DATA 	TR 288 | TR1 144 | TR2 144
449.7750 	DATA 	Keypress: 5
449.7751 	DATA 	TR 289 | TR1 145 | TR2 144
451.3249 	DATA 	Keypress: 5
451.3249 	DATA 	TR 290 | TR1 145 | TR2 145
452.8915 	DATA 	Keypress: 5
452.8916 	DATA 	TR 291 | TR1 146 | TR2 145
454.4413 	DATA 	Keypress: 5
454.4413 	DATA 	TR 292 | TR1 146 | TR2 146
456.0245 	DATA 	Keypress: 5
456.0245 	DATA 	TR 293 | TR1 147 | TR2 146
457.5743 	DATA 	Keypress: 5
457.5743 	DATA 	TR 294 | TR1 147 | TR2 147
458.6575 	DATA 	
458.6575 	DATA 	stimulation stopped
458.6575 	DATA 	
459.1408 	DATA 	Keypress: 5
459.1408 	DATA 	TR 295 | TR1 148 | TR2 147
460.6906 	DATA 	Keypress: 5
460.6907 	DATA 	TR 296 | TR1 148 | TR2 148
462.2571 	DATA 	Keypress: 5
462.2572 	DATA 	TR 297 | TR1 149 | TR2 148
463.8238 	DATA 	Keypress: 5
463.8238 	DATA 	TR 298 | TR1 149 | TR2 149
465.3902 	DATA 	Keypress: 5
465.3903 	DATA 	TR 299 | TR1 150 | TR2 149
466.9400 	DATA 	Keypress: 5
466.9401 	DATA 	TR 300 | TR1 150 | TR2 150
468.5066 	DATA 	Keypress: 5
468.5066 	DATA 	TR 301 | TR1 151 | TR2 150
468.5734 	DATA 	Target presented
470.0564 	DATA 	Keypress: 5
470.0565 	DATA 	TR 302 | TR1 151 | TR2 151
471.6396 	DATA 	Keypress: 5
471.6397 	DATA 	TR 303 | TR1 152 | TR2 151
473.1895 	DATA 	Keypress: 5
473.1895 	DATA 	TR 304 | TR1 152 | TR2 152
474.7560 	DATA 	Keypress: 5
474.7561 	DATA 	TR 305 | TR1 153 | TR2 152
476.3058 	DATA 	Keypress: 5
476.3059 	DATA 	TR 306 | TR1 153 | TR2 153
477.8730 	DATA 	Keypress: 5
477.8890 	DATA 	TR 307 | TR1 154 | TR2 153
478.6557 	DATA 	
478.6557 	DATA 	Trial complete
478.6557 	DATA 	Waiting for VASO trigger to start next trial
478.6558 	DATA 	
479.4389 	DATA 	Keypress: 5
479.4389 	DATA 	TR 308 | TR1 154 | TR2 154
481.0054 	DATA 	Keypress: 5
481.0055 	DATA 	Waited 2.349745988845825 seconds for trigger
481.0063 	DATA 	
481.0063 	DATA 	Trial 18
481.0063 	DATA 	stimDur = 4.0
481.0063 	DATA 	jitter = 1.5705
481.0063 	DATA 	restDur = 16.0

481.0063 	DATA 	
481.0063 	DATA 	TR 309 | TR1 155 | TR2 154
482.5552 	DATA 	Keypress: 5
482.5553 	DATA 	TR 310 | TR1 155 | TR2 155
482.5886 	DATA 	
482.5886 	DATA 	stimulation started
482.5886 	DATA 	
484.1219 	DATA 	Keypress: 5
484.1219 	DATA 	TR 311 | TR1 156 | TR2 155
485.6717 	DATA 	Keypress: 5
485.6717 	DATA 	TR 312 | TR1 156 | TR2 156
486.5882 	DATA 	
486.5883 	DATA 	stimulation stopped
486.5883 	DATA 	
487.2549 	DATA 	Keypress: 5
487.2549 	DATA 	TR 313 | TR1 157 | TR2 156
488.8047 	DATA 	Keypress: 5
488.8047 	DATA 	TR 314 | TR1 157 | TR2 157
490.3712 	DATA 	Keypress: 5
490.3713 	DATA 	TR 315 | TR1 158 | TR2 157
491.9208 	DATA 	Keypress: 5
491.9209 	DATA 	TR 316 | TR1 158 | TR2 158
493.5043 	DATA 	Keypress: 5
493.5043 	DATA 	TR 317 | TR1 159 | TR2 158
495.0541 	DATA 	Keypress: 5
495.0541 	DATA 	TR 318 | TR1 159 | TR2 159
496.6207 	DATA 	Keypress: 5
496.6207 	DATA 	TR 319 | TR1 160 | TR2 159
498.1705 	DATA 	Keypress: 5
498.1705 	DATA 	TR 320 | TR1 160 | TR2 160
499.7370 	DATA 	Keypress: 5
499.7371 	DATA 	TR 321 | TR1 161 | TR2 160
501.3036 	DATA 	Keypress: 5
501.3036 	DATA 	TR 322 | TR1 161 | TR2 161
502.5867 	DATA 	
502.5867 	DATA 	Trial complete
502.5867 	DATA 	Waiting for VASO trigger to start next trial
502.5868 	DATA 	
502.8701 	DATA 	Keypress: 5
502.8701 	DATA 	Waited 0.2833738327026367 seconds for trigger
502.8709 	DATA 	
502.8709 	DATA 	Trial 19
502.8709 	DATA 	stimDur = 24.0
502.8709 	DATA 	jitter = 0.0
502.8709 	DATA 	restDur = 24.0

502.8709 	DATA 	
502.8709 	DATA 	TR 323 | TR1 162 | TR2 161
502.8709 	DATA 	
502.8709 	DATA 	stimulation started
502.8709 	DATA 	
504.4200 	DATA 	Keypress: 5
504.4200 	DATA 	TR 324 | TR1 162 | TR2 162
505.9865 	DATA 	Keypress: 5
505.9866 	DATA 	TR 325 | TR1 163 | TR2 162
507.5363 	DATA 	Keypress: 5
507.5364 	DATA 	TR 326 | TR1 163 | TR2 163
509.1196 	DATA 	Keypress: 5
509.1196 	DATA 	TR 327 | TR1 164 | TR2 163
510.6694 	DATA 	Keypress: 5
510.6694 	DATA 	TR 328 | TR1 164 | TR2 164
512.2359 	DATA 	Keypress: 5
512.2360 	DATA 	TR 329 | TR1 165 | TR2 164
513.7858 	DATA 	Keypress: 5
513.7858 	DATA 	TR 330 | TR1 165 | TR2 165
515.3690 	DATA 	Keypress: 5
515.3690 	DATA 	TR 331 | TR1 166 | TR2 165
516.9188 	DATA 	Keypress: 5
516.9189 	DATA 	TR 332 | TR1 166 | TR2 166
518.4855 	DATA 	Keypress: 5
518.4855 	DATA 	TR 333 | TR1 167 | TR2 166
520.0352 	DATA 	Keypress: 5
520.0352 	DATA 	TR 334 | TR1 167 | TR2 167
521.6018 	DATA 	Keypress: 5
521.6019 	DATA 	TR 335 | TR1 168 | TR2 167
523.1516 	DATA 	Keypress: 5
523.1516 	DATA 	TR 336 | TR1 168 | TR2 168
524.7348 	DATA 	Keypress: 5
524.7348 	DATA 	TR 337 | TR1 169 | TR2 168
526.2846 	DATA 	Keypress: 5
526.2846 	DATA 	TR 338 | TR1 169 | TR2 169
526.8845 	DATA 	
526.8845 	DATA 	stimulation stopped
526.8845 	DATA 	
527.8511 	DATA 	Keypress: 5
527.8512 	DATA 	TR 339 | TR1 170 | TR2 169
529.4009 	DATA 	Keypress: 5
529.4010 	DATA 	TR 340 | TR1 170 | TR2 170
530.9842 	DATA 	Keypress: 5
530.9842 	DATA 	TR 341 | TR1 171 | TR2 170
532.5340 	DATA 	Keypress: 5
532.5340 	DATA 	TR 342 | TR1 171 | TR2 171
534.1005 	DATA 	Keypress: 5
534.1006 	DATA 	TR 343 | TR1 172 | TR2 171
535.6504 	DATA 	Keypress: 5
535.6504 	DATA 	TR 344 | TR1 172 | TR2 172
537.2175 	DATA 	Keypress: 5
537.2334 	DATA 	TR 345 | TR1 173 | TR2 172
538.7836 	DATA 	Keypress: 5
538.7836 	DATA 	TR 346 | TR1 173 | TR2 173
540.2166 	DATA 	Target presented
540.3500 	DATA 	Keypress: 5
540.3501 	DATA 	TR 347 | TR1 174 | TR2 173
541.0332 	DATA 	Keypress: 1
541.0333 	DATA 	Key1 pressed
541.0333 	DATA 	Target detected
541.8996 	DATA 	Keypress: 5
541.8996 	DATA 	TR 348 | TR1 174 | TR2 174
543.4663 	DATA 	Keypress: 5
543.4664 	DATA 	TR 349 | TR1 175 | TR2 174
545.0162 	DATA 	Keypress: 5
545.0162 	DATA 	TR 350 | TR1 175 | TR2 175
546.5994 	DATA 	Keypress: 5
546.5994 	DATA 	TR 351 | TR1 176 | TR2 175
548.1492 	DATA 	Keypress: 5
548.1493 	DATA 	TR 352 | TR1 176 | TR2 176
549.7158 	DATA 	Keypress: 5
549.7158 	DATA 	TR 353 | TR1 177 | TR2 176
550.8823 	DATA 	
550.8823 	DATA 	Trial complete
550.8823 	DATA 	
551.2656 	DATA 	Keypress: 5
551.2656 	DATA 	TR 354 | TR1 177 | TR2 177
552.8489 	DATA 	Keypress: 5
552.8490 	DATA 	Waited 50.26223587989807 seconds for trigger
552.8498 	DATA 	
552.8498 	DATA 	Trial 20
552.8498 	DATA 	stimDur = 24.0
552.8498 	DATA 	jitter = 0.78525
552.8498 	DATA 	restDur = 24.0

552.8498 	DATA 	
552.8498 	DATA 	TR 355 | TR1 178 | TR2 177
553.6487 	DATA 	
553.6487 	DATA 	stimulation started
553.6487 	DATA 	
554.3987 	DATA 	Keypress: 5
554.3987 	DATA 	TR 356 | TR1 178 | TR2 178
555.9652 	DATA 	Keypress: 5
555.9653 	DATA 	TR 357 | TR1 179 | TR2 178
557.5152 	DATA 	Keypress: 5
557.5152 	DATA 	TR 358 | TR1 179 | TR2 179
559.0816 	DATA 	Keypress: 5
559.0817 	DATA 	TR 359 | TR1 180 | TR2 179
560.6322 	DATA 	Keypress: 5
560.6481 	DATA 	TR 360 | TR1 180 | TR2 180
562.2147 	DATA 	Keypress: 5
562.2147 	DATA 	TR 361 | TR1 181 | TR2 180
563.7645 	DATA 	Keypress: 5
563.7645 	DATA 	TR 362 | TR1 181 | TR2 181
565.3310 	DATA 	Keypress: 5
565.3311 	DATA 	TR 363 | TR1 182 | TR2 181
566.8809 	DATA 	Keypress: 5
566.8809 	DATA 	TR 364 | TR1 182 | TR2 182
568.4641 	DATA 	Keypress: 5
568.4641 	DATA 	TR 365 | TR1 183 | TR2 182
570.0139 	DATA 	Keypress: 5
570.0139 	DATA 	TR 366 | TR1 183 | TR2 183
571.5805 	DATA 	Keypress: 5
571.5805 	DATA 	TR 367 | TR1 184 | TR2 183
573.1303 	DATA 	Keypress: 5
573.1303 	DATA 	TR 368 | TR1 184 | TR2 184
574.6969 	DATA 	Keypress: 5
574.6969 	DATA 	TR 369 | TR1 185 | TR2 184
576.2633 	DATA 	Keypress: 5
576.2634 	DATA 	TR 370 | TR1 185 | TR2 185
577.6465 	DATA 	
577.6465 	DATA 	stimulation stopped
577.6465 	DATA 	
577.8298 	DATA 	Keypress: 5
577.8299 	DATA 	TR 371 | TR1 186 | TR2 185
579.3796 	DATA 	Keypress: 5
579.3797 	DATA 	TR 372 | TR1 186 | TR2 186
580.9462 	DATA 	Keypress: 5
580.9463 	DATA 	TR 373 | TR1 187 | TR2 186
582.4961 	DATA 	Keypress: 5
582.4962 	DATA 	TR 374 | TR1 187 | TR2 187
583.0293 	DATA 	Target presented
583.5626 	DATA 	Keypress: 1
583.5627 	DATA 	Key1 pressed
583.5627 	DATA 	Target detected
584.0792 	DATA 	Keypress: 5
584.0793 	DATA 	TR 375 | TR1 188 | TR2 187
585.6291 	DATA 	Keypress: 5
585.6291 	DATA 	TR 376 | TR1 188 | TR2 188
587.1956 	DATA 	Keypress: 5
587.1957 	DATA 	TR 377 | TR1 189 | TR2 188
588.7455 	DATA 	Keypress: 5
588.7455 	DATA 	TR 378 | TR1 189 | TR2 189
590.3287 	DATA 	Keypress: 5
590.3287 	DATA 	TR 379 | TR1 190 | TR2 189
591.8785 	DATA 	Keypress: 5
591.8785 	DATA 	TR 380 | TR1 190 | TR2 190
593.4451 	DATA 	Keypress: 5
593.4451 	DATA 	TR 381 | TR1 191 | TR2 190
594.9949 	DATA 	Keypress: 5
594.9949 	DATA 	TR 382 | TR1 191 | TR2 191
596.5614 	DATA 	Keypress: 5
596.5615 	DATA 	TR 383 | TR1 192 | TR2 191
598.1279 	DATA 	Keypress: 5
598.1280 	DATA 	TR 384 | TR1 192 | TR2 192
599.6945 	DATA 	Keypress: 5
599.6945 	DATA 	TR 385 | TR1 193 | TR2 192
601.2443 	DATA 	Keypress: 5
601.2444 	DATA 	TR 386 | TR1 193 | TR2 193
601.6442 	DATA 	
601.6442 	DATA 	Trial complete
601.6443 	DATA 	
602.8109 	DATA 	Keypress: 5
602.8109 	DATA 	TR 387 | TR1 194 | TR2 193
604.3607 	DATA 	Keypress: 5
604.3608 	DATA 	TR 388 | TR1 194 | TR2 194
605.9439 	DATA 	Keypress: 5
605.9440 	DATA 	TR 389 | TR1 195 | TR2 194
607.4937 	DATA 	Keypress: 5
607.4938 	DATA 	TR 390 | TR1 195 | TR2 195
609.0603 	DATA 	Keypress: 5
609.0603 	DATA 	TR 391 | TR1 196 | TR2 195
610.6101 	DATA 	Keypress: 5
610.6102 	DATA 	TR 392 | TR1 196 | TR2 196
612.1773 	DATA 	Keypress: 5
612.1933 	DATA 	TR 393 | TR1 197 | TR2 196
613.7432 	DATA 	Keypress: 5
613.7432 	DATA 	TR 394 | TR1 197 | TR2 197
615.3097 	DATA 	Keypress: 5
615.3098 	DATA 	TR 395 | TR1 198 | TR2 197
616.8595 	DATA 	Keypress: 5
616.8596 	DATA 	TR 396 | TR1 198 | TR2 198
618.4259 	DATA 	Keypress: 5
618.4259 	DATA 	TR 397 | TR1 199 | TR2 198
619.9759 	DATA 	Keypress: 5
619.9760 	DATA 	TR 398 | TR1 199 | TR2 199
621.5591 	DATA 	Keypress: 5
621.5592 	DATA 	TR 399 | TR1 200 | TR2 199
623.1090 	DATA 	Keypress: 5
623.1090 	DATA 	TR 400 | TR1 200 | TR2 200
624.6755 	DATA 	Keypress: 5
624.6756 	DATA 	TR 401 | TR1 201 | TR2 200
626.2253 	DATA 	Keypress: 5
626.2254 	DATA 	TR 402 | TR1 201 | TR2 201
627.8085 	DATA 	Keypress: 5
627.8086 	DATA 	TR 403 | TR1 202 | TR2 201
629.3584 	DATA 	Keypress: 5
629.3584 	DATA 	TR 404 | TR1 202 | TR2 202
630.9251 	DATA 	Keypress: 5
630.9251 	DATA 	TR 405 | TR1 203 | TR2 202
632.4748 	DATA 	Keypress: 5
632.4748 	DATA 	TR 406 | TR1 203 | TR2 203
650.7230 	DATA 	EndOfRun sub-07_ses-01_run-02

650.7231 	DATA 	We spent 80.1579942703247 seconds waiting for triggers
650.7231 	DATA 	RatioOfDetectedTargets 0.8888888888888888
650.7231 	DATA 	You have detected 8 out of 9 targets.
655.7528 	EXP 	window1: mouseVisible = True
