MonitorDistance=99cm
MonitorWidth=30cm
PixelWidth=1024.0
PixelHeight=768.0
You have detected 9 out of 9 targets.
Excellent! Keep up the good work
7.2425 	INFO 	Loaded monitor calibration from ['2021_05_26 17:55']
7.7223 	EXP 	Created window1 = Window(allowGUI=False, allowStencil=False, autoLog=True, backendConf=UNKNOWN, bitsMode=UNKNOWN, blendMode='avg', bpc=(8, 8, 8), color=array([-0.5, -0.5, -0.5]), colorSpace='rgb', depthBits=8, fullscr=<method-wrapper '__getattribute__' of attributeSetter object at 0x7f3290930358>, gamma=None, gammaErrorPolicy='raise', lms=UNKNOWN, monitor=<psychopy.monitors.calibTools.Monitor object at 0x7f328674ef98>, multiSample=False, name='window1', numSamples=2, pos=[0.0, 0.0], screen=0, size=array([1024,  768]), stencilBits=0, stereo=False, units='deg', useFBO=False, useRetina=False, viewOri=0.0, viewPos=None, viewScale=None, waitBlanking=True, winType='pyglet')
7.7223 	EXP 	window1: mouseVisible = True
7.7956 	EXP 	Created unnamed TextStim = TextStim(__class__=<class 'psychopy.visual.text.TextStim'>, alignHoriz=method-wrapper(...), alignText='center', alignVert=method-wrapper(...), anchorHoriz='center', anchorVert='center', antialias=True, autoLog=True, bold=False, color=array([1., 1., 1.]), colorSpace='rgb', contrast=1.0, depth=0, flipHoriz=False, flipVert=False, font='', fontFiles=[], height=0.5, italic=False, languageStyle='LTR', name='unnamed TextStim', opacity=1.0, ori=0.0, pos=array([0., 0.]), rgb=UNKNOWN, text=str(...), units='deg', win=Window(...), wrapWidth=15.0)
7.8258 	EXP 	Created Movie Frame 0 = ImageStim(__class__=<class 'psychopy.visual.image.ImageStim'>, autoLog=True, color=array([0.8, 0.8, 0.8]), colorSpace='rgb', contrast=0.8, depth=0, flipHoriz=False, flipVert=False, image='visual_0.png', interpolate=False, mask=None, maskParams=None, name='Movie Frame 0', opacity=1, ori=0.0, pos=array([0., 0.]), size=array([1024,  768]), texRes=128, units='pix', win=Window(...))
7.8489 	EXP 	Created Movie Frame 1 = ImageStim(__class__=<class 'psychopy.visual.image.ImageStim'>, autoLog=True, color=array([0.8, 0.8, 0.8]), colorSpace='rgb', contrast=0.8, depth=0, flipHoriz=False, flipVert=False, image='visual_1.png', interpolate=False, mask=None, maskParams=None, name='Movie Frame 1', opacity=1, ori=0.0, pos=array([0., 0.]), size=array([1024,  768]), texRes=128, units='pix', win=Window(...))
122.0672 	DATA 	Keypress: 5
0.0000 	DATA 	StartOfRun sub-07_ses-01_run-04
0.0000 	DATA 	TR 1 | TR1 1 | TR2 0
0.0055 	DATA 	Initial baseline

1.5500 	DATA 	Keypress: 5
1.5500 	DATA 	TR 2 | TR1 1 | TR2 1
3.1221 	DATA 	Keypress: 5
3.1222 	DATA 	TR 3 | TR1 2 | TR2 1
4.6732 	DATA 	Keypress: 5
4.6733 	DATA 	TR 4 | TR1 2 | TR2 2
6.2455 	DATA 	Keypress: 5
6.2455 	DATA 	TR 5 | TR1 3 | TR2 2
7.7967 	DATA 	Keypress: 5
7.7967 	DATA 	TR 6 | TR1 3 | TR2 3
9.3688 	DATA 	Keypress: 5
9.3688 	DATA 	TR 7 | TR1 4 | TR2 3
10.9201 	DATA 	Keypress: 5
10.9201 	DATA 	TR 8 | TR1 4 | TR2 4
12.4923 	DATA 	Keypress: 5
12.4923 	DATA 	TR 9 | TR1 5 | TR2 4
14.0435 	DATA 	Keypress: 5
14.0435 	DATA 	TR 10 | TR1 5 | TR2 5
15.6157 	DATA 	Keypress: 5
15.6157 	DATA 	TR 11 | TR1 6 | TR2 5
17.1668 	DATA 	Keypress: 5
17.1669 	DATA 	TR 12 | TR1 6 | TR2 6
18.7390 	DATA 	Keypress: 5
18.7391 	DATA 	TR 13 | TR1 7 | TR2 6
20.2903 	DATA 	Keypress: 5
20.2903 	DATA 	TR 14 | TR1 7 | TR2 7
21.8624 	DATA 	Keypress: 5
21.8624 	DATA 	TR 15 | TR1 8 | TR2 7
23.4136 	DATA 	Keypress: 5
23.4136 	DATA 	TR 16 | TR1 8 | TR2 8
24.9857 	DATA 	Keypress: 5
24.9857 	DATA 	TR 17 | TR1 9 | TR2 8
26.5370 	DATA 	Keypress: 5
26.5371 	DATA 	TR 18 | TR1 9 | TR2 9
28.1090 	DATA 	Keypress: 5
28.1091 	DATA 	TR 19 | TR1 10 | TR2 9
29.6604 	DATA 	Keypress: 5
29.6604 	DATA 	TR 20 | TR1 10 | TR2 10
31.2367 	DATA 	Keypress: 5
31.2367 	DATA 	Waited 1.2367329597473145 seconds for trigger
31.2381 	DATA 	
31.2382 	DATA 	Trial 1
31.2382 	DATA 	stimDur = 1.0
31.2382 	DATA 	jitter = 0.0
31.2382 	DATA 	restDur = 12.0

31.2382 	DATA 	
31.2382 	DATA 	TR 21 | TR1 11 | TR2 10
31.2382 	DATA 	
31.2382 	DATA 	stimulation started
31.2382 	DATA 	
32.2531 	DATA 	
32.2531 	DATA 	stimulation stopped
32.2531 	DATA 	
32.7864 	DATA 	Keypress: 5
32.7865 	DATA 	TR 22 | TR1 11 | TR2 11
34.3695 	DATA 	Keypress: 5
34.3696 	DATA 	TR 23 | TR1 12 | TR2 11
35.9194 	DATA 	Keypress: 5
35.9195 	DATA 	TR 24 | TR1 12 | TR2 12
37.4859 	DATA 	Keypress: 5
37.4860 	DATA 	TR 25 | TR1 13 | TR2 12
39.0358 	DATA 	Keypress: 5
39.0359 	DATA 	TR 26 | TR1 13 | TR2 13
40.6029 	DATA 	Keypress: 5
40.6189 	DATA 	TR 27 | TR1 14 | TR2 13
42.1689 	DATA 	Keypress: 5
42.1689 	DATA 	TR 28 | TR1 14 | TR2 14
43.7353 	DATA 	Keypress: 5
43.7354 	DATA 	TR 29 | TR1 15 | TR2 14
44.2520 	DATA 	
44.2520 	DATA 	Trial complete
44.2520 	DATA 	Waiting for VASO trigger to start next trial
44.2520 	DATA 	
45.2852 	DATA 	Keypress: 5
45.2853 	DATA 	TR 30 | TR1 15 | TR2 15
46.8517 	DATA 	Keypress: 5
46.8518 	DATA 	Waited 2.5998029708862305 seconds for trigger
46.8534 	DATA 	
46.8534 	DATA 	Trial 2
46.8534 	DATA 	stimDur = 4.0
46.8534 	DATA 	jitter = 0.0
46.8534 	DATA 	restDur = 16.0

46.8534 	DATA 	
46.8534 	DATA 	TR 31 | TR1 16 | TR2 15
46.8534 	DATA 	
46.8534 	DATA 	stimulation started
46.8534 	DATA 	
48.4016 	DATA 	Keypress: 5
48.4017 	DATA 	TR 32 | TR1 16 | TR2 16
49.9849 	DATA 	Keypress: 5
49.9849 	DATA 	TR 33 | TR1 17 | TR2 16
50.8681 	DATA 	
50.8681 	DATA 	stimulation stopped
50.8681 	DATA 	
51.5346 	DATA 	Keypress: 5
51.5347 	DATA 	TR 34 | TR1 17 | TR2 17
53.1012 	DATA 	Keypress: 5
53.1013 	DATA 	TR 35 | TR1 18 | TR2 17
54.6510 	DATA 	Keypress: 5
54.6511 	DATA 	TR 36 | TR1 18 | TR2 18
56.2342 	DATA 	Keypress: 5
56.2343 	DATA 	TR 37 | TR1 19 | TR2 18
57.7840 	DATA 	Keypress: 5
57.7841 	DATA 	TR 38 | TR1 19 | TR2 19
59.3506 	DATA 	Keypress: 5
59.3506 	DATA 	TR 39 | TR1 20 | TR2 19
60.9006 	DATA 	Keypress: 5
60.9007 	DATA 	TR 40 | TR1 20 | TR2 20
62.4670 	DATA 	Keypress: 5
62.4670 	DATA 	TR 41 | TR1 21 | TR2 20
64.0335 	DATA 	Keypress: 5
64.0335 	DATA 	TR 42 | TR1 21 | TR2 21
65.6000 	DATA 	Keypress: 5
65.6001 	DATA 	TR 43 | TR1 22 | TR2 21
66.8665 	DATA 	
66.8665 	DATA 	Trial complete
66.8665 	DATA 	Waiting for VASO trigger to start next trial
66.8665 	DATA 	
67.1498 	DATA 	Keypress: 5
67.1499 	DATA 	TR 44 | TR1 22 | TR2 22
68.7164 	DATA 	Keypress: 5
68.7165 	DATA 	Waited 1.8499090671539307 seconds for trigger
68.7172 	DATA 	
68.7172 	DATA 	Trial 3
68.7172 	DATA 	stimDur = 4.0
68.7172 	DATA 	jitter = 0.78525
68.7172 	DATA 	restDur = 16.0

68.7172 	DATA 	
68.7172 	DATA 	TR 45 | TR1 23 | TR2 22
69.5163 	DATA 	
69.5163 	DATA 	stimulation started
69.5163 	DATA 	
70.2663 	DATA 	Keypress: 5
70.2663 	DATA 	TR 46 | TR1 23 | TR2 23
71.8495 	DATA 	Keypress: 5
71.8496 	DATA 	TR 47 | TR1 24 | TR2 23
73.3993 	DATA 	Keypress: 5
73.3994 	DATA 	TR 48 | TR1 24 | TR2 24
73.5160 	DATA 	
73.5160 	DATA 	stimulation stopped
73.5160 	DATA 	
74.9659 	DATA 	Keypress: 5
74.9659 	DATA 	TR 49 | TR1 25 | TR2 24
76.3324 	DATA 	Target presented
76.5157 	DATA 	Keypress: 5
76.5157 	DATA 	TR 50 | TR1 25 | TR2 25
76.8323 	DATA 	Keypress: 1
76.8324 	DATA 	Key1 pressed
76.8324 	DATA 	Target detected
78.0989 	DATA 	Keypress: 5
78.0989 	DATA 	TR 51 | TR1 26 | TR2 25
79.6487 	DATA 	Keypress: 5
79.6488 	DATA 	TR 52 | TR1 26 | TR2 26
81.2152 	DATA 	Keypress: 5
81.2153 	DATA 	TR 53 | TR1 27 | TR2 26
82.7651 	DATA 	Keypress: 5
82.7651 	DATA 	TR 54 | TR1 27 | TR2 27
84.3316 	DATA 	Keypress: 5
84.3317 	DATA 	TR 55 | TR1 28 | TR2 27
85.8820 	DATA 	Keypress: 5
85.8981 	DATA 	TR 56 | TR1 28 | TR2 28
87.4647 	DATA 	Keypress: 5
87.4647 	DATA 	TR 57 | TR1 29 | TR2 28
89.0145 	DATA 	Keypress: 5
89.0145 	DATA 	TR 58 | TR1 29 | TR2 29
89.5144 	DATA 	
89.5144 	DATA 	Trial complete
89.5144 	DATA 	Waiting for VASO trigger to start next trial
89.5144 	DATA 	
90.5810 	DATA 	Keypress: 5
90.5811 	DATA 	Waited 1.0666449069976807 seconds for trigger
90.5818 	DATA 	
90.5819 	DATA 	Trial 4
90.5819 	DATA 	stimDur = 2.0
90.5819 	DATA 	jitter = 0.0
90.5819 	DATA 	restDur = 14.0

90.5819 	DATA 	
90.5819 	DATA 	TR 59 | TR1 30 | TR2 29
90.5819 	DATA 	
90.5819 	DATA 	stimulation started
90.5819 	DATA 	
92.1309 	DATA 	Keypress: 5
92.1310 	DATA 	TR 60 | TR1 30 | TR2 30
92.5976 	DATA 	
92.5977 	DATA 	stimulation stopped
92.5977 	DATA 	
93.7141 	DATA 	Keypress: 5
93.7141 	DATA 	TR 61 | TR1 31 | TR2 30
95.2639 	DATA 	Keypress: 5
95.2640 	DATA 	TR 62 | TR1 31 | TR2 31
96.8305 	DATA 	Keypress: 5
96.8305 	DATA 	TR 63 | TR1 32 | TR2 31
98.3803 	DATA 	Keypress: 5
98.3804 	DATA 	TR 64 | TR1 32 | TR2 32
99.9468 	DATA 	Keypress: 5
99.9468 	DATA 	TR 65 | TR1 33 | TR2 32
101.5133 	DATA 	Keypress: 5
101.5134 	DATA 	TR 66 | TR1 33 | TR2 33
103.0799 	DATA 	Keypress: 5
103.0799 	DATA 	TR 67 | TR1 34 | TR2 33
104.6297 	DATA 	Keypress: 5
104.6298 	DATA 	TR 68 | TR1 34 | TR2 34
106.1963 	DATA 	Keypress: 5
106.1963 	DATA 	TR 69 | TR1 35 | TR2 34
106.5962 	DATA 	
106.5962 	DATA 	Trial complete
106.5962 	DATA 	Waiting for VASO trigger to start next trial
106.5962 	DATA 	
107.7462 	DATA 	Keypress: 5
107.7462 	DATA 	TR 70 | TR1 35 | TR2 35
109.3293 	DATA 	Keypress: 5
109.3294 	DATA 	Waited 2.7331340312957764 seconds for trigger
109.3301 	DATA 	
109.3301 	DATA 	Trial 5
109.3301 	DATA 	stimDur = 24.0
109.3301 	DATA 	jitter = 2.35575
109.3301 	DATA 	restDur = 24.0

109.3301 	DATA 	
109.3301 	DATA 	TR 71 | TR1 36 | TR2 35
110.8791 	DATA 	Keypress: 5
110.8792 	DATA 	TR 72 | TR1 36 | TR2 36
111.6957 	DATA 	
111.6957 	DATA 	stimulation started
111.6957 	DATA 	
112.4458 	DATA 	Keypress: 5
112.4458 	DATA 	TR 73 | TR1 37 | TR2 36
113.9956 	DATA 	Keypress: 5
113.9956 	DATA 	TR 74 | TR1 37 | TR2 37
115.5629 	DATA 	Keypress: 5
115.5787 	DATA 	TR 75 | TR1 38 | TR2 37
117.1287 	DATA 	Keypress: 5
117.1288 	DATA 	TR 76 | TR1 38 | TR2 38
118.6951 	DATA 	Keypress: 5
118.6952 	DATA 	TR 77 | TR1 39 | TR2 38
120.2450 	DATA 	Keypress: 5
120.2450 	DATA 	TR 78 | TR1 39 | TR2 39
121.8115 	DATA 	Keypress: 5
121.8116 	DATA 	TR 79 | TR1 40 | TR2 39
123.3614 	DATA 	Keypress: 5
123.3614 	DATA 	TR 80 | TR1 40 | TR2 40
124.9446 	DATA 	Keypress: 5
124.9446 	DATA 	TR 81 | TR1 41 | TR2 40
125.2286 	DATA 	Keypress: 1
125.2445 	DATA 	Key1 pressed
126.4945 	DATA 	Keypress: 5
126.4946 	DATA 	TR 82 | TR1 41 | TR2 41
128.0609 	DATA 	Keypress: 5
128.0610 	DATA 	TR 83 | TR1 42 | TR2 41
129.5775 	DATA 	Target presented
129.6108 	DATA 	Keypress: 5
129.6108 	DATA 	TR 84 | TR1 42 | TR2 42
130.1441 	DATA 	Keypress: 1
130.1441 	DATA 	Key1 pressed
130.1441 	DATA 	Target detected
131.1940 	DATA 	Keypress: 5
131.1940 	DATA 	TR 85 | TR1 43 | TR2 42
132.7438 	DATA 	Keypress: 5
132.7439 	DATA 	TR 86 | TR1 43 | TR2 43
134.3104 	DATA 	Keypress: 5
134.3104 	DATA 	TR 87 | TR1 44 | TR2 43
135.6935 	DATA 	
135.6935 	DATA 	stimulation stopped
135.6935 	DATA 	
135.8602 	DATA 	Keypress: 5
135.8602 	DATA 	TR 88 | TR1 44 | TR2 44
137.4268 	DATA 	Keypress: 5
137.4269 	DATA 	TR 89 | TR1 45 | TR2 44
138.9932 	DATA 	Keypress: 5
138.9932 	DATA 	TR 90 | TR1 45 | TR2 45
140.5597 	DATA 	Keypress: 5
140.5598 	DATA 	TR 91 | TR1 46 | TR2 45
142.1096 	DATA 	Keypress: 5
142.1097 	DATA 	TR 92 | TR1 46 | TR2 46
143.6761 	DATA 	Keypress: 5
143.6762 	DATA 	TR 93 | TR1 47 | TR2 46
145.2260 	DATA 	Keypress: 5
145.2260 	DATA 	TR 94 | TR1 47 | TR2 47
146.8092 	DATA 	Keypress: 5
146.8092 	DATA 	TR 95 | TR1 48 | TR2 47
148.3590 	DATA 	Keypress: 5
148.3590 	DATA 	TR 96 | TR1 48 | TR2 48
149.9255 	DATA 	Keypress: 5
149.9256 	DATA 	TR 97 | TR1 49 | TR2 48
151.4754 	DATA 	Keypress: 5
151.4754 	DATA 	TR 98 | TR1 49 | TR2 49
153.0586 	DATA 	Keypress: 5
153.0586 	DATA 	TR 99 | TR1 50 | TR2 49
154.6084 	DATA 	Keypress: 5
154.6084 	DATA 	TR 100 | TR1 50 | TR2 50
156.1750 	DATA 	Keypress: 5
156.1750 	DATA 	TR 101 | TR1 51 | TR2 50
157.7248 	DATA 	Keypress: 5
157.7248 	DATA 	TR 102 | TR1 51 | TR2 51
159.2913 	DATA 	Keypress: 5
159.2914 	DATA 	TR 103 | TR1 52 | TR2 51
159.6912 	DATA 	
159.6913 	DATA 	Trial complete
159.6913 	DATA 	Waiting for VASO trigger to start next trial
159.6913 	DATA 	
160.8414 	DATA 	Keypress: 5
160.8414 	DATA 	TR 104 | TR1 52 | TR2 52
162.4244 	DATA 	Keypress: 5
162.4245 	DATA 	Waited 2.733181953430176 seconds for trigger
162.4252 	DATA 	
162.4252 	DATA 	Trial 6
162.4252 	DATA 	stimDur = 4.0
162.4252 	DATA 	jitter = 2.35575
162.4253 	DATA 	restDur = 16.0

162.4253 	DATA 	
162.4253 	DATA 	TR 105 | TR1 53 | TR2 52
163.9742 	DATA 	Keypress: 5
163.9743 	DATA 	TR 106 | TR1 53 | TR2 53
164.7908 	DATA 	
164.7908 	DATA 	stimulation started
164.7908 	DATA 	
165.5408 	DATA 	Keypress: 5
165.5409 	DATA 	TR 107 | TR1 54 | TR2 53
167.0906 	DATA 	Keypress: 5
167.0907 	DATA 	TR 108 | TR1 54 | TR2 54
168.6738 	DATA 	Keypress: 5
168.6739 	DATA 	TR 109 | TR1 55 | TR2 54
168.7904 	DATA 	
168.7905 	DATA 	stimulation stopped
168.7905 	DATA 	
170.2236 	DATA 	Keypress: 5
170.2237 	DATA 	TR 110 | TR1 55 | TR2 55
171.7902 	DATA 	Keypress: 5
171.7902 	DATA 	TR 111 | TR1 56 | TR2 55
173.3400 	DATA 	Keypress: 5
173.3401 	DATA 	TR 112 | TR1 56 | TR2 56
174.9071 	DATA 	Keypress: 5
174.9232 	DATA 	TR 113 | TR1 57 | TR2 56
176.4732 	DATA 	Keypress: 5
176.4732 	DATA 	TR 114 | TR1 57 | TR2 57
178.0396 	DATA 	Keypress: 5
178.0396 	DATA 	TR 115 | TR1 58 | TR2 57
179.5894 	DATA 	Keypress: 5
179.5895 	DATA 	TR 116 | TR1 58 | TR2 58
181.1560 	DATA 	Keypress: 5
181.1560 	DATA 	TR 117 | TR1 59 | TR2 58
182.7058 	DATA 	Keypress: 5
182.7059 	DATA 	TR 118 | TR1 59 | TR2 59
184.2890 	DATA 	Keypress: 5
184.2891 	DATA 	TR 119 | TR1 60 | TR2 59
184.7889 	DATA 	
184.7889 	DATA 	Trial complete
184.7890 	DATA 	Waiting for VASO trigger to start next trial
184.7890 	DATA 	
185.8388 	DATA 	Keypress: 5
185.8389 	DATA 	TR 120 | TR1 60 | TR2 60
187.4054 	DATA 	Keypress: 5
187.4055 	DATA 	Waited 2.6165010929107666 seconds for trigger
187.4062 	DATA 	
187.4062 	DATA 	Trial 7
187.4062 	DATA 	stimDur = 1.0
187.4062 	DATA 	jitter = 0.78525
187.4062 	DATA 	restDur = 12.0

187.4062 	DATA 	
187.4063 	DATA 	TR 121 | TR1 61 | TR2 60
188.2053 	DATA 	
188.2053 	DATA 	stimulation started
188.2053 	DATA 	
188.9553 	DATA 	Keypress: 5
188.9553 	DATA 	TR 122 | TR1 61 | TR2 61
189.2054 	DATA 	
189.2054 	DATA 	stimulation stopped
189.2054 	DATA 	
190.5385 	DATA 	Keypress: 5
190.5385 	DATA 	TR 123 | TR1 62 | TR2 61
192.0883 	DATA 	Keypress: 5
192.0883 	DATA 	TR 124 | TR1 62 | TR2 62
193.6548 	DATA 	Keypress: 5
193.6549 	DATA 	TR 125 | TR1 63 | TR2 62
195.2047 	DATA 	Keypress: 5
195.2047 	DATA 	TR 126 | TR1 63 | TR2 63
196.7713 	DATA 	Keypress: 5
196.7713 	DATA 	TR 127 | TR1 64 | TR2 63
198.3377 	DATA 	Keypress: 5
198.3377 	DATA 	TR 128 | TR1 64 | TR2 64
199.9043 	DATA 	Keypress: 5
199.9043 	DATA 	TR 129 | TR1 65 | TR2 64
201.2041 	DATA 	
201.2041 	DATA 	Trial complete
201.2041 	DATA 	Waiting for VASO trigger to start next trial
201.2041 	DATA 	
201.4541 	DATA 	Keypress: 5
201.4541 	DATA 	TR 130 | TR1 65 | TR2 65
201.4542 	DATA 	Target presented
201.8541 	DATA 	Keypress: 1
201.8541 	DATA 	Key1 pressed
201.8541 	DATA 	Target detected
203.0206 	DATA 	Keypress: 5
203.0207 	DATA 	Waited 1.8165571689605713 seconds for trigger
203.0214 	DATA 	
203.0214 	DATA 	Trial 8
203.0214 	DATA 	stimDur = 1.0
203.0214 	DATA 	jitter = 2.35575
203.0215 	DATA 	restDur = 12.0

203.0215 	DATA 	
203.0215 	DATA 	TR 131 | TR1 66 | TR2 65
204.5704 	DATA 	Keypress: 5
204.5705 	DATA 	TR 132 | TR1 66 | TR2 66
205.3870 	DATA 	
205.3870 	DATA 	stimulation started
205.3870 	DATA 	
206.1537 	DATA 	Keypress: 5
206.1538 	DATA 	TR 133 | TR1 67 | TR2 66
206.3870 	DATA 	
206.3870 	DATA 	stimulation stopped
206.3870 	DATA 	
207.7035 	DATA 	Keypress: 5
207.7036 	DATA 	TR 134 | TR1 67 | TR2 67
209.2700 	DATA 	Keypress: 5
209.2701 	DATA 	TR 135 | TR1 68 | TR2 67
210.8199 	DATA 	Keypress: 5
210.8200 	DATA 	TR 136 | TR1 68 | TR2 68
212.3870 	DATA 	Keypress: 5
212.4030 	DATA 	TR 137 | TR1 69 | TR2 68
213.9532 	DATA 	Keypress: 5
213.9532 	DATA 	TR 138 | TR1 69 | TR2 69
215.5194 	DATA 	Keypress: 5
215.5195 	DATA 	TR 139 | TR1 70 | TR2 69
217.0693 	DATA 	Keypress: 5
217.0694 	DATA 	TR 140 | TR1 70 | TR2 70
218.3858 	DATA 	
218.3858 	DATA 	Trial complete
218.3859 	DATA 	Waiting for VASO trigger to start next trial
218.3859 	DATA 	
218.6358 	DATA 	Keypress: 5
218.6359 	DATA 	Waited 0.25002002716064453 seconds for trigger
218.6366 	DATA 	
218.6366 	DATA 	Trial 9
218.6367 	DATA 	stimDur = 12.0
218.6367 	DATA 	jitter = 0.78525
218.6367 	DATA 	restDur = 20.0

218.6367 	DATA 	
218.6367 	DATA 	TR 141 | TR1 71 | TR2 70
219.4357 	DATA 	
219.4357 	DATA 	stimulation started
219.4357 	DATA 	
220.1859 	DATA 	Keypress: 5
220.1859 	DATA 	TR 142 | TR1 71 | TR2 71
221.7689 	DATA 	Keypress: 5
221.7690 	DATA 	TR 143 | TR1 72 | TR2 71
223.3188 	DATA 	Keypress: 5
223.3188 	DATA 	TR 144 | TR1 72 | TR2 72
224.8853 	DATA 	Keypress: 5
224.8853 	DATA 	TR 145 | TR1 73 | TR2 72
226.4352 	DATA 	Keypress: 5
226.4353 	DATA 	TR 146 | TR1 73 | TR2 73
228.0183 	DATA 	Keypress: 5
228.0184 	DATA 	TR 147 | TR1 74 | TR2 73
229.5682 	DATA 	Keypress: 5
229.5683 	DATA 	TR 148 | TR1 74 | TR2 74
231.1347 	DATA 	Keypress: 5
231.1348 	DATA 	TR 149 | TR1 75 | TR2 74
231.4347 	DATA 	
231.4347 	DATA 	stimulation stopped
231.4347 	DATA 	
232.6847 	DATA 	Keypress: 5
232.6848 	DATA 	TR 150 | TR1 75 | TR2 75
234.2510 	DATA 	Keypress: 5
234.2511 	DATA 	TR 151 | TR1 76 | TR2 75
235.8176 	DATA 	Keypress: 5
235.8177 	DATA 	TR 152 | TR1 76 | TR2 76
237.3841 	DATA 	Keypress: 5
237.3841 	DATA 	TR 153 | TR1 77 | TR2 76
238.9340 	DATA 	Keypress: 5
238.9340 	DATA 	TR 154 | TR1 77 | TR2 77
240.5005 	DATA 	Keypress: 5
240.5006 	DATA 	TR 155 | TR1 78 | TR2 77
242.0503 	DATA 	Keypress: 5
242.0504 	DATA 	TR 156 | TR1 78 | TR2 78
243.6335 	DATA 	Keypress: 5
243.6336 	DATA 	TR 157 | TR1 79 | TR2 78
245.1834 	DATA 	Keypress: 5
245.1834 	DATA 	TR 158 | TR1 79 | TR2 79
246.7500 	DATA 	Keypress: 5
246.7500 	DATA 	TR 159 | TR1 80 | TR2 79
248.2998 	DATA 	Keypress: 5
248.2998 	DATA 	TR 160 | TR1 80 | TR2 80
249.8831 	DATA 	Keypress: 5
249.8831 	DATA 	TR 161 | TR1 81 | TR2 80
251.4328 	DATA 	Keypress: 5
251.4328 	DATA 	TR 162 | TR1 81 | TR2 81
251.4328 	DATA 	
251.4329 	DATA 	Trial complete
251.4329 	DATA 	Waiting for VASO trigger to start next trial
251.4329 	DATA 	
252.9993 	DATA 	Keypress: 5
252.9994 	DATA 	Waited 1.5664920806884766 seconds for trigger
253.0001 	DATA 	
253.0002 	DATA 	Trial 10
253.0002 	DATA 	stimDur = 12.0
253.0002 	DATA 	jitter = 2.35575
253.0002 	DATA 	restDur = 20.0

253.0002 	DATA 	
253.0002 	DATA 	TR 163 | TR1 82 | TR2 81
254.5492 	DATA 	Keypress: 5
254.5493 	DATA 	TR 164 | TR1 82 | TR2 82
255.3657 	DATA 	
255.3657 	DATA 	stimulation started
255.3657 	DATA 	
256.1157 	DATA 	Keypress: 5
256.1158 	DATA 	TR 165 | TR1 83 | TR2 82
257.6657 	DATA 	Keypress: 5
257.6657 	DATA 	TR 166 | TR1 83 | TR2 83
259.2488 	DATA 	Keypress: 5
259.2488 	DATA 	TR 167 | TR1 84 | TR2 83
260.7987 	DATA 	Keypress: 5
260.7987 	DATA 	TR 168 | TR1 84 | TR2 84
262.3651 	DATA 	Keypress: 5
262.3652 	DATA 	TR 169 | TR1 85 | TR2 84
263.9150 	DATA 	Keypress: 5
263.9151 	DATA 	TR 170 | TR1 85 | TR2 85
265.4982 	DATA 	Keypress: 5
265.4982 	DATA 	TR 171 | TR1 86 | TR2 85
267.0481 	DATA 	Keypress: 5
267.0481 	DATA 	TR 172 | TR1 86 | TR2 86
267.2481 	DATA 	Target presented
267.3647 	DATA 	
267.3647 	DATA 	stimulation stopped
267.3647 	DATA 	
267.7146 	DATA 	Keypress: 1
267.7147 	DATA 	Key1 pressed
267.7147 	DATA 	Target detected
268.6145 	DATA 	Keypress: 5
268.6146 	DATA 	TR 173 | TR1 87 | TR2 86
270.1644 	DATA 	Keypress: 5
270.1645 	DATA 	TR 174 | TR1 87 | TR2 87
271.7311 	DATA 	Keypress: 5
271.7312 	DATA 	TR 175 | TR1 88 | TR2 87
273.2975 	DATA 	Keypress: 5
273.2975 	DATA 	TR 176 | TR1 88 | TR2 88
274.8640 	DATA 	Keypress: 5
274.8640 	DATA 	TR 177 | TR1 89 | TR2 88
276.4138 	DATA 	Keypress: 5
276.4139 	DATA 	TR 178 | TR1 89 | TR2 89
277.9803 	DATA 	Keypress: 5
277.9804 	DATA 	TR 179 | TR1 90 | TR2 89
279.5302 	DATA 	Keypress: 5
279.5302 	DATA 	TR 180 | TR1 90 | TR2 90
281.1134 	DATA 	Keypress: 5
281.1135 	DATA 	TR 181 | TR1 91 | TR2 90
282.6633 	DATA 	Keypress: 5
282.6633 	DATA 	TR 182 | TR1 91 | TR2 91
284.2297 	DATA 	Keypress: 5
284.2298 	DATA 	TR 183 | TR1 92 | TR2 91
285.7796 	DATA 	Keypress: 5
285.7797 	DATA 	TR 184 | TR1 92 | TR2 92
287.3628 	DATA 	Keypress: 5
287.3628 	DATA 	TR 185 | TR1 93 | TR2 92
287.3629 	DATA 	
287.3629 	DATA 	Trial complete
287.3629 	DATA 	Waiting for VASO trigger to start next trial
287.3629 	DATA 	
288.9127 	DATA 	Keypress: 5
288.9127 	DATA 	TR 186 | TR1 93 | TR2 93
290.4792 	DATA 	Keypress: 5
290.4792 	DATA 	Waited 3.116345167160034 seconds for trigger
290.4800 	DATA 	
290.4800 	DATA 	Trial 11
290.4800 	DATA 	stimDur = 12.0
290.4800 	DATA 	jitter = 1.5705
290.4800 	DATA 	restDur = 20.0

290.4800 	DATA 	
290.4801 	DATA 	TR 187 | TR1 94 | TR2 93
292.0291 	DATA 	Keypress: 5
292.0291 	DATA 	TR 188 | TR1 94 | TR2 94
292.0623 	DATA 	
292.0624 	DATA 	stimulation started
292.0624 	DATA 	
293.5956 	DATA 	Keypress: 5
293.5956 	DATA 	TR 189 | TR1 95 | TR2 94
295.1462 	DATA 	Keypress: 5
295.1620 	DATA 	TR 190 | TR1 95 | TR2 95
296.7287 	DATA 	Keypress: 5
296.7287 	DATA 	TR 191 | TR1 96 | TR2 95
298.2785 	DATA 	Keypress: 5
298.2786 	DATA 	TR 192 | TR1 96 | TR2 96
299.8451 	DATA 	Keypress: 5
299.8451 	DATA 	TR 193 | TR1 97 | TR2 96
301.3949 	DATA 	Keypress: 5
301.3950 	DATA 	TR 194 | TR1 97 | TR2 97
302.9781 	DATA 	Keypress: 5
302.9781 	DATA 	TR 195 | TR1 98 | TR2 97
304.0613 	DATA 	
304.0613 	DATA 	stimulation stopped
304.0613 	DATA 	
304.5279 	DATA 	Keypress: 5
304.5280 	DATA 	TR 196 | TR1 98 | TR2 98
306.0944 	DATA 	Keypress: 5
306.0945 	DATA 	TR 197 | TR1 99 | TR2 98
307.6443 	DATA 	Keypress: 5
307.6444 	DATA 	TR 198 | TR1 99 | TR2 99
309.2275 	DATA 	Keypress: 5
309.2275 	DATA 	TR 199 | TR1 100 | TR2 99
310.7774 	DATA 	Keypress: 5
310.7774 	DATA 	TR 200 | TR1 100 | TR2 100
312.3439 	DATA 	Keypress: 5
312.3439 	DATA 	TR 201 | TR1 101 | TR2 100
313.8939 	DATA 	Keypress: 5
313.8939 	DATA 	TR 202 | TR1 101 | TR2 101
315.4602 	DATA 	Keypress: 5
315.4602 	DATA 	TR 203 | TR1 102 | TR2 101
317.0101 	DATA 	Keypress: 5
317.0101 	DATA 	TR 204 | TR1 102 | TR2 102
318.5933 	DATA 	Keypress: 5
318.5933 	DATA 	TR 205 | TR1 103 | TR2 102
320.1433 	DATA 	Keypress: 5
320.1433 	DATA 	TR 206 | TR1 103 | TR2 103
321.7098 	DATA 	Keypress: 5
321.7099 	DATA 	TR 207 | TR1 104 | TR2 103
323.2595 	DATA 	Keypress: 5
323.2596 	DATA 	TR 208 | TR1 104 | TR2 104
324.0594 	DATA 	
324.0594 	DATA 	Trial complete
324.0594 	DATA 	Waiting for VASO trigger to start next trial
324.0594 	DATA 	
324.8427 	DATA 	Keypress: 5
324.8428 	DATA 	Waited 0.7833230495452881 seconds for trigger
324.8435 	DATA 	
324.8435 	DATA 	Trial 12
324.8436 	DATA 	stimDur = 1.0
324.8436 	DATA 	jitter = 1.5705
324.8436 	DATA 	restDur = 12.0

324.8436 	DATA 	
324.8436 	DATA 	TR 209 | TR1 105 | TR2 104
326.3926 	DATA 	Keypress: 5
326.3926 	DATA 	TR 210 | TR1 105 | TR2 105
326.4259 	DATA 	
326.4259 	DATA 	stimulation started
326.4259 	DATA 	
327.4258 	DATA 	
327.4258 	DATA 	stimulation stopped
327.4258 	DATA 	
327.9591 	DATA 	Keypress: 5
327.9591 	DATA 	TR 211 | TR1 106 | TR2 105
329.5090 	DATA 	Keypress: 5
329.5090 	DATA 	TR 212 | TR1 106 | TR2 106
331.0755 	DATA 	Keypress: 5
331.0755 	DATA 	TR 213 | TR1 107 | TR2 106
332.6420 	DATA 	Keypress: 5
332.6421 	DATA 	TR 214 | TR1 107 | TR2 107
334.2087 	DATA 	Keypress: 5
334.2087 	DATA 	TR 215 | TR1 108 | TR2 107
335.7584 	DATA 	Keypress: 5
335.7584 	DATA 	TR 216 | TR1 108 | TR2 108
337.3249 	DATA 	Keypress: 5
337.3250 	DATA 	TR 217 | TR1 109 | TR2 108
338.5581 	DATA 	Target presented
338.8748 	DATA 	Keypress: 5
338.8748 	DATA 	TR 218 | TR1 109 | TR2 109
339.0914 	DATA 	Keypress: 1
339.0914 	DATA 	Key1 pressed
339.0915 	DATA 	Target detected
339.4247 	DATA 	
339.4247 	DATA 	Trial complete
339.4247 	DATA 	Waiting for VASO trigger to start next trial
339.4247 	DATA 	
340.4581 	DATA 	Keypress: 5
340.4581 	DATA 	Waited 1.0334229469299316 seconds for trigger
340.4589 	DATA 	
340.4589 	DATA 	Trial 13
340.4589 	DATA 	stimDur = 2.0
340.4589 	DATA 	jitter = 2.35575
340.4589 	DATA 	restDur = 14.0

340.4589 	DATA 	
340.4589 	DATA 	TR 219 | TR1 110 | TR2 109
342.0079 	DATA 	Keypress: 5
342.0079 	DATA 	TR 220 | TR1 110 | TR2 110
342.8244 	DATA 	
342.8244 	DATA 	stimulation started
342.8244 	DATA 	
343.5744 	DATA 	Keypress: 5
343.5744 	DATA 	TR 221 | TR1 111 | TR2 110
344.8242 	DATA 	
344.8242 	DATA 	stimulation stopped
344.8243 	DATA 	
345.1242 	DATA 	Keypress: 5
345.1243 	DATA 	TR 222 | TR1 111 | TR2 111
346.6913 	DATA 	Keypress: 5
346.7073 	DATA 	TR 223 | TR1 112 | TR2 111
348.2573 	DATA 	Keypress: 5
348.2573 	DATA 	TR 224 | TR1 112 | TR2 112
349.8238 	DATA 	Keypress: 5
349.8238 	DATA 	TR 225 | TR1 113 | TR2 112
351.3738 	DATA 	Keypress: 5
351.3738 	DATA 	TR 226 | TR1 113 | TR2 113
352.9401 	DATA 	Keypress: 5
352.9402 	DATA 	TR 227 | TR1 114 | TR2 113
354.4906 	DATA 	Keypress: 5
354.5066 	DATA 	TR 228 | TR1 114 | TR2 114
356.0732 	DATA 	Keypress: 5
356.0732 	DATA 	TR 229 | TR1 115 | TR2 114
357.6231 	DATA 	Keypress: 5
357.6231 	DATA 	TR 230 | TR1 115 | TR2 115
358.8229 	DATA 	
358.8229 	DATA 	Trial complete
358.8229 	DATA 	Waiting for VASO trigger to start next trial
358.8229 	DATA 	
359.1895 	DATA 	Keypress: 5
359.1896 	DATA 	Waited 0.36666107177734375 seconds for trigger
359.1904 	DATA 	
359.1904 	DATA 	Trial 14
359.1904 	DATA 	stimDur = 24.0
359.1904 	DATA 	jitter = 1.5705
359.1904 	DATA 	restDur = 24.0

359.1904 	DATA 	
359.1904 	DATA 	TR 231 | TR1 116 | TR2 115
360.7395 	DATA 	Keypress: 5
360.7395 	DATA 	TR 232 | TR1 116 | TR2 116
360.7727 	DATA 	
360.7727 	DATA 	stimulation started
360.7727 	DATA 	
362.3226 	DATA 	Keypress: 5
362.3227 	DATA 	TR 233 | TR1 117 | TR2 116
363.8726 	DATA 	Keypress: 5
363.8726 	DATA 	TR 234 | TR1 117 | TR2 117
365.4390 	DATA 	Keypress: 5
365.4391 	DATA 	TR 235 | TR1 118 | TR2 117
366.9889 	DATA 	Keypress: 5
366.9890 	DATA 	TR 236 | TR1 118 | TR2 118
368.5555 	DATA 	Keypress: 5
368.5555 	DATA 	TR 237 | TR1 119 | TR2 118
370.1220 	DATA 	Keypress: 5
370.1220 	DATA 	TR 238 | TR1 119 | TR2 119
371.6884 	DATA 	Keypress: 5
371.6885 	DATA 	TR 239 | TR1 120 | TR2 119
373.2384 	DATA 	Keypress: 5
373.2384 	DATA 	TR 240 | TR1 120 | TR2 120
374.8049 	DATA 	Keypress: 5
374.8049 	DATA 	TR 241 | TR1 121 | TR2 120
376.3547 	DATA 	Keypress: 5
376.3547 	DATA 	TR 242 | TR1 121 | TR2 121
377.9380 	DATA 	Keypress: 5
377.9381 	DATA 	TR 243 | TR1 122 | TR2 121
379.4880 	DATA 	Keypress: 5
379.4880 	DATA 	TR 244 | TR1 122 | TR2 122
381.0543 	DATA 	Keypress: 5
381.0543 	DATA 	TR 245 | TR1 123 | TR2 122
382.6042 	DATA 	Keypress: 5
382.6042 	DATA 	TR 246 | TR1 123 | TR2 123
384.1873 	DATA 	Keypress: 5
384.1874 	DATA 	TR 247 | TR1 124 | TR2 123
384.7706 	DATA 	
384.7706 	DATA 	stimulation stopped
384.7706 	DATA 	
385.7372 	DATA 	Keypress: 5
385.7372 	DATA 	TR 248 | TR1 124 | TR2 124
387.3036 	DATA 	Keypress: 5
387.3037 	DATA 	TR 249 | TR1 125 | TR2 124
388.8535 	DATA 	Keypress: 5
388.8536 	DATA 	TR 250 | TR1 125 | TR2 125
390.4201 	DATA 	Keypress: 5
390.4202 	DATA 	TR 251 | TR1 126 | TR2 125
391.9699 	DATA 	Keypress: 5
391.9700 	DATA 	TR 252 | TR1 126 | TR2 126
393.5531 	DATA 	Keypress: 5
393.5531 	DATA 	TR 253 | TR1 127 | TR2 126
395.1030 	DATA 	Keypress: 5
395.1030 	DATA 	TR 254 | TR1 127 | TR2 127
396.6695 	DATA 	Keypress: 5
396.6695 	DATA 	TR 255 | TR1 128 | TR2 127
398.2193 	DATA 	Keypress: 5
398.2194 	DATA 	TR 256 | TR1 128 | TR2 128
399.8025 	DATA 	Keypress: 5
399.8026 	DATA 	TR 257 | TR1 129 | TR2 128
401.3524 	DATA 	Keypress: 5
401.3524 	DATA 	TR 258 | TR1 129 | TR2 129
402.6689 	DATA 	Target presented
402.9189 	DATA 	Keypress: 5
402.9189 	DATA 	TR 259 | TR1 130 | TR2 129
403.2022 	DATA 	Keypress: 1
403.2023 	DATA 	Key1 pressed
403.2023 	DATA 	Target detected
404.4688 	DATA 	Keypress: 5
404.4688 	DATA 	TR 260 | TR1 130 | TR2 130
406.0358 	DATA 	Keypress: 5
406.0519 	DATA 	TR 261 | TR1 131 | TR2 130
407.6018 	DATA 	Keypress: 5
407.6018 	DATA 	TR 262 | TR1 131 | TR2 131
408.7683 	DATA 	
408.7683 	DATA 	Trial complete
408.7684 	DATA 	Waiting for VASO trigger to start next trial
408.7684 	DATA 	
409.1683 	DATA 	Keypress: 5
409.1684 	DATA 	Waited 0.4000129699707031 seconds for trigger
409.1692 	DATA 	
409.1692 	DATA 	Trial 15
409.1692 	DATA 	stimDur = 2.0
409.1692 	DATA 	jitter = 0.78525
409.1692 	DATA 	restDur = 14.0

409.1692 	DATA 	
409.1692 	DATA 	TR 263 | TR1 132 | TR2 131
409.9682 	DATA 	
409.9682 	DATA 	stimulation started
409.9682 	DATA 	
410.7183 	DATA 	Keypress: 5
410.7183 	DATA 	TR 264 | TR1 132 | TR2 132
411.9681 	DATA 	
411.9681 	DATA 	stimulation stopped
411.9681 	DATA 	
412.2847 	DATA 	Keypress: 5
412.2848 	DATA 	TR 265 | TR1 133 | TR2 132
413.8345 	DATA 	Keypress: 5
413.8346 	DATA 	TR 266 | TR1 133 | TR2 133
415.4180 	DATA 	Keypress: 5
415.4180 	DATA 	TR 267 | TR1 134 | TR2 133
416.9676 	DATA 	Keypress: 5
416.9676 	DATA 	TR 268 | TR1 134 | TR2 134
418.5341 	DATA 	Keypress: 5
418.5343 	DATA 	TR 269 | TR1 135 | TR2 134
420.0840 	DATA 	Keypress: 5
420.0840 	DATA 	TR 270 | TR1 135 | TR2 135
421.6673 	DATA 	Keypress: 5
421.6673 	DATA 	TR 271 | TR1 136 | TR2 135
423.2170 	DATA 	Keypress: 5
423.2171 	DATA 	TR 272 | TR1 136 | TR2 136
424.7835 	DATA 	Keypress: 5
424.7837 	DATA 	TR 273 | TR1 137 | TR2 136
425.9667 	DATA 	
425.9667 	DATA 	Trial complete
425.9668 	DATA 	Waiting for VASO trigger to start next trial
425.9668 	DATA 	
426.3334 	DATA 	Keypress: 5
426.3334 	DATA 	TR 274 | TR1 137 | TR2 137
427.8999 	DATA 	Keypress: 5
427.8999 	DATA 	Waited 1.9331560134887695 seconds for trigger
427.9007 	DATA 	
427.9007 	DATA 	Trial 16
427.9007 	DATA 	stimDur = 2.0
427.9007 	DATA 	jitter = 1.5705
427.9007 	DATA 	restDur = 14.0

427.9007 	DATA 	
427.9007 	DATA 	TR 275 | TR1 138 | TR2 137
429.4505 	DATA 	Keypress: 5
429.4664 	DATA 	TR 276 | TR1 138 | TR2 138
429.4831 	DATA 	
429.4831 	DATA 	stimulation started
429.4831 	DATA 	
431.0330 	DATA 	Keypress: 5
431.0331 	DATA 	TR 277 | TR1 139 | TR2 138
431.4829 	DATA 	
431.4829 	DATA 	stimulation stopped
431.4829 	DATA 	
432.5828 	DATA 	Keypress: 5
432.5829 	DATA 	TR 278 | TR1 139 | TR2 139
434.1494 	DATA 	Keypress: 5
434.1494 	DATA 	TR 279 | TR1 140 | TR2 139
435.6992 	DATA 	Keypress: 5
435.6992 	DATA 	TR 280 | TR1 140 | TR2 140
437.2824 	DATA 	Keypress: 5
437.2825 	DATA 	TR 281 | TR1 141 | TR2 140
438.8322 	DATA 	Keypress: 5
438.8323 	DATA 	TR 282 | TR1 141 | TR2 141
440.3988 	DATA 	Keypress: 5
440.3988 	DATA 	TR 283 | TR1 142 | TR2 141
441.9488 	DATA 	Keypress: 5
441.9488 	DATA 	TR 284 | TR1 142 | TR2 142
443.5318 	DATA 	Keypress: 5
443.5319 	DATA 	TR 285 | TR1 143 | TR2 142
445.0817 	DATA 	Keypress: 5
445.0817 	DATA 	TR 286 | TR1 143 | TR2 143
445.4816 	DATA 	
445.4816 	DATA 	Trial complete
445.4816 	DATA 	Waiting for VASO trigger to start next trial
445.4816 	DATA 	
446.6482 	DATA 	Keypress: 5
446.6483 	DATA 	Waited 1.1666598320007324 seconds for trigger
446.6491 	DATA 	
446.6491 	DATA 	Trial 17
446.6491 	DATA 	stimDur = 12.0
446.6491 	DATA 	jitter = 0.0
446.6491 	DATA 	restDur = 20.0

446.6491 	DATA 	
446.6491 	DATA 	TR 287 | TR1 144 | TR2 143
446.6491 	DATA 	
446.6491 	DATA 	stimulation started
446.6491 	DATA 	
448.1981 	DATA 	Keypress: 5
448.1982 	DATA 	TR 288 | TR1 144 | TR2 144
449.7646 	DATA 	Keypress: 5
449.7647 	DATA 	TR 289 | TR1 145 | TR2 144
451.3145 	DATA 	Keypress: 5
451.3146 	DATA 	TR 290 | TR1 145 | TR2 145
452.8977 	DATA 	Keypress: 5
452.8978 	DATA 	TR 291 | TR1 146 | TR2 145
454.4475 	DATA 	Keypress: 5
454.4476 	DATA 	TR 292 | TR1 146 | TR2 146
456.0142 	DATA 	Keypress: 5
456.0143 	DATA 	TR 293 | TR1 147 | TR2 146
457.5639 	DATA 	Keypress: 5
457.5640 	DATA 	TR 294 | TR1 147 | TR2 147
458.6638 	DATA 	Target presented
458.6639 	DATA 	
458.6639 	DATA 	stimulation stopped
458.6639 	DATA 	
459.1471 	DATA 	Keypress: 5
459.1471 	DATA 	TR 295 | TR1 148 | TR2 147
459.2804 	DATA 	Keypress: 1
459.2804 	DATA 	Key1 pressed
459.2804 	DATA 	Target detected
460.6969 	DATA 	Keypress: 5
460.6970 	DATA 	TR 296 | TR1 148 | TR2 148
462.2636 	DATA 	Keypress: 5
462.2636 	DATA 	TR 297 | TR1 149 | TR2 148
463.8133 	DATA 	Keypress: 5
463.8133 	DATA 	TR 298 | TR1 149 | TR2 149
465.3799 	DATA 	Keypress: 5
465.3799 	DATA 	TR 299 | TR1 150 | TR2 149
466.9463 	DATA 	Keypress: 5
466.9464 	DATA 	TR 300 | TR1 150 | TR2 150
468.5129 	DATA 	Keypress: 5
468.5129 	DATA 	TR 301 | TR1 151 | TR2 150
470.0627 	DATA 	Keypress: 5
470.0628 	DATA 	TR 302 | TR1 151 | TR2 151
471.6293 	DATA 	Keypress: 5
471.6293 	DATA 	TR 303 | TR1 152 | TR2 151
473.1791 	DATA 	Keypress: 5
473.1791 	DATA 	TR 304 | TR1 152 | TR2 152
474.7623 	DATA 	Keypress: 5
474.7624 	DATA 	TR 305 | TR1 153 | TR2 152
476.3122 	DATA 	Keypress: 5
476.3122 	DATA 	TR 306 | TR1 153 | TR2 153
477.8787 	DATA 	Keypress: 5
477.8787 	DATA 	TR 307 | TR1 154 | TR2 153
478.6619 	DATA 	
478.6619 	DATA 	Trial complete
478.6619 	DATA 	Waiting for VASO trigger to start next trial
478.6619 	DATA 	
479.4287 	DATA 	Keypress: 5
479.4287 	DATA 	TR 308 | TR1 154 | TR2 154
481.0117 	DATA 	Keypress: 5
481.0118 	DATA 	Waited 2.3498599529266357 seconds for trigger
481.0126 	DATA 	
481.0126 	DATA 	Trial 18
481.0126 	DATA 	stimDur = 4.0
481.0126 	DATA 	jitter = 1.5705
481.0126 	DATA 	restDur = 16.0

481.0126 	DATA 	
481.0126 	DATA 	TR 309 | TR1 155 | TR2 154
482.5616 	DATA 	Keypress: 5
482.5617 	DATA 	TR 310 | TR1 155 | TR2 155
482.5950 	DATA 	
482.5950 	DATA 	stimulation started
482.5950 	DATA 	
484.1282 	DATA 	Keypress: 5
484.1282 	DATA 	TR 311 | TR1 156 | TR2 155
485.6780 	DATA 	Keypress: 5
485.6781 	DATA 	TR 312 | TR1 156 | TR2 156
486.5946 	DATA 	
486.5946 	DATA 	stimulation stopped
486.5946 	DATA 	
487.2445 	DATA 	Keypress: 5
487.2446 	DATA 	TR 313 | TR1 157 | TR2 156
488.7943 	DATA 	Keypress: 5
488.7944 	DATA 	TR 314 | TR1 157 | TR2 157
490.3777 	DATA 	Keypress: 5
490.3778 	DATA 	TR 315 | TR1 158 | TR2 157
491.9274 	DATA 	Keypress: 5
491.9274 	DATA 	TR 316 | TR1 158 | TR2 158
493.4941 	DATA 	Keypress: 5
493.4941 	DATA 	TR 317 | TR1 159 | TR2 158
495.0438 	DATA 	Keypress: 5
495.0438 	DATA 	TR 318 | TR1 159 | TR2 159
496.6270 	DATA 	Keypress: 5
496.6270 	DATA 	TR 319 | TR1 160 | TR2 159
498.1768 	DATA 	Keypress: 5
498.1768 	DATA 	TR 320 | TR1 160 | TR2 160
499.7434 	DATA 	Keypress: 5
499.7434 	DATA 	TR 321 | TR1 161 | TR2 160
501.2932 	DATA 	Keypress: 5
501.2932 	DATA 	TR 322 | TR1 161 | TR2 161
502.5931 	DATA 	
502.5932 	DATA 	Trial complete
502.5932 	DATA 	Waiting for VASO trigger to start next trial
502.5932 	DATA 	
502.8599 	DATA 	Keypress: 5
502.8600 	DATA 	Waited 0.26679086685180664 seconds for trigger
502.8607 	DATA 	
502.8607 	DATA 	Trial 19
502.8608 	DATA 	stimDur = 24.0
502.8608 	DATA 	jitter = 0.0
502.8608 	DATA 	restDur = 24.0

502.8608 	DATA 	
502.8608 	DATA 	TR 323 | TR1 162 | TR2 161
502.8608 	DATA 	
502.8608 	DATA 	stimulation started
502.8608 	DATA 	
504.4106 	DATA 	Keypress: 5
504.4262 	DATA 	TR 324 | TR1 162 | TR2 162
505.9928 	DATA 	Keypress: 5
505.9929 	DATA 	TR 325 | TR1 163 | TR2 162
506.4094 	DATA 	Target presented
506.9927 	DATA 	Keypress: 1
506.9928 	DATA 	Key1 pressed
506.9928 	DATA 	Target detected
507.5427 	DATA 	Keypress: 5
507.5427 	DATA 	TR 326 | TR1 163 | TR2 163
509.1092 	DATA 	Keypress: 5
509.1093 	DATA 	TR 327 | TR1 164 | TR2 163
510.6590 	DATA 	Keypress: 5
510.6591 	DATA 	TR 328 | TR1 164 | TR2 164
512.2423 	DATA 	Keypress: 5
512.2423 	DATA 	TR 329 | TR1 165 | TR2 164
513.7922 	DATA 	Keypress: 5
513.7923 	DATA 	TR 330 | TR1 165 | TR2 165
515.3586 	DATA 	Keypress: 5
515.3587 	DATA 	TR 331 | TR1 166 | TR2 165
516.9085 	DATA 	Keypress: 5
516.9085 	DATA 	TR 332 | TR1 166 | TR2 166
518.4917 	DATA 	Keypress: 5
518.4917 	DATA 	TR 333 | TR1 167 | TR2 166
520.0415 	DATA 	Keypress: 5
520.0416 	DATA 	TR 334 | TR1 167 | TR2 167
521.6081 	DATA 	Keypress: 5
521.6081 	DATA 	TR 335 | TR1 168 | TR2 167
523.1579 	DATA 	Keypress: 5
523.1579 	DATA 	TR 336 | TR1 168 | TR2 168
524.7245 	DATA 	Keypress: 5
524.7245 	DATA 	TR 337 | TR1 169 | TR2 168
526.2750 	DATA 	Keypress: 5
526.2909 	DATA 	TR 338 | TR1 169 | TR2 169
526.8742 	DATA 	
526.8742 	DATA 	stimulation stopped
526.8742 	DATA 	
527.8574 	DATA 	Keypress: 5
527.8575 	DATA 	TR 339 | TR1 170 | TR2 169
529.4073 	DATA 	Keypress: 5
529.4073 	DATA 	TR 340 | TR1 170 | TR2 170
530.9738 	DATA 	Keypress: 5
530.9739 	DATA 	TR 341 | TR1 171 | TR2 170
532.5237 	DATA 	Keypress: 5
532.5237 	DATA 	TR 342 | TR1 171 | TR2 171
534.1069 	DATA 	Keypress: 5
534.1069 	DATA 	TR 343 | TR1 172 | TR2 171
535.6567 	DATA 	Keypress: 5
535.6567 	DATA 	TR 344 | TR1 172 | TR2 172
537.2232 	DATA 	Keypress: 5
537.2233 	DATA 	TR 345 | TR1 173 | TR2 172
538.7731 	DATA 	Keypress: 5
538.7731 	DATA 	TR 346 | TR1 173 | TR2 173
540.3402 	DATA 	Keypress: 5
540.3562 	DATA 	TR 347 | TR1 174 | TR2 173
541.9061 	DATA 	Keypress: 5
541.9062 	DATA 	TR 348 | TR1 174 | TR2 174
543.4727 	DATA 	Keypress: 5
543.4727 	DATA 	TR 349 | TR1 175 | TR2 174
545.0225 	DATA 	Keypress: 5
545.0226 	DATA 	TR 350 | TR1 175 | TR2 175
546.5890 	DATA 	Keypress: 5
546.5891 	DATA 	TR 351 | TR1 176 | TR2 175
548.1388 	DATA 	Keypress: 5
548.1389 	DATA 	TR 352 | TR1 176 | TR2 176
549.7221 	DATA 	Keypress: 5
549.7221 	DATA 	TR 353 | TR1 177 | TR2 176
550.8719 	DATA 	
550.8719 	DATA 	Trial complete
550.8720 	DATA 	
551.2719 	DATA 	Keypress: 5
551.2720 	DATA 	TR 354 | TR1 177 | TR2 177
552.8385 	DATA 	Keypress: 5
552.8386 	DATA 	Waited 50.245370864868164 seconds for trigger
552.8393 	DATA 	
552.8393 	DATA 	Trial 20
552.8394 	DATA 	stimDur = 24.0
552.8394 	DATA 	jitter = 0.78525
552.8394 	DATA 	restDur = 24.0

552.8394 	DATA 	
552.8394 	DATA 	TR 355 | TR1 178 | TR2 177
553.6384 	DATA 	
553.6384 	DATA 	stimulation started
553.6384 	DATA 	
554.3884 	DATA 	Keypress: 5
554.3884 	DATA 	TR 356 | TR1 178 | TR2 178
555.9716 	DATA 	Keypress: 5
555.9716 	DATA 	TR 357 | TR1 179 | TR2 178
557.5214 	DATA 	Keypress: 5
557.5215 	DATA 	TR 358 | TR1 179 | TR2 179
559.0880 	DATA 	Keypress: 5
559.0880 	DATA 	TR 359 | TR1 180 | TR2 179
560.6379 	DATA 	Keypress: 5
560.6380 	DATA 	TR 360 | TR1 180 | TR2 180
562.2044 	DATA 	Keypress: 5
562.2044 	DATA 	TR 361 | TR1 181 | TR2 180
563.7550 	DATA 	Keypress: 5
563.7708 	DATA 	TR 362 | TR1 181 | TR2 181
565.3374 	DATA 	Keypress: 5
565.3374 	DATA 	TR 363 | TR1 182 | TR2 181
566.8872 	DATA 	Keypress: 5
566.8873 	DATA 	TR 364 | TR1 182 | TR2 182
567.4540 	DATA 	Target presented
568.0871 	DATA 	Keypress: 1
568.0872 	DATA 	Key1 pressed
568.0872 	DATA 	Target detected
568.4537 	DATA 	Keypress: 5
568.4538 	DATA 	TR 365 | TR1 183 | TR2 182
570.0036 	DATA 	Keypress: 5
570.0036 	DATA 	TR 366 | TR1 183 | TR2 183
571.5868 	DATA 	Keypress: 5
571.5869 	DATA 	TR 367 | TR1 184 | TR2 183
573.1368 	DATA 	Keypress: 5
573.1368 	DATA 	TR 368 | TR1 184 | TR2 184
574.7032 	DATA 	Keypress: 5
574.7032 	DATA 	TR 369 | TR1 185 | TR2 184
576.2530 	DATA 	Keypress: 5
576.2531 	DATA 	TR 370 | TR1 185 | TR2 185
577.6362 	DATA 	
577.6362 	DATA 	stimulation stopped
577.6362 	DATA 	
577.8201 	DATA 	Keypress: 5
577.8362 	DATA 	TR 371 | TR1 186 | TR2 185
579.3860 	DATA 	Keypress: 5
579.3861 	DATA 	TR 372 | TR1 186 | TR2 186
580.9526 	DATA 	Keypress: 5
580.9526 	DATA 	TR 373 | TR1 187 | TR2 186
582.5024 	DATA 	Keypress: 5
582.5024 	DATA 	TR 374 | TR1 187 | TR2 187
584.0690 	DATA 	Keypress: 5
584.0690 	DATA 	TR 375 | TR1 188 | TR2 187
585.6188 	DATA 	Keypress: 5
585.6188 	DATA 	TR 376 | TR1 188 | TR2 188
587.2020 	DATA 	Keypress: 5
587.2021 	DATA 	TR 377 | TR1 189 | TR2 188
588.7518 	DATA 	Keypress: 5
588.7519 	DATA 	TR 378 | TR1 189 | TR2 189
590.3184 	DATA 	Keypress: 5
590.3184 	DATA 	TR 379 | TR1 190 | TR2 189
591.8682 	DATA 	Keypress: 5
591.8683 	DATA 	TR 380 | TR1 190 | TR2 190
593.4514 	DATA 	Keypress: 5
593.4515 	DATA 	TR 381 | TR1 191 | TR2 190
595.0011 	DATA 	Keypress: 5
595.0012 	DATA 	TR 382 | TR1 191 | TR2 191
596.5678 	DATA 	Keypress: 5
596.5679 	DATA 	TR 383 | TR1 192 | TR2 191
598.1177 	DATA 	Keypress: 5
598.1177 	DATA 	TR 384 | TR1 192 | TR2 192
599.6842 	DATA 	Keypress: 5
599.6843 	DATA 	TR 385 | TR1 193 | TR2 192
601.2507 	DATA 	Keypress: 5
601.2507 	DATA 	TR 386 | TR1 193 | TR2 193
601.6339 	DATA 	
601.6340 	DATA 	Trial complete
601.6340 	DATA 	
602.8172 	DATA 	Keypress: 5
602.8173 	DATA 	TR 387 | TR1 194 | TR2 193
604.3671 	DATA 	Keypress: 5
604.3671 	DATA 	TR 388 | TR1 194 | TR2 194
605.9336 	DATA 	Keypress: 5
605.9337 	DATA 	TR 389 | TR1 195 | TR2 194
607.4836 	DATA 	Keypress: 5
607.4836 	DATA 	TR 390 | TR1 195 | TR2 195
609.0667 	DATA 	Keypress: 5
609.0667 	DATA 	TR 391 | TR1 196 | TR2 195
610.6165 	DATA 	Keypress: 5
610.6165 	DATA 	TR 392 | TR1 196 | TR2 196
612.1830 	DATA 	Keypress: 5
612.1831 	DATA 	TR 393 | TR1 197 | TR2 196
613.7329 	DATA 	Keypress: 5
613.7329 	DATA 	TR 394 | TR1 197 | TR2 197
615.3161 	DATA 	Keypress: 5
615.3161 	DATA 	TR 395 | TR1 198 | TR2 197
616.8659 	DATA 	Keypress: 5
616.8660 	DATA 	TR 396 | TR1 198 | TR2 198
618.4325 	DATA 	Keypress: 5
618.4325 	DATA 	TR 397 | TR1 199 | TR2 198
619.9823 	DATA 	Keypress: 5
619.9824 	DATA 	TR 398 | TR1 199 | TR2 199
621.5489 	DATA 	Keypress: 5
621.5489 	DATA 	TR 399 | TR1 200 | TR2 199
623.0987 	DATA 	Keypress: 5
623.0987 	DATA 	TR 400 | TR1 200 | TR2 200
624.6819 	DATA 	Keypress: 5
624.6819 	DATA 	TR 401 | TR1 201 | TR2 200
626.2317 	DATA 	Keypress: 5
626.2318 	DATA 	TR 402 | TR1 201 | TR2 201
627.7983 	DATA 	Keypress: 5
627.7983 	DATA 	TR 403 | TR1 202 | TR2 201
629.3481 	DATA 	Keypress: 5
629.3482 	DATA 	TR 404 | TR1 202 | TR2 202
630.9312 	DATA 	Keypress: 5
630.9312 	DATA 	TR 405 | TR1 203 | TR2 202
632.4812 	DATA 	Keypress: 5
632.4812 	DATA 	TR 406 | TR1 203 | TR2 203
634.0475 	DATA 	Keypress: 5
634.0476 	DATA 	TR 407 | TR1 204 | TR2 203
635.5977 	DATA 	Keypress: 5
635.5978 	DATA 	TR 408 | TR1 204 | TR2 204
637.1641 	DATA 	Keypress: 5
637.1641 	DATA 	TR 409 | TR1 205 | TR2 204
638.7306 	DATA 	Keypress: 5
638.7306 	DATA 	TR 410 | TR1 205 | TR2 205
640.2971 	DATA 	Keypress: 5
640.2972 	DATA 	TR 411 | TR1 206 | TR2 205
641.8469 	DATA 	Keypress: 5
641.8470 	DATA 	TR 412 | TR1 206 | TR2 206
643.4135 	DATA 	Keypress: 5
643.4136 	DATA 	TR 413 | TR1 207 | TR2 206
644.9634 	DATA 	Keypress: 5
644.9634 	DATA 	TR 414 | TR1 207 | TR2 207
646.5465 	DATA 	Keypress: 5
646.5466 	DATA 	TR 415 | TR1 208 | TR2 207
648.0966 	DATA 	Keypress: 5
648.0967 	DATA 	TR 416 | TR1 208 | TR2 208
649.6629 	DATA 	Keypress: 5
649.6630 	DATA 	TR 417 | TR1 209 | TR2 208
650.6961 	DATA 	EndOfRun sub-07_ses-01_run-04

650.6961 	DATA 	We spent 80.13079237937927 seconds waiting for triggers
650.6961 	DATA 	RatioOfDetectedTargets 1.0
650.6962 	DATA 	You have detected 9 out of 9 targets.
655.5180 	DATA 	Keypress: 5
655.5182 	DATA 	Keypress: 5
655.5183 	DATA 	Keypress: 5
655.7256 	EXP 	window1: mouseVisible = True
