MonitorDistance=99cm
MonitorWidth=30cm
PixelWidth=1024.0
PixelHeight=768.0
You have detected 9 out of 9 targets.
Excellent! Keep up the good work
28.0069 	INFO 	Loaded monitor calibration from ['2021_05_26 17:55']
28.4855 	EXP 	Created window1 = Window(allowGUI=False, allowStencil=False, autoLog=True, backendConf=UNKNOWN, bitsMode=UNKNOWN, blendMode='avg', bpc=(8, 8, 8), color=array([-0.5, -0.5, -0.5]), colorSpace='rgb', depthBits=8, fullscr=<method-wrapper '__getattribute__' of attributeSetter object at 0x7f1eb1ce43c8>, gamma=None, gammaErrorPolicy='raise', lms=UNKNOWN, monitor=<psychopy.monitors.calibTools.Monitor object at 0x7f1ea7b050b8>, multiSample=False, name='window1', numSamples=2, pos=[0.0, 0.0], screen=0, size=array([1024,  768]), stencilBits=0, stereo=False, units='deg', useFBO=False, useRetina=False, viewOri=0.0, viewPos=None, viewScale=None, waitBlanking=True, winType='pyglet')
28.4856 	EXP 	window1: mouseVisible = True
28.5612 	EXP 	Created unnamed TextStim = TextStim(__class__=<class 'psychopy.visual.text.TextStim'>, alignHoriz=method-wrapper(...), alignText='center', alignVert=method-wrapper(...), anchorHoriz='center', anchorVert='center', antialias=True, autoLog=True, bold=False, color=array([1., 1., 1.]), colorSpace='rgb', contrast=1.0, depth=0, flipHoriz=False, flipVert=False, font='', fontFiles=[], height=0.5, italic=False, languageStyle='LTR', name='unnamed TextStim', opacity=1.0, ori=0.0, pos=array([0., 0.]), rgb=UNKNOWN, text=str(...), units='deg', win=Window(...), wrapWidth=15.0)
28.5923 	EXP 	Created Movie Frame 0 = ImageStim(__class__=<class 'psychopy.visual.image.ImageStim'>, autoLog=True, color=array([0.8, 0.8, 0.8]), colorSpace='rgb', contrast=0.8, depth=0, flipHoriz=False, flipVert=False, image='visual_0.png', interpolate=False, mask=None, maskParams=None, name='Movie Frame 0', opacity=1, ori=0.0, pos=array([0., 0.]), size=array([1024,  768]), texRes=128, units='pix', win=Window(...))
28.6160 	EXP 	Created Movie Frame 1 = ImageStim(__class__=<class 'psychopy.visual.image.ImageStim'>, autoLog=True, color=array([0.8, 0.8, 0.8]), colorSpace='rgb', contrast=0.8, depth=0, flipHoriz=False, flipVert=False, image='visual_1.png', interpolate=False, mask=None, maskParams=None, name='Movie Frame 1', opacity=1, ori=0.0, pos=array([0., 0.]), size=array([1024,  768]), texRes=128, units='pix', win=Window(...))
36.5622 	DATA 	Keypress: 5
0.0000 	DATA 	StartOfRun sub-07_ses-01_run-03
0.0000 	DATA 	TR 1 | TR1 1 | TR2 0
0.0156 	DATA 	Initial baseline

1.5504 	DATA 	Keypress: 5
1.5505 	DATA 	TR 2 | TR1 1 | TR2 1
3.1226 	DATA 	Keypress: 5
3.1226 	DATA 	TR 3 | TR1 2 | TR2 1
4.6738 	DATA 	Keypress: 5
4.6738 	DATA 	TR 4 | TR1 2 | TR2 2
6.2459 	DATA 	Keypress: 5
6.2460 	DATA 	TR 5 | TR1 3 | TR2 2
7.7971 	DATA 	Keypress: 5
7.7972 	DATA 	TR 6 | TR1 3 | TR2 3
9.3693 	DATA 	Keypress: 5
9.3694 	DATA 	TR 7 | TR1 4 | TR2 3
10.9205 	DATA 	Keypress: 5
10.9206 	DATA 	TR 8 | TR1 4 | TR2 4
12.4927 	DATA 	Keypress: 5
12.4928 	DATA 	TR 9 | TR1 5 | TR2 4
14.0439 	DATA 	Keypress: 5
14.0439 	DATA 	TR 10 | TR1 5 | TR2 5
15.6161 	DATA 	Keypress: 5
15.6161 	DATA 	TR 11 | TR1 6 | TR2 5
17.1673 	DATA 	Keypress: 5
17.1673 	DATA 	TR 12 | TR1 6 | TR2 6
18.7395 	DATA 	Keypress: 5
18.7395 	DATA 	TR 13 | TR1 7 | TR2 6
20.2907 	DATA 	Keypress: 5
20.2907 	DATA 	TR 14 | TR1 7 | TR2 7
21.8629 	DATA 	Keypress: 5
21.8629 	DATA 	TR 15 | TR1 8 | TR2 7
23.4141 	DATA 	Keypress: 5
23.4141 	DATA 	TR 16 | TR1 8 | TR2 8
24.9864 	DATA 	Keypress: 5
24.9865 	DATA 	TR 17 | TR1 9 | TR2 8
26.5376 	DATA 	Keypress: 5
26.5376 	DATA 	TR 18 | TR1 9 | TR2 9
28.1098 	DATA 	Keypress: 5
28.1098 	DATA 	TR 19 | TR1 10 | TR2 9
29.6608 	DATA 	Keypress: 5
29.6609 	DATA 	TR 20 | TR1 10 | TR2 10
31.2466 	DATA 	Keypress: 5
31.2467 	DATA 	Waited 1.2466769218444824 seconds for trigger
31.2481 	DATA 	
31.2481 	DATA 	Trial 1
31.2481 	DATA 	stimDur = 1.0
31.2481 	DATA 	jitter = 0.0
31.2481 	DATA 	restDur = 12.0

31.2481 	DATA 	
31.2481 	DATA 	TR 21 | TR1 11 | TR2 10
31.2481 	DATA 	
31.2481 	DATA 	stimulation started
31.2481 	DATA 	
32.2632 	DATA 	
32.2632 	DATA 	stimulation stopped
32.2632 	DATA 	
32.7965 	DATA 	Keypress: 5
32.7966 	DATA 	TR 22 | TR1 11 | TR2 11
34.3630 	DATA 	Keypress: 5
34.3630 	DATA 	TR 23 | TR1 12 | TR2 11
35.9128 	DATA 	Keypress: 5
35.9129 	DATA 	TR 24 | TR1 12 | TR2 12
37.4800 	DATA 	Keypress: 5
37.4960 	DATA 	TR 25 | TR1 13 | TR2 12
39.0459 	DATA 	Keypress: 5
39.0460 	DATA 	TR 26 | TR1 13 | TR2 13
40.6124 	DATA 	Keypress: 5
40.6125 	DATA 	TR 27 | TR1 14 | TR2 13
42.1623 	DATA 	Keypress: 5
42.1623 	DATA 	TR 28 | TR1 14 | TR2 14
43.7288 	DATA 	Keypress: 5
43.7288 	DATA 	TR 29 | TR1 15 | TR2 14
44.2620 	DATA 	
44.2620 	DATA 	Trial complete
44.2621 	DATA 	Waiting for VASO trigger to start next trial
44.2621 	DATA 	
45.2787 	DATA 	Keypress: 5
45.2788 	DATA 	TR 30 | TR1 15 | TR2 15
46.8618 	DATA 	Keypress: 5
46.8619 	DATA 	Waited 2.599825143814087 seconds for trigger
46.8635 	DATA 	
46.8635 	DATA 	Trial 2
46.8635 	DATA 	stimDur = 4.0
46.8635 	DATA 	jitter = 0.0
46.8635 	DATA 	restDur = 16.0

46.8635 	DATA 	
46.8635 	DATA 	TR 31 | TR1 16 | TR2 15
46.8635 	DATA 	
46.8635 	DATA 	stimulation started
46.8635 	DATA 	
48.4117 	DATA 	Keypress: 5
48.4118 	DATA 	TR 32 | TR1 16 | TR2 16
49.9784 	DATA 	Keypress: 5
49.9785 	DATA 	TR 33 | TR1 17 | TR2 16
50.8781 	DATA 	
50.8781 	DATA 	stimulation stopped
50.8781 	DATA 	
51.5281 	DATA 	Keypress: 5
51.5281 	DATA 	TR 34 | TR1 17 | TR2 17
53.1113 	DATA 	Keypress: 5
53.1113 	DATA 	TR 35 | TR1 18 | TR2 17
54.6611 	DATA 	Keypress: 5
54.6612 	DATA 	TR 36 | TR1 18 | TR2 18
56.2277 	DATA 	Keypress: 5
56.2277 	DATA 	TR 37 | TR1 19 | TR2 18
57.7775 	DATA 	Keypress: 5
57.7775 	DATA 	TR 38 | TR1 19 | TR2 19
59.3441 	DATA 	Keypress: 5
59.3441 	DATA 	TR 39 | TR1 20 | TR2 19
60.9105 	DATA 	Keypress: 5
60.9106 	DATA 	TR 40 | TR1 20 | TR2 20
62.4769 	DATA 	Keypress: 5
62.4769 	DATA 	TR 41 | TR1 21 | TR2 20
64.0269 	DATA 	Keypress: 5
64.0269 	DATA 	TR 42 | TR1 21 | TR2 21
65.5935 	DATA 	Keypress: 5
65.5935 	DATA 	TR 43 | TR1 22 | TR2 21
66.8766 	DATA 	
66.8766 	DATA 	Trial complete
66.8766 	DATA 	Waiting for VASO trigger to start next trial
66.8767 	DATA 	
67.1433 	DATA 	Keypress: 5
67.1433 	DATA 	TR 44 | TR1 22 | TR2 22
68.7265 	DATA 	Keypress: 5
68.7265 	DATA 	Waited 1.8498868942260742 seconds for trigger
68.7273 	DATA 	
68.7273 	DATA 	Trial 3
68.7273 	DATA 	stimDur = 4.0
68.7273 	DATA 	jitter = 0.78525
68.7273 	DATA 	restDur = 16.0

68.7273 	DATA 	
68.7273 	DATA 	TR 45 | TR1 23 | TR2 22
69.5264 	DATA 	
69.5264 	DATA 	stimulation started
69.5264 	DATA 	
70.2764 	DATA 	Keypress: 5
70.2764 	DATA 	TR 46 | TR1 23 | TR2 23
71.8429 	DATA 	Keypress: 5
71.8430 	DATA 	TR 47 | TR1 24 | TR2 23
73.3929 	DATA 	Keypress: 5
73.3930 	DATA 	TR 48 | TR1 24 | TR2 24
73.5260 	DATA 	
73.5260 	DATA 	stimulation stopped
73.5260 	DATA 	
74.9759 	DATA 	Keypress: 5
74.9760 	DATA 	TR 49 | TR1 25 | TR2 24
76.5258 	DATA 	Keypress: 5
76.5258 	DATA 	TR 50 | TR1 25 | TR2 25
78.0923 	DATA 	Keypress: 5
78.0923 	DATA 	TR 51 | TR1 26 | TR2 25
79.6421 	DATA 	Keypress: 5
79.6422 	DATA 	TR 52 | TR1 26 | TR2 26
81.2087 	DATA 	Keypress: 5
81.2087 	DATA 	TR 53 | TR1 27 | TR2 26
82.7585 	DATA 	Keypress: 5
82.7586 	DATA 	TR 54 | TR1 27 | TR2 27
84.3417 	DATA 	Keypress: 5
84.3418 	DATA 	TR 55 | TR1 28 | TR2 27
85.8915 	DATA 	Keypress: 5
85.8916 	DATA 	TR 56 | TR1 28 | TR2 28
87.4581 	DATA 	Keypress: 5
87.4581 	DATA 	TR 57 | TR1 29 | TR2 28
89.0079 	DATA 	Keypress: 5
89.0080 	DATA 	TR 58 | TR1 29 | TR2 29
89.5245 	DATA 	
89.5245 	DATA 	Trial complete
89.5246 	DATA 	Waiting for VASO trigger to start next trial
89.5246 	DATA 	
90.5912 	DATA 	Keypress: 5
90.5912 	DATA 	Waited 1.0666539669036865 seconds for trigger
90.5920 	DATA 	
90.5920 	DATA 	Trial 4
90.5920 	DATA 	stimDur = 2.0
90.5920 	DATA 	jitter = 0.0
90.5920 	DATA 	restDur = 14.0

90.5920 	DATA 	
90.5920 	DATA 	TR 59 | TR1 30 | TR2 29
90.5920 	DATA 	
90.5920 	DATA 	stimulation started
90.5920 	DATA 	
92.1410 	DATA 	Keypress: 5
92.1411 	DATA 	TR 60 | TR1 30 | TR2 30
92.6076 	DATA 	
92.6076 	DATA 	stimulation stopped
92.6076 	DATA 	
93.7075 	DATA 	Keypress: 5
93.7076 	DATA 	TR 61 | TR1 31 | TR2 30
95.2574 	DATA 	Keypress: 5
95.2574 	DATA 	TR 62 | TR1 31 | TR2 31
96.8239 	DATA 	Keypress: 5
96.8240 	DATA 	TR 63 | TR1 32 | TR2 31
97.6072 	DATA 	Target presented
98.0571 	DATA 	Keypress: 1
98.0572 	DATA 	Key1 pressed
98.0572 	DATA 	Target detected
98.3904 	DATA 	Keypress: 5
98.3904 	DATA 	TR 64 | TR1 32 | TR2 32
99.9571 	DATA 	Keypress: 5
99.9571 	DATA 	TR 65 | TR1 33 | TR2 32
101.5069 	DATA 	Keypress: 5
101.5069 	DATA 	TR 66 | TR1 33 | TR2 33
103.0733 	DATA 	Keypress: 5
103.0734 	DATA 	TR 67 | TR1 34 | TR2 33
104.6232 	DATA 	Keypress: 5
104.6232 	DATA 	TR 68 | TR1 34 | TR2 34
106.2064 	DATA 	Keypress: 5
106.2064 	DATA 	TR 69 | TR1 35 | TR2 34
106.6064 	DATA 	
106.6064 	DATA 	Trial complete
106.6065 	DATA 	Waiting for VASO trigger to start next trial
106.6065 	DATA 	
107.7562 	DATA 	Keypress: 5
107.7562 	DATA 	TR 70 | TR1 35 | TR2 35
109.3228 	DATA 	Keypress: 5
109.3228 	DATA 	Waited 2.716341018676758 seconds for trigger
109.3236 	DATA 	
109.3236 	DATA 	Trial 5
109.3236 	DATA 	stimDur = 24.0
109.3236 	DATA 	jitter = 2.35575
109.3236 	DATA 	restDur = 24.0

109.3236 	DATA 	
109.3236 	DATA 	TR 71 | TR1 36 | TR2 35
110.8726 	DATA 	Keypress: 5
110.8727 	DATA 	TR 72 | TR1 36 | TR2 36
111.6891 	DATA 	
111.6891 	DATA 	stimulation started
111.6891 	DATA 	
112.4559 	DATA 	Keypress: 5
112.4559 	DATA 	TR 73 | TR1 37 | TR2 36
114.0057 	DATA 	Keypress: 5
114.0057 	DATA 	TR 74 | TR1 37 | TR2 37
115.5722 	DATA 	Keypress: 5
115.5723 	DATA 	TR 75 | TR1 38 | TR2 37
117.1222 	DATA 	Keypress: 5
117.1222 	DATA 	TR 76 | TR1 38 | TR2 38
118.6886 	DATA 	Keypress: 5
118.6887 	DATA 	TR 77 | TR1 39 | TR2 38
120.2386 	DATA 	Keypress: 5
120.2386 	DATA 	TR 78 | TR1 39 | TR2 39
121.8217 	DATA 	Keypress: 5
121.8217 	DATA 	TR 79 | TR1 40 | TR2 39
123.3715 	DATA 	Keypress: 5
123.3715 	DATA 	TR 80 | TR1 40 | TR2 40
124.9382 	DATA 	Keypress: 5
124.9382 	DATA 	TR 81 | TR1 41 | TR2 40
126.4879 	DATA 	Keypress: 5
126.4879 	DATA 	TR 82 | TR1 41 | TR2 41
128.0711 	DATA 	Keypress: 5
128.0711 	DATA 	TR 83 | TR1 42 | TR2 41
129.6209 	DATA 	Keypress: 5
129.6209 	DATA 	TR 84 | TR1 42 | TR2 42
131.1875 	DATA 	Keypress: 5
131.1875 	DATA 	TR 85 | TR1 43 | TR2 42
132.7373 	DATA 	Keypress: 5
132.7373 	DATA 	TR 86 | TR1 43 | TR2 43
134.3046 	DATA 	Keypress: 5
134.3205 	DATA 	TR 87 | TR1 44 | TR2 43
135.6870 	DATA 	
135.6870 	DATA 	stimulation stopped
135.6870 	DATA 	
135.8705 	DATA 	Keypress: 5
135.8705 	DATA 	TR 88 | TR1 44 | TR2 44
137.4368 	DATA 	Keypress: 5
137.4369 	DATA 	TR 89 | TR1 45 | TR2 44
138.9867 	DATA 	Keypress: 5
138.9867 	DATA 	TR 90 | TR1 45 | TR2 45
140.5532 	DATA 	Keypress: 5
140.5533 	DATA 	TR 91 | TR1 46 | TR2 45
142.1030 	DATA 	Keypress: 5
142.1031 	DATA 	TR 92 | TR1 46 | TR2 46
143.6862 	DATA 	Keypress: 5
143.6863 	DATA 	TR 93 | TR1 47 | TR2 46
145.2361 	DATA 	Keypress: 5
145.2361 	DATA 	TR 94 | TR1 47 | TR2 47
145.5360 	DATA 	Keypress: 1
145.5361 	DATA 	Key1 pressed
146.8026 	DATA 	Keypress: 5
146.8027 	DATA 	TR 95 | TR1 48 | TR2 47
148.3525 	DATA 	Keypress: 5
148.3525 	DATA 	TR 96 | TR1 48 | TR2 48
149.9357 	DATA 	Keypress: 5
149.9357 	DATA 	TR 97 | TR1 49 | TR2 48
151.4854 	DATA 	Keypress: 5
151.4854 	DATA 	TR 98 | TR1 49 | TR2 49
153.0520 	DATA 	Keypress: 5
153.0521 	DATA 	TR 99 | TR1 50 | TR2 49
154.6020 	DATA 	Keypress: 5
154.6021 	DATA 	TR 100 | TR1 50 | TR2 50
156.1686 	DATA 	Keypress: 5
156.1686 	DATA 	TR 101 | TR1 51 | TR2 50
157.7189 	DATA 	Keypress: 5
157.7349 	DATA 	TR 102 | TR1 51 | TR2 51
159.3016 	DATA 	Keypress: 5
159.3017 	DATA 	TR 103 | TR1 52 | TR2 51
159.6847 	DATA 	
159.6847 	DATA 	Trial complete
159.6847 	DATA 	Waiting for VASO trigger to start next trial
159.6847 	DATA 	
160.8513 	DATA 	Keypress: 5
160.8513 	DATA 	TR 104 | TR1 52 | TR2 52
162.4179 	DATA 	Keypress: 5
162.4179 	DATA 	Waited 2.7331669330596924 seconds for trigger
162.4187 	DATA 	
162.4187 	DATA 	Trial 6
162.4187 	DATA 	stimDur = 4.0
162.4187 	DATA 	jitter = 2.35575
162.4187 	DATA 	restDur = 16.0

162.4187 	DATA 	
162.4187 	DATA 	TR 105 | TR1 53 | TR2 52
163.9677 	DATA 	Keypress: 5
163.9677 	DATA 	TR 106 | TR1 53 | TR2 53
164.7842 	DATA 	
164.7843 	DATA 	stimulation started
164.7843 	DATA 	
165.5510 	DATA 	Keypress: 5
165.5510 	DATA 	TR 107 | TR1 54 | TR2 53
167.1008 	DATA 	Keypress: 5
167.1008 	DATA 	TR 108 | TR1 54 | TR2 54
168.6676 	DATA 	Keypress: 5
168.6676 	DATA 	TR 109 | TR1 55 | TR2 54
168.7839 	DATA 	
168.7839 	DATA 	stimulation stopped
168.7839 	DATA 	
170.1838 	DATA 	Target presented
170.2171 	DATA 	Keypress: 5
170.2172 	DATA 	TR 110 | TR1 55 | TR2 55
170.6006 	DATA 	Keypress: 1
170.6006 	DATA 	Key1 pressed
170.6006 	DATA 	Target detected
171.8003 	DATA 	Keypress: 5
171.8004 	DATA 	TR 111 | TR1 56 | TR2 55
173.3501 	DATA 	Keypress: 5
173.3502 	DATA 	TR 112 | TR1 56 | TR2 56
174.9167 	DATA 	Keypress: 5
174.9168 	DATA 	TR 113 | TR1 57 | TR2 56
176.4665 	DATA 	Keypress: 5
176.4666 	DATA 	TR 114 | TR1 57 | TR2 57
178.0331 	DATA 	Keypress: 5
178.0331 	DATA 	TR 115 | TR1 58 | TR2 57
179.5829 	DATA 	Keypress: 5
179.5829 	DATA 	TR 116 | TR1 58 | TR2 58
181.1661 	DATA 	Keypress: 5
181.1662 	DATA 	TR 117 | TR1 59 | TR2 58
182.7160 	DATA 	Keypress: 5
182.7160 	DATA 	TR 118 | TR1 59 | TR2 59
184.2825 	DATA 	Keypress: 5
184.2825 	DATA 	TR 119 | TR1 60 | TR2 59
184.7825 	DATA 	
184.7825 	DATA 	Trial complete
184.7825 	DATA 	Waiting for VASO trigger to start next trial
184.7825 	DATA 	
185.8323 	DATA 	Keypress: 5
185.8324 	DATA 	TR 120 | TR1 60 | TR2 60
187.4155 	DATA 	Keypress: 5
187.4156 	DATA 	Waited 2.6331140995025635 seconds for trigger
187.4164 	DATA 	
187.4164 	DATA 	Trial 7
187.4164 	DATA 	stimDur = 1.0
187.4164 	DATA 	jitter = 0.78525
187.4164 	DATA 	restDur = 12.0

187.4164 	DATA 	
187.4164 	DATA 	TR 121 | TR1 61 | TR2 60
188.2154 	DATA 	
188.2154 	DATA 	stimulation started
188.2154 	DATA 	
188.9654 	DATA 	Keypress: 5
188.9655 	DATA 	TR 122 | TR1 61 | TR2 61
189.2155 	DATA 	
189.2155 	DATA 	stimulation stopped
189.2155 	DATA 	
190.5319 	DATA 	Keypress: 5
190.5320 	DATA 	TR 123 | TR1 62 | TR2 61
192.0818 	DATA 	Keypress: 5
192.0818 	DATA 	TR 124 | TR1 62 | TR2 62
193.6483 	DATA 	Keypress: 5
193.6484 	DATA 	TR 125 | TR1 63 | TR2 62
195.2148 	DATA 	Keypress: 5
195.2149 	DATA 	TR 126 | TR1 63 | TR2 63
196.7814 	DATA 	Keypress: 5
196.7814 	DATA 	TR 127 | TR1 64 | TR2 63
198.3312 	DATA 	Keypress: 5
198.3312 	DATA 	TR 128 | TR1 64 | TR2 64
199.8977 	DATA 	Keypress: 5
199.8978 	DATA 	TR 129 | TR1 65 | TR2 64
201.2142 	DATA 	
201.2142 	DATA 	Trial complete
201.2142 	DATA 	Waiting for VASO trigger to start next trial
201.2142 	DATA 	
201.4476 	DATA 	Keypress: 5
201.4476 	DATA 	TR 130 | TR1 65 | TR2 65
203.0308 	DATA 	Keypress: 5
203.0308 	DATA 	Waited 1.816589117050171 seconds for trigger
203.0316 	DATA 	
203.0316 	DATA 	Trial 8
203.0316 	DATA 	stimDur = 1.0
203.0316 	DATA 	jitter = 2.35575
203.0316 	DATA 	restDur = 12.0

203.0316 	DATA 	
203.0316 	DATA 	TR 131 | TR1 66 | TR2 65
204.5806 	DATA 	Keypress: 5
204.5807 	DATA 	TR 132 | TR1 66 | TR2 66
205.3972 	DATA 	
205.3972 	DATA 	stimulation started
205.3972 	DATA 	
206.1472 	DATA 	Keypress: 5
206.1473 	DATA 	TR 133 | TR1 67 | TR2 66
206.3971 	DATA 	
206.3971 	DATA 	stimulation stopped
206.3972 	DATA 	
207.6970 	DATA 	Keypress: 5
207.6970 	DATA 	TR 134 | TR1 67 | TR2 67
209.2641 	DATA 	Keypress: 5
209.2801 	DATA 	TR 135 | TR1 68 | TR2 67
210.8302 	DATA 	Keypress: 5
210.8302 	DATA 	TR 136 | TR1 68 | TR2 68
212.3966 	DATA 	Keypress: 5
212.3967 	DATA 	TR 137 | TR1 69 | TR2 68
213.9464 	DATA 	Keypress: 5
213.9464 	DATA 	TR 138 | TR1 69 | TR2 69
215.5129 	DATA 	Keypress: 5
215.5130 	DATA 	TR 139 | TR1 70 | TR2 69
217.0634 	DATA 	Keypress: 5
217.0794 	DATA 	TR 140 | TR1 70 | TR2 70
218.3960 	DATA 	
218.3960 	DATA 	Trial complete
218.3960 	DATA 	Waiting for VASO trigger to start next trial
218.3960 	DATA 	
218.6460 	DATA 	Keypress: 5
218.6461 	DATA 	Waited 0.2500729560852051 seconds for trigger
218.6468 	DATA 	
218.6468 	DATA 	Trial 9
218.6469 	DATA 	stimDur = 12.0
218.6469 	DATA 	jitter = 0.78525
218.6469 	DATA 	restDur = 20.0

218.6469 	DATA 	
218.6469 	DATA 	TR 141 | TR1 71 | TR2 70
219.4459 	DATA 	
219.4459 	DATA 	stimulation started
219.4459 	DATA 	
220.1959 	DATA 	Keypress: 5
220.1960 	DATA 	TR 142 | TR1 71 | TR2 71
221.7624 	DATA 	Keypress: 5
221.7624 	DATA 	TR 143 | TR1 72 | TR2 71
223.3123 	DATA 	Keypress: 5
223.3123 	DATA 	TR 144 | TR1 72 | TR2 72
224.8954 	DATA 	Keypress: 5
224.8955 	DATA 	TR 145 | TR1 73 | TR2 72
226.4453 	DATA 	Keypress: 5
226.4454 	DATA 	TR 146 | TR1 73 | TR2 73
228.0120 	DATA 	Keypress: 5
228.0120 	DATA 	TR 147 | TR1 74 | TR2 73
229.5617 	DATA 	Keypress: 5
229.5618 	DATA 	TR 148 | TR1 74 | TR2 74
231.1282 	DATA 	Keypress: 5
231.1283 	DATA 	TR 149 | TR1 75 | TR2 74
231.4449 	DATA 	
231.4449 	DATA 	stimulation stopped
231.4449 	DATA 	
232.5614 	DATA 	Target presented
232.6947 	DATA 	Keypress: 5
232.6947 	DATA 	TR 150 | TR1 75 | TR2 75
232.9946 	DATA 	Keypress: 1
232.9947 	DATA 	Key1 pressed
232.9947 	DATA 	Target detected
234.2612 	DATA 	Keypress: 5
234.2612 	DATA 	TR 151 | TR1 76 | TR2 75
235.8111 	DATA 	Keypress: 5
235.8111 	DATA 	TR 152 | TR1 76 | TR2 76
237.3776 	DATA 	Keypress: 5
237.3776 	DATA 	TR 153 | TR1 77 | TR2 76
238.9275 	DATA 	Keypress: 5
238.9275 	DATA 	TR 154 | TR1 77 | TR2 77
240.5106 	DATA 	Keypress: 5
240.5107 	DATA 	TR 155 | TR1 78 | TR2 77
242.0605 	DATA 	Keypress: 5
242.0606 	DATA 	TR 156 | TR1 78 | TR2 78
243.6270 	DATA 	Keypress: 5
243.6270 	DATA 	TR 157 | TR1 79 | TR2 78
245.1771 	DATA 	Keypress: 5
245.1771 	DATA 	TR 158 | TR1 79 | TR2 79
246.7602 	DATA 	Keypress: 5
246.7602 	DATA 	TR 159 | TR1 80 | TR2 79
248.3100 	DATA 	Keypress: 5
248.3100 	DATA 	TR 160 | TR1 80 | TR2 80
249.8764 	DATA 	Keypress: 5
249.8765 	DATA 	TR 161 | TR1 81 | TR2 80
251.4263 	DATA 	Keypress: 5
251.4263 	DATA 	TR 162 | TR1 81 | TR2 81
251.4429 	DATA 	
251.4429 	DATA 	Trial complete
251.4430 	DATA 	Waiting for VASO trigger to start next trial
251.4430 	DATA 	
252.9929 	DATA 	Keypress: 5
252.9929 	DATA 	Waited 1.549954891204834 seconds for trigger
252.9937 	DATA 	
252.9937 	DATA 	Trial 10
252.9937 	DATA 	stimDur = 12.0
252.9937 	DATA 	jitter = 2.35575
252.9937 	DATA 	restDur = 20.0

252.9937 	DATA 	
252.9937 	DATA 	TR 163 | TR1 82 | TR2 81
254.5427 	DATA 	Keypress: 5
254.5427 	DATA 	TR 164 | TR1 82 | TR2 82
255.3592 	DATA 	
255.3592 	DATA 	stimulation started
255.3592 	DATA 	
256.1259 	DATA 	Keypress: 5
256.1259 	DATA 	TR 165 | TR1 83 | TR2 82
257.6758 	DATA 	Keypress: 5
257.6758 	DATA 	TR 166 | TR1 83 | TR2 83
259.2423 	DATA 	Keypress: 5
259.2423 	DATA 	TR 167 | TR1 84 | TR2 83
260.7922 	DATA 	Keypress: 5
260.7922 	DATA 	TR 168 | TR1 84 | TR2 84
262.3753 	DATA 	Keypress: 5
262.3754 	DATA 	TR 169 | TR1 85 | TR2 84
263.9252 	DATA 	Keypress: 5
263.9252 	DATA 	TR 170 | TR1 85 | TR2 85
265.4917 	DATA 	Keypress: 5
265.4918 	DATA 	TR 171 | TR1 86 | TR2 85
267.0416 	DATA 	Keypress: 5
267.0416 	DATA 	TR 172 | TR1 86 | TR2 86
267.3581 	DATA 	
267.3582 	DATA 	stimulation stopped
267.3582 	DATA 	
268.6086 	DATA 	Keypress: 5
268.6247 	DATA 	TR 173 | TR1 87 | TR2 86
270.1746 	DATA 	Keypress: 5
270.1746 	DATA 	TR 174 | TR1 87 | TR2 87
271.7411 	DATA 	Keypress: 5
271.7412 	DATA 	TR 175 | TR1 88 | TR2 87
273.2909 	DATA 	Keypress: 5
273.2909 	DATA 	TR 176 | TR1 88 | TR2 88
274.8575 	DATA 	Keypress: 5
274.8575 	DATA 	TR 177 | TR1 89 | TR2 88
276.4073 	DATA 	Keypress: 5
276.4074 	DATA 	TR 178 | TR1 89 | TR2 89
277.9905 	DATA 	Keypress: 5
277.9905 	DATA 	TR 179 | TR1 90 | TR2 89
279.5404 	DATA 	Keypress: 5
279.5404 	DATA 	TR 180 | TR1 90 | TR2 90
280.5403 	DATA 	Target presented
281.1069 	DATA 	Keypress: 5
281.1069 	DATA 	TR 181 | TR1 91 | TR2 90
281.5235 	DATA 	Keypress: 1
281.5235 	DATA 	Key1 pressed
281.5236 	DATA 	Target detected
282.6568 	DATA 	Keypress: 5
282.6568 	DATA 	TR 182 | TR1 91 | TR2 91
284.2399 	DATA 	Keypress: 5
284.2400 	DATA 	TR 183 | TR1 92 | TR2 91
285.7898 	DATA 	Keypress: 5
285.7899 	DATA 	TR 184 | TR1 92 | TR2 92
287.3563 	DATA 	Keypress: 5
287.3563 	DATA 	TR 185 | TR1 93 | TR2 92
287.3564 	DATA 	
287.3564 	DATA 	Trial complete
287.3564 	DATA 	Waiting for VASO trigger to start next trial
287.3564 	DATA 	
288.9062 	DATA 	Keypress: 5
288.9062 	DATA 	TR 186 | TR1 93 | TR2 93
290.4726 	DATA 	Keypress: 5
290.4727 	DATA 	Waited 3.116302013397217 seconds for trigger
290.4735 	DATA 	
290.4735 	DATA 	Trial 11
290.4735 	DATA 	stimDur = 12.0
290.4735 	DATA 	jitter = 1.5705
290.4735 	DATA 	restDur = 20.0

290.4735 	DATA 	
290.4735 	DATA 	TR 187 | TR1 94 | TR2 93
292.0232 	DATA 	Keypress: 5
292.0393 	DATA 	TR 188 | TR1 94 | TR2 94
292.0558 	DATA 	
292.0558 	DATA 	stimulation started
292.0558 	DATA 	
293.6058 	DATA 	Keypress: 5
293.6058 	DATA 	TR 189 | TR1 95 | TR2 94
295.1558 	DATA 	Keypress: 5
295.1558 	DATA 	TR 190 | TR1 95 | TR2 95
296.7221 	DATA 	Keypress: 5
296.7222 	DATA 	TR 191 | TR1 96 | TR2 95
298.2720 	DATA 	Keypress: 5
298.2721 	DATA 	TR 192 | TR1 96 | TR2 96
299.8552 	DATA 	Keypress: 5
299.8552 	DATA 	TR 193 | TR1 97 | TR2 96
301.4051 	DATA 	Keypress: 5
301.4051 	DATA 	TR 194 | TR1 97 | TR2 97
302.9716 	DATA 	Keypress: 5
302.9716 	DATA 	TR 195 | TR1 98 | TR2 97
304.0548 	DATA 	
304.0548 	DATA 	stimulation stopped
304.0548 	DATA 	
304.5214 	DATA 	Keypress: 5
304.5215 	DATA 	TR 196 | TR1 98 | TR2 98
306.1046 	DATA 	Keypress: 5
306.1046 	DATA 	TR 197 | TR1 99 | TR2 98
307.6544 	DATA 	Keypress: 5
307.6545 	DATA 	TR 198 | TR1 99 | TR2 99
309.2210 	DATA 	Keypress: 5
309.2211 	DATA 	TR 199 | TR1 100 | TR2 99
310.7708 	DATA 	Keypress: 5
310.7709 	DATA 	TR 200 | TR1 100 | TR2 100
312.3373 	DATA 	Keypress: 5
312.3374 	DATA 	TR 201 | TR1 101 | TR2 100
313.8873 	DATA 	Keypress: 5
313.8873 	DATA 	TR 202 | TR1 101 | TR2 101
315.4704 	DATA 	Keypress: 5
315.4704 	DATA 	TR 203 | TR1 102 | TR2 101
317.0203 	DATA 	Keypress: 5
317.0203 	DATA 	TR 204 | TR1 102 | TR2 102
318.5867 	DATA 	Keypress: 5
318.5868 	DATA 	TR 205 | TR1 103 | TR2 102
320.1366 	DATA 	Keypress: 5
320.1367 	DATA 	TR 206 | TR1 103 | TR2 103
321.7198 	DATA 	Keypress: 5
321.7198 	DATA 	TR 207 | TR1 104 | TR2 103
323.2697 	DATA 	Keypress: 5
323.2697 	DATA 	TR 208 | TR1 104 | TR2 104
324.0529 	DATA 	
324.0529 	DATA 	Trial complete
324.0529 	DATA 	Waiting for VASO trigger to start next trial
324.0529 	DATA 	
324.8362 	DATA 	Keypress: 5
324.8362 	DATA 	Waited 0.7833209037780762 seconds for trigger
324.8370 	DATA 	
324.8370 	DATA 	Trial 12
324.8370 	DATA 	stimDur = 1.0
324.8370 	DATA 	jitter = 1.5705
324.8370 	DATA 	restDur = 12.0

324.8370 	DATA 	
324.8370 	DATA 	TR 209 | TR1 105 | TR2 104
326.3862 	DATA 	Keypress: 5
326.3862 	DATA 	TR 210 | TR1 105 | TR2 105
326.4193 	DATA 	
326.4193 	DATA 	stimulation started
326.4193 	DATA 	
327.4193 	DATA 	
327.4193 	DATA 	stimulation stopped
327.4193 	DATA 	
327.9525 	DATA 	Keypress: 5
327.9525 	DATA 	TR 211 | TR1 106 | TR2 105
329.5188 	DATA 	Keypress: 5
329.5188 	DATA 	TR 212 | TR1 106 | TR2 106
331.0856 	DATA 	Keypress: 5
331.0856 	DATA 	TR 213 | TR1 107 | TR2 106
332.6355 	DATA 	Keypress: 5
332.6355 	DATA 	TR 214 | TR1 107 | TR2 107
334.2020 	DATA 	Keypress: 5
334.2020 	DATA 	TR 215 | TR1 108 | TR2 107
335.7519 	DATA 	Keypress: 5
335.7519 	DATA 	TR 216 | TR1 108 | TR2 108
337.3350 	DATA 	Keypress: 5
337.3350 	DATA 	TR 217 | TR1 109 | TR2 108
338.8849 	DATA 	Keypress: 5
338.8850 	DATA 	TR 218 | TR1 109 | TR2 109
339.4183 	DATA 	
339.4183 	DATA 	Trial complete
339.4183 	DATA 	Waiting for VASO trigger to start next trial
339.4183 	DATA 	
340.4512 	DATA 	Keypress: 5
340.4513 	DATA 	Waited 1.0329999923706055 seconds for trigger
340.4520 	DATA 	
340.4521 	DATA 	Trial 13
340.4521 	DATA 	stimDur = 2.0
340.4521 	DATA 	jitter = 2.35575
340.4521 	DATA 	restDur = 14.0

340.4521 	DATA 	
340.4521 	DATA 	TR 219 | TR1 110 | TR2 109
342.0012 	DATA 	Keypress: 5
342.0013 	DATA 	TR 220 | TR1 110 | TR2 110
342.8178 	DATA 	
342.8178 	DATA 	stimulation started
342.8178 	DATA 	
343.5686 	DATA 	Keypress: 5
343.5845 	DATA 	TR 221 | TR1 111 | TR2 110
344.8177 	DATA 	
344.8177 	DATA 	stimulation stopped
344.8177 	DATA 	
345.1343 	DATA 	Keypress: 5
345.1344 	DATA 	TR 222 | TR1 111 | TR2 111
346.7008 	DATA 	Keypress: 5
346.7008 	DATA 	TR 223 | TR1 112 | TR2 111
348.2507 	DATA 	Keypress: 5
348.2507 	DATA 	TR 224 | TR1 112 | TR2 112
348.6341 	DATA 	Target presented
349.1173 	DATA 	Keypress: 1
349.1173 	DATA 	Key1 pressed
349.1173 	DATA 	Target detected
349.8172 	DATA 	Keypress: 5
349.8172 	DATA 	TR 225 | TR1 113 | TR2 112
351.3677 	DATA 	Keypress: 5
351.3837 	DATA 	TR 226 | TR1 113 | TR2 113
352.9502 	DATA 	Keypress: 5
352.9503 	DATA 	TR 227 | TR1 114 | TR2 113
354.5001 	DATA 	Keypress: 5
354.5002 	DATA 	TR 228 | TR1 114 | TR2 114
356.0666 	DATA 	Keypress: 5
356.0667 	DATA 	TR 229 | TR1 115 | TR2 114
357.6165 	DATA 	Keypress: 5
357.6165 	DATA 	TR 230 | TR1 115 | TR2 115
358.8162 	DATA 	
358.8162 	DATA 	Trial complete
358.8162 	DATA 	Waiting for VASO trigger to start next trial
358.8162 	DATA 	
359.1997 	DATA 	Keypress: 5
359.1997 	DATA 	Waited 0.3834519386291504 seconds for trigger
359.2005 	DATA 	
359.2005 	DATA 	Trial 14
359.2005 	DATA 	stimDur = 24.0
359.2005 	DATA 	jitter = 1.5705
359.2005 	DATA 	restDur = 24.0

359.2005 	DATA 	
359.2005 	DATA 	TR 231 | TR1 116 | TR2 115
360.7496 	DATA 	Keypress: 5
360.7496 	DATA 	TR 232 | TR1 116 | TR2 116
360.7828 	DATA 	
360.7828 	DATA 	stimulation started
360.7828 	DATA 	
362.3161 	DATA 	Keypress: 5
362.3161 	DATA 	TR 233 | TR1 117 | TR2 116
363.8660 	DATA 	Keypress: 5
363.8660 	DATA 	TR 234 | TR1 117 | TR2 117
365.4325 	DATA 	Keypress: 5
365.4326 	DATA 	TR 235 | TR1 118 | TR2 117
366.9990 	DATA 	Keypress: 5
366.9991 	DATA 	TR 236 | TR1 118 | TR2 118
368.5655 	DATA 	Keypress: 5
368.5655 	DATA 	TR 237 | TR1 119 | TR2 118
370.1154 	DATA 	Keypress: 5
370.1154 	DATA 	TR 238 | TR1 119 | TR2 119
371.6819 	DATA 	Keypress: 5
371.6819 	DATA 	TR 239 | TR1 120 | TR2 119
373.2318 	DATA 	Keypress: 5
373.2318 	DATA 	TR 240 | TR1 120 | TR2 120
374.8149 	DATA 	Keypress: 5
374.8150 	DATA 	TR 241 | TR1 121 | TR2 120
376.3648 	DATA 	Keypress: 5
376.3649 	DATA 	TR 242 | TR1 121 | TR2 121
377.9313 	DATA 	Keypress: 5
377.9314 	DATA 	TR 243 | TR1 122 | TR2 121
379.4812 	DATA 	Keypress: 5
379.4812 	DATA 	TR 244 | TR1 122 | TR2 122
381.0644 	DATA 	Keypress: 5
381.0644 	DATA 	TR 245 | TR1 123 | TR2 122
382.6144 	DATA 	Keypress: 5
382.6144 	DATA 	TR 246 | TR1 123 | TR2 123
384.1807 	DATA 	Keypress: 5
384.1808 	DATA 	TR 247 | TR1 124 | TR2 123
384.7807 	DATA 	
384.7807 	DATA 	stimulation stopped
384.7807 	DATA 	
385.7305 	DATA 	Keypress: 5
385.7306 	DATA 	TR 248 | TR1 124 | TR2 124
387.2972 	DATA 	Keypress: 5
387.2972 	DATA 	TR 249 | TR1 125 | TR2 124
388.8475 	DATA 	Keypress: 5
388.8635 	DATA 	TR 250 | TR1 125 | TR2 125
390.4302 	DATA 	Keypress: 5
390.4302 	DATA 	TR 251 | TR1 126 | TR2 125
391.9800 	DATA 	Keypress: 5
391.9800 	DATA 	TR 252 | TR1 126 | TR2 126
393.5465 	DATA 	Keypress: 5
393.5465 	DATA 	TR 253 | TR1 127 | TR2 126
395.0964 	DATA 	Keypress: 5
395.0964 	DATA 	TR 254 | TR1 127 | TR2 127
396.6795 	DATA 	Keypress: 5
396.6796 	DATA 	TR 255 | TR1 128 | TR2 127
398.2294 	DATA 	Keypress: 5
398.2295 	DATA 	TR 256 | TR1 128 | TR2 128
399.7960 	DATA 	Keypress: 5
399.7961 	DATA 	TR 257 | TR1 129 | TR2 128
401.3458 	DATA 	Keypress: 5
401.3458 	DATA 	TR 258 | TR1 129 | TR2 129
402.9129 	DATA 	Keypress: 5
402.9289 	DATA 	TR 259 | TR1 130 | TR2 129
404.4788 	DATA 	Keypress: 5
404.4789 	DATA 	TR 260 | TR1 130 | TR2 130
406.0453 	DATA 	Keypress: 5
406.0454 	DATA 	TR 261 | TR1 131 | TR2 130
407.5952 	DATA 	Keypress: 5
407.5953 	DATA 	TR 262 | TR1 131 | TR2 131
408.7785 	DATA 	
408.7785 	DATA 	Trial complete
408.7785 	DATA 	Waiting for VASO trigger to start next trial
408.7786 	DATA 	
409.1617 	DATA 	Keypress: 5
409.1617 	DATA 	Waited 0.3831808567047119 seconds for trigger
409.1625 	DATA 	
409.1625 	DATA 	Trial 15
409.1625 	DATA 	stimDur = 2.0
409.1625 	DATA 	jitter = 0.78525
409.1625 	DATA 	restDur = 14.0

409.1625 	DATA 	
409.1625 	DATA 	TR 263 | TR1 132 | TR2 131
409.9616 	DATA 	
409.9616 	DATA 	stimulation started
409.9616 	DATA 	
410.7116 	DATA 	Keypress: 5
410.7117 	DATA 	TR 264 | TR1 132 | TR2 132
411.0616 	DATA 	Target presented
411.5115 	DATA 	Keypress: 1
411.5116 	DATA 	Key1 pressed
411.5116 	DATA 	Target detected
411.9615 	DATA 	
411.9615 	DATA 	stimulation stopped
411.9615 	DATA 	
412.2947 	DATA 	Keypress: 5
412.2948 	DATA 	TR 265 | TR1 133 | TR2 132
413.8446 	DATA 	Keypress: 5
413.8447 	DATA 	TR 266 | TR1 133 | TR2 133
415.4111 	DATA 	Keypress: 5
415.4111 	DATA 	TR 267 | TR1 134 | TR2 133
416.9611 	DATA 	Keypress: 5
416.9611 	DATA 	TR 268 | TR1 134 | TR2 134
418.5442 	DATA 	Keypress: 5
418.5442 	DATA 	TR 269 | TR1 135 | TR2 134
420.0942 	DATA 	Keypress: 5
420.0942 	DATA 	TR 270 | TR1 135 | TR2 135
421.6606 	DATA 	Keypress: 5
421.6606 	DATA 	TR 271 | TR1 136 | TR2 135
423.2104 	DATA 	Keypress: 5
423.2105 	DATA 	TR 272 | TR1 136 | TR2 136
424.7769 	DATA 	Keypress: 5
424.7769 	DATA 	TR 273 | TR1 137 | TR2 136
425.9601 	DATA 	
425.9601 	DATA 	Trial complete
425.9601 	DATA 	Waiting for VASO trigger to start next trial
425.9601 	DATA 	
426.3434 	DATA 	Keypress: 5
426.3435 	DATA 	TR 274 | TR1 137 | TR2 137
427.9100 	DATA 	Keypress: 5
427.9101 	DATA 	Waited 1.9499499797821045 seconds for trigger
427.9108 	DATA 	
427.9108 	DATA 	Trial 16
427.9109 	DATA 	stimDur = 2.0
427.9109 	DATA 	jitter = 1.5705
427.9109 	DATA 	restDur = 14.0

427.9109 	DATA 	
427.9109 	DATA 	TR 275 | TR1 138 | TR2 137
429.4598 	DATA 	Keypress: 5
429.4599 	DATA 	TR 276 | TR1 138 | TR2 138
429.4931 	DATA 	
429.4931 	DATA 	stimulation started
429.4931 	DATA 	
431.0264 	DATA 	Keypress: 5
431.0265 	DATA 	TR 277 | TR1 139 | TR2 138
431.4930 	DATA 	
431.4930 	DATA 	stimulation stopped
431.4930 	DATA 	
432.5762 	DATA 	Keypress: 5
432.5763 	DATA 	TR 278 | TR1 139 | TR2 139
434.1594 	DATA 	Keypress: 5
434.1595 	DATA 	TR 279 | TR1 140 | TR2 139
435.7093 	DATA 	Keypress: 5
435.7093 	DATA 	TR 280 | TR1 140 | TR2 140
437.2758 	DATA 	Keypress: 5
437.2758 	DATA 	TR 281 | TR1 141 | TR2 140
438.8255 	DATA 	Keypress: 5
438.8255 	DATA 	TR 282 | TR1 141 | TR2 141
440.4089 	DATA 	Keypress: 5
440.4089 	DATA 	TR 283 | TR1 142 | TR2 141
441.9587 	DATA 	Keypress: 5
441.9587 	DATA 	TR 284 | TR1 142 | TR2 142
443.5252 	DATA 	Keypress: 5
443.5252 	DATA 	TR 285 | TR1 143 | TR2 142
445.0750 	DATA 	Keypress: 5
445.0751 	DATA 	TR 286 | TR1 143 | TR2 143
445.4916 	DATA 	
445.4917 	DATA 	Trial complete
445.4917 	DATA 	Waiting for VASO trigger to start next trial
445.4917 	DATA 	
446.6416 	DATA 	Keypress: 5
446.6417 	DATA 	Waited 1.1499841213226318 seconds for trigger
446.6424 	DATA 	
446.6424 	DATA 	Trial 17
446.6424 	DATA 	stimDur = 12.0
446.6424 	DATA 	jitter = 0.0
446.6424 	DATA 	restDur = 20.0

446.6424 	DATA 	
446.6424 	DATA 	TR 287 | TR1 144 | TR2 143
446.6425 	DATA 	
446.6425 	DATA 	stimulation started
446.6425 	DATA 	
448.1916 	DATA 	Keypress: 5
448.1917 	DATA 	TR 288 | TR1 144 | TR2 144
449.7747 	DATA 	Keypress: 5
449.7748 	DATA 	TR 289 | TR1 145 | TR2 144
451.3245 	DATA 	Keypress: 5
451.3246 	DATA 	TR 290 | TR1 145 | TR2 145
452.8911 	DATA 	Keypress: 5
452.8911 	DATA 	TR 291 | TR1 146 | TR2 145
454.4409 	DATA 	Keypress: 5
454.4410 	DATA 	TR 292 | TR1 146 | TR2 146
456.0241 	DATA 	Keypress: 5
456.0242 	DATA 	TR 293 | TR1 147 | TR2 146
457.5740 	DATA 	Keypress: 5
457.5741 	DATA 	TR 294 | TR1 147 | TR2 147
458.6573 	DATA 	
458.6573 	DATA 	stimulation stopped
458.6573 	DATA 	
459.1404 	DATA 	Keypress: 5
459.1405 	DATA 	TR 295 | TR1 148 | TR2 147
460.6903 	DATA 	Keypress: 5
460.6903 	DATA 	TR 296 | TR1 148 | TR2 148
462.2568 	DATA 	Keypress: 5
462.2569 	DATA 	TR 297 | TR1 149 | TR2 148
463.8233 	DATA 	Keypress: 5
463.8234 	DATA 	TR 298 | TR1 149 | TR2 149
465.3899 	DATA 	Keypress: 5
465.3899 	DATA 	TR 299 | TR1 150 | TR2 149
466.9397 	DATA 	Keypress: 5
466.9397 	DATA 	TR 300 | TR1 150 | TR2 150
468.5062 	DATA 	Keypress: 5
468.5063 	DATA 	TR 301 | TR1 151 | TR2 150
470.0560 	DATA 	Keypress: 5
470.0560 	DATA 	TR 302 | TR1 151 | TR2 151
471.6393 	DATA 	Keypress: 5
471.6393 	DATA 	TR 303 | TR1 152 | TR2 151
473.1891 	DATA 	Keypress: 5
473.1892 	DATA 	TR 304 | TR1 152 | TR2 152
474.7557 	DATA 	Keypress: 5
474.7557 	DATA 	TR 305 | TR1 153 | TR2 152
476.3055 	DATA 	Keypress: 5
476.3055 	DATA 	TR 306 | TR1 153 | TR2 153
476.6388 	DATA 	Target presented
477.2054 	DATA 	Keypress: 1
477.2055 	DATA 	Key1 pressed
477.2055 	DATA 	Target detected
477.8887 	DATA 	Keypress: 5
477.8888 	DATA 	TR 307 | TR1 154 | TR2 153
478.6552 	DATA 	
478.6552 	DATA 	Trial complete
478.6553 	DATA 	Waiting for VASO trigger to start next trial
478.6553 	DATA 	
479.4386 	DATA 	Keypress: 5
479.4386 	DATA 	TR 308 | TR1 154 | TR2 154
481.0051 	DATA 	Keypress: 5
481.0052 	DATA 	Waited 2.349900007247925 seconds for trigger
481.0059 	DATA 	
481.0059 	DATA 	Trial 18
481.0059 	DATA 	stimDur = 4.0
481.0059 	DATA 	jitter = 1.5705
481.0059 	DATA 	restDur = 16.0

481.0060 	DATA 	
481.0060 	DATA 	TR 309 | TR1 155 | TR2 154
482.5549 	DATA 	Keypress: 5
482.5550 	DATA 	TR 310 | TR1 155 | TR2 155
482.5882 	DATA 	
482.5882 	DATA 	stimulation started
482.5882 	DATA 	
484.1215 	DATA 	Keypress: 5
484.1216 	DATA 	TR 311 | TR1 156 | TR2 155
485.6720 	DATA 	Keypress: 5
485.6880 	DATA 	TR 312 | TR1 156 | TR2 156
486.5880 	DATA 	
486.5880 	DATA 	stimulation stopped
486.5880 	DATA 	
487.2545 	DATA 	Keypress: 5
487.2546 	DATA 	TR 313 | TR1 157 | TR2 156
488.8043 	DATA 	Keypress: 5
488.8044 	DATA 	TR 314 | TR1 157 | TR2 157
490.3709 	DATA 	Keypress: 5
490.3709 	DATA 	TR 315 | TR1 158 | TR2 157
491.9207 	DATA 	Keypress: 5
491.9208 	DATA 	TR 316 | TR1 158 | TR2 158
493.5039 	DATA 	Keypress: 5
493.5040 	DATA 	TR 317 | TR1 159 | TR2 158
495.0538 	DATA 	Keypress: 5
495.0538 	DATA 	TR 318 | TR1 159 | TR2 159
496.6203 	DATA 	Keypress: 5
496.6204 	DATA 	TR 319 | TR1 160 | TR2 159
498.1701 	DATA 	Keypress: 5
498.1702 	DATA 	TR 320 | TR1 160 | TR2 160
499.7367 	DATA 	Keypress: 5
499.7367 	DATA 	TR 321 | TR1 161 | TR2 160
501.3032 	DATA 	Keypress: 5
501.3032 	DATA 	TR 322 | TR1 161 | TR2 161
502.5864 	DATA 	
502.5864 	DATA 	Trial complete
502.5864 	DATA 	Waiting for VASO trigger to start next trial
502.5864 	DATA 	
502.8697 	DATA 	Keypress: 5
502.8698 	DATA 	Waited 0.2833719253540039 seconds for trigger
502.8705 	DATA 	
502.8705 	DATA 	Trial 19
502.8706 	DATA 	stimDur = 24.0
502.8706 	DATA 	jitter = 0.0
502.8706 	DATA 	restDur = 24.0

502.8706 	DATA 	
502.8706 	DATA 	TR 323 | TR1 162 | TR2 161
502.8706 	DATA 	
502.8706 	DATA 	stimulation started
502.8706 	DATA 	
504.4196 	DATA 	Keypress: 5
504.4197 	DATA 	TR 324 | TR1 162 | TR2 162
505.9862 	DATA 	Keypress: 5
505.9862 	DATA 	TR 325 | TR1 163 | TR2 162
507.5360 	DATA 	Keypress: 5
507.5361 	DATA 	TR 326 | TR1 163 | TR2 163
509.1192 	DATA 	Keypress: 5
509.1193 	DATA 	TR 327 | TR1 164 | TR2 163
510.6690 	DATA 	Keypress: 5
510.6691 	DATA 	TR 328 | TR1 164 | TR2 164
512.2356 	DATA 	Keypress: 5
512.2357 	DATA 	TR 329 | TR1 165 | TR2 164
513.7854 	DATA 	Keypress: 5
513.7855 	DATA 	TR 330 | TR1 165 | TR2 165
515.3687 	DATA 	Keypress: 5
515.3687 	DATA 	TR 331 | TR1 166 | TR2 165
516.9185 	DATA 	Keypress: 5
516.9185 	DATA 	TR 332 | TR1 166 | TR2 166
518.4850 	DATA 	Keypress: 5
518.4850 	DATA 	TR 333 | TR1 167 | TR2 166
520.0349 	DATA 	Keypress: 5
520.0349 	DATA 	TR 334 | TR1 167 | TR2 167
521.6014 	DATA 	Keypress: 5
521.6014 	DATA 	TR 335 | TR1 168 | TR2 167
523.1519 	DATA 	Keypress: 5
523.1678 	DATA 	TR 336 | TR1 168 | TR2 168
524.7344 	DATA 	Keypress: 5
524.7345 	DATA 	TR 337 | TR1 169 | TR2 168
526.2843 	DATA 	Keypress: 5
526.2843 	DATA 	TR 338 | TR1 169 | TR2 169
526.8842 	DATA 	
526.8842 	DATA 	stimulation stopped
526.8842 	DATA 	
527.8508 	DATA 	Keypress: 5
527.8508 	DATA 	TR 339 | TR1 170 | TR2 169
529.4006 	DATA 	Keypress: 5
529.4006 	DATA 	TR 340 | TR1 170 | TR2 170
530.9838 	DATA 	Keypress: 5
530.9839 	DATA 	TR 341 | TR1 171 | TR2 170
532.5336 	DATA 	Keypress: 5
532.5337 	DATA 	TR 342 | TR1 171 | TR2 171
534.1002 	DATA 	Keypress: 5
534.1002 	DATA 	TR 343 | TR1 172 | TR2 171
535.6500 	DATA 	Keypress: 5
535.6501 	DATA 	TR 344 | TR1 172 | TR2 172
537.2172 	DATA 	Keypress: 5
537.2332 	DATA 	TR 345 | TR1 173 | TR2 172
538.7831 	DATA 	Keypress: 5
538.7831 	DATA 	TR 346 | TR1 173 | TR2 173
540.3496 	DATA 	Keypress: 5
540.3497 	DATA 	TR 347 | TR1 174 | TR2 173
541.8996 	DATA 	Keypress: 5
541.8996 	DATA 	TR 348 | TR1 174 | TR2 174
543.4660 	DATA 	Keypress: 5
543.4660 	DATA 	TR 349 | TR1 175 | TR2 174
545.0158 	DATA 	Keypress: 5
545.0159 	DATA 	TR 350 | TR1 175 | TR2 175
546.5990 	DATA 	Keypress: 5
546.5991 	DATA 	TR 351 | TR1 176 | TR2 175
548.1490 	DATA 	Keypress: 5
548.1491 	DATA 	TR 352 | TR1 176 | TR2 176
549.7154 	DATA 	Keypress: 5
549.7154 	DATA 	TR 353 | TR1 177 | TR2 176
550.8821 	DATA 	
550.8821 	DATA 	Trial complete
550.8821 	DATA 	
551.2652 	DATA 	Keypress: 5
551.2653 	DATA 	TR 354 | TR1 177 | TR2 177
552.2652 	DATA 	Target presented
552.7985 	DATA 	Keypress: 1
552.7985 	DATA 	Key1 pressed
552.7985 	DATA 	Target detected
552.8484 	DATA 	Keypress: 5
552.8484 	DATA 	Waited 50.26203489303589 seconds for trigger
552.8492 	DATA 	
552.8492 	DATA 	Trial 20
552.8492 	DATA 	stimDur = 24.0
552.8492 	DATA 	jitter = 0.78525
552.8492 	DATA 	restDur = 24.0

552.8492 	DATA 	
552.8492 	DATA 	TR 355 | TR1 178 | TR2 177
553.6484 	DATA 	
553.6484 	DATA 	stimulation started
553.6484 	DATA 	
554.3983 	DATA 	Keypress: 5
554.3984 	DATA 	TR 356 | TR1 178 | TR2 178
555.9649 	DATA 	Keypress: 5
555.9649 	DATA 	TR 357 | TR1 179 | TR2 178
557.5147 	DATA 	Keypress: 5
557.5147 	DATA 	TR 358 | TR1 179 | TR2 179
559.0814 	DATA 	Keypress: 5
559.0815 	DATA 	TR 359 | TR1 180 | TR2 179
560.6478 	DATA 	Keypress: 5
560.6478 	DATA 	TR 360 | TR1 180 | TR2 180
562.2143 	DATA 	Keypress: 5
562.2144 	DATA 	TR 361 | TR1 181 | TR2 180
563.7641 	DATA 	Keypress: 5
563.7642 	DATA 	TR 362 | TR1 181 | TR2 181
565.3307 	DATA 	Keypress: 5
565.3307 	DATA 	TR 363 | TR1 182 | TR2 181
566.8805 	DATA 	Keypress: 5
566.8806 	DATA 	TR 364 | TR1 182 | TR2 182
568.4637 	DATA 	Keypress: 5
568.4638 	DATA 	TR 365 | TR1 183 | TR2 182
570.0136 	DATA 	Keypress: 5
570.0136 	DATA 	TR 366 | TR1 183 | TR2 183
571.5801 	DATA 	Keypress: 5
571.5802 	DATA 	TR 367 | TR1 184 | TR2 183
573.1301 	DATA 	Keypress: 5
573.1301 	DATA 	TR 368 | TR1 184 | TR2 184
574.6972 	DATA 	Keypress: 5
574.7131 	DATA 	TR 369 | TR1 185 | TR2 184
576.2630 	DATA 	Keypress: 5
576.2630 	DATA 	TR 370 | TR1 185 | TR2 185
577.6463 	DATA 	
577.6463 	DATA 	stimulation stopped
577.6464 	DATA 	
577.8295 	DATA 	Keypress: 5
577.8295 	DATA 	TR 371 | TR1 186 | TR2 185
579.3793 	DATA 	Keypress: 5
579.3793 	DATA 	TR 372 | TR1 186 | TR2 186
580.9459 	DATA 	Keypress: 5
580.9459 	DATA 	TR 373 | TR1 187 | TR2 186
582.4963 	DATA 	Keypress: 5
582.5123 	DATA 	TR 374 | TR1 187 | TR2 187
584.0789 	DATA 	Keypress: 5
584.0789 	DATA 	TR 375 | TR1 188 | TR2 187
585.6287 	DATA 	Keypress: 5
585.6288 	DATA 	TR 376 | TR1 188 | TR2 188
587.1953 	DATA 	Keypress: 5
587.1953 	DATA 	TR 377 | TR1 189 | TR2 188
588.7451 	DATA 	Keypress: 5
588.7451 	DATA 	TR 378 | TR1 189 | TR2 189
590.3283 	DATA 	Keypress: 5
590.3284 	DATA 	TR 379 | TR1 190 | TR2 189
591.8783 	DATA 	Keypress: 5
591.8783 	DATA 	TR 380 | TR1 190 | TR2 190
593.4447 	DATA 	Keypress: 5
593.4448 	DATA 	TR 381 | TR1 191 | TR2 190
593.7946 	DATA 	Target presented
594.3113 	DATA 	Keypress: 1
594.3113 	DATA 	Key1 pressed
594.3113 	DATA 	Target detected
594.9946 	DATA 	Keypress: 5
594.9946 	DATA 	TR 382 | TR1 191 | TR2 191
596.5611 	DATA 	Keypress: 5
596.5611 	DATA 	TR 383 | TR1 192 | TR2 191
598.1276 	DATA 	Keypress: 5
598.1276 	DATA 	TR 384 | TR1 192 | TR2 192
599.6941 	DATA 	Keypress: 5
599.6942 	DATA 	TR 385 | TR1 193 | TR2 192
601.2439 	DATA 	Keypress: 5
601.2440 	DATA 	TR 386 | TR1 193 | TR2 193
601.6439 	DATA 	
601.6439 	DATA 	Trial complete
601.6439 	DATA 	
602.8105 	DATA 	Keypress: 5
602.8106 	DATA 	TR 387 | TR1 194 | TR2 193
604.3604 	DATA 	Keypress: 5
604.3604 	DATA 	TR 388 | TR1 194 | TR2 194
605.9436 	DATA 	Keypress: 5
605.9436 	DATA 	TR 389 | TR1 195 | TR2 194
607.4934 	DATA 	Keypress: 5
607.4934 	DATA 	TR 390 | TR1 195 | TR2 195
609.0599 	DATA 	Keypress: 5
609.0600 	DATA 	TR 391 | TR1 196 | TR2 195
610.6098 	DATA 	Keypress: 5
610.6098 	DATA 	TR 392 | TR1 196 | TR2 196
612.1930 	DATA 	Keypress: 5
612.1930 	DATA 	TR 393 | TR1 197 | TR2 196
613.7428 	DATA 	Keypress: 5
613.7429 	DATA 	TR 394 | TR1 197 | TR2 197
615.3094 	DATA 	Keypress: 5
615.3094 	DATA 	TR 395 | TR1 198 | TR2 197
616.8592 	DATA 	Keypress: 5
616.8592 	DATA 	TR 396 | TR1 198 | TR2 198
618.4257 	DATA 	Keypress: 5
618.4258 	DATA 	TR 397 | TR1 199 | TR2 198
619.9757 	DATA 	Keypress: 5
619.9757 	DATA 	TR 398 | TR1 199 | TR2 199
621.5588 	DATA 	Keypress: 5
621.5588 	DATA 	TR 399 | TR1 200 | TR2 199
623.1086 	DATA 	Keypress: 5
623.1087 	DATA 	TR 400 | TR1 200 | TR2 200
624.6751 	DATA 	Keypress: 5
624.6752 	DATA 	TR 401 | TR1 201 | TR2 200
626.2249 	DATA 	Keypress: 5
626.2250 	DATA 	TR 402 | TR1 201 | TR2 201
627.8082 	DATA 	Keypress: 5
627.8082 	DATA 	TR 403 | TR1 202 | TR2 201
629.3580 	DATA 	Keypress: 5
629.3581 	DATA 	TR 404 | TR1 202 | TR2 202
630.9246 	DATA 	Keypress: 5
630.9247 	DATA 	TR 405 | TR1 203 | TR2 202
632.4745 	DATA 	Keypress: 5
632.4746 	DATA 	TR 406 | TR1 203 | TR2 203
634.0411 	DATA 	Keypress: 5
634.0411 	DATA 	TR 407 | TR1 204 | TR2 203
635.6074 	DATA 	Keypress: 5
635.6075 	DATA 	TR 408 | TR1 204 | TR2 204
637.1740 	DATA 	Keypress: 5
637.1741 	DATA 	TR 409 | TR1 205 | TR2 204
638.7238 	DATA 	Keypress: 5
638.7238 	DATA 	TR 410 | TR1 205 | TR2 205
640.2903 	DATA 	Keypress: 5
640.2904 	DATA 	TR 411 | TR1 206 | TR2 205
641.8402 	DATA 	Keypress: 5
641.8403 	DATA 	TR 412 | TR1 206 | TR2 206
643.4234 	DATA 	Keypress: 5
643.4234 	DATA 	TR 413 | TR1 207 | TR2 206
644.9732 	DATA 	Keypress: 5
644.9733 	DATA 	TR 414 | TR1 207 | TR2 207
646.5398 	DATA 	Keypress: 5
646.5398 	DATA 	TR 415 | TR1 208 | TR2 207
648.0896 	DATA 	Keypress: 5
648.0897 	DATA 	TR 416 | TR1 208 | TR2 208
649.6729 	DATA 	Keypress: 5
649.6730 	DATA 	TR 417 | TR1 209 | TR2 208
650.7227 	DATA 	EndOfRun sub-07_ses-01_run-03

650.7227 	DATA 	We spent 80.15698719024658 seconds waiting for triggers
650.7227 	DATA 	RatioOfDetectedTargets 1.0
650.7227 	DATA 	You have detected 9 out of 9 targets.
655.5450 	DATA 	Keypress: 5
655.5452 	DATA 	Keypress: 5
655.5453 	DATA 	Keypress: 5
655.7525 	EXP 	window1: mouseVisible = True
