MonitorDistance=99cm
MonitorWidth=30cm
PixelWidth=1024.0
PixelHeight=768.0
You have detected 12 out of 12 targets.
Excellent! Keep up the good work
5.4260 	INFO 	Loaded monitor calibration from ['2021_05_26 17:55']
5.9067 	EXP 	Created window1 = Window(allowGUI=False, allowStencil=False, autoLog=True, backendConf=UNKNOWN, bitsMode=UNKNOWN, blendMode='avg', bpc=(8, 8, 8), color=array([-0.5, -0.5, -0.5]), colorSpace='rgb', depthBits=8, fullscr=<method-wrapper '__getattribute__' of attributeSetter object at 0x7f12ce2ca438>, gamma=None, gammaErrorPolicy='raise', lms=UNKNOWN, monitor=<psychopy.monitors.calibTools.Monitor object at 0x7f12c40eb048>, multiSample=False, name='window1', numSamples=2, pos=[0.0, 0.0], screen=0, size=array([1024,  768]), stencilBits=0, stereo=False, units='deg', useFBO=False, useRetina=False, viewOri=0.0, viewPos=None, viewScale=None, waitBlanking=True, winType='pyglet')
5.9068 	EXP 	window1: mouseVisible = True
5.9796 	EXP 	Created unnamed TextStim = TextStim(__class__=<class 'psychopy.visual.text.TextStim'>, alignHoriz=method-wrapper(...), alignText='center', alignVert=method-wrapper(...), anchorHoriz='center', anchorVert='center', antialias=True, autoLog=True, bold=False, color=array([1., 1., 1.]), colorSpace='rgb', contrast=1.0, depth=0, flipHoriz=False, flipVert=False, font='', fontFiles=[], height=0.5, italic=False, languageStyle='LTR', name='unnamed TextStim', opacity=1.0, ori=0.0, pos=array([0., 0.]), rgb=UNKNOWN, text=str(...), units='deg', win=Window(...), wrapWidth=15.0)
6.0118 	EXP 	Created Movie Frame 0 = ImageStim(__class__=<class 'psychopy.visual.image.ImageStim'>, autoLog=True, color=array([0.8, 0.8, 0.8]), colorSpace='rgb', contrast=0.8, depth=0, flipHoriz=False, flipVert=False, image='visual_0.png', interpolate=False, mask=None, maskParams=None, name='Movie Frame 0', opacity=1, ori=0.0, pos=array([0., 0.]), size=array([1024,  768]), texRes=128, units='pix', win=Window(...))
6.0360 	EXP 	Created Movie Frame 1 = ImageStim(__class__=<class 'psychopy.visual.image.ImageStim'>, autoLog=True, color=array([0.8, 0.8, 0.8]), colorSpace='rgb', contrast=0.8, depth=0, flipHoriz=False, flipVert=False, image='visual_1.png', interpolate=False, mask=None, maskParams=None, name='Movie Frame 1', opacity=1, ori=0.0, pos=array([0., 0.]), size=array([1024,  768]), texRes=128, units='pix', win=Window(...))
46.6273 	DATA 	Keypress: 5
0.0000 	DATA 	StartOfRun sub-09_ses-01_run-03
0.0000 	DATA 	TR 1 | TR1 1 | TR2 0
0.0175 	DATA 	Initial baseline

1.5511 	DATA 	Keypress: 5
1.5512 	DATA 	TR 2 | TR1 1 | TR2 1
3.1224 	DATA 	Keypress: 5
3.1224 	DATA 	TR 3 | TR1 2 | TR2 1
4.6744 	DATA 	Keypress: 5
4.6744 	DATA 	TR 4 | TR1 2 | TR2 2
6.2457 	DATA 	Keypress: 5
6.2457 	DATA 	TR 5 | TR1 3 | TR2 2
7.7977 	DATA 	Keypress: 5
7.7978 	DATA 	TR 6 | TR1 3 | TR2 3
9.3691 	DATA 	Keypress: 5
9.3691 	DATA 	TR 7 | TR1 4 | TR2 3
10.9213 	DATA 	Keypress: 5
10.9214 	DATA 	TR 8 | TR1 4 | TR2 4
12.4925 	DATA 	Keypress: 5
12.4925 	DATA 	TR 9 | TR1 5 | TR2 4
14.0446 	DATA 	Keypress: 5
14.0447 	DATA 	TR 10 | TR1 5 | TR2 5
15.6158 	DATA 	Keypress: 5
15.6159 	DATA 	TR 11 | TR1 6 | TR2 5
17.1680 	DATA 	Keypress: 5
17.1680 	DATA 	TR 12 | TR1 6 | TR2 6
18.7392 	DATA 	Keypress: 5
18.7392 	DATA 	TR 13 | TR1 7 | TR2 6
20.2913 	DATA 	Keypress: 5
20.2913 	DATA 	TR 14 | TR1 7 | TR2 7
21.8626 	DATA 	Keypress: 5
21.8626 	DATA 	TR 15 | TR1 8 | TR2 7
23.4148 	DATA 	Keypress: 5
23.4148 	DATA 	TR 16 | TR1 8 | TR2 8
24.9860 	DATA 	Keypress: 5
24.9860 	DATA 	TR 17 | TR1 9 | TR2 8
26.5381 	DATA 	Keypress: 5
26.5382 	DATA 	TR 18 | TR1 9 | TR2 9
28.1094 	DATA 	Keypress: 5
28.1095 	DATA 	TR 19 | TR1 10 | TR2 9
29.6606 	DATA 	Keypress: 5
29.6606 	DATA 	TR 20 | TR1 10 | TR2 10
31.2482 	DATA 	Keypress: 5
31.2482 	DATA 	Waited 1.248236894607544 seconds for trigger
31.2497 	DATA 	
31.2497 	DATA 	Trial 1
31.2497 	DATA 	stimDur = 12.0
31.2497 	DATA 	jitter = 0.0
31.2497 	DATA 	restDur = 30.0

31.2497 	DATA 	
31.2497 	DATA 	TR 21 | TR1 11 | TR2 10
31.2497 	DATA 	
31.2497 	DATA 	stimulation started
31.2497 	DATA 	
32.7984 	DATA 	Keypress: 5
32.7984 	DATA 	TR 22 | TR1 11 | TR2 11
34.3649 	DATA 	Keypress: 5
34.3649 	DATA 	TR 23 | TR1 12 | TR2 11
35.9147 	DATA 	Keypress: 5
35.9148 	DATA 	TR 24 | TR1 12 | TR2 12
37.4812 	DATA 	Keypress: 5
37.4813 	DATA 	TR 25 | TR1 13 | TR2 12
39.0318 	DATA 	Keypress: 5
39.0477 	DATA 	TR 26 | TR1 13 | TR2 13
40.6143 	DATA 	Keypress: 5
40.6143 	DATA 	TR 27 | TR1 14 | TR2 13
42.1642 	DATA 	Keypress: 5
42.1642 	DATA 	TR 28 | TR1 14 | TR2 14
43.2640 	DATA 	
43.2640 	DATA 	stimulation stopped
43.2640 	DATA 	
43.7307 	DATA 	Keypress: 5
43.7308 	DATA 	TR 29 | TR1 15 | TR2 14
45.2805 	DATA 	Keypress: 5
45.2805 	DATA 	TR 30 | TR1 15 | TR2 15
46.8636 	DATA 	Keypress: 5
46.8637 	DATA 	TR 31 | TR1 16 | TR2 15
48.4137 	DATA 	Keypress: 5
48.4137 	DATA 	TR 32 | TR1 16 | TR2 16
49.9800 	DATA 	Keypress: 5
49.9801 	DATA 	TR 33 | TR1 17 | TR2 16
51.5299 	DATA 	Keypress: 5
51.5299 	DATA 	TR 34 | TR1 17 | TR2 17
53.0970 	DATA 	Keypress: 5
53.1130 	DATA 	TR 35 | TR1 18 | TR2 17
54.6630 	DATA 	Keypress: 5
54.6630 	DATA 	TR 36 | TR1 18 | TR2 18
56.2296 	DATA 	Keypress: 5
56.2296 	DATA 	TR 37 | TR1 19 | TR2 18
57.7793 	DATA 	Keypress: 5
57.7794 	DATA 	TR 38 | TR1 19 | TR2 19
59.3458 	DATA 	Keypress: 5
59.3459 	DATA 	TR 39 | TR1 20 | TR2 19
60.8958 	DATA 	Keypress: 5
60.8959 	DATA 	TR 40 | TR1 20 | TR2 20
62.4790 	DATA 	Keypress: 5
62.4790 	DATA 	TR 41 | TR1 21 | TR2 20
64.0287 	DATA 	Keypress: 5
64.0288 	DATA 	TR 42 | TR1 21 | TR2 21
65.5952 	DATA 	Keypress: 5
65.5953 	DATA 	TR 43 | TR1 22 | TR2 21
67.1451 	DATA 	Keypress: 5
67.1452 	DATA 	TR 44 | TR1 22 | TR2 22
68.7283 	DATA 	Keypress: 5
68.7284 	DATA 	TR 45 | TR1 23 | TR2 22
70.2782 	DATA 	Keypress: 5
70.2782 	DATA 	TR 46 | TR1 23 | TR2 23
71.8446 	DATA 	Keypress: 5
71.8447 	DATA 	TR 47 | TR1 24 | TR2 23
73.2612 	DATA 	
73.2612 	DATA 	Trial complete
73.2612 	DATA 	Waiting for VASO trigger to start next trial
73.2612 	DATA 	
73.3945 	DATA 	Keypress: 5
73.3946 	DATA 	TR 48 | TR1 24 | TR2 24
74.9611 	DATA 	Keypress: 5
74.9611 	DATA 	Waited 1.6999058723449707 seconds for trigger
74.9620 	DATA 	
74.9620 	DATA 	Trial 2
74.9620 	DATA 	stimDur = 24.0
74.9620 	DATA 	jitter = 0.78525
74.9620 	DATA 	restDur = 40.0

74.9620 	DATA 	
74.9620 	DATA 	TR 49 | TR1 25 | TR2 24
75.7609 	DATA 	
75.7609 	DATA 	stimulation started
75.7609 	DATA 	
76.5117 	DATA 	Keypress: 5
76.5276 	DATA 	TR 50 | TR1 25 | TR2 25
78.0942 	DATA 	Keypress: 5
78.0942 	DATA 	TR 51 | TR1 26 | TR2 25
79.6440 	DATA 	Keypress: 5
79.6440 	DATA 	TR 52 | TR1 26 | TR2 26
81.2105 	DATA 	Keypress: 5
81.2106 	DATA 	TR 53 | TR1 27 | TR2 26
82.7604 	DATA 	Keypress: 5
82.7604 	DATA 	TR 54 | TR1 27 | TR2 27
84.3436 	DATA 	Keypress: 5
84.3436 	DATA 	TR 55 | TR1 28 | TR2 27
85.8934 	DATA 	Keypress: 5
85.8935 	DATA 	TR 56 | TR1 28 | TR2 28
87.4600 	DATA 	Keypress: 5
87.4600 	DATA 	TR 57 | TR1 29 | TR2 28
89.0098 	DATA 	Keypress: 5
89.0098 	DATA 	TR 58 | TR1 29 | TR2 29
90.5771 	DATA 	Keypress: 5
90.5929 	DATA 	TR 59 | TR1 30 | TR2 29
92.1428 	DATA 	Keypress: 5
92.1429 	DATA 	TR 60 | TR1 30 | TR2 30
93.7094 	DATA 	Keypress: 5
93.7094 	DATA 	TR 61 | TR1 31 | TR2 30
95.2592 	DATA 	Keypress: 5
95.2592 	DATA 	TR 62 | TR1 31 | TR2 31
96.8257 	DATA 	Keypress: 5
96.8258 	DATA 	TR 63 | TR1 32 | TR2 31
98.3756 	DATA 	Keypress: 5
98.3756 	DATA 	TR 64 | TR1 32 | TR2 32
99.7589 	DATA 	
99.7589 	DATA 	stimulation stopped
99.7589 	DATA 	
99.9589 	DATA 	Keypress: 5
99.9589 	DATA 	TR 65 | TR1 33 | TR2 32
100.6587 	DATA 	Target presented
101.2586 	DATA 	Keypress: 1
101.2587 	DATA 	Key1 pressed
101.2587 	DATA 	Target detected
101.5086 	DATA 	Keypress: 5
101.5086 	DATA 	TR 66 | TR1 33 | TR2 33
103.0752 	DATA 	Keypress: 5
103.0752 	DATA 	TR 67 | TR1 34 | TR2 33
104.6250 	DATA 	Keypress: 5
104.6250 	DATA 	TR 68 | TR1 34 | TR2 34
106.2082 	DATA 	Keypress: 5
106.2082 	DATA 	TR 69 | TR1 35 | TR2 34
107.7580 	DATA 	Keypress: 5
107.7580 	DATA 	TR 70 | TR1 35 | TR2 35
109.3245 	DATA 	Keypress: 5
109.3246 	DATA 	TR 71 | TR1 36 | TR2 35
110.8744 	DATA 	Keypress: 5
110.8744 	DATA 	TR 72 | TR1 36 | TR2 36
112.4409 	DATA 	Keypress: 5
112.4410 	DATA 	TR 73 | TR1 37 | TR2 36
114.0074 	DATA 	Keypress: 5
114.0074 	DATA 	TR 74 | TR1 37 | TR2 37
115.5740 	DATA 	Keypress: 5
115.5740 	DATA 	TR 75 | TR1 38 | TR2 37
117.1237 	DATA 	Keypress: 5
117.1238 	DATA 	TR 76 | TR1 38 | TR2 38
118.6903 	DATA 	Keypress: 5
118.6904 	DATA 	TR 77 | TR1 39 | TR2 38
120.2403 	DATA 	Keypress: 5
120.2403 	DATA 	TR 78 | TR1 39 | TR2 39
121.8234 	DATA 	Keypress: 5
121.8234 	DATA 	TR 79 | TR1 40 | TR2 39
123.3732 	DATA 	Keypress: 5
123.3733 	DATA 	TR 80 | TR1 40 | TR2 40
124.9398 	DATA 	Keypress: 5
124.9398 	DATA 	TR 81 | TR1 41 | TR2 40
126.4896 	DATA 	Keypress: 5
126.4896 	DATA 	TR 82 | TR1 41 | TR2 41
128.0568 	DATA 	Keypress: 5
128.0727 	DATA 	TR 83 | TR1 42 | TR2 41
129.6226 	DATA 	Keypress: 5
129.6227 	DATA 	TR 84 | TR1 42 | TR2 42
131.1892 	DATA 	Keypress: 5
131.1893 	DATA 	TR 85 | TR1 43 | TR2 42
132.7390 	DATA 	Keypress: 5
132.7390 	DATA 	TR 86 | TR1 43 | TR2 43
134.3056 	DATA 	Keypress: 5
134.3056 	DATA 	TR 87 | TR1 44 | TR2 43
135.8560 	DATA 	Keypress: 5
135.8720 	DATA 	TR 88 | TR1 44 | TR2 44
137.4386 	DATA 	Keypress: 5
137.4387 	DATA 	TR 89 | TR1 45 | TR2 44
138.9884 	DATA 	Keypress: 5
138.9885 	DATA 	TR 90 | TR1 45 | TR2 45
139.7549 	DATA 	
139.7549 	DATA 	Trial complete
139.7549 	DATA 	Waiting for VASO trigger to start next trial
139.7549 	DATA 	
140.5551 	DATA 	Keypress: 5
140.5552 	DATA 	Waited 0.8002750873565674 seconds for trigger
140.5559 	DATA 	
140.5560 	DATA 	Trial 3
140.5560 	DATA 	stimDur = 2.0
140.5560 	DATA 	jitter = 2.35575
140.5560 	DATA 	restDur = 22.0

140.5560 	DATA 	
140.5560 	DATA 	TR 91 | TR1 46 | TR2 45
142.1048 	DATA 	Keypress: 5
142.1049 	DATA 	TR 92 | TR1 46 | TR2 46
142.9214 	DATA 	
142.9214 	DATA 	stimulation started
142.9214 	DATA 	
143.6881 	DATA 	Keypress: 5
143.6882 	DATA 	TR 93 | TR1 47 | TR2 46
144.9212 	DATA 	
144.9213 	DATA 	stimulation stopped
144.9213 	DATA 	
145.2378 	DATA 	Keypress: 5
145.2378 	DATA 	TR 94 | TR1 47 | TR2 47
146.8044 	DATA 	Keypress: 5
146.8045 	DATA 	TR 95 | TR1 48 | TR2 47
148.3542 	DATA 	Keypress: 5
148.3543 	DATA 	TR 96 | TR1 48 | TR2 48
149.9208 	DATA 	Keypress: 5
149.9208 	DATA 	TR 97 | TR1 49 | TR2 48
151.4873 	DATA 	Keypress: 5
151.4873 	DATA 	TR 98 | TR1 49 | TR2 49
153.0540 	DATA 	Keypress: 5
153.0540 	DATA 	TR 99 | TR1 50 | TR2 49
154.6036 	DATA 	Keypress: 5
154.6037 	DATA 	TR 100 | TR1 50 | TR2 50
156.1702 	DATA 	Keypress: 5
156.1703 	DATA 	TR 101 | TR1 51 | TR2 50
157.7200 	DATA 	Keypress: 5
157.7201 	DATA 	TR 102 | TR1 51 | TR2 51
159.3032 	DATA 	Keypress: 5
159.3033 	DATA 	TR 103 | TR1 52 | TR2 51
160.8531 	DATA 	Keypress: 5
160.8531 	DATA 	TR 104 | TR1 52 | TR2 52
162.4196 	DATA 	Keypress: 5
162.4197 	DATA 	TR 105 | TR1 53 | TR2 52
163.9696 	DATA 	Keypress: 5
163.9696 	DATA 	TR 106 | TR1 53 | TR2 53
165.5527 	DATA 	Keypress: 5
165.5527 	DATA 	TR 107 | TR1 54 | TR2 53
166.9191 	DATA 	
166.9192 	DATA 	Trial complete
166.9192 	DATA 	Waiting for VASO trigger to start next trial
166.9192 	DATA 	
167.1025 	DATA 	Keypress: 5
167.1025 	DATA 	TR 108 | TR1 54 | TR2 54
168.6691 	DATA 	Keypress: 5
168.6691 	DATA 	Waited 1.7499289512634277 seconds for trigger
168.6699 	DATA 	
168.6699 	DATA 	Trial 4
168.6699 	DATA 	stimDur = 2.0
168.6699 	DATA 	jitter = 0.78525
168.6699 	DATA 	restDur = 22.0

168.6699 	DATA 	
168.6699 	DATA 	TR 109 | TR1 55 | TR2 54
169.4689 	DATA 	
169.4689 	DATA 	stimulation started
169.4689 	DATA 	
170.2189 	DATA 	Keypress: 5
170.2190 	DATA 	TR 110 | TR1 55 | TR2 55
171.4687 	DATA 	
171.4687 	DATA 	stimulation stopped
171.4687 	DATA 	
171.7855 	DATA 	Keypress: 5
171.7855 	DATA 	TR 111 | TR1 56 | TR2 55
171.9021 	DATA 	Target presented
172.4520 	DATA 	Keypress: 1
172.4520 	DATA 	Key1 pressed
172.4520 	DATA 	Target detected
173.3353 	DATA 	Keypress: 5
173.3353 	DATA 	TR 112 | TR1 56 | TR2 56
174.9185 	DATA 	Keypress: 5
174.9185 	DATA 	TR 113 | TR1 57 | TR2 56
176.4683 	DATA 	Keypress: 5
176.4683 	DATA 	TR 114 | TR1 57 | TR2 57
178.0348 	DATA 	Keypress: 5
178.0349 	DATA 	TR 115 | TR1 58 | TR2 57
179.5847 	DATA 	Keypress: 5
179.5847 	DATA 	TR 116 | TR1 58 | TR2 58
181.1679 	DATA 	Keypress: 5
181.1679 	DATA 	TR 117 | TR1 59 | TR2 58
182.7177 	DATA 	Keypress: 5
182.7178 	DATA 	TR 118 | TR1 59 | TR2 59
184.2843 	DATA 	Keypress: 5
184.2843 	DATA 	TR 119 | TR1 60 | TR2 59
185.8341 	DATA 	Keypress: 5
185.8341 	DATA 	TR 120 | TR1 60 | TR2 60
187.4013 	DATA 	Keypress: 5
187.4173 	DATA 	TR 121 | TR1 61 | TR2 60
188.9671 	DATA 	Keypress: 5
188.9672 	DATA 	TR 122 | TR1 61 | TR2 61
190.5337 	DATA 	Keypress: 5
190.5338 	DATA 	TR 123 | TR1 62 | TR2 61
192.0835 	DATA 	Keypress: 5
192.0835 	DATA 	TR 124 | TR1 62 | TR2 62
193.4667 	DATA 	
193.4667 	DATA 	Trial complete
193.4667 	DATA 	Waiting for VASO trigger to start next trial
193.4667 	DATA 	
193.6501 	DATA 	Keypress: 5
193.6501 	DATA 	Waited 0.18339896202087402 seconds for trigger
193.6509 	DATA 	
193.6509 	DATA 	Trial 5
193.6509 	DATA 	stimDur = 4.0
193.6509 	DATA 	jitter = 0.0
193.6509 	DATA 	restDur = 24.0

193.6509 	DATA 	
193.6509 	DATA 	TR 125 | TR1 63 | TR2 62
193.6509 	DATA 	
193.6509 	DATA 	stimulation started
193.6509 	DATA 	
195.2000 	DATA 	Keypress: 5
195.2000 	DATA 	TR 126 | TR1 63 | TR2 63
196.7832 	DATA 	Keypress: 5
196.7832 	DATA 	TR 127 | TR1 64 | TR2 63
197.6664 	DATA 	
197.6664 	DATA 	stimulation stopped
197.6664 	DATA 	
198.3329 	DATA 	Keypress: 5
198.3330 	DATA 	TR 128 | TR1 64 | TR2 64
199.8995 	DATA 	Keypress: 5
199.8995 	DATA 	TR 129 | TR1 65 | TR2 64
201.4493 	DATA 	Keypress: 5
201.4493 	DATA 	TR 130 | TR1 65 | TR2 65
203.0325 	DATA 	Keypress: 5
203.0326 	DATA 	TR 131 | TR1 66 | TR2 65
204.5823 	DATA 	Keypress: 5
204.5824 	DATA 	TR 132 | TR1 66 | TR2 66
206.1489 	DATA 	Keypress: 5
206.1490 	DATA 	TR 133 | TR1 67 | TR2 66
207.6989 	DATA 	Keypress: 5
207.6989 	DATA 	TR 134 | TR1 67 | TR2 67
209.2653 	DATA 	Keypress: 5
209.2653 	DATA 	TR 135 | TR1 68 | TR2 67
210.8158 	DATA 	Keypress: 5
210.8317 	DATA 	TR 136 | TR1 68 | TR2 68
212.3983 	DATA 	Keypress: 5
212.3984 	DATA 	TR 137 | TR1 69 | TR2 68
213.9482 	DATA 	Keypress: 5
213.9482 	DATA 	TR 138 | TR1 69 | TR2 69
215.5147 	DATA 	Keypress: 5
215.5148 	DATA 	TR 139 | TR1 70 | TR2 69
217.0645 	DATA 	Keypress: 5
217.0646 	DATA 	TR 140 | TR1 70 | TR2 70
218.6477 	DATA 	Keypress: 5
218.6478 	DATA 	TR 141 | TR1 71 | TR2 70
220.1976 	DATA 	Keypress: 5
220.1976 	DATA 	TR 142 | TR1 71 | TR2 71
221.6641 	DATA 	
221.6641 	DATA 	Trial complete
221.6641 	DATA 	Waiting for VASO trigger to start next trial
221.6641 	DATA 	
221.7641 	DATA 	Keypress: 5
221.7642 	DATA 	Waited 0.1000680923461914 seconds for trigger
221.7649 	DATA 	
221.7649 	DATA 	Trial 6
221.7650 	DATA 	stimDur = 4.0
221.7650 	DATA 	jitter = 1.5705
221.7650 	DATA 	restDur = 24.0

221.7650 	DATA 	
221.7650 	DATA 	TR 143 | TR1 72 | TR2 71
223.3139 	DATA 	Keypress: 5
223.3140 	DATA 	TR 144 | TR1 72 | TR2 72
223.3472 	DATA 	
223.3472 	DATA 	stimulation started
223.3472 	DATA 	
224.8972 	DATA 	Keypress: 5
224.8972 	DATA 	TR 145 | TR1 73 | TR2 72
226.4472 	DATA 	Keypress: 5
226.4472 	DATA 	TR 146 | TR1 73 | TR2 73
227.3470 	DATA 	
227.3470 	DATA 	stimulation stopped
227.3470 	DATA 	
228.0135 	DATA 	Keypress: 5
228.0136 	DATA 	TR 147 | TR1 74 | TR2 73
229.5634 	DATA 	Keypress: 5
229.5634 	DATA 	TR 148 | TR1 74 | TR2 74
231.1299 	DATA 	Keypress: 5
231.1299 	DATA 	TR 149 | TR1 75 | TR2 74
232.6798 	DATA 	Keypress: 5
232.6799 	DATA 	TR 150 | TR1 75 | TR2 75
234.2629 	DATA 	Keypress: 5
234.2630 	DATA 	TR 151 | TR1 76 | TR2 75
235.8128 	DATA 	Keypress: 5
235.8129 	DATA 	TR 152 | TR1 76 | TR2 76
237.3793 	DATA 	Keypress: 5
237.3794 	DATA 	TR 153 | TR1 77 | TR2 76
238.2459 	DATA 	Target presented
238.7792 	DATA 	Keypress: 1
238.7792 	DATA 	Key1 pressed
238.7792 	DATA 	Target detected
238.9292 	DATA 	Keypress: 5
238.9292 	DATA 	TR 154 | TR1 77 | TR2 77
240.5124 	DATA 	Keypress: 5
240.5125 	DATA 	TR 155 | TR1 78 | TR2 77
242.0622 	DATA 	Keypress: 5
242.0623 	DATA 	TR 156 | TR1 78 | TR2 78
243.6288 	DATA 	Keypress: 5
243.6288 	DATA 	TR 157 | TR1 79 | TR2 78
245.1786 	DATA 	Keypress: 5
245.1786 	DATA 	TR 158 | TR1 79 | TR2 79
246.7451 	DATA 	Keypress: 5
246.7451 	DATA 	TR 159 | TR1 80 | TR2 79
248.3116 	DATA 	Keypress: 5
248.3117 	DATA 	TR 160 | TR1 80 | TR2 80
249.8782 	DATA 	Keypress: 5
249.8783 	DATA 	TR 161 | TR1 81 | TR2 80
251.3447 	DATA 	
251.3447 	DATA 	Trial complete
251.3447 	DATA 	Waiting for VASO trigger to start next trial
251.3447 	DATA 	
251.4280 	DATA 	Keypress: 5
251.4280 	DATA 	TR 162 | TR1 81 | TR2 81
252.9947 	DATA 	Keypress: 5
252.9948 	DATA 	Waited 1.650048017501831 seconds for trigger
252.9955 	DATA 	
252.9955 	DATA 	Trial 7
252.9955 	DATA 	stimDur = 4.0
252.9955 	DATA 	jitter = 2.35575
252.9955 	DATA 	restDur = 24.0

252.9955 	DATA 	
252.9955 	DATA 	TR 163 | TR1 82 | TR2 81
254.5446 	DATA 	Keypress: 5
254.5446 	DATA 	TR 164 | TR1 82 | TR2 82
255.3609 	DATA 	
255.3609 	DATA 	stimulation started
255.3609 	DATA 	
256.1277 	DATA 	Keypress: 5
256.1277 	DATA 	TR 165 | TR1 83 | TR2 82
257.6775 	DATA 	Keypress: 5
257.6775 	DATA 	TR 166 | TR1 83 | TR2 83
259.2440 	DATA 	Keypress: 5
259.2441 	DATA 	TR 167 | TR1 84 | TR2 83
259.3606 	DATA 	
259.3606 	DATA 	stimulation stopped
259.3606 	DATA 	
260.7938 	DATA 	Keypress: 5
260.7939 	DATA 	TR 168 | TR1 84 | TR2 84
262.3770 	DATA 	Keypress: 5
262.3771 	DATA 	TR 169 | TR1 85 | TR2 84
263.9269 	DATA 	Keypress: 5
263.9269 	DATA 	TR 170 | TR1 85 | TR2 85
265.4936 	DATA 	Keypress: 5
265.4936 	DATA 	TR 171 | TR1 86 | TR2 85
267.0432 	DATA 	Keypress: 5
267.0433 	DATA 	TR 172 | TR1 86 | TR2 86
268.6098 	DATA 	Keypress: 5
268.6098 	DATA 	TR 173 | TR1 87 | TR2 86
270.1603 	DATA 	Keypress: 5
270.1762 	DATA 	TR 174 | TR1 87 | TR2 87
271.7428 	DATA 	Keypress: 5
271.7429 	DATA 	TR 175 | TR1 88 | TR2 87
273.2926 	DATA 	Keypress: 5
273.2927 	DATA 	TR 176 | TR1 88 | TR2 88
274.8592 	DATA 	Keypress: 5
274.8592 	DATA 	TR 177 | TR1 89 | TR2 88
276.4090 	DATA 	Keypress: 5
276.4091 	DATA 	TR 178 | TR1 89 | TR2 89
277.9924 	DATA 	Keypress: 5
277.9924 	DATA 	TR 179 | TR1 90 | TR2 89
279.5421 	DATA 	Keypress: 5
279.5421 	DATA 	TR 180 | TR1 90 | TR2 90
281.1086 	DATA 	Keypress: 5
281.1086 	DATA 	TR 181 | TR1 91 | TR2 90
282.6586 	DATA 	Keypress: 5
282.6586 	DATA 	TR 182 | TR1 91 | TR2 91
283.3583 	DATA 	
283.3584 	DATA 	Trial complete
283.3584 	DATA 	Waiting for VASO trigger to start next trial
283.3584 	DATA 	
284.2251 	DATA 	Keypress: 5
284.2252 	DATA 	Waited 0.866779088973999 seconds for trigger
284.2259 	DATA 	
284.2259 	DATA 	Trial 8
284.2259 	DATA 	stimDur = 24.0
284.2259 	DATA 	jitter = 1.5705
284.2259 	DATA 	restDur = 40.0

284.2260 	DATA 	
284.2260 	DATA 	TR 183 | TR1 92 | TR2 91
285.7917 	DATA 	Keypress: 5
285.7917 	DATA 	TR 184 | TR1 92 | TR2 92
285.8081 	DATA 	
285.8081 	DATA 	stimulation started
285.8081 	DATA 	
287.3581 	DATA 	Keypress: 5
287.3581 	DATA 	TR 185 | TR1 93 | TR2 92
288.9079 	DATA 	Keypress: 5
288.9080 	DATA 	TR 186 | TR1 93 | TR2 93
290.0578 	DATA 	Target presented
290.4745 	DATA 	Keypress: 5
290.4745 	DATA 	TR 187 | TR1 94 | TR2 93
290.5244 	DATA 	Keypress: 1
290.5245 	DATA 	Key1 pressed
290.5245 	DATA 	Target detected
292.0243 	DATA 	Keypress: 5
292.0244 	DATA 	TR 188 | TR1 94 | TR2 94
293.6075 	DATA 	Keypress: 5
293.6075 	DATA 	TR 189 | TR1 95 | TR2 94
295.1574 	DATA 	Keypress: 5
295.1574 	DATA 	TR 190 | TR1 95 | TR2 95
296.7239 	DATA 	Keypress: 5
296.7239 	DATA 	TR 191 | TR1 96 | TR2 95
298.2738 	DATA 	Keypress: 5
298.2738 	DATA 	TR 192 | TR1 96 | TR2 96
299.8569 	DATA 	Keypress: 5
299.8570 	DATA 	TR 193 | TR1 97 | TR2 96
301.4068 	DATA 	Keypress: 5
301.4068 	DATA 	TR 194 | TR1 97 | TR2 97
302.9733 	DATA 	Keypress: 5
302.9733 	DATA 	TR 195 | TR1 98 | TR2 97
304.5232 	DATA 	Keypress: 5
304.5232 	DATA 	TR 196 | TR1 98 | TR2 98
306.0897 	DATA 	Keypress: 5
306.0897 	DATA 	TR 197 | TR1 99 | TR2 98
307.6403 	DATA 	Keypress: 5
307.6563 	DATA 	TR 198 | TR1 99 | TR2 99
309.2228 	DATA 	Keypress: 5
309.2229 	DATA 	TR 199 | TR1 100 | TR2 99
309.8060 	DATA 	
309.8060 	DATA 	stimulation stopped
309.8060 	DATA 	
310.7725 	DATA 	Keypress: 5
310.7726 	DATA 	TR 200 | TR1 100 | TR2 100
312.3391 	DATA 	Keypress: 5
312.3392 	DATA 	TR 201 | TR1 101 | TR2 100
313.8889 	DATA 	Keypress: 5
313.8890 	DATA 	TR 202 | TR1 101 | TR2 101
315.4721 	DATA 	Keypress: 5
315.4721 	DATA 	TR 203 | TR1 102 | TR2 101
317.0219 	DATA 	Keypress: 5
317.0220 	DATA 	TR 204 | TR1 102 | TR2 102
318.5884 	DATA 	Keypress: 5
318.5885 	DATA 	TR 205 | TR1 103 | TR2 102
320.1383 	DATA 	Keypress: 5
320.1384 	DATA 	TR 206 | TR1 103 | TR2 103
321.7054 	DATA 	Keypress: 5
321.7214 	DATA 	TR 207 | TR1 104 | TR2 103
323.2714 	DATA 	Keypress: 5
323.2714 	DATA 	TR 208 | TR1 104 | TR2 104
324.8379 	DATA 	Keypress: 5
324.8379 	DATA 	TR 209 | TR1 105 | TR2 104
326.3877 	DATA 	Keypress: 5
326.3878 	DATA 	TR 210 | TR1 105 | TR2 105
327.9542 	DATA 	Keypress: 5
327.9543 	DATA 	TR 211 | TR1 106 | TR2 105
329.5041 	DATA 	Keypress: 5
329.5041 	DATA 	TR 212 | TR1 106 | TR2 106
331.0873 	DATA 	Keypress: 5
331.0873 	DATA 	TR 213 | TR1 107 | TR2 106
332.6372 	DATA 	Keypress: 5
332.6372 	DATA 	TR 214 | TR1 107 | TR2 107
334.2036 	DATA 	Keypress: 5
334.2037 	DATA 	TR 215 | TR1 108 | TR2 107
335.7537 	DATA 	Keypress: 5
335.7537 	DATA 	TR 216 | TR1 108 | TR2 108
337.3367 	DATA 	Keypress: 5
337.3367 	DATA 	TR 217 | TR1 109 | TR2 108
338.8866 	DATA 	Keypress: 5
338.8866 	DATA 	TR 218 | TR1 109 | TR2 109
340.4531 	DATA 	Keypress: 5
340.4531 	DATA 	TR 219 | TR1 110 | TR2 109
342.0030 	DATA 	Keypress: 5
342.0030 	DATA 	TR 220 | TR1 110 | TR2 110
343.5695 	DATA 	Keypress: 5
343.5695 	DATA 	TR 221 | TR1 111 | TR2 110
345.1360 	DATA 	Keypress: 5
345.1361 	DATA 	TR 222 | TR1 111 | TR2 111
346.7025 	DATA 	Keypress: 5
346.7026 	DATA 	TR 223 | TR1 112 | TR2 111
348.2524 	DATA 	Keypress: 5
348.2524 	DATA 	TR 224 | TR1 112 | TR2 112
349.8022 	DATA 	
349.8022 	DATA 	Trial complete
349.8022 	DATA 	Waiting for VASO trigger to start next trial
349.8022 	DATA 	
349.8189 	DATA 	Keypress: 5
349.8189 	DATA 	Waited 0.016716957092285156 seconds for trigger
349.8197 	DATA 	
349.8197 	DATA 	Trial 9
349.8197 	DATA 	stimDur = 24.0
349.8197 	DATA 	jitter = 0.0
349.8197 	DATA 	restDur = 40.0

349.8197 	DATA 	
349.8197 	DATA 	TR 225 | TR1 113 | TR2 112
349.8198 	DATA 	
349.8198 	DATA 	stimulation started
349.8198 	DATA 	
351.3688 	DATA 	Keypress: 5
351.3689 	DATA 	TR 226 | TR1 113 | TR2 113
352.9520 	DATA 	Keypress: 5
352.9520 	DATA 	TR 227 | TR1 114 | TR2 113
354.5019 	DATA 	Keypress: 5
354.5019 	DATA 	TR 228 | TR1 114 | TR2 114
355.9852 	DATA 	Target presented
356.0684 	DATA 	Keypress: 5
356.0684 	DATA 	TR 229 | TR1 115 | TR2 114
356.5016 	DATA 	Keypress: 1
356.5017 	DATA 	Key1 pressed
356.5017 	DATA 	Target detected
357.6182 	DATA 	Keypress: 5
357.6183 	DATA 	TR 230 | TR1 115 | TR2 115
359.2014 	DATA 	Keypress: 5
359.2014 	DATA 	TR 231 | TR1 116 | TR2 115
360.7513 	DATA 	Keypress: 5
360.7514 	DATA 	TR 232 | TR1 116 | TR2 116
362.3178 	DATA 	Keypress: 5
362.3179 	DATA 	TR 233 | TR1 117 | TR2 116
363.8677 	DATA 	Keypress: 5
363.8678 	DATA 	TR 234 | TR1 117 | TR2 117
365.4342 	DATA 	Keypress: 5
365.4342 	DATA 	TR 235 | TR1 118 | TR2 117
366.9841 	DATA 	Keypress: 5
366.9841 	DATA 	TR 236 | TR1 118 | TR2 118
368.5672 	DATA 	Keypress: 5
368.5672 	DATA 	TR 237 | TR1 119 | TR2 118
370.1171 	DATA 	Keypress: 5
370.1172 	DATA 	TR 238 | TR1 119 | TR2 119
371.6836 	DATA 	Keypress: 5
371.6836 	DATA 	TR 239 | TR1 120 | TR2 119
373.2335 	DATA 	Keypress: 5
373.2335 	DATA 	TR 240 | TR1 120 | TR2 120
373.8333 	DATA 	
373.8333 	DATA 	stimulation stopped
373.8333 	DATA 	
374.8166 	DATA 	Keypress: 5
374.8166 	DATA 	TR 241 | TR1 121 | TR2 120
376.3664 	DATA 	Keypress: 5
376.3665 	DATA 	TR 242 | TR1 121 | TR2 121
377.9330 	DATA 	Keypress: 5
377.9330 	DATA 	TR 243 | TR1 122 | TR2 121
379.4830 	DATA 	Keypress: 5
379.4830 	DATA 	TR 244 | TR1 122 | TR2 122
381.0493 	DATA 	Keypress: 5
381.0494 	DATA 	TR 245 | TR1 123 | TR2 122
382.6159 	DATA 	Keypress: 5
382.6159 	DATA 	TR 246 | TR1 123 | TR2 123
384.1824 	DATA 	Keypress: 5
384.1824 	DATA 	TR 247 | TR1 124 | TR2 123
385.7322 	DATA 	Keypress: 5
385.7323 	DATA 	TR 248 | TR1 124 | TR2 124
387.2987 	DATA 	Keypress: 5
387.2988 	DATA 	TR 249 | TR1 125 | TR2 124
388.8486 	DATA 	Keypress: 5
388.8487 	DATA 	TR 250 | TR1 125 | TR2 125
390.4318 	DATA 	Keypress: 5
390.4318 	DATA 	TR 251 | TR1 126 | TR2 125
391.9817 	DATA 	Keypress: 5
391.9817 	DATA 	TR 252 | TR1 126 | TR2 126
393.5482 	DATA 	Keypress: 5
393.5482 	DATA 	TR 253 | TR1 127 | TR2 126
395.0981 	DATA 	Keypress: 5
395.0981 	DATA 	TR 254 | TR1 127 | TR2 127
396.6812 	DATA 	Keypress: 5
396.6813 	DATA 	TR 255 | TR1 128 | TR2 127
398.2311 	DATA 	Keypress: 5
398.2311 	DATA 	TR 256 | TR1 128 | TR2 128
399.7977 	DATA 	Keypress: 5
399.7978 	DATA 	TR 257 | TR1 129 | TR2 128
401.3475 	DATA 	Keypress: 5
401.3475 	DATA 	TR 258 | TR1 129 | TR2 129
402.9140 	DATA 	Keypress: 5
402.9140 	DATA 	TR 259 | TR1 130 | TR2 129
404.4645 	DATA 	Keypress: 5
404.4804 	DATA 	TR 260 | TR1 130 | TR2 130
406.0470 	DATA 	Keypress: 5
406.0470 	DATA 	TR 261 | TR1 131 | TR2 130
407.5969 	DATA 	Keypress: 5
407.5969 	DATA 	TR 262 | TR1 131 | TR2 131
409.1634 	DATA 	Keypress: 5
409.1634 	DATA 	TR 263 | TR1 132 | TR2 131
410.7133 	DATA 	Keypress: 5
410.7133 	DATA 	TR 264 | TR1 132 | TR2 132
412.2964 	DATA 	Keypress: 5
412.2965 	DATA 	TR 265 | TR1 133 | TR2 132
413.8296 	DATA 	
413.8296 	DATA 	Trial complete
413.8296 	DATA 	Waiting for VASO trigger to start next trial
413.8296 	DATA 	
413.8463 	DATA 	Keypress: 5
413.8464 	DATA 	TR 266 | TR1 133 | TR2 133
415.4128 	DATA 	Keypress: 5
415.4129 	DATA 	Waited 1.5832290649414062 seconds for trigger
415.4136 	DATA 	
415.4136 	DATA 	Trial 10
415.4136 	DATA 	stimDur = 12.0
415.4137 	DATA 	jitter = 1.5705
415.4137 	DATA 	restDur = 30.0

415.4137 	DATA 	
415.4137 	DATA 	TR 267 | TR1 134 | TR2 133
415.8128 	DATA 	Target presented
416.3627 	DATA 	Keypress: 1
416.3628 	DATA 	Key1 pressed
416.3628 	DATA 	Target detected
416.9627 	DATA 	Keypress: 5
416.9627 	DATA 	TR 268 | TR1 134 | TR2 134
416.9960 	DATA 	
416.9960 	DATA 	stimulation started
416.9960 	DATA 	
418.5293 	DATA 	Keypress: 5
418.5293 	DATA 	TR 269 | TR1 135 | TR2 134
420.0958 	DATA 	Keypress: 5
420.0959 	DATA 	TR 270 | TR1 135 | TR2 135
421.6623 	DATA 	Keypress: 5
421.6624 	DATA 	TR 271 | TR1 136 | TR2 135
423.2123 	DATA 	Keypress: 5
423.2123 	DATA 	TR 272 | TR1 136 | TR2 136
424.7786 	DATA 	Keypress: 5
424.7787 	DATA 	TR 273 | TR1 137 | TR2 136
426.3286 	DATA 	Keypress: 5
426.3287 	DATA 	TR 274 | TR1 137 | TR2 137
427.9117 	DATA 	Keypress: 5
427.9117 	DATA 	TR 275 | TR1 138 | TR2 137
428.9949 	DATA 	
428.9949 	DATA 	stimulation stopped
428.9949 	DATA 	
429.4615 	DATA 	Keypress: 5
429.4616 	DATA 	TR 276 | TR1 138 | TR2 138
431.0280 	DATA 	Keypress: 5
431.0281 	DATA 	TR 277 | TR1 139 | TR2 138
432.5778 	DATA 	Keypress: 5
432.5779 	DATA 	TR 278 | TR1 139 | TR2 139
434.1611 	DATA 	Keypress: 5
434.1611 	DATA 	TR 279 | TR1 140 | TR2 139
435.7109 	DATA 	Keypress: 5
435.7110 	DATA 	TR 280 | TR1 140 | TR2 140
437.2777 	DATA 	Keypress: 5
437.2777 	DATA 	TR 281 | TR1 141 | TR2 140
438.8273 	DATA 	Keypress: 5
438.8274 	DATA 	TR 282 | TR1 141 | TR2 141
440.3938 	DATA 	Keypress: 5
440.3939 	DATA 	TR 283 | TR1 142 | TR2 141
441.9445 	DATA 	Keypress: 5
441.9603 	DATA 	TR 284 | TR1 142 | TR2 142
443.5268 	DATA 	Keypress: 5
443.5269 	DATA 	TR 285 | TR1 143 | TR2 142
445.0768 	DATA 	Keypress: 5
445.0768 	DATA 	TR 286 | TR1 143 | TR2 143
446.6434 	DATA 	Keypress: 5
446.6434 	DATA 	TR 287 | TR1 144 | TR2 143
448.1931 	DATA 	Keypress: 5
448.1932 	DATA 	TR 288 | TR1 144 | TR2 144
449.7763 	DATA 	Keypress: 5
449.7763 	DATA 	TR 289 | TR1 145 | TR2 144
451.3262 	DATA 	Keypress: 5
451.3262 	DATA 	TR 290 | TR1 145 | TR2 145
452.8927 	DATA 	Keypress: 5
452.8927 	DATA 	TR 291 | TR1 146 | TR2 145
454.4427 	DATA 	Keypress: 5
454.4428 	DATA 	TR 292 | TR1 146 | TR2 146
456.0097 	DATA 	Keypress: 5
456.0257 	DATA 	TR 293 | TR1 147 | TR2 146
457.5756 	DATA 	Keypress: 5
457.5756 	DATA 	TR 294 | TR1 147 | TR2 147
458.9921 	DATA 	
458.9921 	DATA 	Trial complete
458.9921 	DATA 	Waiting for VASO trigger to start next trial
458.9921 	DATA 	
459.1421 	DATA 	Keypress: 5
459.1422 	DATA 	Waited 0.1500530242919922 seconds for trigger
459.1429 	DATA 	
459.1429 	DATA 	Trial 11
459.1429 	DATA 	stimDur = 1.0
459.1429 	DATA 	jitter = 1.5705
459.1429 	DATA 	restDur = 20.0

459.1430 	DATA 	
459.1430 	DATA 	TR 295 | TR1 148 | TR2 147
460.6920 	DATA 	Keypress: 5
460.6920 	DATA 	TR 296 | TR1 148 | TR2 148
460.7252 	DATA 	
460.7253 	DATA 	stimulation started
460.7253 	DATA 	
461.7252 	DATA 	
461.7252 	DATA 	stimulation stopped
461.7252 	DATA 	
462.2584 	DATA 	Keypress: 5
462.2585 	DATA 	TR 297 | TR1 149 | TR2 148
463.8083 	DATA 	Keypress: 5
463.8084 	DATA 	TR 298 | TR1 149 | TR2 149
465.3915 	DATA 	Keypress: 5
465.3916 	DATA 	TR 299 | TR1 150 | TR2 149
466.9414 	DATA 	Keypress: 5
466.9414 	DATA 	TR 300 | TR1 150 | TR2 150
468.5078 	DATA 	Keypress: 5
468.5079 	DATA 	TR 301 | TR1 151 | TR2 150
470.0578 	DATA 	Keypress: 5
470.0578 	DATA 	TR 302 | TR1 151 | TR2 151
471.6409 	DATA 	Keypress: 5
471.6410 	DATA 	TR 303 | TR1 152 | TR2 151
473.1908 	DATA 	Keypress: 5
473.1908 	DATA 	TR 304 | TR1 152 | TR2 152
474.7573 	DATA 	Keypress: 5
474.7573 	DATA 	TR 305 | TR1 153 | TR2 152
476.3072 	DATA 	Keypress: 5
476.3072 	DATA 	TR 306 | TR1 153 | TR2 153
477.8737 	DATA 	Keypress: 5
477.8737 	DATA 	TR 307 | TR1 154 | TR2 153
479.4402 	DATA 	Keypress: 5
479.4403 	DATA 	TR 308 | TR1 154 | TR2 154
481.0067 	DATA 	Keypress: 5
481.0068 	DATA 	TR 309 | TR1 155 | TR2 154
481.7233 	DATA 	
481.7233 	DATA 	Trial complete
481.7233 	DATA 	Waiting for VASO trigger to start next trial
481.7233 	DATA 	
482.5567 	DATA 	Keypress: 5
482.5568 	DATA 	TR 310 | TR1 155 | TR2 155
484.1231 	DATA 	Keypress: 5
484.1231 	DATA 	Waited 2.39980411529541 seconds for trigger
484.1239 	DATA 	
484.1239 	DATA 	Trial 12
484.1239 	DATA 	stimDur = 4.0
484.1239 	DATA 	jitter = 0.78525
484.1239 	DATA 	restDur = 24.0

484.1239 	DATA 	
484.1239 	DATA 	TR 311 | TR1 156 | TR2 155
484.9230 	DATA 	
484.9230 	DATA 	stimulation started
484.9230 	DATA 	
485.6730 	DATA 	Keypress: 5
485.6731 	DATA 	TR 312 | TR1 156 | TR2 156
487.2562 	DATA 	Keypress: 5
487.2562 	DATA 	TR 313 | TR1 157 | TR2 156
488.8061 	DATA 	Keypress: 5
488.8061 	DATA 	TR 314 | TR1 157 | TR2 157
488.9227 	DATA 	
488.9227 	DATA 	stimulation stopped
488.9227 	DATA 	
490.3725 	DATA 	Keypress: 5
490.3726 	DATA 	TR 315 | TR1 158 | TR2 157
491.9224 	DATA 	Keypress: 5
491.9225 	DATA 	TR 316 | TR1 158 | TR2 158
493.4895 	DATA 	Keypress: 5
493.5055 	DATA 	TR 317 | TR1 159 | TR2 158
495.0554 	DATA 	Keypress: 5
495.0555 	DATA 	TR 318 | TR1 159 | TR2 159
495.9720 	DATA 	Target presented
496.5220 	DATA 	Keypress: 1
496.5220 	DATA 	Key1 pressed
496.5220 	DATA 	Target detected
496.6219 	DATA 	Keypress: 5
496.6220 	DATA 	TR 319 | TR1 160 | TR2 159
498.1718 	DATA 	Keypress: 5
498.1719 	DATA 	TR 320 | TR1 160 | TR2 160
499.7383 	DATA 	Keypress: 5
499.7384 	DATA 	TR 321 | TR1 161 | TR2 160
501.2888 	DATA 	Keypress: 5
501.3048 	DATA 	TR 322 | TR1 161 | TR2 161
502.8714 	DATA 	Keypress: 5
502.8714 	DATA 	TR 323 | TR1 162 | TR2 161
504.4213 	DATA 	Keypress: 5
504.4213 	DATA 	TR 324 | TR1 162 | TR2 162
505.9878 	DATA 	Keypress: 5
505.9878 	DATA 	TR 325 | TR1 163 | TR2 162
507.5377 	DATA 	Keypress: 5
507.5377 	DATA 	TR 326 | TR1 163 | TR2 163
509.1208 	DATA 	Keypress: 5
509.1208 	DATA 	TR 327 | TR1 164 | TR2 163
510.6707 	DATA 	Keypress: 5
510.6707 	DATA 	TR 328 | TR1 164 | TR2 164
512.2372 	DATA 	Keypress: 5
512.2373 	DATA 	TR 329 | TR1 165 | TR2 164
512.9204 	DATA 	
512.9204 	DATA 	Trial complete
512.9204 	DATA 	Waiting for VASO trigger to start next trial
512.9204 	DATA 	
513.7871 	DATA 	Keypress: 5
513.7872 	DATA 	TR 330 | TR1 165 | TR2 165
515.3535 	DATA 	Keypress: 5
515.3536 	DATA 	Waited 2.4331650733947754 seconds for trigger
515.3544 	DATA 	
515.3544 	DATA 	Trial 13
515.3544 	DATA 	stimDur = 12.0
515.3544 	DATA 	jitter = 0.78525
515.3544 	DATA 	restDur = 30.0

515.3544 	DATA 	
515.3544 	DATA 	TR 331 | TR1 166 | TR2 165
516.1534 	DATA 	
516.1534 	DATA 	stimulation started
516.1534 	DATA 	
516.9202 	DATA 	Keypress: 5
516.9202 	DATA 	TR 332 | TR1 166 | TR2 166
518.4866 	DATA 	Keypress: 5
518.4867 	DATA 	TR 333 | TR1 167 | TR2 166
520.0365 	DATA 	Keypress: 5
520.0366 	DATA 	TR 334 | TR1 167 | TR2 167
521.6030 	DATA 	Keypress: 5
521.6031 	DATA 	TR 335 | TR1 168 | TR2 167
523.1529 	DATA 	Keypress: 5
523.1530 	DATA 	TR 336 | TR1 168 | TR2 168
524.7361 	DATA 	Keypress: 5
524.7361 	DATA 	TR 337 | TR1 169 | TR2 168
526.2860 	DATA 	Keypress: 5
526.2860 	DATA 	TR 338 | TR1 169 | TR2 169
527.8524 	DATA 	Keypress: 5
527.8525 	DATA 	TR 339 | TR1 170 | TR2 169
528.1524 	DATA 	
528.1524 	DATA 	stimulation stopped
528.1524 	DATA 	
529.4023 	DATA 	Keypress: 5
529.4023 	DATA 	TR 340 | TR1 170 | TR2 170
530.9854 	DATA 	Keypress: 5
530.9855 	DATA 	TR 341 | TR1 171 | TR2 170
532.5353 	DATA 	Keypress: 5
532.5354 	DATA 	TR 342 | TR1 171 | TR2 171
534.1018 	DATA 	Keypress: 5
534.1018 	DATA 	TR 343 | TR1 172 | TR2 171
535.6517 	DATA 	Keypress: 5
535.6517 	DATA 	TR 344 | TR1 172 | TR2 172
537.2182 	DATA 	Keypress: 5
537.2182 	DATA 	TR 345 | TR1 173 | TR2 172
538.7681 	DATA 	Keypress: 5
538.7681 	DATA 	TR 346 | TR1 173 | TR2 173
540.3512 	DATA 	Keypress: 5
540.3513 	DATA 	TR 347 | TR1 174 | TR2 173
541.9011 	DATA 	Keypress: 5
541.9012 	DATA 	TR 348 | TR1 174 | TR2 174
543.4676 	DATA 	Keypress: 5
543.4676 	DATA 	TR 349 | TR1 175 | TR2 174
545.0176 	DATA 	Keypress: 5
545.0177 	DATA 	TR 350 | TR1 175 | TR2 175
546.6006 	DATA 	Keypress: 5
546.6007 	DATA 	TR 351 | TR1 176 | TR2 175
548.1505 	DATA 	Keypress: 5
548.1505 	DATA 	TR 352 | TR1 176 | TR2 176
549.7170 	DATA 	Keypress: 5
549.7171 	DATA 	TR 353 | TR1 177 | TR2 176
551.2669 	DATA 	Keypress: 5
551.2669 	DATA 	TR 354 | TR1 177 | TR2 177
552.8341 	DATA 	Keypress: 5
552.8500 	DATA 	TR 355 | TR1 178 | TR2 177
554.3999 	DATA 	Keypress: 5
554.4000 	DATA 	TR 356 | TR1 178 | TR2 178
555.9664 	DATA 	Keypress: 5
555.9665 	DATA 	TR 357 | TR1 179 | TR2 178
557.5163 	DATA 	Keypress: 5
557.5164 	DATA 	TR 358 | TR1 179 | TR2 179
558.1495 	DATA 	
558.1495 	DATA 	Trial complete
558.1496 	DATA 	Waiting for VASO trigger to start next trial
558.1496 	DATA 	
559.0828 	DATA 	Keypress: 5
559.0830 	DATA 	Waited 0.9334239959716797 seconds for trigger
559.0838 	DATA 	
559.0838 	DATA 	Trial 14
559.0838 	DATA 	stimDur = 12.0
559.0838 	DATA 	jitter = 2.35575
559.0838 	DATA 	restDur = 30.0

559.0838 	DATA 	
559.0838 	DATA 	TR 359 | TR1 180 | TR2 179
560.6327 	DATA 	Keypress: 5
560.6327 	DATA 	TR 360 | TR1 180 | TR2 180
561.4492 	DATA 	
561.4492 	DATA 	stimulation started
561.4493 	DATA 	
562.1159 	DATA 	Target presented
562.2159 	DATA 	Keypress: 5
562.2160 	DATA 	TR 361 | TR1 181 | TR2 180
562.6492 	DATA 	Keypress: 1
562.6493 	DATA 	Key1 pressed
562.6493 	DATA 	Target detected
563.7658 	DATA 	Keypress: 5
563.7658 	DATA 	TR 362 | TR1 181 | TR2 181
565.3323 	DATA 	Keypress: 5
565.3324 	DATA 	TR 363 | TR1 182 | TR2 181
566.8821 	DATA 	Keypress: 5
566.8822 	DATA 	TR 364 | TR1 182 | TR2 182
568.4656 	DATA 	Keypress: 5
568.4656 	DATA 	TR 365 | TR1 183 | TR2 182
570.0152 	DATA 	Keypress: 5
570.0152 	DATA 	TR 366 | TR1 183 | TR2 183
571.5818 	DATA 	Keypress: 5
571.5818 	DATA 	TR 367 | TR1 184 | TR2 183
573.1316 	DATA 	Keypress: 5
573.1316 	DATA 	TR 368 | TR1 184 | TR2 184
573.4484 	DATA 	
573.4484 	DATA 	stimulation stopped
573.4484 	DATA 	
574.6981 	DATA 	Keypress: 5
574.6981 	DATA 	TR 369 | TR1 185 | TR2 184
576.2485 	DATA 	Keypress: 5
576.2645 	DATA 	TR 370 | TR1 185 | TR2 185
577.8311 	DATA 	Keypress: 5
577.8312 	DATA 	TR 371 | TR1 186 | TR2 185
579.3809 	DATA 	Keypress: 5
579.3810 	DATA 	TR 372 | TR1 186 | TR2 186
580.9475 	DATA 	Keypress: 5
580.9475 	DATA 	TR 373 | TR1 187 | TR2 186
582.4973 	DATA 	Keypress: 5
582.4974 	DATA 	TR 374 | TR1 187 | TR2 187
584.0805 	DATA 	Keypress: 5
584.0806 	DATA 	TR 375 | TR1 188 | TR2 187
585.6304 	DATA 	Keypress: 5
585.6304 	DATA 	TR 376 | TR1 188 | TR2 188
587.1968 	DATA 	Keypress: 5
587.1969 	DATA 	TR 377 | TR1 189 | TR2 188
588.7467 	DATA 	Keypress: 5
588.7468 	DATA 	TR 378 | TR1 189 | TR2 189
590.3299 	DATA 	Keypress: 5
590.3300 	DATA 	TR 379 | TR1 190 | TR2 189
591.8798 	DATA 	Keypress: 5
591.8798 	DATA 	TR 380 | TR1 190 | TR2 190
593.4464 	DATA 	Keypress: 5
593.4464 	DATA 	TR 381 | TR1 191 | TR2 190
594.9962 	DATA 	Keypress: 5
594.9962 	DATA 	TR 382 | TR1 191 | TR2 191
596.5627 	DATA 	Keypress: 5
596.5627 	DATA 	TR 383 | TR1 192 | TR2 191
598.1126 	DATA 	Keypress: 5
598.1126 	DATA 	TR 384 | TR1 192 | TR2 192
599.6958 	DATA 	Keypress: 5
599.6958 	DATA 	TR 385 | TR1 193 | TR2 192
601.2458 	DATA 	Keypress: 5
601.2458 	DATA 	TR 386 | TR1 193 | TR2 193
602.8121 	DATA 	Keypress: 5
602.8122 	DATA 	TR 387 | TR1 194 | TR2 193
603.4454 	DATA 	
603.4454 	DATA 	Trial complete
603.4455 	DATA 	Waiting for VASO trigger to start next trial
603.4455 	DATA 	
604.3620 	DATA 	Keypress: 5
604.3620 	DATA 	TR 388 | TR1 194 | TR2 194
605.9452 	DATA 	Keypress: 5
605.9452 	DATA 	Waited 2.499756097793579 seconds for trigger
605.9460 	DATA 	
605.9460 	DATA 	Trial 15
605.9460 	DATA 	stimDur = 2.0
605.9460 	DATA 	jitter = 0.0
605.9460 	DATA 	restDur = 22.0

605.9460 	DATA 	
605.9460 	DATA 	TR 389 | TR1 195 | TR2 194
605.9460 	DATA 	
605.9460 	DATA 	stimulation started
605.9461 	DATA 	
607.4951 	DATA 	Keypress: 5
607.4951 	DATA 	TR 390 | TR1 195 | TR2 195
607.9616 	DATA 	
607.9617 	DATA 	stimulation stopped
607.9617 	DATA 	
609.0617 	DATA 	Keypress: 5
609.0618 	DATA 	TR 391 | TR1 196 | TR2 195
610.6113 	DATA 	Keypress: 5
610.6113 	DATA 	TR 392 | TR1 196 | TR2 196
612.1779 	DATA 	Keypress: 5
612.1780 	DATA 	TR 393 | TR1 197 | TR2 196
613.7444 	DATA 	Keypress: 5
613.7445 	DATA 	TR 394 | TR1 197 | TR2 197
615.3110 	DATA 	Keypress: 5
615.3110 	DATA 	TR 395 | TR1 198 | TR2 197
616.8608 	DATA 	Keypress: 5
616.8608 	DATA 	TR 396 | TR1 198 | TR2 198
618.4273 	DATA 	Keypress: 5
618.4274 	DATA 	TR 397 | TR1 199 | TR2 198
619.9773 	DATA 	Keypress: 5
619.9773 	DATA 	TR 398 | TR1 199 | TR2 199
621.5604 	DATA 	Keypress: 5
621.5604 	DATA 	TR 399 | TR1 200 | TR2 199
623.1102 	DATA 	Keypress: 5
623.1103 	DATA 	TR 400 | TR1 200 | TR2 200
624.6768 	DATA 	Keypress: 5
624.6768 	DATA 	TR 401 | TR1 201 | TR2 200
626.0766 	DATA 	Target presented
626.2266 	DATA 	Keypress: 5
626.2266 	DATA 	TR 402 | TR1 201 | TR2 201
626.6266 	DATA 	Keypress: 1
626.6266 	DATA 	Key1 pressed
626.6266 	DATA 	Target detected
627.7938 	DATA 	Keypress: 5
627.8098 	DATA 	TR 403 | TR1 202 | TR2 201
629.3596 	DATA 	Keypress: 5
629.3597 	DATA 	TR 404 | TR1 202 | TR2 202
629.9597 	DATA 	
629.9597 	DATA 	Trial complete
629.9597 	DATA 	Waiting for VASO trigger to start next trial
629.9597 	DATA 	
630.9262 	DATA 	Keypress: 5
630.9263 	DATA 	Waited 0.9665310382843018 seconds for trigger
630.9270 	DATA 	
630.9270 	DATA 	Trial 16
630.9270 	DATA 	stimDur = 1.0
630.9270 	DATA 	jitter = 2.35575
630.9270 	DATA 	restDur = 20.0

630.9270 	DATA 	
630.9270 	DATA 	TR 405 | TR1 203 | TR2 202
632.4760 	DATA 	Keypress: 5
632.4761 	DATA 	TR 406 | TR1 203 | TR2 203
633.2926 	DATA 	
633.2926 	DATA 	stimulation started
633.2926 	DATA 	
634.0426 	DATA 	Keypress: 5
634.0427 	DATA 	TR 407 | TR1 204 | TR2 203
634.2927 	DATA 	
634.2927 	DATA 	stimulation stopped
634.2927 	DATA 	
635.5930 	DATA 	Keypress: 5
635.6090 	DATA 	TR 408 | TR1 204 | TR2 204
637.1756 	DATA 	Keypress: 5
637.1756 	DATA 	TR 409 | TR1 205 | TR2 204
638.7254 	DATA 	Keypress: 5
638.7255 	DATA 	TR 410 | TR1 205 | TR2 205
640.2920 	DATA 	Keypress: 5
640.2920 	DATA 	TR 411 | TR1 206 | TR2 205
641.8418 	DATA 	Keypress: 5
641.8419 	DATA 	TR 412 | TR1 206 | TR2 206
643.4250 	DATA 	Keypress: 5
643.4251 	DATA 	TR 413 | TR1 207 | TR2 206
644.9750 	DATA 	Keypress: 5
644.9751 	DATA 	TR 414 | TR1 207 | TR2 207
646.5415 	DATA 	Keypress: 5
646.5416 	DATA 	TR 415 | TR1 208 | TR2 207
648.0912 	DATA 	Keypress: 5
648.0913 	DATA 	TR 416 | TR1 208 | TR2 208
649.6580 	DATA 	Keypress: 5
649.6580 	DATA 	TR 417 | TR1 209 | TR2 208
651.2243 	DATA 	Keypress: 5
651.2243 	DATA 	TR 418 | TR1 209 | TR2 209
652.7908 	DATA 	Keypress: 5
652.7909 	DATA 	TR 419 | TR1 210 | TR2 209
654.2906 	DATA 	
654.2906 	DATA 	Trial complete
654.2907 	DATA 	Waiting for VASO trigger to start next trial
654.2907 	DATA 	
654.3406 	DATA 	Keypress: 5
654.3407 	DATA 	TR 420 | TR1 210 | TR2 210
655.9072 	DATA 	Keypress: 5
655.9073 	DATA 	Waited 1.6165781021118164 seconds for trigger
655.9080 	DATA 	
655.9080 	DATA 	Trial 17
655.9080 	DATA 	stimDur = 24.0
655.9080 	DATA 	jitter = 2.35575
655.9080 	DATA 	restDur = 40.0

655.9080 	DATA 	
655.9081 	DATA 	TR 421 | TR1 211 | TR2 210
657.4570 	DATA 	Keypress: 5
657.4571 	DATA 	TR 422 | TR1 211 | TR2 211
658.2736 	DATA 	
658.2736 	DATA 	stimulation started
658.2736 	DATA 	
659.0404 	DATA 	Keypress: 5
659.0404 	DATA 	TR 423 | TR1 212 | TR2 211
660.5901 	DATA 	Keypress: 5
660.5902 	DATA 	TR 424 | TR1 212 | TR2 212
662.1567 	DATA 	Keypress: 5
662.1567 	DATA 	TR 425 | TR1 213 | TR2 212
663.7066 	DATA 	Keypress: 5
663.7066 	DATA 	TR 426 | TR1 213 | TR2 213
665.2897 	DATA 	Keypress: 5
665.2898 	DATA 	TR 427 | TR1 214 | TR2 213
666.8395 	DATA 	Keypress: 5
666.8396 	DATA 	TR 428 | TR1 214 | TR2 214
668.4061 	DATA 	Keypress: 5
668.4061 	DATA 	TR 429 | TR1 215 | TR2 214
669.9559 	DATA 	Keypress: 5
669.9560 	DATA 	TR 430 | TR1 215 | TR2 215
671.5225 	DATA 	Keypress: 5
671.5225 	DATA 	TR 431 | TR1 216 | TR2 215
673.0730 	DATA 	Keypress: 5
673.0889 	DATA 	TR 432 | TR1 216 | TR2 216
674.6555 	DATA 	Keypress: 5
674.6556 	DATA 	TR 433 | TR1 217 | TR2 216
676.2054 	DATA 	Keypress: 5
676.2054 	DATA 	TR 434 | TR1 217 | TR2 217
677.7719 	DATA 	Keypress: 5
677.7719 	DATA 	TR 435 | TR1 218 | TR2 217
678.9884 	DATA 	Target presented
679.3217 	DATA 	Keypress: 5
679.3218 	DATA 	TR 436 | TR1 218 | TR2 218
679.5717 	DATA 	Keypress: 1
679.5717 	DATA 	Key1 pressed
679.5718 	DATA 	Target detected
680.9050 	DATA 	Keypress: 5
680.9050 	DATA 	TR 437 | TR1 219 | TR2 218
682.2714 	DATA 	
682.2714 	DATA 	stimulation stopped
682.2714 	DATA 	
682.4547 	DATA 	Keypress: 5
682.4548 	DATA 	TR 438 | TR1 219 | TR2 219
684.0213 	DATA 	Keypress: 5
684.0213 	DATA 	TR 439 | TR1 220 | TR2 219
685.5711 	DATA 	Keypress: 5
685.5711 	DATA 	TR 440 | TR1 220 | TR2 220
687.1382 	DATA 	Keypress: 5
687.1542 	DATA 	TR 441 | TR1 221 | TR2 220
688.7041 	DATA 	Keypress: 5
688.7042 	DATA 	TR 442 | TR1 221 | TR2 221
690.2707 	DATA 	Keypress: 5
690.2707 	DATA 	TR 443 | TR1 222 | TR2 221
691.8205 	DATA 	Keypress: 5
691.8206 	DATA 	TR 444 | TR1 222 | TR2 222
693.3870 	DATA 	Keypress: 5
693.3871 	DATA 	TR 445 | TR1 223 | TR2 222
694.9369 	DATA 	Keypress: 5
694.9370 	DATA 	TR 446 | TR1 223 | TR2 223
696.5201 	DATA 	Keypress: 5
696.5202 	DATA 	TR 447 | TR1 224 | TR2 223
698.0699 	DATA 	Keypress: 5
698.0700 	DATA 	TR 448 | TR1 224 | TR2 224
699.6365 	DATA 	Keypress: 5
699.6365 	DATA 	TR 449 | TR1 225 | TR2 224
701.1863 	DATA 	Keypress: 5
701.1864 	DATA 	TR 450 | TR1 225 | TR2 225
702.7697 	DATA 	Keypress: 5
702.7697 	DATA 	TR 451 | TR1 226 | TR2 225
704.3194 	DATA 	Keypress: 5
704.3194 	DATA 	TR 452 | TR1 226 | TR2 226
705.8859 	DATA 	Keypress: 5
705.8860 	DATA 	TR 453 | TR1 227 | TR2 226
707.4357 	DATA 	Keypress: 5
707.4358 	DATA 	TR 454 | TR1 227 | TR2 227
709.0023 	DATA 	Keypress: 5
709.0023 	DATA 	TR 455 | TR1 228 | TR2 227
710.5688 	DATA 	Keypress: 5
710.5688 	DATA 	TR 456 | TR1 228 | TR2 228
712.1353 	DATA 	Keypress: 5
712.1354 	DATA 	TR 457 | TR1 229 | TR2 228
713.6852 	DATA 	Keypress: 5
713.6852 	DATA 	TR 458 | TR1 229 | TR2 229
715.2517 	DATA 	Keypress: 5
715.2518 	DATA 	TR 459 | TR1 230 | TR2 229
716.8015 	DATA 	Keypress: 5
716.8016 	DATA 	TR 460 | TR1 230 | TR2 230
718.3848 	DATA 	Keypress: 5
718.3848 	DATA 	TR 461 | TR1 231 | TR2 230
719.9346 	DATA 	Keypress: 5
719.9347 	DATA 	TR 462 | TR1 231 | TR2 231
720.7845 	DATA 	Target presented
721.3678 	DATA 	Keypress: 1
721.3679 	DATA 	Key1 pressed
721.3679 	DATA 	Target detected
721.5011 	DATA 	Keypress: 5
721.5011 	DATA 	TR 463 | TR1 232 | TR2 231
722.2677 	DATA 	
722.2677 	DATA 	Trial complete
722.2677 	DATA 	Waiting for VASO trigger to start next trial
722.2677 	DATA 	
723.0510 	DATA 	Keypress: 5
723.0510 	DATA 	TR 464 | TR1 232 | TR2 232
724.6342 	DATA 	Keypress: 5
724.6342 	DATA 	Waited 2.3665311336517334 seconds for trigger
724.6350 	DATA 	
724.6350 	DATA 	Trial 18
724.6350 	DATA 	stimDur = 1.0
724.6350 	DATA 	jitter = 0.78525
724.6350 	DATA 	restDur = 20.0

724.6350 	DATA 	
724.6350 	DATA 	TR 465 | TR1 233 | TR2 232
725.4339 	DATA 	
725.4339 	DATA 	stimulation started
725.4339 	DATA 	
726.1841 	DATA 	Keypress: 5
726.1841 	DATA 	TR 466 | TR1 233 | TR2 233
726.4340 	DATA 	
726.4340 	DATA 	stimulation stopped
726.4340 	DATA 	
727.7505 	DATA 	Keypress: 5
727.7506 	DATA 	TR 467 | TR1 234 | TR2 233
729.3004 	DATA 	Keypress: 5
729.3004 	DATA 	TR 468 | TR1 234 | TR2 234
730.8669 	DATA 	Keypress: 5
730.8670 	DATA 	TR 469 | TR1 235 | TR2 234
732.4168 	DATA 	Keypress: 5
732.4168 	DATA 	TR 470 | TR1 235 | TR2 235
734.0000 	DATA 	Keypress: 5
734.0000 	DATA 	TR 471 | TR1 236 | TR2 235
735.5498 	DATA 	Keypress: 5
735.5498 	DATA 	TR 472 | TR1 236 | TR2 236
737.1164 	DATA 	Keypress: 5
737.1164 	DATA 	TR 473 | TR1 237 | TR2 236
738.6662 	DATA 	Keypress: 5
738.6662 	DATA 	TR 474 | TR1 237 | TR2 237
740.2494 	DATA 	Keypress: 5
740.2494 	DATA 	TR 475 | TR1 238 | TR2 237
741.7992 	DATA 	Keypress: 5
741.7993 	DATA 	TR 476 | TR1 238 | TR2 238
743.3658 	DATA 	Keypress: 5
743.3658 	DATA 	TR 477 | TR1 239 | TR2 238
744.9156 	DATA 	Keypress: 5
744.9156 	DATA 	TR 478 | TR1 239 | TR2 239
746.4321 	DATA 	
746.4321 	DATA 	Trial complete
746.4321 	DATA 	Waiting for VASO trigger to start next trial
746.4321 	DATA 	
746.4821 	DATA 	Keypress: 5
746.4822 	DATA 	Waited 0.05005812644958496 seconds for trigger
746.4829 	DATA 	
746.4830 	DATA 	Trial 19
746.4830 	DATA 	stimDur = 2.0
746.4830 	DATA 	jitter = 1.5705
746.4830 	DATA 	restDur = 22.0

746.4830 	DATA 	
746.4830 	DATA 	TR 479 | TR1 240 | TR2 239
748.0487 	DATA 	Keypress: 5
748.0487 	DATA 	TR 480 | TR1 240 | TR2 240
748.0653 	DATA 	
748.0653 	DATA 	stimulation started
748.0653 	DATA 	
749.6152 	DATA 	Keypress: 5
749.6153 	DATA 	TR 481 | TR1 241 | TR2 240
750.0651 	DATA 	
750.0652 	DATA 	stimulation stopped
750.0652 	DATA 	
751.1651 	DATA 	Keypress: 5
751.1651 	DATA 	TR 482 | TR1 241 | TR2 241
752.7316 	DATA 	Keypress: 5
752.7316 	DATA 	TR 483 | TR1 242 | TR2 241
754.2814 	DATA 	Keypress: 5
754.2814 	DATA 	TR 484 | TR1 242 | TR2 242
755.8646 	DATA 	Keypress: 5
755.8647 	DATA 	TR 485 | TR1 243 | TR2 242
757.4144 	DATA 	Keypress: 5
757.4145 	DATA 	TR 486 | TR1 243 | TR2 243
758.9810 	DATA 	Keypress: 5
758.9811 	DATA 	TR 487 | TR1 244 | TR2 243
760.5310 	DATA 	Keypress: 5
760.5310 	DATA 	TR 488 | TR1 244 | TR2 244
762.1140 	DATA 	Keypress: 5
762.1141 	DATA 	TR 489 | TR1 245 | TR2 244
763.6639 	DATA 	Keypress: 5
763.6639 	DATA 	TR 490 | TR1 245 | TR2 245
765.2304 	DATA 	Keypress: 5
765.2304 	DATA 	TR 491 | TR1 246 | TR2 245
766.4969 	DATA 	Target presented
766.7803 	DATA 	Keypress: 5
766.7803 	DATA 	TR 492 | TR1 246 | TR2 246
767.0635 	DATA 	Keypress: 1
767.0636 	DATA 	Key1 pressed
767.0636 	DATA 	Target detected
768.3467 	DATA 	Keypress: 5
768.3468 	DATA 	TR 493 | TR1 247 | TR2 246
769.8973 	DATA 	Keypress: 5
769.9133 	DATA 	TR 494 | TR1 247 | TR2 247
771.4798 	DATA 	Keypress: 5
771.4799 	DATA 	TR 495 | TR1 248 | TR2 247
772.0631 	DATA 	
772.0631 	DATA 	Trial complete
772.0631 	DATA 	
773.0297 	DATA 	Keypress: 5
773.0298 	DATA 	TR 496 | TR1 248 | TR2 248
774.5962 	DATA 	Keypress: 5
774.5962 	DATA 	Waited 28.16410994529724 seconds for trigger
774.5970 	DATA 	
774.5970 	DATA 	Trial 20
774.5970 	DATA 	stimDur = 1.0
774.5970 	DATA 	jitter = 0.0
774.5970 	DATA 	restDur = 20.0

774.5970 	DATA 	
774.5971 	DATA 	TR 497 | TR1 249 | TR2 248
774.5971 	DATA 	
774.5971 	DATA 	stimulation started
774.5971 	DATA 	
775.6128 	DATA 	
775.6128 	DATA 	stimulation stopped
775.6128 	DATA 	
776.1461 	DATA 	Keypress: 5
776.1461 	DATA 	TR 498 | TR1 249 | TR2 249
777.7292 	DATA 	Keypress: 5
777.7293 	DATA 	TR 499 | TR1 250 | TR2 249
779.2791 	DATA 	Keypress: 5
779.2792 	DATA 	TR 500 | TR1 250 | TR2 250
780.8457 	DATA 	Keypress: 5
780.8458 	DATA 	TR 501 | TR1 251 | TR2 250
782.3955 	DATA 	Keypress: 5
782.3955 	DATA 	TR 502 | TR1 251 | TR2 251
783.9620 	DATA 	Keypress: 5
783.9620 	DATA 	TR 503 | TR1 252 | TR2 251
785.5285 	DATA 	Keypress: 5
785.5286 	DATA 	TR 504 | TR1 252 | TR2 252
787.0952 	DATA 	Keypress: 5
787.0952 	DATA 	TR 505 | TR1 253 | TR2 252
788.6449 	DATA 	Keypress: 5
788.6450 	DATA 	TR 506 | TR1 253 | TR2 253
790.2114 	DATA 	Keypress: 5
790.2114 	DATA 	TR 507 | TR1 254 | TR2 253
791.7614 	DATA 	Keypress: 5
791.7614 	DATA 	TR 508 | TR1 254 | TR2 254
793.3444 	DATA 	Keypress: 5
793.3445 	DATA 	TR 509 | TR1 255 | TR2 254
794.8943 	DATA 	Keypress: 5
794.8944 	DATA 	TR 510 | TR1 255 | TR2 255
795.6111 	DATA 	
795.6111 	DATA 	Trial complete
795.6111 	DATA 	
796.4608 	DATA 	Keypress: 5
796.4609 	DATA 	TR 511 | TR1 256 | TR2 255
798.0107 	DATA 	Keypress: 5
798.0108 	DATA 	TR 512 | TR1 256 | TR2 256
799.5938 	DATA 	Keypress: 5
799.5939 	DATA 	TR 513 | TR1 257 | TR2 256
801.1437 	DATA 	Keypress: 5
801.1438 	DATA 	TR 514 | TR1 257 | TR2 257
802.7102 	DATA 	Keypress: 5
802.7103 	DATA 	TR 515 | TR1 258 | TR2 257
804.2601 	DATA 	Keypress: 5
804.2602 	DATA 	TR 516 | TR1 258 | TR2 258
805.8266 	DATA 	Keypress: 5
805.8267 	DATA 	TR 517 | TR1 259 | TR2 258
807.3772 	DATA 	Keypress: 5
807.3931 	DATA 	TR 518 | TR1 259 | TR2 259
808.9596 	DATA 	Keypress: 5
808.9597 	DATA 	TR 519 | TR1 260 | TR2 259
810.5095 	DATA 	Keypress: 5
810.5096 	DATA 	TR 520 | TR1 260 | TR2 260
812.0760 	DATA 	Keypress: 5
812.0761 	DATA 	TR 521 | TR1 261 | TR2 260
813.6259 	DATA 	Keypress: 5
813.6260 	DATA 	TR 522 | TR1 261 | TR2 261
815.2091 	DATA 	Keypress: 5
815.2091 	DATA 	TR 523 | TR1 262 | TR2 261
816.7590 	DATA 	Keypress: 5
816.7590 	DATA 	TR 524 | TR1 262 | TR2 262
818.3256 	DATA 	Keypress: 5
818.3257 	DATA 	TR 525 | TR1 263 | TR2 262
819.8753 	DATA 	Keypress: 5
819.8754 	DATA 	TR 526 | TR1 263 | TR2 263
821.4424 	DATA 	Keypress: 5
821.4586 	DATA 	TR 527 | TR1 264 | TR2 263
822.0417 	DATA 	EndOfRun sub-09_ses-01_run-03

822.0417 	DATA 	We spent 51.47880530357361 seconds waiting for triggers
822.0418 	DATA 	RatioOfDetectedTargets 1.0
822.0418 	DATA 	You have detected 12 out of 12 targets.
826.8641 	DATA 	Keypress: 5
826.8643 	DATA 	Keypress: 5
826.8644 	DATA 	Keypress: 5
827.0712 	EXP 	window1: mouseVisible = True
