MonitorDistance=99cm
MonitorWidth=30cm
PixelWidth=1024.0
PixelHeight=768.0
You have detected 12 out of 12 targets.
Excellent! Keep up the good work
5.9454 	INFO 	Loaded monitor calibration from ['2021_05_26 17:55']
6.4152 	EXP 	Created window1 = Window(allowGUI=False, allowStencil=False, autoLog=True, backendConf=UNKNOWN, bitsMode=UNKNOWN, blendMode='avg', bpc=(8, 8, 8), color=array([-0.5, -0.5, -0.5]), colorSpace='rgb', depthBits=8, fullscr=<method-wrapper '__getattribute__' of attributeSetter object at 0x7fd8a09d4438>, gamma=None, gammaErrorPolicy='raise', lms=UNKNOWN, monitor=<psychopy.monitors.calibTools.Monitor object at 0x7fd896809048>, multiSample=False, name='window1', numSamples=2, pos=[0.0, 0.0], screen=0, size=array([1024,  768]), stencilBits=0, stereo=False, units='deg', useFBO=False, useRetina=False, viewOri=0.0, viewPos=None, viewScale=None, waitBlanking=True, winType='pyglet')
6.4153 	EXP 	window1: mouseVisible = True
6.4845 	EXP 	Created unnamed TextStim = TextStim(__class__=<class 'psychopy.visual.text.TextStim'>, alignHoriz=method-wrapper(...), alignText='center', alignVert=method-wrapper(...), anchorHoriz='center', anchorVert='center', antialias=True, autoLog=True, bold=False, color=array([1., 1., 1.]), colorSpace='rgb', contrast=1.0, depth=0, flipHoriz=False, flipVert=False, font='', fontFiles=[], height=0.5, italic=False, languageStyle='LTR', name='unnamed TextStim', opacity=1.0, ori=0.0, pos=array([0., 0.]), rgb=UNKNOWN, text=str(...), units='deg', win=Window(...), wrapWidth=15.0)
6.5199 	EXP 	Created Movie Frame 0 = ImageStim(__class__=<class 'psychopy.visual.image.ImageStim'>, autoLog=True, color=array([0.8, 0.8, 0.8]), colorSpace='rgb', contrast=0.8, depth=0, flipHoriz=False, flipVert=False, image='visual_0.png', interpolate=False, mask=None, maskParams=None, name='Movie Frame 0', opacity=1, ori=0.0, pos=array([0., 0.]), size=array([1024,  768]), texRes=128, units='pix', win=Window(...))
6.5443 	EXP 	Created Movie Frame 1 = ImageStim(__class__=<class 'psychopy.visual.image.ImageStim'>, autoLog=True, color=array([0.8, 0.8, 0.8]), colorSpace='rgb', contrast=0.8, depth=0, flipHoriz=False, flipVert=False, image='visual_1.png', interpolate=False, mask=None, maskParams=None, name='Movie Frame 1', opacity=1, ori=0.0, pos=array([0., 0.]), size=array([1024,  768]), texRes=128, units='pix', win=Window(...))
210.1779 	DATA 	Keypress: 5
0.0000 	DATA 	StartOfRun sub-09_ses-01_run-02
0.0000 	DATA 	TR 1 | TR1 1 | TR2 0
0.0178 	DATA 	Initial baseline

1.5496 	DATA 	Keypress: 5
1.5496 	DATA 	TR 2 | TR1 1 | TR2 1
3.1217 	DATA 	Keypress: 5
3.1218 	DATA 	TR 3 | TR1 2 | TR2 1
4.6730 	DATA 	Keypress: 5
4.6730 	DATA 	TR 4 | TR1 2 | TR2 2
6.2451 	DATA 	Keypress: 5
6.2451 	DATA 	TR 5 | TR1 3 | TR2 2
7.7963 	DATA 	Keypress: 5
7.7963 	DATA 	TR 6 | TR1 3 | TR2 3
9.3685 	DATA 	Keypress: 5
9.3685 	DATA 	TR 7 | TR1 4 | TR2 3
10.9195 	DATA 	Keypress: 5
10.9196 	DATA 	TR 8 | TR1 4 | TR2 4
12.4919 	DATA 	Keypress: 5
12.4919 	DATA 	TR 9 | TR1 5 | TR2 4
14.0431 	DATA 	Keypress: 5
14.0431 	DATA 	TR 10 | TR1 5 | TR2 5
15.6152 	DATA 	Keypress: 5
15.6153 	DATA 	TR 11 | TR1 6 | TR2 5
17.1663 	DATA 	Keypress: 5
17.1663 	DATA 	TR 12 | TR1 6 | TR2 6
18.7386 	DATA 	Keypress: 5
18.7387 	DATA 	TR 13 | TR1 7 | TR2 6
20.2898 	DATA 	Keypress: 5
20.2898 	DATA 	TR 14 | TR1 7 | TR2 7
21.8620 	DATA 	Keypress: 5
21.8621 	DATA 	TR 15 | TR1 8 | TR2 7
23.4132 	DATA 	Keypress: 5
23.4133 	DATA 	TR 16 | TR1 8 | TR2 8
24.9854 	DATA 	Keypress: 5
24.9854 	DATA 	TR 17 | TR1 9 | TR2 8
26.5366 	DATA 	Keypress: 5
26.5366 	DATA 	TR 18 | TR1 9 | TR2 9
28.1078 	DATA 	Keypress: 5
28.1078 	DATA 	TR 19 | TR1 10 | TR2 9
29.6600 	DATA 	Keypress: 5
29.6600 	DATA 	TR 20 | TR1 10 | TR2 10
31.2321 	DATA 	Keypress: 5
31.2322 	DATA 	Waited 1.232166051864624 seconds for trigger
31.2336 	DATA 	
31.2336 	DATA 	Trial 1
31.2336 	DATA 	stimDur = 12.0
31.2336 	DATA 	jitter = 0.0
31.2336 	DATA 	restDur = 30.0

31.2336 	DATA 	
31.2336 	DATA 	TR 21 | TR1 11 | TR2 10
31.2336 	DATA 	
31.2336 	DATA 	stimulation started
31.2336 	DATA 	
32.7987 	DATA 	Keypress: 5
32.7988 	DATA 	TR 22 | TR1 11 | TR2 11
34.3652 	DATA 	Keypress: 5
34.3653 	DATA 	TR 23 | TR1 12 | TR2 11
35.9151 	DATA 	Keypress: 5
35.9151 	DATA 	TR 24 | TR1 12 | TR2 12
37.4816 	DATA 	Keypress: 5
37.4816 	DATA 	TR 25 | TR1 13 | TR2 12
39.0316 	DATA 	Keypress: 5
39.0317 	DATA 	TR 26 | TR1 13 | TR2 13
40.6146 	DATA 	Keypress: 5
40.6146 	DATA 	TR 27 | TR1 14 | TR2 13
42.1645 	DATA 	Keypress: 5
42.1645 	DATA 	TR 28 | TR1 14 | TR2 14
43.2477 	DATA 	
43.2477 	DATA 	stimulation stopped
43.2477 	DATA 	
43.7310 	DATA 	Keypress: 5
43.7310 	DATA 	TR 29 | TR1 15 | TR2 14
45.2808 	DATA 	Keypress: 5
45.2809 	DATA 	TR 30 | TR1 15 | TR2 15
46.8480 	DATA 	Keypress: 5
46.8639 	DATA 	TR 31 | TR1 16 | TR2 15
48.4138 	DATA 	Keypress: 5
48.4138 	DATA 	TR 32 | TR1 16 | TR2 16
49.9803 	DATA 	Keypress: 5
49.9804 	DATA 	TR 33 | TR1 17 | TR2 16
51.5302 	DATA 	Keypress: 5
51.5303 	DATA 	TR 34 | TR1 17 | TR2 17
53.0967 	DATA 	Keypress: 5
53.0968 	DATA 	TR 35 | TR1 18 | TR2 17
54.6472 	DATA 	Keypress: 5
54.6632 	DATA 	TR 36 | TR1 18 | TR2 18
56.2298 	DATA 	Keypress: 5
56.2298 	DATA 	TR 37 | TR1 19 | TR2 18
57.7796 	DATA 	Keypress: 5
57.7797 	DATA 	TR 38 | TR1 19 | TR2 19
59.3461 	DATA 	Keypress: 5
59.3462 	DATA 	TR 39 | TR1 20 | TR2 19
60.8960 	DATA 	Keypress: 5
60.8960 	DATA 	TR 40 | TR1 20 | TR2 20
62.4793 	DATA 	Keypress: 5
62.4793 	DATA 	TR 41 | TR1 21 | TR2 20
64.0290 	DATA 	Keypress: 5
64.0291 	DATA 	TR 42 | TR1 21 | TR2 21
65.5955 	DATA 	Keypress: 5
65.5956 	DATA 	TR 43 | TR1 22 | TR2 21
67.1454 	DATA 	Keypress: 5
67.1455 	DATA 	TR 44 | TR1 22 | TR2 22
68.7121 	DATA 	Keypress: 5
68.7121 	DATA 	TR 45 | TR1 23 | TR2 22
70.2785 	DATA 	Keypress: 5
70.2785 	DATA 	TR 46 | TR1 23 | TR2 23
71.8451 	DATA 	Keypress: 5
71.8451 	DATA 	TR 47 | TR1 24 | TR2 23
73.2448 	DATA 	
73.2448 	DATA 	Trial complete
73.2448 	DATA 	Waiting for VASO trigger to start next trial
73.2448 	DATA 	
73.3948 	DATA 	Keypress: 5
73.3949 	DATA 	TR 48 | TR1 24 | TR2 24
74.9614 	DATA 	Keypress: 5
74.9614 	DATA 	Waited 1.7165849208831787 seconds for trigger
74.9622 	DATA 	
74.9623 	DATA 	Trial 2
74.9623 	DATA 	stimDur = 24.0
74.9623 	DATA 	jitter = 0.78525
74.9623 	DATA 	restDur = 40.0

74.9623 	DATA 	
74.9623 	DATA 	TR 49 | TR1 25 | TR2 24
75.7612 	DATA 	
75.7613 	DATA 	stimulation started
75.7613 	DATA 	
76.5112 	DATA 	Keypress: 5
76.5113 	DATA 	TR 50 | TR1 25 | TR2 25
78.0945 	DATA 	Keypress: 5
78.0945 	DATA 	TR 51 | TR1 26 | TR2 25
79.6443 	DATA 	Keypress: 5
79.6443 	DATA 	TR 52 | TR1 26 | TR2 26
81.2109 	DATA 	Keypress: 5
81.2109 	DATA 	TR 53 | TR1 27 | TR2 26
82.7607 	DATA 	Keypress: 5
82.7607 	DATA 	TR 54 | TR1 27 | TR2 27
84.3439 	DATA 	Keypress: 5
84.3440 	DATA 	TR 55 | TR1 28 | TR2 27
85.8937 	DATA 	Keypress: 5
85.8938 	DATA 	TR 56 | TR1 28 | TR2 28
87.4603 	DATA 	Keypress: 5
87.4603 	DATA 	TR 57 | TR1 29 | TR2 28
89.0101 	DATA 	Keypress: 5
89.0101 	DATA 	TR 58 | TR1 29 | TR2 29
90.5767 	DATA 	Keypress: 5
90.5767 	DATA 	TR 59 | TR1 30 | TR2 29
92.1272 	DATA 	Keypress: 5
92.1431 	DATA 	TR 60 | TR1 30 | TR2 30
93.7097 	DATA 	Keypress: 5
93.7098 	DATA 	TR 61 | TR1 31 | TR2 30
95.2595 	DATA 	Keypress: 5
95.2595 	DATA 	TR 62 | TR1 31 | TR2 31
96.8260 	DATA 	Keypress: 5
96.8261 	DATA 	TR 63 | TR1 32 | TR2 31
98.3759 	DATA 	Keypress: 5
98.3759 	DATA 	TR 64 | TR1 32 | TR2 32
99.7591 	DATA 	
99.7591 	DATA 	stimulation stopped
99.7591 	DATA 	
99.9591 	DATA 	Keypress: 5
99.9591 	DATA 	TR 65 | TR1 33 | TR2 32
101.5089 	DATA 	Keypress: 5
101.5089 	DATA 	TR 66 | TR1 33 | TR2 33
103.0754 	DATA 	Keypress: 5
103.0755 	DATA 	TR 67 | TR1 34 | TR2 33
104.3253 	DATA 	Target presented
104.6253 	DATA 	Keypress: 5
104.6253 	DATA 	TR 68 | TR1 34 | TR2 34
105.1752 	DATA 	Keypress: 1
105.1753 	DATA 	Key1 pressed
105.1753 	DATA 	Target detected
106.1924 	DATA 	Keypress: 5
106.2084 	DATA 	TR 69 | TR1 35 | TR2 34
107.7583 	DATA 	Keypress: 5
107.7584 	DATA 	TR 70 | TR1 35 | TR2 35
109.3251 	DATA 	Keypress: 5
109.3251 	DATA 	TR 71 | TR1 36 | TR2 35
110.8747 	DATA 	Keypress: 5
110.8747 	DATA 	TR 72 | TR1 36 | TR2 36
112.4412 	DATA 	Keypress: 5
112.4412 	DATA 	TR 73 | TR1 37 | TR2 36
113.9912 	DATA 	Keypress: 5
113.9913 	DATA 	TR 74 | TR1 37 | TR2 37
115.5743 	DATA 	Keypress: 5
115.5743 	DATA 	TR 75 | TR1 38 | TR2 37
117.1241 	DATA 	Keypress: 5
117.1241 	DATA 	TR 76 | TR1 38 | TR2 38
118.6908 	DATA 	Keypress: 5
118.6908 	DATA 	TR 77 | TR1 39 | TR2 38
120.2405 	DATA 	Keypress: 5
120.2405 	DATA 	TR 78 | TR1 39 | TR2 39
121.8237 	DATA 	Keypress: 5
121.8237 	DATA 	TR 79 | TR1 40 | TR2 39
123.3735 	DATA 	Keypress: 5
123.3736 	DATA 	TR 80 | TR1 40 | TR2 40
124.9401 	DATA 	Keypress: 5
124.9401 	DATA 	TR 81 | TR1 41 | TR2 40
126.4900 	DATA 	Keypress: 5
126.4901 	DATA 	TR 82 | TR1 41 | TR2 41
128.0565 	DATA 	Keypress: 5
128.0565 	DATA 	TR 83 | TR1 42 | TR2 41
129.6229 	DATA 	Keypress: 5
129.6230 	DATA 	TR 84 | TR1 42 | TR2 42
131.1895 	DATA 	Keypress: 5
131.1895 	DATA 	TR 85 | TR1 43 | TR2 42
132.7393 	DATA 	Keypress: 5
132.7394 	DATA 	TR 86 | TR1 43 | TR2 43
134.3058 	DATA 	Keypress: 5
134.3059 	DATA 	TR 87 | TR1 44 | TR2 43
135.8557 	DATA 	Keypress: 5
135.8557 	DATA 	TR 88 | TR1 44 | TR2 44
137.4389 	DATA 	Keypress: 5
137.4390 	DATA 	TR 89 | TR1 45 | TR2 44
138.9887 	DATA 	Keypress: 5
138.9888 	DATA 	TR 90 | TR1 45 | TR2 45
139.7553 	DATA 	
139.7553 	DATA 	Trial complete
139.7553 	DATA 	Waiting for VASO trigger to start next trial
139.7553 	DATA 	
140.5553 	DATA 	Keypress: 5
140.5554 	DATA 	Waited 0.8000609874725342 seconds for trigger
140.5562 	DATA 	
140.5562 	DATA 	Trial 3
140.5562 	DATA 	stimDur = 2.0
140.5562 	DATA 	jitter = 2.35575
140.5562 	DATA 	restDur = 22.0

140.5562 	DATA 	
140.5562 	DATA 	TR 91 | TR1 46 | TR2 45
142.1051 	DATA 	Keypress: 5
142.1052 	DATA 	TR 92 | TR1 46 | TR2 46
142.9217 	DATA 	
142.9217 	DATA 	stimulation started
142.9217 	DATA 	
143.6884 	DATA 	Keypress: 5
143.6884 	DATA 	TR 93 | TR1 47 | TR2 46
144.9216 	DATA 	
144.9216 	DATA 	stimulation stopped
144.9216 	DATA 	
145.2382 	DATA 	Keypress: 5
145.2382 	DATA 	TR 94 | TR1 47 | TR2 47
146.8047 	DATA 	Keypress: 5
146.8048 	DATA 	TR 95 | TR1 48 | TR2 47
148.3545 	DATA 	Keypress: 5
148.3546 	DATA 	TR 96 | TR1 48 | TR2 48
149.9211 	DATA 	Keypress: 5
149.9212 	DATA 	TR 97 | TR1 49 | TR2 48
151.4709 	DATA 	Keypress: 5
151.4709 	DATA 	TR 98 | TR1 49 | TR2 49
153.0541 	DATA 	Keypress: 5
153.0542 	DATA 	TR 99 | TR1 50 | TR2 49
154.6039 	DATA 	Keypress: 5
154.6040 	DATA 	TR 100 | TR1 50 | TR2 50
156.1705 	DATA 	Keypress: 5
156.1705 	DATA 	TR 101 | TR1 51 | TR2 50
157.7203 	DATA 	Keypress: 5
157.7204 	DATA 	TR 102 | TR1 51 | TR2 51
159.3035 	DATA 	Keypress: 5
159.3036 	DATA 	TR 103 | TR1 52 | TR2 51
160.8534 	DATA 	Keypress: 5
160.8534 	DATA 	TR 104 | TR1 52 | TR2 52
162.4199 	DATA 	Keypress: 5
162.4200 	DATA 	TR 105 | TR1 53 | TR2 52
163.9697 	DATA 	Keypress: 5
163.9698 	DATA 	TR 106 | TR1 53 | TR2 53
165.5363 	DATA 	Keypress: 5
165.5363 	DATA 	TR 107 | TR1 54 | TR2 53
166.9194 	DATA 	
166.9194 	DATA 	Trial complete
166.9195 	DATA 	Waiting for VASO trigger to start next trial
166.9195 	DATA 	
167.1028 	DATA 	Keypress: 5
167.1028 	DATA 	TR 108 | TR1 54 | TR2 54
168.6693 	DATA 	Keypress: 5
168.6694 	DATA 	Waited 1.7499308586120605 seconds for trigger
168.6701 	DATA 	
168.6702 	DATA 	Trial 4
168.6702 	DATA 	stimDur = 2.0
168.6702 	DATA 	jitter = 0.78525
168.6702 	DATA 	restDur = 22.0

168.6702 	DATA 	
168.6702 	DATA 	TR 109 | TR1 55 | TR2 54
169.4692 	DATA 	
169.4692 	DATA 	stimulation started
169.4692 	DATA 	
170.2192 	DATA 	Keypress: 5
170.2193 	DATA 	TR 110 | TR1 55 | TR2 55
171.4691 	DATA 	
171.4691 	DATA 	stimulation stopped
171.4691 	DATA 	
171.7857 	DATA 	Keypress: 5
171.7858 	DATA 	TR 111 | TR1 56 | TR2 55
173.3356 	DATA 	Keypress: 5
173.3356 	DATA 	TR 112 | TR1 56 | TR2 56
174.9188 	DATA 	Keypress: 5
174.9188 	DATA 	TR 113 | TR1 57 | TR2 56
176.4686 	DATA 	Keypress: 5
176.4686 	DATA 	TR 114 | TR1 57 | TR2 57
178.0351 	DATA 	Keypress: 5
178.0352 	DATA 	TR 115 | TR1 58 | TR2 57
179.5850 	DATA 	Keypress: 5
179.5850 	DATA 	TR 116 | TR1 58 | TR2 58
179.9849 	DATA 	Target presented
180.5349 	DATA 	Keypress: 1
180.5350 	DATA 	Key1 pressed
180.5350 	DATA 	Target detected
181.1681 	DATA 	Keypress: 5
181.1682 	DATA 	TR 117 | TR1 59 | TR2 58
182.7180 	DATA 	Keypress: 5
182.7181 	DATA 	TR 118 | TR1 59 | TR2 59
184.2846 	DATA 	Keypress: 5
184.2846 	DATA 	TR 119 | TR1 60 | TR2 59
185.8344 	DATA 	Keypress: 5
185.8345 	DATA 	TR 120 | TR1 60 | TR2 60
187.4009 	DATA 	Keypress: 5
187.4010 	DATA 	TR 121 | TR1 61 | TR2 60
188.9514 	DATA 	Keypress: 5
188.9674 	DATA 	TR 122 | TR1 61 | TR2 61
190.5340 	DATA 	Keypress: 5
190.5340 	DATA 	TR 123 | TR1 62 | TR2 61
192.0838 	DATA 	Keypress: 5
192.0839 	DATA 	TR 124 | TR1 62 | TR2 62
193.4669 	DATA 	
193.4669 	DATA 	Trial complete
193.4669 	DATA 	Waiting for VASO trigger to start next trial
193.4669 	DATA 	
193.6505 	DATA 	Keypress: 5
193.6506 	DATA 	Waited 0.18361806869506836 seconds for trigger
193.6513 	DATA 	
193.6513 	DATA 	Trial 5
193.6513 	DATA 	stimDur = 4.0
193.6513 	DATA 	jitter = 0.0
193.6513 	DATA 	restDur = 24.0

193.6513 	DATA 	
193.6513 	DATA 	TR 125 | TR1 63 | TR2 62
193.6514 	DATA 	
193.6514 	DATA 	stimulation started
193.6514 	DATA 	
195.2002 	DATA 	Keypress: 5
195.2003 	DATA 	TR 126 | TR1 63 | TR2 63
196.7837 	DATA 	Keypress: 5
196.7837 	DATA 	TR 127 | TR1 64 | TR2 63
197.6666 	DATA 	
197.6667 	DATA 	stimulation stopped
197.6667 	DATA 	
198.3334 	DATA 	Keypress: 5
198.3334 	DATA 	TR 128 | TR1 64 | TR2 64
199.8998 	DATA 	Keypress: 5
199.8998 	DATA 	TR 129 | TR1 65 | TR2 64
201.4496 	DATA 	Keypress: 5
201.4497 	DATA 	TR 130 | TR1 65 | TR2 65
203.0168 	DATA 	Keypress: 5
203.0328 	DATA 	TR 131 | TR1 66 | TR2 65
204.5828 	DATA 	Keypress: 5
204.5828 	DATA 	TR 132 | TR1 66 | TR2 66
206.1492 	DATA 	Keypress: 5
206.1493 	DATA 	TR 133 | TR1 67 | TR2 66
207.6990 	DATA 	Keypress: 5
207.6991 	DATA 	TR 134 | TR1 67 | TR2 67
209.2656 	DATA 	Keypress: 5
209.2657 	DATA 	TR 135 | TR1 68 | TR2 67
210.8155 	DATA 	Keypress: 5
210.8155 	DATA 	TR 136 | TR1 68 | TR2 68
212.3986 	DATA 	Keypress: 5
212.3987 	DATA 	TR 137 | TR1 69 | TR2 68
213.9484 	DATA 	Keypress: 5
213.9485 	DATA 	TR 138 | TR1 69 | TR2 69
215.5150 	DATA 	Keypress: 5
215.5151 	DATA 	TR 139 | TR1 70 | TR2 69
217.0648 	DATA 	Keypress: 5
217.0649 	DATA 	TR 140 | TR1 70 | TR2 70
218.6481 	DATA 	Keypress: 5
218.6481 	DATA 	TR 141 | TR1 71 | TR2 70
220.1978 	DATA 	Keypress: 5
220.1979 	DATA 	TR 142 | TR1 71 | TR2 71
221.6644 	DATA 	
221.6644 	DATA 	Trial complete
221.6644 	DATA 	Waiting for VASO trigger to start next trial
221.6644 	DATA 	
221.7644 	DATA 	Keypress: 5
221.7645 	DATA 	Waited 0.10006594657897949 seconds for trigger
221.7652 	DATA 	
221.7653 	DATA 	Trial 6
221.7653 	DATA 	stimDur = 4.0
221.7653 	DATA 	jitter = 1.5705
221.7653 	DATA 	restDur = 24.0

221.7653 	DATA 	
221.7653 	DATA 	TR 143 | TR1 72 | TR2 71
223.3142 	DATA 	Keypress: 5
223.3143 	DATA 	TR 144 | TR1 72 | TR2 72
223.3477 	DATA 	
223.3478 	DATA 	stimulation started
223.3478 	DATA 	
224.8808 	DATA 	Keypress: 5
224.8809 	DATA 	TR 145 | TR1 73 | TR2 72
226.4314 	DATA 	Keypress: 5
226.4474 	DATA 	TR 146 | TR1 73 | TR2 73
227.3473 	DATA 	
227.3474 	DATA 	stimulation stopped
227.3474 	DATA 	
228.0138 	DATA 	Keypress: 5
228.0139 	DATA 	TR 147 | TR1 74 | TR2 73
229.5637 	DATA 	Keypress: 5
229.5637 	DATA 	TR 148 | TR1 74 | TR2 74
231.1298 	DATA 	Keypress: 5
231.1299 	DATA 	TR 149 | TR1 75 | TR2 74
232.6800 	DATA 	Keypress: 5
232.6801 	DATA 	TR 150 | TR1 75 | TR2 75
234.2629 	DATA 	Keypress: 5
234.2630 	DATA 	TR 151 | TR1 76 | TR2 75
235.8131 	DATA 	Keypress: 5
235.8132 	DATA 	TR 152 | TR1 76 | TR2 76
237.3797 	DATA 	Keypress: 5
237.3797 	DATA 	TR 153 | TR1 77 | TR2 76
238.9294 	DATA 	Keypress: 5
238.9295 	DATA 	TR 154 | TR1 77 | TR2 77
240.5126 	DATA 	Keypress: 5
240.5127 	DATA 	TR 155 | TR1 78 | TR2 77
242.0625 	DATA 	Keypress: 5
242.0625 	DATA 	TR 156 | TR1 78 | TR2 78
243.6290 	DATA 	Keypress: 5
243.6291 	DATA 	TR 157 | TR1 79 | TR2 78
245.1788 	DATA 	Keypress: 5
245.1788 	DATA 	TR 158 | TR1 79 | TR2 79
246.7454 	DATA 	Keypress: 5
246.7454 	DATA 	TR 159 | TR1 80 | TR2 79
248.2952 	DATA 	Keypress: 5
248.2953 	DATA 	TR 160 | TR1 80 | TR2 80
249.8784 	DATA 	Keypress: 5
249.8785 	DATA 	TR 161 | TR1 81 | TR2 80
251.3450 	DATA 	
251.3450 	DATA 	Trial complete
251.3450 	DATA 	Waiting for VASO trigger to start next trial
251.3450 	DATA 	
251.4283 	DATA 	Keypress: 5
251.4284 	DATA 	TR 162 | TR1 81 | TR2 81
252.9948 	DATA 	Keypress: 5
252.9948 	DATA 	Waited 1.649791955947876 seconds for trigger
252.9956 	DATA 	
252.9956 	DATA 	Trial 7
252.9956 	DATA 	stimDur = 4.0
252.9956 	DATA 	jitter = 2.35575
252.9956 	DATA 	restDur = 24.0

252.9956 	DATA 	
252.9956 	DATA 	TR 163 | TR1 82 | TR2 81
254.5448 	DATA 	Keypress: 5
254.5448 	DATA 	TR 164 | TR1 82 | TR2 82
255.3613 	DATA 	
255.3613 	DATA 	stimulation started
255.3613 	DATA 	
256.1280 	DATA 	Keypress: 5
256.1280 	DATA 	TR 165 | TR1 83 | TR2 82
257.6776 	DATA 	Keypress: 5
257.6777 	DATA 	TR 166 | TR1 83 | TR2 83
258.8944 	DATA 	Target presented
259.2443 	DATA 	Keypress: 5
259.2443 	DATA 	TR 167 | TR1 84 | TR2 83
259.3609 	DATA 	
259.3609 	DATA 	stimulation stopped
259.3609 	DATA 	
259.3942 	DATA 	Keypress: 1
259.3943 	DATA 	Key1 pressed
259.3943 	DATA 	Target detected
260.7938 	DATA 	Keypress: 5
260.7939 	DATA 	TR 168 | TR1 84 | TR2 84
262.3606 	DATA 	Keypress: 5
262.3607 	DATA 	TR 169 | TR1 85 | TR2 84
263.9271 	DATA 	Keypress: 5
263.9272 	DATA 	TR 170 | TR1 85 | TR2 85
265.4937 	DATA 	Keypress: 5
265.4938 	DATA 	TR 171 | TR1 86 | TR2 85
267.0435 	DATA 	Keypress: 5
267.0436 	DATA 	TR 172 | TR1 86 | TR2 86
268.6101 	DATA 	Keypress: 5
268.6101 	DATA 	TR 173 | TR1 87 | TR2 86
270.1599 	DATA 	Keypress: 5
270.1600 	DATA 	TR 174 | TR1 87 | TR2 87
271.7431 	DATA 	Keypress: 5
271.7432 	DATA 	TR 175 | TR1 88 | TR2 87
273.2929 	DATA 	Keypress: 5
273.2930 	DATA 	TR 176 | TR1 88 | TR2 88
274.8596 	DATA 	Keypress: 5
274.8596 	DATA 	TR 177 | TR1 89 | TR2 88
276.4093 	DATA 	Keypress: 5
276.4094 	DATA 	TR 178 | TR1 89 | TR2 89
277.9765 	DATA 	Keypress: 5
277.9925 	DATA 	TR 179 | TR1 90 | TR2 89
279.5424 	DATA 	Keypress: 5
279.5424 	DATA 	TR 180 | TR1 90 | TR2 90
281.1089 	DATA 	Keypress: 5
281.1090 	DATA 	TR 181 | TR1 91 | TR2 90
282.6588 	DATA 	Keypress: 5
282.6588 	DATA 	TR 182 | TR1 91 | TR2 91
283.3586 	DATA 	
283.3587 	DATA 	Trial complete
283.3587 	DATA 	Waiting for VASO trigger to start next trial
283.3587 	DATA 	
284.2253 	DATA 	Keypress: 5
284.2253 	DATA 	Waited 0.8666610717773438 seconds for trigger
284.2261 	DATA 	
284.2261 	DATA 	Trial 8
284.2261 	DATA 	stimDur = 24.0
284.2261 	DATA 	jitter = 1.5705
284.2261 	DATA 	restDur = 40.0

284.2261 	DATA 	
284.2261 	DATA 	TR 183 | TR1 92 | TR2 91
285.7754 	DATA 	Keypress: 5
285.7754 	DATA 	TR 184 | TR1 92 | TR2 92
285.8084 	DATA 	
285.8085 	DATA 	stimulation started
285.8085 	DATA 	
287.3584 	DATA 	Keypress: 5
287.3584 	DATA 	TR 185 | TR1 93 | TR2 92
288.9083 	DATA 	Keypress: 5
288.9083 	DATA 	TR 186 | TR1 93 | TR2 93
290.4747 	DATA 	Keypress: 5
290.4748 	DATA 	TR 187 | TR1 94 | TR2 93
292.0246 	DATA 	Keypress: 5
292.0247 	DATA 	TR 188 | TR1 94 | TR2 94
293.6078 	DATA 	Keypress: 5
293.6078 	DATA 	TR 189 | TR1 95 | TR2 94
295.1577 	DATA 	Keypress: 5
295.1577 	DATA 	TR 190 | TR1 95 | TR2 95
296.7242 	DATA 	Keypress: 5
296.7242 	DATA 	TR 191 | TR1 96 | TR2 95
298.2740 	DATA 	Keypress: 5
298.2741 	DATA 	TR 192 | TR1 96 | TR2 96
299.8405 	DATA 	Keypress: 5
299.8406 	DATA 	TR 193 | TR1 97 | TR2 96
301.2904 	DATA 	Target presented
301.4071 	DATA 	Keypress: 5
301.4071 	DATA 	TR 194 | TR1 97 | TR2 97
301.8570 	DATA 	Keypress: 1
301.8570 	DATA 	Key1 pressed
301.8570 	DATA 	Target detected
302.9735 	DATA 	Keypress: 5
302.9735 	DATA 	TR 195 | TR1 98 | TR2 97
304.5235 	DATA 	Keypress: 5
304.5235 	DATA 	TR 196 | TR1 98 | TR2 98
306.0901 	DATA 	Keypress: 5
306.0902 	DATA 	TR 197 | TR1 99 | TR2 98
307.6399 	DATA 	Keypress: 5
307.6400 	DATA 	TR 198 | TR1 99 | TR2 99
309.2231 	DATA 	Keypress: 5
309.2232 	DATA 	TR 199 | TR1 100 | TR2 99
309.8063 	DATA 	
309.8063 	DATA 	stimulation stopped
309.8063 	DATA 	
310.7728 	DATA 	Keypress: 5
310.7729 	DATA 	TR 200 | TR1 100 | TR2 100
312.3395 	DATA 	Keypress: 5
312.3396 	DATA 	TR 201 | TR1 101 | TR2 100
313.8892 	DATA 	Keypress: 5
313.8893 	DATA 	TR 202 | TR1 101 | TR2 101
315.4724 	DATA 	Keypress: 5
315.4724 	DATA 	TR 203 | TR1 102 | TR2 101
317.0223 	DATA 	Keypress: 5
317.0223 	DATA 	TR 204 | TR1 102 | TR2 102
318.5888 	DATA 	Keypress: 5
318.5888 	DATA 	TR 205 | TR1 103 | TR2 102
320.1386 	DATA 	Keypress: 5
320.1387 	DATA 	TR 206 | TR1 103 | TR2 103
321.7051 	DATA 	Keypress: 5
321.7052 	DATA 	TR 207 | TR1 104 | TR2 103
323.2551 	DATA 	Keypress: 5
323.2552 	DATA 	TR 208 | TR1 104 | TR2 104
324.8382 	DATA 	Keypress: 5
324.8382 	DATA 	TR 209 | TR1 105 | TR2 104
326.3881 	DATA 	Keypress: 5
326.3881 	DATA 	TR 210 | TR1 105 | TR2 105
327.9546 	DATA 	Keypress: 5
327.9546 	DATA 	TR 211 | TR1 106 | TR2 105
329.5044 	DATA 	Keypress: 5
329.5045 	DATA 	TR 212 | TR1 106 | TR2 106
331.0876 	DATA 	Keypress: 5
331.0876 	DATA 	TR 213 | TR1 107 | TR2 106
332.6375 	DATA 	Keypress: 5
332.6375 	DATA 	TR 214 | TR1 107 | TR2 107
334.2041 	DATA 	Keypress: 5
334.2042 	DATA 	TR 215 | TR1 108 | TR2 107
335.7539 	DATA 	Keypress: 5
335.7540 	DATA 	TR 216 | TR1 108 | TR2 108
337.3209 	DATA 	Keypress: 5
337.3370 	DATA 	TR 217 | TR1 109 | TR2 108
338.8869 	DATA 	Keypress: 5
338.8870 	DATA 	TR 218 | TR1 109 | TR2 109
340.4534 	DATA 	Keypress: 5
340.4534 	DATA 	TR 219 | TR1 110 | TR2 109
342.0033 	DATA 	Keypress: 5
342.0033 	DATA 	TR 220 | TR1 110 | TR2 110
343.5698 	DATA 	Keypress: 5
343.5698 	DATA 	TR 221 | TR1 111 | TR2 110
345.1197 	DATA 	Keypress: 5
345.1197 	DATA 	TR 222 | TR1 111 | TR2 111
346.7028 	DATA 	Keypress: 5
346.7028 	DATA 	TR 223 | TR1 112 | TR2 111
348.2527 	DATA 	Keypress: 5
348.2527 	DATA 	TR 224 | TR1 112 | TR2 112
349.8025 	DATA 	
349.8025 	DATA 	Trial complete
349.8025 	DATA 	Waiting for VASO trigger to start next trial
349.8025 	DATA 	
349.8193 	DATA 	Keypress: 5
349.8194 	DATA 	Waited 0.016849994659423828 seconds for trigger
349.8201 	DATA 	
349.8201 	DATA 	Trial 9
349.8202 	DATA 	stimDur = 24.0
349.8202 	DATA 	jitter = 0.0
349.8202 	DATA 	restDur = 40.0

349.8202 	DATA 	
349.8202 	DATA 	TR 225 | TR1 113 | TR2 112
349.8202 	DATA 	
349.8202 	DATA 	stimulation started
349.8202 	DATA 	
351.3691 	DATA 	Keypress: 5
351.3692 	DATA 	TR 226 | TR1 113 | TR2 113
352.9523 	DATA 	Keypress: 5
352.9523 	DATA 	TR 227 | TR1 114 | TR2 113
354.5022 	DATA 	Keypress: 5
354.5022 	DATA 	TR 228 | TR1 114 | TR2 114
356.0687 	DATA 	Keypress: 5
356.0687 	DATA 	TR 229 | TR1 115 | TR2 114
357.6185 	DATA 	Keypress: 5
357.6186 	DATA 	TR 230 | TR1 115 | TR2 115
359.1850 	DATA 	Keypress: 5
359.1851 	DATA 	TR 231 | TR1 116 | TR2 115
360.7356 	DATA 	Keypress: 5
360.7515 	DATA 	TR 232 | TR1 116 | TR2 116
362.3181 	DATA 	Keypress: 5
362.3181 	DATA 	TR 233 | TR1 117 | TR2 116
363.8680 	DATA 	Keypress: 5
363.8680 	DATA 	TR 234 | TR1 117 | TR2 117
365.4345 	DATA 	Keypress: 5
365.4345 	DATA 	TR 235 | TR1 118 | TR2 117
366.9843 	DATA 	Keypress: 5
366.9844 	DATA 	TR 236 | TR1 118 | TR2 118
368.5675 	DATA 	Keypress: 5
368.5676 	DATA 	TR 237 | TR1 119 | TR2 118
370.1174 	DATA 	Keypress: 5
370.1175 	DATA 	TR 238 | TR1 119 | TR2 119
371.6839 	DATA 	Keypress: 5
371.6839 	DATA 	TR 239 | TR1 120 | TR2 119
373.2338 	DATA 	Keypress: 5
373.2338 	DATA 	TR 240 | TR1 120 | TR2 120
373.8337 	DATA 	
373.8337 	DATA 	stimulation stopped
373.8337 	DATA 	
374.8169 	DATA 	Keypress: 5
374.8169 	DATA 	TR 241 | TR1 121 | TR2 120
375.2334 	DATA 	Target presented
375.7834 	DATA 	Keypress: 1
375.7835 	DATA 	Key1 pressed
375.7835 	DATA 	Target detected
376.3668 	DATA 	Keypress: 5
376.3668 	DATA 	TR 242 | TR1 121 | TR2 121
377.9333 	DATA 	Keypress: 5
377.9333 	DATA 	TR 243 | TR1 122 | TR2 121
379.4831 	DATA 	Keypress: 5
379.4832 	DATA 	TR 244 | TR1 122 | TR2 122
381.0496 	DATA 	Keypress: 5
381.0497 	DATA 	TR 245 | TR1 123 | TR2 122
382.5996 	DATA 	Keypress: 5
382.5996 	DATA 	TR 246 | TR1 123 | TR2 123
384.1827 	DATA 	Keypress: 5
384.1828 	DATA 	TR 247 | TR1 124 | TR2 123
385.7325 	DATA 	Keypress: 5
385.7326 	DATA 	TR 248 | TR1 124 | TR2 124
387.2989 	DATA 	Keypress: 5
387.2990 	DATA 	TR 249 | TR1 125 | TR2 124
388.8489 	DATA 	Keypress: 5
388.8490 	DATA 	TR 250 | TR1 125 | TR2 125
390.4319 	DATA 	Keypress: 5
390.4320 	DATA 	TR 251 | TR1 126 | TR2 125
391.9821 	DATA 	Keypress: 5
391.9822 	DATA 	TR 252 | TR1 126 | TR2 126
393.5485 	DATA 	Keypress: 5
393.5485 	DATA 	TR 253 | TR1 127 | TR2 126
395.0984 	DATA 	Keypress: 5
395.0984 	DATA 	TR 254 | TR1 127 | TR2 127
396.6649 	DATA 	Keypress: 5
396.6650 	DATA 	TR 255 | TR1 128 | TR2 127
398.2315 	DATA 	Keypress: 5
398.2316 	DATA 	TR 256 | TR1 128 | TR2 128
399.7979 	DATA 	Keypress: 5
399.7979 	DATA 	TR 257 | TR1 129 | TR2 128
401.3478 	DATA 	Keypress: 5
401.3478 	DATA 	TR 258 | TR1 129 | TR2 129
402.9143 	DATA 	Keypress: 5
402.9144 	DATA 	TR 259 | TR1 130 | TR2 129
404.4643 	DATA 	Keypress: 5
404.4643 	DATA 	TR 260 | TR1 130 | TR2 130
406.0473 	DATA 	Keypress: 5
406.0473 	DATA 	TR 261 | TR1 131 | TR2 130
407.5972 	DATA 	Keypress: 5
407.5973 	DATA 	TR 262 | TR1 131 | TR2 131
409.1637 	DATA 	Keypress: 5
409.1637 	DATA 	TR 263 | TR1 132 | TR2 131
410.7136 	DATA 	Keypress: 5
410.7137 	DATA 	TR 264 | TR1 132 | TR2 132
412.2807 	DATA 	Keypress: 5
412.2967 	DATA 	TR 265 | TR1 133 | TR2 132
413.8303 	DATA 	
413.8304 	DATA 	Trial complete
413.8304 	DATA 	Waiting for VASO trigger to start next trial
413.8304 	DATA 	
413.8466 	DATA 	Keypress: 5
413.8467 	DATA 	TR 266 | TR1 133 | TR2 133
415.4131 	DATA 	Keypress: 5
415.4132 	DATA 	Waited 1.582766056060791 seconds for trigger
415.4139 	DATA 	
415.4139 	DATA 	Trial 10
415.4139 	DATA 	stimDur = 12.0
415.4139 	DATA 	jitter = 1.5705
415.4140 	DATA 	restDur = 30.0

415.4140 	DATA 	
415.4140 	DATA 	TR 267 | TR1 134 | TR2 133
416.9630 	DATA 	Keypress: 5
416.9630 	DATA 	TR 268 | TR1 134 | TR2 134
416.9963 	DATA 	
416.9963 	DATA 	stimulation started
416.9963 	DATA 	
418.5295 	DATA 	Keypress: 5
418.5296 	DATA 	TR 269 | TR1 135 | TR2 134
420.0801 	DATA 	Keypress: 5
420.0960 	DATA 	TR 270 | TR1 135 | TR2 135
421.6626 	DATA 	Keypress: 5
421.6626 	DATA 	TR 271 | TR1 136 | TR2 135
423.2125 	DATA 	Keypress: 5
423.2125 	DATA 	TR 272 | TR1 136 | TR2 136
424.7789 	DATA 	Keypress: 5
424.7790 	DATA 	TR 273 | TR1 137 | TR2 136
426.3288 	DATA 	Keypress: 5
426.3289 	DATA 	TR 274 | TR1 137 | TR2 137
427.9120 	DATA 	Keypress: 5
427.9121 	DATA 	TR 275 | TR1 138 | TR2 137
428.9953 	DATA 	
428.9953 	DATA 	stimulation stopped
428.9953 	DATA 	
429.4618 	DATA 	Keypress: 5
429.4619 	DATA 	TR 276 | TR1 138 | TR2 138
431.0283 	DATA 	Keypress: 5
431.0284 	DATA 	TR 277 | TR1 139 | TR2 138
432.5782 	DATA 	Keypress: 5
432.5783 	DATA 	TR 278 | TR1 139 | TR2 139
434.1448 	DATA 	Keypress: 5
434.1448 	DATA 	TR 279 | TR1 140 | TR2 139
435.7113 	DATA 	Keypress: 5
435.7113 	DATA 	TR 280 | TR1 140 | TR2 140
437.2777 	DATA 	Keypress: 5
437.2778 	DATA 	TR 281 | TR1 141 | TR2 140
438.8276 	DATA 	Keypress: 5
438.8277 	DATA 	TR 282 | TR1 141 | TR2 141
440.3941 	DATA 	Keypress: 5
440.3942 	DATA 	TR 283 | TR1 142 | TR2 141
441.9440 	DATA 	Keypress: 5
441.9441 	DATA 	TR 284 | TR1 142 | TR2 142
443.5274 	DATA 	Keypress: 5
443.5274 	DATA 	TR 285 | TR1 143 | TR2 142
443.5605 	DATA 	Target presented
444.1438 	DATA 	Keypress: 1
444.1438 	DATA 	Key1 pressed
444.1438 	DATA 	Target detected
445.0770 	DATA 	Keypress: 5
445.0771 	DATA 	TR 286 | TR1 143 | TR2 143
446.6435 	DATA 	Keypress: 5
446.6436 	DATA 	TR 287 | TR1 144 | TR2 143
448.1934 	DATA 	Keypress: 5
448.1935 	DATA 	TR 288 | TR1 144 | TR2 144
449.7766 	DATA 	Keypress: 5
449.7766 	DATA 	TR 289 | TR1 145 | TR2 144
451.3265 	DATA 	Keypress: 5
451.3265 	DATA 	TR 290 | TR1 145 | TR2 145
452.8930 	DATA 	Keypress: 5
452.8931 	DATA 	TR 291 | TR1 146 | TR2 145
454.4429 	DATA 	Keypress: 5
454.4429 	DATA 	TR 292 | TR1 146 | TR2 146
456.0094 	DATA 	Keypress: 5
456.0094 	DATA 	TR 293 | TR1 147 | TR2 146
457.5599 	DATA 	Keypress: 5
457.5758 	DATA 	TR 294 | TR1 147 | TR2 147
458.9924 	DATA 	
458.9924 	DATA 	Trial complete
458.9924 	DATA 	Waiting for VASO trigger to start next trial
458.9924 	DATA 	
459.1424 	DATA 	Keypress: 5
459.1424 	DATA 	Waited 0.1500380039215088 seconds for trigger
459.1432 	DATA 	
459.1432 	DATA 	Trial 11
459.1432 	DATA 	stimDur = 1.0
459.1432 	DATA 	jitter = 1.5705
459.1432 	DATA 	restDur = 20.0

459.1432 	DATA 	
459.1432 	DATA 	TR 295 | TR1 148 | TR2 147
460.6923 	DATA 	Keypress: 5
460.6923 	DATA 	TR 296 | TR1 148 | TR2 148
460.7256 	DATA 	
460.7256 	DATA 	stimulation started
460.7256 	DATA 	
461.7255 	DATA 	
461.7255 	DATA 	stimulation stopped
461.7255 	DATA 	
462.2588 	DATA 	Keypress: 5
462.2588 	DATA 	TR 297 | TR1 149 | TR2 148
463.8087 	DATA 	Keypress: 5
463.8087 	DATA 	TR 298 | TR1 149 | TR2 149
465.3918 	DATA 	Keypress: 5
465.3918 	DATA 	TR 299 | TR1 150 | TR2 149
466.9417 	DATA 	Keypress: 5
466.9418 	DATA 	TR 300 | TR1 150 | TR2 150
468.5082 	DATA 	Keypress: 5
468.5082 	DATA 	TR 301 | TR1 151 | TR2 150
470.0581 	DATA 	Keypress: 5
470.0581 	DATA 	TR 302 | TR1 151 | TR2 151
471.6251 	DATA 	Keypress: 5
471.6412 	DATA 	TR 303 | TR1 152 | TR2 151
473.1912 	DATA 	Keypress: 5
473.1913 	DATA 	TR 304 | TR1 152 | TR2 152
474.7576 	DATA 	Keypress: 5
474.7577 	DATA 	TR 305 | TR1 153 | TR2 152
476.3075 	DATA 	Keypress: 5
476.3075 	DATA 	TR 306 | TR1 153 | TR2 153
477.8740 	DATA 	Keypress: 5
477.8740 	DATA 	TR 307 | TR1 154 | TR2 153
479.4237 	DATA 	Keypress: 5
479.4238 	DATA 	TR 308 | TR1 154 | TR2 154
481.0070 	DATA 	Keypress: 5
481.0071 	DATA 	TR 309 | TR1 155 | TR2 154
481.7236 	DATA 	
481.7236 	DATA 	Trial complete
481.7236 	DATA 	Waiting for VASO trigger to start next trial
481.7236 	DATA 	
482.5569 	DATA 	Keypress: 5
482.5570 	DATA 	TR 310 | TR1 155 | TR2 155
484.1234 	DATA 	Keypress: 5
484.1235 	DATA 	Waited 2.3998730182647705 seconds for trigger
484.1243 	DATA 	
484.1243 	DATA 	Trial 12
484.1243 	DATA 	stimDur = 4.0
484.1243 	DATA 	jitter = 0.78525
484.1243 	DATA 	restDur = 24.0

484.1243 	DATA 	
484.1243 	DATA 	TR 311 | TR1 156 | TR2 155
484.9235 	DATA 	
484.9235 	DATA 	stimulation started
484.9235 	DATA 	
485.6734 	DATA 	Keypress: 5
485.6734 	DATA 	TR 312 | TR1 156 | TR2 156
487.2565 	DATA 	Keypress: 5
487.2565 	DATA 	TR 313 | TR1 157 | TR2 156
488.8064 	DATA 	Keypress: 5
488.8065 	DATA 	TR 314 | TR1 157 | TR2 157
488.9231 	DATA 	
488.9231 	DATA 	stimulation stopped
488.9231 	DATA 	
490.3728 	DATA 	Keypress: 5
490.3729 	DATA 	TR 315 | TR1 158 | TR2 157
491.9227 	DATA 	Keypress: 5
491.9228 	DATA 	TR 316 | TR1 158 | TR2 158
493.4892 	DATA 	Keypress: 5
493.4893 	DATA 	TR 317 | TR1 159 | TR2 158
495.0557 	DATA 	Keypress: 5
495.0558 	DATA 	TR 318 | TR1 159 | TR2 159
496.6222 	DATA 	Keypress: 5
496.6223 	DATA 	TR 319 | TR1 160 | TR2 159
498.1721 	DATA 	Keypress: 5
498.1722 	DATA 	TR 320 | TR1 160 | TR2 160
499.7386 	DATA 	Keypress: 5
499.7387 	DATA 	TR 321 | TR1 161 | TR2 160
501.2885 	DATA 	Keypress: 5
501.2886 	DATA 	TR 322 | TR1 161 | TR2 161
502.8717 	DATA 	Keypress: 5
502.8717 	DATA 	TR 323 | TR1 162 | TR2 161
504.4216 	DATA 	Keypress: 5
504.4216 	DATA 	TR 324 | TR1 162 | TR2 162
505.0048 	DATA 	Target presented
505.5387 	DATA 	Keypress: 1
505.5547 	DATA 	Key1 pressed
505.5548 	DATA 	Target detected
505.9880 	DATA 	Keypress: 5
505.9881 	DATA 	TR 325 | TR1 163 | TR2 162
507.5379 	DATA 	Keypress: 5
507.5380 	DATA 	TR 326 | TR1 163 | TR2 163
509.1211 	DATA 	Keypress: 5
509.1212 	DATA 	TR 327 | TR1 164 | TR2 163
510.6710 	DATA 	Keypress: 5
510.6710 	DATA 	TR 328 | TR1 164 | TR2 164
512.2375 	DATA 	Keypress: 5
512.2375 	DATA 	TR 329 | TR1 165 | TR2 164
512.9207 	DATA 	
512.9207 	DATA 	Trial complete
512.9207 	DATA 	Waiting for VASO trigger to start next trial
512.9207 	DATA 	
513.7874 	DATA 	Keypress: 5
513.7874 	DATA 	TR 330 | TR1 165 | TR2 165
515.3539 	DATA 	Keypress: 5
515.3539 	DATA 	Waited 2.4332001209259033 seconds for trigger
515.3547 	DATA 	
515.3547 	DATA 	Trial 13
515.3547 	DATA 	stimDur = 12.0
515.3547 	DATA 	jitter = 0.78525
515.3547 	DATA 	restDur = 30.0

515.3547 	DATA 	
515.3547 	DATA 	TR 331 | TR1 166 | TR2 165
516.1537 	DATA 	
516.1538 	DATA 	stimulation started
516.1538 	DATA 	
516.9039 	DATA 	Keypress: 5
516.9040 	DATA 	TR 332 | TR1 166 | TR2 166
518.4870 	DATA 	Keypress: 5
518.4870 	DATA 	TR 333 | TR1 167 | TR2 166
520.0368 	DATA 	Keypress: 5
520.0369 	DATA 	TR 334 | TR1 167 | TR2 167
521.6034 	DATA 	Keypress: 5
521.6034 	DATA 	TR 335 | TR1 168 | TR2 167
523.1532 	DATA 	Keypress: 5
523.1533 	DATA 	TR 336 | TR1 168 | TR2 168
524.7364 	DATA 	Keypress: 5
524.7364 	DATA 	TR 337 | TR1 169 | TR2 168
526.2862 	DATA 	Keypress: 5
526.2863 	DATA 	TR 338 | TR1 169 | TR2 169
527.8527 	DATA 	Keypress: 5
527.8528 	DATA 	TR 339 | TR1 170 | TR2 169
528.1527 	DATA 	
528.1527 	DATA 	stimulation stopped
528.1527 	DATA 	
529.4026 	DATA 	Keypress: 5
529.4026 	DATA 	TR 340 | TR1 170 | TR2 170
530.9691 	DATA 	Keypress: 5
530.9691 	DATA 	TR 341 | TR1 171 | TR2 170
532.5356 	DATA 	Keypress: 5
532.5357 	DATA 	TR 342 | TR1 171 | TR2 171
534.1021 	DATA 	Keypress: 5
534.1022 	DATA 	TR 343 | TR1 172 | TR2 171
535.6520 	DATA 	Keypress: 5
535.6520 	DATA 	TR 344 | TR1 172 | TR2 172
537.2185 	DATA 	Keypress: 5
537.2185 	DATA 	TR 345 | TR1 173 | TR2 172
538.7684 	DATA 	Keypress: 5
538.7684 	DATA 	TR 346 | TR1 173 | TR2 173
540.3516 	DATA 	Keypress: 5
540.3516 	DATA 	TR 347 | TR1 174 | TR2 173
541.9011 	DATA 	Keypress: 5
541.9011 	DATA 	TR 348 | TR1 174 | TR2 174
543.4679 	DATA 	Keypress: 5
543.4680 	DATA 	TR 349 | TR1 175 | TR2 174
545.0178 	DATA 	Keypress: 5
545.0179 	DATA 	TR 350 | TR1 175 | TR2 175
546.6010 	DATA 	Keypress: 5
546.6010 	DATA 	TR 351 | TR1 176 | TR2 175
548.1508 	DATA 	Keypress: 5
548.1509 	DATA 	TR 352 | TR1 176 | TR2 176
549.7173 	DATA 	Keypress: 5
549.7174 	DATA 	TR 353 | TR1 177 | TR2 176
551.2672 	DATA 	Keypress: 5
551.2673 	DATA 	TR 354 | TR1 177 | TR2 177
552.8337 	DATA 	Keypress: 5
552.8337 	DATA 	TR 355 | TR1 178 | TR2 177
554.3841 	DATA 	Keypress: 5
554.4002 	DATA 	TR 356 | TR1 178 | TR2 178
555.9668 	DATA 	Keypress: 5
555.9668 	DATA 	TR 357 | TR1 179 | TR2 178
557.5166 	DATA 	Keypress: 5
557.5167 	DATA 	TR 358 | TR1 179 | TR2 179
558.1498 	DATA 	
558.1498 	DATA 	Trial complete
558.1499 	DATA 	Waiting for VASO trigger to start next trial
558.1499 	DATA 	
559.0831 	DATA 	Keypress: 5
559.0833 	DATA 	Waited 0.9333791732788086 seconds for trigger
559.0840 	DATA 	
559.0840 	DATA 	Trial 14
559.0840 	DATA 	stimDur = 12.0
559.0840 	DATA 	jitter = 2.35575
559.0840 	DATA 	restDur = 30.0

559.0840 	DATA 	
559.0840 	DATA 	TR 359 | TR1 180 | TR2 179
560.6330 	DATA 	Keypress: 5
560.6330 	DATA 	TR 360 | TR1 180 | TR2 180
561.4496 	DATA 	
561.4496 	DATA 	stimulation started
561.4496 	DATA 	
562.2162 	DATA 	Keypress: 5
562.2163 	DATA 	TR 361 | TR1 181 | TR2 180
563.7661 	DATA 	Keypress: 5
563.7661 	DATA 	TR 362 | TR1 181 | TR2 181
565.3326 	DATA 	Keypress: 5
565.3327 	DATA 	TR 363 | TR1 182 | TR2 181
566.8825 	DATA 	Keypress: 5
566.8825 	DATA 	TR 364 | TR1 182 | TR2 182
568.4490 	DATA 	Keypress: 5
568.4491 	DATA 	TR 365 | TR1 183 | TR2 182
568.9991 	DATA 	Target presented
569.4822 	DATA 	Keypress: 1
569.4823 	DATA 	Key1 pressed
569.4823 	DATA 	Target detected
570.0155 	DATA 	Keypress: 5
570.0155 	DATA 	TR 366 | TR1 183 | TR2 183
571.5821 	DATA 	Keypress: 5
571.5821 	DATA 	TR 367 | TR1 184 | TR2 183
573.1319 	DATA 	Keypress: 5
573.1319 	DATA 	TR 368 | TR1 184 | TR2 184
573.4485 	DATA 	
573.4485 	DATA 	stimulation stopped
573.4485 	DATA 	
574.6984 	DATA 	Keypress: 5
574.6984 	DATA 	TR 369 | TR1 185 | TR2 184
576.2483 	DATA 	Keypress: 5
576.2483 	DATA 	TR 370 | TR1 185 | TR2 185
577.8314 	DATA 	Keypress: 5
577.8315 	DATA 	TR 371 | TR1 186 | TR2 185
579.3812 	DATA 	Keypress: 5
579.3813 	DATA 	TR 372 | TR1 186 | TR2 186
580.9478 	DATA 	Keypress: 5
580.9478 	DATA 	TR 373 | TR1 187 | TR2 186
582.4976 	DATA 	Keypress: 5
582.4977 	DATA 	TR 374 | TR1 187 | TR2 187
584.0808 	DATA 	Keypress: 5
584.0808 	DATA 	TR 375 | TR1 188 | TR2 187
585.6307 	DATA 	Keypress: 5
585.6307 	DATA 	TR 376 | TR1 188 | TR2 188
587.1971 	DATA 	Keypress: 5
587.1971 	DATA 	TR 377 | TR1 189 | TR2 188
588.7470 	DATA 	Keypress: 5
588.7471 	DATA 	TR 378 | TR1 189 | TR2 189
590.3136 	DATA 	Keypress: 5
590.3137 	DATA 	TR 379 | TR1 190 | TR2 189
591.8642 	DATA 	Keypress: 5
591.8801 	DATA 	TR 380 | TR1 190 | TR2 190
593.4466 	DATA 	Keypress: 5
593.4467 	DATA 	TR 381 | TR1 191 | TR2 190
594.9966 	DATA 	Keypress: 5
594.9967 	DATA 	TR 382 | TR1 191 | TR2 191
596.5630 	DATA 	Keypress: 5
596.5631 	DATA 	TR 383 | TR1 192 | TR2 191
598.1128 	DATA 	Keypress: 5
598.1129 	DATA 	TR 384 | TR1 192 | TR2 192
599.6961 	DATA 	Keypress: 5
599.6961 	DATA 	TR 385 | TR1 193 | TR2 192
601.2459 	DATA 	Keypress: 5
601.2459 	DATA 	TR 386 | TR1 193 | TR2 193
602.8124 	DATA 	Keypress: 5
602.8125 	DATA 	TR 387 | TR1 194 | TR2 193
603.4457 	DATA 	
603.4457 	DATA 	Trial complete
603.4457 	DATA 	Waiting for VASO trigger to start next trial
603.4457 	DATA 	
604.3623 	DATA 	Keypress: 5
604.3623 	DATA 	TR 388 | TR1 194 | TR2 194
605.9294 	DATA 	Keypress: 5
605.9454 	DATA 	Waited 2.4997341632843018 seconds for trigger
605.9462 	DATA 	
605.9462 	DATA 	Trial 15
605.9462 	DATA 	stimDur = 2.0
605.9462 	DATA 	jitter = 0.0
605.9462 	DATA 	restDur = 22.0

605.9462 	DATA 	
605.9462 	DATA 	TR 389 | TR1 195 | TR2 194
605.9462 	DATA 	
605.9462 	DATA 	stimulation started
605.9462 	DATA 	
607.4955 	DATA 	Keypress: 5
607.4956 	DATA 	TR 390 | TR1 195 | TR2 195
607.9620 	DATA 	
607.9620 	DATA 	stimulation stopped
607.9620 	DATA 	
609.0619 	DATA 	Keypress: 5
609.0619 	DATA 	TR 391 | TR1 196 | TR2 195
610.6117 	DATA 	Keypress: 5
610.6117 	DATA 	TR 392 | TR1 196 | TR2 196
612.1780 	DATA 	Keypress: 5
612.1781 	DATA 	TR 393 | TR1 197 | TR2 196
613.7276 	DATA 	Keypress: 5
613.7277 	DATA 	TR 394 | TR1 197 | TR2 197
615.3114 	DATA 	Keypress: 5
615.3115 	DATA 	TR 395 | TR1 198 | TR2 197
616.8611 	DATA 	Keypress: 5
616.8611 	DATA 	TR 396 | TR1 198 | TR2 198
618.4277 	DATA 	Keypress: 5
618.4277 	DATA 	TR 397 | TR1 199 | TR2 198
618.9776 	DATA 	Target presented
619.5775 	DATA 	Keypress: 1
619.5776 	DATA 	Key1 pressed
619.5776 	DATA 	Target detected
619.9775 	DATA 	Keypress: 5
619.9775 	DATA 	TR 398 | TR1 199 | TR2 199
621.5607 	DATA 	Keypress: 5
621.5607 	DATA 	TR 399 | TR1 200 | TR2 199
623.1105 	DATA 	Keypress: 5
623.1106 	DATA 	TR 400 | TR1 200 | TR2 200
624.6771 	DATA 	Keypress: 5
624.6771 	DATA 	TR 401 | TR1 201 | TR2 200
626.2269 	DATA 	Keypress: 5
626.2270 	DATA 	TR 402 | TR1 201 | TR2 201
627.7936 	DATA 	Keypress: 5
627.7936 	DATA 	TR 403 | TR1 202 | TR2 201
629.3599 	DATA 	Keypress: 5
629.3600 	DATA 	TR 404 | TR1 202 | TR2 202
629.9599 	DATA 	
629.9599 	DATA 	Trial complete
629.9599 	DATA 	Waiting for VASO trigger to start next trial
629.9599 	DATA 	
630.9265 	DATA 	Keypress: 5
630.9266 	DATA 	Waited 0.9666650295257568 seconds for trigger
630.9273 	DATA 	
630.9273 	DATA 	Trial 16
630.9274 	DATA 	stimDur = 1.0
630.9274 	DATA 	jitter = 2.35575
630.9274 	DATA 	restDur = 20.0

630.9274 	DATA 	
630.9274 	DATA 	TR 405 | TR1 203 | TR2 202
632.4763 	DATA 	Keypress: 5
632.4764 	DATA 	TR 406 | TR1 203 | TR2 203
633.2929 	DATA 	
633.2929 	DATA 	stimulation started
633.2929 	DATA 	
634.0429 	DATA 	Keypress: 5
634.0430 	DATA 	TR 407 | TR1 204 | TR2 203
634.2928 	DATA 	
634.2929 	DATA 	stimulation stopped
634.2929 	DATA 	
635.5927 	DATA 	Keypress: 5
635.5927 	DATA 	TR 408 | TR1 204 | TR2 204
637.1759 	DATA 	Keypress: 5
637.1760 	DATA 	TR 409 | TR1 205 | TR2 204
638.7257 	DATA 	Keypress: 5
638.7258 	DATA 	TR 410 | TR1 205 | TR2 205
640.2923 	DATA 	Keypress: 5
640.2923 	DATA 	TR 411 | TR1 206 | TR2 205
641.8421 	DATA 	Keypress: 5
641.8422 	DATA 	TR 412 | TR1 206 | TR2 206
643.4253 	DATA 	Keypress: 5
643.4254 	DATA 	TR 413 | TR1 207 | TR2 206
644.9752 	DATA 	Keypress: 5
644.9752 	DATA 	TR 414 | TR1 207 | TR2 207
646.5418 	DATA 	Keypress: 5
646.5418 	DATA 	TR 415 | TR1 208 | TR2 207
648.0915 	DATA 	Keypress: 5
648.0916 	DATA 	TR 416 | TR1 208 | TR2 208
649.6581 	DATA 	Keypress: 5
649.6582 	DATA 	TR 417 | TR1 209 | TR2 208
651.2085 	DATA 	Keypress: 5
651.2245 	DATA 	TR 418 | TR1 209 | TR2 209
652.7912 	DATA 	Keypress: 5
652.7912 	DATA 	TR 419 | TR1 210 | TR2 209
654.2909 	DATA 	
654.2909 	DATA 	Trial complete
654.2910 	DATA 	Waiting for VASO trigger to start next trial
654.2910 	DATA 	
654.3410 	DATA 	Keypress: 5
654.3410 	DATA 	TR 420 | TR1 210 | TR2 210
655.9076 	DATA 	Keypress: 5
655.9076 	DATA 	Waited 1.6166670322418213 seconds for trigger
655.9084 	DATA 	
655.9084 	DATA 	Trial 17
655.9084 	DATA 	stimDur = 24.0
655.9084 	DATA 	jitter = 2.35575
655.9084 	DATA 	restDur = 40.0

655.9084 	DATA 	
655.9084 	DATA 	TR 421 | TR1 211 | TR2 210
657.4574 	DATA 	Keypress: 5
657.4574 	DATA 	TR 422 | TR1 211 | TR2 211
658.2740 	DATA 	
658.2740 	DATA 	stimulation started
658.2740 	DATA 	
659.0406 	DATA 	Keypress: 5
659.0407 	DATA 	TR 423 | TR1 212 | TR2 211
660.5904 	DATA 	Keypress: 5
660.5905 	DATA 	TR 424 | TR1 212 | TR2 212
662.1570 	DATA 	Keypress: 5
662.1570 	DATA 	TR 425 | TR1 213 | TR2 212
663.7068 	DATA 	Keypress: 5
663.7069 	DATA 	TR 426 | TR1 213 | TR2 213
665.2734 	DATA 	Keypress: 5
665.2734 	DATA 	TR 427 | TR1 214 | TR2 213
666.8398 	DATA 	Keypress: 5
666.8399 	DATA 	TR 428 | TR1 214 | TR2 214
668.4064 	DATA 	Keypress: 5
668.4065 	DATA 	TR 429 | TR1 215 | TR2 214
669.9562 	DATA 	Keypress: 5
669.9563 	DATA 	TR 430 | TR1 215 | TR2 215
670.2562 	DATA 	Target presented
670.7895 	DATA 	Keypress: 1
670.7896 	DATA 	Key1 pressed
670.7896 	DATA 	Target detected
671.5227 	DATA 	Keypress: 5
671.5228 	DATA 	TR 431 | TR1 216 | TR2 215
673.0726 	DATA 	Keypress: 5
673.0727 	DATA 	TR 432 | TR1 216 | TR2 216
674.6558 	DATA 	Keypress: 5
674.6559 	DATA 	TR 433 | TR1 217 | TR2 216
676.2057 	DATA 	Keypress: 5
676.2057 	DATA 	TR 434 | TR1 217 | TR2 217
677.7722 	DATA 	Keypress: 5
677.7723 	DATA 	TR 435 | TR1 218 | TR2 217
679.3222 	DATA 	Keypress: 5
679.3222 	DATA 	TR 436 | TR1 218 | TR2 218
680.9053 	DATA 	Keypress: 5
680.9053 	DATA 	TR 437 | TR1 219 | TR2 218
682.2717 	DATA 	
682.2717 	DATA 	stimulation stopped
682.2717 	DATA 	
682.4551 	DATA 	Keypress: 5
682.4552 	DATA 	TR 438 | TR1 219 | TR2 219
684.0216 	DATA 	Keypress: 5
684.0217 	DATA 	TR 439 | TR1 220 | TR2 219
685.5715 	DATA 	Keypress: 5
685.5716 	DATA 	TR 440 | TR1 220 | TR2 220
687.1380 	DATA 	Keypress: 5
687.1380 	DATA 	TR 441 | TR1 221 | TR2 220
688.7044 	DATA 	Keypress: 5
688.7045 	DATA 	TR 442 | TR1 221 | TR2 221
690.2710 	DATA 	Keypress: 5
690.2710 	DATA 	TR 443 | TR1 222 | TR2 221
691.8208 	DATA 	Keypress: 5
691.8209 	DATA 	TR 444 | TR1 222 | TR2 222
693.3875 	DATA 	Keypress: 5
693.3876 	DATA 	TR 445 | TR1 223 | TR2 222
694.9372 	DATA 	Keypress: 5
694.9373 	DATA 	TR 446 | TR1 223 | TR2 223
696.5204 	DATA 	Keypress: 5
696.5205 	DATA 	TR 447 | TR1 224 | TR2 223
698.0703 	DATA 	Keypress: 5
698.0703 	DATA 	TR 448 | TR1 224 | TR2 224
699.6368 	DATA 	Keypress: 5
699.6368 	DATA 	TR 449 | TR1 225 | TR2 224
701.1866 	DATA 	Keypress: 5
701.1867 	DATA 	TR 450 | TR1 225 | TR2 225
702.7538 	DATA 	Keypress: 5
702.7700 	DATA 	TR 451 | TR1 226 | TR2 225
704.3197 	DATA 	Keypress: 5
704.3197 	DATA 	TR 452 | TR1 226 | TR2 226
705.8862 	DATA 	Keypress: 5
705.8863 	DATA 	TR 453 | TR1 227 | TR2 226
707.4361 	DATA 	Keypress: 5
707.4361 	DATA 	TR 454 | TR1 227 | TR2 227
709.0026 	DATA 	Keypress: 5
709.0026 	DATA 	TR 455 | TR1 228 | TR2 227
710.5524 	DATA 	Keypress: 5
710.5525 	DATA 	TR 456 | TR1 228 | TR2 228
712.1356 	DATA 	Keypress: 5
712.1357 	DATA 	TR 457 | TR1 229 | TR2 228
713.2356 	DATA 	Target presented
713.6855 	DATA 	Keypress: 5
713.6855 	DATA 	TR 458 | TR1 229 | TR2 229
713.8688 	DATA 	Keypress: 1
713.8688 	DATA 	Key1 pressed
713.8688 	DATA 	Target detected
715.2520 	DATA 	Keypress: 5
715.2521 	DATA 	TR 459 | TR1 230 | TR2 229
716.8018 	DATA 	Keypress: 5
716.8019 	DATA 	TR 460 | TR1 230 | TR2 230
718.3851 	DATA 	Keypress: 5
718.3851 	DATA 	TR 461 | TR1 231 | TR2 230
719.9349 	DATA 	Keypress: 5
719.9349 	DATA 	TR 462 | TR1 231 | TR2 231
721.5014 	DATA 	Keypress: 5
721.5015 	DATA 	TR 463 | TR1 232 | TR2 231
722.2680 	DATA 	
722.2680 	DATA 	Trial complete
722.2680 	DATA 	Waiting for VASO trigger to start next trial
722.2680 	DATA 	
723.0514 	DATA 	Keypress: 5
723.0514 	DATA 	TR 464 | TR1 232 | TR2 232
724.6178 	DATA 	Keypress: 5
724.6179 	DATA 	Waited 2.349867105484009 seconds for trigger
724.6186 	DATA 	
724.6187 	DATA 	Trial 18
724.6187 	DATA 	stimDur = 1.0
724.6187 	DATA 	jitter = 0.78525
724.6187 	DATA 	restDur = 20.0

724.6187 	DATA 	
724.6187 	DATA 	TR 465 | TR1 233 | TR2 232
725.4177 	DATA 	
725.4177 	DATA 	stimulation started
725.4177 	DATA 	
726.1684 	DATA 	Keypress: 5
726.1843 	DATA 	TR 466 | TR1 233 | TR2 233
726.4177 	DATA 	
726.4177 	DATA 	stimulation stopped
726.4177 	DATA 	
727.7508 	DATA 	Keypress: 5
727.7509 	DATA 	TR 467 | TR1 234 | TR2 233
729.3007 	DATA 	Keypress: 5
729.3008 	DATA 	TR 468 | TR1 234 | TR2 234
730.8672 	DATA 	Keypress: 5
730.8673 	DATA 	TR 469 | TR1 235 | TR2 234
732.4171 	DATA 	Keypress: 5
732.4171 	DATA 	TR 470 | TR1 235 | TR2 235
734.0003 	DATA 	Keypress: 5
734.0003 	DATA 	TR 471 | TR1 236 | TR2 235
735.5501 	DATA 	Keypress: 5
735.5502 	DATA 	TR 472 | TR1 236 | TR2 236
737.1166 	DATA 	Keypress: 5
737.1167 	DATA 	TR 473 | TR1 237 | TR2 236
738.6665 	DATA 	Keypress: 5
738.6665 	DATA 	TR 474 | TR1 237 | TR2 237
740.2497 	DATA 	Keypress: 5
740.2497 	DATA 	TR 475 | TR1 238 | TR2 237
741.7995 	DATA 	Keypress: 5
741.7996 	DATA 	TR 476 | TR1 238 | TR2 238
743.3661 	DATA 	Keypress: 5
743.3661 	DATA 	TR 477 | TR1 239 | TR2 238
744.9159 	DATA 	Keypress: 5
744.9160 	DATA 	TR 478 | TR1 239 | TR2 239
746.4157 	DATA 	
746.4158 	DATA 	Trial complete
746.4158 	DATA 	Waiting for VASO trigger to start next trial
746.4158 	DATA 	
746.4824 	DATA 	Keypress: 5
746.4824 	DATA 	Waited 0.06666088104248047 seconds for trigger
746.4832 	DATA 	
746.4832 	DATA 	Trial 19
746.4832 	DATA 	stimDur = 2.0
746.4832 	DATA 	jitter = 1.5705
746.4832 	DATA 	restDur = 22.0

746.4832 	DATA 	
746.4832 	DATA 	TR 479 | TR1 240 | TR2 239
748.0323 	DATA 	Keypress: 5
748.0324 	DATA 	TR 480 | TR1 240 | TR2 240
748.0656 	DATA 	
748.0656 	DATA 	stimulation started
748.0656 	DATA 	
749.6155 	DATA 	Keypress: 5
749.6156 	DATA 	TR 481 | TR1 241 | TR2 240
750.0654 	DATA 	
750.0655 	DATA 	stimulation stopped
750.0655 	DATA 	
751.1654 	DATA 	Keypress: 5
751.1654 	DATA 	TR 482 | TR1 241 | TR2 241
752.7319 	DATA 	Keypress: 5
752.7319 	DATA 	TR 483 | TR1 242 | TR2 241
754.2817 	DATA 	Keypress: 5
754.2818 	DATA 	TR 484 | TR1 242 | TR2 242
755.8649 	DATA 	Keypress: 5
755.8649 	DATA 	TR 485 | TR1 243 | TR2 242
757.4148 	DATA 	Keypress: 5
757.4149 	DATA 	TR 486 | TR1 243 | TR2 243
758.9813 	DATA 	Keypress: 5
758.9813 	DATA 	TR 487 | TR1 244 | TR2 243
760.5312 	DATA 	Keypress: 5
760.5312 	DATA 	TR 488 | TR1 244 | TR2 244
762.0977 	DATA 	Keypress: 5
762.0977 	DATA 	TR 489 | TR1 245 | TR2 244
763.6642 	DATA 	Keypress: 5
763.6643 	DATA 	TR 490 | TR1 245 | TR2 245
765.2307 	DATA 	Keypress: 5
765.2307 	DATA 	TR 491 | TR1 246 | TR2 245
766.7806 	DATA 	Keypress: 5
766.7806 	DATA 	TR 492 | TR1 246 | TR2 246
768.3471 	DATA 	Keypress: 5
768.3471 	DATA 	TR 493 | TR1 247 | TR2 246
769.8970 	DATA 	Keypress: 5
769.8971 	DATA 	TR 494 | TR1 247 | TR2 247
771.4801 	DATA 	Keypress: 5
771.4801 	DATA 	TR 495 | TR1 248 | TR2 247
772.0634 	DATA 	
772.0634 	DATA 	Trial complete
772.0634 	DATA 	
773.0300 	DATA 	Keypress: 5
773.0300 	DATA 	TR 496 | TR1 248 | TR2 248
774.5965 	DATA 	Keypress: 5
774.5965 	DATA 	Waited 28.18076205253601 seconds for trigger
774.5973 	DATA 	
774.5973 	DATA 	Trial 20
774.5973 	DATA 	stimDur = 1.0
774.5973 	DATA 	jitter = 0.0
774.5973 	DATA 	restDur = 20.0

774.5974 	DATA 	
774.5974 	DATA 	TR 497 | TR1 249 | TR2 248
774.5974 	DATA 	
774.5974 	DATA 	stimulation started
774.5974 	DATA 	
775.6131 	DATA 	
775.6131 	DATA 	stimulation stopped
775.6131 	DATA 	
776.1464 	DATA 	Keypress: 5
776.1464 	DATA 	TR 498 | TR1 249 | TR2 249
777.7295 	DATA 	Keypress: 5
777.7295 	DATA 	TR 499 | TR1 250 | TR2 249
779.2794 	DATA 	Keypress: 5
779.2795 	DATA 	TR 500 | TR1 250 | TR2 250
780.8459 	DATA 	Keypress: 5
780.8460 	DATA 	TR 501 | TR1 251 | TR2 250
782.3958 	DATA 	Keypress: 5
782.3958 	DATA 	TR 502 | TR1 251 | TR2 251
783.9623 	DATA 	Keypress: 5
783.9624 	DATA 	TR 503 | TR1 252 | TR2 251
785.5128 	DATA 	Keypress: 5
785.5288 	DATA 	TR 504 | TR1 252 | TR2 252
787.0953 	DATA 	Keypress: 5
787.0954 	DATA 	TR 505 | TR1 253 | TR2 252
787.8787 	DATA 	Target presented
788.5119 	DATA 	Keypress: 1
788.5120 	DATA 	Key1 pressed
788.5120 	DATA 	Target detected
788.6452 	DATA 	Keypress: 5
788.6452 	DATA 	TR 506 | TR1 253 | TR2 253
790.2117 	DATA 	Keypress: 5
790.2118 	DATA 	TR 507 | TR1 254 | TR2 253
791.7616 	DATA 	Keypress: 5
791.7617 	DATA 	TR 508 | TR1 254 | TR2 254
793.3446 	DATA 	Keypress: 5
793.3446 	DATA 	TR 509 | TR1 255 | TR2 254
794.8946 	DATA 	Keypress: 5
794.8947 	DATA 	TR 510 | TR1 255 | TR2 255
795.6112 	DATA 	
795.6112 	DATA 	Trial complete
795.6112 	DATA 	
796.4611 	DATA 	Keypress: 5
796.4612 	DATA 	TR 511 | TR1 256 | TR2 255
798.0111 	DATA 	Keypress: 5
798.0112 	DATA 	TR 512 | TR1 256 | TR2 256
799.5775 	DATA 	Keypress: 5
799.5776 	DATA 	TR 513 | TR1 257 | TR2 256
801.1441 	DATA 	Keypress: 5
801.1441 	DATA 	TR 514 | TR1 257 | TR2 257
802.7106 	DATA 	Keypress: 5
802.7106 	DATA 	TR 515 | TR1 258 | TR2 257
804.2605 	DATA 	Keypress: 5
804.2605 	DATA 	TR 516 | TR1 258 | TR2 258
805.8269 	DATA 	Keypress: 5
805.8270 	DATA 	TR 517 | TR1 259 | TR2 258
807.3768 	DATA 	Keypress: 5
807.3769 	DATA 	TR 518 | TR1 259 | TR2 259
808.9600 	DATA 	Keypress: 5
808.9600 	DATA 	TR 519 | TR1 260 | TR2 259
810.5100 	DATA 	Keypress: 5
810.5100 	DATA 	TR 520 | TR1 260 | TR2 260
812.0763 	DATA 	Keypress: 5
812.0764 	DATA 	TR 521 | TR1 261 | TR2 260
813.6262 	DATA 	Keypress: 5
813.6263 	DATA 	TR 522 | TR1 261 | TR2 261
815.2094 	DATA 	Keypress: 5
815.2095 	DATA 	TR 523 | TR1 262 | TR2 261
816.7593 	DATA 	Keypress: 5
816.7593 	DATA 	TR 524 | TR1 262 | TR2 262
818.3258 	DATA 	Keypress: 5
818.3258 	DATA 	TR 525 | TR1 263 | TR2 262
819.8757 	DATA 	Keypress: 5
819.8757 	DATA 	TR 526 | TR1 263 | TR2 263
821.4423 	DATA 	Keypress: 5
821.4424 	DATA 	TR 527 | TR1 264 | TR2 263
822.0587 	DATA 	EndOfRun sub-09_ses-01_run-02

822.0587 	DATA 	We spent 51.495553731918335 seconds waiting for triggers
822.0588 	DATA 	RatioOfDetectedTargets 1.0
822.0588 	DATA 	You have detected 12 out of 12 targets.
826.8811 	DATA 	Keypress: 5
826.8813 	DATA 	Keypress: 5
826.8814 	DATA 	Keypress: 5
827.0885 	EXP 	window1: mouseVisible = True
