MonitorDistance=99cm
MonitorWidth=30cm
PixelWidth=1024.0
PixelHeight=768.0
You have detected 11 out of 12 targets.
Well done! Keep up the good work
7.1285 	INFO 	Loaded monitor calibration from ['2021_05_26 17:55']
7.6655 	EXP 	Created window1 = Window(allowGUI=False, allowStencil=False, autoLog=True, backendConf=UNKNOWN, bitsMode=UNKNOWN, blendMode='avg', bpc=(8, 8, 8), color=array([-0.5, -0.5, -0.5]), colorSpace='rgb', depthBits=8, fullscr=<method-wrapper '__getattribute__' of attributeSetter object at 0x7f1a8f735400>, gamma=None, gammaErrorPolicy='raise', lms=UNKNOWN, monitor=<psychopy.monitors.calibTools.Monitor object at 0x7f1a85554fd0>, multiSample=False, name='window1', numSamples=2, pos=[0.0, 0.0], screen=0, size=array([1024,  768]), stencilBits=0, stereo=False, units='deg', useFBO=False, useRetina=False, viewOri=0.0, viewPos=None, viewScale=None, waitBlanking=True, winType='pyglet')
7.6655 	EXP 	window1: mouseVisible = True
7.7597 	EXP 	Created unnamed TextStim = TextStim(__class__=<class 'psychopy.visual.text.TextStim'>, alignHoriz=method-wrapper(...), alignText='center', alignVert=method-wrapper(...), anchorHoriz='center', anchorVert='center', antialias=True, autoLog=True, bold=False, color=array([1., 1., 1.]), colorSpace='rgb', contrast=1.0, depth=0, flipHoriz=False, flipVert=False, font='', fontFiles=[], height=0.5, italic=False, languageStyle='LTR', name='unnamed TextStim', opacity=1.0, ori=0.0, pos=array([0., 0.]), rgb=UNKNOWN, text=str(...), units='deg', win=Window(...), wrapWidth=15.0)
7.8014 	EXP 	Created Movie Frame 0 = ImageStim(__class__=<class 'psychopy.visual.image.ImageStim'>, autoLog=True, color=array([0.8, 0.8, 0.8]), colorSpace='rgb', contrast=0.8, depth=0, flipHoriz=False, flipVert=False, image='visual_0.png', interpolate=False, mask=None, maskParams=None, name='Movie Frame 0', opacity=1, ori=0.0, pos=array([0., 0.]), size=array([1024,  768]), texRes=128, units='pix', win=Window(...))
7.8329 	EXP 	Created Movie Frame 1 = ImageStim(__class__=<class 'psychopy.visual.image.ImageStim'>, autoLog=True, color=array([0.8, 0.8, 0.8]), colorSpace='rgb', contrast=0.8, depth=0, flipHoriz=False, flipVert=False, image='visual_1.png', interpolate=False, mask=None, maskParams=None, name='Movie Frame 1', opacity=1, ori=0.0, pos=array([0., 0.]), size=array([1024,  768]), texRes=128, units='pix', win=Window(...))
44.3879 	DATA 	Keypress: 5
0.0000 	DATA 	StartOfRun sub-09_ses-01_run-01
0.0000 	DATA 	TR 1 | TR1 1 | TR2 0
0.0161 	DATA 	Initial baseline

1.5517 	DATA 	Keypress: 5
1.5518 	DATA 	TR 2 | TR1 1 | TR2 1
3.1229 	DATA 	Keypress: 5
3.1229 	DATA 	TR 3 | TR1 2 | TR2 1
4.6751 	DATA 	Keypress: 5
4.6751 	DATA 	TR 4 | TR1 2 | TR2 2
6.2463 	DATA 	Keypress: 5
6.2463 	DATA 	TR 5 | TR1 3 | TR2 2
7.7985 	DATA 	Keypress: 5
7.7986 	DATA 	TR 6 | TR1 3 | TR2 3
9.3696 	DATA 	Keypress: 5
9.3696 	DATA 	TR 7 | TR1 4 | TR2 3
10.9218 	DATA 	Keypress: 5
10.9218 	DATA 	TR 8 | TR1 4 | TR2 4
12.4930 	DATA 	Keypress: 5
12.4930 	DATA 	TR 9 | TR1 5 | TR2 4
14.0440 	DATA 	Keypress: 5
14.0441 	DATA 	TR 10 | TR1 5 | TR2 5
15.6163 	DATA 	Keypress: 5
15.6164 	DATA 	TR 11 | TR1 6 | TR2 5
17.1676 	DATA 	Keypress: 5
17.1676 	DATA 	TR 12 | TR1 6 | TR2 6
18.7398 	DATA 	Keypress: 5
18.7398 	DATA 	TR 13 | TR1 7 | TR2 6
20.2909 	DATA 	Keypress: 5
20.2909 	DATA 	TR 14 | TR1 7 | TR2 7
21.8630 	DATA 	Keypress: 5
21.8630 	DATA 	TR 15 | TR1 8 | TR2 7
23.4143 	DATA 	Keypress: 5
23.4144 	DATA 	TR 16 | TR1 8 | TR2 8
24.9866 	DATA 	Keypress: 5
24.9867 	DATA 	TR 17 | TR1 9 | TR2 8
26.5377 	DATA 	Keypress: 5
26.5377 	DATA 	TR 18 | TR1 9 | TR2 9
28.1099 	DATA 	Keypress: 5
28.1100 	DATA 	TR 19 | TR1 10 | TR2 9
29.6611 	DATA 	Keypress: 5
29.6612 	DATA 	TR 20 | TR1 10 | TR2 10
31.2471 	DATA 	Keypress: 5
31.2471 	DATA 	Waited 1.2471089363098145 seconds for trigger
31.2551 	DATA 	
31.2551 	DATA 	Trial 1
31.2551 	DATA 	stimDur = 12.0
31.2551 	DATA 	jitter = 0.0
31.2551 	DATA 	restDur = 30.0

31.2551 	DATA 	
31.2551 	DATA 	TR 21 | TR1 11 | TR2 10
31.2552 	DATA 	
31.2552 	DATA 	stimulation started
31.2552 	DATA 	
32.7970 	DATA 	Keypress: 5
32.7971 	DATA 	TR 22 | TR1 11 | TR2 11
34.3635 	DATA 	Keypress: 5
34.3636 	DATA 	TR 23 | TR1 12 | TR2 11
35.9134 	DATA 	Keypress: 5
35.9134 	DATA 	TR 24 | TR1 12 | TR2 12
37.4806 	DATA 	Keypress: 5
37.4965 	DATA 	TR 25 | TR1 13 | TR2 12
39.0464 	DATA 	Keypress: 5
39.0465 	DATA 	TR 26 | TR1 13 | TR2 13
40.6129 	DATA 	Keypress: 5
40.6129 	DATA 	TR 27 | TR1 14 | TR2 13
42.1628 	DATA 	Keypress: 5
42.1629 	DATA 	TR 28 | TR1 14 | TR2 14
43.2627 	DATA 	
43.2627 	DATA 	stimulation stopped
43.2627 	DATA 	
43.7292 	DATA 	Keypress: 5
43.7293 	DATA 	TR 29 | TR1 15 | TR2 14
45.2791 	DATA 	Keypress: 5
45.2792 	DATA 	TR 30 | TR1 15 | TR2 15
46.8623 	DATA 	Keypress: 5
46.8623 	DATA 	TR 31 | TR1 16 | TR2 15
48.4122 	DATA 	Keypress: 5
48.4123 	DATA 	TR 32 | TR1 16 | TR2 16
49.9787 	DATA 	Keypress: 5
49.9787 	DATA 	TR 33 | TR1 17 | TR2 16
51.5286 	DATA 	Keypress: 5
51.5286 	DATA 	TR 34 | TR1 17 | TR2 17
53.1117 	DATA 	Keypress: 5
53.1117 	DATA 	TR 35 | TR1 18 | TR2 17
54.6616 	DATA 	Keypress: 5
54.6616 	DATA 	TR 36 | TR1 18 | TR2 18
56.2281 	DATA 	Keypress: 5
56.2281 	DATA 	TR 37 | TR1 19 | TR2 18
57.7780 	DATA 	Keypress: 5
57.7780 	DATA 	TR 38 | TR1 19 | TR2 19
59.3445 	DATA 	Keypress: 5
59.3445 	DATA 	TR 39 | TR1 20 | TR2 19
60.8950 	DATA 	Keypress: 5
60.9110 	DATA 	TR 40 | TR1 20 | TR2 20
62.4775 	DATA 	Keypress: 5
62.4776 	DATA 	TR 41 | TR1 21 | TR2 20
64.0274 	DATA 	Keypress: 5
64.0274 	DATA 	TR 42 | TR1 21 | TR2 21
65.5939 	DATA 	Keypress: 5
65.5940 	DATA 	TR 43 | TR1 22 | TR2 21
67.1435 	DATA 	Keypress: 5
67.1435 	DATA 	TR 44 | TR1 22 | TR2 22
68.7269 	DATA 	Keypress: 5
68.7270 	DATA 	TR 45 | TR1 23 | TR2 22
70.2768 	DATA 	Keypress: 5
70.2769 	DATA 	TR 46 | TR1 23 | TR2 23
71.8433 	DATA 	Keypress: 5
71.8434 	DATA 	TR 47 | TR1 24 | TR2 23
73.2598 	DATA 	
73.2598 	DATA 	Trial complete
73.2598 	DATA 	Waiting for VASO trigger to start next trial
73.2599 	DATA 	
73.3932 	DATA 	Keypress: 5
73.3932 	DATA 	TR 48 | TR1 24 | TR2 24
74.9765 	DATA 	Keypress: 5
74.9765 	DATA 	Waited 1.7166829109191895 seconds for trigger
74.9773 	DATA 	
74.9773 	DATA 	Trial 2
74.9773 	DATA 	stimDur = 24.0
74.9773 	DATA 	jitter = 0.78525
74.9773 	DATA 	restDur = 40.0

74.9773 	DATA 	
74.9773 	DATA 	TR 49 | TR1 25 | TR2 24
75.7762 	DATA 	
75.7763 	DATA 	stimulation started
75.7763 	DATA 	
76.5263 	DATA 	Keypress: 5
76.5263 	DATA 	TR 50 | TR1 25 | TR2 25
78.0929 	DATA 	Keypress: 5
78.0930 	DATA 	TR 51 | TR1 26 | TR2 25
79.6427 	DATA 	Keypress: 5
79.6427 	DATA 	TR 52 | TR1 26 | TR2 26
80.3593 	DATA 	Target presented
80.8927 	DATA 	Keypress: 1
80.8927 	DATA 	Key1 pressed
80.8927 	DATA 	Target detected
81.2092 	DATA 	Keypress: 5
81.2092 	DATA 	TR 53 | TR1 27 | TR2 26
82.7591 	DATA 	Keypress: 5
82.7591 	DATA 	TR 54 | TR1 27 | TR2 27
84.3422 	DATA 	Keypress: 5
84.3423 	DATA 	TR 55 | TR1 28 | TR2 27
85.8921 	DATA 	Keypress: 5
85.8921 	DATA 	TR 56 | TR1 28 | TR2 28
87.4586 	DATA 	Keypress: 5
87.4587 	DATA 	TR 57 | TR1 29 | TR2 28
89.0085 	DATA 	Keypress: 5
89.0085 	DATA 	TR 58 | TR1 29 | TR2 29
90.5917 	DATA 	Keypress: 5
90.5917 	DATA 	TR 59 | TR1 30 | TR2 29
92.1415 	DATA 	Keypress: 5
92.1415 	DATA 	TR 60 | TR1 30 | TR2 30
93.7080 	DATA 	Keypress: 5
93.7081 	DATA 	TR 61 | TR1 31 | TR2 30
95.2579 	DATA 	Keypress: 5
95.2579 	DATA 	TR 62 | TR1 31 | TR2 31
96.8251 	DATA 	Keypress: 5
96.8410 	DATA 	TR 63 | TR1 32 | TR2 31
98.3909 	DATA 	Keypress: 5
98.3910 	DATA 	TR 64 | TR1 32 | TR2 32
99.7741 	DATA 	
99.7741 	DATA 	stimulation stopped
99.7741 	DATA 	
99.9574 	DATA 	Keypress: 5
99.9575 	DATA 	TR 65 | TR1 33 | TR2 32
101.5072 	DATA 	Keypress: 5
101.5072 	DATA 	TR 66 | TR1 33 | TR2 33
103.0738 	DATA 	Keypress: 5
103.0738 	DATA 	TR 67 | TR1 34 | TR2 33
104.6238 	DATA 	Keypress: 5
104.6238 	DATA 	TR 68 | TR1 34 | TR2 34
106.2068 	DATA 	Keypress: 5
106.2069 	DATA 	TR 69 | TR1 35 | TR2 34
107.7566 	DATA 	Keypress: 5
107.7567 	DATA 	TR 70 | TR1 35 | TR2 35
109.3232 	DATA 	Keypress: 5
109.3233 	DATA 	TR 71 | TR1 36 | TR2 35
110.8730 	DATA 	Keypress: 5
110.8731 	DATA 	TR 72 | TR1 36 | TR2 36
112.4402 	DATA 	Keypress: 5
112.4562 	DATA 	TR 73 | TR1 37 | TR2 36
114.0059 	DATA 	Keypress: 5
114.0060 	DATA 	TR 74 | TR1 37 | TR2 37
115.5726 	DATA 	Keypress: 5
115.5727 	DATA 	TR 75 | TR1 38 | TR2 37
117.1225 	DATA 	Keypress: 5
117.1225 	DATA 	TR 76 | TR1 38 | TR2 38
118.6890 	DATA 	Keypress: 5
118.6891 	DATA 	TR 77 | TR1 39 | TR2 38
120.2394 	DATA 	Keypress: 5
120.2555 	DATA 	TR 78 | TR1 39 | TR2 39
121.8220 	DATA 	Keypress: 5
121.8220 	DATA 	TR 79 | TR1 40 | TR2 39
123.3719 	DATA 	Keypress: 5
123.3719 	DATA 	TR 80 | TR1 40 | TR2 40
124.9384 	DATA 	Keypress: 5
124.9385 	DATA 	TR 81 | TR1 41 | TR2 40
126.4883 	DATA 	Keypress: 5
126.4883 	DATA 	TR 82 | TR1 41 | TR2 41
128.0715 	DATA 	Keypress: 5
128.0715 	DATA 	TR 83 | TR1 42 | TR2 41
129.6213 	DATA 	Keypress: 5
129.6213 	DATA 	TR 84 | TR1 42 | TR2 42
131.1878 	DATA 	Keypress: 5
131.1879 	DATA 	TR 85 | TR1 43 | TR2 42
132.7377 	DATA 	Keypress: 5
132.7377 	DATA 	TR 86 | TR1 43 | TR2 43
134.3043 	DATA 	Keypress: 5
134.3044 	DATA 	TR 87 | TR1 44 | TR2 43
135.8707 	DATA 	Keypress: 5
135.8707 	DATA 	TR 88 | TR1 44 | TR2 44
137.4373 	DATA 	Keypress: 5
137.4373 	DATA 	TR 89 | TR1 45 | TR2 44
138.9871 	DATA 	Keypress: 5
138.9872 	DATA 	TR 90 | TR1 45 | TR2 45
139.7703 	DATA 	
139.7703 	DATA 	Trial complete
139.7704 	DATA 	Waiting for VASO trigger to start next trial
139.7704 	DATA 	
140.5537 	DATA 	Keypress: 5
140.5537 	DATA 	Waited 0.7833461761474609 seconds for trigger
140.5545 	DATA 	
140.5545 	DATA 	Trial 3
140.5545 	DATA 	stimDur = 2.0
140.5545 	DATA 	jitter = 2.35575
140.5545 	DATA 	restDur = 22.0

140.5545 	DATA 	
140.5545 	DATA 	TR 91 | TR1 46 | TR2 45
142.1035 	DATA 	Keypress: 5
142.1035 	DATA 	TR 92 | TR1 46 | TR2 46
142.9200 	DATA 	
142.9200 	DATA 	stimulation started
142.9200 	DATA 	
143.6867 	DATA 	Keypress: 5
143.6868 	DATA 	TR 93 | TR1 47 | TR2 46
144.9199 	DATA 	
144.9199 	DATA 	stimulation stopped
144.9199 	DATA 	
145.2365 	DATA 	Keypress: 5
145.2366 	DATA 	TR 94 | TR1 47 | TR2 47
146.4864 	DATA 	Target presented
146.8031 	DATA 	Keypress: 5
146.8031 	DATA 	TR 95 | TR1 48 | TR2 47
147.1030 	DATA 	Keypress: 1
147.1031 	DATA 	Key1 pressed
147.1031 	DATA 	Target detected
148.3529 	DATA 	Keypress: 5
148.3529 	DATA 	TR 96 | TR1 48 | TR2 48
149.9361 	DATA 	Keypress: 5
149.9362 	DATA 	TR 97 | TR1 49 | TR2 48
151.4859 	DATA 	Keypress: 5
151.4860 	DATA 	TR 98 | TR1 49 | TR2 49
153.0526 	DATA 	Keypress: 5
153.0527 	DATA 	TR 99 | TR1 50 | TR2 49
154.6023 	DATA 	Keypress: 5
154.6024 	DATA 	TR 100 | TR1 50 | TR2 50
156.1688 	DATA 	Keypress: 5
156.1689 	DATA 	TR 101 | TR1 51 | TR2 50
157.7193 	DATA 	Keypress: 5
157.7353 	DATA 	TR 102 | TR1 51 | TR2 51
159.3019 	DATA 	Keypress: 5
159.3020 	DATA 	TR 103 | TR1 52 | TR2 51
160.8517 	DATA 	Keypress: 5
160.8518 	DATA 	TR 104 | TR1 52 | TR2 52
162.4183 	DATA 	Keypress: 5
162.4183 	DATA 	TR 105 | TR1 53 | TR2 52
163.9681 	DATA 	Keypress: 5
163.9682 	DATA 	TR 106 | TR1 53 | TR2 53
165.5513 	DATA 	Keypress: 5
165.5514 	DATA 	TR 107 | TR1 54 | TR2 53
166.9178 	DATA 	
166.9178 	DATA 	Trial complete
166.9179 	DATA 	Waiting for VASO trigger to start next trial
166.9179 	DATA 	
167.1012 	DATA 	Keypress: 5
167.1012 	DATA 	TR 108 | TR1 54 | TR2 54
168.6677 	DATA 	Keypress: 5
168.6678 	DATA 	Waited 1.749932050704956 seconds for trigger
168.6686 	DATA 	
168.6686 	DATA 	Trial 4
168.6686 	DATA 	stimDur = 2.0
168.6686 	DATA 	jitter = 0.78525
168.6686 	DATA 	restDur = 22.0

168.6686 	DATA 	
168.6686 	DATA 	TR 109 | TR1 55 | TR2 54
169.4676 	DATA 	
169.4676 	DATA 	stimulation started
169.4676 	DATA 	
170.2176 	DATA 	Keypress: 5
170.2176 	DATA 	TR 110 | TR1 55 | TR2 55
171.4675 	DATA 	
171.4675 	DATA 	stimulation stopped
171.4675 	DATA 	
171.7847 	DATA 	Keypress: 5
171.8007 	DATA 	TR 111 | TR1 56 | TR2 55
173.3506 	DATA 	Keypress: 5
173.3506 	DATA 	TR 112 | TR1 56 | TR2 56
174.9171 	DATA 	Keypress: 5
174.9172 	DATA 	TR 113 | TR1 57 | TR2 56
176.4670 	DATA 	Keypress: 5
176.4670 	DATA 	TR 114 | TR1 57 | TR2 57
178.0335 	DATA 	Keypress: 5
178.0335 	DATA 	TR 115 | TR1 58 | TR2 57
179.5833 	DATA 	Keypress: 5
179.5834 	DATA 	TR 116 | TR1 58 | TR2 58
181.1666 	DATA 	Keypress: 5
181.1666 	DATA 	TR 117 | TR1 59 | TR2 58
182.7164 	DATA 	Keypress: 5
182.7165 	DATA 	TR 118 | TR1 59 | TR2 59
184.2830 	DATA 	Keypress: 5
184.2830 	DATA 	TR 119 | TR1 60 | TR2 59
185.8328 	DATA 	Keypress: 5
185.8328 	DATA 	TR 120 | TR1 60 | TR2 60
187.4160 	DATA 	Keypress: 5
187.4160 	DATA 	TR 121 | TR1 61 | TR2 60
188.9658 	DATA 	Keypress: 5
188.9658 	DATA 	TR 122 | TR1 61 | TR2 61
190.5323 	DATA 	Keypress: 5
190.5324 	DATA 	TR 123 | TR1 62 | TR2 61
192.0822 	DATA 	Keypress: 5
192.0822 	DATA 	TR 124 | TR1 62 | TR2 62
193.4654 	DATA 	
193.4654 	DATA 	Trial complete
193.4654 	DATA 	Waiting for VASO trigger to start next trial
193.4654 	DATA 	
193.6487 	DATA 	Keypress: 5
193.6488 	DATA 	Waited 0.18337798118591309 seconds for trigger
193.6495 	DATA 	
193.6495 	DATA 	Trial 5
193.6496 	DATA 	stimDur = 4.0
193.6496 	DATA 	jitter = 0.0
193.6496 	DATA 	restDur = 24.0

193.6496 	DATA 	
193.6496 	DATA 	TR 125 | TR1 63 | TR2 62
193.6496 	DATA 	
193.6496 	DATA 	stimulation started
193.6496 	DATA 	
195.1993 	DATA 	Keypress: 5
195.2152 	DATA 	TR 126 | TR1 63 | TR2 63
196.7818 	DATA 	Keypress: 5
196.7819 	DATA 	TR 127 | TR1 64 | TR2 63
197.6650 	DATA 	
197.6650 	DATA 	stimulation stopped
197.6650 	DATA 	
198.3316 	DATA 	Keypress: 5
198.3316 	DATA 	TR 128 | TR1 64 | TR2 64
199.8981 	DATA 	Keypress: 5
199.8982 	DATA 	TR 129 | TR1 65 | TR2 64
201.4480 	DATA 	Keypress: 5
201.4480 	DATA 	TR 130 | TR1 65 | TR2 65
203.0313 	DATA 	Keypress: 5
203.0314 	DATA 	TR 131 | TR1 66 | TR2 65
204.5810 	DATA 	Keypress: 5
204.5811 	DATA 	TR 132 | TR1 66 | TR2 66
206.1476 	DATA 	Keypress: 5
206.1476 	DATA 	TR 133 | TR1 67 | TR2 66
207.6974 	DATA 	Keypress: 5
207.6975 	DATA 	TR 134 | TR1 67 | TR2 67
209.2806 	DATA 	Keypress: 5
209.2807 	DATA 	TR 135 | TR1 68 | TR2 67
210.8305 	DATA 	Keypress: 5
210.8305 	DATA 	TR 136 | TR1 68 | TR2 68
212.3970 	DATA 	Keypress: 5
212.3971 	DATA 	TR 137 | TR1 69 | TR2 68
213.9468 	DATA 	Keypress: 5
213.9469 	DATA 	TR 138 | TR1 69 | TR2 69
215.5134 	DATA 	Keypress: 5
215.5134 	DATA 	TR 139 | TR1 70 | TR2 69
217.0633 	DATA 	Keypress: 5
217.0633 	DATA 	TR 140 | TR1 70 | TR2 70
218.6464 	DATA 	Keypress: 5
218.6465 	DATA 	TR 141 | TR1 71 | TR2 70
220.1962 	DATA 	Keypress: 5
220.1963 	DATA 	TR 142 | TR1 71 | TR2 71
221.6628 	DATA 	
221.6628 	DATA 	Trial complete
221.6628 	DATA 	Waiting for VASO trigger to start next trial
221.6628 	DATA 	
221.7629 	DATA 	Keypress: 5
221.7630 	DATA 	Waited 0.10019493103027344 seconds for trigger
221.7637 	DATA 	
221.7638 	DATA 	Trial 6
221.7638 	DATA 	stimDur = 4.0
221.7638 	DATA 	jitter = 1.5705
221.7638 	DATA 	restDur = 24.0

221.7638 	DATA 	
221.7638 	DATA 	TR 143 | TR1 72 | TR2 71
223.3126 	DATA 	Keypress: 5
223.3127 	DATA 	TR 144 | TR1 72 | TR2 72
223.3459 	DATA 	
223.3459 	DATA 	stimulation started
223.3459 	DATA 	
224.8960 	DATA 	Keypress: 5
224.8961 	DATA 	TR 145 | TR1 73 | TR2 72
226.2791 	DATA 	Target presented
226.4457 	DATA 	Keypress: 5
226.4458 	DATA 	TR 146 | TR1 73 | TR2 73
226.8290 	DATA 	Keypress: 1
226.8292 	DATA 	Key1 pressed
226.8292 	DATA 	Target detected
227.3456 	DATA 	
227.3456 	DATA 	stimulation stopped
227.3456 	DATA 	
228.0122 	DATA 	Keypress: 5
228.0122 	DATA 	TR 147 | TR1 74 | TR2 73
229.5620 	DATA 	Keypress: 5
229.5621 	DATA 	TR 148 | TR1 74 | TR2 74
231.1286 	DATA 	Keypress: 5
231.1287 	DATA 	TR 149 | TR1 75 | TR2 74
232.6951 	DATA 	Keypress: 5
232.6952 	DATA 	TR 150 | TR1 75 | TR2 75
234.2616 	DATA 	Keypress: 5
234.2617 	DATA 	TR 151 | TR1 76 | TR2 75
235.8115 	DATA 	Keypress: 5
235.8115 	DATA 	TR 152 | TR1 76 | TR2 76
237.3780 	DATA 	Keypress: 5
237.3781 	DATA 	TR 153 | TR1 77 | TR2 76
238.9278 	DATA 	Keypress: 5
238.9279 	DATA 	TR 154 | TR1 77 | TR2 77
240.5111 	DATA 	Keypress: 5
240.5111 	DATA 	TR 155 | TR1 78 | TR2 77
242.0609 	DATA 	Keypress: 5
242.0609 	DATA 	TR 156 | TR1 78 | TR2 78
243.6275 	DATA 	Keypress: 5
243.6275 	DATA 	TR 157 | TR1 79 | TR2 78
245.1773 	DATA 	Keypress: 5
245.1773 	DATA 	TR 158 | TR1 79 | TR2 79
246.7605 	DATA 	Keypress: 5
246.7605 	DATA 	TR 159 | TR1 80 | TR2 79
248.3103 	DATA 	Keypress: 5
248.3104 	DATA 	TR 160 | TR1 80 | TR2 80
249.8769 	DATA 	Keypress: 5
249.8769 	DATA 	TR 161 | TR1 81 | TR2 80
251.3433 	DATA 	
251.3433 	DATA 	Trial complete
251.3434 	DATA 	Waiting for VASO trigger to start next trial
251.3434 	DATA 	
251.4267 	DATA 	Keypress: 5
251.4267 	DATA 	TR 162 | TR1 81 | TR2 81
252.9932 	DATA 	Keypress: 5
252.9933 	DATA 	Waited 1.649933099746704 seconds for trigger
252.9941 	DATA 	
252.9941 	DATA 	Trial 7
252.9941 	DATA 	stimDur = 4.0
252.9941 	DATA 	jitter = 2.35575
252.9941 	DATA 	restDur = 24.0

252.9941 	DATA 	
252.9941 	DATA 	TR 163 | TR1 82 | TR2 81
254.5439 	DATA 	Keypress: 5
254.5597 	DATA 	TR 164 | TR1 82 | TR2 82
255.3596 	DATA 	
255.3596 	DATA 	stimulation started
255.3597 	DATA 	
256.1263 	DATA 	Keypress: 5
256.1264 	DATA 	TR 165 | TR1 83 | TR2 82
257.6763 	DATA 	Keypress: 5
257.6764 	DATA 	TR 166 | TR1 83 | TR2 83
259.2427 	DATA 	Keypress: 5
259.2428 	DATA 	TR 167 | TR1 84 | TR2 83
259.3593 	DATA 	
259.3593 	DATA 	stimulation stopped
259.3593 	DATA 	
260.7925 	DATA 	Keypress: 5
260.7925 	DATA 	TR 168 | TR1 84 | TR2 84
262.3757 	DATA 	Keypress: 5
262.3757 	DATA 	TR 169 | TR1 85 | TR2 84
263.9255 	DATA 	Keypress: 5
263.9256 	DATA 	TR 170 | TR1 85 | TR2 85
265.4921 	DATA 	Keypress: 5
265.4921 	DATA 	TR 171 | TR1 86 | TR2 85
267.0419 	DATA 	Keypress: 5
267.0419 	DATA 	TR 172 | TR1 86 | TR2 86
268.6087 	DATA 	Keypress: 5
268.6087 	DATA 	TR 173 | TR1 87 | TR2 86
270.1750 	DATA 	Keypress: 5
270.1750 	DATA 	TR 174 | TR1 87 | TR2 87
271.7415 	DATA 	Keypress: 5
271.7415 	DATA 	TR 175 | TR1 88 | TR2 87
273.2913 	DATA 	Keypress: 5
273.2914 	DATA 	TR 176 | TR1 88 | TR2 88
274.8579 	DATA 	Keypress: 5
274.8579 	DATA 	TR 177 | TR1 89 | TR2 88
276.4078 	DATA 	Keypress: 5
276.4079 	DATA 	TR 178 | TR1 89 | TR2 89
277.9909 	DATA 	Keypress: 5
277.9910 	DATA 	TR 179 | TR1 90 | TR2 89
279.5407 	DATA 	Keypress: 5
279.5408 	DATA 	TR 180 | TR1 90 | TR2 90
281.1073 	DATA 	Keypress: 5
281.1073 	DATA 	TR 181 | TR1 91 | TR2 90
282.6571 	DATA 	Keypress: 5
282.6572 	DATA 	TR 182 | TR1 91 | TR2 91
283.3570 	DATA 	
283.3570 	DATA 	Trial complete
283.3571 	DATA 	Waiting for VASO trigger to start next trial
283.3571 	DATA 	
283.9403 	DATA 	Target presented
284.2404 	DATA 	Keypress: 5
284.2404 	DATA 	Waited 0.8833408355712891 seconds for trigger
284.2412 	DATA 	
284.2412 	DATA 	Trial 8
284.2412 	DATA 	stimDur = 24.0
284.2412 	DATA 	jitter = 1.5705
284.2412 	DATA 	restDur = 40.0

284.2412 	DATA 	
284.2412 	DATA 	TR 183 | TR1 92 | TR2 91
284.4237 	DATA 	Keypress: 1
284.4237 	DATA 	Key1 pressed
284.4237 	DATA 	Target detected
285.7902 	DATA 	Keypress: 5
285.7902 	DATA 	TR 184 | TR1 92 | TR2 92
285.8235 	DATA 	
285.8235 	DATA 	stimulation started
285.8235 	DATA 	
287.3569 	DATA 	Keypress: 5
287.3569 	DATA 	TR 185 | TR1 93 | TR2 92
288.9066 	DATA 	Keypress: 5
288.9067 	DATA 	TR 186 | TR1 93 | TR2 93
290.4731 	DATA 	Keypress: 5
290.4731 	DATA 	TR 187 | TR1 94 | TR2 93
292.0237 	DATA 	Keypress: 5
292.0396 	DATA 	TR 188 | TR1 94 | TR2 94
293.6062 	DATA 	Keypress: 5
293.6062 	DATA 	TR 189 | TR1 95 | TR2 94
295.1560 	DATA 	Keypress: 5
295.1561 	DATA 	TR 190 | TR1 95 | TR2 95
296.7225 	DATA 	Keypress: 5
296.7226 	DATA 	TR 191 | TR1 96 | TR2 95
298.2724 	DATA 	Keypress: 5
298.2725 	DATA 	TR 192 | TR1 96 | TR2 96
299.8556 	DATA 	Keypress: 5
299.8557 	DATA 	TR 193 | TR1 97 | TR2 96
301.4055 	DATA 	Keypress: 5
301.4055 	DATA 	TR 194 | TR1 97 | TR2 97
302.9720 	DATA 	Keypress: 5
302.9721 	DATA 	TR 195 | TR1 98 | TR2 97
304.5219 	DATA 	Keypress: 5
304.5219 	DATA 	TR 196 | TR1 98 | TR2 98
306.0890 	DATA 	Keypress: 5
306.1050 	DATA 	TR 197 | TR1 99 | TR2 98
307.6549 	DATA 	Keypress: 5
307.6550 	DATA 	TR 198 | TR1 99 | TR2 99
309.2214 	DATA 	Keypress: 5
309.2214 	DATA 	TR 199 | TR1 100 | TR2 99
309.8213 	DATA 	
309.8213 	DATA 	stimulation stopped
309.8213 	DATA 	
310.7713 	DATA 	Keypress: 5
310.7713 	DATA 	TR 200 | TR1 100 | TR2 100
312.3377 	DATA 	Keypress: 5
312.3378 	DATA 	TR 201 | TR1 101 | TR2 100
313.8876 	DATA 	Keypress: 5
313.8876 	DATA 	TR 202 | TR1 101 | TR2 101
315.4708 	DATA 	Keypress: 5
315.4708 	DATA 	TR 203 | TR1 102 | TR2 101
317.0206 	DATA 	Keypress: 5
317.0207 	DATA 	TR 204 | TR1 102 | TR2 102
318.5872 	DATA 	Keypress: 5
318.5872 	DATA 	TR 205 | TR1 103 | TR2 102
320.1370 	DATA 	Keypress: 5
320.1371 	DATA 	TR 206 | TR1 103 | TR2 103
321.7203 	DATA 	Keypress: 5
321.7203 	DATA 	TR 207 | TR1 104 | TR2 103
323.2701 	DATA 	Keypress: 5
323.2701 	DATA 	TR 208 | TR1 104 | TR2 104
324.8366 	DATA 	Keypress: 5
324.8366 	DATA 	TR 209 | TR1 105 | TR2 104
326.3864 	DATA 	Keypress: 5
326.3864 	DATA 	TR 210 | TR1 105 | TR2 105
327.9530 	DATA 	Keypress: 5
327.9531 	DATA 	TR 211 | TR1 106 | TR2 105
329.5195 	DATA 	Keypress: 5
329.5195 	DATA 	TR 212 | TR1 106 | TR2 106
331.0860 	DATA 	Keypress: 5
331.0860 	DATA 	TR 213 | TR1 107 | TR2 106
332.6359 	DATA 	Keypress: 5
332.6359 	DATA 	TR 214 | TR1 107 | TR2 107
334.2024 	DATA 	Keypress: 5
334.2024 	DATA 	TR 215 | TR1 108 | TR2 107
335.7523 	DATA 	Keypress: 5
335.7523 	DATA 	TR 216 | TR1 108 | TR2 108
337.3354 	DATA 	Keypress: 5
337.3354 	DATA 	TR 217 | TR1 109 | TR2 108
338.8853 	DATA 	Keypress: 5
338.8853 	DATA 	TR 218 | TR1 109 | TR2 109
340.4518 	DATA 	Keypress: 5
340.4518 	DATA 	TR 219 | TR1 110 | TR2 109
342.0017 	DATA 	Keypress: 5
342.0017 	DATA 	TR 220 | TR1 110 | TR2 110
343.5848 	DATA 	Keypress: 5
343.5849 	DATA 	TR 221 | TR1 111 | TR2 110
345.1347 	DATA 	Keypress: 5
345.1348 	DATA 	TR 222 | TR1 111 | TR2 111
346.7012 	DATA 	Keypress: 5
346.7012 	DATA 	TR 223 | TR1 112 | TR2 111
348.2511 	DATA 	Keypress: 5
348.2511 	DATA 	TR 224 | TR1 112 | TR2 112
349.8176 	DATA 	Keypress: 5
349.8176 	DATA 	TR 225 | TR1 113 | TR2 112
349.8176 	DATA 	
349.8176 	DATA 	Trial complete
349.8177 	DATA 	Waiting for VASO trigger to start next trial
349.8177 	DATA 	
351.3681 	DATA 	Keypress: 5
351.3841 	DATA 	TR 226 | TR1 113 | TR2 113
352.9506 	DATA 	Keypress: 5
352.9507 	DATA 	Waited 3.133023977279663 seconds for trigger
352.9515 	DATA 	
352.9515 	DATA 	Trial 9
352.9515 	DATA 	stimDur = 24.0
352.9515 	DATA 	jitter = 0.0
352.9515 	DATA 	restDur = 40.0

352.9515 	DATA 	
352.9515 	DATA 	TR 227 | TR1 114 | TR2 113
352.9515 	DATA 	
352.9515 	DATA 	stimulation started
352.9515 	DATA 	
354.5006 	DATA 	Keypress: 5
354.5006 	DATA 	TR 228 | TR1 114 | TR2 114
356.0671 	DATA 	Keypress: 5
356.0671 	DATA 	TR 229 | TR1 115 | TR2 114
357.6170 	DATA 	Keypress: 5
357.6170 	DATA 	TR 230 | TR1 115 | TR2 115
359.2001 	DATA 	Keypress: 5
359.2002 	DATA 	TR 231 | TR1 116 | TR2 115
360.7500 	DATA 	Keypress: 5
360.7500 	DATA 	TR 232 | TR1 116 | TR2 116
360.8666 	DATA 	Target presented
361.3499 	DATA 	Keypress: 1
361.3500 	DATA 	Key1 pressed
361.3500 	DATA 	Target detected
362.3165 	DATA 	Keypress: 5
362.3165 	DATA 	TR 233 | TR1 117 | TR2 116
363.8664 	DATA 	Keypress: 5
363.8664 	DATA 	TR 234 | TR1 117 | TR2 117
365.4329 	DATA 	Keypress: 5
365.4329 	DATA 	TR 235 | TR1 118 | TR2 117
366.9995 	DATA 	Keypress: 5
366.9996 	DATA 	TR 236 | TR1 118 | TR2 118
368.5659 	DATA 	Keypress: 5
368.5660 	DATA 	TR 237 | TR1 119 | TR2 118
370.1158 	DATA 	Keypress: 5
370.1158 	DATA 	TR 238 | TR1 119 | TR2 119
371.6823 	DATA 	Keypress: 5
371.6823 	DATA 	TR 239 | TR1 120 | TR2 119
373.2321 	DATA 	Keypress: 5
373.2322 	DATA 	TR 240 | TR1 120 | TR2 120
374.8153 	DATA 	Keypress: 5
374.8154 	DATA 	TR 241 | TR1 121 | TR2 120
376.3652 	DATA 	Keypress: 5
376.3653 	DATA 	TR 242 | TR1 121 | TR2 121
376.9651 	DATA 	
376.9651 	DATA 	stimulation stopped
376.9651 	DATA 	
377.9317 	DATA 	Keypress: 5
377.9317 	DATA 	TR 243 | TR1 122 | TR2 121
379.4815 	DATA 	Keypress: 5
379.4816 	DATA 	TR 244 | TR1 122 | TR2 122
381.0648 	DATA 	Keypress: 5
381.0649 	DATA 	TR 245 | TR1 123 | TR2 122
382.6144 	DATA 	Keypress: 5
382.6145 	DATA 	TR 246 | TR1 123 | TR2 123
384.1811 	DATA 	Keypress: 5
384.1811 	DATA 	TR 247 | TR1 124 | TR2 123
385.7310 	DATA 	Keypress: 5
385.7310 	DATA 	TR 248 | TR1 124 | TR2 124
387.2975 	DATA 	Keypress: 5
387.2975 	DATA 	TR 249 | TR1 125 | TR2 124
388.8473 	DATA 	Keypress: 5
388.8474 	DATA 	TR 250 | TR1 125 | TR2 125
390.4305 	DATA 	Keypress: 5
390.4306 	DATA 	TR 251 | TR1 126 | TR2 125
391.9804 	DATA 	Keypress: 5
391.9804 	DATA 	TR 252 | TR1 126 | TR2 126
393.5470 	DATA 	Keypress: 5
393.5471 	DATA 	TR 253 | TR1 127 | TR2 126
395.0968 	DATA 	Keypress: 5
395.0968 	DATA 	TR 254 | TR1 127 | TR2 127
396.6799 	DATA 	Keypress: 5
396.6800 	DATA 	TR 255 | TR1 128 | TR2 127
398.2298 	DATA 	Keypress: 5
398.2299 	DATA 	TR 256 | TR1 128 | TR2 128
399.7964 	DATA 	Keypress: 5
399.7964 	DATA 	TR 257 | TR1 129 | TR2 128
401.3462 	DATA 	Keypress: 5
401.3462 	DATA 	TR 258 | TR1 129 | TR2 129
402.9133 	DATA 	Keypress: 5
402.9293 	DATA 	TR 259 | TR1 130 | TR2 129
404.4795 	DATA 	Keypress: 5
404.4795 	DATA 	TR 260 | TR1 130 | TR2 130
406.0457 	DATA 	Keypress: 5
406.0458 	DATA 	TR 261 | TR1 131 | TR2 130
407.5956 	DATA 	Keypress: 5
407.5957 	DATA 	TR 262 | TR1 131 | TR2 131
409.1621 	DATA 	Keypress: 5
409.1621 	DATA 	TR 263 | TR1 132 | TR2 131
410.7120 	DATA 	Keypress: 5
410.7120 	DATA 	TR 264 | TR1 132 | TR2 132
412.2951 	DATA 	Keypress: 5
412.2952 	DATA 	TR 265 | TR1 133 | TR2 132
413.2117 	DATA 	Target presented
413.7450 	DATA 	Keypress: 1
413.7451 	DATA 	Key1 pressed
413.7451 	DATA 	Target detected
413.8450 	DATA 	Keypress: 5
413.8450 	DATA 	TR 266 | TR1 133 | TR2 133
415.4115 	DATA 	Keypress: 5
415.4116 	DATA 	TR 267 | TR1 134 | TR2 133
416.9614 	DATA 	Keypress: 5
416.9615 	DATA 	TR 268 | TR1 134 | TR2 134
416.9615 	DATA 	
416.9615 	DATA 	Trial complete
416.9615 	DATA 	Waiting for VASO trigger to start next trial
416.9615 	DATA 	
418.5447 	DATA 	Keypress: 5
418.5447 	DATA 	Waited 1.5832350254058838 seconds for trigger
418.5455 	DATA 	
418.5455 	DATA 	Trial 10
418.5455 	DATA 	stimDur = 12.0
418.5455 	DATA 	jitter = 1.5705
418.5456 	DATA 	restDur = 30.0

418.5456 	DATA 	
418.5456 	DATA 	TR 269 | TR1 135 | TR2 134
420.0944 	DATA 	Keypress: 5
420.0945 	DATA 	TR 270 | TR1 135 | TR2 135
420.1277 	DATA 	
420.1277 	DATA 	stimulation started
420.1277 	DATA 	
421.6610 	DATA 	Keypress: 5
421.6610 	DATA 	TR 271 | TR1 136 | TR2 135
423.2109 	DATA 	Keypress: 5
423.2110 	DATA 	TR 272 | TR1 136 | TR2 136
424.7774 	DATA 	Keypress: 5
424.7774 	DATA 	TR 273 | TR1 137 | TR2 136
426.3281 	DATA 	Keypress: 5
426.3439 	DATA 	TR 274 | TR1 137 | TR2 137
427.9104 	DATA 	Keypress: 5
427.9105 	DATA 	TR 275 | TR1 138 | TR2 137
429.4604 	DATA 	Keypress: 5
429.4604 	DATA 	TR 276 | TR1 138 | TR2 138
431.0268 	DATA 	Keypress: 5
431.0269 	DATA 	TR 277 | TR1 139 | TR2 138
432.1267 	DATA 	
432.1267 	DATA 	stimulation stopped
432.1267 	DATA 	
432.5766 	DATA 	Keypress: 5
432.5767 	DATA 	TR 278 | TR1 139 | TR2 139
434.1598 	DATA 	Keypress: 5
434.1598 	DATA 	TR 279 | TR1 140 | TR2 139
435.7097 	DATA 	Keypress: 5
435.7097 	DATA 	TR 280 | TR1 140 | TR2 140
437.2762 	DATA 	Keypress: 5
437.2762 	DATA 	TR 281 | TR1 141 | TR2 140
438.8260 	DATA 	Keypress: 5
438.8261 	DATA 	TR 282 | TR1 141 | TR2 141
440.4093 	DATA 	Keypress: 5
440.4094 	DATA 	TR 283 | TR1 142 | TR2 141
441.9591 	DATA 	Keypress: 5
441.9591 	DATA 	TR 284 | TR1 142 | TR2 142
443.5256 	DATA 	Keypress: 5
443.5256 	DATA 	TR 285 | TR1 143 | TR2 142
445.0755 	DATA 	Keypress: 5
445.0755 	DATA 	TR 286 | TR1 143 | TR2 143
446.6419 	DATA 	Keypress: 5
446.6420 	DATA 	TR 287 | TR1 144 | TR2 143
448.1920 	DATA 	Keypress: 5
448.1920 	DATA 	TR 288 | TR1 144 | TR2 144
449.7750 	DATA 	Keypress: 5
449.7751 	DATA 	TR 289 | TR1 145 | TR2 144
451.3249 	DATA 	Keypress: 5
451.3249 	DATA 	TR 290 | TR1 145 | TR2 145
452.8915 	DATA 	Keypress: 5
452.8916 	DATA 	TR 291 | TR1 146 | TR2 145
454.4413 	DATA 	Keypress: 5
454.4413 	DATA 	TR 292 | TR1 146 | TR2 146
456.0244 	DATA 	Keypress: 5
456.0245 	DATA 	TR 293 | TR1 147 | TR2 146
457.5743 	DATA 	Keypress: 5
457.5744 	DATA 	TR 294 | TR1 147 | TR2 147
459.1408 	DATA 	Keypress: 5
459.1408 	DATA 	TR 295 | TR1 148 | TR2 147
460.6908 	DATA 	Keypress: 5
460.6909 	DATA 	TR 296 | TR1 148 | TR2 148
462.1238 	DATA 	
462.1238 	DATA 	Trial complete
462.1239 	DATA 	Waiting for VASO trigger to start next trial
462.1239 	DATA 	
462.2572 	DATA 	Keypress: 5
462.2572 	DATA 	Waited 0.1333620548248291 seconds for trigger
462.2580 	DATA 	
462.2580 	DATA 	Trial 11
462.2580 	DATA 	stimDur = 1.0
462.2580 	DATA 	jitter = 1.5705
462.2580 	DATA 	restDur = 20.0

462.2580 	DATA 	
462.2580 	DATA 	TR 297 | TR1 149 | TR2 148
463.8237 	DATA 	Keypress: 5
463.8238 	DATA 	TR 298 | TR1 149 | TR2 149
463.8404 	DATA 	
463.8404 	DATA 	stimulation started
463.8404 	DATA 	
464.8403 	DATA 	
464.8403 	DATA 	stimulation stopped
464.8403 	DATA 	
465.3902 	DATA 	Keypress: 5
465.3903 	DATA 	TR 299 | TR1 150 | TR2 149
466.9401 	DATA 	Keypress: 5
466.9402 	DATA 	TR 300 | TR1 150 | TR2 150
468.5066 	DATA 	Keypress: 5
468.5067 	DATA 	TR 301 | TR1 151 | TR2 150
470.0565 	DATA 	Keypress: 5
470.0565 	DATA 	TR 302 | TR1 151 | TR2 151
471.6396 	DATA 	Keypress: 5
471.6396 	DATA 	TR 303 | TR1 152 | TR2 151
473.1895 	DATA 	Keypress: 5
473.1896 	DATA 	TR 304 | TR1 152 | TR2 152
474.7559 	DATA 	Keypress: 5
474.7560 	DATA 	TR 305 | TR1 153 | TR2 152
476.3059 	DATA 	Keypress: 5
476.3060 	DATA 	TR 306 | TR1 153 | TR2 153
477.8731 	DATA 	Keypress: 5
477.8890 	DATA 	TR 307 | TR1 154 | TR2 153
479.4390 	DATA 	Keypress: 5
479.4390 	DATA 	TR 308 | TR1 154 | TR2 154
480.5055 	DATA 	Target presented
481.0055 	DATA 	Keypress: 5
481.0055 	DATA 	TR 309 | TR1 155 | TR2 154
481.0888 	DATA 	Keypress: 1
481.0888 	DATA 	Key1 pressed
481.0888 	DATA 	Target detected
482.5554 	DATA 	Keypress: 5
482.5554 	DATA 	TR 310 | TR1 155 | TR2 155
484.1218 	DATA 	Keypress: 5
484.1219 	DATA 	TR 311 | TR1 156 | TR2 155
484.8384 	DATA 	
484.8384 	DATA 	Trial complete
484.8384 	DATA 	Waiting for VASO trigger to start next trial
484.8384 	DATA 	
485.6723 	DATA 	Keypress: 5
485.6883 	DATA 	TR 312 | TR1 156 | TR2 156
487.2549 	DATA 	Keypress: 5
487.2549 	DATA 	Waited 2.416520118713379 seconds for trigger
487.2557 	DATA 	
487.2557 	DATA 	Trial 12
487.2557 	DATA 	stimDur = 4.0
487.2557 	DATA 	jitter = 0.78525
487.2558 	DATA 	restDur = 24.0

487.2558 	DATA 	
487.2558 	DATA 	TR 313 | TR1 157 | TR2 156
488.0548 	DATA 	
488.0548 	DATA 	stimulation started
488.0548 	DATA 	
488.8048 	DATA 	Keypress: 5
488.8049 	DATA 	TR 314 | TR1 157 | TR2 157
490.3713 	DATA 	Keypress: 5
490.3713 	DATA 	TR 315 | TR1 158 | TR2 157
491.9212 	DATA 	Keypress: 5
491.9212 	DATA 	TR 316 | TR1 158 | TR2 158
492.0544 	DATA 	
492.0545 	DATA 	stimulation stopped
492.0545 	DATA 	
493.5043 	DATA 	Keypress: 5
493.5043 	DATA 	TR 317 | TR1 159 | TR2 158
495.0542 	DATA 	Keypress: 5
495.0542 	DATA 	TR 318 | TR1 159 | TR2 159
496.6207 	DATA 	Keypress: 5
496.6207 	DATA 	TR 319 | TR1 160 | TR2 159
498.1706 	DATA 	Keypress: 5
498.1706 	DATA 	TR 320 | TR1 160 | TR2 160
499.7371 	DATA 	Keypress: 5
499.7371 	DATA 	TR 321 | TR1 161 | TR2 160
501.3036 	DATA 	Keypress: 5
501.3036 	DATA 	TR 322 | TR1 161 | TR2 161
502.8701 	DATA 	Keypress: 5
502.8701 	DATA 	TR 323 | TR1 162 | TR2 161
504.4200 	DATA 	Keypress: 5
504.4200 	DATA 	TR 324 | TR1 162 | TR2 162
505.9865 	DATA 	Keypress: 5
505.9865 	DATA 	TR 325 | TR1 163 | TR2 162
507.5364 	DATA 	Keypress: 5
507.5364 	DATA 	TR 326 | TR1 163 | TR2 163
509.1195 	DATA 	Keypress: 5
509.1196 	DATA 	TR 327 | TR1 164 | TR2 163
510.6694 	DATA 	Keypress: 5
510.6694 	DATA 	TR 328 | TR1 164 | TR2 164
512.2359 	DATA 	Keypress: 5
512.2359 	DATA 	TR 329 | TR1 165 | TR2 164
513.7858 	DATA 	Keypress: 5
513.7858 	DATA 	TR 330 | TR1 165 | TR2 165
515.3689 	DATA 	Keypress: 5
515.3690 	DATA 	TR 331 | TR1 166 | TR2 165
516.0522 	DATA 	
516.0522 	DATA 	Trial complete
516.0522 	DATA 	Waiting for VASO trigger to start next trial
516.0522 	DATA 	
516.9188 	DATA 	Keypress: 5
516.9189 	DATA 	TR 332 | TR1 166 | TR2 166
518.4853 	DATA 	Keypress: 5
518.4854 	DATA 	Waited 2.4331488609313965 seconds for trigger
518.4861 	DATA 	
518.4861 	DATA 	Trial 13
518.4862 	DATA 	stimDur = 12.0
518.4862 	DATA 	jitter = 0.78525
518.4862 	DATA 	restDur = 30.0

518.4862 	DATA 	
518.4862 	DATA 	TR 333 | TR1 167 | TR2 166
519.2852 	DATA 	
519.2852 	DATA 	stimulation started
519.2852 	DATA 	
520.0352 	DATA 	Keypress: 5
520.0353 	DATA 	TR 334 | TR1 167 | TR2 167
521.6019 	DATA 	Keypress: 5
521.6019 	DATA 	TR 335 | TR1 168 | TR2 167
523.1516 	DATA 	Keypress: 5
523.1517 	DATA 	TR 336 | TR1 168 | TR2 168
524.7348 	DATA 	Keypress: 5
524.7348 	DATA 	TR 337 | TR1 169 | TR2 168
526.2847 	DATA 	Keypress: 5
526.2847 	DATA 	TR 338 | TR1 169 | TR2 169
527.8513 	DATA 	Keypress: 5
527.8513 	DATA 	TR 339 | TR1 170 | TR2 169
529.4010 	DATA 	Keypress: 5
529.4011 	DATA 	TR 340 | TR1 170 | TR2 170
530.9842 	DATA 	Keypress: 5
530.9843 	DATA 	TR 341 | TR1 171 | TR2 170
531.2841 	DATA 	
531.2842 	DATA 	stimulation stopped
531.2842 	DATA 	
532.5340 	DATA 	Keypress: 5
532.5341 	DATA 	TR 342 | TR1 171 | TR2 171
533.4006 	DATA 	Target presented
533.9505 	DATA 	Keypress: 1
533.9506 	DATA 	Key1 pressed
533.9506 	DATA 	Target detected
534.1005 	DATA 	Keypress: 5
534.1006 	DATA 	TR 343 | TR1 172 | TR2 171
535.6504 	DATA 	Keypress: 5
535.6505 	DATA 	TR 344 | TR1 172 | TR2 172
537.2174 	DATA 	Keypress: 5
537.2335 	DATA 	TR 345 | TR1 173 | TR2 172
538.7835 	DATA 	Keypress: 5
538.7835 	DATA 	TR 346 | TR1 173 | TR2 173
540.3499 	DATA 	Keypress: 5
540.3500 	DATA 	TR 347 | TR1 174 | TR2 173
541.8999 	DATA 	Keypress: 5
541.8999 	DATA 	TR 348 | TR1 174 | TR2 174
543.4663 	DATA 	Keypress: 5
543.4664 	DATA 	TR 349 | TR1 175 | TR2 174
545.0163 	DATA 	Keypress: 5
545.0164 	DATA 	TR 350 | TR1 175 | TR2 175
546.5994 	DATA 	Keypress: 5
546.5994 	DATA 	TR 351 | TR1 176 | TR2 175
548.1493 	DATA 	Keypress: 5
548.1493 	DATA 	TR 352 | TR1 176 | TR2 176
549.7158 	DATA 	Keypress: 5
549.7158 	DATA 	TR 353 | TR1 177 | TR2 176
551.2656 	DATA 	Keypress: 5
551.2657 	DATA 	TR 354 | TR1 177 | TR2 177
552.8488 	DATA 	Keypress: 5
552.8488 	DATA 	TR 355 | TR1 178 | TR2 177
554.3987 	DATA 	Keypress: 5
554.3987 	DATA 	TR 356 | TR1 178 | TR2 178
555.9652 	DATA 	Keypress: 5
555.9652 	DATA 	TR 357 | TR1 179 | TR2 178
557.5151 	DATA 	Keypress: 5
557.5152 	DATA 	TR 358 | TR1 179 | TR2 179
559.0816 	DATA 	Keypress: 5
559.0816 	DATA 	TR 359 | TR1 180 | TR2 179
560.6480 	DATA 	Keypress: 5
560.6480 	DATA 	TR 360 | TR1 180 | TR2 180
561.2813 	DATA 	
561.2813 	DATA 	Trial complete
561.2813 	DATA 	Waiting for VASO trigger to start next trial
561.2813 	DATA 	
562.2146 	DATA 	Keypress: 5
562.2147 	DATA 	Waited 0.9333958625793457 seconds for trigger
562.2155 	DATA 	
562.2155 	DATA 	Trial 14
562.2155 	DATA 	stimDur = 12.0
562.2155 	DATA 	jitter = 2.35575
562.2155 	DATA 	restDur = 30.0

562.2155 	DATA 	
562.2155 	DATA 	TR 361 | TR1 181 | TR2 180
563.7644 	DATA 	Keypress: 5
563.7645 	DATA 	TR 362 | TR1 181 | TR2 181
564.5810 	DATA 	
564.5810 	DATA 	stimulation started
564.5810 	DATA 	
565.3311 	DATA 	Keypress: 5
565.3311 	DATA 	TR 363 | TR1 182 | TR2 181
566.8809 	DATA 	Keypress: 5
566.8809 	DATA 	TR 364 | TR1 182 | TR2 182
568.4641 	DATA 	Keypress: 5
568.4642 	DATA 	TR 365 | TR1 183 | TR2 182
570.0139 	DATA 	Keypress: 5
570.0140 	DATA 	TR 366 | TR1 183 | TR2 183
571.5807 	DATA 	Keypress: 5
571.5807 	DATA 	TR 367 | TR1 184 | TR2 183
573.1303 	DATA 	Keypress: 5
573.1304 	DATA 	TR 368 | TR1 184 | TR2 184
574.7135 	DATA 	Keypress: 5
574.7136 	DATA 	TR 369 | TR1 185 | TR2 184
576.2633 	DATA 	Keypress: 5
576.2634 	DATA 	TR 370 | TR1 185 | TR2 185
576.5800 	DATA 	
576.5800 	DATA 	stimulation stopped
576.5800 	DATA 	
577.8298 	DATA 	Keypress: 5
577.8299 	DATA 	TR 371 | TR1 186 | TR2 185
579.3796 	DATA 	Keypress: 5
579.3797 	DATA 	TR 372 | TR1 186 | TR2 186
580.9463 	DATA 	Keypress: 5
580.9463 	DATA 	TR 373 | TR1 187 | TR2 186
582.4961 	DATA 	Keypress: 5
582.4961 	DATA 	TR 374 | TR1 187 | TR2 187
584.0793 	DATA 	Keypress: 5
584.0793 	DATA 	TR 375 | TR1 188 | TR2 187
585.6291 	DATA 	Keypress: 5
585.6291 	DATA 	TR 376 | TR1 188 | TR2 188
587.1957 	DATA 	Keypress: 5
587.1957 	DATA 	TR 377 | TR1 189 | TR2 188
588.7455 	DATA 	Keypress: 5
588.7455 	DATA 	TR 378 | TR1 189 | TR2 189
590.3287 	DATA 	Keypress: 5
590.3287 	DATA 	TR 379 | TR1 190 | TR2 189
591.8785 	DATA 	Keypress: 5
591.8786 	DATA 	TR 380 | TR1 190 | TR2 190
593.4451 	DATA 	Keypress: 5
593.4451 	DATA 	TR 381 | TR1 191 | TR2 190
594.9949 	DATA 	Keypress: 5
594.9950 	DATA 	TR 382 | TR1 191 | TR2 191
596.5620 	DATA 	Keypress: 5
596.5780 	DATA 	TR 383 | TR1 192 | TR2 191
598.1279 	DATA 	Keypress: 5
598.1280 	DATA 	TR 384 | TR1 192 | TR2 192
599.6946 	DATA 	Keypress: 5
599.6947 	DATA 	TR 385 | TR1 193 | TR2 192
601.2443 	DATA 	Keypress: 5
601.2444 	DATA 	TR 386 | TR1 193 | TR2 193
602.8109 	DATA 	Keypress: 5
602.8109 	DATA 	TR 387 | TR1 194 | TR2 193
604.3608 	DATA 	Keypress: 5
604.3609 	DATA 	TR 388 | TR1 194 | TR2 194
605.9439 	DATA 	Keypress: 5
605.9440 	DATA 	TR 389 | TR1 195 | TR2 194
606.2105 	DATA 	Target presented
606.5771 	DATA 	
606.5771 	DATA 	Trial complete
606.5771 	DATA 	Waiting for VASO trigger to start next trial
606.5772 	DATA 	
607.4937 	DATA 	Keypress: 5
607.4938 	DATA 	TR 390 | TR1 195 | TR2 195
609.0603 	DATA 	Keypress: 5
609.0603 	DATA 	Waited 2.4831881523132324 seconds for trigger
609.0611 	DATA 	
609.0611 	DATA 	Trial 15
609.0611 	DATA 	stimDur = 2.0
609.0611 	DATA 	jitter = 0.0
609.0611 	DATA 	restDur = 22.0

609.0612 	DATA 	
609.0612 	DATA 	TR 391 | TR1 196 | TR2 195
609.0612 	DATA 	
609.0612 	DATA 	stimulation started
609.0612 	DATA 	
610.6102 	DATA 	Keypress: 5
610.6102 	DATA 	TR 392 | TR1 196 | TR2 196
611.0767 	DATA 	
611.0768 	DATA 	stimulation stopped
611.0768 	DATA 	
612.1774 	DATA 	Keypress: 5
612.1933 	DATA 	TR 393 | TR1 197 | TR2 196
613.7432 	DATA 	Keypress: 5
613.7432 	DATA 	TR 394 | TR1 197 | TR2 197
615.3097 	DATA 	Keypress: 5
615.3098 	DATA 	TR 395 | TR1 198 | TR2 197
616.8598 	DATA 	Keypress: 5
616.8598 	DATA 	TR 396 | TR1 198 | TR2 198
618.4261 	DATA 	Keypress: 5
618.4261 	DATA 	TR 397 | TR1 199 | TR2 198
619.9765 	DATA 	Keypress: 5
619.9925 	DATA 	TR 398 | TR1 199 | TR2 199
621.5591 	DATA 	Keypress: 5
621.5592 	DATA 	TR 399 | TR1 200 | TR2 199
623.1090 	DATA 	Keypress: 5
623.1090 	DATA 	TR 400 | TR1 200 | TR2 200
624.6755 	DATA 	Keypress: 5
624.6755 	DATA 	TR 401 | TR1 201 | TR2 200
626.2253 	DATA 	Keypress: 5
626.2254 	DATA 	TR 402 | TR1 201 | TR2 201
627.8086 	DATA 	Keypress: 5
627.8086 	DATA 	TR 403 | TR1 202 | TR2 201
629.3584 	DATA 	Keypress: 5
629.3584 	DATA 	TR 404 | TR1 202 | TR2 202
630.9249 	DATA 	Keypress: 5
630.9250 	DATA 	TR 405 | TR1 203 | TR2 202
632.4748 	DATA 	Keypress: 5
632.4748 	DATA 	TR 406 | TR1 203 | TR2 203
633.0746 	DATA 	
633.0747 	DATA 	Trial complete
633.0747 	DATA 	Waiting for VASO trigger to start next trial
633.0747 	DATA 	
634.0413 	DATA 	Keypress: 5
634.0414 	DATA 	Waited 0.9666900634765625 seconds for trigger
634.0421 	DATA 	
634.0422 	DATA 	Trial 16
634.0422 	DATA 	stimDur = 1.0
634.0422 	DATA 	jitter = 2.35575
634.0422 	DATA 	restDur = 20.0

634.0422 	DATA 	
634.0422 	DATA 	TR 407 | TR1 204 | TR2 203
635.6078 	DATA 	Keypress: 5
635.6078 	DATA 	TR 408 | TR1 204 | TR2 204
636.4077 	DATA 	
636.4077 	DATA 	stimulation started
636.4077 	DATA 	
637.1744 	DATA 	Keypress: 5
637.1744 	DATA 	TR 409 | TR1 205 | TR2 204
637.4076 	DATA 	
637.4077 	DATA 	stimulation stopped
637.4077 	DATA 	
638.7243 	DATA 	Keypress: 5
638.7244 	DATA 	TR 410 | TR1 205 | TR2 205
640.2907 	DATA 	Keypress: 5
640.2908 	DATA 	TR 411 | TR1 206 | TR2 205
641.8405 	DATA 	Keypress: 5
641.8406 	DATA 	TR 412 | TR1 206 | TR2 206
643.4238 	DATA 	Keypress: 5
643.4238 	DATA 	TR 413 | TR1 207 | TR2 206
644.9736 	DATA 	Keypress: 5
644.9736 	DATA 	TR 414 | TR1 207 | TR2 207
646.5402 	DATA 	Keypress: 5
646.5402 	DATA 	TR 415 | TR1 208 | TR2 207
648.0900 	DATA 	Keypress: 5
648.0900 	DATA 	TR 416 | TR1 208 | TR2 208
649.6732 	DATA 	Keypress: 5
649.6732 	DATA 	TR 417 | TR1 209 | TR2 208
651.2230 	DATA 	Keypress: 5
651.2231 	DATA 	TR 418 | TR1 209 | TR2 209
652.7896 	DATA 	Keypress: 5
652.7896 	DATA 	TR 419 | TR1 210 | TR2 209
654.3394 	DATA 	Keypress: 5
654.3395 	DATA 	TR 420 | TR1 210 | TR2 210
655.9059 	DATA 	Keypress: 5
655.9060 	DATA 	TR 421 | TR1 211 | TR2 210
657.4057 	DATA 	
657.4058 	DATA 	Trial complete
657.4058 	DATA 	Waiting for VASO trigger to start next trial
657.4058 	DATA 	
657.4564 	DATA 	Keypress: 5
657.4725 	DATA 	TR 422 | TR1 211 | TR2 211
659.0390 	DATA 	Keypress: 5
659.0391 	DATA 	Waited 1.6332828998565674 seconds for trigger
659.0398 	DATA 	
659.0398 	DATA 	Trial 17
659.0398 	DATA 	stimDur = 24.0
659.0398 	DATA 	jitter = 2.35575
659.0398 	DATA 	restDur = 40.0

659.0398 	DATA 	
659.0399 	DATA 	TR 423 | TR1 212 | TR2 211
659.8556 	DATA 	Target presented
660.4888 	DATA 	Keypress: 1
660.4889 	DATA 	Key1 pressed
660.4889 	DATA 	Target detected
660.5888 	DATA 	Keypress: 5
660.5888 	DATA 	TR 424 | TR1 212 | TR2 212
661.4054 	DATA 	
661.4054 	DATA 	stimulation started
661.4054 	DATA 	
662.1554 	DATA 	Keypress: 5
662.1555 	DATA 	TR 425 | TR1 213 | TR2 212
663.7052 	DATA 	Keypress: 5
663.7053 	DATA 	TR 426 | TR1 213 | TR2 213
665.2885 	DATA 	Keypress: 5
665.2885 	DATA 	TR 427 | TR1 214 | TR2 213
666.8383 	DATA 	Keypress: 5
666.8383 	DATA 	TR 428 | TR1 214 | TR2 214
668.4048 	DATA 	Keypress: 5
668.4049 	DATA 	TR 429 | TR1 215 | TR2 214
669.9547 	DATA 	Keypress: 5
669.9547 	DATA 	TR 430 | TR1 215 | TR2 215
671.5219 	DATA 	Keypress: 5
671.5378 	DATA 	TR 431 | TR1 216 | TR2 215
673.0877 	DATA 	Keypress: 5
673.0878 	DATA 	TR 432 | TR1 216 | TR2 216
674.6543 	DATA 	Keypress: 5
674.6543 	DATA 	TR 433 | TR1 217 | TR2 216
676.2041 	DATA 	Keypress: 5
676.2041 	DATA 	TR 434 | TR1 217 | TR2 217
677.7707 	DATA 	Keypress: 5
677.7707 	DATA 	TR 435 | TR1 218 | TR2 217
679.3206 	DATA 	Keypress: 5
679.3207 	DATA 	TR 436 | TR1 218 | TR2 218
680.9037 	DATA 	Keypress: 5
680.9037 	DATA 	TR 437 | TR1 219 | TR2 218
682.4535 	DATA 	Keypress: 5
682.4536 	DATA 	TR 438 | TR1 219 | TR2 219
684.0201 	DATA 	Keypress: 5
684.0201 	DATA 	TR 439 | TR1 220 | TR2 219
685.4033 	DATA 	
685.4034 	DATA 	stimulation stopped
685.4034 	DATA 	
685.5698 	DATA 	Keypress: 5
685.5699 	DATA 	TR 440 | TR1 220 | TR2 220
687.1531 	DATA 	Keypress: 5
687.1531 	DATA 	TR 441 | TR1 221 | TR2 220
688.7029 	DATA 	Keypress: 5
688.7030 	DATA 	TR 442 | TR1 221 | TR2 221
690.2694 	DATA 	Keypress: 5
690.2695 	DATA 	TR 443 | TR1 222 | TR2 221
691.8194 	DATA 	Keypress: 5
691.8195 	DATA 	TR 444 | TR1 222 | TR2 222
693.3858 	DATA 	Keypress: 5
693.3859 	DATA 	TR 445 | TR1 223 | TR2 222
694.9524 	DATA 	Keypress: 5
694.9525 	DATA 	TR 446 | TR1 223 | TR2 223
696.5189 	DATA 	Keypress: 5
696.5189 	DATA 	TR 447 | TR1 224 | TR2 223
698.0687 	DATA 	Keypress: 5
698.0687 	DATA 	TR 448 | TR1 224 | TR2 224
699.6353 	DATA 	Keypress: 5
699.6353 	DATA 	TR 449 | TR1 225 | TR2 224
701.1851 	DATA 	Keypress: 5
701.1851 	DATA 	TR 450 | TR1 225 | TR2 225
702.7683 	DATA 	Keypress: 5
702.7683 	DATA 	TR 451 | TR1 226 | TR2 225
704.3181 	DATA 	Keypress: 5
704.3182 	DATA 	TR 452 | TR1 226 | TR2 226
705.8848 	DATA 	Keypress: 5
705.8848 	DATA 	TR 453 | TR1 227 | TR2 226
707.4345 	DATA 	Keypress: 5
707.4345 	DATA 	TR 454 | TR1 227 | TR2 227
707.5345 	DATA 	Target presented
708.1513 	DATA 	Keypress: 1
708.1513 	DATA 	Key1 pressed
708.1514 	DATA 	Target detected
709.0177 	DATA 	Keypress: 5
709.0177 	DATA 	TR 455 | TR1 228 | TR2 227
710.5675 	DATA 	Keypress: 5
710.5676 	DATA 	TR 456 | TR1 228 | TR2 228
712.1341 	DATA 	Keypress: 5
712.1341 	DATA 	TR 457 | TR1 229 | TR2 228
713.6839 	DATA 	Keypress: 5
713.6840 	DATA 	TR 458 | TR1 229 | TR2 229
715.2506 	DATA 	Keypress: 5
715.2507 	DATA 	TR 459 | TR1 230 | TR2 229
716.8004 	DATA 	Keypress: 5
716.8005 	DATA 	TR 460 | TR1 230 | TR2 230
718.3835 	DATA 	Keypress: 5
718.3836 	DATA 	TR 461 | TR1 231 | TR2 230
719.9333 	DATA 	Keypress: 5
719.9334 	DATA 	TR 462 | TR1 231 | TR2 231
721.4999 	DATA 	Keypress: 5
721.5000 	DATA 	TR 463 | TR1 232 | TR2 231
723.0497 	DATA 	Keypress: 5
723.0497 	DATA 	TR 464 | TR1 232 | TR2 232
724.6329 	DATA 	Keypress: 5
724.6330 	DATA 	TR 465 | TR1 233 | TR2 232
725.3994 	DATA 	
725.3994 	DATA 	Trial complete
725.3994 	DATA 	Waiting for VASO trigger to start next trial
725.3995 	DATA 	
726.1827 	DATA 	Keypress: 5
726.1828 	DATA 	TR 466 | TR1 233 | TR2 233
727.7493 	DATA 	Keypress: 5
727.7494 	DATA 	Waited 2.3498940467834473 seconds for trigger
727.7501 	DATA 	
727.7501 	DATA 	Trial 18
727.7501 	DATA 	stimDur = 1.0
727.7501 	DATA 	jitter = 0.78525
727.7501 	DATA 	restDur = 20.0

727.7502 	DATA 	
727.7502 	DATA 	TR 467 | TR1 234 | TR2 233
728.5492 	DATA 	
728.5492 	DATA 	stimulation started
728.5492 	DATA 	
729.2992 	DATA 	Keypress: 5
729.2993 	DATA 	TR 468 | TR1 234 | TR2 234
729.5491 	DATA 	
729.5491 	DATA 	stimulation stopped
729.5491 	DATA 	
730.8656 	DATA 	Keypress: 5
730.8657 	DATA 	TR 469 | TR1 235 | TR2 234
732.4322 	DATA 	Keypress: 5
732.4323 	DATA 	TR 470 | TR1 235 | TR2 235
733.9987 	DATA 	Keypress: 5
733.9987 	DATA 	TR 471 | TR1 236 | TR2 235
735.5486 	DATA 	Keypress: 5
735.5486 	DATA 	TR 472 | TR1 236 | TR2 236
737.1151 	DATA 	Keypress: 5
737.1151 	DATA 	TR 473 | TR1 237 | TR2 236
738.6650 	DATA 	Keypress: 5
738.6650 	DATA 	TR 474 | TR1 237 | TR2 237
740.2481 	DATA 	Keypress: 5
740.2482 	DATA 	TR 475 | TR1 238 | TR2 237
741.7980 	DATA 	Keypress: 5
741.7980 	DATA 	TR 476 | TR1 238 | TR2 238
743.3645 	DATA 	Keypress: 5
743.3645 	DATA 	TR 477 | TR1 239 | TR2 238
744.9144 	DATA 	Keypress: 5
744.9144 	DATA 	TR 478 | TR1 239 | TR2 239
746.4975 	DATA 	Keypress: 5
746.4976 	DATA 	TR 479 | TR1 240 | TR2 239
748.0474 	DATA 	Keypress: 5
748.0475 	DATA 	TR 480 | TR1 240 | TR2 240
749.5473 	DATA 	
749.5473 	DATA 	Trial complete
749.5474 	DATA 	Waiting for VASO trigger to start next trial
749.5474 	DATA 	
749.6139 	DATA 	Keypress: 5
749.6140 	DATA 	Waited 0.06657886505126953 seconds for trigger
749.6147 	DATA 	
749.6147 	DATA 	Trial 19
749.6147 	DATA 	stimDur = 2.0
749.6148 	DATA 	jitter = 1.5705
749.6148 	DATA 	restDur = 22.0

749.6148 	DATA 	
749.6148 	DATA 	TR 481 | TR1 241 | TR2 240
751.1638 	DATA 	Keypress: 5
751.1638 	DATA 	TR 482 | TR1 241 | TR2 241
751.1971 	DATA 	
751.1971 	DATA 	stimulation started
751.1971 	DATA 	
752.7304 	DATA 	Keypress: 5
752.7304 	DATA 	TR 483 | TR1 242 | TR2 241
753.1969 	DATA 	
753.1969 	DATA 	stimulation stopped
753.1969 	DATA 	
754.2807 	DATA 	Keypress: 5
754.2968 	DATA 	TR 484 | TR1 242 | TR2 242
755.8633 	DATA 	Keypress: 5
755.8634 	DATA 	TR 485 | TR1 243 | TR2 242
757.4132 	DATA 	Keypress: 5
757.4133 	DATA 	TR 486 | TR1 243 | TR2 243
758.9797 	DATA 	Keypress: 5
758.9798 	DATA 	TR 487 | TR1 244 | TR2 243
760.5296 	DATA 	Keypress: 5
760.5296 	DATA 	TR 488 | TR1 244 | TR2 244
762.1128 	DATA 	Keypress: 5
762.1129 	DATA 	TR 489 | TR1 245 | TR2 244
763.6626 	DATA 	Keypress: 5
763.6627 	DATA 	TR 490 | TR1 245 | TR2 245
765.2291 	DATA 	Keypress: 5
765.2292 	DATA 	TR 491 | TR1 246 | TR2 245
766.7790 	DATA 	Keypress: 5
766.7791 	DATA 	TR 492 | TR1 246 | TR2 246
768.3455 	DATA 	Keypress: 5
768.3456 	DATA 	TR 493 | TR1 247 | TR2 246
769.9120 	DATA 	Keypress: 5
769.9121 	DATA 	TR 494 | TR1 247 | TR2 247
771.4786 	DATA 	Keypress: 5
771.4786 	DATA 	TR 495 | TR1 248 | TR2 247
773.0284 	DATA 	Keypress: 5
773.0285 	DATA 	TR 496 | TR1 248 | TR2 248
774.5949 	DATA 	Keypress: 5
774.5950 	DATA 	TR 497 | TR1 249 | TR2 248
775.1948 	DATA 	
775.1949 	DATA 	Trial complete
775.1949 	DATA 	
776.1448 	DATA 	Keypress: 5
776.1449 	DATA 	TR 498 | TR1 249 | TR2 249
777.7281 	DATA 	Keypress: 5
777.7282 	DATA 	Waited 28.18079400062561 seconds for trigger
777.7289 	DATA 	
777.7290 	DATA 	Trial 20
777.7290 	DATA 	stimDur = 1.0
777.7290 	DATA 	jitter = 0.0
777.7290 	DATA 	restDur = 20.0

777.7290 	DATA 	
777.7290 	DATA 	TR 499 | TR1 250 | TR2 249
777.7290 	DATA 	
777.7290 	DATA 	stimulation started
777.7290 	DATA 	
778.7446 	DATA 	
778.7446 	DATA 	stimulation stopped
778.7446 	DATA 	
779.2778 	DATA 	Keypress: 5
779.2779 	DATA 	TR 500 | TR1 250 | TR2 250
780.8445 	DATA 	Keypress: 5
780.8445 	DATA 	TR 501 | TR1 251 | TR2 250
782.3942 	DATA 	Keypress: 5
782.3943 	DATA 	TR 502 | TR1 251 | TR2 251
782.4276 	DATA 	Target presented
783.0608 	DATA 	Keypress: 1
783.0608 	DATA 	Key1 pressed
783.0608 	DATA 	Target detected
783.9774 	DATA 	Keypress: 5
783.9774 	DATA 	TR 503 | TR1 252 | TR2 251
785.5274 	DATA 	Keypress: 5
785.5275 	DATA 	TR 504 | TR1 252 | TR2 252
787.0938 	DATA 	Keypress: 5
787.0938 	DATA 	TR 505 | TR1 253 | TR2 252
788.6437 	DATA 	Keypress: 5
788.6437 	DATA 	TR 506 | TR1 253 | TR2 253
790.2102 	DATA 	Keypress: 5
790.2102 	DATA 	TR 507 | TR1 254 | TR2 253
791.7606 	DATA 	Keypress: 5
791.7766 	DATA 	TR 508 | TR1 254 | TR2 254
793.3432 	DATA 	Keypress: 5
793.3432 	DATA 	TR 509 | TR1 255 | TR2 254
794.8931 	DATA 	Keypress: 5
794.8931 	DATA 	TR 510 | TR1 255 | TR2 255
796.4596 	DATA 	Keypress: 5
796.4596 	DATA 	TR 511 | TR1 256 | TR2 255
798.0094 	DATA 	Keypress: 5
798.0095 	DATA 	TR 512 | TR1 256 | TR2 256
798.7426 	DATA 	
798.7426 	DATA 	Trial complete
798.7427 	DATA 	
799.5926 	DATA 	Keypress: 5
799.5927 	DATA 	TR 513 | TR1 257 | TR2 256
801.1425 	DATA 	Keypress: 5
801.1425 	DATA 	TR 514 | TR1 257 | TR2 257
802.7090 	DATA 	Keypress: 5
802.7090 	DATA 	TR 515 | TR1 258 | TR2 257
804.2589 	DATA 	Keypress: 5
804.2589 	DATA 	TR 516 | TR1 258 | TR2 258
805.8420 	DATA 	Keypress: 5
805.8421 	DATA 	TR 517 | TR1 259 | TR2 258
807.3919 	DATA 	Keypress: 5
807.3920 	DATA 	TR 518 | TR1 259 | TR2 259
808.9584 	DATA 	Keypress: 5
808.9584 	DATA 	TR 519 | TR1 260 | TR2 259
810.5083 	DATA 	Keypress: 5
810.5083 	DATA 	TR 520 | TR1 260 | TR2 260
812.0748 	DATA 	Keypress: 5
812.0748 	DATA 	TR 521 | TR1 261 | TR2 260
813.6247 	DATA 	Keypress: 5
813.6247 	DATA 	TR 522 | TR1 261 | TR2 261
815.2078 	DATA 	Keypress: 5
815.2079 	DATA 	TR 523 | TR1 262 | TR2 261
816.7577 	DATA 	Keypress: 5
816.7578 	DATA 	TR 524 | TR1 262 | TR2 262
818.3243 	DATA 	Keypress: 5
818.3244 	DATA 	TR 525 | TR1 263 | TR2 262
819.8741 	DATA 	Keypress: 5
819.8741 	DATA 	TR 526 | TR1 263 | TR2 263
821.4572 	DATA 	Keypress: 5
821.4573 	DATA 	TR 527 | TR1 264 | TR2 263
823.0071 	DATA 	Keypress: 5
823.0072 	DATA 	TR 528 | TR1 264 | TR2 264
824.5736 	DATA 	Keypress: 5
824.5737 	DATA 	TR 529 | TR1 265 | TR2 264
825.1902 	DATA 	EndOfRun sub-09_ses-01_run-01

825.1902 	DATA 	We spent 54.627238750457764 seconds waiting for triggers
825.1902 	DATA 	RatioOfDetectedTargets 0.9166666666666666
825.1902 	DATA 	You have detected 11 out of 12 targets.
830.0125 	DATA 	Keypress: 5
830.0127 	DATA 	Keypress: 5
830.0129 	DATA 	Keypress: 5
830.2199 	EXP 	window1: mouseVisible = True
