MonitorDistance=99cm
MonitorWidth=30cm
PixelWidth=1024.0
PixelHeight=768.0
You have detected 12 out of 12 targets.
Excellent! Keep up the good work
19.2033 	INFO 	Loaded monitor calibration from ['2021_05_26 17:55']
19.6779 	EXP 	Created window1 = Window(allowGUI=False, allowStencil=False, autoLog=True, backendConf=UNKNOWN, bitsMode=UNKNOWN, blendMode='avg', bpc=(8, 8, 8), color=array([-0.5, -0.5, -0.5]), colorSpace='rgb', depthBits=8, fullscr=<method-wrapper '__getattribute__' of attributeSetter object at 0x7f22caf1e390>, gamma=None, gammaErrorPolicy='raise', lms=UNKNOWN, monitor=<psychopy.monitors.calibTools.Monitor object at 0x7f22c0d3f048>, multiSample=False, name='window1', numSamples=2, pos=[0.0, 0.0], screen=0, size=array([1024,  768]), stencilBits=0, stereo=False, units='deg', useFBO=False, useRetina=False, viewOri=0.0, viewPos=None, viewScale=None, waitBlanking=True, winType='pyglet')
19.6779 	EXP 	window1: mouseVisible = True
19.7470 	EXP 	Created unnamed TextStim = TextStim(__class__=<class 'psychopy.visual.text.TextStim'>, alignHoriz=method-wrapper(...), alignText='center', alignVert=method-wrapper(...), anchorHoriz='center', anchorVert='center', antialias=True, autoLog=True, bold=False, color=array([1., 1., 1.]), colorSpace='rgb', contrast=1.0, depth=0, flipHoriz=False, flipVert=False, font='', fontFiles=[], height=0.5, italic=False, languageStyle='LTR', name='unnamed TextStim', opacity=1.0, ori=0.0, pos=array([0., 0.]), rgb=UNKNOWN, text=str(...), units='deg', win=Window(...), wrapWidth=15.0)
19.7865 	EXP 	Created Movie Frame 0 = ImageStim(__class__=<class 'psychopy.visual.image.ImageStim'>, autoLog=True, color=array([0.8, 0.8, 0.8]), colorSpace='rgb', contrast=0.8, depth=0, flipHoriz=False, flipVert=False, image='visual_0.png', interpolate=False, mask=None, maskParams=None, name='Movie Frame 0', opacity=1, ori=0.0, pos=array([0., 0.]), size=array([1024,  768]), texRes=128, units='pix', win=Window(...))
19.8098 	EXP 	Created Movie Frame 1 = ImageStim(__class__=<class 'psychopy.visual.image.ImageStim'>, autoLog=True, color=array([0.8, 0.8, 0.8]), colorSpace='rgb', contrast=0.8, depth=0, flipHoriz=False, flipVert=False, image='visual_1.png', interpolate=False, mask=None, maskParams=None, name='Movie Frame 1', opacity=1, ori=0.0, pos=array([0., 0.]), size=array([1024,  768]), texRes=128, units='pix', win=Window(...))
36.5636 	DATA 	Keypress: 5
0.0000 	DATA 	StartOfRun sub-06_ses-03_run-06
0.0000 	DATA 	TR 1 | TR1 1 | TR2 0
0.0113 	DATA 	Initial baseline

1.5498 	DATA 	Keypress: 5
1.5498 	DATA 	TR 2 | TR1 1 | TR2 1
3.1219 	DATA 	Keypress: 5
3.1220 	DATA 	TR 3 | TR1 2 | TR2 1
4.6731 	DATA 	Keypress: 5
4.6732 	DATA 	TR 4 | TR1 2 | TR2 2
6.2443 	DATA 	Keypress: 5
6.2444 	DATA 	TR 5 | TR1 3 | TR2 2
7.7967 	DATA 	Keypress: 5
7.7967 	DATA 	TR 6 | TR1 3 | TR2 3
9.3677 	DATA 	Keypress: 5
9.3678 	DATA 	TR 7 | TR1 4 | TR2 3
10.9199 	DATA 	Keypress: 5
10.9199 	DATA 	TR 8 | TR1 4 | TR2 4
12.4912 	DATA 	Keypress: 5
12.4912 	DATA 	TR 9 | TR1 5 | TR2 4
14.0433 	DATA 	Keypress: 5
14.0433 	DATA 	TR 10 | TR1 5 | TR2 5
15.6145 	DATA 	Keypress: 5
15.6145 	DATA 	TR 11 | TR1 6 | TR2 5
17.1667 	DATA 	Keypress: 5
17.1667 	DATA 	TR 12 | TR1 6 | TR2 6
18.7379 	DATA 	Keypress: 5
18.7379 	DATA 	TR 13 | TR1 7 | TR2 6
20.2901 	DATA 	Keypress: 5
20.2901 	DATA 	TR 14 | TR1 7 | TR2 7
21.8613 	DATA 	Keypress: 5
21.8613 	DATA 	TR 15 | TR1 8 | TR2 7
23.4134 	DATA 	Keypress: 5
23.4135 	DATA 	TR 16 | TR1 8 | TR2 8
24.9846 	DATA 	Keypress: 5
24.9847 	DATA 	TR 17 | TR1 9 | TR2 8
26.5368 	DATA 	Keypress: 5
26.5369 	DATA 	TR 18 | TR1 9 | TR2 9
28.1080 	DATA 	Keypress: 5
28.1081 	DATA 	TR 19 | TR1 10 | TR2 9
29.6602 	DATA 	Keypress: 5
29.6603 	DATA 	TR 20 | TR1 10 | TR2 10
31.2433 	DATA 	Keypress: 5
31.2434 	DATA 	Waited 1.2434039115905762 seconds for trigger
31.2449 	DATA 	
31.2449 	DATA 	Trial 1
31.2449 	DATA 	stimDur = 2.0
31.2449 	DATA 	jitter = 1.5705
31.2449 	DATA 	restDur = 22.0

31.2449 	DATA 	
31.2449 	DATA 	TR 21 | TR1 11 | TR2 10
32.7932 	DATA 	Keypress: 5
32.7933 	DATA 	TR 22 | TR1 11 | TR2 11
32.8265 	DATA 	
32.8265 	DATA 	stimulation started
32.8265 	DATA 	
34.3598 	DATA 	Keypress: 5
34.3599 	DATA 	TR 23 | TR1 12 | TR2 11
34.8264 	DATA 	
34.8264 	DATA 	stimulation stopped
34.8264 	DATA 	
35.9096 	DATA 	Keypress: 5
35.9096 	DATA 	TR 24 | TR1 12 | TR2 12
37.4928 	DATA 	Keypress: 5
37.4928 	DATA 	TR 25 | TR1 13 | TR2 12
39.0427 	DATA 	Keypress: 5
39.0427 	DATA 	TR 26 | TR1 13 | TR2 13
40.6091 	DATA 	Keypress: 5
40.6092 	DATA 	TR 27 | TR1 14 | TR2 13
42.1591 	DATA 	Keypress: 5
42.1591 	DATA 	TR 28 | TR1 14 | TR2 14
43.7255 	DATA 	Keypress: 5
43.7255 	DATA 	TR 29 | TR1 15 | TR2 14
45.2921 	DATA 	Keypress: 5
45.2922 	DATA 	TR 30 | TR1 15 | TR2 15
46.8586 	DATA 	Keypress: 5
46.8586 	DATA 	TR 31 | TR1 16 | TR2 15
48.4085 	DATA 	Keypress: 5
48.4086 	DATA 	TR 32 | TR1 16 | TR2 16
49.9750 	DATA 	Keypress: 5
49.9750 	DATA 	TR 33 | TR1 17 | TR2 16
51.5249 	DATA 	Keypress: 5
51.5249 	DATA 	TR 34 | TR1 17 | TR2 17
53.1080 	DATA 	Keypress: 5
53.1081 	DATA 	TR 35 | TR1 18 | TR2 17
54.6579 	DATA 	Keypress: 5
54.6580 	DATA 	TR 36 | TR1 18 | TR2 18
56.2244 	DATA 	Keypress: 5
56.2245 	DATA 	TR 37 | TR1 19 | TR2 18
56.8243 	DATA 	
56.8243 	DATA 	Trial complete
56.8243 	DATA 	Waiting for VASO trigger to start next trial
56.8243 	DATA 	
57.7743 	DATA 	Keypress: 5
57.7743 	DATA 	TR 38 | TR1 19 | TR2 19
59.3575 	DATA 	Keypress: 5
59.3575 	DATA 	Waited 2.5331871509552 seconds for trigger
59.3584 	DATA 	
59.3584 	DATA 	Trial 2
59.3584 	DATA 	stimDur = 4.0
59.3584 	DATA 	jitter = 0.78525
59.3584 	DATA 	restDur = 24.0

59.3584 	DATA 	
59.3584 	DATA 	TR 39 | TR1 20 | TR2 19
60.1574 	DATA 	
60.1574 	DATA 	stimulation started
60.1574 	DATA 	
60.9074 	DATA 	Keypress: 5
60.9074 	DATA 	TR 40 | TR1 20 | TR2 20
62.4740 	DATA 	Keypress: 5
62.4740 	DATA 	TR 41 | TR1 21 | TR2 20
64.0238 	DATA 	Keypress: 5
64.0238 	DATA 	TR 42 | TR1 21 | TR2 21
64.1570 	DATA 	
64.1571 	DATA 	stimulation stopped
64.1571 	DATA 	
65.5903 	DATA 	Keypress: 5
65.5903 	DATA 	TR 43 | TR1 22 | TR2 21
67.1401 	DATA 	Keypress: 5
67.1402 	DATA 	TR 44 | TR1 22 | TR2 22
68.7233 	DATA 	Keypress: 5
68.7234 	DATA 	TR 45 | TR1 23 | TR2 22
70.2731 	DATA 	Keypress: 5
70.2732 	DATA 	TR 46 | TR1 23 | TR2 23
71.8397 	DATA 	Keypress: 5
71.8398 	DATA 	TR 47 | TR1 24 | TR2 23
73.3895 	DATA 	Keypress: 5
73.3896 	DATA 	TR 48 | TR1 24 | TR2 24
74.9728 	DATA 	Keypress: 5
74.9728 	DATA 	TR 49 | TR1 25 | TR2 24
76.5226 	DATA 	Keypress: 5
76.5226 	DATA 	TR 50 | TR1 25 | TR2 25
78.0893 	DATA 	Keypress: 5
78.0893 	DATA 	TR 51 | TR1 26 | TR2 25
79.6390 	DATA 	Keypress: 5
79.6390 	DATA 	TR 52 | TR1 26 | TR2 26
81.2062 	DATA 	Keypress: 5
81.2221 	DATA 	TR 53 | TR1 27 | TR2 26
82.7720 	DATA 	Keypress: 5
82.7721 	DATA 	TR 54 | TR1 27 | TR2 27
84.3386 	DATA 	Keypress: 5
84.3386 	DATA 	TR 55 | TR1 28 | TR2 27
85.8884 	DATA 	Keypress: 5
85.8885 	DATA 	TR 56 | TR1 28 | TR2 28
87.4550 	DATA 	Keypress: 5
87.4550 	DATA 	TR 57 | TR1 29 | TR2 28
88.1549 	DATA 	
88.1549 	DATA 	Trial complete
88.1549 	DATA 	Waiting for VASO trigger to start next trial
88.1549 	DATA 	
89.0048 	DATA 	Keypress: 5
89.0049 	DATA 	TR 58 | TR1 29 | TR2 29
90.5880 	DATA 	Keypress: 5
90.5881 	DATA 	Waited 2.4331748485565186 seconds for trigger
90.5889 	DATA 	
90.5889 	DATA 	Trial 3
90.5889 	DATA 	stimDur = 24.0
90.5889 	DATA 	jitter = 2.35575
90.5889 	DATA 	restDur = 40.0

90.5889 	DATA 	
90.5889 	DATA 	TR 59 | TR1 30 | TR2 29
92.1379 	DATA 	Keypress: 5
92.1379 	DATA 	TR 60 | TR1 30 | TR2 30
92.9544 	DATA 	
92.9544 	DATA 	stimulation started
92.9544 	DATA 	
93.7045 	DATA 	Keypress: 5
93.7045 	DATA 	TR 61 | TR1 31 | TR2 30
95.2543 	DATA 	Keypress: 5
95.2543 	DATA 	TR 62 | TR1 31 | TR2 31
96.5875 	DATA 	Target presented
96.8375 	DATA 	Keypress: 5
96.8376 	DATA 	TR 63 | TR1 32 | TR2 31
96.9882 	DATA 	Keypress: 1
97.0041 	DATA 	Key1 pressed
97.0041 	DATA 	Target detected
98.3873 	DATA 	Keypress: 5
98.3874 	DATA 	TR 64 | TR1 32 | TR2 32
99.9539 	DATA 	Keypress: 5
99.9540 	DATA 	TR 65 | TR1 33 | TR2 32
101.5037 	DATA 	Keypress: 5
101.5038 	DATA 	TR 66 | TR1 33 | TR2 33
103.0703 	DATA 	Keypress: 5
103.0704 	DATA 	TR 67 | TR1 34 | TR2 33
104.6209 	DATA 	Keypress: 5
104.6368 	DATA 	TR 68 | TR1 34 | TR2 34
106.2034 	DATA 	Keypress: 5
106.2034 	DATA 	TR 69 | TR1 35 | TR2 34
107.7532 	DATA 	Keypress: 5
107.7532 	DATA 	TR 70 | TR1 35 | TR2 35
109.3197 	DATA 	Keypress: 5
109.3198 	DATA 	TR 71 | TR1 36 | TR2 35
110.8696 	DATA 	Keypress: 5
110.8696 	DATA 	TR 72 | TR1 36 | TR2 36
112.4528 	DATA 	Keypress: 5
112.4528 	DATA 	TR 73 | TR1 37 | TR2 36
114.0026 	DATA 	Keypress: 5
114.0027 	DATA 	TR 74 | TR1 37 | TR2 37
115.5692 	DATA 	Keypress: 5
115.5692 	DATA 	TR 75 | TR1 38 | TR2 37
116.9523 	DATA 	
116.9523 	DATA 	stimulation stopped
116.9523 	DATA 	
117.1189 	DATA 	Keypress: 5
117.1190 	DATA 	TR 76 | TR1 38 | TR2 38
118.7022 	DATA 	Keypress: 5
118.7022 	DATA 	TR 77 | TR1 39 | TR2 38
120.2520 	DATA 	Keypress: 5
120.2520 	DATA 	TR 78 | TR1 39 | TR2 39
121.8185 	DATA 	Keypress: 5
121.8186 	DATA 	TR 79 | TR1 40 | TR2 39
123.3684 	DATA 	Keypress: 5
123.3684 	DATA 	TR 80 | TR1 40 | TR2 40
124.9349 	DATA 	Keypress: 5
124.9350 	DATA 	TR 81 | TR1 41 | TR2 40
126.4848 	DATA 	Keypress: 5
126.4848 	DATA 	TR 82 | TR1 41 | TR2 41
128.0680 	DATA 	Keypress: 5
128.0680 	DATA 	TR 83 | TR1 42 | TR2 41
129.6178 	DATA 	Keypress: 5
129.6179 	DATA 	TR 84 | TR1 42 | TR2 42
131.1844 	DATA 	Keypress: 5
131.1844 	DATA 	TR 85 | TR1 43 | TR2 42
132.7342 	DATA 	Keypress: 5
132.7343 	DATA 	TR 86 | TR1 43 | TR2 43
134.3174 	DATA 	Keypress: 5
134.3174 	DATA 	TR 87 | TR1 44 | TR2 43
135.8673 	DATA 	Keypress: 5
135.8673 	DATA 	TR 88 | TR1 44 | TR2 44
137.4338 	DATA 	Keypress: 5
137.4339 	DATA 	TR 89 | TR1 45 | TR2 44
138.9837 	DATA 	Keypress: 5
138.9837 	DATA 	TR 90 | TR1 45 | TR2 45
140.5502 	DATA 	Keypress: 5
140.5502 	DATA 	TR 91 | TR1 46 | TR2 45
142.1167 	DATA 	Keypress: 5
142.1168 	DATA 	TR 92 | TR1 46 | TR2 46
143.6833 	DATA 	Keypress: 5
143.6833 	DATA 	TR 93 | TR1 47 | TR2 46
145.2333 	DATA 	Keypress: 5
145.2334 	DATA 	TR 94 | TR1 47 | TR2 47
146.7996 	DATA 	Keypress: 5
146.7997 	DATA 	TR 95 | TR1 48 | TR2 47
148.3496 	DATA 	Keypress: 5
148.3496 	DATA 	TR 96 | TR1 48 | TR2 48
149.9327 	DATA 	Keypress: 5
149.9327 	DATA 	TR 97 | TR1 49 | TR2 48
151.4825 	DATA 	Keypress: 5
151.4826 	DATA 	TR 98 | TR1 49 | TR2 49
153.0492 	DATA 	Keypress: 5
153.0493 	DATA 	TR 99 | TR1 50 | TR2 49
154.5989 	DATA 	Keypress: 5
154.5989 	DATA 	TR 100 | TR1 50 | TR2 50
156.1661 	DATA 	Keypress: 5
156.1821 	DATA 	TR 101 | TR1 51 | TR2 50
156.9487 	DATA 	
156.9487 	DATA 	Trial complete
156.9487 	DATA 	Waiting for VASO trigger to start next trial
156.9487 	DATA 	
157.7320 	DATA 	Keypress: 5
157.7320 	DATA 	TR 102 | TR1 51 | TR2 51
159.2985 	DATA 	Keypress: 5
159.2986 	DATA 	Waited 2.3498690128326416 seconds for trigger
159.2994 	DATA 	
159.2994 	DATA 	Trial 4
159.2994 	DATA 	stimDur = 4.0
159.2994 	DATA 	jitter = 2.35575
159.2994 	DATA 	restDur = 24.0

159.2994 	DATA 	
159.2994 	DATA 	TR 103 | TR1 52 | TR2 51
160.8483 	DATA 	Keypress: 5
160.8484 	DATA 	TR 104 | TR1 52 | TR2 52
161.6649 	DATA 	
161.6649 	DATA 	stimulation started
161.6649 	DATA 	
162.4150 	DATA 	Keypress: 5
162.4150 	DATA 	TR 105 | TR1 53 | TR2 52
163.9648 	DATA 	Keypress: 5
163.9649 	DATA 	TR 106 | TR1 53 | TR2 53
165.5480 	DATA 	Keypress: 5
165.5481 	DATA 	TR 107 | TR1 54 | TR2 53
165.6647 	DATA 	
165.6647 	DATA 	stimulation stopped
165.6647 	DATA 	
167.0978 	DATA 	Keypress: 5
167.0978 	DATA 	TR 108 | TR1 54 | TR2 54
168.6643 	DATA 	Keypress: 5
168.6644 	DATA 	TR 109 | TR1 55 | TR2 54
169.0976 	DATA 	Target presented
169.5475 	DATA 	Keypress: 1
169.5476 	DATA 	Key1 pressed
169.5476 	DATA 	Target detected
170.2141 	DATA 	Keypress: 5
170.2142 	DATA 	TR 110 | TR1 55 | TR2 55
171.7974 	DATA 	Keypress: 5
171.7974 	DATA 	TR 111 | TR1 56 | TR2 55
173.3472 	DATA 	Keypress: 5
173.3473 	DATA 	TR 112 | TR1 56 | TR2 56
174.9138 	DATA 	Keypress: 5
174.9138 	DATA 	TR 113 | TR1 57 | TR2 56
176.4636 	DATA 	Keypress: 5
176.4636 	DATA 	TR 114 | TR1 57 | TR2 57
178.0302 	DATA 	Keypress: 5
178.0302 	DATA 	TR 115 | TR1 58 | TR2 57
179.5967 	DATA 	Keypress: 5
179.5968 	DATA 	TR 116 | TR1 58 | TR2 58
181.1632 	DATA 	Keypress: 5
181.1633 	DATA 	TR 117 | TR1 59 | TR2 58
182.7132 	DATA 	Keypress: 5
182.7132 	DATA 	TR 118 | TR1 59 | TR2 59
184.2796 	DATA 	Keypress: 5
184.2796 	DATA 	TR 119 | TR1 60 | TR2 59
185.8294 	DATA 	Keypress: 5
185.8295 	DATA 	TR 120 | TR1 60 | TR2 60
187.4127 	DATA 	Keypress: 5
187.4128 	DATA 	TR 121 | TR1 61 | TR2 60
188.9625 	DATA 	Keypress: 5
188.9625 	DATA 	TR 122 | TR1 61 | TR2 61
189.6624 	DATA 	
189.6624 	DATA 	Trial complete
189.6624 	DATA 	Waiting for VASO trigger to start next trial
189.6624 	DATA 	
190.5290 	DATA 	Keypress: 5
190.5290 	DATA 	Waited 0.8666369915008545 seconds for trigger
190.5298 	DATA 	
190.5298 	DATA 	Trial 5
190.5298 	DATA 	stimDur = 1.0
190.5298 	DATA 	jitter = 1.5705
190.5298 	DATA 	restDur = 20.0

190.5298 	DATA 	
190.5298 	DATA 	TR 123 | TR1 62 | TR2 61
192.0789 	DATA 	Keypress: 5
192.0789 	DATA 	TR 124 | TR1 62 | TR2 62
192.1121 	DATA 	
192.1122 	DATA 	stimulation started
192.1122 	DATA 	
193.1121 	DATA 	
193.1122 	DATA 	stimulation stopped
193.1122 	DATA 	
193.6621 	DATA 	Keypress: 5
193.6621 	DATA 	TR 125 | TR1 63 | TR2 62
195.2119 	DATA 	Keypress: 5
195.2120 	DATA 	TR 126 | TR1 63 | TR2 63
196.7785 	DATA 	Keypress: 5
196.7785 	DATA 	TR 127 | TR1 64 | TR2 63
198.3283 	DATA 	Keypress: 5
198.3283 	DATA 	TR 128 | TR1 64 | TR2 64
199.8949 	DATA 	Keypress: 5
199.8949 	DATA 	TR 129 | TR1 65 | TR2 64
201.4447 	DATA 	Keypress: 5
201.4448 	DATA 	TR 130 | TR1 65 | TR2 65
203.0279 	DATA 	Keypress: 5
203.0279 	DATA 	TR 131 | TR1 66 | TR2 65
204.5777 	DATA 	Keypress: 5
204.5778 	DATA 	TR 132 | TR1 66 | TR2 66
206.1443 	DATA 	Keypress: 5
206.1444 	DATA 	TR 133 | TR1 67 | TR2 66
207.6937 	DATA 	Keypress: 5
207.6938 	DATA 	TR 134 | TR1 67 | TR2 67
209.2773 	DATA 	Keypress: 5
209.2774 	DATA 	TR 135 | TR1 68 | TR2 67
210.8272 	DATA 	Keypress: 5
210.8272 	DATA 	TR 136 | TR1 68 | TR2 68
212.3937 	DATA 	Keypress: 5
212.3938 	DATA 	TR 137 | TR1 69 | TR2 68
213.1103 	DATA 	
213.1103 	DATA 	Trial complete
213.1103 	DATA 	Waiting for VASO trigger to start next trial
213.1103 	DATA 	
213.9436 	DATA 	Keypress: 5
213.9436 	DATA 	TR 138 | TR1 69 | TR2 69
215.5107 	DATA 	Keypress: 5
215.5267 	DATA 	Waited 2.416421890258789 seconds for trigger
215.5275 	DATA 	
215.5275 	DATA 	Trial 6
215.5275 	DATA 	stimDur = 1.0
215.5275 	DATA 	jitter = 0.78525
215.5275 	DATA 	restDur = 20.0

215.5275 	DATA 	
215.5275 	DATA 	TR 139 | TR1 70 | TR2 69
216.3266 	DATA 	
216.3266 	DATA 	stimulation started
216.3266 	DATA 	
217.0767 	DATA 	Keypress: 5
217.0767 	DATA 	TR 140 | TR1 70 | TR2 70
217.3267 	DATA 	
217.3267 	DATA 	stimulation stopped
217.3267 	DATA 	
218.6432 	DATA 	Keypress: 5
218.6432 	DATA 	TR 141 | TR1 71 | TR2 70
220.1930 	DATA 	Keypress: 5
220.1930 	DATA 	TR 142 | TR1 71 | TR2 71
221.7595 	DATA 	Keypress: 5
221.7596 	DATA 	TR 143 | TR1 72 | TR2 71
223.3093 	DATA 	Keypress: 5
223.3094 	DATA 	TR 144 | TR1 72 | TR2 72
224.8926 	DATA 	Keypress: 5
224.8927 	DATA 	TR 145 | TR1 73 | TR2 72
226.4424 	DATA 	Keypress: 5
226.4425 	DATA 	TR 146 | TR1 73 | TR2 73
228.0090 	DATA 	Keypress: 5
228.0090 	DATA 	TR 147 | TR1 74 | TR2 73
229.5588 	DATA 	Keypress: 5
229.5589 	DATA 	TR 148 | TR1 74 | TR2 74
231.1420 	DATA 	Keypress: 5
231.1421 	DATA 	TR 149 | TR1 75 | TR2 74
232.6918 	DATA 	Keypress: 5
232.6919 	DATA 	TR 150 | TR1 75 | TR2 75
233.8584 	DATA 	Target presented
234.2584 	DATA 	Keypress: 5
234.2585 	DATA 	TR 151 | TR1 76 | TR2 75
234.3417 	DATA 	Keypress: 1
234.3418 	DATA 	Key1 pressed
234.3418 	DATA 	Target detected
235.8082 	DATA 	Keypress: 5
235.8083 	DATA 	TR 152 | TR1 76 | TR2 76
237.3248 	DATA 	
237.3248 	DATA 	Trial complete
237.3248 	DATA 	Waiting for VASO trigger to start next trial
237.3248 	DATA 	
237.3748 	DATA 	Keypress: 5
237.3748 	DATA 	Waited 0.050028085708618164 seconds for trigger
237.3756 	DATA 	
237.3756 	DATA 	Trial 7
237.3756 	DATA 	stimDur = 2.0
237.3756 	DATA 	jitter = 0.78525
237.3756 	DATA 	restDur = 22.0

237.3756 	DATA 	
237.3756 	DATA 	TR 153 | TR1 77 | TR2 76
238.1746 	DATA 	
238.1746 	DATA 	stimulation started
238.1747 	DATA 	
238.9254 	DATA 	Keypress: 5
238.9413 	DATA 	TR 154 | TR1 77 | TR2 77
240.1745 	DATA 	
240.1745 	DATA 	stimulation stopped
240.1745 	DATA 	
240.5078 	DATA 	Keypress: 5
240.5079 	DATA 	TR 155 | TR1 78 | TR2 77
242.0577 	DATA 	Keypress: 5
242.0577 	DATA 	TR 156 | TR1 78 | TR2 78
243.6242 	DATA 	Keypress: 5
243.6243 	DATA 	TR 157 | TR1 79 | TR2 78
245.1740 	DATA 	Keypress: 5
245.1741 	DATA 	TR 158 | TR1 79 | TR2 79
246.7573 	DATA 	Keypress: 5
246.7573 	DATA 	TR 159 | TR1 80 | TR2 79
248.3071 	DATA 	Keypress: 5
248.3072 	DATA 	TR 160 | TR1 80 | TR2 80
249.8737 	DATA 	Keypress: 5
249.8737 	DATA 	TR 161 | TR1 81 | TR2 80
251.4235 	DATA 	Keypress: 5
251.4235 	DATA 	TR 162 | TR1 81 | TR2 81
252.9901 	DATA 	Keypress: 5
252.9901 	DATA 	TR 163 | TR1 82 | TR2 81
254.5566 	DATA 	Keypress: 5
254.5566 	DATA 	TR 164 | TR1 82 | TR2 82
256.1231 	DATA 	Keypress: 5
256.1231 	DATA 	TR 165 | TR1 83 | TR2 82
257.6729 	DATA 	Keypress: 5
257.6730 	DATA 	TR 166 | TR1 83 | TR2 83
259.2395 	DATA 	Keypress: 5
259.2395 	DATA 	TR 167 | TR1 84 | TR2 83
260.7894 	DATA 	Keypress: 5
260.7894 	DATA 	TR 168 | TR1 84 | TR2 84
262.1725 	DATA 	
262.1725 	DATA 	Trial complete
262.1725 	DATA 	Waiting for VASO trigger to start next trial
262.1725 	DATA 	
262.3725 	DATA 	Keypress: 5
262.3726 	DATA 	Waited 0.20009207725524902 seconds for trigger
262.3733 	DATA 	
262.3733 	DATA 	Trial 8
262.3734 	DATA 	stimDur = 24.0
262.3734 	DATA 	jitter = 1.5705
262.3734 	DATA 	restDur = 40.0

262.3734 	DATA 	
262.3734 	DATA 	TR 169 | TR1 85 | TR2 84
263.9224 	DATA 	Keypress: 5
263.9224 	DATA 	TR 170 | TR1 85 | TR2 85
263.9557 	DATA 	
263.9557 	DATA 	stimulation started
263.9557 	DATA 	
265.4890 	DATA 	Keypress: 5
265.4890 	DATA 	TR 171 | TR1 86 | TR2 85
267.0388 	DATA 	Keypress: 5
267.0389 	DATA 	TR 172 | TR1 86 | TR2 86
268.6220 	DATA 	Keypress: 5
268.6221 	DATA 	TR 173 | TR1 87 | TR2 86
270.1719 	DATA 	Keypress: 5
270.1720 	DATA 	TR 174 | TR1 87 | TR2 87
271.7384 	DATA 	Keypress: 5
271.7384 	DATA 	TR 175 | TR1 88 | TR2 87
273.2883 	DATA 	Keypress: 5
273.2884 	DATA 	TR 176 | TR1 88 | TR2 88
274.8548 	DATA 	Keypress: 5
274.8548 	DATA 	TR 177 | TR1 89 | TR2 88
276.4214 	DATA 	Keypress: 5
276.4215 	DATA 	TR 178 | TR1 89 | TR2 89
277.9878 	DATA 	Keypress: 5
277.9879 	DATA 	TR 179 | TR1 90 | TR2 89
279.5377 	DATA 	Keypress: 5
279.5378 	DATA 	TR 180 | TR1 90 | TR2 90
281.1042 	DATA 	Keypress: 5
281.1042 	DATA 	TR 181 | TR1 91 | TR2 90
282.6541 	DATA 	Keypress: 5
282.6542 	DATA 	TR 182 | TR1 91 | TR2 91
284.2373 	DATA 	Keypress: 5
284.2373 	DATA 	TR 183 | TR1 92 | TR2 91
285.7872 	DATA 	Keypress: 5
285.7873 	DATA 	TR 184 | TR1 92 | TR2 92
287.3536 	DATA 	Keypress: 5
287.3537 	DATA 	TR 185 | TR1 93 | TR2 92
287.9536 	DATA 	
287.9536 	DATA 	stimulation stopped
287.9536 	DATA 	
288.9035 	DATA 	Keypress: 5
288.9035 	DATA 	TR 186 | TR1 93 | TR2 93
290.2201 	DATA 	Target presented
290.4706 	DATA 	Keypress: 5
290.4866 	DATA 	TR 187 | TR1 94 | TR2 93
290.6699 	DATA 	Keypress: 1
290.6700 	DATA 	Key1 pressed
290.6700 	DATA 	Target detected
292.0365 	DATA 	Keypress: 5
292.0366 	DATA 	TR 188 | TR1 94 | TR2 94
293.6030 	DATA 	Keypress: 5
293.6031 	DATA 	TR 189 | TR1 95 | TR2 94
295.1529 	DATA 	Keypress: 5
295.1530 	DATA 	TR 190 | TR1 95 | TR2 95
296.7194 	DATA 	Keypress: 5
296.7195 	DATA 	TR 191 | TR1 96 | TR2 95
298.2693 	DATA 	Keypress: 5
298.2694 	DATA 	TR 192 | TR1 96 | TR2 96
299.8525 	DATA 	Keypress: 5
299.8525 	DATA 	TR 193 | TR1 97 | TR2 96
301.4025 	DATA 	Keypress: 5
301.4026 	DATA 	TR 194 | TR1 97 | TR2 97
302.9689 	DATA 	Keypress: 5
302.9689 	DATA 	TR 195 | TR1 98 | TR2 97
304.5187 	DATA 	Keypress: 5
304.5188 	DATA 	TR 196 | TR1 98 | TR2 98
306.1019 	DATA 	Keypress: 5
306.1019 	DATA 	TR 197 | TR1 99 | TR2 98
307.6518 	DATA 	Keypress: 5
307.6519 	DATA 	TR 198 | TR1 99 | TR2 99
309.2183 	DATA 	Keypress: 5
309.2183 	DATA 	TR 199 | TR1 100 | TR2 99
310.7682 	DATA 	Keypress: 5
310.7682 	DATA 	TR 200 | TR1 100 | TR2 100
312.3348 	DATA 	Keypress: 5
312.3348 	DATA 	TR 201 | TR1 101 | TR2 100
313.9014 	DATA 	Keypress: 5
313.9014 	DATA 	TR 202 | TR1 101 | TR2 101
315.4677 	DATA 	Keypress: 5
315.4678 	DATA 	TR 203 | TR1 102 | TR2 101
317.0176 	DATA 	Keypress: 5
317.0177 	DATA 	TR 204 | TR1 102 | TR2 102
318.5841 	DATA 	Keypress: 5
318.5842 	DATA 	TR 205 | TR1 103 | TR2 102
320.1340 	DATA 	Keypress: 5
320.1341 	DATA 	TR 206 | TR1 103 | TR2 103
321.7172 	DATA 	Keypress: 5
321.7172 	DATA 	TR 207 | TR1 104 | TR2 103
323.2670 	DATA 	Keypress: 5
323.2671 	DATA 	TR 208 | TR1 104 | TR2 104
324.8335 	DATA 	Keypress: 5
324.8336 	DATA 	TR 209 | TR1 105 | TR2 104
326.3834 	DATA 	Keypress: 5
326.3835 	DATA 	TR 210 | TR1 105 | TR2 105
327.9499 	DATA 	
327.9499 	DATA 	Trial complete
327.9499 	DATA 	Waiting for VASO trigger to start next trial
327.9499 	DATA 	
327.9666 	DATA 	Keypress: 5
327.9666 	DATA 	Waited 0.016691923141479492 seconds for trigger
327.9674 	DATA 	
327.9674 	DATA 	Trial 9
327.9674 	DATA 	stimDur = 12.0
327.9674 	DATA 	jitter = 0.78525
327.9674 	DATA 	restDur = 30.0

327.9674 	DATA 	
327.9674 	DATA 	TR 211 | TR1 106 | TR2 105
328.7665 	DATA 	
328.7665 	DATA 	stimulation started
328.7665 	DATA 	
329.5165 	DATA 	Keypress: 5
329.5166 	DATA 	TR 212 | TR1 106 | TR2 106
331.0830 	DATA 	Keypress: 5
331.0831 	DATA 	TR 213 | TR1 107 | TR2 106
332.6329 	DATA 	Keypress: 5
332.6330 	DATA 	TR 214 | TR1 107 | TR2 107
334.1994 	DATA 	Keypress: 5
334.1995 	DATA 	TR 215 | TR1 108 | TR2 107
335.7500 	DATA 	Keypress: 5
335.7659 	DATA 	TR 216 | TR1 108 | TR2 108
337.3325 	DATA 	Keypress: 5
337.3325 	DATA 	TR 217 | TR1 109 | TR2 108
338.8824 	DATA 	Keypress: 5
338.8824 	DATA 	TR 218 | TR1 109 | TR2 109
339.5323 	DATA 	Target presented
340.1156 	DATA 	Keypress: 1
340.1156 	DATA 	Key1 pressed
340.1156 	DATA 	Target detected
340.4489 	DATA 	Keypress: 5
340.4489 	DATA 	TR 219 | TR1 110 | TR2 109
340.7655 	DATA 	
340.7655 	DATA 	stimulation stopped
340.7655 	DATA 	
341.9987 	DATA 	Keypress: 5
341.9987 	DATA 	TR 220 | TR1 110 | TR2 110
343.5819 	DATA 	Keypress: 5
343.5819 	DATA 	TR 221 | TR1 111 | TR2 110
345.1317 	DATA 	Keypress: 5
345.1318 	DATA 	TR 222 | TR1 111 | TR2 111
346.6982 	DATA 	Keypress: 5
346.6983 	DATA 	TR 223 | TR1 112 | TR2 111
348.2481 	DATA 	Keypress: 5
348.2482 	DATA 	TR 224 | TR1 112 | TR2 112
349.8152 	DATA 	Keypress: 5
349.8312 	DATA 	TR 225 | TR1 113 | TR2 112
351.3812 	DATA 	Keypress: 5
351.3812 	DATA 	TR 226 | TR1 113 | TR2 113
352.9476 	DATA 	Keypress: 5
352.9477 	DATA 	TR 227 | TR1 114 | TR2 113
354.4976 	DATA 	Keypress: 5
354.4976 	DATA 	TR 228 | TR1 114 | TR2 114
356.0641 	DATA 	Keypress: 5
356.0641 	DATA 	TR 229 | TR1 115 | TR2 114
357.6139 	DATA 	Keypress: 5
357.6140 	DATA 	TR 230 | TR1 115 | TR2 115
359.1971 	DATA 	Keypress: 5
359.1972 	DATA 	TR 231 | TR1 116 | TR2 115
360.7470 	DATA 	Keypress: 5
360.7470 	DATA 	TR 232 | TR1 116 | TR2 116
362.3135 	DATA 	Keypress: 5
362.3136 	DATA 	TR 233 | TR1 117 | TR2 116
363.8634 	DATA 	Keypress: 5
363.8634 	DATA 	TR 234 | TR1 117 | TR2 117
365.4467 	DATA 	Keypress: 5
365.4467 	DATA 	TR 235 | TR1 118 | TR2 117
366.9964 	DATA 	Keypress: 5
366.9965 	DATA 	TR 236 | TR1 118 | TR2 118
368.5629 	DATA 	Keypress: 5
368.5630 	DATA 	TR 237 | TR1 119 | TR2 118
370.1128 	DATA 	Keypress: 5
370.1129 	DATA 	TR 238 | TR1 119 | TR2 119
370.7627 	DATA 	
370.7627 	DATA 	Trial complete
370.7627 	DATA 	Waiting for VASO trigger to start next trial
370.7627 	DATA 	
371.6793 	DATA 	Keypress: 5
371.6794 	DATA 	Waited 0.9166550636291504 seconds for trigger
371.6801 	DATA 	
371.6801 	DATA 	Trial 10
371.6801 	DATA 	stimDur = 12.0
371.6802 	DATA 	jitter = 0.0
371.6802 	DATA 	restDur = 30.0

371.6802 	DATA 	
371.6802 	DATA 	TR 239 | TR1 120 | TR2 119
371.6802 	DATA 	
371.6802 	DATA 	stimulation started
371.6802 	DATA 	
373.2300 	DATA 	Keypress: 5
373.2459 	DATA 	TR 240 | TR1 120 | TR2 120
374.8124 	DATA 	Keypress: 5
374.8125 	DATA 	TR 241 | TR1 121 | TR2 120
376.3624 	DATA 	Keypress: 5
376.3625 	DATA 	TR 242 | TR1 121 | TR2 121
377.9288 	DATA 	Keypress: 5
377.9288 	DATA 	TR 243 | TR1 122 | TR2 121
379.4787 	DATA 	Keypress: 5
379.4787 	DATA 	TR 244 | TR1 122 | TR2 122
381.0618 	DATA 	Keypress: 5
381.0619 	DATA 	TR 245 | TR1 123 | TR2 122
382.6117 	DATA 	Keypress: 5
382.6118 	DATA 	TR 246 | TR1 123 | TR2 123
383.6949 	DATA 	
383.6949 	DATA 	stimulation stopped
383.6949 	DATA 	
384.1782 	DATA 	Keypress: 5
384.1782 	DATA 	TR 247 | TR1 124 | TR2 123
385.7281 	DATA 	Keypress: 5
385.7281 	DATA 	TR 248 | TR1 124 | TR2 124
387.2952 	DATA 	Keypress: 5
387.3112 	DATA 	TR 249 | TR1 125 | TR2 124
388.8612 	DATA 	Keypress: 5
388.8612 	DATA 	TR 250 | TR1 125 | TR2 125
390.4276 	DATA 	Keypress: 5
390.4277 	DATA 	TR 251 | TR1 126 | TR2 125
391.9775 	DATA 	Keypress: 5
391.9775 	DATA 	TR 252 | TR1 126 | TR2 126
392.6274 	DATA 	Target presented
393.1774 	DATA 	Keypress: 1
393.1774 	DATA 	Key1 pressed
393.1775 	DATA 	Target detected
393.5440 	DATA 	Keypress: 5
393.5440 	DATA 	TR 253 | TR1 127 | TR2 126
395.0940 	DATA 	Keypress: 5
395.0941 	DATA 	TR 254 | TR1 127 | TR2 127
396.6771 	DATA 	Keypress: 5
396.6771 	DATA 	TR 255 | TR1 128 | TR2 127
398.2269 	DATA 	Keypress: 5
398.2270 	DATA 	TR 256 | TR1 128 | TR2 128
399.7934 	DATA 	Keypress: 5
399.7935 	DATA 	TR 257 | TR1 129 | TR2 128
401.3433 	DATA 	Keypress: 5
401.3434 	DATA 	TR 258 | TR1 129 | TR2 129
402.9265 	DATA 	Keypress: 5
402.9265 	DATA 	TR 259 | TR1 130 | TR2 129
404.4764 	DATA 	Keypress: 5
404.4764 	DATA 	TR 260 | TR1 130 | TR2 130
406.0429 	DATA 	Keypress: 5
406.0429 	DATA 	TR 261 | TR1 131 | TR2 130
407.5928 	DATA 	Keypress: 5
407.5928 	DATA 	TR 262 | TR1 131 | TR2 131
409.1593 	DATA 	Keypress: 5
409.1593 	DATA 	TR 263 | TR1 132 | TR2 131
410.7097 	DATA 	Keypress: 5
410.7257 	DATA 	TR 264 | TR1 132 | TR2 132
412.2923 	DATA 	Keypress: 5
412.2924 	DATA 	TR 265 | TR1 133 | TR2 132
413.6922 	DATA 	
413.6922 	DATA 	Trial complete
413.6922 	DATA 	Waiting for VASO trigger to start next trial
413.6922 	DATA 	
413.8422 	DATA 	Keypress: 5
413.8422 	DATA 	TR 266 | TR1 133 | TR2 133
415.4087 	DATA 	Keypress: 5
415.4087 	DATA 	Waited 1.7165608406066895 seconds for trigger
415.4095 	DATA 	
415.4095 	DATA 	Trial 11
415.4095 	DATA 	stimDur = 1.0
415.4095 	DATA 	jitter = 0.0
415.4095 	DATA 	restDur = 20.0

415.4095 	DATA 	
415.4096 	DATA 	TR 267 | TR1 134 | TR2 133
415.4096 	DATA 	
415.4096 	DATA 	stimulation started
415.4096 	DATA 	
416.4253 	DATA 	
416.4253 	DATA 	stimulation stopped
416.4253 	DATA 	
416.9586 	DATA 	Keypress: 5
416.9586 	DATA 	TR 268 | TR1 134 | TR2 134
418.5418 	DATA 	Keypress: 5
418.5418 	DATA 	TR 269 | TR1 135 | TR2 134
420.0916 	DATA 	Keypress: 5
420.0917 	DATA 	TR 270 | TR1 135 | TR2 135
421.6583 	DATA 	Keypress: 5
421.6583 	DATA 	TR 271 | TR1 136 | TR2 135
423.2080 	DATA 	Keypress: 5
423.2081 	DATA 	TR 272 | TR1 136 | TR2 136
424.7912 	DATA 	Keypress: 5
424.7912 	DATA 	TR 273 | TR1 137 | TR2 136
426.3411 	DATA 	Keypress: 5
426.3411 	DATA 	TR 274 | TR1 137 | TR2 137
427.9076 	DATA 	Keypress: 5
427.9076 	DATA 	TR 275 | TR1 138 | TR2 137
429.4574 	DATA 	Keypress: 5
429.4575 	DATA 	TR 276 | TR1 138 | TR2 138
431.0239 	DATA 	Keypress: 5
431.0240 	DATA 	TR 277 | TR1 139 | TR2 138
432.5738 	DATA 	Keypress: 5
432.5739 	DATA 	TR 278 | TR1 139 | TR2 139
434.1570 	DATA 	Keypress: 5
434.1570 	DATA 	TR 279 | TR1 140 | TR2 139
435.7069 	DATA 	Keypress: 5
435.7069 	DATA 	TR 280 | TR1 140 | TR2 140
436.4234 	DATA 	
436.4234 	DATA 	Trial complete
436.4235 	DATA 	Waiting for VASO trigger to start next trial
436.4235 	DATA 	
437.2734 	DATA 	Keypress: 5
437.2734 	DATA 	Waited 0.8499670028686523 seconds for trigger
437.2742 	DATA 	
437.2742 	DATA 	Trial 12
437.2742 	DATA 	stimDur = 2.0
437.2742 	DATA 	jitter = 2.35575
437.2742 	DATA 	restDur = 22.0

437.2742 	DATA 	
437.2742 	DATA 	TR 281 | TR1 141 | TR2 140
437.7567 	DATA 	Target presented
438.1902 	DATA 	Keypress: 1
438.1902 	DATA 	Key1 pressed
438.1902 	DATA 	Target detected
438.8232 	DATA 	Keypress: 5
438.8233 	DATA 	TR 282 | TR1 141 | TR2 141
439.6398 	DATA 	
439.6398 	DATA 	stimulation started
439.6398 	DATA 	
440.4065 	DATA 	Keypress: 5
440.4065 	DATA 	TR 283 | TR1 142 | TR2 141
441.6397 	DATA 	
441.6397 	DATA 	stimulation stopped
441.6397 	DATA 	
441.9563 	DATA 	Keypress: 5
441.9564 	DATA 	TR 284 | TR1 142 | TR2 142
443.5228 	DATA 	Keypress: 5
443.5229 	DATA 	TR 285 | TR1 143 | TR2 142
445.0727 	DATA 	Keypress: 5
445.0728 	DATA 	TR 286 | TR1 143 | TR2 143
446.6393 	DATA 	Keypress: 5
446.6394 	DATA 	TR 287 | TR1 144 | TR2 143
448.2058 	DATA 	Keypress: 5
448.2058 	DATA 	TR 288 | TR1 144 | TR2 144
449.7723 	DATA 	Keypress: 5
449.7723 	DATA 	TR 289 | TR1 145 | TR2 144
451.3223 	DATA 	Keypress: 5
451.3223 	DATA 	TR 290 | TR1 145 | TR2 145
452.8886 	DATA 	Keypress: 5
452.8887 	DATA 	TR 291 | TR1 146 | TR2 145
454.4385 	DATA 	Keypress: 5
454.4386 	DATA 	TR 292 | TR1 146 | TR2 146
456.0217 	DATA 	Keypress: 5
456.0217 	DATA 	TR 293 | TR1 147 | TR2 146
457.5716 	DATA 	Keypress: 5
457.5716 	DATA 	TR 294 | TR1 147 | TR2 147
459.1381 	DATA 	Keypress: 5
459.1381 	DATA 	TR 295 | TR1 148 | TR2 147
460.6880 	DATA 	Keypress: 5
460.6880 	DATA 	TR 296 | TR1 148 | TR2 148
462.2711 	DATA 	Keypress: 5
462.2712 	DATA 	TR 297 | TR1 149 | TR2 148
463.6376 	DATA 	
463.6377 	DATA 	Trial complete
463.6377 	DATA 	Waiting for VASO trigger to start next trial
463.6377 	DATA 	
463.8210 	DATA 	Keypress: 5
463.8211 	DATA 	TR 298 | TR1 149 | TR2 149
465.3875 	DATA 	Keypress: 5
465.3876 	DATA 	Waited 1.749885082244873 seconds for trigger
465.3883 	DATA 	
465.3884 	DATA 	Trial 13
465.3884 	DATA 	stimDur = 4.0
465.3884 	DATA 	jitter = 1.5705
465.3884 	DATA 	restDur = 24.0

465.3884 	DATA 	
465.3884 	DATA 	TR 299 | TR1 150 | TR2 149
466.9374 	DATA 	Keypress: 5
466.9375 	DATA 	TR 300 | TR1 150 | TR2 150
466.9708 	DATA 	
466.9708 	DATA 	stimulation started
466.9708 	DATA 	
468.5040 	DATA 	Keypress: 5
468.5040 	DATA 	TR 301 | TR1 151 | TR2 150
470.0546 	DATA 	Keypress: 5
470.0704 	DATA 	TR 302 | TR1 151 | TR2 151
470.9704 	DATA 	
470.9704 	DATA 	stimulation stopped
470.9704 	DATA 	
471.6371 	DATA 	Keypress: 5
471.6371 	DATA 	TR 303 | TR1 152 | TR2 151
473.1868 	DATA 	Keypress: 5
473.1869 	DATA 	TR 304 | TR1 152 | TR2 152
474.7533 	DATA 	Keypress: 5
474.7534 	DATA 	TR 305 | TR1 153 | TR2 152
476.3032 	DATA 	Keypress: 5
476.3033 	DATA 	TR 306 | TR1 153 | TR2 153
477.8864 	DATA 	Keypress: 5
477.8864 	DATA 	TR 307 | TR1 154 | TR2 153
479.4363 	DATA 	Keypress: 5
479.4363 	DATA 	TR 308 | TR1 154 | TR2 154
481.0028 	DATA 	Keypress: 5
481.0028 	DATA 	TR 309 | TR1 155 | TR2 154
482.5529 	DATA 	Keypress: 5
482.5529 	DATA 	TR 310 | TR1 155 | TR2 155
484.1192 	DATA 	Keypress: 5
484.1192 	DATA 	TR 311 | TR1 156 | TR2 155
485.6857 	DATA 	Keypress: 5
485.6858 	DATA 	TR 312 | TR1 156 | TR2 156
487.2522 	DATA 	Keypress: 5
487.2523 	DATA 	TR 313 | TR1 157 | TR2 156
488.8021 	DATA 	Keypress: 5
488.8021 	DATA 	TR 314 | TR1 157 | TR2 157
490.3686 	DATA 	Keypress: 5
490.3686 	DATA 	TR 315 | TR1 158 | TR2 157
491.9185 	DATA 	Keypress: 5
491.9185 	DATA 	TR 316 | TR1 158 | TR2 158
493.5016 	DATA 	Keypress: 5
493.5017 	DATA 	TR 317 | TR1 159 | TR2 158
494.9681 	DATA 	
494.9682 	DATA 	Trial complete
494.9682 	DATA 	Waiting for VASO trigger to start next trial
494.9682 	DATA 	
495.0515 	DATA 	Keypress: 5
495.0516 	DATA 	TR 318 | TR1 159 | TR2 159
495.7181 	DATA 	Target presented
496.2847 	DATA 	Keypress: 1
496.2848 	DATA 	Key1 pressed
496.2848 	DATA 	Target detected
496.6180 	DATA 	Keypress: 5
496.6181 	DATA 	Waited 1.649899959564209 seconds for trigger
496.6188 	DATA 	
496.6189 	DATA 	Trial 14
496.6189 	DATA 	stimDur = 24.0
496.6189 	DATA 	jitter = 0.78525
496.6189 	DATA 	restDur = 40.0

496.6189 	DATA 	
496.6189 	DATA 	TR 319 | TR1 160 | TR2 159
497.4179 	DATA 	
497.4179 	DATA 	stimulation started
497.4179 	DATA 	
498.1680 	DATA 	Keypress: 5
498.1680 	DATA 	TR 320 | TR1 160 | TR2 160
499.7511 	DATA 	Keypress: 5
499.7512 	DATA 	TR 321 | TR1 161 | TR2 160
501.3012 	DATA 	Keypress: 5
501.3012 	DATA 	TR 322 | TR1 161 | TR2 161
502.8675 	DATA 	Keypress: 5
502.8676 	DATA 	TR 323 | TR1 162 | TR2 161
504.4174 	DATA 	Keypress: 5
504.4175 	DATA 	TR 324 | TR1 162 | TR2 162
505.9840 	DATA 	Keypress: 5
505.9841 	DATA 	TR 325 | TR1 163 | TR2 162
507.5345 	DATA 	Keypress: 5
507.5504 	DATA 	TR 326 | TR1 163 | TR2 163
509.1170 	DATA 	Keypress: 5
509.1170 	DATA 	TR 327 | TR1 164 | TR2 163
510.6668 	DATA 	Keypress: 5
510.6669 	DATA 	TR 328 | TR1 164 | TR2 164
512.2333 	DATA 	Keypress: 5
512.2334 	DATA 	TR 329 | TR1 165 | TR2 164
513.7834 	DATA 	Keypress: 5
513.7835 	DATA 	TR 330 | TR1 165 | TR2 165
515.3664 	DATA 	Keypress: 5
515.3664 	DATA 	TR 331 | TR1 166 | TR2 165
516.9163 	DATA 	Keypress: 5
516.9163 	DATA 	TR 332 | TR1 166 | TR2 166
518.4828 	DATA 	Keypress: 5
518.4828 	DATA 	TR 333 | TR1 167 | TR2 166
520.0327 	DATA 	Keypress: 5
520.0327 	DATA 	TR 334 | TR1 167 | TR2 167
521.4158 	DATA 	
521.4158 	DATA 	stimulation stopped
521.4158 	DATA 	
521.5997 	DATA 	Keypress: 5
521.6158 	DATA 	TR 335 | TR1 168 | TR2 167
523.1656 	DATA 	Keypress: 5
523.1657 	DATA 	TR 336 | TR1 168 | TR2 168
524.7322 	DATA 	Keypress: 5
524.7323 	DATA 	TR 337 | TR1 169 | TR2 168
526.2821 	DATA 	Keypress: 5
526.2822 	DATA 	TR 338 | TR1 169 | TR2 169
527.8485 	DATA 	Keypress: 5
527.8487 	DATA 	TR 339 | TR1 170 | TR2 169
529.3984 	DATA 	Keypress: 5
529.3984 	DATA 	TR 340 | TR1 170 | TR2 170
530.9817 	DATA 	Keypress: 5
530.9818 	DATA 	TR 341 | TR1 171 | TR2 170
532.5314 	DATA 	Keypress: 5
532.5315 	DATA 	TR 342 | TR1 171 | TR2 171
534.0980 	DATA 	Keypress: 5
534.0981 	DATA 	TR 343 | TR1 172 | TR2 171
535.6478 	DATA 	Keypress: 5
535.6478 	DATA 	TR 344 | TR1 172 | TR2 172
537.2311 	DATA 	Keypress: 5
537.2312 	DATA 	TR 345 | TR1 173 | TR2 172
538.7809 	DATA 	Keypress: 5
538.7809 	DATA 	TR 346 | TR1 173 | TR2 173
540.3473 	DATA 	Keypress: 5
540.3474 	DATA 	TR 347 | TR1 174 | TR2 173
541.8973 	DATA 	Keypress: 5
541.8973 	DATA 	TR 348 | TR1 174 | TR2 174
543.4638 	DATA 	Keypress: 5
543.4639 	DATA 	TR 349 | TR1 175 | TR2 174
544.2137 	DATA 	Target presented
544.9137 	DATA 	Keypress: 1
544.9137 	DATA 	Key1 pressed
544.9137 	DATA 	Target detected
545.0142 	DATA 	Keypress: 5
545.0303 	DATA 	TR 350 | TR1 175 | TR2 175
546.5969 	DATA 	Keypress: 5
546.5969 	DATA 	TR 351 | TR1 176 | TR2 175
548.1467 	DATA 	Keypress: 5
548.1468 	DATA 	TR 352 | TR1 176 | TR2 176
549.7133 	DATA 	Keypress: 5
549.7133 	DATA 	TR 353 | TR1 177 | TR2 176
551.2631 	DATA 	Keypress: 5
551.2631 	DATA 	TR 354 | TR1 177 | TR2 177
552.8463 	DATA 	Keypress: 5
552.8464 	DATA 	TR 355 | TR1 178 | TR2 177
554.3961 	DATA 	Keypress: 5
554.3962 	DATA 	TR 356 | TR1 178 | TR2 178
555.9627 	DATA 	Keypress: 5
555.9627 	DATA 	TR 357 | TR1 179 | TR2 178
557.5125 	DATA 	Keypress: 5
557.5126 	DATA 	TR 358 | TR1 179 | TR2 179
559.0958 	DATA 	Keypress: 5
559.0958 	DATA 	TR 359 | TR1 180 | TR2 179
560.6456 	DATA 	Keypress: 5
560.6456 	DATA 	TR 360 | TR1 180 | TR2 180
561.4121 	DATA 	
561.4121 	DATA 	Trial complete
561.4122 	DATA 	Waiting for VASO trigger to start next trial
561.4122 	DATA 	
562.2121 	DATA 	Keypress: 5
562.2122 	DATA 	Waited 0.799997091293335 seconds for trigger
562.2129 	DATA 	
562.2130 	DATA 	Trial 15
562.2130 	DATA 	stimDur = 12.0
562.2130 	DATA 	jitter = 1.5705
562.2130 	DATA 	restDur = 30.0

562.2130 	DATA 	
562.2130 	DATA 	TR 361 | TR1 181 | TR2 180
563.7620 	DATA 	Keypress: 5
563.7620 	DATA 	TR 362 | TR1 181 | TR2 181
563.7953 	DATA 	
563.7953 	DATA 	stimulation started
563.7953 	DATA 	
565.3286 	DATA 	Keypress: 5
565.3286 	DATA 	TR 363 | TR1 182 | TR2 181
566.8784 	DATA 	Keypress: 5
566.8784 	DATA 	TR 364 | TR1 182 | TR2 182
568.4616 	DATA 	Keypress: 5
568.4617 	DATA 	TR 365 | TR1 183 | TR2 182
570.0114 	DATA 	Keypress: 5
570.0115 	DATA 	TR 366 | TR1 183 | TR2 183
571.5780 	DATA 	Keypress: 5
571.5781 	DATA 	TR 367 | TR1 184 | TR2 183
573.1278 	DATA 	Keypress: 5
573.1279 	DATA 	TR 368 | TR1 184 | TR2 184
574.7110 	DATA 	Keypress: 5
574.7111 	DATA 	TR 369 | TR1 185 | TR2 184
575.7943 	DATA 	
575.7944 	DATA 	stimulation stopped
575.7944 	DATA 	
576.2608 	DATA 	Keypress: 5
576.2609 	DATA 	TR 370 | TR1 185 | TR2 185
577.8274 	DATA 	Keypress: 5
577.8274 	DATA 	TR 371 | TR1 186 | TR2 185
579.3772 	DATA 	Keypress: 5
579.3773 	DATA 	TR 372 | TR1 186 | TR2 186
580.9438 	DATA 	Keypress: 5
580.9438 	DATA 	TR 373 | TR1 187 | TR2 186
582.5103 	DATA 	Keypress: 5
582.5103 	DATA 	TR 374 | TR1 187 | TR2 187
584.0768 	DATA 	Keypress: 5
584.0769 	DATA 	TR 375 | TR1 188 | TR2 187
585.6266 	DATA 	Keypress: 5
585.6267 	DATA 	TR 376 | TR1 188 | TR2 188
587.1932 	DATA 	Keypress: 5
587.1933 	DATA 	TR 377 | TR1 189 | TR2 188
588.7432 	DATA 	Keypress: 5
588.7432 	DATA 	TR 378 | TR1 189 | TR2 189
590.3262 	DATA 	Keypress: 5
590.3263 	DATA 	TR 379 | TR1 190 | TR2 189
591.8761 	DATA 	Keypress: 5
591.8761 	DATA 	TR 380 | TR1 190 | TR2 190
593.4426 	DATA 	Keypress: 5
593.4427 	DATA 	TR 381 | TR1 191 | TR2 190
594.9925 	DATA 	Keypress: 5
594.9925 	DATA 	TR 382 | TR1 191 | TR2 191
596.5757 	DATA 	Keypress: 5
596.5757 	DATA 	TR 383 | TR1 192 | TR2 191
598.1255 	DATA 	Keypress: 5
598.1255 	DATA 	TR 384 | TR1 192 | TR2 192
599.6921 	DATA 	Keypress: 5
599.6921 	DATA 	TR 385 | TR1 193 | TR2 192
601.2419 	DATA 	Keypress: 5
601.2419 	DATA 	TR 386 | TR1 193 | TR2 193
602.8084 	DATA 	Keypress: 5
602.8085 	DATA 	TR 387 | TR1 194 | TR2 193
604.3589 	DATA 	Keypress: 5
604.3749 	DATA 	TR 388 | TR1 194 | TR2 194
605.7915 	DATA 	
605.7915 	DATA 	Trial complete
605.7915 	DATA 	Waiting for VASO trigger to start next trial
605.7915 	DATA 	
605.9415 	DATA 	Keypress: 5
605.9415 	DATA 	Waited 0.15004396438598633 seconds for trigger
605.9423 	DATA 	
605.9423 	DATA 	Trial 16
605.9423 	DATA 	stimDur = 12.0
605.9423 	DATA 	jitter = 2.35575
605.9423 	DATA 	restDur = 30.0

605.9423 	DATA 	
605.9423 	DATA 	TR 389 | TR1 195 | TR2 194
607.4913 	DATA 	Keypress: 5
607.4914 	DATA 	TR 390 | TR1 195 | TR2 195
608.3079 	DATA 	
608.3079 	DATA 	stimulation started
608.3079 	DATA 	
609.0580 	DATA 	Keypress: 5
609.0580 	DATA 	TR 391 | TR1 196 | TR2 195
609.8745 	DATA 	Target presented
610.3078 	DATA 	Keypress: 1
610.3079 	DATA 	Key1 pressed
610.3079 	DATA 	Target detected
610.6078 	DATA 	Keypress: 5
610.6078 	DATA 	TR 392 | TR1 196 | TR2 196
612.1910 	DATA 	Keypress: 5
612.1910 	DATA 	TR 393 | TR1 197 | TR2 196
613.7408 	DATA 	Keypress: 5
613.7409 	DATA 	TR 394 | TR1 197 | TR2 197
615.3074 	DATA 	Keypress: 5
615.3075 	DATA 	TR 395 | TR1 198 | TR2 197
616.8572 	DATA 	Keypress: 5
616.8572 	DATA 	TR 396 | TR1 198 | TR2 198
618.4238 	DATA 	Keypress: 5
618.4238 	DATA 	TR 397 | TR1 199 | TR2 198
619.9903 	DATA 	Keypress: 5
619.9903 	DATA 	TR 398 | TR1 199 | TR2 199
620.3069 	DATA 	
620.3069 	DATA 	stimulation stopped
620.3069 	DATA 	
621.5568 	DATA 	Keypress: 5
621.5568 	DATA 	TR 399 | TR1 200 | TR2 199
623.1066 	DATA 	Keypress: 5
623.1066 	DATA 	TR 400 | TR1 200 | TR2 200
624.6733 	DATA 	Keypress: 5
624.6733 	DATA 	TR 401 | TR1 201 | TR2 200
626.2229 	DATA 	Keypress: 5
626.2230 	DATA 	TR 402 | TR1 201 | TR2 201
627.8062 	DATA 	Keypress: 5
627.8062 	DATA 	TR 403 | TR1 202 | TR2 201
629.3560 	DATA 	Keypress: 5
629.3561 	DATA 	TR 404 | TR1 202 | TR2 202
630.9227 	DATA 	Keypress: 5
630.9227 	DATA 	TR 405 | TR1 203 | TR2 202
632.4724 	DATA 	Keypress: 5
632.4725 	DATA 	TR 406 | TR1 203 | TR2 203
634.0556 	DATA 	Keypress: 5
634.0557 	DATA 	TR 407 | TR1 204 | TR2 203
635.6055 	DATA 	Keypress: 5
635.6055 	DATA 	TR 408 | TR1 204 | TR2 204
637.1720 	DATA 	Keypress: 5
637.1721 	DATA 	TR 409 | TR1 205 | TR2 204
638.7218 	DATA 	Keypress: 5
638.7219 	DATA 	TR 410 | TR1 205 | TR2 205
640.2884 	DATA 	Keypress: 5
640.2884 	DATA 	TR 411 | TR1 206 | TR2 205
641.8382 	DATA 	Keypress: 5
641.8383 	DATA 	TR 412 | TR1 206 | TR2 206
643.4215 	DATA 	Keypress: 5
643.4215 	DATA 	TR 413 | TR1 207 | TR2 206
644.9713 	DATA 	Keypress: 5
644.9713 	DATA 	TR 414 | TR1 207 | TR2 207
646.5378 	DATA 	Keypress: 5
646.5379 	DATA 	TR 415 | TR1 208 | TR2 207
648.0877 	DATA 	Keypress: 5
648.0877 	DATA 	TR 416 | TR1 208 | TR2 208
649.6710 	DATA 	Keypress: 5
649.6711 	DATA 	TR 417 | TR1 209 | TR2 208
650.3041 	DATA 	
650.3041 	DATA 	Trial complete
650.3041 	DATA 	Waiting for VASO trigger to start next trial
650.3041 	DATA 	
651.2207 	DATA 	Keypress: 5
651.2208 	DATA 	TR 418 | TR1 209 | TR2 209
652.7873 	DATA 	Keypress: 5
652.7873 	DATA 	Waited 2.4832239151000977 seconds for trigger
652.7881 	DATA 	
652.7881 	DATA 	Trial 17
652.7881 	DATA 	stimDur = 24.0
652.7881 	DATA 	jitter = 0.0
652.7881 	DATA 	restDur = 40.0

652.7881 	DATA 	
652.7881 	DATA 	TR 419 | TR1 210 | TR2 209
652.7882 	DATA 	
652.7882 	DATA 	stimulation started
652.7882 	DATA 	
654.3372 	DATA 	Keypress: 5
654.3372 	DATA 	TR 420 | TR1 210 | TR2 210
655.9045 	DATA 	Keypress: 5
655.9203 	DATA 	TR 421 | TR1 211 | TR2 210
657.4702 	DATA 	Keypress: 5
657.4703 	DATA 	TR 422 | TR1 211 | TR2 211
659.0368 	DATA 	Keypress: 5
659.0368 	DATA 	TR 423 | TR1 212 | TR2 211
660.5866 	DATA 	Keypress: 5
660.5866 	DATA 	TR 424 | TR1 212 | TR2 212
662.1532 	DATA 	Keypress: 5
662.1532 	DATA 	TR 425 | TR1 213 | TR2 212
663.7030 	DATA 	Keypress: 5
663.7030 	DATA 	TR 426 | TR1 213 | TR2 213
665.2862 	DATA 	Keypress: 5
665.2862 	DATA 	TR 427 | TR1 214 | TR2 213
666.8360 	DATA 	Keypress: 5
666.8361 	DATA 	TR 428 | TR1 214 | TR2 214
668.4026 	DATA 	Keypress: 5
668.4026 	DATA 	TR 429 | TR1 215 | TR2 214
669.9524 	DATA 	Keypress: 5
669.9525 	DATA 	TR 430 | TR1 215 | TR2 215
671.5356 	DATA 	Keypress: 5
671.5357 	DATA 	TR 431 | TR1 216 | TR2 215
673.0855 	DATA 	Keypress: 5
673.0855 	DATA 	TR 432 | TR1 216 | TR2 216
674.6520 	DATA 	Keypress: 5
674.6521 	DATA 	TR 433 | TR1 217 | TR2 216
676.2019 	DATA 	Keypress: 5
676.2019 	DATA 	TR 434 | TR1 217 | TR2 217
676.8018 	DATA 	
676.8018 	DATA 	stimulation stopped
676.8018 	DATA 	
677.7683 	DATA 	Keypress: 5
677.7684 	DATA 	TR 435 | TR1 218 | TR2 217
679.3188 	DATA 	Keypress: 5
679.3348 	DATA 	TR 436 | TR1 218 | TR2 218
680.9014 	DATA 	Keypress: 5
680.9014 	DATA 	TR 437 | TR1 219 | TR2 218
681.1347 	DATA 	Target presented
681.6680 	DATA 	Keypress: 1
681.6680 	DATA 	Key1 pressed
681.6680 	DATA 	Target detected
682.4513 	DATA 	Keypress: 5
682.4513 	DATA 	TR 438 | TR1 219 | TR2 219
684.0178 	DATA 	Keypress: 5
684.0178 	DATA 	TR 439 | TR1 220 | TR2 219
685.5676 	DATA 	Keypress: 5
685.5676 	DATA 	TR 440 | TR1 220 | TR2 220
687.1508 	DATA 	Keypress: 5
687.1509 	DATA 	TR 441 | TR1 221 | TR2 220
688.7007 	DATA 	Keypress: 5
688.7008 	DATA 	TR 442 | TR1 221 | TR2 221
690.2672 	DATA 	Keypress: 5
690.2673 	DATA 	TR 443 | TR1 222 | TR2 221
691.8172 	DATA 	Keypress: 5
691.8172 	DATA 	TR 444 | TR1 222 | TR2 222
693.4003 	DATA 	Keypress: 5
693.4003 	DATA 	TR 445 | TR1 223 | TR2 222
694.9501 	DATA 	Keypress: 5
694.9501 	DATA 	TR 446 | TR1 223 | TR2 223
696.5167 	DATA 	Keypress: 5
696.5167 	DATA 	TR 447 | TR1 224 | TR2 223
698.0665 	DATA 	Keypress: 5
698.0665 	DATA 	TR 448 | TR1 224 | TR2 224
699.6330 	DATA 	Keypress: 5
699.6331 	DATA 	TR 449 | TR1 225 | TR2 224
701.1829 	DATA 	Keypress: 5
701.1829 	DATA 	TR 450 | TR1 225 | TR2 225
702.7661 	DATA 	Keypress: 5
702.7661 	DATA 	TR 451 | TR1 226 | TR2 225
704.3159 	DATA 	Keypress: 5
704.3160 	DATA 	TR 452 | TR1 226 | TR2 226
705.8826 	DATA 	Keypress: 5
705.8827 	DATA 	TR 453 | TR1 227 | TR2 226
707.4322 	DATA 	Keypress: 5
707.4322 	DATA 	TR 454 | TR1 227 | TR2 227
709.0155 	DATA 	Keypress: 5
709.0156 	DATA 	TR 455 | TR1 228 | TR2 227
710.5653 	DATA 	Keypress: 5
710.5654 	DATA 	TR 456 | TR1 228 | TR2 228
712.1319 	DATA 	Keypress: 5
712.1320 	DATA 	TR 457 | TR1 229 | TR2 228
713.6817 	DATA 	Keypress: 5
713.6818 	DATA 	TR 458 | TR1 229 | TR2 229
715.2483 	DATA 	Keypress: 5
715.2484 	DATA 	TR 459 | TR1 230 | TR2 229
716.7981 	DATA 	
716.7981 	DATA 	Trial complete
716.7981 	DATA 	Waiting for VASO trigger to start next trial
716.7981 	DATA 	
716.8148 	DATA 	Keypress: 5
716.8148 	DATA 	TR 460 | TR1 230 | TR2 230
718.3814 	DATA 	Keypress: 5
718.3814 	DATA 	Waited 1.5832788944244385 seconds for trigger
718.3822 	DATA 	
718.3822 	DATA 	Trial 18
718.3822 	DATA 	stimDur = 1.0
718.3822 	DATA 	jitter = 2.35575
718.3822 	DATA 	restDur = 20.0

718.3822 	DATA 	
718.3822 	DATA 	TR 461 | TR1 231 | TR2 230
719.9312 	DATA 	Keypress: 5
719.9312 	DATA 	TR 462 | TR1 231 | TR2 231
720.7477 	DATA 	
720.7477 	DATA 	stimulation started
720.7478 	DATA 	
721.4978 	DATA 	Keypress: 5
721.4979 	DATA 	TR 463 | TR1 232 | TR2 231
721.7477 	DATA 	
721.7477 	DATA 	stimulation stopped
721.7477 	DATA 	
723.0476 	DATA 	Keypress: 5
723.0476 	DATA 	TR 464 | TR1 232 | TR2 232
724.6308 	DATA 	Keypress: 5
724.6308 	DATA 	TR 465 | TR1 233 | TR2 232
726.1806 	DATA 	Keypress: 5
726.1807 	DATA 	TR 466 | TR1 233 | TR2 233
727.7471 	DATA 	Keypress: 5
727.7472 	DATA 	TR 467 | TR1 234 | TR2 233
729.2971 	DATA 	Keypress: 5
729.2972 	DATA 	TR 468 | TR1 234 | TR2 234
730.8641 	DATA 	Keypress: 5
730.8801 	DATA 	TR 469 | TR1 235 | TR2 234
732.4302 	DATA 	Keypress: 5
732.4303 	DATA 	TR 470 | TR1 235 | TR2 235
733.9966 	DATA 	Keypress: 5
733.9966 	DATA 	TR 471 | TR1 236 | TR2 235
735.5465 	DATA 	Keypress: 5
735.5466 	DATA 	TR 472 | TR1 236 | TR2 236
737.1129 	DATA 	Keypress: 5
737.1130 	DATA 	TR 473 | TR1 237 | TR2 236
738.6634 	DATA 	Keypress: 5
738.6796 	DATA 	TR 474 | TR1 237 | TR2 237
740.2460 	DATA 	Keypress: 5
740.2460 	DATA 	TR 475 | TR1 238 | TR2 237
741.7459 	DATA 	
741.7459 	DATA 	Trial complete
741.7460 	DATA 	Waiting for VASO trigger to start next trial
741.7460 	DATA 	
741.7959 	DATA 	Keypress: 5
741.7959 	DATA 	TR 476 | TR1 238 | TR2 238
743.3625 	DATA 	Keypress: 5
743.3626 	DATA 	Waited 1.6166210174560547 seconds for trigger
743.3634 	DATA 	
743.3634 	DATA 	Trial 19
743.3634 	DATA 	stimDur = 2.0
743.3634 	DATA 	jitter = 0.0
743.3634 	DATA 	restDur = 22.0

743.3634 	DATA 	
743.3634 	DATA 	TR 477 | TR1 239 | TR2 238
743.3634 	DATA 	
743.3634 	DATA 	stimulation started
743.3634 	DATA 	
744.9124 	DATA 	Keypress: 5
744.9124 	DATA 	TR 478 | TR1 239 | TR2 239
745.3789 	DATA 	
745.3789 	DATA 	stimulation stopped
745.3789 	DATA 	
746.4955 	DATA 	Keypress: 5
746.4955 	DATA 	TR 479 | TR1 240 | TR2 239
748.0453 	DATA 	Keypress: 5
748.0454 	DATA 	TR 480 | TR1 240 | TR2 240
749.6118 	DATA 	Keypress: 5
749.6119 	DATA 	TR 481 | TR1 241 | TR2 240
751.1617 	DATA 	Keypress: 5
751.1618 	DATA 	TR 482 | TR1 241 | TR2 241
752.7282 	DATA 	Keypress: 5
752.7282 	DATA 	TR 483 | TR1 242 | TR2 241
754.2948 	DATA 	Keypress: 5
754.2948 	DATA 	TR 484 | TR1 242 | TR2 242
755.8613 	DATA 	Keypress: 5
755.8613 	DATA 	TR 485 | TR1 243 | TR2 242
757.4111 	DATA 	Keypress: 5
757.4112 	DATA 	TR 486 | TR1 243 | TR2 243
758.8277 	DATA 	Target presented
758.9776 	DATA 	Keypress: 5
758.9777 	DATA 	TR 487 | TR1 244 | TR2 243
759.3276 	DATA 	Keypress: 1
759.3277 	DATA 	Key1 pressed
759.3277 	DATA 	Target detected
760.5275 	DATA 	Keypress: 5
760.5276 	DATA 	TR 488 | TR1 244 | TR2 244
762.1107 	DATA 	Keypress: 5
762.1107 	DATA 	TR 489 | TR1 245 | TR2 244
763.6606 	DATA 	Keypress: 5
763.6607 	DATA 	TR 490 | TR1 245 | TR2 245
765.2271 	DATA 	Keypress: 5
765.2271 	DATA 	TR 491 | TR1 246 | TR2 245
766.7770 	DATA 	Keypress: 5
766.7771 	DATA 	TR 492 | TR1 246 | TR2 246
767.3768 	DATA 	
767.3769 	DATA 	Trial complete
767.3769 	DATA 	
768.3602 	DATA 	Keypress: 5
768.3602 	DATA 	Waited 26.6142418384552 seconds for trigger
768.3610 	DATA 	
768.3610 	DATA 	Trial 20
768.3610 	DATA 	stimDur = 4.0
768.3610 	DATA 	jitter = 0.0
768.3610 	DATA 	restDur = 24.0

768.3610 	DATA 	
768.3610 	DATA 	TR 493 | TR1 247 | TR2 246
768.3610 	DATA 	
768.3610 	DATA 	stimulation started
768.3610 	DATA 	
769.9101 	DATA 	Keypress: 5
769.9101 	DATA 	TR 494 | TR1 247 | TR2 247
771.4766 	DATA 	Keypress: 5
771.4766 	DATA 	TR 495 | TR1 248 | TR2 247
772.3765 	DATA 	
772.3765 	DATA 	stimulation stopped
772.3765 	DATA 	
773.0264 	DATA 	Keypress: 5
773.0264 	DATA 	TR 496 | TR1 248 | TR2 248
774.5930 	DATA 	Keypress: 5
774.5930 	DATA 	TR 497 | TR1 249 | TR2 248
776.1428 	DATA 	Keypress: 5
776.1428 	DATA 	TR 498 | TR1 249 | TR2 249
777.7260 	DATA 	Keypress: 5
777.7260 	DATA 	TR 499 | TR1 250 | TR2 249
779.2758 	DATA 	Keypress: 5
779.2759 	DATA 	TR 500 | TR1 250 | TR2 250
780.8425 	DATA 	Keypress: 5
780.8426 	DATA 	TR 501 | TR1 251 | TR2 250
782.3922 	DATA 	Keypress: 5
782.3923 	DATA 	TR 502 | TR1 251 | TR2 251
783.9754 	DATA 	Keypress: 5
783.9754 	DATA 	TR 503 | TR1 252 | TR2 251
785.5253 	DATA 	Keypress: 5
785.5253 	DATA 	TR 504 | TR1 252 | TR2 252
787.0918 	DATA 	Keypress: 5
787.0918 	DATA 	TR 505 | TR1 253 | TR2 252
788.6417 	DATA 	Keypress: 5
788.6417 	DATA 	TR 506 | TR1 253 | TR2 253
790.2088 	DATA 	Keypress: 5
790.2249 	DATA 	TR 507 | TR1 254 | TR2 253
791.7747 	DATA 	Keypress: 5
791.7747 	DATA 	TR 508 | TR1 254 | TR2 254
793.3412 	DATA 	Keypress: 5
793.3413 	DATA 	TR 509 | TR1 255 | TR2 254
794.8911 	DATA 	Keypress: 5
794.8911 	DATA 	TR 510 | TR1 255 | TR2 255
796.3742 	DATA 	
796.3742 	DATA 	Trial complete
796.3742 	DATA 	
796.4576 	DATA 	Keypress: 5
796.4576 	DATA 	TR 511 | TR1 256 | TR2 255
798.0075 	DATA 	Keypress: 5
798.0075 	DATA 	TR 512 | TR1 256 | TR2 256
799.5906 	DATA 	Keypress: 5
799.5907 	DATA 	TR 513 | TR1 257 | TR2 256
801.1406 	DATA 	Keypress: 5
801.1406 	DATA 	TR 514 | TR1 257 | TR2 257
802.7070 	DATA 	Keypress: 5
802.7071 	DATA 	TR 515 | TR1 258 | TR2 257
804.2569 	DATA 	Keypress: 5
804.2570 	DATA 	TR 516 | TR1 258 | TR2 258
805.8401 	DATA 	Keypress: 5
805.8401 	DATA 	TR 517 | TR1 259 | TR2 258
807.3898 	DATA 	Keypress: 5
807.3899 	DATA 	TR 518 | TR1 259 | TR2 259
808.9565 	DATA 	Keypress: 5
808.9565 	DATA 	TR 519 | TR1 260 | TR2 259
810.5063 	DATA 	Keypress: 5
810.5064 	DATA 	TR 520 | TR1 260 | TR2 260
812.0728 	DATA 	Keypress: 5
812.0729 	DATA 	TR 521 | TR1 261 | TR2 260
813.6233 	DATA 	Keypress: 5
813.6394 	DATA 	TR 522 | TR1 261 | TR2 261
815.2059 	DATA 	Keypress: 5
815.2060 	DATA 	TR 523 | TR1 262 | TR2 261
816.7558 	DATA 	Keypress: 5
816.7558 	DATA 	TR 524 | TR1 262 | TR2 262
818.3223 	DATA 	Keypress: 5
818.3223 	DATA 	TR 525 | TR1 263 | TR2 262
819.8721 	DATA 	Keypress: 5
819.8722 	DATA 	TR 526 | TR1 263 | TR2 263
822.8052 	DATA 	EndOfRun sub-06_ses-03_run-06

822.8052 	DATA 	We spent 52.24009466171265 seconds waiting for triggers
822.8052 	DATA 	RatioOfDetectedTargets 1.0
822.8052 	DATA 	You have detected 12 out of 12 targets.
827.8349 	EXP 	window1: mouseVisible = True
