MonitorDistance=99cm
MonitorWidth=30cm
PixelWidth=1024.0
PixelHeight=768.0
You have detected 12 out of 12 targets.
Excellent! Keep up the good work
7.4687 	INFO 	Loaded monitor calibration from ['2021_05_26 17:55']
7.9396 	EXP 	Created window1 = Window(allowGUI=False, allowStencil=False, autoLog=True, backendConf=UNKNOWN, bitsMode=UNKNOWN, blendMode='avg', bpc=(8, 8, 8), color=array([-0.5, -0.5, -0.5]), colorSpace='rgb', depthBits=8, fullscr=<method-wrapper '__getattribute__' of attributeSetter object at 0x7fdc76068390>, gamma=None, gammaErrorPolicy='raise', lms=UNKNOWN, monitor=<psychopy.monitors.calibTools.Monitor object at 0x7fdc6bec7048>, multiSample=False, name='window1', numSamples=2, pos=[0.0, 0.0], screen=0, size=array([1024,  768]), stencilBits=0, stereo=False, units='deg', useFBO=False, useRetina=False, viewOri=0.0, viewPos=None, viewScale=None, waitBlanking=True, winType='pyglet')
7.9397 	EXP 	window1: mouseVisible = True
8.0101 	EXP 	Created unnamed TextStim = TextStim(__class__=<class 'psychopy.visual.text.TextStim'>, alignHoriz=method-wrapper(...), alignText='center', alignVert=method-wrapper(...), anchorHoriz='center', anchorVert='center', antialias=True, autoLog=True, bold=False, color=array([1., 1., 1.]), colorSpace='rgb', contrast=1.0, depth=0, flipHoriz=False, flipVert=False, font='', fontFiles=[], height=0.5, italic=False, languageStyle='LTR', name='unnamed TextStim', opacity=1.0, ori=0.0, pos=array([0., 0.]), rgb=UNKNOWN, text=str(...), units='deg', win=Window(...), wrapWidth=15.0)
8.0400 	EXP 	Created Movie Frame 0 = ImageStim(__class__=<class 'psychopy.visual.image.ImageStim'>, autoLog=True, color=array([0.8, 0.8, 0.8]), colorSpace='rgb', contrast=0.8, depth=0, flipHoriz=False, flipVert=False, image='visual_0.png', interpolate=False, mask=None, maskParams=None, name='Movie Frame 0', opacity=1, ori=0.0, pos=array([0., 0.]), size=array([1024,  768]), texRes=128, units='pix', win=Window(...))
8.0637 	EXP 	Created Movie Frame 1 = ImageStim(__class__=<class 'psychopy.visual.image.ImageStim'>, autoLog=True, color=array([0.8, 0.8, 0.8]), colorSpace='rgb', contrast=0.8, depth=0, flipHoriz=False, flipVert=False, image='visual_1.png', interpolate=False, mask=None, maskParams=None, name='Movie Frame 1', opacity=1, ori=0.0, pos=array([0., 0.]), size=array([1024,  768]), texRes=128, units='pix', win=Window(...))
42.5847 	DATA 	Keypress: 5
0.0000 	DATA 	StartOfRun sub-06_ses-03_run-05
0.0000 	DATA 	TR 1 | TR1 1 | TR2 0
0.0150 	DATA 	Initial baseline

1.5502 	DATA 	Keypress: 5
1.5503 	DATA 	TR 2 | TR1 1 | TR2 1
3.1214 	DATA 	Keypress: 5
3.1214 	DATA 	TR 3 | TR1 2 | TR2 1
4.6736 	DATA 	Keypress: 5
4.6736 	DATA 	TR 4 | TR1 2 | TR2 2
6.2448 	DATA 	Keypress: 5
6.2448 	DATA 	TR 5 | TR1 3 | TR2 2
7.7969 	DATA 	Keypress: 5
7.7970 	DATA 	TR 6 | TR1 3 | TR2 3
9.3681 	DATA 	Keypress: 5
9.3682 	DATA 	TR 7 | TR1 4 | TR2 3
10.9203 	DATA 	Keypress: 5
10.9204 	DATA 	TR 8 | TR1 4 | TR2 4
12.4916 	DATA 	Keypress: 5
12.4917 	DATA 	TR 9 | TR1 5 | TR2 4
14.0438 	DATA 	Keypress: 5
14.0438 	DATA 	TR 10 | TR1 5 | TR2 5
15.6149 	DATA 	Keypress: 5
15.6149 	DATA 	TR 11 | TR1 6 | TR2 5
17.1671 	DATA 	Keypress: 5
17.1671 	DATA 	TR 12 | TR1 6 | TR2 6
18.7383 	DATA 	Keypress: 5
18.7383 	DATA 	TR 13 | TR1 7 | TR2 6
20.2905 	DATA 	Keypress: 5
20.2905 	DATA 	TR 14 | TR1 7 | TR2 7
21.8616 	DATA 	Keypress: 5
21.8616 	DATA 	TR 15 | TR1 8 | TR2 7
23.4139 	DATA 	Keypress: 5
23.4139 	DATA 	TR 16 | TR1 8 | TR2 8
24.9851 	DATA 	Keypress: 5
24.9851 	DATA 	TR 17 | TR1 9 | TR2 8
26.5372 	DATA 	Keypress: 5
26.5373 	DATA 	TR 18 | TR1 9 | TR2 9
28.1084 	DATA 	Keypress: 5
28.1085 	DATA 	TR 19 | TR1 10 | TR2 9
29.6606 	DATA 	Keypress: 5
29.6607 	DATA 	TR 20 | TR1 10 | TR2 10
31.2461 	DATA 	Keypress: 5
31.2462 	DATA 	Waited 1.2461819648742676 seconds for trigger
31.2477 	DATA 	
31.2477 	DATA 	Trial 1
31.2477 	DATA 	stimDur = 2.0
31.2477 	DATA 	jitter = 1.5705
31.2477 	DATA 	restDur = 22.0

31.2477 	DATA 	
31.2477 	DATA 	TR 21 | TR1 11 | TR2 10
32.7960 	DATA 	Keypress: 5
32.7961 	DATA 	TR 22 | TR1 11 | TR2 11
32.8293 	DATA 	
32.8293 	DATA 	stimulation started
32.8293 	DATA 	
34.3626 	DATA 	Keypress: 5
34.3626 	DATA 	TR 23 | TR1 12 | TR2 11
34.8292 	DATA 	
34.8292 	DATA 	stimulation stopped
34.8292 	DATA 	
35.9124 	DATA 	Keypress: 5
35.9124 	DATA 	TR 24 | TR1 12 | TR2 12
37.4796 	DATA 	Keypress: 5
37.4955 	DATA 	TR 25 | TR1 13 | TR2 12
39.0456 	DATA 	Keypress: 5
39.0456 	DATA 	TR 26 | TR1 13 | TR2 13
40.6120 	DATA 	Keypress: 5
40.6120 	DATA 	TR 27 | TR1 14 | TR2 13
42.1618 	DATA 	Keypress: 5
42.1619 	DATA 	TR 28 | TR1 14 | TR2 14
43.7284 	DATA 	Keypress: 5
43.7285 	DATA 	TR 29 | TR1 15 | TR2 14
45.2782 	DATA 	Keypress: 5
45.2782 	DATA 	TR 30 | TR1 15 | TR2 15
46.8615 	DATA 	Keypress: 5
46.8615 	DATA 	TR 31 | TR1 16 | TR2 15
48.4113 	DATA 	Keypress: 5
48.4113 	DATA 	TR 32 | TR1 16 | TR2 16
49.9779 	DATA 	Keypress: 5
49.9779 	DATA 	TR 33 | TR1 17 | TR2 16
51.5276 	DATA 	Keypress: 5
51.5277 	DATA 	TR 34 | TR1 17 | TR2 17
53.1108 	DATA 	Keypress: 5
53.1109 	DATA 	TR 35 | TR1 18 | TR2 17
54.6607 	DATA 	Keypress: 5
54.6608 	DATA 	TR 36 | TR1 18 | TR2 18
56.2272 	DATA 	Keypress: 5
56.2272 	DATA 	TR 37 | TR1 19 | TR2 18
56.8271 	DATA 	
56.8271 	DATA 	Trial complete
56.8271 	DATA 	Waiting for VASO trigger to start next trial
56.8271 	DATA 	
57.7771 	DATA 	Keypress: 5
57.7771 	DATA 	TR 38 | TR1 19 | TR2 19
59.3435 	DATA 	Keypress: 5
59.3436 	DATA 	Waited 2.516446113586426 seconds for trigger
59.3444 	DATA 	
59.3444 	DATA 	Trial 2
59.3444 	DATA 	stimDur = 4.0
59.3444 	DATA 	jitter = 0.78525
59.3444 	DATA 	restDur = 24.0

59.3444 	DATA 	
59.3444 	DATA 	TR 39 | TR1 20 | TR2 19
60.1435 	DATA 	
60.1435 	DATA 	stimulation started
60.1435 	DATA 	
60.8937 	DATA 	Keypress: 5
60.8937 	DATA 	TR 40 | TR1 20 | TR2 20
62.4767 	DATA 	Keypress: 5
62.4768 	DATA 	TR 41 | TR1 21 | TR2 20
64.0265 	DATA 	Keypress: 5
64.0266 	DATA 	TR 42 | TR1 21 | TR2 21
64.1432 	DATA 	
64.1432 	DATA 	stimulation stopped
64.1432 	DATA 	
65.5930 	DATA 	Keypress: 5
65.5931 	DATA 	TR 43 | TR1 22 | TR2 21
67.1429 	DATA 	Keypress: 5
67.1429 	DATA 	TR 44 | TR1 22 | TR2 22
68.7261 	DATA 	Keypress: 5
68.7261 	DATA 	TR 45 | TR1 23 | TR2 22
70.2759 	DATA 	Keypress: 5
70.2760 	DATA 	TR 46 | TR1 23 | TR2 23
71.8425 	DATA 	Keypress: 5
71.8425 	DATA 	TR 47 | TR1 24 | TR2 23
73.3923 	DATA 	Keypress: 5
73.3924 	DATA 	TR 48 | TR1 24 | TR2 24
74.9595 	DATA 	Keypress: 5
74.9755 	DATA 	TR 49 | TR1 25 | TR2 24
75.8421 	DATA 	Target presented
76.4087 	DATA 	Keypress: 1
76.4088 	DATA 	Key1 pressed
76.4088 	DATA 	Target detected
76.5253 	DATA 	Keypress: 5
76.5254 	DATA 	TR 50 | TR1 25 | TR2 25
78.0919 	DATA 	Keypress: 5
78.0920 	DATA 	TR 51 | TR1 26 | TR2 25
79.6417 	DATA 	Keypress: 5
79.6418 	DATA 	TR 52 | TR1 26 | TR2 26
81.2083 	DATA 	Keypress: 5
81.2083 	DATA 	TR 53 | TR1 27 | TR2 26
82.7581 	DATA 	Keypress: 5
82.7582 	DATA 	TR 54 | TR1 27 | TR2 27
84.3413 	DATA 	Keypress: 5
84.3414 	DATA 	TR 55 | TR1 28 | TR2 27
85.8912 	DATA 	Keypress: 5
85.8912 	DATA 	TR 56 | TR1 28 | TR2 28
87.4578 	DATA 	Keypress: 5
87.4579 	DATA 	TR 57 | TR1 29 | TR2 28
88.1409 	DATA 	
88.1409 	DATA 	Trial complete
88.1410 	DATA 	Waiting for VASO trigger to start next trial
88.1410 	DATA 	
89.0075 	DATA 	Keypress: 5
89.0076 	DATA 	TR 58 | TR1 29 | TR2 29
90.5908 	DATA 	Keypress: 5
90.5908 	DATA 	Waited 2.449841022491455 seconds for trigger
90.5916 	DATA 	
90.5916 	DATA 	Trial 3
90.5916 	DATA 	stimDur = 24.0
90.5916 	DATA 	jitter = 2.35575
90.5916 	DATA 	restDur = 40.0

90.5916 	DATA 	
90.5916 	DATA 	TR 59 | TR1 30 | TR2 29
92.1406 	DATA 	Keypress: 5
92.1407 	DATA 	TR 60 | TR1 30 | TR2 30
92.9572 	DATA 	
92.9572 	DATA 	stimulation started
92.9572 	DATA 	
93.7072 	DATA 	Keypress: 5
93.7072 	DATA 	TR 61 | TR1 31 | TR2 30
95.2571 	DATA 	Keypress: 5
95.2571 	DATA 	TR 62 | TR1 31 | TR2 31
96.8236 	DATA 	Keypress: 5
96.8236 	DATA 	TR 63 | TR1 32 | TR2 31
98.3741 	DATA 	Keypress: 5
98.3901 	DATA 	TR 64 | TR1 32 | TR2 32
99.9567 	DATA 	Keypress: 5
99.9567 	DATA 	TR 65 | TR1 33 | TR2 32
101.5065 	DATA 	Keypress: 5
101.5065 	DATA 	TR 66 | TR1 33 | TR2 33
103.0730 	DATA 	Keypress: 5
103.0731 	DATA 	TR 67 | TR1 34 | TR2 33
104.6229 	DATA 	Keypress: 5
104.6229 	DATA 	TR 68 | TR1 34 | TR2 34
106.2061 	DATA 	Keypress: 5
106.2061 	DATA 	TR 69 | TR1 35 | TR2 34
107.7559 	DATA 	Keypress: 5
107.7560 	DATA 	TR 70 | TR1 35 | TR2 35
109.3225 	DATA 	Keypress: 5
109.3225 	DATA 	TR 71 | TR1 36 | TR2 35
110.8723 	DATA 	Keypress: 5
110.8723 	DATA 	TR 72 | TR1 36 | TR2 36
112.4555 	DATA 	Keypress: 5
112.4555 	DATA 	TR 73 | TR1 37 | TR2 36
114.0053 	DATA 	Keypress: 5
114.0054 	DATA 	TR 74 | TR1 37 | TR2 37
115.5719 	DATA 	Keypress: 5
115.5720 	DATA 	TR 75 | TR1 38 | TR2 37
116.9550 	DATA 	
116.9550 	DATA 	stimulation stopped
116.9551 	DATA 	
117.1216 	DATA 	Keypress: 5
117.1217 	DATA 	TR 76 | TR1 38 | TR2 38
118.6882 	DATA 	Keypress: 5
118.6883 	DATA 	TR 77 | TR1 39 | TR2 38
120.2382 	DATA 	Keypress: 5
120.2382 	DATA 	TR 78 | TR1 39 | TR2 39
121.8213 	DATA 	Keypress: 5
121.8213 	DATA 	TR 79 | TR1 40 | TR2 39
123.3711 	DATA 	Keypress: 5
123.3711 	DATA 	TR 80 | TR1 40 | TR2 40
124.9377 	DATA 	Keypress: 5
124.9377 	DATA 	TR 81 | TR1 41 | TR2 40
126.4875 	DATA 	Keypress: 5
126.4875 	DATA 	TR 82 | TR1 41 | TR2 41
128.0707 	DATA 	Keypress: 5
128.0708 	DATA 	TR 83 | TR1 42 | TR2 41
129.6205 	DATA 	Keypress: 5
129.6206 	DATA 	TR 84 | TR1 42 | TR2 42
131.1871 	DATA 	Keypress: 5
131.1871 	DATA 	TR 85 | TR1 43 | TR2 42
132.7369 	DATA 	Keypress: 5
132.7370 	DATA 	TR 86 | TR1 43 | TR2 43
134.3034 	DATA 	Keypress: 5
134.3035 	DATA 	TR 87 | TR1 44 | TR2 43
135.8700 	DATA 	Keypress: 5
135.8700 	DATA 	TR 88 | TR1 44 | TR2 44
136.2866 	DATA 	Target presented
136.9699 	DATA 	Keypress: 1
136.9699 	DATA 	Key1 pressed
136.9699 	DATA 	Target detected
137.4365 	DATA 	Keypress: 5
137.4366 	DATA 	TR 89 | TR1 45 | TR2 44
138.9863 	DATA 	Keypress: 5
138.9864 	DATA 	TR 90 | TR1 45 | TR2 45
140.5529 	DATA 	Keypress: 5
140.5529 	DATA 	TR 91 | TR1 46 | TR2 45
142.1027 	DATA 	Keypress: 5
142.1028 	DATA 	TR 92 | TR1 46 | TR2 46
143.6860 	DATA 	Keypress: 5
143.6861 	DATA 	TR 93 | TR1 47 | TR2 46
145.2358 	DATA 	Keypress: 5
145.2358 	DATA 	TR 94 | TR1 47 | TR2 47
146.8024 	DATA 	Keypress: 5
146.8024 	DATA 	TR 95 | TR1 48 | TR2 47
148.3522 	DATA 	Keypress: 5
148.3522 	DATA 	TR 96 | TR1 48 | TR2 48
149.9354 	DATA 	Keypress: 5
149.9354 	DATA 	TR 97 | TR1 49 | TR2 48
151.4852 	DATA 	Keypress: 5
151.4853 	DATA 	TR 98 | TR1 49 | TR2 49
153.0518 	DATA 	Keypress: 5
153.0518 	DATA 	TR 99 | TR1 50 | TR2 49
154.6016 	DATA 	Keypress: 5
154.6016 	DATA 	TR 100 | TR1 50 | TR2 50
156.1682 	DATA 	Keypress: 5
156.1682 	DATA 	TR 101 | TR1 51 | TR2 50
156.9514 	DATA 	
156.9514 	DATA 	Trial complete
156.9514 	DATA 	Waiting for VASO trigger to start next trial
156.9514 	DATA 	
157.7186 	DATA 	Keypress: 5
157.7346 	DATA 	TR 102 | TR1 51 | TR2 51
159.3012 	DATA 	Keypress: 5
159.3013 	DATA 	Waited 2.3498928546905518 seconds for trigger
159.3021 	DATA 	
159.3021 	DATA 	Trial 4
159.3021 	DATA 	stimDur = 4.0
159.3021 	DATA 	jitter = 2.35575
159.3021 	DATA 	restDur = 24.0

159.3021 	DATA 	
159.3021 	DATA 	TR 103 | TR1 52 | TR2 51
160.8510 	DATA 	Keypress: 5
160.8511 	DATA 	TR 104 | TR1 52 | TR2 52
161.6676 	DATA 	
161.6676 	DATA 	stimulation started
161.6676 	DATA 	
162.4176 	DATA 	Keypress: 5
162.4177 	DATA 	TR 105 | TR1 53 | TR2 52
163.9675 	DATA 	Keypress: 5
163.9675 	DATA 	TR 106 | TR1 53 | TR2 53
165.5507 	DATA 	Keypress: 5
165.5507 	DATA 	TR 107 | TR1 54 | TR2 53
165.6673 	DATA 	
165.6673 	DATA 	stimulation stopped
165.6673 	DATA 	
167.1005 	DATA 	Keypress: 5
167.1005 	DATA 	TR 108 | TR1 54 | TR2 54
168.6670 	DATA 	Keypress: 5
168.6671 	DATA 	TR 109 | TR1 55 | TR2 54
170.2168 	DATA 	Keypress: 5
170.2169 	DATA 	TR 110 | TR1 55 | TR2 55
171.7836 	DATA 	Keypress: 5
171.7836 	DATA 	TR 111 | TR1 56 | TR2 55
173.3499 	DATA 	Keypress: 5
173.3499 	DATA 	TR 112 | TR1 56 | TR2 56
174.9165 	DATA 	Keypress: 5
174.9165 	DATA 	TR 113 | TR1 57 | TR2 56
176.4663 	DATA 	Keypress: 5
176.4663 	DATA 	TR 114 | TR1 57 | TR2 57
178.0329 	DATA 	Keypress: 5
178.0329 	DATA 	TR 115 | TR1 58 | TR2 57
179.5827 	DATA 	Keypress: 5
179.5827 	DATA 	TR 116 | TR1 58 | TR2 58
181.1659 	DATA 	Keypress: 5
181.1659 	DATA 	TR 117 | TR1 59 | TR2 58
182.7157 	DATA 	Keypress: 5
182.7158 	DATA 	TR 118 | TR1 59 | TR2 59
184.2823 	DATA 	Keypress: 5
184.2823 	DATA 	TR 119 | TR1 60 | TR2 59
185.8321 	DATA 	Keypress: 5
185.8322 	DATA 	TR 120 | TR1 60 | TR2 60
187.4153 	DATA 	Keypress: 5
187.4154 	DATA 	TR 121 | TR1 61 | TR2 60
188.9652 	DATA 	Keypress: 5
188.9652 	DATA 	TR 122 | TR1 61 | TR2 61
189.6651 	DATA 	
189.6651 	DATA 	Trial complete
189.6651 	DATA 	Waiting for VASO trigger to start next trial
189.6651 	DATA 	
190.5317 	DATA 	Keypress: 5
190.5318 	DATA 	Waited 0.8666701316833496 seconds for trigger
190.5325 	DATA 	
190.5325 	DATA 	Trial 5
190.5325 	DATA 	stimDur = 1.0
190.5326 	DATA 	jitter = 1.5705
190.5326 	DATA 	restDur = 20.0

190.5326 	DATA 	
190.5326 	DATA 	TR 123 | TR1 62 | TR2 61
192.0815 	DATA 	Keypress: 5
192.0816 	DATA 	TR 124 | TR1 62 | TR2 62
192.1148 	DATA 	
192.1148 	DATA 	stimulation started
192.1149 	DATA 	
193.1149 	DATA 	
193.1149 	DATA 	stimulation stopped
193.1149 	DATA 	
193.6481 	DATA 	Keypress: 5
193.6481 	DATA 	TR 125 | TR1 63 | TR2 62
195.1985 	DATA 	Keypress: 5
195.2146 	DATA 	TR 126 | TR1 63 | TR2 63
196.7812 	DATA 	Keypress: 5
196.7812 	DATA 	TR 127 | TR1 64 | TR2 63
198.3310 	DATA 	Keypress: 5
198.3310 	DATA 	TR 128 | TR1 64 | TR2 64
199.8975 	DATA 	Keypress: 5
199.8976 	DATA 	TR 129 | TR1 65 | TR2 64
201.4474 	DATA 	Keypress: 5
201.4474 	DATA 	TR 130 | TR1 65 | TR2 65
203.0306 	DATA 	Keypress: 5
203.0306 	DATA 	TR 131 | TR1 66 | TR2 65
204.5804 	DATA 	Keypress: 5
204.5804 	DATA 	TR 132 | TR1 66 | TR2 66
205.7803 	DATA 	Target presented
206.1470 	DATA 	Keypress: 5
206.1470 	DATA 	TR 133 | TR1 67 | TR2 66
206.2303 	DATA 	Keypress: 1
206.2303 	DATA 	Key1 pressed
206.2303 	DATA 	Target detected
207.6968 	DATA 	Keypress: 5
207.6968 	DATA 	TR 134 | TR1 67 | TR2 67
209.2640 	DATA 	Keypress: 5
209.2800 	DATA 	TR 135 | TR1 68 | TR2 67
210.8298 	DATA 	Keypress: 5
210.8299 	DATA 	TR 136 | TR1 68 | TR2 68
212.3964 	DATA 	Keypress: 5
212.3965 	DATA 	TR 137 | TR1 69 | TR2 68
213.1130 	DATA 	
213.1130 	DATA 	Trial complete
213.1130 	DATA 	Waiting for VASO trigger to start next trial
213.1130 	DATA 	
213.9462 	DATA 	Keypress: 5
213.9463 	DATA 	TR 138 | TR1 69 | TR2 69
215.5128 	DATA 	Keypress: 5
215.5128 	DATA 	Waited 2.399817943572998 seconds for trigger
215.5136 	DATA 	
215.5136 	DATA 	Trial 6
215.5136 	DATA 	stimDur = 1.0
215.5136 	DATA 	jitter = 0.78525
215.5136 	DATA 	restDur = 20.0

215.5136 	DATA 	
215.5136 	DATA 	TR 139 | TR1 70 | TR2 69
216.3127 	DATA 	
216.3127 	DATA 	stimulation started
216.3127 	DATA 	
217.0627 	DATA 	Keypress: 5
217.0628 	DATA 	TR 140 | TR1 70 | TR2 70
217.3126 	DATA 	
217.3126 	DATA 	stimulation stopped
217.3126 	DATA 	
218.6458 	DATA 	Keypress: 5
218.6459 	DATA 	TR 141 | TR1 71 | TR2 70
220.1957 	DATA 	Keypress: 5
220.1958 	DATA 	TR 142 | TR1 71 | TR2 71
221.7622 	DATA 	Keypress: 5
221.7623 	DATA 	TR 143 | TR1 72 | TR2 71
223.3121 	DATA 	Keypress: 5
223.3121 	DATA 	TR 144 | TR1 72 | TR2 72
224.8953 	DATA 	Keypress: 5
224.8953 	DATA 	TR 145 | TR1 73 | TR2 72
226.4451 	DATA 	Keypress: 5
226.4452 	DATA 	TR 146 | TR1 73 | TR2 73
228.0117 	DATA 	Keypress: 5
228.0117 	DATA 	TR 147 | TR1 74 | TR2 73
229.5615 	DATA 	Keypress: 5
229.5615 	DATA 	TR 148 | TR1 74 | TR2 74
231.1281 	DATA 	Keypress: 5
231.1281 	DATA 	TR 149 | TR1 75 | TR2 74
232.6945 	DATA 	Keypress: 5
232.6946 	DATA 	TR 150 | TR1 75 | TR2 75
234.2611 	DATA 	Keypress: 5
234.2611 	DATA 	TR 151 | TR1 76 | TR2 75
235.8109 	DATA 	Keypress: 5
235.8109 	DATA 	TR 152 | TR1 76 | TR2 76
237.3108 	DATA 	
237.3108 	DATA 	Trial complete
237.3108 	DATA 	Waiting for VASO trigger to start next trial
237.3108 	DATA 	
237.3775 	DATA 	Keypress: 5
237.3775 	DATA 	Waited 0.06670713424682617 seconds for trigger
237.3783 	DATA 	
237.3783 	DATA 	Trial 7
237.3783 	DATA 	stimDur = 2.0
237.3783 	DATA 	jitter = 0.78525
237.3783 	DATA 	restDur = 22.0

237.3783 	DATA 	
237.3783 	DATA 	TR 153 | TR1 77 | TR2 76
238.1775 	DATA 	
238.1775 	DATA 	stimulation started
238.1775 	DATA 	
238.9274 	DATA 	Keypress: 5
238.9274 	DATA 	TR 154 | TR1 77 | TR2 77
240.1772 	DATA 	
240.1772 	DATA 	stimulation stopped
240.1772 	DATA 	
240.5105 	DATA 	Keypress: 5
240.5105 	DATA 	TR 155 | TR1 78 | TR2 77
242.0604 	DATA 	Keypress: 5
242.0604 	DATA 	TR 156 | TR1 78 | TR2 78
243.6269 	DATA 	Keypress: 5
243.6270 	DATA 	TR 157 | TR1 79 | TR2 78
245.1767 	DATA 	Keypress: 5
245.1768 	DATA 	TR 158 | TR1 79 | TR2 79
246.7439 	DATA 	Keypress: 5
246.7599 	DATA 	TR 159 | TR1 80 | TR2 79
248.3100 	DATA 	Keypress: 5
248.3100 	DATA 	TR 160 | TR1 80 | TR2 80
249.8765 	DATA 	Keypress: 5
249.8765 	DATA 	TR 161 | TR1 81 | TR2 80
251.4262 	DATA 	Keypress: 5
251.4262 	DATA 	TR 162 | TR1 81 | TR2 81
252.9927 	DATA 	Keypress: 5
252.9928 	DATA 	TR 163 | TR1 82 | TR2 81
254.5426 	DATA 	Keypress: 5
254.5426 	DATA 	TR 164 | TR1 82 | TR2 82
256.1258 	DATA 	Keypress: 5
256.1258 	DATA 	TR 165 | TR1 83 | TR2 82
257.6756 	DATA 	Keypress: 5
257.6757 	DATA 	TR 166 | TR1 83 | TR2 83
259.2422 	DATA 	Keypress: 5
259.2422 	DATA 	TR 167 | TR1 84 | TR2 83
260.7920 	DATA 	Keypress: 5
260.7921 	DATA 	TR 168 | TR1 84 | TR2 84
262.1752 	DATA 	
262.1752 	DATA 	Trial complete
262.1752 	DATA 	Waiting for VASO trigger to start next trial
262.1752 	DATA 	
262.3752 	DATA 	Keypress: 5
262.3753 	DATA 	Waited 0.20005202293395996 seconds for trigger
262.3760 	DATA 	
262.3761 	DATA 	Trial 8
262.3761 	DATA 	stimDur = 24.0
262.3761 	DATA 	jitter = 1.5705
262.3761 	DATA 	restDur = 40.0

262.3761 	DATA 	
262.3761 	DATA 	TR 169 | TR1 85 | TR2 84
263.9251 	DATA 	Keypress: 5
263.9251 	DATA 	TR 170 | TR1 85 | TR2 85
263.9583 	DATA 	
263.9584 	DATA 	stimulation started
263.9584 	DATA 	
265.4917 	DATA 	Keypress: 5
265.4917 	DATA 	TR 171 | TR1 86 | TR2 85
267.0415 	DATA 	Keypress: 5
267.0416 	DATA 	TR 172 | TR1 86 | TR2 86
268.6081 	DATA 	Keypress: 5
268.6081 	DATA 	TR 173 | TR1 87 | TR2 86
270.1745 	DATA 	Keypress: 5
270.1746 	DATA 	TR 174 | TR1 87 | TR2 87
271.7411 	DATA 	Keypress: 5
271.7411 	DATA 	TR 175 | TR1 88 | TR2 87
273.2909 	DATA 	Keypress: 5
273.2910 	DATA 	TR 176 | TR1 88 | TR2 88
274.8575 	DATA 	Keypress: 5
274.8575 	DATA 	TR 177 | TR1 89 | TR2 88
276.4073 	DATA 	Keypress: 5
276.4074 	DATA 	TR 178 | TR1 89 | TR2 89
277.1571 	DATA 	Target presented
277.7740 	DATA 	Keypress: 1
277.7741 	DATA 	Key1 pressed
277.7741 	DATA 	Target detected
277.9905 	DATA 	Keypress: 5
277.9905 	DATA 	TR 179 | TR1 90 | TR2 89
279.5404 	DATA 	Keypress: 5
279.5404 	DATA 	TR 180 | TR1 90 | TR2 90
281.1069 	DATA 	Keypress: 5
281.1069 	DATA 	TR 181 | TR1 91 | TR2 90
282.6567 	DATA 	Keypress: 5
282.6568 	DATA 	TR 182 | TR1 91 | TR2 91
284.2241 	DATA 	Keypress: 5
284.2399 	DATA 	TR 183 | TR1 92 | TR2 91
285.7898 	DATA 	Keypress: 5
285.7899 	DATA 	TR 184 | TR1 92 | TR2 92
287.3565 	DATA 	Keypress: 5
287.3565 	DATA 	TR 185 | TR1 93 | TR2 92
287.9564 	DATA 	
287.9564 	DATA 	stimulation stopped
287.9564 	DATA 	
288.9061 	DATA 	Keypress: 5
288.9062 	DATA 	TR 186 | TR1 93 | TR2 93
290.4726 	DATA 	Keypress: 5
290.4727 	DATA 	TR 187 | TR1 94 | TR2 93
292.0225 	DATA 	Keypress: 5
292.0226 	DATA 	TR 188 | TR1 94 | TR2 94
293.6057 	DATA 	Keypress: 5
293.6057 	DATA 	TR 189 | TR1 95 | TR2 94
295.1556 	DATA 	Keypress: 5
295.1556 	DATA 	TR 190 | TR1 95 | TR2 95
296.7221 	DATA 	Keypress: 5
296.7222 	DATA 	TR 191 | TR1 96 | TR2 95
298.2720 	DATA 	Keypress: 5
298.2720 	DATA 	TR 192 | TR1 96 | TR2 96
299.8552 	DATA 	Keypress: 5
299.8552 	DATA 	TR 193 | TR1 97 | TR2 96
301.4050 	DATA 	Keypress: 5
301.4050 	DATA 	TR 194 | TR1 97 | TR2 97
302.9715 	DATA 	Keypress: 5
302.9716 	DATA 	TR 195 | TR1 98 | TR2 97
304.5216 	DATA 	Keypress: 5
304.5216 	DATA 	TR 196 | TR1 98 | TR2 98
306.0880 	DATA 	Keypress: 5
306.0880 	DATA 	TR 197 | TR1 99 | TR2 98
307.6544 	DATA 	Keypress: 5
307.6545 	DATA 	TR 198 | TR1 99 | TR2 99
309.2210 	DATA 	Keypress: 5
309.2210 	DATA 	TR 199 | TR1 100 | TR2 99
310.7708 	DATA 	Keypress: 5
310.7709 	DATA 	TR 200 | TR1 100 | TR2 100
312.3374 	DATA 	Keypress: 5
312.3374 	DATA 	TR 201 | TR1 101 | TR2 100
313.8872 	DATA 	Keypress: 5
313.8873 	DATA 	TR 202 | TR1 101 | TR2 101
315.4704 	DATA 	Keypress: 5
315.4704 	DATA 	TR 203 | TR1 102 | TR2 101
317.0204 	DATA 	Keypress: 5
317.0204 	DATA 	TR 204 | TR1 102 | TR2 102
318.5868 	DATA 	Keypress: 5
318.5869 	DATA 	TR 205 | TR1 103 | TR2 102
320.1367 	DATA 	Keypress: 5
320.1367 	DATA 	TR 206 | TR1 103 | TR2 103
321.7199 	DATA 	Keypress: 5
321.7199 	DATA 	TR 207 | TR1 104 | TR2 103
323.2697 	DATA 	Keypress: 5
323.2697 	DATA 	TR 208 | TR1 104 | TR2 104
324.8362 	DATA 	Keypress: 5
324.8363 	DATA 	TR 209 | TR1 105 | TR2 104
326.3861 	DATA 	Keypress: 5
326.3861 	DATA 	TR 210 | TR1 105 | TR2 105
327.9526 	DATA 	Keypress: 5
327.9527 	DATA 	TR 211 | TR1 106 | TR2 105
327.9527 	DATA 	
327.9527 	DATA 	Trial complete
327.9527 	DATA 	Waiting for VASO trigger to start next trial
327.9527 	DATA 	
329.5031 	DATA 	Keypress: 5
329.5191 	DATA 	TR 212 | TR1 106 | TR2 106
331.0857 	DATA 	Keypress: 5
331.0857 	DATA 	Waited 3.13297700881958 seconds for trigger
331.0865 	DATA 	
331.0865 	DATA 	Trial 9
331.0865 	DATA 	stimDur = 12.0
331.0865 	DATA 	jitter = 0.78525
331.0865 	DATA 	restDur = 30.0

331.0865 	DATA 	
331.0865 	DATA 	TR 213 | TR1 107 | TR2 106
331.8855 	DATA 	
331.8856 	DATA 	stimulation started
331.8856 	DATA 	
332.6356 	DATA 	Keypress: 5
332.6356 	DATA 	TR 214 | TR1 107 | TR2 107
334.2021 	DATA 	Keypress: 5
334.2021 	DATA 	TR 215 | TR1 108 | TR2 107
335.7520 	DATA 	Keypress: 5
335.7520 	DATA 	TR 216 | TR1 108 | TR2 108
337.3352 	DATA 	Keypress: 5
337.3352 	DATA 	TR 217 | TR1 109 | TR2 108
338.8850 	DATA 	Keypress: 5
338.8851 	DATA 	TR 218 | TR1 109 | TR2 109
340.4515 	DATA 	Keypress: 5
340.4516 	DATA 	TR 219 | TR1 110 | TR2 109
342.0016 	DATA 	Keypress: 5
342.0016 	DATA 	TR 220 | TR1 110 | TR2 110
343.5687 	DATA 	Keypress: 5
343.5846 	DATA 	TR 221 | TR1 111 | TR2 110
343.8844 	DATA 	
343.8845 	DATA 	stimulation stopped
343.8845 	DATA 	
345.1344 	DATA 	Keypress: 5
345.1345 	DATA 	TR 222 | TR1 111 | TR2 111
346.7009 	DATA 	Keypress: 5
346.7010 	DATA 	TR 223 | TR1 112 | TR2 111
348.2508 	DATA 	Keypress: 5
348.2508 	DATA 	TR 224 | TR1 112 | TR2 112
349.8173 	DATA 	Keypress: 5
349.8173 	DATA 	TR 225 | TR1 113 | TR2 112
351.3672 	DATA 	Keypress: 5
351.3672 	DATA 	TR 226 | TR1 113 | TR2 113
352.9504 	DATA 	Keypress: 5
352.9504 	DATA 	TR 227 | TR1 114 | TR2 113
354.5003 	DATA 	Keypress: 5
354.5003 	DATA 	TR 228 | TR1 114 | TR2 114
356.0667 	DATA 	Keypress: 5
356.0668 	DATA 	TR 229 | TR1 115 | TR2 114
356.4667 	DATA 	Target presented
356.9833 	DATA 	Keypress: 1
356.9834 	DATA 	Key1 pressed
356.9834 	DATA 	Target detected
357.6166 	DATA 	Keypress: 5
357.6167 	DATA 	TR 230 | TR1 115 | TR2 115
359.1998 	DATA 	Keypress: 5
359.1999 	DATA 	TR 231 | TR1 116 | TR2 115
360.7497 	DATA 	Keypress: 5
360.7497 	DATA 	TR 232 | TR1 116 | TR2 116
362.3162 	DATA 	Keypress: 5
362.3162 	DATA 	TR 233 | TR1 117 | TR2 116
363.8661 	DATA 	Keypress: 5
363.8661 	DATA 	TR 234 | TR1 117 | TR2 117
365.4326 	DATA 	Keypress: 5
365.4327 	DATA 	TR 235 | TR1 118 | TR2 117
366.9991 	DATA 	Keypress: 5
366.9992 	DATA 	TR 236 | TR1 118 | TR2 118
368.5657 	DATA 	Keypress: 5
368.5658 	DATA 	TR 237 | TR1 119 | TR2 118
370.1155 	DATA 	Keypress: 5
370.1155 	DATA 	TR 238 | TR1 119 | TR2 119
371.6820 	DATA 	Keypress: 5
371.6821 	DATA 	TR 239 | TR1 120 | TR2 119
373.2319 	DATA 	Keypress: 5
373.2319 	DATA 	TR 240 | TR1 120 | TR2 120
373.8818 	DATA 	
373.8818 	DATA 	Trial complete
373.8818 	DATA 	Waiting for VASO trigger to start next trial
373.8818 	DATA 	
374.8150 	DATA 	Keypress: 5
374.8151 	DATA 	Waited 0.9332931041717529 seconds for trigger
374.8159 	DATA 	
374.8159 	DATA 	Trial 10
374.8159 	DATA 	stimDur = 12.0
374.8159 	DATA 	jitter = 0.0
374.8159 	DATA 	restDur = 30.0

374.8159 	DATA 	
374.8159 	DATA 	TR 241 | TR1 121 | TR2 120
374.8159 	DATA 	
374.8159 	DATA 	stimulation started
374.8159 	DATA 	
376.3650 	DATA 	Keypress: 5
376.3651 	DATA 	TR 242 | TR1 121 | TR2 121
377.9315 	DATA 	Keypress: 5
377.9315 	DATA 	TR 243 | TR1 122 | TR2 121
379.4814 	DATA 	Keypress: 5
379.4814 	DATA 	TR 244 | TR1 122 | TR2 122
381.0486 	DATA 	Keypress: 5
381.0645 	DATA 	TR 245 | TR1 123 | TR2 122
382.6144 	DATA 	Keypress: 5
382.6145 	DATA 	TR 246 | TR1 123 | TR2 123
384.1809 	DATA 	Keypress: 5
384.1810 	DATA 	TR 247 | TR1 124 | TR2 123
385.7308 	DATA 	Keypress: 5
385.7308 	DATA 	TR 248 | TR1 124 | TR2 124
386.8307 	DATA 	
386.8307 	DATA 	stimulation stopped
386.8307 	DATA 	
387.2973 	DATA 	Keypress: 5
387.2973 	DATA 	TR 249 | TR1 125 | TR2 124
388.8471 	DATA 	Keypress: 5
388.8472 	DATA 	TR 250 | TR1 125 | TR2 125
390.4303 	DATA 	Keypress: 5
390.4303 	DATA 	TR 251 | TR1 126 | TR2 125
391.9802 	DATA 	Keypress: 5
391.9802 	DATA 	TR 252 | TR1 126 | TR2 126
393.5467 	DATA 	Keypress: 5
393.5467 	DATA 	TR 253 | TR1 127 | TR2 126
395.0966 	DATA 	Keypress: 5
395.0966 	DATA 	TR 254 | TR1 127 | TR2 127
396.6797 	DATA 	Keypress: 5
396.6798 	DATA 	TR 255 | TR1 128 | TR2 127
398.2296 	DATA 	Keypress: 5
398.2297 	DATA 	TR 256 | TR1 128 | TR2 128
399.7961 	DATA 	Keypress: 5
399.7962 	DATA 	TR 257 | TR1 129 | TR2 128
401.3460 	DATA 	Keypress: 5
401.3461 	DATA 	TR 258 | TR1 129 | TR2 129
402.7792 	DATA 	Target presented
402.9125 	DATA 	Keypress: 5
402.9125 	DATA 	TR 259 | TR1 130 | TR2 129
403.2791 	DATA 	Keypress: 1
403.2792 	DATA 	Key1 pressed
403.2792 	DATA 	Target detected
404.4630 	DATA 	Keypress: 5
404.4790 	DATA 	TR 260 | TR1 130 | TR2 130
406.0457 	DATA 	Keypress: 5
406.0457 	DATA 	TR 261 | TR1 131 | TR2 130
407.5954 	DATA 	Keypress: 5
407.5955 	DATA 	TR 262 | TR1 131 | TR2 131
409.1619 	DATA 	Keypress: 5
409.1620 	DATA 	TR 263 | TR1 132 | TR2 131
410.7118 	DATA 	Keypress: 5
410.7119 	DATA 	TR 264 | TR1 132 | TR2 132
412.2950 	DATA 	Keypress: 5
412.2950 	DATA 	TR 265 | TR1 133 | TR2 132
413.8449 	DATA 	Keypress: 5
413.8449 	DATA 	TR 266 | TR1 133 | TR2 133
415.4114 	DATA 	Keypress: 5
415.4114 	DATA 	TR 267 | TR1 134 | TR2 133
416.8279 	DATA 	
416.8279 	DATA 	Trial complete
416.8279 	DATA 	Waiting for VASO trigger to start next trial
416.8279 	DATA 	
416.9613 	DATA 	Keypress: 5
416.9613 	DATA 	TR 268 | TR1 134 | TR2 134
418.5444 	DATA 	Keypress: 5
418.5445 	DATA 	Waited 1.7165420055389404 seconds for trigger
418.5452 	DATA 	
418.5453 	DATA 	Trial 11
418.5453 	DATA 	stimDur = 1.0
418.5453 	DATA 	jitter = 0.0
418.5453 	DATA 	restDur = 20.0

418.5453 	DATA 	
418.5453 	DATA 	TR 269 | TR1 135 | TR2 134
418.5453 	DATA 	
418.5453 	DATA 	stimulation started
418.5453 	DATA 	
419.5610 	DATA 	
419.5610 	DATA 	stimulation stopped
419.5610 	DATA 	
420.0943 	DATA 	Keypress: 5
420.0943 	DATA 	TR 270 | TR1 135 | TR2 135
421.6608 	DATA 	Keypress: 5
421.6608 	DATA 	TR 271 | TR1 136 | TR2 135
423.2107 	DATA 	Keypress: 5
423.2108 	DATA 	TR 272 | TR1 136 | TR2 136
424.7772 	DATA 	Keypress: 5
424.7773 	DATA 	TR 273 | TR1 137 | TR2 136
426.3271 	DATA 	Keypress: 5
426.3271 	DATA 	TR 274 | TR1 137 | TR2 137
427.9103 	DATA 	Keypress: 5
427.9103 	DATA 	TR 275 | TR1 138 | TR2 137
429.4601 	DATA 	Keypress: 5
429.4602 	DATA 	TR 276 | TR1 138 | TR2 138
431.0267 	DATA 	Keypress: 5
431.0267 	DATA 	TR 277 | TR1 139 | TR2 138
432.5767 	DATA 	Keypress: 5
432.5768 	DATA 	TR 278 | TR1 139 | TR2 139
434.1597 	DATA 	Keypress: 5
434.1597 	DATA 	TR 279 | TR1 140 | TR2 139
435.7096 	DATA 	Keypress: 5
435.7096 	DATA 	TR 280 | TR1 140 | TR2 140
437.2761 	DATA 	Keypress: 5
437.2761 	DATA 	TR 281 | TR1 141 | TR2 140
438.8259 	DATA 	Keypress: 5
438.8260 	DATA 	TR 282 | TR1 141 | TR2 141
439.5592 	DATA 	
439.5592 	DATA 	Trial complete
439.5592 	DATA 	Waiting for VASO trigger to start next trial
439.5592 	DATA 	
440.3925 	DATA 	Keypress: 5
440.3925 	DATA 	Waited 0.8333020210266113 seconds for trigger
440.3933 	DATA 	
440.3933 	DATA 	Trial 12
440.3933 	DATA 	stimDur = 2.0
440.3933 	DATA 	jitter = 2.35575
440.3933 	DATA 	restDur = 22.0

440.3933 	DATA 	
440.3933 	DATA 	TR 283 | TR1 142 | TR2 141
441.9590 	DATA 	Keypress: 5
441.9590 	DATA 	TR 284 | TR1 142 | TR2 142
442.7589 	DATA 	
442.7589 	DATA 	stimulation started
442.7589 	DATA 	
443.5256 	DATA 	Keypress: 5
443.5256 	DATA 	TR 285 | TR1 143 | TR2 142
444.7587 	DATA 	
444.7588 	DATA 	stimulation stopped
444.7588 	DATA 	
445.0754 	DATA 	Keypress: 5
445.0754 	DATA 	TR 286 | TR1 143 | TR2 143
446.6419 	DATA 	Keypress: 5
446.6419 	DATA 	TR 287 | TR1 144 | TR2 143
448.1919 	DATA 	Keypress: 5
448.1920 	DATA 	TR 288 | TR1 144 | TR2 144
449.7749 	DATA 	Keypress: 5
449.7750 	DATA 	TR 289 | TR1 145 | TR2 144
451.3248 	DATA 	Keypress: 5
451.3248 	DATA 	TR 290 | TR1 145 | TR2 145
452.8913 	DATA 	Keypress: 5
452.8913 	DATA 	TR 291 | TR1 146 | TR2 145
454.4412 	DATA 	Keypress: 5
454.4412 	DATA 	TR 292 | TR1 146 | TR2 146
456.0243 	DATA 	Keypress: 5
456.0244 	DATA 	TR 293 | TR1 147 | TR2 146
457.5743 	DATA 	Keypress: 5
457.5743 	DATA 	TR 294 | TR1 147 | TR2 147
459.1408 	DATA 	Keypress: 5
459.1408 	DATA 	TR 295 | TR1 148 | TR2 147
460.6906 	DATA 	Keypress: 5
460.6907 	DATA 	TR 296 | TR1 148 | TR2 148
462.2571 	DATA 	Keypress: 5
462.2572 	DATA 	TR 297 | TR1 149 | TR2 148
463.8076 	DATA 	Keypress: 5
463.8236 	DATA 	TR 298 | TR1 149 | TR2 149
465.3902 	DATA 	Keypress: 5
465.3902 	DATA 	TR 299 | TR1 150 | TR2 149
466.7567 	DATA 	
466.7567 	DATA 	Trial complete
466.7567 	DATA 	Waiting for VASO trigger to start next trial
466.7567 	DATA 	
466.9401 	DATA 	Keypress: 5
466.9401 	DATA 	TR 300 | TR1 150 | TR2 150
468.5066 	DATA 	Keypress: 5
468.5066 	DATA 	Waited 1.7498888969421387 seconds for trigger
468.5074 	DATA 	
468.5074 	DATA 	Trial 13
468.5074 	DATA 	stimDur = 4.0
468.5074 	DATA 	jitter = 1.5705
468.5074 	DATA 	restDur = 24.0

468.5074 	DATA 	
468.5074 	DATA 	TR 301 | TR1 151 | TR2 150
468.8232 	DATA 	Target presented
469.3232 	DATA 	Keypress: 1
469.3233 	DATA 	Key1 pressed
469.3233 	DATA 	Target detected
470.0564 	DATA 	Keypress: 5
470.0565 	DATA 	TR 302 | TR1 151 | TR2 151
470.0898 	DATA 	
470.0898 	DATA 	stimulation started
470.0898 	DATA 	
471.6397 	DATA 	Keypress: 5
471.6397 	DATA 	TR 303 | TR1 152 | TR2 151
473.1895 	DATA 	Keypress: 5
473.1896 	DATA 	TR 304 | TR1 152 | TR2 152
474.0894 	DATA 	
474.0894 	DATA 	stimulation stopped
474.0894 	DATA 	
474.7560 	DATA 	Keypress: 5
474.7561 	DATA 	TR 305 | TR1 153 | TR2 152
476.3060 	DATA 	Keypress: 5
476.3061 	DATA 	TR 306 | TR1 153 | TR2 153
477.8730 	DATA 	Keypress: 5
477.8890 	DATA 	TR 307 | TR1 154 | TR2 153
479.4390 	DATA 	Keypress: 5
479.4390 	DATA 	TR 308 | TR1 154 | TR2 154
481.0054 	DATA 	Keypress: 5
481.0055 	DATA 	TR 309 | TR1 155 | TR2 154
482.5553 	DATA 	Keypress: 5
482.5554 	DATA 	TR 310 | TR1 155 | TR2 155
484.1218 	DATA 	Keypress: 5
484.1218 	DATA 	TR 311 | TR1 156 | TR2 155
485.6717 	DATA 	Keypress: 5
485.6717 	DATA 	TR 312 | TR1 156 | TR2 156
487.2549 	DATA 	Keypress: 5
487.2549 	DATA 	TR 313 | TR1 157 | TR2 156
488.8048 	DATA 	Keypress: 5
488.8048 	DATA 	TR 314 | TR1 157 | TR2 157
490.3713 	DATA 	Keypress: 5
490.3713 	DATA 	TR 315 | TR1 158 | TR2 157
491.9212 	DATA 	Keypress: 5
491.9212 	DATA 	TR 316 | TR1 158 | TR2 158
493.5043 	DATA 	Keypress: 5
493.5044 	DATA 	TR 317 | TR1 159 | TR2 158
495.0542 	DATA 	Keypress: 5
495.0543 	DATA 	TR 318 | TR1 159 | TR2 159
496.6207 	DATA 	Keypress: 5
496.6207 	DATA 	TR 319 | TR1 160 | TR2 159
498.0872 	DATA 	
498.0872 	DATA 	Trial complete
498.0872 	DATA 	Waiting for VASO trigger to start next trial
498.0872 	DATA 	
498.1706 	DATA 	Keypress: 5
498.1706 	DATA 	TR 320 | TR1 160 | TR2 160
499.7372 	DATA 	Keypress: 5
499.7373 	DATA 	Waited 1.6500089168548584 seconds for trigger
499.7380 	DATA 	
499.7380 	DATA 	Trial 14
499.7381 	DATA 	stimDur = 24.0
499.7381 	DATA 	jitter = 0.78525
499.7381 	DATA 	restDur = 40.0

499.7381 	DATA 	
499.7381 	DATA 	TR 321 | TR1 161 | TR2 160
500.5370 	DATA 	
500.5370 	DATA 	stimulation started
500.5370 	DATA 	
501.3037 	DATA 	Keypress: 5
501.3038 	DATA 	TR 322 | TR1 161 | TR2 161
502.8702 	DATA 	Keypress: 5
502.8702 	DATA 	TR 323 | TR1 162 | TR2 161
504.4201 	DATA 	Keypress: 5
504.4201 	DATA 	TR 324 | TR1 162 | TR2 162
505.9866 	DATA 	Keypress: 5
505.9866 	DATA 	TR 325 | TR1 163 | TR2 162
507.5365 	DATA 	Keypress: 5
507.5365 	DATA 	TR 326 | TR1 163 | TR2 163
509.1196 	DATA 	Keypress: 5
509.1197 	DATA 	TR 327 | TR1 164 | TR2 163
510.6695 	DATA 	Keypress: 5
510.6696 	DATA 	TR 328 | TR1 164 | TR2 164
512.2360 	DATA 	Keypress: 5
512.2361 	DATA 	TR 329 | TR1 165 | TR2 164
513.7860 	DATA 	Keypress: 5
513.7861 	DATA 	TR 330 | TR1 165 | TR2 165
515.3532 	DATA 	Keypress: 5
515.3690 	DATA 	TR 331 | TR1 166 | TR2 165
516.9190 	DATA 	Keypress: 5
516.9190 	DATA 	TR 332 | TR1 166 | TR2 166
518.4855 	DATA 	Keypress: 5
518.4855 	DATA 	TR 333 | TR1 167 | TR2 166
520.0354 	DATA 	Keypress: 5
520.0354 	DATA 	TR 334 | TR1 167 | TR2 167
521.6018 	DATA 	Keypress: 5
521.6019 	DATA 	TR 335 | TR1 168 | TR2 167
523.1517 	DATA 	Keypress: 5
523.1518 	DATA 	TR 336 | TR1 168 | TR2 168
524.5349 	DATA 	
524.5349 	DATA 	stimulation stopped
524.5349 	DATA 	
524.7348 	DATA 	Keypress: 5
524.7349 	DATA 	TR 337 | TR1 169 | TR2 168
526.2847 	DATA 	Keypress: 5
526.2848 	DATA 	TR 338 | TR1 169 | TR2 169
527.8512 	DATA 	Keypress: 5
527.8512 	DATA 	TR 339 | TR1 170 | TR2 169
529.4011 	DATA 	Keypress: 5
529.4011 	DATA 	TR 340 | TR1 170 | TR2 170
530.9843 	DATA 	Keypress: 5
530.9843 	DATA 	TR 341 | TR1 171 | TR2 170
532.5342 	DATA 	Keypress: 5
532.5342 	DATA 	TR 342 | TR1 171 | TR2 171
534.1006 	DATA 	Keypress: 5
534.1007 	DATA 	TR 343 | TR1 172 | TR2 171
535.6505 	DATA 	Keypress: 5
535.6506 	DATA 	TR 344 | TR1 172 | TR2 172
536.0171 	DATA 	Target presented
536.6171 	DATA 	Keypress: 1
536.6171 	DATA 	Key1 pressed
536.6171 	DATA 	Target detected
537.2170 	DATA 	Keypress: 5
537.2170 	DATA 	TR 345 | TR1 173 | TR2 172
538.7675 	DATA 	Keypress: 5
538.7835 	DATA 	TR 346 | TR1 173 | TR2 173
540.3501 	DATA 	Keypress: 5
540.3501 	DATA 	TR 347 | TR1 174 | TR2 173
541.9000 	DATA 	Keypress: 5
541.9000 	DATA 	TR 348 | TR1 174 | TR2 174
543.4665 	DATA 	Keypress: 5
543.4665 	DATA 	TR 349 | TR1 175 | TR2 174
545.0163 	DATA 	Keypress: 5
545.0164 	DATA 	TR 350 | TR1 175 | TR2 175
546.5995 	DATA 	Keypress: 5
546.5996 	DATA 	TR 351 | TR1 176 | TR2 175
548.1494 	DATA 	Keypress: 5
548.1495 	DATA 	TR 352 | TR1 176 | TR2 176
549.7159 	DATA 	Keypress: 5
549.7160 	DATA 	TR 353 | TR1 177 | TR2 176
551.2658 	DATA 	Keypress: 5
551.2658 	DATA 	TR 354 | TR1 177 | TR2 177
552.8490 	DATA 	Keypress: 5
552.8490 	DATA 	TR 355 | TR1 178 | TR2 177
554.3988 	DATA 	Keypress: 5
554.3989 	DATA 	TR 356 | TR1 178 | TR2 178
555.9653 	DATA 	Keypress: 5
555.9654 	DATA 	TR 357 | TR1 179 | TR2 178
557.5152 	DATA 	Keypress: 5
557.5153 	DATA 	TR 358 | TR1 179 | TR2 179
559.0816 	DATA 	Keypress: 5
559.0817 	DATA 	TR 359 | TR1 180 | TR2 179
560.6317 	DATA 	Keypress: 5
560.6317 	DATA 	TR 360 | TR1 180 | TR2 180
562.2148 	DATA 	Keypress: 5
562.2148 	DATA 	TR 361 | TR1 181 | TR2 180
563.7646 	DATA 	Keypress: 5
563.7647 	DATA 	TR 362 | TR1 181 | TR2 181
564.5312 	DATA 	
564.5312 	DATA 	Trial complete
564.5312 	DATA 	Waiting for VASO trigger to start next trial
564.5312 	DATA 	
565.3312 	DATA 	Keypress: 5
565.3312 	DATA 	Waited 0.7999680042266846 seconds for trigger
565.3320 	DATA 	
565.3320 	DATA 	Trial 15
565.3320 	DATA 	stimDur = 12.0
565.3320 	DATA 	jitter = 1.5705
565.3320 	DATA 	restDur = 30.0

565.3320 	DATA 	
565.3320 	DATA 	TR 363 | TR1 182 | TR2 181
566.8810 	DATA 	Keypress: 5
566.8811 	DATA 	TR 364 | TR1 182 | TR2 182
566.9143 	DATA 	
566.9144 	DATA 	stimulation started
566.9144 	DATA 	
568.4643 	DATA 	Keypress: 5
568.4643 	DATA 	TR 365 | TR1 183 | TR2 182
570.0141 	DATA 	Keypress: 5
570.0142 	DATA 	TR 366 | TR1 183 | TR2 183
571.5807 	DATA 	Keypress: 5
571.5807 	DATA 	TR 367 | TR1 184 | TR2 183
573.1305 	DATA 	Keypress: 5
573.1306 	DATA 	TR 368 | TR1 184 | TR2 184
574.6971 	DATA 	Keypress: 5
574.6971 	DATA 	TR 369 | TR1 185 | TR2 184
576.2636 	DATA 	Keypress: 5
576.2636 	DATA 	TR 370 | TR1 185 | TR2 185
577.8301 	DATA 	Keypress: 5
577.8302 	DATA 	TR 371 | TR1 186 | TR2 185
578.9133 	DATA 	
578.9133 	DATA 	stimulation stopped
578.9133 	DATA 	
579.3799 	DATA 	Keypress: 5
579.3799 	DATA 	TR 372 | TR1 186 | TR2 186
580.9464 	DATA 	Keypress: 5
580.9465 	DATA 	TR 373 | TR1 187 | TR2 186
582.4964 	DATA 	Keypress: 5
582.4965 	DATA 	TR 374 | TR1 187 | TR2 187
584.0795 	DATA 	Keypress: 5
584.0796 	DATA 	TR 375 | TR1 188 | TR2 187
585.6293 	DATA 	Keypress: 5
585.6293 	DATA 	TR 376 | TR1 188 | TR2 188
587.1959 	DATA 	Keypress: 5
587.1959 	DATA 	TR 377 | TR1 189 | TR2 188
588.7457 	DATA 	Keypress: 5
588.7458 	DATA 	TR 378 | TR1 189 | TR2 189
590.3289 	DATA 	Keypress: 5
590.3290 	DATA 	TR 379 | TR1 190 | TR2 189
591.8788 	DATA 	Keypress: 5
591.8788 	DATA 	TR 380 | TR1 190 | TR2 190
593.4453 	DATA 	Keypress: 5
593.4454 	DATA 	TR 381 | TR1 191 | TR2 190
594.9951 	DATA 	Keypress: 5
594.9952 	DATA 	TR 382 | TR1 191 | TR2 191
596.5617 	DATA 	Keypress: 5
596.5617 	DATA 	TR 383 | TR1 192 | TR2 191
598.1122 	DATA 	Keypress: 5
598.1282 	DATA 	TR 384 | TR1 192 | TR2 192
599.6947 	DATA 	Keypress: 5
599.6948 	DATA 	TR 385 | TR1 193 | TR2 192
601.2445 	DATA 	Keypress: 5
601.2446 	DATA 	TR 386 | TR1 193 | TR2 193
602.8111 	DATA 	Keypress: 5
602.8112 	DATA 	TR 387 | TR1 194 | TR2 193
604.3610 	DATA 	Keypress: 5
604.3610 	DATA 	TR 388 | TR1 194 | TR2 194
605.9441 	DATA 	Keypress: 5
605.9441 	DATA 	TR 389 | TR1 195 | TR2 194
607.4940 	DATA 	Keypress: 5
607.4941 	DATA 	TR 390 | TR1 195 | TR2 195
608.9105 	DATA 	
608.9105 	DATA 	Trial complete
608.9105 	DATA 	Waiting for VASO trigger to start next trial
608.9105 	DATA 	
609.0606 	DATA 	Keypress: 5
609.0606 	DATA 	Waited 0.15008091926574707 seconds for trigger
609.0614 	DATA 	
609.0614 	DATA 	Trial 16
609.0614 	DATA 	stimDur = 12.0
609.0614 	DATA 	jitter = 2.35575
609.0614 	DATA 	restDur = 30.0

609.0614 	DATA 	
609.0614 	DATA 	TR 391 | TR1 196 | TR2 195
610.3771 	DATA 	Target presented
610.6104 	DATA 	Keypress: 5
610.6105 	DATA 	TR 392 | TR1 196 | TR2 196
610.9770 	DATA 	Keypress: 1
610.9771 	DATA 	Key1 pressed
610.9771 	DATA 	Target detected
611.4270 	DATA 	
611.4270 	DATA 	stimulation started
611.4270 	DATA 	
612.1770 	DATA 	Keypress: 5
612.1771 	DATA 	TR 393 | TR1 197 | TR2 196
613.7435 	DATA 	Keypress: 5
613.7435 	DATA 	TR 394 | TR1 197 | TR2 197
615.3101 	DATA 	Keypress: 5
615.3101 	DATA 	TR 395 | TR1 198 | TR2 197
616.8599 	DATA 	Keypress: 5
616.8600 	DATA 	TR 396 | TR1 198 | TR2 198
618.4264 	DATA 	Keypress: 5
618.4265 	DATA 	TR 397 | TR1 199 | TR2 198
619.9762 	DATA 	Keypress: 5
619.9763 	DATA 	TR 398 | TR1 199 | TR2 199
621.5595 	DATA 	Keypress: 5
621.5596 	DATA 	TR 399 | TR1 200 | TR2 199
623.1093 	DATA 	Keypress: 5
623.1094 	DATA 	TR 400 | TR1 200 | TR2 200
623.4259 	DATA 	
623.4260 	DATA 	stimulation stopped
623.4260 	DATA 	
624.6758 	DATA 	Keypress: 5
624.6759 	DATA 	TR 401 | TR1 201 | TR2 200
626.2256 	DATA 	Keypress: 5
626.2257 	DATA 	TR 402 | TR1 201 | TR2 201
627.8089 	DATA 	Keypress: 5
627.8089 	DATA 	TR 403 | TR1 202 | TR2 201
629.3587 	DATA 	Keypress: 5
629.3587 	DATA 	TR 404 | TR1 202 | TR2 202
630.9252 	DATA 	Keypress: 5
630.9253 	DATA 	TR 405 | TR1 203 | TR2 202
632.4751 	DATA 	Keypress: 5
632.4751 	DATA 	TR 406 | TR1 203 | TR2 203
634.0417 	DATA 	Keypress: 5
634.0417 	DATA 	TR 407 | TR1 204 | TR2 203
635.6082 	DATA 	Keypress: 5
635.6082 	DATA 	TR 408 | TR1 204 | TR2 204
637.1747 	DATA 	Keypress: 5
637.1747 	DATA 	TR 409 | TR1 205 | TR2 204
638.7245 	DATA 	Keypress: 5
638.7246 	DATA 	TR 410 | TR1 205 | TR2 205
640.2911 	DATA 	Keypress: 5
640.2911 	DATA 	TR 411 | TR1 206 | TR2 205
641.8409 	DATA 	Keypress: 5
641.8410 	DATA 	TR 412 | TR1 206 | TR2 206
643.4242 	DATA 	Keypress: 5
643.4242 	DATA 	TR 413 | TR1 207 | TR2 206
644.9740 	DATA 	Keypress: 5
644.9741 	DATA 	TR 414 | TR1 207 | TR2 207
646.5405 	DATA 	Keypress: 5
646.5406 	DATA 	TR 415 | TR1 208 | TR2 207
648.0903 	DATA 	Keypress: 5
648.0904 	DATA 	TR 416 | TR1 208 | TR2 208
649.6575 	DATA 	Keypress: 5
649.6736 	DATA 	TR 417 | TR1 209 | TR2 208
651.2234 	DATA 	Keypress: 5
651.2234 	DATA 	TR 418 | TR1 209 | TR2 209
652.7900 	DATA 	Keypress: 5
652.7900 	DATA 	TR 419 | TR1 210 | TR2 209
653.4232 	DATA 	
653.4232 	DATA 	Trial complete
653.4232 	DATA 	Waiting for VASO trigger to start next trial
653.4232 	DATA 	
654.3398 	DATA 	Keypress: 5
654.3398 	DATA 	TR 420 | TR1 210 | TR2 210
655.9063 	DATA 	Keypress: 5
655.9064 	DATA 	Waited 2.4831628799438477 seconds for trigger
655.9071 	DATA 	
655.9072 	DATA 	Trial 17
655.9072 	DATA 	stimDur = 24.0
655.9072 	DATA 	jitter = 0.0
655.9072 	DATA 	restDur = 40.0

655.9072 	DATA 	
655.9072 	DATA 	TR 421 | TR1 211 | TR2 210
655.9072 	DATA 	
655.9072 	DATA 	stimulation started
655.9072 	DATA 	
657.4562 	DATA 	Keypress: 5
657.4563 	DATA 	TR 422 | TR1 211 | TR2 211
659.0395 	DATA 	Keypress: 5
659.0395 	DATA 	TR 423 | TR1 212 | TR2 211
660.5893 	DATA 	Keypress: 5
660.5893 	DATA 	TR 424 | TR1 212 | TR2 212
662.1558 	DATA 	Keypress: 5
662.1559 	DATA 	TR 425 | TR1 213 | TR2 212
663.6890 	DATA 	Target presented
663.7057 	DATA 	Keypress: 5
663.7057 	DATA 	TR 426 | TR1 213 | TR2 213
664.1889 	DATA 	Keypress: 1
664.1890 	DATA 	Key1 pressed
664.1890 	DATA 	Target detected
665.2889 	DATA 	Keypress: 5
665.2889 	DATA 	TR 427 | TR1 214 | TR2 213
666.8387 	DATA 	Keypress: 5
666.8387 	DATA 	TR 428 | TR1 214 | TR2 214
668.4053 	DATA 	Keypress: 5
668.4053 	DATA 	TR 429 | TR1 215 | TR2 214
669.9551 	DATA 	Keypress: 5
669.9551 	DATA 	TR 430 | TR1 215 | TR2 215
671.5217 	DATA 	Keypress: 5
671.5217 	DATA 	TR 431 | TR1 216 | TR2 215
673.0722 	DATA 	Keypress: 5
673.0881 	DATA 	TR 432 | TR1 216 | TR2 216
674.6547 	DATA 	Keypress: 5
674.6548 	DATA 	TR 433 | TR1 217 | TR2 216
676.2045 	DATA 	Keypress: 5
676.2046 	DATA 	TR 434 | TR1 217 | TR2 217
677.7711 	DATA 	Keypress: 5
677.7711 	DATA 	TR 435 | TR1 218 | TR2 217
679.3209 	DATA 	Keypress: 5
679.3209 	DATA 	TR 436 | TR1 218 | TR2 218
679.9208 	DATA 	
679.9208 	DATA 	stimulation stopped
679.9208 	DATA 	
680.9041 	DATA 	Keypress: 5
680.9041 	DATA 	TR 437 | TR1 219 | TR2 218
682.4540 	DATA 	Keypress: 5
682.4541 	DATA 	TR 438 | TR1 219 | TR2 219
684.0205 	DATA 	Keypress: 5
684.0205 	DATA 	TR 439 | TR1 220 | TR2 219
685.5703 	DATA 	Keypress: 5
685.5704 	DATA 	TR 440 | TR1 220 | TR2 220
687.1535 	DATA 	Keypress: 5
687.1535 	DATA 	TR 441 | TR1 221 | TR2 220
688.7033 	DATA 	Keypress: 5
688.7034 	DATA 	TR 442 | TR1 221 | TR2 221
690.2699 	DATA 	Keypress: 5
690.2699 	DATA 	TR 443 | TR1 222 | TR2 221
691.8197 	DATA 	Keypress: 5
691.8198 	DATA 	TR 444 | TR1 222 | TR2 222
693.3863 	DATA 	Keypress: 5
693.3864 	DATA 	TR 445 | TR1 223 | TR2 222
694.9368 	DATA 	Keypress: 5
694.9527 	DATA 	TR 446 | TR1 223 | TR2 223
696.5193 	DATA 	Keypress: 5
696.5194 	DATA 	TR 447 | TR1 224 | TR2 223
698.0692 	DATA 	Keypress: 5
698.0692 	DATA 	TR 448 | TR1 224 | TR2 224
699.6357 	DATA 	Keypress: 5
699.6358 	DATA 	TR 449 | TR1 225 | TR2 224
701.1856 	DATA 	Keypress: 5
701.1856 	DATA 	TR 450 | TR1 225 | TR2 225
702.7688 	DATA 	Keypress: 5
702.7689 	DATA 	TR 451 | TR1 226 | TR2 225
704.3186 	DATA 	Keypress: 5
704.3187 	DATA 	TR 452 | TR1 226 | TR2 226
705.8852 	DATA 	Keypress: 5
705.8852 	DATA 	TR 453 | TR1 227 | TR2 226
707.4350 	DATA 	Keypress: 5
707.4350 	DATA 	TR 454 | TR1 227 | TR2 227
709.0022 	DATA 	Keypress: 5
709.0182 	DATA 	TR 455 | TR1 228 | TR2 227
710.5681 	DATA 	Keypress: 5
710.5681 	DATA 	TR 456 | TR1 228 | TR2 228
712.1346 	DATA 	Keypress: 5
712.1347 	DATA 	TR 457 | TR1 229 | TR2 228
713.6844 	DATA 	Keypress: 5
713.6845 	DATA 	TR 458 | TR1 229 | TR2 229
715.2510 	DATA 	Keypress: 5
715.2510 	DATA 	TR 459 | TR1 230 | TR2 229
716.8008 	DATA 	Keypress: 5
716.8009 	DATA 	TR 460 | TR1 230 | TR2 230
718.3840 	DATA 	Keypress: 5
718.3841 	DATA 	TR 461 | TR1 231 | TR2 230
719.9172 	DATA 	
719.9172 	DATA 	Trial complete
719.9172 	DATA 	Waiting for VASO trigger to start next trial
719.9172 	DATA 	
719.9338 	DATA 	Keypress: 5
719.9339 	DATA 	TR 462 | TR1 231 | TR2 231
721.5004 	DATA 	Keypress: 5
721.5005 	DATA 	Waited 1.583292007446289 seconds for trigger
721.5013 	DATA 	
721.5013 	DATA 	Trial 18
721.5013 	DATA 	stimDur = 1.0
721.5013 	DATA 	jitter = 2.35575
721.5013 	DATA 	restDur = 20.0

721.5013 	DATA 	
721.5013 	DATA 	TR 463 | TR1 232 | TR2 231
723.0502 	DATA 	Keypress: 5
723.0503 	DATA 	TR 464 | TR1 232 | TR2 232
723.8668 	DATA 	
723.8668 	DATA 	stimulation started
723.8668 	DATA 	
724.6176 	DATA 	Keypress: 5
724.6335 	DATA 	TR 465 | TR1 233 | TR2 232
724.8668 	DATA 	
724.8668 	DATA 	stimulation stopped
724.8668 	DATA 	
726.1833 	DATA 	Keypress: 5
726.1833 	DATA 	TR 466 | TR1 233 | TR2 233
727.7499 	DATA 	Keypress: 5
727.7499 	DATA 	TR 467 | TR1 234 | TR2 233
729.2997 	DATA 	Keypress: 5
729.2997 	DATA 	TR 468 | TR1 234 | TR2 234
730.8662 	DATA 	Keypress: 5
730.8663 	DATA 	TR 469 | TR1 235 | TR2 234
732.4167 	DATA 	Keypress: 5
732.4327 	DATA 	TR 470 | TR1 235 | TR2 235
733.9993 	DATA 	Keypress: 5
733.9993 	DATA 	TR 471 | TR1 236 | TR2 235
735.5491 	DATA 	Keypress: 5
735.5492 	DATA 	TR 472 | TR1 236 | TR2 236
737.1157 	DATA 	Keypress: 5
737.1157 	DATA 	TR 473 | TR1 237 | TR2 236
738.6654 	DATA 	Keypress: 5
738.6654 	DATA 	TR 474 | TR1 237 | TR2 237
740.2487 	DATA 	Keypress: 5
740.2488 	DATA 	TR 475 | TR1 238 | TR2 237
741.6986 	DATA 	Target presented
741.7986 	DATA 	Keypress: 5
741.7986 	DATA 	TR 476 | TR1 238 | TR2 238
742.1152 	DATA 	Keypress: 1
742.1153 	DATA 	Key1 pressed
742.1153 	DATA 	Target detected
743.3651 	DATA 	Keypress: 5
743.3652 	DATA 	TR 477 | TR1 239 | TR2 238
744.8649 	DATA 	
744.8649 	DATA 	Trial complete
744.8649 	DATA 	Waiting for VASO trigger to start next trial
744.8650 	DATA 	
744.9150 	DATA 	Keypress: 5
744.9151 	DATA 	TR 478 | TR1 239 | TR2 239
746.4815 	DATA 	Keypress: 5
746.4816 	DATA 	Waited 1.6166050434112549 seconds for trigger
746.4823 	DATA 	
746.4823 	DATA 	Trial 19
746.4823 	DATA 	stimDur = 2.0
746.4824 	DATA 	jitter = 0.0
746.4824 	DATA 	restDur = 22.0

746.4824 	DATA 	
746.4824 	DATA 	TR 479 | TR1 240 | TR2 239
746.4824 	DATA 	
746.4824 	DATA 	stimulation started
746.4824 	DATA 	
748.0481 	DATA 	Keypress: 5
748.0481 	DATA 	TR 480 | TR1 240 | TR2 240
748.4980 	DATA 	
748.4980 	DATA 	stimulation stopped
748.4980 	DATA 	
749.6145 	DATA 	Keypress: 5
749.6146 	DATA 	TR 481 | TR1 241 | TR2 240
751.1644 	DATA 	Keypress: 5
751.1644 	DATA 	TR 482 | TR1 241 | TR2 241
752.7309 	DATA 	Keypress: 5
752.7309 	DATA 	TR 483 | TR1 242 | TR2 241
754.2808 	DATA 	Keypress: 5
754.2809 	DATA 	TR 484 | TR1 242 | TR2 242
755.8640 	DATA 	Keypress: 5
755.8640 	DATA 	TR 485 | TR1 243 | TR2 242
757.4138 	DATA 	Keypress: 5
757.4139 	DATA 	TR 486 | TR1 243 | TR2 243
758.9803 	DATA 	Keypress: 5
758.9804 	DATA 	TR 487 | TR1 244 | TR2 243
760.5302 	DATA 	Keypress: 5
760.5303 	DATA 	TR 488 | TR1 244 | TR2 244
762.1134 	DATA 	Keypress: 5
762.1134 	DATA 	TR 489 | TR1 245 | TR2 244
763.6633 	DATA 	Keypress: 5
763.6633 	DATA 	TR 490 | TR1 245 | TR2 245
765.2298 	DATA 	Keypress: 5
765.2298 	DATA 	TR 491 | TR1 246 | TR2 245
766.7797 	DATA 	Keypress: 5
766.7797 	DATA 	TR 492 | TR1 246 | TR2 246
768.3461 	DATA 	Keypress: 5
768.3462 	DATA 	TR 493 | TR1 247 | TR2 246
769.8967 	DATA 	Keypress: 5
769.9127 	DATA 	TR 494 | TR1 247 | TR2 247
770.4960 	DATA 	
770.4960 	DATA 	Trial complete
770.4960 	DATA 	
771.4792 	DATA 	Keypress: 5
771.4793 	DATA 	Waited 26.61431097984314 seconds for trigger
771.4801 	DATA 	
771.4801 	DATA 	Trial 20
771.4801 	DATA 	stimDur = 4.0
771.4801 	DATA 	jitter = 0.0
771.4801 	DATA 	restDur = 24.0

771.4801 	DATA 	
771.4801 	DATA 	TR 495 | TR1 248 | TR2 247
771.4801 	DATA 	
771.4801 	DATA 	stimulation started
771.4801 	DATA 	
773.0291 	DATA 	Keypress: 5
773.0292 	DATA 	TR 496 | TR1 248 | TR2 248
774.5957 	DATA 	Keypress: 5
774.5958 	DATA 	TR 497 | TR1 249 | TR2 248
775.4957 	DATA 	
775.4957 	DATA 	stimulation stopped
775.4957 	DATA 	
776.1455 	DATA 	Keypress: 5
776.1455 	DATA 	TR 498 | TR1 249 | TR2 249
777.7286 	DATA 	Keypress: 5
777.7287 	DATA 	TR 499 | TR1 250 | TR2 249
779.2785 	DATA 	Keypress: 5
779.2786 	DATA 	TR 500 | TR1 250 | TR2 250
780.8451 	DATA 	Keypress: 5
780.8451 	DATA 	TR 501 | TR1 251 | TR2 250
782.3949 	DATA 	Keypress: 5
782.3950 	DATA 	TR 502 | TR1 251 | TR2 251
783.9620 	DATA 	Keypress: 5
783.9781 	DATA 	TR 503 | TR1 252 | TR2 251
785.5280 	DATA 	Keypress: 5
785.5280 	DATA 	TR 504 | TR1 252 | TR2 252
787.0945 	DATA 	Keypress: 5
787.0945 	DATA 	TR 505 | TR1 253 | TR2 252
788.6444 	DATA 	Keypress: 5
788.6444 	DATA 	TR 506 | TR1 253 | TR2 253
790.2109 	DATA 	Keypress: 5
790.2109 	DATA 	TR 507 | TR1 254 | TR2 253
791.7606 	DATA 	Keypress: 5
791.7607 	DATA 	TR 508 | TR1 254 | TR2 254
793.3439 	DATA 	Keypress: 5
793.3440 	DATA 	TR 509 | TR1 255 | TR2 254
794.8938 	DATA 	Keypress: 5
794.8938 	DATA 	TR 510 | TR1 255 | TR2 255
796.4603 	DATA 	Keypress: 5
796.4603 	DATA 	TR 511 | TR1 256 | TR2 255
798.0102 	DATA 	Keypress: 5
798.0102 	DATA 	TR 512 | TR1 256 | TR2 256
799.4935 	DATA 	
799.4935 	DATA 	Trial complete
799.4935 	DATA 	
799.5933 	DATA 	Keypress: 5
799.5934 	DATA 	TR 513 | TR1 257 | TR2 256
801.1433 	DATA 	Keypress: 5
801.1433 	DATA 	TR 514 | TR1 257 | TR2 257
802.7097 	DATA 	Keypress: 5
802.7098 	DATA 	TR 515 | TR1 258 | TR2 257
804.2596 	DATA 	Keypress: 5
804.2597 	DATA 	TR 516 | TR1 258 | TR2 258
805.8261 	DATA 	Keypress: 5
805.8261 	DATA 	TR 517 | TR1 259 | TR2 258
807.3927 	DATA 	Keypress: 5
807.3927 	DATA 	TR 518 | TR1 259 | TR2 259
808.9592 	DATA 	Keypress: 5
808.9592 	DATA 	TR 519 | TR1 260 | TR2 259
810.5090 	DATA 	Keypress: 5
810.5091 	DATA 	TR 520 | TR1 260 | TR2 260
811.4590 	DATA 	Target presented
812.0257 	DATA 	Keypress: 1
812.0257 	DATA 	Key1 pressed
812.0257 	DATA 	Target detected
812.0755 	DATA 	Keypress: 5
812.0756 	DATA 	TR 521 | TR1 261 | TR2 260
813.6254 	DATA 	Keypress: 5
813.6255 	DATA 	TR 522 | TR1 261 | TR2 261
815.2086 	DATA 	Keypress: 5
815.2087 	DATA 	TR 523 | TR1 262 | TR2 261
816.7585 	DATA 	Keypress: 5
816.7585 	DATA 	TR 524 | TR1 262 | TR2 262
818.3250 	DATA 	Keypress: 5
818.3251 	DATA 	TR 525 | TR1 263 | TR2 262
819.8749 	DATA 	Keypress: 5
819.8749 	DATA 	TR 526 | TR1 263 | TR2 263
825.9243 	DATA 	EndOfRun sub-06_ses-03_run-05

825.9243 	DATA 	We spent 55.35925102233887 seconds waiting for triggers
825.9243 	DATA 	RatioOfDetectedTargets 1.0
825.9243 	DATA 	You have detected 12 out of 12 targets.
830.9540 	EXP 	window1: mouseVisible = True
