MonitorDistance=99cm
MonitorWidth=30cm
PixelWidth=1024.0
PixelHeight=768.0
You have detected 11 out of 12 targets.
Well done! Keep up the good work
6.4888 	INFO 	Loaded monitor calibration from ['2021_05_26 17:55']
7.0474 	EXP 	Created window1 = Window(allowGUI=False, allowStencil=False, autoLog=True, backendConf=UNKNOWN, bitsMode=UNKNOWN, blendMode='avg', bpc=(8, 8, 8), color=array([-0.5, -0.5, -0.5]), colorSpace='rgb', depthBits=8, fullscr=<method-wrapper '__getattribute__' of attributeSetter object at 0x7f6509f8e390>, gamma=None, gammaErrorPolicy='raise', lms=UNKNOWN, monitor=<psychopy.monitors.calibTools.Monitor object at 0x7f64ffdc2f28>, multiSample=False, name='window1', numSamples=2, pos=[0.0, 0.0], screen=0, size=array([1024,  768]), stencilBits=0, stereo=False, units='deg', useFBO=False, useRetina=False, viewOri=0.0, viewPos=None, viewScale=None, waitBlanking=True, winType='pyglet')
7.0475 	EXP 	window1: mouseVisible = True
7.1400 	EXP 	Created unnamed TextStim = TextStim(__class__=<class 'psychopy.visual.text.TextStim'>, alignHoriz=method-wrapper(...), alignText='center', alignVert=method-wrapper(...), anchorHoriz='center', anchorVert='center', antialias=True, autoLog=True, bold=False, color=array([1., 1., 1.]), colorSpace='rgb', contrast=1.0, depth=0, flipHoriz=False, flipVert=False, font='', fontFiles=[], height=0.5, italic=False, languageStyle='LTR', name='unnamed TextStim', opacity=1.0, ori=0.0, pos=array([0., 0.]), rgb=UNKNOWN, text=str(...), units='deg', win=Window(...), wrapWidth=15.0)
7.1768 	EXP 	Created Movie Frame 0 = ImageStim(__class__=<class 'psychopy.visual.image.ImageStim'>, autoLog=True, color=array([0.8, 0.8, 0.8]), colorSpace='rgb', contrast=0.8, depth=0, flipHoriz=False, flipVert=False, image='visual_0.png', interpolate=False, mask=None, maskParams=None, name='Movie Frame 0', opacity=1, ori=0.0, pos=array([0., 0.]), size=array([1024,  768]), texRes=128, units='pix', win=Window(...))
7.2039 	EXP 	Created Movie Frame 1 = ImageStim(__class__=<class 'psychopy.visual.image.ImageStim'>, autoLog=True, color=array([0.8, 0.8, 0.8]), colorSpace='rgb', contrast=0.8, depth=0, flipHoriz=False, flipVert=False, image='visual_1.png', interpolate=False, mask=None, maskParams=None, name='Movie Frame 1', opacity=1, ori=0.0, pos=array([0., 0.]), size=array([1024,  768]), texRes=128, units='pix', win=Window(...))
40.8519 	DATA 	Keypress: 5
0.0000 	DATA 	StartOfRun sub-06_ses-03_run-01
0.0000 	DATA 	TR 1 | TR1 1 | TR2 0
0.0082 	DATA 	Initial baseline

1.5502 	DATA 	Keypress: 5
1.5502 	DATA 	TR 2 | TR1 1 | TR2 1
3.1222 	DATA 	Keypress: 5
3.1223 	DATA 	TR 3 | TR1 2 | TR2 1
4.6735 	DATA 	Keypress: 5
4.6736 	DATA 	TR 4 | TR1 2 | TR2 2
6.2457 	DATA 	Keypress: 5
6.2458 	DATA 	TR 5 | TR1 3 | TR2 2
7.7969 	DATA 	Keypress: 5
7.7970 	DATA 	TR 6 | TR1 3 | TR2 3
9.3691 	DATA 	Keypress: 5
9.3692 	DATA 	TR 7 | TR1 4 | TR2 3
10.9203 	DATA 	Keypress: 5
10.9204 	DATA 	TR 8 | TR1 4 | TR2 4
12.4926 	DATA 	Keypress: 5
12.4926 	DATA 	TR 9 | TR1 5 | TR2 4
14.0437 	DATA 	Keypress: 5
14.0438 	DATA 	TR 10 | TR1 5 | TR2 5
15.6159 	DATA 	Keypress: 5
15.6159 	DATA 	TR 11 | TR1 6 | TR2 5
17.1671 	DATA 	Keypress: 5
17.1671 	DATA 	TR 12 | TR1 6 | TR2 6
18.7393 	DATA 	Keypress: 5
18.7393 	DATA 	TR 13 | TR1 7 | TR2 6
20.2905 	DATA 	Keypress: 5
20.2905 	DATA 	TR 14 | TR1 7 | TR2 7
21.8627 	DATA 	Keypress: 5
21.8627 	DATA 	TR 15 | TR1 8 | TR2 7
23.4139 	DATA 	Keypress: 5
23.4139 	DATA 	TR 16 | TR1 8 | TR2 8
24.9860 	DATA 	Keypress: 5
24.9861 	DATA 	TR 17 | TR1 9 | TR2 8
26.5372 	DATA 	Keypress: 5
26.5373 	DATA 	TR 18 | TR1 9 | TR2 9
28.1094 	DATA 	Keypress: 5
28.1095 	DATA 	TR 19 | TR1 10 | TR2 9
29.6607 	DATA 	Keypress: 5
29.6607 	DATA 	TR 20 | TR1 10 | TR2 10
31.2389 	DATA 	Keypress: 5
31.2389 	DATA 	Waited 1.2389209270477295 seconds for trigger
31.2435 	DATA 	
31.2436 	DATA 	Trial 1
31.2436 	DATA 	stimDur = 2.0
31.2436 	DATA 	jitter = 1.5705
31.2436 	DATA 	restDur = 22.0

31.2436 	DATA 	
31.2436 	DATA 	TR 21 | TR1 11 | TR2 10
32.7891 	DATA 	Keypress: 5
32.7892 	DATA 	TR 22 | TR1 11 | TR2 11
32.8224 	DATA 	
32.8224 	DATA 	stimulation started
32.8224 	DATA 	
34.3564 	DATA 	Keypress: 5
34.3723 	DATA 	TR 23 | TR1 12 | TR2 11
34.8222 	DATA 	
34.8222 	DATA 	stimulation stopped
34.8222 	DATA 	
35.9221 	DATA 	Keypress: 5
35.9222 	DATA 	TR 24 | TR1 12 | TR2 12
37.4886 	DATA 	Keypress: 5
37.4887 	DATA 	TR 25 | TR1 13 | TR2 12
39.0385 	DATA 	Keypress: 5
39.0386 	DATA 	TR 26 | TR1 13 | TR2 13
40.6050 	DATA 	Keypress: 5
40.6051 	DATA 	TR 27 | TR1 14 | TR2 13
42.1549 	DATA 	Keypress: 5
42.1550 	DATA 	TR 28 | TR1 14 | TR2 14
43.7381 	DATA 	Keypress: 5
43.7381 	DATA 	TR 29 | TR1 15 | TR2 14
45.2880 	DATA 	Keypress: 5
45.2880 	DATA 	TR 30 | TR1 15 | TR2 15
46.8545 	DATA 	Keypress: 5
46.8545 	DATA 	TR 31 | TR1 16 | TR2 15
48.4044 	DATA 	Keypress: 5
48.4044 	DATA 	TR 32 | TR1 16 | TR2 16
49.9875 	DATA 	Keypress: 5
49.9876 	DATA 	TR 33 | TR1 17 | TR2 16
51.5374 	DATA 	Keypress: 5
51.5375 	DATA 	TR 34 | TR1 17 | TR2 17
53.1039 	DATA 	Keypress: 5
53.1039 	DATA 	TR 35 | TR1 18 | TR2 17
54.6538 	DATA 	Keypress: 5
54.6538 	DATA 	TR 36 | TR1 18 | TR2 18
56.2203 	DATA 	Keypress: 5
56.2204 	DATA 	TR 37 | TR1 19 | TR2 18
56.8202 	DATA 	
56.8202 	DATA 	Trial complete
56.8202 	DATA 	Waiting for VASO trigger to start next trial
56.8202 	DATA 	
57.7869 	DATA 	Keypress: 5
57.7870 	DATA 	TR 38 | TR1 19 | TR2 19
59.3533 	DATA 	Keypress: 5
59.3534 	DATA 	Waited 2.5331809520721436 seconds for trigger
59.3542 	DATA 	
59.3542 	DATA 	Trial 2
59.3543 	DATA 	stimDur = 4.0
59.3543 	DATA 	jitter = 0.78525
59.3543 	DATA 	restDur = 24.0

59.3543 	DATA 	
59.3543 	DATA 	TR 39 | TR1 20 | TR2 19
60.1532 	DATA 	
60.1532 	DATA 	stimulation started
60.1532 	DATA 	
60.9032 	DATA 	Keypress: 5
60.9033 	DATA 	TR 40 | TR1 20 | TR2 20
62.4699 	DATA 	Keypress: 5
62.4700 	DATA 	TR 41 | TR1 21 | TR2 20
64.0196 	DATA 	Keypress: 5
64.0197 	DATA 	TR 42 | TR1 21 | TR2 21
64.1529 	DATA 	
64.1529 	DATA 	stimulation stopped
64.1529 	DATA 	
65.6028 	DATA 	Keypress: 5
65.6028 	DATA 	TR 43 | TR1 22 | TR2 21
67.1526 	DATA 	Keypress: 5
67.1526 	DATA 	TR 44 | TR1 22 | TR2 22
68.7192 	DATA 	Keypress: 5
68.7192 	DATA 	TR 45 | TR1 23 | TR2 22
70.2690 	DATA 	Keypress: 5
70.2690 	DATA 	TR 46 | TR1 23 | TR2 23
71.8522 	DATA 	Keypress: 5
71.8523 	DATA 	TR 47 | TR1 24 | TR2 23
73.4020 	DATA 	Keypress: 5
73.4021 	DATA 	TR 48 | TR1 24 | TR2 24
74.9686 	DATA 	Keypress: 5
74.9687 	DATA 	TR 49 | TR1 25 | TR2 24
76.5184 	DATA 	Keypress: 5
76.5185 	DATA 	TR 50 | TR1 25 | TR2 25
78.0852 	DATA 	Keypress: 5
78.0852 	DATA 	TR 51 | TR1 26 | TR2 25
79.6354 	DATA 	Keypress: 5
79.6514 	DATA 	TR 52 | TR1 26 | TR2 26
81.2180 	DATA 	Keypress: 5
81.2181 	DATA 	TR 53 | TR1 27 | TR2 26
82.7679 	DATA 	Keypress: 5
82.7679 	DATA 	TR 54 | TR1 27 | TR2 27
84.3344 	DATA 	Keypress: 5
84.3345 	DATA 	TR 55 | TR1 28 | TR2 27
84.9677 	DATA 	Target presented
85.4843 	DATA 	Keypress: 1
85.4843 	DATA 	Key1 pressed
85.4843 	DATA 	Target detected
85.8842 	DATA 	Keypress: 5
85.8843 	DATA 	TR 56 | TR1 28 | TR2 28
87.4674 	DATA 	Keypress: 5
87.4675 	DATA 	TR 57 | TR1 29 | TR2 28
88.1507 	DATA 	
88.1507 	DATA 	Trial complete
88.1507 	DATA 	Waiting for VASO trigger to start next trial
88.1507 	DATA 	
89.0173 	DATA 	Keypress: 5
89.0173 	DATA 	TR 58 | TR1 29 | TR2 29
90.5838 	DATA 	Keypress: 5
90.5839 	DATA 	Waited 2.433171033859253 seconds for trigger
90.5847 	DATA 	
90.5847 	DATA 	Trial 3
90.5847 	DATA 	stimDur = 24.0
90.5847 	DATA 	jitter = 2.35575
90.5847 	DATA 	restDur = 40.0

90.5847 	DATA 	
90.5847 	DATA 	TR 59 | TR1 30 | TR2 29
92.1337 	DATA 	Keypress: 5
92.1337 	DATA 	TR 60 | TR1 30 | TR2 30
92.9502 	DATA 	
92.9502 	DATA 	stimulation started
92.9502 	DATA 	
93.7003 	DATA 	Keypress: 5
93.7003 	DATA 	TR 61 | TR1 31 | TR2 30
95.2668 	DATA 	Keypress: 5
95.2668 	DATA 	TR 62 | TR1 31 | TR2 31
96.8334 	DATA 	Keypress: 5
96.8334 	DATA 	TR 63 | TR1 32 | TR2 31
98.3832 	DATA 	Keypress: 5
98.3832 	DATA 	TR 64 | TR1 32 | TR2 32
99.9499 	DATA 	Keypress: 5
99.9499 	DATA 	TR 65 | TR1 33 | TR2 32
101.4995 	DATA 	Keypress: 5
101.4996 	DATA 	TR 66 | TR1 33 | TR2 33
103.0828 	DATA 	Keypress: 5
103.0828 	DATA 	TR 67 | TR1 34 | TR2 33
104.6326 	DATA 	Keypress: 5
104.6326 	DATA 	TR 68 | TR1 34 | TR2 34
106.1991 	DATA 	Keypress: 5
106.1992 	DATA 	TR 69 | TR1 35 | TR2 34
107.7490 	DATA 	Keypress: 5
107.7490 	DATA 	TR 70 | TR1 35 | TR2 35
109.3322 	DATA 	Keypress: 5
109.3323 	DATA 	TR 71 | TR1 36 | TR2 35
110.8820 	DATA 	Keypress: 5
110.8820 	DATA 	TR 72 | TR1 36 | TR2 36
112.4486 	DATA 	Keypress: 5
112.4486 	DATA 	TR 73 | TR1 37 | TR2 36
113.9984 	DATA 	Keypress: 5
113.9985 	DATA 	TR 74 | TR1 37 | TR2 37
115.5650 	DATA 	Keypress: 5
115.5650 	DATA 	TR 75 | TR1 38 | TR2 37
116.9481 	DATA 	
116.9481 	DATA 	stimulation stopped
116.9481 	DATA 	
117.1153 	DATA 	Keypress: 5
117.1314 	DATA 	TR 76 | TR1 38 | TR2 38
118.6980 	DATA 	Keypress: 5
118.6980 	DATA 	TR 77 | TR1 39 | TR2 38
120.2478 	DATA 	Keypress: 5
120.2478 	DATA 	TR 78 | TR1 39 | TR2 39
121.8143 	DATA 	Keypress: 5
121.8144 	DATA 	TR 79 | TR1 40 | TR2 39
123.3642 	DATA 	Keypress: 5
123.3642 	DATA 	TR 80 | TR1 40 | TR2 40
124.9474 	DATA 	Keypress: 5
124.9475 	DATA 	TR 81 | TR1 41 | TR2 40
126.4972 	DATA 	Keypress: 5
126.4973 	DATA 	TR 82 | TR1 41 | TR2 41
128.0638 	DATA 	Keypress: 5
128.0638 	DATA 	TR 83 | TR1 42 | TR2 41
129.6136 	DATA 	Keypress: 5
129.6136 	DATA 	TR 84 | TR1 42 | TR2 42
131.1807 	DATA 	Keypress: 5
131.1967 	DATA 	TR 85 | TR1 43 | TR2 42
132.7466 	DATA 	Keypress: 5
132.7467 	DATA 	TR 86 | TR1 43 | TR2 43
134.3132 	DATA 	Keypress: 5
134.3133 	DATA 	TR 87 | TR1 44 | TR2 43
135.8630 	DATA 	Keypress: 5
135.8631 	DATA 	TR 88 | TR1 44 | TR2 44
137.4296 	DATA 	Keypress: 5
137.4296 	DATA 	TR 89 | TR1 45 | TR2 44
138.9794 	DATA 	Keypress: 5
138.9795 	DATA 	TR 90 | TR1 45 | TR2 45
140.5627 	DATA 	Keypress: 5
140.5627 	DATA 	TR 91 | TR1 46 | TR2 45
142.1125 	DATA 	Keypress: 5
142.1125 	DATA 	TR 92 | TR1 46 | TR2 46
143.6792 	DATA 	Keypress: 5
143.6792 	DATA 	TR 93 | TR1 47 | TR2 46
145.2289 	DATA 	Keypress: 5
145.2289 	DATA 	TR 94 | TR1 47 | TR2 47
146.8121 	DATA 	Keypress: 5
146.8121 	DATA 	TR 95 | TR1 48 | TR2 47
148.3619 	DATA 	Keypress: 5
148.3620 	DATA 	TR 96 | TR1 48 | TR2 48
149.9285 	DATA 	Keypress: 5
149.9285 	DATA 	TR 97 | TR1 49 | TR2 48
151.4783 	DATA 	Keypress: 5
151.4783 	DATA 	TR 98 | TR1 49 | TR2 49
153.0448 	DATA 	Keypress: 5
153.0449 	DATA 	TR 99 | TR1 50 | TR2 49
154.5953 	DATA 	Keypress: 5
154.6113 	DATA 	TR 100 | TR1 50 | TR2 50
156.1779 	DATA 	Keypress: 5
156.1780 	DATA 	TR 101 | TR1 51 | TR2 50
156.9444 	DATA 	
156.9444 	DATA 	Trial complete
156.9445 	DATA 	Waiting for VASO trigger to start next trial
156.9445 	DATA 	
157.7277 	DATA 	Keypress: 5
157.7277 	DATA 	TR 102 | TR1 51 | TR2 51
159.2943 	DATA 	Keypress: 5
159.2943 	DATA 	Waited 2.3498430252075195 seconds for trigger
159.2951 	DATA 	
159.2951 	DATA 	Trial 4
159.2951 	DATA 	stimDur = 4.0
159.2951 	DATA 	jitter = 2.35575
159.2951 	DATA 	restDur = 24.0

159.2951 	DATA 	
159.2951 	DATA 	TR 103 | TR1 52 | TR2 51
160.8441 	DATA 	Keypress: 5
160.8441 	DATA 	TR 104 | TR1 52 | TR2 52
160.9941 	DATA 	Target presented
161.5441 	DATA 	Keypress: 1
161.5441 	DATA 	Key1 pressed
161.5441 	DATA 	Target detected
161.6607 	DATA 	
161.6608 	DATA 	stimulation started
161.6608 	DATA 	
162.4274 	DATA 	Keypress: 5
162.4275 	DATA 	TR 105 | TR1 53 | TR2 52
163.9772 	DATA 	Keypress: 5
163.9773 	DATA 	TR 106 | TR1 53 | TR2 53
165.5438 	DATA 	Keypress: 5
165.5438 	DATA 	TR 107 | TR1 54 | TR2 53
165.6604 	DATA 	
165.6604 	DATA 	stimulation stopped
165.6604 	DATA 	
167.0935 	DATA 	Keypress: 5
167.0936 	DATA 	TR 108 | TR1 54 | TR2 54
168.6607 	DATA 	Keypress: 5
168.6767 	DATA 	TR 109 | TR1 55 | TR2 54
170.2266 	DATA 	Keypress: 5
170.2266 	DATA 	TR 110 | TR1 55 | TR2 55
171.7932 	DATA 	Keypress: 5
171.7932 	DATA 	TR 111 | TR1 56 | TR2 55
173.3430 	DATA 	Keypress: 5
173.3430 	DATA 	TR 112 | TR1 56 | TR2 56
174.9095 	DATA 	Keypress: 5
174.9096 	DATA 	TR 113 | TR1 57 | TR2 56
176.4594 	DATA 	Keypress: 5
176.4594 	DATA 	TR 114 | TR1 57 | TR2 57
178.0426 	DATA 	Keypress: 5
178.0426 	DATA 	TR 115 | TR1 58 | TR2 57
179.5924 	DATA 	Keypress: 5
179.5925 	DATA 	TR 116 | TR1 58 | TR2 58
181.1590 	DATA 	Keypress: 5
181.1590 	DATA 	TR 117 | TR1 59 | TR2 58
182.7088 	DATA 	Keypress: 5
182.7088 	DATA 	TR 118 | TR1 59 | TR2 59
184.2920 	DATA 	Keypress: 5
184.2921 	DATA 	TR 119 | TR1 60 | TR2 59
185.8418 	DATA 	Keypress: 5
185.8419 	DATA 	TR 120 | TR1 60 | TR2 60
187.4084 	DATA 	Keypress: 5
187.4084 	DATA 	TR 121 | TR1 61 | TR2 60
188.9582 	DATA 	Keypress: 5
188.9583 	DATA 	TR 122 | TR1 61 | TR2 61
189.6581 	DATA 	
189.6581 	DATA 	Trial complete
189.6582 	DATA 	Waiting for VASO trigger to start next trial
189.6582 	DATA 	
190.5249 	DATA 	Keypress: 5
190.5250 	DATA 	Waited 0.8668029308319092 seconds for trigger
190.5258 	DATA 	
190.5258 	DATA 	Trial 5
190.5258 	DATA 	stimDur = 1.0
190.5258 	DATA 	jitter = 1.5705
190.5258 	DATA 	restDur = 20.0

190.5258 	DATA 	
190.5258 	DATA 	TR 123 | TR1 62 | TR2 61
192.0913 	DATA 	Keypress: 5
192.0913 	DATA 	TR 124 | TR1 62 | TR2 62
192.1079 	DATA 	
192.1079 	DATA 	stimulation started
192.1079 	DATA 	
193.1079 	DATA 	
193.1079 	DATA 	stimulation stopped
193.1079 	DATA 	
193.6578 	DATA 	Keypress: 5
193.6579 	DATA 	TR 125 | TR1 63 | TR2 62
195.2077 	DATA 	Keypress: 5
195.2077 	DATA 	TR 126 | TR1 63 | TR2 63
196.7742 	DATA 	Keypress: 5
196.7743 	DATA 	TR 127 | TR1 64 | TR2 63
198.3240 	DATA 	Keypress: 5
198.3241 	DATA 	TR 128 | TR1 64 | TR2 64
199.9073 	DATA 	Keypress: 5
199.9073 	DATA 	TR 129 | TR1 65 | TR2 64
201.4571 	DATA 	Keypress: 5
201.4571 	DATA 	TR 130 | TR1 65 | TR2 65
203.0236 	DATA 	Keypress: 5
203.0237 	DATA 	TR 131 | TR1 66 | TR2 65
204.5735 	DATA 	Keypress: 5
204.5735 	DATA 	TR 132 | TR1 66 | TR2 66
206.1406 	DATA 	Keypress: 5
206.1566 	DATA 	TR 133 | TR1 67 | TR2 66
207.7065 	DATA 	Keypress: 5
207.7066 	DATA 	TR 134 | TR1 67 | TR2 67
209.2731 	DATA 	Keypress: 5
209.2731 	DATA 	TR 135 | TR1 68 | TR2 67
210.8231 	DATA 	Keypress: 5
210.8231 	DATA 	TR 136 | TR1 68 | TR2 68
212.3895 	DATA 	Keypress: 5
212.3895 	DATA 	TR 137 | TR1 69 | TR2 68
213.1060 	DATA 	
213.1060 	DATA 	Trial complete
213.1060 	DATA 	Waiting for VASO trigger to start next trial
213.1060 	DATA 	
213.9399 	DATA 	Keypress: 5
213.9559 	DATA 	TR 138 | TR1 69 | TR2 69
215.5225 	DATA 	Keypress: 5
215.5226 	DATA 	Waited 2.4165279865264893 seconds for trigger
215.5234 	DATA 	
215.5234 	DATA 	Trial 6
215.5234 	DATA 	stimDur = 1.0
215.5234 	DATA 	jitter = 0.78525
215.5234 	DATA 	restDur = 20.0

215.5234 	DATA 	
215.5234 	DATA 	TR 139 | TR1 70 | TR2 69
216.3224 	DATA 	
216.3224 	DATA 	stimulation started
216.3224 	DATA 	
217.0724 	DATA 	Keypress: 5
217.0724 	DATA 	TR 140 | TR1 70 | TR2 70
217.3223 	DATA 	
217.3223 	DATA 	stimulation stopped
217.3223 	DATA 	
218.6389 	DATA 	Keypress: 5
218.6389 	DATA 	TR 141 | TR1 71 | TR2 70
220.1887 	DATA 	Keypress: 5
220.1888 	DATA 	TR 142 | TR1 71 | TR2 71
221.7720 	DATA 	Keypress: 5
221.7720 	DATA 	TR 143 | TR1 72 | TR2 71
223.3217 	DATA 	Keypress: 5
223.3218 	DATA 	TR 144 | TR1 72 | TR2 72
223.8551 	DATA 	Target presented
224.2717 	DATA 	Keypress: 1
224.2718 	DATA 	Key1 pressed
224.2718 	DATA 	Target detected
224.8884 	DATA 	Keypress: 5
224.8884 	DATA 	TR 145 | TR1 73 | TR2 72
226.4381 	DATA 	Keypress: 5
226.4382 	DATA 	TR 146 | TR1 73 | TR2 73
228.0047 	DATA 	Keypress: 5
228.0048 	DATA 	TR 147 | TR1 74 | TR2 73
229.5712 	DATA 	Keypress: 5
229.5712 	DATA 	TR 148 | TR1 74 | TR2 74
231.1378 	DATA 	Keypress: 5
231.1378 	DATA 	TR 149 | TR1 75 | TR2 74
232.6876 	DATA 	Keypress: 5
232.6876 	DATA 	TR 150 | TR1 75 | TR2 75
234.2541 	DATA 	Keypress: 5
234.2542 	DATA 	TR 151 | TR1 76 | TR2 75
235.8039 	DATA 	Keypress: 5
235.8040 	DATA 	TR 152 | TR1 76 | TR2 76
237.3205 	DATA 	
237.3205 	DATA 	Trial complete
237.3205 	DATA 	Waiting for VASO trigger to start next trial
237.3205 	DATA 	
237.3872 	DATA 	Keypress: 5
237.3872 	DATA 	Waited 0.06673598289489746 seconds for trigger
237.3880 	DATA 	
237.3880 	DATA 	Trial 7
237.3880 	DATA 	stimDur = 2.0
237.3880 	DATA 	jitter = 0.78525
237.3880 	DATA 	restDur = 22.0

237.3880 	DATA 	
237.3880 	DATA 	TR 153 | TR1 77 | TR2 76
238.1871 	DATA 	
238.1871 	DATA 	stimulation started
238.1871 	DATA 	
238.9371 	DATA 	Keypress: 5
238.9371 	DATA 	TR 154 | TR1 77 | TR2 77
240.1871 	DATA 	
240.1871 	DATA 	stimulation stopped
240.1871 	DATA 	
240.5036 	DATA 	Keypress: 5
240.5036 	DATA 	TR 155 | TR1 78 | TR2 77
242.0534 	DATA 	Keypress: 5
242.0535 	DATA 	TR 156 | TR1 78 | TR2 78
243.6366 	DATA 	Keypress: 5
243.6367 	DATA 	TR 157 | TR1 79 | TR2 78
245.1864 	DATA 	Keypress: 5
245.1865 	DATA 	TR 158 | TR1 79 | TR2 79
246.7530 	DATA 	Keypress: 5
246.7531 	DATA 	TR 159 | TR1 80 | TR2 79
248.3028 	DATA 	Keypress: 5
248.3029 	DATA 	TR 160 | TR1 80 | TR2 80
249.8694 	DATA 	Keypress: 5
249.8695 	DATA 	TR 161 | TR1 81 | TR2 80
251.4194 	DATA 	Keypress: 5
251.4194 	DATA 	TR 162 | TR1 81 | TR2 81
253.0025 	DATA 	Keypress: 5
253.0025 	DATA 	TR 163 | TR1 82 | TR2 81
254.5523 	DATA 	Keypress: 5
254.5523 	DATA 	TR 164 | TR1 82 | TR2 82
256.1188 	DATA 	Keypress: 5
256.1189 	DATA 	TR 165 | TR1 83 | TR2 82
257.6687 	DATA 	Keypress: 5
257.6687 	DATA 	TR 166 | TR1 83 | TR2 83
259.2519 	DATA 	Keypress: 5
259.2519 	DATA 	TR 167 | TR1 84 | TR2 83
260.8017 	DATA 	Keypress: 5
260.8018 	DATA 	TR 168 | TR1 84 | TR2 84
262.1849 	DATA 	
262.1849 	DATA 	Trial complete
262.1849 	DATA 	Waiting for VASO trigger to start next trial
262.1849 	DATA 	
262.3683 	DATA 	Keypress: 5
262.3683 	DATA 	Waited 0.1833798885345459 seconds for trigger
262.3691 	DATA 	
262.3691 	DATA 	Trial 8
262.3691 	DATA 	stimDur = 24.0
262.3691 	DATA 	jitter = 1.5705
262.3691 	DATA 	restDur = 40.0

262.3691 	DATA 	
262.3691 	DATA 	TR 169 | TR1 85 | TR2 84
263.9182 	DATA 	Keypress: 5
263.9182 	DATA 	TR 170 | TR1 85 | TR2 85
263.9514 	DATA 	
263.9514 	DATA 	stimulation started
263.9514 	DATA 	
265.4854 	DATA 	Keypress: 5
265.5013 	DATA 	TR 171 | TR1 86 | TR2 85
267.0515 	DATA 	Keypress: 5
267.0515 	DATA 	TR 172 | TR1 86 | TR2 86
268.6177 	DATA 	Keypress: 5
268.6178 	DATA 	TR 173 | TR1 87 | TR2 86
270.1676 	DATA 	Keypress: 5
270.1677 	DATA 	TR 174 | TR1 87 | TR2 87
271.7341 	DATA 	Keypress: 5
271.7341 	DATA 	TR 175 | TR1 88 | TR2 87
273.2840 	DATA 	Keypress: 5
273.2841 	DATA 	TR 176 | TR1 88 | TR2 88
274.8672 	DATA 	Keypress: 5
274.8672 	DATA 	TR 177 | TR1 89 | TR2 88
276.4171 	DATA 	Keypress: 5
276.4172 	DATA 	TR 178 | TR1 89 | TR2 89
277.9835 	DATA 	Keypress: 5
277.9836 	DATA 	TR 179 | TR1 90 | TR2 89
279.5334 	DATA 	Keypress: 5
279.5335 	DATA 	TR 180 | TR1 90 | TR2 90
280.7666 	DATA 	Target presented
281.1166 	DATA 	Keypress: 5
281.1166 	DATA 	TR 181 | TR1 91 | TR2 90
281.2173 	DATA 	Keypress: 1
281.2332 	DATA 	Key1 pressed
281.2332 	DATA 	Target detected
282.6665 	DATA 	Keypress: 5
282.6665 	DATA 	TR 182 | TR1 91 | TR2 91
284.2330 	DATA 	Keypress: 5
284.2330 	DATA 	TR 183 | TR1 92 | TR2 91
285.7829 	DATA 	Keypress: 5
285.7829 	DATA 	TR 184 | TR1 92 | TR2 92
287.3494 	DATA 	Keypress: 5
287.3494 	DATA 	TR 185 | TR1 93 | TR2 92
287.9493 	DATA 	
287.9493 	DATA 	stimulation stopped
287.9493 	DATA 	
288.8999 	DATA 	Keypress: 5
288.9158 	DATA 	TR 186 | TR1 93 | TR2 93
290.4824 	DATA 	Keypress: 5
290.4824 	DATA 	TR 187 | TR1 94 | TR2 93
292.0322 	DATA 	Keypress: 5
292.0323 	DATA 	TR 188 | TR1 94 | TR2 94
293.5987 	DATA 	Keypress: 5
293.5988 	DATA 	TR 189 | TR1 95 | TR2 94
295.1486 	DATA 	Keypress: 5
295.1487 	DATA 	TR 190 | TR1 95 | TR2 95
296.7318 	DATA 	Keypress: 5
296.7318 	DATA 	TR 191 | TR1 96 | TR2 95
298.2817 	DATA 	Keypress: 5
298.2817 	DATA 	TR 192 | TR1 96 | TR2 96
299.8482 	DATA 	Keypress: 5
299.8482 	DATA 	TR 193 | TR1 97 | TR2 96
301.3981 	DATA 	Keypress: 5
301.3981 	DATA 	TR 194 | TR1 97 | TR2 97
302.9812 	DATA 	Keypress: 5
302.9813 	DATA 	TR 195 | TR1 98 | TR2 97
304.5311 	DATA 	Keypress: 5
304.5312 	DATA 	TR 196 | TR1 98 | TR2 98
306.0976 	DATA 	Keypress: 5
306.0976 	DATA 	TR 197 | TR1 99 | TR2 98
307.6475 	DATA 	Keypress: 5
307.6475 	DATA 	TR 198 | TR1 99 | TR2 99
309.2140 	DATA 	Keypress: 5
309.2140 	DATA 	TR 199 | TR1 100 | TR2 99
310.7639 	DATA 	Keypress: 5
310.7639 	DATA 	TR 200 | TR1 100 | TR2 100
312.3470 	DATA 	Keypress: 5
312.3471 	DATA 	TR 201 | TR1 101 | TR2 100
313.8969 	DATA 	Keypress: 5
313.8970 	DATA 	TR 202 | TR1 101 | TR2 101
315.4634 	DATA 	Keypress: 5
315.4634 	DATA 	TR 203 | TR1 102 | TR2 101
317.0133 	DATA 	Keypress: 5
317.0133 	DATA 	TR 204 | TR1 102 | TR2 102
318.5964 	DATA 	Keypress: 5
318.5965 	DATA 	TR 205 | TR1 103 | TR2 102
320.1464 	DATA 	Keypress: 5
320.1465 	DATA 	TR 206 | TR1 103 | TR2 103
321.7128 	DATA 	Keypress: 5
321.7129 	DATA 	TR 207 | TR1 104 | TR2 103
323.2629 	DATA 	Keypress: 5
323.2629 	DATA 	TR 208 | TR1 104 | TR2 104
324.8292 	DATA 	Keypress: 5
324.8292 	DATA 	TR 209 | TR1 105 | TR2 104
326.3957 	DATA 	Keypress: 5
326.3958 	DATA 	TR 210 | TR1 105 | TR2 105
327.9456 	DATA 	
327.9456 	DATA 	Trial complete
327.9456 	DATA 	Waiting for VASO trigger to start next trial
327.9456 	DATA 	
327.9622 	DATA 	Keypress: 5
327.9623 	DATA 	Waited 0.016669034957885742 seconds for trigger
327.9631 	DATA 	
327.9631 	DATA 	Trial 9
327.9631 	DATA 	stimDur = 12.0
327.9631 	DATA 	jitter = 0.78525
327.9631 	DATA 	restDur = 30.0

327.9631 	DATA 	
327.9631 	DATA 	TR 211 | TR1 106 | TR2 105
328.7621 	DATA 	
328.7622 	DATA 	stimulation started
328.7622 	DATA 	
329.5122 	DATA 	Keypress: 5
329.5122 	DATA 	TR 212 | TR1 106 | TR2 106
331.0787 	DATA 	Keypress: 5
331.0787 	DATA 	TR 213 | TR1 107 | TR2 106
332.6286 	DATA 	Keypress: 5
332.6287 	DATA 	TR 214 | TR1 107 | TR2 107
334.2117 	DATA 	Keypress: 5
334.2118 	DATA 	TR 215 | TR1 108 | TR2 107
335.7616 	DATA 	Keypress: 5
335.7617 	DATA 	TR 216 | TR1 108 | TR2 108
337.3281 	DATA 	Keypress: 5
337.3282 	DATA 	TR 217 | TR1 109 | TR2 108
338.8780 	DATA 	Keypress: 5
338.8780 	DATA 	TR 218 | TR1 109 | TR2 109
340.4452 	DATA 	Keypress: 5
340.4611 	DATA 	TR 219 | TR1 110 | TR2 109
340.7611 	DATA 	
340.7611 	DATA 	stimulation stopped
340.7611 	DATA 	
342.0111 	DATA 	Keypress: 5
342.0112 	DATA 	TR 220 | TR1 110 | TR2 110
343.5775 	DATA 	Keypress: 5
343.5776 	DATA 	TR 221 | TR1 111 | TR2 110
345.1274 	DATA 	Keypress: 5
345.1275 	DATA 	TR 222 | TR1 111 | TR2 111
346.6939 	DATA 	Keypress: 5
346.6939 	DATA 	TR 223 | TR1 112 | TR2 111
348.2443 	DATA 	Keypress: 5
348.2604 	DATA 	TR 224 | TR1 112 | TR2 112
349.8269 	DATA 	Keypress: 5
349.8270 	DATA 	TR 225 | TR1 113 | TR2 112
351.3768 	DATA 	Keypress: 5
351.3769 	DATA 	TR 226 | TR1 113 | TR2 113
352.9433 	DATA 	Keypress: 5
352.9434 	DATA 	TR 227 | TR1 114 | TR2 113
354.4932 	DATA 	Keypress: 5
354.4932 	DATA 	TR 228 | TR1 114 | TR2 114
356.0763 	DATA 	Keypress: 5
356.0764 	DATA 	TR 229 | TR1 115 | TR2 114
357.6262 	DATA 	Keypress: 5
357.6263 	DATA 	TR 230 | TR1 115 | TR2 115
359.1927 	DATA 	Keypress: 5
359.1928 	DATA 	TR 231 | TR1 116 | TR2 115
359.8927 	DATA 	Target presented
360.4426 	DATA 	Keypress: 1
360.4427 	DATA 	Key1 pressed
360.4427 	DATA 	Target detected
360.7426 	DATA 	Keypress: 5
360.7426 	DATA 	TR 232 | TR1 116 | TR2 116
362.3091 	DATA 	Keypress: 5
362.3092 	DATA 	TR 233 | TR1 117 | TR2 116
363.8757 	DATA 	Keypress: 5
363.8757 	DATA 	TR 234 | TR1 117 | TR2 117
365.4422 	DATA 	Keypress: 5
365.4422 	DATA 	TR 235 | TR1 118 | TR2 117
366.9920 	DATA 	Keypress: 5
366.9921 	DATA 	TR 236 | TR1 118 | TR2 118
368.5585 	DATA 	Keypress: 5
368.5586 	DATA 	TR 237 | TR1 119 | TR2 118
370.1084 	DATA 	Keypress: 5
370.1085 	DATA 	TR 238 | TR1 119 | TR2 119
370.7583 	DATA 	
370.7583 	DATA 	Trial complete
370.7583 	DATA 	Waiting for VASO trigger to start next trial
370.7583 	DATA 	
371.6916 	DATA 	Keypress: 5
371.6916 	DATA 	Waited 0.9333100318908691 seconds for trigger
371.6924 	DATA 	
371.6924 	DATA 	Trial 10
371.6924 	DATA 	stimDur = 12.0
371.6924 	DATA 	jitter = 0.0
371.6924 	DATA 	restDur = 30.0

371.6924 	DATA 	
371.6924 	DATA 	TR 239 | TR1 120 | TR2 119
371.6925 	DATA 	
371.6925 	DATA 	stimulation started
371.6925 	DATA 	
373.2415 	DATA 	Keypress: 5
373.2416 	DATA 	TR 240 | TR1 120 | TR2 120
374.8080 	DATA 	Keypress: 5
374.8081 	DATA 	TR 241 | TR1 121 | TR2 120
376.3579 	DATA 	Keypress: 5
376.3580 	DATA 	TR 242 | TR1 121 | TR2 121
377.9411 	DATA 	Keypress: 5
377.9411 	DATA 	TR 243 | TR1 122 | TR2 121
379.4911 	DATA 	Keypress: 5
379.4911 	DATA 	TR 244 | TR1 122 | TR2 122
381.0575 	DATA 	Keypress: 5
381.0575 	DATA 	TR 245 | TR1 123 | TR2 122
382.6073 	DATA 	Keypress: 5
382.6074 	DATA 	TR 246 | TR1 123 | TR2 123
383.7072 	DATA 	
383.7072 	DATA 	stimulation stopped
383.7072 	DATA 	
384.1738 	DATA 	Keypress: 5
384.1738 	DATA 	TR 247 | TR1 124 | TR2 123
385.7237 	DATA 	Keypress: 5
385.7237 	DATA 	TR 248 | TR1 124 | TR2 124
387.3069 	DATA 	Keypress: 5
387.3070 	DATA 	TR 249 | TR1 125 | TR2 124
388.8567 	DATA 	Keypress: 5
388.8568 	DATA 	TR 250 | TR1 125 | TR2 125
390.4232 	DATA 	Keypress: 5
390.4233 	DATA 	TR 251 | TR1 126 | TR2 125
391.9731 	DATA 	Keypress: 5
391.9731 	DATA 	TR 252 | TR1 126 | TR2 126
393.5562 	DATA 	Keypress: 5
393.5563 	DATA 	TR 253 | TR1 127 | TR2 126
395.1061 	DATA 	Keypress: 5
395.1062 	DATA 	TR 254 | TR1 127 | TR2 127
396.6726 	DATA 	Keypress: 5
396.6727 	DATA 	TR 255 | TR1 128 | TR2 127
398.2225 	DATA 	Keypress: 5
398.2226 	DATA 	TR 256 | TR1 128 | TR2 128
399.7896 	DATA 	Keypress: 5
399.8059 	DATA 	TR 257 | TR1 129 | TR2 128
401.3556 	DATA 	Keypress: 5
401.3556 	DATA 	TR 258 | TR1 129 | TR2 129
402.9221 	DATA 	Keypress: 5
402.9221 	DATA 	TR 259 | TR1 130 | TR2 129
404.4720 	DATA 	Keypress: 5
404.4720 	DATA 	TR 260 | TR1 130 | TR2 130
406.0385 	DATA 	Keypress: 5
406.0385 	DATA 	TR 261 | TR1 131 | TR2 130
407.5884 	DATA 	Keypress: 5
407.5884 	DATA 	TR 262 | TR1 131 | TR2 131
409.1715 	DATA 	Keypress: 5
409.1715 	DATA 	TR 263 | TR1 132 | TR2 131
410.7214 	DATA 	Keypress: 5
410.7215 	DATA 	TR 264 | TR1 132 | TR2 132
412.2879 	DATA 	Keypress: 5
412.2879 	DATA 	TR 265 | TR1 133 | TR2 132
413.7044 	DATA 	
413.7044 	DATA 	Trial complete
413.7044 	DATA 	Waiting for VASO trigger to start next trial
413.7044 	DATA 	
413.8380 	DATA 	Keypress: 5
413.8381 	DATA 	TR 266 | TR1 133 | TR2 133
415.4209 	DATA 	Keypress: 5
415.4210 	DATA 	Waited 1.7165601253509521 seconds for trigger
415.4218 	DATA 	
415.4218 	DATA 	Trial 11
415.4218 	DATA 	stimDur = 1.0
415.4218 	DATA 	jitter = 0.0
415.4218 	DATA 	restDur = 20.0

415.4218 	DATA 	
415.4218 	DATA 	TR 267 | TR1 134 | TR2 133
415.4218 	DATA 	
415.4218 	DATA 	stimulation started
415.4218 	DATA 	
416.4375 	DATA 	
416.4375 	DATA 	stimulation stopped
416.4375 	DATA 	
416.9710 	DATA 	Keypress: 5
416.9710 	DATA 	TR 268 | TR1 134 | TR2 134
418.5374 	DATA 	Keypress: 5
418.5375 	DATA 	TR 269 | TR1 135 | TR2 134
420.0873 	DATA 	Keypress: 5
420.0874 	DATA 	TR 270 | TR1 135 | TR2 135
421.6537 	DATA 	Keypress: 5
421.6538 	DATA 	TR 271 | TR1 136 | TR2 135
423.2042 	DATA 	Keypress: 5
423.2202 	DATA 	TR 272 | TR1 136 | TR2 136
424.7867 	DATA 	Keypress: 5
424.7868 	DATA 	TR 273 | TR1 137 | TR2 136
426.3366 	DATA 	Keypress: 5
426.3367 	DATA 	TR 274 | TR1 137 | TR2 137
427.9031 	DATA 	Keypress: 5
427.9032 	DATA 	TR 275 | TR1 138 | TR2 137
429.4530 	DATA 	Keypress: 5
429.4531 	DATA 	TR 276 | TR1 138 | TR2 138
431.0362 	DATA 	Keypress: 5
431.0362 	DATA 	TR 277 | TR1 139 | TR2 138
431.2361 	DATA 	Target presented
431.7194 	DATA 	Keypress: 1
431.7195 	DATA 	Key1 pressed
431.7195 	DATA 	Target detected
432.5860 	DATA 	Keypress: 5
432.5861 	DATA 	TR 278 | TR1 139 | TR2 139
434.1526 	DATA 	Keypress: 5
434.1526 	DATA 	TR 279 | TR1 140 | TR2 139
435.7024 	DATA 	Keypress: 5
435.7025 	DATA 	TR 280 | TR1 140 | TR2 140
436.4356 	DATA 	
436.4356 	DATA 	Trial complete
436.4357 	DATA 	Waiting for VASO trigger to start next trial
436.4357 	DATA 	
437.2856 	DATA 	Keypress: 5
437.2856 	DATA 	Waited 0.849945068359375 seconds for trigger
437.2864 	DATA 	
437.2864 	DATA 	Trial 12
437.2864 	DATA 	stimDur = 2.0
437.2864 	DATA 	jitter = 2.35575
437.2864 	DATA 	restDur = 22.0

437.2864 	DATA 	
437.2864 	DATA 	TR 281 | TR1 141 | TR2 140
438.8355 	DATA 	Keypress: 5
438.8355 	DATA 	TR 282 | TR1 141 | TR2 141
439.6520 	DATA 	
439.6520 	DATA 	stimulation started
439.6520 	DATA 	
440.4020 	DATA 	Keypress: 5
440.4021 	DATA 	TR 283 | TR1 142 | TR2 141
441.6519 	DATA 	
441.6519 	DATA 	stimulation stopped
441.6519 	DATA 	
441.9519 	DATA 	Keypress: 5
441.9519 	DATA 	TR 284 | TR1 142 | TR2 142
443.5184 	DATA 	Keypress: 5
443.5184 	DATA 	TR 285 | TR1 143 | TR2 142
445.0683 	DATA 	Keypress: 5
445.0683 	DATA 	TR 286 | TR1 143 | TR2 143
446.6514 	DATA 	Keypress: 5
446.6514 	DATA 	TR 287 | TR1 144 | TR2 143
448.2013 	DATA 	Keypress: 5
448.2013 	DATA 	TR 288 | TR1 144 | TR2 144
449.7678 	DATA 	Keypress: 5
449.7678 	DATA 	TR 289 | TR1 145 | TR2 144
451.3177 	DATA 	Keypress: 5
451.3177 	DATA 	TR 290 | TR1 145 | TR2 145
452.9008 	DATA 	Keypress: 5
452.9009 	DATA 	TR 291 | TR1 146 | TR2 145
454.4507 	DATA 	Keypress: 5
454.4508 	DATA 	TR 292 | TR1 146 | TR2 146
456.0172 	DATA 	Keypress: 5
456.0173 	DATA 	TR 293 | TR1 147 | TR2 146
457.5671 	DATA 	Keypress: 5
457.5671 	DATA 	TR 294 | TR1 147 | TR2 147
459.1335 	DATA 	Keypress: 5
459.1336 	DATA 	TR 295 | TR1 148 | TR2 147
460.7001 	DATA 	Keypress: 5
460.7002 	DATA 	TR 296 | TR1 148 | TR2 148
462.2667 	DATA 	Keypress: 5
462.2667 	DATA 	TR 297 | TR1 149 | TR2 148
463.6498 	DATA 	
463.6498 	DATA 	Trial complete
463.6498 	DATA 	Waiting for VASO trigger to start next trial
463.6498 	DATA 	
463.8165 	DATA 	Keypress: 5
463.8166 	DATA 	TR 298 | TR1 149 | TR2 149
465.3830 	DATA 	Keypress: 5
465.3831 	DATA 	Waited 1.7332510948181152 seconds for trigger
465.3839 	DATA 	
465.3839 	DATA 	Trial 13
465.3839 	DATA 	stimDur = 4.0
465.3839 	DATA 	jitter = 1.5705
465.3839 	DATA 	restDur = 24.0

465.3839 	DATA 	
465.3839 	DATA 	TR 299 | TR1 150 | TR2 149
466.9330 	DATA 	Keypress: 5
466.9330 	DATA 	TR 300 | TR1 150 | TR2 150
466.9662 	DATA 	
466.9662 	DATA 	stimulation started
466.9662 	DATA 	
468.5161 	DATA 	Keypress: 5
468.5162 	DATA 	TR 301 | TR1 151 | TR2 150
470.0660 	DATA 	Keypress: 5
470.0660 	DATA 	TR 302 | TR1 151 | TR2 151
470.9659 	DATA 	
470.9659 	DATA 	stimulation stopped
470.9659 	DATA 	
471.6324 	DATA 	Keypress: 5
471.6325 	DATA 	TR 303 | TR1 152 | TR2 151
473.1823 	DATA 	Keypress: 5
473.1824 	DATA 	TR 304 | TR1 152 | TR2 152
474.7494 	DATA 	Keypress: 5
474.7655 	DATA 	TR 305 | TR1 153 | TR2 152
476.3154 	DATA 	Keypress: 5
476.3154 	DATA 	TR 306 | TR1 153 | TR2 153
477.8819 	DATA 	Keypress: 5
477.8819 	DATA 	TR 307 | TR1 154 | TR2 153
478.2485 	DATA 	Target presented
478.9819 	DATA 	Keypress: 1
478.9820 	DATA 	Key1 pressed
478.9820 	DATA 	Target detected
479.4317 	DATA 	Keypress: 5
479.4318 	DATA 	TR 308 | TR1 154 | TR2 154
480.9983 	DATA 	Keypress: 5
480.9983 	DATA 	TR 309 | TR1 155 | TR2 154
482.5481 	DATA 	Keypress: 5
482.5482 	DATA 	TR 310 | TR1 155 | TR2 155
484.1313 	DATA 	Keypress: 5
484.1313 	DATA 	TR 311 | TR1 156 | TR2 155
485.6812 	DATA 	Keypress: 5
485.6813 	DATA 	TR 312 | TR1 156 | TR2 156
487.2477 	DATA 	Keypress: 5
487.2477 	DATA 	TR 313 | TR1 157 | TR2 156
488.7977 	DATA 	Keypress: 5
488.7977 	DATA 	TR 314 | TR1 157 | TR2 157
490.3807 	DATA 	Keypress: 5
490.3808 	DATA 	TR 315 | TR1 158 | TR2 157
491.9306 	DATA 	Keypress: 5
491.9307 	DATA 	TR 316 | TR1 158 | TR2 158
493.4972 	DATA 	Keypress: 5
493.4973 	DATA 	TR 317 | TR1 159 | TR2 158
494.9636 	DATA 	
494.9636 	DATA 	Trial complete
494.9637 	DATA 	Waiting for VASO trigger to start next trial
494.9637 	DATA 	
495.0471 	DATA 	Keypress: 5
495.0472 	DATA 	TR 318 | TR1 159 | TR2 159
496.6136 	DATA 	Keypress: 5
496.6136 	DATA 	Waited 1.6499578952789307 seconds for trigger
496.6144 	DATA 	
496.6144 	DATA 	Trial 14
496.6144 	DATA 	stimDur = 24.0
496.6144 	DATA 	jitter = 0.78525
496.6144 	DATA 	restDur = 40.0

496.6144 	DATA 	
496.6144 	DATA 	TR 319 | TR1 160 | TR2 159
497.4134 	DATA 	
497.4134 	DATA 	stimulation started
497.4135 	DATA 	
498.1801 	DATA 	Keypress: 5
498.1802 	DATA 	TR 320 | TR1 160 | TR2 160
499.7466 	DATA 	Keypress: 5
499.7467 	DATA 	TR 321 | TR1 161 | TR2 160
501.2965 	DATA 	Keypress: 5
501.2965 	DATA 	TR 322 | TR1 161 | TR2 161
502.8630 	DATA 	Keypress: 5
502.8630 	DATA 	TR 323 | TR1 162 | TR2 161
504.4129 	DATA 	Keypress: 5
504.4129 	DATA 	TR 324 | TR1 162 | TR2 162
505.9961 	DATA 	Keypress: 5
505.9961 	DATA 	TR 325 | TR1 163 | TR2 162
507.5459 	DATA 	Keypress: 5
507.5460 	DATA 	TR 326 | TR1 163 | TR2 163
509.1124 	DATA 	Keypress: 5
509.1125 	DATA 	TR 327 | TR1 164 | TR2 163
510.6623 	DATA 	Keypress: 5
510.6624 	DATA 	TR 328 | TR1 164 | TR2 164
512.2455 	DATA 	Keypress: 5
512.2455 	DATA 	TR 329 | TR1 165 | TR2 164
513.7954 	DATA 	Keypress: 5
513.7954 	DATA 	TR 330 | TR1 165 | TR2 165
515.3620 	DATA 	Keypress: 5
515.3620 	DATA 	TR 331 | TR1 166 | TR2 165
516.9117 	DATA 	Keypress: 5
516.9118 	DATA 	TR 332 | TR1 166 | TR2 166
518.4783 	DATA 	Keypress: 5
518.4783 	DATA 	TR 333 | TR1 167 | TR2 166
520.0281 	DATA 	Keypress: 5
520.0282 	DATA 	TR 334 | TR1 167 | TR2 167
521.4114 	DATA 	
521.4114 	DATA 	stimulation stopped
521.4114 	DATA 	
521.6114 	DATA 	Keypress: 5
521.6114 	DATA 	TR 335 | TR1 168 | TR2 167
523.1611 	DATA 	Keypress: 5
523.1611 	DATA 	TR 336 | TR1 168 | TR2 168
524.7276 	DATA 	Keypress: 5
524.7277 	DATA 	TR 337 | TR1 169 | TR2 168
526.2775 	DATA 	Keypress: 5
526.2776 	DATA 	TR 338 | TR1 169 | TR2 169
527.8607 	DATA 	Keypress: 5
527.8607 	DATA 	TR 339 | TR1 170 | TR2 169
529.4105 	DATA 	Keypress: 5
529.4106 	DATA 	TR 340 | TR1 170 | TR2 170
530.9770 	DATA 	Keypress: 5
530.9771 	DATA 	TR 341 | TR1 171 | TR2 170
531.9436 	DATA 	Target presented
532.4436 	DATA 	Keypress: 1
532.4437 	DATA 	Key1 pressed
532.4437 	DATA 	Target detected
532.5269 	DATA 	Keypress: 5
532.5269 	DATA 	TR 342 | TR1 171 | TR2 171
534.0940 	DATA 	Keypress: 5
534.1100 	DATA 	TR 343 | TR1 172 | TR2 171
535.6599 	DATA 	Keypress: 5
535.6600 	DATA 	TR 344 | TR1 172 | TR2 172
537.2265 	DATA 	Keypress: 5
537.2266 	DATA 	TR 345 | TR1 173 | TR2 172
538.7763 	DATA 	Keypress: 5
538.7764 	DATA 	TR 346 | TR1 173 | TR2 173
540.3428 	DATA 	Keypress: 5
540.3430 	DATA 	TR 347 | TR1 174 | TR2 173
541.8927 	DATA 	Keypress: 5
541.8927 	DATA 	TR 348 | TR1 174 | TR2 174
543.4760 	DATA 	Keypress: 5
543.4761 	DATA 	TR 349 | TR1 175 | TR2 174
545.0259 	DATA 	Keypress: 5
545.0259 	DATA 	TR 350 | TR1 175 | TR2 175
546.5923 	DATA 	Keypress: 5
546.5924 	DATA 	TR 351 | TR1 176 | TR2 175
547.3422 	DATA 	Keypress: 1
547.3422 	DATA 	Key1 pressed
548.1421 	DATA 	Keypress: 5
548.1422 	DATA 	TR 352 | TR1 176 | TR2 176
549.7254 	DATA 	Keypress: 5
549.7254 	DATA 	TR 353 | TR1 177 | TR2 176
551.2752 	DATA 	Keypress: 5
551.2752 	DATA 	TR 354 | TR1 177 | TR2 177
552.8418 	DATA 	Keypress: 5
552.8418 	DATA 	TR 355 | TR1 178 | TR2 177
554.3916 	DATA 	Keypress: 5
554.3916 	DATA 	TR 356 | TR1 178 | TR2 178
555.9581 	DATA 	Keypress: 5
555.9582 	DATA 	TR 357 | TR1 179 | TR2 178
557.5085 	DATA 	Keypress: 5
557.5246 	DATA 	TR 358 | TR1 179 | TR2 179
559.0913 	DATA 	Keypress: 5
559.0913 	DATA 	TR 359 | TR1 180 | TR2 179
560.6410 	DATA 	Keypress: 5
560.6411 	DATA 	TR 360 | TR1 180 | TR2 180
561.4076 	DATA 	
561.4076 	DATA 	Trial complete
561.4076 	DATA 	Waiting for VASO trigger to start next trial
561.4076 	DATA 	
562.2075 	DATA 	Keypress: 5
562.2076 	DATA 	Waited 0.8000080585479736 seconds for trigger
562.2084 	DATA 	
562.2084 	DATA 	Trial 15
562.2084 	DATA 	stimDur = 12.0
562.2084 	DATA 	jitter = 1.5705
562.2084 	DATA 	restDur = 30.0

562.2084 	DATA 	
562.2084 	DATA 	TR 361 | TR1 181 | TR2 180
563.7574 	DATA 	Keypress: 5
563.7574 	DATA 	TR 362 | TR1 181 | TR2 181
563.7907 	DATA 	
563.7907 	DATA 	stimulation started
563.7907 	DATA 	
565.3406 	DATA 	Keypress: 5
565.3407 	DATA 	TR 363 | TR1 182 | TR2 181
566.8905 	DATA 	Keypress: 5
566.8905 	DATA 	TR 364 | TR1 182 | TR2 182
568.4570 	DATA 	Keypress: 5
568.4571 	DATA 	TR 365 | TR1 183 | TR2 182
570.0068 	DATA 	Keypress: 5
570.0069 	DATA 	TR 366 | TR1 183 | TR2 183
571.5734 	DATA 	Keypress: 5
571.5735 	DATA 	TR 367 | TR1 184 | TR2 183
573.1401 	DATA 	Keypress: 5
573.1401 	DATA 	TR 368 | TR1 184 | TR2 184
574.7065 	DATA 	Keypress: 5
574.7065 	DATA 	TR 369 | TR1 185 | TR2 184
575.7897 	DATA 	
575.7897 	DATA 	stimulation stopped
575.7897 	DATA 	
576.2562 	DATA 	Keypress: 5
576.2563 	DATA 	TR 370 | TR1 185 | TR2 185
577.8228 	DATA 	Keypress: 5
577.8229 	DATA 	TR 371 | TR1 186 | TR2 185
579.3728 	DATA 	Keypress: 5
579.3728 	DATA 	TR 372 | TR1 186 | TR2 186
580.9559 	DATA 	Keypress: 5
580.9559 	DATA 	TR 373 | TR1 187 | TR2 186
582.5058 	DATA 	Keypress: 5
582.5059 	DATA 	TR 374 | TR1 187 | TR2 187
584.0722 	DATA 	Keypress: 5
584.0723 	DATA 	TR 375 | TR1 188 | TR2 187
585.5221 	DATA 	Target presented
585.6221 	DATA 	Keypress: 5
585.6221 	DATA 	TR 376 | TR1 188 | TR2 188
586.0054 	DATA 	Keypress: 1
586.0055 	DATA 	Key1 pressed
586.0055 	DATA 	Target detected
587.2053 	DATA 	Keypress: 5
587.2053 	DATA 	TR 377 | TR1 189 | TR2 188
588.7551 	DATA 	Keypress: 5
588.7551 	DATA 	TR 378 | TR1 189 | TR2 189
590.3217 	DATA 	Keypress: 5
590.3217 	DATA 	TR 379 | TR1 190 | TR2 189
591.8715 	DATA 	Keypress: 5
591.8715 	DATA 	TR 380 | TR1 190 | TR2 190
593.4380 	DATA 	Keypress: 5
593.4381 	DATA 	TR 381 | TR1 191 | TR2 190
595.0045 	DATA 	Keypress: 5
595.0046 	DATA 	TR 382 | TR1 191 | TR2 191
596.5711 	DATA 	Keypress: 5
596.5711 	DATA 	TR 383 | TR1 192 | TR2 191
598.1209 	DATA 	Keypress: 5
598.1210 	DATA 	TR 384 | TR1 192 | TR2 192
599.6875 	DATA 	Keypress: 5
599.6875 	DATA 	TR 385 | TR1 193 | TR2 192
601.2373 	DATA 	Keypress: 5
601.2374 	DATA 	TR 386 | TR1 193 | TR2 193
602.8205 	DATA 	Keypress: 5
602.8206 	DATA 	TR 387 | TR1 194 | TR2 193
604.3704 	DATA 	Keypress: 5
604.3704 	DATA 	TR 388 | TR1 194 | TR2 194
605.7869 	DATA 	
605.7869 	DATA 	Trial complete
605.7869 	DATA 	Waiting for VASO trigger to start next trial
605.7869 	DATA 	
605.9369 	DATA 	Keypress: 5
605.9370 	DATA 	Waited 0.150068998336792 seconds for trigger
605.9378 	DATA 	
605.9378 	DATA 	Trial 16
605.9378 	DATA 	stimDur = 12.0
605.9378 	DATA 	jitter = 2.35575
605.9378 	DATA 	restDur = 30.0

605.9378 	DATA 	
605.9378 	DATA 	TR 389 | TR1 195 | TR2 194
607.4869 	DATA 	Keypress: 5
607.4869 	DATA 	TR 390 | TR1 195 | TR2 195
608.3033 	DATA 	
608.3033 	DATA 	stimulation started
608.3033 	DATA 	
609.0541 	DATA 	Keypress: 5
609.0700 	DATA 	TR 391 | TR1 196 | TR2 195
610.6198 	DATA 	Keypress: 5
610.6199 	DATA 	TR 392 | TR1 196 | TR2 196
612.1864 	DATA 	Keypress: 5
612.1864 	DATA 	TR 393 | TR1 197 | TR2 196
613.7362 	DATA 	Keypress: 5
613.7363 	DATA 	TR 394 | TR1 197 | TR2 197
615.3028 	DATA 	Keypress: 5
615.3028 	DATA 	TR 395 | TR1 198 | TR2 197
616.8526 	DATA 	Keypress: 5
616.8527 	DATA 	TR 396 | TR1 198 | TR2 198
618.4358 	DATA 	Keypress: 5
618.4359 	DATA 	TR 397 | TR1 199 | TR2 198
619.9857 	DATA 	Keypress: 5
619.9857 	DATA 	TR 398 | TR1 199 | TR2 199
620.3023 	DATA 	
620.3023 	DATA 	stimulation stopped
620.3023 	DATA 	
621.5522 	DATA 	Keypress: 5
621.5522 	DATA 	TR 399 | TR1 200 | TR2 199
623.1020 	DATA 	Keypress: 5
623.1020 	DATA 	TR 400 | TR1 200 | TR2 200
624.6852 	DATA 	Keypress: 5
624.6853 	DATA 	TR 401 | TR1 201 | TR2 200
626.2350 	DATA 	Keypress: 5
626.2351 	DATA 	TR 402 | TR1 201 | TR2 201
627.8016 	DATA 	Keypress: 5
627.8016 	DATA 	TR 403 | TR1 202 | TR2 201
629.3514 	DATA 	Keypress: 5
629.3515 	DATA 	TR 404 | TR1 202 | TR2 202
630.9180 	DATA 	Keypress: 5
630.9181 	DATA 	TR 405 | TR1 203 | TR2 202
632.4845 	DATA 	Keypress: 5
632.4845 	DATA 	TR 406 | TR1 203 | TR2 203
634.0511 	DATA 	Keypress: 5
634.0512 	DATA 	TR 407 | TR1 204 | TR2 203
635.6008 	DATA 	Keypress: 5
635.6009 	DATA 	TR 408 | TR1 204 | TR2 204
637.1674 	DATA 	Keypress: 5
637.1675 	DATA 	TR 409 | TR1 205 | TR2 204
638.7172 	DATA 	Keypress: 5
638.7173 	DATA 	TR 410 | TR1 205 | TR2 205
640.3005 	DATA 	Keypress: 5
640.3005 	DATA 	TR 411 | TR1 206 | TR2 205
641.8503 	DATA 	Keypress: 5
641.8503 	DATA 	TR 412 | TR1 206 | TR2 206
643.4168 	DATA 	Keypress: 5
643.4169 	DATA 	TR 413 | TR1 207 | TR2 206
644.9667 	DATA 	Keypress: 5
644.9667 	DATA 	TR 414 | TR1 207 | TR2 207
646.5500 	DATA 	Keypress: 5
646.5501 	DATA 	TR 415 | TR1 208 | TR2 207
648.0997 	DATA 	Keypress: 5
648.0998 	DATA 	TR 416 | TR1 208 | TR2 208
649.6663 	DATA 	Keypress: 5
649.6663 	DATA 	TR 417 | TR1 209 | TR2 208
650.2995 	DATA 	
650.2995 	DATA 	Trial complete
650.2995 	DATA 	Waiting for VASO trigger to start next trial
650.2995 	DATA 	
651.2161 	DATA 	Keypress: 5
651.2161 	DATA 	TR 418 | TR1 209 | TR2 209
652.7828 	DATA 	Keypress: 5
652.7829 	DATA 	Waited 2.483361005783081 seconds for trigger
652.7836 	DATA 	
652.7837 	DATA 	Trial 17
652.7837 	DATA 	stimDur = 24.0
652.7837 	DATA 	jitter = 0.0
652.7837 	DATA 	restDur = 40.0

652.7837 	DATA 	
652.7837 	DATA 	TR 419 | TR1 210 | TR2 209
652.7837 	DATA 	
652.7837 	DATA 	stimulation started
652.7837 	DATA 	
653.3493 	DATA 	Target presented
653.8826 	DATA 	Keypress: 1
653.8826 	DATA 	Key1 pressed
653.8826 	DATA 	Target detected
654.3325 	DATA 	Keypress: 5
654.3326 	DATA 	TR 420 | TR1 210 | TR2 210
655.9157 	DATA 	Keypress: 5
655.9158 	DATA 	TR 421 | TR1 211 | TR2 210
657.4656 	DATA 	Keypress: 5
657.4656 	DATA 	TR 422 | TR1 211 | TR2 211
659.0321 	DATA 	Keypress: 5
659.0322 	DATA 	TR 423 | TR1 212 | TR2 211
660.5820 	DATA 	Keypress: 5
660.5820 	DATA 	TR 424 | TR1 212 | TR2 212
662.1652 	DATA 	Keypress: 5
662.1652 	DATA 	TR 425 | TR1 213 | TR2 212
663.7151 	DATA 	Keypress: 5
663.7152 	DATA 	TR 426 | TR1 213 | TR2 213
665.2816 	DATA 	Keypress: 5
665.2816 	DATA 	TR 427 | TR1 214 | TR2 213
666.8314 	DATA 	Keypress: 5
666.8314 	DATA 	TR 428 | TR1 214 | TR2 214
668.3987 	DATA 	Keypress: 5
668.4145 	DATA 	TR 429 | TR1 215 | TR2 214
669.9644 	DATA 	Keypress: 5
669.9645 	DATA 	TR 430 | TR1 215 | TR2 215
671.5310 	DATA 	Keypress: 5
671.5310 	DATA 	TR 431 | TR1 216 | TR2 215
673.0808 	DATA 	Keypress: 5
673.0809 	DATA 	TR 432 | TR1 216 | TR2 216
674.6474 	DATA 	Keypress: 5
674.6474 	DATA 	TR 433 | TR1 217 | TR2 216
676.1972 	DATA 	Keypress: 5
676.1972 	DATA 	TR 434 | TR1 217 | TR2 217
676.7971 	DATA 	
676.7971 	DATA 	stimulation stopped
676.7971 	DATA 	
677.7804 	DATA 	Keypress: 5
677.7804 	DATA 	TR 435 | TR1 218 | TR2 217
679.3302 	DATA 	Keypress: 5
679.3302 	DATA 	TR 436 | TR1 218 | TR2 218
680.8968 	DATA 	Keypress: 5
680.8968 	DATA 	TR 437 | TR1 219 | TR2 218
682.4466 	DATA 	Keypress: 5
682.4466 	DATA 	TR 438 | TR1 219 | TR2 219
684.0298 	DATA 	Keypress: 5
684.0298 	DATA 	TR 439 | TR1 220 | TR2 219
685.5796 	DATA 	Keypress: 5
685.5797 	DATA 	TR 440 | TR1 220 | TR2 220
687.1462 	DATA 	Keypress: 5
687.1462 	DATA 	TR 441 | TR1 221 | TR2 220
688.6960 	DATA 	Keypress: 5
688.6960 	DATA 	TR 442 | TR1 221 | TR2 221
690.2626 	DATA 	Keypress: 5
690.2626 	DATA 	TR 443 | TR1 222 | TR2 221
691.8130 	DATA 	Keypress: 5
691.8290 	DATA 	TR 444 | TR1 222 | TR2 222
693.3956 	DATA 	Keypress: 5
693.3957 	DATA 	TR 445 | TR1 223 | TR2 222
694.9454 	DATA 	Keypress: 5
694.9455 	DATA 	TR 446 | TR1 223 | TR2 223
696.5120 	DATA 	Keypress: 5
696.5120 	DATA 	TR 447 | TR1 224 | TR2 223
698.0619 	DATA 	Keypress: 5
698.0619 	DATA 	TR 448 | TR1 224 | TR2 224
699.6451 	DATA 	Keypress: 5
699.6451 	DATA 	TR 449 | TR1 225 | TR2 224
701.1949 	DATA 	Keypress: 5
701.1949 	DATA 	TR 450 | TR1 225 | TR2 225
702.7614 	DATA 	Keypress: 5
702.7615 	DATA 	TR 451 | TR1 226 | TR2 225
704.3112 	DATA 	Keypress: 5
704.3113 	DATA 	TR 452 | TR1 226 | TR2 226
705.8778 	DATA 	Keypress: 5
705.8779 	DATA 	TR 453 | TR1 227 | TR2 226
707.4443 	DATA 	Keypress: 5
707.4443 	DATA 	TR 454 | TR1 227 | TR2 227
709.0109 	DATA 	Keypress: 5
709.0109 	DATA 	TR 455 | TR1 228 | TR2 227
710.5607 	DATA 	Keypress: 5
710.5607 	DATA 	TR 456 | TR1 228 | TR2 228
712.1273 	DATA 	Keypress: 5
712.1273 	DATA 	TR 457 | TR1 229 | TR2 228
713.6772 	DATA 	Keypress: 5
713.6773 	DATA 	TR 458 | TR1 229 | TR2 229
715.2603 	DATA 	Keypress: 5
715.2603 	DATA 	TR 459 | TR1 230 | TR2 229
716.7934 	DATA 	
716.7934 	DATA 	Trial complete
716.7935 	DATA 	Waiting for VASO trigger to start next trial
716.7935 	DATA 	
716.8101 	DATA 	Keypress: 5
716.8102 	DATA 	TR 460 | TR1 230 | TR2 230
718.3767 	DATA 	Keypress: 5
718.3767 	DATA 	Waited 1.583252191543579 seconds for trigger
718.3775 	DATA 	
718.3775 	DATA 	Trial 18
718.3775 	DATA 	stimDur = 1.0
718.3775 	DATA 	jitter = 2.35575
718.3775 	DATA 	restDur = 20.0

718.3775 	DATA 	
718.3775 	DATA 	TR 461 | TR1 231 | TR2 230
719.9265 	DATA 	Keypress: 5
719.9266 	DATA 	TR 462 | TR1 231 | TR2 231
720.7430 	DATA 	
720.7430 	DATA 	stimulation started
720.7430 	DATA 	
721.5099 	DATA 	Keypress: 5
721.5100 	DATA 	TR 463 | TR1 232 | TR2 231
721.7430 	DATA 	
721.7430 	DATA 	stimulation stopped
721.7430 	DATA 	
722.4429 	DATA 	Target presented
723.0596 	DATA 	Keypress: 5
723.0596 	DATA 	TR 464 | TR1 232 | TR2 232
724.6261 	DATA 	Keypress: 5
724.6262 	DATA 	TR 465 | TR1 233 | TR2 232
726.1759 	DATA 	Keypress: 5
726.1760 	DATA 	TR 466 | TR1 233 | TR2 233
727.7425 	DATA 	Keypress: 5
727.7425 	DATA 	TR 467 | TR1 234 | TR2 233
729.2929 	DATA 	Keypress: 5
729.3089 	DATA 	TR 468 | TR1 234 | TR2 234
730.8755 	DATA 	Keypress: 5
730.8756 	DATA 	TR 469 | TR1 235 | TR2 234
732.4254 	DATA 	Keypress: 5
732.4254 	DATA 	TR 470 | TR1 235 | TR2 235
733.9921 	DATA 	Keypress: 5
733.9921 	DATA 	TR 471 | TR1 236 | TR2 235
735.5417 	DATA 	Keypress: 5
735.5418 	DATA 	TR 472 | TR1 236 | TR2 236
737.1249 	DATA 	Keypress: 5
737.1250 	DATA 	TR 473 | TR1 237 | TR2 236
738.6750 	DATA 	Keypress: 5
738.6751 	DATA 	TR 474 | TR1 237 | TR2 237
740.2413 	DATA 	Keypress: 5
740.2414 	DATA 	TR 475 | TR1 238 | TR2 237
741.7411 	DATA 	
741.7411 	DATA 	Trial complete
741.7412 	DATA 	Waiting for VASO trigger to start next trial
741.7412 	DATA 	
741.7912 	DATA 	Keypress: 5
741.7912 	DATA 	TR 476 | TR1 238 | TR2 238
743.3583 	DATA 	Keypress: 5
743.3743 	DATA 	Waited 1.6331708431243896 seconds for trigger
743.3751 	DATA 	
743.3751 	DATA 	Trial 19
743.3751 	DATA 	stimDur = 2.0
743.3751 	DATA 	jitter = 0.0
743.3751 	DATA 	restDur = 22.0

743.3751 	DATA 	
743.3751 	DATA 	TR 477 | TR1 239 | TR2 238
743.3751 	DATA 	
743.3751 	DATA 	stimulation started
743.3752 	DATA 	
744.9243 	DATA 	Keypress: 5
744.9244 	DATA 	TR 478 | TR1 239 | TR2 239
745.3909 	DATA 	
745.3909 	DATA 	stimulation stopped
745.3909 	DATA 	
746.4907 	DATA 	Keypress: 5
746.4908 	DATA 	TR 479 | TR1 240 | TR2 239
748.0405 	DATA 	Keypress: 5
748.0406 	DATA 	TR 480 | TR1 240 | TR2 240
749.6071 	DATA 	Keypress: 5
749.6071 	DATA 	TR 481 | TR1 241 | TR2 240
751.1570 	DATA 	Keypress: 5
751.1571 	DATA 	TR 482 | TR1 241 | TR2 241
752.7402 	DATA 	Keypress: 5
752.7402 	DATA 	TR 483 | TR1 242 | TR2 241
754.2901 	DATA 	Keypress: 5
754.2901 	DATA 	TR 484 | TR1 242 | TR2 242
755.8566 	DATA 	Keypress: 5
755.8566 	DATA 	TR 485 | TR1 243 | TR2 242
757.4065 	DATA 	Keypress: 5
757.4065 	DATA 	TR 486 | TR1 243 | TR2 243
758.9896 	DATA 	Keypress: 5
758.9897 	DATA 	TR 487 | TR1 244 | TR2 243
760.5395 	DATA 	Keypress: 5
760.5395 	DATA 	TR 488 | TR1 244 | TR2 244
762.1060 	DATA 	Keypress: 5
762.1060 	DATA 	TR 489 | TR1 245 | TR2 244
763.2559 	DATA 	Target presented
763.6559 	DATA 	Keypress: 5
763.6559 	DATA 	TR 490 | TR1 245 | TR2 245
763.7725 	DATA 	Keypress: 1
763.7725 	DATA 	Key1 pressed
763.7726 	DATA 	Target detected
765.2225 	DATA 	Keypress: 5
765.2225 	DATA 	TR 491 | TR1 246 | TR2 245
766.7889 	DATA 	Keypress: 5
766.7890 	DATA 	TR 492 | TR1 246 | TR2 246
767.3888 	DATA 	
767.3888 	DATA 	Trial complete
767.3888 	DATA 	
768.3554 	DATA 	Keypress: 5
768.3555 	DATA 	Waited 26.61430597305298 seconds for trigger
768.3562 	DATA 	
768.3563 	DATA 	Trial 20
768.3563 	DATA 	stimDur = 4.0
768.3563 	DATA 	jitter = 0.0
768.3563 	DATA 	restDur = 24.0

768.3563 	DATA 	
768.3563 	DATA 	TR 493 | TR1 247 | TR2 246
768.3563 	DATA 	
768.3563 	DATA 	stimulation started
768.3563 	DATA 	
769.9054 	DATA 	Keypress: 5
769.9054 	DATA 	TR 494 | TR1 247 | TR2 247
771.4719 	DATA 	Keypress: 5
771.4719 	DATA 	TR 495 | TR1 248 | TR2 247
772.3717 	DATA 	
772.3718 	DATA 	stimulation stopped
772.3718 	DATA 	
773.0217 	DATA 	Keypress: 5
773.0218 	DATA 	TR 496 | TR1 248 | TR2 248
774.6048 	DATA 	Keypress: 5
774.6049 	DATA 	TR 497 | TR1 249 | TR2 248
776.1547 	DATA 	Keypress: 5
776.1548 	DATA 	TR 498 | TR1 249 | TR2 249
777.7213 	DATA 	Keypress: 5
777.7213 	DATA 	TR 499 | TR1 250 | TR2 249
779.2711 	DATA 	Keypress: 5
779.2712 	DATA 	TR 500 | TR1 250 | TR2 250
780.8543 	DATA 	Keypress: 5
780.8543 	DATA 	TR 501 | TR1 251 | TR2 250
782.4042 	DATA 	Keypress: 5
782.4042 	DATA 	TR 502 | TR1 251 | TR2 251
783.9707 	DATA 	Keypress: 5
783.9707 	DATA 	TR 503 | TR1 252 | TR2 251
785.5206 	DATA 	Keypress: 5
785.5206 	DATA 	TR 504 | TR1 252 | TR2 252
787.0870 	DATA 	Keypress: 5
787.0871 	DATA 	TR 505 | TR1 253 | TR2 252
788.6376 	DATA 	Keypress: 5
788.6535 	DATA 	TR 506 | TR1 253 | TR2 253
790.2201 	DATA 	Keypress: 5
790.2201 	DATA 	TR 507 | TR1 254 | TR2 253
791.7700 	DATA 	Keypress: 5
791.7700 	DATA 	TR 508 | TR1 254 | TR2 254
793.3365 	DATA 	Keypress: 5
793.3365 	DATA 	TR 509 | TR1 255 | TR2 254
794.8864 	DATA 	Keypress: 5
794.8864 	DATA 	TR 510 | TR1 255 | TR2 255
796.3695 	DATA 	
796.3695 	DATA 	Trial complete
796.3695 	DATA 	
796.4697 	DATA 	Keypress: 5
796.4697 	DATA 	TR 511 | TR1 256 | TR2 255
798.0194 	DATA 	Keypress: 5
798.0195 	DATA 	TR 512 | TR1 256 | TR2 256
799.5859 	DATA 	Keypress: 5
799.5860 	DATA 	TR 513 | TR1 257 | TR2 256
801.1358 	DATA 	Keypress: 5
801.1358 	DATA 	TR 514 | TR1 257 | TR2 257
802.7023 	DATA 	Keypress: 5
802.7023 	DATA 	TR 515 | TR1 258 | TR2 257
804.2688 	DATA 	Keypress: 5
804.2689 	DATA 	TR 516 | TR1 258 | TR2 258
805.8353 	DATA 	Keypress: 5
805.8354 	DATA 	TR 517 | TR1 259 | TR2 258
807.3852 	DATA 	Keypress: 5
807.3853 	DATA 	TR 518 | TR1 259 | TR2 259
808.9517 	DATA 	Keypress: 5
808.9518 	DATA 	TR 519 | TR1 260 | TR2 259
810.5016 	DATA 	Keypress: 5
810.5016 	DATA 	TR 520 | TR1 260 | TR2 260
812.0848 	DATA 	Keypress: 5
812.0848 	DATA 	TR 521 | TR1 261 | TR2 260
813.6347 	DATA 	Keypress: 5
813.6347 	DATA 	TR 522 | TR1 261 | TR2 261
815.2012 	DATA 	Keypress: 5
815.2012 	DATA 	TR 523 | TR1 262 | TR2 261
816.7510 	DATA 	Keypress: 5
816.7511 	DATA 	TR 524 | TR1 262 | TR2 262
818.3342 	DATA 	Keypress: 5
818.3343 	DATA 	TR 525 | TR1 263 | TR2 262
819.8841 	DATA 	Keypress: 5
819.8841 	DATA 	TR 526 | TR1 263 | TR2 263
821.4506 	DATA 	Keypress: 5
821.4507 	DATA 	TR 527 | TR1 264 | TR2 263
822.8170 	DATA 	EndOfRun sub-06_ses-03_run-01

822.8170 	DATA 	We spent 52.25264263153076 seconds waiting for triggers
822.8170 	DATA 	RatioOfDetectedTargets 0.9166666666666666
822.8170 	DATA 	You have detected 11 out of 12 targets.
827.6375 	DATA 	Keypress: 5
827.8476 	EXP 	window1: mouseVisible = True
