MonitorDistance=99cm
MonitorWidth=30cm
PixelWidth=1920.0
PixelHeight=1200.0
You have detected 14 out of 15 targets.
Well done! Keep up the good work
11.5937 	INFO 	Loaded monitor calibration from ['2022_07_20 19:17']
13.7203 	WARNING 	Couldn't measure a consistent frame rate!
  - Is your graphics card set to sync to vertical blank?
  - Are you running other processes on your computer?

13.7209 	EXP 	Created window1 = Window(allowGUI=False, allowStencil=False, autoLog=True, backendConf=UNKNOWN, bitsMode=UNKNOWN, blendMode='avg', bpc=(8, 8, 8), color=array([-0.5, -0.5, -0.5]), colorSpace='rgb', depthBits=8, fullscr=<method-wrapper '__getattribute__' of attributeSetter object at 0x7fd0f17e4880>, gamma=None, gammaErrorPolicy='raise', lms=UNKNOWN, monitor=<psychopy.monitors.calibTools.Monitor object at 0x7fd0f1ca6a00>, multiSample=False, name='window1', numSamples=2, pos=[0.0, 0.0], screen=0, size=array([1920, 1200]), stencilBits=0, stereo=False, units='deg', useFBO=False, useRetina=False, viewOri=0.0, viewPos=None, viewScale=None, waitBlanking=True, winType='pyglet')
13.7212 	EXP 	window1: mouseVisible = True
13.7653 	EXP 	Created unnamed TextStim = TextStim(__class__=<class 'psychopy.visual.text.TextStim'>, alignHoriz=method-wrapper(...), alignText='center', alignVert=method-wrapper(...), anchorHoriz='center', anchorVert='center', antialias=True, autoDraw=False, autoLog=True, bold=False, color=array([1., 1., 1.]), colorSpace='rgb', contrast=1.0, depth=0, flipHoriz=False, flipVert=False, font='', fontFiles=[], height=0.49999999999999994, italic=False, languageStyle='LTR', name='unnamed TextStim', opacity=1.0, ori=0.0, pos=array([0., 0.]), rgb=UNKNOWN, text=str(...), units='deg', win=Window(...), wrapWidth=15.0)
13.7938 	EXP 	Created Movie Frame 0 = ImageStim(__class__=<class 'psychopy.visual.image.ImageStim'>, anchor=('center', 'center'), autoLog=True, color=array([1., 1., 1.]), colorSpace='rgb', contrast=1.0, depth=0, flipHoriz=False, flipVert=False, image='visual_0.png', interpolate=False, mask=None, maskParams=None, name='Movie Frame 0', opacity=1.0, ori=0.0, pos=array([0., 0.]), size=array([1024.,  768.]), texRes=128, units='pix', win=Window(...))
13.8147 	EXP 	Created Movie Frame 1 = ImageStim(__class__=<class 'psychopy.visual.image.ImageStim'>, anchor=('center', 'center'), autoLog=True, color=array([1., 1., 1.]), colorSpace='rgb', contrast=1.0, depth=0, flipHoriz=False, flipVert=False, image='visual_1.png', interpolate=False, mask=None, maskParams=None, name='Movie Frame 1', opacity=1.0, ori=0.0, pos=array([0., 0.]), size=array([1024.,  768.]), texRes=128, units='pix', win=Window(...))
15.2988 	DATA 	Keypress: 5
0.0000 	DATA 	StartOfRun sub-01_ses-02_run-06
0.0000 	DATA 	TR 1 | TR1 1 | TR2 0
0.0144 	DATA 	Initial baseline

1.4785 	DATA 	Keypress: 5
1.4788 	DATA 	TR 2 | TR1 1 | TR2 1
2.9734 	DATA 	Keypress: 5
2.9738 	DATA 	TR 3 | TR1 2 | TR2 1
4.4514 	DATA 	Keypress: 5
4.4519 	DATA 	TR 4 | TR1 2 | TR2 2
5.9503 	DATA 	Keypress: 5
5.9507 	DATA 	TR 5 | TR1 3 | TR2 2
7.4273 	DATA 	Keypress: 5
7.4277 	DATA 	TR 6 | TR1 3 | TR2 3
8.9265 	DATA 	Keypress: 5
8.9269 	DATA 	TR 7 | TR1 4 | TR2 3
10.4045 	DATA 	Keypress: 5
10.4049 	DATA 	TR 8 | TR1 4 | TR2 4
11.9025 	DATA 	Keypress: 5
11.9029 	DATA 	TR 9 | TR1 5 | TR2 4
13.3803 	DATA 	Keypress: 5
13.3806 	DATA 	TR 10 | TR1 5 | TR2 5
14.8795 	DATA 	Keypress: 5
14.8799 	DATA 	TR 11 | TR1 6 | TR2 5
15.0049 	WARNING 	t of last frame was 14990.97ms (=1/0)
16.3663 	DATA 	Keypress: 5
16.3666 	DATA 	TR 12 | TR1 6 | TR2 6
17.8665 	DATA 	Keypress: 5
17.8682 	DATA 	
17.8682 	DATA 	Trial 1
17.8682 	DATA 	stimDur = 1.0
17.8683 	DATA 	jitter = 1.5
17.8683 	DATA 	restDur = 12.0

17.8683 	DATA 	
17.8683 	DATA 	TR 13 | TR1 7 | TR2 6
19.3363 	DATA 	Keypress: 5
19.3366 	DATA 	TR 14 | TR1 7 | TR2 7
19.3678 	DATA 	
19.3679 	DATA 	stimulation started
19.3679 	DATA 	
20.3693 	DATA 	
20.3693 	DATA 	stimulation stopped
20.3693 	DATA 	
20.8361 	DATA 	Keypress: 5
20.8364 	DATA 	TR 15 | TR1 8 | TR2 7
22.3168 	DATA 	Keypress: 5
22.3172 	DATA 	TR 16 | TR1 8 | TR2 8
23.8188 	DATA 	Keypress: 5
23.8193 	DATA 	TR 17 | TR1 9 | TR2 8
25.2566 	WARNING 	t of last frame was 20.62ms (=1/48)
25.2862 	DATA 	Keypress: 5
25.2865 	DATA 	TR 18 | TR1 9 | TR2 9
26.7847 	DATA 	Keypress: 5
26.7993 	DATA 	TR 19 | TR1 10 | TR2 9
28.2681 	DATA 	Keypress: 5
28.2684 	DATA 	TR 20 | TR1 10 | TR2 10
29.7699 	DATA 	Keypress: 5
29.7704 	DATA 	TR 21 | TR1 11 | TR2 10
31.2393 	DATA 	Keypress: 5
31.2397 	DATA 	TR 22 | TR1 11 | TR2 11
32.3687 	DATA 	
32.3687 	DATA 	Trial complete
32.3687 	DATA 	Waiting for VASO trigger to start next trial
32.3687 	DATA 	
32.7518 	DATA 	Keypress: 5
32.7533 	DATA 	
32.7534 	DATA 	Trial 2
32.7534 	DATA 	stimDur = 1.0
32.7534 	DATA 	jitter = 1.0
32.7534 	DATA 	restDur = 12.0

32.7535 	DATA 	
32.7535 	DATA 	TR 23 | TR1 12 | TR2 11
33.7698 	DATA 	
33.7698 	DATA 	stimulation started
33.7699 	DATA 	
34.2186 	DATA 	Keypress: 5
34.2189 	DATA 	TR 24 | TR1 12 | TR2 12
34.7687 	DATA 	
34.7687 	DATA 	stimulation stopped
34.7687 	DATA 	
35.7202 	DATA 	Keypress: 5
35.7206 	DATA 	TR 25 | TR1 13 | TR2 12
37.2012 	DATA 	Keypress: 5
37.2016 	DATA 	TR 26 | TR1 13 | TR2 13
38.7027 	DATA 	Keypress: 5
38.7032 	DATA 	TR 27 | TR1 14 | TR2 13
40.1717 	DATA 	Keypress: 5
40.1721 	DATA 	TR 28 | TR1 14 | TR2 14
41.6670 	DATA 	Keypress: 5
41.6674 	DATA 	TR 29 | TR1 15 | TR2 14
43.1513 	DATA 	Keypress: 5
43.1517 	DATA 	TR 30 | TR1 15 | TR2 15
44.6559 	DATA 	Keypress: 5
44.6564 	DATA 	TR 31 | TR1 16 | TR2 15
46.1209 	DATA 	Keypress: 5
46.1213 	DATA 	TR 32 | TR1 16 | TR2 16
46.7684 	DATA 	
46.7684 	DATA 	Trial complete
46.7684 	DATA 	Waiting for VASO trigger to start next trial
46.7684 	DATA 	
47.6188 	DATA 	Keypress: 5
47.6349 	DATA 	
47.6349 	DATA 	Trial 3
47.6349 	DATA 	stimDur = 12.0
47.6349 	DATA 	jitter = 1.5
47.6349 	DATA 	restDur = 20.0

47.6350 	DATA 	
47.6350 	DATA 	TR 33 | TR1 17 | TR2 16
49.1025 	DATA 	Keypress: 5
49.1029 	DATA 	TR 34 | TR1 17 | TR2 17
49.1351 	DATA 	
49.1351 	DATA 	stimulation started
49.1351 	DATA 	
50.6042 	DATA 	Keypress: 5
50.6047 	DATA 	TR 35 | TR1 18 | TR2 17
52.0873 	DATA 	Keypress: 5
52.0877 	DATA 	TR 36 | TR1 18 | TR2 18
53.5881 	DATA 	Keypress: 5
53.5885 	DATA 	TR 37 | TR1 19 | TR2 18
55.0528 	DATA 	Keypress: 5
55.0532 	DATA 	TR 38 | TR1 19 | TR2 19
56.5500 	DATA 	Keypress: 5
56.5503 	DATA 	TR 39 | TR1 20 | TR2 19
58.0352 	DATA 	Keypress: 5
58.0356 	DATA 	TR 40 | TR1 20 | TR2 20
59.5365 	DATA 	Keypress: 5
59.5368 	DATA 	TR 41 | TR1 21 | TR2 20
59.5562 	WARNING 	t of last frame was 20.59ms (=1/48)
61.0038 	DATA 	Keypress: 5
61.0042 	DATA 	TR 42 | TR1 21 | TR2 21
61.1366 	DATA 	
61.1366 	DATA 	stimulation stopped
61.1366 	DATA 	
61.9713 	WARNING 	t of last frame was 20.58ms (=1/48)
62.5009 	DATA 	Keypress: 5
62.5012 	DATA 	TR 43 | TR1 22 | TR2 21
63.9863 	DATA 	Keypress: 5
63.9867 	DATA 	TR 44 | TR1 22 | TR2 22
64.8539 	DATA 	Target presented
65.4876 	DATA 	Keypress: 5
65.4880 	DATA 	TR 45 | TR1 23 | TR2 22
66.1071 	DATA 	Keypress: 1
66.1080 	DATA 	Key1 pressed
66.1080 	DATA 	Target detected
66.9699 	DATA 	Keypress: 5
66.9703 	DATA 	TR 46 | TR1 23 | TR2 23
68.4713 	DATA 	Keypress: 5
68.4717 	DATA 	TR 47 | TR1 24 | TR2 23
69.5391 	WARNING 	Multiple dropped frames have occurred - I'll stop bothering you about them!
69.9364 	DATA 	Keypress: 5
69.9367 	DATA 	TR 48 | TR1 24 | TR2 24
71.4335 	DATA 	Keypress: 5
71.4339 	DATA 	TR 49 | TR1 25 | TR2 24
72.9192 	DATA 	Keypress: 5
72.9197 	DATA 	TR 50 | TR1 25 | TR2 25
74.4060 	DATA 	Keypress: 5
74.4203 	DATA 	TR 51 | TR1 26 | TR2 25
75.8872 	DATA 	Keypress: 5
75.8876 	DATA 	TR 52 | TR1 26 | TR2 26
77.3844 	DATA 	Keypress: 5
77.3848 	DATA 	TR 53 | TR1 27 | TR2 26
78.8725 	DATA 	Keypress: 5
78.8730 	DATA 	TR 54 | TR1 27 | TR2 27
80.3734 	DATA 	Keypress: 5
80.3739 	DATA 	TR 55 | TR1 28 | TR2 27
81.1371 	DATA 	
81.1371 	DATA 	Trial complete
81.1371 	DATA 	Waiting for VASO trigger to start next trial
81.1371 	DATA 	
81.8355 	DATA 	Keypress: 5
81.8516 	DATA 	TR 56 | TR1 28 | TR2 28
83.3355 	DATA 	Keypress: 5
83.3368 	DATA 	
83.3368 	DATA 	Trial 4
83.3368 	DATA 	stimDur = 1.0
83.3368 	DATA 	jitter = 2.0
83.3368 	DATA 	restDur = 12.0

83.3368 	DATA 	
83.3368 	DATA 	TR 57 | TR1 29 | TR2 28
84.8203 	DATA 	Keypress: 5
84.8207 	DATA 	TR 58 | TR1 29 | TR2 29
85.3386 	DATA 	
85.3387 	DATA 	stimulation started
85.3387 	DATA 	
86.3217 	DATA 	Keypress: 5
86.3221 	DATA 	TR 59 | TR1 30 | TR2 29
86.3390 	DATA 	
86.3390 	DATA 	stimulation stopped
86.3390 	DATA 	
87.8046 	DATA 	Keypress: 5
87.8050 	DATA 	TR 60 | TR1 30 | TR2 30
89.3047 	DATA 	Keypress: 5
89.3050 	DATA 	TR 61 | TR1 31 | TR2 30
90.7709 	DATA 	Keypress: 5
90.7713 	DATA 	TR 62 | TR1 31 | TR2 31
92.2680 	DATA 	Keypress: 5
92.2684 	DATA 	TR 63 | TR1 32 | TR2 31
93.7533 	DATA 	Keypress: 5
93.7537 	DATA 	TR 64 | TR1 32 | TR2 32
95.2550 	DATA 	Keypress: 5
95.2555 	DATA 	TR 65 | TR1 33 | TR2 32
96.7194 	DATA 	Keypress: 5
96.7197 	DATA 	TR 66 | TR1 33 | TR2 33
98.2186 	DATA 	Keypress: 5
98.2190 	DATA 	TR 67 | TR1 34 | TR2 33
98.3371 	DATA 	
98.3371 	DATA 	Trial complete
98.3371 	DATA 	Waiting for VASO trigger to start next trial
98.3371 	DATA 	
99.7064 	DATA 	Keypress: 5
99.7068 	DATA 	TR 68 | TR1 34 | TR2 34
101.2073 	DATA 	Keypress: 5
101.2087 	DATA 	
101.2088 	DATA 	Trial 5
101.2088 	DATA 	stimDur = 12.0
101.2088 	DATA 	jitter = 2.0
101.2088 	DATA 	restDur = 20.0

101.2088 	DATA 	
101.2088 	DATA 	TR 69 | TR1 35 | TR2 34
102.6879 	DATA 	Keypress: 5
102.6883 	DATA 	TR 70 | TR1 35 | TR2 35
103.2183 	DATA 	
103.2184 	DATA 	stimulation started
103.2184 	DATA 	
104.1701 	DATA 	Keypress: 5
104.1705 	DATA 	TR 71 | TR1 36 | TR2 35
105.6545 	DATA 	Keypress: 5
105.6549 	DATA 	TR 72 | TR1 36 | TR2 36
106.5712 	DATA 	Target presented
107.1511 	DATA 	Keypress: 5
107.1514 	DATA 	TR 73 | TR1 37 | TR2 36
107.3363 	DATA 	Keypress: 1
107.3508 	DATA 	Key1 pressed
107.3508 	DATA 	Target detected
108.6390 	DATA 	Keypress: 5
108.6394 	DATA 	TR 74 | TR1 37 | TR2 37
110.1222 	DATA 	Keypress: 5
110.1379 	DATA 	TR 75 | TR1 38 | TR2 37
111.6049 	DATA 	Keypress: 5
111.6053 	DATA 	TR 76 | TR1 38 | TR2 38
113.1019 	DATA 	Keypress: 5
113.1023 	DATA 	TR 77 | TR1 39 | TR2 38
114.5880 	DATA 	Keypress: 5
114.5884 	DATA 	TR 78 | TR1 39 | TR2 39
115.2201 	DATA 	
115.2201 	DATA 	stimulation stopped
115.2201 	DATA 	
116.0750 	DATA 	Keypress: 5
116.0875 	DATA 	TR 79 | TR1 40 | TR2 39
117.5521 	DATA 	Keypress: 5
117.5525 	DATA 	TR 80 | TR1 40 | TR2 40
119.0530 	DATA 	Keypress: 5
119.0534 	DATA 	TR 81 | TR1 41 | TR2 40
120.5385 	DATA 	Keypress: 5
120.5389 	DATA 	TR 82 | TR1 41 | TR2 41
122.0353 	DATA 	Keypress: 5
122.0357 	DATA 	TR 83 | TR1 42 | TR2 41
123.5222 	DATA 	Keypress: 5
123.5227 	DATA 	TR 84 | TR1 42 | TR2 42
125.0064 	DATA 	Keypress: 5
125.0067 	DATA 	TR 85 | TR1 43 | TR2 42
126.4891 	DATA 	Keypress: 5
126.4895 	DATA 	TR 86 | TR1 43 | TR2 43
127.9851 	DATA 	Keypress: 5
127.9854 	DATA 	TR 87 | TR1 44 | TR2 43
129.4735 	DATA 	Keypress: 5
129.4740 	DATA 	TR 88 | TR1 44 | TR2 44
130.9560 	DATA 	Keypress: 5
130.9729 	DATA 	TR 89 | TR1 45 | TR2 44
132.4374 	DATA 	Keypress: 5
132.4378 	DATA 	TR 90 | TR1 45 | TR2 45
133.9364 	DATA 	Keypress: 5
133.9368 	DATA 	TR 91 | TR1 46 | TR2 45
135.2205 	DATA 	
135.2206 	DATA 	Trial complete
135.2206 	DATA 	Waiting for VASO trigger to start next trial
135.2206 	DATA 	
135.4243 	DATA 	Keypress: 5
135.4248 	DATA 	TR 92 | TR1 46 | TR2 46
136.9187 	DATA 	Keypress: 5
136.9201 	DATA 	
136.9202 	DATA 	Trial 6
136.9202 	DATA 	stimDur = 24.0
136.9202 	DATA 	jitter = 2.0
136.9202 	DATA 	restDur = 24.0

136.9202 	DATA 	
136.9202 	DATA 	TR 93 | TR1 47 | TR2 46
138.3865 	DATA 	Keypress: 5
138.3869 	DATA 	TR 94 | TR1 47 | TR2 47
138.9213 	DATA 	
138.9214 	DATA 	stimulation started
138.9214 	DATA 	
139.8874 	DATA 	Keypress: 5
139.8878 	DATA 	TR 95 | TR1 48 | TR2 47
141.3727 	DATA 	Keypress: 5
141.3732 	DATA 	TR 96 | TR1 48 | TR2 48
142.8717 	DATA 	Keypress: 5
142.8722 	DATA 	TR 97 | TR1 49 | TR2 48
144.3389 	DATA 	Keypress: 5
144.3547 	DATA 	TR 98 | TR1 49 | TR2 49
145.8386 	DATA 	Keypress: 5
145.8390 	DATA 	TR 99 | TR1 50 | TR2 49
147.3186 	DATA 	Keypress: 5
147.3189 	DATA 	TR 100 | TR1 50 | TR2 50
148.8199 	DATA 	Keypress: 5
148.8203 	DATA 	TR 101 | TR1 51 | TR2 50
150.3078 	DATA 	Keypress: 5
150.3081 	DATA 	TR 102 | TR1 51 | TR2 51
151.8028 	DATA 	Keypress: 5
151.8033 	DATA 	TR 103 | TR1 52 | TR2 51
152.2539 	DATA 	Target presented
153.2229 	DATA 	Keypress: 1
153.2238 	DATA 	Key1 pressed
153.2238 	DATA 	Target detected
153.2697 	DATA 	Keypress: 5
153.2699 	DATA 	TR 104 | TR1 52 | TR2 52
154.7708 	DATA 	Keypress: 5
154.7712 	DATA 	TR 105 | TR1 53 | TR2 52
156.2562 	DATA 	Keypress: 5
156.2566 	DATA 	TR 106 | TR1 53 | TR2 53
157.7532 	DATA 	Keypress: 5
157.7536 	DATA 	TR 107 | TR1 54 | TR2 53
159.2209 	DATA 	Keypress: 5
159.2212 	DATA 	TR 108 | TR1 54 | TR2 54
160.7218 	DATA 	Keypress: 5
160.7221 	DATA 	TR 109 | TR1 55 | TR2 54
162.2019 	DATA 	Keypress: 5
162.2023 	DATA 	TR 110 | TR1 55 | TR2 55
162.9350 	DATA 	
162.9350 	DATA 	stimulation stopped
162.9350 	DATA 	
163.7035 	DATA 	Keypress: 5
163.7039 	DATA 	TR 111 | TR1 56 | TR2 55
165.1897 	DATA 	Keypress: 5
165.1901 	DATA 	TR 112 | TR1 56 | TR2 56
166.6729 	DATA 	Keypress: 5
166.6732 	DATA 	TR 113 | TR1 57 | TR2 56
168.1530 	DATA 	Keypress: 5
168.1533 	DATA 	TR 114 | TR1 57 | TR2 57
169.6554 	DATA 	Keypress: 5
169.6556 	DATA 	TR 115 | TR1 58 | TR2 57
171.1420 	DATA 	Keypress: 5
171.1425 	DATA 	TR 116 | TR1 58 | TR2 58
172.6373 	DATA 	Keypress: 5
172.6377 	DATA 	TR 117 | TR1 59 | TR2 58
174.1040 	DATA 	Keypress: 5
174.1043 	DATA 	TR 118 | TR1 59 | TR2 59
175.6051 	DATA 	Keypress: 5
175.6055 	DATA 	TR 119 | TR1 60 | TR2 59
177.0858 	DATA 	Keypress: 5
177.0862 	DATA 	TR 120 | TR1 60 | TR2 60
178.5877 	DATA 	Keypress: 5
178.5881 	DATA 	TR 121 | TR1 61 | TR2 60
180.0568 	DATA 	Keypress: 5
180.0572 	DATA 	TR 122 | TR1 61 | TR2 61
181.5560 	DATA 	Keypress: 5
181.5564 	DATA 	TR 123 | TR1 62 | TR2 61
183.0362 	DATA 	Keypress: 5
183.0366 	DATA 	TR 124 | TR1 62 | TR2 62
184.5406 	DATA 	Keypress: 5
184.5410 	DATA 	TR 125 | TR1 63 | TR2 62
186.0091 	DATA 	Keypress: 5
186.0232 	DATA 	TR 126 | TR1 63 | TR2 63
186.9201 	DATA 	
186.9201 	DATA 	Trial complete
186.9201 	DATA 	Waiting for VASO trigger to start next trial
186.9201 	DATA 	
187.5209 	DATA 	Keypress: 5
187.5226 	DATA 	
187.5226 	DATA 	Trial 7
187.5226 	DATA 	stimDur = 12.0
187.5227 	DATA 	jitter = 1.0
187.5227 	DATA 	restDur = 20.0

187.5227 	DATA 	
187.5227 	DATA 	TR 127 | TR1 64 | TR2 63
188.5384 	DATA 	
188.5384 	DATA 	stimulation started
188.5384 	DATA 	
188.9872 	DATA 	Keypress: 5
188.9876 	DATA 	TR 128 | TR1 64 | TR2 64
190.4886 	DATA 	Keypress: 5
190.4890 	DATA 	TR 129 | TR1 65 | TR2 64
191.9714 	DATA 	Keypress: 5
191.9718 	DATA 	TR 130 | TR1 65 | TR2 65
193.4714 	DATA 	Keypress: 5
193.4719 	DATA 	TR 131 | TR1 66 | TR2 65
194.9381 	DATA 	Keypress: 5
194.9385 	DATA 	TR 132 | TR1 66 | TR2 66
196.4394 	DATA 	Keypress: 5
196.4398 	DATA 	TR 133 | TR1 67 | TR2 66
197.9208 	DATA 	Keypress: 5
197.9213 	DATA 	TR 134 | TR1 67 | TR2 67
199.4203 	DATA 	Keypress: 5
199.4206 	DATA 	TR 135 | TR1 68 | TR2 67
200.5218 	DATA 	
200.5218 	DATA 	stimulation stopped
200.5219 	DATA 	
200.8896 	DATA 	Keypress: 5
200.8899 	DATA 	TR 136 | TR1 68 | TR2 68
202.3882 	DATA 	Keypress: 5
202.3885 	DATA 	TR 137 | TR1 69 | TR2 68
203.8706 	DATA 	Keypress: 5
203.8709 	DATA 	TR 138 | TR1 69 | TR2 69
205.3726 	DATA 	Keypress: 5
205.3730 	DATA 	TR 139 | TR1 70 | TR2 69
206.8417 	DATA 	Keypress: 5
206.8575 	DATA 	TR 140 | TR1 70 | TR2 70
208.3569 	DATA 	Keypress: 5
208.3573 	DATA 	TR 141 | TR1 71 | TR2 70
209.8231 	DATA 	Keypress: 5
209.8234 	DATA 	TR 142 | TR1 71 | TR2 71
211.3237 	DATA 	Keypress: 5
211.3241 	DATA 	TR 143 | TR1 72 | TR2 71
212.8040 	DATA 	Keypress: 5
212.8044 	DATA 	TR 144 | TR1 72 | TR2 72
214.3081 	DATA 	Keypress: 5
214.3085 	DATA 	TR 145 | TR1 73 | TR2 72
215.7724 	DATA 	Keypress: 5
215.7728 	DATA 	TR 146 | TR1 73 | TR2 73
217.2719 	DATA 	Keypress: 5
217.2723 	DATA 	TR 147 | TR1 74 | TR2 73
218.7549 	DATA 	Keypress: 5
218.7553 	DATA 	TR 148 | TR1 74 | TR2 74
220.2587 	DATA 	Keypress: 5
220.2592 	DATA 	TR 149 | TR1 75 | TR2 74
220.5222 	DATA 	
220.5222 	DATA 	Trial complete
220.5223 	DATA 	Waiting for VASO trigger to start next trial
220.5223 	DATA 	
221.7239 	DATA 	Keypress: 5
221.7243 	DATA 	TR 150 | TR1 75 | TR2 75
223.2400 	DATA 	Keypress: 5
223.2414 	DATA 	
223.2414 	DATA 	Trial 8
223.2415 	DATA 	stimDur = 24.0
223.2415 	DATA 	jitter = 0.0
223.2415 	DATA 	restDur = 24.0

223.2415 	DATA 	
223.2415 	DATA 	TR 151 | TR1 76 | TR2 75
223.2415 	DATA 	
223.2415 	DATA 	stimulation started
223.2415 	DATA 	
224.7052 	DATA 	Keypress: 5
224.7055 	DATA 	TR 152 | TR1 76 | TR2 76
226.2072 	DATA 	Keypress: 5
226.2077 	DATA 	TR 153 | TR1 77 | TR2 76
226.5396 	DATA 	Target presented
227.3362 	DATA 	Keypress: 1
227.3369 	DATA 	Key1 pressed
227.3369 	DATA 	Target detected
227.6880 	DATA 	Keypress: 5
227.6885 	DATA 	TR 154 | TR1 77 | TR2 77
229.1911 	DATA 	Keypress: 5
229.1915 	DATA 	TR 155 | TR1 78 | TR2 77
230.6560 	DATA 	Keypress: 5
230.6564 	DATA 	TR 156 | TR1 78 | TR2 78
232.1531 	DATA 	Keypress: 5
232.1535 	DATA 	TR 157 | TR1 79 | TR2 78
233.6388 	DATA 	Keypress: 5
233.6392 	DATA 	TR 158 | TR1 79 | TR2 79
235.1402 	DATA 	Keypress: 5
235.1406 	DATA 	TR 159 | TR1 80 | TR2 79
236.6066 	DATA 	Keypress: 5
236.6069 	DATA 	TR 160 | TR1 80 | TR2 80
238.1042 	DATA 	Keypress: 5
238.1046 	DATA 	TR 161 | TR1 81 | TR2 80
239.5885 	DATA 	Keypress: 5
239.5889 	DATA 	TR 162 | TR1 81 | TR2 81
241.0909 	DATA 	Keypress: 5
241.0914 	DATA 	TR 163 | TR1 82 | TR2 81
242.5734 	DATA 	Keypress: 5
242.5739 	DATA 	TR 164 | TR1 82 | TR2 82
244.0570 	DATA 	Keypress: 5
244.0722 	DATA 	TR 165 | TR1 83 | TR2 82
245.5416 	DATA 	Keypress: 5
245.5420 	DATA 	TR 166 | TR1 83 | TR2 83
247.0415 	DATA 	Keypress: 5
247.0419 	DATA 	TR 167 | TR1 84 | TR2 83
247.2553 	DATA 	
247.2553 	DATA 	stimulation stopped
247.2554 	DATA 	
248.5239 	DATA 	Keypress: 5
248.5243 	DATA 	TR 168 | TR1 84 | TR2 84
250.0257 	DATA 	Keypress: 5
250.0261 	DATA 	TR 169 | TR1 85 | TR2 84
251.4902 	DATA 	Keypress: 5
251.4906 	DATA 	TR 170 | TR1 85 | TR2 85
252.9869 	DATA 	Keypress: 5
252.9872 	DATA 	TR 171 | TR1 86 | TR2 85
254.4727 	DATA 	Keypress: 5
254.4731 	DATA 	TR 172 | TR1 86 | TR2 86
255.9747 	DATA 	Keypress: 5
255.9751 	DATA 	TR 173 | TR1 87 | TR2 86
257.4404 	DATA 	Keypress: 5
257.4543 	DATA 	TR 174 | TR1 87 | TR2 87
258.9405 	DATA 	Keypress: 5
258.9408 	DATA 	TR 175 | TR1 88 | TR2 87
260.4236 	DATA 	Keypress: 5
260.4241 	DATA 	TR 176 | TR1 88 | TR2 88
261.9271 	DATA 	Keypress: 5
261.9276 	DATA 	TR 177 | TR1 89 | TR2 88
263.4059 	DATA 	Keypress: 5
263.4063 	DATA 	TR 178 | TR1 89 | TR2 89
264.8915 	DATA 	Keypress: 5
264.8919 	DATA 	TR 179 | TR1 90 | TR2 89
266.3738 	DATA 	Keypress: 5
266.3742 	DATA 	TR 180 | TR1 90 | TR2 90
267.8731 	DATA 	Keypress: 5
267.8735 	DATA 	TR 181 | TR1 91 | TR2 90
269.3567 	DATA 	Keypress: 5
269.3572 	DATA 	TR 182 | TR1 91 | TR2 91
270.8581 	DATA 	Keypress: 5
270.8586 	DATA 	TR 183 | TR1 92 | TR2 91
271.2420 	DATA 	
271.2421 	DATA 	Trial complete
271.2421 	DATA 	Waiting for VASO trigger to start next trial
271.2421 	DATA 	
272.3225 	DATA 	Keypress: 5
272.3228 	DATA 	TR 184 | TR1 92 | TR2 92
273.8216 	DATA 	Keypress: 5
273.8229 	DATA 	
273.8229 	DATA 	Trial 9
273.8229 	DATA 	stimDur = 2.0
273.8229 	DATA 	jitter = 0.0
273.8229 	DATA 	restDur = 14.0

273.8229 	DATA 	
273.8229 	DATA 	TR 185 | TR1 93 | TR2 92
273.8230 	DATA 	
273.8230 	DATA 	stimulation started
273.8230 	DATA 	
275.3071 	DATA 	Keypress: 5
275.3075 	DATA 	TR 186 | TR1 93 | TR2 93
275.8229 	DATA 	
275.8229 	DATA 	stimulation stopped
275.8229 	DATA 	
276.8083 	DATA 	Keypress: 5
276.8087 	DATA 	TR 187 | TR1 94 | TR2 93
278.2738 	DATA 	Keypress: 5
278.2888 	DATA 	TR 188 | TR1 94 | TR2 94
279.7719 	DATA 	Keypress: 5
279.7722 	DATA 	TR 189 | TR1 95 | TR2 94
281.2605 	DATA 	Keypress: 5
281.2609 	DATA 	TR 190 | TR1 95 | TR2 95
282.7544 	DATA 	Keypress: 5
282.7547 	DATA 	TR 191 | TR1 96 | TR2 95
284.2398 	DATA 	Keypress: 5
284.2402 	DATA 	TR 192 | TR1 96 | TR2 96
285.7256 	DATA 	Keypress: 5
285.7260 	DATA 	TR 193 | TR1 97 | TR2 96
287.2101 	DATA 	Keypress: 5
287.2105 	DATA 	TR 194 | TR1 97 | TR2 97
288.7075 	DATA 	Keypress: 5
288.7079 	DATA 	TR 195 | TR1 98 | TR2 97
289.8237 	DATA 	
289.8237 	DATA 	Trial complete
289.8238 	DATA 	Waiting for VASO trigger to start next trial
289.8238 	DATA 	
290.1909 	DATA 	Keypress: 5
290.1913 	DATA 	TR 196 | TR1 98 | TR2 98
291.6941 	DATA 	Keypress: 5
291.6956 	DATA 	
291.6956 	DATA 	Trial 10
291.6956 	DATA 	stimDur = 12.0
291.6956 	DATA 	jitter = 2.5
291.6956 	DATA 	restDur = 20.0

291.6956 	DATA 	
291.6956 	DATA 	TR 197 | TR1 99 | TR2 98
293.1570 	DATA 	Keypress: 5
293.1574 	DATA 	TR 198 | TR1 99 | TR2 99
294.2053 	DATA 	
294.2053 	DATA 	stimulation started
294.2053 	DATA 	
294.6557 	DATA 	Keypress: 5
294.6560 	DATA 	TR 199 | TR1 100 | TR2 99
296.1415 	DATA 	Keypress: 5
296.1419 	DATA 	TR 200 | TR1 100 | TR2 100
297.6383 	DATA 	Keypress: 5
297.6387 	DATA 	TR 201 | TR1 101 | TR2 100
299.1077 	DATA 	Keypress: 5
299.1230 	DATA 	TR 202 | TR1 101 | TR2 101
300.6073 	DATA 	Keypress: 5
300.6076 	DATA 	TR 203 | TR1 102 | TR2 101
302.0921 	DATA 	Keypress: 5
302.0925 	DATA 	TR 204 | TR1 102 | TR2 102
303.5884 	DATA 	Keypress: 5
303.5888 	DATA 	TR 205 | TR1 103 | TR2 102
304.5071 	DATA 	Target presented
305.0768 	DATA 	Keypress: 5
305.0772 	DATA 	TR 206 | TR1 103 | TR2 103
305.4573 	DATA 	Keypress: 1
305.4581 	DATA 	Key1 pressed
305.4581 	DATA 	Target detected
306.2070 	DATA 	
306.2070 	DATA 	stimulation stopped
306.2070 	DATA 	
306.5600 	DATA 	Keypress: 5
306.5604 	DATA 	TR 207 | TR1 104 | TR2 103
308.0383 	DATA 	Keypress: 5
308.0387 	DATA 	TR 208 | TR1 104 | TR2 104
309.5391 	DATA 	Keypress: 5
309.5395 	DATA 	TR 209 | TR1 105 | TR2 104
311.0277 	DATA 	Keypress: 5
311.0282 	DATA 	TR 210 | TR1 105 | TR2 105
312.5222 	DATA 	Keypress: 5
312.5227 	DATA 	TR 211 | TR1 106 | TR2 105
313.9896 	DATA 	Keypress: 5
313.9900 	DATA 	TR 212 | TR1 106 | TR2 106
315.4903 	DATA 	Keypress: 5
315.4907 	DATA 	TR 213 | TR1 107 | TR2 106
316.9758 	DATA 	Keypress: 5
316.9762 	DATA 	TR 214 | TR1 107 | TR2 107
318.4726 	DATA 	Keypress: 5
318.4730 	DATA 	TR 215 | TR1 108 | TR2 107
319.9598 	DATA 	Keypress: 5
319.9602 	DATA 	TR 216 | TR1 108 | TR2 108
321.4421 	DATA 	Keypress: 5
321.4424 	DATA 	TR 217 | TR1 109 | TR2 108
322.9246 	DATA 	Keypress: 5
322.9250 	DATA 	TR 218 | TR1 109 | TR2 109
324.4249 	DATA 	Keypress: 5
324.4253 	DATA 	TR 219 | TR1 110 | TR2 109
325.9087 	DATA 	Keypress: 5
325.9092 	DATA 	TR 220 | TR1 110 | TR2 110
326.2076 	DATA 	
326.2076 	DATA 	Trial complete
326.2076 	DATA 	Waiting for VASO trigger to start next trial
326.2076 	DATA 	
327.3945 	DATA 	Keypress: 5
327.3959 	DATA 	
327.3960 	DATA 	Trial 11
327.3960 	DATA 	stimDur = 2.0
327.3960 	DATA 	jitter = 2.5
327.3960 	DATA 	restDur = 14.0

327.3960 	DATA 	
327.3960 	DATA 	TR 221 | TR1 111 | TR2 110
328.8726 	DATA 	Keypress: 5
328.8729 	DATA 	TR 222 | TR1 111 | TR2 111
329.9063 	DATA 	
329.9063 	DATA 	stimulation started
329.9063 	DATA 	
330.3738 	DATA 	Keypress: 5
330.3742 	DATA 	TR 223 | TR1 112 | TR2 111
331.8593 	DATA 	Keypress: 5
331.8598 	DATA 	TR 224 | TR1 112 | TR2 112
331.9077 	DATA 	
331.9077 	DATA 	stimulation stopped
331.9077 	DATA 	
333.3560 	DATA 	Keypress: 5
333.3564 	DATA 	TR 225 | TR1 113 | TR2 112
334.8256 	DATA 	Keypress: 5
334.8260 	DATA 	TR 226 | TR1 113 | TR2 113
336.3265 	DATA 	Keypress: 5
336.3268 	DATA 	TR 227 | TR1 114 | TR2 113
337.8070 	DATA 	Keypress: 5
337.8074 	DATA 	TR 228 | TR1 114 | TR2 114
339.3066 	DATA 	Keypress: 5
339.3070 	DATA 	TR 229 | TR1 115 | TR2 114
340.7938 	DATA 	Keypress: 5
340.7942 	DATA 	TR 230 | TR1 115 | TR2 115
342.2761 	DATA 	Keypress: 5
342.2765 	DATA 	TR 231 | TR1 116 | TR2 115
343.7582 	DATA 	Keypress: 5
343.7586 	DATA 	TR 232 | TR1 116 | TR2 116
345.2598 	DATA 	Keypress: 5
345.2602 	DATA 	TR 233 | TR1 117 | TR2 116
345.9084 	DATA 	
345.9084 	DATA 	Trial complete
345.9085 	DATA 	Waiting for VASO trigger to start next trial
345.9085 	DATA 	
346.7431 	DATA 	Keypress: 5
346.7436 	DATA 	TR 234 | TR1 117 | TR2 117
348.2422 	DATA 	Keypress: 5
348.2440 	DATA 	
348.2440 	DATA 	Trial 12
348.2440 	DATA 	stimDur = 24.0
348.2440 	DATA 	jitter = 1.5
348.2440 	DATA 	restDur = 24.0

348.2440 	DATA 	
348.2441 	DATA 	TR 235 | TR1 118 | TR2 117
349.7069 	DATA 	Keypress: 5
349.7073 	DATA 	TR 236 | TR1 118 | TR2 118
349.7581 	DATA 	
349.7581 	DATA 	stimulation started
349.7581 	DATA 	
351.2071 	DATA 	Keypress: 5
351.2074 	DATA 	TR 237 | TR1 119 | TR2 118
352.6888 	DATA 	Keypress: 5
352.6892 	DATA 	TR 238 | TR1 119 | TR2 119
354.1903 	DATA 	Keypress: 5
354.1907 	DATA 	TR 239 | TR1 120 | TR2 119
355.6590 	DATA 	Keypress: 5
355.6593 	DATA 	TR 240 | TR1 120 | TR2 120
357.1589 	DATA 	Keypress: 5
357.1593 	DATA 	TR 241 | TR1 121 | TR2 120
358.6393 	DATA 	Keypress: 5
358.6396 	DATA 	TR 242 | TR1 121 | TR2 121
360.1406 	DATA 	Keypress: 5
360.1410 	DATA 	TR 243 | TR1 122 | TR2 121
361.6281 	DATA 	Keypress: 5
361.6285 	DATA 	TR 244 | TR1 122 | TR2 122
363.1218 	DATA 	Keypress: 5
363.1221 	DATA 	TR 245 | TR1 123 | TR2 122
364.5904 	DATA 	Keypress: 5
364.5908 	DATA 	TR 246 | TR1 123 | TR2 123
366.0918 	DATA 	Keypress: 5
366.0922 	DATA 	TR 247 | TR1 124 | TR2 123
367.5730 	DATA 	Keypress: 5
367.5734 	DATA 	TR 248 | TR1 124 | TR2 124
369.0737 	DATA 	Keypress: 5
369.0741 	DATA 	TR 249 | TR1 125 | TR2 124
370.5410 	DATA 	Keypress: 5
370.5414 	DATA 	TR 250 | TR1 125 | TR2 125
372.0425 	DATA 	Keypress: 5
372.0429 	DATA 	TR 251 | TR1 126 | TR2 125
373.5230 	DATA 	Keypress: 5
373.5233 	DATA 	TR 252 | TR1 126 | TR2 126
373.7559 	DATA 	
373.7560 	DATA 	stimulation stopped
373.7560 	DATA 	
375.0248 	DATA 	Keypress: 5
375.0252 	DATA 	TR 253 | TR1 127 | TR2 126
376.4944 	DATA 	Keypress: 5
376.4948 	DATA 	TR 254 | TR1 127 | TR2 127
377.9924 	DATA 	Keypress: 5
378.0053 	DATA 	TR 255 | TR1 128 | TR2 127
378.0570 	DATA 	Target presented
378.8098 	DATA 	Keypress: 1
378.8107 	DATA 	Key1 pressed
378.8107 	DATA 	Target detected
379.4736 	DATA 	Keypress: 5
379.4740 	DATA 	TR 256 | TR1 128 | TR2 128
380.9758 	DATA 	Keypress: 5
380.9762 	DATA 	TR 257 | TR1 129 | TR2 128
382.4450 	DATA 	Keypress: 5
382.4608 	DATA 	TR 258 | TR1 129 | TR2 129
383.9597 	DATA 	Keypress: 5
383.9601 	DATA 	TR 259 | TR1 130 | TR2 129
385.4245 	DATA 	Keypress: 5
385.4249 	DATA 	TR 260 | TR1 130 | TR2 130
386.9281 	DATA 	Keypress: 5
386.9285 	DATA 	TR 261 | TR1 131 | TR2 130
388.4072 	DATA 	Keypress: 5
388.4076 	DATA 	TR 262 | TR1 131 | TR2 131
389.9086 	DATA 	Keypress: 5
389.9089 	DATA 	TR 263 | TR1 132 | TR2 131
391.3756 	DATA 	Keypress: 5
391.3760 	DATA 	TR 264 | TR1 132 | TR2 132
392.8727 	DATA 	Keypress: 5
392.8730 	DATA 	TR 265 | TR1 133 | TR2 132
394.3574 	DATA 	Keypress: 5
394.3578 	DATA 	TR 266 | TR1 133 | TR2 133
395.8594 	DATA 	Keypress: 5
395.8598 	DATA 	TR 267 | TR1 134 | TR2 133
397.3286 	DATA 	Keypress: 5
397.3289 	DATA 	TR 268 | TR1 134 | TR2 134
397.7556 	DATA 	
397.7557 	DATA 	Trial complete
397.7557 	DATA 	Waiting for VASO trigger to start next trial
397.7557 	DATA 	
398.8431 	DATA 	Keypress: 5
398.8445 	DATA 	
398.8445 	DATA 	Trial 13
398.8445 	DATA 	stimDur = 24.0
398.8445 	DATA 	jitter = 2.5
398.8445 	DATA 	restDur = 24.0

398.8445 	DATA 	
398.8445 	DATA 	TR 269 | TR1 135 | TR2 134
400.3080 	DATA 	Keypress: 5
400.3083 	DATA 	TR 270 | TR1 135 | TR2 135
401.3605 	DATA 	
401.3605 	DATA 	stimulation started
401.3605 	DATA 	
401.8098 	DATA 	Keypress: 5
401.8103 	DATA 	TR 271 | TR1 136 | TR2 135
403.2934 	DATA 	Keypress: 5
403.2938 	DATA 	TR 272 | TR1 136 | TR2 136
404.7937 	DATA 	Keypress: 5
404.7941 	DATA 	TR 273 | TR1 137 | TR2 136
406.2593 	DATA 	Keypress: 5
406.2597 	DATA 	TR 274 | TR1 137 | TR2 137
407.7564 	DATA 	Keypress: 5
407.7568 	DATA 	TR 275 | TR1 138 | TR2 137
409.2413 	DATA 	Keypress: 5
409.2417 	DATA 	TR 276 | TR1 138 | TR2 138
410.7434 	DATA 	Keypress: 5
410.7439 	DATA 	TR 277 | TR1 139 | TR2 138
412.2097 	DATA 	Keypress: 5
412.2101 	DATA 	TR 278 | TR1 139 | TR2 139
413.7088 	DATA 	Keypress: 5
413.7247 	DATA 	TR 279 | TR1 140 | TR2 139
415.1918 	DATA 	Keypress: 5
415.1922 	DATA 	TR 280 | TR1 140 | TR2 140
416.6937 	DATA 	Keypress: 5
416.6941 	DATA 	TR 281 | TR1 141 | TR2 140
418.1765 	DATA 	Keypress: 5
418.1770 	DATA 	TR 282 | TR1 141 | TR2 141
419.6596 	DATA 	Keypress: 5
419.6743 	DATA 	TR 283 | TR1 142 | TR2 141
421.1422 	DATA 	Keypress: 5
421.1426 	DATA 	TR 284 | TR1 142 | TR2 142
421.9586 	DATA 	Target presented
422.6282 	DATA 	Keypress: 1
422.6288 	DATA 	Key1 pressed
422.6289 	DATA 	Target detected
422.6445 	DATA 	Keypress: 5
422.6463 	DATA 	TR 285 | TR1 143 | TR2 142
424.1254 	DATA 	Keypress: 5
424.1258 	DATA 	TR 286 | TR1 143 | TR2 143
425.3580 	DATA 	
425.3580 	DATA 	stimulation stopped
425.3580 	DATA 	
425.6267 	DATA 	Keypress: 5
425.6272 	DATA 	TR 287 | TR1 144 | TR2 143
427.0930 	DATA 	Keypress: 5
427.0934 	DATA 	TR 288 | TR1 144 | TR2 144
428.5905 	DATA 	Keypress: 5
428.5908 	DATA 	TR 289 | TR1 145 | TR2 144
430.0756 	DATA 	Keypress: 5
430.0760 	DATA 	TR 290 | TR1 145 | TR2 145
431.5774 	DATA 	Keypress: 5
431.5777 	DATA 	TR 291 | TR1 146 | TR2 145
433.0596 	DATA 	Keypress: 5
433.0599 	DATA 	TR 292 | TR1 146 | TR2 146
434.5419 	DATA 	Keypress: 5
434.5423 	DATA 	TR 293 | TR1 147 | TR2 146
436.0263 	DATA 	Keypress: 5
436.0267 	DATA 	TR 294 | TR1 147 | TR2 147
437.5303 	DATA 	Keypress: 5
437.5308 	DATA 	TR 295 | TR1 148 | TR2 147
439.0108 	DATA 	Keypress: 5
439.0113 	DATA 	TR 296 | TR1 148 | TR2 148
440.4945 	DATA 	Keypress: 5
440.4949 	DATA 	TR 297 | TR1 149 | TR2 148
441.9789 	DATA 	Keypress: 5
441.9794 	DATA 	TR 298 | TR1 149 | TR2 149
443.4742 	DATA 	Keypress: 5
443.4746 	DATA 	TR 299 | TR1 150 | TR2 149
444.9616 	DATA 	Keypress: 5
444.9620 	DATA 	TR 300 | TR1 150 | TR2 150
446.4626 	DATA 	Keypress: 5
446.4629 	DATA 	TR 301 | TR1 151 | TR2 150
447.9253 	DATA 	Keypress: 5
447.9413 	DATA 	TR 302 | TR1 151 | TR2 151
449.3595 	DATA 	
449.3595 	DATA 	Trial complete
449.3596 	DATA 	Waiting for VASO trigger to start next trial
449.3596 	DATA 	
449.4266 	DATA 	Keypress: 5
449.4279 	DATA 	
449.4279 	DATA 	Trial 14
449.4279 	DATA 	stimDur = 12.0
449.4279 	DATA 	jitter = 0.5
449.4279 	DATA 	restDur = 20.0

449.4279 	DATA 	
449.4280 	DATA 	TR 303 | TR1 152 | TR2 151
449.9414 	DATA 	
449.9414 	DATA 	stimulation started
449.9414 	DATA 	
450.9097 	DATA 	Keypress: 5
450.9101 	DATA 	TR 304 | TR1 152 | TR2 152
452.4118 	DATA 	Keypress: 5
452.4123 	DATA 	TR 305 | TR1 153 | TR2 152
453.8941 	DATA 	Keypress: 5
453.8945 	DATA 	TR 306 | TR1 153 | TR2 153
455.3761 	DATA 	Keypress: 5
455.3764 	DATA 	TR 307 | TR1 154 | TR2 153
456.8606 	DATA 	Keypress: 5
456.8610 	DATA 	TR 308 | TR1 154 | TR2 154
458.3572 	DATA 	Keypress: 5
458.3575 	DATA 	TR 309 | TR1 155 | TR2 154
459.8433 	DATA 	Keypress: 5
459.8438 	DATA 	TR 310 | TR1 155 | TR2 155
461.3276 	DATA 	Keypress: 5
461.3278 	DATA 	TR 311 | TR1 156 | TR2 155
461.9434 	DATA 	
461.9434 	DATA 	stimulation stopped
461.9434 	DATA 	
462.8115 	DATA 	Keypress: 5
462.8120 	DATA 	TR 312 | TR1 156 | TR2 156
464.3081 	DATA 	Keypress: 5
464.3085 	DATA 	TR 313 | TR1 157 | TR2 156
465.7938 	DATA 	Keypress: 5
465.7941 	DATA 	TR 314 | TR1 157 | TR2 157
467.2971 	DATA 	Keypress: 5
467.2975 	DATA 	TR 315 | TR1 158 | TR2 157
468.7597 	DATA 	Keypress: 5
468.7601 	DATA 	TR 316 | TR1 158 | TR2 158
470.2610 	DATA 	Keypress: 5
470.2614 	DATA 	TR 317 | TR1 159 | TR2 158
471.7444 	DATA 	Keypress: 5
471.7448 	DATA 	TR 318 | TR1 159 | TR2 159
473.2440 	DATA 	Keypress: 5
473.2445 	DATA 	TR 319 | TR1 160 | TR2 159
474.7284 	DATA 	Keypress: 5
474.7287 	DATA 	TR 320 | TR1 160 | TR2 160
476.2120 	DATA 	Keypress: 5
476.2124 	DATA 	TR 321 | TR1 161 | TR2 160
477.6949 	DATA 	Keypress: 5
477.6953 	DATA 	TR 322 | TR1 161 | TR2 161
479.1917 	DATA 	Keypress: 5
479.1921 	DATA 	TR 323 | TR1 162 | TR2 161
480.6773 	DATA 	Keypress: 5
480.6777 	DATA 	TR 324 | TR1 162 | TR2 162
481.9289 	DATA 	
481.9290 	DATA 	Trial complete
481.9290 	DATA 	Waiting for VASO trigger to start next trial
481.9290 	DATA 	
482.1630 	DATA 	Keypress: 5
482.1644 	DATA 	
482.1644 	DATA 	Trial 15
482.1644 	DATA 	stimDur = 4.0
482.1644 	DATA 	jitter = 2.5
482.1645 	DATA 	restDur = 16.0

482.1645 	DATA 	
482.1645 	DATA 	TR 325 | TR1 163 | TR2 162
483.6416 	DATA 	Keypress: 5
483.6420 	DATA 	TR 326 | TR1 163 | TR2 163
484.6753 	DATA 	
484.6753 	DATA 	stimulation started
484.6753 	DATA 	
485.1425 	DATA 	Keypress: 5
485.1428 	DATA 	TR 327 | TR1 164 | TR2 163
486.6283 	DATA 	Keypress: 5
486.6288 	DATA 	TR 328 | TR1 164 | TR2 164
488.1245 	DATA 	Keypress: 5
488.1249 	DATA 	TR 329 | TR1 165 | TR2 164
488.6742 	DATA 	
488.6743 	DATA 	stimulation stopped
488.6743 	DATA 	
489.5926 	DATA 	Keypress: 5
489.5930 	DATA 	TR 330 | TR1 165 | TR2 165
491.0934 	DATA 	Keypress: 5
491.0937 	DATA 	TR 331 | TR1 166 | TR2 165
492.5789 	DATA 	Keypress: 5
492.5793 	DATA 	TR 332 | TR1 166 | TR2 166
494.0755 	DATA 	Keypress: 5
494.0758 	DATA 	TR 333 | TR1 167 | TR2 166
495.5627 	DATA 	Keypress: 5
495.5631 	DATA 	TR 334 | TR1 167 | TR2 167
497.0460 	DATA 	Keypress: 5
497.0619 	DATA 	TR 335 | TR1 168 | TR2 167
497.1771 	DATA 	Target presented
497.9147 	DATA 	Keypress: 1
497.9156 	DATA 	Key1 pressed
497.9156 	DATA 	Target detected
498.5246 	DATA 	Keypress: 5
498.5250 	DATA 	TR 336 | TR1 168 | TR2 168
500.0256 	DATA 	Keypress: 5
500.0260 	DATA 	TR 337 | TR1 169 | TR2 168
501.5124 	DATA 	Keypress: 5
501.5128 	DATA 	TR 338 | TR1 169 | TR2 169
502.9961 	DATA 	Keypress: 5
502.9964 	DATA 	TR 339 | TR1 170 | TR2 169
504.4756 	DATA 	Keypress: 5
504.4760 	DATA 	TR 340 | TR1 170 | TR2 170
504.6753 	DATA 	
504.6753 	DATA 	Trial complete
504.6753 	DATA 	Waiting for VASO trigger to start next trial
504.6754 	DATA 	
505.9769 	DATA 	Keypress: 5
505.9782 	DATA 	
505.9782 	DATA 	Trial 16
505.9783 	DATA 	stimDur = 4.0
505.9783 	DATA 	jitter = 0.0
505.9783 	DATA 	restDur = 16.0

505.9783 	DATA 	
505.9783 	DATA 	TR 341 | TR1 171 | TR2 170
505.9783 	DATA 	
505.9783 	DATA 	stimulation started
505.9783 	DATA 	
507.4621 	DATA 	Keypress: 5
507.4625 	DATA 	TR 342 | TR1 171 | TR2 171
508.9599 	DATA 	Keypress: 5
508.9603 	DATA 	TR 343 | TR1 172 | TR2 171
509.9921 	DATA 	
509.9922 	DATA 	stimulation stopped
509.9922 	DATA 	
510.4287 	DATA 	Keypress: 5
510.4290 	DATA 	TR 344 | TR1 172 | TR2 172
511.9279 	DATA 	Keypress: 5
511.9283 	DATA 	TR 345 | TR1 173 | TR2 172
513.4079 	DATA 	Keypress: 5
513.4083 	DATA 	TR 346 | TR1 173 | TR2 173
514.9110 	DATA 	Keypress: 5
514.9114 	DATA 	TR 347 | TR1 174 | TR2 173
516.3968 	DATA 	Keypress: 5
516.3973 	DATA 	TR 348 | TR1 174 | TR2 174
517.8809 	DATA 	Keypress: 5
517.8813 	DATA 	TR 349 | TR1 175 | TR2 174
519.3590 	DATA 	Keypress: 5
519.3593 	DATA 	TR 350 | TR1 175 | TR2 175
520.8602 	DATA 	Keypress: 5
520.8606 	DATA 	TR 351 | TR1 176 | TR2 175
522.3462 	DATA 	Keypress: 5
522.3466 	DATA 	TR 352 | TR1 176 | TR2 176
523.8454 	DATA 	Keypress: 5
523.8459 	DATA 	TR 353 | TR1 177 | TR2 176
525.3102 	DATA 	Keypress: 5
525.3105 	DATA 	TR 354 | TR1 177 | TR2 177
525.9954 	DATA 	
525.9955 	DATA 	Trial complete
525.9955 	DATA 	Waiting for VASO trigger to start next trial
525.9955 	DATA 	
526.8113 	DATA 	Keypress: 5
526.8127 	DATA 	
526.8127 	DATA 	Trial 17
526.8127 	DATA 	stimDur = 24.0
526.8128 	DATA 	jitter = 0.5
526.8128 	DATA 	restDur = 24.0

526.8128 	DATA 	
526.8128 	DATA 	TR 355 | TR1 178 | TR2 177
527.3303 	DATA 	
527.3303 	DATA 	stimulation started
527.3304 	DATA 	
528.2921 	DATA 	Keypress: 5
528.2925 	DATA 	TR 356 | TR1 178 | TR2 178
529.7926 	DATA 	Keypress: 5
529.7929 	DATA 	TR 357 | TR1 179 | TR2 178
531.2632 	DATA 	Keypress: 5
531.2636 	DATA 	TR 358 | TR1 179 | TR2 179
532.7621 	DATA 	Keypress: 5
532.7625 	DATA 	TR 359 | TR1 180 | TR2 179
534.2425 	DATA 	Keypress: 5
534.2429 	DATA 	TR 360 | TR1 180 | TR2 180
535.7438 	DATA 	Keypress: 5
535.7442 	DATA 	TR 361 | TR1 181 | TR2 180
537.2128 	DATA 	Keypress: 5
537.2292 	DATA 	TR 362 | TR1 181 | TR2 181
538.7289 	DATA 	Keypress: 5
538.7293 	DATA 	TR 363 | TR1 182 | TR2 181
540.1933 	DATA 	Keypress: 5
540.1937 	DATA 	TR 364 | TR1 182 | TR2 182
541.6956 	DATA 	Keypress: 5
541.6959 	DATA 	TR 365 | TR1 183 | TR2 182
543.1800 	DATA 	Keypress: 5
543.1804 	DATA 	TR 366 | TR1 183 | TR2 183
544.6775 	DATA 	Keypress: 5
544.6780 	DATA 	TR 367 | TR1 184 | TR2 183
546.1443 	DATA 	Keypress: 5
546.1447 	DATA 	TR 368 | TR1 184 | TR2 184
547.6453 	DATA 	Keypress: 5
547.6457 	DATA 	TR 369 | TR1 185 | TR2 184
549.1262 	DATA 	Keypress: 5
549.1266 	DATA 	TR 370 | TR1 185 | TR2 185
550.6279 	DATA 	Keypress: 5
550.6283 	DATA 	TR 371 | TR1 186 | TR2 185
551.3275 	DATA 	
551.3275 	DATA 	stimulation stopped
551.3275 	DATA 	
552.0970 	DATA 	Keypress: 5
552.1130 	DATA 	TR 372 | TR1 186 | TR2 186
553.5945 	DATA 	Keypress: 5
553.5949 	DATA 	TR 373 | TR1 187 | TR2 186
555.0769 	DATA 	Keypress: 5
555.0773 	DATA 	TR 374 | TR1 187 | TR2 187
556.5783 	DATA 	Keypress: 5
556.5786 	DATA 	TR 375 | TR1 188 | TR2 187
558.0658 	DATA 	Keypress: 5
558.0662 	DATA 	TR 376 | TR1 188 | TR2 188
559.5612 	DATA 	Keypress: 5
559.5617 	DATA 	TR 377 | TR1 189 | TR2 188
561.0304 	DATA 	Keypress: 5
561.0308 	DATA 	TR 378 | TR1 189 | TR2 189
562.5293 	DATA 	Keypress: 5
562.5297 	DATA 	TR 379 | TR1 190 | TR2 189
564.0105 	DATA 	Keypress: 5
564.0109 	DATA 	TR 380 | TR1 190 | TR2 190
565.5117 	DATA 	Keypress: 5
565.5121 	DATA 	TR 381 | TR1 191 | TR2 190
566.9808 	DATA 	Keypress: 5
566.9812 	DATA 	TR 382 | TR1 191 | TR2 191
568.4779 	DATA 	Keypress: 5
568.4783 	DATA 	TR 383 | TR1 192 | TR2 191
568.7422 	DATA 	Target presented
569.3969 	DATA 	Keypress: 1
569.4105 	DATA 	Key1 pressed
569.4105 	DATA 	Target detected
569.9603 	DATA 	Keypress: 5
569.9607 	DATA 	TR 384 | TR1 192 | TR2 192
571.4610 	DATA 	Keypress: 5
571.4613 	DATA 	TR 385 | TR1 193 | TR2 192
572.9316 	DATA 	Keypress: 5
572.9320 	DATA 	TR 386 | TR1 193 | TR2 193
574.4300 	DATA 	Keypress: 5
574.4439 	DATA 	TR 387 | TR1 194 | TR2 193
575.3291 	DATA 	
575.3291 	DATA 	Trial complete
575.3292 	DATA 	Waiting for VASO trigger to start next trial
575.3292 	DATA 	
575.9121 	DATA 	Keypress: 5
575.9124 	DATA 	TR 388 | TR1 194 | TR2 194
577.4134 	DATA 	Keypress: 5
577.4148 	DATA 	
577.4149 	DATA 	Trial 18
577.4149 	DATA 	stimDur = 2.0
577.4149 	DATA 	jitter = 1.5
577.4149 	DATA 	restDur = 14.0

577.4149 	DATA 	
577.4149 	DATA 	TR 389 | TR1 195 | TR2 194
578.8941 	DATA 	Keypress: 5
578.8945 	DATA 	TR 390 | TR1 195 | TR2 195
578.9255 	DATA 	
578.9255 	DATA 	stimulation started
578.9255 	DATA 	
580.3952 	DATA 	Keypress: 5
580.3957 	DATA 	TR 391 | TR1 196 | TR2 195
580.9276 	DATA 	
580.9276 	DATA 	stimulation stopped
580.9276 	DATA 	
581.8644 	DATA 	Keypress: 5
581.8647 	DATA 	TR 392 | TR1 196 | TR2 196
583.3632 	DATA 	Keypress: 5
583.3635 	DATA 	TR 393 | TR1 197 | TR2 196
584.8443 	DATA 	Keypress: 5
584.8447 	DATA 	TR 394 | TR1 197 | TR2 197
586.3483 	DATA 	Keypress: 5
586.3487 	DATA 	TR 395 | TR1 198 | TR2 197
587.8130 	DATA 	Keypress: 5
587.8134 	DATA 	TR 396 | TR1 198 | TR2 198
589.3116 	DATA 	Keypress: 5
589.3277 	DATA 	TR 397 | TR1 199 | TR2 198
590.7973 	DATA 	Keypress: 5
590.7977 	DATA 	TR 398 | TR1 199 | TR2 199
592.2964 	DATA 	Keypress: 5
592.2969 	DATA 	TR 399 | TR1 200 | TR2 199
593.7775 	DATA 	Keypress: 5
593.7780 	DATA 	TR 400 | TR1 200 | TR2 200
594.9289 	DATA 	
594.9289 	DATA 	Trial complete
594.9289 	DATA 	Waiting for VASO trigger to start next trial
594.9289 	DATA 	
595.2633 	DATA 	Keypress: 5
595.2647 	DATA 	
595.2648 	DATA 	Trial 19
595.2648 	DATA 	stimDur = 2.0
595.2648 	DATA 	jitter = 1.0
595.2648 	DATA 	restDur = 14.0

595.2648 	DATA 	
595.2648 	DATA 	TR 401 | TR1 201 | TR2 200
596.2781 	DATA 	
596.2781 	DATA 	stimulation started
596.2781 	DATA 	
596.7455 	DATA 	Keypress: 5
596.7459 	DATA 	TR 402 | TR1 201 | TR2 201
598.2469 	DATA 	Keypress: 5
598.2472 	DATA 	TR 403 | TR1 202 | TR2 201
598.2639 	DATA 	
598.2639 	DATA 	stimulation stopped
598.2639 	DATA 	
599.7304 	DATA 	Keypress: 5
599.7309 	DATA 	TR 404 | TR1 202 | TR2 202
601.2299 	DATA 	Keypress: 5
601.2303 	DATA 	TR 405 | TR1 203 | TR2 202
602.6987 	DATA 	Keypress: 5
602.6991 	DATA 	TR 406 | TR1 203 | TR2 203
604.1955 	DATA 	Keypress: 5
604.1959 	DATA 	TR 407 | TR1 204 | TR2 203
605.6809 	DATA 	Keypress: 5
605.6814 	DATA 	TR 408 | TR1 204 | TR2 204
607.1803 	DATA 	Keypress: 5
607.1807 	DATA 	TR 409 | TR1 205 | TR2 204
608.6466 	DATA 	Keypress: 5
608.6606 	DATA 	TR 410 | TR1 205 | TR2 205
610.1449 	DATA 	Keypress: 5
610.1453 	DATA 	TR 411 | TR1 206 | TR2 205
611.6293 	DATA 	Keypress: 5
611.6297 	DATA 	TR 412 | TR1 206 | TR2 206
612.2792 	DATA 	
612.2792 	DATA 	Trial complete
612.2792 	DATA 	Waiting for VASO trigger to start next trial
612.2792 	DATA 	
613.1311 	DATA 	Keypress: 5
613.1320 	DATA 	
613.1321 	DATA 	Trial 20
613.1321 	DATA 	stimDur = 4.0
613.1321 	DATA 	jitter = 0.5
613.1321 	DATA 	restDur = 16.0

613.1321 	DATA 	
613.1321 	DATA 	TR 413 | TR1 207 | TR2 206
613.6428 	DATA 	
613.6428 	DATA 	stimulation started
613.6428 	DATA 	
614.6120 	DATA 	Keypress: 5
614.6125 	DATA 	TR 414 | TR1 207 | TR2 207
616.1149 	DATA 	Keypress: 5
616.1153 	DATA 	TR 415 | TR1 208 | TR2 207
617.5789 	DATA 	Keypress: 5
617.5793 	DATA 	TR 416 | TR1 208 | TR2 208
617.6460 	DATA 	
617.6460 	DATA 	stimulation stopped
617.6460 	DATA 	
619.0795 	DATA 	Keypress: 5
619.0798 	DATA 	TR 417 | TR1 209 | TR2 208
620.5628 	DATA 	Keypress: 5
620.5634 	DATA 	TR 418 | TR1 209 | TR2 209
622.0659 	DATA 	Keypress: 5
622.0663 	DATA 	TR 419 | TR1 210 | TR2 209
623.5287 	DATA 	Keypress: 5
623.5291 	DATA 	TR 420 | TR1 210 | TR2 210
625.0298 	DATA 	Keypress: 5
625.0302 	DATA 	TR 421 | TR1 211 | TR2 210
626.5131 	DATA 	Keypress: 5
626.5135 	DATA 	TR 422 | TR1 211 | TR2 211
628.0146 	DATA 	Keypress: 5
628.0150 	DATA 	TR 423 | TR1 212 | TR2 211
629.4973 	DATA 	Keypress: 5
629.4977 	DATA 	TR 424 | TR1 212 | TR2 212
630.9792 	DATA 	Keypress: 5
630.9796 	DATA 	TR 425 | TR1 213 | TR2 212
632.4633 	DATA 	Keypress: 5
632.4636 	DATA 	TR 426 | TR1 213 | TR2 213
633.6429 	DATA 	
633.6429 	DATA 	Trial complete
633.6429 	DATA 	Waiting for VASO trigger to start next trial
633.6429 	DATA 	
633.9604 	DATA 	Keypress: 5
633.9617 	DATA 	
633.9617 	DATA 	Trial 21
633.9617 	DATA 	stimDur = 4.0
633.9617 	DATA 	jitter = 1.5
633.9617 	DATA 	restDur = 16.0

633.9617 	DATA 	
633.9617 	DATA 	TR 427 | TR1 214 | TR2 213
635.4463 	DATA 	Keypress: 5
635.4468 	DATA 	TR 428 | TR1 214 | TR2 214
635.4637 	DATA 	
635.4637 	DATA 	stimulation started
635.4637 	DATA 	
636.9490 	DATA 	Keypress: 5
636.9494 	DATA 	TR 429 | TR1 215 | TR2 214
638.4143 	DATA 	Keypress: 5
638.4147 	DATA 	TR 430 | TR1 215 | TR2 215
639.4772 	DATA 	
639.4773 	DATA 	stimulation stopped
639.4773 	DATA 	
639.9112 	DATA 	Keypress: 5
639.9116 	DATA 	TR 431 | TR1 216 | TR2 215
641.3991 	DATA 	Keypress: 5
641.3995 	DATA 	TR 432 | TR1 216 | TR2 216
642.9006 	DATA 	Keypress: 5
642.9010 	DATA 	TR 433 | TR1 217 | TR2 216
643.3327 	DATA 	Target presented
644.0438 	DATA 	Keypress: 1
644.0445 	DATA 	Key1 pressed
644.0445 	DATA 	Target detected
644.3635 	DATA 	Keypress: 5
644.3639 	DATA 	TR 434 | TR1 217 | TR2 217
645.8622 	DATA 	Keypress: 5
645.8626 	DATA 	TR 435 | TR1 218 | TR2 217
647.3491 	DATA 	Keypress: 5
647.3496 	DATA 	TR 436 | TR1 218 | TR2 218
648.8443 	DATA 	Keypress: 5
648.8447 	DATA 	TR 437 | TR1 219 | TR2 218
650.3316 	DATA 	Keypress: 5
650.3320 	DATA 	TR 438 | TR1 219 | TR2 219
651.8152 	DATA 	Keypress: 5
651.8155 	DATA 	TR 439 | TR1 220 | TR2 219
653.2981 	DATA 	Keypress: 5
653.2985 	DATA 	TR 440 | TR1 220 | TR2 220
654.7946 	DATA 	Keypress: 5
654.7950 	DATA 	TR 441 | TR1 221 | TR2 220
655.4637 	DATA 	
655.4637 	DATA 	Trial complete
655.4638 	DATA 	Waiting for VASO trigger to start next trial
655.4638 	DATA 	
656.2669 	DATA 	Keypress: 5
656.2801 	DATA 	TR 442 | TR1 221 | TR2 221
657.7661 	DATA 	Keypress: 5
657.7675 	DATA 	
657.7675 	DATA 	Trial 22
657.7675 	DATA 	stimDur = 4.0
657.7675 	DATA 	jitter = 2.0
657.7675 	DATA 	restDur = 16.0

657.7675 	DATA 	
657.7675 	DATA 	TR 443 | TR1 222 | TR2 221
659.2457 	DATA 	Keypress: 5
659.2460 	DATA 	TR 444 | TR1 222 | TR2 222
659.7803 	DATA 	
659.7803 	DATA 	stimulation started
659.7803 	DATA 	
660.7457 	DATA 	Keypress: 5
660.7461 	DATA 	TR 445 | TR1 223 | TR2 222
662.2315 	DATA 	Keypress: 5
662.2320 	DATA 	TR 446 | TR1 223 | TR2 223
663.7285 	DATA 	Keypress: 5
663.7290 	DATA 	TR 447 | TR1 224 | TR2 223
663.7790 	DATA 	
663.7790 	DATA 	stimulation stopped
663.7790 	DATA 	
665.1959 	DATA 	Keypress: 5
665.1963 	DATA 	TR 448 | TR1 224 | TR2 224
666.6988 	DATA 	Keypress: 5
666.6991 	DATA 	TR 449 | TR1 225 | TR2 224
668.1816 	DATA 	Keypress: 5
668.1820 	DATA 	TR 450 | TR1 225 | TR2 225
669.6783 	DATA 	Keypress: 5
669.6787 	DATA 	TR 451 | TR1 226 | TR2 225
671.1658 	DATA 	Keypress: 5
671.1661 	DATA 	TR 452 | TR1 226 | TR2 226
672.6479 	DATA 	Keypress: 5
672.6483 	DATA 	TR 453 | TR1 227 | TR2 226
674.1278 	DATA 	Keypress: 5
674.1282 	DATA 	TR 454 | TR1 227 | TR2 227
675.6293 	DATA 	Keypress: 5
675.6297 	DATA 	TR 455 | TR1 228 | TR2 227
677.1149 	DATA 	Keypress: 5
677.1153 	DATA 	TR 456 | TR1 228 | TR2 228
678.6007 	DATA 	Keypress: 5
678.6011 	DATA 	TR 457 | TR1 229 | TR2 228
679.7777 	DATA 	
679.7777 	DATA 	Trial complete
679.7777 	DATA 	Waiting for VASO trigger to start next trial
679.7777 	DATA 	
680.0786 	DATA 	Keypress: 5
680.0790 	DATA 	TR 458 | TR1 229 | TR2 229
681.5797 	DATA 	Keypress: 5
681.5811 	DATA 	
681.5811 	DATA 	Trial 23
681.5811 	DATA 	stimDur = 1.0
681.5811 	DATA 	jitter = 0.5
681.5811 	DATA 	restDur = 12.0

681.5811 	DATA 	
681.5811 	DATA 	TR 459 | TR1 230 | TR2 229
682.0819 	DATA 	
682.0819 	DATA 	stimulation started
682.0819 	DATA 	
683.0659 	DATA 	Keypress: 5
683.0663 	DATA 	TR 460 | TR1 230 | TR2 230
683.0809 	DATA 	
683.0809 	DATA 	stimulation stopped
683.0809 	DATA 	
684.5644 	DATA 	Keypress: 5
684.5648 	DATA 	TR 461 | TR1 231 | TR2 230
686.0303 	DATA 	Keypress: 5
686.0305 	DATA 	TR 462 | TR1 231 | TR2 231
687.5327 	DATA 	Keypress: 5
687.5331 	DATA 	TR 463 | TR1 232 | TR2 231
689.0109 	DATA 	Keypress: 5
689.0112 	DATA 	TR 464 | TR1 232 | TR2 232
690.5131 	DATA 	Keypress: 5
690.5135 	DATA 	TR 465 | TR1 233 | TR2 232
691.9999 	DATA 	Keypress: 5
692.0003 	DATA 	TR 466 | TR1 233 | TR2 233
693.4821 	DATA 	Keypress: 5
693.4824 	DATA 	TR 467 | TR1 234 | TR2 233
694.9645 	DATA 	Keypress: 5
694.9649 	DATA 	TR 468 | TR1 234 | TR2 234
695.0802 	DATA 	
695.0802 	DATA 	Trial complete
695.0802 	DATA 	Waiting for VASO trigger to start next trial
695.0802 	DATA 	
696.4632 	DATA 	Keypress: 5
696.4645 	DATA 	
696.4645 	DATA 	Trial 24
696.4645 	DATA 	stimDur = 1.0
696.4646 	DATA 	jitter = 2.5
696.4646 	DATA 	restDur = 12.0

696.4646 	DATA 	
696.4646 	DATA 	TR 469 | TR1 235 | TR2 234
697.9491 	DATA 	Keypress: 5
697.9496 	DATA 	TR 470 | TR1 235 | TR2 235
698.9777 	DATA 	
698.9778 	DATA 	stimulation started
698.9778 	DATA 	
699.4463 	DATA 	Keypress: 5
699.4467 	DATA 	TR 471 | TR1 236 | TR2 235
699.9785 	DATA 	
699.9785 	DATA 	stimulation stopped
699.9785 	DATA 	
700.9126 	DATA 	Keypress: 5
700.9129 	DATA 	TR 472 | TR1 236 | TR2 236
702.4142 	DATA 	Keypress: 5
702.4146 	DATA 	TR 473 | TR1 237 | TR2 236
703.8947 	DATA 	Keypress: 5
703.8950 	DATA 	TR 474 | TR1 237 | TR2 237
705.3965 	DATA 	Keypress: 5
705.3969 	DATA 	TR 475 | TR1 238 | TR2 237
705.7646 	DATA 	Target presented
706.4133 	DATA 	Keypress: 1
706.4141 	DATA 	Key1 pressed
706.4141 	DATA 	Target detected
706.8661 	DATA 	Keypress: 5
706.8665 	DATA 	TR 476 | TR1 238 | TR2 238
708.3664 	DATA 	Keypress: 5
708.3666 	DATA 	TR 477 | TR1 239 | TR2 238
709.8454 	DATA 	Keypress: 5
709.8457 	DATA 	TR 478 | TR1 239 | TR2 239
711.3477 	DATA 	Keypress: 5
711.3481 	DATA 	TR 479 | TR1 240 | TR2 239
711.9653 	DATA 	
711.9653 	DATA 	Trial complete
711.9653 	DATA 	Waiting for VASO trigger to start next trial
711.9653 	DATA 	
712.8344 	DATA 	Keypress: 5
712.8348 	DATA 	TR 480 | TR1 240 | TR2 240
714.3316 	DATA 	Keypress: 5
714.3333 	DATA 	
714.3333 	DATA 	Trial 25
714.3333 	DATA 	stimDur = 4.0
714.3333 	DATA 	jitter = 1.0
714.3333 	DATA 	restDur = 16.0

714.3333 	DATA 	
714.3333 	DATA 	TR 481 | TR1 241 | TR2 240
715.3456 	DATA 	
715.3457 	DATA 	stimulation started
715.3457 	DATA 	
715.7968 	DATA 	Keypress: 5
715.7971 	DATA 	TR 482 | TR1 241 | TR2 241
717.2975 	DATA 	Keypress: 5
717.2979 	DATA 	TR 483 | TR1 242 | TR2 241
718.7833 	DATA 	Keypress: 5
718.7838 	DATA 	TR 484 | TR1 242 | TR2 242
719.3450 	DATA 	
719.3450 	DATA 	stimulation stopped
719.3450 	DATA 	
720.2807 	DATA 	Keypress: 5
720.2811 	DATA 	TR 485 | TR1 243 | TR2 242
721.7475 	DATA 	Keypress: 5
721.7479 	DATA 	TR 486 | TR1 243 | TR2 243
723.2481 	DATA 	Keypress: 5
723.2484 	DATA 	TR 487 | TR1 244 | TR2 243
724.7291 	DATA 	Keypress: 5
724.7295 	DATA 	TR 488 | TR1 244 | TR2 244
726.2335 	DATA 	Keypress: 5
726.2339 	DATA 	TR 489 | TR1 245 | TR2 244
727.6991 	DATA 	Keypress: 5
727.6994 	DATA 	TR 490 | TR1 245 | TR2 245
729.1975 	DATA 	Keypress: 5
729.1979 	DATA 	TR 491 | TR1 246 | TR2 245
730.6798 	DATA 	Keypress: 5
730.6801 	DATA 	TR 492 | TR1 246 | TR2 246
732.1815 	DATA 	Keypress: 5
732.1819 	DATA 	TR 493 | TR1 247 | TR2 246
733.6687 	DATA 	Keypress: 5
733.6691 	DATA 	TR 494 | TR1 247 | TR2 247
735.1644 	DATA 	Keypress: 5
735.1649 	DATA 	TR 495 | TR1 248 | TR2 247
735.3460 	DATA 	
735.3461 	DATA 	Trial complete
735.3461 	DATA 	Waiting for VASO trigger to start next trial
735.3461 	DATA 	
736.6310 	DATA 	Keypress: 5
736.6314 	DATA 	TR 496 | TR1 248 | TR2 248
738.1337 	DATA 	Keypress: 5
738.1351 	DATA 	
738.1351 	DATA 	Trial 26
738.1351 	DATA 	stimDur = 24.0
738.1351 	DATA 	jitter = 1.0
738.1351 	DATA 	restDur = 24.0

738.1352 	DATA 	
738.1352 	DATA 	TR 497 | TR1 249 | TR2 248
739.1451 	DATA 	
739.1451 	DATA 	stimulation started
739.1451 	DATA 	
739.6129 	DATA 	Keypress: 5
739.6133 	DATA 	TR 498 | TR1 249 | TR2 249
741.1149 	DATA 	Keypress: 5
741.1154 	DATA 	TR 499 | TR1 250 | TR2 249
742.5833 	DATA 	Keypress: 5
742.5836 	DATA 	TR 500 | TR1 250 | TR2 250
744.0806 	DATA 	Keypress: 5
744.0949 	DATA 	TR 501 | TR1 251 | TR2 250
745.5627 	DATA 	Keypress: 5
745.5630 	DATA 	TR 502 | TR1 251 | TR2 251
747.0650 	DATA 	Keypress: 5
747.0654 	DATA 	TR 503 | TR1 252 | TR2 251
748.5342 	DATA 	Keypress: 5
748.5485 	DATA 	TR 504 | TR1 252 | TR2 252
750.0318 	DATA 	Keypress: 5
750.0471 	DATA 	TR 505 | TR1 253 | TR2 252
751.5142 	DATA 	Keypress: 5
751.5146 	DATA 	TR 506 | TR1 253 | TR2 253
753.0165 	DATA 	Keypress: 5
753.0170 	DATA 	TR 507 | TR1 254 | TR2 253
754.4971 	DATA 	Keypress: 5
754.4975 	DATA 	TR 508 | TR1 254 | TR2 254
756.0006 	DATA 	Keypress: 5
756.0010 	DATA 	TR 509 | TR1 255 | TR2 254
757.4642 	DATA 	Keypress: 5
757.4645 	DATA 	TR 510 | TR1 255 | TR2 255
757.6983 	DATA 	Target presented
758.6990 	DATA 	Keypress: 1
758.6996 	DATA 	Key1 pressed
758.6996 	DATA 	Target detected
758.9663 	DATA 	Keypress: 5
758.9667 	DATA 	TR 511 | TR1 256 | TR2 255
760.4476 	DATA 	Keypress: 5
760.4480 	DATA 	TR 512 | TR1 256 | TR2 256
761.9482 	DATA 	Keypress: 5
761.9485 	DATA 	TR 513 | TR1 257 | TR2 256
763.1484 	DATA 	
763.1485 	DATA 	stimulation stopped
763.1485 	DATA 	
763.4160 	DATA 	Keypress: 5
763.4164 	DATA 	TR 514 | TR1 257 | TR2 257
764.9155 	DATA 	Keypress: 5
764.9159 	DATA 	TR 515 | TR1 258 | TR2 257
766.3981 	DATA 	Keypress: 5
766.3985 	DATA 	TR 516 | TR1 258 | TR2 258
767.9024 	DATA 	Keypress: 5
767.9029 	DATA 	TR 517 | TR1 259 | TR2 258
769.3821 	DATA 	Keypress: 5
769.3825 	DATA 	TR 518 | TR1 259 | TR2 259
770.8674 	DATA 	Keypress: 5
770.8815 	DATA 	TR 519 | TR1 260 | TR2 259
772.3486 	DATA 	Keypress: 5
772.3490 	DATA 	TR 520 | TR1 260 | TR2 260
773.8503 	DATA 	Keypress: 5
773.8507 	DATA 	TR 521 | TR1 261 | TR2 260
775.3335 	DATA 	Keypress: 5
775.3340 	DATA 	TR 522 | TR1 261 | TR2 261
776.8311 	DATA 	Keypress: 5
776.8315 	DATA 	TR 523 | TR1 262 | TR2 261
778.2995 	DATA 	Keypress: 5
778.2998 	DATA 	TR 524 | TR1 262 | TR2 262
779.7983 	DATA 	Keypress: 5
779.7987 	DATA 	TR 525 | TR1 263 | TR2 262
781.2816 	DATA 	Keypress: 5
781.2820 	DATA 	TR 526 | TR1 263 | TR2 263
782.7834 	DATA 	Keypress: 5
782.7838 	DATA 	TR 527 | TR1 264 | TR2 263
784.2664 	DATA 	Keypress: 5
784.2667 	DATA 	TR 528 | TR1 264 | TR2 264
785.7495 	DATA 	Keypress: 5
785.7499 	DATA 	TR 529 | TR1 265 | TR2 264
787.1503 	DATA 	
787.1503 	DATA 	Trial complete
787.1503 	DATA 	Waiting for VASO trigger to start next trial
787.1503 	DATA 	
787.2319 	DATA 	Keypress: 5
787.2323 	DATA 	TR 530 | TR1 265 | TR2 265
788.7338 	DATA 	Keypress: 5
788.7353 	DATA 	
788.7353 	DATA 	Trial 27
788.7353 	DATA 	stimDur = 2.0
788.7353 	DATA 	jitter = 0.5
788.7353 	DATA 	restDur = 14.0

788.7353 	DATA 	
788.7353 	DATA 	TR 531 | TR1 266 | TR2 265
789.2479 	DATA 	
789.2479 	DATA 	stimulation started
789.2479 	DATA 	
790.2150 	DATA 	Keypress: 5
790.2154 	DATA 	TR 532 | TR1 266 | TR2 266
791.2477 	DATA 	
791.2477 	DATA 	stimulation stopped
791.2477 	DATA 	
791.7179 	DATA 	Keypress: 5
791.7183 	DATA 	TR 533 | TR1 267 | TR2 266
793.1828 	DATA 	Keypress: 5
793.1832 	DATA 	TR 534 | TR1 267 | TR2 267
794.6798 	DATA 	Keypress: 5
794.6801 	DATA 	TR 535 | TR1 268 | TR2 267
796.1641 	DATA 	Keypress: 5
796.1644 	DATA 	TR 536 | TR1 268 | TR2 268
797.6659 	DATA 	Keypress: 5
797.6662 	DATA 	TR 537 | TR1 269 | TR2 268
799.1332 	DATA 	Keypress: 5
799.1335 	DATA 	TR 538 | TR1 269 | TR2 269
800.6308 	DATA 	Keypress: 5
800.6312 	DATA 	TR 539 | TR1 270 | TR2 269
802.1180 	DATA 	Keypress: 5
802.1184 	DATA 	TR 540 | TR1 270 | TR2 270
803.6177 	DATA 	Keypress: 5
803.6182 	DATA 	TR 541 | TR1 271 | TR2 270
805.1003 	DATA 	Keypress: 5
805.1007 	DATA 	TR 542 | TR1 271 | TR2 271
805.2487 	DATA 	
805.2487 	DATA 	Trial complete
805.2488 	DATA 	Waiting for VASO trigger to start next trial
805.2488 	DATA 	
806.5835 	DATA 	Keypress: 5
806.5984 	DATA 	
806.5985 	DATA 	Trial 28
806.5985 	DATA 	stimDur = 1.0
806.5985 	DATA 	jitter = 0.0
806.5985 	DATA 	restDur = 12.0

806.5985 	DATA 	
806.5985 	DATA 	TR 543 | TR1 272 | TR2 271
806.5986 	DATA 	
806.5986 	DATA 	stimulation started
806.5986 	DATA 	
807.5990 	DATA 	
807.5990 	DATA 	stimulation stopped
807.5990 	DATA 	
808.0669 	DATA 	Keypress: 5
808.0672 	DATA 	TR 544 | TR1 272 | TR2 272
809.5632 	DATA 	Keypress: 5
809.5636 	DATA 	TR 545 | TR1 273 | TR2 272
811.0511 	DATA 	Keypress: 5
811.0516 	DATA 	TR 546 | TR1 273 | TR2 273
812.5360 	DATA 	Keypress: 5
812.5487 	DATA 	TR 547 | TR1 274 | TR2 273
814.0171 	DATA 	Keypress: 5
814.0175 	DATA 	TR 548 | TR1 274 | TR2 274
815.5143 	DATA 	Keypress: 5
815.5147 	DATA 	TR 549 | TR1 275 | TR2 274
817.0000 	DATA 	Keypress: 5
817.0004 	DATA 	TR 550 | TR1 275 | TR2 275
818.4876 	DATA 	Keypress: 5
818.4879 	DATA 	TR 551 | TR1 276 | TR2 275
819.5986 	DATA 	
819.5986 	DATA 	Trial complete
819.5986 	DATA 	Waiting for VASO trigger to start next trial
819.5986 	DATA 	
819.9662 	DATA 	Keypress: 5
819.9665 	DATA 	TR 552 | TR1 276 | TR2 276
821.4653 	DATA 	Keypress: 5
821.4667 	DATA 	
821.4667 	DATA 	Trial 29
821.4667 	DATA 	stimDur = 12.0
821.4667 	DATA 	jitter = 0.0
821.4667 	DATA 	restDur = 20.0

821.4667 	DATA 	
821.4667 	DATA 	TR 553 | TR1 277 | TR2 276
821.4667 	DATA 	
821.4668 	DATA 	stimulation started
821.4668 	DATA 	
822.9513 	DATA 	Keypress: 5
822.9517 	DATA 	TR 554 | TR1 277 | TR2 277
824.4468 	DATA 	Keypress: 5
824.4472 	DATA 	TR 555 | TR1 278 | TR2 277
825.9345 	DATA 	Keypress: 5
825.9349 	DATA 	TR 556 | TR1 278 | TR2 278
827.4179 	DATA 	Keypress: 5
827.4337 	DATA 	TR 557 | TR1 279 | TR2 278
828.9012 	DATA 	Keypress: 5
828.9016 	DATA 	TR 558 | TR1 279 | TR2 279
830.3977 	DATA 	Keypress: 5
830.3981 	DATA 	TR 559 | TR1 280 | TR2 279
831.8837 	DATA 	Keypress: 5
831.8842 	DATA 	TR 560 | TR1 280 | TR2 280
833.3847 	DATA 	Keypress: 5
833.3850 	DATA 	TR 561 | TR1 281 | TR2 280
833.4665 	DATA 	
833.4665 	DATA 	stimulation stopped
833.4665 	DATA 	
834.3468 	DATA 	Target presented
834.8493 	DATA 	Keypress: 5
834.8496 	DATA 	TR 562 | TR1 281 | TR2 281
835.1346 	DATA 	Keypress: 1
835.1486 	DATA 	Key1 pressed
835.1486 	DATA 	Target detected
835.4501 	DATA 	Keypress: 1
835.4508 	DATA 	Key1 pressed
836.3486 	DATA 	Keypress: 5
836.3490 	DATA 	TR 563 | TR1 282 | TR2 281
837.8344 	DATA 	Keypress: 5
837.8347 	DATA 	TR 564 | TR1 282 | TR2 282
839.3316 	DATA 	Keypress: 5
839.3320 	DATA 	TR 565 | TR1 283 | TR2 282
840.8001 	DATA 	Keypress: 5
840.8004 	DATA 	TR 566 | TR1 283 | TR2 283
842.3015 	DATA 	Keypress: 5
842.3018 	DATA 	TR 567 | TR1 284 | TR2 283
843.7847 	DATA 	Keypress: 5
843.7851 	DATA 	TR 568 | TR1 284 | TR2 284
845.2812 	DATA 	Keypress: 5
845.2815 	DATA 	TR 569 | TR1 285 | TR2 284
846.7515 	DATA 	Keypress: 5
846.7519 	DATA 	TR 570 | TR1 285 | TR2 285
848.2511 	DATA 	Keypress: 5
848.2515 	DATA 	TR 571 | TR1 286 | TR2 285
849.7308 	DATA 	Keypress: 5
849.7311 	DATA 	TR 572 | TR1 286 | TR2 286
851.2322 	DATA 	Keypress: 5
851.2325 	DATA 	TR 573 | TR1 287 | TR2 286
852.7199 	DATA 	Keypress: 5
852.7205 	DATA 	TR 574 | TR1 287 | TR2 287
853.4689 	DATA 	
853.4689 	DATA 	Trial complete
853.4689 	DATA 	
854.2051 	DATA 	Keypress: 5
854.2185 	DATA 	
854.2185 	DATA 	Trial 30
854.2185 	DATA 	stimDur = 2.0
854.2185 	DATA 	jitter = 2.0
854.2185 	DATA 	restDur = 14.0

854.2185 	DATA 	
854.2185 	DATA 	TR 575 | TR1 288 | TR2 287
855.6817 	DATA 	Keypress: 5
855.6820 	DATA 	TR 576 | TR1 288 | TR2 288
856.2335 	DATA 	
856.2336 	DATA 	stimulation started
856.2336 	DATA 	
857.1831 	DATA 	Keypress: 5
857.1835 	DATA 	TR 577 | TR1 289 | TR2 288
858.2332 	DATA 	
858.2333 	DATA 	stimulation stopped
858.2333 	DATA 	
858.6685 	DATA 	Keypress: 5
858.6690 	DATA 	TR 578 | TR1 289 | TR2 289
860.1654 	DATA 	Keypress: 5
860.1658 	DATA 	TR 579 | TR1 290 | TR2 289
861.6346 	DATA 	Keypress: 5
861.6350 	DATA 	TR 580 | TR1 290 | TR2 290
863.1340 	DATA 	Keypress: 5
863.1343 	DATA 	TR 581 | TR1 291 | TR2 290
864.6142 	DATA 	Keypress: 5
864.6145 	DATA 	TR 582 | TR1 291 | TR2 291
866.1162 	DATA 	Keypress: 5
866.1166 	DATA 	TR 583 | TR1 292 | TR2 291
867.6008 	DATA 	Keypress: 5
867.6011 	DATA 	TR 584 | TR1 292 | TR2 292
869.0853 	DATA 	Keypress: 5
869.0857 	DATA 	TR 585 | TR1 293 | TR2 292
870.5651 	DATA 	Keypress: 5
870.5655 	DATA 	TR 586 | TR1 293 | TR2 293
872.0665 	DATA 	Keypress: 5
872.0669 	DATA 	TR 587 | TR1 294 | TR2 293
872.2346 	DATA 	
872.2347 	DATA 	Trial complete
872.2347 	DATA 	
873.5523 	DATA 	Keypress: 5
873.5527 	DATA 	TR 588 | TR1 294 | TR2 294
875.0313 	DATA 	Target presented
875.0515 	DATA 	Keypress: 5
875.0520 	DATA 	TR 589 | TR1 295 | TR2 294
876.1491 	DATA 	Keypress: 1
876.1498 	DATA 	Key1 pressed
876.1499 	DATA 	Target detected
876.5165 	DATA 	Keypress: 5
876.5168 	DATA 	TR 590 | TR1 295 | TR2 295
878.0174 	DATA 	Keypress: 5
878.0178 	DATA 	TR 591 | TR1 296 | TR2 295
879.5035 	DATA 	Keypress: 5
879.5038 	DATA 	TR 592 | TR1 296 | TR2 296
880.9995 	DATA 	Keypress: 5
880.9999 	DATA 	TR 593 | TR1 297 | TR2 296
882.4690 	DATA 	Keypress: 5
882.4694 	DATA 	TR 594 | TR1 297 | TR2 297
883.9701 	DATA 	Keypress: 5
883.9704 	DATA 	TR 595 | TR1 298 | TR2 297
885.4484 	DATA 	Keypress: 5
885.4487 	DATA 	TR 596 | TR1 298 | TR2 298
886.9497 	DATA 	Keypress: 5
886.9500 	DATA 	TR 597 | TR1 299 | TR2 298
888.4374 	DATA 	Keypress: 5
888.4378 	DATA 	TR 598 | TR1 299 | TR2 299
889.9347 	DATA 	Keypress: 5
889.9352 	DATA 	TR 599 | TR1 300 | TR2 299
891.4021 	DATA 	Keypress: 5
891.4025 	DATA 	TR 600 | TR1 300 | TR2 300
892.9005 	DATA 	Keypress: 5
892.9009 	DATA 	TR 601 | TR1 301 | TR2 300
894.3884 	DATA 	Keypress: 5
894.3889 	DATA 	TR 602 | TR1 301 | TR2 301
895.8837 	DATA 	Keypress: 5
895.8842 	DATA 	TR 603 | TR1 302 | TR2 301
897.3505 	DATA 	Keypress: 5
897.3509 	DATA 	TR 604 | TR1 302 | TR2 302
898.8515 	DATA 	Keypress: 5
898.8519 	DATA 	TR 605 | TR1 303 | TR2 302
900.3320 	DATA 	Keypress: 5
900.3324 	DATA 	TR 606 | TR1 303 | TR2 303
901.5167 	DATA 	EndOfRun sub-01_ses-02_run-06

901.5167 	DATA 	RatioOfDetectedTargets 0.9333333333333333
901.5168 	DATA 	You have detected 14 out of 15 targets.
906.3382 	DATA 	Keypress: 5
906.3398 	DATA 	Keypress: 5
906.3407 	DATA 	Keypress: 5
906.3416 	DATA 	Keypress: 5
907.0753 	EXP 	window1: mouseVisible = True
