MonitorDistance=99cm
MonitorWidth=30cm
PixelWidth=1920.0
PixelHeight=1200.0
You have detected 14 out of 15 targets.
Well done! Keep up the good work
7.6384 	INFO 	Loaded monitor calibration from ['2022_07_20 19:17']
9.7749 	WARNING 	Couldn't measure a consistent frame rate!
  - Is your graphics card set to sync to vertical blank?
  - Are you running other processes on your computer?

9.7756 	EXP 	Created window1 = Window(allowGUI=False, allowStencil=False, autoLog=True, backendConf=UNKNOWN, bitsMode=UNKNOWN, blendMode='avg', bpc=(8, 8, 8), color=array([-0.5, -0.5, -0.5]), colorSpace='rgb', depthBits=8, fullscr=<method-wrapper '__getattribute__' of attributeSetter object at 0x7fab99893880>, gamma=None, gammaErrorPolicy='raise', lms=UNKNOWN, monitor=<psychopy.monitors.calibTools.Monitor object at 0x7fab6a3dcb80>, multiSample=False, name='window1', numSamples=2, pos=[0.0, 0.0], screen=0, size=array([1920, 1200]), stencilBits=0, stereo=False, units='deg', useFBO=False, useRetina=False, viewOri=0.0, viewPos=None, viewScale=None, waitBlanking=True, winType='pyglet')
9.7758 	EXP 	window1: mouseVisible = True
9.8156 	EXP 	Created unnamed TextStim = TextStim(__class__=<class 'psychopy.visual.text.TextStim'>, alignHoriz=method-wrapper(...), alignText='center', alignVert=method-wrapper(...), anchorHoriz='center', anchorVert='center', antialias=True, autoDraw=False, autoLog=True, bold=False, color=array([1., 1., 1.]), colorSpace='rgb', contrast=1.0, depth=0, flipHoriz=False, flipVert=False, font='', fontFiles=[], height=0.49999999999999994, italic=False, languageStyle='LTR', name='unnamed TextStim', opacity=1.0, ori=0.0, pos=array([0., 0.]), rgb=UNKNOWN, text=str(...), units='deg', win=Window(...), wrapWidth=15.0)
9.8435 	EXP 	Created Movie Frame 0 = ImageStim(__class__=<class 'psychopy.visual.image.ImageStim'>, anchor=('center', 'center'), autoLog=True, color=array([1., 1., 1.]), colorSpace='rgb', contrast=1.0, depth=0, flipHoriz=False, flipVert=False, image='visual_0.png', interpolate=False, mask=None, maskParams=None, name='Movie Frame 0', opacity=1.0, ori=0.0, pos=array([0., 0.]), size=array([1024.,  768.]), texRes=128, units='pix', win=Window(...))
9.8618 	EXP 	Created Movie Frame 1 = ImageStim(__class__=<class 'psychopy.visual.image.ImageStim'>, anchor=('center', 'center'), autoLog=True, color=array([1., 1., 1.]), colorSpace='rgb', contrast=1.0, depth=0, flipHoriz=False, flipVert=False, image='visual_1.png', interpolate=False, mask=None, maskParams=None, name='Movie Frame 1', opacity=1.0, ori=0.0, pos=array([0., 0.]), size=array([1024.,  768.]), texRes=128, units='pix', win=Window(...))
41.8191 	DATA 	Keypress: 5
0.0000 	DATA 	StartOfRun sub-01_ses-02_run-01
0.0000 	DATA 	TR 1 | TR1 1 | TR2 0
0.0156 	DATA 	Initial baseline

1.4777 	DATA 	Keypress: 5
1.4782 	DATA 	TR 2 | TR1 1 | TR2 1
2.9743 	DATA 	Keypress: 5
2.9746 	DATA 	TR 3 | TR1 2 | TR2 1
4.4513 	DATA 	Keypress: 5
4.4518 	DATA 	TR 4 | TR1 2 | TR2 2
5.9505 	DATA 	Keypress: 5
5.9509 	DATA 	TR 5 | TR1 3 | TR2 2
7.4278 	DATA 	Keypress: 5
7.4282 	DATA 	TR 6 | TR1 3 | TR2 3
8.9262 	DATA 	Keypress: 5
8.9266 	DATA 	TR 7 | TR1 4 | TR2 3
10.4044 	DATA 	Keypress: 5
10.4048 	DATA 	TR 8 | TR1 4 | TR2 4
11.9034 	DATA 	Keypress: 5
11.9038 	DATA 	TR 9 | TR1 5 | TR2 4
13.3805 	DATA 	Keypress: 5
13.3810 	DATA 	TR 10 | TR1 5 | TR2 5
14.8793 	DATA 	Keypress: 5
14.8798 	DATA 	TR 11 | TR1 6 | TR2 5
15.0049 	WARNING 	t of last frame was 14989.79ms (=1/0)
16.3596 	DATA 	Keypress: 5
16.3599 	DATA 	TR 12 | TR1 6 | TR2 6
17.8585 	DATA 	Keypress: 5
17.8606 	DATA 	
17.8606 	DATA 	Trial 1
17.8607 	DATA 	stimDur = 1.0
17.8607 	DATA 	jitter = 1.5
17.8607 	DATA 	restDur = 12.0

17.8607 	DATA 	
17.8607 	DATA 	TR 13 | TR1 7 | TR2 6
19.3413 	DATA 	Keypress: 5
19.3416 	DATA 	TR 14 | TR1 7 | TR2 7
19.3737 	DATA 	
19.3738 	DATA 	stimulation started
19.3738 	DATA 	
20.3750 	DATA 	
20.3750 	DATA 	stimulation stopped
20.3750 	DATA 	
20.8433 	DATA 	Keypress: 5
20.8437 	DATA 	TR 15 | TR1 8 | TR2 7
22.3107 	DATA 	Keypress: 5
22.3111 	DATA 	TR 16 | TR1 8 | TR2 8
23.8093 	DATA 	Keypress: 5
23.8253 	DATA 	TR 17 | TR1 9 | TR2 8
24.1619 	WARNING 	t of last frame was 20.63ms (=1/48)
25.2926 	DATA 	Keypress: 5
25.2930 	DATA 	TR 18 | TR1 9 | TR2 9
26.7959 	WARNING 	t of last frame was 20.20ms (=1/49)
26.7978 	DATA 	Keypress: 5
26.7982 	DATA 	TR 19 | TR1 10 | TR2 9
28.2752 	DATA 	Keypress: 5
28.2757 	DATA 	TR 20 | TR1 10 | TR2 10
29.7622 	DATA 	Keypress: 5
29.7760 	DATA 	TR 21 | TR1 11 | TR2 10
31.2431 	DATA 	Keypress: 5
31.2435 	DATA 	TR 22 | TR1 11 | TR2 11
32.3623 	DATA 	
32.3623 	DATA 	Trial complete
32.3624 	DATA 	Waiting for VASO trigger to start next trial
32.3624 	DATA 	
32.7401 	DATA 	Keypress: 5
32.7415 	DATA 	
32.7415 	DATA 	Trial 2
32.7415 	DATA 	stimDur = 1.0
32.7415 	DATA 	jitter = 1.0
32.7415 	DATA 	restDur = 12.0

32.7415 	DATA 	
32.7415 	DATA 	TR 23 | TR1 12 | TR2 11
33.7407 	DATA 	
33.7407 	DATA 	stimulation started
33.7407 	DATA 	
34.2261 	DATA 	Keypress: 5
34.2265 	DATA 	TR 24 | TR1 12 | TR2 12
34.7414 	DATA 	
34.7414 	DATA 	stimulation stopped
34.7414 	DATA 	
35.7279 	DATA 	Keypress: 5
35.7284 	DATA 	TR 25 | TR1 13 | TR2 12
37.1940 	DATA 	Keypress: 5
37.1944 	DATA 	TR 26 | TR1 13 | TR2 13
38.6913 	DATA 	Keypress: 5
38.6917 	DATA 	TR 27 | TR1 14 | TR2 13
40.1762 	DATA 	Keypress: 5
40.1766 	DATA 	TR 28 | TR1 14 | TR2 14
41.3639 	WARNING 	t of last frame was 20.54ms (=1/48)
41.6780 	DATA 	Keypress: 5
41.6784 	DATA 	TR 29 | TR1 15 | TR2 14
43.1443 	DATA 	Keypress: 5
43.1569 	DATA 	TR 30 | TR1 15 | TR2 15
43.7778 	WARNING 	Multiple dropped frames have occurred - I'll stop bothering you about them!
44.6433 	DATA 	Keypress: 5
44.6596 	DATA 	TR 31 | TR1 16 | TR2 15
46.1275 	DATA 	Keypress: 5
46.1278 	DATA 	TR 32 | TR1 16 | TR2 16
46.7433 	DATA 	
46.7433 	DATA 	Trial complete
46.7434 	DATA 	Waiting for VASO trigger to start next trial
46.7434 	DATA 	
47.6281 	DATA 	Keypress: 5
47.6295 	DATA 	
47.6295 	DATA 	Trial 3
47.6296 	DATA 	stimDur = 12.0
47.6296 	DATA 	jitter = 1.5
47.6296 	DATA 	restDur = 20.0

47.6296 	DATA 	
47.6296 	DATA 	TR 33 | TR1 17 | TR2 16
49.1116 	DATA 	Keypress: 5
49.1120 	DATA 	TR 34 | TR1 17 | TR2 17
49.1405 	DATA 	
49.1405 	DATA 	stimulation started
49.1405 	DATA 	
50.6126 	DATA 	Keypress: 5
50.6130 	DATA 	TR 35 | TR1 18 | TR2 17
52.0771 	DATA 	Keypress: 5
52.0775 	DATA 	TR 36 | TR1 18 | TR2 18
53.5739 	DATA 	Keypress: 5
53.5742 	DATA 	TR 37 | TR1 19 | TR2 18
55.0600 	DATA 	Keypress: 5
55.0604 	DATA 	TR 38 | TR1 19 | TR2 19
56.5643 	DATA 	Keypress: 5
56.5648 	DATA 	TR 39 | TR1 20 | TR2 19
58.0259 	DATA 	Keypress: 5
58.0418 	DATA 	TR 40 | TR1 20 | TR2 20
59.5256 	DATA 	Keypress: 5
59.5259 	DATA 	TR 41 | TR1 21 | TR2 20
61.0125 	DATA 	Keypress: 5
61.0129 	DATA 	TR 42 | TR1 21 | TR2 21
61.1449 	DATA 	
61.1450 	DATA 	stimulation stopped
61.1450 	DATA 	
62.5121 	DATA 	Keypress: 5
62.5125 	DATA 	TR 43 | TR1 22 | TR2 21
63.9949 	DATA 	Keypress: 5
63.9953 	DATA 	TR 44 | TR1 22 | TR2 22
65.4786 	DATA 	Keypress: 5
65.4790 	DATA 	TR 45 | TR1 23 | TR2 22
66.9639 	DATA 	Keypress: 5
66.9644 	DATA 	TR 46 | TR1 23 | TR2 23
68.4574 	DATA 	Keypress: 5
68.4577 	DATA 	TR 47 | TR1 24 | TR2 23
69.9435 	DATA 	Keypress: 5
69.9439 	DATA 	TR 48 | TR1 24 | TR2 24
71.4469 	DATA 	Keypress: 5
71.4472 	DATA 	TR 49 | TR1 25 | TR2 24
72.9077 	DATA 	Keypress: 5
72.9081 	DATA 	TR 50 | TR1 25 | TR2 25
74.4089 	DATA 	Keypress: 5
74.4092 	DATA 	TR 51 | TR1 26 | TR2 25
75.8943 	DATA 	Keypress: 5
75.8947 	DATA 	TR 52 | TR1 26 | TR2 26
76.9108 	DATA 	Target presented
77.3972 	DATA 	Keypress: 5
77.3976 	DATA 	TR 53 | TR1 27 | TR2 26
77.6954 	DATA 	Keypress: 1
77.6963 	DATA 	Key1 pressed
77.6963 	DATA 	Target detected
78.8607 	DATA 	Keypress: 5
78.8611 	DATA 	TR 54 | TR1 27 | TR2 27
80.3620 	DATA 	Keypress: 5
80.3624 	DATA 	TR 55 | TR1 28 | TR2 27
81.1453 	DATA 	
81.1453 	DATA 	Trial complete
81.1454 	DATA 	Waiting for VASO trigger to start next trial
81.1454 	DATA 	
81.8454 	DATA 	Keypress: 5
81.8458 	DATA 	TR 56 | TR1 28 | TR2 28
83.3427 	DATA 	Keypress: 5
83.3438 	DATA 	
83.3438 	DATA 	Trial 4
83.3438 	DATA 	stimDur = 1.0
83.3438 	DATA 	jitter = 2.0
83.3438 	DATA 	restDur = 12.0

83.3438 	DATA 	
83.3438 	DATA 	TR 57 | TR1 29 | TR2 28
84.8290 	DATA 	Keypress: 5
84.8294 	DATA 	TR 58 | TR1 29 | TR2 29
85.3598 	DATA 	
85.3598 	DATA 	stimulation started
85.3598 	DATA 	
86.3125 	DATA 	Keypress: 5
86.3283 	DATA 	TR 59 | TR1 30 | TR2 29
86.3437 	DATA 	
86.3437 	DATA 	stimulation stopped
86.3437 	DATA 	
87.7963 	DATA 	Keypress: 5
87.7966 	DATA 	TR 60 | TR1 30 | TR2 30
89.2941 	DATA 	Keypress: 5
89.2945 	DATA 	TR 61 | TR1 31 | TR2 30
90.7779 	DATA 	Keypress: 5
90.7784 	DATA 	TR 62 | TR1 31 | TR2 31
92.2639 	DATA 	Keypress: 5
92.2643 	DATA 	TR 63 | TR1 32 | TR2 31
93.7422 	DATA 	Keypress: 5
93.7426 	DATA 	TR 64 | TR1 32 | TR2 32
95.2432 	DATA 	Keypress: 5
95.2435 	DATA 	TR 65 | TR1 33 | TR2 32
96.7294 	DATA 	Keypress: 5
96.7298 	DATA 	TR 66 | TR1 33 | TR2 33
98.2279 	DATA 	Keypress: 5
98.2283 	DATA 	TR 67 | TR1 34 | TR2 33
98.3435 	DATA 	
98.3435 	DATA 	Trial complete
98.3435 	DATA 	Waiting for VASO trigger to start next trial
98.3435 	DATA 	
99.6951 	DATA 	Keypress: 5
99.6955 	DATA 	TR 68 | TR1 34 | TR2 34
101.1941 	DATA 	Keypress: 5
101.1955 	DATA 	
101.1955 	DATA 	Trial 5
101.1955 	DATA 	stimDur = 12.0
101.1955 	DATA 	jitter = 2.0
101.1955 	DATA 	restDur = 20.0

101.1955 	DATA 	
101.1955 	DATA 	TR 69 | TR1 35 | TR2 34
102.6812 	DATA 	Keypress: 5
102.6816 	DATA 	TR 70 | TR1 35 | TR2 35
103.2099 	DATA 	
103.2099 	DATA 	stimulation started
103.2099 	DATA 	
104.1756 	DATA 	Keypress: 5
104.1760 	DATA 	TR 71 | TR1 36 | TR2 35
105.6635 	DATA 	Keypress: 5
105.6640 	DATA 	TR 72 | TR1 36 | TR2 36
107.1468 	DATA 	Keypress: 5
107.1626 	DATA 	TR 73 | TR1 37 | TR2 36
108.6252 	DATA 	Keypress: 5
108.6256 	DATA 	TR 74 | TR1 37 | TR2 37
110.1265 	DATA 	Keypress: 5
110.1269 	DATA 	TR 75 | TR1 38 | TR2 37
111.6125 	DATA 	Keypress: 5
111.6129 	DATA 	TR 76 | TR1 38 | TR2 38
113.1118 	DATA 	Keypress: 5
113.1123 	DATA 	TR 77 | TR1 39 | TR2 38
114.5765 	DATA 	Keypress: 5
114.5769 	DATA 	TR 78 | TR1 39 | TR2 39
115.2098 	DATA 	
115.2098 	DATA 	stimulation stopped
115.2098 	DATA 	
116.0775 	DATA 	Keypress: 5
116.0778 	DATA 	TR 79 | TR1 40 | TR2 39
117.5613 	DATA 	Keypress: 5
117.5616 	DATA 	TR 80 | TR1 40 | TR2 40
119.0623 	DATA 	Keypress: 5
119.0627 	DATA 	TR 81 | TR1 41 | TR2 40
120.5288 	DATA 	Keypress: 5
120.5448 	DATA 	TR 82 | TR1 41 | TR2 41
120.6122 	DATA 	Target presented
121.5289 	DATA 	Keypress: 1
121.5297 	DATA 	Key1 pressed
121.5297 	DATA 	Target detected
122.0287 	DATA 	Keypress: 5
122.0291 	DATA 	TR 83 | TR1 42 | TR2 41
123.5088 	DATA 	Keypress: 5
123.5092 	DATA 	TR 84 | TR1 42 | TR2 42
125.0104 	DATA 	Keypress: 5
125.0108 	DATA 	TR 85 | TR1 43 | TR2 42
126.4981 	DATA 	Keypress: 5
126.4985 	DATA 	TR 86 | TR1 43 | TR2 43
127.9799 	DATA 	Keypress: 5
127.9803 	DATA 	TR 87 | TR1 44 | TR2 43
129.4608 	DATA 	Keypress: 5
129.4612 	DATA 	TR 88 | TR1 44 | TR2 44
130.9608 	DATA 	Keypress: 5
130.9611 	DATA 	TR 89 | TR1 45 | TR2 44
132.4461 	DATA 	Keypress: 5
132.4465 	DATA 	TR 90 | TR1 45 | TR2 45
133.9460 	DATA 	Keypress: 5
133.9465 	DATA 	TR 91 | TR1 46 | TR2 45
135.2121 	DATA 	
135.2121 	DATA 	Trial complete
135.2121 	DATA 	Waiting for VASO trigger to start next trial
135.2121 	DATA 	
135.4128 	DATA 	Keypress: 5
135.4132 	DATA 	TR 92 | TR1 46 | TR2 46
136.9118 	DATA 	Keypress: 5
136.9131 	DATA 	
136.9131 	DATA 	Trial 6
136.9132 	DATA 	stimDur = 24.0
136.9132 	DATA 	jitter = 2.0
136.9132 	DATA 	restDur = 24.0

136.9132 	DATA 	
136.9132 	DATA 	TR 93 | TR1 47 | TR2 46
138.3922 	DATA 	Keypress: 5
138.3925 	DATA 	TR 94 | TR1 47 | TR2 47
138.9279 	DATA 	
138.9279 	DATA 	stimulation started
138.9279 	DATA 	
139.8946 	DATA 	Keypress: 5
139.8950 	DATA 	TR 95 | TR1 48 | TR2 47
141.3636 	DATA 	Keypress: 5
141.3791 	DATA 	TR 96 | TR1 48 | TR2 48
142.8630 	DATA 	Keypress: 5
142.8634 	DATA 	TR 97 | TR1 49 | TR2 48
144.3429 	DATA 	Keypress: 5
144.3432 	DATA 	TR 98 | TR1 49 | TR2 49
145.8450 	DATA 	Keypress: 5
145.8454 	DATA 	TR 99 | TR1 50 | TR2 49
147.3324 	DATA 	Keypress: 5
147.3328 	DATA 	TR 100 | TR1 50 | TR2 50
148.8276 	DATA 	Keypress: 5
148.8280 	DATA 	TR 101 | TR1 51 | TR2 50
150.2940 	DATA 	Keypress: 5
150.2944 	DATA 	TR 102 | TR1 51 | TR2 51
151.7952 	DATA 	Keypress: 5
151.7955 	DATA 	TR 103 | TR1 52 | TR2 51
153.2761 	DATA 	Keypress: 5
153.2764 	DATA 	TR 104 | TR1 52 | TR2 52
154.7786 	DATA 	Keypress: 5
154.7791 	DATA 	TR 105 | TR1 53 | TR2 52
156.2453 	DATA 	Keypress: 5
156.2457 	DATA 	TR 106 | TR1 53 | TR2 53
157.7463 	DATA 	Keypress: 5
157.7467 	DATA 	TR 107 | TR1 54 | TR2 53
159.2296 	DATA 	Keypress: 5
159.2301 	DATA 	TR 108 | TR1 54 | TR2 54
160.7286 	DATA 	Keypress: 5
160.7290 	DATA 	TR 109 | TR1 55 | TR2 54
162.1977 	DATA 	Keypress: 5
162.2136 	DATA 	TR 110 | TR1 55 | TR2 55
162.9126 	DATA 	
162.9126 	DATA 	stimulation stopped
162.9126 	DATA 	
163.7125 	DATA 	Keypress: 5
163.7128 	DATA 	TR 111 | TR1 56 | TR2 55
165.1775 	DATA 	Keypress: 5
165.1779 	DATA 	TR 112 | TR1 56 | TR2 56
166.6794 	DATA 	Keypress: 5
166.6798 	DATA 	TR 113 | TR1 57 | TR2 56
168.1624 	DATA 	Keypress: 5
168.1629 	DATA 	TR 114 | TR1 57 | TR2 57
169.6636 	DATA 	Keypress: 5
169.6641 	DATA 	TR 115 | TR1 58 | TR2 57
171.1282 	DATA 	Keypress: 5
171.1285 	DATA 	TR 116 | TR1 58 | TR2 58
172.6298 	DATA 	Keypress: 5
172.6303 	DATA 	TR 117 | TR1 59 | TR2 58
174.1128 	DATA 	Keypress: 5
174.1132 	DATA 	TR 118 | TR1 59 | TR2 59
175.6125 	DATA 	Keypress: 5
175.6129 	DATA 	TR 119 | TR1 60 | TR2 59
177.0793 	DATA 	Keypress: 5
177.0797 	DATA 	TR 120 | TR1 60 | TR2 60
178.5775 	DATA 	Keypress: 5
178.5955 	DATA 	TR 121 | TR1 61 | TR2 60
180.0611 	DATA 	Keypress: 5
180.0615 	DATA 	TR 122 | TR1 61 | TR2 61
181.5631 	DATA 	Keypress: 5
181.5635 	DATA 	TR 123 | TR1 62 | TR2 61
183.0322 	DATA 	Keypress: 5
183.0326 	DATA 	TR 124 | TR1 62 | TR2 62
184.5317 	DATA 	Keypress: 5
184.5437 	DATA 	TR 125 | TR1 63 | TR2 62
186.0119 	DATA 	Keypress: 5
186.0122 	DATA 	TR 126 | TR1 63 | TR2 63
186.9123 	DATA 	
186.9123 	DATA 	Trial complete
186.9123 	DATA 	Waiting for VASO trigger to start next trial
186.9124 	DATA 	
187.5137 	DATA 	Keypress: 5
187.5150 	DATA 	
187.5150 	DATA 	Trial 7
187.5151 	DATA 	stimDur = 12.0
187.5151 	DATA 	jitter = 1.0
187.5151 	DATA 	restDur = 20.0

187.5151 	DATA 	
187.5151 	DATA 	TR 127 | TR1 64 | TR2 63
188.5261 	DATA 	
188.5261 	DATA 	stimulation started
188.5261 	DATA 	
188.9948 	DATA 	Keypress: 5
188.9953 	DATA 	TR 128 | TR1 64 | TR2 64
190.4981 	DATA 	Keypress: 5
190.4986 	DATA 	TR 129 | TR1 65 | TR2 64
191.9629 	DATA 	Keypress: 5
191.9632 	DATA 	TR 130 | TR1 65 | TR2 65
193.1300 	DATA 	Target presented
193.4601 	DATA 	Keypress: 5
193.4605 	DATA 	TR 131 | TR1 66 | TR2 65
193.9777 	DATA 	Keypress: 1
193.9785 	DATA 	Key1 pressed
193.9785 	DATA 	Target detected
194.9455 	DATA 	Keypress: 5
194.9460 	DATA 	TR 132 | TR1 66 | TR2 66
196.4466 	DATA 	Keypress: 5
196.4470 	DATA 	TR 133 | TR1 67 | TR2 66
197.9132 	DATA 	Keypress: 5
197.9136 	DATA 	TR 134 | TR1 67 | TR2 67
199.4127 	DATA 	Keypress: 5
199.4287 	DATA 	TR 135 | TR1 68 | TR2 67
200.5294 	DATA 	
200.5294 	DATA 	stimulation stopped
200.5294 	DATA 	
200.8962 	DATA 	Keypress: 5
200.8966 	DATA 	TR 136 | TR1 68 | TR2 68
202.3971 	DATA 	Keypress: 5
202.3975 	DATA 	TR 137 | TR1 69 | TR2 68
203.8783 	DATA 	Keypress: 5
203.8787 	DATA 	TR 138 | TR1 69 | TR2 69
205.3647 	DATA 	Keypress: 5
205.3775 	DATA 	TR 139 | TR1 70 | TR2 69
206.8462 	DATA 	Keypress: 5
206.8466 	DATA 	TR 140 | TR1 70 | TR2 70
208.3434 	DATA 	Keypress: 5
208.3437 	DATA 	TR 141 | TR1 71 | TR2 70
209.8285 	DATA 	Keypress: 5
209.8289 	DATA 	TR 142 | TR1 71 | TR2 71
211.3295 	DATA 	Keypress: 5
211.3299 	DATA 	TR 143 | TR1 72 | TR2 71
212.7985 	DATA 	Keypress: 5
212.7988 	DATA 	TR 144 | TR1 72 | TR2 72
214.2961 	DATA 	Keypress: 5
214.2964 	DATA 	TR 145 | TR1 73 | TR2 72
215.7792 	DATA 	Keypress: 5
215.7796 	DATA 	TR 146 | TR1 73 | TR2 73
217.2814 	DATA 	Keypress: 5
217.2819 	DATA 	TR 147 | TR1 74 | TR2 73
218.7638 	DATA 	Keypress: 5
218.7642 	DATA 	TR 148 | TR1 74 | TR2 74
220.2477 	DATA 	Keypress: 5
220.2481 	DATA 	TR 149 | TR1 75 | TR2 74
220.5302 	DATA 	
220.5302 	DATA 	Trial complete
220.5303 	DATA 	Waiting for VASO trigger to start next trial
220.5303 	DATA 	
221.7328 	DATA 	Keypress: 5
221.7332 	DATA 	TR 150 | TR1 75 | TR2 75
223.2312 	DATA 	Keypress: 5
223.2326 	DATA 	
223.2326 	DATA 	Trial 8
223.2326 	DATA 	stimDur = 24.0
223.2327 	DATA 	jitter = 0.0
223.2327 	DATA 	restDur = 24.0

223.2327 	DATA 	
223.2327 	DATA 	TR 151 | TR1 76 | TR2 75
223.2327 	DATA 	
223.2327 	DATA 	stimulation started
223.2327 	DATA 	
224.7126 	DATA 	Keypress: 5
224.7130 	DATA 	TR 152 | TR1 76 | TR2 76
226.2157 	DATA 	Keypress: 5
226.2160 	DATA 	TR 153 | TR1 77 | TR2 76
227.6803 	DATA 	Keypress: 5
227.6806 	DATA 	TR 154 | TR1 77 | TR2 77
229.1777 	DATA 	Keypress: 5
229.1781 	DATA 	TR 155 | TR1 78 | TR2 77
230.6627 	DATA 	Keypress: 5
230.6631 	DATA 	TR 156 | TR1 78 | TR2 78
232.1649 	DATA 	Keypress: 5
232.1653 	DATA 	TR 157 | TR1 79 | TR2 78
233.6290 	DATA 	Keypress: 5
233.6448 	DATA 	TR 158 | TR1 79 | TR2 79
235.1286 	DATA 	Keypress: 5
235.1290 	DATA 	TR 159 | TR1 80 | TR2 79
236.6142 	DATA 	Keypress: 5
236.6147 	DATA 	TR 160 | TR1 80 | TR2 80
238.1156 	DATA 	Keypress: 5
238.1161 	DATA 	TR 161 | TR1 81 | TR2 80
239.5939 	DATA 	Keypress: 5
239.5942 	DATA 	TR 162 | TR1 81 | TR2 81
241.0815 	DATA 	Keypress: 5
241.0818 	DATA 	TR 163 | TR1 82 | TR2 81
242.5645 	DATA 	Keypress: 5
242.5649 	DATA 	TR 164 | TR1 82 | TR2 82
244.0612 	DATA 	Keypress: 5
244.0616 	DATA 	TR 165 | TR1 83 | TR2 82
245.5463 	DATA 	Keypress: 5
245.5467 	DATA 	TR 166 | TR1 83 | TR2 83
245.8624 	DATA 	Target presented
246.7640 	DATA 	Keypress: 1
246.7648 	DATA 	Key1 pressed
246.7648 	DATA 	Target detected
247.0499 	DATA 	Keypress: 5
247.0503 	DATA 	TR 167 | TR1 84 | TR2 83
247.2469 	DATA 	
247.2469 	DATA 	stimulation stopped
247.2469 	DATA 	
248.5110 	DATA 	Keypress: 5
248.5114 	DATA 	TR 168 | TR1 84 | TR2 84
250.0121 	DATA 	Keypress: 5
250.0125 	DATA 	TR 169 | TR1 85 | TR2 84
251.4973 	DATA 	Keypress: 5
251.4977 	DATA 	TR 170 | TR1 85 | TR2 85
252.9991 	DATA 	Keypress: 5
252.9995 	DATA 	TR 171 | TR1 86 | TR2 85
254.4809 	DATA 	Keypress: 5
254.4812 	DATA 	TR 172 | TR1 86 | TR2 86
255.9651 	DATA 	Keypress: 5
255.9655 	DATA 	TR 173 | TR1 87 | TR2 86
257.4477 	DATA 	Keypress: 5
257.4481 	DATA 	TR 174 | TR1 87 | TR2 87
258.9447 	DATA 	Keypress: 5
258.9451 	DATA 	TR 175 | TR1 88 | TR2 87
260.4326 	DATA 	Keypress: 5
260.4330 	DATA 	TR 176 | TR1 88 | TR2 88
261.9160 	DATA 	Keypress: 5
261.9163 	DATA 	TR 177 | TR1 89 | TR2 88
263.3987 	DATA 	Keypress: 5
263.3991 	DATA 	TR 178 | TR1 89 | TR2 89
264.8955 	DATA 	Keypress: 5
264.8959 	DATA 	TR 179 | TR1 90 | TR2 89
266.3834 	DATA 	Keypress: 5
266.3839 	DATA 	TR 180 | TR1 90 | TR2 90
267.8844 	DATA 	Keypress: 5
267.8849 	DATA 	TR 181 | TR1 91 | TR2 90
269.3464 	DATA 	Keypress: 5
269.3466 	DATA 	TR 182 | TR1 91 | TR2 91
270.8464 	DATA 	Keypress: 5
270.8468 	DATA 	TR 183 | TR1 92 | TR2 91
271.2485 	DATA 	
271.2485 	DATA 	Trial complete
271.2485 	DATA 	Waiting for VASO trigger to start next trial
271.2485 	DATA 	
272.3324 	DATA 	Keypress: 5
272.3328 	DATA 	TR 184 | TR1 92 | TR2 92
273.8334 	DATA 	Keypress: 5
273.8348 	DATA 	
273.8348 	DATA 	Trial 9
273.8348 	DATA 	stimDur = 2.0
273.8348 	DATA 	jitter = 0.0
273.8348 	DATA 	restDur = 14.0

273.8348 	DATA 	
273.8348 	DATA 	TR 185 | TR1 93 | TR2 92
273.8348 	DATA 	
273.8348 	DATA 	stimulation started
273.8348 	DATA 	
275.2980 	DATA 	Keypress: 5
275.3134 	DATA 	TR 186 | TR1 93 | TR2 93
275.8460 	DATA 	
275.8461 	DATA 	stimulation stopped
275.8461 	DATA 	
276.7993 	DATA 	Keypress: 5
276.7996 	DATA 	TR 187 | TR1 94 | TR2 93
278.2827 	DATA 	Keypress: 5
278.2831 	DATA 	TR 188 | TR1 94 | TR2 94
279.7790 	DATA 	Keypress: 5
279.7794 	DATA 	TR 189 | TR1 95 | TR2 94
281.2668 	DATA 	Keypress: 5
281.2672 	DATA 	TR 190 | TR1 95 | TR2 95
282.7486 	DATA 	Keypress: 5
282.7490 	DATA 	TR 191 | TR1 96 | TR2 95
284.2307 	DATA 	Keypress: 5
284.2311 	DATA 	TR 192 | TR1 96 | TR2 96
285.7304 	DATA 	Keypress: 5
285.7307 	DATA 	TR 193 | TR1 97 | TR2 96
287.2177 	DATA 	Keypress: 5
287.2182 	DATA 	TR 194 | TR1 97 | TR2 97
288.7146 	DATA 	Keypress: 5
288.7151 	DATA 	TR 195 | TR1 98 | TR2 97
289.8452 	DATA 	
289.8452 	DATA 	Trial complete
289.8452 	DATA 	Waiting for VASO trigger to start next trial
289.8452 	DATA 	
290.1798 	DATA 	Keypress: 5
290.1802 	DATA 	TR 196 | TR1 98 | TR2 98
291.6808 	DATA 	Keypress: 5
291.6822 	DATA 	
291.6822 	DATA 	Trial 10
291.6822 	DATA 	stimDur = 12.0
291.6822 	DATA 	jitter = 2.5
291.6822 	DATA 	restDur = 20.0

291.6822 	DATA 	
291.6822 	DATA 	TR 197 | TR1 99 | TR2 98
293.1659 	DATA 	Keypress: 5
293.1663 	DATA 	TR 198 | TR1 99 | TR2 99
294.1946 	DATA 	
294.1946 	DATA 	stimulation started
294.1947 	DATA 	
294.6629 	DATA 	Keypress: 5
294.6633 	DATA 	TR 199 | TR1 100 | TR2 99
296.1319 	DATA 	Keypress: 5
296.1479 	DATA 	TR 200 | TR1 100 | TR2 100
297.6318 	DATA 	Keypress: 5
297.6322 	DATA 	TR 201 | TR1 101 | TR2 100
299.1121 	DATA 	Keypress: 5
299.1124 	DATA 	TR 202 | TR1 101 | TR2 101
300.6156 	DATA 	Keypress: 5
300.6160 	DATA 	TR 203 | TR1 102 | TR2 101
302.1013 	DATA 	Keypress: 5
302.1017 	DATA 	TR 204 | TR1 102 | TR2 102
303.5843 	DATA 	Keypress: 5
303.6003 	DATA 	TR 205 | TR1 103 | TR2 102
305.0629 	DATA 	Keypress: 5
305.0633 	DATA 	TR 206 | TR1 103 | TR2 103
306.1822 	DATA 	
306.1822 	DATA 	stimulation stopped
306.1823 	DATA 	
306.5640 	DATA 	Keypress: 5
306.5644 	DATA 	TR 207 | TR1 104 | TR2 103
308.0487 	DATA 	Keypress: 5
308.0491 	DATA 	TR 208 | TR1 104 | TR2 104
309.5472 	DATA 	Keypress: 5
309.5476 	DATA 	TR 209 | TR1 105 | TR2 104
311.0152 	DATA 	Keypress: 5
311.0155 	DATA 	TR 210 | TR1 105 | TR2 105
312.5152 	DATA 	Keypress: 5
312.5155 	DATA 	TR 211 | TR1 106 | TR2 105
313.9956 	DATA 	Keypress: 5
313.9959 	DATA 	TR 212 | TR1 106 | TR2 106
315.4975 	DATA 	Keypress: 5
315.4979 	DATA 	TR 213 | TR1 107 | TR2 106
316.9671 	DATA 	Keypress: 5
316.9675 	DATA 	TR 214 | TR1 107 | TR2 107
318.4661 	DATA 	Keypress: 5
318.4664 	DATA 	TR 215 | TR1 108 | TR2 107
319.6792 	DATA 	Target presented
319.9463 	DATA 	Keypress: 5
319.9467 	DATA 	TR 216 | TR1 108 | TR2 108
320.8827 	DATA 	Keypress: 1
320.8834 	DATA 	Key1 pressed
320.8835 	DATA 	Target detected
321.4506 	DATA 	Keypress: 5
321.4510 	DATA 	TR 217 | TR1 109 | TR2 108
322.9188 	DATA 	Keypress: 5
322.9349 	DATA 	TR 218 | TR1 109 | TR2 109
324.4307 	DATA 	Keypress: 5
324.4311 	DATA 	TR 219 | TR1 110 | TR2 109
325.8974 	DATA 	Keypress: 5
325.8978 	DATA 	TR 220 | TR1 110 | TR2 110
326.1827 	DATA 	
326.1827 	DATA 	Trial complete
326.1827 	DATA 	Waiting for VASO trigger to start next trial
326.1827 	DATA 	
327.3984 	DATA 	Keypress: 5
327.3997 	DATA 	
327.3997 	DATA 	Trial 11
327.3998 	DATA 	stimDur = 2.0
327.3998 	DATA 	jitter = 2.5
327.3998 	DATA 	restDur = 14.0

327.3998 	DATA 	
327.3998 	DATA 	TR 221 | TR1 111 | TR2 110
328.8795 	DATA 	Keypress: 5
328.8799 	DATA 	TR 222 | TR1 111 | TR2 111
329.9125 	DATA 	
329.9126 	DATA 	stimulation started
329.9126 	DATA 	
330.3812 	DATA 	Keypress: 5
330.3816 	DATA 	TR 223 | TR1 112 | TR2 111
331.8485 	DATA 	Keypress: 5
331.8489 	DATA 	TR 224 | TR1 112 | TR2 112
331.9144 	DATA 	
331.9144 	DATA 	stimulation stopped
331.9144 	DATA 	
333.3494 	DATA 	Keypress: 5
333.3498 	DATA 	TR 225 | TR1 113 | TR2 112
334.8297 	DATA 	Keypress: 5
334.8300 	DATA 	TR 226 | TR1 113 | TR2 113
336.3321 	DATA 	Keypress: 5
336.3325 	DATA 	TR 227 | TR1 114 | TR2 113
337.8014 	DATA 	Keypress: 5
337.8018 	DATA 	TR 228 | TR1 114 | TR2 114
339.2998 	DATA 	Keypress: 5
339.3137 	DATA 	TR 229 | TR1 115 | TR2 114
340.7807 	DATA 	Keypress: 5
340.7811 	DATA 	TR 230 | TR1 115 | TR2 115
342.2826 	DATA 	Keypress: 5
342.2830 	DATA 	TR 231 | TR1 116 | TR2 115
343.7697 	DATA 	Keypress: 5
343.7701 	DATA 	TR 232 | TR1 116 | TR2 116
345.2650 	DATA 	Keypress: 5
345.2654 	DATA 	TR 233 | TR1 117 | TR2 116
345.8992 	DATA 	
345.8992 	DATA 	Trial complete
345.8992 	DATA 	Waiting for VASO trigger to start next trial
345.8992 	DATA 	
346.7319 	DATA 	Keypress: 5
346.7323 	DATA 	TR 234 | TR1 117 | TR2 117
348.2328 	DATA 	Keypress: 5
348.2341 	DATA 	
348.2341 	DATA 	Trial 12
348.2341 	DATA 	stimDur = 24.0
348.2341 	DATA 	jitter = 1.5
348.2341 	DATA 	restDur = 24.0

348.2341 	DATA 	
348.2341 	DATA 	TR 235 | TR1 118 | TR2 117
349.7143 	DATA 	Keypress: 5
349.7146 	DATA 	TR 236 | TR1 118 | TR2 118
349.7452 	DATA 	
349.7452 	DATA 	stimulation started
349.7452 	DATA 	
351.2159 	DATA 	Keypress: 5
351.2163 	DATA 	TR 237 | TR1 119 | TR2 118
352.6828 	DATA 	Keypress: 5
352.6832 	DATA 	TR 238 | TR1 119 | TR2 119
354.1815 	DATA 	Keypress: 5
354.1972 	DATA 	TR 239 | TR1 120 | TR2 119
355.6642 	DATA 	Keypress: 5
355.6645 	DATA 	TR 240 | TR1 120 | TR2 120
357.1663 	DATA 	Keypress: 5
357.1667 	DATA 	TR 241 | TR1 121 | TR2 120
358.6354 	DATA 	Keypress: 5
358.6513 	DATA 	TR 242 | TR1 121 | TR2 121
360.1505 	DATA 	Keypress: 5
360.1509 	DATA 	TR 243 | TR1 122 | TR2 121
361.6150 	DATA 	Keypress: 5
361.6153 	DATA 	TR 244 | TR1 122 | TR2 122
363.1169 	DATA 	Keypress: 5
363.1173 	DATA 	TR 245 | TR1 123 | TR2 122
364.5964 	DATA 	Keypress: 5
364.5967 	DATA 	TR 246 | TR1 123 | TR2 123
366.0994 	DATA 	Keypress: 5
366.0999 	DATA 	TR 247 | TR1 124 | TR2 123
367.5662 	DATA 	Keypress: 5
367.5666 	DATA 	TR 248 | TR1 124 | TR2 124
369.0633 	DATA 	Keypress: 5
369.0636 	DATA 	TR 249 | TR1 125 | TR2 124
370.5487 	DATA 	Keypress: 5
370.5491 	DATA 	TR 250 | TR1 125 | TR2 125
372.0496 	DATA 	Keypress: 5
372.0501 	DATA 	TR 251 | TR1 126 | TR2 125
373.5175 	DATA 	Keypress: 5
373.5178 	DATA 	TR 252 | TR1 126 | TR2 126
373.7360 	DATA 	
373.7360 	DATA 	stimulation stopped
373.7360 	DATA 	
375.0164 	DATA 	Keypress: 5
375.0167 	DATA 	TR 253 | TR1 127 | TR2 126
376.4991 	DATA 	Keypress: 5
376.4995 	DATA 	TR 254 | TR1 127 | TR2 127
377.9997 	DATA 	Keypress: 5
378.0001 	DATA 	TR 255 | TR1 128 | TR2 127
379.4797 	DATA 	Keypress: 5
379.4800 	DATA 	TR 256 | TR1 128 | TR2 128
380.9687 	DATA 	Keypress: 5
380.9826 	DATA 	TR 257 | TR1 129 | TR2 128
382.4496 	DATA 	Keypress: 5
382.4500 	DATA 	TR 258 | TR1 129 | TR2 129
383.9475 	DATA 	Keypress: 5
383.9479 	DATA 	TR 259 | TR1 130 | TR2 129
385.4321 	DATA 	Keypress: 5
385.4325 	DATA 	TR 260 | TR1 130 | TR2 130
386.9324 	DATA 	Keypress: 5
386.9328 	DATA 	TR 261 | TR1 131 | TR2 130
388.4003 	DATA 	Keypress: 5
388.4007 	DATA 	TR 262 | TR1 131 | TR2 131
389.8993 	DATA 	Keypress: 5
389.8997 	DATA 	TR 263 | TR1 132 | TR2 131
391.3828 	DATA 	Keypress: 5
391.3831 	DATA 	TR 264 | TR1 132 | TR2 132
392.8865 	DATA 	Keypress: 5
392.8869 	DATA 	TR 265 | TR1 133 | TR2 132
394.3668 	DATA 	Keypress: 5
394.3672 	DATA 	TR 266 | TR1 133 | TR2 133
394.9658 	DATA 	Target presented
395.6820 	DATA 	Keypress: 1
395.6828 	DATA 	Key1 pressed
395.6828 	DATA 	Target detected
395.8501 	DATA 	Keypress: 5
395.8644 	DATA 	TR 267 | TR1 134 | TR2 133
397.3330 	DATA 	Keypress: 5
397.3334 	DATA 	TR 268 | TR1 134 | TR2 134
397.7335 	DATA 	
397.7335 	DATA 	Trial complete
397.7335 	DATA 	Waiting for VASO trigger to start next trial
397.7336 	DATA 	
398.8369 	DATA 	Keypress: 5
398.8383 	DATA 	
398.8383 	DATA 	Trial 13
398.8383 	DATA 	stimDur = 24.0
398.8384 	DATA 	jitter = 2.5
398.8384 	DATA 	restDur = 24.0

398.8384 	DATA 	
398.8384 	DATA 	TR 269 | TR1 135 | TR2 134
400.3152 	DATA 	Keypress: 5
400.3155 	DATA 	TR 270 | TR1 135 | TR2 135
401.3503 	DATA 	
401.3503 	DATA 	stimulation started
401.3504 	DATA 	
401.8192 	DATA 	Keypress: 5
401.8196 	DATA 	TR 271 | TR1 136 | TR2 135
403.2837 	DATA 	Keypress: 5
403.2841 	DATA 	TR 272 | TR1 136 | TR2 136
404.7809 	DATA 	Keypress: 5
404.7813 	DATA 	TR 273 | TR1 137 | TR2 136
406.2664 	DATA 	Keypress: 5
406.2668 	DATA 	TR 274 | TR1 137 | TR2 137
407.7674 	DATA 	Keypress: 5
407.7678 	DATA 	TR 275 | TR1 138 | TR2 137
409.2499 	DATA 	Keypress: 5
409.2503 	DATA 	TR 276 | TR1 138 | TR2 138
410.7329 	DATA 	Keypress: 5
410.7332 	DATA 	TR 277 | TR1 139 | TR2 138
412.2174 	DATA 	Keypress: 5
412.2178 	DATA 	TR 278 | TR1 139 | TR2 139
413.7188 	DATA 	Keypress: 5
413.7192 	DATA 	TR 279 | TR1 140 | TR2 139
415.2012 	DATA 	Keypress: 5
415.2016 	DATA 	TR 280 | TR1 140 | TR2 140
416.6846 	DATA 	Keypress: 5
416.7004 	DATA 	TR 281 | TR1 141 | TR2 140
418.1674 	DATA 	Keypress: 5
418.1678 	DATA 	TR 282 | TR1 141 | TR2 141
419.6642 	DATA 	Keypress: 5
419.6646 	DATA 	TR 283 | TR1 142 | TR2 141
421.1518 	DATA 	Keypress: 5
421.1523 	DATA 	TR 284 | TR1 142 | TR2 142
422.6532 	DATA 	Keypress: 5
422.6536 	DATA 	TR 285 | TR1 143 | TR2 142
424.1143 	DATA 	Keypress: 5
424.1147 	DATA 	TR 286 | TR1 143 | TR2 143
425.3477 	DATA 	
425.3478 	DATA 	stimulation stopped
425.3478 	DATA 	
425.6149 	DATA 	Keypress: 5
425.6151 	DATA 	TR 287 | TR1 144 | TR2 143
427.1034 	DATA 	Keypress: 5
427.1039 	DATA 	TR 288 | TR1 144 | TR2 144
428.6028 	DATA 	Keypress: 5
428.6033 	DATA 	TR 289 | TR1 145 | TR2 144
430.0673 	DATA 	Keypress: 5
430.0677 	DATA 	TR 290 | TR1 145 | TR2 145
431.5664 	DATA 	Keypress: 5
431.5668 	DATA 	TR 291 | TR1 146 | TR2 145
433.0505 	DATA 	Keypress: 5
433.0509 	DATA 	TR 292 | TR1 146 | TR2 146
434.5507 	DATA 	Keypress: 5
434.5513 	DATA 	TR 293 | TR1 147 | TR2 146
436.0360 	DATA 	Keypress: 5
436.0364 	DATA 	TR 294 | TR1 147 | TR2 147
437.5187 	DATA 	Keypress: 5
437.5346 	DATA 	TR 295 | TR1 148 | TR2 147
439.0023 	DATA 	Keypress: 5
439.0027 	DATA 	TR 296 | TR1 148 | TR2 148
439.2808 	DATA 	Target presented
440.1650 	DATA 	Keypress: 1
440.1657 	DATA 	Key1 pressed
440.1657 	DATA 	Target detected
440.4985 	DATA 	Keypress: 5
440.4989 	DATA 	TR 297 | TR1 149 | TR2 148
441.9847 	DATA 	Keypress: 5
441.9851 	DATA 	TR 298 | TR1 149 | TR2 149
443.4716 	DATA 	Keypress: 5
443.4855 	DATA 	TR 299 | TR1 150 | TR2 149
444.9507 	DATA 	Keypress: 5
444.9511 	DATA 	TR 300 | TR1 150 | TR2 150
446.4497 	DATA 	Keypress: 5
446.4500 	DATA 	TR 301 | TR1 151 | TR2 150
447.9354 	DATA 	Keypress: 5
447.9358 	DATA 	TR 302 | TR1 151 | TR2 151
449.3496 	DATA 	
449.3496 	DATA 	Trial complete
449.3496 	DATA 	Waiting for VASO trigger to start next trial
449.3496 	DATA 	
449.4317 	DATA 	Keypress: 5
449.4330 	DATA 	
449.4330 	DATA 	Trial 14
449.4330 	DATA 	stimDur = 12.0
449.4330 	DATA 	jitter = 0.5
449.4330 	DATA 	restDur = 20.0

449.4330 	DATA 	
449.4330 	DATA 	TR 303 | TR1 152 | TR2 151
449.9333 	DATA 	
449.9333 	DATA 	stimulation started
449.9333 	DATA 	
450.9013 	DATA 	Keypress: 5
450.9154 	DATA 	TR 304 | TR1 152 | TR2 152
452.4009 	DATA 	Keypress: 5
452.4013 	DATA 	TR 305 | TR1 153 | TR2 152
453.8851 	DATA 	Keypress: 5
453.8854 	DATA 	TR 306 | TR1 153 | TR2 153
455.3819 	DATA 	Keypress: 5
455.3822 	DATA 	TR 307 | TR1 154 | TR2 153
456.8544 	DATA 	Keypress: 5
456.8663 	DATA 	TR 308 | TR1 154 | TR2 154
458.3532 	DATA 	Keypress: 5
458.3691 	DATA 	TR 309 | TR1 155 | TR2 154
459.8326 	DATA 	Keypress: 5
459.8329 	DATA 	TR 310 | TR1 155 | TR2 155
461.3330 	DATA 	Keypress: 5
461.3334 	DATA 	TR 311 | TR1 156 | TR2 155
461.9331 	DATA 	
461.9331 	DATA 	stimulation stopped
461.9332 	DATA 	
462.8188 	DATA 	Keypress: 5
462.8192 	DATA 	TR 312 | TR1 156 | TR2 156
464.3159 	DATA 	Keypress: 5
464.3164 	DATA 	TR 313 | TR1 157 | TR2 156
465.7832 	DATA 	Keypress: 5
465.7836 	DATA 	TR 314 | TR1 157 | TR2 157
467.2835 	DATA 	Keypress: 5
467.2838 	DATA 	TR 315 | TR1 158 | TR2 157
468.7691 	DATA 	Keypress: 5
468.7695 	DATA 	TR 316 | TR1 158 | TR2 158
470.2665 	DATA 	Keypress: 5
470.2669 	DATA 	TR 317 | TR1 159 | TR2 158
471.7362 	DATA 	Keypress: 5
471.7498 	DATA 	TR 318 | TR1 159 | TR2 159
473.2351 	DATA 	Keypress: 5
473.2355 	DATA 	TR 319 | TR1 160 | TR2 159
474.7150 	DATA 	Keypress: 5
474.7153 	DATA 	TR 320 | TR1 160 | TR2 160
476.2167 	DATA 	Keypress: 5
476.2170 	DATA 	TR 321 | TR1 161 | TR2 160
477.6885 	DATA 	Keypress: 5
477.7006 	DATA 	TR 322 | TR1 161 | TR2 161
479.1879 	DATA 	Keypress: 5
479.1883 	DATA 	TR 323 | TR1 162 | TR2 161
480.6661 	DATA 	Keypress: 5
480.6665 	DATA 	TR 324 | TR1 162 | TR2 162
481.9335 	DATA 	
481.9335 	DATA 	Trial complete
481.9336 	DATA 	Waiting for VASO trigger to start next trial
481.9336 	DATA 	
482.1675 	DATA 	Keypress: 5
482.1688 	DATA 	
482.1688 	DATA 	Trial 15
482.1689 	DATA 	stimDur = 4.0
482.1689 	DATA 	jitter = 2.5
482.1689 	DATA 	restDur = 16.0

482.1689 	DATA 	
482.1689 	DATA 	TR 325 | TR1 163 | TR2 162
483.6529 	DATA 	Keypress: 5
483.6533 	DATA 	TR 326 | TR1 163 | TR2 163
484.6822 	DATA 	
484.6823 	DATA 	stimulation started
484.6823 	DATA 	
485.1504 	DATA 	Keypress: 5
485.1509 	DATA 	TR 327 | TR1 164 | TR2 163
486.6175 	DATA 	Keypress: 5
486.6178 	DATA 	TR 328 | TR1 164 | TR2 164
488.1184 	DATA 	Keypress: 5
488.1188 	DATA 	TR 329 | TR1 165 | TR2 164
488.6684 	DATA 	
488.6684 	DATA 	stimulation stopped
488.6684 	DATA 	
489.5983 	DATA 	Keypress: 5
489.5986 	DATA 	TR 330 | TR1 165 | TR2 165
491.1006 	DATA 	Keypress: 5
491.1010 	DATA 	TR 331 | TR1 166 | TR2 165
491.2852 	DATA 	Target presented
492.1342 	DATA 	Keypress: 1
492.1349 	DATA 	Key1 pressed
492.1349 	DATA 	Target detected
492.3007 	DATA 	Keypress: 1
492.3014 	DATA 	Key1 pressed
492.5699 	DATA 	Keypress: 5
492.5702 	DATA 	TR 332 | TR1 166 | TR2 166
494.0683 	DATA 	Keypress: 5
494.0687 	DATA 	TR 333 | TR1 167 | TR2 166
495.5495 	DATA 	Keypress: 5
495.5498 	DATA 	TR 334 | TR1 167 | TR2 167
497.0507 	DATA 	Keypress: 5
497.0510 	DATA 	TR 335 | TR1 168 | TR2 167
498.5386 	DATA 	Keypress: 5
498.5390 	DATA 	TR 336 | TR1 168 | TR2 168
500.0357 	DATA 	Keypress: 5
500.0362 	DATA 	TR 337 | TR1 169 | TR2 168
501.5003 	DATA 	Keypress: 5
501.5006 	DATA 	TR 338 | TR1 169 | TR2 169
503.0018 	DATA 	Keypress: 5
503.0022 	DATA 	TR 339 | TR1 170 | TR2 169
504.4828 	DATA 	Keypress: 5
504.4832 	DATA 	TR 340 | TR1 170 | TR2 170
504.6818 	DATA 	
504.6819 	DATA 	Trial complete
504.6819 	DATA 	Waiting for VASO trigger to start next trial
504.6819 	DATA 	
505.9848 	DATA 	Keypress: 5
505.9863 	DATA 	
505.9863 	DATA 	Trial 16
505.9863 	DATA 	stimDur = 4.0
505.9863 	DATA 	jitter = 0.0
505.9863 	DATA 	restDur = 16.0

505.9863 	DATA 	
505.9863 	DATA 	TR 341 | TR1 171 | TR2 170
505.9863 	DATA 	
505.9864 	DATA 	stimulation started
505.9864 	DATA 	
507.4517 	DATA 	Keypress: 5
507.4521 	DATA 	TR 342 | TR1 171 | TR2 171
508.9524 	DATA 	Keypress: 5
508.9527 	DATA 	TR 343 | TR1 172 | TR2 171
509.9989 	DATA 	
509.9989 	DATA 	stimulation stopped
509.9989 	DATA 	
510.4330 	DATA 	Keypress: 5
510.4334 	DATA 	TR 344 | TR1 172 | TR2 172
511.9349 	DATA 	Keypress: 5
511.9353 	DATA 	TR 345 | TR1 173 | TR2 172
513.4046 	DATA 	Keypress: 5
513.4050 	DATA 	TR 346 | TR1 173 | TR2 173
514.9029 	DATA 	Keypress: 5
514.9153 	DATA 	TR 347 | TR1 174 | TR2 173
516.3840 	DATA 	Keypress: 5
516.3844 	DATA 	TR 348 | TR1 174 | TR2 174
517.8850 	DATA 	Keypress: 5
517.8853 	DATA 	TR 349 | TR1 175 | TR2 174
519.3571 	DATA 	Keypress: 5
519.3693 	DATA 	TR 350 | TR1 175 | TR2 175
520.8678 	DATA 	Keypress: 5
520.8682 	DATA 	TR 351 | TR1 176 | TR2 175
522.3348 	DATA 	Keypress: 5
522.3352 	DATA 	TR 352 | TR1 176 | TR2 176
523.8361 	DATA 	Keypress: 5
523.8364 	DATA 	TR 353 | TR1 177 | TR2 176
525.3175 	DATA 	Keypress: 5
525.3179 	DATA 	TR 354 | TR1 177 | TR2 177
526.0001 	DATA 	
526.0001 	DATA 	Trial complete
526.0002 	DATA 	Waiting for VASO trigger to start next trial
526.0002 	DATA 	
526.8211 	DATA 	Keypress: 5
526.8225 	DATA 	
526.8225 	DATA 	Trial 17
526.8226 	DATA 	stimDur = 24.0
526.8226 	DATA 	jitter = 0.5
526.8226 	DATA 	restDur = 24.0

526.8226 	DATA 	
526.8226 	DATA 	TR 355 | TR1 178 | TR2 177
527.3344 	DATA 	
527.3344 	DATA 	stimulation started
527.3345 	DATA 	
528.2883 	DATA 	Keypress: 5
528.2887 	DATA 	TR 356 | TR1 178 | TR2 178
529.8023 	DATA 	Keypress: 5
529.8026 	DATA 	TR 357 | TR1 179 | TR2 178
531.2665 	DATA 	Keypress: 5
531.2668 	DATA 	TR 358 | TR1 179 | TR2 179
532.7689 	DATA 	Keypress: 5
532.7693 	DATA 	TR 359 | TR1 180 | TR2 179
534.2385 	DATA 	Keypress: 5
534.2543 	DATA 	TR 360 | TR1 180 | TR2 180
535.7377 	DATA 	Keypress: 5
535.7380 	DATA 	TR 361 | TR1 181 | TR2 180
537.2182 	DATA 	Keypress: 5
537.2186 	DATA 	TR 362 | TR1 181 | TR2 181
538.7199 	DATA 	Keypress: 5
538.7202 	DATA 	TR 363 | TR1 182 | TR2 181
540.2010 	DATA 	Keypress: 5
540.2014 	DATA 	TR 364 | TR1 182 | TR2 182
541.7023 	DATA 	Keypress: 5
541.7027 	DATA 	TR 365 | TR1 183 | TR2 182
543.1692 	DATA 	Keypress: 5
543.1695 	DATA 	TR 366 | TR1 183 | TR2 183
544.6664 	DATA 	Keypress: 5
544.6668 	DATA 	TR 367 | TR1 184 | TR2 183
545.2499 	DATA 	Target presented
546.0173 	DATA 	Keypress: 1
546.0180 	DATA 	Key1 pressed
546.0180 	DATA 	Target detected
546.1503 	DATA 	Keypress: 5
546.1507 	DATA 	TR 368 | TR1 184 | TR2 184
547.6531 	DATA 	Keypress: 5
547.6535 	DATA 	TR 369 | TR1 185 | TR2 184
549.1205 	DATA 	Keypress: 5
549.1209 	DATA 	TR 370 | TR1 185 | TR2 185
550.6192 	DATA 	Keypress: 5
550.6347 	DATA 	TR 371 | TR1 186 | TR2 185
551.3340 	DATA 	
551.3340 	DATA 	stimulation stopped
551.3340 	DATA 	
552.1048 	DATA 	Keypress: 5
552.1052 	DATA 	TR 372 | TR1 186 | TR2 186
553.6035 	DATA 	Keypress: 5
553.6039 	DATA 	TR 373 | TR1 187 | TR2 186
555.0847 	DATA 	Keypress: 5
555.0851 	DATA 	TR 374 | TR1 187 | TR2 187
556.5717 	DATA 	Keypress: 5
556.5843 	DATA 	TR 375 | TR1 188 | TR2 187
558.0526 	DATA 	Keypress: 5
558.0530 	DATA 	TR 376 | TR1 188 | TR2 188
559.5539 	DATA 	Keypress: 5
559.5543 	DATA 	TR 377 | TR1 189 | TR2 188
561.0380 	DATA 	Keypress: 5
561.0384 	DATA 	TR 378 | TR1 189 | TR2 189
562.5370 	DATA 	Keypress: 5
562.5375 	DATA 	TR 379 | TR1 190 | TR2 189
564.0040 	DATA 	Keypress: 5
564.0044 	DATA 	TR 380 | TR1 190 | TR2 190
565.5007 	DATA 	Keypress: 5
565.5010 	DATA 	TR 381 | TR1 191 | TR2 190
566.9855 	DATA 	Keypress: 5
566.9859 	DATA 	TR 382 | TR1 191 | TR2 191
568.4876 	DATA 	Keypress: 5
568.4880 	DATA 	TR 383 | TR1 192 | TR2 191
569.9682 	DATA 	Keypress: 5
569.9685 	DATA 	TR 384 | TR1 192 | TR2 192
571.4540 	DATA 	Keypress: 5
571.4544 	DATA 	TR 385 | TR1 193 | TR2 192
572.9366 	DATA 	Keypress: 5
572.9370 	DATA 	TR 386 | TR1 193 | TR2 193
574.4383 	DATA 	Keypress: 5
574.4387 	DATA 	TR 387 | TR1 194 | TR2 193
575.3349 	DATA 	
575.3349 	DATA 	Trial complete
575.3349 	DATA 	Waiting for VASO trigger to start next trial
575.3349 	DATA 	
575.9209 	DATA 	Keypress: 5
575.9214 	DATA 	TR 388 | TR1 194 | TR2 194
577.4218 	DATA 	Keypress: 5
577.4231 	DATA 	
577.4231 	DATA 	Trial 18
577.4232 	DATA 	stimDur = 2.0
577.4232 	DATA 	jitter = 1.5
577.4232 	DATA 	restDur = 14.0

577.4232 	DATA 	
577.4232 	DATA 	TR 389 | TR1 195 | TR2 194
578.8867 	DATA 	Keypress: 5
578.8871 	DATA 	TR 390 | TR1 195 | TR2 195
578.9385 	DATA 	
578.9385 	DATA 	stimulation started
578.9385 	DATA 	
580.3840 	DATA 	Keypress: 5
580.3843 	DATA 	TR 391 | TR1 196 | TR2 195
580.9343 	DATA 	
580.9344 	DATA 	stimulation stopped
580.9344 	DATA 	
581.8697 	DATA 	Keypress: 5
581.8701 	DATA 	TR 392 | TR1 196 | TR2 196
583.3711 	DATA 	Keypress: 5
583.3715 	DATA 	TR 393 | TR1 197 | TR2 196
584.8524 	DATA 	Keypress: 5
584.8527 	DATA 	TR 394 | TR1 197 | TR2 197
586.3372 	DATA 	Keypress: 5
586.3376 	DATA 	TR 395 | TR1 198 | TR2 197
587.8202 	DATA 	Keypress: 5
587.8206 	DATA 	TR 396 | TR1 198 | TR2 198
589.3241 	DATA 	Keypress: 5
589.3246 	DATA 	TR 397 | TR1 199 | TR2 198
590.8025 	DATA 	Keypress: 5
590.8030 	DATA 	TR 398 | TR1 199 | TR2 199
592.2882 	DATA 	Keypress: 5
592.2886 	DATA 	TR 399 | TR1 200 | TR2 199
593.7704 	DATA 	Keypress: 5
593.7708 	DATA 	TR 400 | TR1 200 | TR2 200
594.9356 	DATA 	
594.9356 	DATA 	Trial complete
594.9357 	DATA 	Waiting for VASO trigger to start next trial
594.9357 	DATA 	
595.2675 	DATA 	Keypress: 5
595.2688 	DATA 	
595.2688 	DATA 	Trial 19
595.2688 	DATA 	stimDur = 2.0
595.2688 	DATA 	jitter = 1.0
595.2688 	DATA 	restDur = 14.0

595.2688 	DATA 	
595.2688 	DATA 	TR 401 | TR1 201 | TR2 200
596.2701 	DATA 	
596.2701 	DATA 	stimulation started
596.2701 	DATA 	
596.7534 	DATA 	Keypress: 5
596.7539 	DATA 	TR 402 | TR1 201 | TR2 201
598.2566 	DATA 	Keypress: 5
598.2570 	DATA 	TR 403 | TR1 202 | TR2 201
598.2694 	DATA 	
598.2694 	DATA 	stimulation stopped
598.2694 	DATA 	
599.7217 	DATA 	Keypress: 5
599.7221 	DATA 	TR 404 | TR1 202 | TR2 202
601.2184 	DATA 	Keypress: 5
601.2188 	DATA 	TR 405 | TR1 203 | TR2 202
602.7035 	DATA 	Keypress: 5
602.7039 	DATA 	TR 406 | TR1 203 | TR2 203
604.2052 	DATA 	Keypress: 5
604.2055 	DATA 	TR 407 | TR1 204 | TR2 203
605.6700 	DATA 	Keypress: 5
605.6704 	DATA 	TR 408 | TR1 204 | TR2 204
607.1713 	DATA 	Keypress: 5
607.1716 	DATA 	TR 409 | TR1 205 | TR2 204
608.6542 	DATA 	Keypress: 5
608.6546 	DATA 	TR 410 | TR1 205 | TR2 205
610.1530 	DATA 	Keypress: 5
610.1534 	DATA 	TR 411 | TR1 206 | TR2 205
611.6388 	DATA 	Keypress: 5
611.6392 	DATA 	TR 412 | TR1 206 | TR2 206
612.2692 	DATA 	
612.2692 	DATA 	Trial complete
612.2692 	DATA 	Waiting for VASO trigger to start next trial
612.2692 	DATA 	
612.9698 	DATA 	Target presented
613.1224 	DATA 	Keypress: 5
613.1238 	DATA 	
613.1238 	DATA 	Trial 20
613.1238 	DATA 	stimDur = 4.0
613.1238 	DATA 	jitter = 0.5
613.1238 	DATA 	restDur = 16.0

613.1238 	DATA 	
613.1238 	DATA 	TR 413 | TR1 207 | TR2 206
613.6389 	DATA 	
613.6389 	DATA 	stimulation started
613.6390 	DATA 	
613.9397 	DATA 	Keypress: 1
613.9551 	DATA 	Key1 pressed
613.9551 	DATA 	Target detected
614.6048 	DATA 	Keypress: 5
614.6052 	DATA 	TR 414 | TR1 207 | TR2 207
616.1016 	DATA 	Keypress: 5
616.1019 	DATA 	TR 415 | TR1 208 | TR2 207
617.5878 	DATA 	Keypress: 5
617.5882 	DATA 	TR 416 | TR1 208 | TR2 208
617.6379 	DATA 	
617.6380 	DATA 	stimulation stopped
617.6380 	DATA 	
619.0905 	DATA 	Keypress: 5
619.0909 	DATA 	TR 417 | TR1 209 | TR2 208
620.5521 	DATA 	Keypress: 5
620.5524 	DATA 	TR 418 | TR1 209 | TR2 209
622.0553 	DATA 	Keypress: 5
622.0557 	DATA 	TR 419 | TR1 210 | TR2 209
623.5385 	DATA 	Keypress: 5
623.5389 	DATA 	TR 420 | TR1 210 | TR2 210
625.0350 	DATA 	Keypress: 5
625.0354 	DATA 	TR 421 | TR1 211 | TR2 210
626.5039 	DATA 	Keypress: 5
626.5042 	DATA 	TR 422 | TR1 211 | TR2 211
628.0039 	DATA 	Keypress: 5
628.0043 	DATA 	TR 423 | TR1 212 | TR2 211
629.4889 	DATA 	Keypress: 5
629.4893 	DATA 	TR 424 | TR1 212 | TR2 212
630.9856 	DATA 	Keypress: 5
630.9859 	DATA 	TR 425 | TR1 213 | TR2 212
632.4572 	DATA 	Keypress: 5
632.4709 	DATA 	TR 426 | TR1 213 | TR2 213
633.6399 	DATA 	
633.6399 	DATA 	Trial complete
633.6400 	DATA 	Waiting for VASO trigger to start next trial
633.6400 	DATA 	
633.9564 	DATA 	Keypress: 5
633.9732 	DATA 	
633.9733 	DATA 	Trial 21
633.9733 	DATA 	stimDur = 4.0
633.9733 	DATA 	jitter = 1.5
633.9733 	DATA 	restDur = 16.0

633.9733 	DATA 	
633.9733 	DATA 	TR 427 | TR1 214 | TR2 213
635.4371 	DATA 	Keypress: 5
635.4374 	DATA 	TR 428 | TR1 214 | TR2 214
635.4845 	DATA 	
635.4845 	DATA 	stimulation started
635.4845 	DATA 	
636.9361 	DATA 	Keypress: 5
636.9365 	DATA 	TR 429 | TR1 215 | TR2 214
638.4218 	DATA 	Keypress: 5
638.4222 	DATA 	TR 430 | TR1 215 | TR2 215
639.4879 	DATA 	
639.4879 	DATA 	stimulation stopped
639.4879 	DATA 	
639.9251 	DATA 	Keypress: 5
639.9255 	DATA 	TR 431 | TR1 216 | TR2 215
641.3872 	DATA 	Keypress: 5
641.3875 	DATA 	TR 432 | TR1 216 | TR2 216
642.8893 	DATA 	Keypress: 5
642.8896 	DATA 	TR 433 | TR1 217 | TR2 216
644.3722 	DATA 	Keypress: 5
644.3726 	DATA 	TR 434 | TR1 217 | TR2 217
645.8708 	DATA 	Keypress: 5
645.8711 	DATA 	TR 435 | TR1 218 | TR2 217
647.3389 	DATA 	Keypress: 5
647.3546 	DATA 	TR 436 | TR1 218 | TR2 218
648.8401 	DATA 	Keypress: 5
648.8404 	DATA 	TR 437 | TR1 219 | TR2 218
650.3202 	DATA 	Keypress: 5
650.3206 	DATA 	TR 438 | TR1 219 | TR2 219
651.8217 	DATA 	Keypress: 5
651.8221 	DATA 	TR 439 | TR1 220 | TR2 219
653.3057 	DATA 	Keypress: 5
653.3061 	DATA 	TR 440 | TR1 220 | TR2 220
654.7910 	DATA 	Keypress: 5
654.7914 	DATA 	TR 441 | TR1 221 | TR2 220
655.4870 	DATA 	
655.4871 	DATA 	Trial complete
655.4871 	DATA 	Waiting for VASO trigger to start next trial
655.4871 	DATA 	
656.2692 	DATA 	Keypress: 5
656.2696 	DATA 	TR 442 | TR1 221 | TR2 221
657.7707 	DATA 	Keypress: 5
657.7720 	DATA 	
657.7720 	DATA 	Trial 22
657.7720 	DATA 	stimDur = 4.0
657.7721 	DATA 	jitter = 2.0
657.7721 	DATA 	restDur = 16.0

657.7721 	DATA 	
657.7721 	DATA 	TR 443 | TR1 222 | TR2 221
659.2577 	DATA 	Keypress: 5
659.2582 	DATA 	TR 444 | TR1 222 | TR2 222
659.7721 	DATA 	
659.7722 	DATA 	stimulation started
659.7722 	DATA 	
660.7536 	DATA 	Keypress: 5
660.7541 	DATA 	TR 445 | TR1 223 | TR2 222
662.2207 	DATA 	Keypress: 5
662.2211 	DATA 	TR 446 | TR1 223 | TR2 223
663.7219 	DATA 	Keypress: 5
663.7223 	DATA 	TR 447 | TR1 224 | TR2 223
663.7730 	DATA 	
663.7730 	DATA 	stimulation stopped
663.7730 	DATA 	
665.2017 	DATA 	Keypress: 5
665.2021 	DATA 	TR 448 | TR1 224 | TR2 224
666.7063 	DATA 	Keypress: 5
666.7067 	DATA 	TR 449 | TR1 225 | TR2 224
668.1733 	DATA 	Keypress: 5
668.1737 	DATA 	TR 450 | TR1 225 | TR2 225
669.6743 	DATA 	Keypress: 5
669.6746 	DATA 	TR 451 | TR1 226 | TR2 225
671.1528 	DATA 	Keypress: 5
671.1532 	DATA 	TR 452 | TR1 226 | TR2 226
672.6543 	DATA 	Keypress: 5
672.6547 	DATA 	TR 453 | TR1 227 | TR2 226
674.1259 	DATA 	Keypress: 5
674.1397 	DATA 	TR 454 | TR1 227 | TR2 227
675.6371 	DATA 	Keypress: 5
675.6376 	DATA 	TR 455 | TR1 228 | TR2 227
677.1036 	DATA 	Keypress: 5
677.1040 	DATA 	TR 456 | TR1 228 | TR2 228
678.6051 	DATA 	Keypress: 5
678.6054 	DATA 	TR 457 | TR1 229 | TR2 228
679.7720 	DATA 	
679.7721 	DATA 	Trial complete
679.7721 	DATA 	Waiting for VASO trigger to start next trial
679.7721 	DATA 	
680.0858 	DATA 	Keypress: 5
680.0862 	DATA 	TR 458 | TR1 229 | TR2 229
681.5877 	DATA 	Keypress: 5
681.5891 	DATA 	
681.5891 	DATA 	Trial 23
681.5891 	DATA 	stimDur = 1.0
681.5891 	DATA 	jitter = 0.5
681.5891 	DATA 	restDur = 12.0

681.5891 	DATA 	
681.5891 	DATA 	TR 459 | TR1 230 | TR2 229
682.0886 	DATA 	
682.0887 	DATA 	stimulation started
682.0887 	DATA 	
683.0550 	DATA 	Keypress: 5
683.0553 	DATA 	TR 460 | TR1 230 | TR2 230
683.1060 	DATA 	
683.1060 	DATA 	stimulation stopped
683.1060 	DATA 	
684.4407 	DATA 	Target presented
684.5559 	DATA 	Keypress: 5
684.5563 	DATA 	TR 461 | TR1 231 | TR2 230
685.1033 	DATA 	Keypress: 1
685.1042 	DATA 	Key1 pressed
685.1042 	DATA 	Target detected
686.0363 	DATA 	Keypress: 5
686.0367 	DATA 	TR 462 | TR1 231 | TR2 231
687.5381 	DATA 	Keypress: 5
687.5385 	DATA 	TR 463 | TR1 232 | TR2 231
689.0079 	DATA 	Keypress: 5
689.0082 	DATA 	TR 464 | TR1 232 | TR2 232
690.5062 	DATA 	Keypress: 5
690.5200 	DATA 	TR 465 | TR1 233 | TR2 232
691.9872 	DATA 	Keypress: 5
691.9875 	DATA 	TR 466 | TR1 233 | TR2 233
693.4885 	DATA 	Keypress: 5
693.4889 	DATA 	TR 467 | TR1 234 | TR2 233
694.9601 	DATA 	Keypress: 5
694.9729 	DATA 	TR 468 | TR1 234 | TR2 234
695.0910 	DATA 	
695.0910 	DATA 	Trial complete
695.0911 	DATA 	Waiting for VASO trigger to start next trial
695.0911 	DATA 	
696.4736 	DATA 	Keypress: 5
696.4750 	DATA 	
696.4750 	DATA 	Trial 24
696.4750 	DATA 	stimDur = 1.0
696.4750 	DATA 	jitter = 2.5
696.4750 	DATA 	restDur = 12.0

696.4751 	DATA 	
696.4751 	DATA 	TR 469 | TR1 235 | TR2 234
697.9401 	DATA 	Keypress: 5
697.9405 	DATA 	TR 470 | TR1 235 | TR2 235
698.9886 	DATA 	
698.9886 	DATA 	stimulation started
698.9886 	DATA 	
699.4393 	DATA 	Keypress: 5
699.4397 	DATA 	TR 471 | TR1 236 | TR2 235
699.9893 	DATA 	
699.9894 	DATA 	stimulation stopped
699.9894 	DATA 	
700.9203 	DATA 	Keypress: 5
700.9207 	DATA 	TR 472 | TR1 236 | TR2 236
702.4214 	DATA 	Keypress: 5
702.4218 	DATA 	TR 473 | TR1 237 | TR2 236
703.8911 	DATA 	Keypress: 5
703.8915 	DATA 	TR 474 | TR1 237 | TR2 237
705.3881 	DATA 	Keypress: 5
705.3885 	DATA 	TR 475 | TR1 238 | TR2 237
706.8704 	DATA 	Keypress: 5
706.8708 	DATA 	TR 476 | TR1 238 | TR2 238
708.3729 	DATA 	Keypress: 5
708.3733 	DATA 	TR 477 | TR1 239 | TR2 238
709.8593 	DATA 	Keypress: 5
709.8597 	DATA 	TR 478 | TR1 239 | TR2 239
711.3566 	DATA 	Keypress: 5
711.3570 	DATA 	TR 479 | TR1 240 | TR2 239
711.9891 	DATA 	
711.9891 	DATA 	Trial complete
711.9891 	DATA 	Waiting for VASO trigger to start next trial
711.9891 	DATA 	
712.8215 	DATA 	Keypress: 5
712.8218 	DATA 	TR 480 | TR1 240 | TR2 240
714.3237 	DATA 	Keypress: 5
714.3247 	DATA 	
714.3247 	DATA 	Trial 25
714.3247 	DATA 	stimDur = 4.0
714.3247 	DATA 	jitter = 1.0
714.3247 	DATA 	restDur = 16.0

714.3247 	DATA 	
714.3248 	DATA 	TR 481 | TR1 241 | TR2 240
715.3356 	DATA 	
715.3357 	DATA 	stimulation started
715.3357 	DATA 	
715.8037 	DATA 	Keypress: 5
715.8041 	DATA 	TR 482 | TR1 241 | TR2 241
717.3079 	DATA 	Keypress: 5
717.3085 	DATA 	TR 483 | TR1 242 | TR2 241
718.7727 	DATA 	Keypress: 5
718.7731 	DATA 	TR 484 | TR1 242 | TR2 242
719.3389 	DATA 	
719.3389 	DATA 	stimulation stopped
719.3390 	DATA 	
720.2715 	DATA 	Keypress: 5
720.2719 	DATA 	TR 485 | TR1 243 | TR2 242
721.7544 	DATA 	Keypress: 5
721.7548 	DATA 	TR 486 | TR1 243 | TR2 243
723.2589 	DATA 	Keypress: 5
723.2594 	DATA 	TR 487 | TR1 244 | TR2 243
724.7241 	DATA 	Keypress: 5
724.7245 	DATA 	TR 488 | TR1 244 | TR2 244
726.2226 	DATA 	Keypress: 5
726.2230 	DATA 	TR 489 | TR1 245 | TR2 244
727.7050 	DATA 	Keypress: 5
727.7054 	DATA 	TR 490 | TR1 245 | TR2 245
729.2059 	DATA 	Keypress: 5
729.2062 	DATA 	TR 491 | TR1 246 | TR2 245
730.6878 	DATA 	Keypress: 5
730.6883 	DATA 	TR 492 | TR1 246 | TR2 246
732.1912 	DATA 	Keypress: 5
732.1916 	DATA 	TR 493 | TR1 247 | TR2 246
733.6559 	DATA 	Keypress: 5
733.6563 	DATA 	TR 494 | TR1 247 | TR2 247
735.1578 	DATA 	Keypress: 5
735.1582 	DATA 	TR 495 | TR1 248 | TR2 247
735.3358 	DATA 	
735.3359 	DATA 	Trial complete
735.3359 	DATA 	Waiting for VASO trigger to start next trial
735.3359 	DATA 	
736.6397 	DATA 	Keypress: 5
736.6400 	DATA 	TR 496 | TR1 248 | TR2 248
738.1401 	DATA 	Keypress: 5
738.1416 	DATA 	
738.1416 	DATA 	Trial 26
738.1416 	DATA 	stimDur = 24.0
738.1416 	DATA 	jitter = 1.0
738.1416 	DATA 	restDur = 24.0

738.1416 	DATA 	
738.1416 	DATA 	TR 497 | TR1 249 | TR2 248
739.1577 	DATA 	
739.1578 	DATA 	stimulation started
739.1578 	DATA 	
739.6066 	DATA 	Keypress: 5
739.6070 	DATA 	TR 498 | TR1 249 | TR2 249
741.1042 	DATA 	Keypress: 5
741.1046 	DATA 	TR 499 | TR1 250 | TR2 249
742.5891 	DATA 	Keypress: 5
742.5896 	DATA 	TR 500 | TR1 250 | TR2 250
744.0727 	DATA 	Target presented
744.0907 	DATA 	Keypress: 5
744.0911 	DATA 	TR 501 | TR1 251 | TR2 250
744.6759 	DATA 	Keypress: 1
744.6767 	DATA 	Key1 pressed
744.6767 	DATA 	Target detected
745.5711 	DATA 	Keypress: 5
745.5716 	DATA 	TR 502 | TR1 251 | TR2 251
747.0567 	DATA 	Keypress: 5
747.0715 	DATA 	TR 503 | TR1 252 | TR2 251
748.5395 	DATA 	Keypress: 5
748.5399 	DATA 	TR 504 | TR1 252 | TR2 252
750.0415 	DATA 	Keypress: 5
750.0419 	DATA 	TR 505 | TR1 253 | TR2 252
751.5211 	DATA 	Keypress: 5
751.5214 	DATA 	TR 506 | TR1 253 | TR2 253
753.0257 	DATA 	Keypress: 5
753.0261 	DATA 	TR 507 | TR1 254 | TR2 253
754.4901 	DATA 	Keypress: 5
754.4905 	DATA 	TR 508 | TR1 254 | TR2 254
755.9866 	DATA 	Keypress: 5
755.9868 	DATA 	TR 509 | TR1 255 | TR2 254
757.4730 	DATA 	Keypress: 5
757.4734 	DATA 	TR 510 | TR1 255 | TR2 255
758.9741 	DATA 	Keypress: 5
758.9745 	DATA 	TR 511 | TR1 256 | TR2 255
760.4389 	DATA 	Keypress: 5
760.4546 	DATA 	TR 512 | TR1 256 | TR2 256
761.9388 	DATA 	Keypress: 5
761.9392 	DATA 	TR 513 | TR1 257 | TR2 256
763.1555 	DATA 	
763.1556 	DATA 	stimulation stopped
763.1556 	DATA 	
763.4232 	DATA 	Keypress: 5
763.4236 	DATA 	TR 514 | TR1 257 | TR2 257
764.9251 	DATA 	Keypress: 5
764.9255 	DATA 	TR 515 | TR1 258 | TR2 257
766.4059 	DATA 	Keypress: 5
766.4063 	DATA 	TR 516 | TR1 258 | TR2 258
767.8913 	DATA 	Keypress: 5
767.8916 	DATA 	TR 517 | TR1 259 | TR2 258
769.3739 	DATA 	Keypress: 5
769.3743 	DATA 	TR 518 | TR1 259 | TR2 259
770.8723 	DATA 	Keypress: 5
770.8726 	DATA 	TR 519 | TR1 260 | TR2 259
772.3587 	DATA 	Keypress: 5
772.3592 	DATA 	TR 520 | TR1 260 | TR2 260
773.8580 	DATA 	Keypress: 5
773.8585 	DATA 	TR 521 | TR1 261 | TR2 260
775.3244 	DATA 	Keypress: 5
775.3247 	DATA 	TR 522 | TR1 261 | TR2 261
776.8217 	DATA 	Keypress: 5
776.8221 	DATA 	TR 523 | TR1 262 | TR2 261
778.3097 	DATA 	Keypress: 5
778.3102 	DATA 	TR 524 | TR1 262 | TR2 262
779.8091 	DATA 	Keypress: 5
779.8096 	DATA 	TR 525 | TR1 263 | TR2 262
781.2908 	DATA 	Keypress: 5
781.2912 	DATA 	TR 526 | TR1 263 | TR2 263
782.7730 	DATA 	Keypress: 5
782.7734 	DATA 	TR 527 | TR1 264 | TR2 263
784.2578 	DATA 	Keypress: 5
784.2582 	DATA 	TR 528 | TR1 264 | TR2 264
785.4077 	DATA 	Target presented
785.7553 	DATA 	Keypress: 5
785.7556 	DATA 	TR 529 | TR1 265 | TR2 264
786.4076 	DATA 	Keypress: 1
786.4084 	DATA 	Key1 pressed
786.4084 	DATA 	Target detected
787.1569 	DATA 	
787.1570 	DATA 	Trial complete
787.1570 	DATA 	Waiting for VASO trigger to start next trial
787.1570 	DATA 	
787.2258 	DATA 	Keypress: 5
787.2397 	DATA 	TR 530 | TR1 265 | TR2 265
788.7264 	DATA 	Keypress: 5
788.7278 	DATA 	
788.7278 	DATA 	Trial 27
788.7278 	DATA 	stimDur = 2.0
788.7278 	DATA 	jitter = 0.5
788.7278 	DATA 	restDur = 14.0

788.7278 	DATA 	
788.7278 	DATA 	TR 531 | TR1 266 | TR2 265
789.2417 	DATA 	
789.2417 	DATA 	stimulation started
789.2417 	DATA 	
790.2081 	DATA 	Keypress: 5
790.2085 	DATA 	TR 532 | TR1 266 | TR2 266
791.2379 	DATA 	
791.2379 	DATA 	stimulation stopped
791.2379 	DATA 	
791.7053 	DATA 	Keypress: 5
791.7056 	DATA 	TR 533 | TR1 267 | TR2 266
793.1912 	DATA 	Keypress: 5
793.1917 	DATA 	TR 534 | TR1 267 | TR2 267
794.6941 	DATA 	Keypress: 5
794.6946 	DATA 	TR 535 | TR1 268 | TR2 267
796.1567 	DATA 	Keypress: 5
796.1571 	DATA 	TR 536 | TR1 268 | TR2 268
797.6571 	DATA 	Keypress: 5
797.6573 	DATA 	TR 537 | TR1 269 | TR2 268
799.1415 	DATA 	Keypress: 5
799.1419 	DATA 	TR 538 | TR1 269 | TR2 269
800.6388 	DATA 	Keypress: 5
800.6392 	DATA 	TR 539 | TR1 270 | TR2 269
802.1251 	DATA 	Keypress: 5
802.1256 	DATA 	TR 540 | TR1 270 | TR2 270
803.6089 	DATA 	Keypress: 5
803.6093 	DATA 	TR 541 | TR1 271 | TR2 270
805.0917 	DATA 	Keypress: 5
805.0921 	DATA 	TR 542 | TR1 271 | TR2 271
805.2412 	DATA 	
805.2412 	DATA 	Trial complete
805.2412 	DATA 	Waiting for VASO trigger to start next trial
805.2412 	DATA 	
806.5884 	DATA 	Keypress: 5
806.5897 	DATA 	
806.5897 	DATA 	Trial 28
806.5898 	DATA 	stimDur = 1.0
806.5898 	DATA 	jitter = 0.0
806.5898 	DATA 	restDur = 12.0

806.5898 	DATA 	
806.5898 	DATA 	TR 543 | TR1 272 | TR2 271
806.5898 	DATA 	
806.5898 	DATA 	stimulation started
806.5898 	DATA 	
807.5891 	DATA 	
807.5891 	DATA 	stimulation stopped
807.5891 	DATA 	
808.0764 	DATA 	Keypress: 5
808.0768 	DATA 	TR 544 | TR1 272 | TR2 272
809.5601 	DATA 	Keypress: 5
809.5605 	DATA 	TR 545 | TR1 273 | TR2 272
811.0382 	DATA 	Keypress: 5
811.0386 	DATA 	TR 546 | TR1 273 | TR2 273
812.5392 	DATA 	Keypress: 5
812.5395 	DATA 	TR 547 | TR1 274 | TR2 273
814.0273 	DATA 	Keypress: 5
814.0277 	DATA 	TR 548 | TR1 274 | TR2 274
815.5125 	DATA 	Keypress: 5
815.5263 	DATA 	TR 549 | TR1 275 | TR2 274
816.9916 	DATA 	Keypress: 5
816.9920 	DATA 	TR 550 | TR1 275 | TR2 275
818.4903 	DATA 	Keypress: 5
818.4907 	DATA 	TR 551 | TR1 276 | TR2 275
819.5929 	DATA 	
819.5929 	DATA 	Trial complete
819.5929 	DATA 	Waiting for VASO trigger to start next trial
819.5929 	DATA 	
819.9750 	DATA 	Keypress: 5
819.9754 	DATA 	TR 552 | TR1 276 | TR2 276
821.4726 	DATA 	Keypress: 5
821.4739 	DATA 	
821.4739 	DATA 	Trial 29
821.4739 	DATA 	stimDur = 12.0
821.4740 	DATA 	jitter = 0.0
821.4740 	DATA 	restDur = 20.0

821.4740 	DATA 	
821.4740 	DATA 	TR 553 | TR1 277 | TR2 276
821.4740 	DATA 	
821.4740 	DATA 	stimulation started
821.4740 	DATA 	
822.9420 	DATA 	Keypress: 5
822.9560 	DATA 	TR 554 | TR1 277 | TR2 277
824.4412 	DATA 	Keypress: 5
824.4416 	DATA 	TR 555 | TR1 278 | TR2 277
825.9214 	DATA 	Keypress: 5
825.9218 	DATA 	TR 556 | TR1 278 | TR2 278
826.1380 	DATA 	Target presented
826.8390 	DATA 	Keypress: 1
826.8397 	DATA 	Key1 pressed
826.8397 	DATA 	Target detected
827.4225 	DATA 	Keypress: 5
827.4229 	DATA 	TR 557 | TR1 279 | TR2 278
828.9087 	DATA 	Keypress: 5
828.9092 	DATA 	TR 558 | TR1 279 | TR2 279
830.3939 	DATA 	Keypress: 5
830.4097 	DATA 	TR 559 | TR1 280 | TR2 279
831.8720 	DATA 	Keypress: 5
831.8723 	DATA 	TR 560 | TR1 280 | TR2 280
833.3736 	DATA 	Keypress: 5
833.3740 	DATA 	TR 561 | TR1 281 | TR2 280
833.4734 	DATA 	
833.4734 	DATA 	stimulation stopped
833.4734 	DATA 	
834.8623 	DATA 	Keypress: 5
834.8628 	DATA 	TR 562 | TR1 281 | TR2 281
836.3587 	DATA 	Keypress: 5
836.3592 	DATA 	TR 563 | TR1 282 | TR2 281
837.8237 	DATA 	Keypress: 5
837.8240 	DATA 	TR 564 | TR1 282 | TR2 282
839.3242 	DATA 	Keypress: 5
839.3245 	DATA 	TR 565 | TR1 283 | TR2 282
840.8051 	DATA 	Keypress: 5
840.8055 	DATA 	TR 566 | TR1 283 | TR2 283
842.3068 	DATA 	Keypress: 5
842.3072 	DATA 	TR 567 | TR1 284 | TR2 283
843.7940 	DATA 	Keypress: 5
843.7944 	DATA 	TR 568 | TR1 284 | TR2 284
845.2776 	DATA 	Keypress: 5
845.2780 	DATA 	TR 569 | TR1 285 | TR2 284
846.7587 	DATA 	Keypress: 5
846.7591 	DATA 	TR 570 | TR1 285 | TR2 285
848.2573 	DATA 	Keypress: 5
848.2577 	DATA 	TR 571 | TR1 286 | TR2 285
849.7450 	DATA 	Keypress: 5
849.7454 	DATA 	TR 572 | TR1 286 | TR2 286
851.2396 	DATA 	Keypress: 5
851.2400 	DATA 	TR 573 | TR1 287 | TR2 286
852.7072 	DATA 	Keypress: 5
852.7076 	DATA 	TR 574 | TR1 287 | TR2 287
853.4739 	DATA 	
853.4739 	DATA 	Trial complete
853.4739 	DATA 	
854.2083 	DATA 	Keypress: 5
854.2096 	DATA 	
854.2096 	DATA 	Trial 30
854.2096 	DATA 	stimDur = 2.0
854.2097 	DATA 	jitter = 2.0
854.2097 	DATA 	restDur = 14.0

854.2097 	DATA 	
854.2097 	DATA 	TR 575 | TR1 288 | TR2 287
855.6887 	DATA 	Keypress: 5
855.6891 	DATA 	TR 576 | TR1 288 | TR2 288
856.2219 	DATA 	
856.2220 	DATA 	stimulation started
856.2220 	DATA 	
857.1908 	DATA 	Keypress: 5
857.1912 	DATA 	TR 577 | TR1 289 | TR2 288
858.2237 	DATA 	
858.2238 	DATA 	stimulation stopped
858.2238 	DATA 	
858.6582 	DATA 	Keypress: 5
858.6586 	DATA 	TR 578 | TR1 289 | TR2 289
860.1592 	DATA 	Keypress: 5
860.1596 	DATA 	TR 579 | TR1 290 | TR2 289
861.6420 	DATA 	Keypress: 5
861.6424 	DATA 	TR 580 | TR1 290 | TR2 290
863.1418 	DATA 	Keypress: 5
863.1422 	DATA 	TR 581 | TR1 291 | TR2 290
864.6282 	DATA 	Keypress: 5
864.6286 	DATA 	TR 582 | TR1 291 | TR2 291
866.1237 	DATA 	Keypress: 5
866.1240 	DATA 	TR 583 | TR1 292 | TR2 291
867.5924 	DATA 	Keypress: 5
867.5928 	DATA 	TR 584 | TR1 292 | TR2 292
869.0915 	DATA 	Keypress: 5
869.0917 	DATA 	TR 585 | TR1 293 | TR2 292
870.5774 	DATA 	Keypress: 5
870.5779 	DATA 	TR 586 | TR1 293 | TR2 293
872.2249 	DATA 	
872.2249 	DATA 	Trial complete
872.2250 	DATA 	
901.5084 	DATA 	EndOfRun sub-01_ses-02_run-01

901.5084 	DATA 	RatioOfDetectedTargets 0.9333333333333333
901.5085 	DATA 	You have detected 14 out of 15 targets.
907.0748 	EXP 	window1: mouseVisible = True
