MonitorDistance=99cm
MonitorWidth=30cm
PixelWidth=1024.0
PixelHeight=768.0
You have detected 12 out of 12 targets.
Excellent! Keep up the good work
6.2524 	INFO 	Loaded monitor calibration from ['2021_05_26 17:55']
6.7246 	EXP 	Created window1 = Window(allowGUI=False, allowStencil=False, autoLog=True, backendConf=UNKNOWN, bitsMode=UNKNOWN, blendMode='avg', bpc=(8, 8, 8), color=array([-0.5, -0.5, -0.5]), colorSpace='rgb', depthBits=8, fullscr=<method-wrapper '__getattribute__' of attributeSetter object at 0x7f23e0fea438>, gamma=None, gammaErrorPolicy='raise', lms=UNKNOWN, monitor=<psychopy.monitors.calibTools.Monitor object at 0x7f23d6dcb0b8>, multiSample=False, name='window1', numSamples=2, pos=[0.0, 0.0], screen=0, size=array([1024,  768]), stencilBits=0, stereo=False, units='deg', useFBO=False, useRetina=False, viewOri=0.0, viewPos=None, viewScale=None, waitBlanking=True, winType='pyglet')
6.7247 	EXP 	window1: mouseVisible = True
6.7950 	EXP 	Created unnamed TextStim = TextStim(__class__=<class 'psychopy.visual.text.TextStim'>, alignHoriz=method-wrapper(...), alignText='center', alignVert=method-wrapper(...), anchorHoriz='center', anchorVert='center', antialias=True, autoLog=True, bold=False, color=array([1., 1., 1.]), colorSpace='rgb', contrast=1.0, depth=0, flipHoriz=False, flipVert=False, font='', fontFiles=[], height=0.5, italic=False, languageStyle='LTR', name='unnamed TextStim', opacity=1.0, ori=0.0, pos=array([0., 0.]), rgb=UNKNOWN, text=str(...), units='deg', win=Window(...), wrapWidth=15.0)
6.8257 	EXP 	Created Movie Frame 0 = ImageStim(__class__=<class 'psychopy.visual.image.ImageStim'>, autoLog=True, color=array([0.8, 0.8, 0.8]), colorSpace='rgb', contrast=0.8, depth=0, flipHoriz=False, flipVert=False, image='visual_0.png', interpolate=False, mask=None, maskParams=None, name='Movie Frame 0', opacity=1, ori=0.0, pos=array([0., 0.]), size=array([1024,  768]), texRes=128, units='pix', win=Window(...))
6.8492 	EXP 	Created Movie Frame 1 = ImageStim(__class__=<class 'psychopy.visual.image.ImageStim'>, autoLog=True, color=array([0.8, 0.8, 0.8]), colorSpace='rgb', contrast=0.8, depth=0, flipHoriz=False, flipVert=False, image='visual_1.png', interpolate=False, mask=None, maskParams=None, name='Movie Frame 1', opacity=1, ori=0.0, pos=array([0., 0.]), size=array([1024,  768]), texRes=128, units='pix', win=Window(...))
92.6525 	DATA 	Keypress: 5
0.0000 	DATA 	StartOfRun sub-07_ses-04_run-03
0.0000 	DATA 	TR 1 | TR1 1 | TR2 0
0.0088 	DATA 	Initial baseline

1.5504 	DATA 	Keypress: 5
1.5505 	DATA 	TR 2 | TR1 1 | TR2 1
3.1224 	DATA 	Keypress: 5
3.1225 	DATA 	TR 3 | TR1 2 | TR2 1
4.6738 	DATA 	Keypress: 5
4.6738 	DATA 	TR 4 | TR1 2 | TR2 2
6.2460 	DATA 	Keypress: 5
6.2460 	DATA 	TR 5 | TR1 3 | TR2 2
7.7972 	DATA 	Keypress: 5
7.7973 	DATA 	TR 6 | TR1 3 | TR2 3
9.3694 	DATA 	Keypress: 5
9.3694 	DATA 	TR 7 | TR1 4 | TR2 3
10.9206 	DATA 	Keypress: 5
10.9206 	DATA 	TR 8 | TR1 4 | TR2 4
12.4927 	DATA 	Keypress: 5
12.4928 	DATA 	TR 9 | TR1 5 | TR2 4
14.0439 	DATA 	Keypress: 5
14.0440 	DATA 	TR 10 | TR1 5 | TR2 5
15.6161 	DATA 	Keypress: 5
15.6162 	DATA 	TR 11 | TR1 6 | TR2 5
17.1672 	DATA 	Keypress: 5
17.1672 	DATA 	TR 12 | TR1 6 | TR2 6
18.7395 	DATA 	Keypress: 5
18.7395 	DATA 	TR 13 | TR1 7 | TR2 6
20.2907 	DATA 	Keypress: 5
20.2907 	DATA 	TR 14 | TR1 7 | TR2 7
21.8629 	DATA 	Keypress: 5
21.8629 	DATA 	TR 15 | TR1 8 | TR2 7
23.4141 	DATA 	Keypress: 5
23.4141 	DATA 	TR 16 | TR1 8 | TR2 8
24.9863 	DATA 	Keypress: 5
24.9863 	DATA 	TR 17 | TR1 9 | TR2 8
26.5375 	DATA 	Keypress: 5
26.5375 	DATA 	TR 18 | TR1 9 | TR2 9
28.1096 	DATA 	Keypress: 5
28.1097 	DATA 	TR 19 | TR1 10 | TR2 9
29.6608 	DATA 	Keypress: 5
29.6609 	DATA 	TR 20 | TR1 10 | TR2 10
31.2397 	DATA 	Keypress: 5
31.2398 	DATA 	Waited 1.2398130893707275 seconds for trigger
31.2412 	DATA 	
31.2412 	DATA 	Trial 1
31.2412 	DATA 	stimDur = 24.0
31.2413 	DATA 	jitter = 2.35575
31.2413 	DATA 	restDur = 40.0

31.2413 	DATA 	
31.2413 	DATA 	TR 21 | TR1 11 | TR2 10
32.7896 	DATA 	Keypress: 5
32.7897 	DATA 	TR 22 | TR1 11 | TR2 11
33.6061 	DATA 	
33.6062 	DATA 	stimulation started
33.6062 	DATA 	
34.3569 	DATA 	Keypress: 5
34.3728 	DATA 	TR 23 | TR1 12 | TR2 11
35.9227 	DATA 	Keypress: 5
35.9228 	DATA 	TR 24 | TR1 12 | TR2 12
37.4892 	DATA 	Keypress: 5
37.4892 	DATA 	TR 25 | TR1 13 | TR2 12
39.0391 	DATA 	Keypress: 5
39.0392 	DATA 	TR 26 | TR1 13 | TR2 13
40.6056 	DATA 	Keypress: 5
40.6056 	DATA 	TR 27 | TR1 14 | TR2 13
42.1556 	DATA 	Keypress: 5
42.1556 	DATA 	TR 28 | TR1 14 | TR2 14
43.7386 	DATA 	Keypress: 5
43.7386 	DATA 	TR 29 | TR1 15 | TR2 14
45.2885 	DATA 	Keypress: 5
45.2885 	DATA 	TR 30 | TR1 15 | TR2 15
46.8550 	DATA 	Keypress: 5
46.8550 	DATA 	TR 31 | TR1 16 | TR2 15
48.4049 	DATA 	Keypress: 5
48.4049 	DATA 	TR 32 | TR1 16 | TR2 16
49.9880 	DATA 	Keypress: 5
49.9881 	DATA 	TR 33 | TR1 17 | TR2 16
51.5379 	DATA 	Keypress: 5
51.5380 	DATA 	TR 34 | TR1 17 | TR2 17
53.1044 	DATA 	Keypress: 5
53.1044 	DATA 	TR 35 | TR1 18 | TR2 17
54.6543 	DATA 	Keypress: 5
54.6544 	DATA 	TR 36 | TR1 18 | TR2 18
56.2207 	DATA 	Keypress: 5
56.2208 	DATA 	TR 37 | TR1 19 | TR2 18
57.6040 	DATA 	
57.6041 	DATA 	stimulation stopped
57.6041 	DATA 	
57.7712 	DATA 	Keypress: 5
57.7872 	DATA 	TR 38 | TR1 19 | TR2 19
59.3538 	DATA 	Keypress: 5
59.3538 	DATA 	TR 39 | TR1 20 | TR2 19
60.9036 	DATA 	Keypress: 5
60.9037 	DATA 	TR 40 | TR1 20 | TR2 20
62.4701 	DATA 	Keypress: 5
62.4702 	DATA 	TR 41 | TR1 21 | TR2 20
64.0200 	DATA 	Keypress: 5
64.0200 	DATA 	TR 42 | TR1 21 | TR2 21
65.6032 	DATA 	Keypress: 5
65.6032 	DATA 	TR 43 | TR1 22 | TR2 21
67.1531 	DATA 	Keypress: 5
67.1531 	DATA 	TR 44 | TR1 22 | TR2 22
68.7195 	DATA 	Keypress: 5
68.7196 	DATA 	TR 45 | TR1 23 | TR2 22
70.2694 	DATA 	Keypress: 5
70.2695 	DATA 	TR 46 | TR1 23 | TR2 23
71.8362 	DATA 	Keypress: 5
71.8522 	DATA 	TR 47 | TR1 24 | TR2 23
73.4025 	DATA 	Keypress: 5
73.4025 	DATA 	TR 48 | TR1 24 | TR2 24
74.9689 	DATA 	Keypress: 5
74.9690 	DATA 	TR 49 | TR1 25 | TR2 24
76.5188 	DATA 	Keypress: 5
76.5189 	DATA 	TR 50 | TR1 25 | TR2 25
78.0853 	DATA 	Keypress: 5
78.0854 	DATA 	TR 51 | TR1 26 | TR2 25
79.6352 	DATA 	Keypress: 5
79.6353 	DATA 	TR 52 | TR1 26 | TR2 26
81.2184 	DATA 	Keypress: 5
81.2184 	DATA 	TR 53 | TR1 27 | TR2 26
82.7682 	DATA 	Keypress: 5
82.7683 	DATA 	TR 54 | TR1 27 | TR2 27
84.3347 	DATA 	Keypress: 5
84.3348 	DATA 	TR 55 | TR1 28 | TR2 27
85.8846 	DATA 	Keypress: 5
85.8847 	DATA 	TR 56 | TR1 28 | TR2 28
87.4678 	DATA 	Keypress: 5
87.4678 	DATA 	TR 57 | TR1 29 | TR2 28
89.0176 	DATA 	Keypress: 5
89.0177 	DATA 	TR 58 | TR1 29 | TR2 29
90.5842 	DATA 	Keypress: 5
90.5842 	DATA 	TR 59 | TR1 30 | TR2 29
92.1341 	DATA 	Keypress: 5
92.1341 	DATA 	TR 60 | TR1 30 | TR2 30
93.7005 	DATA 	Keypress: 5
93.7006 	DATA 	TR 61 | TR1 31 | TR2 30
95.2671 	DATA 	Keypress: 5
95.2671 	DATA 	TR 62 | TR1 31 | TR2 31
96.8336 	DATA 	Keypress: 5
96.8336 	DATA 	TR 63 | TR1 32 | TR2 31
97.6001 	DATA 	
97.6002 	DATA 	Trial complete
97.6002 	DATA 	Waiting for VASO trigger to start next trial
97.6002 	DATA 	
98.3835 	DATA 	Keypress: 5
98.3835 	DATA 	TR 64 | TR1 32 | TR2 32
99.9500 	DATA 	Keypress: 5
99.9501 	DATA 	Waited 2.34991717338562 seconds for trigger
99.9509 	DATA 	
99.9509 	DATA 	Trial 2
99.9509 	DATA 	stimDur = 12.0
99.9509 	DATA 	jitter = 0.0
99.9509 	DATA 	restDur = 30.0

99.9509 	DATA 	
99.9509 	DATA 	TR 65 | TR1 33 | TR2 32
99.9509 	DATA 	
99.9509 	DATA 	stimulation started
99.9509 	DATA 	
101.4832 	DATA 	Target presented
101.5000 	DATA 	Keypress: 5
101.5001 	DATA 	TR 66 | TR1 33 | TR2 33
102.0006 	DATA 	Keypress: 1
102.0165 	DATA 	Key1 pressed
102.0165 	DATA 	Target detected
103.0831 	DATA 	Keypress: 5
103.0831 	DATA 	TR 67 | TR1 34 | TR2 33
104.6329 	DATA 	Keypress: 5
104.6330 	DATA 	TR 68 | TR1 34 | TR2 34
106.1996 	DATA 	Keypress: 5
106.1996 	DATA 	TR 69 | TR1 35 | TR2 34
107.7493 	DATA 	Keypress: 5
107.7493 	DATA 	TR 70 | TR1 35 | TR2 35
109.3166 	DATA 	Keypress: 5
109.3324 	DATA 	TR 71 | TR1 36 | TR2 35
110.8825 	DATA 	Keypress: 5
110.8825 	DATA 	TR 72 | TR1 36 | TR2 36
111.9655 	DATA 	
111.9655 	DATA 	stimulation stopped
111.9655 	DATA 	
112.4488 	DATA 	Keypress: 5
112.4489 	DATA 	TR 73 | TR1 37 | TR2 36
113.9986 	DATA 	Keypress: 5
113.9987 	DATA 	TR 74 | TR1 37 | TR2 37
115.5652 	DATA 	Keypress: 5
115.5652 	DATA 	TR 75 | TR1 38 | TR2 37
117.1150 	DATA 	Keypress: 5
117.1151 	DATA 	TR 76 | TR1 38 | TR2 38
118.6982 	DATA 	Keypress: 5
118.6983 	DATA 	TR 77 | TR1 39 | TR2 38
120.2481 	DATA 	Keypress: 5
120.2481 	DATA 	TR 78 | TR1 39 | TR2 39
121.8146 	DATA 	Keypress: 5
121.8147 	DATA 	TR 79 | TR1 40 | TR2 39
123.3644 	DATA 	Keypress: 5
123.3645 	DATA 	TR 80 | TR1 40 | TR2 40
124.9476 	DATA 	Keypress: 5
124.9477 	DATA 	TR 81 | TR1 41 | TR2 40
126.4975 	DATA 	Keypress: 5
126.4975 	DATA 	TR 82 | TR1 41 | TR2 41
128.0641 	DATA 	Keypress: 5
128.0641 	DATA 	TR 83 | TR1 42 | TR2 41
129.6139 	DATA 	Keypress: 5
129.6139 	DATA 	TR 84 | TR1 42 | TR2 42
131.1804 	DATA 	Keypress: 5
131.1804 	DATA 	TR 85 | TR1 43 | TR2 42
132.7469 	DATA 	Keypress: 5
132.7469 	DATA 	TR 86 | TR1 43 | TR2 43
134.3134 	DATA 	Keypress: 5
134.3135 	DATA 	TR 87 | TR1 44 | TR2 43
135.8633 	DATA 	Keypress: 5
135.8633 	DATA 	TR 88 | TR1 44 | TR2 44
137.4298 	DATA 	Keypress: 5
137.4299 	DATA 	TR 89 | TR1 45 | TR2 44
138.9797 	DATA 	Keypress: 5
138.9797 	DATA 	TR 90 | TR1 45 | TR2 45
140.5628 	DATA 	Keypress: 5
140.5629 	DATA 	TR 91 | TR1 46 | TR2 45
141.9627 	DATA 	
141.9627 	DATA 	Trial complete
141.9627 	DATA 	Waiting for VASO trigger to start next trial
141.9627 	DATA 	
142.1127 	DATA 	Keypress: 5
142.1127 	DATA 	TR 92 | TR1 46 | TR2 46
143.6792 	DATA 	Keypress: 5
143.6793 	DATA 	Waited 1.7165789604187012 seconds for trigger
143.6800 	DATA 	
143.6800 	DATA 	Trial 3
143.6800 	DATA 	stimDur = 24.0
143.6800 	DATA 	jitter = 1.5705
143.6800 	DATA 	restDur = 40.0

143.6801 	DATA 	
143.6801 	DATA 	TR 93 | TR1 47 | TR2 46
145.2290 	DATA 	Keypress: 5
145.2291 	DATA 	TR 94 | TR1 47 | TR2 47
145.2624 	DATA 	
145.2624 	DATA 	stimulation started
145.2624 	DATA 	
146.8123 	DATA 	Keypress: 5
146.8124 	DATA 	TR 95 | TR1 48 | TR2 47
148.3622 	DATA 	Keypress: 5
148.3622 	DATA 	TR 96 | TR1 48 | TR2 48
149.9287 	DATA 	Keypress: 5
149.9287 	DATA 	TR 97 | TR1 49 | TR2 48
151.4785 	DATA 	Keypress: 5
151.4786 	DATA 	TR 98 | TR1 49 | TR2 49
153.0451 	DATA 	Keypress: 5
153.0451 	DATA 	TR 99 | TR1 50 | TR2 49
154.5956 	DATA 	Keypress: 5
154.6115 	DATA 	TR 100 | TR1 50 | TR2 50
156.1781 	DATA 	Keypress: 5
156.1782 	DATA 	TR 101 | TR1 51 | TR2 50
157.7281 	DATA 	Keypress: 5
157.7281 	DATA 	TR 102 | TR1 51 | TR2 51
159.2945 	DATA 	Keypress: 5
159.2946 	DATA 	TR 103 | TR1 52 | TR2 51
160.8443 	DATA 	Keypress: 5
160.8444 	DATA 	TR 104 | TR1 52 | TR2 52
162.4275 	DATA 	Keypress: 5
162.4276 	DATA 	TR 105 | TR1 53 | TR2 52
163.9774 	DATA 	Keypress: 5
163.9774 	DATA 	TR 106 | TR1 53 | TR2 53
165.5439 	DATA 	Keypress: 5
165.5440 	DATA 	TR 107 | TR1 54 | TR2 53
167.0937 	DATA 	Keypress: 5
167.0938 	DATA 	TR 108 | TR1 54 | TR2 54
168.6610 	DATA 	Keypress: 5
168.6769 	DATA 	TR 109 | TR1 55 | TR2 54
169.2602 	DATA 	
169.2602 	DATA 	stimulation stopped
169.2602 	DATA 	
170.2267 	DATA 	Keypress: 5
170.2268 	DATA 	TR 110 | TR1 55 | TR2 55
171.7933 	DATA 	Keypress: 5
171.7933 	DATA 	TR 111 | TR1 56 | TR2 55
172.3432 	DATA 	Target presented
172.9265 	DATA 	Keypress: 1
172.9265 	DATA 	Key1 pressed
172.9265 	DATA 	Target detected
173.3431 	DATA 	Keypress: 5
173.3431 	DATA 	TR 112 | TR1 56 | TR2 56
174.9096 	DATA 	Keypress: 5
174.9097 	DATA 	TR 113 | TR1 57 | TR2 56
176.4594 	DATA 	Keypress: 5
176.4595 	DATA 	TR 114 | TR1 57 | TR2 57
178.0427 	DATA 	Keypress: 5
178.0427 	DATA 	TR 115 | TR1 58 | TR2 57
179.5925 	DATA 	Keypress: 5
179.5926 	DATA 	TR 116 | TR1 58 | TR2 58
181.1591 	DATA 	Keypress: 5
181.1591 	DATA 	TR 117 | TR1 59 | TR2 58
182.7089 	DATA 	Keypress: 5
182.7089 	DATA 	TR 118 | TR1 59 | TR2 59
184.2921 	DATA 	Keypress: 5
184.2921 	DATA 	TR 119 | TR1 60 | TR2 59
185.8419 	DATA 	Keypress: 5
185.8420 	DATA 	TR 120 | TR1 60 | TR2 60
187.4085 	DATA 	Keypress: 5
187.4085 	DATA 	TR 121 | TR1 61 | TR2 60
188.9583 	DATA 	Keypress: 5
188.9584 	DATA 	TR 122 | TR1 61 | TR2 61
190.5250 	DATA 	Keypress: 5
190.5250 	DATA 	TR 123 | TR1 62 | TR2 61
192.0913 	DATA 	Keypress: 5
192.0914 	DATA 	TR 124 | TR1 62 | TR2 62
193.6579 	DATA 	Keypress: 5
193.6580 	DATA 	TR 125 | TR1 63 | TR2 62
195.2079 	DATA 	Keypress: 5
195.2080 	DATA 	TR 126 | TR1 63 | TR2 63
196.7743 	DATA 	Keypress: 5
196.7743 	DATA 	TR 127 | TR1 64 | TR2 63
198.3241 	DATA 	Keypress: 5
198.3241 	DATA 	TR 128 | TR1 64 | TR2 64
199.9073 	DATA 	Keypress: 5
199.9074 	DATA 	TR 129 | TR1 65 | TR2 64
201.4573 	DATA 	Keypress: 5
201.4574 	DATA 	TR 130 | TR1 65 | TR2 65
203.0237 	DATA 	Keypress: 5
203.0237 	DATA 	TR 131 | TR1 66 | TR2 65
204.5735 	DATA 	Keypress: 5
204.5736 	DATA 	TR 132 | TR1 66 | TR2 66
206.1407 	DATA 	Keypress: 5
206.1567 	DATA 	TR 133 | TR1 67 | TR2 66
207.7067 	DATA 	Keypress: 5
207.7067 	DATA 	TR 134 | TR1 67 | TR2 67
209.2564 	DATA 	
209.2564 	DATA 	Trial complete
209.2564 	DATA 	Waiting for VASO trigger to start next trial
209.2564 	DATA 	
209.2731 	DATA 	Keypress: 5
209.2731 	DATA 	Waited 0.016741037368774414 seconds for trigger
209.2739 	DATA 	
209.2739 	DATA 	Trial 4
209.2739 	DATA 	stimDur = 1.0
209.2739 	DATA 	jitter = 2.35575
209.2740 	DATA 	restDur = 20.0

209.2740 	DATA 	
209.2740 	DATA 	TR 135 | TR1 68 | TR2 67
210.8229 	DATA 	Keypress: 5
210.8229 	DATA 	TR 136 | TR1 68 | TR2 68
211.6395 	DATA 	
211.6395 	DATA 	stimulation started
211.6395 	DATA 	
212.3895 	DATA 	Keypress: 5
212.3896 	DATA 	TR 137 | TR1 69 | TR2 68
212.6394 	DATA 	
212.6395 	DATA 	stimulation stopped
212.6395 	DATA 	
213.9399 	DATA 	Keypress: 5
213.9560 	DATA 	TR 138 | TR1 69 | TR2 69
215.5225 	DATA 	Keypress: 5
215.5226 	DATA 	TR 139 | TR1 70 | TR2 69
217.0723 	DATA 	Keypress: 5
217.0724 	DATA 	TR 140 | TR1 70 | TR2 70
218.6389 	DATA 	Keypress: 5
218.6390 	DATA 	TR 141 | TR1 71 | TR2 70
220.1887 	DATA 	Keypress: 5
220.1888 	DATA 	TR 142 | TR1 71 | TR2 71
221.7721 	DATA 	Keypress: 5
221.7721 	DATA 	TR 143 | TR1 72 | TR2 71
223.3218 	DATA 	Keypress: 5
223.3218 	DATA 	TR 144 | TR1 72 | TR2 72
224.8883 	DATA 	Keypress: 5
224.8884 	DATA 	TR 145 | TR1 73 | TR2 72
226.4381 	DATA 	Keypress: 5
226.4382 	DATA 	TR 146 | TR1 73 | TR2 73
228.0047 	DATA 	Keypress: 5
228.0047 	DATA 	TR 147 | TR1 74 | TR2 73
229.5713 	DATA 	Keypress: 5
229.5713 	DATA 	TR 148 | TR1 74 | TR2 74
231.1377 	DATA 	Keypress: 5
231.1378 	DATA 	TR 149 | TR1 75 | TR2 74
232.5709 	DATA 	Target presented
232.6375 	DATA 	
232.6375 	DATA 	Trial complete
232.6375 	DATA 	Waiting for VASO trigger to start next trial
232.6375 	DATA 	
232.6877 	DATA 	Keypress: 5
232.6877 	DATA 	TR 150 | TR1 75 | TR2 75
233.0708 	DATA 	Keypress: 1
233.0709 	DATA 	Key1 pressed
233.0709 	DATA 	Target detected
234.2541 	DATA 	Keypress: 5
234.2542 	DATA 	Waited 1.6166141033172607 seconds for trigger
234.2549 	DATA 	
234.2549 	DATA 	Trial 5
234.2549 	DATA 	stimDur = 12.0
234.2549 	DATA 	jitter = 0.78525
234.2549 	DATA 	restDur = 30.0

234.2549 	DATA 	
234.2549 	DATA 	TR 151 | TR1 76 | TR2 75
235.0540 	DATA 	
235.0540 	DATA 	stimulation started
235.0540 	DATA 	
235.8040 	DATA 	Keypress: 5
235.8040 	DATA 	TR 152 | TR1 76 | TR2 76
237.3872 	DATA 	Keypress: 5
237.3872 	DATA 	TR 153 | TR1 77 | TR2 76
238.9370 	DATA 	Keypress: 5
238.9370 	DATA 	TR 154 | TR1 77 | TR2 77
240.5036 	DATA 	Keypress: 5
240.5036 	DATA 	TR 155 | TR1 78 | TR2 77
242.0534 	DATA 	Keypress: 5
242.0534 	DATA 	TR 156 | TR1 78 | TR2 78
243.6366 	DATA 	Keypress: 5
243.6366 	DATA 	TR 157 | TR1 79 | TR2 78
245.1864 	DATA 	Keypress: 5
245.1865 	DATA 	TR 158 | TR1 79 | TR2 79
246.7530 	DATA 	Keypress: 5
246.7530 	DATA 	TR 159 | TR1 80 | TR2 79
247.0529 	DATA 	
247.0529 	DATA 	stimulation stopped
247.0529 	DATA 	
248.3028 	DATA 	Keypress: 5
248.3028 	DATA 	TR 160 | TR1 80 | TR2 80
249.8693 	DATA 	Keypress: 5
249.8693 	DATA 	TR 161 | TR1 81 | TR2 80
251.4191 	DATA 	Keypress: 5
251.4192 	DATA 	TR 162 | TR1 81 | TR2 81
253.0023 	DATA 	Keypress: 5
253.0024 	DATA 	TR 163 | TR1 82 | TR2 81
254.5522 	DATA 	Keypress: 5
254.5522 	DATA 	TR 164 | TR1 82 | TR2 82
256.1187 	DATA 	Keypress: 5
256.1188 	DATA 	TR 165 | TR1 83 | TR2 82
257.6686 	DATA 	Keypress: 5
257.6686 	DATA 	TR 166 | TR1 83 | TR2 83
259.2516 	DATA 	Keypress: 5
259.2517 	DATA 	TR 167 | TR1 84 | TR2 83
260.8016 	DATA 	Keypress: 5
260.8016 	DATA 	TR 168 | TR1 84 | TR2 84
262.3681 	DATA 	Keypress: 5
262.3682 	DATA 	TR 169 | TR1 85 | TR2 84
263.9180 	DATA 	Keypress: 5
263.9180 	DATA 	TR 170 | TR1 85 | TR2 85
265.4851 	DATA 	Keypress: 5
265.5011 	DATA 	TR 171 | TR1 86 | TR2 85
267.0510 	DATA 	Keypress: 5
267.0511 	DATA 	TR 172 | TR1 86 | TR2 86
268.6176 	DATA 	Keypress: 5
268.6176 	DATA 	TR 173 | TR1 87 | TR2 86
270.1674 	DATA 	Keypress: 5
270.1674 	DATA 	TR 174 | TR1 87 | TR2 87
271.7339 	DATA 	Keypress: 5
271.7340 	DATA 	TR 175 | TR1 88 | TR2 87
273.2839 	DATA 	Keypress: 5
273.2839 	DATA 	TR 176 | TR1 88 | TR2 88
274.8670 	DATA 	Keypress: 5
274.8670 	DATA 	TR 177 | TR1 89 | TR2 88
276.4168 	DATA 	Keypress: 5
276.4169 	DATA 	TR 178 | TR1 89 | TR2 89
277.0501 	DATA 	
277.0501 	DATA 	Trial complete
277.0501 	DATA 	Waiting for VASO trigger to start next trial
277.0501 	DATA 	
277.9834 	DATA 	Keypress: 5
277.9834 	DATA 	Waited 0.9333181381225586 seconds for trigger
277.9842 	DATA 	
277.9842 	DATA 	Trial 6
277.9842 	DATA 	stimDur = 2.0
277.9842 	DATA 	jitter = 0.78525
277.9842 	DATA 	restDur = 22.0

277.9842 	DATA 	
277.9842 	DATA 	TR 179 | TR1 90 | TR2 89
278.7832 	DATA 	
278.7832 	DATA 	stimulation started
278.7832 	DATA 	
279.5332 	DATA 	Keypress: 5
279.5333 	DATA 	TR 180 | TR1 90 | TR2 90
280.7831 	DATA 	
280.7831 	DATA 	stimulation stopped
280.7831 	DATA 	
281.1164 	DATA 	Keypress: 5
281.1164 	DATA 	TR 181 | TR1 91 | TR2 90
282.6662 	DATA 	Keypress: 5
282.6663 	DATA 	TR 182 | TR1 91 | TR2 91
284.2328 	DATA 	Keypress: 5
284.2328 	DATA 	TR 183 | TR1 92 | TR2 91
285.7826 	DATA 	Keypress: 5
285.7826 	DATA 	TR 184 | TR1 92 | TR2 92
287.3491 	DATA 	Keypress: 5
287.3492 	DATA 	TR 185 | TR1 93 | TR2 92
288.8996 	DATA 	Keypress: 5
288.9156 	DATA 	TR 186 | TR1 93 | TR2 93
290.4824 	DATA 	Keypress: 5
290.4825 	DATA 	TR 187 | TR1 94 | TR2 93
292.0320 	DATA 	Keypress: 5
292.0321 	DATA 	TR 188 | TR1 94 | TR2 94
293.5985 	DATA 	Keypress: 5
293.5986 	DATA 	TR 189 | TR1 95 | TR2 94
293.6485 	DATA 	Target presented
294.1651 	DATA 	Keypress: 1
294.1652 	DATA 	Key1 pressed
294.1652 	DATA 	Target detected
295.1484 	DATA 	Keypress: 5
295.1484 	DATA 	TR 190 | TR1 95 | TR2 95
296.7317 	DATA 	Keypress: 5
296.7318 	DATA 	TR 191 | TR1 96 | TR2 95
298.2814 	DATA 	Keypress: 5
298.2815 	DATA 	TR 192 | TR1 96 | TR2 96
299.8480 	DATA 	Keypress: 5
299.8480 	DATA 	TR 193 | TR1 97 | TR2 96
301.3979 	DATA 	Keypress: 5
301.3979 	DATA 	TR 194 | TR1 97 | TR2 97
302.7810 	DATA 	
302.7810 	DATA 	Trial complete
302.7810 	DATA 	Waiting for VASO trigger to start next trial
302.7810 	DATA 	
302.9810 	DATA 	Keypress: 5
302.9811 	DATA 	Waited 0.2000589370727539 seconds for trigger
302.9818 	DATA 	
302.9818 	DATA 	Trial 7
302.9818 	DATA 	stimDur = 2.0
302.9818 	DATA 	jitter = 0.0
302.9818 	DATA 	restDur = 22.0

302.9818 	DATA 	
302.9818 	DATA 	TR 195 | TR1 98 | TR2 97
302.9819 	DATA 	
302.9819 	DATA 	stimulation started
302.9819 	DATA 	
304.5309 	DATA 	Keypress: 5
304.5310 	DATA 	TR 196 | TR1 98 | TR2 98
304.9975 	DATA 	
304.9975 	DATA 	stimulation stopped
304.9975 	DATA 	
306.0972 	DATA 	Keypress: 5
306.0973 	DATA 	TR 197 | TR1 99 | TR2 98
307.6470 	DATA 	Keypress: 5
307.6471 	DATA 	TR 198 | TR1 99 | TR2 99
309.2137 	DATA 	Keypress: 5
309.2138 	DATA 	TR 199 | TR1 100 | TR2 99
310.7637 	DATA 	Keypress: 5
310.7637 	DATA 	TR 200 | TR1 100 | TR2 100
312.3468 	DATA 	Keypress: 5
312.3468 	DATA 	TR 201 | TR1 101 | TR2 100
313.8966 	DATA 	Keypress: 5
313.8967 	DATA 	TR 202 | TR1 101 | TR2 101
315.4632 	DATA 	Keypress: 5
315.4632 	DATA 	TR 203 | TR1 102 | TR2 101
317.0130 	DATA 	Keypress: 5
317.0130 	DATA 	TR 204 | TR1 102 | TR2 102
318.5962 	DATA 	Keypress: 5
318.5962 	DATA 	TR 205 | TR1 103 | TR2 102
320.1460 	DATA 	Keypress: 5
320.1461 	DATA 	TR 206 | TR1 103 | TR2 103
321.7126 	DATA 	Keypress: 5
321.7126 	DATA 	TR 207 | TR1 104 | TR2 103
323.2624 	DATA 	Keypress: 5
323.2624 	DATA 	TR 208 | TR1 104 | TR2 104
324.8289 	DATA 	Keypress: 5
324.8290 	DATA 	TR 209 | TR1 105 | TR2 104
326.3955 	DATA 	Keypress: 5
326.3955 	DATA 	TR 210 | TR1 105 | TR2 105
326.9955 	DATA 	
326.9955 	DATA 	Trial complete
326.9955 	DATA 	Waiting for VASO trigger to start next trial
326.9955 	DATA 	
327.9620 	DATA 	Keypress: 5
327.9620 	DATA 	Waited 0.9665088653564453 seconds for trigger
327.9628 	DATA 	
327.9628 	DATA 	Trial 8
327.9628 	DATA 	stimDur = 2.0
327.9628 	DATA 	jitter = 1.5705
327.9628 	DATA 	restDur = 22.0

327.9628 	DATA 	
327.9628 	DATA 	TR 211 | TR1 106 | TR2 105
329.5118 	DATA 	Keypress: 5
329.5119 	DATA 	TR 212 | TR1 106 | TR2 106
329.5451 	DATA 	
329.5451 	DATA 	stimulation started
329.5451 	DATA 	
331.0784 	DATA 	Keypress: 5
331.0784 	DATA 	TR 213 | TR1 107 | TR2 106
331.5451 	DATA 	
331.5451 	DATA 	stimulation stopped
331.5451 	DATA 	
332.6284 	DATA 	Keypress: 5
332.6284 	DATA 	TR 214 | TR1 107 | TR2 107
334.2115 	DATA 	Keypress: 5
334.2116 	DATA 	TR 215 | TR1 108 | TR2 107
335.7613 	DATA 	Keypress: 5
335.7613 	DATA 	TR 216 | TR1 108 | TR2 108
337.3277 	DATA 	Keypress: 5
337.3278 	DATA 	TR 217 | TR1 109 | TR2 108
338.8776 	DATA 	Keypress: 5
338.8777 	DATA 	TR 218 | TR1 109 | TR2 109
340.4447 	DATA 	Keypress: 5
340.4609 	DATA 	TR 219 | TR1 110 | TR2 109
342.0107 	DATA 	Keypress: 5
342.0107 	DATA 	TR 220 | TR1 110 | TR2 110
343.5772 	DATA 	Keypress: 5
343.5772 	DATA 	TR 221 | TR1 111 | TR2 110
345.1271 	DATA 	Keypress: 5
345.1271 	DATA 	TR 222 | TR1 111 | TR2 111
346.6935 	DATA 	Keypress: 5
346.6936 	DATA 	TR 223 | TR1 112 | TR2 111
348.2440 	DATA 	Keypress: 5
348.2600 	DATA 	TR 224 | TR1 112 | TR2 112
349.8266 	DATA 	Keypress: 5
349.8267 	DATA 	TR 225 | TR1 113 | TR2 112
351.3765 	DATA 	Keypress: 5
351.3765 	DATA 	TR 226 | TR1 113 | TR2 113
352.9430 	DATA 	Keypress: 5
352.9430 	DATA 	TR 227 | TR1 114 | TR2 113
353.5429 	DATA 	
353.5429 	DATA 	Trial complete
353.5429 	DATA 	Waiting for VASO trigger to start next trial
353.5429 	DATA 	
354.4929 	DATA 	Keypress: 5
354.4929 	DATA 	TR 228 | TR1 114 | TR2 114
356.0760 	DATA 	Keypress: 5
356.0761 	DATA 	Waited 2.533174991607666 seconds for trigger
356.0768 	DATA 	
356.0769 	DATA 	Trial 9
356.0769 	DATA 	stimDur = 12.0
356.0769 	DATA 	jitter = 1.5705
356.0769 	DATA 	restDur = 30.0

356.0769 	DATA 	
356.0769 	DATA 	TR 229 | TR1 115 | TR2 114
357.6259 	DATA 	Keypress: 5
357.6260 	DATA 	TR 230 | TR1 115 | TR2 115
357.6592 	DATA 	
357.6592 	DATA 	stimulation started
357.6592 	DATA 	
359.1924 	DATA 	Keypress: 5
359.1925 	DATA 	TR 231 | TR1 116 | TR2 115
360.7425 	DATA 	Keypress: 5
360.7425 	DATA 	TR 232 | TR1 116 | TR2 116
362.3090 	DATA 	Keypress: 5
362.3090 	DATA 	TR 233 | TR1 117 | TR2 116
363.8754 	DATA 	Keypress: 5
363.8754 	DATA 	TR 234 | TR1 117 | TR2 117
365.4419 	DATA 	Keypress: 5
365.4419 	DATA 	TR 235 | TR1 118 | TR2 117
366.1586 	DATA 	Target presented
366.7086 	DATA 	Keypress: 1
366.7086 	DATA 	Key1 pressed
366.7086 	DATA 	Target detected
366.9918 	DATA 	Keypress: 5
366.9919 	DATA 	TR 236 | TR1 118 | TR2 118
368.5582 	DATA 	Keypress: 5
368.5583 	DATA 	TR 237 | TR1 119 | TR2 118
369.6581 	DATA 	
369.6581 	DATA 	stimulation stopped
369.6581 	DATA 	
370.1081 	DATA 	Keypress: 5
370.1081 	DATA 	TR 238 | TR1 119 | TR2 119
371.6913 	DATA 	Keypress: 5
371.6913 	DATA 	TR 239 | TR1 120 | TR2 119
373.2411 	DATA 	Keypress: 5
373.2411 	DATA 	TR 240 | TR1 120 | TR2 120
374.8076 	DATA 	Keypress: 5
374.8076 	DATA 	TR 241 | TR1 121 | TR2 120
376.3575 	DATA 	Keypress: 5
376.3575 	DATA 	TR 242 | TR1 121 | TR2 121
377.9406 	DATA 	Keypress: 5
377.9407 	DATA 	TR 243 | TR1 122 | TR2 121
379.4905 	DATA 	Keypress: 5
379.4906 	DATA 	TR 244 | TR1 122 | TR2 122
381.0570 	DATA 	Keypress: 5
381.0571 	DATA 	TR 245 | TR1 123 | TR2 122
382.6071 	DATA 	Keypress: 5
382.6071 	DATA 	TR 246 | TR1 123 | TR2 123
384.1734 	DATA 	Keypress: 5
384.1734 	DATA 	TR 247 | TR1 124 | TR2 123
385.7239 	DATA 	Keypress: 5
385.7399 	DATA 	TR 248 | TR1 124 | TR2 124
387.3066 	DATA 	Keypress: 5
387.3066 	DATA 	TR 249 | TR1 125 | TR2 124
388.8563 	DATA 	Keypress: 5
388.8564 	DATA 	TR 250 | TR1 125 | TR2 125
390.4228 	DATA 	Keypress: 5
390.4229 	DATA 	TR 251 | TR1 126 | TR2 125
391.9727 	DATA 	Keypress: 5
391.9727 	DATA 	TR 252 | TR1 126 | TR2 126
393.5558 	DATA 	Keypress: 5
393.5559 	DATA 	TR 253 | TR1 127 | TR2 126
395.1057 	DATA 	Keypress: 5
395.1058 	DATA 	TR 254 | TR1 127 | TR2 127
396.6722 	DATA 	Keypress: 5
396.6723 	DATA 	TR 255 | TR1 128 | TR2 127
398.2221 	DATA 	Keypress: 5
398.2222 	DATA 	TR 256 | TR1 128 | TR2 128
399.6552 	DATA 	
399.6552 	DATA 	Trial complete
399.6553 	DATA 	Waiting for VASO trigger to start next trial
399.6553 	DATA 	
399.7892 	DATA 	Keypress: 5
399.8052 	DATA 	Waited 0.14997196197509766 seconds for trigger
399.8060 	DATA 	
399.8060 	DATA 	Trial 10
399.8060 	DATA 	stimDur = 4.0
399.8060 	DATA 	jitter = 0.78525
399.8060 	DATA 	restDur = 24.0

399.8060 	DATA 	
399.8060 	DATA 	TR 257 | TR1 129 | TR2 128
400.6051 	DATA 	
400.6051 	DATA 	stimulation started
400.6052 	DATA 	
401.3552 	DATA 	Keypress: 5
401.3553 	DATA 	TR 258 | TR1 129 | TR2 129
402.9217 	DATA 	Keypress: 5
402.9217 	DATA 	TR 259 | TR1 130 | TR2 129
404.4717 	DATA 	Keypress: 5
404.4718 	DATA 	TR 260 | TR1 130 | TR2 130
404.6048 	DATA 	
404.6048 	DATA 	stimulation stopped
404.6048 	DATA 	
406.0380 	DATA 	Keypress: 5
406.0381 	DATA 	TR 261 | TR1 131 | TR2 130
407.5879 	DATA 	Keypress: 5
407.5879 	DATA 	TR 262 | TR1 131 | TR2 131
409.1710 	DATA 	Keypress: 5
409.1711 	DATA 	TR 263 | TR1 132 | TR2 131
410.7209 	DATA 	Keypress: 5
410.7210 	DATA 	TR 264 | TR1 132 | TR2 132
412.2875 	DATA 	Keypress: 5
412.2875 	DATA 	TR 265 | TR1 133 | TR2 132
413.8373 	DATA 	Keypress: 5
413.8374 	DATA 	TR 266 | TR1 133 | TR2 133
415.4205 	DATA 	Keypress: 5
415.4205 	DATA 	TR 267 | TR1 134 | TR2 133
416.9704 	DATA 	Keypress: 5
416.9704 	DATA 	TR 268 | TR1 134 | TR2 134
418.5369 	DATA 	Keypress: 5
418.5370 	DATA 	TR 269 | TR1 135 | TR2 134
420.0868 	DATA 	Keypress: 5
420.0868 	DATA 	TR 270 | TR1 135 | TR2 135
421.6533 	DATA 	Keypress: 5
421.6534 	DATA 	TR 271 | TR1 136 | TR2 135
423.2198 	DATA 	Keypress: 5
423.2199 	DATA 	TR 272 | TR1 136 | TR2 136
424.7865 	DATA 	Keypress: 5
424.7865 	DATA 	TR 273 | TR1 137 | TR2 136
426.3362 	DATA 	Keypress: 5
426.3363 	DATA 	TR 274 | TR1 137 | TR2 137
427.9027 	DATA 	Keypress: 5
427.9028 	DATA 	TR 275 | TR1 138 | TR2 137
428.6026 	DATA 	
428.6026 	DATA 	Trial complete
428.6027 	DATA 	Waiting for VASO trigger to start next trial
428.6027 	DATA 	
429.4526 	DATA 	Keypress: 5
429.4527 	DATA 	TR 276 | TR1 138 | TR2 138
431.0359 	DATA 	Keypress: 5
431.0360 	DATA 	Waited 2.433335065841675 seconds for trigger
431.0368 	DATA 	
431.0368 	DATA 	Trial 11
431.0368 	DATA 	stimDur = 4.0
431.0368 	DATA 	jitter = 2.35575
431.0368 	DATA 	restDur = 24.0

431.0368 	DATA 	
431.0368 	DATA 	TR 277 | TR1 139 | TR2 138
432.5857 	DATA 	Keypress: 5
432.5857 	DATA 	TR 278 | TR1 139 | TR2 139
433.4023 	DATA 	
433.4023 	DATA 	stimulation started
433.4023 	DATA 	
434.1522 	DATA 	Keypress: 5
434.1523 	DATA 	TR 279 | TR1 140 | TR2 139
435.7021 	DATA 	Keypress: 5
435.7022 	DATA 	TR 280 | TR1 140 | TR2 140
437.2853 	DATA 	Keypress: 5
437.2853 	DATA 	TR 281 | TR1 141 | TR2 140
437.4019 	DATA 	
437.4019 	DATA 	stimulation stopped
437.4019 	DATA 	
438.8351 	DATA 	Keypress: 5
438.8352 	DATA 	TR 282 | TR1 141 | TR2 141
440.4016 	DATA 	Keypress: 5
440.4017 	DATA 	TR 283 | TR1 142 | TR2 141
441.9516 	DATA 	Keypress: 5
441.9517 	DATA 	TR 284 | TR1 142 | TR2 142
443.5180 	DATA 	Keypress: 5
443.5181 	DATA 	TR 285 | TR1 143 | TR2 142
445.0679 	DATA 	Keypress: 5
445.0679 	DATA 	TR 286 | TR1 143 | TR2 143
446.3511 	DATA 	Target presented
446.6510 	DATA 	Keypress: 5
446.6511 	DATA 	TR 287 | TR1 144 | TR2 143
446.8844 	DATA 	Keypress: 1
446.8844 	DATA 	Key1 pressed
446.8844 	DATA 	Target detected
448.2009 	DATA 	Keypress: 5
448.2010 	DATA 	TR 288 | TR1 144 | TR2 144
449.7674 	DATA 	Keypress: 5
449.7675 	DATA 	TR 289 | TR1 145 | TR2 144
451.3173 	DATA 	Keypress: 5
451.3174 	DATA 	TR 290 | TR1 145 | TR2 145
452.9005 	DATA 	Keypress: 5
452.9005 	DATA 	TR 291 | TR1 146 | TR2 145
454.4504 	DATA 	Keypress: 5
454.4505 	DATA 	TR 292 | TR1 146 | TR2 146
456.0169 	DATA 	Keypress: 5
456.0169 	DATA 	TR 293 | TR1 147 | TR2 146
457.5668 	DATA 	Keypress: 5
457.5668 	DATA 	TR 294 | TR1 147 | TR2 147
459.1333 	DATA 	Keypress: 5
459.1334 	DATA 	TR 295 | TR1 148 | TR2 147
460.6998 	DATA 	Keypress: 5
460.6999 	DATA 	TR 296 | TR1 148 | TR2 148
461.3997 	DATA 	
461.3997 	DATA 	Trial complete
461.3997 	DATA 	Waiting for VASO trigger to start next trial
461.3997 	DATA 	
462.2663 	DATA 	Keypress: 5
462.2664 	DATA 	Waited 0.8666291236877441 seconds for trigger
462.2671 	DATA 	
462.2671 	DATA 	Trial 12
462.2672 	DATA 	stimDur = 24.0
462.2672 	DATA 	jitter = 0.0
462.2672 	DATA 	restDur = 40.0

462.2672 	DATA 	
462.2672 	DATA 	TR 297 | TR1 149 | TR2 148
462.2672 	DATA 	
462.2672 	DATA 	stimulation started
462.2672 	DATA 	
463.8163 	DATA 	Keypress: 5
463.8163 	DATA 	TR 298 | TR1 149 | TR2 149
465.3828 	DATA 	Keypress: 5
465.3828 	DATA 	TR 299 | TR1 150 | TR2 149
466.9326 	DATA 	Keypress: 5
466.9327 	DATA 	TR 300 | TR1 150 | TR2 150
468.5160 	DATA 	Keypress: 5
468.5161 	DATA 	TR 301 | TR1 151 | TR2 150
470.0657 	DATA 	Keypress: 5
470.0658 	DATA 	TR 302 | TR1 151 | TR2 151
471.6322 	DATA 	Keypress: 5
471.6322 	DATA 	TR 303 | TR1 152 | TR2 151
473.1821 	DATA 	Keypress: 5
473.1822 	DATA 	TR 304 | TR1 152 | TR2 152
474.7652 	DATA 	Keypress: 5
474.7653 	DATA 	TR 305 | TR1 153 | TR2 152
476.3151 	DATA 	Keypress: 5
476.3152 	DATA 	TR 306 | TR1 153 | TR2 153
477.8817 	DATA 	Keypress: 5
477.8817 	DATA 	TR 307 | TR1 154 | TR2 153
479.4315 	DATA 	Keypress: 5
479.4316 	DATA 	TR 308 | TR1 154 | TR2 154
480.9980 	DATA 	Keypress: 5
480.9981 	DATA 	TR 309 | TR1 155 | TR2 154
482.5487 	DATA 	Keypress: 5
482.5645 	DATA 	TR 310 | TR1 155 | TR2 155
484.1311 	DATA 	Keypress: 5
484.1311 	DATA 	TR 311 | TR1 156 | TR2 155
485.6810 	DATA 	Keypress: 5
485.6810 	DATA 	TR 312 | TR1 156 | TR2 156
486.2809 	DATA 	
486.2809 	DATA 	stimulation stopped
486.2809 	DATA 	
487.2475 	DATA 	Keypress: 5
487.2476 	DATA 	TR 313 | TR1 157 | TR2 156
488.7973 	DATA 	Keypress: 5
488.7974 	DATA 	TR 314 | TR1 157 | TR2 157
490.3805 	DATA 	Keypress: 5
490.3805 	DATA 	TR 315 | TR1 158 | TR2 157
491.9306 	DATA 	Keypress: 5
491.9306 	DATA 	TR 316 | TR1 158 | TR2 158
493.4969 	DATA 	Keypress: 5
493.4969 	DATA 	TR 317 | TR1 159 | TR2 158
495.0467 	DATA 	Keypress: 5
495.0468 	DATA 	TR 318 | TR1 159 | TR2 159
496.6139 	DATA 	Keypress: 5
496.6299 	DATA 	TR 319 | TR1 160 | TR2 159
498.1798 	DATA 	Keypress: 5
498.1798 	DATA 	TR 320 | TR1 160 | TR2 160
499.7464 	DATA 	Keypress: 5
499.7465 	DATA 	TR 321 | TR1 161 | TR2 160
499.8464 	DATA 	Target presented
500.3463 	DATA 	Keypress: 1
500.3463 	DATA 	Key1 pressed
500.3463 	DATA 	Target detected
501.2961 	DATA 	Keypress: 5
501.2962 	DATA 	TR 322 | TR1 161 | TR2 161
502.8627 	DATA 	Keypress: 5
502.8627 	DATA 	TR 323 | TR1 162 | TR2 161
504.4127 	DATA 	Keypress: 5
504.4128 	DATA 	TR 324 | TR1 162 | TR2 162
505.9957 	DATA 	Keypress: 5
505.9958 	DATA 	TR 325 | TR1 163 | TR2 162
507.5456 	DATA 	Keypress: 5
507.5457 	DATA 	TR 326 | TR1 163 | TR2 163
509.1121 	DATA 	Keypress: 5
509.1122 	DATA 	TR 327 | TR1 164 | TR2 163
510.6620 	DATA 	Keypress: 5
510.6621 	DATA 	TR 328 | TR1 164 | TR2 164
512.2452 	DATA 	Keypress: 5
512.2452 	DATA 	TR 329 | TR1 165 | TR2 164
513.7951 	DATA 	Keypress: 5
513.7951 	DATA 	TR 330 | TR1 165 | TR2 165
515.3616 	DATA 	Keypress: 5
515.3616 	DATA 	TR 331 | TR1 166 | TR2 165
516.9116 	DATA 	Keypress: 5
516.9117 	DATA 	TR 332 | TR1 166 | TR2 166
518.4780 	DATA 	Keypress: 5
518.4780 	DATA 	TR 333 | TR1 167 | TR2 166
520.0285 	DATA 	Keypress: 5
520.0444 	DATA 	TR 334 | TR1 167 | TR2 167
521.6110 	DATA 	Keypress: 5
521.6111 	DATA 	TR 335 | TR1 168 | TR2 167
523.1609 	DATA 	Keypress: 5
523.1609 	DATA 	TR 336 | TR1 168 | TR2 168
524.7276 	DATA 	Keypress: 5
524.7277 	DATA 	TR 337 | TR1 169 | TR2 168
526.2773 	DATA 	Keypress: 5
526.2773 	DATA 	TR 338 | TR1 169 | TR2 169
526.2773 	DATA 	
526.2773 	DATA 	Trial complete
526.2774 	DATA 	Waiting for VASO trigger to start next trial
526.2774 	DATA 	
527.8604 	DATA 	Keypress: 5
527.8605 	DATA 	Waited 1.5831270217895508 seconds for trigger
527.8613 	DATA 	
527.8613 	DATA 	Trial 13
527.8613 	DATA 	stimDur = 4.0
527.8613 	DATA 	jitter = 1.5705
527.8613 	DATA 	restDur = 24.0

527.8613 	DATA 	
527.8613 	DATA 	TR 339 | TR1 170 | TR2 169
529.4104 	DATA 	Keypress: 5
529.4104 	DATA 	TR 340 | TR1 170 | TR2 170
529.4436 	DATA 	
529.4436 	DATA 	stimulation started
529.4436 	DATA 	
530.9769 	DATA 	Keypress: 5
530.9770 	DATA 	TR 341 | TR1 171 | TR2 170
532.5268 	DATA 	Keypress: 5
532.5268 	DATA 	TR 342 | TR1 171 | TR2 171
533.4433 	DATA 	
533.4433 	DATA 	stimulation stopped
533.4433 	DATA 	
534.1099 	DATA 	Keypress: 5
534.1099 	DATA 	TR 343 | TR1 172 | TR2 171
535.6598 	DATA 	Keypress: 5
535.6598 	DATA 	TR 344 | TR1 172 | TR2 172
537.2263 	DATA 	Keypress: 5
537.2263 	DATA 	TR 345 | TR1 173 | TR2 172
538.7762 	DATA 	Keypress: 5
538.7762 	DATA 	TR 346 | TR1 173 | TR2 173
540.3426 	DATA 	Keypress: 5
540.3427 	DATA 	TR 347 | TR1 174 | TR2 173
541.8925 	DATA 	Keypress: 5
541.8926 	DATA 	TR 348 | TR1 174 | TR2 174
543.4758 	DATA 	Keypress: 5
543.4759 	DATA 	TR 349 | TR1 175 | TR2 174
545.0256 	DATA 	Keypress: 5
545.0257 	DATA 	TR 350 | TR1 175 | TR2 175
546.5921 	DATA 	Keypress: 5
546.5921 	DATA 	TR 351 | TR1 176 | TR2 175
548.1420 	DATA 	Keypress: 5
548.1420 	DATA 	TR 352 | TR1 176 | TR2 176
549.7251 	DATA 	Keypress: 5
549.7252 	DATA 	TR 353 | TR1 177 | TR2 176
551.2751 	DATA 	Keypress: 5
551.2751 	DATA 	TR 354 | TR1 177 | TR2 177
552.8415 	DATA 	Keypress: 5
552.8416 	DATA 	TR 355 | TR1 178 | TR2 177
554.3915 	DATA 	Keypress: 5
554.3916 	DATA 	TR 356 | TR1 178 | TR2 178
555.9579 	DATA 	Keypress: 5
555.9580 	DATA 	TR 357 | TR1 179 | TR2 178
557.4411 	DATA 	
557.4411 	DATA 	Trial complete
557.4411 	DATA 	Waiting for VASO trigger to start next trial
557.4411 	DATA 	
557.5245 	DATA 	Keypress: 5
557.5245 	DATA 	TR 358 | TR1 179 | TR2 179
559.0910 	DATA 	Keypress: 5
559.0910 	DATA 	Waited 1.649911880493164 seconds for trigger
559.0918 	DATA 	
559.0918 	DATA 	Trial 14
559.0918 	DATA 	stimDur = 2.0
559.0918 	DATA 	jitter = 2.35575
559.0918 	DATA 	restDur = 22.0

559.0918 	DATA 	
559.0918 	DATA 	TR 359 | TR1 180 | TR2 179
560.6409 	DATA 	Keypress: 5
560.6409 	DATA 	TR 360 | TR1 180 | TR2 180
561.4574 	DATA 	
561.4574 	DATA 	stimulation started
561.4574 	DATA 	
562.2074 	DATA 	Keypress: 5
562.2076 	DATA 	TR 361 | TR1 181 | TR2 180
563.4573 	DATA 	
563.4573 	DATA 	stimulation stopped
563.4573 	DATA 	
563.7572 	DATA 	Keypress: 5
563.7573 	DATA 	TR 362 | TR1 181 | TR2 181
565.3404 	DATA 	Keypress: 5
565.3405 	DATA 	TR 363 | TR1 182 | TR2 181
566.8903 	DATA 	Keypress: 5
566.8903 	DATA 	TR 364 | TR1 182 | TR2 182
568.4568 	DATA 	Keypress: 5
568.4569 	DATA 	TR 365 | TR1 183 | TR2 182
570.0066 	DATA 	Keypress: 5
570.0067 	DATA 	TR 366 | TR1 183 | TR2 183
571.5899 	DATA 	Keypress: 5
571.5900 	DATA 	TR 367 | TR1 184 | TR2 183
571.8065 	DATA 	Target presented
572.5399 	DATA 	Keypress: 1
572.5400 	DATA 	Key1 pressed
572.5400 	DATA 	Target detected
573.1399 	DATA 	Keypress: 5
573.1399 	DATA 	TR 368 | TR1 184 | TR2 184
574.7063 	DATA 	Keypress: 5
574.7063 	DATA 	TR 369 | TR1 185 | TR2 184
576.2561 	DATA 	Keypress: 5
576.2561 	DATA 	TR 370 | TR1 185 | TR2 185
577.8226 	DATA 	Keypress: 5
577.8227 	DATA 	TR 371 | TR1 186 | TR2 185
579.3731 	DATA 	Keypress: 5
579.3891 	DATA 	TR 372 | TR1 186 | TR2 186
580.9557 	DATA 	Keypress: 5
580.9558 	DATA 	TR 373 | TR1 187 | TR2 186
582.5055 	DATA 	Keypress: 5
582.5056 	DATA 	TR 374 | TR1 187 | TR2 187
584.0721 	DATA 	Keypress: 5
584.0721 	DATA 	TR 375 | TR1 188 | TR2 187
585.4553 	DATA 	
585.4553 	DATA 	Trial complete
585.4553 	DATA 	Waiting for VASO trigger to start next trial
585.4553 	DATA 	
585.6219 	DATA 	Keypress: 5
585.6219 	DATA 	TR 376 | TR1 188 | TR2 188
587.2051 	DATA 	Keypress: 5
587.2052 	DATA 	Waited 1.7499110698699951 seconds for trigger
587.2060 	DATA 	
587.2060 	DATA 	Trial 15
587.2060 	DATA 	stimDur = 4.0
587.2060 	DATA 	jitter = 0.0
587.2060 	DATA 	restDur = 24.0

587.2060 	DATA 	
587.2060 	DATA 	TR 377 | TR1 189 | TR2 188
587.2060 	DATA 	
587.2060 	DATA 	stimulation started
587.2060 	DATA 	
588.7550 	DATA 	Keypress: 5
588.7551 	DATA 	TR 378 | TR1 189 | TR2 189
590.3216 	DATA 	Keypress: 5
590.3216 	DATA 	TR 379 | TR1 190 | TR2 189
591.2214 	DATA 	
591.2215 	DATA 	stimulation stopped
591.2215 	DATA 	
591.8714 	DATA 	Keypress: 5
591.8714 	DATA 	TR 380 | TR1 190 | TR2 190
593.4379 	DATA 	Keypress: 5
593.4380 	DATA 	TR 381 | TR1 191 | TR2 190
595.0044 	DATA 	Keypress: 5
595.0044 	DATA 	TR 382 | TR1 191 | TR2 191
596.5710 	DATA 	Keypress: 5
596.5710 	DATA 	TR 383 | TR1 192 | TR2 191
598.1208 	DATA 	Keypress: 5
598.1208 	DATA 	TR 384 | TR1 192 | TR2 192
599.6874 	DATA 	Keypress: 5
599.6874 	DATA 	TR 385 | TR1 193 | TR2 192
601.2371 	DATA 	Keypress: 5
601.2372 	DATA 	TR 386 | TR1 193 | TR2 193
602.8204 	DATA 	Keypress: 5
602.8204 	DATA 	TR 387 | TR1 194 | TR2 193
604.3702 	DATA 	Keypress: 5
604.3703 	DATA 	TR 388 | TR1 194 | TR2 194
605.9368 	DATA 	Keypress: 5
605.9368 	DATA 	TR 389 | TR1 195 | TR2 194
607.4866 	DATA 	Keypress: 5
607.4867 	DATA 	TR 390 | TR1 195 | TR2 195
609.0698 	DATA 	Keypress: 5
609.0699 	DATA 	TR 391 | TR1 196 | TR2 195
610.6197 	DATA 	Keypress: 5
610.6197 	DATA 	TR 392 | TR1 196 | TR2 196
612.1865 	DATA 	Keypress: 5
612.1865 	DATA 	TR 393 | TR1 197 | TR2 196
613.2195 	DATA 	Target presented
613.6700 	DATA 	Keypress: 1
613.6861 	DATA 	Key1 pressed
613.6861 	DATA 	Target detected
613.7360 	DATA 	Keypress: 5
613.7361 	DATA 	TR 394 | TR1 197 | TR2 197
615.2192 	DATA 	
615.2192 	DATA 	Trial complete
615.2192 	DATA 	Waiting for VASO trigger to start next trial
615.2192 	DATA 	
615.3027 	DATA 	Keypress: 5
615.3027 	DATA 	Waited 0.08346986770629883 seconds for trigger
615.3035 	DATA 	
615.3035 	DATA 	Trial 16
615.3035 	DATA 	stimDur = 1.0
615.3035 	DATA 	jitter = 1.5705
615.3035 	DATA 	restDur = 20.0

615.3035 	DATA 	
615.3035 	DATA 	TR 395 | TR1 198 | TR2 197
616.8691 	DATA 	Keypress: 5
616.8692 	DATA 	TR 396 | TR1 198 | TR2 198
616.8858 	DATA 	
616.8858 	DATA 	stimulation started
616.8858 	DATA 	
617.8857 	DATA 	
617.8857 	DATA 	stimulation stopped
617.8857 	DATA 	
618.4357 	DATA 	Keypress: 5
618.4357 	DATA 	TR 397 | TR1 199 | TR2 198
619.9855 	DATA 	Keypress: 5
619.9855 	DATA 	TR 398 | TR1 199 | TR2 199
621.5520 	DATA 	Keypress: 5
621.5521 	DATA 	TR 399 | TR1 200 | TR2 199
623.1019 	DATA 	Keypress: 5
623.1019 	DATA 	TR 400 | TR1 200 | TR2 200
624.6851 	DATA 	Keypress: 5
624.6851 	DATA 	TR 401 | TR1 201 | TR2 200
626.2349 	DATA 	Keypress: 5
626.2350 	DATA 	TR 402 | TR1 201 | TR2 201
627.8015 	DATA 	Keypress: 5
627.8015 	DATA 	TR 403 | TR1 202 | TR2 201
629.3513 	DATA 	Keypress: 5
629.3513 	DATA 	TR 404 | TR1 202 | TR2 202
630.9185 	DATA 	Keypress: 5
630.9345 	DATA 	TR 405 | TR1 203 | TR2 202
632.4843 	DATA 	Keypress: 5
632.4844 	DATA 	TR 406 | TR1 203 | TR2 203
634.0509 	DATA 	Keypress: 5
634.0510 	DATA 	TR 407 | TR1 204 | TR2 203
635.6007 	DATA 	Keypress: 5
635.6008 	DATA 	TR 408 | TR1 204 | TR2 204
637.1673 	DATA 	Keypress: 5
637.1673 	DATA 	TR 409 | TR1 205 | TR2 204
637.8840 	DATA 	
637.8840 	DATA 	Trial complete
637.8840 	DATA 	Waiting for VASO trigger to start next trial
637.8840 	DATA 	
638.7171 	DATA 	Keypress: 5
638.7171 	DATA 	TR 410 | TR1 205 | TR2 205
640.3003 	DATA 	Keypress: 5
640.3004 	DATA 	Waited 2.4163930416107178 seconds for trigger
640.3012 	DATA 	
640.3012 	DATA 	Trial 17
640.3012 	DATA 	stimDur = 1.0
640.3012 	DATA 	jitter = 0.0
640.3012 	DATA 	restDur = 20.0

640.3012 	DATA 	
640.3012 	DATA 	TR 411 | TR1 206 | TR2 205
640.3012 	DATA 	
640.3012 	DATA 	stimulation started
640.3012 	DATA 	
641.3169 	DATA 	
641.3169 	DATA 	stimulation stopped
641.3169 	DATA 	
641.8502 	DATA 	Keypress: 5
641.8503 	DATA 	TR 412 | TR1 206 | TR2 206
643.4167 	DATA 	Keypress: 5
643.4168 	DATA 	TR 413 | TR1 207 | TR2 206
644.9666 	DATA 	Keypress: 5
644.9666 	DATA 	TR 414 | TR1 207 | TR2 207
646.5498 	DATA 	Keypress: 5
646.5498 	DATA 	TR 415 | TR1 208 | TR2 207
648.0996 	DATA 	Keypress: 5
648.0997 	DATA 	TR 416 | TR1 208 | TR2 208
649.6662 	DATA 	Keypress: 5
649.6662 	DATA 	TR 417 | TR1 209 | TR2 208
651.2160 	DATA 	Keypress: 5
651.2160 	DATA 	TR 418 | TR1 209 | TR2 209
652.7825 	DATA 	Keypress: 5
652.7826 	DATA 	TR 419 | TR1 210 | TR2 209
654.3330 	DATA 	Keypress: 5
654.3490 	DATA 	TR 420 | TR1 210 | TR2 210
655.9156 	DATA 	Keypress: 5
655.9156 	DATA 	TR 421 | TR1 211 | TR2 210
657.4654 	DATA 	Keypress: 5
657.4655 	DATA 	TR 422 | TR1 211 | TR2 211
659.0320 	DATA 	Keypress: 5
659.0321 	DATA 	TR 423 | TR1 212 | TR2 211
660.5818 	DATA 	Keypress: 5
660.5819 	DATA 	TR 424 | TR1 212 | TR2 212
661.3151 	DATA 	
661.3151 	DATA 	Trial complete
661.3151 	DATA 	Waiting for VASO trigger to start next trial
661.3151 	DATA 	
662.1651 	DATA 	Keypress: 5
662.1651 	DATA 	Waited 0.8500399589538574 seconds for trigger
662.1659 	DATA 	
662.1659 	DATA 	Trial 18
662.1659 	DATA 	stimDur = 12.0
662.1659 	DATA 	jitter = 2.35575
662.1659 	DATA 	restDur = 30.0

662.1659 	DATA 	
662.1659 	DATA 	TR 425 | TR1 213 | TR2 212
663.7149 	DATA 	Keypress: 5
663.7149 	DATA 	TR 426 | TR1 213 | TR2 213
664.5314 	DATA 	
664.5314 	DATA 	stimulation started
664.5314 	DATA 	
665.2815 	DATA 	Keypress: 5
665.2815 	DATA 	TR 427 | TR1 214 | TR2 213
666.6813 	DATA 	Target presented
666.8313 	DATA 	Keypress: 5
666.8314 	DATA 	TR 428 | TR1 214 | TR2 214
667.1313 	DATA 	Keypress: 1
667.1313 	DATA 	Key1 pressed
667.1313 	DATA 	Target detected
668.4145 	DATA 	Keypress: 5
668.4146 	DATA 	TR 429 | TR1 215 | TR2 214
669.9644 	DATA 	Keypress: 5
669.9644 	DATA 	TR 430 | TR1 215 | TR2 215
671.5309 	DATA 	Keypress: 5
671.5310 	DATA 	TR 431 | TR1 216 | TR2 215
673.0807 	DATA 	Keypress: 5
673.0808 	DATA 	TR 432 | TR1 216 | TR2 216
674.6473 	DATA 	Keypress: 5
674.6473 	DATA 	TR 433 | TR1 217 | TR2 216
676.1972 	DATA 	Keypress: 5
676.1972 	DATA 	TR 434 | TR1 217 | TR2 217
676.5304 	DATA 	
676.5304 	DATA 	stimulation stopped
676.5304 	DATA 	
677.7803 	DATA 	Keypress: 5
677.7803 	DATA 	TR 435 | TR1 218 | TR2 217
679.3301 	DATA 	Keypress: 5
679.3302 	DATA 	TR 436 | TR1 218 | TR2 218
680.8967 	DATA 	Keypress: 5
680.8967 	DATA 	TR 437 | TR1 219 | TR2 218
682.4465 	DATA 	Keypress: 5
682.4466 	DATA 	TR 438 | TR1 219 | TR2 219
684.0299 	DATA 	Keypress: 5
684.0300 	DATA 	TR 439 | TR1 220 | TR2 219
685.5795 	DATA 	Keypress: 5
685.5796 	DATA 	TR 440 | TR1 220 | TR2 220
687.1461 	DATA 	Keypress: 5
687.1461 	DATA 	TR 441 | TR1 221 | TR2 220
688.6960 	DATA 	Keypress: 5
688.6961 	DATA 	TR 442 | TR1 221 | TR2 221
690.2631 	DATA 	Keypress: 5
690.2792 	DATA 	TR 443 | TR1 222 | TR2 221
691.8290 	DATA 	Keypress: 5
691.8290 	DATA 	TR 444 | TR1 222 | TR2 222
693.3955 	DATA 	Keypress: 5
693.3956 	DATA 	TR 445 | TR1 223 | TR2 222
694.9454 	DATA 	Keypress: 5
694.9454 	DATA 	TR 446 | TR1 223 | TR2 223
696.5119 	DATA 	Keypress: 5
696.5120 	DATA 	TR 447 | TR1 224 | TR2 223
698.0618 	DATA 	Keypress: 5
698.0618 	DATA 	TR 448 | TR1 224 | TR2 224
699.6450 	DATA 	Keypress: 5
699.6450 	DATA 	TR 449 | TR1 225 | TR2 224
701.1947 	DATA 	Keypress: 5
701.1948 	DATA 	TR 450 | TR1 225 | TR2 225
702.7614 	DATA 	Keypress: 5
702.7614 	DATA 	TR 451 | TR1 226 | TR2 225
704.3112 	DATA 	Keypress: 5
704.3112 	DATA 	TR 452 | TR1 226 | TR2 226
705.8944 	DATA 	Keypress: 5
705.8945 	DATA 	TR 453 | TR1 227 | TR2 226
706.5277 	DATA 	
706.5278 	DATA 	Trial complete
706.5278 	DATA 	Waiting for VASO trigger to start next trial
706.5278 	DATA 	
707.4443 	DATA 	Keypress: 5
707.4443 	DATA 	TR 454 | TR1 227 | TR2 227
709.0108 	DATA 	Keypress: 5
709.0108 	DATA 	Waited 2.48303484916687 seconds for trigger
709.0116 	DATA 	
709.0116 	DATA 	Trial 19
709.0116 	DATA 	stimDur = 1.0
709.0116 	DATA 	jitter = 0.78525
709.0116 	DATA 	restDur = 20.0

709.0116 	DATA 	
709.0116 	DATA 	TR 455 | TR1 228 | TR2 227
709.8106 	DATA 	
709.8106 	DATA 	stimulation started
709.8106 	DATA 	
710.5607 	DATA 	Keypress: 5
710.5608 	DATA 	TR 456 | TR1 228 | TR2 228
710.8106 	DATA 	
710.8106 	DATA 	stimulation stopped
710.8106 	DATA 	
712.1271 	DATA 	Keypress: 5
712.1272 	DATA 	TR 457 | TR1 229 | TR2 228
713.6776 	DATA 	Keypress: 5
713.6936 	DATA 	TR 458 | TR1 229 | TR2 229
715.2602 	DATA 	Keypress: 5
715.2602 	DATA 	TR 459 | TR1 230 | TR2 229
716.8101 	DATA 	Keypress: 5
716.8101 	DATA 	TR 460 | TR1 230 | TR2 230
718.3766 	DATA 	Keypress: 5
718.3767 	DATA 	TR 461 | TR1 231 | TR2 230
719.9264 	DATA 	Keypress: 5
719.9265 	DATA 	TR 462 | TR1 231 | TR2 231
721.5096 	DATA 	Keypress: 5
721.5097 	DATA 	TR 463 | TR1 232 | TR2 231
723.0595 	DATA 	Keypress: 5
723.0596 	DATA 	TR 464 | TR1 232 | TR2 232
724.6260 	DATA 	Keypress: 5
724.6261 	DATA 	TR 465 | TR1 233 | TR2 232
726.1759 	DATA 	Keypress: 5
726.1759 	DATA 	TR 466 | TR1 233 | TR2 233
727.7425 	DATA 	Keypress: 5
727.7426 	DATA 	TR 467 | TR1 234 | TR2 233
729.3089 	DATA 	Keypress: 5
729.3090 	DATA 	TR 468 | TR1 234 | TR2 234
730.8087 	DATA 	
730.8088 	DATA 	Trial complete
730.8088 	DATA 	
730.8756 	DATA 	Keypress: 5
730.8756 	DATA 	Waited 24.347830057144165 seconds for trigger
730.8764 	DATA 	
730.8764 	DATA 	Trial 20
730.8764 	DATA 	stimDur = 24.0
730.8764 	DATA 	jitter = 0.78525
730.8764 	DATA 	restDur = 40.0

730.8764 	DATA 	
730.8764 	DATA 	TR 469 | TR1 235 | TR2 234
731.6753 	DATA 	
731.6754 	DATA 	stimulation started
731.6754 	DATA 	
732.4254 	DATA 	Keypress: 5
732.4254 	DATA 	TR 470 | TR1 235 | TR2 235
733.9919 	DATA 	Keypress: 5
733.9919 	DATA 	TR 471 | TR1 236 | TR2 235
734.0419 	DATA 	Target presented
734.5252 	DATA 	Keypress: 1
734.5252 	DATA 	Key1 pressed
734.5252 	DATA 	Target detected
735.5418 	DATA 	Keypress: 5
735.5418 	DATA 	TR 472 | TR1 236 | TR2 236
737.1249 	DATA 	Keypress: 5
737.1250 	DATA 	TR 473 | TR1 237 | TR2 236
738.6750 	DATA 	Keypress: 5
738.6750 	DATA 	TR 474 | TR1 237 | TR2 237
740.2413 	DATA 	Keypress: 5
740.2414 	DATA 	TR 475 | TR1 238 | TR2 237
741.7913 	DATA 	Keypress: 5
741.7913 	DATA 	TR 476 | TR1 238 | TR2 238
743.3745 	DATA 	Keypress: 5
743.3745 	DATA 	TR 477 | TR1 239 | TR2 238
744.9243 	DATA 	Keypress: 5
744.9243 	DATA 	TR 478 | TR1 239 | TR2 239
746.4907 	DATA 	Keypress: 5
746.4908 	DATA 	TR 479 | TR1 240 | TR2 239
748.0406 	DATA 	Keypress: 5
748.0407 	DATA 	TR 480 | TR1 240 | TR2 240
749.6071 	DATA 	Keypress: 5
749.6072 	DATA 	TR 481 | TR1 241 | TR2 240
751.1577 	DATA 	Keypress: 5
751.1736 	DATA 	TR 482 | TR1 241 | TR2 241
752.7402 	DATA 	Keypress: 5
752.7402 	DATA 	TR 483 | TR1 242 | TR2 241
754.2901 	DATA 	Keypress: 5
754.2901 	DATA 	TR 484 | TR1 242 | TR2 242
755.6732 	DATA 	
755.6732 	DATA 	stimulation stopped
755.6732 	DATA 	
755.8565 	DATA 	Keypress: 5
755.8566 	DATA 	TR 485 | TR1 243 | TR2 242
757.4064 	DATA 	Keypress: 5
757.4064 	DATA 	TR 486 | TR1 243 | TR2 243
758.9896 	DATA 	Keypress: 5
758.9896 	DATA 	TR 487 | TR1 244 | TR2 243
760.5396 	DATA 	Keypress: 5
760.5397 	DATA 	TR 488 | TR1 244 | TR2 244
762.1059 	DATA 	Keypress: 5
762.1060 	DATA 	TR 489 | TR1 245 | TR2 244
763.6559 	DATA 	Keypress: 5
763.6560 	DATA 	TR 490 | TR1 245 | TR2 245
765.2230 	DATA 	Keypress: 5
765.2389 	DATA 	TR 491 | TR1 246 | TR2 245
766.7889 	DATA 	Keypress: 5
766.7889 	DATA 	TR 492 | TR1 246 | TR2 246
768.3555 	DATA 	Keypress: 5
768.3556 	DATA 	TR 493 | TR1 247 | TR2 246
769.9052 	DATA 	Keypress: 5
769.9053 	DATA 	TR 494 | TR1 247 | TR2 247
771.4717 	DATA 	Keypress: 5
771.4718 	DATA 	TR 495 | TR1 248 | TR2 247
773.0216 	DATA 	Keypress: 5
773.0217 	DATA 	TR 496 | TR1 248 | TR2 248
774.6048 	DATA 	Keypress: 5
774.6048 	DATA 	TR 497 | TR1 249 | TR2 248
776.1547 	DATA 	Keypress: 5
776.1547 	DATA 	TR 498 | TR1 249 | TR2 249
777.7212 	DATA 	Keypress: 5
777.7212 	DATA 	TR 499 | TR1 250 | TR2 249
779.2710 	DATA 	Keypress: 5
779.2711 	DATA 	TR 500 | TR1 250 | TR2 250
780.8542 	DATA 	Keypress: 5
780.8543 	DATA 	TR 501 | TR1 251 | TR2 250
782.4041 	DATA 	Keypress: 5
782.4042 	DATA 	TR 502 | TR1 251 | TR2 251
783.9706 	DATA 	Keypress: 5
783.9707 	DATA 	TR 503 | TR1 252 | TR2 251
785.5205 	DATA 	Keypress: 5
785.5205 	DATA 	TR 504 | TR1 252 | TR2 252
787.0870 	DATA 	Keypress: 5
787.0871 	DATA 	TR 505 | TR1 253 | TR2 252
788.6535 	DATA 	Keypress: 5
788.6536 	DATA 	TR 506 | TR1 253 | TR2 253
790.2200 	DATA 	Keypress: 5
790.2201 	DATA 	TR 507 | TR1 254 | TR2 253
791.7699 	DATA 	Keypress: 5
791.7700 	DATA 	TR 508 | TR1 254 | TR2 254
793.3364 	DATA 	Keypress: 5
793.3365 	DATA 	TR 509 | TR1 255 | TR2 254
794.8863 	DATA 	Keypress: 5
794.8864 	DATA 	TR 510 | TR1 255 | TR2 255
795.6695 	DATA 	
795.6695 	DATA 	Trial complete
795.6695 	DATA 	
796.4695 	DATA 	Keypress: 5
796.4695 	DATA 	TR 511 | TR1 256 | TR2 255
798.0194 	DATA 	Keypress: 5
798.0194 	DATA 	TR 512 | TR1 256 | TR2 256
799.5859 	DATA 	Keypress: 5
799.5859 	DATA 	TR 513 | TR1 257 | TR2 256
801.1357 	DATA 	Keypress: 5
801.1358 	DATA 	TR 514 | TR1 257 | TR2 257
802.7189 	DATA 	Keypress: 5
802.7190 	DATA 	TR 515 | TR1 258 | TR2 257
804.2688 	DATA 	Keypress: 5
804.2688 	DATA 	TR 516 | TR1 258 | TR2 258
805.8353 	DATA 	Keypress: 5
805.8353 	DATA 	TR 517 | TR1 259 | TR2 258
807.3852 	DATA 	Keypress: 5
807.3852 	DATA 	TR 518 | TR1 259 | TR2 259
808.2351 	DATA 	Target presented
808.7517 	DATA 	Keypress: 1
808.7517 	DATA 	Key1 pressed
808.7518 	DATA 	Target detected
808.9517 	DATA 	Keypress: 5
808.9517 	DATA 	TR 519 | TR1 260 | TR2 259
810.5022 	DATA 	Keypress: 5
810.5182 	DATA 	TR 520 | TR1 260 | TR2 260
812.0847 	DATA 	Keypress: 5
812.0848 	DATA 	TR 521 | TR1 261 | TR2 260
813.6346 	DATA 	Keypress: 5
813.6347 	DATA 	TR 522 | TR1 261 | TR2 261
815.2011 	DATA 	Keypress: 5
815.2011 	DATA 	TR 523 | TR1 262 | TR2 261
816.7510 	DATA 	Keypress: 5
816.7510 	DATA 	TR 524 | TR1 262 | TR2 262
818.3341 	DATA 	Keypress: 5
818.3342 	DATA 	TR 525 | TR1 263 | TR2 262
819.8840 	DATA 	Keypress: 5
819.8841 	DATA 	TR 526 | TR1 263 | TR2 263
820.7505 	DATA 	EndOfRun sub-07_ses-04_run-03

820.7506 	DATA 	We spent 50.18658709526062 seconds waiting for triggers
820.7506 	DATA 	RatioOfDetectedTargets 1.0
820.7506 	DATA 	You have detected 12 out of 12 targets.
825.5725 	DATA 	Keypress: 5
825.5726 	DATA 	Keypress: 5
825.7798 	EXP 	window1: mouseVisible = True
