MonitorDistance=99cm
MonitorWidth=30cm
PixelWidth=1024.0
PixelHeight=768.0
You have detected 12 out of 12 targets.
Excellent! Keep up the good work
6.1919 	INFO 	Loaded monitor calibration from ['2021_05_26 17:55']
6.7049 	EXP 	Created window1 = Window(allowGUI=False, allowStencil=False, autoLog=True, backendConf=UNKNOWN, bitsMode=UNKNOWN, blendMode='avg', bpc=(8, 8, 8), color=array([-0.5, -0.5, -0.5]), colorSpace='rgb', depthBits=8, fullscr=<method-wrapper '__getattribute__' of attributeSetter object at 0x7fa623209438>, gamma=None, gammaErrorPolicy='raise', lms=UNKNOWN, monitor=<psychopy.monitors.calibTools.Monitor object at 0x7fa61902b048>, multiSample=False, name='window1', numSamples=2, pos=[0.0, 0.0], screen=0, size=array([1024,  768]), stencilBits=0, stereo=False, units='deg', useFBO=False, useRetina=False, viewOri=0.0, viewPos=None, viewScale=None, waitBlanking=True, winType='pyglet')
6.7050 	EXP 	window1: mouseVisible = True
6.7892 	EXP 	Created unnamed TextStim = TextStim(__class__=<class 'psychopy.visual.text.TextStim'>, alignHoriz=method-wrapper(...), alignText='center', alignVert=method-wrapper(...), anchorHoriz='center', anchorVert='center', antialias=True, autoLog=True, bold=False, color=array([1., 1., 1.]), colorSpace='rgb', contrast=1.0, depth=0, flipHoriz=False, flipVert=False, font='', fontFiles=[], height=0.5, italic=False, languageStyle='LTR', name='unnamed TextStim', opacity=1.0, ori=0.0, pos=array([0., 0.]), rgb=UNKNOWN, text=str(...), units='deg', win=Window(...), wrapWidth=15.0)
6.8224 	EXP 	Created Movie Frame 0 = ImageStim(__class__=<class 'psychopy.visual.image.ImageStim'>, autoLog=True, color=array([0.8, 0.8, 0.8]), colorSpace='rgb', contrast=0.8, depth=0, flipHoriz=False, flipVert=False, image='visual_0.png', interpolate=False, mask=None, maskParams=None, name='Movie Frame 0', opacity=1, ori=0.0, pos=array([0., 0.]), size=array([1024,  768]), texRes=128, units='pix', win=Window(...))
6.8499 	EXP 	Created Movie Frame 1 = ImageStim(__class__=<class 'psychopy.visual.image.ImageStim'>, autoLog=True, color=array([0.8, 0.8, 0.8]), colorSpace='rgb', contrast=0.8, depth=0, flipHoriz=False, flipVert=False, image='visual_1.png', interpolate=False, mask=None, maskParams=None, name='Movie Frame 1', opacity=1, ori=0.0, pos=array([0., 0.]), size=array([1024,  768]), texRes=128, units='pix', win=Window(...))
44.4705 	DATA 	Keypress: 5
0.0000 	DATA 	StartOfRun sub-07_ses-04_run-01
0.0000 	DATA 	TR 1 | TR1 1 | TR2 0
0.0164 	DATA 	Initial baseline

1.5506 	DATA 	Keypress: 5
1.5507 	DATA 	TR 2 | TR1 1 | TR2 1
3.1228 	DATA 	Keypress: 5
3.1228 	DATA 	TR 3 | TR1 2 | TR2 1
4.6739 	DATA 	Keypress: 5
4.6739 	DATA 	TR 4 | TR1 2 | TR2 2
6.2461 	DATA 	Keypress: 5
6.2461 	DATA 	TR 5 | TR1 3 | TR2 2
7.7973 	DATA 	Keypress: 5
7.7973 	DATA 	TR 6 | TR1 3 | TR2 3
9.3695 	DATA 	Keypress: 5
9.3695 	DATA 	TR 7 | TR1 4 | TR2 3
10.9207 	DATA 	Keypress: 5
10.9207 	DATA 	TR 8 | TR1 4 | TR2 4
12.4929 	DATA 	Keypress: 5
12.4929 	DATA 	TR 9 | TR1 5 | TR2 4
14.0440 	DATA 	Keypress: 5
14.0441 	DATA 	TR 10 | TR1 5 | TR2 5
15.6162 	DATA 	Keypress: 5
15.6163 	DATA 	TR 11 | TR1 6 | TR2 5
17.1674 	DATA 	Keypress: 5
17.1675 	DATA 	TR 12 | TR1 6 | TR2 6
18.7397 	DATA 	Keypress: 5
18.7397 	DATA 	TR 13 | TR1 7 | TR2 6
20.2909 	DATA 	Keypress: 5
20.2909 	DATA 	TR 14 | TR1 7 | TR2 7
21.8630 	DATA 	Keypress: 5
21.8630 	DATA 	TR 15 | TR1 8 | TR2 7
23.4141 	DATA 	Keypress: 5
23.4142 	DATA 	TR 16 | TR1 8 | TR2 8
24.9864 	DATA 	Keypress: 5
24.9864 	DATA 	TR 17 | TR1 9 | TR2 8
26.5376 	DATA 	Keypress: 5
26.5376 	DATA 	TR 18 | TR1 9 | TR2 9
28.1098 	DATA 	Keypress: 5
28.1098 	DATA 	TR 19 | TR1 10 | TR2 9
29.6609 	DATA 	Keypress: 5
29.6610 	DATA 	TR 20 | TR1 10 | TR2 10
31.2474 	DATA 	Keypress: 5
31.2475 	DATA 	Waited 1.2474510669708252 seconds for trigger
31.2525 	DATA 	
31.2525 	DATA 	Trial 1
31.2526 	DATA 	stimDur = 24.0
31.2526 	DATA 	jitter = 2.35575
31.2526 	DATA 	restDur = 40.0

31.2526 	DATA 	
31.2526 	DATA 	TR 21 | TR1 11 | TR2 10
32.7973 	DATA 	Keypress: 5
32.7973 	DATA 	TR 22 | TR1 11 | TR2 11
33.6139 	DATA 	
33.6139 	DATA 	stimulation started
33.6139 	DATA 	
34.3638 	DATA 	Keypress: 5
34.3639 	DATA 	TR 23 | TR1 12 | TR2 11
35.9137 	DATA 	Keypress: 5
35.9138 	DATA 	TR 24 | TR1 12 | TR2 12
37.4802 	DATA 	Keypress: 5
37.4802 	DATA 	TR 25 | TR1 13 | TR2 12
39.0468 	DATA 	Keypress: 5
39.0468 	DATA 	TR 26 | TR1 13 | TR2 13
40.6132 	DATA 	Keypress: 5
40.6133 	DATA 	TR 27 | TR1 14 | TR2 13
42.1631 	DATA 	Keypress: 5
42.1632 	DATA 	TR 28 | TR1 14 | TR2 14
43.7296 	DATA 	Keypress: 5
43.7296 	DATA 	TR 29 | TR1 15 | TR2 14
45.2795 	DATA 	Keypress: 5
45.2795 	DATA 	TR 30 | TR1 15 | TR2 15
46.8626 	DATA 	Keypress: 5
46.8627 	DATA 	TR 31 | TR1 16 | TR2 15
48.4125 	DATA 	Keypress: 5
48.4126 	DATA 	TR 32 | TR1 16 | TR2 16
49.9791 	DATA 	Keypress: 5
49.9792 	DATA 	TR 33 | TR1 17 | TR2 16
51.5289 	DATA 	Keypress: 5
51.5290 	DATA 	TR 34 | TR1 17 | TR2 17
53.0963 	DATA 	Keypress: 5
53.1120 	DATA 	TR 35 | TR1 18 | TR2 17
54.6620 	DATA 	Keypress: 5
54.6620 	DATA 	TR 36 | TR1 18 | TR2 18
56.2284 	DATA 	Keypress: 5
56.2285 	DATA 	TR 37 | TR1 19 | TR2 18
57.6116 	DATA 	
57.6116 	DATA 	stimulation stopped
57.6116 	DATA 	
57.7783 	DATA 	Keypress: 5
57.7783 	DATA 	TR 38 | TR1 19 | TR2 19
59.3448 	DATA 	Keypress: 5
59.3448 	DATA 	TR 39 | TR1 20 | TR2 19
60.8952 	DATA 	Keypress: 5
60.9112 	DATA 	TR 40 | TR1 20 | TR2 20
62.4779 	DATA 	Keypress: 5
62.4780 	DATA 	TR 41 | TR1 21 | TR2 20
64.0277 	DATA 	Keypress: 5
64.0277 	DATA 	TR 42 | TR1 21 | TR2 21
65.5941 	DATA 	Keypress: 5
65.5942 	DATA 	TR 43 | TR1 22 | TR2 21
67.1441 	DATA 	Keypress: 5
67.1441 	DATA 	TR 44 | TR1 22 | TR2 22
68.7274 	DATA 	Keypress: 5
68.7274 	DATA 	TR 45 | TR1 23 | TR2 22
70.2771 	DATA 	Keypress: 5
70.2771 	DATA 	TR 46 | TR1 23 | TR2 23
71.8436 	DATA 	Keypress: 5
71.8436 	DATA 	TR 47 | TR1 24 | TR2 23
73.3935 	DATA 	Keypress: 5
73.3935 	DATA 	TR 48 | TR1 24 | TR2 24
74.9600 	DATA 	Keypress: 5
74.9600 	DATA 	TR 49 | TR1 25 | TR2 24
76.5265 	DATA 	Keypress: 5
76.5266 	DATA 	TR 50 | TR1 25 | TR2 25
77.4598 	DATA 	Target presented
77.9430 	DATA 	Keypress: 1
77.9431 	DATA 	Key1 pressed
77.9431 	DATA 	Target detected
78.0930 	DATA 	Keypress: 5
78.0931 	DATA 	TR 51 | TR1 26 | TR2 25
79.6429 	DATA 	Keypress: 5
79.6429 	DATA 	TR 52 | TR1 26 | TR2 26
81.2094 	DATA 	Keypress: 5
81.2095 	DATA 	TR 53 | TR1 27 | TR2 26
82.7592 	DATA 	Keypress: 5
82.7593 	DATA 	TR 54 | TR1 27 | TR2 27
84.3425 	DATA 	Keypress: 5
84.3426 	DATA 	TR 55 | TR1 28 | TR2 27
85.8923 	DATA 	Keypress: 5
85.8923 	DATA 	TR 56 | TR1 28 | TR2 28
87.4588 	DATA 	Keypress: 5
87.4589 	DATA 	TR 57 | TR1 29 | TR2 28
89.0086 	DATA 	Keypress: 5
89.0087 	DATA 	TR 58 | TR1 29 | TR2 29
90.5919 	DATA 	Keypress: 5
90.5920 	DATA 	TR 59 | TR1 30 | TR2 29
92.1417 	DATA 	Keypress: 5
92.1418 	DATA 	TR 60 | TR1 30 | TR2 30
93.7082 	DATA 	Keypress: 5
93.7083 	DATA 	TR 61 | TR1 31 | TR2 30
95.2580 	DATA 	Keypress: 5
95.2581 	DATA 	TR 62 | TR1 31 | TR2 31
96.8247 	DATA 	Keypress: 5
96.8248 	DATA 	TR 63 | TR1 32 | TR2 31
97.6078 	DATA 	
97.6078 	DATA 	Trial complete
97.6078 	DATA 	Waiting for VASO trigger to start next trial
97.6078 	DATA 	
98.3744 	DATA 	Keypress: 5
98.3745 	DATA 	TR 64 | TR1 32 | TR2 32
99.9577 	DATA 	Keypress: 5
99.9577 	DATA 	Waited 2.3498799800872803 seconds for trigger
99.9585 	DATA 	
99.9585 	DATA 	Trial 2
99.9585 	DATA 	stimDur = 12.0
99.9585 	DATA 	jitter = 0.0
99.9585 	DATA 	restDur = 30.0

99.9585 	DATA 	
99.9585 	DATA 	TR 65 | TR1 33 | TR2 32
99.9585 	DATA 	
99.9585 	DATA 	stimulation started
99.9585 	DATA 	
101.5075 	DATA 	Keypress: 5
101.5076 	DATA 	TR 66 | TR1 33 | TR2 33
103.0742 	DATA 	Keypress: 5
103.0743 	DATA 	TR 67 | TR1 34 | TR2 33
104.6239 	DATA 	Keypress: 5
104.6240 	DATA 	TR 68 | TR1 34 | TR2 34
106.2072 	DATA 	Keypress: 5
106.2072 	DATA 	TR 69 | TR1 35 | TR2 34
107.7570 	DATA 	Keypress: 5
107.7570 	DATA 	TR 70 | TR1 35 | TR2 35
109.3235 	DATA 	Keypress: 5
109.3236 	DATA 	TR 71 | TR1 36 | TR2 35
110.8733 	DATA 	Keypress: 5
110.8734 	DATA 	TR 72 | TR1 36 | TR2 36
111.9732 	DATA 	
111.9732 	DATA 	stimulation stopped
111.9732 	DATA 	
112.4404 	DATA 	Keypress: 5
112.4564 	DATA 	TR 73 | TR1 37 | TR2 36
114.0063 	DATA 	Keypress: 5
114.0064 	DATA 	TR 74 | TR1 37 | TR2 37
115.5729 	DATA 	Keypress: 5
115.5729 	DATA 	TR 75 | TR1 38 | TR2 37
117.1227 	DATA 	Keypress: 5
117.1227 	DATA 	TR 76 | TR1 38 | TR2 38
118.6893 	DATA 	Keypress: 5
118.6893 	DATA 	TR 77 | TR1 39 | TR2 38
120.2392 	DATA 	Keypress: 5
120.2393 	DATA 	TR 78 | TR1 39 | TR2 39
121.8223 	DATA 	Keypress: 5
121.8223 	DATA 	TR 79 | TR1 40 | TR2 39
123.3720 	DATA 	Keypress: 5
123.3720 	DATA 	TR 80 | TR1 40 | TR2 40
124.9387 	DATA 	Keypress: 5
124.9387 	DATA 	TR 81 | TR1 41 | TR2 40
126.4885 	DATA 	Keypress: 5
126.4885 	DATA 	TR 82 | TR1 41 | TR2 41
128.0717 	DATA 	Keypress: 5
128.0717 	DATA 	TR 83 | TR1 42 | TR2 41
129.6215 	DATA 	Keypress: 5
129.6216 	DATA 	TR 84 | TR1 42 | TR2 42
131.1881 	DATA 	Keypress: 5
131.1881 	DATA 	TR 85 | TR1 43 | TR2 42
132.7379 	DATA 	Keypress: 5
132.7380 	DATA 	TR 86 | TR1 43 | TR2 43
133.5045 	DATA 	Target presented
133.9544 	DATA 	Keypress: 1
133.9545 	DATA 	Key1 pressed
133.9545 	DATA 	Target detected
134.3044 	DATA 	Keypress: 5
134.3045 	DATA 	TR 87 | TR1 44 | TR2 43
135.8549 	DATA 	Keypress: 5
135.8709 	DATA 	TR 88 | TR1 44 | TR2 44
137.4375 	DATA 	Keypress: 5
137.4375 	DATA 	TR 89 | TR1 45 | TR2 44
138.9873 	DATA 	Keypress: 5
138.9874 	DATA 	TR 90 | TR1 45 | TR2 45
140.5539 	DATA 	Keypress: 5
140.5539 	DATA 	TR 91 | TR1 46 | TR2 45
141.9703 	DATA 	
141.9703 	DATA 	Trial complete
141.9704 	DATA 	Waiting for VASO trigger to start next trial
141.9704 	DATA 	
142.1037 	DATA 	Keypress: 5
142.1037 	DATA 	TR 92 | TR1 46 | TR2 46
143.6869 	DATA 	Keypress: 5
143.6870 	DATA 	Waited 1.716597080230713 seconds for trigger
143.6877 	DATA 	
143.6877 	DATA 	Trial 3
143.6878 	DATA 	stimDur = 24.0
143.6878 	DATA 	jitter = 1.5705
143.6878 	DATA 	restDur = 40.0

143.6878 	DATA 	
143.6878 	DATA 	TR 93 | TR1 47 | TR2 46
145.2367 	DATA 	Keypress: 5
145.2368 	DATA 	TR 94 | TR1 47 | TR2 47
145.2700 	DATA 	
145.2700 	DATA 	stimulation started
145.2700 	DATA 	
146.8035 	DATA 	Keypress: 5
146.8035 	DATA 	TR 95 | TR1 48 | TR2 47
148.3532 	DATA 	Keypress: 5
148.3532 	DATA 	TR 96 | TR1 48 | TR2 48
149.9364 	DATA 	Keypress: 5
149.9364 	DATA 	TR 97 | TR1 49 | TR2 48
151.4862 	DATA 	Keypress: 5
151.4863 	DATA 	TR 98 | TR1 49 | TR2 49
153.0528 	DATA 	Keypress: 5
153.0528 	DATA 	TR 99 | TR1 50 | TR2 49
154.6025 	DATA 	Keypress: 5
154.6026 	DATA 	TR 100 | TR1 50 | TR2 50
156.1691 	DATA 	Keypress: 5
156.1692 	DATA 	TR 101 | TR1 51 | TR2 50
157.7191 	DATA 	Keypress: 5
157.7191 	DATA 	TR 102 | TR1 51 | TR2 51
159.3022 	DATA 	Keypress: 5
159.3022 	DATA 	TR 103 | TR1 52 | TR2 51
160.8520 	DATA 	Keypress: 5
160.8520 	DATA 	TR 104 | TR1 52 | TR2 52
162.4186 	DATA 	Keypress: 5
162.4186 	DATA 	TR 105 | TR1 53 | TR2 52
163.9684 	DATA 	Keypress: 5
163.9684 	DATA 	TR 106 | TR1 53 | TR2 53
165.5516 	DATA 	Keypress: 5
165.5516 	DATA 	TR 107 | TR1 54 | TR2 53
167.1014 	DATA 	Keypress: 5
167.1014 	DATA 	TR 108 | TR1 54 | TR2 54
168.6680 	DATA 	Keypress: 5
168.6680 	DATA 	TR 109 | TR1 55 | TR2 54
169.2678 	DATA 	
169.2679 	DATA 	stimulation stopped
169.2679 	DATA 	
170.2177 	DATA 	Keypress: 5
170.2178 	DATA 	TR 110 | TR1 55 | TR2 55
171.7843 	DATA 	Keypress: 5
171.7843 	DATA 	TR 111 | TR1 56 | TR2 55
173.3508 	DATA 	Keypress: 5
173.3508 	DATA 	TR 112 | TR1 56 | TR2 56
174.9173 	DATA 	Keypress: 5
174.9174 	DATA 	TR 113 | TR1 57 | TR2 56
176.4673 	DATA 	Keypress: 5
176.4673 	DATA 	TR 114 | TR1 57 | TR2 57
178.0337 	DATA 	Keypress: 5
178.0338 	DATA 	TR 115 | TR1 58 | TR2 57
179.5836 	DATA 	Keypress: 5
179.5836 	DATA 	TR 116 | TR1 58 | TR2 58
181.1668 	DATA 	Keypress: 5
181.1668 	DATA 	TR 117 | TR1 59 | TR2 58
182.7166 	DATA 	Keypress: 5
182.7166 	DATA 	TR 118 | TR1 59 | TR2 59
184.2834 	DATA 	Keypress: 5
184.2834 	DATA 	TR 119 | TR1 60 | TR2 59
185.8329 	DATA 	Keypress: 5
185.8330 	DATA 	TR 120 | TR1 60 | TR2 60
187.4162 	DATA 	Keypress: 5
187.4162 	DATA 	TR 121 | TR1 61 | TR2 60
188.9661 	DATA 	Keypress: 5
188.9662 	DATA 	TR 122 | TR1 61 | TR2 61
190.5325 	DATA 	Keypress: 5
190.5326 	DATA 	TR 123 | TR1 62 | TR2 61
191.2158 	DATA 	Target presented
191.6990 	DATA 	Keypress: 1
191.6990 	DATA 	Key1 pressed
191.6990 	DATA 	Target detected
192.0824 	DATA 	Keypress: 5
192.0824 	DATA 	TR 124 | TR1 62 | TR2 62
193.6489 	DATA 	Keypress: 5
193.6490 	DATA 	TR 125 | TR1 63 | TR2 62
195.1993 	DATA 	Keypress: 5
195.2154 	DATA 	TR 126 | TR1 63 | TR2 63
196.7820 	DATA 	Keypress: 5
196.7820 	DATA 	TR 127 | TR1 64 | TR2 63
198.3318 	DATA 	Keypress: 5
198.3318 	DATA 	TR 128 | TR1 64 | TR2 64
199.8983 	DATA 	Keypress: 5
199.8984 	DATA 	TR 129 | TR1 65 | TR2 64
201.4481 	DATA 	Keypress: 5
201.4482 	DATA 	TR 130 | TR1 65 | TR2 65
203.0314 	DATA 	Keypress: 5
203.0314 	DATA 	TR 131 | TR1 66 | TR2 65
204.5812 	DATA 	Keypress: 5
204.5813 	DATA 	TR 132 | TR1 66 | TR2 66
206.1478 	DATA 	Keypress: 5
206.1478 	DATA 	TR 133 | TR1 67 | TR2 66
207.6976 	DATA 	Keypress: 5
207.6976 	DATA 	TR 134 | TR1 67 | TR2 67
209.2641 	DATA 	Keypress: 5
209.2642 	DATA 	TR 135 | TR1 68 | TR2 67
209.2642 	DATA 	
209.2642 	DATA 	Trial complete
209.2642 	DATA 	Waiting for VASO trigger to start next trial
209.2642 	DATA 	
210.8306 	DATA 	Keypress: 5
210.8307 	DATA 	TR 136 | TR1 68 | TR2 68
212.3972 	DATA 	Keypress: 5
212.3973 	DATA 	Waited 3.1330320835113525 seconds for trigger
212.3980 	DATA 	
212.3980 	DATA 	Trial 4
212.3981 	DATA 	stimDur = 1.0
212.3981 	DATA 	jitter = 2.35575
212.3981 	DATA 	restDur = 20.0

212.3981 	DATA 	
212.3981 	DATA 	TR 137 | TR1 69 | TR2 68
213.9470 	DATA 	Keypress: 5
213.9471 	DATA 	TR 138 | TR1 69 | TR2 69
214.7636 	DATA 	
214.7636 	DATA 	stimulation started
214.7636 	DATA 	
215.5136 	DATA 	Keypress: 5
215.5137 	DATA 	TR 139 | TR1 70 | TR2 69
215.7635 	DATA 	
215.7635 	DATA 	stimulation stopped
215.7635 	DATA 	
217.0634 	DATA 	Keypress: 5
217.0635 	DATA 	TR 140 | TR1 70 | TR2 70
218.6467 	DATA 	Keypress: 5
218.6468 	DATA 	TR 141 | TR1 71 | TR2 70
220.1964 	DATA 	Keypress: 5
220.1965 	DATA 	TR 142 | TR1 71 | TR2 71
221.7630 	DATA 	Keypress: 5
221.7630 	DATA 	TR 143 | TR1 72 | TR2 71
223.3128 	DATA 	Keypress: 5
223.3128 	DATA 	TR 144 | TR1 72 | TR2 72
224.8960 	DATA 	Keypress: 5
224.8960 	DATA 	TR 145 | TR1 73 | TR2 72
226.4460 	DATA 	Keypress: 5
226.4460 	DATA 	TR 146 | TR1 73 | TR2 73
228.0124 	DATA 	Keypress: 5
228.0124 	DATA 	TR 147 | TR1 74 | TR2 73
229.5622 	DATA 	Keypress: 5
229.5622 	DATA 	TR 148 | TR1 74 | TR2 74
231.1287 	DATA 	Keypress: 5
231.1288 	DATA 	TR 149 | TR1 75 | TR2 74
232.6792 	DATA 	Keypress: 5
232.6952 	DATA 	TR 150 | TR1 75 | TR2 75
234.2619 	DATA 	Keypress: 5
234.2619 	DATA 	TR 151 | TR1 76 | TR2 75
235.7616 	DATA 	
235.7616 	DATA 	Trial complete
235.7616 	DATA 	Waiting for VASO trigger to start next trial
235.7616 	DATA 	
235.8118 	DATA 	Keypress: 5
235.8118 	DATA 	TR 152 | TR1 76 | TR2 76
237.3782 	DATA 	Keypress: 5
237.3782 	DATA 	Waited 1.6165900230407715 seconds for trigger
237.3790 	DATA 	
237.3790 	DATA 	Trial 5
237.3790 	DATA 	stimDur = 12.0
237.3790 	DATA 	jitter = 0.78525
237.3790 	DATA 	restDur = 30.0

237.3790 	DATA 	
237.3790 	DATA 	TR 153 | TR1 77 | TR2 76
238.1780 	DATA 	
238.1780 	DATA 	stimulation started
238.1780 	DATA 	
238.9281 	DATA 	Keypress: 5
238.9281 	DATA 	TR 154 | TR1 77 | TR2 77
240.5114 	DATA 	Keypress: 5
240.5114 	DATA 	TR 155 | TR1 78 | TR2 77
242.0611 	DATA 	Keypress: 5
242.0611 	DATA 	TR 156 | TR1 78 | TR2 78
243.6276 	DATA 	Keypress: 5
243.6277 	DATA 	TR 157 | TR1 79 | TR2 78
245.1775 	DATA 	Keypress: 5
245.1775 	DATA 	TR 158 | TR1 79 | TR2 79
246.7448 	DATA 	Keypress: 5
246.7606 	DATA 	TR 159 | TR1 80 | TR2 79
248.3105 	DATA 	Keypress: 5
248.3106 	DATA 	TR 160 | TR1 80 | TR2 80
249.4937 	DATA 	Target presented
249.8771 	DATA 	Keypress: 5
249.8771 	DATA 	TR 161 | TR1 81 | TR2 80
250.0270 	DATA 	Keypress: 1
250.0270 	DATA 	Key1 pressed
250.0270 	DATA 	Target detected
250.1770 	DATA 	
250.1770 	DATA 	stimulation stopped
250.1770 	DATA 	
251.4268 	DATA 	Keypress: 5
251.4268 	DATA 	TR 162 | TR1 81 | TR2 81
252.9933 	DATA 	Keypress: 5
252.9933 	DATA 	TR 163 | TR1 82 | TR2 81
254.5433 	DATA 	Keypress: 5
254.5434 	DATA 	TR 164 | TR1 82 | TR2 82
256.1264 	DATA 	Keypress: 5
256.1264 	DATA 	TR 165 | TR1 83 | TR2 82
257.6762 	DATA 	Keypress: 5
257.6763 	DATA 	TR 166 | TR1 83 | TR2 83
259.2428 	DATA 	Keypress: 5
259.2428 	DATA 	TR 167 | TR1 84 | TR2 83
260.7926 	DATA 	Keypress: 5
260.7927 	DATA 	TR 168 | TR1 84 | TR2 84
262.3758 	DATA 	Keypress: 5
262.3759 	DATA 	TR 169 | TR1 85 | TR2 84
263.9257 	DATA 	Keypress: 5
263.9257 	DATA 	TR 170 | TR1 85 | TR2 85
265.4922 	DATA 	Keypress: 5
265.4923 	DATA 	TR 171 | TR1 86 | TR2 85
267.0420 	DATA 	Keypress: 5
267.0421 	DATA 	TR 172 | TR1 86 | TR2 86
268.6087 	DATA 	Keypress: 5
268.6087 	DATA 	TR 173 | TR1 87 | TR2 86
270.1752 	DATA 	Keypress: 5
270.1753 	DATA 	TR 174 | TR1 87 | TR2 87
271.7416 	DATA 	Keypress: 5
271.7417 	DATA 	TR 175 | TR1 88 | TR2 87
273.2915 	DATA 	Keypress: 5
273.2915 	DATA 	TR 176 | TR1 88 | TR2 88
274.8580 	DATA 	Keypress: 5
274.8581 	DATA 	TR 177 | TR1 89 | TR2 88
276.4078 	DATA 	Keypress: 5
276.4079 	DATA 	TR 178 | TR1 89 | TR2 89
277.9910 	DATA 	Keypress: 5
277.9911 	DATA 	TR 179 | TR1 90 | TR2 89
279.5409 	DATA 	Keypress: 5
279.5409 	DATA 	TR 180 | TR1 90 | TR2 90
280.1741 	DATA 	
280.1741 	DATA 	Trial complete
280.1742 	DATA 	Waiting for VASO trigger to start next trial
280.1742 	DATA 	
281.1074 	DATA 	Keypress: 5
281.1075 	DATA 	Waited 0.9333250522613525 seconds for trigger
281.1082 	DATA 	
281.1083 	DATA 	Trial 6
281.1083 	DATA 	stimDur = 2.0
281.1083 	DATA 	jitter = 0.78525
281.1083 	DATA 	restDur = 22.0

281.1083 	DATA 	
281.1083 	DATA 	TR 181 | TR1 91 | TR2 90
281.9073 	DATA 	
281.9073 	DATA 	stimulation started
281.9073 	DATA 	
282.6573 	DATA 	Keypress: 5
282.6574 	DATA 	TR 182 | TR1 91 | TR2 91
283.9072 	DATA 	
283.9072 	DATA 	stimulation stopped
283.9072 	DATA 	
284.2405 	DATA 	Keypress: 5
284.2405 	DATA 	TR 183 | TR1 92 | TR2 91
285.7903 	DATA 	Keypress: 5
285.7903 	DATA 	TR 184 | TR1 92 | TR2 92
287.3568 	DATA 	Keypress: 5
287.3569 	DATA 	TR 185 | TR1 93 | TR2 92
288.9067 	DATA 	Keypress: 5
288.9067 	DATA 	TR 186 | TR1 93 | TR2 93
290.4734 	DATA 	Keypress: 5
290.4734 	DATA 	TR 187 | TR1 94 | TR2 93
292.0236 	DATA 	Keypress: 5
292.0397 	DATA 	TR 188 | TR1 94 | TR2 94
293.6062 	DATA 	Keypress: 5
293.6063 	DATA 	TR 189 | TR1 95 | TR2 94
295.1561 	DATA 	Keypress: 5
295.1561 	DATA 	TR 190 | TR1 95 | TR2 95
295.3894 	DATA 	Target presented
295.9227 	DATA 	Keypress: 1
295.9228 	DATA 	Key1 pressed
295.9228 	DATA 	Target detected
296.7226 	DATA 	Keypress: 5
296.7227 	DATA 	TR 191 | TR1 96 | TR2 95
298.2725 	DATA 	Keypress: 5
298.2725 	DATA 	TR 192 | TR1 96 | TR2 96
299.8557 	DATA 	Keypress: 5
299.8557 	DATA 	TR 193 | TR1 97 | TR2 96
301.4055 	DATA 	Keypress: 5
301.4055 	DATA 	TR 194 | TR1 97 | TR2 97
302.9721 	DATA 	Keypress: 5
302.9721 	DATA 	TR 195 | TR1 98 | TR2 97
304.5220 	DATA 	Keypress: 5
304.5221 	DATA 	TR 196 | TR1 98 | TR2 98
305.9051 	DATA 	
305.9051 	DATA 	Trial complete
305.9051 	DATA 	Waiting for VASO trigger to start next trial
305.9051 	DATA 	
306.0885 	DATA 	Keypress: 5
306.0885 	DATA 	Waited 0.18341588973999023 seconds for trigger
306.0893 	DATA 	
306.0893 	DATA 	Trial 7
306.0893 	DATA 	stimDur = 2.0
306.0893 	DATA 	jitter = 0.0
306.0893 	DATA 	restDur = 22.0

306.0893 	DATA 	
306.0893 	DATA 	TR 197 | TR1 99 | TR2 98
306.0893 	DATA 	
306.0893 	DATA 	stimulation started
306.0893 	DATA 	
307.6551 	DATA 	Keypress: 5
307.6552 	DATA 	TR 198 | TR1 99 | TR2 99
308.1049 	DATA 	
308.1049 	DATA 	stimulation stopped
308.1049 	DATA 	
309.2215 	DATA 	Keypress: 5
309.2215 	DATA 	TR 199 | TR1 100 | TR2 99
310.7713 	DATA 	Keypress: 5
310.7713 	DATA 	TR 200 | TR1 100 | TR2 100
312.3379 	DATA 	Keypress: 5
312.3380 	DATA 	TR 201 | TR1 101 | TR2 100
313.8877 	DATA 	Keypress: 5
313.8877 	DATA 	TR 202 | TR1 101 | TR2 101
315.4709 	DATA 	Keypress: 5
315.4709 	DATA 	TR 203 | TR1 102 | TR2 101
317.0207 	DATA 	Keypress: 5
317.0208 	DATA 	TR 204 | TR1 102 | TR2 102
318.5874 	DATA 	Keypress: 5
318.5874 	DATA 	TR 205 | TR1 103 | TR2 102
320.1371 	DATA 	Keypress: 5
320.1371 	DATA 	TR 206 | TR1 103 | TR2 103
321.7203 	DATA 	Keypress: 5
321.7204 	DATA 	TR 207 | TR1 104 | TR2 103
323.2701 	DATA 	Keypress: 5
323.2701 	DATA 	TR 208 | TR1 104 | TR2 104
324.8366 	DATA 	Keypress: 5
324.8367 	DATA 	TR 209 | TR1 105 | TR2 104
326.3865 	DATA 	Keypress: 5
326.3866 	DATA 	TR 210 | TR1 105 | TR2 105
327.9531 	DATA 	Keypress: 5
327.9532 	DATA 	TR 211 | TR1 106 | TR2 105
329.5195 	DATA 	Keypress: 5
329.5196 	DATA 	TR 212 | TR1 106 | TR2 106
330.1028 	DATA 	
330.1028 	DATA 	Trial complete
330.1028 	DATA 	Waiting for VASO trigger to start next trial
330.1028 	DATA 	
331.0860 	DATA 	Keypress: 5
331.0860 	DATA 	Waited 0.9832160472869873 seconds for trigger
331.0868 	DATA 	
331.0868 	DATA 	Trial 8
331.0868 	DATA 	stimDur = 2.0
331.0868 	DATA 	jitter = 1.5705
331.0868 	DATA 	restDur = 22.0

331.0868 	DATA 	
331.0868 	DATA 	TR 213 | TR1 107 | TR2 106
332.6360 	DATA 	Keypress: 5
332.6360 	DATA 	TR 214 | TR1 107 | TR2 107
332.6692 	DATA 	
332.6692 	DATA 	stimulation started
332.6692 	DATA 	
334.2025 	DATA 	Keypress: 5
334.2025 	DATA 	TR 215 | TR1 108 | TR2 107
334.6691 	DATA 	
334.6691 	DATA 	stimulation stopped
334.6691 	DATA 	
335.7520 	DATA 	Keypress: 5
335.7520 	DATA 	TR 216 | TR1 108 | TR2 108
337.3355 	DATA 	Keypress: 5
337.3355 	DATA 	TR 217 | TR1 109 | TR2 108
338.8854 	DATA 	Keypress: 5
338.8854 	DATA 	TR 218 | TR1 109 | TR2 109
340.4519 	DATA 	Keypress: 5
340.4519 	DATA 	TR 219 | TR1 110 | TR2 109
342.0018 	DATA 	Keypress: 5
342.0018 	DATA 	TR 220 | TR1 110 | TR2 110
343.5688 	DATA 	Keypress: 5
343.5849 	DATA 	TR 221 | TR1 111 | TR2 110
345.1348 	DATA 	Keypress: 5
345.1349 	DATA 	TR 222 | TR1 111 | TR2 111
346.7013 	DATA 	Keypress: 5
346.7013 	DATA 	TR 223 | TR1 112 | TR2 111
348.2514 	DATA 	Keypress: 5
348.2514 	DATA 	TR 224 | TR1 112 | TR2 112
349.8177 	DATA 	Keypress: 5
349.8177 	DATA 	TR 225 | TR1 113 | TR2 112
351.3675 	DATA 	Keypress: 5
351.3676 	DATA 	TR 226 | TR1 113 | TR2 113
352.9507 	DATA 	Keypress: 5
352.9508 	DATA 	TR 227 | TR1 114 | TR2 113
354.5006 	DATA 	Keypress: 5
354.5006 	DATA 	TR 228 | TR1 114 | TR2 114
356.0670 	DATA 	Keypress: 5
356.0670 	DATA 	TR 229 | TR1 115 | TR2 114
356.6670 	DATA 	
356.6670 	DATA 	Trial complete
356.6670 	DATA 	Waiting for VASO trigger to start next trial
356.6670 	DATA 	
357.6169 	DATA 	Keypress: 5
357.6170 	DATA 	TR 230 | TR1 115 | TR2 115
359.2001 	DATA 	Keypress: 5
359.2002 	DATA 	Waited 2.533151865005493 seconds for trigger
359.2009 	DATA 	
359.2009 	DATA 	Trial 9
359.2009 	DATA 	stimDur = 12.0
359.2010 	DATA 	jitter = 1.5705
359.2010 	DATA 	restDur = 30.0

359.2010 	DATA 	
359.2010 	DATA 	TR 231 | TR1 116 | TR2 115
360.7500 	DATA 	Keypress: 5
360.7501 	DATA 	TR 232 | TR1 116 | TR2 116
360.7833 	DATA 	
360.7833 	DATA 	stimulation started
360.7833 	DATA 	
362.3166 	DATA 	Keypress: 5
362.3166 	DATA 	TR 233 | TR1 117 | TR2 116
363.8664 	DATA 	Keypress: 5
363.8665 	DATA 	TR 234 | TR1 117 | TR2 117
365.4329 	DATA 	Keypress: 5
365.4330 	DATA 	TR 235 | TR1 118 | TR2 117
366.9835 	DATA 	Keypress: 5
366.9994 	DATA 	TR 236 | TR1 118 | TR2 118
368.4826 	DATA 	Target presented
368.5660 	DATA 	Keypress: 5
368.5660 	DATA 	TR 237 | TR1 119 | TR2 118
368.9326 	DATA 	Keypress: 1
368.9326 	DATA 	Key1 pressed
368.9327 	DATA 	Target detected
370.1159 	DATA 	Keypress: 5
370.1159 	DATA 	TR 238 | TR1 119 | TR2 119
371.6823 	DATA 	Keypress: 5
371.6824 	DATA 	TR 239 | TR1 120 | TR2 119
372.7822 	DATA 	
372.7822 	DATA 	stimulation stopped
372.7822 	DATA 	
373.2322 	DATA 	Keypress: 5
373.2322 	DATA 	TR 240 | TR1 120 | TR2 120
374.8153 	DATA 	Keypress: 5
374.8153 	DATA 	TR 241 | TR1 121 | TR2 120
376.3651 	DATA 	Keypress: 5
376.3652 	DATA 	TR 242 | TR1 121 | TR2 121
377.9315 	DATA 	Keypress: 5
377.9316 	DATA 	TR 243 | TR1 122 | TR2 121
379.4816 	DATA 	Keypress: 5
379.4817 	DATA 	TR 244 | TR1 122 | TR2 122
381.0647 	DATA 	Keypress: 5
381.0648 	DATA 	TR 245 | TR1 123 | TR2 122
382.6146 	DATA 	Keypress: 5
382.6147 	DATA 	TR 246 | TR1 123 | TR2 123
384.1811 	DATA 	Keypress: 5
384.1812 	DATA 	TR 247 | TR1 124 | TR2 123
385.7310 	DATA 	Keypress: 5
385.7310 	DATA 	TR 248 | TR1 124 | TR2 124
387.2975 	DATA 	Keypress: 5
387.2975 	DATA 	TR 249 | TR1 125 | TR2 124
388.8475 	DATA 	Keypress: 5
388.8475 	DATA 	TR 250 | TR1 125 | TR2 125
390.4305 	DATA 	Keypress: 5
390.4306 	DATA 	TR 251 | TR1 126 | TR2 125
391.9804 	DATA 	Keypress: 5
391.9805 	DATA 	TR 252 | TR1 126 | TR2 126
393.5470 	DATA 	Keypress: 5
393.5470 	DATA 	TR 253 | TR1 127 | TR2 126
395.0968 	DATA 	Keypress: 5
395.0968 	DATA 	TR 254 | TR1 127 | TR2 127
396.6799 	DATA 	Keypress: 5
396.6800 	DATA 	TR 255 | TR1 128 | TR2 127
398.2298 	DATA 	Keypress: 5
398.2299 	DATA 	TR 256 | TR1 128 | TR2 128
399.7963 	DATA 	Keypress: 5
399.7964 	DATA 	TR 257 | TR1 129 | TR2 128
401.3462 	DATA 	Keypress: 5
401.3463 	DATA 	TR 258 | TR1 129 | TR2 129
402.7793 	DATA 	
402.7793 	DATA 	Trial complete
402.7794 	DATA 	Waiting for VASO trigger to start next trial
402.7794 	DATA 	
402.9127 	DATA 	Keypress: 5
402.9128 	DATA 	Waited 0.13338017463684082 seconds for trigger
402.9135 	DATA 	
402.9135 	DATA 	Trial 10
402.9135 	DATA 	stimDur = 4.0
402.9136 	DATA 	jitter = 0.78525
402.9136 	DATA 	restDur = 24.0

402.9136 	DATA 	
402.9136 	DATA 	TR 259 | TR1 130 | TR2 129
403.7126 	DATA 	
403.7126 	DATA 	stimulation started
403.7126 	DATA 	
404.4794 	DATA 	Keypress: 5
404.4795 	DATA 	TR 260 | TR1 130 | TR2 130
406.0459 	DATA 	Keypress: 5
406.0460 	DATA 	TR 261 | TR1 131 | TR2 130
407.5958 	DATA 	Keypress: 5
407.5959 	DATA 	TR 262 | TR1 131 | TR2 131
407.7123 	DATA 	
407.7123 	DATA 	stimulation stopped
407.7123 	DATA 	
409.1621 	DATA 	Keypress: 5
409.1622 	DATA 	TR 263 | TR1 132 | TR2 131
410.7121 	DATA 	Keypress: 5
410.7121 	DATA 	TR 264 | TR1 132 | TR2 132
412.2952 	DATA 	Keypress: 5
412.2952 	DATA 	TR 265 | TR1 133 | TR2 132
413.8450 	DATA 	Keypress: 5
413.8451 	DATA 	TR 266 | TR1 133 | TR2 133
415.4115 	DATA 	Keypress: 5
415.4116 	DATA 	TR 267 | TR1 134 | TR2 133
416.9614 	DATA 	Keypress: 5
416.9615 	DATA 	TR 268 | TR1 134 | TR2 134
418.5446 	DATA 	Keypress: 5
418.5446 	DATA 	TR 269 | TR1 135 | TR2 134
420.0947 	DATA 	Keypress: 5
420.0947 	DATA 	TR 270 | TR1 135 | TR2 135
421.6609 	DATA 	Keypress: 5
421.6610 	DATA 	TR 271 | TR1 136 | TR2 135
423.2108 	DATA 	Keypress: 5
423.2109 	DATA 	TR 272 | TR1 136 | TR2 136
424.7773 	DATA 	Keypress: 5
424.7773 	DATA 	TR 273 | TR1 137 | TR2 136
426.3278 	DATA 	Keypress: 5
426.3438 	DATA 	TR 274 | TR1 137 | TR2 137
427.9103 	DATA 	Keypress: 5
427.9104 	DATA 	TR 275 | TR1 138 | TR2 137
429.4603 	DATA 	Keypress: 5
429.4603 	DATA 	TR 276 | TR1 138 | TR2 138
431.0267 	DATA 	Keypress: 5
431.0268 	DATA 	TR 277 | TR1 139 | TR2 138
431.7100 	DATA 	
431.7100 	DATA 	Trial complete
431.7100 	DATA 	Waiting for VASO trigger to start next trial
431.7100 	DATA 	
432.5766 	DATA 	Keypress: 5
432.5767 	DATA 	TR 278 | TR1 139 | TR2 139
434.1598 	DATA 	Keypress: 5
434.1598 	DATA 	Waited 2.4498178958892822 seconds for trigger
434.1606 	DATA 	
434.1606 	DATA 	Trial 11
434.1606 	DATA 	stimDur = 4.0
434.1606 	DATA 	jitter = 2.35575
434.1606 	DATA 	restDur = 24.0

434.1606 	DATA 	
434.1606 	DATA 	TR 279 | TR1 140 | TR2 139
435.7097 	DATA 	Keypress: 5
435.7097 	DATA 	TR 280 | TR1 140 | TR2 140
436.5262 	DATA 	
436.5262 	DATA 	stimulation started
436.5262 	DATA 	
437.2762 	DATA 	Keypress: 5
437.2762 	DATA 	TR 281 | TR1 141 | TR2 140
438.8261 	DATA 	Keypress: 5
438.8261 	DATA 	TR 282 | TR1 141 | TR2 141
440.3927 	DATA 	Keypress: 5
440.3927 	DATA 	TR 283 | TR1 142 | TR2 141
440.5259 	DATA 	
440.5259 	DATA 	stimulation stopped
440.5259 	DATA 	
441.9591 	DATA 	Keypress: 5
441.9591 	DATA 	TR 284 | TR1 142 | TR2 142
443.5256 	DATA 	Keypress: 5
443.5256 	DATA 	TR 285 | TR1 143 | TR2 142
445.0755 	DATA 	Keypress: 5
445.0755 	DATA 	TR 286 | TR1 143 | TR2 143
446.1253 	DATA 	Target presented
446.5753 	DATA 	Keypress: 1
446.5754 	DATA 	Key1 pressed
446.5754 	DATA 	Target detected
446.6419 	DATA 	Keypress: 5
446.6420 	DATA 	TR 287 | TR1 144 | TR2 143
448.1918 	DATA 	Keypress: 5
448.1919 	DATA 	TR 288 | TR1 144 | TR2 144
449.7751 	DATA 	Keypress: 5
449.7752 	DATA 	TR 289 | TR1 145 | TR2 144
451.3249 	DATA 	Keypress: 5
451.3249 	DATA 	TR 290 | TR1 145 | TR2 145
452.8914 	DATA 	Keypress: 5
452.8914 	DATA 	TR 291 | TR1 146 | TR2 145
454.4412 	DATA 	Keypress: 5
454.4413 	DATA 	TR 292 | TR1 146 | TR2 146
456.0244 	DATA 	Keypress: 5
456.0244 	DATA 	TR 293 | TR1 147 | TR2 146
457.5742 	DATA 	Keypress: 5
457.5743 	DATA 	TR 294 | TR1 147 | TR2 147
459.1408 	DATA 	Keypress: 5
459.1408 	DATA 	TR 295 | TR1 148 | TR2 147
460.6907 	DATA 	Keypress: 5
460.6907 	DATA 	TR 296 | TR1 148 | TR2 148
462.2572 	DATA 	Keypress: 5
462.2572 	DATA 	TR 297 | TR1 149 | TR2 148
463.8071 	DATA 	Keypress: 5
463.8071 	DATA 	TR 298 | TR1 149 | TR2 149
464.5236 	DATA 	
464.5236 	DATA 	Trial complete
464.5236 	DATA 	Waiting for VASO trigger to start next trial
464.5236 	DATA 	
465.3902 	DATA 	Keypress: 5
465.3902 	DATA 	Waited 0.8666269779205322 seconds for trigger
465.3910 	DATA 	
465.3910 	DATA 	Trial 12
465.3910 	DATA 	stimDur = 24.0
465.3910 	DATA 	jitter = 0.0
465.3910 	DATA 	restDur = 40.0

465.3910 	DATA 	
465.3910 	DATA 	TR 299 | TR1 150 | TR2 149
465.3911 	DATA 	
465.3911 	DATA 	stimulation started
465.3911 	DATA 	
466.9401 	DATA 	Keypress: 5
466.9402 	DATA 	TR 300 | TR1 150 | TR2 150
468.5066 	DATA 	Keypress: 5
468.5067 	DATA 	TR 301 | TR1 151 | TR2 150
470.0565 	DATA 	Keypress: 5
470.0566 	DATA 	TR 302 | TR1 151 | TR2 151
471.6397 	DATA 	Keypress: 5
471.6397 	DATA 	TR 303 | TR1 152 | TR2 151
473.1896 	DATA 	Keypress: 5
473.1896 	DATA 	TR 304 | TR1 152 | TR2 152
474.7561 	DATA 	Keypress: 5
474.7561 	DATA 	TR 305 | TR1 153 | TR2 152
476.3059 	DATA 	Keypress: 5
476.3060 	DATA 	TR 306 | TR1 153 | TR2 153
477.8732 	DATA 	Keypress: 5
477.8891 	DATA 	TR 307 | TR1 154 | TR2 153
479.4391 	DATA 	Keypress: 5
479.4392 	DATA 	TR 308 | TR1 154 | TR2 154
481.0055 	DATA 	Keypress: 5
481.0055 	DATA 	TR 309 | TR1 155 | TR2 154
482.5555 	DATA 	Keypress: 5
482.5555 	DATA 	TR 310 | TR1 155 | TR2 155
484.1219 	DATA 	Keypress: 5
484.1220 	DATA 	TR 311 | TR1 156 | TR2 155
485.6717 	DATA 	Keypress: 5
485.6718 	DATA 	TR 312 | TR1 156 | TR2 156
487.2549 	DATA 	Keypress: 5
487.2549 	DATA 	TR 313 | TR1 157 | TR2 156
488.8049 	DATA 	Keypress: 5
488.8049 	DATA 	TR 314 | TR1 157 | TR2 157
489.4046 	DATA 	
489.4047 	DATA 	stimulation stopped
489.4047 	DATA 	
490.3712 	DATA 	Keypress: 5
490.3713 	DATA 	TR 315 | TR1 158 | TR2 157
491.9211 	DATA 	Keypress: 5
491.9211 	DATA 	TR 316 | TR1 158 | TR2 158
493.5042 	DATA 	Keypress: 5
493.5043 	DATA 	TR 317 | TR1 159 | TR2 158
495.0541 	DATA 	Keypress: 5
495.0542 	DATA 	TR 318 | TR1 159 | TR2 159
496.6206 	DATA 	Keypress: 5
496.6206 	DATA 	TR 319 | TR1 160 | TR2 159
498.1705 	DATA 	Keypress: 5
498.1706 	DATA 	TR 320 | TR1 160 | TR2 160
499.7370 	DATA 	Keypress: 5
499.7370 	DATA 	TR 321 | TR1 161 | TR2 160
501.3036 	DATA 	Keypress: 5
501.3036 	DATA 	TR 322 | TR1 161 | TR2 161
502.8700 	DATA 	Keypress: 5
502.8701 	DATA 	TR 323 | TR1 162 | TR2 161
504.4199 	DATA 	Keypress: 5
504.4200 	DATA 	TR 324 | TR1 162 | TR2 162
505.9864 	DATA 	Keypress: 5
505.9864 	DATA 	TR 325 | TR1 163 | TR2 162
507.5363 	DATA 	Keypress: 5
507.5363 	DATA 	TR 326 | TR1 163 | TR2 163
509.1194 	DATA 	Keypress: 5
509.1195 	DATA 	TR 327 | TR1 164 | TR2 163
510.6693 	DATA 	Keypress: 5
510.6694 	DATA 	TR 328 | TR1 164 | TR2 164
512.2358 	DATA 	Keypress: 5
512.2359 	DATA 	TR 329 | TR1 165 | TR2 164
513.7857 	DATA 	Keypress: 5
513.7858 	DATA 	TR 330 | TR1 165 | TR2 165
514.1690 	DATA 	Target presented
514.6689 	DATA 	Keypress: 1
514.6690 	DATA 	Key1 pressed
514.6690 	DATA 	Target detected
515.3689 	DATA 	Keypress: 5
515.3689 	DATA 	TR 331 | TR1 166 | TR2 165
516.9187 	DATA 	Keypress: 5
516.9188 	DATA 	TR 332 | TR1 166 | TR2 166
518.4852 	DATA 	Keypress: 5
518.4853 	DATA 	TR 333 | TR1 167 | TR2 166
520.0351 	DATA 	Keypress: 5
520.0352 	DATA 	TR 334 | TR1 167 | TR2 167
521.6016 	DATA 	Keypress: 5
521.6017 	DATA 	TR 335 | TR1 168 | TR2 167
523.1514 	DATA 	Keypress: 5
523.1515 	DATA 	TR 336 | TR1 168 | TR2 168
524.7347 	DATA 	Keypress: 5
524.7347 	DATA 	TR 337 | TR1 169 | TR2 168
526.2845 	DATA 	Keypress: 5
526.2846 	DATA 	TR 338 | TR1 169 | TR2 169
527.8510 	DATA 	Keypress: 5
527.8511 	DATA 	TR 339 | TR1 170 | TR2 169
529.4009 	DATA 	Keypress: 5
529.4010 	DATA 	TR 340 | TR1 170 | TR2 170
529.4010 	DATA 	
529.4010 	DATA 	Trial complete
529.4010 	DATA 	Waiting for VASO trigger to start next trial
529.4010 	DATA 	
530.9841 	DATA 	Keypress: 5
530.9841 	DATA 	Waited 1.583139181137085 seconds for trigger
530.9849 	DATA 	
530.9849 	DATA 	Trial 13
530.9849 	DATA 	stimDur = 4.0
530.9849 	DATA 	jitter = 1.5705
530.9849 	DATA 	restDur = 24.0

530.9849 	DATA 	
530.9850 	DATA 	TR 341 | TR1 171 | TR2 170
532.5340 	DATA 	Keypress: 5
532.5340 	DATA 	TR 342 | TR1 171 | TR2 171
532.5672 	DATA 	
532.5672 	DATA 	stimulation started
532.5672 	DATA 	
534.1005 	DATA 	Keypress: 5
534.1006 	DATA 	TR 343 | TR1 172 | TR2 171
535.6504 	DATA 	Keypress: 5
535.6504 	DATA 	TR 344 | TR1 172 | TR2 172
536.5670 	DATA 	
536.5670 	DATA 	stimulation stopped
536.5670 	DATA 	
537.2174 	DATA 	Keypress: 5
537.2335 	DATA 	TR 345 | TR1 173 | TR2 172
538.7834 	DATA 	Keypress: 5
538.7834 	DATA 	TR 346 | TR1 173 | TR2 173
540.3499 	DATA 	Keypress: 5
540.3499 	DATA 	TR 347 | TR1 174 | TR2 173
541.8997 	DATA 	Keypress: 5
541.8998 	DATA 	TR 348 | TR1 174 | TR2 174
543.4662 	DATA 	Keypress: 5
543.4663 	DATA 	TR 349 | TR1 175 | TR2 174
545.0161 	DATA 	Keypress: 5
545.0162 	DATA 	TR 350 | TR1 175 | TR2 175
546.5993 	DATA 	Keypress: 5
546.5993 	DATA 	TR 351 | TR1 176 | TR2 175
548.1492 	DATA 	Keypress: 5
548.1493 	DATA 	TR 352 | TR1 176 | TR2 176
549.7157 	DATA 	Keypress: 5
549.7157 	DATA 	TR 353 | TR1 177 | TR2 176
551.2656 	DATA 	Keypress: 5
551.2656 	DATA 	TR 354 | TR1 177 | TR2 177
552.8487 	DATA 	Keypress: 5
552.8488 	DATA 	TR 355 | TR1 178 | TR2 177
554.3986 	DATA 	Keypress: 5
554.3986 	DATA 	TR 356 | TR1 178 | TR2 178
555.6651 	DATA 	Target presented
555.9651 	DATA 	Keypress: 5
555.9651 	DATA 	TR 357 | TR1 179 | TR2 178
556.1651 	DATA 	Keypress: 1
556.1651 	DATA 	Key1 pressed
556.1651 	DATA 	Target detected
557.5151 	DATA 	Keypress: 5
557.5151 	DATA 	TR 358 | TR1 179 | TR2 179
559.0814 	DATA 	Keypress: 5
559.0815 	DATA 	TR 359 | TR1 180 | TR2 179
560.5646 	DATA 	
560.5646 	DATA 	Trial complete
560.5646 	DATA 	Waiting for VASO trigger to start next trial
560.5646 	DATA 	
560.6319 	DATA 	Keypress: 5
560.6479 	DATA 	TR 360 | TR1 180 | TR2 180
562.2144 	DATA 	Keypress: 5
562.2145 	DATA 	Waited 1.6498260498046875 seconds for trigger
562.2152 	DATA 	
562.2153 	DATA 	Trial 14
562.2153 	DATA 	stimDur = 2.0
562.2153 	DATA 	jitter = 2.35575
562.2153 	DATA 	restDur = 22.0

562.2153 	DATA 	
562.2153 	DATA 	TR 361 | TR1 181 | TR2 180
563.7646 	DATA 	Keypress: 5
563.7646 	DATA 	TR 362 | TR1 181 | TR2 181
564.5809 	DATA 	
564.5809 	DATA 	stimulation started
564.5809 	DATA 	
565.3310 	DATA 	Keypress: 5
565.3311 	DATA 	TR 363 | TR1 182 | TR2 181
566.5808 	DATA 	
566.5808 	DATA 	stimulation stopped
566.5808 	DATA 	
566.8807 	DATA 	Keypress: 5
566.8808 	DATA 	TR 364 | TR1 182 | TR2 182
568.4639 	DATA 	Keypress: 5
568.4640 	DATA 	TR 365 | TR1 183 | TR2 182
570.0138 	DATA 	Keypress: 5
570.0138 	DATA 	TR 366 | TR1 183 | TR2 183
571.5803 	DATA 	Keypress: 5
571.5804 	DATA 	TR 367 | TR1 184 | TR2 183
573.1303 	DATA 	Keypress: 5
573.1303 	DATA 	TR 368 | TR1 184 | TR2 184
574.6967 	DATA 	Keypress: 5
574.6967 	DATA 	TR 369 | TR1 185 | TR2 184
576.2632 	DATA 	Keypress: 5
576.2633 	DATA 	TR 370 | TR1 185 | TR2 185
577.8297 	DATA 	Keypress: 5
577.8298 	DATA 	TR 371 | TR1 186 | TR2 185
579.3796 	DATA 	Keypress: 5
579.3796 	DATA 	TR 372 | TR1 186 | TR2 186
580.9461 	DATA 	Keypress: 5
580.9462 	DATA 	TR 373 | TR1 187 | TR2 186
582.4960 	DATA 	Keypress: 5
582.4960 	DATA 	TR 374 | TR1 187 | TR2 187
584.0791 	DATA 	Keypress: 5
584.0792 	DATA 	TR 375 | TR1 188 | TR2 187
585.6290 	DATA 	Keypress: 5
585.6290 	DATA 	TR 376 | TR1 188 | TR2 188
587.1955 	DATA 	Keypress: 5
587.1956 	DATA 	TR 377 | TR1 189 | TR2 188
588.5787 	DATA 	
588.5787 	DATA 	Trial complete
588.5787 	DATA 	Waiting for VASO trigger to start next trial
588.5787 	DATA 	
588.7454 	DATA 	Keypress: 5
588.7454 	DATA 	TR 378 | TR1 189 | TR2 189
590.3286 	DATA 	Keypress: 5
590.3286 	DATA 	Waited 1.7499079704284668 seconds for trigger
590.3294 	DATA 	
590.3294 	DATA 	Trial 15
590.3294 	DATA 	stimDur = 4.0
590.3294 	DATA 	jitter = 0.0
590.3294 	DATA 	restDur = 24.0

590.3294 	DATA 	
590.3294 	DATA 	TR 379 | TR1 190 | TR2 189
590.3294 	DATA 	
590.3294 	DATA 	stimulation started
590.3294 	DATA 	
591.8784 	DATA 	Keypress: 5
591.8785 	DATA 	TR 380 | TR1 190 | TR2 190
593.4450 	DATA 	Keypress: 5
593.4451 	DATA 	TR 381 | TR1 191 | TR2 190
594.3448 	DATA 	
594.3448 	DATA 	stimulation stopped
594.3449 	DATA 	
594.9948 	DATA 	Keypress: 5
594.9948 	DATA 	TR 382 | TR1 191 | TR2 191
596.5613 	DATA 	Keypress: 5
596.5614 	DATA 	TR 383 | TR1 192 | TR2 191
598.1118 	DATA 	Keypress: 5
598.1278 	DATA 	TR 384 | TR1 192 | TR2 192
599.6943 	DATA 	Keypress: 5
599.6944 	DATA 	TR 385 | TR1 193 | TR2 192
601.2442 	DATA 	Keypress: 5
601.2442 	DATA 	TR 386 | TR1 193 | TR2 193
602.8107 	DATA 	Keypress: 5
602.8108 	DATA 	TR 387 | TR1 194 | TR2 193
604.3606 	DATA 	Keypress: 5
604.3606 	DATA 	TR 388 | TR1 194 | TR2 194
605.9438 	DATA 	Keypress: 5
605.9438 	DATA 	TR 389 | TR1 195 | TR2 194
607.4936 	DATA 	Keypress: 5
607.4936 	DATA 	TR 390 | TR1 195 | TR2 195
609.0601 	DATA 	Keypress: 5
609.0602 	DATA 	TR 391 | TR1 196 | TR2 195
609.3101 	DATA 	Target presented
609.7267 	DATA 	Keypress: 1
609.7268 	DATA 	Key1 pressed
609.7268 	DATA 	Target detected
610.6099 	DATA 	Keypress: 5
610.6100 	DATA 	TR 392 | TR1 196 | TR2 196
612.1772 	DATA 	Keypress: 5
612.1931 	DATA 	TR 393 | TR1 197 | TR2 196
613.7430 	DATA 	Keypress: 5
613.7431 	DATA 	TR 394 | TR1 197 | TR2 197
615.3097 	DATA 	Keypress: 5
615.3098 	DATA 	TR 395 | TR1 198 | TR2 197
616.8594 	DATA 	Keypress: 5
616.8594 	DATA 	TR 396 | TR1 198 | TR2 198
618.3426 	DATA 	
618.3426 	DATA 	Trial complete
618.3426 	DATA 	Waiting for VASO trigger to start next trial
618.3426 	DATA 	
618.4259 	DATA 	Keypress: 5
618.4260 	DATA 	Waited 0.08341598510742188 seconds for trigger
618.4268 	DATA 	
618.4268 	DATA 	Trial 16
618.4268 	DATA 	stimDur = 1.0
618.4268 	DATA 	jitter = 1.5705
618.4268 	DATA 	restDur = 20.0

618.4268 	DATA 	
618.4268 	DATA 	TR 397 | TR1 199 | TR2 198
619.9758 	DATA 	Keypress: 5
619.9758 	DATA 	TR 398 | TR1 199 | TR2 199
620.0091 	DATA 	
620.0091 	DATA 	stimulation started
620.0091 	DATA 	
621.0090 	DATA 	
621.0090 	DATA 	stimulation stopped
621.0090 	DATA 	
621.5590 	DATA 	Keypress: 5
621.5591 	DATA 	TR 399 | TR1 200 | TR2 199
623.1088 	DATA 	Keypress: 5
623.1088 	DATA 	TR 400 | TR1 200 | TR2 200
624.6754 	DATA 	Keypress: 5
624.6754 	DATA 	TR 401 | TR1 201 | TR2 200
626.2252 	DATA 	Keypress: 5
626.2252 	DATA 	TR 402 | TR1 201 | TR2 201
627.8084 	DATA 	Keypress: 5
627.8084 	DATA 	TR 403 | TR1 202 | TR2 201
629.3582 	DATA 	Keypress: 5
629.3583 	DATA 	TR 404 | TR1 202 | TR2 202
630.9248 	DATA 	Keypress: 5
630.9248 	DATA 	TR 405 | TR1 203 | TR2 202
632.4746 	DATA 	Keypress: 5
632.4746 	DATA 	TR 406 | TR1 203 | TR2 203
634.0413 	DATA 	Keypress: 5
634.0413 	DATA 	TR 407 | TR1 204 | TR2 203
635.6076 	DATA 	Keypress: 5
635.6077 	DATA 	TR 408 | TR1 204 | TR2 204
637.1742 	DATA 	Keypress: 5
637.1742 	DATA 	TR 409 | TR1 205 | TR2 204
638.7240 	DATA 	Keypress: 5
638.7241 	DATA 	TR 410 | TR1 205 | TR2 205
640.2906 	DATA 	Keypress: 5
640.2906 	DATA 	TR 411 | TR1 206 | TR2 205
641.0072 	DATA 	
641.0072 	DATA 	Trial complete
641.0072 	DATA 	Waiting for VASO trigger to start next trial
641.0072 	DATA 	
641.8404 	DATA 	Keypress: 5
641.8404 	DATA 	TR 412 | TR1 206 | TR2 206
643.4236 	DATA 	Keypress: 5
643.4237 	DATA 	Waited 2.4164090156555176 seconds for trigger
643.4244 	DATA 	
643.4244 	DATA 	Trial 17
643.4244 	DATA 	stimDur = 1.0
643.4244 	DATA 	jitter = 0.0
643.4244 	DATA 	restDur = 20.0

643.4245 	DATA 	
643.4245 	DATA 	TR 413 | TR1 207 | TR2 206
643.4245 	DATA 	
643.4245 	DATA 	stimulation started
643.4245 	DATA 	
644.4402 	DATA 	
644.4402 	DATA 	stimulation stopped
644.4402 	DATA 	
644.9734 	DATA 	Keypress: 5
644.9734 	DATA 	TR 414 | TR1 207 | TR2 207
646.5400 	DATA 	Keypress: 5
646.5400 	DATA 	TR 415 | TR1 208 | TR2 207
648.0898 	DATA 	Keypress: 5
648.0899 	DATA 	TR 416 | TR1 208 | TR2 208
649.6730 	DATA 	Keypress: 5
649.6731 	DATA 	TR 417 | TR1 209 | TR2 208
651.2230 	DATA 	Keypress: 5
651.2231 	DATA 	TR 418 | TR1 209 | TR2 209
652.7894 	DATA 	Keypress: 5
652.7895 	DATA 	TR 419 | TR1 210 | TR2 209
654.3393 	DATA 	Keypress: 5
654.3394 	DATA 	TR 420 | TR1 210 | TR2 210
655.9059 	DATA 	Keypress: 5
655.9059 	DATA 	TR 421 | TR1 211 | TR2 210
657.4562 	DATA 	Keypress: 5
657.4722 	DATA 	TR 422 | TR1 211 | TR2 211
659.0388 	DATA 	Keypress: 5
659.0389 	DATA 	TR 423 | TR1 212 | TR2 211
660.5886 	DATA 	Keypress: 5
660.5887 	DATA 	TR 424 | TR1 212 | TR2 212
662.1552 	DATA 	Keypress: 5
662.1552 	DATA 	TR 425 | TR1 213 | TR2 212
663.7050 	DATA 	Keypress: 5
663.7051 	DATA 	TR 426 | TR1 213 | TR2 213
664.4382 	DATA 	
664.4383 	DATA 	Trial complete
664.4383 	DATA 	Waiting for VASO trigger to start next trial
664.4383 	DATA 	
665.2882 	DATA 	Keypress: 5
665.2883 	DATA 	Waited 0.8500030040740967 seconds for trigger
665.2890 	DATA 	
665.2891 	DATA 	Trial 18
665.2891 	DATA 	stimDur = 12.0
665.2891 	DATA 	jitter = 2.35575
665.2891 	DATA 	restDur = 30.0

665.2891 	DATA 	
665.2891 	DATA 	TR 427 | TR1 214 | TR2 213
666.8380 	DATA 	Keypress: 5
666.8381 	DATA 	TR 428 | TR1 214 | TR2 214
667.6546 	DATA 	
667.6546 	DATA 	stimulation started
667.6546 	DATA 	
668.4047 	DATA 	Keypress: 5
668.4047 	DATA 	TR 429 | TR1 215 | TR2 214
669.3545 	DATA 	Target presented
669.7878 	DATA 	Keypress: 1
669.7879 	DATA 	Key1 pressed
669.7879 	DATA 	Target detected
669.9545 	DATA 	Keypress: 5
669.9545 	DATA 	TR 430 | TR1 215 | TR2 215
671.5218 	DATA 	Keypress: 5
671.5377 	DATA 	TR 431 | TR1 216 | TR2 215
673.0876 	DATA 	Keypress: 5
673.0877 	DATA 	TR 432 | TR1 216 | TR2 216
674.6541 	DATA 	Keypress: 5
674.6541 	DATA 	TR 433 | TR1 217 | TR2 216
676.2039 	DATA 	Keypress: 5
676.2039 	DATA 	TR 434 | TR1 217 | TR2 217
677.7704 	DATA 	Keypress: 5
677.7705 	DATA 	TR 435 | TR1 218 | TR2 217
679.3203 	DATA 	Keypress: 5
679.3203 	DATA 	TR 436 | TR1 218 | TR2 218
679.6536 	DATA 	
679.6536 	DATA 	stimulation stopped
679.6536 	DATA 	
680.9034 	DATA 	Keypress: 5
680.9035 	DATA 	TR 437 | TR1 219 | TR2 218
682.4532 	DATA 	Keypress: 5
682.4533 	DATA 	TR 438 | TR1 219 | TR2 219
684.0198 	DATA 	Keypress: 5
684.0199 	DATA 	TR 439 | TR1 220 | TR2 219
685.5696 	DATA 	Keypress: 5
685.5697 	DATA 	TR 440 | TR1 220 | TR2 220
687.1529 	DATA 	Keypress: 5
687.1529 	DATA 	TR 441 | TR1 221 | TR2 220
688.7027 	DATA 	Keypress: 5
688.7027 	DATA 	TR 442 | TR1 221 | TR2 221
690.2692 	DATA 	Keypress: 5
690.2693 	DATA 	TR 443 | TR1 222 | TR2 221
691.8193 	DATA 	Keypress: 5
691.8193 	DATA 	TR 444 | TR1 222 | TR2 222
693.3856 	DATA 	Keypress: 5
693.3857 	DATA 	TR 445 | TR1 223 | TR2 222
694.9521 	DATA 	Keypress: 5
694.9521 	DATA 	TR 446 | TR1 223 | TR2 223
696.5186 	DATA 	Keypress: 5
696.5187 	DATA 	TR 447 | TR1 224 | TR2 223
698.0685 	DATA 	Keypress: 5
698.0685 	DATA 	TR 448 | TR1 224 | TR2 224
699.6351 	DATA 	Keypress: 5
699.6352 	DATA 	TR 449 | TR1 225 | TR2 224
701.1848 	DATA 	Keypress: 5
701.1849 	DATA 	TR 450 | TR1 225 | TR2 225
702.7680 	DATA 	Keypress: 5
702.7680 	DATA 	TR 451 | TR1 226 | TR2 225
704.3180 	DATA 	Keypress: 5
704.3180 	DATA 	TR 452 | TR1 226 | TR2 226
705.8845 	DATA 	Keypress: 5
705.8846 	DATA 	TR 453 | TR1 227 | TR2 226
707.4343 	DATA 	Keypress: 5
707.4343 	DATA 	TR 454 | TR1 227 | TR2 227
709.0015 	DATA 	Keypress: 5
709.0174 	DATA 	TR 455 | TR1 228 | TR2 227
709.6507 	DATA 	
709.6507 	DATA 	Trial complete
709.6507 	DATA 	Waiting for VASO trigger to start next trial
709.6507 	DATA 	
710.5675 	DATA 	Keypress: 5
710.5676 	DATA 	TR 456 | TR1 228 | TR2 228
712.1338 	DATA 	Keypress: 5
712.1339 	DATA 	Waited 2.483186960220337 seconds for trigger
712.1347 	DATA 	
712.1347 	DATA 	Trial 19
712.1347 	DATA 	stimDur = 1.0
712.1347 	DATA 	jitter = 0.78525
712.1347 	DATA 	restDur = 20.0

712.1347 	DATA 	
712.1347 	DATA 	TR 457 | TR1 229 | TR2 228
712.9337 	DATA 	
712.9337 	DATA 	stimulation started
712.9337 	DATA 	
713.6838 	DATA 	Keypress: 5
713.6838 	DATA 	TR 458 | TR1 229 | TR2 229
713.9337 	DATA 	
713.9337 	DATA 	stimulation stopped
713.9337 	DATA 	
715.2502 	DATA 	Keypress: 5
715.2502 	DATA 	TR 459 | TR1 230 | TR2 229
716.8001 	DATA 	Keypress: 5
716.8001 	DATA 	TR 460 | TR1 230 | TR2 230
718.3832 	DATA 	Keypress: 5
718.3833 	DATA 	TR 461 | TR1 231 | TR2 230
719.9331 	DATA 	Keypress: 5
719.9332 	DATA 	TR 462 | TR1 231 | TR2 231
721.4996 	DATA 	Keypress: 5
721.4997 	DATA 	TR 463 | TR1 232 | TR2 231
723.0495 	DATA 	Keypress: 5
723.0496 	DATA 	TR 464 | TR1 232 | TR2 232
724.6326 	DATA 	Keypress: 5
724.6327 	DATA 	TR 465 | TR1 233 | TR2 232
726.1826 	DATA 	Keypress: 5
726.1826 	DATA 	TR 466 | TR1 233 | TR2 233
727.7490 	DATA 	Keypress: 5
727.7491 	DATA 	TR 467 | TR1 234 | TR2 233
727.8822 	DATA 	Target presented
728.3990 	DATA 	Keypress: 1
728.3990 	DATA 	Key1 pressed
728.3990 	DATA 	Target detected
729.2990 	DATA 	Keypress: 5
729.2991 	DATA 	TR 468 | TR1 234 | TR2 234
730.8654 	DATA 	Keypress: 5
730.8654 	DATA 	TR 469 | TR1 235 | TR2 234
732.4159 	DATA 	Keypress: 5
732.4319 	DATA 	TR 470 | TR1 235 | TR2 235
733.9318 	DATA 	
733.9318 	DATA 	Trial complete
733.9318 	DATA 	
733.9984 	DATA 	Keypress: 5
733.9985 	DATA 	Waited 24.347790002822876 seconds for trigger
733.9993 	DATA 	
733.9993 	DATA 	Trial 20
733.9993 	DATA 	stimDur = 24.0
733.9993 	DATA 	jitter = 0.78525
733.9993 	DATA 	restDur = 40.0

733.9993 	DATA 	
733.9993 	DATA 	TR 471 | TR1 236 | TR2 235
734.7985 	DATA 	
734.7986 	DATA 	stimulation started
734.7986 	DATA 	
735.5484 	DATA 	Keypress: 5
735.5484 	DATA 	TR 472 | TR1 236 | TR2 236
737.1149 	DATA 	Keypress: 5
737.1149 	DATA 	TR 473 | TR1 237 | TR2 236
738.6648 	DATA 	Keypress: 5
738.6648 	DATA 	TR 474 | TR1 237 | TR2 237
740.2479 	DATA 	Keypress: 5
740.2480 	DATA 	TR 475 | TR1 238 | TR2 237
741.7978 	DATA 	Keypress: 5
741.7978 	DATA 	TR 476 | TR1 238 | TR2 238
743.3643 	DATA 	Keypress: 5
743.3643 	DATA 	TR 477 | TR1 239 | TR2 238
744.9142 	DATA 	Keypress: 5
744.9142 	DATA 	TR 478 | TR1 239 | TR2 239
746.4973 	DATA 	Keypress: 5
746.4974 	DATA 	TR 479 | TR1 240 | TR2 239
748.0474 	DATA 	Keypress: 5
748.0474 	DATA 	TR 480 | TR1 240 | TR2 240
749.6137 	DATA 	Keypress: 5
749.6138 	DATA 	TR 481 | TR1 241 | TR2 240
751.1636 	DATA 	Keypress: 5
751.1637 	DATA 	TR 482 | TR1 241 | TR2 241
752.7301 	DATA 	Keypress: 5
752.7301 	DATA 	TR 483 | TR1 242 | TR2 241
754.2800 	DATA 	Keypress: 5
754.2800 	DATA 	TR 484 | TR1 242 | TR2 242
755.8632 	DATA 	Keypress: 5
755.8633 	DATA 	TR 485 | TR1 243 | TR2 242
757.4130 	DATA 	Keypress: 5
757.4131 	DATA 	TR 486 | TR1 243 | TR2 243
758.7961 	DATA 	
758.7962 	DATA 	stimulation stopped
758.7962 	DATA 	
758.9794 	DATA 	Keypress: 5
758.9795 	DATA 	TR 487 | TR1 244 | TR2 243
760.5293 	DATA 	Keypress: 5
760.5294 	DATA 	TR 488 | TR1 244 | TR2 244
762.1125 	DATA 	Keypress: 5
762.1125 	DATA 	TR 489 | TR1 245 | TR2 244
763.6624 	DATA 	Keypress: 5
763.6624 	DATA 	TR 490 | TR1 245 | TR2 245
765.2289 	DATA 	Keypress: 5
765.2289 	DATA 	TR 491 | TR1 246 | TR2 245
766.7787 	DATA 	Keypress: 5
766.7788 	DATA 	TR 492 | TR1 246 | TR2 246
768.3454 	DATA 	Keypress: 5
768.3454 	DATA 	TR 493 | TR1 247 | TR2 246
769.9118 	DATA 	Keypress: 5
769.9119 	DATA 	TR 494 | TR1 247 | TR2 247
771.4783 	DATA 	Keypress: 5
771.4783 	DATA 	TR 495 | TR1 248 | TR2 247
773.0282 	DATA 	Keypress: 5
773.0282 	DATA 	TR 496 | TR1 248 | TR2 248
774.5947 	DATA 	Keypress: 5
774.5947 	DATA 	TR 497 | TR1 249 | TR2 248
776.1445 	DATA 	Keypress: 5
776.1446 	DATA 	TR 498 | TR1 249 | TR2 249
777.7277 	DATA 	Keypress: 5
777.7277 	DATA 	TR 499 | TR1 250 | TR2 249
779.2776 	DATA 	Keypress: 5
779.2776 	DATA 	TR 500 | TR1 250 | TR2 250
780.8441 	DATA 	Keypress: 5
780.8441 	DATA 	TR 501 | TR1 251 | TR2 250
782.3940 	DATA 	Keypress: 5
782.3940 	DATA 	TR 502 | TR1 251 | TR2 251
783.9771 	DATA 	Keypress: 5
783.9772 	DATA 	TR 503 | TR1 252 | TR2 251
785.5271 	DATA 	Keypress: 5
785.5271 	DATA 	TR 504 | TR1 252 | TR2 252
787.0935 	DATA 	Keypress: 5
787.0935 	DATA 	TR 505 | TR1 253 | TR2 252
788.6433 	DATA 	Keypress: 5
788.6434 	DATA 	TR 506 | TR1 253 | TR2 253
790.2098 	DATA 	Keypress: 5
790.2099 	DATA 	TR 507 | TR1 254 | TR2 253
791.7603 	DATA 	Keypress: 5
791.7763 	DATA 	TR 508 | TR1 254 | TR2 254
793.3429 	DATA 	Keypress: 5
793.3429 	DATA 	TR 509 | TR1 255 | TR2 254
794.8928 	DATA 	Keypress: 5
794.8928 	DATA 	TR 510 | TR1 255 | TR2 255
796.4592 	DATA 	Keypress: 5
796.4593 	DATA 	TR 511 | TR1 256 | TR2 255
798.0092 	DATA 	Keypress: 5
798.0092 	DATA 	TR 512 | TR1 256 | TR2 256
798.7923 	DATA 	
798.7924 	DATA 	Trial complete
798.7924 	DATA 	
799.5923 	DATA 	Keypress: 5
799.5924 	DATA 	TR 513 | TR1 257 | TR2 256
801.1422 	DATA 	Keypress: 5
801.1423 	DATA 	TR 514 | TR1 257 | TR2 257
802.7087 	DATA 	Keypress: 5
802.7088 	DATA 	TR 515 | TR1 258 | TR2 257
804.2586 	DATA 	Keypress: 5
804.2586 	DATA 	TR 516 | TR1 258 | TR2 258
805.8252 	DATA 	Keypress: 5
805.8253 	DATA 	TR 517 | TR1 259 | TR2 258
807.3916 	DATA 	Keypress: 5
807.3917 	DATA 	TR 518 | TR1 259 | TR2 259
808.9581 	DATA 	Keypress: 5
808.9582 	DATA 	TR 519 | TR1 260 | TR2 259
810.5080 	DATA 	Keypress: 5
810.5080 	DATA 	TR 520 | TR1 260 | TR2 260
812.0745 	DATA 	Keypress: 5
812.0745 	DATA 	TR 521 | TR1 261 | TR2 260
813.6244 	DATA 	Keypress: 5
813.6244 	DATA 	TR 522 | TR1 261 | TR2 261
815.2075 	DATA 	Keypress: 5
815.2076 	DATA 	TR 523 | TR1 262 | TR2 261
816.7574 	DATA 	Keypress: 5
816.7574 	DATA 	TR 524 | TR1 262 | TR2 262
818.3239 	DATA 	Keypress: 5
818.3240 	DATA 	TR 525 | TR1 263 | TR2 262
819.8740 	DATA 	Keypress: 5
819.8740 	DATA 	TR 526 | TR1 263 | TR2 263
821.4569 	DATA 	Keypress: 5
821.4570 	DATA 	TR 527 | TR1 264 | TR2 263
823.0068 	DATA 	Keypress: 5
823.0069 	DATA 	TR 528 | TR1 264 | TR2 264
823.8733 	DATA 	EndOfRun sub-07_ses-04_run-01

823.8734 	DATA 	We spent 53.310375928878784 seconds waiting for triggers
823.8734 	DATA 	RatioOfDetectedTargets 1.0
823.8734 	DATA 	You have detected 12 out of 12 targets.
828.9010 	EXP 	window1: mouseVisible = True
