MonitorDistance=99cm
MonitorWidth=30cm
PixelWidth=1024.0
PixelHeight=768.0
You have detected 12 out of 12 targets.
Excellent! Keep up the good work
6.2135 	INFO 	Loaded monitor calibration from ['2021_05_26 17:55']
6.6684 	EXP 	Created window1 = Window(allowGUI=False, allowStencil=False, autoLog=True, backendConf=UNKNOWN, bitsMode=UNKNOWN, blendMode='avg', bpc=(8, 8, 8), color=array([-0.5, -0.5, -0.5]), colorSpace='rgb', depthBits=8, fullscr=<method-wrapper '__getattribute__' of attributeSetter object at 0x7f80f4e7b438>, gamma=None, gammaErrorPolicy='raise', lms=UNKNOWN, monitor=<psychopy.monitors.calibTools.Monitor object at 0x7f80eac9b0b8>, multiSample=False, name='window1', numSamples=2, pos=[0.0, 0.0], screen=0, size=array([1024,  768]), stencilBits=0, stereo=False, units='deg', useFBO=False, useRetina=False, viewOri=0.0, viewPos=None, viewScale=None, waitBlanking=True, winType='pyglet')
6.6685 	EXP 	window1: mouseVisible = True
6.7384 	EXP 	Created unnamed TextStim = TextStim(__class__=<class 'psychopy.visual.text.TextStim'>, alignHoriz=method-wrapper(...), alignText='center', alignVert=method-wrapper(...), anchorHoriz='center', anchorVert='center', antialias=True, autoLog=True, bold=False, color=array([1., 1., 1.]), colorSpace='rgb', contrast=1.0, depth=0, flipHoriz=False, flipVert=False, font='', fontFiles=[], height=0.5, italic=False, languageStyle='LTR', name='unnamed TextStim', opacity=1.0, ori=0.0, pos=array([0., 0.]), rgb=UNKNOWN, text=str(...), units='deg', win=Window(...), wrapWidth=15.0)
6.7689 	EXP 	Created Movie Frame 0 = ImageStim(__class__=<class 'psychopy.visual.image.ImageStim'>, autoLog=True, color=array([0.8, 0.8, 0.8]), colorSpace='rgb', contrast=0.8, depth=0, flipHoriz=False, flipVert=False, image='visual_0.png', interpolate=False, mask=None, maskParams=None, name='Movie Frame 0', opacity=1, ori=0.0, pos=array([0., 0.]), size=array([1024,  768]), texRes=128, units='pix', win=Window(...))
6.7928 	EXP 	Created Movie Frame 1 = ImageStim(__class__=<class 'psychopy.visual.image.ImageStim'>, autoLog=True, color=array([0.8, 0.8, 0.8]), colorSpace='rgb', contrast=0.8, depth=0, flipHoriz=False, flipVert=False, image='visual_1.png', interpolate=False, mask=None, maskParams=None, name='Movie Frame 1', opacity=1, ori=0.0, pos=array([0., 0.]), size=array([1024,  768]), texRes=128, units='pix', win=Window(...))
49.5786 	DATA 	Keypress: 5
0.0000 	DATA 	StartOfRun sub-07_ses-04_run-04
0.0000 	DATA 	TR 1 | TR1 1 | TR2 0
0.0036 	DATA 	Initial baseline

1.5517 	DATA 	Keypress: 5
1.5518 	DATA 	TR 2 | TR1 1 | TR2 1
3.1229 	DATA 	Keypress: 5
3.1230 	DATA 	TR 3 | TR1 2 | TR2 1
4.6751 	DATA 	Keypress: 5
4.6751 	DATA 	TR 4 | TR1 2 | TR2 2
6.2463 	DATA 	Keypress: 5
6.2463 	DATA 	TR 5 | TR1 3 | TR2 2
7.7985 	DATA 	Keypress: 5
7.7985 	DATA 	TR 6 | TR1 3 | TR2 3
9.3697 	DATA 	Keypress: 5
9.3697 	DATA 	TR 7 | TR1 4 | TR2 3
10.9218 	DATA 	Keypress: 5
10.9219 	DATA 	TR 8 | TR1 4 | TR2 4
12.4931 	DATA 	Keypress: 5
12.4932 	DATA 	TR 9 | TR1 5 | TR2 4
14.0452 	DATA 	Keypress: 5
14.0453 	DATA 	TR 10 | TR1 5 | TR2 5
15.6164 	DATA 	Keypress: 5
15.6165 	DATA 	TR 11 | TR1 6 | TR2 5
17.1686 	DATA 	Keypress: 5
17.1687 	DATA 	TR 12 | TR1 6 | TR2 6
18.7397 	DATA 	Keypress: 5
18.7397 	DATA 	TR 13 | TR1 7 | TR2 6
20.2921 	DATA 	Keypress: 5
20.2921 	DATA 	TR 14 | TR1 7 | TR2 7
21.8631 	DATA 	Keypress: 5
21.8631 	DATA 	TR 15 | TR1 8 | TR2 7
23.4144 	DATA 	Keypress: 5
23.4144 	DATA 	TR 16 | TR1 8 | TR2 8
24.9866 	DATA 	Keypress: 5
24.9866 	DATA 	TR 17 | TR1 9 | TR2 8
26.5388 	DATA 	Keypress: 5
26.5388 	DATA 	TR 18 | TR1 9 | TR2 9
28.1100 	DATA 	Keypress: 5
28.1100 	DATA 	TR 19 | TR1 10 | TR2 9
29.6613 	DATA 	Keypress: 5
29.6613 	DATA 	TR 20 | TR1 10 | TR2 10
31.2347 	DATA 	Keypress: 5
31.2347 	DATA 	Waited 1.2347218990325928 seconds for trigger
31.2362 	DATA 	
31.2362 	DATA 	Trial 1
31.2362 	DATA 	stimDur = 24.0
31.2362 	DATA 	jitter = 2.35575
31.2362 	DATA 	restDur = 40.0

31.2362 	DATA 	
31.2362 	DATA 	TR 21 | TR1 11 | TR2 10
32.7845 	DATA 	Keypress: 5
32.7846 	DATA 	TR 22 | TR1 11 | TR2 11
33.6010 	DATA 	
33.6010 	DATA 	stimulation started
33.6011 	DATA 	
34.3677 	DATA 	Keypress: 5
34.3678 	DATA 	TR 23 | TR1 12 | TR2 11
35.9176 	DATA 	Keypress: 5
35.9177 	DATA 	TR 24 | TR1 12 | TR2 12
37.4841 	DATA 	Keypress: 5
37.4842 	DATA 	TR 25 | TR1 13 | TR2 12
39.0340 	DATA 	Keypress: 5
39.0341 	DATA 	TR 26 | TR1 13 | TR2 13
40.6171 	DATA 	Keypress: 5
40.6172 	DATA 	TR 27 | TR1 14 | TR2 13
42.1672 	DATA 	Keypress: 5
42.1672 	DATA 	TR 28 | TR1 14 | TR2 14
43.7335 	DATA 	Keypress: 5
43.7336 	DATA 	TR 29 | TR1 15 | TR2 14
45.2835 	DATA 	Keypress: 5
45.2835 	DATA 	TR 30 | TR1 15 | TR2 15
46.8507 	DATA 	Keypress: 5
46.8666 	DATA 	TR 31 | TR1 16 | TR2 15
48.4166 	DATA 	Keypress: 5
48.4167 	DATA 	TR 32 | TR1 16 | TR2 16
49.9830 	DATA 	Keypress: 5
49.9830 	DATA 	TR 33 | TR1 17 | TR2 16
51.5329 	DATA 	Keypress: 5
51.5329 	DATA 	TR 34 | TR1 17 | TR2 17
53.0993 	DATA 	Keypress: 5
53.0994 	DATA 	TR 35 | TR1 18 | TR2 17
54.6493 	DATA 	Keypress: 5
54.6493 	DATA 	TR 36 | TR1 18 | TR2 18
56.2324 	DATA 	Keypress: 5
56.2324 	DATA 	TR 37 | TR1 19 | TR2 18
57.5990 	DATA 	
57.5990 	DATA 	stimulation stopped
57.5990 	DATA 	
57.7822 	DATA 	Keypress: 5
57.7823 	DATA 	TR 38 | TR1 19 | TR2 19
59.3487 	DATA 	Keypress: 5
59.3487 	DATA 	TR 39 | TR1 20 | TR2 19
60.8986 	DATA 	Keypress: 5
60.8986 	DATA 	TR 40 | TR1 20 | TR2 20
62.4817 	DATA 	Keypress: 5
62.4818 	DATA 	TR 41 | TR1 21 | TR2 20
64.0316 	DATA 	Keypress: 5
64.0317 	DATA 	TR 42 | TR1 21 | TR2 21
65.5981 	DATA 	Keypress: 5
65.5982 	DATA 	TR 43 | TR1 22 | TR2 21
67.1480 	DATA 	Keypress: 5
67.1481 	DATA 	TR 44 | TR1 22 | TR2 22
68.7145 	DATA 	Keypress: 5
68.7146 	DATA 	TR 45 | TR1 23 | TR2 22
70.2811 	DATA 	Keypress: 5
70.2811 	DATA 	TR 46 | TR1 23 | TR2 23
71.8475 	DATA 	Keypress: 5
71.8476 	DATA 	TR 47 | TR1 24 | TR2 23
73.3975 	DATA 	Keypress: 5
73.3975 	DATA 	TR 48 | TR1 24 | TR2 24
74.9639 	DATA 	Keypress: 5
74.9640 	DATA 	TR 49 | TR1 25 | TR2 24
76.5138 	DATA 	Keypress: 5
76.5139 	DATA 	TR 50 | TR1 25 | TR2 25
78.0970 	DATA 	Keypress: 5
78.0970 	DATA 	TR 51 | TR1 26 | TR2 25
79.6469 	DATA 	Keypress: 5
79.6469 	DATA 	TR 52 | TR1 26 | TR2 26
81.2134 	DATA 	Keypress: 5
81.2134 	DATA 	TR 53 | TR1 27 | TR2 26
82.7632 	DATA 	Keypress: 5
82.7633 	DATA 	TR 54 | TR1 27 | TR2 27
84.3464 	DATA 	Keypress: 5
84.3465 	DATA 	TR 55 | TR1 28 | TR2 27
85.8964 	DATA 	Keypress: 5
85.8965 	DATA 	TR 56 | TR1 28 | TR2 28
87.4628 	DATA 	Keypress: 5
87.4629 	DATA 	TR 57 | TR1 29 | TR2 28
89.0127 	DATA 	Keypress: 5
89.0127 	DATA 	TR 58 | TR1 29 | TR2 29
90.5793 	DATA 	Keypress: 5
90.5793 	DATA 	TR 59 | TR1 30 | TR2 29
92.1290 	DATA 	Keypress: 5
92.1291 	DATA 	TR 60 | TR1 30 | TR2 30
93.7123 	DATA 	Keypress: 5
93.7124 	DATA 	TR 61 | TR1 31 | TR2 30
95.2621 	DATA 	Keypress: 5
95.2622 	DATA 	TR 62 | TR1 31 | TR2 31
96.8287 	DATA 	Keypress: 5
96.8288 	DATA 	TR 63 | TR1 32 | TR2 31
97.5953 	DATA 	
97.5953 	DATA 	Trial complete
97.5953 	DATA 	Waiting for VASO trigger to start next trial
97.5953 	DATA 	
98.3785 	DATA 	Keypress: 5
98.3785 	DATA 	TR 64 | TR1 32 | TR2 32
99.9618 	DATA 	Keypress: 5
99.9618 	DATA 	Waited 2.3664679527282715 seconds for trigger
99.9626 	DATA 	
99.9626 	DATA 	Trial 2
99.9626 	DATA 	stimDur = 12.0
99.9626 	DATA 	jitter = 0.0
99.9626 	DATA 	restDur = 30.0

99.9626 	DATA 	
99.9626 	DATA 	TR 65 | TR1 33 | TR2 32
99.9626 	DATA 	
99.9627 	DATA 	stimulation started
99.9627 	DATA 	
101.5116 	DATA 	Keypress: 5
101.5116 	DATA 	TR 66 | TR1 33 | TR2 33
103.0781 	DATA 	Keypress: 5
103.0782 	DATA 	TR 67 | TR1 34 | TR2 33
104.6280 	DATA 	Keypress: 5
104.6280 	DATA 	TR 68 | TR1 34 | TR2 34
105.0112 	DATA 	Target presented
105.6279 	DATA 	Keypress: 1
105.6279 	DATA 	Key1 pressed
105.6279 	DATA 	Target detected
106.1952 	DATA 	Keypress: 5
106.2111 	DATA 	TR 69 | TR1 35 | TR2 34
107.7610 	DATA 	Keypress: 5
107.7610 	DATA 	TR 70 | TR1 35 | TR2 35
109.3275 	DATA 	Keypress: 5
109.3276 	DATA 	TR 71 | TR1 36 | TR2 35
110.8774 	DATA 	Keypress: 5
110.8774 	DATA 	TR 72 | TR1 36 | TR2 36
111.9772 	DATA 	
111.9772 	DATA 	stimulation stopped
111.9772 	DATA 	
112.4439 	DATA 	Keypress: 5
112.4439 	DATA 	TR 73 | TR1 37 | TR2 36
113.9937 	DATA 	Keypress: 5
113.9938 	DATA 	TR 74 | TR1 37 | TR2 37
115.5769 	DATA 	Keypress: 5
115.5770 	DATA 	TR 75 | TR1 38 | TR2 37
117.1268 	DATA 	Keypress: 5
117.1268 	DATA 	TR 76 | TR1 38 | TR2 38
118.6933 	DATA 	Keypress: 5
118.6933 	DATA 	TR 77 | TR1 39 | TR2 38
120.2432 	DATA 	Keypress: 5
120.2432 	DATA 	TR 78 | TR1 39 | TR2 39
121.8263 	DATA 	Keypress: 5
121.8264 	DATA 	TR 79 | TR1 40 | TR2 39
123.3762 	DATA 	Keypress: 5
123.3762 	DATA 	TR 80 | TR1 40 | TR2 40
124.9427 	DATA 	Keypress: 5
124.9427 	DATA 	TR 81 | TR1 41 | TR2 40
126.4925 	DATA 	Keypress: 5
126.4926 	DATA 	TR 82 | TR1 41 | TR2 41
128.0591 	DATA 	Keypress: 5
128.0592 	DATA 	TR 83 | TR1 42 | TR2 41
129.6256 	DATA 	Keypress: 5
129.6256 	DATA 	TR 84 | TR1 42 | TR2 42
131.1921 	DATA 	Keypress: 5
131.1922 	DATA 	TR 85 | TR1 43 | TR2 42
132.7420 	DATA 	Keypress: 5
132.7420 	DATA 	TR 86 | TR1 43 | TR2 43
134.3085 	DATA 	Keypress: 5
134.3086 	DATA 	TR 87 | TR1 44 | TR2 43
135.8583 	DATA 	Keypress: 5
135.8584 	DATA 	TR 88 | TR1 44 | TR2 44
137.4416 	DATA 	Keypress: 5
137.4416 	DATA 	TR 89 | TR1 45 | TR2 44
138.9914 	DATA 	Keypress: 5
138.9914 	DATA 	TR 90 | TR1 45 | TR2 45
140.5580 	DATA 	Keypress: 5
140.5580 	DATA 	TR 91 | TR1 46 | TR2 45
141.9744 	DATA 	
141.9744 	DATA 	Trial complete
141.9744 	DATA 	Waiting for VASO trigger to start next trial
141.9745 	DATA 	
142.1078 	DATA 	Keypress: 5
142.1079 	DATA 	TR 92 | TR1 46 | TR2 46
143.6743 	DATA 	Keypress: 5
143.6744 	DATA 	Waited 1.6999289989471436 seconds for trigger
143.6752 	DATA 	
143.6752 	DATA 	Trial 3
143.6752 	DATA 	stimDur = 24.0
143.6752 	DATA 	jitter = 1.5705
143.6752 	DATA 	restDur = 40.0

143.6752 	DATA 	
143.6752 	DATA 	TR 93 | TR1 47 | TR2 46
145.2408 	DATA 	Keypress: 5
145.2409 	DATA 	TR 94 | TR1 47 | TR2 47
145.2575 	DATA 	
145.2575 	DATA 	stimulation started
145.2575 	DATA 	
146.8075 	DATA 	Keypress: 5
146.8075 	DATA 	TR 95 | TR1 48 | TR2 47
148.3573 	DATA 	Keypress: 5
148.3573 	DATA 	TR 96 | TR1 48 | TR2 48
149.9238 	DATA 	Keypress: 5
149.9239 	DATA 	TR 97 | TR1 49 | TR2 48
151.4736 	DATA 	Keypress: 5
151.4737 	DATA 	TR 98 | TR1 49 | TR2 49
151.8903 	DATA 	Target presented
152.4236 	DATA 	Keypress: 1
152.4236 	DATA 	Key1 pressed
152.4236 	DATA 	Target detected
153.0569 	DATA 	Keypress: 5
153.0569 	DATA 	TR 99 | TR1 50 | TR2 49
154.6067 	DATA 	Keypress: 5
154.6067 	DATA 	TR 100 | TR1 50 | TR2 50
156.1732 	DATA 	Keypress: 5
156.1733 	DATA 	TR 101 | TR1 51 | TR2 50
157.7232 	DATA 	Keypress: 5
157.7233 	DATA 	TR 102 | TR1 51 | TR2 51
159.3063 	DATA 	Keypress: 5
159.3063 	DATA 	TR 103 | TR1 52 | TR2 51
160.8562 	DATA 	Keypress: 5
160.8563 	DATA 	TR 104 | TR1 52 | TR2 52
162.4227 	DATA 	Keypress: 5
162.4227 	DATA 	TR 105 | TR1 53 | TR2 52
163.9726 	DATA 	Keypress: 5
163.9727 	DATA 	TR 106 | TR1 53 | TR2 53
165.5390 	DATA 	Keypress: 5
165.5391 	DATA 	TR 107 | TR1 54 | TR2 53
167.0896 	DATA 	Keypress: 5
167.1055 	DATA 	TR 108 | TR1 54 | TR2 54
168.6721 	DATA 	Keypress: 5
168.6722 	DATA 	TR 109 | TR1 55 | TR2 54
169.2553 	DATA 	
169.2553 	DATA 	stimulation stopped
169.2553 	DATA 	
170.2219 	DATA 	Keypress: 5
170.2219 	DATA 	TR 110 | TR1 55 | TR2 55
171.7884 	DATA 	Keypress: 5
171.7885 	DATA 	TR 111 | TR1 56 | TR2 55
173.3382 	DATA 	Keypress: 5
173.3383 	DATA 	TR 112 | TR1 56 | TR2 56
174.9215 	DATA 	Keypress: 5
174.9215 	DATA 	TR 113 | TR1 57 | TR2 56
176.4713 	DATA 	Keypress: 5
176.4713 	DATA 	TR 114 | TR1 57 | TR2 57
178.0378 	DATA 	Keypress: 5
178.0379 	DATA 	TR 115 | TR1 58 | TR2 57
179.5877 	DATA 	Keypress: 5
179.5877 	DATA 	TR 116 | TR1 58 | TR2 58
181.1549 	DATA 	Keypress: 5
181.1708 	DATA 	TR 117 | TR1 59 | TR2 58
182.7207 	DATA 	Keypress: 5
182.7208 	DATA 	TR 118 | TR1 59 | TR2 59
184.2873 	DATA 	Keypress: 5
184.2873 	DATA 	TR 119 | TR1 60 | TR2 59
185.8371 	DATA 	Keypress: 5
185.8371 	DATA 	TR 120 | TR1 60 | TR2 60
187.4036 	DATA 	Keypress: 5
187.4037 	DATA 	TR 121 | TR1 61 | TR2 60
188.9535 	DATA 	Keypress: 5
188.9535 	DATA 	TR 122 | TR1 61 | TR2 61
190.5367 	DATA 	Keypress: 5
190.5367 	DATA 	TR 123 | TR1 62 | TR2 61
192.0865 	DATA 	Keypress: 5
192.0866 	DATA 	TR 124 | TR1 62 | TR2 62
193.6531 	DATA 	Keypress: 5
193.6531 	DATA 	TR 125 | TR1 63 | TR2 62
195.2029 	DATA 	Keypress: 5
195.2029 	DATA 	TR 126 | TR1 63 | TR2 63
196.7861 	DATA 	Keypress: 5
196.7862 	DATA 	TR 127 | TR1 64 | TR2 63
198.3359 	DATA 	Keypress: 5
198.3360 	DATA 	TR 128 | TR1 64 | TR2 64
199.9025 	DATA 	Keypress: 5
199.9025 	DATA 	TR 129 | TR1 65 | TR2 64
201.4523 	DATA 	Keypress: 5
201.4524 	DATA 	TR 130 | TR1 65 | TR2 65
203.0189 	DATA 	Keypress: 5
203.0189 	DATA 	TR 131 | TR1 66 | TR2 65
204.5854 	DATA 	Keypress: 5
204.5854 	DATA 	TR 132 | TR1 66 | TR2 66
206.1519 	DATA 	Keypress: 5
206.1520 	DATA 	TR 133 | TR1 67 | TR2 66
207.7017 	DATA 	Keypress: 5
207.7018 	DATA 	TR 134 | TR1 67 | TR2 67
209.2516 	DATA 	
209.2516 	DATA 	Trial complete
209.2516 	DATA 	Waiting for VASO trigger to start next trial
209.2516 	DATA 	
209.2683 	DATA 	Keypress: 5
209.2683 	DATA 	Waited 0.01674199104309082 seconds for trigger
209.2691 	DATA 	
209.2691 	DATA 	Trial 4
209.2691 	DATA 	stimDur = 1.0
209.2691 	DATA 	jitter = 2.35575
209.2691 	DATA 	restDur = 20.0

209.2691 	DATA 	
209.2692 	DATA 	TR 135 | TR1 68 | TR2 67
210.8182 	DATA 	Keypress: 5
210.8182 	DATA 	TR 136 | TR1 68 | TR2 68
211.6347 	DATA 	
211.6347 	DATA 	stimulation started
211.6347 	DATA 	
212.4014 	DATA 	Keypress: 5
212.4014 	DATA 	TR 137 | TR1 69 | TR2 68
212.6347 	DATA 	
212.6347 	DATA 	stimulation stopped
212.6347 	DATA 	
213.9513 	DATA 	Keypress: 5
213.9513 	DATA 	TR 138 | TR1 69 | TR2 69
215.5177 	DATA 	Keypress: 5
215.5178 	DATA 	TR 139 | TR1 70 | TR2 69
217.0675 	DATA 	Keypress: 5
217.0676 	DATA 	TR 140 | TR1 70 | TR2 70
218.6508 	DATA 	Keypress: 5
218.6508 	DATA 	TR 141 | TR1 71 | TR2 70
220.2007 	DATA 	Keypress: 5
220.2008 	DATA 	TR 142 | TR1 71 | TR2 71
221.7672 	DATA 	Keypress: 5
221.7672 	DATA 	TR 143 | TR1 72 | TR2 71
223.3170 	DATA 	Keypress: 5
223.3170 	DATA 	TR 144 | TR1 72 | TR2 72
223.9336 	DATA 	Target presented
224.5002 	DATA 	Keypress: 1
224.5003 	DATA 	Key1 pressed
224.5003 	DATA 	Target detected
224.8835 	DATA 	Keypress: 5
224.8835 	DATA 	TR 145 | TR1 73 | TR2 72
226.4339 	DATA 	Keypress: 5
226.4500 	DATA 	TR 146 | TR1 73 | TR2 73
228.0167 	DATA 	Keypress: 5
228.0167 	DATA 	TR 147 | TR1 74 | TR2 73
229.5664 	DATA 	Keypress: 5
229.5664 	DATA 	TR 148 | TR1 74 | TR2 74
231.1329 	DATA 	Keypress: 5
231.1330 	DATA 	TR 149 | TR1 75 | TR2 74
232.6327 	DATA 	
232.6328 	DATA 	Trial complete
232.6328 	DATA 	Waiting for VASO trigger to start next trial
232.6328 	DATA 	
232.6828 	DATA 	Keypress: 5
232.6828 	DATA 	TR 150 | TR1 75 | TR2 75
234.2660 	DATA 	Keypress: 5
234.2660 	DATA 	Waited 1.6332659721374512 seconds for trigger
234.2668 	DATA 	
234.2668 	DATA 	Trial 5
234.2668 	DATA 	stimDur = 12.0
234.2668 	DATA 	jitter = 0.78525
234.2668 	DATA 	restDur = 30.0

234.2669 	DATA 	
234.2669 	DATA 	TR 151 | TR1 76 | TR2 75
235.0659 	DATA 	
235.0659 	DATA 	stimulation started
235.0659 	DATA 	
235.8159 	DATA 	Keypress: 5
235.8159 	DATA 	TR 152 | TR1 76 | TR2 76
237.3824 	DATA 	Keypress: 5
237.3825 	DATA 	TR 153 | TR1 77 | TR2 76
238.9323 	DATA 	Keypress: 5
238.9323 	DATA 	TR 154 | TR1 77 | TR2 77
240.4988 	DATA 	Keypress: 5
240.4989 	DATA 	TR 155 | TR1 78 | TR2 77
242.0653 	DATA 	Keypress: 5
242.0654 	DATA 	TR 156 | TR1 78 | TR2 78
243.6319 	DATA 	Keypress: 5
243.6319 	DATA 	TR 157 | TR1 79 | TR2 78
245.1817 	DATA 	Keypress: 5
245.1817 	DATA 	TR 158 | TR1 79 | TR2 79
246.7482 	DATA 	Keypress: 5
246.7483 	DATA 	TR 159 | TR1 80 | TR2 79
247.0648 	DATA 	
247.0648 	DATA 	stimulation stopped
247.0648 	DATA 	
248.2980 	DATA 	Keypress: 5
248.2980 	DATA 	TR 160 | TR1 80 | TR2 80
249.8812 	DATA 	Keypress: 5
249.8813 	DATA 	TR 161 | TR1 81 | TR2 80
251.4312 	DATA 	Keypress: 5
251.4312 	DATA 	TR 162 | TR1 81 | TR2 81
252.9976 	DATA 	Keypress: 5
252.9976 	DATA 	TR 163 | TR1 82 | TR2 81
254.5474 	DATA 	Keypress: 5
254.5475 	DATA 	TR 164 | TR1 82 | TR2 82
256.1308 	DATA 	Keypress: 5
256.1308 	DATA 	TR 165 | TR1 83 | TR2 82
257.6805 	DATA 	Keypress: 5
257.6805 	DATA 	TR 166 | TR1 83 | TR2 83
259.2470 	DATA 	Keypress: 5
259.2471 	DATA 	TR 167 | TR1 84 | TR2 83
260.7969 	DATA 	Keypress: 5
260.7969 	DATA 	TR 168 | TR1 84 | TR2 84
262.3635 	DATA 	Keypress: 5
262.3635 	DATA 	TR 169 | TR1 85 | TR2 84
263.9299 	DATA 	Keypress: 5
263.9299 	DATA 	TR 170 | TR1 85 | TR2 85
265.4967 	DATA 	Keypress: 5
265.4967 	DATA 	TR 171 | TR1 86 | TR2 85
267.0463 	DATA 	Keypress: 5
267.0463 	DATA 	TR 172 | TR1 86 | TR2 86
268.6128 	DATA 	Keypress: 5
268.6129 	DATA 	TR 173 | TR1 87 | TR2 86
270.1626 	DATA 	Keypress: 5
270.1627 	DATA 	TR 174 | TR1 87 | TR2 87
271.7459 	DATA 	Keypress: 5
271.7459 	DATA 	TR 175 | TR1 88 | TR2 87
273.2957 	DATA 	Keypress: 5
273.2957 	DATA 	TR 176 | TR1 88 | TR2 88
274.8622 	DATA 	Keypress: 5
274.8623 	DATA 	TR 177 | TR1 89 | TR2 88
276.4121 	DATA 	Keypress: 5
276.4122 	DATA 	TR 178 | TR1 89 | TR2 89
277.0620 	DATA 	
277.0620 	DATA 	Trial complete
277.0620 	DATA 	Waiting for VASO trigger to start next trial
277.0620 	DATA 	
277.9793 	DATA 	Keypress: 5
277.9954 	DATA 	Waited 0.9334068298339844 seconds for trigger
277.9962 	DATA 	
277.9962 	DATA 	Trial 6
277.9962 	DATA 	stimDur = 2.0
277.9962 	DATA 	jitter = 0.78525
277.9962 	DATA 	restDur = 22.0

277.9962 	DATA 	
277.9962 	DATA 	TR 179 | TR1 90 | TR2 89
278.7952 	DATA 	
278.7952 	DATA 	stimulation started
278.7952 	DATA 	
279.5452 	DATA 	Keypress: 5
279.5452 	DATA 	TR 180 | TR1 90 | TR2 90
280.7952 	DATA 	
280.7952 	DATA 	stimulation stopped
280.7952 	DATA 	
281.1117 	DATA 	Keypress: 5
281.1117 	DATA 	TR 181 | TR1 91 | TR2 90
282.6615 	DATA 	Keypress: 5
282.6615 	DATA 	TR 182 | TR1 91 | TR2 91
284.2281 	DATA 	Keypress: 5
284.2281 	DATA 	TR 183 | TR1 92 | TR2 91
285.7779 	DATA 	Keypress: 5
285.7779 	DATA 	TR 184 | TR1 92 | TR2 92
287.3611 	DATA 	Keypress: 5
287.3611 	DATA 	TR 185 | TR1 93 | TR2 92
288.9109 	DATA 	Keypress: 5
288.9110 	DATA 	TR 186 | TR1 93 | TR2 93
290.4775 	DATA 	Keypress: 5
290.4775 	DATA 	TR 187 | TR1 94 | TR2 93
292.0273 	DATA 	Keypress: 5
292.0274 	DATA 	TR 188 | TR1 94 | TR2 94
293.6105 	DATA 	Keypress: 5
293.6106 	DATA 	TR 189 | TR1 95 | TR2 94
295.1605 	DATA 	Keypress: 5
295.1605 	DATA 	TR 190 | TR1 95 | TR2 95
296.7269 	DATA 	Keypress: 5
296.7269 	DATA 	TR 191 | TR1 96 | TR2 95
298.2767 	DATA 	Keypress: 5
298.2767 	DATA 	TR 192 | TR1 96 | TR2 96
299.8433 	DATA 	Keypress: 5
299.8433 	DATA 	TR 193 | TR1 97 | TR2 96
301.3937 	DATA 	Keypress: 5
301.4097 	DATA 	TR 194 | TR1 97 | TR2 97
301.8264 	DATA 	Target presented
302.4430 	DATA 	Keypress: 1
302.4431 	DATA 	Key1 pressed
302.4431 	DATA 	Target detected
302.7930 	DATA 	
302.7930 	DATA 	Trial complete
302.7930 	DATA 	Waiting for VASO trigger to start next trial
302.7930 	DATA 	
302.9763 	DATA 	Keypress: 5
302.9763 	DATA 	Waited 0.18334507942199707 seconds for trigger
302.9771 	DATA 	
302.9771 	DATA 	Trial 7
302.9771 	DATA 	stimDur = 2.0
302.9771 	DATA 	jitter = 0.0
302.9771 	DATA 	restDur = 22.0

302.9771 	DATA 	
302.9771 	DATA 	TR 195 | TR1 98 | TR2 97
302.9772 	DATA 	
302.9772 	DATA 	stimulation started
302.9772 	DATA 	
304.5262 	DATA 	Keypress: 5
304.5263 	DATA 	TR 196 | TR1 98 | TR2 98
304.9928 	DATA 	
304.9928 	DATA 	stimulation stopped
304.9928 	DATA 	
306.0927 	DATA 	Keypress: 5
306.0927 	DATA 	TR 197 | TR1 99 | TR2 98
307.6425 	DATA 	Keypress: 5
307.6426 	DATA 	TR 198 | TR1 99 | TR2 99
309.2257 	DATA 	Keypress: 5
309.2258 	DATA 	TR 199 | TR1 100 | TR2 99
310.7756 	DATA 	Keypress: 5
310.7756 	DATA 	TR 200 | TR1 100 | TR2 100
312.3421 	DATA 	Keypress: 5
312.3422 	DATA 	TR 201 | TR1 101 | TR2 100
313.8920 	DATA 	Keypress: 5
313.8920 	DATA 	TR 202 | TR1 101 | TR2 101
315.4752 	DATA 	Keypress: 5
315.4752 	DATA 	TR 203 | TR1 102 | TR2 101
317.0250 	DATA 	Keypress: 5
317.0251 	DATA 	TR 204 | TR1 102 | TR2 102
318.5916 	DATA 	Keypress: 5
318.5916 	DATA 	TR 205 | TR1 103 | TR2 102
320.1414 	DATA 	Keypress: 5
320.1414 	DATA 	TR 206 | TR1 103 | TR2 103
321.7079 	DATA 	Keypress: 5
321.7080 	DATA 	TR 207 | TR1 104 | TR2 103
323.2579 	DATA 	Keypress: 5
323.2580 	DATA 	TR 208 | TR1 104 | TR2 104
324.8410 	DATA 	Keypress: 5
324.8410 	DATA 	TR 209 | TR1 105 | TR2 104
326.3908 	DATA 	Keypress: 5
326.3909 	DATA 	TR 210 | TR1 105 | TR2 105
326.9907 	DATA 	
326.9907 	DATA 	Trial complete
326.9907 	DATA 	Waiting for VASO trigger to start next trial
326.9908 	DATA 	
327.9574 	DATA 	Keypress: 5
327.9574 	DATA 	Waited 0.9666638374328613 seconds for trigger
327.9582 	DATA 	
327.9582 	DATA 	Trial 8
327.9582 	DATA 	stimDur = 2.0
327.9582 	DATA 	jitter = 1.5705
327.9582 	DATA 	restDur = 22.0

327.9582 	DATA 	
327.9582 	DATA 	TR 211 | TR1 106 | TR2 105
329.5072 	DATA 	Keypress: 5
329.5073 	DATA 	TR 212 | TR1 106 | TR2 106
329.5406 	DATA 	
329.5406 	DATA 	stimulation started
329.5406 	DATA 	
331.0904 	DATA 	Keypress: 5
331.0905 	DATA 	TR 213 | TR1 107 | TR2 106
331.5403 	DATA 	
331.5403 	DATA 	stimulation stopped
331.5403 	DATA 	
332.6403 	DATA 	Keypress: 5
332.6403 	DATA 	TR 214 | TR1 107 | TR2 107
334.2068 	DATA 	Keypress: 5
334.2068 	DATA 	TR 215 | TR1 108 | TR2 107
335.7566 	DATA 	Keypress: 5
335.7567 	DATA 	TR 216 | TR1 108 | TR2 108
337.3237 	DATA 	Keypress: 5
337.3398 	DATA 	TR 217 | TR1 109 | TR2 108
338.8897 	DATA 	Keypress: 5
338.8897 	DATA 	TR 218 | TR1 109 | TR2 109
340.4562 	DATA 	Keypress: 5
340.4563 	DATA 	TR 219 | TR1 110 | TR2 109
342.0061 	DATA 	Keypress: 5
342.0061 	DATA 	TR 220 | TR1 110 | TR2 110
343.5725 	DATA 	Keypress: 5
343.5726 	DATA 	TR 221 | TR1 111 | TR2 110
345.1224 	DATA 	Keypress: 5
345.1225 	DATA 	TR 222 | TR1 111 | TR2 111
346.7056 	DATA 	Keypress: 5
346.7056 	DATA 	TR 223 | TR1 112 | TR2 111
348.2555 	DATA 	Keypress: 5
348.2555 	DATA 	TR 224 | TR1 112 | TR2 112
349.8220 	DATA 	Keypress: 5
349.8221 	DATA 	TR 225 | TR1 113 | TR2 112
351.3719 	DATA 	Keypress: 5
351.3719 	DATA 	TR 226 | TR1 113 | TR2 113
352.9550 	DATA 	Keypress: 5
352.9551 	DATA 	TR 227 | TR1 114 | TR2 113
353.5383 	DATA 	
353.5383 	DATA 	Trial complete
353.5383 	DATA 	Waiting for VASO trigger to start next trial
353.5383 	DATA 	
354.5049 	DATA 	Keypress: 5
354.5049 	DATA 	TR 228 | TR1 114 | TR2 114
356.0714 	DATA 	Keypress: 5
356.0715 	DATA 	Waited 2.533155918121338 seconds for trigger
356.0722 	DATA 	
356.0722 	DATA 	Trial 9
356.0722 	DATA 	stimDur = 12.0
356.0722 	DATA 	jitter = 1.5705
356.0723 	DATA 	restDur = 30.0

356.0723 	DATA 	
356.0723 	DATA 	TR 229 | TR1 115 | TR2 114
357.6213 	DATA 	Keypress: 5
357.6213 	DATA 	TR 230 | TR1 115 | TR2 115
357.6546 	DATA 	
357.6546 	DATA 	stimulation started
357.6546 	DATA 	
358.1046 	DATA 	Keypress: 1
358.1047 	DATA 	Key1 pressed
359.1878 	DATA 	Keypress: 5
359.1879 	DATA 	TR 231 | TR1 116 | TR2 115
359.2212 	DATA 	Target presented
359.8378 	DATA 	Keypress: 1
359.8378 	DATA 	Key1 pressed
359.8378 	DATA 	Target detected
360.7385 	DATA 	Keypress: 5
360.7543 	DATA 	TR 232 | TR1 116 | TR2 116
362.3209 	DATA 	Keypress: 5
362.3209 	DATA 	TR 233 | TR1 117 | TR2 116
363.8708 	DATA 	Keypress: 5
363.8708 	DATA 	TR 234 | TR1 117 | TR2 117
365.4373 	DATA 	Keypress: 5
365.4373 	DATA 	TR 235 | TR1 118 | TR2 117
366.9871 	DATA 	Keypress: 5
366.9872 	DATA 	TR 236 | TR1 118 | TR2 118
368.5703 	DATA 	Keypress: 5
368.5703 	DATA 	TR 237 | TR1 119 | TR2 118
369.6535 	DATA 	
369.6535 	DATA 	stimulation stopped
369.6535 	DATA 	
370.1201 	DATA 	Keypress: 5
370.1202 	DATA 	TR 238 | TR1 119 | TR2 119
371.6866 	DATA 	Keypress: 5
371.6867 	DATA 	TR 239 | TR1 120 | TR2 119
373.2365 	DATA 	Keypress: 5
373.2366 	DATA 	TR 240 | TR1 120 | TR2 120
374.8032 	DATA 	Keypress: 5
374.8032 	DATA 	TR 241 | TR1 121 | TR2 120
376.3696 	DATA 	Keypress: 5
376.3696 	DATA 	TR 242 | TR1 121 | TR2 121
377.9360 	DATA 	Keypress: 5
377.9361 	DATA 	TR 243 | TR1 122 | TR2 121
379.4859 	DATA 	Keypress: 5
379.4860 	DATA 	TR 244 | TR1 122 | TR2 122
381.0524 	DATA 	Keypress: 5
381.0525 	DATA 	TR 245 | TR1 123 | TR2 122
382.6023 	DATA 	Keypress: 5
382.6024 	DATA 	TR 246 | TR1 123 | TR2 123
384.1855 	DATA 	Keypress: 5
384.1855 	DATA 	TR 247 | TR1 124 | TR2 123
385.7354 	DATA 	Keypress: 5
385.7354 	DATA 	TR 248 | TR1 124 | TR2 124
387.3018 	DATA 	Keypress: 5
387.3019 	DATA 	TR 249 | TR1 125 | TR2 124
388.8517 	DATA 	Keypress: 5
388.8518 	DATA 	TR 250 | TR1 125 | TR2 125
390.4349 	DATA 	Keypress: 5
390.4349 	DATA 	TR 251 | TR1 126 | TR2 125
391.9848 	DATA 	Keypress: 5
391.9848 	DATA 	TR 252 | TR1 126 | TR2 126
393.5514 	DATA 	Keypress: 5
393.5515 	DATA 	TR 253 | TR1 127 | TR2 126
395.1011 	DATA 	Keypress: 5
395.1012 	DATA 	TR 254 | TR1 127 | TR2 127
396.6677 	DATA 	Keypress: 5
396.6677 	DATA 	TR 255 | TR1 128 | TR2 127
398.2342 	DATA 	Keypress: 5
398.2342 	DATA 	TR 256 | TR1 128 | TR2 128
399.6507 	DATA 	
399.6507 	DATA 	Trial complete
399.6507 	DATA 	Waiting for VASO trigger to start next trial
399.6507 	DATA 	
399.8008 	DATA 	Keypress: 5
399.8008 	DATA 	Waited 0.15012907981872559 seconds for trigger
399.8016 	DATA 	
399.8016 	DATA 	Trial 10
399.8016 	DATA 	stimDur = 4.0
399.8016 	DATA 	jitter = 0.78525
399.8016 	DATA 	restDur = 24.0

399.8016 	DATA 	
399.8017 	DATA 	TR 257 | TR1 129 | TR2 128
400.6006 	DATA 	
400.6006 	DATA 	stimulation started
400.6006 	DATA 	
401.3506 	DATA 	Keypress: 5
401.3507 	DATA 	TR 258 | TR1 129 | TR2 129
402.9171 	DATA 	Keypress: 5
402.9172 	DATA 	TR 259 | TR1 130 | TR2 129
404.4670 	DATA 	Keypress: 5
404.4671 	DATA 	TR 260 | TR1 130 | TR2 130
404.6005 	DATA 	
404.6005 	DATA 	stimulation stopped
404.6005 	DATA 	
406.0501 	DATA 	Keypress: 5
406.0502 	DATA 	TR 261 | TR1 131 | TR2 130
407.6000 	DATA 	Keypress: 5
407.6001 	DATA 	TR 262 | TR1 131 | TR2 131
409.1665 	DATA 	Keypress: 5
409.1666 	DATA 	TR 263 | TR1 132 | TR2 131
410.7164 	DATA 	Keypress: 5
410.7164 	DATA 	TR 264 | TR1 132 | TR2 132
412.2835 	DATA 	Keypress: 5
412.2995 	DATA 	TR 265 | TR1 133 | TR2 132
413.8494 	DATA 	Keypress: 5
413.8495 	DATA 	TR 266 | TR1 133 | TR2 133
415.4159 	DATA 	Keypress: 5
415.4160 	DATA 	TR 267 | TR1 134 | TR2 133
416.9658 	DATA 	Keypress: 5
416.9658 	DATA 	TR 268 | TR1 134 | TR2 134
418.5323 	DATA 	Keypress: 5
418.5323 	DATA 	TR 269 | TR1 135 | TR2 134
420.0823 	DATA 	Keypress: 5
420.0823 	DATA 	TR 270 | TR1 135 | TR2 135
421.6653 	DATA 	Keypress: 5
421.6654 	DATA 	TR 271 | TR1 136 | TR2 135
423.2154 	DATA 	Keypress: 5
423.2154 	DATA 	TR 272 | TR1 136 | TR2 136
423.4487 	DATA 	Target presented
424.0486 	DATA 	Keypress: 1
424.0487 	DATA 	Key1 pressed
424.0487 	DATA 	Target detected
424.7817 	DATA 	Keypress: 5
424.7818 	DATA 	TR 273 | TR1 137 | TR2 136
426.3316 	DATA 	Keypress: 5
426.3316 	DATA 	TR 274 | TR1 137 | TR2 137
427.9148 	DATA 	Keypress: 5
427.9148 	DATA 	TR 275 | TR1 138 | TR2 137
428.5980 	DATA 	
428.5980 	DATA 	Trial complete
428.5980 	DATA 	Waiting for VASO trigger to start next trial
428.5980 	DATA 	
429.4646 	DATA 	Keypress: 5
429.4647 	DATA 	TR 276 | TR1 138 | TR2 138
431.0311 	DATA 	Keypress: 5
431.0312 	DATA 	Waited 2.4331469535827637 seconds for trigger
431.0319 	DATA 	
431.0319 	DATA 	Trial 11
431.0320 	DATA 	stimDur = 4.0
431.0320 	DATA 	jitter = 2.35575
431.0320 	DATA 	restDur = 24.0

431.0320 	DATA 	
431.0320 	DATA 	TR 277 | TR1 139 | TR2 138
432.5810 	DATA 	Keypress: 5
432.5811 	DATA 	TR 278 | TR1 139 | TR2 139
433.3975 	DATA 	
433.3975 	DATA 	stimulation started
433.3976 	DATA 	
434.1476 	DATA 	Keypress: 5
434.1477 	DATA 	TR 279 | TR1 140 | TR2 139
435.7141 	DATA 	Keypress: 5
435.7142 	DATA 	TR 280 | TR1 140 | TR2 140
437.2806 	DATA 	Keypress: 5
437.2807 	DATA 	TR 281 | TR1 141 | TR2 140
437.3972 	DATA 	
437.3972 	DATA 	stimulation stopped
437.3972 	DATA 	
438.8304 	DATA 	Keypress: 5
438.8305 	DATA 	TR 282 | TR1 141 | TR2 141
440.3969 	DATA 	Keypress: 5
440.3970 	DATA 	TR 283 | TR1 142 | TR2 141
441.9468 	DATA 	Keypress: 5
441.9469 	DATA 	TR 284 | TR1 142 | TR2 142
443.5300 	DATA 	Keypress: 5
443.5300 	DATA 	TR 285 | TR1 143 | TR2 142
445.0798 	DATA 	Keypress: 5
445.0799 	DATA 	TR 286 | TR1 143 | TR2 143
446.6464 	DATA 	Keypress: 5
446.6464 	DATA 	TR 287 | TR1 144 | TR2 143
448.1963 	DATA 	Keypress: 5
448.1963 	DATA 	TR 288 | TR1 144 | TR2 144
449.7794 	DATA 	Keypress: 5
449.7794 	DATA 	TR 289 | TR1 145 | TR2 144
451.3293 	DATA 	Keypress: 5
451.3293 	DATA 	TR 290 | TR1 145 | TR2 145
452.8958 	DATA 	Keypress: 5
452.8958 	DATA 	TR 291 | TR1 146 | TR2 145
454.4457 	DATA 	Keypress: 5
454.4457 	DATA 	TR 292 | TR1 146 | TR2 146
456.0123 	DATA 	Keypress: 5
456.0123 	DATA 	TR 293 | TR1 147 | TR2 146
457.5621 	DATA 	Keypress: 5
457.5621 	DATA 	TR 294 | TR1 147 | TR2 147
459.1452 	DATA 	Keypress: 5
459.1452 	DATA 	TR 295 | TR1 148 | TR2 147
460.6952 	DATA 	Keypress: 5
460.6952 	DATA 	TR 296 | TR1 148 | TR2 148
461.3950 	DATA 	
461.3950 	DATA 	Trial complete
461.3950 	DATA 	Waiting for VASO trigger to start next trial
461.3950 	DATA 	
462.2616 	DATA 	Keypress: 5
462.2616 	DATA 	Waited 0.8666300773620605 seconds for trigger
462.2624 	DATA 	
462.2624 	DATA 	Trial 12
462.2624 	DATA 	stimDur = 24.0
462.2624 	DATA 	jitter = 0.0
462.2624 	DATA 	restDur = 40.0

462.2624 	DATA 	
462.2625 	DATA 	TR 297 | TR1 149 | TR2 148
462.2625 	DATA 	
462.2625 	DATA 	stimulation started
462.2625 	DATA 	
463.8115 	DATA 	Keypress: 5
463.8116 	DATA 	TR 298 | TR1 149 | TR2 149
465.3947 	DATA 	Keypress: 5
465.3947 	DATA 	TR 299 | TR1 150 | TR2 149
466.9447 	DATA 	Keypress: 5
466.9448 	DATA 	TR 300 | TR1 150 | TR2 150
468.5111 	DATA 	Keypress: 5
468.5111 	DATA 	TR 301 | TR1 151 | TR2 150
470.0609 	DATA 	Keypress: 5
470.0610 	DATA 	TR 302 | TR1 151 | TR2 151
471.6282 	DATA 	Keypress: 5
471.6441 	DATA 	TR 303 | TR1 152 | TR2 151
473.1940 	DATA 	Keypress: 5
473.1940 	DATA 	TR 304 | TR1 152 | TR2 152
474.7606 	DATA 	Keypress: 5
474.7607 	DATA 	TR 305 | TR1 153 | TR2 152
476.3104 	DATA 	Keypress: 5
476.3104 	DATA 	TR 306 | TR1 153 | TR2 153
477.8769 	DATA 	Keypress: 5
477.8769 	DATA 	TR 307 | TR1 154 | TR2 153
479.4267 	DATA 	Keypress: 5
479.4268 	DATA 	TR 308 | TR1 154 | TR2 154
481.0099 	DATA 	Keypress: 5
481.0099 	DATA 	TR 309 | TR1 155 | TR2 154
482.5598 	DATA 	Keypress: 5
482.5598 	DATA 	TR 310 | TR1 155 | TR2 155
482.7598 	DATA 	Target presented
483.3264 	DATA 	Keypress: 1
483.3264 	DATA 	Key1 pressed
483.3264 	DATA 	Target detected
484.1263 	DATA 	Keypress: 5
484.1263 	DATA 	TR 311 | TR1 156 | TR2 155
485.6762 	DATA 	Keypress: 5
485.6762 	DATA 	TR 312 | TR1 156 | TR2 156
486.2760 	DATA 	
486.2761 	DATA 	stimulation stopped
486.2761 	DATA 	
487.2593 	DATA 	Keypress: 5
487.2593 	DATA 	TR 313 | TR1 157 | TR2 156
488.8091 	DATA 	Keypress: 5
488.8092 	DATA 	TR 314 | TR1 157 | TR2 157
490.3756 	DATA 	Keypress: 5
490.3757 	DATA 	TR 315 | TR1 158 | TR2 157
491.9255 	DATA 	Keypress: 5
491.9256 	DATA 	TR 316 | TR1 158 | TR2 158
493.4920 	DATA 	Keypress: 5
493.4921 	DATA 	TR 317 | TR1 159 | TR2 158
495.0425 	DATA 	Keypress: 5
495.0585 	DATA 	TR 318 | TR1 159 | TR2 159
496.6251 	DATA 	Keypress: 5
496.6251 	DATA 	TR 319 | TR1 160 | TR2 159
498.1750 	DATA 	Keypress: 5
498.1750 	DATA 	TR 320 | TR1 160 | TR2 160
499.7414 	DATA 	Keypress: 5
499.7415 	DATA 	TR 321 | TR1 161 | TR2 160
501.2913 	DATA 	Keypress: 5
501.2913 	DATA 	TR 322 | TR1 161 | TR2 161
502.8745 	DATA 	Keypress: 5
502.8746 	DATA 	TR 323 | TR1 162 | TR2 161
504.4245 	DATA 	Keypress: 5
504.4246 	DATA 	TR 324 | TR1 162 | TR2 162
505.9909 	DATA 	Keypress: 5
505.9909 	DATA 	TR 325 | TR1 163 | TR2 162
507.5408 	DATA 	Keypress: 5
507.5408 	DATA 	TR 326 | TR1 163 | TR2 163
509.1079 	DATA 	Keypress: 5
509.1239 	DATA 	TR 327 | TR1 164 | TR2 163
510.6738 	DATA 	Keypress: 5
510.6739 	DATA 	TR 328 | TR1 164 | TR2 164
512.2405 	DATA 	Keypress: 5
512.2405 	DATA 	TR 329 | TR1 165 | TR2 164
513.7902 	DATA 	Keypress: 5
513.7902 	DATA 	TR 330 | TR1 165 | TR2 165
515.3567 	DATA 	Keypress: 5
515.3567 	DATA 	TR 331 | TR1 166 | TR2 165
516.9067 	DATA 	Keypress: 5
516.9068 	DATA 	TR 332 | TR1 166 | TR2 166
518.4897 	DATA 	Keypress: 5
518.4898 	DATA 	TR 333 | TR1 167 | TR2 166
520.0396 	DATA 	Keypress: 5
520.0396 	DATA 	TR 334 | TR1 167 | TR2 167
521.6061 	DATA 	Keypress: 5
521.6061 	DATA 	TR 335 | TR1 168 | TR2 167
523.1560 	DATA 	Keypress: 5
523.1560 	DATA 	TR 336 | TR1 168 | TR2 168
524.7392 	DATA 	Keypress: 5
524.7393 	DATA 	TR 337 | TR1 169 | TR2 168
526.2723 	DATA 	
526.2723 	DATA 	Trial complete
526.2723 	DATA 	Waiting for VASO trigger to start next trial
526.2723 	DATA 	
526.2890 	DATA 	Keypress: 5
526.2891 	DATA 	TR 338 | TR1 169 | TR2 169
527.8555 	DATA 	Keypress: 5
527.8556 	DATA 	Waited 1.5832569599151611 seconds for trigger
527.8564 	DATA 	
527.8564 	DATA 	Trial 13
527.8564 	DATA 	stimDur = 4.0
527.8564 	DATA 	jitter = 1.5705
527.8564 	DATA 	restDur = 24.0

527.8564 	DATA 	
527.8564 	DATA 	TR 339 | TR1 170 | TR2 169
529.4054 	DATA 	Keypress: 5
529.4055 	DATA 	TR 340 | TR1 170 | TR2 170
529.4387 	DATA 	
529.4387 	DATA 	stimulation started
529.4387 	DATA 	
530.9720 	DATA 	Keypress: 5
530.9720 	DATA 	TR 341 | TR1 171 | TR2 170
532.5385 	DATA 	Keypress: 5
532.5386 	DATA 	TR 342 | TR1 171 | TR2 171
533.4384 	DATA 	
533.4384 	DATA 	stimulation stopped
533.4384 	DATA 	
534.1049 	DATA 	Keypress: 5
534.1050 	DATA 	TR 343 | TR1 172 | TR2 171
535.6549 	DATA 	Keypress: 5
535.6549 	DATA 	TR 344 | TR1 172 | TR2 172
537.2213 	DATA 	Keypress: 5
537.2214 	DATA 	TR 345 | TR1 173 | TR2 172
538.7712 	DATA 	Keypress: 5
538.7712 	DATA 	TR 346 | TR1 173 | TR2 173
540.3544 	DATA 	Keypress: 5
540.3544 	DATA 	TR 347 | TR1 174 | TR2 173
541.9045 	DATA 	Keypress: 5
541.9045 	DATA 	TR 348 | TR1 174 | TR2 174
543.4707 	DATA 	Keypress: 5
543.4708 	DATA 	TR 349 | TR1 175 | TR2 174
545.0207 	DATA 	Keypress: 5
545.0208 	DATA 	TR 350 | TR1 175 | TR2 175
546.6038 	DATA 	Keypress: 5
546.6038 	DATA 	TR 351 | TR1 176 | TR2 175
548.1537 	DATA 	Keypress: 5
548.1537 	DATA 	TR 352 | TR1 176 | TR2 176
549.7202 	DATA 	Keypress: 5
549.7203 	DATA 	TR 353 | TR1 177 | TR2 176
551.2700 	DATA 	Keypress: 5
551.2701 	DATA 	TR 354 | TR1 177 | TR2 177
552.8365 	DATA 	Keypress: 5
552.8366 	DATA 	TR 355 | TR1 178 | TR2 177
554.3697 	DATA 	Target presented
554.3861 	DATA 	Keypress: 5
554.3862 	DATA 	TR 356 | TR1 178 | TR2 178
554.9030 	DATA 	Keypress: 1
554.9031 	DATA 	Key1 pressed
554.9031 	DATA 	Target detected
555.9696 	DATA 	Keypress: 5
555.9696 	DATA 	TR 357 | TR1 179 | TR2 178
557.4362 	DATA 	
557.4362 	DATA 	Trial complete
557.4362 	DATA 	Waiting for VASO trigger to start next trial
557.4362 	DATA 	
557.5195 	DATA 	Keypress: 5
557.5195 	DATA 	TR 358 | TR1 179 | TR2 179
559.0860 	DATA 	Keypress: 5
559.0860 	DATA 	Waited 1.6497609615325928 seconds for trigger
559.0868 	DATA 	
559.0868 	DATA 	Trial 14
559.0868 	DATA 	stimDur = 2.0
559.0868 	DATA 	jitter = 2.35575
559.0868 	DATA 	restDur = 22.0

559.0868 	DATA 	
559.0868 	DATA 	TR 359 | TR1 180 | TR2 179
560.6358 	DATA 	Keypress: 5
560.6359 	DATA 	TR 360 | TR1 180 | TR2 180
561.4526 	DATA 	
561.4526 	DATA 	stimulation started
561.4526 	DATA 	
562.2191 	DATA 	Keypress: 5
562.2192 	DATA 	TR 361 | TR1 181 | TR2 180
563.4522 	DATA 	
563.4523 	DATA 	stimulation stopped
563.4523 	DATA 	
563.7687 	DATA 	Keypress: 5
563.7688 	DATA 	TR 362 | TR1 181 | TR2 181
565.3354 	DATA 	Keypress: 5
565.3355 	DATA 	TR 363 | TR1 182 | TR2 181
566.8852 	DATA 	Keypress: 5
566.8853 	DATA 	TR 364 | TR1 182 | TR2 182
568.4518 	DATA 	Keypress: 5
568.4518 	DATA 	TR 365 | TR1 183 | TR2 182
570.0183 	DATA 	Keypress: 5
570.0183 	DATA 	TR 366 | TR1 183 | TR2 183
571.5848 	DATA 	Keypress: 5
571.5849 	DATA 	TR 367 | TR1 184 | TR2 183
573.1346 	DATA 	Keypress: 5
573.1347 	DATA 	TR 368 | TR1 184 | TR2 184
574.7012 	DATA 	Keypress: 5
574.7013 	DATA 	TR 369 | TR1 185 | TR2 184
576.2511 	DATA 	Keypress: 5
576.2512 	DATA 	TR 370 | TR1 185 | TR2 185
577.8343 	DATA 	Keypress: 5
577.8343 	DATA 	TR 371 | TR1 186 | TR2 185
579.3842 	DATA 	Keypress: 5
579.3843 	DATA 	TR 372 | TR1 186 | TR2 186
580.9506 	DATA 	Keypress: 5
580.9507 	DATA 	TR 373 | TR1 187 | TR2 186
582.5005 	DATA 	Keypress: 5
582.5005 	DATA 	TR 374 | TR1 187 | TR2 187
584.0838 	DATA 	Keypress: 5
584.0839 	DATA 	TR 375 | TR1 188 | TR2 187
585.4502 	DATA 	
585.4502 	DATA 	Trial complete
585.4502 	DATA 	Waiting for VASO trigger to start next trial
585.4502 	DATA 	
585.6335 	DATA 	Keypress: 5
585.6335 	DATA 	TR 376 | TR1 188 | TR2 188
587.2001 	DATA 	Keypress: 5
587.2001 	DATA 	Waited 1.74993896484375 seconds for trigger
587.2009 	DATA 	
587.2009 	DATA 	Trial 15
587.2009 	DATA 	stimDur = 4.0
587.2009 	DATA 	jitter = 0.0
587.2009 	DATA 	restDur = 24.0

587.2009 	DATA 	
587.2009 	DATA 	TR 377 | TR1 189 | TR2 188
587.2009 	DATA 	
587.2009 	DATA 	stimulation started
587.2009 	DATA 	
588.7499 	DATA 	Keypress: 5
588.7500 	DATA 	TR 378 | TR1 189 | TR2 189
590.3164 	DATA 	Keypress: 5
590.3165 	DATA 	TR 379 | TR1 190 | TR2 189
591.2165 	DATA 	
591.2165 	DATA 	stimulation stopped
591.2165 	DATA 	
591.8669 	DATA 	Keypress: 5
591.8829 	DATA 	TR 380 | TR1 190 | TR2 190
593.4495 	DATA 	Keypress: 5
593.4495 	DATA 	TR 381 | TR1 191 | TR2 190
594.9993 	DATA 	Keypress: 5
594.9993 	DATA 	TR 382 | TR1 191 | TR2 191
596.5659 	DATA 	Keypress: 5
596.5659 	DATA 	TR 383 | TR1 192 | TR2 191
598.1157 	DATA 	Keypress: 5
598.1157 	DATA 	TR 384 | TR1 192 | TR2 192
599.6989 	DATA 	Keypress: 5
599.6989 	DATA 	TR 385 | TR1 193 | TR2 192
601.2488 	DATA 	Keypress: 5
601.2489 	DATA 	TR 386 | TR1 193 | TR2 193
602.8153 	DATA 	Keypress: 5
602.8153 	DATA 	TR 387 | TR1 194 | TR2 193
604.3651 	DATA 	Keypress: 5
604.3651 	DATA 	TR 388 | TR1 194 | TR2 194
605.6150 	DATA 	Target presented
605.9323 	DATA 	Keypress: 5
605.9483 	DATA 	TR 389 | TR1 195 | TR2 194
606.0983 	DATA 	Keypress: 1
606.0983 	DATA 	Key1 pressed
606.0983 	DATA 	Target detected
607.4981 	DATA 	Keypress: 5
607.4982 	DATA 	TR 390 | TR1 195 | TR2 195
609.0647 	DATA 	Keypress: 5
609.0647 	DATA 	TR 391 | TR1 196 | TR2 195
610.6145 	DATA 	Keypress: 5
610.6146 	DATA 	TR 392 | TR1 196 | TR2 196
612.1810 	DATA 	Keypress: 5
612.1811 	DATA 	TR 393 | TR1 197 | TR2 196
613.7309 	DATA 	Keypress: 5
613.7309 	DATA 	TR 394 | TR1 197 | TR2 197
615.2140 	DATA 	
615.2141 	DATA 	Trial complete
615.2141 	DATA 	Waiting for VASO trigger to start next trial
615.2141 	DATA 	
615.3141 	DATA 	Keypress: 5
615.3142 	DATA 	Waited 0.10009002685546875 seconds for trigger
615.3150 	DATA 	
615.3150 	DATA 	Trial 16
615.3150 	DATA 	stimDur = 1.0
615.3150 	DATA 	jitter = 1.5705
615.3150 	DATA 	restDur = 20.0

615.3150 	DATA 	
615.3150 	DATA 	TR 395 | TR1 198 | TR2 197
616.8639 	DATA 	Keypress: 5
616.8640 	DATA 	TR 396 | TR1 198 | TR2 198
616.8971 	DATA 	
616.8971 	DATA 	stimulation started
616.8971 	DATA 	
617.8972 	DATA 	
617.8972 	DATA 	stimulation stopped
617.8972 	DATA 	
618.4305 	DATA 	Keypress: 5
618.4306 	DATA 	TR 397 | TR1 199 | TR2 198
619.9803 	DATA 	Keypress: 5
619.9804 	DATA 	TR 398 | TR1 199 | TR2 199
621.5634 	DATA 	Keypress: 5
621.5635 	DATA 	TR 399 | TR1 200 | TR2 199
623.1134 	DATA 	Keypress: 5
623.1134 	DATA 	TR 400 | TR1 200 | TR2 200
624.6800 	DATA 	Keypress: 5
624.6800 	DATA 	TR 401 | TR1 201 | TR2 200
626.2297 	DATA 	Keypress: 5
626.2298 	DATA 	TR 402 | TR1 201 | TR2 201
627.7964 	DATA 	Keypress: 5
627.7965 	DATA 	TR 403 | TR1 202 | TR2 201
629.3628 	DATA 	Keypress: 5
629.3628 	DATA 	TR 404 | TR1 202 | TR2 202
630.9293 	DATA 	Keypress: 5
630.9294 	DATA 	TR 405 | TR1 203 | TR2 202
632.4792 	DATA 	Keypress: 5
632.4792 	DATA 	TR 406 | TR1 203 | TR2 203
634.0457 	DATA 	Keypress: 5
634.0458 	DATA 	TR 407 | TR1 204 | TR2 203
635.5955 	DATA 	Keypress: 5
635.5956 	DATA 	TR 408 | TR1 204 | TR2 204
637.1788 	DATA 	Keypress: 5
637.1788 	DATA 	TR 409 | TR1 205 | TR2 204
637.8953 	DATA 	
637.8953 	DATA 	Trial complete
637.8953 	DATA 	Waiting for VASO trigger to start next trial
637.8953 	DATA 	
638.7286 	DATA 	Keypress: 5
638.7286 	DATA 	TR 410 | TR1 205 | TR2 205
640.2953 	DATA 	Keypress: 5
640.2953 	DATA 	Waited 2.399986982345581 seconds for trigger
640.2961 	DATA 	
640.2961 	DATA 	Trial 17
640.2961 	DATA 	stimDur = 1.0
640.2961 	DATA 	jitter = 0.0
640.2961 	DATA 	restDur = 20.0

640.2961 	DATA 	
640.2961 	DATA 	TR 411 | TR1 206 | TR2 205
640.2961 	DATA 	
640.2961 	DATA 	stimulation started
640.2961 	DATA 	
641.3117 	DATA 	
641.3117 	DATA 	stimulation stopped
641.3117 	DATA 	
641.8450 	DATA 	Keypress: 5
641.8450 	DATA 	TR 412 | TR1 206 | TR2 206
643.4121 	DATA 	Keypress: 5
643.4281 	DATA 	TR 413 | TR1 207 | TR2 206
644.9780 	DATA 	Keypress: 5
644.9781 	DATA 	TR 414 | TR1 207 | TR2 207
646.3112 	DATA 	Target presented
646.5446 	DATA 	Keypress: 5
646.5446 	DATA 	TR 415 | TR1 208 | TR2 207
646.9445 	DATA 	Keypress: 1
646.9446 	DATA 	Key1 pressed
646.9446 	DATA 	Target detected
648.0944 	DATA 	Keypress: 5
648.0944 	DATA 	TR 416 | TR1 208 | TR2 208
649.6609 	DATA 	Keypress: 5
649.6610 	DATA 	TR 417 | TR1 209 | TR2 208
651.2114 	DATA 	Keypress: 5
651.2274 	DATA 	TR 418 | TR1 209 | TR2 209
652.7940 	DATA 	Keypress: 5
652.7940 	DATA 	TR 419 | TR1 210 | TR2 209
654.3438 	DATA 	Keypress: 5
654.3439 	DATA 	TR 420 | TR1 210 | TR2 210
655.9104 	DATA 	Keypress: 5
655.9104 	DATA 	TR 421 | TR1 211 | TR2 210
657.4602 	DATA 	Keypress: 5
657.4603 	DATA 	TR 422 | TR1 211 | TR2 211
659.0434 	DATA 	Keypress: 5
659.0435 	DATA 	TR 423 | TR1 212 | TR2 211
660.5932 	DATA 	Keypress: 5
660.5933 	DATA 	TR 424 | TR1 212 | TR2 212
661.3098 	DATA 	
661.3098 	DATA 	Trial complete
661.3098 	DATA 	Waiting for VASO trigger to start next trial
661.3098 	DATA 	
662.1598 	DATA 	Keypress: 5
662.1599 	DATA 	Waited 0.8500421047210693 seconds for trigger
662.1606 	DATA 	
662.1606 	DATA 	Trial 18
662.1606 	DATA 	stimDur = 12.0
662.1606 	DATA 	jitter = 2.35575
662.1606 	DATA 	restDur = 30.0

662.1606 	DATA 	
662.1606 	DATA 	TR 425 | TR1 213 | TR2 212
663.7096 	DATA 	Keypress: 5
663.7097 	DATA 	TR 426 | TR1 213 | TR2 213
664.5262 	DATA 	
664.5262 	DATA 	stimulation started
664.5262 	DATA 	
665.2764 	DATA 	Keypress: 5
665.2764 	DATA 	TR 427 | TR1 214 | TR2 213
666.8268 	DATA 	Keypress: 5
666.8427 	DATA 	TR 428 | TR1 214 | TR2 214
668.4093 	DATA 	Keypress: 5
668.4093 	DATA 	TR 429 | TR1 215 | TR2 214
669.9591 	DATA 	Keypress: 5
669.9591 	DATA 	TR 430 | TR1 215 | TR2 215
671.5256 	DATA 	Keypress: 5
671.5257 	DATA 	TR 431 | TR1 216 | TR2 215
673.0754 	DATA 	Keypress: 5
673.0754 	DATA 	TR 432 | TR1 216 | TR2 216
674.6587 	DATA 	Keypress: 5
674.6587 	DATA 	TR 433 | TR1 217 | TR2 216
676.2085 	DATA 	Keypress: 5
676.2085 	DATA 	TR 434 | TR1 217 | TR2 217
676.5251 	DATA 	
676.5251 	DATA 	stimulation stopped
676.5251 	DATA 	
677.7750 	DATA 	Keypress: 5
677.7751 	DATA 	TR 435 | TR1 218 | TR2 217
679.3248 	DATA 	Keypress: 5
679.3249 	DATA 	TR 436 | TR1 218 | TR2 218
680.9080 	DATA 	Keypress: 5
680.9081 	DATA 	TR 437 | TR1 219 | TR2 218
682.4579 	DATA 	Keypress: 5
682.4579 	DATA 	TR 438 | TR1 219 | TR2 219
684.0244 	DATA 	Keypress: 5
684.0245 	DATA 	TR 439 | TR1 220 | TR2 219
685.5742 	DATA 	Keypress: 5
685.5743 	DATA 	TR 440 | TR1 220 | TR2 220
687.1408 	DATA 	Keypress: 5
687.1408 	DATA 	TR 441 | TR1 221 | TR2 220
688.6907 	DATA 	Keypress: 5
688.6907 	DATA 	TR 442 | TR1 221 | TR2 221
689.9572 	DATA 	Target presented
690.2738 	DATA 	Keypress: 5
690.2739 	DATA 	TR 443 | TR1 222 | TR2 221
690.6738 	DATA 	Keypress: 1
690.6738 	DATA 	Key1 pressed
690.6738 	DATA 	Target detected
691.8237 	DATA 	Keypress: 5
691.8237 	DATA 	TR 444 | TR1 222 | TR2 222
693.3902 	DATA 	Keypress: 5
693.3903 	DATA 	TR 445 | TR1 223 | TR2 222
694.9400 	DATA 	Keypress: 5
694.9401 	DATA 	TR 446 | TR1 223 | TR2 223
696.5233 	DATA 	Keypress: 5
696.5233 	DATA 	TR 447 | TR1 224 | TR2 223
698.0731 	DATA 	Keypress: 5
698.0731 	DATA 	TR 448 | TR1 224 | TR2 224
699.6396 	DATA 	Keypress: 5
699.6397 	DATA 	TR 449 | TR1 225 | TR2 224
701.1895 	DATA 	Keypress: 5
701.1895 	DATA 	TR 450 | TR1 225 | TR2 225
702.7566 	DATA 	Keypress: 5
702.7727 	DATA 	TR 451 | TR1 226 | TR2 225
704.3225 	DATA 	Keypress: 5
704.3226 	DATA 	TR 452 | TR1 226 | TR2 226
705.8890 	DATA 	Keypress: 5
705.8891 	DATA 	TR 453 | TR1 227 | TR2 226
706.5223 	DATA 	
706.5223 	DATA 	Trial complete
706.5223 	DATA 	Waiting for VASO trigger to start next trial
706.5223 	DATA 	
707.4390 	DATA 	Keypress: 5
707.4390 	DATA 	TR 454 | TR1 227 | TR2 227
709.0054 	DATA 	Keypress: 5
709.0054 	DATA 	Waited 2.483147144317627 seconds for trigger
709.0062 	DATA 	
709.0062 	DATA 	Trial 19
709.0062 	DATA 	stimDur = 1.0
709.0062 	DATA 	jitter = 0.78525
709.0063 	DATA 	restDur = 20.0

709.0063 	DATA 	
709.0063 	DATA 	TR 455 | TR1 228 | TR2 227
709.8053 	DATA 	
709.8053 	DATA 	stimulation started
709.8053 	DATA 	
710.5553 	DATA 	Keypress: 5
710.5554 	DATA 	TR 456 | TR1 228 | TR2 228
710.8053 	DATA 	
710.8053 	DATA 	stimulation stopped
710.8053 	DATA 	
712.1385 	DATA 	Keypress: 5
712.1385 	DATA 	TR 457 | TR1 229 | TR2 228
713.6885 	DATA 	Keypress: 5
713.6885 	DATA 	TR 458 | TR1 229 | TR2 229
715.2548 	DATA 	Keypress: 5
715.2549 	DATA 	TR 459 | TR1 230 | TR2 229
716.8047 	DATA 	Keypress: 5
716.8047 	DATA 	TR 460 | TR1 230 | TR2 230
718.3879 	DATA 	Keypress: 5
718.3879 	DATA 	TR 461 | TR1 231 | TR2 230
719.9377 	DATA 	Keypress: 5
719.9378 	DATA 	TR 462 | TR1 231 | TR2 231
721.5042 	DATA 	Keypress: 5
721.5043 	DATA 	TR 463 | TR1 232 | TR2 231
723.0541 	DATA 	Keypress: 5
723.0542 	DATA 	TR 464 | TR1 232 | TR2 232
724.6206 	DATA 	Keypress: 5
724.6206 	DATA 	TR 465 | TR1 233 | TR2 232
726.1711 	DATA 	Keypress: 5
726.1871 	DATA 	TR 466 | TR1 233 | TR2 233
727.7536 	DATA 	Keypress: 5
727.7537 	DATA 	TR 467 | TR1 234 | TR2 233
729.3036 	DATA 	Keypress: 5
729.3036 	DATA 	TR 468 | TR1 234 | TR2 234
730.8033 	DATA 	
730.8033 	DATA 	Trial complete
730.8033 	DATA 	
730.8700 	DATA 	Keypress: 5
730.8701 	DATA 	Waited 24.347783088684082 seconds for trigger
730.8709 	DATA 	
730.8709 	DATA 	Trial 20
730.8709 	DATA 	stimDur = 24.0
730.8709 	DATA 	jitter = 0.78525
730.8709 	DATA 	restDur = 40.0

730.8709 	DATA 	
730.8709 	DATA 	TR 469 | TR1 235 | TR2 234
731.6699 	DATA 	
731.6699 	DATA 	stimulation started
731.6699 	DATA 	
731.7367 	DATA 	Target presented
732.2200 	DATA 	Keypress: 1
732.2201 	DATA 	Key1 pressed
732.2201 	DATA 	Target detected
732.4199 	DATA 	Keypress: 5
732.4200 	DATA 	TR 470 | TR1 235 | TR2 235
734.0031 	DATA 	Keypress: 5
734.0032 	DATA 	TR 471 | TR1 236 | TR2 235
735.5530 	DATA 	Keypress: 5
735.5531 	DATA 	TR 472 | TR1 236 | TR2 236
737.1195 	DATA 	Keypress: 5
737.1196 	DATA 	TR 473 | TR1 237 | TR2 236
738.6694 	DATA 	Keypress: 5
738.6694 	DATA 	TR 474 | TR1 237 | TR2 237
740.2525 	DATA 	Keypress: 5
740.2526 	DATA 	TR 475 | TR1 238 | TR2 237
741.8024 	DATA 	Keypress: 5
741.8025 	DATA 	TR 476 | TR1 238 | TR2 238
743.3689 	DATA 	Keypress: 5
743.3690 	DATA 	TR 477 | TR1 239 | TR2 238
744.9189 	DATA 	Keypress: 5
744.9189 	DATA 	TR 478 | TR1 239 | TR2 239
746.4853 	DATA 	Keypress: 5
746.4854 	DATA 	TR 479 | TR1 240 | TR2 239
748.0352 	DATA 	Keypress: 5
748.0353 	DATA 	TR 480 | TR1 240 | TR2 240
749.6183 	DATA 	Keypress: 5
749.6184 	DATA 	TR 481 | TR1 241 | TR2 240
751.1684 	DATA 	Keypress: 5
751.1684 	DATA 	TR 482 | TR1 241 | TR2 241
752.7348 	DATA 	Keypress: 5
752.7348 	DATA 	TR 483 | TR1 242 | TR2 241
754.2846 	DATA 	Keypress: 5
754.2846 	DATA 	TR 484 | TR1 242 | TR2 242
755.6678 	DATA 	
755.6678 	DATA 	stimulation stopped
755.6678 	DATA 	
755.8677 	DATA 	Keypress: 5
755.8678 	DATA 	TR 485 | TR1 243 | TR2 242
757.4176 	DATA 	Keypress: 5
757.4176 	DATA 	TR 486 | TR1 243 | TR2 243
758.9841 	DATA 	Keypress: 5
758.9842 	DATA 	TR 487 | TR1 244 | TR2 243
760.5340 	DATA 	Keypress: 5
760.5340 	DATA 	TR 488 | TR1 244 | TR2 244
762.1004 	DATA 	Keypress: 5
762.1005 	DATA 	TR 489 | TR1 245 | TR2 244
763.6670 	DATA 	Keypress: 5
763.6671 	DATA 	TR 490 | TR1 245 | TR2 245
765.2335 	DATA 	Keypress: 5
765.2336 	DATA 	TR 491 | TR1 246 | TR2 245
766.7834 	DATA 	Keypress: 5
766.7834 	DATA 	TR 492 | TR1 246 | TR2 246
768.3498 	DATA 	Keypress: 5
768.3498 	DATA 	TR 493 | TR1 247 | TR2 246
769.8999 	DATA 	Keypress: 5
769.9000 	DATA 	TR 494 | TR1 247 | TR2 247
771.4830 	DATA 	Keypress: 5
771.4830 	DATA 	TR 495 | TR1 248 | TR2 247
773.0328 	DATA 	Keypress: 5
773.0329 	DATA 	TR 496 | TR1 248 | TR2 248
774.5993 	DATA 	Keypress: 5
774.5994 	DATA 	TR 497 | TR1 249 | TR2 248
776.1492 	DATA 	Keypress: 5
776.1493 	DATA 	TR 498 | TR1 249 | TR2 249
777.7163 	DATA 	Keypress: 5
777.7325 	DATA 	TR 499 | TR1 250 | TR2 249
779.2822 	DATA 	Keypress: 5
779.2823 	DATA 	TR 500 | TR1 250 | TR2 250
780.8488 	DATA 	Keypress: 5
780.8488 	DATA 	TR 501 | TR1 251 | TR2 250
782.3986 	DATA 	Keypress: 5
782.3987 	DATA 	TR 502 | TR1 251 | TR2 251
783.9651 	DATA 	Keypress: 5
783.9651 	DATA 	TR 503 | TR1 252 | TR2 251
785.5156 	DATA 	Keypress: 5
785.5316 	DATA 	TR 504 | TR1 252 | TR2 252
787.0982 	DATA 	Keypress: 5
787.0982 	DATA 	TR 505 | TR1 253 | TR2 252
788.6481 	DATA 	Keypress: 5
788.6481 	DATA 	TR 506 | TR1 253 | TR2 253
790.2145 	DATA 	Keypress: 5
790.2146 	DATA 	TR 507 | TR1 254 | TR2 253
791.7644 	DATA 	Keypress: 5
791.7645 	DATA 	TR 508 | TR1 254 | TR2 254
793.3476 	DATA 	Keypress: 5
793.3476 	DATA 	TR 509 | TR1 255 | TR2 254
794.8975 	DATA 	Keypress: 5
794.8975 	DATA 	TR 510 | TR1 255 | TR2 255
795.6640 	DATA 	
795.6640 	DATA 	Trial complete
795.6640 	DATA 	
796.4640 	DATA 	Keypress: 5
796.4640 	DATA 	TR 511 | TR1 256 | TR2 255
798.0138 	DATA 	Keypress: 5
798.0139 	DATA 	TR 512 | TR1 256 | TR2 256
799.5804 	DATA 	Keypress: 5
799.5804 	DATA 	TR 513 | TR1 257 | TR2 256
801.1469 	DATA 	Keypress: 5
801.1469 	DATA 	TR 514 | TR1 257 | TR2 257
802.7134 	DATA 	Keypress: 5
802.7134 	DATA 	TR 515 | TR1 258 | TR2 257
804.2634 	DATA 	Keypress: 5
804.2634 	DATA 	TR 516 | TR1 258 | TR2 258
805.8299 	DATA 	Keypress: 5
805.8299 	DATA 	TR 517 | TR1 259 | TR2 258
807.3796 	DATA 	Keypress: 5
807.3797 	DATA 	TR 518 | TR1 259 | TR2 259
808.9628 	DATA 	Keypress: 5
808.9629 	DATA 	TR 519 | TR1 260 | TR2 259
810.5127 	DATA 	Keypress: 5
810.5127 	DATA 	TR 520 | TR1 260 | TR2 260
812.0792 	DATA 	Keypress: 5
812.0792 	DATA 	TR 521 | TR1 261 | TR2 260
813.6291 	DATA 	Keypress: 5
813.6291 	DATA 	TR 522 | TR1 261 | TR2 261
815.2122 	DATA 	Keypress: 5
815.2123 	DATA 	TR 523 | TR1 262 | TR2 261
816.7621 	DATA 	Keypress: 5
816.7621 	DATA 	TR 524 | TR1 262 | TR2 262
818.3286 	DATA 	Keypress: 5
818.3287 	DATA 	TR 525 | TR1 263 | TR2 262
819.8785 	DATA 	Keypress: 5
819.8785 	DATA 	TR 526 | TR1 263 | TR2 263
820.7450 	DATA 	EndOfRun sub-07_ses-04_run-04

820.7450 	DATA 	We spent 50.1818208694458 seconds waiting for triggers
820.7450 	DATA 	RatioOfDetectedTargets 1.0
820.7450 	DATA 	You have detected 12 out of 12 targets.
825.5670 	DATA 	Keypress: 5
825.5672 	DATA 	Keypress: 5
825.7744 	EXP 	window1: mouseVisible = True
