MonitorDistance=99cm
MonitorWidth=30cm
PixelWidth=1024.0
PixelHeight=768.0
You have detected 12 out of 12 targets.
Excellent! Keep up the good work
5.5654 	INFO 	Loaded monitor calibration from ['2021_05_26 17:55']
6.0383 	EXP 	Created window1 = Window(allowGUI=False, allowStencil=False, autoLog=True, backendConf=UNKNOWN, bitsMode=UNKNOWN, blendMode='avg', bpc=(8, 8, 8), color=array([-0.5, -0.5, -0.5]), colorSpace='rgb', depthBits=8, fullscr=<method-wrapper '__getattribute__' of attributeSetter object at 0x7f82883713c8>, gamma=None, gammaErrorPolicy='raise', lms=UNKNOWN, monitor=<psychopy.monitors.calibTools.Monitor object at 0x7f827e16afd0>, multiSample=False, name='window1', numSamples=2, pos=[0.0, 0.0], screen=0, size=array([1024,  768]), stencilBits=0, stereo=False, units='deg', useFBO=False, useRetina=False, viewOri=0.0, viewPos=None, viewScale=None, waitBlanking=True, winType='pyglet')
6.0384 	EXP 	window1: mouseVisible = True
6.1149 	EXP 	Created unnamed TextStim = TextStim(__class__=<class 'psychopy.visual.text.TextStim'>, alignHoriz=method-wrapper(...), alignText='center', alignVert=method-wrapper(...), anchorHoriz='center', anchorVert='center', antialias=True, autoLog=True, bold=False, color=array([1., 1., 1.]), colorSpace='rgb', contrast=1.0, depth=0, flipHoriz=False, flipVert=False, font='', fontFiles=[], height=0.5, italic=False, languageStyle='LTR', name='unnamed TextStim', opacity=1.0, ori=0.0, pos=array([0., 0.]), rgb=UNKNOWN, text=str(...), units='deg', win=Window(...), wrapWidth=15.0)
6.1465 	EXP 	Created Movie Frame 0 = ImageStim(__class__=<class 'psychopy.visual.image.ImageStim'>, autoLog=True, color=array([0.8, 0.8, 0.8]), colorSpace='rgb', contrast=0.8, depth=0, flipHoriz=False, flipVert=False, image='visual_0.png', interpolate=False, mask=None, maskParams=None, name='Movie Frame 0', opacity=1, ori=0.0, pos=array([0., 0.]), size=array([1024,  768]), texRes=128, units='pix', win=Window(...))
6.1708 	EXP 	Created Movie Frame 1 = ImageStim(__class__=<class 'psychopy.visual.image.ImageStim'>, autoLog=True, color=array([0.8, 0.8, 0.8]), colorSpace='rgb', contrast=0.8, depth=0, flipHoriz=False, flipVert=False, image='visual_1.png', interpolate=False, mask=None, maskParams=None, name='Movie Frame 1', opacity=1, ori=0.0, pos=array([0., 0.]), size=array([1024,  768]), texRes=128, units='pix', win=Window(...))
26.8950 	DATA 	Keypress: 5
0.0000 	DATA 	StartOfRun sub-09_ses-04_run-03
0.0001 	DATA 	TR 1 | TR1 1 | TR2 0
0.0145 	DATA 	Initial baseline

1.5499 	DATA 	Keypress: 5
1.5500 	DATA 	TR 2 | TR1 1 | TR2 1
3.1222 	DATA 	Keypress: 5
3.1223 	DATA 	TR 3 | TR1 2 | TR2 1
4.6733 	DATA 	Keypress: 5
4.6733 	DATA 	TR 4 | TR1 2 | TR2 2
6.2455 	DATA 	Keypress: 5
6.2455 	DATA 	TR 5 | TR1 3 | TR2 2
7.7968 	DATA 	Keypress: 5
7.7968 	DATA 	TR 6 | TR1 3 | TR2 3
9.3690 	DATA 	Keypress: 5
9.3690 	DATA 	TR 7 | TR1 4 | TR2 3
10.9202 	DATA 	Keypress: 5
10.9202 	DATA 	TR 8 | TR1 4 | TR2 4
12.4925 	DATA 	Keypress: 5
12.4925 	DATA 	TR 9 | TR1 5 | TR2 4
14.0436 	DATA 	Keypress: 5
14.0437 	DATA 	TR 10 | TR1 5 | TR2 5
15.6158 	DATA 	Keypress: 5
15.6158 	DATA 	TR 11 | TR1 6 | TR2 5
17.1670 	DATA 	Keypress: 5
17.1670 	DATA 	TR 12 | TR1 6 | TR2 6
18.7392 	DATA 	Keypress: 5
18.7392 	DATA 	TR 13 | TR1 7 | TR2 6
20.2903 	DATA 	Keypress: 5
20.2904 	DATA 	TR 14 | TR1 7 | TR2 7
21.8626 	DATA 	Keypress: 5
21.8626 	DATA 	TR 15 | TR1 8 | TR2 7
23.4136 	DATA 	Keypress: 5
23.4136 	DATA 	TR 16 | TR1 8 | TR2 8
24.9859 	DATA 	Keypress: 5
24.9860 	DATA 	TR 17 | TR1 9 | TR2 8
26.5371 	DATA 	Keypress: 5
26.5372 	DATA 	TR 18 | TR1 9 | TR2 9
28.1093 	DATA 	Keypress: 5
28.1093 	DATA 	TR 19 | TR1 10 | TR2 9
29.6606 	DATA 	Keypress: 5
29.6606 	DATA 	TR 20 | TR1 10 | TR2 10
31.2456 	DATA 	Keypress: 5
31.2456 	DATA 	Waited 1.2456269264221191 seconds for trigger
31.2470 	DATA 	
31.2471 	DATA 	Trial 1
31.2471 	DATA 	stimDur = 12.0
31.2471 	DATA 	jitter = 0.0
31.2471 	DATA 	restDur = 30.0

31.2471 	DATA 	
31.2471 	DATA 	TR 21 | TR1 11 | TR2 10
31.2471 	DATA 	
31.2471 	DATA 	stimulation started
31.2471 	DATA 	
32.7956 	DATA 	Keypress: 5
32.7956 	DATA 	TR 22 | TR1 11 | TR2 11
34.3621 	DATA 	Keypress: 5
34.3621 	DATA 	TR 23 | TR1 12 | TR2 11
35.9119 	DATA 	Keypress: 5
35.9120 	DATA 	TR 24 | TR1 12 | TR2 12
37.4951 	DATA 	Keypress: 5
37.4951 	DATA 	TR 25 | TR1 13 | TR2 12
39.0450 	DATA 	Keypress: 5
39.0450 	DATA 	TR 26 | TR1 13 | TR2 13
40.6115 	DATA 	Keypress: 5
40.6115 	DATA 	TR 27 | TR1 14 | TR2 13
42.1613 	DATA 	Keypress: 5
42.1614 	DATA 	TR 28 | TR1 14 | TR2 14
43.2612 	DATA 	
43.2612 	DATA 	stimulation stopped
43.2612 	DATA 	
43.7278 	DATA 	Keypress: 5
43.7278 	DATA 	TR 29 | TR1 15 | TR2 14
45.2778 	DATA 	Keypress: 5
45.2779 	DATA 	TR 30 | TR1 15 | TR2 15
46.8608 	DATA 	Keypress: 5
46.8609 	DATA 	TR 31 | TR1 16 | TR2 15
48.4108 	DATA 	Keypress: 5
48.4109 	DATA 	TR 32 | TR1 16 | TR2 16
49.9772 	DATA 	Keypress: 5
49.9773 	DATA 	TR 33 | TR1 17 | TR2 16
51.5271 	DATA 	Keypress: 5
51.5271 	DATA 	TR 34 | TR1 17 | TR2 17
53.1102 	DATA 	Keypress: 5
53.1103 	DATA 	TR 35 | TR1 18 | TR2 17
54.6601 	DATA 	Keypress: 5
54.6602 	DATA 	TR 36 | TR1 18 | TR2 18
56.2266 	DATA 	Keypress: 5
56.2267 	DATA 	TR 37 | TR1 19 | TR2 18
57.7765 	DATA 	Keypress: 5
57.7766 	DATA 	TR 38 | TR1 19 | TR2 19
59.3436 	DATA 	Keypress: 5
59.3596 	DATA 	TR 39 | TR1 20 | TR2 19
60.9096 	DATA 	Keypress: 5
60.9096 	DATA 	TR 40 | TR1 20 | TR2 20
62.4761 	DATA 	Keypress: 5
62.4761 	DATA 	TR 41 | TR1 21 | TR2 20
64.0258 	DATA 	Keypress: 5
64.0258 	DATA 	TR 42 | TR1 21 | TR2 21
65.5924 	DATA 	Keypress: 5
65.5925 	DATA 	TR 43 | TR1 22 | TR2 21
67.1423 	DATA 	Keypress: 5
67.1424 	DATA 	TR 44 | TR1 22 | TR2 22
68.7255 	DATA 	Keypress: 5
68.7255 	DATA 	TR 45 | TR1 23 | TR2 22
70.2754 	DATA 	Keypress: 5
70.2754 	DATA 	TR 46 | TR1 23 | TR2 23
71.8419 	DATA 	Keypress: 5
71.8419 	DATA 	TR 47 | TR1 24 | TR2 23
73.2585 	DATA 	
73.2585 	DATA 	Trial complete
73.2585 	DATA 	Waiting for VASO trigger to start next trial
73.2585 	DATA 	
73.3917 	DATA 	Keypress: 5
73.3918 	DATA 	TR 48 | TR1 24 | TR2 24
74.9749 	DATA 	Keypress: 5
74.9750 	DATA 	Waited 1.7164950370788574 seconds for trigger
74.9758 	DATA 	
74.9758 	DATA 	Trial 2
74.9758 	DATA 	stimDur = 24.0
74.9758 	DATA 	jitter = 0.78525
74.9758 	DATA 	restDur = 40.0

74.9758 	DATA 	
74.9758 	DATA 	TR 49 | TR1 25 | TR2 24
75.7748 	DATA 	
75.7748 	DATA 	stimulation started
75.7748 	DATA 	
76.5248 	DATA 	Keypress: 5
76.5249 	DATA 	TR 50 | TR1 25 | TR2 25
78.0913 	DATA 	Keypress: 5
78.0914 	DATA 	TR 51 | TR1 26 | TR2 25
79.6413 	DATA 	Keypress: 5
79.6414 	DATA 	TR 52 | TR1 26 | TR2 26
81.2077 	DATA 	Keypress: 5
81.2077 	DATA 	TR 53 | TR1 27 | TR2 26
82.7583 	DATA 	Keypress: 5
82.7742 	DATA 	TR 54 | TR1 27 | TR2 27
84.3408 	DATA 	Keypress: 5
84.3408 	DATA 	TR 55 | TR1 28 | TR2 27
85.8906 	DATA 	Keypress: 5
85.8906 	DATA 	TR 56 | TR1 28 | TR2 28
87.4574 	DATA 	Keypress: 5
87.4574 	DATA 	TR 57 | TR1 29 | TR2 28
89.0070 	DATA 	Keypress: 5
89.0070 	DATA 	TR 58 | TR1 29 | TR2 29
90.5902 	DATA 	Keypress: 5
90.5902 	DATA 	TR 59 | TR1 30 | TR2 29
92.1400 	DATA 	Keypress: 5
92.1401 	DATA 	TR 60 | TR1 30 | TR2 30
93.7066 	DATA 	Keypress: 5
93.7066 	DATA 	TR 61 | TR1 31 | TR2 30
95.2564 	DATA 	Keypress: 5
95.2564 	DATA 	TR 62 | TR1 31 | TR2 31
96.8231 	DATA 	Keypress: 5
96.8231 	DATA 	TR 63 | TR1 32 | TR2 31
98.3894 	DATA 	Keypress: 5
98.3895 	DATA 	TR 64 | TR1 32 | TR2 32
99.7726 	DATA 	
99.7726 	DATA 	stimulation stopped
99.7726 	DATA 	
99.9559 	DATA 	Keypress: 5
99.9560 	DATA 	TR 65 | TR1 33 | TR2 32
101.5058 	DATA 	Keypress: 5
101.5058 	DATA 	TR 66 | TR1 33 | TR2 33
103.0723 	DATA 	Keypress: 5
103.0724 	DATA 	TR 67 | TR1 34 | TR2 33
104.6221 	DATA 	Keypress: 5
104.6222 	DATA 	TR 68 | TR1 34 | TR2 34
106.1720 	DATA 	Target presented
106.2054 	DATA 	Keypress: 5
106.2054 	DATA 	TR 69 | TR1 35 | TR2 34
106.7886 	DATA 	Keypress: 1
106.7887 	DATA 	Key1 pressed
106.7887 	DATA 	Target detected
107.7552 	DATA 	Keypress: 5
107.7552 	DATA 	TR 70 | TR1 35 | TR2 35
109.3217 	DATA 	Keypress: 5
109.3218 	DATA 	TR 71 | TR1 36 | TR2 35
110.8716 	DATA 	Keypress: 5
110.8716 	DATA 	TR 72 | TR1 36 | TR2 36
112.4548 	DATA 	Keypress: 5
112.4548 	DATA 	TR 73 | TR1 37 | TR2 36
114.0046 	DATA 	Keypress: 5
114.0047 	DATA 	TR 74 | TR1 37 | TR2 37
115.5712 	DATA 	Keypress: 5
115.5712 	DATA 	TR 75 | TR1 38 | TR2 37
117.1210 	DATA 	Keypress: 5
117.1210 	DATA 	TR 76 | TR1 38 | TR2 38
118.6875 	DATA 	Keypress: 5
118.6876 	DATA 	TR 77 | TR1 39 | TR2 38
120.2380 	DATA 	Keypress: 5
120.2540 	DATA 	TR 78 | TR1 39 | TR2 39
121.8206 	DATA 	Keypress: 5
121.8206 	DATA 	TR 79 | TR1 40 | TR2 39
123.3704 	DATA 	Keypress: 5
123.3704 	DATA 	TR 80 | TR1 40 | TR2 40
124.9369 	DATA 	Keypress: 5
124.9370 	DATA 	TR 81 | TR1 41 | TR2 40
126.4868 	DATA 	Keypress: 5
126.4868 	DATA 	TR 82 | TR1 41 | TR2 41
128.0700 	DATA 	Keypress: 5
128.0701 	DATA 	TR 83 | TR1 42 | TR2 41
129.6198 	DATA 	Keypress: 5
129.6199 	DATA 	TR 84 | TR1 42 | TR2 42
131.1864 	DATA 	Keypress: 5
131.1864 	DATA 	TR 85 | TR1 43 | TR2 42
132.7362 	DATA 	Keypress: 5
132.7363 	DATA 	TR 86 | TR1 43 | TR2 43
134.3035 	DATA 	Keypress: 5
134.3194 	DATA 	TR 87 | TR1 44 | TR2 43
135.8693 	DATA 	Keypress: 5
135.8693 	DATA 	TR 88 | TR1 44 | TR2 44
137.4358 	DATA 	Keypress: 5
137.4359 	DATA 	TR 89 | TR1 45 | TR2 44
138.9856 	DATA 	Keypress: 5
138.9857 	DATA 	TR 90 | TR1 45 | TR2 45
139.7689 	DATA 	
139.7689 	DATA 	Trial complete
139.7689 	DATA 	Waiting for VASO trigger to start next trial
139.7689 	DATA 	
140.5522 	DATA 	Keypress: 5
140.5522 	DATA 	Waited 0.7833290100097656 seconds for trigger
140.5530 	DATA 	
140.5530 	DATA 	Trial 3
140.5530 	DATA 	stimDur = 2.0
140.5530 	DATA 	jitter = 2.35575
140.5530 	DATA 	restDur = 22.0

140.5530 	DATA 	
140.5530 	DATA 	TR 91 | TR1 46 | TR2 45
142.1020 	DATA 	Keypress: 5
142.1020 	DATA 	TR 92 | TR1 46 | TR2 46
142.9186 	DATA 	
142.9186 	DATA 	stimulation started
142.9186 	DATA 	
143.6853 	DATA 	Keypress: 5
143.6854 	DATA 	TR 93 | TR1 47 | TR2 46
144.9185 	DATA 	
144.9186 	DATA 	stimulation stopped
144.9186 	DATA 	
145.2350 	DATA 	Keypress: 5
145.2351 	DATA 	TR 94 | TR1 47 | TR2 47
146.8016 	DATA 	Keypress: 5
146.8016 	DATA 	TR 95 | TR1 48 | TR2 47
148.3514 	DATA 	Keypress: 5
148.3515 	DATA 	TR 96 | TR1 48 | TR2 48
149.9346 	DATA 	Keypress: 5
149.9347 	DATA 	TR 97 | TR1 49 | TR2 48
151.4845 	DATA 	Keypress: 5
151.4845 	DATA 	TR 98 | TR1 49 | TR2 49
153.0510 	DATA 	Keypress: 5
153.0511 	DATA 	TR 99 | TR1 50 | TR2 49
154.6009 	DATA 	Keypress: 5
154.6009 	DATA 	TR 100 | TR1 50 | TR2 50
156.1674 	DATA 	Keypress: 5
156.1674 	DATA 	TR 101 | TR1 51 | TR2 50
157.7339 	DATA 	Keypress: 5
157.7339 	DATA 	TR 102 | TR1 51 | TR2 51
159.3004 	DATA 	Keypress: 5
159.3005 	DATA 	TR 103 | TR1 52 | TR2 51
160.8503 	DATA 	Keypress: 5
160.8503 	DATA 	TR 104 | TR1 52 | TR2 52
162.4168 	DATA 	Keypress: 5
162.4169 	DATA 	TR 105 | TR1 53 | TR2 52
163.9667 	DATA 	Keypress: 5
163.9667 	DATA 	TR 106 | TR1 53 | TR2 53
165.5499 	DATA 	Keypress: 5
165.5499 	DATA 	TR 107 | TR1 54 | TR2 53
166.9163 	DATA 	
166.9164 	DATA 	Trial complete
166.9164 	DATA 	Waiting for VASO trigger to start next trial
166.9164 	DATA 	
167.0997 	DATA 	Keypress: 5
167.0997 	DATA 	TR 108 | TR1 54 | TR2 54
168.6662 	DATA 	Keypress: 5
168.6663 	DATA 	Waited 1.749920129776001 seconds for trigger
168.6671 	DATA 	
168.6671 	DATA 	Trial 4
168.6671 	DATA 	stimDur = 2.0
168.6671 	DATA 	jitter = 0.78525
168.6671 	DATA 	restDur = 22.0

168.6671 	DATA 	
168.6671 	DATA 	TR 109 | TR1 55 | TR2 54
169.4662 	DATA 	
169.4663 	DATA 	stimulation started
169.4663 	DATA 	
170.2161 	DATA 	Keypress: 5
170.2162 	DATA 	TR 110 | TR1 55 | TR2 55
171.4660 	DATA 	
171.4660 	DATA 	stimulation stopped
171.4660 	DATA 	
171.7993 	DATA 	Keypress: 5
171.7993 	DATA 	TR 111 | TR1 56 | TR2 55
171.8160 	DATA 	Target presented
172.4325 	DATA 	Keypress: 1
172.4326 	DATA 	Key1 pressed
172.4326 	DATA 	Target detected
173.3492 	DATA 	Keypress: 5
173.3493 	DATA 	TR 112 | TR1 56 | TR2 56
174.9157 	DATA 	Keypress: 5
174.9157 	DATA 	TR 113 | TR1 57 | TR2 56
176.4655 	DATA 	Keypress: 5
176.4655 	DATA 	TR 114 | TR1 57 | TR2 57
178.0322 	DATA 	Keypress: 5
178.0323 	DATA 	TR 115 | TR1 58 | TR2 57
179.5819 	DATA 	Keypress: 5
179.5819 	DATA 	TR 116 | TR1 58 | TR2 58
181.1651 	DATA 	Keypress: 5
181.1651 	DATA 	TR 117 | TR1 59 | TR2 58
182.7148 	DATA 	Keypress: 5
182.7149 	DATA 	TR 118 | TR1 59 | TR2 59
184.2815 	DATA 	Keypress: 5
184.2815 	DATA 	TR 119 | TR1 60 | TR2 59
185.8312 	DATA 	Keypress: 5
185.8313 	DATA 	TR 120 | TR1 60 | TR2 60
187.4145 	DATA 	Keypress: 5
187.4145 	DATA 	TR 121 | TR1 61 | TR2 60
188.9643 	DATA 	Keypress: 5
188.9644 	DATA 	TR 122 | TR1 61 | TR2 61
190.5309 	DATA 	Keypress: 5
190.5309 	DATA 	TR 123 | TR1 62 | TR2 61
192.0807 	DATA 	Keypress: 5
192.0807 	DATA 	TR 124 | TR1 62 | TR2 62
193.4639 	DATA 	
193.4639 	DATA 	Trial complete
193.4639 	DATA 	Waiting for VASO trigger to start next trial
193.4639 	DATA 	
193.6478 	DATA 	Keypress: 5
193.6639 	DATA 	Waited 0.19993996620178223 seconds for trigger
193.6646 	DATA 	
193.6647 	DATA 	Trial 5
193.6647 	DATA 	stimDur = 4.0
193.6647 	DATA 	jitter = 0.0
193.6647 	DATA 	restDur = 24.0

193.6647 	DATA 	
193.6647 	DATA 	TR 125 | TR1 63 | TR2 62
193.6647 	DATA 	
193.6647 	DATA 	stimulation started
193.6647 	DATA 	
195.2138 	DATA 	Keypress: 5
195.2139 	DATA 	TR 126 | TR1 63 | TR2 63
196.7804 	DATA 	Keypress: 5
196.7804 	DATA 	TR 127 | TR1 64 | TR2 63
197.6802 	DATA 	
197.6802 	DATA 	stimulation stopped
197.6802 	DATA 	
198.3301 	DATA 	Keypress: 5
198.3302 	DATA 	TR 128 | TR1 64 | TR2 64
199.8967 	DATA 	Keypress: 5
199.8967 	DATA 	TR 129 | TR1 65 | TR2 64
201.4465 	DATA 	Keypress: 5
201.4465 	DATA 	TR 130 | TR1 65 | TR2 65
203.0297 	DATA 	Keypress: 5
203.0298 	DATA 	TR 131 | TR1 66 | TR2 65
204.5796 	DATA 	Keypress: 5
204.5796 	DATA 	TR 132 | TR1 66 | TR2 66
206.1461 	DATA 	Keypress: 5
206.1461 	DATA 	TR 133 | TR1 67 | TR2 66
207.6959 	DATA 	Keypress: 5
207.6960 	DATA 	TR 134 | TR1 67 | TR2 67
209.2791 	DATA 	Keypress: 5
209.2792 	DATA 	TR 135 | TR1 68 | TR2 67
210.8290 	DATA 	Keypress: 5
210.8290 	DATA 	TR 136 | TR1 68 | TR2 68
212.3956 	DATA 	Keypress: 5
212.3956 	DATA 	TR 137 | TR1 69 | TR2 68
213.9453 	DATA 	Keypress: 5
213.9454 	DATA 	TR 138 | TR1 69 | TR2 69
215.5119 	DATA 	Keypress: 5
215.5120 	DATA 	TR 139 | TR1 70 | TR2 69
217.0623 	DATA 	Keypress: 5
217.0783 	DATA 	TR 140 | TR1 70 | TR2 70
218.6450 	DATA 	Keypress: 5
218.6450 	DATA 	TR 141 | TR1 71 | TR2 70
220.1948 	DATA 	Keypress: 5
220.1948 	DATA 	TR 142 | TR1 71 | TR2 71
221.6779 	DATA 	
221.6779 	DATA 	Trial complete
221.6779 	DATA 	Waiting for VASO trigger to start next trial
221.6779 	DATA 	
221.7613 	DATA 	Keypress: 5
221.7614 	DATA 	Waited 0.0834188461303711 seconds for trigger
221.7621 	DATA 	
221.7621 	DATA 	Trial 6
221.7621 	DATA 	stimDur = 4.0
221.7621 	DATA 	jitter = 1.5705
221.7622 	DATA 	restDur = 24.0

221.7622 	DATA 	
221.7622 	DATA 	TR 143 | TR1 72 | TR2 71
223.3111 	DATA 	Keypress: 5
223.3112 	DATA 	TR 144 | TR1 72 | TR2 72
223.3445 	DATA 	
223.3445 	DATA 	stimulation started
223.3445 	DATA 	
224.8946 	DATA 	Keypress: 5
224.8947 	DATA 	TR 145 | TR1 73 | TR2 72
226.4442 	DATA 	Keypress: 5
226.4443 	DATA 	TR 146 | TR1 73 | TR2 73
227.3442 	DATA 	
227.3442 	DATA 	stimulation stopped
227.3442 	DATA 	
227.7441 	DATA 	Target presented
228.0107 	DATA 	Keypress: 5
228.0108 	DATA 	TR 147 | TR1 74 | TR2 73
228.4440 	DATA 	Keypress: 1
228.4441 	DATA 	Key1 pressed
228.4441 	DATA 	Target detected
229.5606 	DATA 	Keypress: 5
229.5606 	DATA 	TR 148 | TR1 74 | TR2 74
231.1277 	DATA 	Keypress: 5
231.1437 	DATA 	TR 149 | TR1 75 | TR2 74
232.6936 	DATA 	Keypress: 5
232.6937 	DATA 	TR 150 | TR1 75 | TR2 75
234.2602 	DATA 	Keypress: 5
234.2602 	DATA 	TR 151 | TR1 76 | TR2 75
235.8100 	DATA 	Keypress: 5
235.8100 	DATA 	TR 152 | TR1 76 | TR2 76
237.3766 	DATA 	Keypress: 5
237.3766 	DATA 	TR 153 | TR1 77 | TR2 76
238.9265 	DATA 	Keypress: 5
238.9265 	DATA 	TR 154 | TR1 77 | TR2 77
240.5096 	DATA 	Keypress: 5
240.5096 	DATA 	TR 155 | TR1 78 | TR2 77
242.0594 	DATA 	Keypress: 5
242.0594 	DATA 	TR 156 | TR1 78 | TR2 78
243.6260 	DATA 	Keypress: 5
243.6260 	DATA 	TR 157 | TR1 79 | TR2 78
245.1758 	DATA 	Keypress: 5
245.1758 	DATA 	TR 158 | TR1 79 | TR2 79
246.7590 	DATA 	Keypress: 5
246.7590 	DATA 	TR 159 | TR1 80 | TR2 79
248.3088 	DATA 	Keypress: 5
248.3089 	DATA 	TR 160 | TR1 80 | TR2 80
249.8754 	DATA 	Keypress: 5
249.8754 	DATA 	TR 161 | TR1 81 | TR2 80
251.3419 	DATA 	
251.3419 	DATA 	Trial complete
251.3419 	DATA 	Waiting for VASO trigger to start next trial
251.3419 	DATA 	
251.4252 	DATA 	Keypress: 5
251.4252 	DATA 	TR 162 | TR1 81 | TR2 81
252.9917 	DATA 	Keypress: 5
252.9918 	DATA 	Waited 1.6498918533325195 seconds for trigger
252.9926 	DATA 	
252.9926 	DATA 	Trial 7
252.9926 	DATA 	stimDur = 4.0
252.9926 	DATA 	jitter = 2.35575
252.9926 	DATA 	restDur = 24.0

252.9926 	DATA 	
252.9926 	DATA 	TR 163 | TR1 82 | TR2 81
254.5422 	DATA 	Keypress: 5
254.5582 	DATA 	TR 164 | TR1 82 | TR2 82
255.3581 	DATA 	
255.3581 	DATA 	stimulation started
255.3581 	DATA 	
256.1249 	DATA 	Keypress: 5
256.1249 	DATA 	TR 165 | TR1 83 | TR2 82
257.6747 	DATA 	Keypress: 5
257.6747 	DATA 	TR 166 | TR1 83 | TR2 83
259.2412 	DATA 	Keypress: 5
259.2413 	DATA 	TR 167 | TR1 84 | TR2 83
259.3578 	DATA 	
259.3578 	DATA 	stimulation stopped
259.3578 	DATA 	
260.7910 	DATA 	Keypress: 5
260.7910 	DATA 	TR 168 | TR1 84 | TR2 84
262.3742 	DATA 	Keypress: 5
262.3743 	DATA 	TR 169 | TR1 85 | TR2 84
263.9241 	DATA 	Keypress: 5
263.9241 	DATA 	TR 170 | TR1 85 | TR2 85
265.4906 	DATA 	Keypress: 5
265.4906 	DATA 	TR 171 | TR1 86 | TR2 85
267.0404 	DATA 	Keypress: 5
267.0405 	DATA 	TR 172 | TR1 86 | TR2 86
268.6237 	DATA 	Keypress: 5
268.6237 	DATA 	TR 173 | TR1 87 | TR2 86
270.1735 	DATA 	Keypress: 5
270.1735 	DATA 	TR 174 | TR1 87 | TR2 87
271.7400 	DATA 	Keypress: 5
271.7401 	DATA 	TR 175 | TR1 88 | TR2 87
273.2899 	DATA 	Keypress: 5
273.2899 	DATA 	TR 176 | TR1 88 | TR2 88
274.8564 	DATA 	Keypress: 5
274.8564 	DATA 	TR 177 | TR1 89 | TR2 88
276.4062 	DATA 	Keypress: 5
276.4063 	DATA 	TR 178 | TR1 89 | TR2 89
277.9894 	DATA 	Keypress: 5
277.9895 	DATA 	TR 179 | TR1 90 | TR2 89
279.5393 	DATA 	Keypress: 5
279.5393 	DATA 	TR 180 | TR1 90 | TR2 90
281.1059 	DATA 	Keypress: 5
281.1059 	DATA 	TR 181 | TR1 91 | TR2 90
282.6557 	DATA 	Keypress: 5
282.6557 	DATA 	TR 182 | TR1 91 | TR2 91
283.3556 	DATA 	
283.3556 	DATA 	Trial complete
283.3556 	DATA 	Waiting for VASO trigger to start next trial
283.3556 	DATA 	
284.2389 	DATA 	Keypress: 5
284.2389 	DATA 	Waited 0.8833320140838623 seconds for trigger
284.2397 	DATA 	
284.2397 	DATA 	Trial 8
284.2397 	DATA 	stimDur = 24.0
284.2397 	DATA 	jitter = 1.5705
284.2397 	DATA 	restDur = 40.0

284.2397 	DATA 	
284.2397 	DATA 	TR 183 | TR1 92 | TR2 91
285.7887 	DATA 	Keypress: 5
285.7888 	DATA 	TR 184 | TR1 92 | TR2 92
285.8220 	DATA 	
285.8220 	DATA 	stimulation started
285.8220 	DATA 	
287.3553 	DATA 	Keypress: 5
287.3553 	DATA 	TR 185 | TR1 93 | TR2 92
288.9052 	DATA 	Keypress: 5
288.9052 	DATA 	TR 186 | TR1 93 | TR2 93
290.4719 	DATA 	Keypress: 5
290.4719 	DATA 	TR 187 | TR1 94 | TR2 93
292.0383 	DATA 	Keypress: 5
292.0384 	DATA 	TR 188 | TR1 94 | TR2 94
293.6047 	DATA 	Keypress: 5
293.6047 	DATA 	TR 189 | TR1 95 | TR2 94
295.1547 	DATA 	Keypress: 5
295.1547 	DATA 	TR 190 | TR1 95 | TR2 95
296.7212 	DATA 	Keypress: 5
296.7212 	DATA 	TR 191 | TR1 96 | TR2 95
298.2710 	DATA 	Keypress: 5
298.2710 	DATA 	TR 192 | TR1 96 | TR2 96
299.8541 	DATA 	Keypress: 5
299.8542 	DATA 	TR 193 | TR1 97 | TR2 96
300.7040 	DATA 	Target presented
301.4040 	DATA 	Keypress: 5
301.4040 	DATA 	TR 194 | TR1 97 | TR2 97
301.4373 	DATA 	Keypress: 1
301.4373 	DATA 	Key1 pressed
301.4373 	DATA 	Target detected
302.9706 	DATA 	Keypress: 5
302.9707 	DATA 	TR 195 | TR1 98 | TR2 97
304.5204 	DATA 	Keypress: 5
304.5204 	DATA 	TR 196 | TR1 98 | TR2 98
306.1035 	DATA 	Keypress: 5
306.1036 	DATA 	TR 197 | TR1 99 | TR2 98
307.6534 	DATA 	Keypress: 5
307.6535 	DATA 	TR 198 | TR1 99 | TR2 99
309.2199 	DATA 	Keypress: 5
309.2199 	DATA 	TR 199 | TR1 100 | TR2 99
309.8198 	DATA 	
309.8198 	DATA 	stimulation stopped
309.8198 	DATA 	
310.7697 	DATA 	Keypress: 5
310.7698 	DATA 	TR 200 | TR1 100 | TR2 100
312.3363 	DATA 	Keypress: 5
312.3363 	DATA 	TR 201 | TR1 101 | TR2 100
313.8867 	DATA 	Keypress: 5
313.9027 	DATA 	TR 202 | TR1 101 | TR2 101
315.4693 	DATA 	Keypress: 5
315.4693 	DATA 	TR 203 | TR1 102 | TR2 101
317.0191 	DATA 	Keypress: 5
317.0192 	DATA 	TR 204 | TR1 102 | TR2 102
318.5856 	DATA 	Keypress: 5
318.5857 	DATA 	TR 205 | TR1 103 | TR2 102
320.1355 	DATA 	Keypress: 5
320.1356 	DATA 	TR 206 | TR1 103 | TR2 103
321.7187 	DATA 	Keypress: 5
321.7187 	DATA 	TR 207 | TR1 104 | TR2 103
323.2686 	DATA 	Keypress: 5
323.2686 	DATA 	TR 208 | TR1 104 | TR2 104
324.8351 	DATA 	Keypress: 5
324.8351 	DATA 	TR 209 | TR1 105 | TR2 104
326.3850 	DATA 	Keypress: 5
326.3850 	DATA 	TR 210 | TR1 105 | TR2 105
327.9515 	DATA 	Keypress: 5
327.9515 	DATA 	TR 211 | TR1 106 | TR2 105
329.5180 	DATA 	Keypress: 5
329.5180 	DATA 	TR 212 | TR1 106 | TR2 106
331.0845 	DATA 	Keypress: 5
331.0845 	DATA 	TR 213 | TR1 107 | TR2 106
332.6345 	DATA 	Keypress: 5
332.6346 	DATA 	TR 214 | TR1 107 | TR2 107
334.2009 	DATA 	Keypress: 5
334.2009 	DATA 	TR 215 | TR1 108 | TR2 107
335.7508 	DATA 	Keypress: 5
335.7509 	DATA 	TR 216 | TR1 108 | TR2 108
337.3339 	DATA 	Keypress: 5
337.3340 	DATA 	TR 217 | TR1 109 | TR2 108
338.8838 	DATA 	Keypress: 5
338.8838 	DATA 	TR 218 | TR1 109 | TR2 109
340.4503 	DATA 	Keypress: 5
340.4503 	DATA 	TR 219 | TR1 110 | TR2 109
342.0002 	DATA 	Keypress: 5
342.0002 	DATA 	TR 220 | TR1 110 | TR2 110
343.5833 	DATA 	Keypress: 5
343.5834 	DATA 	TR 221 | TR1 111 | TR2 110
345.1332 	DATA 	Keypress: 5
345.1333 	DATA 	TR 222 | TR1 111 | TR2 111
346.6996 	DATA 	Keypress: 5
346.6997 	DATA 	TR 223 | TR1 112 | TR2 111
348.2496 	DATA 	Keypress: 5
348.2497 	DATA 	TR 224 | TR1 112 | TR2 112
349.8161 	DATA 	Keypress: 5
349.8161 	DATA 	TR 225 | TR1 113 | TR2 112
349.8162 	DATA 	
349.8162 	DATA 	Trial complete
349.8162 	DATA 	Waiting for VASO trigger to start next trial
349.8162 	DATA 	
351.3828 	DATA 	Keypress: 5
351.3828 	DATA 	TR 226 | TR1 113 | TR2 113
352.9491 	DATA 	Keypress: 5
352.9492 	DATA 	Waited 3.133021116256714 seconds for trigger
352.9500 	DATA 	
352.9500 	DATA 	Trial 9
352.9500 	DATA 	stimDur = 24.0
352.9500 	DATA 	jitter = 0.0
352.9500 	DATA 	restDur = 40.0

352.9500 	DATA 	
352.9500 	DATA 	TR 227 | TR1 114 | TR2 113
352.9500 	DATA 	
352.9500 	DATA 	stimulation started
352.9500 	DATA 	
354.4991 	DATA 	Keypress: 5
354.4991 	DATA 	TR 228 | TR1 114 | TR2 114
356.0656 	DATA 	Keypress: 5
356.0657 	DATA 	TR 229 | TR1 115 | TR2 114
357.6155 	DATA 	Keypress: 5
357.6155 	DATA 	TR 230 | TR1 115 | TR2 115
358.1655 	DATA 	Target presented
358.7820 	DATA 	Keypress: 1
358.7820 	DATA 	Key1 pressed
358.7820 	DATA 	Target detected
359.1986 	DATA 	Keypress: 5
359.1987 	DATA 	TR 231 | TR1 116 | TR2 115
360.7485 	DATA 	Keypress: 5
360.7485 	DATA 	TR 232 | TR1 116 | TR2 116
362.3150 	DATA 	Keypress: 5
362.3151 	DATA 	TR 233 | TR1 117 | TR2 116
363.8649 	DATA 	Keypress: 5
363.8650 	DATA 	TR 234 | TR1 117 | TR2 117
365.4321 	DATA 	Keypress: 5
365.4480 	DATA 	TR 235 | TR1 118 | TR2 117
366.9979 	DATA 	Keypress: 5
366.9979 	DATA 	TR 236 | TR1 118 | TR2 118
368.5644 	DATA 	Keypress: 5
368.5645 	DATA 	TR 237 | TR1 119 | TR2 118
370.1143 	DATA 	Keypress: 5
370.1143 	DATA 	TR 238 | TR1 119 | TR2 119
371.6808 	DATA 	Keypress: 5
371.6809 	DATA 	TR 239 | TR1 120 | TR2 119
373.2307 	DATA 	Keypress: 5
373.2307 	DATA 	TR 240 | TR1 120 | TR2 120
374.8139 	DATA 	Keypress: 5
374.8139 	DATA 	TR 241 | TR1 121 | TR2 120
376.3637 	DATA 	Keypress: 5
376.3638 	DATA 	TR 242 | TR1 121 | TR2 121
376.9636 	DATA 	
376.9636 	DATA 	stimulation stopped
376.9636 	DATA 	
377.9303 	DATA 	Keypress: 5
377.9303 	DATA 	TR 243 | TR1 122 | TR2 121
379.4801 	DATA 	Keypress: 5
379.4801 	DATA 	TR 244 | TR1 122 | TR2 122
381.0632 	DATA 	Keypress: 5
381.0632 	DATA 	TR 245 | TR1 123 | TR2 122
382.6132 	DATA 	Keypress: 5
382.6133 	DATA 	TR 246 | TR1 123 | TR2 123
384.1796 	DATA 	Keypress: 5
384.1796 	DATA 	TR 247 | TR1 124 | TR2 123
385.7295 	DATA 	Keypress: 5
385.7295 	DATA 	TR 248 | TR1 124 | TR2 124
387.2960 	DATA 	Keypress: 5
387.2960 	DATA 	TR 249 | TR1 125 | TR2 124
388.8465 	DATA 	Keypress: 5
388.8625 	DATA 	TR 250 | TR1 125 | TR2 125
390.4290 	DATA 	Keypress: 5
390.4290 	DATA 	TR 251 | TR1 126 | TR2 125
391.9789 	DATA 	Keypress: 5
391.9789 	DATA 	TR 252 | TR1 126 | TR2 126
393.5454 	DATA 	Keypress: 5
393.5454 	DATA 	TR 253 | TR1 127 | TR2 126
395.0953 	DATA 	Keypress: 5
395.0953 	DATA 	TR 254 | TR1 127 | TR2 127
396.6786 	DATA 	Keypress: 5
396.6786 	DATA 	TR 255 | TR1 128 | TR2 127
398.2283 	DATA 	Keypress: 5
398.2284 	DATA 	TR 256 | TR1 128 | TR2 128
399.7948 	DATA 	Keypress: 5
399.7948 	DATA 	TR 257 | TR1 129 | TR2 128
401.3447 	DATA 	Keypress: 5
401.3447 	DATA 	TR 258 | TR1 129 | TR2 129
402.9277 	DATA 	Keypress: 5
402.9277 	DATA 	TR 259 | TR1 130 | TR2 129
404.4777 	DATA 	Keypress: 5
404.4778 	DATA 	TR 260 | TR1 130 | TR2 130
406.0442 	DATA 	Keypress: 5
406.0443 	DATA 	TR 261 | TR1 131 | TR2 130
407.5941 	DATA 	Keypress: 5
407.5942 	DATA 	TR 262 | TR1 131 | TR2 131
409.1606 	DATA 	Keypress: 5
409.1607 	DATA 	TR 263 | TR1 132 | TR2 131
410.7107 	DATA 	Keypress: 5
410.7108 	DATA 	TR 264 | TR1 132 | TR2 132
412.2936 	DATA 	Keypress: 5
412.2937 	DATA 	TR 265 | TR1 133 | TR2 132
413.8435 	DATA 	Keypress: 5
413.8436 	DATA 	TR 266 | TR1 133 | TR2 133
415.4100 	DATA 	Keypress: 5
415.4101 	DATA 	TR 267 | TR1 134 | TR2 133
416.9599 	DATA 	Keypress: 5
416.9599 	DATA 	TR 268 | TR1 134 | TR2 134
416.9600 	DATA 	
416.9600 	DATA 	Trial complete
416.9600 	DATA 	Waiting for VASO trigger to start next trial
416.9600 	DATA 	
418.5431 	DATA 	Keypress: 5
418.5431 	DATA 	Waited 1.5831480026245117 seconds for trigger
418.5439 	DATA 	
418.5439 	DATA 	Trial 10
418.5439 	DATA 	stimDur = 12.0
418.5439 	DATA 	jitter = 1.5705
418.5439 	DATA 	restDur = 30.0

418.5439 	DATA 	
418.5439 	DATA 	TR 269 | TR1 135 | TR2 134
420.0761 	DATA 	Target presented
420.0930 	DATA 	Keypress: 5
420.0930 	DATA 	TR 270 | TR1 135 | TR2 135
420.1262 	DATA 	
420.1262 	DATA 	stimulation started
420.1262 	DATA 	
420.6930 	DATA 	Keypress: 1
420.6930 	DATA 	Key1 pressed
420.6930 	DATA 	Target detected
421.6595 	DATA 	Keypress: 5
421.6595 	DATA 	TR 271 | TR1 136 | TR2 135
423.2094 	DATA 	Keypress: 5
423.2095 	DATA 	TR 272 | TR1 136 | TR2 136
424.7766 	DATA 	Keypress: 5
424.7925 	DATA 	TR 273 | TR1 137 | TR2 136
426.3424 	DATA 	Keypress: 5
426.3425 	DATA 	TR 274 | TR1 137 | TR2 137
427.9089 	DATA 	Keypress: 5
427.9090 	DATA 	TR 275 | TR1 138 | TR2 137
429.4588 	DATA 	Keypress: 5
429.4589 	DATA 	TR 276 | TR1 138 | TR2 138
431.0253 	DATA 	Keypress: 5
431.0254 	DATA 	TR 277 | TR1 139 | TR2 138
432.1251 	DATA 	
432.1252 	DATA 	stimulation stopped
432.1252 	DATA 	
432.5751 	DATA 	Keypress: 5
432.5752 	DATA 	TR 278 | TR1 139 | TR2 139
434.1583 	DATA 	Keypress: 5
434.1583 	DATA 	TR 279 | TR1 140 | TR2 139
435.7082 	DATA 	Keypress: 5
435.7082 	DATA 	TR 280 | TR1 140 | TR2 140
437.2746 	DATA 	Keypress: 5
437.2747 	DATA 	TR 281 | TR1 141 | TR2 140
438.8246 	DATA 	Keypress: 5
438.8246 	DATA 	TR 282 | TR1 141 | TR2 141
440.4077 	DATA 	Keypress: 5
440.4077 	DATA 	TR 283 | TR1 142 | TR2 141
441.9576 	DATA 	Keypress: 5
441.9576 	DATA 	TR 284 | TR1 142 | TR2 142
443.5241 	DATA 	Keypress: 5
443.5241 	DATA 	TR 285 | TR1 143 | TR2 142
445.0740 	DATA 	Keypress: 5
445.0740 	DATA 	TR 286 | TR1 143 | TR2 143
446.6405 	DATA 	Keypress: 5
446.6405 	DATA 	TR 287 | TR1 144 | TR2 143
448.1911 	DATA 	Keypress: 5
448.2069 	DATA 	TR 288 | TR1 144 | TR2 144
449.7736 	DATA 	Keypress: 5
449.7737 	DATA 	TR 289 | TR1 145 | TR2 144
451.3234 	DATA 	Keypress: 5
451.3234 	DATA 	TR 290 | TR1 145 | TR2 145
452.8899 	DATA 	Keypress: 5
452.8899 	DATA 	TR 291 | TR1 146 | TR2 145
454.4398 	DATA 	Keypress: 5
454.4398 	DATA 	TR 292 | TR1 146 | TR2 146
456.0229 	DATA 	Keypress: 5
456.0230 	DATA 	TR 293 | TR1 147 | TR2 146
457.5728 	DATA 	Keypress: 5
457.5729 	DATA 	TR 294 | TR1 147 | TR2 147
459.1393 	DATA 	Keypress: 5
459.1393 	DATA 	TR 295 | TR1 148 | TR2 147
460.6892 	DATA 	Keypress: 5
460.6892 	DATA 	TR 296 | TR1 148 | TR2 148
462.1223 	DATA 	
462.1223 	DATA 	Trial complete
462.1224 	DATA 	Waiting for VASO trigger to start next trial
462.1224 	DATA 	
462.2557 	DATA 	Keypress: 5
462.2557 	DATA 	Waited 0.13337087631225586 seconds for trigger
462.2565 	DATA 	
462.2565 	DATA 	Trial 11
462.2565 	DATA 	stimDur = 1.0
462.2565 	DATA 	jitter = 1.5705
462.2566 	DATA 	restDur = 20.0

462.2566 	DATA 	
462.2566 	DATA 	TR 297 | TR1 149 | TR2 148
463.8222 	DATA 	Keypress: 5
463.8223 	DATA 	TR 298 | TR1 149 | TR2 149
463.8389 	DATA 	
463.8389 	DATA 	stimulation started
463.8389 	DATA 	
464.8388 	DATA 	
464.8388 	DATA 	stimulation stopped
464.8388 	DATA 	
465.3887 	DATA 	Keypress: 5
465.3888 	DATA 	TR 299 | TR1 150 | TR2 149
466.9386 	DATA 	Keypress: 5
466.9387 	DATA 	TR 300 | TR1 150 | TR2 150
468.5051 	DATA 	Keypress: 5
468.5052 	DATA 	TR 301 | TR1 151 | TR2 150
470.0550 	DATA 	Keypress: 5
470.0550 	DATA 	TR 302 | TR1 151 | TR2 151
471.6382 	DATA 	Keypress: 5
471.6383 	DATA 	TR 303 | TR1 152 | TR2 151
473.1880 	DATA 	Keypress: 5
473.1881 	DATA 	TR 304 | TR1 152 | TR2 152
474.7545 	DATA 	Keypress: 5
474.7546 	DATA 	TR 305 | TR1 153 | TR2 152
476.3044 	DATA 	Keypress: 5
476.3044 	DATA 	TR 306 | TR1 153 | TR2 153
477.8876 	DATA 	Keypress: 5
477.8876 	DATA 	TR 307 | TR1 154 | TR2 153
479.4375 	DATA 	Keypress: 5
479.4375 	DATA 	TR 308 | TR1 154 | TR2 154
481.0039 	DATA 	Keypress: 5
481.0040 	DATA 	TR 309 | TR1 155 | TR2 154
482.5539 	DATA 	Keypress: 5
482.5539 	DATA 	TR 310 | TR1 155 | TR2 155
484.1203 	DATA 	Keypress: 5
484.1203 	DATA 	TR 311 | TR1 156 | TR2 155
484.8369 	DATA 	
484.8369 	DATA 	Trial complete
484.8370 	DATA 	Waiting for VASO trigger to start next trial
484.8370 	DATA 	
485.4369 	DATA 	Target presented
485.6869 	DATA 	Keypress: 5
485.6869 	DATA 	TR 312 | TR1 156 | TR2 156
485.9535 	DATA 	Keypress: 1
485.9535 	DATA 	Key1 pressed
485.9536 	DATA 	Target detected
487.2534 	DATA 	Keypress: 5
487.2534 	DATA 	Waited 2.4164531230926514 seconds for trigger
487.2542 	DATA 	
487.2542 	DATA 	Trial 12
487.2542 	DATA 	stimDur = 4.0
487.2542 	DATA 	jitter = 0.78525
487.2542 	DATA 	restDur = 24.0

487.2542 	DATA 	
487.2542 	DATA 	TR 313 | TR1 157 | TR2 156
488.0533 	DATA 	
488.0533 	DATA 	stimulation started
488.0533 	DATA 	
488.8033 	DATA 	Keypress: 5
488.8034 	DATA 	TR 314 | TR1 157 | TR2 157
490.3698 	DATA 	Keypress: 5
490.3698 	DATA 	TR 315 | TR1 158 | TR2 157
491.9197 	DATA 	Keypress: 5
491.9197 	DATA 	TR 316 | TR1 158 | TR2 158
492.0529 	DATA 	
492.0529 	DATA 	stimulation stopped
492.0529 	DATA 	
493.5028 	DATA 	Keypress: 5
493.5029 	DATA 	TR 317 | TR1 159 | TR2 158
495.0527 	DATA 	Keypress: 5
495.0527 	DATA 	TR 318 | TR1 159 | TR2 159
496.6191 	DATA 	Keypress: 5
496.6192 	DATA 	TR 319 | TR1 160 | TR2 159
498.1690 	DATA 	Keypress: 5
498.1691 	DATA 	TR 320 | TR1 160 | TR2 160
499.7361 	DATA 	Keypress: 5
499.7522 	DATA 	TR 321 | TR1 161 | TR2 160
501.3021 	DATA 	Keypress: 5
501.3021 	DATA 	TR 322 | TR1 161 | TR2 161
502.8686 	DATA 	Keypress: 5
502.8687 	DATA 	TR 323 | TR1 162 | TR2 161
504.4186 	DATA 	Keypress: 5
504.4186 	DATA 	TR 324 | TR1 162 | TR2 162
505.9850 	DATA 	Keypress: 5
505.9850 	DATA 	TR 325 | TR1 163 | TR2 162
507.5349 	DATA 	Keypress: 5
507.5349 	DATA 	TR 326 | TR1 163 | TR2 163
509.1180 	DATA 	Keypress: 5
509.1181 	DATA 	TR 327 | TR1 164 | TR2 163
510.6679 	DATA 	Keypress: 5
510.6679 	DATA 	TR 328 | TR1 164 | TR2 164
512.2346 	DATA 	Keypress: 5
512.2346 	DATA 	TR 329 | TR1 165 | TR2 164
513.7843 	DATA 	Keypress: 5
513.7843 	DATA 	TR 330 | TR1 165 | TR2 165
515.3674 	DATA 	Keypress: 5
515.3675 	DATA 	TR 331 | TR1 166 | TR2 165
516.0507 	DATA 	
516.0507 	DATA 	Trial complete
516.0507 	DATA 	Waiting for VASO trigger to start next trial
516.0507 	DATA 	
516.9173 	DATA 	Keypress: 5
516.9174 	DATA 	TR 332 | TR1 166 | TR2 166
518.4838 	DATA 	Keypress: 5
518.4839 	DATA 	Waited 2.433180093765259 seconds for trigger
518.4846 	DATA 	
518.4847 	DATA 	Trial 13
518.4847 	DATA 	stimDur = 12.0
518.4847 	DATA 	jitter = 0.78525
518.4847 	DATA 	restDur = 30.0

518.4847 	DATA 	
518.4847 	DATA 	TR 333 | TR1 167 | TR2 166
519.2837 	DATA 	
519.2837 	DATA 	stimulation started
519.2837 	DATA 	
520.0338 	DATA 	Keypress: 5
520.0338 	DATA 	TR 334 | TR1 167 | TR2 167
521.6003 	DATA 	Keypress: 5
521.6003 	DATA 	TR 335 | TR1 168 | TR2 167
523.1668 	DATA 	Keypress: 5
523.1668 	DATA 	TR 336 | TR1 168 | TR2 168
524.7333 	DATA 	Keypress: 5
524.7333 	DATA 	TR 337 | TR1 169 | TR2 168
526.2832 	DATA 	Keypress: 5
526.2832 	DATA 	TR 338 | TR1 169 | TR2 169
527.8496 	DATA 	Keypress: 5
527.8497 	DATA 	TR 339 | TR1 170 | TR2 169
529.3995 	DATA 	Keypress: 5
529.3996 	DATA 	TR 340 | TR1 170 | TR2 170
530.9827 	DATA 	Keypress: 5
530.9828 	DATA 	TR 341 | TR1 171 | TR2 170
531.2826 	DATA 	
531.2826 	DATA 	stimulation stopped
531.2826 	DATA 	
532.5326 	DATA 	Keypress: 5
532.5326 	DATA 	TR 342 | TR1 171 | TR2 171
534.0990 	DATA 	Keypress: 5
534.0991 	DATA 	TR 343 | TR1 172 | TR2 171
535.6489 	DATA 	Keypress: 5
535.6490 	DATA 	TR 344 | TR1 172 | TR2 172
537.2321 	DATA 	Keypress: 5
537.2321 	DATA 	TR 345 | TR1 173 | TR2 172
538.7820 	DATA 	Keypress: 5
538.7820 	DATA 	TR 346 | TR1 173 | TR2 173
540.3485 	DATA 	Keypress: 5
540.3485 	DATA 	TR 347 | TR1 174 | TR2 173
541.8983 	DATA 	Keypress: 5
541.8984 	DATA 	TR 348 | TR1 174 | TR2 174
543.4650 	DATA 	Keypress: 5
543.4650 	DATA 	TR 349 | TR1 175 | TR2 174
545.0147 	DATA 	Keypress: 5
545.0148 	DATA 	TR 350 | TR1 175 | TR2 175
546.5979 	DATA 	Keypress: 5
546.5979 	DATA 	TR 351 | TR1 176 | TR2 175
548.1478 	DATA 	Keypress: 5
548.1478 	DATA 	TR 352 | TR1 176 | TR2 176
548.6477 	DATA 	Target presented
549.2143 	DATA 	Keypress: 1
549.2144 	DATA 	Key1 pressed
549.2144 	DATA 	Target detected
549.7142 	DATA 	Keypress: 5
549.7144 	DATA 	TR 353 | TR1 177 | TR2 176
551.2641 	DATA 	Keypress: 5
551.2641 	DATA 	TR 354 | TR1 177 | TR2 177
552.8474 	DATA 	Keypress: 5
552.8475 	DATA 	TR 355 | TR1 178 | TR2 177
554.3971 	DATA 	Keypress: 5
554.3972 	DATA 	TR 356 | TR1 178 | TR2 178
555.9637 	DATA 	Keypress: 5
555.9638 	DATA 	TR 357 | TR1 179 | TR2 178
557.5135 	DATA 	Keypress: 5
557.5136 	DATA 	TR 358 | TR1 179 | TR2 179
559.0807 	DATA 	Keypress: 5
559.0967 	DATA 	TR 359 | TR1 180 | TR2 179
560.6466 	DATA 	Keypress: 5
560.6466 	DATA 	TR 360 | TR1 180 | TR2 180
561.2800 	DATA 	
561.2800 	DATA 	Trial complete
561.2800 	DATA 	Waiting for VASO trigger to start next trial
561.2800 	DATA 	
562.2131 	DATA 	Keypress: 5
562.2132 	DATA 	Waited 0.9331510066986084 seconds for trigger
562.2139 	DATA 	
562.2139 	DATA 	Trial 14
562.2139 	DATA 	stimDur = 12.0
562.2139 	DATA 	jitter = 2.35575
562.2139 	DATA 	restDur = 30.0

562.2139 	DATA 	
562.2140 	DATA 	TR 361 | TR1 181 | TR2 180
563.7629 	DATA 	Keypress: 5
563.7630 	DATA 	TR 362 | TR1 181 | TR2 181
564.5795 	DATA 	
564.5795 	DATA 	stimulation started
564.5795 	DATA 	
565.3296 	DATA 	Keypress: 5
565.3296 	DATA 	TR 363 | TR1 182 | TR2 181
566.8794 	DATA 	Keypress: 5
566.8794 	DATA 	TR 364 | TR1 182 | TR2 182
568.4626 	DATA 	Keypress: 5
568.4627 	DATA 	TR 365 | TR1 183 | TR2 182
570.0124 	DATA 	Keypress: 5
570.0125 	DATA 	TR 366 | TR1 183 | TR2 183
571.5790 	DATA 	Keypress: 5
571.5790 	DATA 	TR 367 | TR1 184 | TR2 183
573.1288 	DATA 	Keypress: 5
573.1288 	DATA 	TR 368 | TR1 184 | TR2 184
574.7120 	DATA 	Keypress: 5
574.7121 	DATA 	TR 369 | TR1 185 | TR2 184
576.2619 	DATA 	Keypress: 5
576.2619 	DATA 	TR 370 | TR1 185 | TR2 185
576.5785 	DATA 	
576.5785 	DATA 	stimulation stopped
576.5785 	DATA 	
577.8283 	DATA 	Keypress: 5
577.8284 	DATA 	TR 371 | TR1 186 | TR2 185
579.3782 	DATA 	Keypress: 5
579.3782 	DATA 	TR 372 | TR1 186 | TR2 186
580.9447 	DATA 	Keypress: 5
580.9448 	DATA 	TR 373 | TR1 187 | TR2 186
582.5112 	DATA 	Keypress: 5
582.5113 	DATA 	TR 374 | TR1 187 | TR2 187
584.0778 	DATA 	Keypress: 5
584.0778 	DATA 	TR 375 | TR1 188 | TR2 187
585.6276 	DATA 	Keypress: 5
585.6276 	DATA 	TR 376 | TR1 188 | TR2 188
587.1941 	DATA 	Keypress: 5
587.1942 	DATA 	TR 377 | TR1 189 | TR2 188
588.7440 	DATA 	Keypress: 5
588.7440 	DATA 	TR 378 | TR1 189 | TR2 189
590.3272 	DATA 	Keypress: 5
590.3272 	DATA 	TR 379 | TR1 190 | TR2 189
591.8770 	DATA 	Keypress: 5
591.8771 	DATA 	TR 380 | TR1 190 | TR2 190
593.4436 	DATA 	Keypress: 5
593.4436 	DATA 	TR 381 | TR1 191 | TR2 190
594.9934 	DATA 	Keypress: 5
594.9935 	DATA 	TR 382 | TR1 191 | TR2 191
596.5605 	DATA 	Keypress: 5
596.5766 	DATA 	TR 383 | TR1 192 | TR2 191
598.1264 	DATA 	Keypress: 5
598.1265 	DATA 	TR 384 | TR1 192 | TR2 192
599.6930 	DATA 	Keypress: 5
599.6931 	DATA 	TR 385 | TR1 193 | TR2 192
600.8094 	DATA 	Target presented
601.2428 	DATA 	Keypress: 5
601.2429 	DATA 	TR 386 | TR1 193 | TR2 193
601.3595 	DATA 	Keypress: 1
601.3595 	DATA 	Key1 pressed
601.3595 	DATA 	Target detected
602.8094 	DATA 	Keypress: 5
602.8094 	DATA 	TR 387 | TR1 194 | TR2 193
604.3593 	DATA 	Keypress: 5
604.3594 	DATA 	TR 388 | TR1 194 | TR2 194
605.9425 	DATA 	Keypress: 5
605.9426 	DATA 	TR 389 | TR1 195 | TR2 194
606.5756 	DATA 	
606.5756 	DATA 	Trial complete
606.5756 	DATA 	Waiting for VASO trigger to start next trial
606.5757 	DATA 	
607.4922 	DATA 	Keypress: 5
607.4923 	DATA 	TR 390 | TR1 195 | TR2 195
609.0588 	DATA 	Keypress: 5
609.0588 	DATA 	Waited 2.4831669330596924 seconds for trigger
609.0596 	DATA 	
609.0596 	DATA 	Trial 15
609.0596 	DATA 	stimDur = 2.0
609.0596 	DATA 	jitter = 0.0
609.0596 	DATA 	restDur = 22.0

609.0596 	DATA 	
609.0596 	DATA 	TR 391 | TR1 196 | TR2 195
609.0596 	DATA 	
609.0596 	DATA 	stimulation started
609.0596 	DATA 	
610.6087 	DATA 	Keypress: 5
610.6087 	DATA 	TR 392 | TR1 196 | TR2 196
611.0752 	DATA 	
611.0753 	DATA 	stimulation stopped
611.0753 	DATA 	
612.1918 	DATA 	Keypress: 5
612.1919 	DATA 	TR 393 | TR1 197 | TR2 196
613.7417 	DATA 	Keypress: 5
613.7417 	DATA 	TR 394 | TR1 197 | TR2 197
615.3082 	DATA 	Keypress: 5
615.3082 	DATA 	TR 395 | TR1 198 | TR2 197
616.8580 	DATA 	Keypress: 5
616.8581 	DATA 	TR 396 | TR1 198 | TR2 198
618.4246 	DATA 	Keypress: 5
618.4247 	DATA 	TR 397 | TR1 199 | TR2 198
619.9750 	DATA 	Keypress: 5
619.9910 	DATA 	TR 398 | TR1 199 | TR2 199
621.5576 	DATA 	Keypress: 5
621.5577 	DATA 	TR 399 | TR1 200 | TR2 199
623.1074 	DATA 	Keypress: 5
623.1075 	DATA 	TR 400 | TR1 200 | TR2 200
624.6740 	DATA 	Keypress: 5
624.6741 	DATA 	TR 401 | TR1 201 | TR2 200
626.2238 	DATA 	Keypress: 5
626.2239 	DATA 	TR 402 | TR1 201 | TR2 201
627.8070 	DATA 	Keypress: 5
627.8071 	DATA 	TR 403 | TR1 202 | TR2 201
629.3569 	DATA 	Keypress: 5
629.3569 	DATA 	TR 404 | TR1 202 | TR2 202
630.9236 	DATA 	Keypress: 5
630.9236 	DATA 	TR 405 | TR1 203 | TR2 202
632.4734 	DATA 	Keypress: 5
632.4734 	DATA 	TR 406 | TR1 203 | TR2 203
633.0731 	DATA 	
633.0731 	DATA 	Trial complete
633.0731 	DATA 	Waiting for VASO trigger to start next trial
633.0731 	DATA 	
634.0564 	DATA 	Keypress: 5
634.0565 	DATA 	Waited 0.9833800792694092 seconds for trigger
634.0573 	DATA 	
634.0573 	DATA 	Trial 16
634.0573 	DATA 	stimDur = 1.0
634.0573 	DATA 	jitter = 2.35575
634.0573 	DATA 	restDur = 20.0

634.0573 	DATA 	
634.0573 	DATA 	TR 407 | TR1 204 | TR2 203
635.6064 	DATA 	Keypress: 5
635.6065 	DATA 	TR 408 | TR1 204 | TR2 204
636.4226 	DATA 	
636.4226 	DATA 	stimulation started
636.4227 	DATA 	
637.1729 	DATA 	Keypress: 5
637.1729 	DATA 	TR 409 | TR1 205 | TR2 204
637.4228 	DATA 	
637.4228 	DATA 	stimulation stopped
637.4228 	DATA 	
638.7228 	DATA 	Keypress: 5
638.7228 	DATA 	TR 410 | TR1 205 | TR2 205
640.2892 	DATA 	Keypress: 5
640.2893 	DATA 	TR 411 | TR1 206 | TR2 205
641.8390 	DATA 	Keypress: 5
641.8391 	DATA 	TR 412 | TR1 206 | TR2 206
643.4223 	DATA 	Keypress: 5
643.4223 	DATA 	TR 413 | TR1 207 | TR2 206
644.9721 	DATA 	Keypress: 5
644.9721 	DATA 	TR 414 | TR1 207 | TR2 207
646.5386 	DATA 	Keypress: 5
646.5387 	DATA 	TR 415 | TR1 208 | TR2 207
648.0885 	DATA 	Keypress: 5
648.0885 	DATA 	TR 416 | TR1 208 | TR2 208
649.6717 	DATA 	Keypress: 5
649.6718 	DATA 	TR 417 | TR1 209 | TR2 208
651.2215 	DATA 	Keypress: 5
651.2216 	DATA 	TR 418 | TR1 209 | TR2 209
652.7881 	DATA 	Keypress: 5
652.7881 	DATA 	TR 419 | TR1 210 | TR2 209
654.3379 	DATA 	Keypress: 5
654.3380 	DATA 	TR 420 | TR1 210 | TR2 210
655.9044 	DATA 	Keypress: 5
655.9045 	DATA 	TR 421 | TR1 211 | TR2 210
657.4209 	DATA 	
657.4209 	DATA 	Trial complete
657.4210 	DATA 	Waiting for VASO trigger to start next trial
657.4210 	DATA 	
657.4709 	DATA 	Keypress: 5
657.4710 	DATA 	TR 422 | TR1 211 | TR2 211
659.0375 	DATA 	Keypress: 5
659.0375 	DATA 	Waited 1.6165502071380615 seconds for trigger
659.0383 	DATA 	
659.0383 	DATA 	Trial 17
659.0383 	DATA 	stimDur = 24.0
659.0383 	DATA 	jitter = 2.35575
659.0383 	DATA 	restDur = 40.0

659.0383 	DATA 	
659.0383 	DATA 	TR 423 | TR1 212 | TR2 211
660.5873 	DATA 	Keypress: 5
660.5874 	DATA 	TR 424 | TR1 212 | TR2 212
661.4039 	DATA 	
661.4039 	DATA 	stimulation started
661.4039 	DATA 	
662.1539 	DATA 	Keypress: 5
662.1540 	DATA 	TR 425 | TR1 213 | TR2 212
663.7038 	DATA 	Keypress: 5
663.7038 	DATA 	TR 426 | TR1 213 | TR2 213
665.2870 	DATA 	Keypress: 5
665.2870 	DATA 	TR 427 | TR1 214 | TR2 213
666.8368 	DATA 	Keypress: 5
666.8368 	DATA 	TR 428 | TR1 214 | TR2 214
668.4034 	DATA 	Keypress: 5
668.4034 	DATA 	TR 429 | TR1 215 | TR2 214
668.5533 	DATA 	Target presented
669.0699 	DATA 	Keypress: 1
669.0700 	DATA 	Key1 pressed
669.0700 	DATA 	Target detected
669.9533 	DATA 	Keypress: 5
669.9534 	DATA 	TR 430 | TR1 215 | TR2 215
671.5364 	DATA 	Keypress: 5
671.5365 	DATA 	TR 431 | TR1 216 | TR2 215
673.0862 	DATA 	Keypress: 5
673.0863 	DATA 	TR 432 | TR1 216 | TR2 216
674.6528 	DATA 	Keypress: 5
674.6528 	DATA 	TR 433 | TR1 217 | TR2 216
676.2026 	DATA 	Keypress: 5
676.2026 	DATA 	TR 434 | TR1 217 | TR2 217
677.7691 	DATA 	Keypress: 5
677.7692 	DATA 	TR 435 | TR1 218 | TR2 217
679.3197 	DATA 	Keypress: 5
679.3356 	DATA 	TR 436 | TR1 218 | TR2 218
680.9022 	DATA 	Keypress: 5
680.9022 	DATA 	TR 437 | TR1 219 | TR2 218
682.4520 	DATA 	Keypress: 5
682.4521 	DATA 	TR 438 | TR1 219 | TR2 219
684.0187 	DATA 	Keypress: 5
684.0188 	DATA 	TR 439 | TR1 220 | TR2 219
685.4017 	DATA 	
685.4017 	DATA 	stimulation stopped
685.4017 	DATA 	
685.5682 	DATA 	Keypress: 5
685.5682 	DATA 	TR 440 | TR1 220 | TR2 220
687.1516 	DATA 	Keypress: 5
687.1516 	DATA 	TR 441 | TR1 221 | TR2 220
688.7014 	DATA 	Keypress: 5
688.7014 	DATA 	TR 442 | TR1 221 | TR2 221
690.2679 	DATA 	Keypress: 5
690.2680 	DATA 	TR 443 | TR1 222 | TR2 221
691.8178 	DATA 	Keypress: 5
691.8178 	DATA 	TR 444 | TR1 222 | TR2 222
693.3849 	DATA 	Keypress: 5
693.4008 	DATA 	TR 445 | TR1 223 | TR2 222
694.9508 	DATA 	Keypress: 5
694.9508 	DATA 	TR 446 | TR1 223 | TR2 223
696.5173 	DATA 	Keypress: 5
696.5174 	DATA 	TR 447 | TR1 224 | TR2 223
698.0672 	DATA 	Keypress: 5
698.0672 	DATA 	TR 448 | TR1 224 | TR2 224
699.6337 	DATA 	Keypress: 5
699.6338 	DATA 	TR 449 | TR1 225 | TR2 224
701.1834 	DATA 	Keypress: 5
701.1835 	DATA 	TR 450 | TR1 225 | TR2 225
702.7668 	DATA 	Keypress: 5
702.7668 	DATA 	TR 451 | TR1 226 | TR2 225
704.3166 	DATA 	Keypress: 5
704.3167 	DATA 	TR 452 | TR1 226 | TR2 226
705.8832 	DATA 	Keypress: 5
705.8832 	DATA 	TR 453 | TR1 227 | TR2 226
707.4330 	DATA 	Keypress: 5
707.4330 	DATA 	TR 454 | TR1 227 | TR2 227
709.0162 	DATA 	Keypress: 5
709.0162 	DATA 	TR 455 | TR1 228 | TR2 227
710.5660 	DATA 	Keypress: 5
710.5661 	DATA 	TR 456 | TR1 228 | TR2 228
712.1326 	DATA 	Keypress: 5
712.1326 	DATA 	TR 457 | TR1 229 | TR2 228
712.1659 	DATA 	Target presented
712.7658 	DATA 	Keypress: 1
712.7659 	DATA 	Key1 pressed
712.7659 	DATA 	Target detected
713.6824 	DATA 	Keypress: 5
713.6824 	DATA 	TR 458 | TR1 229 | TR2 229
715.2490 	DATA 	Keypress: 5
715.2491 	DATA 	TR 459 | TR1 230 | TR2 229
716.8154 	DATA 	Keypress: 5
716.8155 	DATA 	TR 460 | TR1 230 | TR2 230
718.3820 	DATA 	Keypress: 5
718.3821 	DATA 	TR 461 | TR1 231 | TR2 230
719.9318 	DATA 	Keypress: 5
719.9319 	DATA 	TR 462 | TR1 231 | TR2 231
721.4984 	DATA 	Keypress: 5
721.4985 	DATA 	TR 463 | TR1 232 | TR2 231
723.0482 	DATA 	Keypress: 5
723.0483 	DATA 	TR 464 | TR1 232 | TR2 232
724.6314 	DATA 	Keypress: 5
724.6315 	DATA 	TR 465 | TR1 233 | TR2 232
725.3980 	DATA 	
725.3980 	DATA 	Trial complete
725.3980 	DATA 	Waiting for VASO trigger to start next trial
725.3980 	DATA 	
726.1812 	DATA 	Keypress: 5
726.1813 	DATA 	TR 466 | TR1 233 | TR2 233
727.7478 	DATA 	Keypress: 5
727.7478 	DATA 	Waited 2.349830150604248 seconds for trigger
727.7486 	DATA 	
727.7486 	DATA 	Trial 18
727.7486 	DATA 	stimDur = 1.0
727.7486 	DATA 	jitter = 0.78525
727.7486 	DATA 	restDur = 20.0

727.7487 	DATA 	
727.7487 	DATA 	TR 467 | TR1 234 | TR2 233
728.5476 	DATA 	
728.5477 	DATA 	stimulation started
728.5477 	DATA 	
729.2977 	DATA 	Keypress: 5
729.2977 	DATA 	TR 468 | TR1 234 | TR2 234
729.5476 	DATA 	
729.5476 	DATA 	stimulation stopped
729.5476 	DATA 	
730.8647 	DATA 	Keypress: 5
730.8808 	DATA 	TR 469 | TR1 235 | TR2 234
732.4308 	DATA 	Keypress: 5
732.4308 	DATA 	TR 470 | TR1 235 | TR2 235
733.9973 	DATA 	Keypress: 5
733.9974 	DATA 	TR 471 | TR1 236 | TR2 235
735.5471 	DATA 	Keypress: 5
735.5471 	DATA 	TR 472 | TR1 236 | TR2 236
737.1135 	DATA 	Keypress: 5
737.1136 	DATA 	TR 473 | TR1 237 | TR2 236
738.6640 	DATA 	Keypress: 5
738.6800 	DATA 	TR 474 | TR1 237 | TR2 237
740.2466 	DATA 	Keypress: 5
740.2466 	DATA 	TR 475 | TR1 238 | TR2 237
741.7965 	DATA 	Keypress: 5
741.7965 	DATA 	TR 476 | TR1 238 | TR2 238
743.3630 	DATA 	Keypress: 5
743.3630 	DATA 	TR 477 | TR1 239 | TR2 238
744.9129 	DATA 	Keypress: 5
744.9129 	DATA 	TR 478 | TR1 239 | TR2 239
746.4959 	DATA 	Keypress: 5
746.4959 	DATA 	TR 479 | TR1 240 | TR2 239
748.0459 	DATA 	Keypress: 5
748.0460 	DATA 	TR 480 | TR1 240 | TR2 240
749.5457 	DATA 	
749.5457 	DATA 	Trial complete
749.5457 	DATA 	Waiting for VASO trigger to start next trial
749.5457 	DATA 	
749.6124 	DATA 	Keypress: 5
749.6125 	DATA 	Waited 0.06673312187194824 seconds for trigger
749.6132 	DATA 	
749.6132 	DATA 	Trial 19
749.6132 	DATA 	stimDur = 2.0
749.6132 	DATA 	jitter = 1.5705
749.6132 	DATA 	restDur = 22.0

749.6132 	DATA 	
749.6133 	DATA 	TR 481 | TR1 241 | TR2 240
751.1623 	DATA 	Keypress: 5
751.1623 	DATA 	TR 482 | TR1 241 | TR2 241
751.1955 	DATA 	
751.1955 	DATA 	stimulation started
751.1955 	DATA 	
752.7288 	DATA 	Keypress: 5
752.7289 	DATA 	TR 483 | TR1 242 | TR2 241
753.1954 	DATA 	
753.1954 	DATA 	stimulation stopped
753.1954 	DATA 	
754.2794 	DATA 	Keypress: 5
754.2953 	DATA 	TR 484 | TR1 242 | TR2 242
755.8618 	DATA 	Keypress: 5
755.8619 	DATA 	TR 485 | TR1 243 | TR2 242
757.4117 	DATA 	Keypress: 5
757.4118 	DATA 	TR 486 | TR1 243 | TR2 243
758.9782 	DATA 	Keypress: 5
758.9782 	DATA 	TR 487 | TR1 244 | TR2 243
759.4115 	DATA 	Target presented
759.9281 	DATA 	Keypress: 1
759.9282 	DATA 	Key1 pressed
759.9282 	DATA 	Target detected
760.5281 	DATA 	Keypress: 5
760.5281 	DATA 	TR 488 | TR1 244 | TR2 244
762.1112 	DATA 	Keypress: 5
762.1113 	DATA 	TR 489 | TR1 245 | TR2 244
763.6611 	DATA 	Keypress: 5
763.6612 	DATA 	TR 490 | TR1 245 | TR2 245
765.2276 	DATA 	Keypress: 5
765.2277 	DATA 	TR 491 | TR1 246 | TR2 245
766.7775 	DATA 	Keypress: 5
766.7776 	DATA 	TR 492 | TR1 246 | TR2 246
768.3607 	DATA 	Keypress: 5
768.3607 	DATA 	TR 493 | TR1 247 | TR2 246
769.9105 	DATA 	Keypress: 5
769.9106 	DATA 	TR 494 | TR1 247 | TR2 247
771.4770 	DATA 	Keypress: 5
771.4771 	DATA 	TR 495 | TR1 248 | TR2 247
773.0269 	DATA 	Keypress: 5
773.0270 	DATA 	TR 496 | TR1 248 | TR2 248
774.5934 	DATA 	Keypress: 5
774.5935 	DATA 	TR 497 | TR1 249 | TR2 248
775.1933 	DATA 	
775.1933 	DATA 	Trial complete
775.1934 	DATA 	
776.1434 	DATA 	Keypress: 5
776.1435 	DATA 	TR 498 | TR1 249 | TR2 249
777.7265 	DATA 	Keypress: 5
777.7265 	DATA 	Waited 28.1808021068573 seconds for trigger
777.7273 	DATA 	
777.7273 	DATA 	Trial 20
777.7273 	DATA 	stimDur = 1.0
777.7273 	DATA 	jitter = 0.0
777.7273 	DATA 	restDur = 20.0

777.7273 	DATA 	
777.7273 	DATA 	TR 499 | TR1 250 | TR2 249
777.7273 	DATA 	
777.7273 	DATA 	stimulation started
777.7273 	DATA 	
778.7431 	DATA 	
778.7431 	DATA 	stimulation stopped
778.7431 	DATA 	
779.2764 	DATA 	Keypress: 5
779.2764 	DATA 	TR 500 | TR1 250 | TR2 250
780.8429 	DATA 	Keypress: 5
780.8429 	DATA 	TR 501 | TR1 251 | TR2 250
782.3927 	DATA 	Keypress: 5
782.3928 	DATA 	TR 502 | TR1 251 | TR2 251
783.9759 	DATA 	Keypress: 5
783.9759 	DATA 	TR 503 | TR1 252 | TR2 251
785.5258 	DATA 	Keypress: 5
785.5258 	DATA 	TR 504 | TR1 252 | TR2 252
787.0923 	DATA 	Keypress: 5
787.0923 	DATA 	TR 505 | TR1 253 | TR2 252
788.6422 	DATA 	Keypress: 5
788.6422 	DATA 	TR 506 | TR1 253 | TR2 253
790.2092 	DATA 	Keypress: 5
790.2253 	DATA 	TR 507 | TR1 254 | TR2 253
791.7752 	DATA 	Keypress: 5
791.7752 	DATA 	TR 508 | TR1 254 | TR2 254
793.3417 	DATA 	Keypress: 5
793.3417 	DATA 	TR 509 | TR1 255 | TR2 254
794.8916 	DATA 	Keypress: 5
794.8916 	DATA 	TR 510 | TR1 255 | TR2 255
796.4580 	DATA 	Keypress: 5
796.4581 	DATA 	TR 511 | TR1 256 | TR2 255
798.0080 	DATA 	Keypress: 5
798.0080 	DATA 	TR 512 | TR1 256 | TR2 256
798.7413 	DATA 	
798.7413 	DATA 	Trial complete
798.7413 	DATA 	
799.5911 	DATA 	Keypress: 5
799.5912 	DATA 	TR 513 | TR1 257 | TR2 256
801.1410 	DATA 	Keypress: 5
801.1410 	DATA 	TR 514 | TR1 257 | TR2 257
802.7075 	DATA 	Keypress: 5
802.7076 	DATA 	TR 515 | TR1 258 | TR2 257
804.2574 	DATA 	Keypress: 5
804.2574 	DATA 	TR 516 | TR1 258 | TR2 258
805.8405 	DATA 	Keypress: 5
805.8406 	DATA 	TR 517 | TR1 259 | TR2 258
807.3904 	DATA 	Keypress: 5
807.3905 	DATA 	TR 518 | TR1 259 | TR2 259
808.9569 	DATA 	Keypress: 5
808.9570 	DATA 	TR 519 | TR1 260 | TR2 259
810.5068 	DATA 	Keypress: 5
810.5068 	DATA 	TR 520 | TR1 260 | TR2 260
812.0732 	DATA 	Keypress: 5
812.0733 	DATA 	TR 521 | TR1 261 | TR2 260
813.6237 	DATA 	Keypress: 5
813.6398 	DATA 	TR 522 | TR1 261 | TR2 261
815.2065 	DATA 	Keypress: 5
815.2066 	DATA 	TR 523 | TR1 262 | TR2 261
816.7560 	DATA 	Keypress: 5
816.7561 	DATA 	TR 524 | TR1 262 | TR2 262
818.3227 	DATA 	Keypress: 5
818.3228 	DATA 	TR 525 | TR1 263 | TR2 262
819.8726 	DATA 	Keypress: 5
819.8726 	DATA 	TR 526 | TR1 263 | TR2 263
821.4557 	DATA 	Keypress: 5
821.4558 	DATA 	TR 527 | TR1 264 | TR2 263
823.0056 	DATA 	Keypress: 5
823.0057 	DATA 	TR 528 | TR1 264 | TR2 264
824.5721 	DATA 	Keypress: 5
824.5722 	DATA 	TR 529 | TR1 265 | TR2 264
825.1887 	DATA 	EndOfRun sub-09_ses-04_run-03

825.1887 	DATA 	We spent 54.624953269958496 seconds waiting for triggers
825.1887 	DATA 	RatioOfDetectedTargets 1.0
825.1888 	DATA 	You have detected 12 out of 12 targets.
830.0112 	DATA 	Keypress: 5
830.2182 	EXP 	window1: mouseVisible = True
