MonitorDistance=99cm
MonitorWidth=30cm
PixelWidth=1024.0
PixelHeight=768.0
You have detected 11 out of 12 targets.
Well done! Keep up the good work
7.5275 	INFO 	Loaded monitor calibration from ['2021_05_26 17:55']
7.9992 	EXP 	Created window1 = Window(allowGUI=False, allowStencil=False, autoLog=True, backendConf=UNKNOWN, bitsMode=UNKNOWN, blendMode='avg', bpc=(8, 8, 8), color=array([-0.5, -0.5, -0.5]), colorSpace='rgb', depthBits=8, fullscr=<method-wrapper '__getattribute__' of attributeSetter object at 0x7fac9d58c438>, gamma=None, gammaErrorPolicy='raise', lms=UNKNOWN, monitor=<psychopy.monitors.calibTools.Monitor object at 0x7fac933ac080>, multiSample=False, name='window1', numSamples=2, pos=[0.0, 0.0], screen=0, size=array([1024,  768]), stencilBits=0, stereo=False, units='deg', useFBO=False, useRetina=False, viewOri=0.0, viewPos=None, viewScale=None, waitBlanking=True, winType='pyglet')
7.9993 	EXP 	window1: mouseVisible = True
8.0613 	EXP 	Created unnamed TextStim = TextStim(__class__=<class 'psychopy.visual.text.TextStim'>, alignHoriz=method-wrapper(...), alignText='center', alignVert=method-wrapper(...), anchorHoriz='center', anchorVert='center', antialias=True, autoLog=True, bold=False, color=array([1., 1., 1.]), colorSpace='rgb', contrast=1.0, depth=0, flipHoriz=False, flipVert=False, font='', fontFiles=[], height=0.5, italic=False, languageStyle='LTR', name='unnamed TextStim', opacity=1.0, ori=0.0, pos=array([0., 0.]), rgb=UNKNOWN, text=str(...), units='deg', win=Window(...), wrapWidth=15.0)
8.0925 	EXP 	Created Movie Frame 0 = ImageStim(__class__=<class 'psychopy.visual.image.ImageStim'>, autoLog=True, color=array([0.8, 0.8, 0.8]), colorSpace='rgb', contrast=0.8, depth=0, flipHoriz=False, flipVert=False, image='visual_0.png', interpolate=False, mask=None, maskParams=None, name='Movie Frame 0', opacity=1, ori=0.0, pos=array([0., 0.]), size=array([1024,  768]), texRes=128, units='pix', win=Window(...))
8.1194 	EXP 	Created Movie Frame 1 = ImageStim(__class__=<class 'psychopy.visual.image.ImageStim'>, autoLog=True, color=array([0.8, 0.8, 0.8]), colorSpace='rgb', contrast=0.8, depth=0, flipHoriz=False, flipVert=False, image='visual_1.png', interpolate=False, mask=None, maskParams=None, name='Movie Frame 1', opacity=1, ori=0.0, pos=array([0., 0.]), size=array([1024,  768]), texRes=128, units='pix', win=Window(...))
28.5603 	DATA 	Keypress: 5
0.0000 	DATA 	StartOfRun sub-09_ses-04_run-06
0.0000 	DATA 	TR 1 | TR1 1 | TR2 0
0.0098 	DATA 	Initial baseline

1.5501 	DATA 	Keypress: 5
1.5501 	DATA 	TR 2 | TR1 1 | TR2 1
3.1222 	DATA 	Keypress: 5
3.1223 	DATA 	TR 3 | TR1 2 | TR2 1
4.6734 	DATA 	Keypress: 5
4.6734 	DATA 	TR 4 | TR1 2 | TR2 2
6.2456 	DATA 	Keypress: 5
6.2456 	DATA 	TR 5 | TR1 3 | TR2 2
7.7968 	DATA 	Keypress: 5
7.7968 	DATA 	TR 6 | TR1 3 | TR2 3
9.3690 	DATA 	Keypress: 5
9.3690 	DATA 	TR 7 | TR1 4 | TR2 3
10.9202 	DATA 	Keypress: 5
10.9202 	DATA 	TR 8 | TR1 4 | TR2 4
12.4924 	DATA 	Keypress: 5
12.4924 	DATA 	TR 9 | TR1 5 | TR2 4
14.0435 	DATA 	Keypress: 5
14.0436 	DATA 	TR 10 | TR1 5 | TR2 5
15.6157 	DATA 	Keypress: 5
15.6158 	DATA 	TR 11 | TR1 6 | TR2 5
17.1669 	DATA 	Keypress: 5
17.1670 	DATA 	TR 12 | TR1 6 | TR2 6
18.7393 	DATA 	Keypress: 5
18.7393 	DATA 	TR 13 | TR1 7 | TR2 6
20.2903 	DATA 	Keypress: 5
20.2904 	DATA 	TR 14 | TR1 7 | TR2 7
21.8625 	DATA 	Keypress: 5
21.8626 	DATA 	TR 15 | TR1 8 | TR2 7
23.4137 	DATA 	Keypress: 5
23.4137 	DATA 	TR 16 | TR1 8 | TR2 8
24.9860 	DATA 	Keypress: 5
24.9861 	DATA 	TR 17 | TR1 9 | TR2 8
26.5371 	DATA 	Keypress: 5
26.5371 	DATA 	TR 18 | TR1 9 | TR2 9
28.1093 	DATA 	Keypress: 5
28.1093 	DATA 	TR 19 | TR1 10 | TR2 9
29.6605 	DATA 	Keypress: 5
29.6605 	DATA 	TR 20 | TR1 10 | TR2 10
31.2409 	DATA 	Keypress: 5
31.2410 	DATA 	Waited 1.2410149574279785 seconds for trigger
31.2424 	DATA 	
31.2425 	DATA 	Trial 1
31.2425 	DATA 	stimDur = 12.0
31.2425 	DATA 	jitter = 0.0
31.2425 	DATA 	restDur = 30.0

31.2425 	DATA 	
31.2425 	DATA 	TR 21 | TR1 11 | TR2 10
31.2425 	DATA 	
31.2425 	DATA 	stimulation started
31.2425 	DATA 	
32.7908 	DATA 	Keypress: 5
32.7908 	DATA 	TR 22 | TR1 11 | TR2 11
34.3572 	DATA 	Keypress: 5
34.3573 	DATA 	TR 23 | TR1 12 | TR2 11
35.9078 	DATA 	Keypress: 5
35.9237 	DATA 	TR 24 | TR1 12 | TR2 12
37.4903 	DATA 	Keypress: 5
37.4903 	DATA 	TR 25 | TR1 13 | TR2 12
39.0401 	DATA 	Keypress: 5
39.0402 	DATA 	TR 26 | TR1 13 | TR2 13
40.6066 	DATA 	Keypress: 5
40.6067 	DATA 	TR 27 | TR1 14 | TR2 13
42.1565 	DATA 	Keypress: 5
42.1566 	DATA 	TR 28 | TR1 14 | TR2 14
43.2564 	DATA 	
43.2564 	DATA 	stimulation stopped
43.2564 	DATA 	
43.7396 	DATA 	Keypress: 5
43.7396 	DATA 	TR 29 | TR1 15 | TR2 14
45.2895 	DATA 	Keypress: 5
45.2895 	DATA 	TR 30 | TR1 15 | TR2 15
46.8560 	DATA 	Keypress: 5
46.8561 	DATA 	TR 31 | TR1 16 | TR2 15
48.4059 	DATA 	Keypress: 5
48.4060 	DATA 	TR 32 | TR1 16 | TR2 16
49.9725 	DATA 	Keypress: 5
49.9725 	DATA 	TR 33 | TR1 17 | TR2 16
51.5390 	DATA 	Keypress: 5
51.5390 	DATA 	TR 34 | TR1 17 | TR2 17
53.1054 	DATA 	Keypress: 5
53.1055 	DATA 	TR 35 | TR1 18 | TR2 17
54.6553 	DATA 	Keypress: 5
54.6553 	DATA 	TR 36 | TR1 18 | TR2 18
56.2218 	DATA 	Keypress: 5
56.2219 	DATA 	TR 37 | TR1 19 | TR2 18
57.7717 	DATA 	Keypress: 5
57.7717 	DATA 	TR 38 | TR1 19 | TR2 19
59.3549 	DATA 	Keypress: 5
59.3549 	DATA 	TR 39 | TR1 20 | TR2 19
60.9047 	DATA 	Keypress: 5
60.9048 	DATA 	TR 40 | TR1 20 | TR2 20
62.4714 	DATA 	Keypress: 5
62.4714 	DATA 	TR 41 | TR1 21 | TR2 20
64.0211 	DATA 	Keypress: 5
64.0212 	DATA 	TR 42 | TR1 21 | TR2 21
65.6043 	DATA 	Keypress: 5
65.6043 	DATA 	TR 43 | TR1 22 | TR2 21
67.1542 	DATA 	Keypress: 5
67.1542 	DATA 	TR 44 | TR1 22 | TR2 22
68.7207 	DATA 	Keypress: 5
68.7207 	DATA 	TR 45 | TR1 23 | TR2 22
70.2705 	DATA 	Keypress: 5
70.2706 	DATA 	TR 46 | TR1 23 | TR2 23
71.8371 	DATA 	Keypress: 5
71.8371 	DATA 	TR 47 | TR1 24 | TR2 23
73.2535 	DATA 	
73.2535 	DATA 	Trial complete
73.2536 	DATA 	Waiting for VASO trigger to start next trial
73.2536 	DATA 	
73.3875 	DATA 	Keypress: 5
73.4035 	DATA 	TR 48 | TR1 24 | TR2 24
74.9701 	DATA 	Keypress: 5
74.9702 	DATA 	Waited 1.7166309356689453 seconds for trigger
74.9710 	DATA 	
74.9710 	DATA 	Trial 2
74.9710 	DATA 	stimDur = 24.0
74.9710 	DATA 	jitter = 0.78525
74.9710 	DATA 	restDur = 40.0

74.9710 	DATA 	
74.9710 	DATA 	TR 49 | TR1 25 | TR2 24
75.7700 	DATA 	
75.7700 	DATA 	stimulation started
75.7700 	DATA 	
76.5201 	DATA 	Keypress: 5
76.5201 	DATA 	TR 50 | TR1 25 | TR2 25
78.0866 	DATA 	Keypress: 5
78.0866 	DATA 	TR 51 | TR1 26 | TR2 25
79.6364 	DATA 	Keypress: 5
79.6364 	DATA 	TR 52 | TR1 26 | TR2 26
81.2196 	DATA 	Keypress: 5
81.2196 	DATA 	TR 53 | TR1 27 | TR2 26
82.7694 	DATA 	Keypress: 5
82.7695 	DATA 	TR 54 | TR1 27 | TR2 27
84.3360 	DATA 	Keypress: 5
84.3360 	DATA 	TR 55 | TR1 28 | TR2 27
85.8858 	DATA 	Keypress: 5
85.8858 	DATA 	TR 56 | TR1 28 | TR2 28
87.4531 	DATA 	Keypress: 5
87.4689 	DATA 	TR 57 | TR1 29 | TR2 28
89.0188 	DATA 	Keypress: 5
89.0189 	DATA 	TR 58 | TR1 29 | TR2 29
90.5855 	DATA 	Keypress: 5
90.5855 	DATA 	TR 59 | TR1 30 | TR2 29
92.1352 	DATA 	Keypress: 5
92.1353 	DATA 	TR 60 | TR1 30 | TR2 30
93.7018 	DATA 	Keypress: 5
93.7018 	DATA 	TR 61 | TR1 31 | TR2 30
95.2516 	DATA 	Keypress: 5
95.2516 	DATA 	TR 62 | TR1 31 | TR2 31
96.8348 	DATA 	Keypress: 5
96.8349 	DATA 	TR 63 | TR1 32 | TR2 31
97.4181 	DATA 	Target presented
98.3848 	DATA 	Keypress: 5
98.3848 	DATA 	TR 64 | TR1 32 | TR2 32
99.7678 	DATA 	
99.7678 	DATA 	stimulation stopped
99.7678 	DATA 	
99.9511 	DATA 	Keypress: 5
99.9512 	DATA 	TR 65 | TR1 33 | TR2 32
101.5010 	DATA 	Keypress: 5
101.5011 	DATA 	TR 66 | TR1 33 | TR2 33
103.0842 	DATA 	Keypress: 5
103.0843 	DATA 	TR 67 | TR1 34 | TR2 33
104.6340 	DATA 	Keypress: 5
104.6341 	DATA 	TR 68 | TR1 34 | TR2 34
106.2006 	DATA 	Keypress: 5
106.2006 	DATA 	TR 69 | TR1 35 | TR2 34
107.7504 	DATA 	Keypress: 5
107.7505 	DATA 	TR 70 | TR1 35 | TR2 35
109.3170 	DATA 	Keypress: 5
109.3170 	DATA 	TR 71 | TR1 36 | TR2 35
110.8834 	DATA 	Keypress: 5
110.8835 	DATA 	TR 72 | TR1 36 | TR2 36
112.4500 	DATA 	Keypress: 5
112.4501 	DATA 	TR 73 | TR1 37 | TR2 36
113.9998 	DATA 	Keypress: 5
113.9999 	DATA 	TR 74 | TR1 37 | TR2 37
115.5665 	DATA 	Keypress: 5
115.5665 	DATA 	TR 75 | TR1 38 | TR2 37
117.1162 	DATA 	Keypress: 5
117.1163 	DATA 	TR 76 | TR1 38 | TR2 38
118.6994 	DATA 	Keypress: 5
118.6995 	DATA 	TR 77 | TR1 39 | TR2 38
120.2492 	DATA 	Keypress: 5
120.2493 	DATA 	TR 78 | TR1 39 | TR2 39
121.8158 	DATA 	Keypress: 5
121.8159 	DATA 	TR 79 | TR1 40 | TR2 39
123.3656 	DATA 	Keypress: 5
123.3657 	DATA 	TR 80 | TR1 40 | TR2 40
124.9490 	DATA 	Keypress: 5
124.9490 	DATA 	TR 81 | TR1 41 | TR2 40
126.4987 	DATA 	Keypress: 5
126.4988 	DATA 	TR 82 | TR1 41 | TR2 41
128.0651 	DATA 	Keypress: 5
128.0651 	DATA 	TR 83 | TR1 42 | TR2 41
129.6151 	DATA 	Keypress: 5
129.6151 	DATA 	TR 84 | TR1 42 | TR2 42
131.1816 	DATA 	Keypress: 5
131.1817 	DATA 	TR 85 | TR1 43 | TR2 42
132.7314 	DATA 	Keypress: 5
132.7315 	DATA 	TR 86 | TR1 43 | TR2 43
134.3147 	DATA 	Keypress: 5
134.3147 	DATA 	TR 87 | TR1 44 | TR2 43
135.8645 	DATA 	Keypress: 5
135.8645 	DATA 	TR 88 | TR1 44 | TR2 44
137.4311 	DATA 	Keypress: 5
137.4311 	DATA 	TR 89 | TR1 45 | TR2 44
138.9809 	DATA 	Keypress: 5
138.9809 	DATA 	TR 90 | TR1 45 | TR2 45
139.7641 	DATA 	
139.7641 	DATA 	Trial complete
139.7641 	DATA 	Waiting for VASO trigger to start next trial
139.7641 	DATA 	
140.5641 	DATA 	Keypress: 5
140.5641 	DATA 	Waited 0.8000130653381348 seconds for trigger
140.5649 	DATA 	
140.5649 	DATA 	Trial 3
140.5649 	DATA 	stimDur = 2.0
140.5649 	DATA 	jitter = 2.35575
140.5649 	DATA 	restDur = 22.0

140.5649 	DATA 	
140.5649 	DATA 	TR 91 | TR1 46 | TR2 45
142.1139 	DATA 	Keypress: 5
142.1140 	DATA 	TR 92 | TR1 46 | TR2 46
142.9305 	DATA 	
142.9305 	DATA 	stimulation started
142.9305 	DATA 	
143.6808 	DATA 	Keypress: 5
143.6808 	DATA 	TR 93 | TR1 47 | TR2 46
144.9303 	DATA 	
144.9303 	DATA 	stimulation stopped
144.9304 	DATA 	
145.2303 	DATA 	Keypress: 5
145.2303 	DATA 	TR 94 | TR1 47 | TR2 47
146.7976 	DATA 	Keypress: 5
146.8134 	DATA 	TR 95 | TR1 48 | TR2 47
148.3633 	DATA 	Keypress: 5
148.3633 	DATA 	TR 96 | TR1 48 | TR2 48
149.9299 	DATA 	Keypress: 5
149.9299 	DATA 	TR 97 | TR1 49 | TR2 48
151.4797 	DATA 	Keypress: 5
151.4797 	DATA 	TR 98 | TR1 49 | TR2 49
152.5796 	DATA 	Target presented
153.0462 	DATA 	Keypress: 5
153.0463 	DATA 	TR 99 | TR1 50 | TR2 49
153.1462 	DATA 	Keypress: 1
153.1463 	DATA 	Key1 pressed
153.1463 	DATA 	Target detected
154.5961 	DATA 	Keypress: 5
154.5961 	DATA 	TR 100 | TR1 50 | TR2 50
156.1793 	DATA 	Keypress: 5
156.1794 	DATA 	TR 101 | TR1 51 | TR2 50
157.7291 	DATA 	Keypress: 5
157.7292 	DATA 	TR 102 | TR1 51 | TR2 51
159.2957 	DATA 	Keypress: 5
159.2957 	DATA 	TR 103 | TR1 52 | TR2 51
160.8455 	DATA 	Keypress: 5
160.8455 	DATA 	TR 104 | TR1 52 | TR2 52
162.4289 	DATA 	Keypress: 5
162.4289 	DATA 	TR 105 | TR1 53 | TR2 52
163.9786 	DATA 	Keypress: 5
163.9786 	DATA 	TR 106 | TR1 53 | TR2 53
165.5451 	DATA 	Keypress: 5
165.5452 	DATA 	TR 107 | TR1 54 | TR2 53
166.9282 	DATA 	
166.9282 	DATA 	Trial complete
166.9283 	DATA 	Waiting for VASO trigger to start next trial
166.9283 	DATA 	
167.0950 	DATA 	Keypress: 5
167.0950 	DATA 	TR 108 | TR1 54 | TR2 54
168.6615 	DATA 	Keypress: 5
168.6615 	DATA 	Waited 1.733260154724121 seconds for trigger
168.6623 	DATA 	
168.6623 	DATA 	Trial 4
168.6623 	DATA 	stimDur = 2.0
168.6623 	DATA 	jitter = 0.78525
168.6623 	DATA 	restDur = 22.0

168.6623 	DATA 	
168.6623 	DATA 	TR 109 | TR1 55 | TR2 54
169.4613 	DATA 	
169.4613 	DATA 	stimulation started
169.4613 	DATA 	
170.2121 	DATA 	Keypress: 5
170.2280 	DATA 	TR 110 | TR1 55 | TR2 55
171.4612 	DATA 	
171.4612 	DATA 	stimulation stopped
171.4612 	DATA 	
171.7945 	DATA 	Keypress: 5
171.7946 	DATA 	TR 111 | TR1 56 | TR2 55
173.3443 	DATA 	Keypress: 5
173.3444 	DATA 	TR 112 | TR1 56 | TR2 56
174.9109 	DATA 	Keypress: 5
174.9110 	DATA 	TR 113 | TR1 57 | TR2 56
176.4607 	DATA 	Keypress: 5
176.4607 	DATA 	TR 114 | TR1 57 | TR2 57
178.0440 	DATA 	Keypress: 5
178.0440 	DATA 	TR 115 | TR1 58 | TR2 57
179.5938 	DATA 	Keypress: 5
179.5938 	DATA 	TR 116 | TR1 58 | TR2 58
181.1603 	DATA 	Keypress: 5
181.1604 	DATA 	TR 117 | TR1 59 | TR2 58
182.7102 	DATA 	Keypress: 5
182.7102 	DATA 	TR 118 | TR1 59 | TR2 59
184.2773 	DATA 	Keypress: 5
184.2933 	DATA 	TR 119 | TR1 60 | TR2 59
185.8432 	DATA 	Keypress: 5
185.8433 	DATA 	TR 120 | TR1 60 | TR2 60
187.4098 	DATA 	Keypress: 5
187.4098 	DATA 	TR 121 | TR1 61 | TR2 60
188.9596 	DATA 	Keypress: 5
188.9597 	DATA 	TR 122 | TR1 61 | TR2 61
190.5261 	DATA 	Keypress: 5
190.5262 	DATA 	TR 123 | TR1 62 | TR2 61
192.0760 	DATA 	Keypress: 5
192.0761 	DATA 	TR 124 | TR1 62 | TR2 62
193.4593 	DATA 	
193.4593 	DATA 	Trial complete
193.4593 	DATA 	Waiting for VASO trigger to start next trial
193.4593 	DATA 	
193.6593 	DATA 	Keypress: 5
193.6594 	DATA 	Waited 0.20005011558532715 seconds for trigger
193.6601 	DATA 	
193.6601 	DATA 	Trial 5
193.6601 	DATA 	stimDur = 4.0
193.6601 	DATA 	jitter = 0.0
193.6601 	DATA 	restDur = 24.0

193.6601 	DATA 	
193.6601 	DATA 	TR 125 | TR1 63 | TR2 62
193.6602 	DATA 	
193.6602 	DATA 	stimulation started
193.6602 	DATA 	
195.2091 	DATA 	Keypress: 5
195.2091 	DATA 	TR 126 | TR1 63 | TR2 63
196.7756 	DATA 	Keypress: 5
196.7757 	DATA 	TR 127 | TR1 64 | TR2 63
197.6755 	DATA 	
197.6755 	DATA 	stimulation stopped
197.6755 	DATA 	
198.3254 	DATA 	Keypress: 5
198.3255 	DATA 	TR 128 | TR1 64 | TR2 64
199.9088 	DATA 	Keypress: 5
199.9088 	DATA 	TR 129 | TR1 65 | TR2 64
201.4584 	DATA 	Keypress: 5
201.4585 	DATA 	TR 130 | TR1 65 | TR2 65
203.0250 	DATA 	Keypress: 5
203.0250 	DATA 	TR 131 | TR1 66 | TR2 65
204.5748 	DATA 	Keypress: 5
204.5749 	DATA 	TR 132 | TR1 66 | TR2 66
206.1413 	DATA 	Keypress: 5
206.1414 	DATA 	TR 133 | TR1 67 | TR2 66
207.6918 	DATA 	Keypress: 5
207.7078 	DATA 	TR 134 | TR1 67 | TR2 67
209.2744 	DATA 	Keypress: 5
209.2745 	DATA 	TR 135 | TR1 68 | TR2 67
210.8242 	DATA 	Keypress: 5
210.8243 	DATA 	TR 136 | TR1 68 | TR2 68
212.3908 	DATA 	Keypress: 5
212.3909 	DATA 	TR 137 | TR1 69 | TR2 68
213.8906 	DATA 	Target presented
213.9406 	DATA 	Keypress: 5
213.9406 	DATA 	TR 138 | TR1 69 | TR2 69
214.4239 	DATA 	Keypress: 1
214.4240 	DATA 	Key1 pressed
214.4240 	DATA 	Target detected
215.5238 	DATA 	Keypress: 5
215.5239 	DATA 	TR 139 | TR1 70 | TR2 69
217.0735 	DATA 	Keypress: 5
217.0735 	DATA 	TR 140 | TR1 70 | TR2 70
218.6402 	DATA 	Keypress: 5
218.6403 	DATA 	TR 141 | TR1 71 | TR2 70
220.1900 	DATA 	Keypress: 5
220.1901 	DATA 	TR 142 | TR1 71 | TR2 71
221.6732 	DATA 	
221.6732 	DATA 	Trial complete
221.6732 	DATA 	Waiting for VASO trigger to start next trial
221.6732 	DATA 	
221.7733 	DATA 	Keypress: 5
221.7733 	DATA 	Waited 0.1000981330871582 seconds for trigger
221.7741 	DATA 	
221.7741 	DATA 	Trial 6
221.7741 	DATA 	stimDur = 4.0
221.7741 	DATA 	jitter = 1.5705
221.7741 	DATA 	restDur = 24.0

221.7741 	DATA 	
221.7741 	DATA 	TR 143 | TR1 72 | TR2 71
223.3231 	DATA 	Keypress: 5
223.3231 	DATA 	TR 144 | TR1 72 | TR2 72
223.3565 	DATA 	
223.3565 	DATA 	stimulation started
223.3565 	DATA 	
224.8897 	DATA 	Keypress: 5
224.8898 	DATA 	TR 145 | TR1 73 | TR2 72
226.4395 	DATA 	Keypress: 5
226.4396 	DATA 	TR 146 | TR1 73 | TR2 73
227.3561 	DATA 	
227.3561 	DATA 	stimulation stopped
227.3561 	DATA 	
228.0060 	DATA 	Keypress: 5
228.0061 	DATA 	TR 147 | TR1 74 | TR2 73
229.5558 	DATA 	Keypress: 5
229.5559 	DATA 	TR 148 | TR1 74 | TR2 74
231.1391 	DATA 	Keypress: 5
231.1392 	DATA 	TR 149 | TR1 75 | TR2 74
232.6889 	DATA 	Keypress: 5
232.6889 	DATA 	TR 150 | TR1 75 | TR2 75
234.2554 	DATA 	Keypress: 5
234.2555 	DATA 	TR 151 | TR1 76 | TR2 75
235.8053 	DATA 	Keypress: 5
235.8053 	DATA 	TR 152 | TR1 76 | TR2 76
237.3885 	DATA 	Keypress: 5
237.3885 	DATA 	TR 153 | TR1 77 | TR2 76
238.9383 	DATA 	Keypress: 5
238.9384 	DATA 	TR 154 | TR1 77 | TR2 77
240.5049 	DATA 	Keypress: 5
240.5049 	DATA 	TR 155 | TR1 78 | TR2 77
242.0547 	DATA 	Keypress: 5
242.0548 	DATA 	TR 156 | TR1 78 | TR2 78
243.6214 	DATA 	Keypress: 5
243.6214 	DATA 	TR 157 | TR1 79 | TR2 78
245.1877 	DATA 	Keypress: 5
245.1878 	DATA 	TR 158 | TR1 79 | TR2 79
246.7543 	DATA 	Keypress: 5
246.7543 	DATA 	TR 159 | TR1 80 | TR2 79
248.3046 	DATA 	Keypress: 5
248.3046 	DATA 	TR 160 | TR1 80 | TR2 80
249.8708 	DATA 	Keypress: 5
249.8708 	DATA 	TR 161 | TR1 81 | TR2 80
251.3538 	DATA 	
251.3538 	DATA 	Trial complete
251.3539 	DATA 	Waiting for VASO trigger to start next trial
251.3539 	DATA 	
251.4205 	DATA 	Keypress: 5
251.4206 	DATA 	TR 162 | TR1 81 | TR2 81
253.0037 	DATA 	Keypress: 5
253.0038 	DATA 	Waited 1.6499078273773193 seconds for trigger
253.0045 	DATA 	
253.0045 	DATA 	Trial 7
253.0045 	DATA 	stimDur = 4.0
253.0045 	DATA 	jitter = 2.35575
253.0046 	DATA 	restDur = 24.0

253.0046 	DATA 	
253.0046 	DATA 	TR 163 | TR1 82 | TR2 81
254.5535 	DATA 	Keypress: 5
254.5536 	DATA 	TR 164 | TR1 82 | TR2 82
255.3701 	DATA 	
255.3701 	DATA 	stimulation started
255.3701 	DATA 	
256.1201 	DATA 	Keypress: 5
256.1202 	DATA 	TR 165 | TR1 83 | TR2 82
257.6700 	DATA 	Keypress: 5
257.6700 	DATA 	TR 166 | TR1 83 | TR2 83
259.2532 	DATA 	Keypress: 5
259.2533 	DATA 	TR 167 | TR1 84 | TR2 83
259.3698 	DATA 	
259.3698 	DATA 	stimulation stopped
259.3698 	DATA 	
260.8030 	DATA 	Keypress: 5
260.8030 	DATA 	TR 168 | TR1 84 | TR2 84
262.3696 	DATA 	Keypress: 5
262.3696 	DATA 	TR 169 | TR1 85 | TR2 84
263.9195 	DATA 	Keypress: 5
263.9195 	DATA 	TR 170 | TR1 85 | TR2 85
265.4858 	DATA 	Keypress: 5
265.4859 	DATA 	TR 171 | TR1 86 | TR2 85
267.0363 	DATA 	Keypress: 5
267.0525 	DATA 	TR 172 | TR1 86 | TR2 86
268.6189 	DATA 	Keypress: 5
268.6190 	DATA 	TR 173 | TR1 87 | TR2 86
270.1688 	DATA 	Keypress: 5
270.1688 	DATA 	TR 174 | TR1 87 | TR2 87
271.7353 	DATA 	Keypress: 5
271.7354 	DATA 	TR 175 | TR1 88 | TR2 87
273.2851 	DATA 	Keypress: 5
273.2852 	DATA 	TR 176 | TR1 88 | TR2 88
274.8685 	DATA 	Keypress: 5
274.8686 	DATA 	TR 177 | TR1 89 | TR2 88
276.4182 	DATA 	Keypress: 5
276.4182 	DATA 	TR 178 | TR1 89 | TR2 89
277.9847 	DATA 	Keypress: 5
277.9848 	DATA 	TR 179 | TR1 90 | TR2 89
279.5346 	DATA 	Keypress: 5
279.5346 	DATA 	TR 180 | TR1 90 | TR2 90
281.1011 	DATA 	Keypress: 5
281.1012 	DATA 	TR 181 | TR1 91 | TR2 90
282.6676 	DATA 	Keypress: 5
282.6677 	DATA 	TR 182 | TR1 91 | TR2 91
283.3675 	DATA 	
283.3676 	DATA 	Trial complete
283.3676 	DATA 	Waiting for VASO trigger to start next trial
283.3676 	DATA 	
284.2342 	DATA 	Keypress: 5
284.2342 	DATA 	Waited 0.866642951965332 seconds for trigger
284.2350 	DATA 	
284.2350 	DATA 	Trial 8
284.2350 	DATA 	stimDur = 24.0
284.2350 	DATA 	jitter = 1.5705
284.2350 	DATA 	restDur = 40.0

284.2350 	DATA 	
284.2350 	DATA 	TR 183 | TR1 92 | TR2 91
285.7841 	DATA 	Keypress: 5
285.7842 	DATA 	TR 184 | TR1 92 | TR2 92
285.8173 	DATA 	
285.8173 	DATA 	stimulation started
285.8173 	DATA 	
285.9841 	DATA 	Target presented
286.5506 	DATA 	Keypress: 1
286.5507 	DATA 	Key1 pressed
286.5507 	DATA 	Target detected
287.3506 	DATA 	Keypress: 5
287.3506 	DATA 	TR 185 | TR1 93 | TR2 92
288.9007 	DATA 	Keypress: 5
288.9007 	DATA 	TR 186 | TR1 93 | TR2 93
290.4836 	DATA 	Keypress: 5
290.4837 	DATA 	TR 187 | TR1 94 | TR2 93
292.0335 	DATA 	Keypress: 5
292.0336 	DATA 	TR 188 | TR1 94 | TR2 94
293.6000 	DATA 	Keypress: 5
293.6001 	DATA 	TR 189 | TR1 95 | TR2 94
295.1499 	DATA 	Keypress: 5
295.1500 	DATA 	TR 190 | TR1 95 | TR2 95
296.7331 	DATA 	Keypress: 5
296.7331 	DATA 	TR 191 | TR1 96 | TR2 95
298.2830 	DATA 	Keypress: 5
298.2830 	DATA 	TR 192 | TR1 96 | TR2 96
299.8494 	DATA 	Keypress: 5
299.8495 	DATA 	TR 193 | TR1 97 | TR2 96
301.3993 	DATA 	Keypress: 5
301.3993 	DATA 	TR 194 | TR1 97 | TR2 97
302.9659 	DATA 	Keypress: 5
302.9659 	DATA 	TR 195 | TR1 98 | TR2 97
304.5164 	DATA 	Keypress: 5
304.5323 	DATA 	TR 196 | TR1 98 | TR2 98
306.0989 	DATA 	Keypress: 5
306.0989 	DATA 	TR 197 | TR1 99 | TR2 98
307.6487 	DATA 	Keypress: 5
307.6488 	DATA 	TR 198 | TR1 99 | TR2 99
309.2152 	DATA 	Keypress: 5
309.2153 	DATA 	TR 199 | TR1 100 | TR2 99
309.8151 	DATA 	
309.8152 	DATA 	stimulation stopped
309.8152 	DATA 	
310.7651 	DATA 	Keypress: 5
310.7651 	DATA 	TR 200 | TR1 100 | TR2 100
312.3482 	DATA 	Keypress: 5
312.3483 	DATA 	TR 201 | TR1 101 | TR2 100
313.8981 	DATA 	Keypress: 5
313.8981 	DATA 	TR 202 | TR1 101 | TR2 101
315.4648 	DATA 	Keypress: 5
315.4648 	DATA 	TR 203 | TR1 102 | TR2 101
317.0145 	DATA 	Keypress: 5
317.0145 	DATA 	TR 204 | TR1 102 | TR2 102
318.5816 	DATA 	Keypress: 5
318.5976 	DATA 	TR 205 | TR1 103 | TR2 102
320.1475 	DATA 	Keypress: 5
320.1476 	DATA 	TR 206 | TR1 103 | TR2 103
321.7140 	DATA 	Keypress: 5
321.7141 	DATA 	TR 207 | TR1 104 | TR2 103
323.2639 	DATA 	Keypress: 5
323.2640 	DATA 	TR 208 | TR1 104 | TR2 104
324.8304 	DATA 	Keypress: 5
324.8305 	DATA 	TR 209 | TR1 105 | TR2 104
326.3804 	DATA 	Keypress: 5
326.3805 	DATA 	TR 210 | TR1 105 | TR2 105
327.9635 	DATA 	Keypress: 5
327.9635 	DATA 	TR 211 | TR1 106 | TR2 105
329.5133 	DATA 	Keypress: 5
329.5134 	DATA 	TR 212 | TR1 106 | TR2 106
329.5966 	DATA 	Target presented
330.1299 	DATA 	Keypress: 1
330.1300 	DATA 	Key1 pressed
330.1300 	DATA 	Target detected
331.0798 	DATA 	Keypress: 5
331.0799 	DATA 	TR 213 | TR1 107 | TR2 106
332.6297 	DATA 	Keypress: 5
332.6298 	DATA 	TR 214 | TR1 107 | TR2 107
334.2129 	DATA 	Keypress: 5
334.2129 	DATA 	TR 215 | TR1 108 | TR2 107
335.7628 	DATA 	Keypress: 5
335.7628 	DATA 	TR 216 | TR1 108 | TR2 108
337.3292 	DATA 	Keypress: 5
337.3293 	DATA 	TR 217 | TR1 109 | TR2 108
338.8791 	DATA 	Keypress: 5
338.8792 	DATA 	TR 218 | TR1 109 | TR2 109
340.4456 	DATA 	Keypress: 5
340.4457 	DATA 	TR 219 | TR1 110 | TR2 109
341.9961 	DATA 	Keypress: 5
342.0121 	DATA 	TR 220 | TR1 110 | TR2 110
343.5785 	DATA 	Keypress: 5
343.5785 	DATA 	TR 221 | TR1 111 | TR2 110
345.1286 	DATA 	Keypress: 5
345.1286 	DATA 	TR 222 | TR1 111 | TR2 111
346.6951 	DATA 	Keypress: 5
346.6951 	DATA 	TR 223 | TR1 112 | TR2 111
348.2449 	DATA 	Keypress: 5
348.2450 	DATA 	TR 224 | TR1 112 | TR2 112
349.8114 	DATA 	
349.8114 	DATA 	Trial complete
349.8115 	DATA 	Waiting for VASO trigger to start next trial
349.8115 	DATA 	
349.8281 	DATA 	Keypress: 5
349.8282 	DATA 	Waited 0.016728878021240234 seconds for trigger
349.8290 	DATA 	
349.8290 	DATA 	Trial 9
349.8290 	DATA 	stimDur = 24.0
349.8290 	DATA 	jitter = 0.0
349.8290 	DATA 	restDur = 40.0

349.8290 	DATA 	
349.8290 	DATA 	TR 225 | TR1 113 | TR2 112
349.8290 	DATA 	
349.8290 	DATA 	stimulation started
349.8290 	DATA 	
351.3781 	DATA 	Keypress: 5
351.3781 	DATA 	TR 226 | TR1 113 | TR2 113
352.9445 	DATA 	Keypress: 5
352.9446 	DATA 	TR 227 | TR1 114 | TR2 113
354.4944 	DATA 	Keypress: 5
354.4945 	DATA 	TR 228 | TR1 114 | TR2 114
356.0617 	DATA 	Keypress: 5
356.0775 	DATA 	TR 229 | TR1 115 | TR2 114
357.6275 	DATA 	Keypress: 5
357.6275 	DATA 	TR 230 | TR1 115 | TR2 115
359.1940 	DATA 	Keypress: 5
359.1940 	DATA 	TR 231 | TR1 116 | TR2 115
360.7439 	DATA 	Keypress: 5
360.7439 	DATA 	TR 232 | TR1 116 | TR2 116
362.3104 	DATA 	Keypress: 5
362.3104 	DATA 	TR 233 | TR1 117 | TR2 116
363.8603 	DATA 	Keypress: 5
363.8603 	DATA 	TR 234 | TR1 117 | TR2 117
365.4435 	DATA 	Keypress: 5
365.4436 	DATA 	TR 235 | TR1 118 | TR2 117
366.9933 	DATA 	Keypress: 5
366.9933 	DATA 	TR 236 | TR1 118 | TR2 118
368.5598 	DATA 	Keypress: 5
368.5598 	DATA 	TR 237 | TR1 119 | TR2 118
370.1096 	DATA 	Keypress: 5
370.1097 	DATA 	TR 238 | TR1 119 | TR2 119
371.6928 	DATA 	Keypress: 5
371.6929 	DATA 	TR 239 | TR1 120 | TR2 119
372.2761 	DATA 	Target presented
372.7927 	DATA 	Keypress: 1
372.7928 	DATA 	Key1 pressed
372.7928 	DATA 	Target detected
373.2427 	DATA 	Keypress: 5
373.2427 	DATA 	TR 240 | TR1 120 | TR2 120
373.8426 	DATA 	
373.8426 	DATA 	stimulation stopped
373.8426 	DATA 	
374.8091 	DATA 	Keypress: 5
374.8092 	DATA 	TR 241 | TR1 121 | TR2 120
376.3590 	DATA 	Keypress: 5
376.3591 	DATA 	TR 242 | TR1 121 | TR2 121
377.9261 	DATA 	Keypress: 5
377.9421 	DATA 	TR 243 | TR1 122 | TR2 121
379.4921 	DATA 	Keypress: 5
379.4921 	DATA 	TR 244 | TR1 122 | TR2 122
381.0586 	DATA 	Keypress: 5
381.0586 	DATA 	TR 245 | TR1 123 | TR2 122
382.6084 	DATA 	Keypress: 5
382.6085 	DATA 	TR 246 | TR1 123 | TR2 123
384.1746 	DATA 	Keypress: 5
384.1746 	DATA 	TR 247 | TR1 124 | TR2 123
385.7250 	DATA 	Keypress: 5
385.7250 	DATA 	TR 248 | TR1 124 | TR2 124
387.3080 	DATA 	Keypress: 5
387.3080 	DATA 	TR 249 | TR1 125 | TR2 124
388.8579 	DATA 	Keypress: 5
388.8580 	DATA 	TR 250 | TR1 125 | TR2 125
390.4245 	DATA 	Keypress: 5
390.4246 	DATA 	TR 251 | TR1 126 | TR2 125
391.9742 	DATA 	Keypress: 5
391.9743 	DATA 	TR 252 | TR1 126 | TR2 126
393.5574 	DATA 	Keypress: 5
393.5575 	DATA 	TR 253 | TR1 127 | TR2 126
395.1074 	DATA 	Keypress: 5
395.1075 	DATA 	TR 254 | TR1 127 | TR2 127
396.6738 	DATA 	Keypress: 5
396.6738 	DATA 	TR 255 | TR1 128 | TR2 127
398.2237 	DATA 	Keypress: 5
398.2237 	DATA 	TR 256 | TR1 128 | TR2 128
399.7902 	DATA 	Keypress: 5
399.7902 	DATA 	TR 257 | TR1 129 | TR2 128
401.3407 	DATA 	Keypress: 5
401.3565 	DATA 	TR 258 | TR1 129 | TR2 129
402.9234 	DATA 	Keypress: 5
402.9234 	DATA 	TR 259 | TR1 130 | TR2 129
404.4731 	DATA 	Keypress: 5
404.4732 	DATA 	TR 260 | TR1 130 | TR2 130
406.0396 	DATA 	Keypress: 5
406.0396 	DATA 	TR 261 | TR1 131 | TR2 130
407.5895 	DATA 	Keypress: 5
407.5895 	DATA 	TR 262 | TR1 131 | TR2 131
409.1726 	DATA 	Keypress: 5
409.1727 	DATA 	TR 263 | TR1 132 | TR2 131
410.7225 	DATA 	Keypress: 5
410.7226 	DATA 	TR 264 | TR1 132 | TR2 132
412.2890 	DATA 	Keypress: 5
412.2891 	DATA 	TR 265 | TR1 133 | TR2 132
413.8389 	DATA 	Keypress: 5
413.8390 	DATA 	TR 266 | TR1 133 | TR2 133
413.8390 	DATA 	
413.8390 	DATA 	Trial complete
413.8390 	DATA 	Waiting for VASO trigger to start next trial
413.8390 	DATA 	
415.4056 	DATA 	Keypress: 5
415.4056 	DATA 	Waited 1.5665950775146484 seconds for trigger
415.4064 	DATA 	
415.4064 	DATA 	Trial 10
415.4064 	DATA 	stimDur = 12.0
415.4064 	DATA 	jitter = 1.5705
415.4064 	DATA 	restDur = 30.0

415.4064 	DATA 	
415.4064 	DATA 	TR 267 | TR1 134 | TR2 133
416.9720 	DATA 	Keypress: 5
416.9720 	DATA 	TR 268 | TR1 134 | TR2 134
416.9886 	DATA 	
416.9886 	DATA 	stimulation started
416.9886 	DATA 	
418.5385 	DATA 	Keypress: 5
418.5385 	DATA 	TR 269 | TR1 135 | TR2 134
420.0886 	DATA 	Keypress: 5
420.0886 	DATA 	TR 270 | TR1 135 | TR2 135
421.6549 	DATA 	Keypress: 5
421.6549 	DATA 	TR 271 | TR1 136 | TR2 135
423.2047 	DATA 	Keypress: 5
423.2048 	DATA 	TR 272 | TR1 136 | TR2 136
424.5213 	DATA 	Target presented
424.7879 	DATA 	Keypress: 5
424.7880 	DATA 	TR 273 | TR1 137 | TR2 136
425.0546 	DATA 	Keypress: 1
425.0546 	DATA 	Key1 pressed
425.0546 	DATA 	Target detected
426.3378 	DATA 	Keypress: 5
426.3378 	DATA 	TR 274 | TR1 137 | TR2 137
427.9043 	DATA 	Keypress: 5
427.9044 	DATA 	TR 275 | TR1 138 | TR2 137
428.9875 	DATA 	
428.9875 	DATA 	stimulation stopped
428.9875 	DATA 	
429.4541 	DATA 	Keypress: 5
429.4542 	DATA 	TR 276 | TR1 138 | TR2 138
431.0373 	DATA 	Keypress: 5
431.0373 	DATA 	TR 277 | TR1 139 | TR2 138
432.5873 	DATA 	Keypress: 5
432.5874 	DATA 	TR 278 | TR1 139 | TR2 139
434.1537 	DATA 	Keypress: 5
434.1537 	DATA 	TR 279 | TR1 140 | TR2 139
435.7036 	DATA 	Keypress: 5
435.7036 	DATA 	TR 280 | TR1 140 | TR2 140
437.2701 	DATA 	Keypress: 5
437.2701 	DATA 	TR 281 | TR1 141 | TR2 140
438.8366 	DATA 	Keypress: 5
438.8367 	DATA 	TR 282 | TR1 141 | TR2 141
440.4031 	DATA 	Keypress: 5
440.4032 	DATA 	TR 283 | TR1 142 | TR2 141
441.9530 	DATA 	Keypress: 5
441.9530 	DATA 	TR 284 | TR1 142 | TR2 142
443.5195 	DATA 	Keypress: 5
443.5195 	DATA 	TR 285 | TR1 143 | TR2 142
445.0694 	DATA 	Keypress: 5
445.0694 	DATA 	TR 286 | TR1 143 | TR2 143
446.6525 	DATA 	Keypress: 5
446.6526 	DATA 	TR 287 | TR1 144 | TR2 143
448.2024 	DATA 	Keypress: 5
448.2025 	DATA 	TR 288 | TR1 144 | TR2 144
449.7689 	DATA 	Keypress: 5
449.7689 	DATA 	TR 289 | TR1 145 | TR2 144
451.3188 	DATA 	Keypress: 5
451.3188 	DATA 	TR 290 | TR1 145 | TR2 145
452.8859 	DATA 	Keypress: 5
452.9019 	DATA 	TR 291 | TR1 146 | TR2 145
454.4518 	DATA 	Keypress: 5
454.4519 	DATA 	TR 292 | TR1 146 | TR2 146
456.0183 	DATA 	Keypress: 5
456.0184 	DATA 	TR 293 | TR1 147 | TR2 146
457.5682 	DATA 	Keypress: 5
457.5683 	DATA 	TR 294 | TR1 147 | TR2 147
458.9847 	DATA 	
458.9847 	DATA 	Trial complete
458.9847 	DATA 	Waiting for VASO trigger to start next trial
458.9847 	DATA 	
459.1347 	DATA 	Keypress: 5
459.1348 	DATA 	Waited 0.15004491806030273 seconds for trigger
459.1355 	DATA 	
459.1356 	DATA 	Trial 11
459.1356 	DATA 	stimDur = 1.0
459.1356 	DATA 	jitter = 1.5705
459.1356 	DATA 	restDur = 20.0

459.1356 	DATA 	
459.1356 	DATA 	TR 295 | TR1 148 | TR2 147
460.6846 	DATA 	Keypress: 5
460.6846 	DATA 	TR 296 | TR1 148 | TR2 148
460.7179 	DATA 	
460.7179 	DATA 	stimulation started
460.7179 	DATA 	
461.7178 	DATA 	
461.7178 	DATA 	stimulation stopped
461.7178 	DATA 	
462.2678 	DATA 	Keypress: 5
462.2678 	DATA 	TR 297 | TR1 149 | TR2 148
463.8177 	DATA 	Keypress: 5
463.8177 	DATA 	TR 298 | TR1 149 | TR2 149
465.3841 	DATA 	Keypress: 5
465.3842 	DATA 	TR 299 | TR1 150 | TR2 149
466.9340 	DATA 	Keypress: 5
466.9341 	DATA 	TR 300 | TR1 150 | TR2 150
468.5172 	DATA 	Keypress: 5
468.5172 	DATA 	TR 301 | TR1 151 | TR2 150
470.0671 	DATA 	Keypress: 5
470.0671 	DATA 	TR 302 | TR1 151 | TR2 151
471.6336 	DATA 	Keypress: 5
471.6336 	DATA 	TR 303 | TR1 152 | TR2 151
473.1834 	DATA 	Keypress: 5
473.1835 	DATA 	TR 304 | TR1 152 | TR2 152
474.7499 	DATA 	Keypress: 5
474.7499 	DATA 	TR 305 | TR1 153 | TR2 152
476.3165 	DATA 	Keypress: 5
476.3165 	DATA 	TR 306 | TR1 153 | TR2 153
477.8830 	DATA 	Keypress: 5
477.8831 	DATA 	TR 307 | TR1 154 | TR2 153
479.4329 	DATA 	Keypress: 5
479.4329 	DATA 	TR 308 | TR1 154 | TR2 154
480.9993 	DATA 	Keypress: 5
480.9994 	DATA 	TR 309 | TR1 155 | TR2 154
481.1827 	DATA 	Target presented
481.7159 	DATA 	
481.7160 	DATA 	Trial complete
481.7160 	DATA 	Waiting for VASO trigger to start next trial
481.7160 	DATA 	
481.7826 	DATA 	Keypress: 1
481.7827 	DATA 	Key1 pressed
481.7827 	DATA 	Target detected
482.5492 	DATA 	Keypress: 5
482.5492 	DATA 	TR 310 | TR1 155 | TR2 155
484.1324 	DATA 	Keypress: 5
484.1325 	DATA 	Waited 2.4164750576019287 seconds for trigger
484.1332 	DATA 	
484.1332 	DATA 	Trial 12
484.1332 	DATA 	stimDur = 4.0
484.1332 	DATA 	jitter = 0.78525
484.1332 	DATA 	restDur = 24.0

484.1333 	DATA 	
484.1333 	DATA 	TR 311 | TR1 156 | TR2 155
484.9323 	DATA 	
484.9323 	DATA 	stimulation started
484.9323 	DATA 	
485.6823 	DATA 	Keypress: 5
485.6824 	DATA 	TR 312 | TR1 156 | TR2 156
487.2488 	DATA 	Keypress: 5
487.2489 	DATA 	TR 313 | TR1 157 | TR2 156
488.7987 	DATA 	Keypress: 5
488.7988 	DATA 	TR 314 | TR1 157 | TR2 157
488.9320 	DATA 	
488.9320 	DATA 	stimulation stopped
488.9320 	DATA 	
490.3818 	DATA 	Keypress: 5
490.3819 	DATA 	TR 315 | TR1 158 | TR2 157
491.9317 	DATA 	Keypress: 5
491.9318 	DATA 	TR 316 | TR1 158 | TR2 158
493.4982 	DATA 	Keypress: 5
493.4983 	DATA 	TR 317 | TR1 159 | TR2 158
495.0481 	DATA 	Keypress: 5
495.0482 	DATA 	TR 318 | TR1 159 | TR2 159
496.6146 	DATA 	Keypress: 5
496.6147 	DATA 	TR 319 | TR1 160 | TR2 159
498.1645 	DATA 	Keypress: 5
498.1645 	DATA 	TR 320 | TR1 160 | TR2 160
499.7476 	DATA 	Keypress: 5
499.7477 	DATA 	TR 321 | TR1 161 | TR2 160
501.2975 	DATA 	Keypress: 5
501.2976 	DATA 	TR 322 | TR1 161 | TR2 161
502.8640 	DATA 	Keypress: 5
502.8641 	DATA 	TR 323 | TR1 162 | TR2 161
504.4139 	DATA 	Keypress: 5
504.4139 	DATA 	TR 324 | TR1 162 | TR2 162
505.9970 	DATA 	Keypress: 5
505.9971 	DATA 	TR 325 | TR1 163 | TR2 162
507.5470 	DATA 	Keypress: 5
507.5470 	DATA 	TR 326 | TR1 163 | TR2 163
509.1134 	DATA 	Keypress: 5
509.1135 	DATA 	TR 327 | TR1 164 | TR2 163
510.6633 	DATA 	Keypress: 5
510.6634 	DATA 	TR 328 | TR1 164 | TR2 164
512.2303 	DATA 	Keypress: 5
512.2464 	DATA 	TR 329 | TR1 165 | TR2 164
512.9297 	DATA 	
512.9297 	DATA 	Trial complete
512.9297 	DATA 	Waiting for VASO trigger to start next trial
512.9297 	DATA 	
513.7964 	DATA 	Keypress: 5
513.7964 	DATA 	TR 330 | TR1 165 | TR2 165
515.3629 	DATA 	Keypress: 5
515.3629 	DATA 	Waited 2.4331650733947754 seconds for trigger
515.3637 	DATA 	
515.3637 	DATA 	Trial 13
515.3637 	DATA 	stimDur = 12.0
515.3637 	DATA 	jitter = 0.78525
515.3637 	DATA 	restDur = 30.0

515.3637 	DATA 	
515.3637 	DATA 	TR 331 | TR1 166 | TR2 165
516.1628 	DATA 	
516.1628 	DATA 	stimulation started
516.1628 	DATA 	
516.9129 	DATA 	Keypress: 5
516.9130 	DATA 	TR 332 | TR1 166 | TR2 166
518.4793 	DATA 	Keypress: 5
518.4794 	DATA 	TR 333 | TR1 167 | TR2 166
520.0292 	DATA 	Keypress: 5
520.0292 	DATA 	TR 334 | TR1 167 | TR2 167
521.6125 	DATA 	Keypress: 5
521.6125 	DATA 	TR 335 | TR1 168 | TR2 167
523.1622 	DATA 	Keypress: 5
523.1623 	DATA 	TR 336 | TR1 168 | TR2 168
524.7287 	DATA 	Keypress: 5
524.7287 	DATA 	TR 337 | TR1 169 | TR2 168
526.2786 	DATA 	Keypress: 5
526.2787 	DATA 	TR 338 | TR1 169 | TR2 169
527.7618 	DATA 	Target presented
527.8618 	DATA 	Keypress: 5
527.8618 	DATA 	TR 339 | TR1 170 | TR2 169
528.1617 	DATA 	
528.1617 	DATA 	stimulation stopped
528.1617 	DATA 	
528.3617 	DATA 	Keypress: 1
528.3617 	DATA 	Key1 pressed
528.3617 	DATA 	Target detected
529.4116 	DATA 	Keypress: 5
529.4116 	DATA 	TR 340 | TR1 170 | TR2 170
530.9781 	DATA 	Keypress: 5
530.9781 	DATA 	TR 341 | TR1 171 | TR2 170
532.5280 	DATA 	Keypress: 5
532.5280 	DATA 	TR 342 | TR1 171 | TR2 171
534.0944 	DATA 	Keypress: 5
534.0945 	DATA 	TR 343 | TR1 172 | TR2 171
535.6449 	DATA 	Keypress: 5
535.6610 	DATA 	TR 344 | TR1 172 | TR2 172
537.2275 	DATA 	Keypress: 5
537.2276 	DATA 	TR 345 | TR1 173 | TR2 172
538.7774 	DATA 	Keypress: 5
538.7775 	DATA 	TR 346 | TR1 173 | TR2 173
540.3439 	DATA 	Keypress: 5
540.3439 	DATA 	TR 347 | TR1 174 | TR2 173
541.8938 	DATA 	Keypress: 5
541.8938 	DATA 	TR 348 | TR1 174 | TR2 174
543.4769 	DATA 	Keypress: 5
543.4770 	DATA 	TR 349 | TR1 175 | TR2 174
545.0269 	DATA 	Keypress: 5
545.0269 	DATA 	TR 350 | TR1 175 | TR2 175
546.5933 	DATA 	Keypress: 5
546.5934 	DATA 	TR 351 | TR1 176 | TR2 175
548.1434 	DATA 	Keypress: 5
548.1435 	DATA 	TR 352 | TR1 176 | TR2 176
549.7098 	DATA 	Keypress: 5
549.7099 	DATA 	TR 353 | TR1 177 | TR2 176
551.2762 	DATA 	Keypress: 5
551.2763 	DATA 	TR 354 | TR1 177 | TR2 177
552.8427 	DATA 	Keypress: 5
552.8428 	DATA 	TR 355 | TR1 178 | TR2 177
554.3926 	DATA 	Keypress: 5
554.3927 	DATA 	TR 356 | TR1 178 | TR2 178
555.9591 	DATA 	Keypress: 5
555.9592 	DATA 	TR 357 | TR1 179 | TR2 178
557.5090 	DATA 	Keypress: 5
557.5091 	DATA 	TR 358 | TR1 179 | TR2 179
558.1590 	DATA 	
558.1590 	DATA 	Trial complete
558.1590 	DATA 	Waiting for VASO trigger to start next trial
558.1590 	DATA 	
559.0923 	DATA 	Keypress: 5
559.0925 	DATA 	Waited 0.9334068298339844 seconds for trigger
559.0932 	DATA 	
559.0932 	DATA 	Trial 14
559.0932 	DATA 	stimDur = 12.0
559.0932 	DATA 	jitter = 2.35575
559.0932 	DATA 	restDur = 30.0

559.0932 	DATA 	
559.0932 	DATA 	TR 359 | TR1 180 | TR2 179
560.6420 	DATA 	Keypress: 5
560.6421 	DATA 	TR 360 | TR1 180 | TR2 180
561.4586 	DATA 	
561.4586 	DATA 	stimulation started
561.4586 	DATA 	
562.2086 	DATA 	Keypress: 5
562.2087 	DATA 	TR 361 | TR1 181 | TR2 180
563.7585 	DATA 	Keypress: 5
563.7585 	DATA 	TR 362 | TR1 181 | TR2 181
565.3417 	DATA 	Keypress: 5
565.3417 	DATA 	TR 363 | TR1 182 | TR2 181
566.8915 	DATA 	Keypress: 5
566.8916 	DATA 	TR 364 | TR1 182 | TR2 182
568.4581 	DATA 	Keypress: 5
568.4581 	DATA 	TR 365 | TR1 183 | TR2 182
570.0079 	DATA 	Keypress: 5
570.0079 	DATA 	TR 366 | TR1 183 | TR2 183
571.5744 	DATA 	Keypress: 5
571.5745 	DATA 	TR 367 | TR1 184 | TR2 183
573.1409 	DATA 	Keypress: 5
573.1410 	DATA 	TR 368 | TR1 184 | TR2 184
573.4575 	DATA 	
573.4576 	DATA 	stimulation stopped
573.4576 	DATA 	
574.7074 	DATA 	Keypress: 5
574.7075 	DATA 	TR 369 | TR1 185 | TR2 184
576.2573 	DATA 	Keypress: 5
576.2573 	DATA 	TR 370 | TR1 185 | TR2 185
577.8238 	DATA 	Keypress: 5
577.8239 	DATA 	TR 371 | TR1 186 | TR2 185
579.3736 	DATA 	Keypress: 5
579.3737 	DATA 	TR 372 | TR1 186 | TR2 186
580.9569 	DATA 	Keypress: 5
580.9569 	DATA 	TR 373 | TR1 187 | TR2 186
582.5067 	DATA 	Keypress: 5
582.5067 	DATA 	TR 374 | TR1 187 | TR2 187
584.0734 	DATA 	Keypress: 5
584.0734 	DATA 	TR 375 | TR1 188 | TR2 187
585.6231 	DATA 	Keypress: 5
585.6231 	DATA 	TR 376 | TR1 188 | TR2 188
587.1902 	DATA 	Keypress: 5
587.2062 	DATA 	TR 377 | TR1 189 | TR2 188
588.7561 	DATA 	Keypress: 5
588.7562 	DATA 	TR 378 | TR1 189 | TR2 189
590.3227 	DATA 	Keypress: 5
590.3227 	DATA 	TR 379 | TR1 190 | TR2 189
591.8392 	DATA 	Target presented
591.8725 	DATA 	Keypress: 5
591.8725 	DATA 	TR 380 | TR1 190 | TR2 190
592.4724 	DATA 	Keypress: 1
592.4725 	DATA 	Key1 pressed
592.4725 	DATA 	Target detected
593.4390 	DATA 	Keypress: 5
593.4391 	DATA 	TR 381 | TR1 191 | TR2 190
594.9889 	DATA 	Keypress: 5
594.9889 	DATA 	TR 382 | TR1 191 | TR2 191
596.5721 	DATA 	Keypress: 5
596.5721 	DATA 	TR 383 | TR1 192 | TR2 191
598.1219 	DATA 	Keypress: 5
598.1220 	DATA 	TR 384 | TR1 192 | TR2 192
599.6885 	DATA 	Keypress: 5
599.6885 	DATA 	TR 385 | TR1 193 | TR2 192
601.2383 	DATA 	Keypress: 5
601.2383 	DATA 	TR 386 | TR1 193 | TR2 193
602.8215 	DATA 	Keypress: 5
602.8216 	DATA 	TR 387 | TR1 194 | TR2 193
603.4547 	DATA 	
603.4547 	DATA 	Trial complete
603.4547 	DATA 	Waiting for VASO trigger to start next trial
603.4548 	DATA 	
604.3715 	DATA 	Keypress: 5
604.3715 	DATA 	TR 388 | TR1 194 | TR2 194
605.9379 	DATA 	Keypress: 5
605.9379 	DATA 	Waited 2.4831840991973877 seconds for trigger
605.9387 	DATA 	
605.9387 	DATA 	Trial 15
605.9387 	DATA 	stimDur = 2.0
605.9387 	DATA 	jitter = 0.0
605.9387 	DATA 	restDur = 22.0

605.9387 	DATA 	
605.9388 	DATA 	TR 389 | TR1 195 | TR2 194
605.9388 	DATA 	
605.9388 	DATA 	stimulation started
605.9388 	DATA 	
607.4878 	DATA 	Keypress: 5
607.4878 	DATA 	TR 390 | TR1 195 | TR2 195
607.9544 	DATA 	
607.9544 	DATA 	stimulation stopped
607.9544 	DATA 	
609.0544 	DATA 	Keypress: 5
609.0545 	DATA 	TR 391 | TR1 196 | TR2 195
610.6209 	DATA 	Keypress: 5
610.6209 	DATA 	TR 392 | TR1 196 | TR2 196
612.1873 	DATA 	Keypress: 5
612.1874 	DATA 	TR 393 | TR1 197 | TR2 196
613.7371 	DATA 	Keypress: 5
613.7372 	DATA 	TR 394 | TR1 197 | TR2 197
615.3037 	DATA 	Keypress: 5
615.3037 	DATA 	TR 395 | TR1 198 | TR2 197
616.8535 	DATA 	Keypress: 5
616.8536 	DATA 	TR 396 | TR1 198 | TR2 198
618.4367 	DATA 	Keypress: 5
618.4368 	DATA 	TR 397 | TR1 199 | TR2 198
619.9866 	DATA 	Keypress: 5
619.9867 	DATA 	TR 398 | TR1 199 | TR2 199
621.5531 	DATA 	Keypress: 5
621.5532 	DATA 	TR 399 | TR1 200 | TR2 199
623.1030 	DATA 	Keypress: 5
623.1030 	DATA 	TR 400 | TR1 200 | TR2 200
624.6862 	DATA 	Keypress: 5
624.6862 	DATA 	TR 401 | TR1 201 | TR2 200
626.2361 	DATA 	Keypress: 5
626.2361 	DATA 	TR 402 | TR1 201 | TR2 201
627.8025 	DATA 	Keypress: 5
627.8026 	DATA 	TR 403 | TR1 202 | TR2 201
629.3525 	DATA 	Keypress: 5
629.3525 	DATA 	TR 404 | TR1 202 | TR2 202
629.9523 	DATA 	
629.9523 	DATA 	Trial complete
629.9523 	DATA 	Waiting for VASO trigger to start next trial
629.9523 	DATA 	
630.9189 	DATA 	Keypress: 5
630.9190 	DATA 	Waited 0.9666450023651123 seconds for trigger
630.9197 	DATA 	
630.9197 	DATA 	Trial 16
630.9197 	DATA 	stimDur = 1.0
630.9197 	DATA 	jitter = 2.35575
630.9197 	DATA 	restDur = 20.0

630.9197 	DATA 	
630.9197 	DATA 	TR 405 | TR1 203 | TR2 202
632.4689 	DATA 	Keypress: 5
632.4690 	DATA 	TR 406 | TR1 203 | TR2 203
633.2853 	DATA 	
633.2853 	DATA 	stimulation started
633.2853 	DATA 	
634.0520 	DATA 	Keypress: 5
634.0521 	DATA 	TR 407 | TR1 204 | TR2 203
634.2853 	DATA 	
634.2853 	DATA 	stimulation stopped
634.2853 	DATA 	
635.6018 	DATA 	Keypress: 5
635.6018 	DATA 	TR 408 | TR1 204 | TR2 204
637.1683 	DATA 	Keypress: 5
637.1684 	DATA 	TR 409 | TR1 205 | TR2 204
638.7182 	DATA 	Keypress: 5
638.7182 	DATA 	TR 410 | TR1 205 | TR2 205
640.3014 	DATA 	Keypress: 5
640.3014 	DATA 	TR 411 | TR1 206 | TR2 205
641.8513 	DATA 	Keypress: 5
641.8514 	DATA 	TR 412 | TR1 206 | TR2 206
643.4178 	DATA 	Keypress: 5
643.4179 	DATA 	TR 413 | TR1 207 | TR2 206
644.9676 	DATA 	Keypress: 5
644.9677 	DATA 	TR 414 | TR1 207 | TR2 207
646.5348 	DATA 	Keypress: 5
646.5508 	DATA 	TR 415 | TR1 208 | TR2 207
648.1007 	DATA 	Keypress: 5
648.1007 	DATA 	TR 416 | TR1 208 | TR2 208
649.6672 	DATA 	Keypress: 5
649.6672 	DATA 	TR 417 | TR1 209 | TR2 208
651.2170 	DATA 	Keypress: 5
651.2171 	DATA 	TR 418 | TR1 209 | TR2 209
652.7836 	DATA 	Keypress: 5
652.7836 	DATA 	TR 419 | TR1 210 | TR2 209
654.2834 	DATA 	
654.2834 	DATA 	Trial complete
654.2834 	DATA 	Waiting for VASO trigger to start next trial
654.2834 	DATA 	
654.3334 	DATA 	Keypress: 5
654.3334 	DATA 	TR 420 | TR1 210 | TR2 210
655.9166 	DATA 	Keypress: 5
655.9167 	DATA 	Waited 1.6332769393920898 seconds for trigger
655.9174 	DATA 	
655.9174 	DATA 	Trial 17
655.9174 	DATA 	stimDur = 24.0
655.9174 	DATA 	jitter = 2.35575
655.9174 	DATA 	restDur = 40.0

655.9174 	DATA 	
655.9175 	DATA 	TR 421 | TR1 211 | TR2 210
657.4665 	DATA 	Keypress: 5
657.4665 	DATA 	TR 422 | TR1 211 | TR2 211
658.2830 	DATA 	
658.2830 	DATA 	stimulation started
658.2830 	DATA 	
659.0331 	DATA 	Keypress: 5
659.0331 	DATA 	TR 423 | TR1 212 | TR2 211
660.5829 	DATA 	Keypress: 5
660.5830 	DATA 	TR 424 | TR1 212 | TR2 212
661.4829 	DATA 	Target presented
662.0828 	DATA 	Keypress: 1
662.0828 	DATA 	Key1 pressed
662.0829 	DATA 	Target detected
662.1661 	DATA 	Keypress: 5
662.1661 	DATA 	TR 425 | TR1 213 | TR2 212
663.7159 	DATA 	Keypress: 5
663.7160 	DATA 	TR 426 | TR1 213 | TR2 213
665.2825 	DATA 	Keypress: 5
665.2825 	DATA 	TR 427 | TR1 214 | TR2 213
666.8325 	DATA 	Keypress: 5
666.8326 	DATA 	TR 428 | TR1 214 | TR2 214
668.3989 	DATA 	Keypress: 5
668.3989 	DATA 	TR 429 | TR1 215 | TR2 214
669.9494 	DATA 	Keypress: 5
669.9653 	DATA 	TR 430 | TR1 215 | TR2 215
671.5319 	DATA 	Keypress: 5
671.5320 	DATA 	TR 431 | TR1 216 | TR2 215
673.0817 	DATA 	Keypress: 5
673.0818 	DATA 	TR 432 | TR1 216 | TR2 216
674.6483 	DATA 	Keypress: 5
674.6483 	DATA 	TR 433 | TR1 217 | TR2 216
676.1981 	DATA 	Keypress: 5
676.1981 	DATA 	TR 434 | TR1 217 | TR2 217
677.7813 	DATA 	Keypress: 5
677.7814 	DATA 	TR 435 | TR1 218 | TR2 217
679.3313 	DATA 	Keypress: 5
679.3314 	DATA 	TR 436 | TR1 218 | TR2 218
680.8977 	DATA 	Keypress: 5
680.8978 	DATA 	TR 437 | TR1 219 | TR2 218
682.2809 	DATA 	
682.2809 	DATA 	stimulation stopped
682.2809 	DATA 	
682.4474 	DATA 	Keypress: 5
682.4474 	DATA 	TR 438 | TR1 219 | TR2 219
684.0146 	DATA 	Keypress: 5
684.0306 	DATA 	TR 439 | TR1 220 | TR2 219
685.5805 	DATA 	Keypress: 5
685.5806 	DATA 	TR 440 | TR1 220 | TR2 220
687.1471 	DATA 	Keypress: 5
687.1472 	DATA 	TR 441 | TR1 221 | TR2 220
688.6969 	DATA 	Keypress: 5
688.6970 	DATA 	TR 442 | TR1 221 | TR2 221
690.2634 	DATA 	Keypress: 5
690.2635 	DATA 	TR 443 | TR1 222 | TR2 221
691.8133 	DATA 	Keypress: 5
691.8134 	DATA 	TR 444 | TR1 222 | TR2 222
693.3965 	DATA 	Keypress: 5
693.3966 	DATA 	TR 445 | TR1 223 | TR2 222
694.9463 	DATA 	Keypress: 5
694.9464 	DATA 	TR 446 | TR1 223 | TR2 223
696.5129 	DATA 	Keypress: 5
696.5129 	DATA 	TR 447 | TR1 224 | TR2 223
698.0627 	DATA 	Keypress: 5
698.0628 	DATA 	TR 448 | TR1 224 | TR2 224
699.6459 	DATA 	Keypress: 5
699.6460 	DATA 	TR 449 | TR1 225 | TR2 224
701.1958 	DATA 	Keypress: 5
701.1959 	DATA 	TR 450 | TR1 225 | TR2 225
702.7623 	DATA 	Keypress: 5
702.7624 	DATA 	TR 451 | TR1 226 | TR2 225
704.3121 	DATA 	Keypress: 5
704.3122 	DATA 	TR 452 | TR1 226 | TR2 226
705.8787 	DATA 	Keypress: 5
705.8787 	DATA 	TR 453 | TR1 227 | TR2 226
707.4291 	DATA 	Keypress: 5
707.4452 	DATA 	TR 454 | TR1 227 | TR2 227
709.0119 	DATA 	Keypress: 5
709.0119 	DATA 	TR 455 | TR1 228 | TR2 227
710.5616 	DATA 	Keypress: 5
710.5616 	DATA 	TR 456 | TR1 228 | TR2 228
712.1281 	DATA 	Keypress: 5
712.1282 	DATA 	TR 457 | TR1 229 | TR2 228
713.6779 	DATA 	Keypress: 5
713.6780 	DATA 	TR 458 | TR1 229 | TR2 229
715.2612 	DATA 	Keypress: 5
715.2612 	DATA 	TR 459 | TR1 230 | TR2 229
716.8110 	DATA 	Keypress: 5
716.8110 	DATA 	TR 460 | TR1 230 | TR2 230
718.3775 	DATA 	Keypress: 5
718.3776 	DATA 	TR 461 | TR1 231 | TR2 230
719.9274 	DATA 	Keypress: 5
719.9274 	DATA 	TR 462 | TR1 231 | TR2 231
721.5106 	DATA 	Keypress: 5
721.5107 	DATA 	TR 463 | TR1 232 | TR2 231
722.2771 	DATA 	
722.2771 	DATA 	Trial complete
722.2771 	DATA 	Waiting for VASO trigger to start next trial
722.2771 	DATA 	
723.0604 	DATA 	Keypress: 5
723.0605 	DATA 	TR 464 | TR1 232 | TR2 232
724.6270 	DATA 	Keypress: 5
724.6271 	DATA 	Waited 2.3499040603637695 seconds for trigger
724.6278 	DATA 	
724.6278 	DATA 	Trial 18
724.6278 	DATA 	stimDur = 1.0
724.6278 	DATA 	jitter = 0.78525
724.6278 	DATA 	restDur = 20.0

724.6279 	DATA 	
724.6279 	DATA 	TR 465 | TR1 233 | TR2 232
725.4268 	DATA 	
725.4268 	DATA 	stimulation started
725.4268 	DATA 	
726.1769 	DATA 	Keypress: 5
726.1769 	DATA 	TR 466 | TR1 233 | TR2 233
726.4268 	DATA 	
726.4268 	DATA 	stimulation stopped
726.4268 	DATA 	
727.7433 	DATA 	Keypress: 5
727.7433 	DATA 	TR 467 | TR1 234 | TR2 233
729.2932 	DATA 	Keypress: 5
729.2933 	DATA 	TR 468 | TR1 234 | TR2 234
730.8765 	DATA 	Keypress: 5
730.8765 	DATA 	TR 469 | TR1 235 | TR2 234
732.4262 	DATA 	Keypress: 5
732.4263 	DATA 	TR 470 | TR1 235 | TR2 235
733.9927 	DATA 	Keypress: 5
733.9928 	DATA 	TR 471 | TR1 236 | TR2 235
735.5426 	DATA 	Keypress: 5
735.5427 	DATA 	TR 472 | TR1 236 | TR2 236
737.1258 	DATA 	Keypress: 5
737.1258 	DATA 	TR 473 | TR1 237 | TR2 236
738.6757 	DATA 	Keypress: 5
738.6757 	DATA 	TR 474 | TR1 237 | TR2 237
740.2422 	DATA 	Keypress: 5
740.2422 	DATA 	TR 475 | TR1 238 | TR2 237
741.5588 	DATA 	Target presented
741.7921 	DATA 	Keypress: 5
741.7921 	DATA 	TR 476 | TR1 238 | TR2 238
742.2919 	DATA 	Keypress: 1
742.2920 	DATA 	Key1 pressed
742.2920 	DATA 	Target detected
743.3592 	DATA 	Keypress: 5
743.3751 	DATA 	TR 477 | TR1 239 | TR2 238
744.9251 	DATA 	Keypress: 5
744.9252 	DATA 	TR 478 | TR1 239 | TR2 239
746.4249 	DATA 	
746.4249 	DATA 	Trial complete
746.4249 	DATA 	Waiting for VASO trigger to start next trial
746.4249 	DATA 	
746.4916 	DATA 	Keypress: 5
746.4916 	DATA 	Waited 0.06670403480529785 seconds for trigger
746.4924 	DATA 	
746.4924 	DATA 	Trial 19
746.4924 	DATA 	stimDur = 2.0
746.4924 	DATA 	jitter = 1.5705
746.4924 	DATA 	restDur = 22.0

746.4924 	DATA 	
746.4924 	DATA 	TR 479 | TR1 240 | TR2 239
748.0415 	DATA 	Keypress: 5
748.0415 	DATA 	TR 480 | TR1 240 | TR2 240
748.0747 	DATA 	
748.0747 	DATA 	stimulation started
748.0747 	DATA 	
749.6080 	DATA 	Keypress: 5
749.6081 	DATA 	TR 481 | TR1 241 | TR2 240
750.0746 	DATA 	
750.0746 	DATA 	stimulation stopped
750.0746 	DATA 	
751.1580 	DATA 	Keypress: 5
751.1580 	DATA 	TR 482 | TR1 241 | TR2 241
752.7410 	DATA 	Keypress: 5
752.7411 	DATA 	TR 483 | TR1 242 | TR2 241
754.2909 	DATA 	Keypress: 5
754.2910 	DATA 	TR 484 | TR1 242 | TR2 242
755.8574 	DATA 	Keypress: 5
755.8574 	DATA 	TR 485 | TR1 243 | TR2 242
757.4074 	DATA 	Keypress: 5
757.4075 	DATA 	TR 486 | TR1 243 | TR2 243
758.9904 	DATA 	Keypress: 5
758.9905 	DATA 	TR 487 | TR1 244 | TR2 243
760.5403 	DATA 	Keypress: 5
760.5404 	DATA 	TR 488 | TR1 244 | TR2 244
762.1068 	DATA 	Keypress: 5
762.1069 	DATA 	TR 489 | TR1 245 | TR2 244
763.6567 	DATA 	Keypress: 5
763.6567 	DATA 	TR 490 | TR1 245 | TR2 245
765.2232 	DATA 	Keypress: 5
765.2232 	DATA 	TR 491 | TR1 246 | TR2 245
766.7737 	DATA 	Keypress: 5
766.7897 	DATA 	TR 492 | TR1 246 | TR2 246
768.3562 	DATA 	Keypress: 5
768.3563 	DATA 	TR 493 | TR1 247 | TR2 246
769.9061 	DATA 	Keypress: 5
769.9062 	DATA 	TR 494 | TR1 247 | TR2 247
771.4726 	DATA 	Keypress: 5
771.4727 	DATA 	TR 495 | TR1 248 | TR2 247
772.0725 	DATA 	
772.0725 	DATA 	Trial complete
772.0726 	DATA 	
773.0225 	DATA 	Keypress: 5
773.0226 	DATA 	TR 496 | TR1 248 | TR2 248
774.6057 	DATA 	Keypress: 5
774.6057 	DATA 	Waited 28.180796146392822 seconds for trigger
774.6065 	DATA 	
774.6065 	DATA 	Trial 20
774.6065 	DATA 	stimDur = 1.0
774.6065 	DATA 	jitter = 0.0
774.6065 	DATA 	restDur = 20.0

774.6065 	DATA 	
774.6065 	DATA 	TR 497 | TR1 249 | TR2 248
774.6065 	DATA 	
774.6065 	DATA 	stimulation started
774.6065 	DATA 	
775.6223 	DATA 	
775.6223 	DATA 	stimulation stopped
775.6223 	DATA 	
776.1556 	DATA 	Keypress: 5
776.1556 	DATA 	TR 498 | TR1 249 | TR2 249
777.7221 	DATA 	Keypress: 5
777.7221 	DATA 	TR 499 | TR1 250 | TR2 249
779.2719 	DATA 	Keypress: 5
779.2720 	DATA 	TR 500 | TR1 250 | TR2 250
780.8391 	DATA 	Keypress: 5
780.8550 	DATA 	TR 501 | TR1 251 | TR2 250
782.4050 	DATA 	Keypress: 5
782.4050 	DATA 	TR 502 | TR1 251 | TR2 251
783.9715 	DATA 	Keypress: 5
783.9715 	DATA 	TR 503 | TR1 252 | TR2 251
785.5214 	DATA 	Keypress: 5
785.5214 	DATA 	TR 504 | TR1 252 | TR2 252
787.0878 	DATA 	Keypress: 5
787.0879 	DATA 	TR 505 | TR1 253 | TR2 252
788.6377 	DATA 	Keypress: 5
788.6378 	DATA 	TR 506 | TR1 253 | TR2 253
790.2209 	DATA 	Keypress: 5
790.2209 	DATA 	TR 507 | TR1 254 | TR2 253
791.7708 	DATA 	Keypress: 5
791.7708 	DATA 	TR 508 | TR1 254 | TR2 254
793.3373 	DATA 	Keypress: 5
793.3373 	DATA 	TR 509 | TR1 255 | TR2 254
794.8872 	DATA 	Keypress: 5
794.8872 	DATA 	TR 510 | TR1 255 | TR2 255
795.6204 	DATA 	
795.6204 	DATA 	Trial complete
795.6204 	DATA 	
796.4703 	DATA 	Keypress: 5
796.4704 	DATA 	TR 511 | TR1 256 | TR2 255
798.0202 	DATA 	Keypress: 5
798.0203 	DATA 	TR 512 | TR1 256 | TR2 256
799.5867 	DATA 	Keypress: 5
799.5868 	DATA 	TR 513 | TR1 257 | TR2 256
801.1367 	DATA 	Keypress: 5
801.1368 	DATA 	TR 514 | TR1 257 | TR2 257
802.7031 	DATA 	Keypress: 5
802.7031 	DATA 	TR 515 | TR1 258 | TR2 257
804.2696 	DATA 	Keypress: 5
804.2697 	DATA 	TR 516 | TR1 258 | TR2 258
805.8361 	DATA 	Keypress: 5
805.8362 	DATA 	TR 517 | TR1 259 | TR2 258
807.3860 	DATA 	Keypress: 5
807.3861 	DATA 	TR 518 | TR1 259 | TR2 259
808.9526 	DATA 	Keypress: 5
808.9527 	DATA 	TR 519 | TR1 260 | TR2 259
810.5024 	DATA 	Keypress: 5
810.5024 	DATA 	TR 520 | TR1 260 | TR2 260
812.0856 	DATA 	Keypress: 5
812.0856 	DATA 	TR 521 | TR1 261 | TR2 260
813.6354 	DATA 	Keypress: 5
813.6355 	DATA 	TR 522 | TR1 261 | TR2 261
815.2019 	DATA 	Keypress: 5
815.2020 	DATA 	TR 523 | TR1 262 | TR2 261
816.7518 	DATA 	Keypress: 5
816.7519 	DATA 	TR 524 | TR1 262 | TR2 262
818.3189 	DATA 	Keypress: 5
818.3349 	DATA 	TR 525 | TR1 263 | TR2 262
819.8849 	DATA 	Keypress: 5
819.8849 	DATA 	TR 526 | TR1 263 | TR2 263
821.4514 	DATA 	Keypress: 5
821.4514 	DATA 	TR 527 | TR1 264 | TR2 263
822.0679 	DATA 	EndOfRun sub-09_ses-04_run-06

822.0679 	DATA 	We spent 51.504764556884766 seconds waiting for triggers
822.0679 	DATA 	RatioOfDetectedTargets 0.9166666666666666
822.0680 	DATA 	You have detected 11 out of 12 targets.
826.8903 	DATA 	Keypress: 5
826.8905 	DATA 	Keypress: 5
826.8906 	DATA 	Keypress: 5
827.0939 	EXP 	window1: mouseVisible = True
