MonitorDistance=99cm
MonitorWidth=30cm
PixelWidth=1024.0
PixelHeight=768.0
You have detected 12 out of 12 targets.
Excellent! Keep up the good work
8.3178 	INFO 	Loaded monitor calibration from ['2021_05_26 17:55']
8.8633 	EXP 	Created window1 = Window(allowGUI=False, allowStencil=False, autoLog=True, backendConf=UNKNOWN, bitsMode=UNKNOWN, blendMode='avg', bpc=(8, 8, 8), color=array([-0.5, -0.5, -0.5]), colorSpace='rgb', depthBits=8, fullscr=<method-wrapper '__getattribute__' of attributeSetter object at 0x7fdb06a743c8>, gamma=None, gammaErrorPolicy='raise', lms=UNKNOWN, monitor=<psychopy.monitors.calibTools.Monitor object at 0x7fdafc8c6048>, multiSample=False, name='window1', numSamples=2, pos=[0.0, 0.0], screen=0, size=array([1024,  768]), stencilBits=0, stereo=False, units='deg', useFBO=False, useRetina=False, viewOri=0.0, viewPos=None, viewScale=None, waitBlanking=True, winType='pyglet')
8.8634 	EXP 	window1: mouseVisible = True
8.9485 	EXP 	Created unnamed TextStim = TextStim(__class__=<class 'psychopy.visual.text.TextStim'>, alignHoriz=method-wrapper(...), alignText='center', alignVert=method-wrapper(...), anchorHoriz='center', anchorVert='center', antialias=True, autoLog=True, bold=False, color=array([1., 1., 1.]), colorSpace='rgb', contrast=1.0, depth=0, flipHoriz=False, flipVert=False, font='', fontFiles=[], height=0.5, italic=False, languageStyle='LTR', name='unnamed TextStim', opacity=1.0, ori=0.0, pos=array([0., 0.]), rgb=UNKNOWN, text=str(...), units='deg', win=Window(...), wrapWidth=15.0)
8.9828 	EXP 	Created Movie Frame 0 = ImageStim(__class__=<class 'psychopy.visual.image.ImageStim'>, autoLog=True, color=array([0.8, 0.8, 0.8]), colorSpace='rgb', contrast=0.8, depth=0, flipHoriz=False, flipVert=False, image='visual_0.png', interpolate=False, mask=None, maskParams=None, name='Movie Frame 0', opacity=1, ori=0.0, pos=array([0., 0.]), size=array([1024,  768]), texRes=128, units='pix', win=Window(...))
9.0100 	EXP 	Created Movie Frame 1 = ImageStim(__class__=<class 'psychopy.visual.image.ImageStim'>, autoLog=True, color=array([0.8, 0.8, 0.8]), colorSpace='rgb', contrast=0.8, depth=0, flipHoriz=False, flipVert=False, image='visual_1.png', interpolate=False, mask=None, maskParams=None, name='Movie Frame 1', opacity=1, ori=0.0, pos=array([0., 0.]), size=array([1024,  768]), texRes=128, units='pix', win=Window(...))
41.7942 	DATA 	Keypress: 5
0.0000 	DATA 	StartOfRun sub-05_ses-04_run-01
0.0000 	DATA 	TR 1 | TR1 1 | TR2 0
0.0122 	DATA 	Initial baseline

1.5515 	DATA 	Keypress: 5
1.5516 	DATA 	TR 2 | TR1 1 | TR2 1
3.1226 	DATA 	Keypress: 5
3.1226 	DATA 	TR 3 | TR1 2 | TR2 1
4.6748 	DATA 	Keypress: 5
4.6748 	DATA 	TR 4 | TR1 2 | TR2 2
6.2460 	DATA 	Keypress: 5
6.2460 	DATA 	TR 5 | TR1 3 | TR2 2
7.7981 	DATA 	Keypress: 5
7.7982 	DATA 	TR 6 | TR1 3 | TR2 3
9.3693 	DATA 	Keypress: 5
9.3694 	DATA 	TR 7 | TR1 4 | TR2 3
10.9215 	DATA 	Keypress: 5
10.9216 	DATA 	TR 8 | TR1 4 | TR2 4
12.4927 	DATA 	Keypress: 5
12.4928 	DATA 	TR 9 | TR1 5 | TR2 4
14.0449 	DATA 	Keypress: 5
14.0450 	DATA 	TR 10 | TR1 5 | TR2 5
15.6161 	DATA 	Keypress: 5
15.6161 	DATA 	TR 11 | TR1 6 | TR2 5
17.1684 	DATA 	Keypress: 5
17.1685 	DATA 	TR 12 | TR1 6 | TR2 6
18.7395 	DATA 	Keypress: 5
18.7395 	DATA 	TR 13 | TR1 7 | TR2 6
20.2917 	DATA 	Keypress: 5
20.2917 	DATA 	TR 14 | TR1 7 | TR2 7
21.8629 	DATA 	Keypress: 5
21.8629 	DATA 	TR 15 | TR1 8 | TR2 7
23.4151 	DATA 	Keypress: 5
23.4151 	DATA 	TR 16 | TR1 8 | TR2 8
24.9863 	DATA 	Keypress: 5
24.9864 	DATA 	TR 17 | TR1 9 | TR2 8
26.5385 	DATA 	Keypress: 5
26.5385 	DATA 	TR 18 | TR1 9 | TR2 9
28.1097 	DATA 	Keypress: 5
28.1097 	DATA 	TR 19 | TR1 10 | TR2 9
29.6608 	DATA 	Keypress: 5
29.6609 	DATA 	TR 20 | TR1 10 | TR2 10
31.2430 	DATA 	Keypress: 5
31.2431 	DATA 	Waited 1.2430880069732666 seconds for trigger
31.2482 	DATA 	
31.2482 	DATA 	Trial 1
31.2482 	DATA 	stimDur = 1.0
31.2482 	DATA 	jitter = 0.0
31.2482 	DATA 	restDur = 20.0

31.2482 	DATA 	
31.2482 	DATA 	TR 21 | TR1 11 | TR2 10
31.2482 	DATA 	
31.2482 	DATA 	stimulation started
31.2482 	DATA 	
32.2596 	DATA 	
32.2596 	DATA 	stimulation stopped
32.2596 	DATA 	
32.7929 	DATA 	Keypress: 5
32.7930 	DATA 	TR 22 | TR1 11 | TR2 11
34.3594 	DATA 	Keypress: 5
34.3594 	DATA 	TR 23 | TR1 12 | TR2 11
35.9093 	DATA 	Keypress: 5
35.9093 	DATA 	TR 24 | TR1 12 | TR2 12
37.4925 	DATA 	Keypress: 5
37.4925 	DATA 	TR 25 | TR1 13 | TR2 12
39.0423 	DATA 	Keypress: 5
39.0424 	DATA 	TR 26 | TR1 13 | TR2 13
40.6088 	DATA 	Keypress: 5
40.6089 	DATA 	TR 27 | TR1 14 | TR2 13
42.1587 	DATA 	Keypress: 5
42.1587 	DATA 	TR 28 | TR1 14 | TR2 14
43.7419 	DATA 	Keypress: 5
43.7419 	DATA 	TR 29 | TR1 15 | TR2 14
45.2919 	DATA 	Keypress: 5
45.2919 	DATA 	TR 30 | TR1 15 | TR2 15
46.8582 	DATA 	Keypress: 5
46.8583 	DATA 	TR 31 | TR1 16 | TR2 15
48.4082 	DATA 	Keypress: 5
48.4082 	DATA 	TR 32 | TR1 16 | TR2 16
49.9746 	DATA 	Keypress: 5
49.9746 	DATA 	TR 33 | TR1 17 | TR2 16
51.5251 	DATA 	Keypress: 5
51.5411 	DATA 	TR 34 | TR1 17 | TR2 17
52.2579 	DATA 	
52.2579 	DATA 	Trial complete
52.2579 	DATA 	Waiting for VASO trigger to start next trial
52.2579 	DATA 	
53.1077 	DATA 	Keypress: 5
53.1078 	DATA 	Waited 0.8498930931091309 seconds for trigger
53.1086 	DATA 	
53.1086 	DATA 	Trial 2
53.1086 	DATA 	stimDur = 1.0
53.1087 	DATA 	jitter = 1.5705
53.1087 	DATA 	restDur = 20.0

53.1087 	DATA 	
53.1087 	DATA 	TR 35 | TR1 18 | TR2 17
54.6575 	DATA 	Keypress: 5
54.6576 	DATA 	TR 36 | TR1 18 | TR2 18
54.6908 	DATA 	
54.6908 	DATA 	stimulation started
54.6908 	DATA 	
55.6908 	DATA 	
55.6908 	DATA 	stimulation stopped
55.6908 	DATA 	
56.2241 	DATA 	Keypress: 5
56.2242 	DATA 	TR 37 | TR1 19 | TR2 18
57.7739 	DATA 	Keypress: 5
57.7740 	DATA 	TR 38 | TR1 19 | TR2 19
59.3571 	DATA 	Keypress: 5
59.3572 	DATA 	TR 39 | TR1 20 | TR2 19
60.9069 	DATA 	Keypress: 5
60.9070 	DATA 	TR 40 | TR1 20 | TR2 20
62.4735 	DATA 	Keypress: 5
62.4736 	DATA 	TR 41 | TR1 21 | TR2 20
64.0233 	DATA 	Keypress: 5
64.0234 	DATA 	TR 42 | TR1 21 | TR2 21
65.5905 	DATA 	Keypress: 5
65.6065 	DATA 	TR 43 | TR1 22 | TR2 21
67.1564 	DATA 	Keypress: 5
67.1564 	DATA 	TR 44 | TR1 22 | TR2 22
68.7229 	DATA 	Keypress: 5
68.7230 	DATA 	TR 45 | TR1 23 | TR2 22
70.2729 	DATA 	Keypress: 5
70.2729 	DATA 	TR 46 | TR1 23 | TR2 23
71.8393 	DATA 	Keypress: 5
71.8393 	DATA 	TR 47 | TR1 24 | TR2 23
73.3891 	DATA 	Keypress: 5
73.3892 	DATA 	TR 48 | TR1 24 | TR2 24
74.9724 	DATA 	Keypress: 5
74.9724 	DATA 	TR 49 | TR1 25 | TR2 24
75.6889 	DATA 	
75.6889 	DATA 	Trial complete
75.6889 	DATA 	Waiting for VASO trigger to start next trial
75.6889 	DATA 	
76.5222 	DATA 	Keypress: 5
76.5222 	DATA 	TR 50 | TR1 25 | TR2 25
78.0887 	DATA 	Keypress: 5
78.0888 	DATA 	Waited 2.399880886077881 seconds for trigger
78.0896 	DATA 	
78.0896 	DATA 	Trial 3
78.0896 	DATA 	stimDur = 12.0
78.0896 	DATA 	jitter = 1.5705
78.0896 	DATA 	restDur = 30.0

78.0896 	DATA 	
78.0896 	DATA 	TR 51 | TR1 26 | TR2 25
79.6386 	DATA 	Keypress: 5
79.6386 	DATA 	TR 52 | TR1 26 | TR2 26
79.6718 	DATA 	
79.6719 	DATA 	stimulation started
79.6719 	DATA 	
81.2218 	DATA 	Keypress: 5
81.2219 	DATA 	TR 53 | TR1 27 | TR2 26
82.7717 	DATA 	Keypress: 5
82.7717 	DATA 	TR 54 | TR1 27 | TR2 27
84.3382 	DATA 	Keypress: 5
84.3383 	DATA 	TR 55 | TR1 28 | TR2 27
85.8881 	DATA 	Keypress: 5
85.8881 	DATA 	TR 56 | TR1 28 | TR2 28
87.4546 	DATA 	Keypress: 5
87.4547 	DATA 	TR 57 | TR1 29 | TR2 28
87.5212 	DATA 	Target presented
88.1712 	DATA 	Keypress: 1
88.1712 	DATA 	Key1 pressed
88.1712 	DATA 	Target detected
89.0211 	DATA 	Keypress: 5
89.0211 	DATA 	TR 58 | TR1 29 | TR2 29
90.5876 	DATA 	Keypress: 5
90.5877 	DATA 	TR 59 | TR1 30 | TR2 29
91.6708 	DATA 	
91.6708 	DATA 	stimulation stopped
91.6708 	DATA 	
92.1374 	DATA 	Keypress: 5
92.1374 	DATA 	TR 60 | TR1 30 | TR2 30
93.7040 	DATA 	Keypress: 5
93.7040 	DATA 	TR 61 | TR1 31 | TR2 30
95.2538 	DATA 	Keypress: 5
95.2538 	DATA 	TR 62 | TR1 31 | TR2 31
96.8370 	DATA 	Keypress: 5
96.8370 	DATA 	TR 63 | TR1 32 | TR2 31
98.3868 	DATA 	Keypress: 5
98.3869 	DATA 	TR 64 | TR1 32 | TR2 32
99.9534 	DATA 	Keypress: 5
99.9534 	DATA 	TR 65 | TR1 33 | TR2 32
101.5032 	DATA 	Keypress: 5
101.5033 	DATA 	TR 66 | TR1 33 | TR2 33
103.0864 	DATA 	Keypress: 5
103.0865 	DATA 	TR 67 | TR1 34 | TR2 33
104.6363 	DATA 	Keypress: 5
104.6363 	DATA 	TR 68 | TR1 34 | TR2 34
106.2028 	DATA 	Keypress: 5
106.2029 	DATA 	TR 69 | TR1 35 | TR2 34
107.7526 	DATA 	Keypress: 5
107.7527 	DATA 	TR 70 | TR1 35 | TR2 35
109.3193 	DATA 	Keypress: 5
109.3194 	DATA 	TR 71 | TR1 36 | TR2 35
110.8690 	DATA 	Keypress: 5
110.8690 	DATA 	TR 72 | TR1 36 | TR2 36
112.4523 	DATA 	Keypress: 5
112.4523 	DATA 	TR 73 | TR1 37 | TR2 36
114.0021 	DATA 	Keypress: 5
114.0021 	DATA 	TR 74 | TR1 37 | TR2 37
115.5687 	DATA 	Keypress: 5
115.5687 	DATA 	TR 75 | TR1 38 | TR2 37
117.1184 	DATA 	Keypress: 5
117.1185 	DATA 	TR 76 | TR1 38 | TR2 38
118.7017 	DATA 	Keypress: 5
118.7017 	DATA 	TR 77 | TR1 39 | TR2 38
120.2515 	DATA 	Keypress: 5
120.2515 	DATA 	TR 78 | TR1 39 | TR2 39
121.6679 	DATA 	
121.6679 	DATA 	Trial complete
121.6679 	DATA 	Waiting for VASO trigger to start next trial
121.6679 	DATA 	
121.8182 	DATA 	Keypress: 5
121.8182 	DATA 	Waited 0.15032505989074707 seconds for trigger
121.8190 	DATA 	
121.8190 	DATA 	Trial 4
121.8190 	DATA 	stimDur = 1.0
121.8190 	DATA 	jitter = 0.78525
121.8190 	DATA 	restDur = 20.0

121.8190 	DATA 	
121.8190 	DATA 	TR 79 | TR1 40 | TR2 39
122.6181 	DATA 	
122.6181 	DATA 	stimulation started
122.6181 	DATA 	
123.3679 	DATA 	Keypress: 5
123.3680 	DATA 	TR 80 | TR1 40 | TR2 40
123.6179 	DATA 	
123.6179 	DATA 	stimulation stopped
123.6179 	DATA 	
124.9344 	DATA 	Keypress: 5
124.9344 	DATA 	TR 81 | TR1 41 | TR2 40
126.5009 	DATA 	Keypress: 5
126.5010 	DATA 	TR 82 | TR1 41 | TR2 41
128.0675 	DATA 	Keypress: 5
128.0675 	DATA 	TR 83 | TR1 42 | TR2 41
129.6173 	DATA 	Keypress: 5
129.6173 	DATA 	TR 84 | TR1 42 | TR2 42
131.1839 	DATA 	Keypress: 5
131.1839 	DATA 	TR 85 | TR1 43 | TR2 42
132.7336 	DATA 	Keypress: 5
132.7337 	DATA 	TR 86 | TR1 43 | TR2 43
134.3169 	DATA 	Keypress: 5
134.3169 	DATA 	TR 87 | TR1 44 | TR2 43
135.8667 	DATA 	Keypress: 5
135.8667 	DATA 	TR 88 | TR1 44 | TR2 44
137.4333 	DATA 	Keypress: 5
137.4333 	DATA 	TR 89 | TR1 45 | TR2 44
138.9831 	DATA 	Keypress: 5
138.9831 	DATA 	TR 90 | TR1 45 | TR2 45
140.5663 	DATA 	Keypress: 5
140.5664 	DATA 	TR 91 | TR1 46 | TR2 45
142.1161 	DATA 	Keypress: 5
142.1162 	DATA 	TR 92 | TR1 46 | TR2 46
143.6160 	DATA 	
143.6160 	DATA 	Trial complete
143.6160 	DATA 	Waiting for VASO trigger to start next trial
143.6160 	DATA 	
143.6827 	DATA 	Keypress: 5
143.6827 	DATA 	Waited 0.06673598289489746 seconds for trigger
143.6835 	DATA 	
143.6835 	DATA 	Trial 5
143.6835 	DATA 	stimDur = 24.0
143.6835 	DATA 	jitter = 1.5705
143.6835 	DATA 	restDur = 40.0

143.6835 	DATA 	
143.6835 	DATA 	TR 93 | TR1 47 | TR2 46
145.2325 	DATA 	Keypress: 5
145.2326 	DATA 	TR 94 | TR1 47 | TR2 47
145.2658 	DATA 	
145.2658 	DATA 	stimulation started
145.2658 	DATA 	
146.7991 	DATA 	Keypress: 5
146.7992 	DATA 	TR 95 | TR1 48 | TR2 47
147.1324 	DATA 	Target presented
147.6831 	DATA 	Keypress: 1
147.6990 	DATA 	Key1 pressed
147.6990 	DATA 	Target detected
148.3497 	DATA 	Keypress: 5
148.3657 	DATA 	TR 96 | TR1 48 | TR2 48
149.9322 	DATA 	Keypress: 5
149.9323 	DATA 	TR 97 | TR1 49 | TR2 48
151.4820 	DATA 	Keypress: 5
151.4820 	DATA 	TR 98 | TR1 49 | TR2 49
153.0487 	DATA 	Keypress: 5
153.0487 	DATA 	TR 99 | TR1 50 | TR2 49
154.5984 	DATA 	Keypress: 5
154.5984 	DATA 	TR 100 | TR1 50 | TR2 50
156.1816 	DATA 	Keypress: 5
156.1816 	DATA 	TR 101 | TR1 51 | TR2 50
157.7314 	DATA 	Keypress: 5
157.7315 	DATA 	TR 102 | TR1 51 | TR2 51
159.2980 	DATA 	Keypress: 5
159.2980 	DATA 	TR 103 | TR1 52 | TR2 51
160.8478 	DATA 	Keypress: 5
160.8479 	DATA 	TR 104 | TR1 52 | TR2 52
162.4151 	DATA 	Keypress: 5
162.4310 	DATA 	TR 105 | TR1 53 | TR2 52
163.9809 	DATA 	Keypress: 5
163.9809 	DATA 	TR 106 | TR1 53 | TR2 53
165.5474 	DATA 	Keypress: 5
165.5474 	DATA 	TR 107 | TR1 54 | TR2 53
167.0972 	DATA 	Keypress: 5
167.0973 	DATA 	TR 108 | TR1 54 | TR2 54
168.6638 	DATA 	Keypress: 5
168.6638 	DATA 	TR 109 | TR1 55 | TR2 54
169.2637 	DATA 	
169.2637 	DATA 	stimulation stopped
169.2637 	DATA 	
170.2136 	DATA 	Keypress: 5
170.2136 	DATA 	TR 110 | TR1 55 | TR2 55
171.7968 	DATA 	Keypress: 5
171.7968 	DATA 	TR 111 | TR1 56 | TR2 55
173.3466 	DATA 	Keypress: 5
173.3467 	DATA 	TR 112 | TR1 56 | TR2 56
174.9132 	DATA 	Keypress: 5
174.9132 	DATA 	TR 113 | TR1 57 | TR2 56
176.4630 	DATA 	Keypress: 5
176.4630 	DATA 	TR 114 | TR1 57 | TR2 57
178.0463 	DATA 	Keypress: 5
178.0464 	DATA 	TR 115 | TR1 58 | TR2 57
179.5960 	DATA 	Keypress: 5
179.5961 	DATA 	TR 116 | TR1 58 | TR2 58
181.1626 	DATA 	Keypress: 5
181.1626 	DATA 	TR 117 | TR1 59 | TR2 58
182.7124 	DATA 	Keypress: 5
182.7125 	DATA 	TR 118 | TR1 59 | TR2 59
184.2790 	DATA 	Keypress: 5
184.2790 	DATA 	TR 119 | TR1 60 | TR2 59
185.8294 	DATA 	Keypress: 5
185.8454 	DATA 	TR 120 | TR1 60 | TR2 60
187.4120 	DATA 	Keypress: 5
187.4121 	DATA 	TR 121 | TR1 61 | TR2 60
188.9618 	DATA 	Keypress: 5
188.9619 	DATA 	TR 122 | TR1 61 | TR2 61
190.5284 	DATA 	Keypress: 5
190.5285 	DATA 	TR 123 | TR1 62 | TR2 61
192.0782 	DATA 	Keypress: 5
192.0782 	DATA 	TR 124 | TR1 62 | TR2 62
193.6614 	DATA 	Keypress: 5
193.6615 	DATA 	TR 125 | TR1 63 | TR2 62
195.2112 	DATA 	Keypress: 5
195.2113 	DATA 	TR 126 | TR1 63 | TR2 63
196.7778 	DATA 	Keypress: 5
196.7779 	DATA 	TR 127 | TR1 64 | TR2 63
198.3276 	DATA 	Keypress: 5
198.3277 	DATA 	TR 128 | TR1 64 | TR2 64
199.9109 	DATA 	Keypress: 5
199.9109 	DATA 	TR 129 | TR1 65 | TR2 64
201.4607 	DATA 	Keypress: 5
201.4607 	DATA 	TR 130 | TR1 65 | TR2 65
203.0273 	DATA 	Keypress: 5
203.0273 	DATA 	TR 131 | TR1 66 | TR2 65
204.5772 	DATA 	Keypress: 5
204.5772 	DATA 	TR 132 | TR1 66 | TR2 66
206.1436 	DATA 	Keypress: 5
206.1437 	DATA 	TR 133 | TR1 67 | TR2 66
207.6934 	DATA 	Keypress: 5
207.6935 	DATA 	TR 134 | TR1 67 | TR2 67
209.2599 	DATA 	
209.2599 	DATA 	Trial complete
209.2600 	DATA 	Waiting for VASO trigger to start next trial
209.2600 	DATA 	
209.2767 	DATA 	Keypress: 5
209.2767 	DATA 	Waited 0.016752004623413086 seconds for trigger
209.2775 	DATA 	
209.2775 	DATA 	Trial 6
209.2775 	DATA 	stimDur = 24.0
209.2775 	DATA 	jitter = 0.0
209.2775 	DATA 	restDur = 40.0

209.2775 	DATA 	
209.2775 	DATA 	TR 135 | TR1 68 | TR2 67
209.2775 	DATA 	
209.2775 	DATA 	stimulation started
209.2775 	DATA 	
210.8266 	DATA 	Keypress: 5
210.8266 	DATA 	TR 136 | TR1 68 | TR2 68
212.3931 	DATA 	Keypress: 5
212.3931 	DATA 	TR 137 | TR1 69 | TR2 68
213.9429 	DATA 	Keypress: 5
213.9430 	DATA 	TR 138 | TR1 69 | TR2 69
215.5262 	DATA 	Keypress: 5
215.5262 	DATA 	TR 139 | TR1 70 | TR2 69
217.0760 	DATA 	Keypress: 5
217.0760 	DATA 	TR 140 | TR1 70 | TR2 70
218.6425 	DATA 	Keypress: 5
218.6426 	DATA 	TR 141 | TR1 71 | TR2 70
220.1924 	DATA 	Keypress: 5
220.1924 	DATA 	TR 142 | TR1 71 | TR2 71
221.7591 	DATA 	Keypress: 5
221.7591 	DATA 	TR 143 | TR1 72 | TR2 71
222.0422 	DATA 	Target presented
222.5922 	DATA 	Keypress: 1
222.5922 	DATA 	Key1 pressed
222.5922 	DATA 	Target detected
223.3254 	DATA 	Keypress: 5
223.3255 	DATA 	TR 144 | TR1 72 | TR2 72
224.8919 	DATA 	Keypress: 5
224.8920 	DATA 	TR 145 | TR1 73 | TR2 72
226.4418 	DATA 	Keypress: 5
226.4418 	DATA 	TR 146 | TR1 73 | TR2 73
228.0084 	DATA 	Keypress: 5
228.0084 	DATA 	TR 147 | TR1 74 | TR2 73
229.5582 	DATA 	Keypress: 5
229.5582 	DATA 	TR 148 | TR1 74 | TR2 74
231.1414 	DATA 	Keypress: 5
231.1414 	DATA 	TR 149 | TR1 75 | TR2 74
232.6912 	DATA 	Keypress: 5
232.6913 	DATA 	TR 150 | TR1 75 | TR2 75
233.2911 	DATA 	
233.2911 	DATA 	stimulation stopped
233.2911 	DATA 	
234.2577 	DATA 	Keypress: 5
234.2577 	DATA 	TR 151 | TR1 76 | TR2 75
235.8075 	DATA 	Keypress: 5
235.8076 	DATA 	TR 152 | TR1 76 | TR2 76
237.3907 	DATA 	Keypress: 5
237.3908 	DATA 	TR 153 | TR1 77 | TR2 76
238.9406 	DATA 	Keypress: 5
238.9407 	DATA 	TR 154 | TR1 77 | TR2 77
240.5071 	DATA 	Keypress: 5
240.5072 	DATA 	TR 155 | TR1 78 | TR2 77
242.0570 	DATA 	Keypress: 5
242.0570 	DATA 	TR 156 | TR1 78 | TR2 78
243.6235 	DATA 	Keypress: 5
243.6235 	DATA 	TR 157 | TR1 79 | TR2 78
245.1739 	DATA 	Keypress: 5
245.1900 	DATA 	TR 158 | TR1 79 | TR2 79
246.7565 	DATA 	Keypress: 5
246.7566 	DATA 	TR 159 | TR1 80 | TR2 79
248.3064 	DATA 	Keypress: 5
248.3064 	DATA 	TR 160 | TR1 80 | TR2 80
249.8729 	DATA 	Keypress: 5
249.8730 	DATA 	TR 161 | TR1 81 | TR2 80
251.4228 	DATA 	Keypress: 5
251.4228 	DATA 	TR 162 | TR1 81 | TR2 81
253.0060 	DATA 	Keypress: 5
253.0060 	DATA 	TR 163 | TR1 82 | TR2 81
254.5558 	DATA 	Keypress: 5
254.5558 	DATA 	TR 164 | TR1 82 | TR2 82
256.1224 	DATA 	Keypress: 5
256.1224 	DATA 	TR 165 | TR1 83 | TR2 82
257.6722 	DATA 	Keypress: 5
257.6722 	DATA 	TR 166 | TR1 83 | TR2 83
259.2387 	DATA 	Keypress: 5
259.2388 	DATA 	TR 167 | TR1 84 | TR2 83
260.8052 	DATA 	Keypress: 5
260.8053 	DATA 	TR 168 | TR1 84 | TR2 84
262.3718 	DATA 	Keypress: 5
262.3718 	DATA 	TR 169 | TR1 85 | TR2 84
263.9218 	DATA 	Keypress: 5
263.9218 	DATA 	TR 170 | TR1 85 | TR2 85
265.4882 	DATA 	Keypress: 5
265.4882 	DATA 	TR 171 | TR1 86 | TR2 85
267.0380 	DATA 	Keypress: 5
267.0380 	DATA 	TR 172 | TR1 86 | TR2 86
268.6212 	DATA 	Keypress: 5
268.6213 	DATA 	TR 173 | TR1 87 | TR2 86
270.1710 	DATA 	Keypress: 5
270.1711 	DATA 	TR 174 | TR1 87 | TR2 87
271.7377 	DATA 	Keypress: 5
271.7378 	DATA 	TR 175 | TR1 88 | TR2 87
273.2874 	DATA 	Keypress: 5
273.2875 	DATA 	TR 176 | TR1 88 | TR2 88
273.2875 	DATA 	
273.2875 	DATA 	Trial complete
273.2875 	DATA 	Waiting for VASO trigger to start next trial
273.2875 	DATA 	
274.8706 	DATA 	Keypress: 5
274.8707 	DATA 	Waited 1.5831809043884277 seconds for trigger
274.8715 	DATA 	
274.8715 	DATA 	Trial 7
274.8715 	DATA 	stimDur = 4.0
274.8715 	DATA 	jitter = 1.5705
274.8715 	DATA 	restDur = 24.0

274.8715 	DATA 	
274.8715 	DATA 	TR 177 | TR1 89 | TR2 88
276.4205 	DATA 	Keypress: 5
276.4205 	DATA 	TR 178 | TR1 89 | TR2 89
276.4540 	DATA 	
276.4540 	DATA 	stimulation started
276.4540 	DATA 	
277.9871 	DATA 	Keypress: 5
277.9871 	DATA 	TR 179 | TR1 90 | TR2 89
279.5369 	DATA 	Keypress: 5
279.5370 	DATA 	TR 180 | TR1 90 | TR2 90
280.4534 	DATA 	
280.4535 	DATA 	stimulation stopped
280.4535 	DATA 	
281.1034 	DATA 	Keypress: 5
281.1035 	DATA 	TR 181 | TR1 91 | TR2 90
282.6532 	DATA 	Keypress: 5
282.6533 	DATA 	TR 182 | TR1 91 | TR2 91
284.2364 	DATA 	Keypress: 5
284.2365 	DATA 	TR 183 | TR1 92 | TR2 91
285.7863 	DATA 	Keypress: 5
285.7863 	DATA 	TR 184 | TR1 92 | TR2 92
285.8363 	DATA 	Target presented
286.3863 	DATA 	Keypress: 1
286.3864 	DATA 	Key1 pressed
286.3864 	DATA 	Target detected
287.3528 	DATA 	Keypress: 5
287.3528 	DATA 	TR 185 | TR1 93 | TR2 92
288.9026 	DATA 	Keypress: 5
288.9028 	DATA 	TR 186 | TR1 93 | TR2 93
290.4858 	DATA 	Keypress: 5
290.4859 	DATA 	TR 187 | TR1 94 | TR2 93
292.0358 	DATA 	Keypress: 5
292.0358 	DATA 	TR 188 | TR1 94 | TR2 94
293.6022 	DATA 	Keypress: 5
293.6023 	DATA 	TR 189 | TR1 95 | TR2 94
295.1521 	DATA 	Keypress: 5
295.1522 	DATA 	TR 190 | TR1 95 | TR2 95
296.7192 	DATA 	Keypress: 5
296.7353 	DATA 	TR 191 | TR1 96 | TR2 95
298.2852 	DATA 	Keypress: 5
298.2852 	DATA 	TR 192 | TR1 96 | TR2 96
299.8517 	DATA 	Keypress: 5
299.8517 	DATA 	TR 193 | TR1 97 | TR2 96
301.4015 	DATA 	Keypress: 5
301.4016 	DATA 	TR 194 | TR1 97 | TR2 97
302.9680 	DATA 	Keypress: 5
302.9681 	DATA 	TR 195 | TR1 98 | TR2 97
304.4512 	DATA 	
304.4512 	DATA 	Trial complete
304.4512 	DATA 	Waiting for VASO trigger to start next trial
304.4512 	DATA 	
304.5178 	DATA 	Keypress: 5
304.5179 	DATA 	TR 196 | TR1 98 | TR2 98
306.1011 	DATA 	Keypress: 5
306.1011 	DATA 	Waited 1.6498901844024658 seconds for trigger
306.1019 	DATA 	
306.1019 	DATA 	Trial 8
306.1019 	DATA 	stimDur = 4.0
306.1019 	DATA 	jitter = 0.78525
306.1019 	DATA 	restDur = 24.0

306.1019 	DATA 	
306.1019 	DATA 	TR 197 | TR1 99 | TR2 98
306.9010 	DATA 	
306.9010 	DATA 	stimulation started
306.9010 	DATA 	
307.6512 	DATA 	Keypress: 5
307.6512 	DATA 	TR 198 | TR1 99 | TR2 99
309.2175 	DATA 	Keypress: 5
309.2175 	DATA 	TR 199 | TR1 100 | TR2 99
310.7674 	DATA 	Keypress: 5
310.7674 	DATA 	TR 200 | TR1 100 | TR2 100
310.9006 	DATA 	
310.9007 	DATA 	stimulation stopped
310.9007 	DATA 	
312.3505 	DATA 	Keypress: 5
312.3505 	DATA 	TR 201 | TR1 101 | TR2 100
313.9005 	DATA 	Keypress: 5
313.9006 	DATA 	TR 202 | TR1 101 | TR2 101
315.4670 	DATA 	Keypress: 5
315.4671 	DATA 	TR 203 | TR1 102 | TR2 101
317.0164 	DATA 	Keypress: 5
317.0165 	DATA 	TR 204 | TR1 102 | TR2 102
318.5830 	DATA 	Keypress: 5
318.5830 	DATA 	TR 205 | TR1 103 | TR2 102
320.1338 	DATA 	Keypress: 5
320.1499 	DATA 	TR 206 | TR1 103 | TR2 103
321.7163 	DATA 	Keypress: 5
321.7164 	DATA 	TR 207 | TR1 104 | TR2 103
323.2662 	DATA 	Keypress: 5
323.2663 	DATA 	TR 208 | TR1 104 | TR2 104
324.8327 	DATA 	Keypress: 5
324.8328 	DATA 	TR 209 | TR1 105 | TR2 104
326.3826 	DATA 	Keypress: 5
326.3827 	DATA 	TR 210 | TR1 105 | TR2 105
327.9658 	DATA 	Keypress: 5
327.9658 	DATA 	TR 211 | TR1 106 | TR2 105
329.5156 	DATA 	Keypress: 5
329.5157 	DATA 	TR 212 | TR1 106 | TR2 106
331.0821 	DATA 	Keypress: 5
331.0822 	DATA 	TR 213 | TR1 107 | TR2 106
332.6319 	DATA 	Keypress: 5
332.6320 	DATA 	TR 214 | TR1 107 | TR2 107
334.2151 	DATA 	Keypress: 5
334.2152 	DATA 	TR 215 | TR1 108 | TR2 107
334.8980 	DATA 	
334.8980 	DATA 	Trial complete
334.8981 	DATA 	Waiting for VASO trigger to start next trial
334.8981 	DATA 	
335.7649 	DATA 	Keypress: 5
335.7650 	DATA 	TR 216 | TR1 108 | TR2 108
337.3312 	DATA 	Keypress: 5
337.3313 	DATA 	Waited 2.433189868927002 seconds for trigger
337.3320 	DATA 	
337.3320 	DATA 	Trial 9
337.3320 	DATA 	stimDur = 2.0
337.3320 	DATA 	jitter = 0.0
337.3320 	DATA 	restDur = 22.0

337.3320 	DATA 	
337.3320 	DATA 	TR 217 | TR1 109 | TR2 108
337.3321 	DATA 	
337.3321 	DATA 	stimulation started
337.3321 	DATA 	
338.8814 	DATA 	Keypress: 5
338.8815 	DATA 	TR 218 | TR1 109 | TR2 109
339.3314 	DATA 	
339.3314 	DATA 	stimulation stopped
339.3314 	DATA 	
340.4476 	DATA 	Keypress: 5
340.4477 	DATA 	TR 219 | TR1 110 | TR2 109
341.9977 	DATA 	Keypress: 5
341.9978 	DATA 	TR 220 | TR1 110 | TR2 110
343.5809 	DATA 	Keypress: 5
343.5809 	DATA 	TR 221 | TR1 111 | TR2 110
345.1305 	DATA 	Keypress: 5
345.1306 	DATA 	TR 222 | TR1 111 | TR2 111
346.6976 	DATA 	Keypress: 5
346.6976 	DATA 	TR 223 | TR1 112 | TR2 111
348.2472 	DATA 	Keypress: 5
348.2473 	DATA 	TR 224 | TR1 112 | TR2 112
349.8304 	DATA 	Keypress: 5
349.8304 	DATA 	TR 225 | TR1 113 | TR2 112
351.3803 	DATA 	Keypress: 5
351.3803 	DATA 	TR 226 | TR1 113 | TR2 113
352.9468 	DATA 	Keypress: 5
352.9468 	DATA 	TR 227 | TR1 114 | TR2 113
354.4968 	DATA 	Keypress: 5
354.4968 	DATA 	TR 228 | TR1 114 | TR2 114
356.0637 	DATA 	Keypress: 5
356.0797 	DATA 	TR 229 | TR1 115 | TR2 114
357.6298 	DATA 	Keypress: 5
357.6299 	DATA 	TR 230 | TR1 115 | TR2 115
359.1962 	DATA 	Keypress: 5
359.1962 	DATA 	TR 231 | TR1 116 | TR2 115
360.7460 	DATA 	Keypress: 5
360.7461 	DATA 	TR 232 | TR1 116 | TR2 116
361.3459 	DATA 	
361.3460 	DATA 	Trial complete
361.3460 	DATA 	Waiting for VASO trigger to start next trial
361.3460 	DATA 	
362.3127 	DATA 	Keypress: 5
362.3128 	DATA 	Waited 0.966785192489624 seconds for trigger
362.3135 	DATA 	
362.3135 	DATA 	Trial 10
362.3135 	DATA 	stimDur = 4.0
362.3136 	DATA 	jitter = 0.0
362.3136 	DATA 	restDur = 24.0

362.3136 	DATA 	
362.3136 	DATA 	TR 233 | TR1 117 | TR2 116
362.3136 	DATA 	
362.3136 	DATA 	stimulation started
362.3136 	DATA 	
363.8625 	DATA 	Keypress: 5
363.8625 	DATA 	TR 234 | TR1 117 | TR2 117
365.4458 	DATA 	Keypress: 5
365.4458 	DATA 	TR 235 | TR1 118 | TR2 117
365.5623 	DATA 	Target presented
366.0623 	DATA 	Keypress: 1
366.0623 	DATA 	Key1 pressed
366.0623 	DATA 	Target detected
366.3289 	DATA 	
366.3289 	DATA 	stimulation stopped
366.3289 	DATA 	
366.9955 	DATA 	Keypress: 5
366.9955 	DATA 	TR 236 | TR1 118 | TR2 118
368.5621 	DATA 	Keypress: 5
368.5622 	DATA 	TR 237 | TR1 119 | TR2 118
370.1119 	DATA 	Keypress: 5
370.1119 	DATA 	TR 238 | TR1 119 | TR2 119
371.6950 	DATA 	Keypress: 5
371.6951 	DATA 	TR 239 | TR1 120 | TR2 119
373.2449 	DATA 	Keypress: 5
373.2450 	DATA 	TR 240 | TR1 120 | TR2 120
374.8112 	DATA 	Keypress: 5
374.8113 	DATA 	TR 241 | TR1 121 | TR2 120
376.3613 	DATA 	Keypress: 5
376.3613 	DATA 	TR 242 | TR1 121 | TR2 121
377.9278 	DATA 	Keypress: 5
377.9279 	DATA 	TR 243 | TR1 122 | TR2 121
379.4782 	DATA 	Keypress: 5
379.4943 	DATA 	TR 244 | TR1 122 | TR2 122
381.0608 	DATA 	Keypress: 5
381.0609 	DATA 	TR 245 | TR1 123 | TR2 122
382.6107 	DATA 	Keypress: 5
382.6107 	DATA 	TR 246 | TR1 123 | TR2 123
384.1772 	DATA 	Keypress: 5
384.1772 	DATA 	TR 247 | TR1 124 | TR2 123
385.7271 	DATA 	Keypress: 5
385.7271 	DATA 	TR 248 | TR1 124 | TR2 124
387.3102 	DATA 	Keypress: 5
387.3103 	DATA 	TR 249 | TR1 125 | TR2 124
388.8602 	DATA 	Keypress: 5
388.8602 	DATA 	TR 250 | TR1 125 | TR2 125
390.3266 	DATA 	
390.3266 	DATA 	Trial complete
390.3266 	DATA 	Waiting for VASO trigger to start next trial
390.3266 	DATA 	
390.4266 	DATA 	Keypress: 5
390.4267 	DATA 	Waited 0.10001897811889648 seconds for trigger
390.4274 	DATA 	
390.4274 	DATA 	Trial 11
390.4274 	DATA 	stimDur = 4.0
390.4274 	DATA 	jitter = 2.35575
390.4274 	DATA 	restDur = 24.0

390.4275 	DATA 	
390.4275 	DATA 	TR 251 | TR1 126 | TR2 125
391.9767 	DATA 	Keypress: 5
391.9767 	DATA 	TR 252 | TR1 126 | TR2 126
392.7930 	DATA 	
392.7930 	DATA 	stimulation started
392.7930 	DATA 	
393.5431 	DATA 	Keypress: 5
393.5431 	DATA 	TR 253 | TR1 127 | TR2 126
395.1096 	DATA 	Keypress: 5
395.1096 	DATA 	TR 254 | TR1 127 | TR2 127
396.6761 	DATA 	Keypress: 5
396.6761 	DATA 	TR 255 | TR1 128 | TR2 127
396.7927 	DATA 	
396.7927 	DATA 	stimulation stopped
396.7927 	DATA 	
398.2261 	DATA 	Keypress: 5
398.2261 	DATA 	TR 256 | TR1 128 | TR2 128
399.7924 	DATA 	Keypress: 5
399.7925 	DATA 	TR 257 | TR1 129 | TR2 128
401.3423 	DATA 	Keypress: 5
401.3424 	DATA 	TR 258 | TR1 129 | TR2 129
402.9255 	DATA 	Keypress: 5
402.9255 	DATA 	TR 259 | TR1 130 | TR2 129
404.4753 	DATA 	Keypress: 5
404.4754 	DATA 	TR 260 | TR1 130 | TR2 130
406.0418 	DATA 	Keypress: 5
406.0419 	DATA 	TR 261 | TR1 131 | TR2 130
407.5917 	DATA 	Keypress: 5
407.5918 	DATA 	TR 262 | TR1 131 | TR2 131
409.1749 	DATA 	Keypress: 5
409.1749 	DATA 	TR 263 | TR1 132 | TR2 131
410.7248 	DATA 	Keypress: 5
410.7248 	DATA 	TR 264 | TR1 132 | TR2 132
412.2913 	DATA 	Keypress: 5
412.2913 	DATA 	TR 265 | TR1 133 | TR2 132
413.8412 	DATA 	Keypress: 5
413.8412 	DATA 	TR 266 | TR1 133 | TR2 133
415.4076 	DATA 	Keypress: 5
415.4077 	DATA 	TR 267 | TR1 134 | TR2 133
416.9581 	DATA 	Keypress: 5
416.9741 	DATA 	TR 268 | TR1 134 | TR2 134
418.5408 	DATA 	Keypress: 5
418.5409 	DATA 	TR 269 | TR1 135 | TR2 134
420.0906 	DATA 	Keypress: 5
420.0906 	DATA 	TR 270 | TR1 135 | TR2 135
420.7905 	DATA 	
420.7905 	DATA 	Trial complete
420.7905 	DATA 	Waiting for VASO trigger to start next trial
420.7905 	DATA 	
421.6570 	DATA 	Keypress: 5
421.6571 	DATA 	Waited 0.8665878772735596 seconds for trigger
421.6578 	DATA 	
421.6579 	DATA 	Trial 12
421.6579 	DATA 	stimDur = 2.0
421.6579 	DATA 	jitter = 2.35575
421.6579 	DATA 	restDur = 22.0

421.6579 	DATA 	
421.6579 	DATA 	TR 271 | TR1 136 | TR2 135
423.2070 	DATA 	Keypress: 5
423.2070 	DATA 	TR 272 | TR1 136 | TR2 136
424.0235 	DATA 	
424.0235 	DATA 	stimulation started
424.0235 	DATA 	
424.7902 	DATA 	Keypress: 5
424.7902 	DATA 	TR 273 | TR1 137 | TR2 136
426.0234 	DATA 	
426.0234 	DATA 	stimulation stopped
426.0234 	DATA 	
426.3400 	DATA 	Keypress: 5
426.3401 	DATA 	TR 274 | TR1 137 | TR2 137
427.9066 	DATA 	Keypress: 5
427.9067 	DATA 	TR 275 | TR1 138 | TR2 137
429.4564 	DATA 	Keypress: 5
429.4564 	DATA 	TR 276 | TR1 138 | TR2 138
431.0235 	DATA 	Keypress: 5
431.0395 	DATA 	TR 277 | TR1 139 | TR2 138
432.5894 	DATA 	Keypress: 5
432.5895 	DATA 	TR 278 | TR1 139 | TR2 139
434.1559 	DATA 	Keypress: 5
434.1560 	DATA 	TR 279 | TR1 140 | TR2 139
434.4892 	DATA 	Target presented
435.0892 	DATA 	Keypress: 1
435.0893 	DATA 	Key1 pressed
435.0893 	DATA 	Target detected
435.7058 	DATA 	Keypress: 5
435.7058 	DATA 	TR 280 | TR1 140 | TR2 140
437.2723 	DATA 	Keypress: 5
437.2724 	DATA 	TR 281 | TR1 141 | TR2 140
438.8222 	DATA 	Keypress: 5
438.8222 	DATA 	TR 282 | TR1 141 | TR2 141
440.4053 	DATA 	Keypress: 5
440.4054 	DATA 	TR 283 | TR1 142 | TR2 141
441.9552 	DATA 	Keypress: 5
441.9553 	DATA 	TR 284 | TR1 142 | TR2 142
443.5218 	DATA 	Keypress: 5
443.5218 	DATA 	TR 285 | TR1 143 | TR2 142
445.0716 	DATA 	Keypress: 5
445.0717 	DATA 	TR 286 | TR1 143 | TR2 143
446.6548 	DATA 	Keypress: 5
446.6548 	DATA 	TR 287 | TR1 144 | TR2 143
448.0213 	DATA 	
448.0213 	DATA 	Trial complete
448.0213 	DATA 	Waiting for VASO trigger to start next trial
448.0213 	DATA 	
448.2048 	DATA 	Keypress: 5
448.2048 	DATA 	TR 288 | TR1 144 | TR2 144
449.7712 	DATA 	Keypress: 5
449.7712 	DATA 	Waited 1.7498891353607178 seconds for trigger
449.7720 	DATA 	
449.7720 	DATA 	Trial 13
449.7720 	DATA 	stimDur = 2.0
449.7720 	DATA 	jitter = 1.5705
449.7720 	DATA 	restDur = 22.0

449.7720 	DATA 	
449.7720 	DATA 	TR 289 | TR1 145 | TR2 144
451.3210 	DATA 	Keypress: 5
451.3211 	DATA 	TR 290 | TR1 145 | TR2 145
451.3543 	DATA 	
451.3543 	DATA 	stimulation started
451.3543 	DATA 	
452.8876 	DATA 	Keypress: 5
452.8876 	DATA 	TR 291 | TR1 146 | TR2 145
453.3542 	DATA 	
453.3542 	DATA 	stimulation stopped
453.3542 	DATA 	
454.4541 	DATA 	Keypress: 5
454.4541 	DATA 	TR 292 | TR1 146 | TR2 146
456.0206 	DATA 	Keypress: 5
456.0207 	DATA 	TR 293 | TR1 147 | TR2 146
457.5704 	DATA 	Keypress: 5
457.5704 	DATA 	TR 294 | TR1 147 | TR2 147
459.1369 	DATA 	Keypress: 5
459.1370 	DATA 	TR 295 | TR1 148 | TR2 147
460.6869 	DATA 	Keypress: 5
460.6869 	DATA 	TR 296 | TR1 148 | TR2 148
462.2700 	DATA 	Keypress: 5
462.2700 	DATA 	TR 297 | TR1 149 | TR2 148
463.8199 	DATA 	Keypress: 5
463.8199 	DATA 	TR 298 | TR1 149 | TR2 149
465.3864 	DATA 	Keypress: 5
465.3864 	DATA 	TR 299 | TR1 150 | TR2 149
466.9363 	DATA 	Keypress: 5
466.9363 	DATA 	TR 300 | TR1 150 | TR2 150
468.5194 	DATA 	Keypress: 5
468.5195 	DATA 	TR 301 | TR1 151 | TR2 150
470.0693 	DATA 	Keypress: 5
470.0694 	DATA 	TR 302 | TR1 151 | TR2 151
471.6358 	DATA 	Keypress: 5
471.6358 	DATA 	TR 303 | TR1 152 | TR2 151
473.1857 	DATA 	Keypress: 5
473.1857 	DATA 	TR 304 | TR1 152 | TR2 152
474.7522 	DATA 	Keypress: 5
474.7522 	DATA 	TR 305 | TR1 153 | TR2 152
475.0022 	DATA 	Target presented
475.3521 	DATA 	
475.3521 	DATA 	Trial complete
475.3521 	DATA 	Waiting for VASO trigger to start next trial
475.3521 	DATA 	
475.4855 	DATA 	Keypress: 1
475.4855 	DATA 	Key1 pressed
475.4855 	DATA 	Target detected
476.3020 	DATA 	Keypress: 5
476.3021 	DATA 	TR 306 | TR1 153 | TR2 153
477.8852 	DATA 	Keypress: 5
477.8853 	DATA 	Waited 2.533147096633911 seconds for trigger
477.8861 	DATA 	
477.8861 	DATA 	Trial 14
477.8861 	DATA 	stimDur = 24.0
477.8861 	DATA 	jitter = 2.35575
477.8861 	DATA 	restDur = 40.0

477.8861 	DATA 	
477.8861 	DATA 	TR 307 | TR1 154 | TR2 153
479.4351 	DATA 	Keypress: 5
479.4352 	DATA 	TR 308 | TR1 154 | TR2 154
480.2517 	DATA 	
480.2517 	DATA 	stimulation started
480.2517 	DATA 	
481.0018 	DATA 	Keypress: 5
481.0018 	DATA 	TR 309 | TR1 155 | TR2 154
482.5516 	DATA 	Keypress: 5
482.5516 	DATA 	TR 310 | TR1 155 | TR2 155
484.1347 	DATA 	Keypress: 5
484.1348 	DATA 	TR 311 | TR1 156 | TR2 155
485.6846 	DATA 	Keypress: 5
485.6846 	DATA 	TR 312 | TR1 156 | TR2 156
487.2511 	DATA 	Keypress: 5
487.2512 	DATA 	TR 313 | TR1 157 | TR2 156
488.8009 	DATA 	Keypress: 5
488.8010 	DATA 	TR 314 | TR1 157 | TR2 157
490.3675 	DATA 	Keypress: 5
490.3675 	DATA 	TR 315 | TR1 158 | TR2 157
491.9340 	DATA 	Keypress: 5
491.9341 	DATA 	TR 316 | TR1 158 | TR2 158
493.5005 	DATA 	Keypress: 5
493.5006 	DATA 	TR 317 | TR1 159 | TR2 158
495.0504 	DATA 	Keypress: 5
495.0504 	DATA 	TR 318 | TR1 159 | TR2 159
496.6169 	DATA 	Keypress: 5
496.6169 	DATA 	TR 319 | TR1 160 | TR2 159
498.1668 	DATA 	Keypress: 5
498.1668 	DATA 	TR 320 | TR1 160 | TR2 160
499.7499 	DATA 	Keypress: 5
499.7500 	DATA 	TR 321 | TR1 161 | TR2 160
501.2998 	DATA 	Keypress: 5
501.2998 	DATA 	TR 322 | TR1 161 | TR2 161
502.8663 	DATA 	Keypress: 5
502.8664 	DATA 	TR 323 | TR1 162 | TR2 161
504.2495 	DATA 	
504.2495 	DATA 	stimulation stopped
504.2495 	DATA 	
504.4162 	DATA 	Keypress: 5
504.4162 	DATA 	TR 324 | TR1 162 | TR2 162
505.9993 	DATA 	Keypress: 5
505.9994 	DATA 	TR 325 | TR1 163 | TR2 162
507.5492 	DATA 	Keypress: 5
507.5492 	DATA 	TR 326 | TR1 163 | TR2 163
509.1157 	DATA 	Keypress: 5
509.1158 	DATA 	TR 327 | TR1 164 | TR2 163
510.6656 	DATA 	Keypress: 5
510.6656 	DATA 	TR 328 | TR1 164 | TR2 164
512.2321 	DATA 	Keypress: 5
512.2322 	DATA 	TR 329 | TR1 165 | TR2 164
513.7825 	DATA 	Keypress: 5
513.7986 	DATA 	TR 330 | TR1 165 | TR2 165
515.3652 	DATA 	Keypress: 5
515.3653 	DATA 	TR 331 | TR1 166 | TR2 165
516.9150 	DATA 	Keypress: 5
516.9150 	DATA 	TR 332 | TR1 166 | TR2 166
518.4815 	DATA 	Keypress: 5
518.4817 	DATA 	TR 333 | TR1 167 | TR2 166
520.0313 	DATA 	Keypress: 5
520.0314 	DATA 	TR 334 | TR1 167 | TR2 167
521.6146 	DATA 	Keypress: 5
521.6147 	DATA 	TR 335 | TR1 168 | TR2 167
523.1644 	DATA 	Keypress: 5
523.1645 	DATA 	TR 336 | TR1 168 | TR2 168
524.7309 	DATA 	Keypress: 5
524.7310 	DATA 	TR 337 | TR1 169 | TR2 168
526.2808 	DATA 	Keypress: 5
526.2808 	DATA 	TR 338 | TR1 169 | TR2 169
527.8473 	DATA 	Keypress: 5
527.8474 	DATA 	TR 339 | TR1 170 | TR2 169
529.4138 	DATA 	Keypress: 5
529.4139 	DATA 	TR 340 | TR1 170 | TR2 170
530.9804 	DATA 	Keypress: 5
530.9804 	DATA 	TR 341 | TR1 171 | TR2 170
532.5303 	DATA 	Keypress: 5
532.5304 	DATA 	TR 342 | TR1 171 | TR2 171
534.0967 	DATA 	Keypress: 5
534.0968 	DATA 	TR 343 | TR1 172 | TR2 171
535.2300 	DATA 	Target presented
535.6466 	DATA 	Keypress: 5
535.6466 	DATA 	TR 344 | TR1 172 | TR2 172
535.8299 	DATA 	Keypress: 1
535.8299 	DATA 	Key1 pressed
535.8299 	DATA 	Target detected
537.2298 	DATA 	Keypress: 5
537.2298 	DATA 	TR 345 | TR1 173 | TR2 172
538.7796 	DATA 	Keypress: 5
538.7797 	DATA 	TR 346 | TR1 173 | TR2 173
540.3463 	DATA 	Keypress: 5
540.3463 	DATA 	TR 347 | TR1 174 | TR2 173
541.8960 	DATA 	Keypress: 5
541.8960 	DATA 	TR 348 | TR1 174 | TR2 174
543.4793 	DATA 	Keypress: 5
543.4794 	DATA 	TR 349 | TR1 175 | TR2 174
544.2457 	DATA 	
544.2458 	DATA 	Trial complete
544.2458 	DATA 	Waiting for VASO trigger to start next trial
544.2458 	DATA 	
545.0290 	DATA 	Keypress: 5
545.0291 	DATA 	TR 350 | TR1 175 | TR2 175
546.5956 	DATA 	Keypress: 5
546.5957 	DATA 	Waited 2.3498740196228027 seconds for trigger
546.5965 	DATA 	
546.5965 	DATA 	Trial 15
546.5965 	DATA 	stimDur = 1.0
546.5965 	DATA 	jitter = 2.35575
546.5965 	DATA 	restDur = 20.0

546.5965 	DATA 	
546.5965 	DATA 	TR 351 | TR1 176 | TR2 175
548.1454 	DATA 	Keypress: 5
548.1455 	DATA 	TR 352 | TR1 176 | TR2 176
548.9620 	DATA 	
548.9620 	DATA 	stimulation started
548.9620 	DATA 	
549.7121 	DATA 	Keypress: 5
549.7121 	DATA 	TR 353 | TR1 177 | TR2 176
549.9619 	DATA 	
549.9620 	DATA 	stimulation stopped
549.9620 	DATA 	
551.2624 	DATA 	Keypress: 5
551.2784 	DATA 	TR 354 | TR1 177 | TR2 177
552.8450 	DATA 	Keypress: 5
552.8451 	DATA 	TR 355 | TR1 178 | TR2 177
554.3950 	DATA 	Keypress: 5
554.3950 	DATA 	TR 356 | TR1 178 | TR2 178
555.9614 	DATA 	Keypress: 5
555.9615 	DATA 	TR 357 | TR1 179 | TR2 178
557.5112 	DATA 	Keypress: 5
557.5113 	DATA 	TR 358 | TR1 179 | TR2 179
559.0944 	DATA 	Keypress: 5
559.0945 	DATA 	TR 359 | TR1 180 | TR2 179
560.6443 	DATA 	Keypress: 5
560.6443 	DATA 	TR 360 | TR1 180 | TR2 180
562.2108 	DATA 	Keypress: 5
562.2109 	DATA 	TR 361 | TR1 181 | TR2 180
563.7608 	DATA 	Keypress: 5
563.7608 	DATA 	TR 362 | TR1 181 | TR2 181
565.3278 	DATA 	Keypress: 5
565.3438 	DATA 	TR 363 | TR1 182 | TR2 181
566.8939 	DATA 	Keypress: 5
566.8940 	DATA 	TR 364 | TR1 182 | TR2 182
568.4603 	DATA 	Keypress: 5
568.4603 	DATA 	TR 365 | TR1 183 | TR2 182
569.9601 	DATA 	
569.9601 	DATA 	Trial complete
569.9601 	DATA 	Waiting for VASO trigger to start next trial
569.9601 	DATA 	
570.0102 	DATA 	Keypress: 5
570.0102 	DATA 	TR 366 | TR1 183 | TR2 183
571.5766 	DATA 	Keypress: 5
571.5767 	DATA 	Waited 1.616581916809082 seconds for trigger
571.5774 	DATA 	
571.5775 	DATA 	Trial 16
571.5775 	DATA 	stimDur = 12.0
571.5775 	DATA 	jitter = 0.0
571.5775 	DATA 	restDur = 30.0

571.5775 	DATA 	
571.5775 	DATA 	TR 367 | TR1 184 | TR2 183
571.5775 	DATA 	
571.5775 	DATA 	stimulation started
571.5775 	DATA 	
573.1265 	DATA 	Keypress: 5
573.1266 	DATA 	TR 368 | TR1 184 | TR2 184
574.7097 	DATA 	Keypress: 5
574.7098 	DATA 	TR 369 | TR1 185 | TR2 184
576.2595 	DATA 	Keypress: 5
576.2596 	DATA 	TR 370 | TR1 185 | TR2 185
577.8262 	DATA 	Keypress: 5
577.8263 	DATA 	TR 371 | TR1 186 | TR2 185
579.3759 	DATA 	Keypress: 5
579.3760 	DATA 	TR 372 | TR1 186 | TR2 186
580.9592 	DATA 	Keypress: 5
580.9592 	DATA 	TR 373 | TR1 187 | TR2 186
582.5090 	DATA 	Keypress: 5
582.5090 	DATA 	TR 374 | TR1 187 | TR2 187
583.5922 	DATA 	
583.5922 	DATA 	stimulation stopped
583.5922 	DATA 	
584.0755 	DATA 	Keypress: 5
584.0755 	DATA 	TR 375 | TR1 188 | TR2 187
585.6253 	DATA 	Keypress: 5
585.6253 	DATA 	TR 376 | TR1 188 | TR2 188
587.1918 	DATA 	Keypress: 5
587.1919 	DATA 	TR 377 | TR1 189 | TR2 188
588.7583 	DATA 	Keypress: 5
588.7584 	DATA 	TR 378 | TR1 189 | TR2 189
590.3249 	DATA 	Keypress: 5
590.3249 	DATA 	TR 379 | TR1 190 | TR2 189
591.8747 	DATA 	Keypress: 5
591.8748 	DATA 	TR 380 | TR1 190 | TR2 190
593.4413 	DATA 	Keypress: 5
593.4413 	DATA 	TR 381 | TR1 191 | TR2 190
594.9911 	DATA 	Keypress: 5
594.9911 	DATA 	TR 382 | TR1 191 | TR2 191
595.5077 	DATA 	Target presented
595.9577 	DATA 	Keypress: 1
595.9578 	DATA 	Key1 pressed
595.9578 	DATA 	Target detected
596.5743 	DATA 	Keypress: 5
596.5743 	DATA 	TR 383 | TR1 192 | TR2 191
598.1241 	DATA 	Keypress: 5
598.1242 	DATA 	TR 384 | TR1 192 | TR2 192
599.6907 	DATA 	Keypress: 5
599.6907 	DATA 	TR 385 | TR1 193 | TR2 192
601.2404 	DATA 	Keypress: 5
601.2405 	DATA 	TR 386 | TR1 193 | TR2 193
602.8237 	DATA 	Keypress: 5
602.8238 	DATA 	TR 387 | TR1 194 | TR2 193
604.3736 	DATA 	Keypress: 5
604.3736 	DATA 	TR 388 | TR1 194 | TR2 194
605.9401 	DATA 	Keypress: 5
605.9402 	DATA 	TR 389 | TR1 195 | TR2 194
607.4899 	DATA 	Keypress: 5
607.4900 	DATA 	TR 390 | TR1 195 | TR2 195
609.0565 	DATA 	Keypress: 5
609.0565 	DATA 	TR 391 | TR1 196 | TR2 195
610.6063 	DATA 	Keypress: 5
610.6064 	DATA 	TR 392 | TR1 196 | TR2 196
612.1895 	DATA 	Keypress: 5
612.1896 	DATA 	TR 393 | TR1 197 | TR2 196
613.5894 	DATA 	
613.5894 	DATA 	Trial complete
613.5894 	DATA 	Waiting for VASO trigger to start next trial
613.5894 	DATA 	
613.7394 	DATA 	Keypress: 5
613.7394 	DATA 	TR 394 | TR1 197 | TR2 197
615.3059 	DATA 	Keypress: 5
615.3060 	DATA 	Waited 1.716581106185913 seconds for trigger
615.3067 	DATA 	
615.3068 	DATA 	Trial 17
615.3068 	DATA 	stimDur = 12.0
615.3068 	DATA 	jitter = 0.78525
615.3068 	DATA 	restDur = 30.0

615.3068 	DATA 	
615.3068 	DATA 	TR 395 | TR1 198 | TR2 197
616.1058 	DATA 	
616.1058 	DATA 	stimulation started
616.1058 	DATA 	
616.8558 	DATA 	Keypress: 5
616.8559 	DATA 	TR 396 | TR1 198 | TR2 198
618.4390 	DATA 	Keypress: 5
618.4391 	DATA 	TR 397 | TR1 199 | TR2 198
619.9888 	DATA 	Keypress: 5
619.9889 	DATA 	TR 398 | TR1 199 | TR2 199
621.5554 	DATA 	Keypress: 5
621.5554 	DATA 	TR 399 | TR1 200 | TR2 199
623.1052 	DATA 	Keypress: 5
623.1053 	DATA 	TR 400 | TR1 200 | TR2 200
624.6718 	DATA 	Keypress: 5
624.6718 	DATA 	TR 401 | TR1 201 | TR2 200
626.2382 	DATA 	Keypress: 5
626.2383 	DATA 	TR 402 | TR1 201 | TR2 201
627.8048 	DATA 	Keypress: 5
627.8049 	DATA 	TR 403 | TR1 202 | TR2 201
628.1049 	DATA 	
628.1049 	DATA 	stimulation stopped
628.1049 	DATA 	
629.3546 	DATA 	Keypress: 5
629.3546 	DATA 	TR 404 | TR1 202 | TR2 202
630.9211 	DATA 	Keypress: 5
630.9212 	DATA 	TR 405 | TR1 203 | TR2 202
632.4710 	DATA 	Keypress: 5
632.4710 	DATA 	TR 406 | TR1 203 | TR2 203
634.0542 	DATA 	Keypress: 5
634.0542 	DATA 	TR 407 | TR1 204 | TR2 203
635.6040 	DATA 	Keypress: 5
635.6041 	DATA 	TR 408 | TR1 204 | TR2 204
637.1706 	DATA 	Keypress: 5
637.1706 	DATA 	TR 409 | TR1 205 | TR2 204
638.7204 	DATA 	Keypress: 5
638.7205 	DATA 	TR 410 | TR1 205 | TR2 205
640.3036 	DATA 	Keypress: 5
640.3037 	DATA 	TR 411 | TR1 206 | TR2 205
641.8535 	DATA 	Keypress: 5
641.8535 	DATA 	TR 412 | TR1 206 | TR2 206
643.4200 	DATA 	Keypress: 5
643.4200 	DATA 	TR 413 | TR1 207 | TR2 206
644.9698 	DATA 	Keypress: 5
644.9698 	DATA 	TR 414 | TR1 207 | TR2 207
646.5364 	DATA 	Keypress: 5
646.5364 	DATA 	TR 415 | TR1 208 | TR2 207
648.1029 	DATA 	Keypress: 5
648.1029 	DATA 	TR 416 | TR1 208 | TR2 208
649.6694 	DATA 	Keypress: 5
649.6695 	DATA 	TR 417 | TR1 209 | TR2 208
651.2192 	DATA 	Keypress: 5
651.2193 	DATA 	TR 418 | TR1 209 | TR2 209
652.7858 	DATA 	Keypress: 5
652.7858 	DATA 	TR 419 | TR1 210 | TR2 209
654.3356 	DATA 	Keypress: 5
654.3357 	DATA 	TR 420 | TR1 210 | TR2 210
655.9188 	DATA 	Keypress: 5
655.9189 	DATA 	TR 421 | TR1 211 | TR2 210
657.4688 	DATA 	Keypress: 5
657.4689 	DATA 	TR 422 | TR1 211 | TR2 211
658.1020 	DATA 	
658.1020 	DATA 	Trial complete
658.1021 	DATA 	Waiting for VASO trigger to start next trial
658.1021 	DATA 	
659.0352 	DATA 	Keypress: 5
659.0353 	DATA 	Waited 0.9331998825073242 seconds for trigger
659.0361 	DATA 	
659.0361 	DATA 	Trial 18
659.0361 	DATA 	stimDur = 12.0
659.0361 	DATA 	jitter = 2.35575
659.0361 	DATA 	restDur = 30.0

659.0361 	DATA 	
659.0361 	DATA 	TR 423 | TR1 212 | TR2 211
660.5851 	DATA 	Keypress: 5
660.5851 	DATA 	TR 424 | TR1 212 | TR2 212
661.4016 	DATA 	
661.4016 	DATA 	stimulation started
661.4016 	DATA 	
662.1523 	DATA 	Keypress: 5
662.1682 	DATA 	TR 425 | TR1 213 | TR2 212
663.7181 	DATA 	Keypress: 5
663.7181 	DATA 	TR 426 | TR1 213 | TR2 213
665.2847 	DATA 	Keypress: 5
665.2848 	DATA 	TR 427 | TR1 214 | TR2 213
666.8345 	DATA 	Keypress: 5
666.8346 	DATA 	TR 428 | TR1 214 | TR2 214
668.1511 	DATA 	Target presented
668.4011 	DATA 	Keypress: 5
668.4011 	DATA 	TR 429 | TR1 215 | TR2 214
668.7010 	DATA 	Keypress: 1
668.7011 	DATA 	Key1 pressed
668.7011 	DATA 	Target detected
669.9509 	DATA 	Keypress: 5
669.9509 	DATA 	TR 430 | TR1 215 | TR2 215
671.5341 	DATA 	Keypress: 5
671.5342 	DATA 	TR 431 | TR1 216 | TR2 215
673.0839 	DATA 	Keypress: 5
673.0840 	DATA 	TR 432 | TR1 216 | TR2 216
673.4006 	DATA 	
673.4006 	DATA 	stimulation stopped
673.4006 	DATA 	
674.6501 	DATA 	Keypress: 5
674.6502 	DATA 	TR 433 | TR1 217 | TR2 216
676.2003 	DATA 	Keypress: 5
676.2003 	DATA 	TR 434 | TR1 217 | TR2 217
677.7835 	DATA 	Keypress: 5
677.7836 	DATA 	TR 435 | TR1 218 | TR2 217
679.3333 	DATA 	Keypress: 5
679.3334 	DATA 	TR 436 | TR1 218 | TR2 218
680.8999 	DATA 	Keypress: 5
680.8999 	DATA 	TR 437 | TR1 219 | TR2 218
682.4497 	DATA 	Keypress: 5
682.4498 	DATA 	TR 438 | TR1 219 | TR2 219
684.0162 	DATA 	Keypress: 5
684.0163 	DATA 	TR 439 | TR1 220 | TR2 219
685.5667 	DATA 	Keypress: 5
685.5828 	DATA 	TR 440 | TR1 220 | TR2 220
687.1493 	DATA 	Keypress: 5
687.1493 	DATA 	TR 441 | TR1 221 | TR2 220
688.6991 	DATA 	Keypress: 5
688.6992 	DATA 	TR 442 | TR1 221 | TR2 221
690.2657 	DATA 	Keypress: 5
690.2657 	DATA 	TR 443 | TR1 222 | TR2 221
691.8155 	DATA 	Keypress: 5
691.8155 	DATA 	TR 444 | TR1 222 | TR2 222
693.3987 	DATA 	Keypress: 5
693.3988 	DATA 	TR 445 | TR1 223 | TR2 222
694.9486 	DATA 	Keypress: 5
694.9486 	DATA 	TR 446 | TR1 223 | TR2 223
696.5151 	DATA 	Keypress: 5
696.5151 	DATA 	TR 447 | TR1 224 | TR2 223
698.0649 	DATA 	Keypress: 5
698.0650 	DATA 	TR 448 | TR1 224 | TR2 224
699.6481 	DATA 	Keypress: 5
699.6482 	DATA 	TR 449 | TR1 225 | TR2 224
701.1980 	DATA 	Keypress: 5
701.1980 	DATA 	TR 450 | TR1 225 | TR2 225
702.7647 	DATA 	Keypress: 5
702.7648 	DATA 	TR 451 | TR1 226 | TR2 225
703.3978 	DATA 	
703.3978 	DATA 	Trial complete
703.3978 	DATA 	Waiting for VASO trigger to start next trial
703.3978 	DATA 	
704.3143 	DATA 	Keypress: 5
704.3144 	DATA 	TR 452 | TR1 226 | TR2 226
705.8809 	DATA 	Keypress: 5
705.8809 	DATA 	Waited 2.4831199645996094 seconds for trigger
705.8817 	DATA 	
705.8817 	DATA 	Trial 19
705.8817 	DATA 	stimDur = 2.0
705.8817 	DATA 	jitter = 0.78525
705.8817 	DATA 	restDur = 22.0

705.8817 	DATA 	
705.8817 	DATA 	TR 453 | TR1 227 | TR2 226
706.6808 	DATA 	
706.6808 	DATA 	stimulation started
706.6808 	DATA 	
707.4308 	DATA 	Keypress: 5
707.4308 	DATA 	TR 454 | TR1 227 | TR2 227
708.6808 	DATA 	
708.6808 	DATA 	stimulation stopped
708.6808 	DATA 	
709.0140 	DATA 	Keypress: 5
709.0140 	DATA 	TR 455 | TR1 228 | TR2 227
710.5638 	DATA 	Keypress: 5
710.5638 	DATA 	TR 456 | TR1 228 | TR2 228
712.1303 	DATA 	Keypress: 5
712.1304 	DATA 	TR 457 | TR1 229 | TR2 228
713.6801 	DATA 	Keypress: 5
713.6802 	DATA 	TR 458 | TR1 229 | TR2 229
715.2634 	DATA 	Keypress: 5
715.2634 	DATA 	TR 459 | TR1 230 | TR2 229
716.8132 	DATA 	Keypress: 5
716.8132 	DATA 	TR 460 | TR1 230 | TR2 230
718.3797 	DATA 	Keypress: 5
718.3798 	DATA 	TR 461 | TR1 231 | TR2 230
719.9296 	DATA 	Keypress: 5
719.9296 	DATA 	TR 462 | TR1 231 | TR2 231
721.4963 	DATA 	Keypress: 5
721.4963 	DATA 	TR 463 | TR1 232 | TR2 231
723.0626 	DATA 	Keypress: 5
723.0627 	DATA 	TR 464 | TR1 232 | TR2 232
724.6291 	DATA 	Keypress: 5
724.6292 	DATA 	TR 465 | TR1 233 | TR2 232
726.1790 	DATA 	Keypress: 5
726.1791 	DATA 	TR 466 | TR1 233 | TR2 233
727.7455 	DATA 	Keypress: 5
727.7456 	DATA 	TR 467 | TR1 234 | TR2 233
729.2954 	DATA 	Keypress: 5
729.2954 	DATA 	TR 468 | TR1 234 | TR2 234
730.6786 	DATA 	
730.6786 	DATA 	Trial complete
730.6786 	DATA 	
730.8786 	DATA 	Keypress: 5
730.8786 	DATA 	Waited 27.48079204559326 seconds for trigger
730.8794 	DATA 	
730.8794 	DATA 	Trial 20
730.8794 	DATA 	stimDur = 24.0
730.8794 	DATA 	jitter = 0.78525
730.8794 	DATA 	restDur = 40.0

730.8794 	DATA 	
730.8794 	DATA 	TR 469 | TR1 235 | TR2 234
731.6785 	DATA 	
731.6785 	DATA 	stimulation started
731.6785 	DATA 	
732.4285 	DATA 	Keypress: 5
732.4286 	DATA 	TR 470 | TR1 235 | TR2 235
733.9950 	DATA 	Keypress: 5
733.9950 	DATA 	TR 471 | TR1 236 | TR2 235
735.5449 	DATA 	Keypress: 5
735.5449 	DATA 	TR 472 | TR1 236 | TR2 236
737.1121 	DATA 	Keypress: 5
737.1280 	DATA 	TR 473 | TR1 237 | TR2 236
738.0946 	DATA 	Target presented
738.6782 	DATA 	Keypress: 5
738.6782 	DATA 	TR 474 | TR1 237 | TR2 237
738.7613 	DATA 	Keypress: 1
738.7614 	DATA 	Key1 pressed
738.7614 	DATA 	Target detected
740.2444 	DATA 	Keypress: 5
740.2445 	DATA 	TR 475 | TR1 238 | TR2 237
741.7943 	DATA 	Keypress: 5
741.7943 	DATA 	TR 476 | TR1 238 | TR2 238
743.3608 	DATA 	Keypress: 5
743.3608 	DATA 	TR 477 | TR1 239 | TR2 238
744.9114 	DATA 	Keypress: 5
744.9273 	DATA 	TR 478 | TR1 239 | TR2 239
746.4940 	DATA 	Keypress: 5
746.4940 	DATA 	TR 479 | TR1 240 | TR2 239
748.0437 	DATA 	Keypress: 5
748.0438 	DATA 	TR 480 | TR1 240 | TR2 240
749.6103 	DATA 	Keypress: 5
749.6104 	DATA 	TR 481 | TR1 241 | TR2 240
751.1601 	DATA 	Keypress: 5
751.1602 	DATA 	TR 482 | TR1 241 | TR2 241
752.7433 	DATA 	Keypress: 5
752.7433 	DATA 	TR 483 | TR1 242 | TR2 241
754.2932 	DATA 	Keypress: 5
754.2932 	DATA 	TR 484 | TR1 242 | TR2 242
755.6763 	DATA 	
755.6763 	DATA 	stimulation stopped
755.6763 	DATA 	
755.8596 	DATA 	Keypress: 5
755.8596 	DATA 	TR 485 | TR1 243 | TR2 242
757.4095 	DATA 	Keypress: 5
757.4095 	DATA 	TR 486 | TR1 243 | TR2 243
758.9760 	DATA 	Keypress: 5
758.9760 	DATA 	TR 487 | TR1 244 | TR2 243
760.5425 	DATA 	Keypress: 5
760.5426 	DATA 	TR 488 | TR1 244 | TR2 244
762.1090 	DATA 	Keypress: 5
762.1091 	DATA 	TR 489 | TR1 245 | TR2 244
763.6589 	DATA 	Keypress: 5
763.6590 	DATA 	TR 490 | TR1 245 | TR2 245
765.2254 	DATA 	Keypress: 5
765.2254 	DATA 	TR 491 | TR1 246 | TR2 245
766.7753 	DATA 	Keypress: 5
766.7753 	DATA 	TR 492 | TR1 246 | TR2 246
768.3584 	DATA 	Keypress: 5
768.3585 	DATA 	TR 493 | TR1 247 | TR2 246
769.9083 	DATA 	Keypress: 5
769.9084 	DATA 	TR 494 | TR1 247 | TR2 247
771.4746 	DATA 	Keypress: 5
771.4746 	DATA 	TR 495 | TR1 248 | TR2 247
773.0248 	DATA 	Keypress: 5
773.0249 	DATA 	TR 496 | TR1 248 | TR2 248
774.6079 	DATA 	Keypress: 5
774.6079 	DATA 	TR 497 | TR1 249 | TR2 248
776.1577 	DATA 	Keypress: 5
776.1578 	DATA 	TR 498 | TR1 249 | TR2 249
777.7242 	DATA 	Keypress: 5
777.7243 	DATA 	TR 499 | TR1 250 | TR2 249
779.2741 	DATA 	Keypress: 5
779.2742 	DATA 	TR 500 | TR1 250 | TR2 250
780.8406 	DATA 	Keypress: 5
780.8407 	DATA 	TR 501 | TR1 251 | TR2 250
782.3905 	DATA 	Keypress: 5
782.3906 	DATA 	TR 502 | TR1 251 | TR2 251
783.9737 	DATA 	Keypress: 5
783.9737 	DATA 	TR 503 | TR1 252 | TR2 251
785.5237 	DATA 	Keypress: 5
785.5237 	DATA 	TR 504 | TR1 252 | TR2 252
787.0902 	DATA 	Keypress: 5
787.0902 	DATA 	TR 505 | TR1 253 | TR2 252
788.6399 	DATA 	Keypress: 5
788.6400 	DATA 	TR 506 | TR1 253 | TR2 253
790.2231 	DATA 	Keypress: 5
790.2231 	DATA 	TR 507 | TR1 254 | TR2 253
791.7730 	DATA 	Keypress: 5
791.7730 	DATA 	TR 508 | TR1 254 | TR2 254
793.3395 	DATA 	Keypress: 5
793.3395 	DATA 	TR 509 | TR1 255 | TR2 254
794.8893 	DATA 	Keypress: 5
794.8894 	DATA 	TR 510 | TR1 255 | TR2 255
795.6726 	DATA 	
795.6726 	DATA 	Trial complete
795.6726 	DATA 	
796.4564 	DATA 	Keypress: 5
796.4723 	DATA 	TR 511 | TR1 256 | TR2 255
798.0224 	DATA 	Keypress: 5
798.0224 	DATA 	TR 512 | TR1 256 | TR2 256
799.5889 	DATA 	Keypress: 5
799.5890 	DATA 	TR 513 | TR1 257 | TR2 256
801.1388 	DATA 	Keypress: 5
801.1388 	DATA 	TR 514 | TR1 257 | TR2 257
802.7053 	DATA 	Keypress: 5
802.7053 	DATA 	TR 515 | TR1 258 | TR2 257
804.2552 	DATA 	Keypress: 5
804.2552 	DATA 	TR 516 | TR1 258 | TR2 258
805.8383 	DATA 	Keypress: 5
805.8384 	DATA 	TR 517 | TR1 259 | TR2 258
807.3882 	DATA 	Keypress: 5
807.3882 	DATA 	TR 518 | TR1 259 | TR2 259
808.9547 	DATA 	Keypress: 5
808.9547 	DATA 	TR 519 | TR1 260 | TR2 259
810.5046 	DATA 	Keypress: 5
810.5046 	DATA 	TR 520 | TR1 260 | TR2 260
812.0877 	DATA 	Keypress: 5
812.0878 	DATA 	TR 521 | TR1 261 | TR2 260
813.6377 	DATA 	Keypress: 5
813.6377 	DATA 	TR 522 | TR1 261 | TR2 261
815.2041 	DATA 	Keypress: 5
815.2042 	DATA 	TR 523 | TR1 262 | TR2 261
816.7540 	DATA 	Keypress: 5
816.7540 	DATA 	TR 524 | TR1 262 | TR2 262
817.8372 	DATA 	Target presented
818.3205 	DATA 	Keypress: 5
818.3206 	DATA 	TR 525 | TR1 263 | TR2 262
818.3705 	DATA 	Keypress: 1
818.3705 	DATA 	Key1 pressed
818.3705 	DATA 	Target detected
819.8710 	DATA 	Keypress: 5
819.8870 	DATA 	TR 526 | TR1 263 | TR2 263
821.4535 	DATA 	Keypress: 5
821.4536 	DATA 	TR 527 | TR1 264 | TR2 263
823.0034 	DATA 	Keypress: 5
823.0035 	DATA 	TR 528 | TR1 264 | TR2 264
823.7533 	DATA 	EndOfRun sub-05_ses-04_run-01

823.7533 	DATA 	We spent 53.18972086906433 seconds waiting for triggers
823.7533 	DATA 	RatioOfDetectedTargets 1.0
823.7533 	DATA 	You have detected 12 out of 12 targets.
828.7831 	EXP 	window1: mouseVisible = True
