MonitorDistance=99cm
MonitorWidth=30cm
PixelWidth=1024.0
PixelHeight=768.0
You have detected 12 out of 12 targets.
Excellent! Keep up the good work
11.0660 	INFO 	Loaded monitor calibration from ['2021_05_26 17:55']
11.5499 	EXP 	Created window1 = Window(allowGUI=False, allowStencil=False, autoLog=True, backendConf=UNKNOWN, bitsMode=UNKNOWN, blendMode='avg', bpc=(8, 8, 8), color=array([-0.5, -0.5, -0.5]), colorSpace='rgb', depthBits=8, fullscr=<method-wrapper '__getattribute__' of attributeSetter object at 0x7fb261e2c3c8>, gamma=None, gammaErrorPolicy='raise', lms=UNKNOWN, monitor=<psychopy.monitors.calibTools.Monitor object at 0x7fb257c0e080>, multiSample=False, name='window1', numSamples=2, pos=[0.0, 0.0], screen=0, size=array([1024,  768]), stencilBits=0, stereo=False, units='deg', useFBO=False, useRetina=False, viewOri=0.0, viewPos=None, viewScale=None, waitBlanking=True, winType='pyglet')
11.5499 	EXP 	window1: mouseVisible = True
11.6197 	EXP 	Created unnamed TextStim = TextStim(__class__=<class 'psychopy.visual.text.TextStim'>, alignHoriz=method-wrapper(...), alignText='center', alignVert=method-wrapper(...), anchorHoriz='center', anchorVert='center', antialias=True, autoLog=True, bold=False, color=array([1., 1., 1.]), colorSpace='rgb', contrast=1.0, depth=0, flipHoriz=False, flipVert=False, font='', fontFiles=[], height=0.5, italic=False, languageStyle='LTR', name='unnamed TextStim', opacity=1.0, ori=0.0, pos=array([0., 0.]), rgb=UNKNOWN, text=str(...), units='deg', win=Window(...), wrapWidth=15.0)
11.6502 	EXP 	Created Movie Frame 0 = ImageStim(__class__=<class 'psychopy.visual.image.ImageStim'>, autoLog=True, color=array([0.8, 0.8, 0.8]), colorSpace='rgb', contrast=0.8, depth=0, flipHoriz=False, flipVert=False, image='visual_0.png', interpolate=False, mask=None, maskParams=None, name='Movie Frame 0', opacity=1, ori=0.0, pos=array([0., 0.]), size=array([1024,  768]), texRes=128, units='pix', win=Window(...))
11.6739 	EXP 	Created Movie Frame 1 = ImageStim(__class__=<class 'psychopy.visual.image.ImageStim'>, autoLog=True, color=array([0.8, 0.8, 0.8]), colorSpace='rgb', contrast=0.8, depth=0, flipHoriz=False, flipVert=False, image='visual_1.png', interpolate=False, mask=None, maskParams=None, name='Movie Frame 1', opacity=1, ori=0.0, pos=array([0., 0.]), size=array([1024,  768]), texRes=128, units='pix', win=Window(...))
59.0509 	DATA 	Keypress: 5
0.0000 	DATA 	StartOfRun sub-05_ses-04_run-04
0.0000 	DATA 	TR 1 | TR1 1 | TR2 0
0.0144 	DATA 	Initial baseline

1.5512 	DATA 	Keypress: 5
1.5512 	DATA 	TR 2 | TR1 1 | TR2 1
3.1223 	DATA 	Keypress: 5
3.1224 	DATA 	TR 3 | TR1 2 | TR2 1
4.6736 	DATA 	Keypress: 5
4.6736 	DATA 	TR 4 | TR1 2 | TR2 2
6.2457 	DATA 	Keypress: 5
6.2458 	DATA 	TR 5 | TR1 3 | TR2 2
7.7970 	DATA 	Keypress: 5
7.7971 	DATA 	TR 6 | TR1 3 | TR2 3
9.3691 	DATA 	Keypress: 5
9.3692 	DATA 	TR 7 | TR1 4 | TR2 3
10.9203 	DATA 	Keypress: 5
10.9204 	DATA 	TR 8 | TR1 4 | TR2 4
12.4925 	DATA 	Keypress: 5
12.4925 	DATA 	TR 9 | TR1 5 | TR2 4
14.0437 	DATA 	Keypress: 5
14.0437 	DATA 	TR 10 | TR1 5 | TR2 5
15.6159 	DATA 	Keypress: 5
15.6159 	DATA 	TR 11 | TR1 6 | TR2 5
17.1671 	DATA 	Keypress: 5
17.1671 	DATA 	TR 12 | TR1 6 | TR2 6
18.7393 	DATA 	Keypress: 5
18.7393 	DATA 	TR 13 | TR1 7 | TR2 6
20.2905 	DATA 	Keypress: 5
20.2905 	DATA 	TR 14 | TR1 7 | TR2 7
21.8626 	DATA 	Keypress: 5
21.8627 	DATA 	TR 15 | TR1 8 | TR2 7
23.4138 	DATA 	Keypress: 5
23.4138 	DATA 	TR 16 | TR1 8 | TR2 8
24.9860 	DATA 	Keypress: 5
24.9860 	DATA 	TR 17 | TR1 9 | TR2 8
26.5372 	DATA 	Keypress: 5
26.5373 	DATA 	TR 18 | TR1 9 | TR2 9
28.1095 	DATA 	Keypress: 5
28.1095 	DATA 	TR 19 | TR1 10 | TR2 9
29.6606 	DATA 	Keypress: 5
29.6607 	DATA 	TR 20 | TR1 10 | TR2 10
31.2457 	DATA 	Keypress: 5
31.2457 	DATA 	Waited 1.2457070350646973 seconds for trigger
31.2471 	DATA 	
31.2471 	DATA 	Trial 1
31.2472 	DATA 	stimDur = 1.0
31.2472 	DATA 	jitter = 0.0
31.2472 	DATA 	restDur = 20.0

31.2472 	DATA 	
31.2472 	DATA 	TR 21 | TR1 11 | TR2 10
31.2472 	DATA 	
31.2472 	DATA 	stimulation started
31.2472 	DATA 	
32.2622 	DATA 	
32.2622 	DATA 	stimulation stopped
32.2622 	DATA 	
32.7954 	DATA 	Keypress: 5
32.7954 	DATA 	TR 22 | TR1 11 | TR2 11
34.3619 	DATA 	Keypress: 5
34.3619 	DATA 	TR 23 | TR1 12 | TR2 11
35.9117 	DATA 	Keypress: 5
35.9118 	DATA 	TR 24 | TR1 12 | TR2 12
37.4949 	DATA 	Keypress: 5
37.4950 	DATA 	TR 25 | TR1 13 | TR2 12
39.0448 	DATA 	Keypress: 5
39.0449 	DATA 	TR 26 | TR1 13 | TR2 13
40.6113 	DATA 	Keypress: 5
40.6113 	DATA 	TR 27 | TR1 14 | TR2 13
42.1612 	DATA 	Keypress: 5
42.1612 	DATA 	TR 28 | TR1 14 | TR2 14
43.7278 	DATA 	Keypress: 5
43.7278 	DATA 	TR 29 | TR1 15 | TR2 14
45.2782 	DATA 	Keypress: 5
45.2942 	DATA 	TR 30 | TR1 15 | TR2 15
46.8607 	DATA 	Keypress: 5
46.8608 	DATA 	TR 31 | TR1 16 | TR2 15
48.4106 	DATA 	Keypress: 5
48.4107 	DATA 	TR 32 | TR1 16 | TR2 16
49.9771 	DATA 	Keypress: 5
49.9771 	DATA 	TR 33 | TR1 17 | TR2 16
51.5270 	DATA 	Keypress: 5
51.5271 	DATA 	TR 34 | TR1 17 | TR2 17
52.2602 	DATA 	
52.2602 	DATA 	Trial complete
52.2602 	DATA 	Waiting for VASO trigger to start next trial
52.2602 	DATA 	
53.1102 	DATA 	Keypress: 5
53.1102 	DATA 	Waited 0.849970817565918 seconds for trigger
53.1110 	DATA 	
53.1111 	DATA 	Trial 2
53.1111 	DATA 	stimDur = 1.0
53.1111 	DATA 	jitter = 1.5705
53.1111 	DATA 	restDur = 20.0

53.1111 	DATA 	
53.1111 	DATA 	TR 35 | TR1 18 | TR2 17
54.6600 	DATA 	Keypress: 5
54.6600 	DATA 	TR 36 | TR1 18 | TR2 18
54.6933 	DATA 	
54.6933 	DATA 	stimulation started
54.6933 	DATA 	
55.6933 	DATA 	
55.6933 	DATA 	stimulation stopped
55.6933 	DATA 	
56.2265 	DATA 	Keypress: 5
56.2265 	DATA 	TR 37 | TR1 19 | TR2 18
57.7763 	DATA 	Keypress: 5
57.7764 	DATA 	TR 38 | TR1 19 | TR2 19
59.3435 	DATA 	Keypress: 5
59.3592 	DATA 	TR 39 | TR1 20 | TR2 19
60.9095 	DATA 	Keypress: 5
60.9095 	DATA 	TR 40 | TR1 20 | TR2 20
62.4760 	DATA 	Keypress: 5
62.4760 	DATA 	TR 41 | TR1 21 | TR2 20
64.0258 	DATA 	Keypress: 5
64.0259 	DATA 	TR 42 | TR1 21 | TR2 21
65.5924 	DATA 	Keypress: 5
65.5924 	DATA 	TR 43 | TR1 22 | TR2 21
67.1422 	DATA 	Keypress: 5
67.1422 	DATA 	TR 44 | TR1 22 | TR2 22
68.7254 	DATA 	Keypress: 5
68.7255 	DATA 	TR 45 | TR1 23 | TR2 22
70.2754 	DATA 	Keypress: 5
70.2754 	DATA 	TR 46 | TR1 23 | TR2 23
70.5754 	DATA 	Target presented
71.1252 	DATA 	Keypress: 1
71.1253 	DATA 	Key1 pressed
71.1253 	DATA 	Target detected
71.8418 	DATA 	Keypress: 5
71.8419 	DATA 	TR 47 | TR1 24 | TR2 23
73.3916 	DATA 	Keypress: 5
73.3917 	DATA 	TR 48 | TR1 24 | TR2 24
74.9748 	DATA 	Keypress: 5
74.9749 	DATA 	TR 49 | TR1 25 | TR2 24
75.6914 	DATA 	
75.6914 	DATA 	Trial complete
75.6914 	DATA 	Waiting for VASO trigger to start next trial
75.6914 	DATA 	
76.5247 	DATA 	Keypress: 5
76.5247 	DATA 	TR 50 | TR1 25 | TR2 25
78.0915 	DATA 	Keypress: 5
78.0915 	DATA 	Waited 2.4000930786132812 seconds for trigger
78.0923 	DATA 	
78.0923 	DATA 	Trial 3
78.0923 	DATA 	stimDur = 12.0
78.0923 	DATA 	jitter = 1.5705
78.0923 	DATA 	restDur = 30.0

78.0923 	DATA 	
78.0923 	DATA 	TR 51 | TR1 26 | TR2 25
79.6411 	DATA 	Keypress: 5
79.6411 	DATA 	TR 52 | TR1 26 | TR2 26
79.6744 	DATA 	
79.6744 	DATA 	stimulation started
79.6744 	DATA 	
81.2077 	DATA 	Keypress: 5
81.2078 	DATA 	TR 53 | TR1 27 | TR2 26
82.7582 	DATA 	Keypress: 5
82.7742 	DATA 	TR 54 | TR1 27 | TR2 27
84.3408 	DATA 	Keypress: 5
84.3409 	DATA 	TR 55 | TR1 28 | TR2 27
85.8906 	DATA 	Keypress: 5
85.8906 	DATA 	TR 56 | TR1 28 | TR2 28
87.4571 	DATA 	Keypress: 5
87.4572 	DATA 	TR 57 | TR1 29 | TR2 28
89.0069 	DATA 	Keypress: 5
89.0069 	DATA 	TR 58 | TR1 29 | TR2 29
90.5901 	DATA 	Keypress: 5
90.5902 	DATA 	TR 59 | TR1 30 | TR2 29
91.6733 	DATA 	
91.6733 	DATA 	stimulation stopped
91.6733 	DATA 	
92.1399 	DATA 	Keypress: 5
92.1400 	DATA 	TR 60 | TR1 30 | TR2 30
93.7065 	DATA 	Keypress: 5
93.7065 	DATA 	TR 61 | TR1 31 | TR2 30
95.2563 	DATA 	Keypress: 5
95.2563 	DATA 	TR 62 | TR1 31 | TR2 31
96.8229 	DATA 	Keypress: 5
96.8229 	DATA 	TR 63 | TR1 32 | TR2 31
98.3894 	DATA 	Keypress: 5
98.3894 	DATA 	TR 64 | TR1 32 | TR2 32
99.9559 	DATA 	Keypress: 5
99.9559 	DATA 	TR 65 | TR1 33 | TR2 32
101.5057 	DATA 	Keypress: 5
101.5058 	DATA 	TR 66 | TR1 33 | TR2 33
103.0723 	DATA 	Keypress: 5
103.0723 	DATA 	TR 67 | TR1 34 | TR2 33
104.6221 	DATA 	Keypress: 5
104.6222 	DATA 	TR 68 | TR1 34 | TR2 34
106.2053 	DATA 	Keypress: 5
106.2054 	DATA 	TR 69 | TR1 35 | TR2 34
107.7552 	DATA 	Keypress: 5
107.7552 	DATA 	TR 70 | TR1 35 | TR2 35
109.3217 	DATA 	Keypress: 5
109.3218 	DATA 	TR 71 | TR1 36 | TR2 35
110.8715 	DATA 	Keypress: 5
110.8716 	DATA 	TR 72 | TR1 36 | TR2 36
112.4548 	DATA 	Keypress: 5
112.4548 	DATA 	TR 73 | TR1 37 | TR2 36
113.3880 	DATA 	Target presented
113.8886 	DATA 	Keypress: 1
113.9046 	DATA 	Key1 pressed
113.9046 	DATA 	Target detected
114.0046 	DATA 	Keypress: 5
114.0046 	DATA 	TR 74 | TR1 37 | TR2 37
115.5713 	DATA 	Keypress: 5
115.5713 	DATA 	TR 75 | TR1 38 | TR2 37
117.1210 	DATA 	Keypress: 5
117.1210 	DATA 	TR 76 | TR1 38 | TR2 38
118.6875 	DATA 	Keypress: 5
118.6875 	DATA 	TR 77 | TR1 39 | TR2 38
120.2540 	DATA 	Keypress: 5
120.2540 	DATA 	TR 78 | TR1 39 | TR2 39
121.6705 	DATA 	
121.6705 	DATA 	Trial complete
121.6706 	DATA 	Waiting for VASO trigger to start next trial
121.6706 	DATA 	
121.8206 	DATA 	Keypress: 5
121.8206 	DATA 	Waited 0.15004205703735352 seconds for trigger
121.8214 	DATA 	
121.8214 	DATA 	Trial 4
121.8214 	DATA 	stimDur = 1.0
121.8214 	DATA 	jitter = 0.78525
121.8214 	DATA 	restDur = 20.0

121.8214 	DATA 	
121.8214 	DATA 	TR 79 | TR1 40 | TR2 39
122.6204 	DATA 	
122.6204 	DATA 	stimulation started
122.6204 	DATA 	
123.3704 	DATA 	Keypress: 5
123.3705 	DATA 	TR 80 | TR1 40 | TR2 40
123.6204 	DATA 	
123.6204 	DATA 	stimulation stopped
123.6204 	DATA 	
124.9369 	DATA 	Keypress: 5
124.9370 	DATA 	TR 81 | TR1 41 | TR2 40
126.4868 	DATA 	Keypress: 5
126.4868 	DATA 	TR 82 | TR1 41 | TR2 41
128.0700 	DATA 	Keypress: 5
128.0700 	DATA 	TR 83 | TR1 42 | TR2 41
129.6198 	DATA 	Keypress: 5
129.6198 	DATA 	TR 84 | TR1 42 | TR2 42
131.1864 	DATA 	Keypress: 5
131.1864 	DATA 	TR 85 | TR1 43 | TR2 42
132.7362 	DATA 	Keypress: 5
132.7363 	DATA 	TR 86 | TR1 43 | TR2 43
134.3194 	DATA 	Keypress: 5
134.3194 	DATA 	TR 87 | TR1 44 | TR2 43
135.8692 	DATA 	Keypress: 5
135.8693 	DATA 	TR 88 | TR1 44 | TR2 44
137.4358 	DATA 	Keypress: 5
137.4358 	DATA 	TR 89 | TR1 45 | TR2 44
138.9856 	DATA 	Keypress: 5
138.9857 	DATA 	TR 90 | TR1 45 | TR2 45
140.5521 	DATA 	Keypress: 5
140.5522 	DATA 	TR 91 | TR1 46 | TR2 45
142.1020 	DATA 	Keypress: 5
142.1020 	DATA 	TR 92 | TR1 46 | TR2 46
143.6184 	DATA 	
143.6185 	DATA 	Trial complete
143.6185 	DATA 	Waiting for VASO trigger to start next trial
143.6185 	DATA 	
143.6852 	DATA 	Keypress: 5
143.6853 	DATA 	Waited 0.06678199768066406 seconds for trigger
143.6860 	DATA 	
143.6860 	DATA 	Trial 5
143.6860 	DATA 	stimDur = 24.0
143.6860 	DATA 	jitter = 1.5705
143.6861 	DATA 	restDur = 40.0

143.6861 	DATA 	
143.6861 	DATA 	TR 93 | TR1 47 | TR2 46
145.2350 	DATA 	Keypress: 5
145.2351 	DATA 	TR 94 | TR1 47 | TR2 47
145.2683 	DATA 	
145.2683 	DATA 	stimulation started
145.2683 	DATA 	
146.8016 	DATA 	Keypress: 5
146.8017 	DATA 	TR 95 | TR1 48 | TR2 47
148.3515 	DATA 	Keypress: 5
148.3515 	DATA 	TR 96 | TR1 48 | TR2 48
149.9347 	DATA 	Keypress: 5
149.9347 	DATA 	TR 97 | TR1 49 | TR2 48
151.4845 	DATA 	Keypress: 5
151.4846 	DATA 	TR 98 | TR1 49 | TR2 49
153.0511 	DATA 	Keypress: 5
153.0511 	DATA 	TR 99 | TR1 50 | TR2 49
154.6010 	DATA 	Keypress: 5
154.6011 	DATA 	TR 100 | TR1 50 | TR2 50
156.1676 	DATA 	Keypress: 5
156.1677 	DATA 	TR 101 | TR1 51 | TR2 50
157.7339 	DATA 	Keypress: 5
157.7339 	DATA 	TR 102 | TR1 51 | TR2 51
159.3005 	DATA 	Keypress: 5
159.3006 	DATA 	TR 103 | TR1 52 | TR2 51
160.8503 	DATA 	Keypress: 5
160.8504 	DATA 	TR 104 | TR1 52 | TR2 52
162.4169 	DATA 	Keypress: 5
162.4169 	DATA 	TR 105 | TR1 53 | TR2 52
163.9667 	DATA 	Keypress: 5
163.9668 	DATA 	TR 106 | TR1 53 | TR2 53
165.5499 	DATA 	Keypress: 5
165.5500 	DATA 	TR 107 | TR1 54 | TR2 53
167.0997 	DATA 	Keypress: 5
167.0998 	DATA 	TR 108 | TR1 54 | TR2 54
168.6663 	DATA 	Keypress: 5
168.6663 	DATA 	TR 109 | TR1 55 | TR2 54
169.2662 	DATA 	
169.2662 	DATA 	stimulation stopped
169.2662 	DATA 	
170.2161 	DATA 	Keypress: 5
170.2161 	DATA 	TR 110 | TR1 55 | TR2 55
171.7994 	DATA 	Keypress: 5
171.7995 	DATA 	TR 111 | TR1 56 | TR2 55
173.3491 	DATA 	Keypress: 5
173.3492 	DATA 	TR 112 | TR1 56 | TR2 56
174.9157 	DATA 	Keypress: 5
174.9157 	DATA 	TR 113 | TR1 57 | TR2 56
176.4655 	DATA 	Keypress: 5
176.4656 	DATA 	TR 114 | TR1 57 | TR2 57
178.0320 	DATA 	Keypress: 5
178.0321 	DATA 	TR 115 | TR1 58 | TR2 57
179.5825 	DATA 	Keypress: 5
179.5985 	DATA 	TR 116 | TR1 58 | TR2 58
181.1651 	DATA 	Keypress: 5
181.1652 	DATA 	TR 117 | TR1 59 | TR2 58
182.5649 	DATA 	Target presented
182.7149 	DATA 	Keypress: 5
182.7150 	DATA 	TR 118 | TR1 59 | TR2 59
183.0315 	DATA 	Keypress: 1
183.0316 	DATA 	Key1 pressed
183.0316 	DATA 	Target detected
184.2815 	DATA 	Keypress: 5
184.2815 	DATA 	TR 119 | TR1 60 | TR2 59
185.8313 	DATA 	Keypress: 5
185.8314 	DATA 	TR 120 | TR1 60 | TR2 60
187.4145 	DATA 	Keypress: 5
187.4146 	DATA 	TR 121 | TR1 61 | TR2 60
188.9643 	DATA 	Keypress: 5
188.9644 	DATA 	TR 122 | TR1 61 | TR2 61
190.5309 	DATA 	Keypress: 5
190.5310 	DATA 	TR 123 | TR1 62 | TR2 61
192.0807 	DATA 	Keypress: 5
192.0808 	DATA 	TR 124 | TR1 62 | TR2 62
193.6479 	DATA 	Keypress: 5
193.6639 	DATA 	TR 125 | TR1 63 | TR2 62
195.2138 	DATA 	Keypress: 5
195.2138 	DATA 	TR 126 | TR1 63 | TR2 63
196.7804 	DATA 	Keypress: 5
196.7804 	DATA 	TR 127 | TR1 64 | TR2 63
198.3302 	DATA 	Keypress: 5
198.3302 	DATA 	TR 128 | TR1 64 | TR2 64
199.8964 	DATA 	Keypress: 5
199.8965 	DATA 	TR 129 | TR1 65 | TR2 64
201.4465 	DATA 	Keypress: 5
201.4466 	DATA 	TR 130 | TR1 65 | TR2 65
203.0298 	DATA 	Keypress: 5
203.0298 	DATA 	TR 131 | TR1 66 | TR2 65
204.5796 	DATA 	Keypress: 5
204.5796 	DATA 	TR 132 | TR1 66 | TR2 66
206.1461 	DATA 	Keypress: 5
206.1462 	DATA 	TR 133 | TR1 67 | TR2 66
207.6960 	DATA 	Keypress: 5
207.6960 	DATA 	TR 134 | TR1 67 | TR2 67
209.2625 	DATA 	
209.2625 	DATA 	Trial complete
209.2625 	DATA 	Waiting for VASO trigger to start next trial
209.2625 	DATA 	
209.2792 	DATA 	Keypress: 5
209.2792 	DATA 	Waited 0.016730070114135742 seconds for trigger
209.2800 	DATA 	
209.2800 	DATA 	Trial 6
209.2800 	DATA 	stimDur = 24.0
209.2800 	DATA 	jitter = 0.0
209.2800 	DATA 	restDur = 40.0

209.2800 	DATA 	
209.2800 	DATA 	TR 135 | TR1 68 | TR2 67
209.2800 	DATA 	
209.2800 	DATA 	stimulation started
209.2801 	DATA 	
210.8291 	DATA 	Keypress: 5
210.8291 	DATA 	TR 136 | TR1 68 | TR2 68
212.3957 	DATA 	Keypress: 5
212.3958 	DATA 	TR 137 | TR1 69 | TR2 68
213.9455 	DATA 	Keypress: 5
213.9455 	DATA 	TR 138 | TR1 69 | TR2 69
215.5120 	DATA 	Keypress: 5
215.5121 	DATA 	TR 139 | TR1 70 | TR2 69
217.0626 	DATA 	Keypress: 5
217.0785 	DATA 	TR 140 | TR1 70 | TR2 70
218.6453 	DATA 	Keypress: 5
218.6454 	DATA 	TR 141 | TR1 71 | TR2 70
220.1949 	DATA 	Keypress: 5
220.1949 	DATA 	TR 142 | TR1 71 | TR2 71
221.7614 	DATA 	Keypress: 5
221.7615 	DATA 	TR 143 | TR1 72 | TR2 71
223.3112 	DATA 	Keypress: 5
223.3113 	DATA 	TR 144 | TR1 72 | TR2 72
224.8945 	DATA 	Keypress: 5
224.8945 	DATA 	TR 145 | TR1 73 | TR2 72
226.4443 	DATA 	Keypress: 5
226.4444 	DATA 	TR 146 | TR1 73 | TR2 73
228.0109 	DATA 	Keypress: 5
228.0109 	DATA 	TR 147 | TR1 74 | TR2 73
229.5607 	DATA 	Keypress: 5
229.5608 	DATA 	TR 148 | TR1 74 | TR2 74
231.1274 	DATA 	Keypress: 5
231.1275 	DATA 	TR 149 | TR1 75 | TR2 74
232.6937 	DATA 	Keypress: 5
232.6938 	DATA 	TR 150 | TR1 75 | TR2 75
233.2936 	DATA 	
233.2937 	DATA 	stimulation stopped
233.2937 	DATA 	
234.2602 	DATA 	Keypress: 5
234.2603 	DATA 	TR 151 | TR1 76 | TR2 75
235.8101 	DATA 	Keypress: 5
235.8101 	DATA 	TR 152 | TR1 76 | TR2 76
237.3766 	DATA 	Keypress: 5
237.3767 	DATA 	TR 153 | TR1 77 | TR2 76
238.9264 	DATA 	Keypress: 5
238.9265 	DATA 	TR 154 | TR1 77 | TR2 77
240.5097 	DATA 	Keypress: 5
240.5097 	DATA 	TR 155 | TR1 78 | TR2 77
242.0595 	DATA 	Keypress: 5
242.0596 	DATA 	TR 156 | TR1 78 | TR2 78
243.6260 	DATA 	Keypress: 5
243.6261 	DATA 	TR 157 | TR1 79 | TR2 78
243.8426 	DATA 	Target presented
244.4093 	DATA 	Keypress: 1
244.4093 	DATA 	Key1 pressed
244.4093 	DATA 	Target detected
245.1758 	DATA 	Keypress: 5
245.1759 	DATA 	TR 158 | TR1 79 | TR2 79
246.7592 	DATA 	Keypress: 5
246.7593 	DATA 	TR 159 | TR1 80 | TR2 79
248.3089 	DATA 	Keypress: 5
248.3089 	DATA 	TR 160 | TR1 80 | TR2 80
249.8754 	DATA 	Keypress: 5
249.8755 	DATA 	TR 161 | TR1 81 | TR2 80
251.4253 	DATA 	Keypress: 5
251.4253 	DATA 	TR 162 | TR1 81 | TR2 81
252.9918 	DATA 	Keypress: 5
252.9919 	DATA 	TR 163 | TR1 82 | TR2 81
254.5422 	DATA 	Keypress: 5
254.5583 	DATA 	TR 164 | TR1 82 | TR2 82
256.1249 	DATA 	Keypress: 5
256.1249 	DATA 	TR 165 | TR1 83 | TR2 82
257.6747 	DATA 	Keypress: 5
257.6747 	DATA 	TR 166 | TR1 83 | TR2 83
259.2413 	DATA 	Keypress: 5
259.2413 	DATA 	TR 167 | TR1 84 | TR2 83
260.7911 	DATA 	Keypress: 5
260.7911 	DATA 	TR 168 | TR1 84 | TR2 84
262.3743 	DATA 	Keypress: 5
262.3743 	DATA 	TR 169 | TR1 85 | TR2 84
263.9241 	DATA 	Keypress: 5
263.9242 	DATA 	TR 170 | TR1 85 | TR2 85
265.4907 	DATA 	Keypress: 5
265.4907 	DATA 	TR 171 | TR1 86 | TR2 85
267.0405 	DATA 	Keypress: 5
267.0406 	DATA 	TR 172 | TR1 86 | TR2 86
268.6237 	DATA 	Keypress: 5
268.6237 	DATA 	TR 173 | TR1 87 | TR2 86
270.1736 	DATA 	Keypress: 5
270.1736 	DATA 	TR 174 | TR1 87 | TR2 87
271.7401 	DATA 	Keypress: 5
271.7401 	DATA 	TR 175 | TR1 88 | TR2 87
273.2900 	DATA 	Keypress: 5
273.2900 	DATA 	TR 176 | TR1 88 | TR2 88
273.2900 	DATA 	
273.2900 	DATA 	Trial complete
273.2900 	DATA 	Waiting for VASO trigger to start next trial
273.2900 	DATA 	
274.8565 	DATA 	Keypress: 5
274.8565 	DATA 	Waited 1.5664870738983154 seconds for trigger
274.8573 	DATA 	
274.8573 	DATA 	Trial 7
274.8573 	DATA 	stimDur = 4.0
274.8573 	DATA 	jitter = 1.5705
274.8573 	DATA 	restDur = 24.0

274.8573 	DATA 	
274.8573 	DATA 	TR 177 | TR1 89 | TR2 88
276.4064 	DATA 	Keypress: 5
276.4064 	DATA 	TR 178 | TR1 89 | TR2 89
276.4397 	DATA 	
276.4397 	DATA 	stimulation started
276.4397 	DATA 	
277.9895 	DATA 	Keypress: 5
277.9896 	DATA 	TR 179 | TR1 90 | TR2 89
279.5394 	DATA 	Keypress: 5
279.5395 	DATA 	TR 180 | TR1 90 | TR2 90
280.4393 	DATA 	
280.4393 	DATA 	stimulation stopped
280.4393 	DATA 	
281.1059 	DATA 	Keypress: 5
281.1060 	DATA 	TR 181 | TR1 91 | TR2 90
282.6557 	DATA 	Keypress: 5
282.6558 	DATA 	TR 182 | TR1 91 | TR2 91
284.2389 	DATA 	Keypress: 5
284.2390 	DATA 	TR 183 | TR1 92 | TR2 91
285.7888 	DATA 	Keypress: 5
285.7889 	DATA 	TR 184 | TR1 92 | TR2 92
286.6720 	DATA 	Target presented
287.1886 	DATA 	Keypress: 1
287.1887 	DATA 	Key1 pressed
287.1887 	DATA 	Target detected
287.3554 	DATA 	Keypress: 5
287.3555 	DATA 	TR 185 | TR1 93 | TR2 92
288.9052 	DATA 	Keypress: 5
288.9053 	DATA 	TR 186 | TR1 93 | TR2 93
290.4723 	DATA 	Keypress: 5
290.4883 	DATA 	TR 187 | TR1 94 | TR2 93
292.0382 	DATA 	Keypress: 5
292.0383 	DATA 	TR 188 | TR1 94 | TR2 94
293.6047 	DATA 	Keypress: 5
293.6048 	DATA 	TR 189 | TR1 95 | TR2 94
295.1546 	DATA 	Keypress: 5
295.1546 	DATA 	TR 190 | TR1 95 | TR2 95
296.7211 	DATA 	Keypress: 5
296.7211 	DATA 	TR 191 | TR1 96 | TR2 95
298.2711 	DATA 	Keypress: 5
298.2711 	DATA 	TR 192 | TR1 96 | TR2 96
299.8541 	DATA 	Keypress: 5
299.8542 	DATA 	TR 193 | TR1 97 | TR2 96
301.4040 	DATA 	Keypress: 5
301.4041 	DATA 	TR 194 | TR1 97 | TR2 97
302.9707 	DATA 	Keypress: 5
302.9707 	DATA 	TR 195 | TR1 98 | TR2 97
304.4370 	DATA 	
304.4370 	DATA 	Trial complete
304.4371 	DATA 	Waiting for VASO trigger to start next trial
304.4371 	DATA 	
304.5204 	DATA 	Keypress: 5
304.5205 	DATA 	TR 196 | TR1 98 | TR2 98
306.1036 	DATA 	Keypress: 5
306.1036 	DATA 	Waited 1.6665730476379395 seconds for trigger
306.1044 	DATA 	
306.1044 	DATA 	Trial 8
306.1044 	DATA 	stimDur = 4.0
306.1044 	DATA 	jitter = 0.78525
306.1044 	DATA 	restDur = 24.0

306.1044 	DATA 	
306.1044 	DATA 	TR 197 | TR1 99 | TR2 98
306.9035 	DATA 	
306.9035 	DATA 	stimulation started
306.9035 	DATA 	
307.6535 	DATA 	Keypress: 5
307.6536 	DATA 	TR 198 | TR1 99 | TR2 99
309.2200 	DATA 	Keypress: 5
309.2201 	DATA 	TR 199 | TR1 100 | TR2 99
310.7699 	DATA 	Keypress: 5
310.7699 	DATA 	TR 200 | TR1 100 | TR2 100
310.9031 	DATA 	
310.9032 	DATA 	stimulation stopped
310.9032 	DATA 	
312.3363 	DATA 	Keypress: 5
312.3363 	DATA 	TR 201 | TR1 101 | TR2 100
313.8868 	DATA 	Keypress: 5
313.9028 	DATA 	TR 202 | TR1 101 | TR2 101
315.4694 	DATA 	Keypress: 5
315.4694 	DATA 	TR 203 | TR1 102 | TR2 101
317.0193 	DATA 	Keypress: 5
317.0193 	DATA 	TR 204 | TR1 102 | TR2 102
318.5858 	DATA 	Keypress: 5
318.5858 	DATA 	TR 205 | TR1 103 | TR2 102
320.1356 	DATA 	Keypress: 5
320.1357 	DATA 	TR 206 | TR1 103 | TR2 103
321.7188 	DATA 	Keypress: 5
321.7188 	DATA 	TR 207 | TR1 104 | TR2 103
323.2687 	DATA 	Keypress: 5
323.2687 	DATA 	TR 208 | TR1 104 | TR2 104
324.8352 	DATA 	Keypress: 5
324.8352 	DATA 	TR 209 | TR1 105 | TR2 104
326.3851 	DATA 	Keypress: 5
326.3851 	DATA 	TR 210 | TR1 105 | TR2 105
327.9517 	DATA 	Keypress: 5
327.9518 	DATA 	TR 211 | TR1 106 | TR2 105
329.5181 	DATA 	Keypress: 5
329.5182 	DATA 	TR 212 | TR1 106 | TR2 106
331.0846 	DATA 	Keypress: 5
331.0846 	DATA 	TR 213 | TR1 107 | TR2 106
332.6345 	DATA 	Keypress: 5
332.6346 	DATA 	TR 214 | TR1 107 | TR2 107
334.2010 	DATA 	Keypress: 5
334.2011 	DATA 	TR 215 | TR1 108 | TR2 107
334.9009 	DATA 	
334.9009 	DATA 	Trial complete
334.9009 	DATA 	Waiting for VASO trigger to start next trial
334.9009 	DATA 	
335.7509 	DATA 	Keypress: 5
335.7509 	DATA 	TR 216 | TR1 108 | TR2 108
337.3340 	DATA 	Keypress: 5
337.3341 	DATA 	Waited 2.433171033859253 seconds for trigger
337.3349 	DATA 	
337.3349 	DATA 	Trial 9
337.3349 	DATA 	stimDur = 2.0
337.3349 	DATA 	jitter = 0.0
337.3349 	DATA 	restDur = 22.0

337.3349 	DATA 	
337.3349 	DATA 	TR 217 | TR1 109 | TR2 108
337.3349 	DATA 	
337.3349 	DATA 	stimulation started
337.3349 	DATA 	
338.8840 	DATA 	Keypress: 5
338.8840 	DATA 	TR 218 | TR1 109 | TR2 109
339.3505 	DATA 	
339.3506 	DATA 	stimulation stopped
339.3506 	DATA 	
340.4506 	DATA 	Keypress: 5
340.4507 	DATA 	TR 219 | TR1 110 | TR2 109
342.0003 	DATA 	Keypress: 5
342.0004 	DATA 	TR 220 | TR1 110 | TR2 110
343.5836 	DATA 	Keypress: 5
343.5836 	DATA 	TR 221 | TR1 111 | TR2 110
345.1333 	DATA 	Keypress: 5
345.1334 	DATA 	TR 222 | TR1 111 | TR2 111
346.6998 	DATA 	Keypress: 5
346.6999 	DATA 	TR 223 | TR1 112 | TR2 111
348.2497 	DATA 	Keypress: 5
348.2498 	DATA 	TR 224 | TR1 112 | TR2 112
349.8164 	DATA 	Keypress: 5
349.8164 	DATA 	TR 225 | TR1 113 | TR2 112
351.3828 	DATA 	Keypress: 5
351.3828 	DATA 	TR 226 | TR1 113 | TR2 113
352.9493 	DATA 	Keypress: 5
352.9493 	DATA 	TR 227 | TR1 114 | TR2 113
353.6325 	DATA 	Target presented
354.3992 	DATA 	Keypress: 1
354.3993 	DATA 	Key1 pressed
354.3993 	DATA 	Target detected
354.4991 	DATA 	Keypress: 5
354.4991 	DATA 	TR 228 | TR1 114 | TR2 114
356.0656 	DATA 	Keypress: 5
356.0657 	DATA 	TR 229 | TR1 115 | TR2 114
357.6155 	DATA 	Keypress: 5
357.6156 	DATA 	TR 230 | TR1 115 | TR2 115
359.1987 	DATA 	Keypress: 5
359.1987 	DATA 	TR 231 | TR1 116 | TR2 115
360.7487 	DATA 	Keypress: 5
360.7487 	DATA 	TR 232 | TR1 116 | TR2 116
361.3485 	DATA 	
361.3485 	DATA 	Trial complete
361.3485 	DATA 	Waiting for VASO trigger to start next trial
361.3485 	DATA 	
362.3149 	DATA 	Keypress: 5
362.3150 	DATA 	Waited 0.9664821624755859 seconds for trigger
362.3157 	DATA 	
362.3158 	DATA 	Trial 10
362.3158 	DATA 	stimDur = 4.0
362.3158 	DATA 	jitter = 0.0
362.3158 	DATA 	restDur = 24.0

362.3158 	DATA 	
362.3158 	DATA 	TR 233 | TR1 117 | TR2 116
362.3158 	DATA 	
362.3158 	DATA 	stimulation started
362.3158 	DATA 	
363.8650 	DATA 	Keypress: 5
363.8651 	DATA 	TR 234 | TR1 117 | TR2 117
365.4322 	DATA 	Keypress: 5
365.4482 	DATA 	TR 235 | TR1 118 | TR2 117
366.3314 	DATA 	
366.3314 	DATA 	stimulation stopped
366.3314 	DATA 	
366.9980 	DATA 	Keypress: 5
366.9981 	DATA 	TR 236 | TR1 118 | TR2 118
368.5645 	DATA 	Keypress: 5
368.5645 	DATA 	TR 237 | TR1 119 | TR2 118
370.1144 	DATA 	Keypress: 5
370.1144 	DATA 	TR 238 | TR1 119 | TR2 119
371.6809 	DATA 	Keypress: 5
371.6809 	DATA 	TR 239 | TR1 120 | TR2 119
373.2307 	DATA 	Keypress: 5
373.2308 	DATA 	TR 240 | TR1 120 | TR2 120
374.8139 	DATA 	Keypress: 5
374.8140 	DATA 	TR 241 | TR1 121 | TR2 120
376.3638 	DATA 	Keypress: 5
376.3639 	DATA 	TR 242 | TR1 121 | TR2 121
377.9303 	DATA 	Keypress: 5
377.9304 	DATA 	TR 243 | TR1 122 | TR2 121
379.4802 	DATA 	Keypress: 5
379.4802 	DATA 	TR 244 | TR1 122 | TR2 122
381.0633 	DATA 	Keypress: 5
381.0634 	DATA 	TR 245 | TR1 123 | TR2 122
382.6132 	DATA 	Keypress: 5
382.6133 	DATA 	TR 246 | TR1 123 | TR2 123
384.1797 	DATA 	Keypress: 5
384.1798 	DATA 	TR 247 | TR1 124 | TR2 123
385.7296 	DATA 	Keypress: 5
385.7297 	DATA 	TR 248 | TR1 124 | TR2 124
387.2961 	DATA 	Keypress: 5
387.2961 	DATA 	TR 249 | TR1 125 | TR2 124
388.8466 	DATA 	Keypress: 5
388.8627 	DATA 	TR 250 | TR1 125 | TR2 125
390.3291 	DATA 	
390.3291 	DATA 	Trial complete
390.3291 	DATA 	Waiting for VASO trigger to start next trial
390.3292 	DATA 	
390.4291 	DATA 	Keypress: 5
390.4292 	DATA 	Waited 0.10004305839538574 seconds for trigger
390.4300 	DATA 	
390.4300 	DATA 	Trial 11
390.4300 	DATA 	stimDur = 4.0
390.4300 	DATA 	jitter = 2.35575
390.4300 	DATA 	restDur = 24.0

390.4300 	DATA 	
390.4300 	DATA 	TR 251 | TR1 126 | TR2 125
391.9791 	DATA 	Keypress: 5
391.9791 	DATA 	TR 252 | TR1 126 | TR2 126
392.7957 	DATA 	
392.7957 	DATA 	stimulation started
392.7957 	DATA 	
393.5456 	DATA 	Keypress: 5
393.5456 	DATA 	TR 253 | TR1 127 | TR2 126
395.0955 	DATA 	Keypress: 5
395.0955 	DATA 	TR 254 | TR1 127 | TR2 127
396.6786 	DATA 	Keypress: 5
396.6786 	DATA 	TR 255 | TR1 128 | TR2 127
396.7953 	DATA 	
396.7953 	DATA 	stimulation stopped
396.7953 	DATA 	
398.2285 	DATA 	Keypress: 5
398.2285 	DATA 	TR 256 | TR1 128 | TR2 128
399.7948 	DATA 	Keypress: 5
399.7948 	DATA 	TR 257 | TR1 129 | TR2 128
401.3448 	DATA 	Keypress: 5
401.3449 	DATA 	TR 258 | TR1 129 | TR2 129
402.9280 	DATA 	Keypress: 5
402.9280 	DATA 	TR 259 | TR1 130 | TR2 129
404.4779 	DATA 	Keypress: 5
404.4779 	DATA 	TR 260 | TR1 130 | TR2 130
406.0444 	DATA 	Keypress: 5
406.0444 	DATA 	TR 261 | TR1 131 | TR2 130
407.5944 	DATA 	Keypress: 5
407.5944 	DATA 	TR 262 | TR1 131 | TR2 131
409.1608 	DATA 	Keypress: 5
409.1608 	DATA 	TR 263 | TR1 132 | TR2 131
410.7107 	DATA 	Keypress: 5
410.7107 	DATA 	TR 264 | TR1 132 | TR2 132
412.2938 	DATA 	Keypress: 5
412.2939 	DATA 	TR 265 | TR1 133 | TR2 132
413.8437 	DATA 	Keypress: 5
413.8437 	DATA 	TR 266 | TR1 133 | TR2 133
415.4102 	DATA 	Keypress: 5
415.4102 	DATA 	TR 267 | TR1 134 | TR2 133
416.9601 	DATA 	Keypress: 5
416.9601 	DATA 	TR 268 | TR1 134 | TR2 134
418.5432 	DATA 	Keypress: 5
418.5433 	DATA 	TR 269 | TR1 135 | TR2 134
420.0931 	DATA 	Keypress: 5
420.0932 	DATA 	TR 270 | TR1 135 | TR2 135
420.7930 	DATA 	
420.7930 	DATA 	Trial complete
420.7930 	DATA 	Waiting for VASO trigger to start next trial
420.7930 	DATA 	
421.6598 	DATA 	Keypress: 5
421.6599 	DATA 	Waited 0.8668830394744873 seconds for trigger
421.6607 	DATA 	
421.6607 	DATA 	Trial 12
421.6607 	DATA 	stimDur = 2.0
421.6607 	DATA 	jitter = 2.35575
421.6607 	DATA 	restDur = 22.0

421.6607 	DATA 	
421.6607 	DATA 	TR 271 | TR1 136 | TR2 135
423.2095 	DATA 	Keypress: 5
423.2095 	DATA 	TR 272 | TR1 136 | TR2 136
424.0260 	DATA 	
424.0260 	DATA 	stimulation started
424.0260 	DATA 	
424.7768 	DATA 	Keypress: 5
424.7927 	DATA 	TR 273 | TR1 137 | TR2 136
426.0259 	DATA 	
426.0259 	DATA 	stimulation stopped
426.0259 	DATA 	
426.3425 	DATA 	Keypress: 5
426.3426 	DATA 	TR 274 | TR1 137 | TR2 137
427.9090 	DATA 	Keypress: 5
427.9091 	DATA 	TR 275 | TR1 138 | TR2 137
429.0256 	DATA 	Target presented
429.4589 	DATA 	Keypress: 5
429.4590 	DATA 	TR 276 | TR1 138 | TR2 138
429.6922 	DATA 	Keypress: 1
429.6922 	DATA 	Key1 pressed
429.6922 	DATA 	Target detected
431.0254 	DATA 	Keypress: 5
431.0255 	DATA 	TR 277 | TR1 139 | TR2 138
432.5753 	DATA 	Keypress: 5
432.5753 	DATA 	TR 278 | TR1 139 | TR2 139
434.1585 	DATA 	Keypress: 5
434.1585 	DATA 	TR 279 | TR1 140 | TR2 139
435.7083 	DATA 	Keypress: 5
435.7084 	DATA 	TR 280 | TR1 140 | TR2 140
437.2749 	DATA 	Keypress: 5
437.2749 	DATA 	TR 281 | TR1 141 | TR2 140
438.8247 	DATA 	Keypress: 5
438.8248 	DATA 	TR 282 | TR1 141 | TR2 141
440.4079 	DATA 	Keypress: 5
440.4079 	DATA 	TR 283 | TR1 142 | TR2 141
441.9575 	DATA 	Keypress: 5
441.9575 	DATA 	TR 284 | TR1 142 | TR2 142
443.5243 	DATA 	Keypress: 5
443.5243 	DATA 	TR 285 | TR1 143 | TR2 142
445.0742 	DATA 	Keypress: 5
445.0742 	DATA 	TR 286 | TR1 143 | TR2 143
446.6406 	DATA 	Keypress: 5
446.6407 	DATA 	TR 287 | TR1 144 | TR2 143
448.0238 	DATA 	
448.0238 	DATA 	Trial complete
448.0238 	DATA 	Waiting for VASO trigger to start next trial
448.0238 	DATA 	
448.1911 	DATA 	Keypress: 5
448.2071 	DATA 	TR 288 | TR1 144 | TR2 144
449.7737 	DATA 	Keypress: 5
449.7738 	DATA 	Waited 1.7499489784240723 seconds for trigger
449.7746 	DATA 	
449.7746 	DATA 	Trial 13
449.7746 	DATA 	stimDur = 2.0
449.7746 	DATA 	jitter = 1.5705
449.7746 	DATA 	restDur = 22.0

449.7746 	DATA 	
449.7746 	DATA 	TR 289 | TR1 145 | TR2 144
451.3236 	DATA 	Keypress: 5
451.3236 	DATA 	TR 290 | TR1 145 | TR2 145
451.3568 	DATA 	
451.3568 	DATA 	stimulation started
451.3569 	DATA 	
452.8901 	DATA 	Keypress: 5
452.8902 	DATA 	TR 291 | TR1 146 | TR2 145
453.3567 	DATA 	
453.3567 	DATA 	stimulation stopped
453.3567 	DATA 	
454.4399 	DATA 	Keypress: 5
454.4400 	DATA 	TR 292 | TR1 146 | TR2 146
456.0231 	DATA 	Keypress: 5
456.0232 	DATA 	TR 293 | TR1 147 | TR2 146
457.5730 	DATA 	Keypress: 5
457.5731 	DATA 	TR 294 | TR1 147 | TR2 147
459.1395 	DATA 	Keypress: 5
459.1395 	DATA 	TR 295 | TR1 148 | TR2 147
460.6894 	DATA 	Keypress: 5
460.6894 	DATA 	TR 296 | TR1 148 | TR2 148
462.2559 	DATA 	Keypress: 5
462.2560 	DATA 	TR 297 | TR1 149 | TR2 148
463.8224 	DATA 	Keypress: 5
463.8225 	DATA 	TR 298 | TR1 149 | TR2 149
465.3889 	DATA 	Keypress: 5
465.3890 	DATA 	TR 299 | TR1 150 | TR2 149
466.9388 	DATA 	Keypress: 5
466.9388 	DATA 	TR 300 | TR1 150 | TR2 150
468.5053 	DATA 	Keypress: 5
468.5053 	DATA 	TR 301 | TR1 151 | TR2 150
470.0552 	DATA 	Keypress: 5
470.0552 	DATA 	TR 302 | TR1 151 | TR2 151
471.6383 	DATA 	Keypress: 5
471.6384 	DATA 	TR 303 | TR1 152 | TR2 151
473.1882 	DATA 	Keypress: 5
473.1883 	DATA 	TR 304 | TR1 152 | TR2 152
474.7547 	DATA 	Keypress: 5
474.7548 	DATA 	TR 305 | TR1 153 | TR2 152
475.3547 	DATA 	
475.3547 	DATA 	Trial complete
475.3547 	DATA 	Waiting for VASO trigger to start next trial
475.3547 	DATA 	
476.3046 	DATA 	Keypress: 5
476.3047 	DATA 	TR 306 | TR1 153 | TR2 153
477.8878 	DATA 	Keypress: 5
477.8878 	DATA 	Waited 2.5331461429595947 seconds for trigger
477.8886 	DATA 	
477.8886 	DATA 	Trial 14
477.8886 	DATA 	stimDur = 24.0
477.8886 	DATA 	jitter = 2.35575
477.8886 	DATA 	restDur = 40.0

477.8886 	DATA 	
477.8886 	DATA 	TR 307 | TR1 154 | TR2 153
479.4377 	DATA 	Keypress: 5
479.4377 	DATA 	TR 308 | TR1 154 | TR2 154
480.2541 	DATA 	
480.2542 	DATA 	stimulation started
480.2542 	DATA 	
481.0042 	DATA 	Keypress: 5
481.0043 	DATA 	TR 309 | TR1 155 | TR2 154
482.5541 	DATA 	Keypress: 5
482.5542 	DATA 	TR 310 | TR1 155 | TR2 155
484.1206 	DATA 	Keypress: 5
484.1206 	DATA 	TR 311 | TR1 156 | TR2 155
485.6712 	DATA 	Keypress: 5
485.6871 	DATA 	TR 312 | TR1 156 | TR2 156
487.2536 	DATA 	Keypress: 5
487.2537 	DATA 	TR 313 | TR1 157 | TR2 156
488.8035 	DATA 	Keypress: 5
488.8036 	DATA 	TR 314 | TR1 157 | TR2 157
490.3702 	DATA 	Keypress: 5
490.3703 	DATA 	TR 315 | TR1 158 | TR2 157
491.9199 	DATA 	Keypress: 5
491.9200 	DATA 	TR 316 | TR1 158 | TR2 158
493.5030 	DATA 	Keypress: 5
493.5031 	DATA 	TR 317 | TR1 159 | TR2 158
495.0529 	DATA 	Keypress: 5
495.0530 	DATA 	TR 318 | TR1 159 | TR2 159
496.6194 	DATA 	Keypress: 5
496.6195 	DATA 	TR 319 | TR1 160 | TR2 159
498.1693 	DATA 	Keypress: 5
498.1694 	DATA 	TR 320 | TR1 160 | TR2 160
499.7365 	DATA 	Keypress: 5
499.7524 	DATA 	TR 321 | TR1 161 | TR2 160
501.3023 	DATA 	Keypress: 5
501.3024 	DATA 	TR 322 | TR1 161 | TR2 161
502.4356 	DATA 	Target presented
502.8689 	DATA 	Keypress: 5
502.8689 	DATA 	TR 323 | TR1 162 | TR2 161
503.1688 	DATA 	Keypress: 1
503.1689 	DATA 	Key1 pressed
503.1689 	DATA 	Target detected
504.2520 	DATA 	
504.2520 	DATA 	stimulation stopped
504.2520 	DATA 	
504.4186 	DATA 	Keypress: 5
504.4187 	DATA 	TR 324 | TR1 162 | TR2 162
505.9853 	DATA 	Keypress: 5
505.9853 	DATA 	TR 325 | TR1 163 | TR2 162
507.5350 	DATA 	Keypress: 5
507.5351 	DATA 	TR 326 | TR1 163 | TR2 163
509.1185 	DATA 	Keypress: 5
509.1185 	DATA 	TR 327 | TR1 164 | TR2 163
510.6681 	DATA 	Keypress: 5
510.6681 	DATA 	TR 328 | TR1 164 | TR2 164
512.2346 	DATA 	Keypress: 5
512.2348 	DATA 	TR 329 | TR1 165 | TR2 164
513.7844 	DATA 	Keypress: 5
513.7845 	DATA 	TR 330 | TR1 165 | TR2 165
515.3679 	DATA 	Keypress: 5
515.3680 	DATA 	TR 331 | TR1 166 | TR2 165
516.9175 	DATA 	Keypress: 5
516.9175 	DATA 	TR 332 | TR1 166 | TR2 166
518.4840 	DATA 	Keypress: 5
518.4841 	DATA 	TR 333 | TR1 167 | TR2 166
520.0339 	DATA 	Keypress: 5
520.0339 	DATA 	TR 334 | TR1 167 | TR2 167
521.6005 	DATA 	Keypress: 5
521.6006 	DATA 	TR 335 | TR1 168 | TR2 167
523.1669 	DATA 	Keypress: 5
523.1670 	DATA 	TR 336 | TR1 168 | TR2 168
524.7336 	DATA 	Keypress: 5
524.7337 	DATA 	TR 337 | TR1 169 | TR2 168
526.2833 	DATA 	Keypress: 5
526.2834 	DATA 	TR 338 | TR1 169 | TR2 169
527.8498 	DATA 	Keypress: 5
527.8500 	DATA 	TR 339 | TR1 170 | TR2 169
529.3997 	DATA 	Keypress: 5
529.3997 	DATA 	TR 340 | TR1 170 | TR2 170
530.9830 	DATA 	Keypress: 5
530.9831 	DATA 	TR 341 | TR1 171 | TR2 170
532.5327 	DATA 	Keypress: 5
532.5328 	DATA 	TR 342 | TR1 171 | TR2 171
534.0993 	DATA 	Keypress: 5
534.0994 	DATA 	TR 343 | TR1 172 | TR2 171
535.6491 	DATA 	Keypress: 5
535.6492 	DATA 	TR 344 | TR1 172 | TR2 172
537.2324 	DATA 	Keypress: 5
537.2324 	DATA 	TR 345 | TR1 173 | TR2 172
538.7824 	DATA 	Keypress: 5
538.7824 	DATA 	TR 346 | TR1 173 | TR2 173
540.3487 	DATA 	Keypress: 5
540.3488 	DATA 	TR 347 | TR1 174 | TR2 173
541.8986 	DATA 	Keypress: 5
541.8986 	DATA 	TR 348 | TR1 174 | TR2 174
543.4651 	DATA 	Keypress: 5
543.4653 	DATA 	TR 349 | TR1 175 | TR2 174
544.2483 	DATA 	
544.2483 	DATA 	Trial complete
544.2483 	DATA 	Waiting for VASO trigger to start next trial
544.2483 	DATA 	
545.0149 	DATA 	Keypress: 5
545.0150 	DATA 	TR 350 | TR1 175 | TR2 175
546.5982 	DATA 	Keypress: 5
546.5982 	DATA 	Waited 2.3498871326446533 seconds for trigger
546.5990 	DATA 	
546.5990 	DATA 	Trial 15
546.5990 	DATA 	stimDur = 1.0
546.5990 	DATA 	jitter = 2.35575
546.5990 	DATA 	restDur = 20.0

546.5990 	DATA 	
546.5990 	DATA 	TR 351 | TR1 176 | TR2 175
548.1480 	DATA 	Keypress: 5
548.1480 	DATA 	TR 352 | TR1 176 | TR2 176
548.9645 	DATA 	
548.9645 	DATA 	stimulation started
548.9645 	DATA 	
549.7146 	DATA 	Keypress: 5
549.7146 	DATA 	TR 353 | TR1 177 | TR2 176
549.9645 	DATA 	
549.9645 	DATA 	stimulation stopped
549.9645 	DATA 	
551.2644 	DATA 	Keypress: 5
551.2644 	DATA 	TR 354 | TR1 177 | TR2 177
552.8476 	DATA 	Keypress: 5
552.8476 	DATA 	TR 355 | TR1 178 | TR2 177
554.3974 	DATA 	Keypress: 5
554.3974 	DATA 	TR 356 | TR1 178 | TR2 178
555.9639 	DATA 	Keypress: 5
555.9640 	DATA 	TR 357 | TR1 179 | TR2 178
557.5138 	DATA 	Keypress: 5
557.5138 	DATA 	TR 358 | TR1 179 | TR2 179
559.0809 	DATA 	Keypress: 5
559.0969 	DATA 	TR 359 | TR1 180 | TR2 179
560.6469 	DATA 	Keypress: 5
560.6470 	DATA 	TR 360 | TR1 180 | TR2 180
562.2134 	DATA 	Keypress: 5
562.2134 	DATA 	TR 361 | TR1 181 | TR2 180
563.7633 	DATA 	Keypress: 5
563.7634 	DATA 	TR 362 | TR1 181 | TR2 181
565.3298 	DATA 	Keypress: 5
565.3298 	DATA 	TR 363 | TR1 182 | TR2 181
566.8795 	DATA 	Keypress: 5
566.8796 	DATA 	TR 364 | TR1 182 | TR2 182
568.4628 	DATA 	Keypress: 5
568.4628 	DATA 	TR 365 | TR1 183 | TR2 182
569.2460 	DATA 	Target presented
569.7299 	DATA 	Keypress: 1
569.7460 	DATA 	Key1 pressed
569.7460 	DATA 	Target detected
569.9622 	DATA 	
569.9623 	DATA 	Trial complete
569.9623 	DATA 	Waiting for VASO trigger to start next trial
569.9623 	DATA 	
570.0126 	DATA 	Keypress: 5
570.0126 	DATA 	TR 366 | TR1 183 | TR2 183
571.5789 	DATA 	Keypress: 5
571.5790 	DATA 	Waited 1.616684913635254 seconds for trigger
571.5797 	DATA 	
571.5797 	DATA 	Trial 16
571.5797 	DATA 	stimDur = 12.0
571.5797 	DATA 	jitter = 0.0
571.5798 	DATA 	restDur = 30.0

571.5798 	DATA 	
571.5798 	DATA 	TR 367 | TR1 184 | TR2 183
571.5798 	DATA 	
571.5798 	DATA 	stimulation started
571.5798 	DATA 	
573.1291 	DATA 	Keypress: 5
573.1291 	DATA 	TR 368 | TR1 184 | TR2 184
574.7123 	DATA 	Keypress: 5
574.7123 	DATA 	TR 369 | TR1 185 | TR2 184
576.2622 	DATA 	Keypress: 5
576.2623 	DATA 	TR 370 | TR1 185 | TR2 185
577.8286 	DATA 	Keypress: 5
577.8287 	DATA 	TR 371 | TR1 186 | TR2 185
579.3785 	DATA 	Keypress: 5
579.3785 	DATA 	TR 372 | TR1 186 | TR2 186
580.9450 	DATA 	Keypress: 5
580.9451 	DATA 	TR 373 | TR1 187 | TR2 186
582.4956 	DATA 	Keypress: 5
582.5116 	DATA 	TR 374 | TR1 187 | TR2 187
583.5947 	DATA 	
583.5947 	DATA 	stimulation stopped
583.5947 	DATA 	
584.0780 	DATA 	Keypress: 5
584.0781 	DATA 	TR 375 | TR1 188 | TR2 187
585.6279 	DATA 	Keypress: 5
585.6279 	DATA 	TR 376 | TR1 188 | TR2 188
587.1944 	DATA 	Keypress: 5
587.1944 	DATA 	TR 377 | TR1 189 | TR2 188
588.7442 	DATA 	Keypress: 5
588.7443 	DATA 	TR 378 | TR1 189 | TR2 189
590.3276 	DATA 	Keypress: 5
590.3276 	DATA 	TR 379 | TR1 190 | TR2 189
591.8773 	DATA 	Keypress: 5
591.8773 	DATA 	TR 380 | TR1 190 | TR2 190
593.4438 	DATA 	Keypress: 5
593.4439 	DATA 	TR 381 | TR1 191 | TR2 190
594.9936 	DATA 	Keypress: 5
594.9937 	DATA 	TR 382 | TR1 191 | TR2 191
596.5608 	DATA 	Keypress: 5
596.5768 	DATA 	TR 383 | TR1 192 | TR2 191
598.1266 	DATA 	Keypress: 5
598.1267 	DATA 	TR 384 | TR1 192 | TR2 192
599.6932 	DATA 	Keypress: 5
599.6933 	DATA 	TR 385 | TR1 193 | TR2 192
601.2431 	DATA 	Keypress: 5
601.2431 	DATA 	TR 386 | TR1 193 | TR2 193
602.8096 	DATA 	Keypress: 5
602.8097 	DATA 	TR 387 | TR1 194 | TR2 193
604.3595 	DATA 	Keypress: 5
604.3596 	DATA 	TR 388 | TR1 194 | TR2 194
605.9427 	DATA 	Keypress: 5
605.9427 	DATA 	TR 389 | TR1 195 | TR2 194
607.4925 	DATA 	Keypress: 5
607.4925 	DATA 	TR 390 | TR1 195 | TR2 195
609.0590 	DATA 	Keypress: 5
609.0591 	DATA 	TR 391 | TR1 196 | TR2 195
610.6089 	DATA 	Keypress: 5
610.6089 	DATA 	TR 392 | TR1 196 | TR2 196
612.1921 	DATA 	Keypress: 5
612.1921 	DATA 	TR 393 | TR1 197 | TR2 196
613.5919 	DATA 	
613.5919 	DATA 	Trial complete
613.5920 	DATA 	Waiting for VASO trigger to start next trial
613.5920 	DATA 	
613.7419 	DATA 	Keypress: 5
613.7420 	DATA 	TR 394 | TR1 197 | TR2 197
615.3085 	DATA 	Keypress: 5
615.3085 	DATA 	Waited 1.7165780067443848 seconds for trigger
615.3093 	DATA 	
615.3093 	DATA 	Trial 17
615.3093 	DATA 	stimDur = 12.0
615.3093 	DATA 	jitter = 0.78525
615.3093 	DATA 	restDur = 30.0

615.3093 	DATA 	
615.3093 	DATA 	TR 395 | TR1 198 | TR2 197
616.1083 	DATA 	
616.1083 	DATA 	stimulation started
616.1084 	DATA 	
616.8584 	DATA 	Keypress: 5
616.8584 	DATA 	TR 396 | TR1 198 | TR2 198
618.4249 	DATA 	Keypress: 5
618.4249 	DATA 	TR 397 | TR1 199 | TR2 198
619.9754 	DATA 	Keypress: 5
619.9915 	DATA 	TR 398 | TR1 199 | TR2 199
621.5580 	DATA 	Keypress: 5
621.5580 	DATA 	TR 399 | TR1 200 | TR2 199
623.1078 	DATA 	Keypress: 5
623.1078 	DATA 	TR 400 | TR1 200 | TR2 200
624.6745 	DATA 	Keypress: 5
624.6745 	DATA 	TR 401 | TR1 201 | TR2 200
626.2242 	DATA 	Keypress: 5
626.2242 	DATA 	TR 402 | TR1 201 | TR2 201
627.8074 	DATA 	Keypress: 5
627.8074 	DATA 	TR 403 | TR1 202 | TR2 201
628.1073 	DATA 	
628.1073 	DATA 	stimulation stopped
628.1073 	DATA 	
629.3572 	DATA 	Keypress: 5
629.3572 	DATA 	TR 404 | TR1 202 | TR2 202
630.9237 	DATA 	Keypress: 5
630.9237 	DATA 	TR 405 | TR1 203 | TR2 202
631.0570 	DATA 	Target presented
631.6570 	DATA 	Keypress: 1
631.6570 	DATA 	Key1 pressed
631.6570 	DATA 	Target detected
632.4735 	DATA 	Keypress: 5
632.4736 	DATA 	TR 406 | TR1 203 | TR2 203
634.0567 	DATA 	Keypress: 5
634.0568 	DATA 	TR 407 | TR1 204 | TR2 203
635.6066 	DATA 	Keypress: 5
635.6066 	DATA 	TR 408 | TR1 204 | TR2 204
637.1731 	DATA 	Keypress: 5
637.1732 	DATA 	TR 409 | TR1 205 | TR2 204
638.7230 	DATA 	Keypress: 5
638.7230 	DATA 	TR 410 | TR1 205 | TR2 205
640.2895 	DATA 	Keypress: 5
640.2895 	DATA 	TR 411 | TR1 206 | TR2 205
641.8393 	DATA 	Keypress: 5
641.8394 	DATA 	TR 412 | TR1 206 | TR2 206
643.4225 	DATA 	Keypress: 5
643.4226 	DATA 	TR 413 | TR1 207 | TR2 206
644.9724 	DATA 	Keypress: 5
644.9724 	DATA 	TR 414 | TR1 207 | TR2 207
646.5390 	DATA 	Keypress: 5
646.5391 	DATA 	TR 415 | TR1 208 | TR2 207
648.0888 	DATA 	Keypress: 5
648.0888 	DATA 	TR 416 | TR1 208 | TR2 208
649.6720 	DATA 	Keypress: 5
649.6720 	DATA 	TR 417 | TR1 209 | TR2 208
651.2218 	DATA 	Keypress: 5
651.2219 	DATA 	TR 418 | TR1 209 | TR2 209
652.7884 	DATA 	Keypress: 5
652.7884 	DATA 	TR 419 | TR1 210 | TR2 209
654.3382 	DATA 	Keypress: 5
654.3382 	DATA 	TR 420 | TR1 210 | TR2 210
655.9049 	DATA 	Keypress: 5
655.9049 	DATA 	TR 421 | TR1 211 | TR2 210
657.4715 	DATA 	Keypress: 5
657.4715 	DATA 	TR 422 | TR1 211 | TR2 211
658.1045 	DATA 	
658.1045 	DATA 	Trial complete
658.1045 	DATA 	Waiting for VASO trigger to start next trial
658.1045 	DATA 	
659.0378 	DATA 	Keypress: 5
659.0379 	DATA 	Waited 0.9333431720733643 seconds for trigger
659.0386 	DATA 	
659.0386 	DATA 	Trial 18
659.0386 	DATA 	stimDur = 12.0
659.0386 	DATA 	jitter = 2.35575
659.0386 	DATA 	restDur = 30.0

659.0387 	DATA 	
659.0387 	DATA 	TR 423 | TR1 212 | TR2 211
660.5876 	DATA 	Keypress: 5
660.5877 	DATA 	TR 424 | TR1 212 | TR2 212
661.4042 	DATA 	
661.4042 	DATA 	stimulation started
661.4042 	DATA 	
662.1542 	DATA 	Keypress: 5
662.1543 	DATA 	TR 425 | TR1 213 | TR2 212
663.7041 	DATA 	Keypress: 5
663.7041 	DATA 	TR 426 | TR1 213 | TR2 213
665.2873 	DATA 	Keypress: 5
665.2873 	DATA 	TR 427 | TR1 214 | TR2 213
666.8371 	DATA 	Keypress: 5
666.8371 	DATA 	TR 428 | TR1 214 | TR2 214
668.4036 	DATA 	Keypress: 5
668.4037 	DATA 	TR 429 | TR1 215 | TR2 214
669.9535 	DATA 	Keypress: 5
669.9535 	DATA 	TR 430 | TR1 215 | TR2 215
671.5367 	DATA 	Keypress: 5
671.5368 	DATA 	TR 431 | TR1 216 | TR2 215
672.7199 	DATA 	Target presented
673.0865 	DATA 	Keypress: 5
673.0866 	DATA 	TR 432 | TR1 216 | TR2 216
673.2865 	DATA 	Keypress: 1
673.2866 	DATA 	Key1 pressed
673.2866 	DATA 	Target detected
673.4031 	DATA 	
673.4031 	DATA 	stimulation stopped
673.4031 	DATA 	
674.6530 	DATA 	Keypress: 5
674.6531 	DATA 	TR 433 | TR1 217 | TR2 216
676.2028 	DATA 	Keypress: 5
676.2029 	DATA 	TR 434 | TR1 217 | TR2 217
677.7694 	DATA 	Keypress: 5
677.7694 	DATA 	TR 435 | TR1 218 | TR2 217
679.3198 	DATA 	Keypress: 5
679.3358 	DATA 	TR 436 | TR1 218 | TR2 218
680.9024 	DATA 	Keypress: 5
680.9025 	DATA 	TR 437 | TR1 219 | TR2 218
682.4523 	DATA 	Keypress: 5
682.4523 	DATA 	TR 438 | TR1 219 | TR2 219
684.0188 	DATA 	Keypress: 5
684.0189 	DATA 	TR 439 | TR1 220 | TR2 219
685.5686 	DATA 	Keypress: 5
685.5687 	DATA 	TR 440 | TR1 220 | TR2 220
687.1518 	DATA 	Keypress: 5
687.1519 	DATA 	TR 441 | TR1 221 | TR2 220
688.7017 	DATA 	Keypress: 5
688.7017 	DATA 	TR 442 | TR1 221 | TR2 221
690.2682 	DATA 	Keypress: 5
690.2683 	DATA 	TR 443 | TR1 222 | TR2 221
691.8181 	DATA 	Keypress: 5
691.8181 	DATA 	TR 444 | TR1 222 | TR2 222
693.3852 	DATA 	Keypress: 5
693.4012 	DATA 	TR 445 | TR1 223 | TR2 222
694.9511 	DATA 	Keypress: 5
694.9512 	DATA 	TR 446 | TR1 223 | TR2 223
696.5177 	DATA 	Keypress: 5
696.5177 	DATA 	TR 447 | TR1 224 | TR2 223
698.0675 	DATA 	Keypress: 5
698.0675 	DATA 	TR 448 | TR1 224 | TR2 224
699.6341 	DATA 	Keypress: 5
699.6341 	DATA 	TR 449 | TR1 225 | TR2 224
701.1838 	DATA 	Keypress: 5
701.1839 	DATA 	TR 450 | TR1 225 | TR2 225
702.7671 	DATA 	Keypress: 5
702.7671 	DATA 	TR 451 | TR1 226 | TR2 225
703.4002 	DATA 	
703.4003 	DATA 	Trial complete
703.4003 	DATA 	Waiting for VASO trigger to start next trial
703.4003 	DATA 	
704.3169 	DATA 	Keypress: 5
704.3170 	DATA 	TR 452 | TR1 226 | TR2 226
705.8834 	DATA 	Keypress: 5
705.8835 	DATA 	Waited 2.4832170009613037 seconds for trigger
705.8843 	DATA 	
705.8843 	DATA 	Trial 19
705.8843 	DATA 	stimDur = 2.0
705.8843 	DATA 	jitter = 0.78525
705.8843 	DATA 	restDur = 22.0

705.8843 	DATA 	
705.8843 	DATA 	TR 453 | TR1 227 | TR2 226
706.6835 	DATA 	
706.6835 	DATA 	stimulation started
706.6835 	DATA 	
707.4333 	DATA 	Keypress: 5
707.4334 	DATA 	TR 454 | TR1 227 | TR2 227
708.6833 	DATA 	
708.6833 	DATA 	stimulation stopped
708.6833 	DATA 	
709.0165 	DATA 	Keypress: 5
709.0166 	DATA 	TR 455 | TR1 228 | TR2 227
710.5663 	DATA 	Keypress: 5
710.5664 	DATA 	TR 456 | TR1 228 | TR2 228
712.1329 	DATA 	Keypress: 5
712.1329 	DATA 	TR 457 | TR1 229 | TR2 228
713.6827 	DATA 	Keypress: 5
713.6827 	DATA 	TR 458 | TR1 229 | TR2 229
715.2493 	DATA 	Keypress: 5
715.2493 	DATA 	TR 459 | TR1 230 | TR2 229
716.8158 	DATA 	Keypress: 5
716.8158 	DATA 	TR 460 | TR1 230 | TR2 230
718.3823 	DATA 	Keypress: 5
718.3824 	DATA 	TR 461 | TR1 231 | TR2 230
719.9321 	DATA 	Keypress: 5
719.9322 	DATA 	TR 462 | TR1 231 | TR2 231
721.0321 	DATA 	Target presented
721.4987 	DATA 	Keypress: 5
721.4987 	DATA 	TR 463 | TR1 232 | TR2 231
721.5487 	DATA 	Keypress: 1
721.5487 	DATA 	Key1 pressed
721.5487 	DATA 	Target detected
723.0485 	DATA 	Keypress: 5
723.0486 	DATA 	TR 464 | TR1 232 | TR2 232
724.6317 	DATA 	Keypress: 5
724.6317 	DATA 	TR 465 | TR1 233 | TR2 232
726.1816 	DATA 	Keypress: 5
726.1817 	DATA 	TR 466 | TR1 233 | TR2 233
727.7481 	DATA 	Keypress: 5
727.7481 	DATA 	TR 467 | TR1 234 | TR2 233
729.2981 	DATA 	Keypress: 5
729.2982 	DATA 	TR 468 | TR1 234 | TR2 234
730.6811 	DATA 	
730.6811 	DATA 	Trial complete
730.6811 	DATA 	
730.8650 	DATA 	Keypress: 5
730.8809 	DATA 	Waited 27.480623960494995 seconds for trigger
730.8817 	DATA 	
730.8817 	DATA 	Trial 20
730.8817 	DATA 	stimDur = 24.0
730.8817 	DATA 	jitter = 0.78525
730.8817 	DATA 	restDur = 40.0

730.8817 	DATA 	
730.8817 	DATA 	TR 469 | TR1 235 | TR2 234
731.6810 	DATA 	
731.6810 	DATA 	stimulation started
731.6810 	DATA 	
732.4311 	DATA 	Keypress: 5
732.4311 	DATA 	TR 470 | TR1 235 | TR2 235
733.9976 	DATA 	Keypress: 5
733.9976 	DATA 	TR 471 | TR1 236 | TR2 235
735.5476 	DATA 	Keypress: 5
735.5476 	DATA 	TR 472 | TR1 236 | TR2 236
737.1140 	DATA 	Keypress: 5
737.1140 	DATA 	TR 473 | TR1 237 | TR2 236
738.6638 	DATA 	Keypress: 5
738.6639 	DATA 	TR 474 | TR1 237 | TR2 237
740.2471 	DATA 	Keypress: 5
740.2472 	DATA 	TR 475 | TR1 238 | TR2 237
741.7969 	DATA 	Keypress: 5
741.7969 	DATA 	TR 476 | TR1 238 | TR2 238
743.3635 	DATA 	Keypress: 5
743.3635 	DATA 	TR 477 | TR1 239 | TR2 238
744.9133 	DATA 	Keypress: 5
744.9133 	DATA 	TR 478 | TR1 239 | TR2 239
746.4964 	DATA 	Keypress: 5
746.4965 	DATA 	TR 479 | TR1 240 | TR2 239
748.0464 	DATA 	Keypress: 5
748.0465 	DATA 	TR 480 | TR1 240 | TR2 240
749.6128 	DATA 	Keypress: 5
749.6129 	DATA 	TR 481 | TR1 241 | TR2 240
751.1627 	DATA 	Keypress: 5
751.1627 	DATA 	TR 482 | TR1 241 | TR2 241
752.7292 	DATA 	Keypress: 5
752.7292 	DATA 	TR 483 | TR1 242 | TR2 241
754.2798 	DATA 	Keypress: 5
754.2956 	DATA 	TR 484 | TR1 242 | TR2 242
755.6789 	DATA 	
755.6789 	DATA 	stimulation stopped
755.6789 	DATA 	
755.8622 	DATA 	Keypress: 5
755.8622 	DATA 	TR 485 | TR1 243 | TR2 242
757.4121 	DATA 	Keypress: 5
757.4121 	DATA 	TR 486 | TR1 243 | TR2 243
758.9786 	DATA 	Keypress: 5
758.9786 	DATA 	TR 487 | TR1 244 | TR2 243
760.5284 	DATA 	Keypress: 5
760.5285 	DATA 	TR 488 | TR1 244 | TR2 244
762.1116 	DATA 	Keypress: 5
762.1116 	DATA 	TR 489 | TR1 245 | TR2 244
763.6615 	DATA 	Keypress: 5
763.6615 	DATA 	TR 490 | TR1 245 | TR2 245
765.2280 	DATA 	Keypress: 5
765.2280 	DATA 	TR 491 | TR1 246 | TR2 245
766.7779 	DATA 	Keypress: 5
766.7779 	DATA 	TR 492 | TR1 246 | TR2 246
768.3610 	DATA 	Keypress: 5
768.3611 	DATA 	TR 493 | TR1 247 | TR2 246
769.9109 	DATA 	Keypress: 5
769.9109 	DATA 	TR 494 | TR1 247 | TR2 247
771.4774 	DATA 	Keypress: 5
771.4774 	DATA 	TR 495 | TR1 248 | TR2 247
773.0273 	DATA 	Keypress: 5
773.0273 	DATA 	TR 496 | TR1 248 | TR2 248
774.5938 	DATA 	Keypress: 5
774.5938 	DATA 	TR 497 | TR1 249 | TR2 248
776.1437 	DATA 	Keypress: 5
776.1437 	DATA 	TR 498 | TR1 249 | TR2 249
777.7268 	DATA 	Keypress: 5
777.7269 	DATA 	TR 499 | TR1 250 | TR2 249
779.2767 	DATA 	Keypress: 5
779.2767 	DATA 	TR 500 | TR1 250 | TR2 250
780.8433 	DATA 	Keypress: 5
780.8434 	DATA 	TR 501 | TR1 251 | TR2 250
782.3931 	DATA 	Keypress: 5
782.3931 	DATA 	TR 502 | TR1 251 | TR2 251
783.9763 	DATA 	Keypress: 5
783.9763 	DATA 	TR 503 | TR1 252 | TR2 251
785.5262 	DATA 	Keypress: 5
785.5262 	DATA 	TR 504 | TR1 252 | TR2 252
787.0926 	DATA 	Keypress: 5
787.0927 	DATA 	TR 505 | TR1 253 | TR2 252
788.6425 	DATA 	Keypress: 5
788.6426 	DATA 	TR 506 | TR1 253 | TR2 253
790.2090 	DATA 	Keypress: 5
790.2091 	DATA 	TR 507 | TR1 254 | TR2 253
791.7756 	DATA 	Keypress: 5
791.7756 	DATA 	TR 508 | TR1 254 | TR2 254
793.3422 	DATA 	Keypress: 5
793.3422 	DATA 	TR 509 | TR1 255 | TR2 254
794.8919 	DATA 	Keypress: 5
794.8920 	DATA 	TR 510 | TR1 255 | TR2 255
795.6752 	DATA 	
795.6752 	DATA 	Trial complete
795.6752 	DATA 	
796.4584 	DATA 	Keypress: 5
796.4585 	DATA 	TR 511 | TR1 256 | TR2 255
798.0084 	DATA 	Keypress: 5
798.0085 	DATA 	TR 512 | TR1 256 | TR2 256
799.5916 	DATA 	Keypress: 5
799.5917 	DATA 	TR 513 | TR1 257 | TR2 256
801.1414 	DATA 	Keypress: 5
801.1414 	DATA 	TR 514 | TR1 257 | TR2 257
802.7077 	DATA 	Keypress: 5
802.7078 	DATA 	TR 515 | TR1 258 | TR2 257
804.2578 	DATA 	Keypress: 5
804.2578 	DATA 	TR 516 | TR1 258 | TR2 258
805.8409 	DATA 	Keypress: 5
805.8410 	DATA 	TR 517 | TR1 259 | TR2 258
807.3908 	DATA 	Keypress: 5
807.3909 	DATA 	TR 518 | TR1 259 | TR2 259
808.9573 	DATA 	Keypress: 5
808.9573 	DATA 	TR 519 | TR1 260 | TR2 259
810.5072 	DATA 	Keypress: 5
810.5072 	DATA 	TR 520 | TR1 260 | TR2 260
812.0736 	DATA 	Keypress: 5
812.0737 	DATA 	TR 521 | TR1 261 | TR2 260
813.6241 	DATA 	Keypress: 5
813.6401 	DATA 	TR 522 | TR1 261 | TR2 261
815.2067 	DATA 	Keypress: 5
815.2068 	DATA 	TR 523 | TR1 262 | TR2 261
816.7566 	DATA 	Keypress: 5
816.7566 	DATA 	TR 524 | TR1 262 | TR2 262
818.3231 	DATA 	Keypress: 5
818.3232 	DATA 	TR 525 | TR1 263 | TR2 262
819.8730 	DATA 	Keypress: 5
819.8730 	DATA 	TR 526 | TR1 263 | TR2 263
823.7559 	DATA 	EndOfRun sub-05_ses-04_run-04

823.7559 	DATA 	We spent 53.192606687545776 seconds waiting for triggers
823.7559 	DATA 	RatioOfDetectedTargets 1.0
823.7559 	DATA 	You have detected 12 out of 12 targets.
828.7855 	EXP 	window1: mouseVisible = True
