MonitorDistance=99cm
MonitorWidth=30cm
PixelWidth=1024.0
PixelHeight=768.0
You have detected 12 out of 12 targets.
Excellent! Keep up the good work
9.3126 	INFO 	Loaded monitor calibration from ['2021_05_26 17:55']
9.7722 	EXP 	Created window1 = Window(allowGUI=False, allowStencil=False, autoLog=True, backendConf=UNKNOWN, bitsMode=UNKNOWN, blendMode='avg', bpc=(8, 8, 8), color=array([-0.5, -0.5, -0.5]), colorSpace='rgb', depthBits=8, fullscr=<method-wrapper '__getattribute__' of attributeSetter object at 0x7f4b43ca13c8>, gamma=None, gammaErrorPolicy='raise', lms=UNKNOWN, monitor=<psychopy.monitors.calibTools.Monitor object at 0x7f4b39abe0b8>, multiSample=False, name='window1', numSamples=2, pos=[0.0, 0.0], screen=0, size=array([1024,  768]), stencilBits=0, stereo=False, units='deg', useFBO=False, useRetina=False, viewOri=0.0, viewPos=None, viewScale=None, waitBlanking=True, winType='pyglet')
9.7723 	EXP 	window1: mouseVisible = True
9.8419 	EXP 	Created unnamed TextStim = TextStim(__class__=<class 'psychopy.visual.text.TextStim'>, alignHoriz=method-wrapper(...), alignText='center', alignVert=method-wrapper(...), anchorHoriz='center', anchorVert='center', antialias=True, autoLog=True, bold=False, color=array([1., 1., 1.]), colorSpace='rgb', contrast=1.0, depth=0, flipHoriz=False, flipVert=False, font='', fontFiles=[], height=0.5, italic=False, languageStyle='LTR', name='unnamed TextStim', opacity=1.0, ori=0.0, pos=array([0., 0.]), rgb=UNKNOWN, text=str(...), units='deg', win=Window(...), wrapWidth=15.0)
9.8716 	EXP 	Created Movie Frame 0 = ImageStim(__class__=<class 'psychopy.visual.image.ImageStim'>, autoLog=True, color=array([0.8, 0.8, 0.8]), colorSpace='rgb', contrast=0.8, depth=0, flipHoriz=False, flipVert=False, image='visual_0.png', interpolate=False, mask=None, maskParams=None, name='Movie Frame 0', opacity=1, ori=0.0, pos=array([0., 0.]), size=array([1024,  768]), texRes=128, units='pix', win=Window(...))
9.8957 	EXP 	Created Movie Frame 1 = ImageStim(__class__=<class 'psychopy.visual.image.ImageStim'>, autoLog=True, color=array([0.8, 0.8, 0.8]), colorSpace='rgb', contrast=0.8, depth=0, flipHoriz=False, flipVert=False, image='visual_1.png', interpolate=False, mask=None, maskParams=None, name='Movie Frame 1', opacity=1, ori=0.0, pos=array([0., 0.]), size=array([1024,  768]), texRes=128, units='pix', win=Window(...))
44.8089 	DATA 	Keypress: 5
0.0000 	DATA 	StartOfRun sub-05_ses-04_run-05
0.0000 	DATA 	TR 1 | TR1 1 | TR2 0
0.0074 	DATA 	Initial baseline

1.5511 	DATA 	Keypress: 5
1.5512 	DATA 	TR 2 | TR1 1 | TR2 1
3.1223 	DATA 	Keypress: 5
3.1223 	DATA 	TR 3 | TR1 2 | TR2 1
4.6745 	DATA 	Keypress: 5
4.6745 	DATA 	TR 4 | TR1 2 | TR2 2
6.2458 	DATA 	Keypress: 5
6.2459 	DATA 	TR 5 | TR1 3 | TR2 2
7.7979 	DATA 	Keypress: 5
7.7979 	DATA 	TR 6 | TR1 3 | TR2 3
9.3690 	DATA 	Keypress: 5
9.3691 	DATA 	TR 7 | TR1 4 | TR2 3
10.9212 	DATA 	Keypress: 5
10.9213 	DATA 	TR 8 | TR1 4 | TR2 4
12.4924 	DATA 	Keypress: 5
12.4925 	DATA 	TR 9 | TR1 5 | TR2 4
14.0446 	DATA 	Keypress: 5
14.0447 	DATA 	TR 10 | TR1 5 | TR2 5
15.6159 	DATA 	Keypress: 5
15.6160 	DATA 	TR 11 | TR1 6 | TR2 5
17.1679 	DATA 	Keypress: 5
17.1679 	DATA 	TR 12 | TR1 6 | TR2 6
18.7392 	DATA 	Keypress: 5
18.7392 	DATA 	TR 13 | TR1 7 | TR2 6
20.2914 	DATA 	Keypress: 5
20.2914 	DATA 	TR 14 | TR1 7 | TR2 7
21.8626 	DATA 	Keypress: 5
21.8626 	DATA 	TR 15 | TR1 8 | TR2 7
23.4148 	DATA 	Keypress: 5
23.4149 	DATA 	TR 16 | TR1 8 | TR2 8
24.9860 	DATA 	Keypress: 5
24.9860 	DATA 	TR 17 | TR1 9 | TR2 8
26.5372 	DATA 	Keypress: 5
26.5372 	DATA 	TR 18 | TR1 9 | TR2 9
28.1093 	DATA 	Keypress: 5
28.1094 	DATA 	TR 19 | TR1 10 | TR2 9
29.6605 	DATA 	Keypress: 5
29.6606 	DATA 	TR 20 | TR1 10 | TR2 10
31.2393 	DATA 	Keypress: 5
31.2394 	DATA 	Waited 1.2393381595611572 seconds for trigger
31.2408 	DATA 	
31.2408 	DATA 	Trial 1
31.2408 	DATA 	stimDur = 1.0
31.2408 	DATA 	jitter = 0.0
31.2408 	DATA 	restDur = 20.0

31.2408 	DATA 	
31.2408 	DATA 	TR 21 | TR1 11 | TR2 10
31.2408 	DATA 	
31.2408 	DATA 	stimulation started
31.2408 	DATA 	
32.2559 	DATA 	
32.2559 	DATA 	stimulation stopped
32.2559 	DATA 	
32.7892 	DATA 	Keypress: 5
32.7892 	DATA 	TR 22 | TR1 11 | TR2 11
34.3562 	DATA 	Keypress: 5
34.3723 	DATA 	TR 23 | TR1 12 | TR2 11
35.9222 	DATA 	Keypress: 5
35.9223 	DATA 	TR 24 | TR1 12 | TR2 12
37.4887 	DATA 	Keypress: 5
37.4887 	DATA 	TR 25 | TR1 13 | TR2 12
39.0386 	DATA 	Keypress: 5
39.0386 	DATA 	TR 26 | TR1 13 | TR2 13
40.6051 	DATA 	Keypress: 5
40.6051 	DATA 	TR 27 | TR1 14 | TR2 13
42.1550 	DATA 	Keypress: 5
42.1550 	DATA 	TR 28 | TR1 14 | TR2 14
43.7381 	DATA 	Keypress: 5
43.7382 	DATA 	TR 29 | TR1 15 | TR2 14
45.2880 	DATA 	Keypress: 5
45.2881 	DATA 	TR 30 | TR1 15 | TR2 15
46.8545 	DATA 	Keypress: 5
46.8545 	DATA 	TR 31 | TR1 16 | TR2 15
48.4044 	DATA 	Keypress: 5
48.4045 	DATA 	TR 32 | TR1 16 | TR2 16
49.9876 	DATA 	Keypress: 5
49.9876 	DATA 	TR 33 | TR1 17 | TR2 16
51.5375 	DATA 	Keypress: 5
51.5375 	DATA 	TR 34 | TR1 17 | TR2 17
52.2540 	DATA 	
52.2540 	DATA 	Trial complete
52.2540 	DATA 	Waiting for VASO trigger to start next trial
52.2540 	DATA 	
53.1039 	DATA 	Keypress: 5
53.1040 	DATA 	Waited 0.8499541282653809 seconds for trigger
53.1048 	DATA 	
53.1048 	DATA 	Trial 2
53.1048 	DATA 	stimDur = 1.0
53.1048 	DATA 	jitter = 1.5705
53.1048 	DATA 	restDur = 20.0

53.1048 	DATA 	
53.1049 	DATA 	TR 35 | TR1 18 | TR2 17
54.6538 	DATA 	Keypress: 5
54.6539 	DATA 	TR 36 | TR1 18 | TR2 18
54.6871 	DATA 	
54.6871 	DATA 	stimulation started
54.6871 	DATA 	
55.6871 	DATA 	
55.6871 	DATA 	stimulation stopped
55.6871 	DATA 	
56.2204 	DATA 	Keypress: 5
56.2204 	DATA 	TR 37 | TR1 19 | TR2 18
57.7869 	DATA 	Keypress: 5
57.7869 	DATA 	TR 38 | TR1 19 | TR2 19
59.3534 	DATA 	Keypress: 5
59.3535 	DATA 	TR 39 | TR1 20 | TR2 19
60.9032 	DATA 	Keypress: 5
60.9033 	DATA 	TR 40 | TR1 20 | TR2 20
62.4698 	DATA 	Keypress: 5
62.4698 	DATA 	TR 41 | TR1 21 | TR2 20
64.0196 	DATA 	Keypress: 5
64.0197 	DATA 	TR 42 | TR1 21 | TR2 21
65.6029 	DATA 	Keypress: 5
65.6029 	DATA 	TR 43 | TR1 22 | TR2 21
67.1528 	DATA 	Keypress: 5
67.1528 	DATA 	TR 44 | TR1 22 | TR2 22
68.7192 	DATA 	Keypress: 5
68.7193 	DATA 	TR 45 | TR1 23 | TR2 22
70.2690 	DATA 	Keypress: 5
70.2690 	DATA 	TR 46 | TR1 23 | TR2 23
71.8523 	DATA 	Keypress: 5
71.8523 	DATA 	TR 47 | TR1 24 | TR2 23
73.4021 	DATA 	Keypress: 5
73.4021 	DATA 	TR 48 | TR1 24 | TR2 24
74.9686 	DATA 	Keypress: 5
74.9687 	DATA 	TR 49 | TR1 25 | TR2 24
75.6852 	DATA 	
75.6852 	DATA 	Trial complete
75.6852 	DATA 	Waiting for VASO trigger to start next trial
75.6852 	DATA 	
76.5185 	DATA 	Keypress: 5
76.5185 	DATA 	TR 50 | TR1 25 | TR2 25
77.7684 	DATA 	Target presented
78.0850 	DATA 	Keypress: 5
78.0851 	DATA 	Waited 2.399868965148926 seconds for trigger
78.0858 	DATA 	
78.0858 	DATA 	Trial 3
78.0858 	DATA 	stimDur = 12.0
78.0858 	DATA 	jitter = 1.5705
78.0858 	DATA 	restDur = 30.0

78.0859 	DATA 	
78.0859 	DATA 	TR 51 | TR1 26 | TR2 25
78.3016 	DATA 	Keypress: 1
78.3017 	DATA 	Key1 pressed
78.3017 	DATA 	Target detected
79.6348 	DATA 	Keypress: 5
79.6349 	DATA 	TR 52 | TR1 26 | TR2 26
79.6682 	DATA 	
79.6682 	DATA 	stimulation started
79.6682 	DATA 	
81.2181 	DATA 	Keypress: 5
81.2182 	DATA 	TR 53 | TR1 27 | TR2 26
82.7679 	DATA 	Keypress: 5
82.7680 	DATA 	TR 54 | TR1 27 | TR2 27
84.3345 	DATA 	Keypress: 5
84.3345 	DATA 	TR 55 | TR1 28 | TR2 27
85.8843 	DATA 	Keypress: 5
85.8844 	DATA 	TR 56 | TR1 28 | TR2 28
87.4675 	DATA 	Keypress: 5
87.4676 	DATA 	TR 57 | TR1 29 | TR2 28
89.0174 	DATA 	Keypress: 5
89.0174 	DATA 	TR 58 | TR1 29 | TR2 29
90.5839 	DATA 	Keypress: 5
90.5840 	DATA 	TR 59 | TR1 30 | TR2 29
91.6671 	DATA 	
91.6671 	DATA 	stimulation stopped
91.6671 	DATA 	
92.1337 	DATA 	Keypress: 5
92.1337 	DATA 	TR 60 | TR1 30 | TR2 30
93.7008 	DATA 	Keypress: 5
93.7168 	DATA 	TR 61 | TR1 31 | TR2 30
95.2667 	DATA 	Keypress: 5
95.2668 	DATA 	TR 62 | TR1 31 | TR2 31
96.8333 	DATA 	Keypress: 5
96.8333 	DATA 	TR 63 | TR1 32 | TR2 31
98.3831 	DATA 	Keypress: 5
98.3832 	DATA 	TR 64 | TR1 32 | TR2 32
99.9497 	DATA 	Keypress: 5
99.9497 	DATA 	TR 65 | TR1 33 | TR2 32
101.4995 	DATA 	Keypress: 5
101.4995 	DATA 	TR 66 | TR1 33 | TR2 33
103.0827 	DATA 	Keypress: 5
103.0828 	DATA 	TR 67 | TR1 34 | TR2 33
104.6326 	DATA 	Keypress: 5
104.6326 	DATA 	TR 68 | TR1 34 | TR2 34
106.1992 	DATA 	Keypress: 5
106.1993 	DATA 	TR 69 | TR1 35 | TR2 34
107.7490 	DATA 	Keypress: 5
107.7491 	DATA 	TR 70 | TR1 35 | TR2 35
109.3322 	DATA 	Keypress: 5
109.3322 	DATA 	TR 71 | TR1 36 | TR2 35
110.8820 	DATA 	Keypress: 5
110.8820 	DATA 	TR 72 | TR1 36 | TR2 36
112.4485 	DATA 	Keypress: 5
112.4486 	DATA 	TR 73 | TR1 37 | TR2 36
113.9984 	DATA 	Keypress: 5
113.9984 	DATA 	TR 74 | TR1 37 | TR2 37
115.5649 	DATA 	Keypress: 5
115.5650 	DATA 	TR 75 | TR1 38 | TR2 37
117.1153 	DATA 	Keypress: 5
117.1314 	DATA 	TR 76 | TR1 38 | TR2 38
118.4314 	DATA 	Target presented
118.6979 	DATA 	Keypress: 5
118.6980 	DATA 	TR 77 | TR1 39 | TR2 38
119.1479 	DATA 	Keypress: 1
119.1480 	DATA 	Key1 pressed
119.1480 	DATA 	Target detected
120.2479 	DATA 	Keypress: 5
120.2479 	DATA 	TR 78 | TR1 39 | TR2 39
121.6643 	DATA 	
121.6643 	DATA 	Trial complete
121.6643 	DATA 	Waiting for VASO trigger to start next trial
121.6643 	DATA 	
121.8143 	DATA 	Keypress: 5
121.8144 	DATA 	Waited 0.15005898475646973 seconds for trigger
121.8152 	DATA 	
121.8152 	DATA 	Trial 4
121.8152 	DATA 	stimDur = 1.0
121.8152 	DATA 	jitter = 0.78525
121.8152 	DATA 	restDur = 20.0

121.8152 	DATA 	
121.8152 	DATA 	TR 79 | TR1 40 | TR2 39
122.6142 	DATA 	
122.6142 	DATA 	stimulation started
122.6142 	DATA 	
123.3642 	DATA 	Keypress: 5
123.3643 	DATA 	TR 80 | TR1 40 | TR2 40
123.6142 	DATA 	
123.6142 	DATA 	stimulation stopped
123.6142 	DATA 	
124.9474 	DATA 	Keypress: 5
124.9475 	DATA 	TR 81 | TR1 41 | TR2 40
126.4972 	DATA 	Keypress: 5
126.4973 	DATA 	TR 82 | TR1 41 | TR2 41
128.0638 	DATA 	Keypress: 5
128.0638 	DATA 	TR 83 | TR1 42 | TR2 41
129.6136 	DATA 	Keypress: 5
129.6136 	DATA 	TR 84 | TR1 42 | TR2 42
131.1802 	DATA 	Keypress: 5
131.1802 	DATA 	TR 85 | TR1 43 | TR2 42
132.7466 	DATA 	Keypress: 5
132.7467 	DATA 	TR 86 | TR1 43 | TR2 43
134.3132 	DATA 	Keypress: 5
134.3132 	DATA 	TR 87 | TR1 44 | TR2 43
135.8630 	DATA 	Keypress: 5
135.8631 	DATA 	TR 88 | TR1 44 | TR2 44
137.4296 	DATA 	Keypress: 5
137.4296 	DATA 	TR 89 | TR1 45 | TR2 44
138.9794 	DATA 	Keypress: 5
138.9794 	DATA 	TR 90 | TR1 45 | TR2 45
140.5627 	DATA 	Keypress: 5
140.5628 	DATA 	TR 91 | TR1 46 | TR2 45
142.1124 	DATA 	Keypress: 5
142.1125 	DATA 	TR 92 | TR1 46 | TR2 46
143.6123 	DATA 	
143.6123 	DATA 	Trial complete
143.6123 	DATA 	Waiting for VASO trigger to start next trial
143.6123 	DATA 	
143.6790 	DATA 	Keypress: 5
143.6791 	DATA 	Waited 0.06676197052001953 seconds for trigger
143.6798 	DATA 	
143.6798 	DATA 	Trial 5
143.6798 	DATA 	stimDur = 24.0
143.6798 	DATA 	jitter = 1.5705
143.6798 	DATA 	restDur = 40.0

143.6798 	DATA 	
143.6798 	DATA 	TR 93 | TR1 47 | TR2 46
145.2288 	DATA 	Keypress: 5
145.2289 	DATA 	TR 94 | TR1 47 | TR2 47
145.2621 	DATA 	
145.2621 	DATA 	stimulation started
145.2621 	DATA 	
146.8121 	DATA 	Keypress: 5
146.8121 	DATA 	TR 95 | TR1 48 | TR2 47
148.3619 	DATA 	Keypress: 5
148.3619 	DATA 	TR 96 | TR1 48 | TR2 48
149.9285 	DATA 	Keypress: 5
149.9285 	DATA 	TR 97 | TR1 49 | TR2 48
151.4783 	DATA 	Keypress: 5
151.4783 	DATA 	TR 98 | TR1 49 | TR2 49
153.0450 	DATA 	Keypress: 5
153.0450 	DATA 	TR 99 | TR1 50 | TR2 49
154.5954 	DATA 	Keypress: 5
154.6114 	DATA 	TR 100 | TR1 50 | TR2 50
156.1779 	DATA 	Keypress: 5
156.1779 	DATA 	TR 101 | TR1 51 | TR2 50
157.7277 	DATA 	Keypress: 5
157.7278 	DATA 	TR 102 | TR1 51 | TR2 51
159.2943 	DATA 	Keypress: 5
159.2943 	DATA 	TR 103 | TR1 52 | TR2 51
160.8441 	DATA 	Keypress: 5
160.8441 	DATA 	TR 104 | TR1 52 | TR2 52
162.4274 	DATA 	Keypress: 5
162.4275 	DATA 	TR 105 | TR1 53 | TR2 52
163.0106 	DATA 	Target presented
163.6105 	DATA 	Keypress: 1
163.6106 	DATA 	Key1 pressed
163.6106 	DATA 	Target detected
163.9771 	DATA 	Keypress: 5
163.9772 	DATA 	TR 106 | TR1 53 | TR2 53
165.5437 	DATA 	Keypress: 5
165.5437 	DATA 	TR 107 | TR1 54 | TR2 53
167.0935 	DATA 	Keypress: 5
167.0936 	DATA 	TR 108 | TR1 54 | TR2 54
168.6608 	DATA 	Keypress: 5
168.6767 	DATA 	TR 109 | TR1 55 | TR2 54
169.2600 	DATA 	
169.2600 	DATA 	stimulation stopped
169.2600 	DATA 	
170.2265 	DATA 	Keypress: 5
170.2266 	DATA 	TR 110 | TR1 55 | TR2 55
171.7931 	DATA 	Keypress: 5
171.7931 	DATA 	TR 111 | TR1 56 | TR2 55
173.3429 	DATA 	Keypress: 5
173.3429 	DATA 	TR 112 | TR1 56 | TR2 56
174.9094 	DATA 	Keypress: 5
174.9095 	DATA 	TR 113 | TR1 57 | TR2 56
176.4593 	DATA 	Keypress: 5
176.4593 	DATA 	TR 114 | TR1 57 | TR2 57
178.0425 	DATA 	Keypress: 5
178.0426 	DATA 	TR 115 | TR1 58 | TR2 57
179.5925 	DATA 	Keypress: 5
179.5925 	DATA 	TR 116 | TR1 58 | TR2 58
181.1590 	DATA 	Keypress: 5
181.1591 	DATA 	TR 117 | TR1 59 | TR2 58
182.7087 	DATA 	Keypress: 5
182.7087 	DATA 	TR 118 | TR1 59 | TR2 59
184.2919 	DATA 	Keypress: 5
184.2919 	DATA 	TR 119 | TR1 60 | TR2 59
185.8418 	DATA 	Keypress: 5
185.8418 	DATA 	TR 120 | TR1 60 | TR2 60
187.4083 	DATA 	Keypress: 5
187.4084 	DATA 	TR 121 | TR1 61 | TR2 60
188.9581 	DATA 	Keypress: 5
188.9582 	DATA 	TR 122 | TR1 61 | TR2 61
190.5247 	DATA 	Keypress: 5
190.5247 	DATA 	TR 123 | TR1 62 | TR2 61
192.0912 	DATA 	Keypress: 5
192.0912 	DATA 	TR 124 | TR1 62 | TR2 62
193.6577 	DATA 	Keypress: 5
193.6578 	DATA 	TR 125 | TR1 63 | TR2 62
195.2075 	DATA 	Keypress: 5
195.2076 	DATA 	TR 126 | TR1 63 | TR2 63
196.7741 	DATA 	Keypress: 5
196.7742 	DATA 	TR 127 | TR1 64 | TR2 63
198.3239 	DATA 	Keypress: 5
198.3239 	DATA 	TR 128 | TR1 64 | TR2 64
199.9072 	DATA 	Keypress: 5
199.9072 	DATA 	TR 129 | TR1 65 | TR2 64
201.4570 	DATA 	Keypress: 5
201.4570 	DATA 	TR 130 | TR1 65 | TR2 65
203.0236 	DATA 	Keypress: 5
203.0237 	DATA 	TR 131 | TR1 66 | TR2 65
204.5736 	DATA 	Keypress: 5
204.5736 	DATA 	TR 132 | TR1 66 | TR2 66
206.1566 	DATA 	Keypress: 5
206.1566 	DATA 	TR 133 | TR1 67 | TR2 66
207.7064 	DATA 	Keypress: 5
207.7065 	DATA 	TR 134 | TR1 67 | TR2 67
209.2562 	DATA 	
209.2562 	DATA 	Trial complete
209.2563 	DATA 	Waiting for VASO trigger to start next trial
209.2563 	DATA 	
209.2729 	DATA 	Keypress: 5
209.2730 	DATA 	Waited 0.016723155975341797 seconds for trigger
209.2738 	DATA 	
209.2738 	DATA 	Trial 6
209.2738 	DATA 	stimDur = 24.0
209.2738 	DATA 	jitter = 0.0
209.2738 	DATA 	restDur = 40.0

209.2738 	DATA 	
209.2738 	DATA 	TR 135 | TR1 68 | TR2 67
209.2738 	DATA 	
209.2738 	DATA 	stimulation started
209.2738 	DATA 	
210.8228 	DATA 	Keypress: 5
210.8229 	DATA 	TR 136 | TR1 68 | TR2 68
211.4061 	DATA 	Target presented
211.9902 	DATA 	Keypress: 1
212.0060 	DATA 	Key1 pressed
212.0061 	DATA 	Target detected
212.3894 	DATA 	Keypress: 5
212.3894 	DATA 	TR 137 | TR1 69 | TR2 68
213.9392 	DATA 	Keypress: 5
213.9393 	DATA 	TR 138 | TR1 69 | TR2 69
215.5224 	DATA 	Keypress: 5
215.5225 	DATA 	TR 139 | TR1 70 | TR2 69
217.0723 	DATA 	Keypress: 5
217.0723 	DATA 	TR 140 | TR1 70 | TR2 70
218.6388 	DATA 	Keypress: 5
218.6389 	DATA 	TR 141 | TR1 71 | TR2 70
220.1887 	DATA 	Keypress: 5
220.1887 	DATA 	TR 142 | TR1 71 | TR2 71
221.7719 	DATA 	Keypress: 5
221.7719 	DATA 	TR 143 | TR1 72 | TR2 71
223.3217 	DATA 	Keypress: 5
223.3217 	DATA 	TR 144 | TR1 72 | TR2 72
224.8883 	DATA 	Keypress: 5
224.8883 	DATA 	TR 145 | TR1 73 | TR2 72
226.4381 	DATA 	Keypress: 5
226.4381 	DATA 	TR 146 | TR1 73 | TR2 73
228.0054 	DATA 	Keypress: 5
228.0212 	DATA 	TR 147 | TR1 74 | TR2 73
229.5711 	DATA 	Keypress: 5
229.5712 	DATA 	TR 148 | TR1 74 | TR2 74
231.1377 	DATA 	Keypress: 5
231.1377 	DATA 	TR 149 | TR1 75 | TR2 74
232.6875 	DATA 	Keypress: 5
232.6875 	DATA 	TR 150 | TR1 75 | TR2 75
233.2874 	DATA 	
233.2874 	DATA 	stimulation stopped
233.2874 	DATA 	
234.2540 	DATA 	Keypress: 5
234.2540 	DATA 	TR 151 | TR1 76 | TR2 75
235.8038 	DATA 	Keypress: 5
235.8039 	DATA 	TR 152 | TR1 76 | TR2 76
237.3870 	DATA 	Keypress: 5
237.3871 	DATA 	TR 153 | TR1 77 | TR2 76
238.9369 	DATA 	Keypress: 5
238.9369 	DATA 	TR 154 | TR1 77 | TR2 77
240.5036 	DATA 	Keypress: 5
240.5036 	DATA 	TR 155 | TR1 78 | TR2 77
242.0533 	DATA 	Keypress: 5
242.0533 	DATA 	TR 156 | TR1 78 | TR2 78
243.6366 	DATA 	Keypress: 5
243.6367 	DATA 	TR 157 | TR1 79 | TR2 78
245.1863 	DATA 	Keypress: 5
245.1863 	DATA 	TR 158 | TR1 79 | TR2 79
246.7529 	DATA 	Keypress: 5
246.7529 	DATA 	TR 159 | TR1 80 | TR2 79
248.3027 	DATA 	Keypress: 5
248.3027 	DATA 	TR 160 | TR1 80 | TR2 80
249.8692 	DATA 	Keypress: 5
249.8693 	DATA 	TR 161 | TR1 81 | TR2 80
251.4197 	DATA 	Keypress: 5
251.4357 	DATA 	TR 162 | TR1 81 | TR2 81
253.0023 	DATA 	Keypress: 5
253.0023 	DATA 	TR 163 | TR1 82 | TR2 81
254.5521 	DATA 	Keypress: 5
254.5521 	DATA 	TR 164 | TR1 82 | TR2 82
256.1187 	DATA 	Keypress: 5
256.1187 	DATA 	TR 165 | TR1 83 | TR2 82
257.6685 	DATA 	Keypress: 5
257.6685 	DATA 	TR 166 | TR1 83 | TR2 83
259.2517 	DATA 	Keypress: 5
259.2517 	DATA 	TR 167 | TR1 84 | TR2 83
260.8015 	DATA 	Keypress: 5
260.8016 	DATA 	TR 168 | TR1 84 | TR2 84
262.3677 	DATA 	Keypress: 5
262.3678 	DATA 	TR 169 | TR1 85 | TR2 84
263.9179 	DATA 	Keypress: 5
263.9179 	DATA 	TR 170 | TR1 85 | TR2 85
264.4844 	DATA 	Target presented
265.0512 	DATA 	Keypress: 1
265.0512 	DATA 	Key1 pressed
265.0512 	DATA 	Target detected
265.4850 	DATA 	Keypress: 5
265.5011 	DATA 	TR 171 | TR1 86 | TR2 85
267.0510 	DATA 	Keypress: 5
267.0510 	DATA 	TR 172 | TR1 86 | TR2 86
268.6175 	DATA 	Keypress: 5
268.6175 	DATA 	TR 173 | TR1 87 | TR2 86
270.1672 	DATA 	Keypress: 5
270.1673 	DATA 	TR 174 | TR1 87 | TR2 87
271.7339 	DATA 	Keypress: 5
271.7339 	DATA 	TR 175 | TR1 88 | TR2 87
273.2837 	DATA 	Keypress: 5
273.2837 	DATA 	TR 176 | TR1 88 | TR2 88
273.2837 	DATA 	
273.2837 	DATA 	Trial complete
273.2838 	DATA 	Waiting for VASO trigger to start next trial
273.2838 	DATA 	
274.8669 	DATA 	Keypress: 5
274.8670 	DATA 	Waited 1.5831890106201172 seconds for trigger
274.8677 	DATA 	
274.8677 	DATA 	Trial 7
274.8677 	DATA 	stimDur = 4.0
274.8678 	DATA 	jitter = 1.5705
274.8678 	DATA 	restDur = 24.0

274.8678 	DATA 	
274.8678 	DATA 	TR 177 | TR1 89 | TR2 88
276.4167 	DATA 	Keypress: 5
276.4168 	DATA 	TR 178 | TR1 89 | TR2 89
276.4500 	DATA 	
276.4500 	DATA 	stimulation started
276.4500 	DATA 	
277.9833 	DATA 	Keypress: 5
277.9834 	DATA 	TR 179 | TR1 90 | TR2 89
279.5332 	DATA 	Keypress: 5
279.5332 	DATA 	TR 180 | TR1 90 | TR2 90
280.4497 	DATA 	
280.4498 	DATA 	stimulation stopped
280.4498 	DATA 	
281.1163 	DATA 	Keypress: 5
281.1164 	DATA 	TR 181 | TR1 91 | TR2 90
282.6663 	DATA 	Keypress: 5
282.6663 	DATA 	TR 182 | TR1 91 | TR2 91
284.2327 	DATA 	Keypress: 5
284.2327 	DATA 	TR 183 | TR1 92 | TR2 91
285.7826 	DATA 	Keypress: 5
285.7827 	DATA 	TR 184 | TR1 92 | TR2 92
287.3491 	DATA 	Keypress: 5
287.3491 	DATA 	TR 185 | TR1 93 | TR2 92
288.8996 	DATA 	Keypress: 5
288.9156 	DATA 	TR 186 | TR1 93 | TR2 93
290.4821 	DATA 	Keypress: 5
290.4821 	DATA 	TR 187 | TR1 94 | TR2 93
292.0320 	DATA 	Keypress: 5
292.0321 	DATA 	TR 188 | TR1 94 | TR2 94
293.5985 	DATA 	Keypress: 5
293.5985 	DATA 	TR 189 | TR1 95 | TR2 94
295.1483 	DATA 	Keypress: 5
295.1485 	DATA 	TR 190 | TR1 95 | TR2 95
296.7316 	DATA 	Keypress: 5
296.7316 	DATA 	TR 191 | TR1 96 | TR2 95
298.2815 	DATA 	Keypress: 5
298.2816 	DATA 	TR 192 | TR1 96 | TR2 96
299.8479 	DATA 	Keypress: 5
299.8480 	DATA 	TR 193 | TR1 97 | TR2 96
301.3979 	DATA 	Keypress: 5
301.3981 	DATA 	TR 194 | TR1 97 | TR2 97
302.9810 	DATA 	Keypress: 5
302.9810 	DATA 	TR 195 | TR1 98 | TR2 97
304.4475 	DATA 	
304.4475 	DATA 	Trial complete
304.4475 	DATA 	Waiting for VASO trigger to start next trial
304.4475 	DATA 	
304.5309 	DATA 	Keypress: 5
304.5309 	DATA 	TR 196 | TR1 98 | TR2 98
306.0974 	DATA 	Keypress: 5
306.0974 	DATA 	Waited 1.6499171257019043 seconds for trigger
306.0982 	DATA 	
306.0982 	DATA 	Trial 8
306.0982 	DATA 	stimDur = 4.0
306.0982 	DATA 	jitter = 0.78525
306.0982 	DATA 	restDur = 24.0

306.0982 	DATA 	
306.0982 	DATA 	TR 197 | TR1 99 | TR2 98
306.8972 	DATA 	
306.8973 	DATA 	stimulation started
306.8973 	DATA 	
307.6473 	DATA 	Keypress: 5
307.6474 	DATA 	TR 198 | TR1 99 | TR2 99
309.2138 	DATA 	Keypress: 5
309.2139 	DATA 	TR 199 | TR1 100 | TR2 99
310.7637 	DATA 	Keypress: 5
310.7638 	DATA 	TR 200 | TR1 100 | TR2 100
310.8970 	DATA 	
310.8970 	DATA 	stimulation stopped
310.8970 	DATA 	
312.3468 	DATA 	Keypress: 5
312.3468 	DATA 	TR 201 | TR1 101 | TR2 100
313.8967 	DATA 	Keypress: 5
313.8967 	DATA 	TR 202 | TR1 101 | TR2 101
315.4632 	DATA 	Keypress: 5
315.4633 	DATA 	TR 203 | TR1 102 | TR2 101
317.0131 	DATA 	Keypress: 5
317.0131 	DATA 	TR 204 | TR1 102 | TR2 102
318.5963 	DATA 	Keypress: 5
318.5963 	DATA 	TR 205 | TR1 103 | TR2 102
320.1461 	DATA 	Keypress: 5
320.1462 	DATA 	TR 206 | TR1 103 | TR2 103
321.7128 	DATA 	Keypress: 5
321.7128 	DATA 	TR 207 | TR1 104 | TR2 103
323.2625 	DATA 	Keypress: 5
323.2626 	DATA 	TR 208 | TR1 104 | TR2 104
324.8290 	DATA 	Keypress: 5
324.8291 	DATA 	TR 209 | TR1 105 | TR2 104
326.3956 	DATA 	Keypress: 5
326.3956 	DATA 	TR 210 | TR1 105 | TR2 105
327.9621 	DATA 	Keypress: 5
327.9621 	DATA 	TR 211 | TR1 106 | TR2 105
329.5120 	DATA 	Keypress: 5
329.5120 	DATA 	TR 212 | TR1 106 | TR2 106
331.0785 	DATA 	Keypress: 5
331.0785 	DATA 	TR 213 | TR1 107 | TR2 106
332.6283 	DATA 	Keypress: 5
332.6284 	DATA 	TR 214 | TR1 107 | TR2 107
334.2115 	DATA 	Keypress: 5
334.2116 	DATA 	TR 215 | TR1 108 | TR2 107
334.8947 	DATA 	
334.8948 	DATA 	Trial complete
334.8948 	DATA 	Waiting for VASO trigger to start next trial
334.8948 	DATA 	
335.7613 	DATA 	Keypress: 5
335.7614 	DATA 	TR 216 | TR1 108 | TR2 108
337.3279 	DATA 	Keypress: 5
337.3280 	DATA 	Waited 2.4331741333007812 seconds for trigger
337.3287 	DATA 	
337.3287 	DATA 	Trial 9
337.3287 	DATA 	stimDur = 2.0
337.3287 	DATA 	jitter = 0.0
337.3288 	DATA 	restDur = 22.0

337.3288 	DATA 	
337.3288 	DATA 	TR 217 | TR1 109 | TR2 108
337.3288 	DATA 	
337.3288 	DATA 	stimulation started
337.3288 	DATA 	
338.2779 	DATA 	Target presented
338.7945 	DATA 	Keypress: 1
338.7946 	DATA 	Key1 pressed
338.7946 	DATA 	Target detected
338.8778 	DATA 	Keypress: 5
338.8779 	DATA 	TR 218 | TR1 109 | TR2 109
339.3446 	DATA 	
339.3446 	DATA 	stimulation stopped
339.3446 	DATA 	
340.4609 	DATA 	Keypress: 5
340.4610 	DATA 	TR 219 | TR1 110 | TR2 109
342.0108 	DATA 	Keypress: 5
342.0109 	DATA 	TR 220 | TR1 110 | TR2 110
343.5773 	DATA 	Keypress: 5
343.5774 	DATA 	TR 221 | TR1 111 | TR2 110
345.1272 	DATA 	Keypress: 5
345.1273 	DATA 	TR 222 | TR1 111 | TR2 111
346.6938 	DATA 	Keypress: 5
346.6938 	DATA 	TR 223 | TR1 112 | TR2 111
348.2442 	DATA 	Keypress: 5
348.2602 	DATA 	TR 224 | TR1 112 | TR2 112
349.8268 	DATA 	Keypress: 5
349.8268 	DATA 	TR 225 | TR1 113 | TR2 112
351.3768 	DATA 	Keypress: 5
351.3769 	DATA 	TR 226 | TR1 113 | TR2 113
352.9432 	DATA 	Keypress: 5
352.9432 	DATA 	TR 227 | TR1 114 | TR2 113
354.4930 	DATA 	Keypress: 5
354.4931 	DATA 	TR 228 | TR1 114 | TR2 114
356.0762 	DATA 	Keypress: 5
356.0763 	DATA 	TR 229 | TR1 115 | TR2 114
357.6261 	DATA 	Keypress: 5
357.6261 	DATA 	TR 230 | TR1 115 | TR2 115
359.1926 	DATA 	Keypress: 5
359.1926 	DATA 	TR 231 | TR1 116 | TR2 115
360.7425 	DATA 	Keypress: 5
360.7425 	DATA 	TR 232 | TR1 116 | TR2 116
361.3423 	DATA 	
361.3423 	DATA 	Trial complete
361.3424 	DATA 	Waiting for VASO trigger to start next trial
361.3424 	DATA 	
362.3089 	DATA 	Keypress: 5
362.3090 	DATA 	Waited 0.9666221141815186 seconds for trigger
362.3098 	DATA 	
362.3098 	DATA 	Trial 10
362.3098 	DATA 	stimDur = 4.0
362.3098 	DATA 	jitter = 0.0
362.3098 	DATA 	restDur = 24.0

362.3098 	DATA 	
362.3098 	DATA 	TR 233 | TR1 117 | TR2 116
362.3098 	DATA 	
362.3098 	DATA 	stimulation started
362.3098 	DATA 	
363.8756 	DATA 	Keypress: 5
363.8756 	DATA 	TR 234 | TR1 117 | TR2 117
365.4420 	DATA 	Keypress: 5
365.4421 	DATA 	TR 235 | TR1 118 | TR2 117
366.3253 	DATA 	
366.3253 	DATA 	stimulation stopped
366.3253 	DATA 	
366.9919 	DATA 	Keypress: 5
366.9920 	DATA 	TR 236 | TR1 118 | TR2 118
368.5584 	DATA 	Keypress: 5
368.5584 	DATA 	TR 237 | TR1 119 | TR2 118
370.1082 	DATA 	Keypress: 5
370.1082 	DATA 	TR 238 | TR1 119 | TR2 119
371.6914 	DATA 	Keypress: 5
371.6915 	DATA 	TR 239 | TR1 120 | TR2 119
373.2412 	DATA 	Keypress: 5
373.2413 	DATA 	TR 240 | TR1 120 | TR2 120
374.8078 	DATA 	Keypress: 5
374.8079 	DATA 	TR 241 | TR1 121 | TR2 120
376.3577 	DATA 	Keypress: 5
376.3578 	DATA 	TR 242 | TR1 121 | TR2 121
377.9409 	DATA 	Keypress: 5
377.9409 	DATA 	TR 243 | TR1 122 | TR2 121
379.4908 	DATA 	Keypress: 5
379.4908 	DATA 	TR 244 | TR1 122 | TR2 122
381.0573 	DATA 	Keypress: 5
381.0573 	DATA 	TR 245 | TR1 123 | TR2 122
382.6071 	DATA 	Keypress: 5
382.6072 	DATA 	TR 246 | TR1 123 | TR2 123
384.1737 	DATA 	Keypress: 5
384.1737 	DATA 	TR 247 | TR1 124 | TR2 123
385.7402 	DATA 	Keypress: 5
385.7402 	DATA 	TR 248 | TR1 124 | TR2 124
387.3068 	DATA 	Keypress: 5
387.3069 	DATA 	TR 249 | TR1 125 | TR2 124
388.8566 	DATA 	Keypress: 5
388.8566 	DATA 	TR 250 | TR1 125 | TR2 125
390.3230 	DATA 	
390.3230 	DATA 	Trial complete
390.3231 	DATA 	Waiting for VASO trigger to start next trial
390.3231 	DATA 	
390.4231 	DATA 	Keypress: 5
390.4231 	DATA 	Waited 0.10007500648498535 seconds for trigger
390.4239 	DATA 	
390.4239 	DATA 	Trial 11
390.4239 	DATA 	stimDur = 4.0
390.4239 	DATA 	jitter = 2.35575
390.4239 	DATA 	restDur = 24.0

390.4239 	DATA 	
390.4239 	DATA 	TR 251 | TR1 126 | TR2 125
391.9729 	DATA 	Keypress: 5
391.9730 	DATA 	TR 252 | TR1 126 | TR2 126
392.7895 	DATA 	
392.7895 	DATA 	stimulation started
392.7895 	DATA 	
393.5562 	DATA 	Keypress: 5
393.5562 	DATA 	TR 253 | TR1 127 | TR2 126
395.1060 	DATA 	Keypress: 5
395.1061 	DATA 	TR 254 | TR1 127 | TR2 127
396.6725 	DATA 	Keypress: 5
396.6726 	DATA 	TR 255 | TR1 128 | TR2 127
396.7891 	DATA 	
396.7892 	DATA 	stimulation stopped
396.7892 	DATA 	
398.2224 	DATA 	Keypress: 5
398.2224 	DATA 	TR 256 | TR1 128 | TR2 128
399.7896 	DATA 	Keypress: 5
399.8055 	DATA 	TR 257 | TR1 129 | TR2 128
401.3556 	DATA 	Keypress: 5
401.3556 	DATA 	TR 258 | TR1 129 | TR2 129
402.9219 	DATA 	Keypress: 5
402.9220 	DATA 	TR 259 | TR1 130 | TR2 129
404.4718 	DATA 	Keypress: 5
404.4718 	DATA 	TR 260 | TR1 130 | TR2 130
406.0383 	DATA 	Keypress: 5
406.0383 	DATA 	TR 261 | TR1 131 | TR2 130
407.5882 	DATA 	Keypress: 5
407.5882 	DATA 	TR 262 | TR1 131 | TR2 131
409.1713 	DATA 	Keypress: 5
409.1714 	DATA 	TR 263 | TR1 132 | TR2 131
410.7212 	DATA 	Keypress: 5
410.7213 	DATA 	TR 264 | TR1 132 | TR2 132
412.2877 	DATA 	Keypress: 5
412.2877 	DATA 	TR 265 | TR1 133 | TR2 132
413.8376 	DATA 	Keypress: 5
413.8377 	DATA 	TR 266 | TR1 133 | TR2 133
415.4208 	DATA 	Keypress: 5
415.4208 	DATA 	TR 267 | TR1 134 | TR2 133
416.3707 	DATA 	Target presented
416.9540 	DATA 	Keypress: 1
416.9541 	DATA 	Key1 pressed
416.9541 	DATA 	Target detected
416.9706 	DATA 	Keypress: 5
416.9706 	DATA 	TR 268 | TR1 134 | TR2 134
418.5371 	DATA 	Keypress: 5
418.5372 	DATA 	TR 269 | TR1 135 | TR2 134
420.0870 	DATA 	Keypress: 5
420.0871 	DATA 	TR 270 | TR1 135 | TR2 135
420.7869 	DATA 	
420.7869 	DATA 	Trial complete
420.7869 	DATA 	Waiting for VASO trigger to start next trial
420.7869 	DATA 	
421.6535 	DATA 	Keypress: 5
421.6536 	DATA 	Waited 0.8666279315948486 seconds for trigger
421.6543 	DATA 	
421.6543 	DATA 	Trial 12
421.6543 	DATA 	stimDur = 2.0
421.6543 	DATA 	jitter = 2.35575
421.6544 	DATA 	restDur = 22.0

421.6544 	DATA 	
421.6544 	DATA 	TR 271 | TR1 136 | TR2 135
423.2040 	DATA 	Keypress: 5
423.2200 	DATA 	TR 272 | TR1 136 | TR2 136
424.0200 	DATA 	
424.0200 	DATA 	stimulation started
424.0200 	DATA 	
424.7866 	DATA 	Keypress: 5
424.7867 	DATA 	TR 273 | TR1 137 | TR2 136
426.0198 	DATA 	
426.0198 	DATA 	stimulation stopped
426.0198 	DATA 	
426.3365 	DATA 	Keypress: 5
426.3366 	DATA 	TR 274 | TR1 137 | TR2 137
427.9030 	DATA 	Keypress: 5
427.9030 	DATA 	TR 275 | TR1 138 | TR2 137
429.4528 	DATA 	Keypress: 5
429.4529 	DATA 	TR 276 | TR1 138 | TR2 138
431.0362 	DATA 	Keypress: 5
431.0362 	DATA 	TR 277 | TR1 139 | TR2 138
432.5859 	DATA 	Keypress: 5
432.5859 	DATA 	TR 278 | TR1 139 | TR2 139
434.1524 	DATA 	Keypress: 5
434.1524 	DATA 	TR 279 | TR1 140 | TR2 139
435.7023 	DATA 	Keypress: 5
435.7023 	DATA 	TR 280 | TR1 140 | TR2 140
437.2854 	DATA 	Keypress: 5
437.2855 	DATA 	TR 281 | TR1 141 | TR2 140
438.8353 	DATA 	Keypress: 5
438.8354 	DATA 	TR 282 | TR1 141 | TR2 141
440.4018 	DATA 	Keypress: 5
440.4019 	DATA 	TR 283 | TR1 142 | TR2 141
441.9517 	DATA 	Keypress: 5
441.9518 	DATA 	TR 284 | TR1 142 | TR2 142
443.5182 	DATA 	Keypress: 5
443.5182 	DATA 	TR 285 | TR1 143 | TR2 142
445.0681 	DATA 	Keypress: 5
445.0682 	DATA 	TR 286 | TR1 143 | TR2 143
446.6512 	DATA 	Keypress: 5
446.6513 	DATA 	TR 287 | TR1 144 | TR2 143
448.0177 	DATA 	
448.0178 	DATA 	Trial complete
448.0178 	DATA 	Waiting for VASO trigger to start next trial
448.0178 	DATA 	
448.2011 	DATA 	Keypress: 5
448.2012 	DATA 	TR 288 | TR1 144 | TR2 144
449.7677 	DATA 	Keypress: 5
449.7677 	DATA 	Waited 1.7499439716339111 seconds for trigger
449.7685 	DATA 	
449.7685 	DATA 	Trial 13
449.7685 	DATA 	stimDur = 2.0
449.7685 	DATA 	jitter = 1.5705
449.7685 	DATA 	restDur = 22.0

449.7685 	DATA 	
449.7685 	DATA 	TR 289 | TR1 145 | TR2 144
451.3176 	DATA 	Keypress: 5
451.3176 	DATA 	TR 290 | TR1 145 | TR2 145
451.3508 	DATA 	
451.3508 	DATA 	stimulation started
451.3508 	DATA 	
452.9007 	DATA 	Keypress: 5
452.9008 	DATA 	TR 291 | TR1 146 | TR2 145
453.3506 	DATA 	
453.3507 	DATA 	stimulation stopped
453.3507 	DATA 	
454.4505 	DATA 	Keypress: 5
454.4506 	DATA 	TR 292 | TR1 146 | TR2 146
456.0171 	DATA 	Keypress: 5
456.0171 	DATA 	TR 293 | TR1 147 | TR2 146
457.5669 	DATA 	Keypress: 5
457.5670 	DATA 	TR 294 | TR1 147 | TR2 147
459.1340 	DATA 	Keypress: 5
459.1500 	DATA 	TR 295 | TR1 148 | TR2 147
460.7000 	DATA 	Keypress: 5
460.7000 	DATA 	TR 296 | TR1 148 | TR2 148
462.2665 	DATA 	Keypress: 5
462.2665 	DATA 	TR 297 | TR1 149 | TR2 148
463.8164 	DATA 	Keypress: 5
463.8164 	DATA 	TR 298 | TR1 149 | TR2 149
465.3829 	DATA 	Keypress: 5
465.3829 	DATA 	TR 299 | TR1 150 | TR2 149
466.9329 	DATA 	Keypress: 5
466.9329 	DATA 	TR 300 | TR1 150 | TR2 150
468.5159 	DATA 	Keypress: 5
468.5159 	DATA 	TR 301 | TR1 151 | TR2 150
470.0658 	DATA 	Keypress: 5
470.0658 	DATA 	TR 302 | TR1 151 | TR2 151
471.6323 	DATA 	Keypress: 5
471.6323 	DATA 	TR 303 | TR1 152 | TR2 151
473.1822 	DATA 	Keypress: 5
473.1822 	DATA 	TR 304 | TR1 152 | TR2 152
474.2321 	DATA 	Target presented
474.7493 	DATA 	Keypress: 5
474.7653 	DATA 	TR 305 | TR1 153 | TR2 152
474.9153 	DATA 	Keypress: 1
474.9154 	DATA 	Key1 pressed
474.9154 	DATA 	Target detected
475.3486 	DATA 	
475.3486 	DATA 	Trial complete
475.3486 	DATA 	Waiting for VASO trigger to start next trial
475.3486 	DATA 	
476.3152 	DATA 	Keypress: 5
476.3153 	DATA 	TR 306 | TR1 153 | TR2 153
477.8817 	DATA 	Keypress: 5
477.8818 	DATA 	Waited 2.5331661701202393 seconds for trigger
477.8825 	DATA 	
477.8826 	DATA 	Trial 14
477.8826 	DATA 	stimDur = 24.0
477.8826 	DATA 	jitter = 2.35575
477.8826 	DATA 	restDur = 40.0

477.8826 	DATA 	
477.8826 	DATA 	TR 307 | TR1 154 | TR2 153
479.4316 	DATA 	Keypress: 5
479.4316 	DATA 	TR 308 | TR1 154 | TR2 154
480.2481 	DATA 	
480.2481 	DATA 	stimulation started
480.2481 	DATA 	
480.9982 	DATA 	Keypress: 5
480.9982 	DATA 	TR 309 | TR1 155 | TR2 154
482.5488 	DATA 	Keypress: 5
482.5647 	DATA 	TR 310 | TR1 155 | TR2 155
484.1312 	DATA 	Keypress: 5
484.1313 	DATA 	TR 311 | TR1 156 | TR2 155
485.6811 	DATA 	Keypress: 5
485.6812 	DATA 	TR 312 | TR1 156 | TR2 156
487.2476 	DATA 	Keypress: 5
487.2476 	DATA 	TR 313 | TR1 157 | TR2 156
488.7975 	DATA 	Keypress: 5
488.7975 	DATA 	TR 314 | TR1 157 | TR2 157
490.3806 	DATA 	Keypress: 5
490.3807 	DATA 	TR 315 | TR1 158 | TR2 157
491.9305 	DATA 	Keypress: 5
491.9305 	DATA 	TR 316 | TR1 158 | TR2 158
493.4970 	DATA 	Keypress: 5
493.4971 	DATA 	TR 317 | TR1 159 | TR2 158
495.0469 	DATA 	Keypress: 5
495.0470 	DATA 	TR 318 | TR1 159 | TR2 159
496.6134 	DATA 	Keypress: 5
496.6135 	DATA 	TR 319 | TR1 160 | TR2 159
498.1799 	DATA 	Keypress: 5
498.1800 	DATA 	TR 320 | TR1 160 | TR2 160
499.7465 	DATA 	Keypress: 5
499.7465 	DATA 	TR 321 | TR1 161 | TR2 160
501.2963 	DATA 	Keypress: 5
501.2964 	DATA 	TR 322 | TR1 161 | TR2 161
502.8628 	DATA 	Keypress: 5
502.8629 	DATA 	TR 323 | TR1 162 | TR2 161
504.2460 	DATA 	
504.2460 	DATA 	stimulation stopped
504.2460 	DATA 	
504.4126 	DATA 	Keypress: 5
504.4127 	DATA 	TR 324 | TR1 162 | TR2 162
505.9958 	DATA 	Keypress: 5
505.9960 	DATA 	TR 325 | TR1 163 | TR2 162
507.5457 	DATA 	Keypress: 5
507.5457 	DATA 	TR 326 | TR1 163 | TR2 163
509.1122 	DATA 	Keypress: 5
509.1123 	DATA 	TR 327 | TR1 164 | TR2 163
510.6621 	DATA 	Keypress: 5
510.6621 	DATA 	TR 328 | TR1 164 | TR2 164
512.2453 	DATA 	Keypress: 5
512.2454 	DATA 	TR 329 | TR1 165 | TR2 164
513.7951 	DATA 	Keypress: 5
513.7952 	DATA 	TR 330 | TR1 165 | TR2 165
515.3616 	DATA 	Keypress: 5
515.3617 	DATA 	TR 331 | TR1 166 | TR2 165
516.9115 	DATA 	Keypress: 5
516.9115 	DATA 	TR 332 | TR1 166 | TR2 166
518.4780 	DATA 	Keypress: 5
518.4781 	DATA 	TR 333 | TR1 167 | TR2 166
520.0279 	DATA 	Keypress: 5
520.0279 	DATA 	TR 334 | TR1 167 | TR2 167
521.6112 	DATA 	Keypress: 5
521.6112 	DATA 	TR 335 | TR1 168 | TR2 167
523.1609 	DATA 	Keypress: 5
523.1610 	DATA 	TR 336 | TR1 168 | TR2 168
524.7276 	DATA 	Keypress: 5
524.7277 	DATA 	TR 337 | TR1 169 | TR2 168
526.2773 	DATA 	Keypress: 5
526.2773 	DATA 	TR 338 | TR1 169 | TR2 169
527.8606 	DATA 	Keypress: 5
527.8606 	DATA 	TR 339 | TR1 170 | TR2 169
529.4103 	DATA 	Keypress: 5
529.4104 	DATA 	TR 340 | TR1 170 | TR2 170
530.9769 	DATA 	Keypress: 5
530.9770 	DATA 	TR 341 | TR1 171 | TR2 170
532.5267 	DATA 	Keypress: 5
532.5267 	DATA 	TR 342 | TR1 171 | TR2 171
534.0939 	DATA 	Keypress: 5
534.1099 	DATA 	TR 343 | TR1 172 | TR2 171
535.6598 	DATA 	Keypress: 5
535.6598 	DATA 	TR 344 | TR1 172 | TR2 172
537.2263 	DATA 	Keypress: 5
537.2264 	DATA 	TR 345 | TR1 173 | TR2 172
538.7758 	DATA 	Keypress: 5
538.7758 	DATA 	TR 346 | TR1 173 | TR2 173
539.1258 	DATA 	Target presented
539.7595 	DATA 	Keypress: 1
539.7596 	DATA 	Key1 pressed
539.7596 	DATA 	Target detected
540.3427 	DATA 	Keypress: 5
540.3427 	DATA 	TR 347 | TR1 174 | TR2 173
541.8925 	DATA 	Keypress: 5
541.8926 	DATA 	TR 348 | TR1 174 | TR2 174
543.4757 	DATA 	Keypress: 5
543.4758 	DATA 	TR 349 | TR1 175 | TR2 174
544.2423 	DATA 	
544.2423 	DATA 	Trial complete
544.2423 	DATA 	Waiting for VASO trigger to start next trial
544.2423 	DATA 	
545.0256 	DATA 	Keypress: 5
545.0256 	DATA 	TR 350 | TR1 175 | TR2 175
546.5923 	DATA 	Keypress: 5
546.5923 	DATA 	Waited 2.3500030040740967 seconds for trigger
546.5931 	DATA 	
546.5931 	DATA 	Trial 15
546.5931 	DATA 	stimDur = 1.0
546.5931 	DATA 	jitter = 2.35575
546.5931 	DATA 	restDur = 20.0

546.5931 	DATA 	
546.5932 	DATA 	TR 351 | TR1 176 | TR2 175
548.1418 	DATA 	Keypress: 5
548.1418 	DATA 	TR 352 | TR1 176 | TR2 176
548.9585 	DATA 	
548.9585 	DATA 	stimulation started
548.9585 	DATA 	
549.7251 	DATA 	Keypress: 5
549.7251 	DATA 	TR 353 | TR1 177 | TR2 176
549.9583 	DATA 	
549.9583 	DATA 	stimulation stopped
549.9583 	DATA 	
551.2750 	DATA 	Keypress: 5
551.2751 	DATA 	TR 354 | TR1 177 | TR2 177
552.8416 	DATA 	Keypress: 5
552.8416 	DATA 	TR 355 | TR1 178 | TR2 177
554.3914 	DATA 	Keypress: 5
554.3914 	DATA 	TR 356 | TR1 178 | TR2 178
555.9580 	DATA 	Keypress: 5
555.9580 	DATA 	TR 357 | TR1 179 | TR2 178
557.5244 	DATA 	Keypress: 5
557.5245 	DATA 	TR 358 | TR1 179 | TR2 179
559.0910 	DATA 	Keypress: 5
559.0910 	DATA 	TR 359 | TR1 180 | TR2 179
560.6408 	DATA 	Keypress: 5
560.6409 	DATA 	TR 360 | TR1 180 | TR2 180
562.2075 	DATA 	Keypress: 5
562.2076 	DATA 	TR 361 | TR1 181 | TR2 180
563.7572 	DATA 	Keypress: 5
563.7572 	DATA 	TR 362 | TR1 181 | TR2 181
565.3404 	DATA 	Keypress: 5
565.3405 	DATA 	TR 363 | TR1 182 | TR2 181
566.8902 	DATA 	Keypress: 5
566.8903 	DATA 	TR 364 | TR1 182 | TR2 182
568.4568 	DATA 	Keypress: 5
568.4568 	DATA 	TR 365 | TR1 183 | TR2 182
569.9566 	DATA 	
569.9566 	DATA 	Trial complete
569.9566 	DATA 	Waiting for VASO trigger to start next trial
569.9566 	DATA 	
570.0066 	DATA 	Keypress: 5
570.0066 	DATA 	TR 366 | TR1 183 | TR2 183
571.5898 	DATA 	Keypress: 5
571.5899 	DATA 	Waited 1.633267879486084 seconds for trigger
571.5907 	DATA 	
571.5907 	DATA 	Trial 16
571.5907 	DATA 	stimDur = 12.0
571.5907 	DATA 	jitter = 0.0
571.5907 	DATA 	restDur = 30.0

571.5907 	DATA 	
571.5907 	DATA 	TR 367 | TR1 184 | TR2 183
571.5907 	DATA 	
571.5907 	DATA 	stimulation started
571.5907 	DATA 	
573.1397 	DATA 	Keypress: 5
573.1398 	DATA 	TR 368 | TR1 184 | TR2 184
574.7063 	DATA 	Keypress: 5
574.7063 	DATA 	TR 369 | TR1 185 | TR2 184
576.2561 	DATA 	Keypress: 5
576.2562 	DATA 	TR 370 | TR1 185 | TR2 185
577.8227 	DATA 	Keypress: 5
577.8227 	DATA 	TR 371 | TR1 186 | TR2 185
579.3726 	DATA 	Keypress: 5
579.3726 	DATA 	TR 372 | TR1 186 | TR2 186
580.9557 	DATA 	Keypress: 5
580.9558 	DATA 	TR 373 | TR1 187 | TR2 186
582.5055 	DATA 	Keypress: 5
582.5056 	DATA 	TR 374 | TR1 187 | TR2 187
583.6054 	DATA 	
583.6054 	DATA 	stimulation stopped
583.6054 	DATA 	
584.0720 	DATA 	Keypress: 5
584.0721 	DATA 	TR 375 | TR1 188 | TR2 187
585.6219 	DATA 	Keypress: 5
585.6219 	DATA 	TR 376 | TR1 188 | TR2 188
587.2051 	DATA 	Keypress: 5
587.2051 	DATA 	TR 377 | TR1 189 | TR2 188
588.7549 	DATA 	Keypress: 5
588.7549 	DATA 	TR 378 | TR1 189 | TR2 189
590.3215 	DATA 	Keypress: 5
590.3215 	DATA 	TR 379 | TR1 190 | TR2 189
590.8381 	DATA 	Target presented
591.3048 	DATA 	Keypress: 1
591.3049 	DATA 	Key1 pressed
591.3049 	DATA 	Target detected
591.8713 	DATA 	Keypress: 5
591.8713 	DATA 	TR 380 | TR1 190 | TR2 190
593.4384 	DATA 	Keypress: 5
593.4544 	DATA 	TR 381 | TR1 191 | TR2 190
595.0043 	DATA 	Keypress: 5
595.0044 	DATA 	TR 382 | TR1 191 | TR2 191
596.5709 	DATA 	Keypress: 5
596.5710 	DATA 	TR 383 | TR1 192 | TR2 191
598.1207 	DATA 	Keypress: 5
598.1208 	DATA 	TR 384 | TR1 192 | TR2 192
599.6873 	DATA 	Keypress: 5
599.6873 	DATA 	TR 385 | TR1 193 | TR2 192
601.2371 	DATA 	Keypress: 5
601.2371 	DATA 	TR 386 | TR1 193 | TR2 193
602.8203 	DATA 	Keypress: 5
602.8204 	DATA 	TR 387 | TR1 194 | TR2 193
604.3701 	DATA 	Keypress: 5
604.3702 	DATA 	TR 388 | TR1 194 | TR2 194
605.9367 	DATA 	Keypress: 5
605.9368 	DATA 	TR 389 | TR1 195 | TR2 194
607.4865 	DATA 	Keypress: 5
607.4866 	DATA 	TR 390 | TR1 195 | TR2 195
609.0697 	DATA 	Keypress: 5
609.0698 	DATA 	TR 391 | TR1 196 | TR2 195
610.6196 	DATA 	Keypress: 5
610.6196 	DATA 	TR 392 | TR1 196 | TR2 196
612.1861 	DATA 	Keypress: 5
612.1862 	DATA 	TR 393 | TR1 197 | TR2 196
613.6026 	DATA 	
613.6026 	DATA 	Trial complete
613.6026 	DATA 	Waiting for VASO trigger to start next trial
613.6026 	DATA 	
613.7359 	DATA 	Keypress: 5
613.7360 	DATA 	TR 394 | TR1 197 | TR2 197
615.3025 	DATA 	Keypress: 5
615.3026 	DATA 	Waited 1.6999239921569824 seconds for trigger
615.3033 	DATA 	
615.3033 	DATA 	Trial 17
615.3033 	DATA 	stimDur = 12.0
615.3033 	DATA 	jitter = 0.78525
615.3034 	DATA 	restDur = 30.0

615.3034 	DATA 	
615.3034 	DATA 	TR 395 | TR1 198 | TR2 197
616.1024 	DATA 	
616.1024 	DATA 	stimulation started
616.1024 	DATA 	
616.8531 	DATA 	Keypress: 5
616.8690 	DATA 	TR 396 | TR1 198 | TR2 198
618.4356 	DATA 	Keypress: 5
618.4357 	DATA 	TR 397 | TR1 199 | TR2 198
619.9854 	DATA 	Keypress: 5
619.9855 	DATA 	TR 398 | TR1 199 | TR2 199
621.5520 	DATA 	Keypress: 5
621.5520 	DATA 	TR 399 | TR1 200 | TR2 199
623.1018 	DATA 	Keypress: 5
623.1018 	DATA 	TR 400 | TR1 200 | TR2 200
624.6850 	DATA 	Keypress: 5
624.6851 	DATA 	TR 401 | TR1 201 | TR2 200
626.2349 	DATA 	Keypress: 5
626.2349 	DATA 	TR 402 | TR1 201 | TR2 201
627.8014 	DATA 	Keypress: 5
627.8015 	DATA 	TR 403 | TR1 202 | TR2 201
628.1013 	DATA 	
628.1013 	DATA 	stimulation stopped
628.1013 	DATA 	
629.3512 	DATA 	Keypress: 5
629.3513 	DATA 	TR 404 | TR1 202 | TR2 202
630.9178 	DATA 	Keypress: 5
630.9178 	DATA 	TR 405 | TR1 203 | TR2 202
632.4843 	DATA 	Keypress: 5
632.4843 	DATA 	TR 406 | TR1 203 | TR2 203
634.0508 	DATA 	Keypress: 5
634.0508 	DATA 	TR 407 | TR1 204 | TR2 203
635.6006 	DATA 	Keypress: 5
635.6007 	DATA 	TR 408 | TR1 204 | TR2 204
637.1672 	DATA 	Keypress: 5
637.1672 	DATA 	TR 409 | TR1 205 | TR2 204
638.7170 	DATA 	Keypress: 5
638.7170 	DATA 	TR 410 | TR1 205 | TR2 205
640.3002 	DATA 	Keypress: 5
640.3003 	DATA 	TR 411 | TR1 206 | TR2 205
641.8500 	DATA 	Keypress: 5
641.8501 	DATA 	TR 412 | TR1 206 | TR2 206
643.4167 	DATA 	Keypress: 5
643.4168 	DATA 	TR 413 | TR1 207 | TR2 206
644.9664 	DATA 	Keypress: 5
644.9665 	DATA 	TR 414 | TR1 207 | TR2 207
646.5496 	DATA 	Keypress: 5
646.5497 	DATA 	TR 415 | TR1 208 | TR2 207
648.0996 	DATA 	Keypress: 5
648.0997 	DATA 	TR 416 | TR1 208 | TR2 208
649.6660 	DATA 	Keypress: 5
649.6661 	DATA 	TR 417 | TR1 209 | TR2 208
651.2159 	DATA 	Keypress: 5
651.2159 	DATA 	TR 418 | TR1 209 | TR2 209
652.7824 	DATA 	Keypress: 5
652.7824 	DATA 	TR 419 | TR1 210 | TR2 209
654.3328 	DATA 	Keypress: 5
654.3489 	DATA 	TR 420 | TR1 210 | TR2 210
655.9155 	DATA 	Keypress: 5
655.9155 	DATA 	TR 421 | TR1 211 | TR2 210
657.4651 	DATA 	Keypress: 5
657.4652 	DATA 	TR 422 | TR1 211 | TR2 211
658.0985 	DATA 	
658.0985 	DATA 	Trial complete
658.0986 	DATA 	Waiting for VASO trigger to start next trial
658.0986 	DATA 	
659.0318 	DATA 	Keypress: 5
659.0319 	DATA 	Waited 0.9333269596099854 seconds for trigger
659.0326 	DATA 	
659.0327 	DATA 	Trial 18
659.0327 	DATA 	stimDur = 12.0
659.0327 	DATA 	jitter = 2.35575
659.0327 	DATA 	restDur = 30.0

659.0327 	DATA 	
659.0327 	DATA 	TR 423 | TR1 212 | TR2 211
660.5817 	DATA 	Keypress: 5
660.5817 	DATA 	TR 424 | TR1 212 | TR2 212
661.3982 	DATA 	
661.3982 	DATA 	stimulation started
661.3982 	DATA 	
662.1649 	DATA 	Keypress: 5
662.1650 	DATA 	TR 425 | TR1 213 | TR2 212
663.7148 	DATA 	Keypress: 5
663.7148 	DATA 	TR 426 | TR1 213 | TR2 213
665.2813 	DATA 	Keypress: 5
665.2814 	DATA 	TR 427 | TR1 214 | TR2 213
666.8312 	DATA 	Keypress: 5
666.8312 	DATA 	TR 428 | TR1 214 | TR2 214
668.3984 	DATA 	Keypress: 5
668.4143 	DATA 	TR 429 | TR1 215 | TR2 214
668.8643 	DATA 	Target presented
669.4309 	DATA 	Keypress: 1
669.4310 	DATA 	Key1 pressed
669.4310 	DATA 	Target detected
669.9642 	DATA 	Keypress: 5
669.9643 	DATA 	TR 430 | TR1 215 | TR2 215
671.5308 	DATA 	Keypress: 5
671.5308 	DATA 	TR 431 | TR1 216 | TR2 215
673.0806 	DATA 	Keypress: 5
673.0806 	DATA 	TR 432 | TR1 216 | TR2 216
673.3972 	DATA 	
673.3972 	DATA 	stimulation stopped
673.3972 	DATA 	
674.6471 	DATA 	Keypress: 5
674.6471 	DATA 	TR 433 | TR1 217 | TR2 216
676.1969 	DATA 	Keypress: 5
676.1969 	DATA 	TR 434 | TR1 217 | TR2 217
677.7801 	DATA 	Keypress: 5
677.7802 	DATA 	TR 435 | TR1 218 | TR2 217
679.3298 	DATA 	Keypress: 5
679.3298 	DATA 	TR 436 | TR1 218 | TR2 218
680.8966 	DATA 	Keypress: 5
680.8967 	DATA 	TR 437 | TR1 219 | TR2 218
682.4463 	DATA 	Keypress: 5
682.4464 	DATA 	TR 438 | TR1 219 | TR2 219
684.0296 	DATA 	Keypress: 5
684.0296 	DATA 	TR 439 | TR1 220 | TR2 219
685.5795 	DATA 	Keypress: 5
685.5796 	DATA 	TR 440 | TR1 220 | TR2 220
687.1459 	DATA 	Keypress: 5
687.1460 	DATA 	TR 441 | TR1 221 | TR2 220
688.6958 	DATA 	Keypress: 5
688.6958 	DATA 	TR 442 | TR1 221 | TR2 221
690.2623 	DATA 	Keypress: 5
690.2624 	DATA 	TR 443 | TR1 222 | TR2 221
691.8288 	DATA 	Keypress: 5
691.8289 	DATA 	TR 444 | TR1 222 | TR2 222
693.3955 	DATA 	Keypress: 5
693.3956 	DATA 	TR 445 | TR1 223 | TR2 222
694.9452 	DATA 	Keypress: 5
694.9452 	DATA 	TR 446 | TR1 223 | TR2 223
696.5118 	DATA 	Keypress: 5
696.5118 	DATA 	TR 447 | TR1 224 | TR2 223
698.0616 	DATA 	Keypress: 5
698.0616 	DATA 	TR 448 | TR1 224 | TR2 224
699.6448 	DATA 	Keypress: 5
699.6448 	DATA 	TR 449 | TR1 225 | TR2 224
701.1946 	DATA 	Keypress: 5
701.1947 	DATA 	TR 450 | TR1 225 | TR2 225
702.7612 	DATA 	Keypress: 5
702.7612 	DATA 	TR 451 | TR1 226 | TR2 225
703.3944 	DATA 	
703.3944 	DATA 	Trial complete
703.3944 	DATA 	Waiting for VASO trigger to start next trial
703.3944 	DATA 	
704.3110 	DATA 	Keypress: 5
704.3110 	DATA 	TR 452 | TR1 226 | TR2 226
705.8942 	DATA 	Keypress: 5
705.8943 	DATA 	Waited 2.4998550415039062 seconds for trigger
705.8951 	DATA 	
705.8951 	DATA 	Trial 19
705.8951 	DATA 	stimDur = 2.0
705.8951 	DATA 	jitter = 0.78525
705.8951 	DATA 	restDur = 22.0

705.8951 	DATA 	
705.8951 	DATA 	TR 453 | TR1 227 | TR2 226
706.6941 	DATA 	
706.6941 	DATA 	stimulation started
706.6941 	DATA 	
707.4441 	DATA 	Keypress: 5
707.4442 	DATA 	TR 454 | TR1 227 | TR2 227
708.6940 	DATA 	
708.6940 	DATA 	stimulation stopped
708.6940 	DATA 	
709.0106 	DATA 	Keypress: 5
709.0106 	DATA 	TR 455 | TR1 228 | TR2 227
710.5604 	DATA 	Keypress: 5
710.5605 	DATA 	TR 456 | TR1 228 | TR2 228
712.1271 	DATA 	Keypress: 5
712.1272 	DATA 	TR 457 | TR1 229 | TR2 228
713.6770 	DATA 	Keypress: 5
713.6770 	DATA 	TR 458 | TR1 229 | TR2 229
715.2600 	DATA 	Keypress: 5
715.2601 	DATA 	TR 459 | TR1 230 | TR2 229
716.8099 	DATA 	Keypress: 5
716.8099 	DATA 	TR 460 | TR1 230 | TR2 230
718.3764 	DATA 	Keypress: 5
718.3764 	DATA 	TR 461 | TR1 231 | TR2 230
719.9262 	DATA 	Keypress: 5
719.9263 	DATA 	TR 462 | TR1 231 | TR2 231
721.5095 	DATA 	Keypress: 5
721.5095 	DATA 	TR 463 | TR1 232 | TR2 231
723.0593 	DATA 	Keypress: 5
723.0593 	DATA 	TR 464 | TR1 232 | TR2 232
724.6258 	DATA 	Keypress: 5
724.6258 	DATA 	TR 465 | TR1 233 | TR2 232
726.1758 	DATA 	Keypress: 5
726.1758 	DATA 	TR 466 | TR1 233 | TR2 233
727.7422 	DATA 	Keypress: 5
727.7422 	DATA 	TR 467 | TR1 234 | TR2 233
729.3087 	DATA 	Keypress: 5
729.3088 	DATA 	TR 468 | TR1 234 | TR2 234
730.6919 	DATA 	
730.6919 	DATA 	Trial complete
730.6919 	DATA 	
730.8752 	DATA 	Keypress: 5
730.8753 	DATA 	Waited 27.480857849121094 seconds for trigger
730.8760 	DATA 	
730.8760 	DATA 	Trial 20
730.8761 	DATA 	stimDur = 24.0
730.8761 	DATA 	jitter = 0.78525
730.8761 	DATA 	restDur = 40.0

730.8761 	DATA 	
730.8761 	DATA 	TR 469 | TR1 235 | TR2 234
731.6752 	DATA 	
731.6752 	DATA 	stimulation started
731.6752 	DATA 	
732.4252 	DATA 	Keypress: 5
732.4252 	DATA 	TR 470 | TR1 235 | TR2 235
733.9917 	DATA 	Keypress: 5
733.9917 	DATA 	TR 471 | TR1 236 | TR2 235
735.5415 	DATA 	Keypress: 5
735.5416 	DATA 	TR 472 | TR1 236 | TR2 236
737.1247 	DATA 	Keypress: 5
737.1248 	DATA 	TR 473 | TR1 237 | TR2 236
738.6079 	DATA 	Target presented
738.6747 	DATA 	Keypress: 5
738.6747 	DATA 	TR 474 | TR1 237 | TR2 237
739.1912 	DATA 	Keypress: 1
739.1913 	DATA 	Key1 pressed
739.1913 	DATA 	Target detected
740.2411 	DATA 	Keypress: 5
740.2411 	DATA 	TR 475 | TR1 238 | TR2 237
741.7910 	DATA 	Keypress: 5
741.7910 	DATA 	TR 476 | TR1 238 | TR2 238
743.3741 	DATA 	Keypress: 5
743.3742 	DATA 	TR 477 | TR1 239 | TR2 238
744.9241 	DATA 	Keypress: 5
744.9241 	DATA 	TR 478 | TR1 239 | TR2 239
746.4905 	DATA 	Keypress: 5
746.4906 	DATA 	TR 479 | TR1 240 | TR2 239
748.0404 	DATA 	Keypress: 5
748.0405 	DATA 	TR 480 | TR1 240 | TR2 240
749.6069 	DATA 	Keypress: 5
749.6069 	DATA 	TR 481 | TR1 241 | TR2 240
751.1575 	DATA 	Keypress: 5
751.1736 	DATA 	TR 482 | TR1 241 | TR2 241
752.7400 	DATA 	Keypress: 5
752.7400 	DATA 	TR 483 | TR1 242 | TR2 241
754.2898 	DATA 	Keypress: 5
754.2899 	DATA 	TR 484 | TR1 242 | TR2 242
755.6730 	DATA 	
755.6730 	DATA 	stimulation stopped
755.6730 	DATA 	
755.8563 	DATA 	Keypress: 5
755.8563 	DATA 	TR 485 | TR1 243 | TR2 242
757.4061 	DATA 	Keypress: 5
757.4062 	DATA 	TR 486 | TR1 243 | TR2 243
758.9893 	DATA 	Keypress: 5
758.9894 	DATA 	TR 487 | TR1 244 | TR2 243
760.5392 	DATA 	Keypress: 5
760.5393 	DATA 	TR 488 | TR1 244 | TR2 244
762.1057 	DATA 	Keypress: 5
762.1058 	DATA 	TR 489 | TR1 245 | TR2 244
763.6556 	DATA 	Keypress: 5
763.6556 	DATA 	TR 490 | TR1 245 | TR2 245
765.2227 	DATA 	Keypress: 5
765.2387 	DATA 	TR 491 | TR1 246 | TR2 245
766.7886 	DATA 	Keypress: 5
766.7887 	DATA 	TR 492 | TR1 246 | TR2 246
768.3553 	DATA 	Keypress: 5
768.3553 	DATA 	TR 493 | TR1 247 | TR2 246
769.9050 	DATA 	Keypress: 5
769.9051 	DATA 	TR 494 | TR1 247 | TR2 247
771.4715 	DATA 	Keypress: 5
771.4716 	DATA 	TR 495 | TR1 248 | TR2 247
773.0214 	DATA 	Keypress: 5
773.0215 	DATA 	TR 496 | TR1 248 | TR2 248
774.6048 	DATA 	Keypress: 5
774.6048 	DATA 	TR 497 | TR1 249 | TR2 248
776.1545 	DATA 	Keypress: 5
776.1545 	DATA 	TR 498 | TR1 249 | TR2 249
777.7209 	DATA 	Keypress: 5
777.7210 	DATA 	TR 499 | TR1 250 | TR2 249
779.2708 	DATA 	Keypress: 5
779.2709 	DATA 	TR 500 | TR1 250 | TR2 250
780.8540 	DATA 	Keypress: 5
780.8540 	DATA 	TR 501 | TR1 251 | TR2 250
782.4039 	DATA 	Keypress: 5
782.4039 	DATA 	TR 502 | TR1 251 | TR2 251
783.9704 	DATA 	Keypress: 5
783.9704 	DATA 	TR 503 | TR1 252 | TR2 251
785.5203 	DATA 	Keypress: 5
785.5203 	DATA 	TR 504 | TR1 252 | TR2 252
787.0868 	DATA 	Keypress: 5
787.0868 	DATA 	TR 505 | TR1 253 | TR2 252
788.6372 	DATA 	Keypress: 5
788.6532 	DATA 	TR 506 | TR1 253 | TR2 253
790.2198 	DATA 	Keypress: 5
790.2199 	DATA 	TR 507 | TR1 254 | TR2 253
791.7697 	DATA 	Keypress: 5
791.7697 	DATA 	TR 508 | TR1 254 | TR2 254
793.3362 	DATA 	Keypress: 5
793.3362 	DATA 	TR 509 | TR1 255 | TR2 254
794.8861 	DATA 	Keypress: 5
794.8861 	DATA 	TR 510 | TR1 255 | TR2 255
795.6693 	DATA 	
795.6693 	DATA 	Trial complete
795.6693 	DATA 	
796.4692 	DATA 	Keypress: 5
796.4693 	DATA 	TR 511 | TR1 256 | TR2 255
798.0191 	DATA 	Keypress: 5
798.0192 	DATA 	TR 512 | TR1 256 | TR2 256
799.5856 	DATA 	Keypress: 5
799.5857 	DATA 	TR 513 | TR1 257 | TR2 256
801.1355 	DATA 	Keypress: 5
801.1356 	DATA 	TR 514 | TR1 257 | TR2 257
802.7187 	DATA 	Keypress: 5
802.7187 	DATA 	TR 515 | TR1 258 | TR2 257
804.2686 	DATA 	Keypress: 5
804.2686 	DATA 	TR 516 | TR1 258 | TR2 258
805.8350 	DATA 	Keypress: 5
805.8351 	DATA 	TR 517 | TR1 259 | TR2 258
807.3849 	DATA 	Keypress: 5
807.3850 	DATA 	TR 518 | TR1 259 | TR2 259
808.9514 	DATA 	Keypress: 5
808.9515 	DATA 	TR 519 | TR1 260 | TR2 259
810.5013 	DATA 	Keypress: 5
810.5014 	DATA 	TR 520 | TR1 260 | TR2 260
812.0845 	DATA 	Keypress: 5
812.0845 	DATA 	TR 521 | TR1 261 | TR2 260
813.6344 	DATA 	Keypress: 5
813.6344 	DATA 	TR 522 | TR1 261 | TR2 261
815.2009 	DATA 	Keypress: 5
815.2009 	DATA 	TR 523 | TR1 262 | TR2 261
816.7507 	DATA 	Keypress: 5
816.7508 	DATA 	TR 524 | TR1 262 | TR2 262
818.3339 	DATA 	Keypress: 5
818.3340 	DATA 	TR 525 | TR1 263 | TR2 262
819.8836 	DATA 	Keypress: 5
819.8836 	DATA 	TR 526 | TR1 263 | TR2 263
823.7667 	DATA 	EndOfRun sub-05_ses-04_run-05

823.7667 	DATA 	We spent 53.20286726951599 seconds waiting for triggers
823.7667 	DATA 	RatioOfDetectedTargets 1.0
823.7668 	DATA 	You have detected 12 out of 12 targets.
828.7965 	EXP 	window1: mouseVisible = True
