MonitorDistance=99cm
MonitorWidth=30cm
PixelWidth=1024.0
PixelHeight=768.0
You have detected 11 out of 12 targets.
Well done! Keep up the good work
6.9339 	INFO 	Loaded monitor calibration from ['2021_05_26 17:55']
7.4011 	EXP 	Created window1 = Window(allowGUI=False, allowStencil=False, autoLog=True, backendConf=UNKNOWN, bitsMode=UNKNOWN, blendMode='avg', bpc=(8, 8, 8), color=array([-0.5, -0.5, -0.5]), colorSpace='rgb', depthBits=8, fullscr=<method-wrapper '__getattribute__' of attributeSetter object at 0x7ff0acbbf400>, gamma=None, gammaErrorPolicy='raise', lms=UNKNOWN, monitor=<psychopy.monitors.calibTools.Monitor object at 0x7ff0a29dd0f0>, multiSample=False, name='window1', numSamples=2, pos=[0.0, 0.0], screen=0, size=array([1024,  768]), stencilBits=0, stereo=False, units='deg', useFBO=False, useRetina=False, viewOri=0.0, viewPos=None, viewScale=None, waitBlanking=True, winType='pyglet')
7.4011 	EXP 	window1: mouseVisible = True
7.4776 	EXP 	Created unnamed TextStim = TextStim(__class__=<class 'psychopy.visual.text.TextStim'>, alignHoriz=method-wrapper(...), alignText='center', alignVert=method-wrapper(...), anchorHoriz='center', anchorVert='center', antialias=True, autoLog=True, bold=False, color=array([1., 1., 1.]), colorSpace='rgb', contrast=1.0, depth=0, flipHoriz=False, flipVert=False, font='', fontFiles=[], height=0.5, italic=False, languageStyle='LTR', name='unnamed TextStim', opacity=1.0, ori=0.0, pos=array([0., 0.]), rgb=UNKNOWN, text=str(...), units='deg', win=Window(...), wrapWidth=15.0)
7.5090 	EXP 	Created Movie Frame 0 = ImageStim(__class__=<class 'psychopy.visual.image.ImageStim'>, autoLog=True, color=array([0.8, 0.8, 0.8]), colorSpace='rgb', contrast=0.8, depth=0, flipHoriz=False, flipVert=False, image='visual_0.png', interpolate=False, mask=None, maskParams=None, name='Movie Frame 0', opacity=1, ori=0.0, pos=array([0., 0.]), size=array([1024,  768]), texRes=128, units='pix', win=Window(...))
7.5329 	EXP 	Created Movie Frame 1 = ImageStim(__class__=<class 'psychopy.visual.image.ImageStim'>, autoLog=True, color=array([0.8, 0.8, 0.8]), colorSpace='rgb', contrast=0.8, depth=0, flipHoriz=False, flipVert=False, image='visual_1.png', interpolate=False, mask=None, maskParams=None, name='Movie Frame 1', opacity=1, ori=0.0, pos=array([0., 0.]), size=array([1024,  768]), texRes=128, units='pix', win=Window(...))
35.8351 	DATA 	Keypress: 5
0.0000 	DATA 	StartOfRun sub-08_ses-02_run-03
0.0000 	DATA 	TR 1 | TR1 1 | TR2 0
0.0073 	DATA 	Initial baseline

1.5511 	DATA 	Keypress: 5
1.5511 	DATA 	TR 2 | TR1 1 | TR2 1
3.1224 	DATA 	Keypress: 5
3.1224 	DATA 	TR 3 | TR1 2 | TR2 1
4.6746 	DATA 	Keypress: 5
4.6746 	DATA 	TR 4 | TR1 2 | TR2 2
6.2458 	DATA 	Keypress: 5
6.2458 	DATA 	TR 5 | TR1 3 | TR2 2
7.7979 	DATA 	Keypress: 5
7.7980 	DATA 	TR 6 | TR1 3 | TR2 3
9.3691 	DATA 	Keypress: 5
9.3692 	DATA 	TR 7 | TR1 4 | TR2 3
10.9214 	DATA 	Keypress: 5
10.9214 	DATA 	TR 8 | TR1 4 | TR2 4
12.4925 	DATA 	Keypress: 5
12.4926 	DATA 	TR 9 | TR1 5 | TR2 4
14.0447 	DATA 	Keypress: 5
14.0447 	DATA 	TR 10 | TR1 5 | TR2 5
15.6159 	DATA 	Keypress: 5
15.6159 	DATA 	TR 11 | TR1 6 | TR2 5
17.1681 	DATA 	Keypress: 5
17.1681 	DATA 	TR 12 | TR1 6 | TR2 6
18.7393 	DATA 	Keypress: 5
18.7393 	DATA 	TR 13 | TR1 7 | TR2 6
20.2903 	DATA 	Keypress: 5
20.2904 	DATA 	TR 14 | TR1 7 | TR2 7
21.8625 	DATA 	Keypress: 5
21.8626 	DATA 	TR 15 | TR1 8 | TR2 7
23.4139 	DATA 	Keypress: 5
23.4139 	DATA 	TR 16 | TR1 8 | TR2 8
24.9859 	DATA 	Keypress: 5
24.9859 	DATA 	TR 17 | TR1 9 | TR2 8
26.5373 	DATA 	Keypress: 5
26.5373 	DATA 	TR 18 | TR1 9 | TR2 9
28.1094 	DATA 	Keypress: 5
28.1095 	DATA 	TR 19 | TR1 10 | TR2 9
29.6607 	DATA 	Keypress: 5
29.6607 	DATA 	TR 20 | TR1 10 | TR2 10
31.2384 	DATA 	Keypress: 5
31.2384 	DATA 	Waited 1.2384140491485596 seconds for trigger
31.2398 	DATA 	
31.2398 	DATA 	Trial 1
31.2398 	DATA 	stimDur = 4.0
31.2398 	DATA 	jitter = 1.5705
31.2398 	DATA 	restDur = 24.0

31.2398 	DATA 	
31.2398 	DATA 	TR 21 | TR1 11 | TR2 10
32.7882 	DATA 	Keypress: 5
32.7883 	DATA 	TR 22 | TR1 11 | TR2 11
32.8215 	DATA 	
32.8215 	DATA 	stimulation started
32.8215 	DATA 	
34.3715 	DATA 	Keypress: 5
34.3715 	DATA 	TR 23 | TR1 12 | TR2 11
35.9213 	DATA 	Keypress: 5
35.9214 	DATA 	TR 24 | TR1 12 | TR2 12
36.8212 	DATA 	
36.8212 	DATA 	stimulation stopped
36.8212 	DATA 	
37.4878 	DATA 	Keypress: 5
37.4878 	DATA 	TR 25 | TR1 13 | TR2 12
39.0377 	DATA 	Keypress: 5
39.0377 	DATA 	TR 26 | TR1 13 | TR2 13
40.6041 	DATA 	Keypress: 5
40.6042 	DATA 	TR 27 | TR1 14 | TR2 13
42.1547 	DATA 	Keypress: 5
42.1706 	DATA 	TR 28 | TR1 14 | TR2 14
43.7372 	DATA 	Keypress: 5
43.7372 	DATA 	TR 29 | TR1 15 | TR2 14
45.2871 	DATA 	Keypress: 5
45.2871 	DATA 	TR 30 | TR1 15 | TR2 15
46.8536 	DATA 	Keypress: 5
46.8536 	DATA 	TR 31 | TR1 16 | TR2 15
48.4035 	DATA 	Keypress: 5
48.4036 	DATA 	TR 32 | TR1 16 | TR2 16
49.9866 	DATA 	Keypress: 5
49.9867 	DATA 	TR 33 | TR1 17 | TR2 16
51.5365 	DATA 	Keypress: 5
51.5366 	DATA 	TR 34 | TR1 17 | TR2 17
53.1030 	DATA 	Keypress: 5
53.1031 	DATA 	TR 35 | TR1 18 | TR2 17
54.6529 	DATA 	Keypress: 5
54.6529 	DATA 	TR 36 | TR1 18 | TR2 18
56.2200 	DATA 	Keypress: 5
56.2360 	DATA 	TR 37 | TR1 19 | TR2 18
57.7859 	DATA 	Keypress: 5
57.7860 	DATA 	TR 38 | TR1 19 | TR2 19
59.3524 	DATA 	Keypress: 5
59.3525 	DATA 	TR 39 | TR1 20 | TR2 19
60.8189 	DATA 	
60.8190 	DATA 	Trial complete
60.8190 	DATA 	Waiting for VASO trigger to start next trial
60.8190 	DATA 	
60.9023 	DATA 	Keypress: 5
60.9024 	DATA 	TR 40 | TR1 20 | TR2 20
62.4688 	DATA 	Keypress: 5
62.4689 	DATA 	Waited 1.6499049663543701 seconds for trigger
62.4697 	DATA 	
62.4697 	DATA 	Trial 2
62.4697 	DATA 	stimDur = 12.0
62.4697 	DATA 	jitter = 2.35575
62.4697 	DATA 	restDur = 30.0

62.4697 	DATA 	
62.4697 	DATA 	TR 41 | TR1 21 | TR2 20
64.0187 	DATA 	Keypress: 5
64.0188 	DATA 	TR 42 | TR1 21 | TR2 21
64.8352 	DATA 	
64.8352 	DATA 	stimulation started
64.8352 	DATA 	
65.6021 	DATA 	Keypress: 5
65.6021 	DATA 	TR 43 | TR1 22 | TR2 21
67.1518 	DATA 	Keypress: 5
67.1518 	DATA 	TR 44 | TR1 22 | TR2 22
68.7183 	DATA 	Keypress: 5
68.7184 	DATA 	TR 45 | TR1 23 | TR2 22
70.2682 	DATA 	Keypress: 5
70.2682 	DATA 	TR 46 | TR1 23 | TR2 23
71.8514 	DATA 	Keypress: 5
71.8514 	DATA 	TR 47 | TR1 24 | TR2 23
73.4012 	DATA 	Keypress: 5
73.4013 	DATA 	TR 48 | TR1 24 | TR2 24
74.9678 	DATA 	Keypress: 5
74.9678 	DATA 	TR 49 | TR1 25 | TR2 24
76.5176 	DATA 	Keypress: 5
76.5176 	DATA 	TR 50 | TR1 25 | TR2 25
76.8342 	DATA 	
76.8342 	DATA 	stimulation stopped
76.8342 	DATA 	
78.0841 	DATA 	Keypress: 5
78.0842 	DATA 	TR 51 | TR1 26 | TR2 25
79.6347 	DATA 	Keypress: 5
79.6505 	DATA 	TR 52 | TR1 26 | TR2 26
81.2171 	DATA 	Keypress: 5
81.2172 	DATA 	TR 53 | TR1 27 | TR2 26
82.7669 	DATA 	Keypress: 5
82.7670 	DATA 	TR 54 | TR1 27 | TR2 27
84.3335 	DATA 	Keypress: 5
84.3336 	DATA 	TR 55 | TR1 28 | TR2 27
85.8834 	DATA 	Keypress: 5
85.8834 	DATA 	TR 56 | TR1 28 | TR2 28
87.4666 	DATA 	Keypress: 5
87.4666 	DATA 	TR 57 | TR1 29 | TR2 28
89.0164 	DATA 	Keypress: 5
89.0165 	DATA 	TR 58 | TR1 29 | TR2 29
90.5830 	DATA 	Keypress: 5
90.5830 	DATA 	TR 59 | TR1 30 | TR2 29
92.1328 	DATA 	Keypress: 5
92.1328 	DATA 	TR 60 | TR1 30 | TR2 30
93.7160 	DATA 	Keypress: 5
93.7160 	DATA 	TR 61 | TR1 31 | TR2 30
95.2658 	DATA 	Keypress: 5
95.2659 	DATA 	TR 62 | TR1 31 | TR2 31
96.8324 	DATA 	Keypress: 5
96.8324 	DATA 	TR 63 | TR1 32 | TR2 31
97.8489 	DATA 	Target presented
98.3822 	DATA 	Keypress: 5
98.3823 	DATA 	TR 64 | TR1 32 | TR2 32
98.5155 	DATA 	Keypress: 1
98.5156 	DATA 	Key1 pressed
98.5156 	DATA 	Target detected
99.9488 	DATA 	Keypress: 5
99.9488 	DATA 	TR 65 | TR1 33 | TR2 32
101.4986 	DATA 	Keypress: 5
101.4987 	DATA 	TR 66 | TR1 33 | TR2 33
103.0818 	DATA 	Keypress: 5
103.0819 	DATA 	TR 67 | TR1 34 | TR2 33
104.6316 	DATA 	Keypress: 5
104.6317 	DATA 	TR 68 | TR1 34 | TR2 34
106.1982 	DATA 	Keypress: 5
106.1982 	DATA 	TR 69 | TR1 35 | TR2 34
106.8314 	DATA 	
106.8314 	DATA 	Trial complete
106.8314 	DATA 	Waiting for VASO trigger to start next trial
106.8314 	DATA 	
107.7480 	DATA 	Keypress: 5
107.7481 	DATA 	TR 70 | TR1 35 | TR2 35
109.3314 	DATA 	Keypress: 5
109.3314 	DATA 	Waited 2.499997138977051 seconds for trigger
109.3322 	DATA 	
109.3322 	DATA 	Trial 3
109.3322 	DATA 	stimDur = 24.0
109.3322 	DATA 	jitter = 0.78525
109.3322 	DATA 	restDur = 40.0

109.3322 	DATA 	
109.3322 	DATA 	TR 71 | TR1 36 | TR2 35
110.1311 	DATA 	
110.1311 	DATA 	stimulation started
110.1311 	DATA 	
110.8811 	DATA 	Keypress: 5
110.8812 	DATA 	TR 72 | TR1 36 | TR2 36
112.4477 	DATA 	Keypress: 5
112.4477 	DATA 	TR 73 | TR1 37 | TR2 36
113.9975 	DATA 	Keypress: 5
113.9976 	DATA 	TR 74 | TR1 37 | TR2 37
115.5641 	DATA 	Keypress: 5
115.5641 	DATA 	TR 75 | TR1 38 | TR2 37
117.1307 	DATA 	Keypress: 5
117.1308 	DATA 	TR 76 | TR1 38 | TR2 38
118.6971 	DATA 	Keypress: 5
118.6972 	DATA 	TR 77 | TR1 39 | TR2 38
120.2469 	DATA 	Keypress: 5
120.2470 	DATA 	TR 78 | TR1 39 | TR2 39
121.8135 	DATA 	Keypress: 5
121.8136 	DATA 	TR 79 | TR1 40 | TR2 39
123.3633 	DATA 	Keypress: 5
123.3634 	DATA 	TR 80 | TR1 40 | TR2 40
124.9466 	DATA 	Keypress: 5
124.9466 	DATA 	TR 81 | TR1 41 | TR2 40
126.4964 	DATA 	Keypress: 5
126.4964 	DATA 	TR 82 | TR1 41 | TR2 41
128.0629 	DATA 	Keypress: 5
128.0630 	DATA 	TR 83 | TR1 42 | TR2 41
129.6127 	DATA 	Keypress: 5
129.6128 	DATA 	TR 84 | TR1 42 | TR2 42
131.1801 	DATA 	Keypress: 5
131.1959 	DATA 	TR 85 | TR1 43 | TR2 42
132.7458 	DATA 	Keypress: 5
132.7459 	DATA 	TR 86 | TR1 43 | TR2 43
134.1290 	DATA 	
134.1290 	DATA 	stimulation stopped
134.1290 	DATA 	
134.3123 	DATA 	Keypress: 5
134.3123 	DATA 	TR 87 | TR1 44 | TR2 43
135.8621 	DATA 	Keypress: 5
135.8622 	DATA 	TR 88 | TR1 44 | TR2 44
137.4287 	DATA 	Keypress: 5
137.4287 	DATA 	TR 89 | TR1 45 | TR2 44
138.9785 	DATA 	Keypress: 5
138.9786 	DATA 	TR 90 | TR1 45 | TR2 45
140.5617 	DATA 	Keypress: 5
140.5618 	DATA 	TR 91 | TR1 46 | TR2 45
142.1117 	DATA 	Keypress: 5
142.1117 	DATA 	TR 92 | TR1 46 | TR2 46
143.6781 	DATA 	Keypress: 5
143.6781 	DATA 	TR 93 | TR1 47 | TR2 46
145.2279 	DATA 	Keypress: 5
145.2280 	DATA 	TR 94 | TR1 47 | TR2 47
146.8112 	DATA 	Keypress: 5
146.8112 	DATA 	TR 95 | TR1 48 | TR2 47
148.3610 	DATA 	Keypress: 5
148.3611 	DATA 	TR 96 | TR1 48 | TR2 48
149.9277 	DATA 	Keypress: 5
149.9277 	DATA 	TR 97 | TR1 49 | TR2 48
151.4774 	DATA 	Keypress: 5
151.4774 	DATA 	TR 98 | TR1 49 | TR2 49
153.0439 	DATA 	Keypress: 5
153.0440 	DATA 	TR 99 | TR1 50 | TR2 49
154.6104 	DATA 	Keypress: 5
154.6104 	DATA 	TR 100 | TR1 50 | TR2 50
156.1770 	DATA 	Keypress: 5
156.1770 	DATA 	TR 101 | TR1 51 | TR2 50
157.7268 	DATA 	Keypress: 5
157.7268 	DATA 	TR 102 | TR1 51 | TR2 51
159.2933 	DATA 	Keypress: 5
159.2934 	DATA 	TR 103 | TR1 52 | TR2 51
160.8432 	DATA 	Keypress: 5
160.8433 	DATA 	TR 104 | TR1 52 | TR2 52
161.0765 	DATA 	Target presented
161.6264 	DATA 	Keypress: 1
161.6265 	DATA 	Key1 pressed
161.6265 	DATA 	Target detected
162.4264 	DATA 	Keypress: 5
162.4265 	DATA 	TR 105 | TR1 53 | TR2 52
163.9762 	DATA 	Keypress: 5
163.9763 	DATA 	TR 106 | TR1 53 | TR2 53
165.5428 	DATA 	Keypress: 5
165.5429 	DATA 	TR 107 | TR1 54 | TR2 53
167.0926 	DATA 	Keypress: 5
167.0927 	DATA 	TR 108 | TR1 54 | TR2 54
168.6758 	DATA 	Keypress: 5
168.6759 	DATA 	TR 109 | TR1 55 | TR2 54
170.2257 	DATA 	Keypress: 5
170.2257 	DATA 	TR 110 | TR1 55 | TR2 55
171.7922 	DATA 	Keypress: 5
171.7923 	DATA 	TR 111 | TR1 56 | TR2 55
173.3420 	DATA 	Keypress: 5
173.3421 	DATA 	TR 112 | TR1 56 | TR2 56
174.1253 	DATA 	
174.1253 	DATA 	Trial complete
174.1253 	DATA 	Waiting for VASO trigger to start next trial
174.1253 	DATA 	
174.9086 	DATA 	Keypress: 5
174.9087 	DATA 	Waited 0.7833399772644043 seconds for trigger
174.9094 	DATA 	
174.9094 	DATA 	Trial 4
174.9094 	DATA 	stimDur = 24.0
174.9094 	DATA 	jitter = 1.5705
174.9094 	DATA 	restDur = 40.0

174.9095 	DATA 	
174.9095 	DATA 	TR 113 | TR1 57 | TR2 56
176.4591 	DATA 	Keypress: 5
176.4751 	DATA 	TR 114 | TR1 57 | TR2 57
176.4917 	DATA 	
176.4917 	DATA 	stimulation started
176.4918 	DATA 	
178.0416 	DATA 	Keypress: 5
178.0417 	DATA 	TR 115 | TR1 58 | TR2 57
179.5915 	DATA 	Keypress: 5
179.5916 	DATA 	TR 116 | TR1 58 | TR2 58
181.1581 	DATA 	Keypress: 5
181.1581 	DATA 	TR 117 | TR1 59 | TR2 58
182.7079 	DATA 	Keypress: 5
182.7080 	DATA 	TR 118 | TR1 59 | TR2 59
184.2913 	DATA 	Keypress: 5
184.2913 	DATA 	TR 119 | TR1 60 | TR2 59
185.8410 	DATA 	Keypress: 5
185.8410 	DATA 	TR 120 | TR1 60 | TR2 60
187.4075 	DATA 	Keypress: 5
187.4076 	DATA 	TR 121 | TR1 61 | TR2 60
188.9574 	DATA 	Keypress: 5
188.9574 	DATA 	TR 122 | TR1 61 | TR2 61
190.5248 	DATA 	Keypress: 5
190.5405 	DATA 	TR 123 | TR1 62 | TR2 61
192.0904 	DATA 	Keypress: 5
192.0905 	DATA 	TR 124 | TR1 62 | TR2 62
193.6569 	DATA 	Keypress: 5
193.6570 	DATA 	TR 125 | TR1 63 | TR2 62
195.2068 	DATA 	Keypress: 5
195.2068 	DATA 	TR 126 | TR1 63 | TR2 63
196.7733 	DATA 	Keypress: 5
196.7734 	DATA 	TR 127 | TR1 64 | TR2 63
198.3233 	DATA 	Keypress: 5
198.3233 	DATA 	TR 128 | TR1 64 | TR2 64
199.9064 	DATA 	Keypress: 5
199.9065 	DATA 	TR 129 | TR1 65 | TR2 64
200.4896 	DATA 	
200.4896 	DATA 	stimulation stopped
200.4896 	DATA 	
201.4562 	DATA 	Keypress: 5
201.4562 	DATA 	TR 130 | TR1 65 | TR2 65
203.0227 	DATA 	Keypress: 5
203.0227 	DATA 	TR 131 | TR1 66 | TR2 65
204.5725 	DATA 	Keypress: 5
204.5726 	DATA 	TR 132 | TR1 66 | TR2 66
206.1558 	DATA 	Keypress: 5
206.1558 	DATA 	TR 133 | TR1 67 | TR2 66
207.7056 	DATA 	Keypress: 5
207.7056 	DATA 	TR 134 | TR1 67 | TR2 67
209.2721 	DATA 	Keypress: 5
209.2722 	DATA 	TR 135 | TR1 68 | TR2 67
210.8220 	DATA 	Keypress: 5
210.8221 	DATA 	TR 136 | TR1 68 | TR2 68
211.2386 	DATA 	Target presented
211.9552 	DATA 	Keypress: 1
211.9553 	DATA 	Key1 pressed
211.9553 	DATA 	Target detected
212.3885 	DATA 	Keypress: 5
212.3885 	DATA 	TR 137 | TR1 69 | TR2 68
213.9551 	DATA 	Keypress: 5
213.9551 	DATA 	TR 138 | TR1 69 | TR2 69
215.5216 	DATA 	Keypress: 5
215.5216 	DATA 	TR 139 | TR1 70 | TR2 69
217.0714 	DATA 	Keypress: 5
217.0715 	DATA 	TR 140 | TR1 70 | TR2 70
218.6380 	DATA 	Keypress: 5
218.6380 	DATA 	TR 141 | TR1 71 | TR2 70
220.1878 	DATA 	Keypress: 5
220.1878 	DATA 	TR 142 | TR1 71 | TR2 71
221.7710 	DATA 	Keypress: 5
221.7710 	DATA 	TR 143 | TR1 72 | TR2 71
223.3208 	DATA 	Keypress: 5
223.3209 	DATA 	TR 144 | TR1 72 | TR2 72
224.8874 	DATA 	Keypress: 5
224.8874 	DATA 	TR 145 | TR1 73 | TR2 72
226.4372 	DATA 	Keypress: 5
226.4372 	DATA 	TR 146 | TR1 73 | TR2 73
228.0044 	DATA 	Keypress: 5
228.0203 	DATA 	TR 147 | TR1 74 | TR2 73
229.5703 	DATA 	Keypress: 5
229.5703 	DATA 	TR 148 | TR1 74 | TR2 74
231.1368 	DATA 	Keypress: 5
231.1369 	DATA 	TR 149 | TR1 75 | TR2 74
232.6866 	DATA 	Keypress: 5
232.6866 	DATA 	TR 150 | TR1 75 | TR2 75
234.2532 	DATA 	Keypress: 5
234.2532 	DATA 	TR 151 | TR1 76 | TR2 75
235.8030 	DATA 	Keypress: 5
235.8031 	DATA 	TR 152 | TR1 76 | TR2 76
237.3862 	DATA 	Keypress: 5
237.3863 	DATA 	TR 153 | TR1 77 | TR2 76
238.9361 	DATA 	Keypress: 5
238.9361 	DATA 	TR 154 | TR1 77 | TR2 77
240.4859 	DATA 	
240.4859 	DATA 	Trial complete
240.4859 	DATA 	Waiting for VASO trigger to start next trial
240.4859 	DATA 	
240.5026 	DATA 	Keypress: 5
240.5027 	DATA 	Waited 0.016740083694458008 seconds for trigger
240.5035 	DATA 	
240.5035 	DATA 	Trial 5
240.5035 	DATA 	stimDur = 1.0
240.5035 	DATA 	jitter = 0.78525
240.5035 	DATA 	restDur = 20.0

240.5035 	DATA 	
240.5035 	DATA 	TR 155 | TR1 78 | TR2 77
241.3025 	DATA 	
241.3025 	DATA 	stimulation started
241.3025 	DATA 	
242.0525 	DATA 	Keypress: 5
242.0526 	DATA 	TR 156 | TR1 78 | TR2 78
242.3024 	DATA 	
242.3024 	DATA 	stimulation stopped
242.3025 	DATA 	
243.6357 	DATA 	Keypress: 5
243.6357 	DATA 	TR 157 | TR1 79 | TR2 78
245.1855 	DATA 	Keypress: 5
245.1855 	DATA 	TR 158 | TR1 79 | TR2 79
246.7520 	DATA 	Keypress: 5
246.7521 	DATA 	TR 159 | TR1 80 | TR2 79
248.3019 	DATA 	Keypress: 5
248.3019 	DATA 	TR 160 | TR1 80 | TR2 80
249.8684 	DATA 	Keypress: 5
249.8685 	DATA 	TR 161 | TR1 81 | TR2 80
251.4349 	DATA 	Keypress: 5
251.4350 	DATA 	TR 162 | TR1 81 | TR2 81
253.0015 	DATA 	Keypress: 5
253.0015 	DATA 	TR 163 | TR1 82 | TR2 81
254.5513 	DATA 	Keypress: 5
254.5514 	DATA 	TR 164 | TR1 82 | TR2 82
256.1179 	DATA 	Keypress: 5
256.1179 	DATA 	TR 165 | TR1 83 | TR2 82
257.6677 	DATA 	Keypress: 5
257.6678 	DATA 	TR 166 | TR1 83 | TR2 83
259.2509 	DATA 	Keypress: 5
259.2510 	DATA 	TR 167 | TR1 84 | TR2 83
260.8010 	DATA 	Keypress: 5
260.8010 	DATA 	TR 168 | TR1 84 | TR2 84
262.3006 	DATA 	
262.3006 	DATA 	Trial complete
262.3006 	DATA 	Waiting for VASO trigger to start next trial
262.3006 	DATA 	
262.3673 	DATA 	Keypress: 5
262.3673 	DATA 	Waited 0.06669402122497559 seconds for trigger
262.3681 	DATA 	
262.3681 	DATA 	Trial 6
262.3681 	DATA 	stimDur = 2.0
262.3681 	DATA 	jitter = 0.78525
262.3681 	DATA 	restDur = 22.0

262.3681 	DATA 	
262.3681 	DATA 	TR 169 | TR1 85 | TR2 84
263.1672 	DATA 	
263.1672 	DATA 	stimulation started
263.1672 	DATA 	
263.9172 	DATA 	Keypress: 5
263.9172 	DATA 	TR 170 | TR1 85 | TR2 85
265.1670 	DATA 	
265.1670 	DATA 	stimulation stopped
265.1670 	DATA 	
265.5004 	DATA 	Keypress: 5
265.5004 	DATA 	TR 171 | TR1 86 | TR2 85
267.0502 	DATA 	Keypress: 5
267.0502 	DATA 	TR 172 | TR1 86 | TR2 86
268.6167 	DATA 	Keypress: 5
268.6168 	DATA 	TR 173 | TR1 87 | TR2 86
268.8167 	DATA 	Target presented
269.2666 	DATA 	Keypress: 1
269.2667 	DATA 	Key1 pressed
269.2667 	DATA 	Target detected
270.1666 	DATA 	Keypress: 5
270.1666 	DATA 	TR 174 | TR1 87 | TR2 87
271.7331 	DATA 	Keypress: 5
271.7332 	DATA 	TR 175 | TR1 88 | TR2 87
273.2831 	DATA 	Keypress: 5
273.2831 	DATA 	TR 176 | TR1 88 | TR2 88
274.8661 	DATA 	Keypress: 5
274.8662 	DATA 	TR 177 | TR1 89 | TR2 88
276.4160 	DATA 	Keypress: 5
276.4160 	DATA 	TR 178 | TR1 89 | TR2 89
277.9826 	DATA 	Keypress: 5
277.9826 	DATA 	TR 179 | TR1 90 | TR2 89
279.5324 	DATA 	Keypress: 5
279.5324 	DATA 	TR 180 | TR1 90 | TR2 90
281.1156 	DATA 	Keypress: 5
281.1156 	DATA 	TR 181 | TR1 91 | TR2 90
282.6654 	DATA 	Keypress: 5
282.6655 	DATA 	TR 182 | TR1 91 | TR2 91
284.2320 	DATA 	Keypress: 5
284.2320 	DATA 	TR 183 | TR1 92 | TR2 91
285.7818 	DATA 	Keypress: 5
285.7819 	DATA 	TR 184 | TR1 92 | TR2 92
287.1650 	DATA 	
287.1650 	DATA 	Trial complete
287.1650 	DATA 	Waiting for VASO trigger to start next trial
287.1650 	DATA 	
287.3484 	DATA 	Keypress: 5
287.3485 	DATA 	Waited 0.18345308303833008 seconds for trigger
287.3492 	DATA 	
287.3492 	DATA 	Trial 7
287.3493 	DATA 	stimDur = 4.0
287.3493 	DATA 	jitter = 2.35575
287.3493 	DATA 	restDur = 24.0

287.3493 	DATA 	
287.3493 	DATA 	TR 185 | TR1 93 | TR2 92
288.9149 	DATA 	Keypress: 5
288.9149 	DATA 	TR 186 | TR1 93 | TR2 93
289.7148 	DATA 	
289.7148 	DATA 	stimulation started
289.7148 	DATA 	
290.4815 	DATA 	Keypress: 5
290.4815 	DATA 	TR 187 | TR1 94 | TR2 93
292.0313 	DATA 	Keypress: 5
292.0313 	DATA 	TR 188 | TR1 94 | TR2 94
293.5978 	DATA 	Keypress: 5
293.5979 	DATA 	TR 189 | TR1 95 | TR2 94
293.7144 	DATA 	
293.7144 	DATA 	stimulation stopped
293.7144 	DATA 	
295.1478 	DATA 	Keypress: 5
295.1478 	DATA 	TR 190 | TR1 95 | TR2 95
296.7308 	DATA 	Keypress: 5
296.7309 	DATA 	TR 191 | TR1 96 | TR2 95
298.2807 	DATA 	Keypress: 5
298.2807 	DATA 	TR 192 | TR1 96 | TR2 96
299.8472 	DATA 	Keypress: 5
299.8473 	DATA 	TR 193 | TR1 97 | TR2 96
301.3971 	DATA 	Keypress: 5
301.3971 	DATA 	TR 194 | TR1 97 | TR2 97
302.9803 	DATA 	Keypress: 5
302.9803 	DATA 	TR 195 | TR1 98 | TR2 97
304.5301 	DATA 	Keypress: 5
304.5302 	DATA 	TR 196 | TR1 98 | TR2 98
306.0966 	DATA 	Keypress: 5
306.0967 	DATA 	TR 197 | TR1 99 | TR2 98
307.6465 	DATA 	Keypress: 5
307.6465 	DATA 	TR 198 | TR1 99 | TR2 99
309.2130 	DATA 	Keypress: 5
309.2131 	DATA 	TR 199 | TR1 100 | TR2 99
310.7635 	DATA 	Keypress: 5
310.7795 	DATA 	TR 200 | TR1 100 | TR2 100
312.3461 	DATA 	Keypress: 5
312.3461 	DATA 	TR 201 | TR1 101 | TR2 100
313.8959 	DATA 	Keypress: 5
313.8960 	DATA 	TR 202 | TR1 101 | TR2 101
315.4625 	DATA 	Keypress: 5
315.4625 	DATA 	TR 203 | TR1 102 | TR2 101
317.0123 	DATA 	Keypress: 5
317.0123 	DATA 	TR 204 | TR1 102 | TR2 102
317.7122 	DATA 	
317.7122 	DATA 	Trial complete
317.7122 	DATA 	Waiting for VASO trigger to start next trial
317.7122 	DATA 	
318.5955 	DATA 	Keypress: 5
318.5956 	DATA 	Waited 0.8833518028259277 seconds for trigger
318.5963 	DATA 	
318.5963 	DATA 	Trial 8
318.5963 	DATA 	stimDur = 12.0
318.5964 	DATA 	jitter = 0.0
318.5964 	DATA 	restDur = 30.0

318.5964 	DATA 	
318.5964 	DATA 	TR 205 | TR1 103 | TR2 102
318.5964 	DATA 	
318.5964 	DATA 	stimulation started
318.5964 	DATA 	
320.1455 	DATA 	Keypress: 5
320.1456 	DATA 	TR 206 | TR1 103 | TR2 103
321.7119 	DATA 	Keypress: 5
321.7120 	DATA 	TR 207 | TR1 104 | TR2 103
323.2619 	DATA 	Keypress: 5
323.2619 	DATA 	TR 208 | TR1 104 | TR2 104
324.8291 	DATA 	Keypress: 5
324.8449 	DATA 	TR 209 | TR1 105 | TR2 104
326.3949 	DATA 	Keypress: 5
326.3950 	DATA 	TR 210 | TR1 105 | TR2 105
327.9614 	DATA 	Keypress: 5
327.9614 	DATA 	TR 211 | TR1 106 | TR2 105
329.5112 	DATA 	Keypress: 5
329.5113 	DATA 	TR 212 | TR1 106 | TR2 106
330.6111 	DATA 	
330.6111 	DATA 	stimulation stopped
330.6111 	DATA 	
331.0777 	DATA 	Keypress: 5
331.0777 	DATA 	TR 213 | TR1 107 | TR2 106
332.6274 	DATA 	Keypress: 5
332.6275 	DATA 	TR 214 | TR1 107 | TR2 107
334.2107 	DATA 	Keypress: 5
334.2108 	DATA 	TR 215 | TR1 108 | TR2 107
335.7606 	DATA 	Keypress: 5
335.7606 	DATA 	TR 216 | TR1 108 | TR2 108
335.9772 	DATA 	Target presented
336.4105 	DATA 	Keypress: 1
336.4106 	DATA 	Key1 pressed
336.4106 	DATA 	Target detected
337.3271 	DATA 	Keypress: 5
337.3271 	DATA 	TR 217 | TR1 109 | TR2 108
338.8770 	DATA 	Keypress: 5
338.8770 	DATA 	TR 218 | TR1 109 | TR2 109
340.4602 	DATA 	Keypress: 5
340.4602 	DATA 	TR 219 | TR1 110 | TR2 109
342.0100 	DATA 	Keypress: 5
342.0101 	DATA 	TR 220 | TR1 110 | TR2 110
343.5765 	DATA 	Keypress: 5
343.5766 	DATA 	TR 221 | TR1 111 | TR2 110
345.1264 	DATA 	Keypress: 5
345.1265 	DATA 	TR 222 | TR1 111 | TR2 111
346.6928 	DATA 	Keypress: 5
346.6929 	DATA 	TR 223 | TR1 112 | TR2 111
348.2595 	DATA 	Keypress: 5
348.2595 	DATA 	TR 224 | TR1 112 | TR2 112
349.8260 	DATA 	Keypress: 5
349.8260 	DATA 	TR 225 | TR1 113 | TR2 112
351.3759 	DATA 	Keypress: 5
351.3759 	DATA 	TR 226 | TR1 113 | TR2 113
352.9424 	DATA 	Keypress: 5
352.9424 	DATA 	TR 227 | TR1 114 | TR2 113
354.4922 	DATA 	Keypress: 5
354.4923 	DATA 	TR 228 | TR1 114 | TR2 114
356.0754 	DATA 	Keypress: 5
356.0754 	DATA 	TR 229 | TR1 115 | TR2 114
357.6253 	DATA 	Keypress: 5
357.6254 	DATA 	TR 230 | TR1 115 | TR2 115
359.1918 	DATA 	Keypress: 5
359.1918 	DATA 	TR 231 | TR1 116 | TR2 115
360.6083 	DATA 	
360.6083 	DATA 	Trial complete
360.6083 	DATA 	Waiting for VASO trigger to start next trial
360.6083 	DATA 	
360.7417 	DATA 	Keypress: 5
360.7417 	DATA 	TR 232 | TR1 116 | TR2 116
362.3088 	DATA 	Keypress: 5
362.3248 	DATA 	Waited 1.7164840698242188 seconds for trigger
362.3256 	DATA 	
362.3256 	DATA 	Trial 9
362.3256 	DATA 	stimDur = 2.0
362.3256 	DATA 	jitter = 1.5705
362.3256 	DATA 	restDur = 22.0

362.3256 	DATA 	
362.3256 	DATA 	TR 233 | TR1 117 | TR2 116
363.8747 	DATA 	Keypress: 5
363.8748 	DATA 	TR 234 | TR1 117 | TR2 117
363.9080 	DATA 	
363.9080 	DATA 	stimulation started
363.9080 	DATA 	
365.4412 	DATA 	Keypress: 5
365.4413 	DATA 	TR 235 | TR1 118 | TR2 117
365.9079 	DATA 	
365.9079 	DATA 	stimulation stopped
365.9079 	DATA 	
366.9911 	DATA 	Keypress: 5
366.9911 	DATA 	TR 236 | TR1 118 | TR2 118
368.5576 	DATA 	Keypress: 5
368.5577 	DATA 	TR 237 | TR1 119 | TR2 118
370.1081 	DATA 	Keypress: 5
370.1241 	DATA 	TR 238 | TR1 119 | TR2 119
371.6907 	DATA 	Keypress: 5
371.6907 	DATA 	TR 239 | TR1 120 | TR2 119
373.2405 	DATA 	Keypress: 5
373.2406 	DATA 	TR 240 | TR1 120 | TR2 120
374.8071 	DATA 	Keypress: 5
374.8071 	DATA 	TR 241 | TR1 121 | TR2 120
376.3569 	DATA 	Keypress: 5
376.3570 	DATA 	TR 242 | TR1 121 | TR2 121
377.9401 	DATA 	Keypress: 5
377.9401 	DATA 	TR 243 | TR1 122 | TR2 121
379.4900 	DATA 	Keypress: 5
379.4901 	DATA 	TR 244 | TR1 122 | TR2 122
381.0565 	DATA 	Keypress: 5
381.0565 	DATA 	TR 245 | TR1 123 | TR2 122
382.6064 	DATA 	Keypress: 5
382.6064 	DATA 	TR 246 | TR1 123 | TR2 123
383.9062 	DATA 	Target presented
384.1728 	DATA 	Keypress: 5
384.1729 	DATA 	TR 247 | TR1 124 | TR2 123
384.4235 	DATA 	Keypress: 1
384.4396 	DATA 	Key1 pressed
384.4396 	DATA 	Target detected
385.7394 	DATA 	Keypress: 5
385.7394 	DATA 	TR 248 | TR1 124 | TR2 124
387.3059 	DATA 	Keypress: 5
387.3059 	DATA 	TR 249 | TR1 125 | TR2 124
387.9058 	DATA 	
387.9058 	DATA 	Trial complete
387.9058 	DATA 	Waiting for VASO trigger to start next trial
387.9058 	DATA 	
388.8557 	DATA 	Keypress: 5
388.8558 	DATA 	TR 250 | TR1 125 | TR2 125
390.4223 	DATA 	Keypress: 5
390.4223 	DATA 	Waited 2.5164990425109863 seconds for trigger
390.4231 	DATA 	
390.4231 	DATA 	Trial 10
390.4231 	DATA 	stimDur = 4.0
390.4231 	DATA 	jitter = 0.0
390.4231 	DATA 	restDur = 24.0

390.4231 	DATA 	
390.4231 	DATA 	TR 251 | TR1 126 | TR2 125
390.4231 	DATA 	
390.4231 	DATA 	stimulation started
390.4231 	DATA 	
391.9722 	DATA 	Keypress: 5
391.9723 	DATA 	TR 252 | TR1 126 | TR2 126
393.5554 	DATA 	Keypress: 5
393.5554 	DATA 	TR 253 | TR1 127 | TR2 126
394.4386 	DATA 	
394.4386 	DATA 	stimulation stopped
394.4386 	DATA 	
395.1052 	DATA 	Keypress: 5
395.1053 	DATA 	TR 254 | TR1 127 | TR2 127
396.6717 	DATA 	Keypress: 5
396.6717 	DATA 	TR 255 | TR1 128 | TR2 127
398.2216 	DATA 	Keypress: 5
398.2217 	DATA 	TR 256 | TR1 128 | TR2 128
399.8048 	DATA 	Keypress: 5
399.8048 	DATA 	TR 257 | TR1 129 | TR2 128
401.3546 	DATA 	Keypress: 5
401.3547 	DATA 	TR 258 | TR1 129 | TR2 129
402.9211 	DATA 	Keypress: 5
402.9212 	DATA 	TR 259 | TR1 130 | TR2 129
404.4712 	DATA 	Keypress: 5
404.4713 	DATA 	TR 260 | TR1 130 | TR2 130
406.0376 	DATA 	Keypress: 5
406.0376 	DATA 	TR 261 | TR1 131 | TR2 130
407.5875 	DATA 	Keypress: 5
407.5876 	DATA 	TR 262 | TR1 131 | TR2 131
409.1706 	DATA 	Keypress: 5
409.1706 	DATA 	TR 263 | TR1 132 | TR2 131
410.7204 	DATA 	Keypress: 5
410.7205 	DATA 	TR 264 | TR1 132 | TR2 132
412.2869 	DATA 	Keypress: 5
412.2870 	DATA 	TR 265 | TR1 133 | TR2 132
413.8369 	DATA 	Keypress: 5
413.8369 	DATA 	TR 266 | TR1 133 | TR2 133
415.4200 	DATA 	Keypress: 5
415.4200 	DATA 	TR 267 | TR1 134 | TR2 133
416.9699 	DATA 	Keypress: 5
416.9699 	DATA 	TR 268 | TR1 134 | TR2 134
418.4364 	DATA 	
418.4364 	DATA 	Trial complete
418.4364 	DATA 	Waiting for VASO trigger to start next trial
418.4364 	DATA 	
418.5364 	DATA 	Keypress: 5
418.5364 	DATA 	Waited 0.10001301765441895 seconds for trigger
418.5372 	DATA 	
418.5372 	DATA 	Trial 11
418.5372 	DATA 	stimDur = 12.0
418.5372 	DATA 	jitter = 0.78525
418.5372 	DATA 	restDur = 30.0

418.5372 	DATA 	
418.5372 	DATA 	TR 269 | TR1 135 | TR2 134
419.3363 	DATA 	
419.3363 	DATA 	stimulation started
419.3363 	DATA 	
420.0863 	DATA 	Keypress: 5
420.0864 	DATA 	TR 270 | TR1 135 | TR2 135
421.6536 	DATA 	Keypress: 5
421.6695 	DATA 	TR 271 | TR1 136 | TR2 135
423.2194 	DATA 	Keypress: 5
423.2194 	DATA 	TR 272 | TR1 136 | TR2 136
424.7859 	DATA 	Keypress: 5
424.7859 	DATA 	TR 273 | TR1 137 | TR2 136
426.3358 	DATA 	Keypress: 5
426.3358 	DATA 	TR 274 | TR1 137 | TR2 137
427.9023 	DATA 	Keypress: 5
427.9023 	DATA 	TR 275 | TR1 138 | TR2 137
429.4521 	DATA 	Keypress: 5
429.4522 	DATA 	TR 276 | TR1 138 | TR2 138
431.0353 	DATA 	Keypress: 5
431.0353 	DATA 	TR 277 | TR1 139 | TR2 138
431.3352 	DATA 	
431.3352 	DATA 	stimulation stopped
431.3352 	DATA 	
432.5851 	DATA 	Keypress: 5
432.5852 	DATA 	TR 278 | TR1 139 | TR2 139
434.1516 	DATA 	Keypress: 5
434.1517 	DATA 	TR 279 | TR1 140 | TR2 139
435.7015 	DATA 	Keypress: 5
435.7016 	DATA 	TR 280 | TR1 140 | TR2 140
437.2847 	DATA 	Keypress: 5
437.2847 	DATA 	TR 281 | TR1 141 | TR2 140
438.8346 	DATA 	Keypress: 5
438.8346 	DATA 	TR 282 | TR1 141 | TR2 141
440.4011 	DATA 	Keypress: 5
440.4011 	DATA 	TR 283 | TR1 142 | TR2 141
441.3009 	DATA 	Target presented
441.9343 	DATA 	Keypress: 1
441.9343 	DATA 	Key1 pressed
441.9343 	DATA 	Target detected
441.9509 	DATA 	Keypress: 5
441.9509 	DATA 	TR 284 | TR1 142 | TR2 142
443.5174 	DATA 	Keypress: 5
443.5175 	DATA 	TR 285 | TR1 143 | TR2 142
445.0680 	DATA 	Keypress: 5
445.0839 	DATA 	TR 286 | TR1 143 | TR2 143
446.6505 	DATA 	Keypress: 5
446.6505 	DATA 	TR 287 | TR1 144 | TR2 143
448.2004 	DATA 	Keypress: 5
448.2004 	DATA 	TR 288 | TR1 144 | TR2 144
449.7668 	DATA 	Keypress: 5
449.7669 	DATA 	TR 289 | TR1 145 | TR2 144
451.3167 	DATA 	Keypress: 5
451.3168 	DATA 	TR 290 | TR1 145 | TR2 145
452.8999 	DATA 	Keypress: 5
452.8999 	DATA 	TR 291 | TR1 146 | TR2 145
454.4498 	DATA 	Keypress: 5
454.4499 	DATA 	TR 292 | TR1 146 | TR2 146
456.0163 	DATA 	Keypress: 5
456.0164 	DATA 	TR 293 | TR1 147 | TR2 146
457.5662 	DATA 	Keypress: 5
457.5662 	DATA 	TR 294 | TR1 147 | TR2 147
459.1492 	DATA 	Keypress: 5
459.1492 	DATA 	TR 295 | TR1 148 | TR2 147
460.6992 	DATA 	Keypress: 5
460.6993 	DATA 	TR 296 | TR1 148 | TR2 148
461.3325 	DATA 	
461.3325 	DATA 	Trial complete
461.3325 	DATA 	Waiting for VASO trigger to start next trial
461.3325 	DATA 	
462.2657 	DATA 	Keypress: 5
462.2658 	DATA 	Waited 0.9332931041717529 seconds for trigger
462.2666 	DATA 	
462.2666 	DATA 	Trial 12
462.2666 	DATA 	stimDur = 4.0
462.2666 	DATA 	jitter = 0.78525
462.2666 	DATA 	restDur = 24.0

462.2666 	DATA 	
462.2666 	DATA 	TR 297 | TR1 149 | TR2 148
463.0656 	DATA 	
463.0657 	DATA 	stimulation started
463.0657 	DATA 	
463.8157 	DATA 	Keypress: 5
463.8157 	DATA 	TR 298 | TR1 149 | TR2 149
465.3822 	DATA 	Keypress: 5
465.3822 	DATA 	TR 299 | TR1 150 | TR2 149
466.9321 	DATA 	Keypress: 5
466.9321 	DATA 	TR 300 | TR1 150 | TR2 150
467.0653 	DATA 	
467.0653 	DATA 	stimulation stopped
467.0653 	DATA 	
468.5153 	DATA 	Keypress: 5
468.5154 	DATA 	TR 301 | TR1 151 | TR2 150
470.0650 	DATA 	Keypress: 5
470.0651 	DATA 	TR 302 | TR1 151 | TR2 151
471.6316 	DATA 	Keypress: 5
471.6317 	DATA 	TR 303 | TR1 152 | TR2 151
473.1814 	DATA 	Keypress: 5
473.1815 	DATA 	TR 304 | TR1 152 | TR2 152
474.7646 	DATA 	Keypress: 5
474.7646 	DATA 	TR 305 | TR1 153 | TR2 152
476.3145 	DATA 	Keypress: 5
476.3145 	DATA 	TR 306 | TR1 153 | TR2 153
477.8810 	DATA 	Keypress: 5
477.8810 	DATA 	TR 307 | TR1 154 | TR2 153
479.4309 	DATA 	Keypress: 5
479.4309 	DATA 	TR 308 | TR1 154 | TR2 154
480.9974 	DATA 	Keypress: 5
480.9974 	DATA 	TR 309 | TR1 155 | TR2 154
482.5639 	DATA 	Keypress: 5
482.5639 	DATA 	TR 310 | TR1 155 | TR2 155
484.1304 	DATA 	Keypress: 5
484.1304 	DATA 	TR 311 | TR1 156 | TR2 155
485.6802 	DATA 	Keypress: 5
485.6802 	DATA 	TR 312 | TR1 156 | TR2 156
487.2468 	DATA 	Keypress: 5
487.2468 	DATA 	TR 313 | TR1 157 | TR2 156
488.7967 	DATA 	Keypress: 5
488.7968 	DATA 	TR 314 | TR1 157 | TR2 157
490.3798 	DATA 	Keypress: 5
490.3799 	DATA 	TR 315 | TR1 158 | TR2 157
491.0631 	DATA 	
491.0631 	DATA 	Trial complete
491.0631 	DATA 	Waiting for VASO trigger to start next trial
491.0631 	DATA 	
491.9297 	DATA 	Keypress: 5
491.9298 	DATA 	TR 316 | TR1 158 | TR2 158
493.4962 	DATA 	Keypress: 5
493.4963 	DATA 	Waited 2.4332120418548584 seconds for trigger
493.4973 	DATA 	
493.4973 	DATA 	Trial 13
493.4974 	DATA 	stimDur = 2.0
493.4974 	DATA 	jitter = 2.35575
493.4974 	DATA 	restDur = 22.0

493.4974 	DATA 	
493.4974 	DATA 	TR 317 | TR1 159 | TR2 158
495.0461 	DATA 	Keypress: 5
495.0462 	DATA 	TR 318 | TR1 159 | TR2 159
495.8626 	DATA 	
495.8627 	DATA 	stimulation started
495.8627 	DATA 	
496.6134 	DATA 	Keypress: 5
496.6293 	DATA 	TR 319 | TR1 160 | TR2 159
497.8625 	DATA 	
497.8625 	DATA 	stimulation stopped
497.8625 	DATA 	
498.1793 	DATA 	Keypress: 5
498.1793 	DATA 	TR 320 | TR1 160 | TR2 160
498.6624 	DATA 	Target presented
499.1624 	DATA 	Keypress: 1
499.1624 	DATA 	Key1 pressed
499.1624 	DATA 	Target detected
499.7457 	DATA 	Keypress: 5
499.7457 	DATA 	TR 321 | TR1 161 | TR2 160
501.2955 	DATA 	Keypress: 5
501.2956 	DATA 	TR 322 | TR1 161 | TR2 161
502.8620 	DATA 	Keypress: 5
502.8621 	DATA 	TR 323 | TR1 162 | TR2 161
504.4119 	DATA 	Keypress: 5
504.4120 	DATA 	TR 324 | TR1 162 | TR2 162
505.9951 	DATA 	Keypress: 5
505.9951 	DATA 	TR 325 | TR1 163 | TR2 162
507.5449 	DATA 	Keypress: 5
507.5450 	DATA 	TR 326 | TR1 163 | TR2 163
509.1117 	DATA 	Keypress: 5
509.1117 	DATA 	TR 327 | TR1 164 | TR2 163
510.6614 	DATA 	Keypress: 5
510.6614 	DATA 	TR 328 | TR1 164 | TR2 164
512.2445 	DATA 	Keypress: 5
512.2446 	DATA 	TR 329 | TR1 165 | TR2 164
513.7944 	DATA 	Keypress: 5
513.7945 	DATA 	TR 330 | TR1 165 | TR2 165
515.3609 	DATA 	Keypress: 5
515.3609 	DATA 	TR 331 | TR1 166 | TR2 165
516.9108 	DATA 	Keypress: 5
516.9108 	DATA 	TR 332 | TR1 166 | TR2 166
518.4773 	DATA 	Keypress: 5
518.4773 	DATA 	TR 333 | TR1 167 | TR2 166
519.8605 	DATA 	
519.8605 	DATA 	Trial complete
519.8605 	DATA 	Waiting for VASO trigger to start next trial
519.8605 	DATA 	
520.0438 	DATA 	Keypress: 5
520.0439 	DATA 	TR 334 | TR1 167 | TR2 167
521.6103 	DATA 	Keypress: 5
521.6104 	DATA 	Waited 1.7499051094055176 seconds for trigger
521.6112 	DATA 	
521.6112 	DATA 	Trial 14
521.6112 	DATA 	stimDur = 1.0
521.6112 	DATA 	jitter = 1.5705
521.6112 	DATA 	restDur = 20.0

521.6112 	DATA 	
521.6112 	DATA 	TR 335 | TR1 168 | TR2 167
523.1602 	DATA 	Keypress: 5
523.1603 	DATA 	TR 336 | TR1 168 | TR2 168
523.1935 	DATA 	
523.1935 	DATA 	stimulation started
523.1935 	DATA 	
524.1934 	DATA 	
524.1935 	DATA 	stimulation stopped
524.1935 	DATA 	
524.7267 	DATA 	Keypress: 5
524.7268 	DATA 	TR 337 | TR1 169 | TR2 168
526.2766 	DATA 	Keypress: 5
526.2767 	DATA 	TR 338 | TR1 169 | TR2 169
527.8598 	DATA 	Keypress: 5
527.8598 	DATA 	TR 339 | TR1 170 | TR2 169
529.4097 	DATA 	Keypress: 5
529.4097 	DATA 	TR 340 | TR1 170 | TR2 170
530.9761 	DATA 	Keypress: 5
530.9762 	DATA 	TR 341 | TR1 171 | TR2 170
532.5260 	DATA 	Keypress: 5
532.5261 	DATA 	TR 342 | TR1 171 | TR2 171
534.1093 	DATA 	Keypress: 5
534.1094 	DATA 	TR 343 | TR1 172 | TR2 171
535.6591 	DATA 	Keypress: 5
535.6592 	DATA 	TR 344 | TR1 172 | TR2 172
537.2256 	DATA 	Keypress: 5
537.2256 	DATA 	TR 345 | TR1 173 | TR2 172
538.7755 	DATA 	Keypress: 5
538.7755 	DATA 	TR 346 | TR1 173 | TR2 173
540.3421 	DATA 	Keypress: 5
540.3421 	DATA 	TR 347 | TR1 174 | TR2 173
541.8919 	DATA 	Keypress: 5
541.8919 	DATA 	TR 348 | TR1 174 | TR2 174
543.4750 	DATA 	Keypress: 5
543.4750 	DATA 	TR 349 | TR1 175 | TR2 174
544.1916 	DATA 	
544.1916 	DATA 	Trial complete
544.1916 	DATA 	Waiting for VASO trigger to start next trial
544.1916 	DATA 	
545.0249 	DATA 	Keypress: 5
545.0249 	DATA 	TR 350 | TR1 175 | TR2 175
546.5914 	DATA 	Keypress: 5
546.5914 	DATA 	Waited 2.3998260498046875 seconds for trigger
546.5922 	DATA 	
546.5922 	DATA 	Trial 15
546.5922 	DATA 	stimDur = 24.0
546.5922 	DATA 	jitter = 0.0
546.5922 	DATA 	restDur = 40.0

546.5922 	DATA 	
546.5922 	DATA 	TR 351 | TR1 176 | TR2 175
546.5922 	DATA 	
546.5922 	DATA 	stimulation started
546.5922 	DATA 	
548.1413 	DATA 	Keypress: 5
548.1414 	DATA 	TR 352 | TR1 176 | TR2 176
549.7245 	DATA 	Keypress: 5
549.7246 	DATA 	TR 353 | TR1 177 | TR2 176
551.2743 	DATA 	Keypress: 5
551.2744 	DATA 	TR 354 | TR1 177 | TR2 177
552.8409 	DATA 	Keypress: 5
552.8409 	DATA 	TR 355 | TR1 178 | TR2 177
554.3907 	DATA 	Keypress: 5
554.3908 	DATA 	TR 356 | TR1 178 | TR2 178
555.9581 	DATA 	Keypress: 5
555.9739 	DATA 	TR 357 | TR1 179 | TR2 178
557.5238 	DATA 	Keypress: 5
557.5238 	DATA 	TR 358 | TR1 179 | TR2 179
558.0237 	DATA 	Target presented
559.0903 	DATA 	Keypress: 5
559.0904 	DATA 	TR 359 | TR1 180 | TR2 179
559.1903 	DATA 	Keypress: 1
559.1903 	DATA 	Key1 pressed
559.1904 	DATA 	Target detected
560.6402 	DATA 	Keypress: 5
560.6402 	DATA 	TR 360 | TR1 180 | TR2 180
562.2067 	DATA 	Keypress: 5
562.2068 	DATA 	TR 361 | TR1 181 | TR2 180
563.7566 	DATA 	Keypress: 5
563.7566 	DATA 	TR 362 | TR1 181 | TR2 181
565.3398 	DATA 	Keypress: 5
565.3398 	DATA 	TR 363 | TR1 182 | TR2 181
566.8896 	DATA 	Keypress: 5
566.8896 	DATA 	TR 364 | TR1 182 | TR2 182
568.4562 	DATA 	Keypress: 5
568.4562 	DATA 	TR 365 | TR1 183 | TR2 182
570.0060 	DATA 	Keypress: 5
570.0060 	DATA 	TR 366 | TR1 183 | TR2 183
570.6059 	DATA 	
570.6059 	DATA 	stimulation stopped
570.6059 	DATA 	
571.5891 	DATA 	Keypress: 5
571.5892 	DATA 	TR 367 | TR1 184 | TR2 183
573.1390 	DATA 	Keypress: 5
573.1390 	DATA 	TR 368 | TR1 184 | TR2 184
574.7055 	DATA 	Keypress: 5
574.7056 	DATA 	TR 369 | TR1 185 | TR2 184
576.2554 	DATA 	Keypress: 5
576.2554 	DATA 	TR 370 | TR1 185 | TR2 185
577.8219 	DATA 	Keypress: 5
577.8220 	DATA 	TR 371 | TR1 186 | TR2 185
579.3724 	DATA 	Keypress: 5
579.3884 	DATA 	TR 372 | TR1 186 | TR2 186
580.9550 	DATA 	Keypress: 5
580.9550 	DATA 	TR 373 | TR1 187 | TR2 186
582.5048 	DATA 	Keypress: 5
582.5048 	DATA 	TR 374 | TR1 187 | TR2 187
584.0710 	DATA 	Keypress: 5
584.0711 	DATA 	TR 375 | TR1 188 | TR2 187
585.6208 	DATA 	Keypress: 5
585.6208 	DATA 	TR 376 | TR1 188 | TR2 188
587.2040 	DATA 	Keypress: 5
587.2041 	DATA 	TR 377 | TR1 189 | TR2 188
588.7538 	DATA 	Keypress: 5
588.7539 	DATA 	TR 378 | TR1 189 | TR2 189
590.3204 	DATA 	Keypress: 5
590.3204 	DATA 	TR 379 | TR1 190 | TR2 189
591.8702 	DATA 	Keypress: 5
591.8703 	DATA 	TR 380 | TR1 190 | TR2 190
593.4372 	DATA 	Keypress: 5
593.4372 	DATA 	TR 381 | TR1 191 | TR2 190
595.0036 	DATA 	Keypress: 5
595.0037 	DATA 	TR 382 | TR1 191 | TR2 191
596.5702 	DATA 	Keypress: 5
596.5703 	DATA 	TR 383 | TR1 192 | TR2 191
598.1200 	DATA 	Keypress: 5
598.1201 	DATA 	TR 384 | TR1 192 | TR2 192
599.6866 	DATA 	Keypress: 5
599.6866 	DATA 	TR 385 | TR1 193 | TR2 192
601.2364 	DATA 	Keypress: 5
601.2365 	DATA 	TR 386 | TR1 193 | TR2 193
602.8198 	DATA 	Keypress: 5
602.8198 	DATA 	TR 387 | TR1 194 | TR2 193
604.3695 	DATA 	Keypress: 5
604.3695 	DATA 	TR 388 | TR1 194 | TR2 194
605.9360 	DATA 	Keypress: 5
605.9361 	DATA 	TR 389 | TR1 195 | TR2 194
607.4860 	DATA 	Keypress: 5
607.4860 	DATA 	TR 390 | TR1 195 | TR2 195
608.3524 	DATA 	Target presented
609.0691 	DATA 	Keypress: 5
609.0691 	DATA 	TR 391 | TR1 196 | TR2 195
610.6022 	DATA 	
610.6022 	DATA 	Trial complete
610.6022 	DATA 	Waiting for VASO trigger to start next trial
610.6022 	DATA 	
610.6189 	DATA 	Keypress: 5
610.6189 	DATA 	TR 392 | TR1 196 | TR2 196
612.1855 	DATA 	Keypress: 5
612.1855 	DATA 	Waited 1.583287000656128 seconds for trigger
612.1863 	DATA 	
612.1863 	DATA 	Trial 16
612.1863 	DATA 	stimDur = 1.0
612.1863 	DATA 	jitter = 2.35575
612.1863 	DATA 	restDur = 20.0

612.1863 	DATA 	
612.1863 	DATA 	TR 393 | TR1 197 | TR2 196
613.7353 	DATA 	Keypress: 5
613.7353 	DATA 	TR 394 | TR1 197 | TR2 197
614.5518 	DATA 	
614.5518 	DATA 	stimulation started
614.5519 	DATA 	
615.3019 	DATA 	Keypress: 5
615.3019 	DATA 	TR 395 | TR1 198 | TR2 197
615.5518 	DATA 	
615.5518 	DATA 	stimulation stopped
615.5518 	DATA 	
616.8683 	DATA 	Keypress: 5
616.8684 	DATA 	TR 396 | TR1 198 | TR2 198
618.4349 	DATA 	Keypress: 5
618.4350 	DATA 	TR 397 | TR1 199 | TR2 198
619.9847 	DATA 	Keypress: 5
619.9848 	DATA 	TR 398 | TR1 199 | TR2 199
621.5513 	DATA 	Keypress: 5
621.5513 	DATA 	TR 399 | TR1 200 | TR2 199
623.1011 	DATA 	Keypress: 5
623.1011 	DATA 	TR 400 | TR1 200 | TR2 200
624.6843 	DATA 	Keypress: 5
624.6844 	DATA 	TR 401 | TR1 201 | TR2 200
626.2341 	DATA 	Keypress: 5
626.2342 	DATA 	TR 402 | TR1 201 | TR2 201
627.8007 	DATA 	Keypress: 5
627.8007 	DATA 	TR 403 | TR1 202 | TR2 201
629.3505 	DATA 	Keypress: 5
629.3506 	DATA 	TR 404 | TR1 202 | TR2 202
630.9177 	DATA 	Keypress: 5
630.9338 	DATA 	TR 405 | TR1 203 | TR2 202
632.4836 	DATA 	Keypress: 5
632.4836 	DATA 	TR 406 | TR1 203 | TR2 203
634.0501 	DATA 	Keypress: 5
634.0502 	DATA 	TR 407 | TR1 204 | TR2 203
635.5499 	DATA 	
635.5499 	DATA 	Trial complete
635.5499 	DATA 	Waiting for VASO trigger to start next trial
635.5500 	DATA 	
635.5999 	DATA 	Keypress: 5
635.6000 	DATA 	TR 408 | TR1 204 | TR2 204
637.1665 	DATA 	Keypress: 5
637.1666 	DATA 	Waited 1.6166229248046875 seconds for trigger
637.1673 	DATA 	
637.1674 	DATA 	Trial 17
637.1674 	DATA 	stimDur = 2.0
637.1674 	DATA 	jitter = 0.0
637.1674 	DATA 	restDur = 22.0

637.1674 	DATA 	
637.1674 	DATA 	TR 409 | TR1 205 | TR2 204
637.1674 	DATA 	
637.1674 	DATA 	stimulation started
637.1674 	DATA 	
638.7164 	DATA 	Keypress: 5
638.7165 	DATA 	TR 410 | TR1 205 | TR2 205
639.1831 	DATA 	
639.1831 	DATA 	stimulation stopped
639.1831 	DATA 	
640.2996 	DATA 	Keypress: 5
640.2996 	DATA 	TR 411 | TR1 206 | TR2 205
641.8494 	DATA 	Keypress: 5
641.8495 	DATA 	TR 412 | TR1 206 | TR2 206
643.4159 	DATA 	Keypress: 5
643.4160 	DATA 	TR 413 | TR1 207 | TR2 206
644.9658 	DATA 	Keypress: 5
644.9658 	DATA 	TR 414 | TR1 207 | TR2 207
646.5490 	DATA 	Keypress: 5
646.5490 	DATA 	TR 415 | TR1 208 | TR2 207
648.0988 	DATA 	Keypress: 5
648.0989 	DATA 	TR 416 | TR1 208 | TR2 208
649.6654 	DATA 	Keypress: 5
649.6654 	DATA 	TR 417 | TR1 209 | TR2 208
651.2152 	DATA 	Keypress: 5
651.2153 	DATA 	TR 418 | TR1 209 | TR2 209
652.7819 	DATA 	Keypress: 5
652.7819 	DATA 	TR 419 | TR1 210 | TR2 209
654.3482 	DATA 	Keypress: 5
654.3483 	DATA 	TR 420 | TR1 210 | TR2 210
655.9148 	DATA 	Keypress: 5
655.9149 	DATA 	TR 421 | TR1 211 | TR2 210
657.4646 	DATA 	Keypress: 5
657.4647 	DATA 	TR 422 | TR1 211 | TR2 211
659.0312 	DATA 	Keypress: 5
659.0312 	DATA 	TR 423 | TR1 212 | TR2 211
660.5810 	DATA 	Keypress: 5
660.5810 	DATA 	TR 424 | TR1 212 | TR2 212
661.1809 	DATA 	
661.1809 	DATA 	Trial complete
661.1810 	DATA 	Waiting for VASO trigger to start next trial
661.1810 	DATA 	
662.1642 	DATA 	Keypress: 5
662.1643 	DATA 	Waited 0.9833090305328369 seconds for trigger
662.1650 	DATA 	
662.1651 	DATA 	Trial 18
662.1651 	DATA 	stimDur = 1.0
662.1651 	DATA 	jitter = 0.0
662.1651 	DATA 	restDur = 20.0

662.1651 	DATA 	
662.1651 	DATA 	TR 425 | TR1 213 | TR2 212
662.1651 	DATA 	
662.1651 	DATA 	stimulation started
662.1651 	DATA 	
663.1808 	DATA 	
663.1808 	DATA 	stimulation stopped
663.1808 	DATA 	
663.7142 	DATA 	Keypress: 5
663.7142 	DATA 	TR 426 | TR1 213 | TR2 213
665.2806 	DATA 	Keypress: 5
665.2807 	DATA 	TR 427 | TR1 214 | TR2 213
666.8304 	DATA 	Keypress: 5
666.8305 	DATA 	TR 428 | TR1 214 | TR2 214
668.4137 	DATA 	Keypress: 5
668.4137 	DATA 	TR 429 | TR1 215 | TR2 214
669.9636 	DATA 	Keypress: 5
669.9637 	DATA 	TR 430 | TR1 215 | TR2 215
671.5301 	DATA 	Keypress: 5
671.5301 	DATA 	TR 431 | TR1 216 | TR2 215
673.0799 	DATA 	Keypress: 5
673.0799 	DATA 	TR 432 | TR1 216 | TR2 216
674.6466 	DATA 	Keypress: 5
674.6466 	DATA 	TR 433 | TR1 217 | TR2 216
676.1963 	DATA 	Keypress: 5
676.1963 	DATA 	TR 434 | TR1 217 | TR2 217
677.7795 	DATA 	Keypress: 5
677.7795 	DATA 	TR 435 | TR1 218 | TR2 217
679.3293 	DATA 	Keypress: 5
679.3294 	DATA 	TR 436 | TR1 218 | TR2 218
680.8959 	DATA 	Keypress: 5
680.8959 	DATA 	TR 437 | TR1 219 | TR2 218
682.3290 	DATA 	Target presented
682.4457 	DATA 	Keypress: 5
682.4457 	DATA 	TR 438 | TR1 219 | TR2 219
683.0791 	DATA 	Keypress: 1
683.0792 	DATA 	Key1 pressed
683.0792 	DATA 	Target detected
683.1789 	DATA 	
683.1789 	DATA 	Trial complete
683.1789 	DATA 	Waiting for VASO trigger to start next trial
683.1789 	DATA 	
684.0289 	DATA 	Keypress: 5
684.0290 	DATA 	Waited 0.8500161170959473 seconds for trigger
684.0297 	DATA 	
684.0297 	DATA 	Trial 19
684.0298 	DATA 	stimDur = 24.0
684.0298 	DATA 	jitter = 2.35575
684.0298 	DATA 	restDur = 40.0

684.0298 	DATA 	
684.0298 	DATA 	TR 439 | TR1 220 | TR2 219
685.5787 	DATA 	Keypress: 5
685.5788 	DATA 	TR 440 | TR1 220 | TR2 220
686.3954 	DATA 	
686.3954 	DATA 	stimulation started
686.3954 	DATA 	
687.1453 	DATA 	Keypress: 5
687.1454 	DATA 	TR 441 | TR1 221 | TR2 220
688.6952 	DATA 	Keypress: 5
688.6952 	DATA 	TR 442 | TR1 221 | TR2 221
690.2625 	DATA 	Keypress: 5
690.2783 	DATA 	TR 443 | TR1 222 | TR2 221
691.8282 	DATA 	Keypress: 5
691.8283 	DATA 	TR 444 | TR1 222 | TR2 222
693.3948 	DATA 	Keypress: 5
693.3948 	DATA 	TR 445 | TR1 223 | TR2 222
694.9446 	DATA 	Keypress: 5
694.9446 	DATA 	TR 446 | TR1 223 | TR2 223
696.5111 	DATA 	Keypress: 5
696.5112 	DATA 	TR 447 | TR1 224 | TR2 223
698.0610 	DATA 	Keypress: 5
698.0610 	DATA 	TR 448 | TR1 224 | TR2 224
699.6442 	DATA 	Keypress: 5
699.6443 	DATA 	TR 449 | TR1 225 | TR2 224
701.1940 	DATA 	Keypress: 5
701.1941 	DATA 	TR 450 | TR1 225 | TR2 225
702.7606 	DATA 	Keypress: 5
702.7606 	DATA 	TR 451 | TR1 226 | TR2 225
704.3104 	DATA 	Keypress: 5
704.3105 	DATA 	TR 452 | TR1 226 | TR2 226
705.8936 	DATA 	Keypress: 5
705.8937 	DATA 	TR 453 | TR1 227 | TR2 226
707.4435 	DATA 	Keypress: 5
707.4435 	DATA 	TR 454 | TR1 227 | TR2 227
709.0100 	DATA 	Keypress: 5
709.0101 	DATA 	TR 455 | TR1 228 | TR2 227
710.3932 	DATA 	
710.3932 	DATA 	stimulation stopped
710.3932 	DATA 	
710.5598 	DATA 	Keypress: 5
710.5599 	DATA 	TR 456 | TR1 228 | TR2 228
712.1263 	DATA 	Keypress: 5
712.1263 	DATA 	TR 457 | TR1 229 | TR2 228
713.6768 	DATA 	Keypress: 5
713.6928 	DATA 	TR 458 | TR1 229 | TR2 229
715.2594 	DATA 	Keypress: 5
715.2595 	DATA 	TR 459 | TR1 230 | TR2 229
716.8092 	DATA 	Keypress: 5
716.8093 	DATA 	TR 460 | TR1 230 | TR2 230
718.3758 	DATA 	Keypress: 5
718.3758 	DATA 	TR 461 | TR1 231 | TR2 230
719.9256 	DATA 	Keypress: 5
719.9257 	DATA 	TR 462 | TR1 231 | TR2 231
721.5088 	DATA 	Keypress: 5
721.5089 	DATA 	TR 463 | TR1 232 | TR2 231
723.0586 	DATA 	Keypress: 5
723.0587 	DATA 	TR 464 | TR1 232 | TR2 232
724.6252 	DATA 	Keypress: 5
724.6252 	DATA 	TR 465 | TR1 233 | TR2 232
725.9417 	DATA 	Target presented
726.1750 	DATA 	Keypress: 5
726.1751 	DATA 	TR 466 | TR1 233 | TR2 233
726.5084 	DATA 	Keypress: 1
726.5084 	DATA 	Key1 pressed
726.5084 	DATA 	Target detected
727.7422 	DATA 	Keypress: 5
727.7582 	DATA 	TR 467 | TR1 234 | TR2 233
729.3081 	DATA 	Keypress: 5
729.3081 	DATA 	TR 468 | TR1 234 | TR2 234
730.8746 	DATA 	Keypress: 5
730.8747 	DATA 	TR 469 | TR1 235 | TR2 234
732.4245 	DATA 	Keypress: 5
732.4245 	DATA 	TR 470 | TR1 235 | TR2 235
733.9910 	DATA 	Keypress: 5
733.9910 	DATA 	TR 471 | TR1 236 | TR2 235
735.5409 	DATA 	Keypress: 5
735.5410 	DATA 	TR 472 | TR1 236 | TR2 236
737.1240 	DATA 	Keypress: 5
737.1241 	DATA 	TR 473 | TR1 237 | TR2 236
738.6740 	DATA 	Keypress: 5
738.6741 	DATA 	TR 474 | TR1 237 | TR2 237
740.2404 	DATA 	Keypress: 5
740.2405 	DATA 	TR 475 | TR1 238 | TR2 237
741.7904 	DATA 	Keypress: 5
741.7904 	DATA 	TR 476 | TR1 238 | TR2 238
743.3735 	DATA 	Keypress: 5
743.3735 	DATA 	TR 477 | TR1 239 | TR2 238
744.9234 	DATA 	Keypress: 5
744.9234 	DATA 	TR 478 | TR1 239 | TR2 239
746.4899 	DATA 	Keypress: 5
746.4899 	DATA 	TR 479 | TR1 240 | TR2 239
748.0397 	DATA 	Keypress: 5
748.0398 	DATA 	TR 480 | TR1 240 | TR2 240
749.6062 	DATA 	Keypress: 5
749.6063 	DATA 	TR 481 | TR1 241 | TR2 240
750.3895 	DATA 	
750.3895 	DATA 	Trial complete
750.3895 	DATA 	
751.1567 	DATA 	Keypress: 5
751.1727 	DATA 	TR 482 | TR1 241 | TR2 241
752.7393 	DATA 	Keypress: 5
752.7393 	DATA 	Waited 69.56039905548096 seconds for trigger
752.7401 	DATA 	
752.7401 	DATA 	Trial 20
752.7401 	DATA 	stimDur = 12.0
752.7401 	DATA 	jitter = 1.5705
752.7402 	DATA 	restDur = 30.0

752.7402 	DATA 	
752.7402 	DATA 	TR 483 | TR1 242 | TR2 241
754.2892 	DATA 	Keypress: 5
754.2892 	DATA 	TR 484 | TR1 242 | TR2 242
754.3225 	DATA 	
754.3225 	DATA 	stimulation started
754.3225 	DATA 	
755.8557 	DATA 	Keypress: 5
755.8558 	DATA 	TR 485 | TR1 243 | TR2 242
757.4056 	DATA 	Keypress: 5
757.4057 	DATA 	TR 486 | TR1 243 | TR2 243
758.9888 	DATA 	Keypress: 5
758.9888 	DATA 	TR 487 | TR1 244 | TR2 243
760.5387 	DATA 	Keypress: 5
760.5387 	DATA 	TR 488 | TR1 244 | TR2 244
762.1051 	DATA 	Keypress: 5
762.1052 	DATA 	TR 489 | TR1 245 | TR2 244
763.6552 	DATA 	Keypress: 5
763.6552 	DATA 	TR 490 | TR1 245 | TR2 245
765.2223 	DATA 	Keypress: 5
765.2382 	DATA 	TR 491 | TR1 246 | TR2 245
766.3214 	DATA 	
766.3214 	DATA 	stimulation stopped
766.3214 	DATA 	
766.7880 	DATA 	Keypress: 5
766.7881 	DATA 	TR 492 | TR1 246 | TR2 246
768.3545 	DATA 	Keypress: 5
768.3546 	DATA 	TR 493 | TR1 247 | TR2 246
769.9044 	DATA 	Keypress: 5
769.9045 	DATA 	TR 494 | TR1 247 | TR2 247
771.4709 	DATA 	Keypress: 5
771.4710 	DATA 	TR 495 | TR1 248 | TR2 247
773.0208 	DATA 	Keypress: 5
773.0209 	DATA 	TR 496 | TR1 248 | TR2 248
774.6040 	DATA 	Keypress: 5
774.6040 	DATA 	TR 497 | TR1 249 | TR2 248
776.1539 	DATA 	Keypress: 5
776.1539 	DATA 	TR 498 | TR1 249 | TR2 249
777.7203 	DATA 	Keypress: 5
777.7204 	DATA 	TR 499 | TR1 250 | TR2 249
779.2702 	DATA 	Keypress: 5
779.2703 	DATA 	TR 500 | TR1 250 | TR2 250
780.8534 	DATA 	Keypress: 5
780.8534 	DATA 	TR 501 | TR1 251 | TR2 250
782.4033 	DATA 	Keypress: 5
782.4033 	DATA 	TR 502 | TR1 251 | TR2 251
783.9698 	DATA 	Keypress: 5
783.9699 	DATA 	TR 503 | TR1 252 | TR2 251
785.5196 	DATA 	Keypress: 5
785.5197 	DATA 	TR 504 | TR1 252 | TR2 252
787.0863 	DATA 	Keypress: 5
787.0863 	DATA 	TR 505 | TR1 253 | TR2 252
788.6527 	DATA 	Keypress: 5
788.6528 	DATA 	TR 506 | TR1 253 | TR2 253
790.2192 	DATA 	Keypress: 5
790.2193 	DATA 	TR 507 | TR1 254 | TR2 253
791.7691 	DATA 	Keypress: 5
791.7691 	DATA 	TR 508 | TR1 254 | TR2 254
793.3356 	DATA 	Keypress: 5
793.3356 	DATA 	TR 509 | TR1 255 | TR2 254
794.8855 	DATA 	Keypress: 5
794.8856 	DATA 	TR 510 | TR1 255 | TR2 255
796.3186 	DATA 	
796.3186 	DATA 	Trial complete
796.3187 	DATA 	
796.4686 	DATA 	Keypress: 5
796.4687 	DATA 	TR 511 | TR1 256 | TR2 255
798.0185 	DATA 	Keypress: 5
798.0186 	DATA 	TR 512 | TR1 256 | TR2 256
799.5850 	DATA 	Keypress: 5
799.5851 	DATA 	TR 513 | TR1 257 | TR2 256
801.1349 	DATA 	Keypress: 5
801.1350 	DATA 	TR 514 | TR1 257 | TR2 257
802.7180 	DATA 	Keypress: 5
802.7181 	DATA 	TR 515 | TR1 258 | TR2 257
804.2680 	DATA 	Keypress: 5
804.2680 	DATA 	TR 516 | TR1 258 | TR2 258
805.8344 	DATA 	Keypress: 5
805.8345 	DATA 	TR 517 | TR1 259 | TR2 258
807.3843 	DATA 	Keypress: 5
807.3844 	DATA 	TR 518 | TR1 259 | TR2 259
808.9509 	DATA 	Keypress: 5
808.9509 	DATA 	TR 519 | TR1 260 | TR2 259
810.5014 	DATA 	Keypress: 5
810.5173 	DATA 	TR 520 | TR1 260 | TR2 260
812.0839 	DATA 	Keypress: 5
812.0840 	DATA 	TR 521 | TR1 261 | TR2 260
813.6338 	DATA 	Keypress: 5
813.6339 	DATA 	TR 522 | TR1 261 | TR2 261
815.2003 	DATA 	Keypress: 5
815.2003 	DATA 	TR 523 | TR1 262 | TR2 261
816.7501 	DATA 	Keypress: 5
816.7502 	DATA 	TR 524 | TR1 262 | TR2 262
818.3335 	DATA 	Keypress: 5
818.3335 	DATA 	TR 525 | TR1 263 | TR2 262
819.8834 	DATA 	Keypress: 5
819.8834 	DATA 	TR 526 | TR1 263 | TR2 263
821.4497 	DATA 	Keypress: 5
821.4498 	DATA 	TR 527 | TR1 264 | TR2 263
822.9997 	DATA 	Keypress: 5
822.9997 	DATA 	TR 528 | TR1 264 | TR2 264
824.5661 	DATA 	Keypress: 5
824.5661 	DATA 	TR 529 | TR1 265 | TR2 264
826.1327 	DATA 	Keypress: 5
826.1327 	DATA 	TR 530 | TR1 265 | TR2 265
827.6991 	DATA 	Keypress: 5
827.6992 	DATA 	TR 531 | TR1 266 | TR2 265
829.2490 	DATA 	Keypress: 5
829.2491 	DATA 	TR 532 | TR1 266 | TR2 266
830.8155 	DATA 	Keypress: 5
830.8155 	DATA 	TR 533 | TR1 267 | TR2 266
832.3654 	DATA 	Keypress: 5
832.3654 	DATA 	TR 534 | TR1 267 | TR2 267
833.9486 	DATA 	Keypress: 5
833.9486 	DATA 	TR 535 | TR1 268 | TR2 267
835.4985 	DATA 	Keypress: 5
835.4985 	DATA 	TR 536 | TR1 268 | TR2 268
837.0649 	DATA 	Keypress: 5
837.0650 	DATA 	TR 537 | TR1 269 | TR2 268
838.6148 	DATA 	Keypress: 5
838.6149 	DATA 	TR 538 | TR1 269 | TR2 269
840.1980 	DATA 	Keypress: 5
840.1981 	DATA 	TR 539 | TR1 270 | TR2 269
841.7479 	DATA 	Keypress: 5
841.7479 	DATA 	TR 540 | TR1 270 | TR2 270
843.3144 	DATA 	Keypress: 5
843.3145 	DATA 	TR 541 | TR1 271 | TR2 270
844.8643 	DATA 	Keypress: 5
844.8643 	DATA 	TR 542 | TR1 271 | TR2 271
846.4308 	DATA 	Keypress: 5
846.4308 	DATA 	TR 543 | TR1 272 | TR2 271
847.9973 	DATA 	Keypress: 5
847.9974 	DATA 	TR 544 | TR1 272 | TR2 272
849.5638 	DATA 	Keypress: 5
849.5639 	DATA 	TR 545 | TR1 273 | TR2 272
851.1137 	DATA 	Keypress: 5
851.1137 	DATA 	TR 546 | TR1 273 | TR2 273
852.6802 	DATA 	Keypress: 5
852.6802 	DATA 	TR 547 | TR1 274 | TR2 273
854.2300 	DATA 	Keypress: 5
854.2301 	DATA 	TR 548 | TR1 274 | TR2 274
855.8132 	DATA 	Keypress: 5
855.8133 	DATA 	TR 549 | TR1 275 | TR2 274
857.3631 	DATA 	Keypress: 5
857.3632 	DATA 	TR 550 | TR1 275 | TR2 275
858.9296 	DATA 	Keypress: 5
858.9296 	DATA 	TR 551 | TR1 276 | TR2 275
860.4795 	DATA 	Keypress: 5
860.4795 	DATA 	TR 552 | TR1 276 | TR2 276
862.0466 	DATA 	Keypress: 5
862.0626 	DATA 	TR 553 | TR1 277 | TR2 276
863.6126 	DATA 	Keypress: 5
863.6126 	DATA 	TR 554 | TR1 277 | TR2 277
864.3291 	DATA 	EndOfRun sub-08_ses-02_run-03

864.3291 	DATA 	We spent 93.7649736404419 seconds waiting for triggers
864.3291 	DATA 	RatioOfDetectedTargets 0.9166666666666666
864.3291 	DATA 	You have detected 11 out of 12 targets.
869.1514 	DATA 	Keypress: 5
869.1516 	DATA 	Keypress: 5
869.3589 	EXP 	window1: mouseVisible = True
