MonitorDistance=99cm
MonitorWidth=30cm
PixelWidth=1024.0
PixelHeight=768.0
You have detected 10 out of 12 targets.
Please try to focus more
7.5469 	INFO 	Loaded monitor calibration from ['2021_05_26 17:55']
8.0171 	EXP 	Created window1 = Window(allowGUI=False, allowStencil=False, autoLog=True, backendConf=UNKNOWN, bitsMode=UNKNOWN, blendMode='avg', bpc=(8, 8, 8), color=array([-0.5, -0.5, -0.5]), colorSpace='rgb', depthBits=8, fullscr=<method-wrapper '__getattribute__' of attributeSetter object at 0x7f7d5b74c400>, gamma=None, gammaErrorPolicy='raise', lms=UNKNOWN, monitor=<psychopy.monitors.calibTools.Monitor object at 0x7f7d5156b0f0>, multiSample=False, name='window1', numSamples=2, pos=[0.0, 0.0], screen=0, size=array([1024,  768]), stencilBits=0, stereo=False, units='deg', useFBO=False, useRetina=False, viewOri=0.0, viewPos=None, viewScale=None, waitBlanking=True, winType='pyglet')
8.0171 	EXP 	window1: mouseVisible = True
8.0909 	EXP 	Created unnamed TextStim = TextStim(__class__=<class 'psychopy.visual.text.TextStim'>, alignHoriz=method-wrapper(...), alignText='center', alignVert=method-wrapper(...), anchorHoriz='center', anchorVert='center', antialias=True, autoLog=True, bold=False, color=array([1., 1., 1.]), colorSpace='rgb', contrast=1.0, depth=0, flipHoriz=False, flipVert=False, font='', fontFiles=[], height=0.5, italic=False, languageStyle='LTR', name='unnamed TextStim', opacity=1.0, ori=0.0, pos=array([0., 0.]), rgb=UNKNOWN, text=str(...), units='deg', win=Window(...), wrapWidth=15.0)
8.1245 	EXP 	Created Movie Frame 0 = ImageStim(__class__=<class 'psychopy.visual.image.ImageStim'>, autoLog=True, color=array([0.8, 0.8, 0.8]), colorSpace='rgb', contrast=0.8, depth=0, flipHoriz=False, flipVert=False, image='visual_0.png', interpolate=False, mask=None, maskParams=None, name='Movie Frame 0', opacity=1, ori=0.0, pos=array([0., 0.]), size=array([1024,  768]), texRes=128, units='pix', win=Window(...))
8.1506 	EXP 	Created Movie Frame 1 = ImageStim(__class__=<class 'psychopy.visual.image.ImageStim'>, autoLog=True, color=array([0.8, 0.8, 0.8]), colorSpace='rgb', contrast=0.8, depth=0, flipHoriz=False, flipVert=False, image='visual_1.png', interpolate=False, mask=None, maskParams=None, name='Movie Frame 1', opacity=1, ori=0.0, pos=array([0., 0.]), size=array([1024,  768]), texRes=128, units='pix', win=Window(...))
38.1296 	DATA 	Keypress: 5
0.0000 	DATA 	StartOfRun sub-08_ses-02_run-02
0.0000 	DATA 	TR 1 | TR1 1 | TR2 0
0.0110 	DATA 	Initial baseline

1.5500 	DATA 	Keypress: 5
1.5501 	DATA 	TR 2 | TR1 1 | TR2 1
3.1223 	DATA 	Keypress: 5
3.1223 	DATA 	TR 3 | TR1 2 | TR2 1
4.6735 	DATA 	Keypress: 5
4.6735 	DATA 	TR 4 | TR1 2 | TR2 2
6.2458 	DATA 	Keypress: 5
6.2458 	DATA 	TR 5 | TR1 3 | TR2 2
7.7969 	DATA 	Keypress: 5
7.7969 	DATA 	TR 6 | TR1 3 | TR2 3
9.3691 	DATA 	Keypress: 5
9.3691 	DATA 	TR 7 | TR1 4 | TR2 3
10.9204 	DATA 	Keypress: 5
10.9204 	DATA 	TR 8 | TR1 4 | TR2 4
12.4924 	DATA 	Keypress: 5
12.4925 	DATA 	TR 9 | TR1 5 | TR2 4
14.0437 	DATA 	Keypress: 5
14.0437 	DATA 	TR 10 | TR1 5 | TR2 5
15.6158 	DATA 	Keypress: 5
15.6159 	DATA 	TR 11 | TR1 6 | TR2 5
17.1670 	DATA 	Keypress: 5
17.1670 	DATA 	TR 12 | TR1 6 | TR2 6
18.7392 	DATA 	Keypress: 5
18.7392 	DATA 	TR 13 | TR1 7 | TR2 6
20.2904 	DATA 	Keypress: 5
20.2904 	DATA 	TR 14 | TR1 7 | TR2 7
21.8626 	DATA 	Keypress: 5
21.8626 	DATA 	TR 15 | TR1 8 | TR2 7
23.4139 	DATA 	Keypress: 5
23.4139 	DATA 	TR 16 | TR1 8 | TR2 8
24.9860 	DATA 	Keypress: 5
24.9860 	DATA 	TR 17 | TR1 9 | TR2 8
26.5372 	DATA 	Keypress: 5
26.5372 	DATA 	TR 18 | TR1 9 | TR2 9
28.1094 	DATA 	Keypress: 5
28.1094 	DATA 	TR 19 | TR1 10 | TR2 9
29.6606 	DATA 	Keypress: 5
29.6606 	DATA 	TR 20 | TR1 10 | TR2 10
31.2422 	DATA 	Keypress: 5
31.2423 	DATA 	Waited 1.2422549724578857 seconds for trigger
31.2437 	DATA 	
31.2437 	DATA 	Trial 1
31.2437 	DATA 	stimDur = 4.0
31.2437 	DATA 	jitter = 1.5705
31.2437 	DATA 	restDur = 24.0

31.2437 	DATA 	
31.2437 	DATA 	TR 21 | TR1 11 | TR2 10
32.7920 	DATA 	Keypress: 5
32.7920 	DATA 	TR 22 | TR1 11 | TR2 11
32.8252 	DATA 	
32.8252 	DATA 	stimulation started
32.8252 	DATA 	
34.3585 	DATA 	Keypress: 5
34.3585 	DATA 	TR 23 | TR1 12 | TR2 11
35.9084 	DATA 	Keypress: 5
35.9084 	DATA 	TR 24 | TR1 12 | TR2 12
36.8249 	DATA 	
36.8249 	DATA 	stimulation stopped
36.8249 	DATA 	
37.4915 	DATA 	Keypress: 5
37.4915 	DATA 	TR 25 | TR1 13 | TR2 12
39.0414 	DATA 	Keypress: 5
39.0414 	DATA 	TR 26 | TR1 13 | TR2 13
40.6079 	DATA 	Keypress: 5
40.6079 	DATA 	TR 27 | TR1 14 | TR2 13
42.1578 	DATA 	Keypress: 5
42.1578 	DATA 	TR 28 | TR1 14 | TR2 14
43.7409 	DATA 	Keypress: 5
43.7410 	DATA 	TR 29 | TR1 15 | TR2 14
45.2908 	DATA 	Keypress: 5
45.2909 	DATA 	TR 30 | TR1 15 | TR2 15
46.8575 	DATA 	Keypress: 5
46.8575 	DATA 	TR 31 | TR1 16 | TR2 15
48.4072 	DATA 	Keypress: 5
48.4073 	DATA 	TR 32 | TR1 16 | TR2 16
49.9737 	DATA 	Keypress: 5
49.9737 	DATA 	TR 33 | TR1 17 | TR2 16
51.5402 	DATA 	Keypress: 5
51.5402 	DATA 	TR 34 | TR1 17 | TR2 17
53.1067 	DATA 	Keypress: 5
53.1068 	DATA 	TR 35 | TR1 18 | TR2 17
54.6566 	DATA 	Keypress: 5
54.6567 	DATA 	TR 36 | TR1 18 | TR2 18
56.2231 	DATA 	Keypress: 5
56.2232 	DATA 	TR 37 | TR1 19 | TR2 18
57.7730 	DATA 	Keypress: 5
57.7730 	DATA 	TR 38 | TR1 19 | TR2 19
59.3562 	DATA 	Keypress: 5
59.3562 	DATA 	TR 39 | TR1 20 | TR2 19
60.8227 	DATA 	
60.8227 	DATA 	Trial complete
60.8227 	DATA 	Waiting for VASO trigger to start next trial
60.8227 	DATA 	
60.9062 	DATA 	Keypress: 5
60.9062 	DATA 	TR 40 | TR1 20 | TR2 20
62.4726 	DATA 	Keypress: 5
62.4726 	DATA 	Waited 1.6499199867248535 seconds for trigger
62.4734 	DATA 	
62.4735 	DATA 	Trial 2
62.4735 	DATA 	stimDur = 12.0
62.4735 	DATA 	jitter = 2.35575
62.4735 	DATA 	restDur = 30.0

62.4735 	DATA 	
62.4735 	DATA 	TR 41 | TR1 21 | TR2 20
64.0224 	DATA 	Keypress: 5
64.0225 	DATA 	TR 42 | TR1 21 | TR2 21
64.8390 	DATA 	
64.8390 	DATA 	stimulation started
64.8390 	DATA 	
65.5891 	DATA 	Keypress: 5
65.5892 	DATA 	TR 43 | TR1 22 | TR2 21
67.1555 	DATA 	Keypress: 5
67.1556 	DATA 	TR 44 | TR1 22 | TR2 22
68.7220 	DATA 	Keypress: 5
68.7221 	DATA 	TR 45 | TR1 23 | TR2 22
70.2719 	DATA 	Keypress: 5
70.2719 	DATA 	TR 46 | TR1 23 | TR2 23
71.8384 	DATA 	Keypress: 5
71.8385 	DATA 	TR 47 | TR1 24 | TR2 23
73.3883 	DATA 	Keypress: 5
73.3883 	DATA 	TR 48 | TR1 24 | TR2 24
74.9715 	DATA 	Keypress: 5
74.9715 	DATA 	TR 49 | TR1 25 | TR2 24
76.5213 	DATA 	Keypress: 5
76.5214 	DATA 	TR 50 | TR1 25 | TR2 25
76.8379 	DATA 	
76.8379 	DATA 	stimulation stopped
76.8379 	DATA 	
78.0879 	DATA 	Keypress: 5
78.0880 	DATA 	TR 51 | TR1 26 | TR2 25
79.6376 	DATA 	Keypress: 5
79.6377 	DATA 	TR 52 | TR1 26 | TR2 26
81.2211 	DATA 	Keypress: 5
81.2212 	DATA 	TR 53 | TR1 27 | TR2 26
82.7707 	DATA 	Keypress: 5
82.7707 	DATA 	TR 54 | TR1 27 | TR2 27
84.3373 	DATA 	Keypress: 5
84.3373 	DATA 	TR 55 | TR1 28 | TR2 27
85.8871 	DATA 	Keypress: 5
85.8871 	DATA 	TR 56 | TR1 28 | TR2 28
87.4536 	DATA 	Keypress: 5
87.4536 	DATA 	TR 57 | TR1 29 | TR2 28
89.0042 	DATA 	Keypress: 5
89.0201 	DATA 	TR 58 | TR1 29 | TR2 29
90.5867 	DATA 	Keypress: 5
90.5867 	DATA 	TR 59 | TR1 30 | TR2 29
92.1365 	DATA 	Keypress: 5
92.1366 	DATA 	TR 60 | TR1 30 | TR2 30
93.7030 	DATA 	Keypress: 5
93.7030 	DATA 	TR 61 | TR1 31 | TR2 30
95.2529 	DATA 	Keypress: 5
95.2529 	DATA 	TR 62 | TR1 31 | TR2 31
96.2362 	DATA 	Target presented
96.7361 	DATA 	Keypress: 1
96.7362 	DATA 	Key1 pressed
96.7362 	DATA 	Target detected
96.8361 	DATA 	Keypress: 5
96.8361 	DATA 	TR 63 | TR1 32 | TR2 31
98.3859 	DATA 	Keypress: 5
98.3860 	DATA 	TR 64 | TR1 32 | TR2 32
99.9525 	DATA 	Keypress: 5
99.9525 	DATA 	TR 65 | TR1 33 | TR2 32
101.5024 	DATA 	Keypress: 5
101.5025 	DATA 	TR 66 | TR1 33 | TR2 33
103.0855 	DATA 	Keypress: 5
103.0856 	DATA 	TR 67 | TR1 34 | TR2 33
104.6354 	DATA 	Keypress: 5
104.6354 	DATA 	TR 68 | TR1 34 | TR2 34
106.2019 	DATA 	Keypress: 5
106.2020 	DATA 	TR 69 | TR1 35 | TR2 34
106.8351 	DATA 	
106.8351 	DATA 	Trial complete
106.8352 	DATA 	Waiting for VASO trigger to start next trial
106.8352 	DATA 	
107.7518 	DATA 	Keypress: 5
107.7518 	DATA 	TR 70 | TR1 35 | TR2 35
109.3183 	DATA 	Keypress: 5
109.3183 	DATA 	Waited 2.483163833618164 seconds for trigger
109.3191 	DATA 	
109.3191 	DATA 	Trial 3
109.3191 	DATA 	stimDur = 24.0
109.3191 	DATA 	jitter = 0.78525
109.3191 	DATA 	restDur = 40.0

109.3191 	DATA 	
109.3191 	DATA 	TR 71 | TR1 36 | TR2 35
110.1182 	DATA 	
110.1182 	DATA 	stimulation started
110.1182 	DATA 	
110.8682 	DATA 	Keypress: 5
110.8683 	DATA 	TR 72 | TR1 36 | TR2 36
112.4514 	DATA 	Keypress: 5
112.4515 	DATA 	TR 73 | TR1 37 | TR2 36
114.0012 	DATA 	Keypress: 5
114.0013 	DATA 	TR 74 | TR1 37 | TR2 37
115.5678 	DATA 	Keypress: 5
115.5678 	DATA 	TR 75 | TR1 38 | TR2 37
117.1176 	DATA 	Keypress: 5
117.1177 	DATA 	TR 76 | TR1 38 | TR2 38
118.7008 	DATA 	Keypress: 5
118.7009 	DATA 	TR 77 | TR1 39 | TR2 38
120.2507 	DATA 	Keypress: 5
120.2507 	DATA 	TR 78 | TR1 39 | TR2 39
121.8172 	DATA 	Keypress: 5
121.8173 	DATA 	TR 79 | TR1 40 | TR2 39
123.3671 	DATA 	Keypress: 5
123.3671 	DATA 	TR 80 | TR1 40 | TR2 40
124.9338 	DATA 	Keypress: 5
124.9338 	DATA 	TR 81 | TR1 41 | TR2 40
126.5001 	DATA 	Keypress: 5
126.5001 	DATA 	TR 82 | TR1 41 | TR2 41
128.0666 	DATA 	Keypress: 5
128.0667 	DATA 	TR 83 | TR1 42 | TR2 41
129.6165 	DATA 	Keypress: 5
129.6165 	DATA 	TR 84 | TR1 42 | TR2 42
131.1830 	DATA 	Keypress: 5
131.1831 	DATA 	TR 85 | TR1 43 | TR2 42
132.7329 	DATA 	Keypress: 5
132.7329 	DATA 	TR 86 | TR1 43 | TR2 43
134.1160 	DATA 	
134.1160 	DATA 	stimulation stopped
134.1160 	DATA 	
134.3160 	DATA 	Keypress: 5
134.3161 	DATA 	TR 87 | TR1 44 | TR2 43
135.8658 	DATA 	Keypress: 5
135.8659 	DATA 	TR 88 | TR1 44 | TR2 44
137.0991 	DATA 	Target presented
137.4324 	DATA 	Keypress: 5
137.4324 	DATA 	TR 89 | TR1 45 | TR2 44
137.7990 	DATA 	Keypress: 1
137.7991 	DATA 	Key1 pressed
137.7991 	DATA 	Target detected
138.9822 	DATA 	Keypress: 5
138.9823 	DATA 	TR 90 | TR1 45 | TR2 45
140.5655 	DATA 	Keypress: 5
140.5655 	DATA 	TR 91 | TR1 46 | TR2 45
142.1153 	DATA 	Keypress: 5
142.1153 	DATA 	TR 92 | TR1 46 | TR2 46
143.6818 	DATA 	Keypress: 5
143.6819 	DATA 	TR 93 | TR1 47 | TR2 46
145.2317 	DATA 	Keypress: 5
145.2317 	DATA 	TR 94 | TR1 47 | TR2 47
146.7982 	DATA 	Keypress: 5
146.7983 	DATA 	TR 95 | TR1 48 | TR2 47
148.3487 	DATA 	Keypress: 5
148.3647 	DATA 	TR 96 | TR1 48 | TR2 48
149.9313 	DATA 	Keypress: 5
149.9313 	DATA 	TR 97 | TR1 49 | TR2 48
151.4811 	DATA 	Keypress: 5
151.4812 	DATA 	TR 98 | TR1 49 | TR2 49
153.0477 	DATA 	Keypress: 5
153.0477 	DATA 	TR 99 | TR1 50 | TR2 49
154.5975 	DATA 	Keypress: 5
154.5975 	DATA 	TR 100 | TR1 50 | TR2 50
156.1807 	DATA 	Keypress: 5
156.1808 	DATA 	TR 101 | TR1 51 | TR2 50
157.7306 	DATA 	Keypress: 5
157.7306 	DATA 	TR 102 | TR1 51 | TR2 51
159.2971 	DATA 	Keypress: 5
159.2971 	DATA 	TR 103 | TR1 52 | TR2 51
160.8469 	DATA 	Keypress: 5
160.8470 	DATA 	TR 104 | TR1 52 | TR2 52
162.4135 	DATA 	Keypress: 5
162.4135 	DATA 	TR 105 | TR1 53 | TR2 52
163.9800 	DATA 	Keypress: 5
163.9800 	DATA 	TR 106 | TR1 53 | TR2 53
165.5465 	DATA 	Keypress: 5
165.5466 	DATA 	TR 107 | TR1 54 | TR2 53
167.0964 	DATA 	Keypress: 5
167.0964 	DATA 	TR 108 | TR1 54 | TR2 54
168.6629 	DATA 	Keypress: 5
168.6629 	DATA 	TR 109 | TR1 55 | TR2 54
170.2127 	DATA 	Keypress: 5
170.2128 	DATA 	TR 110 | TR1 55 | TR2 55
171.7960 	DATA 	Keypress: 5
171.7960 	DATA 	TR 111 | TR1 56 | TR2 55
173.3458 	DATA 	Keypress: 5
173.3458 	DATA 	TR 112 | TR1 56 | TR2 56
174.1123 	DATA 	
174.1123 	DATA 	Trial complete
174.1124 	DATA 	Waiting for VASO trigger to start next trial
174.1124 	DATA 	
174.9123 	DATA 	Keypress: 5
174.9124 	DATA 	Waited 0.8000240325927734 seconds for trigger
174.9131 	DATA 	
174.9132 	DATA 	Trial 4
174.9132 	DATA 	stimDur = 24.0
174.9132 	DATA 	jitter = 1.5705
174.9132 	DATA 	restDur = 40.0

174.9132 	DATA 	
174.9132 	DATA 	TR 113 | TR1 57 | TR2 56
176.4621 	DATA 	Keypress: 5
176.4622 	DATA 	TR 114 | TR1 57 | TR2 57
176.4955 	DATA 	
176.4955 	DATA 	stimulation started
176.4955 	DATA 	
178.0454 	DATA 	Keypress: 5
178.0455 	DATA 	TR 115 | TR1 58 | TR2 57
179.5953 	DATA 	Keypress: 5
179.5953 	DATA 	TR 116 | TR1 58 | TR2 58
181.1618 	DATA 	Keypress: 5
181.1619 	DATA 	TR 117 | TR1 59 | TR2 58
182.7116 	DATA 	Keypress: 5
182.7117 	DATA 	TR 118 | TR1 59 | TR2 59
184.2782 	DATA 	Keypress: 5
184.2782 	DATA 	TR 119 | TR1 60 | TR2 59
185.8288 	DATA 	Keypress: 5
185.8447 	DATA 	TR 120 | TR1 60 | TR2 60
187.4112 	DATA 	Keypress: 5
187.4113 	DATA 	TR 121 | TR1 61 | TR2 60
188.9611 	DATA 	Keypress: 5
188.9611 	DATA 	TR 122 | TR1 61 | TR2 61
190.5276 	DATA 	Keypress: 5
190.5277 	DATA 	TR 123 | TR1 62 | TR2 61
192.0775 	DATA 	Keypress: 5
192.0775 	DATA 	TR 124 | TR1 62 | TR2 62
193.6607 	DATA 	Keypress: 5
193.6607 	DATA 	TR 125 | TR1 63 | TR2 62
195.2105 	DATA 	Keypress: 5
195.2106 	DATA 	TR 126 | TR1 63 | TR2 63
196.7772 	DATA 	Keypress: 5
196.7773 	DATA 	TR 127 | TR1 64 | TR2 63
198.3269 	DATA 	Keypress: 5
198.3269 	DATA 	TR 128 | TR1 64 | TR2 64
199.8942 	DATA 	Keypress: 5
199.9100 	DATA 	TR 129 | TR1 65 | TR2 64
200.4933 	DATA 	
200.4934 	DATA 	stimulation stopped
200.4934 	DATA 	
201.4599 	DATA 	Keypress: 5
201.4599 	DATA 	TR 130 | TR1 65 | TR2 65
203.0264 	DATA 	Keypress: 5
203.0265 	DATA 	TR 131 | TR1 66 | TR2 65
204.5763 	DATA 	Keypress: 5
204.5763 	DATA 	TR 132 | TR1 66 | TR2 66
206.1428 	DATA 	Keypress: 5
206.1429 	DATA 	TR 133 | TR1 67 | TR2 66
207.6927 	DATA 	Keypress: 5
207.6927 	DATA 	TR 134 | TR1 67 | TR2 67
209.2759 	DATA 	Keypress: 5
209.2759 	DATA 	TR 135 | TR1 68 | TR2 67
210.8258 	DATA 	Keypress: 5
210.8258 	DATA 	TR 136 | TR1 68 | TR2 68
212.3923 	DATA 	Keypress: 5
212.3923 	DATA 	TR 137 | TR1 69 | TR2 68
212.7589 	DATA 	Target presented
213.6921 	DATA 	Keypress: 1
213.6922 	DATA 	Key1 pressed
213.6922 	DATA 	Target detected
213.9421 	DATA 	Keypress: 5
213.9421 	DATA 	TR 138 | TR1 69 | TR2 69
215.5253 	DATA 	Keypress: 5
215.5254 	DATA 	TR 139 | TR1 70 | TR2 69
217.0751 	DATA 	Keypress: 5
217.0752 	DATA 	TR 140 | TR1 70 | TR2 70
218.6417 	DATA 	Keypress: 5
218.6417 	DATA 	TR 141 | TR1 71 | TR2 70
220.1915 	DATA 	Keypress: 5
220.1916 	DATA 	TR 142 | TR1 71 | TR2 71
221.7582 	DATA 	Keypress: 5
221.7583 	DATA 	TR 143 | TR1 72 | TR2 71
223.3085 	DATA 	Keypress: 5
223.3245 	DATA 	TR 144 | TR1 72 | TR2 72
224.8911 	DATA 	Keypress: 5
224.8912 	DATA 	TR 145 | TR1 73 | TR2 72
226.4410 	DATA 	Keypress: 5
226.4410 	DATA 	TR 146 | TR1 73 | TR2 73
228.0075 	DATA 	Keypress: 5
228.0075 	DATA 	TR 147 | TR1 74 | TR2 73
229.5573 	DATA 	Keypress: 5
229.5574 	DATA 	TR 148 | TR1 74 | TR2 74
231.1406 	DATA 	Keypress: 5
231.1407 	DATA 	TR 149 | TR1 75 | TR2 74
232.6905 	DATA 	Keypress: 5
232.6905 	DATA 	TR 150 | TR1 75 | TR2 75
234.2569 	DATA 	Keypress: 5
234.2570 	DATA 	TR 151 | TR1 76 | TR2 75
235.8068 	DATA 	Keypress: 5
235.8068 	DATA 	TR 152 | TR1 76 | TR2 76
237.3900 	DATA 	Keypress: 5
237.3900 	DATA 	TR 153 | TR1 77 | TR2 76
238.9398 	DATA 	Keypress: 5
238.9398 	DATA 	TR 154 | TR1 77 | TR2 77
240.4896 	DATA 	
240.4896 	DATA 	Trial complete
240.4897 	DATA 	Waiting for VASO trigger to start next trial
240.4897 	DATA 	
240.5064 	DATA 	Keypress: 5
240.5064 	DATA 	Waited 0.016752004623413086 seconds for trigger
240.5072 	DATA 	
240.5072 	DATA 	Trial 5
240.5072 	DATA 	stimDur = 1.0
240.5072 	DATA 	jitter = 0.78525
240.5072 	DATA 	restDur = 20.0

240.5072 	DATA 	
240.5072 	DATA 	TR 155 | TR1 78 | TR2 77
241.3062 	DATA 	
241.3062 	DATA 	stimulation started
241.3062 	DATA 	
242.0563 	DATA 	Keypress: 5
242.0563 	DATA 	TR 156 | TR1 78 | TR2 78
242.3062 	DATA 	
242.3062 	DATA 	stimulation stopped
242.3062 	DATA 	
243.6227 	DATA 	Keypress: 5
243.6228 	DATA 	TR 157 | TR1 79 | TR2 78
245.1726 	DATA 	Keypress: 5
245.1726 	DATA 	TR 158 | TR1 79 | TR2 79
246.7558 	DATA 	Keypress: 5
246.7559 	DATA 	TR 159 | TR1 80 | TR2 79
248.3056 	DATA 	Keypress: 5
248.3057 	DATA 	TR 160 | TR1 80 | TR2 80
249.8722 	DATA 	Keypress: 5
249.8722 	DATA 	TR 161 | TR1 81 | TR2 80
251.4220 	DATA 	Keypress: 5
251.4220 	DATA 	TR 162 | TR1 81 | TR2 81
253.0052 	DATA 	Keypress: 5
253.0053 	DATA 	TR 163 | TR1 82 | TR2 81
254.5551 	DATA 	Keypress: 5
254.5551 	DATA 	TR 164 | TR1 82 | TR2 82
256.1216 	DATA 	Keypress: 5
256.1217 	DATA 	TR 165 | TR1 83 | TR2 82
257.6714 	DATA 	Keypress: 5
257.6715 	DATA 	TR 166 | TR1 83 | TR2 83
259.2380 	DATA 	Keypress: 5
259.2381 	DATA 	TR 167 | TR1 84 | TR2 83
260.8045 	DATA 	Keypress: 5
260.8045 	DATA 	TR 168 | TR1 84 | TR2 84
262.3043 	DATA 	
262.3043 	DATA 	Trial complete
262.3043 	DATA 	Waiting for VASO trigger to start next trial
262.3043 	DATA 	
262.3710 	DATA 	Keypress: 5
262.3711 	DATA 	Waited 0.0667269229888916 seconds for trigger
262.3718 	DATA 	
262.3718 	DATA 	Trial 6
262.3718 	DATA 	stimDur = 2.0
262.3718 	DATA 	jitter = 0.78525
262.3718 	DATA 	restDur = 22.0

262.3719 	DATA 	
262.3719 	DATA 	TR 169 | TR1 85 | TR2 84
263.1709 	DATA 	
263.1709 	DATA 	stimulation started
263.1709 	DATA 	
263.9209 	DATA 	Keypress: 5
263.9210 	DATA 	TR 170 | TR1 85 | TR2 85
265.1708 	DATA 	
265.1708 	DATA 	stimulation stopped
265.1708 	DATA 	
265.4874 	DATA 	Keypress: 5
265.4875 	DATA 	TR 171 | TR1 86 | TR2 85
267.0373 	DATA 	Keypress: 5
267.0374 	DATA 	TR 172 | TR1 86 | TR2 86
268.6205 	DATA 	Keypress: 5
268.6205 	DATA 	TR 173 | TR1 87 | TR2 86
270.1703 	DATA 	Keypress: 5
270.1703 	DATA 	TR 174 | TR1 87 | TR2 87
271.7369 	DATA 	Keypress: 5
271.7370 	DATA 	TR 175 | TR1 88 | TR2 87
273.2867 	DATA 	Keypress: 5
273.2867 	DATA 	TR 176 | TR1 88 | TR2 88
274.8699 	DATA 	Keypress: 5
274.8699 	DATA 	TR 177 | TR1 89 | TR2 88
276.4197 	DATA 	Keypress: 5
276.4198 	DATA 	TR 178 | TR1 89 | TR2 89
277.2030 	DATA 	Target presented
277.9864 	DATA 	Keypress: 5
277.9865 	DATA 	TR 179 | TR1 90 | TR2 89
279.5361 	DATA 	Keypress: 5
279.5362 	DATA 	TR 180 | TR1 90 | TR2 90
280.2194 	DATA 	Keypress: 1
280.2195 	DATA 	Key1 pressed
281.1026 	DATA 	Keypress: 5
281.1027 	DATA 	TR 181 | TR1 91 | TR2 90
282.6531 	DATA 	Keypress: 5
282.6691 	DATA 	TR 182 | TR1 91 | TR2 91
284.2357 	DATA 	Keypress: 5
284.2358 	DATA 	TR 183 | TR1 92 | TR2 91
285.7855 	DATA 	Keypress: 5
285.7856 	DATA 	TR 184 | TR1 92 | TR2 92
287.1687 	DATA 	
287.1687 	DATA 	Trial complete
287.1687 	DATA 	Waiting for VASO trigger to start next trial
287.1687 	DATA 	
287.3521 	DATA 	Keypress: 5
287.3521 	DATA 	Waited 0.18339896202087402 seconds for trigger
287.3529 	DATA 	
287.3529 	DATA 	Trial 7
287.3529 	DATA 	stimDur = 4.0
287.3529 	DATA 	jitter = 2.35575
287.3529 	DATA 	restDur = 24.0

287.3529 	DATA 	
287.3529 	DATA 	TR 185 | TR1 93 | TR2 92
288.9019 	DATA 	Keypress: 5
288.9020 	DATA 	TR 186 | TR1 93 | TR2 93
289.7185 	DATA 	
289.7185 	DATA 	stimulation started
289.7185 	DATA 	
290.4852 	DATA 	Keypress: 5
290.4853 	DATA 	TR 187 | TR1 94 | TR2 93
292.0350 	DATA 	Keypress: 5
292.0351 	DATA 	TR 188 | TR1 94 | TR2 94
293.6015 	DATA 	Keypress: 5
293.6016 	DATA 	TR 189 | TR1 95 | TR2 94
293.7183 	DATA 	
293.7183 	DATA 	stimulation stopped
293.7183 	DATA 	
295.1513 	DATA 	Keypress: 5
295.1514 	DATA 	TR 190 | TR1 95 | TR2 95
296.7179 	DATA 	Keypress: 5
296.7179 	DATA 	TR 191 | TR1 96 | TR2 95
298.2844 	DATA 	Keypress: 5
298.2845 	DATA 	TR 192 | TR1 96 | TR2 96
299.8509 	DATA 	Keypress: 5
299.8510 	DATA 	TR 193 | TR1 97 | TR2 96
301.4009 	DATA 	Keypress: 5
301.4010 	DATA 	TR 194 | TR1 97 | TR2 97
302.9673 	DATA 	Keypress: 5
302.9674 	DATA 	TR 195 | TR1 98 | TR2 97
304.5172 	DATA 	Keypress: 5
304.5173 	DATA 	TR 196 | TR1 98 | TR2 98
306.1004 	DATA 	Keypress: 5
306.1004 	DATA 	TR 197 | TR1 99 | TR2 98
307.6502 	DATA 	Keypress: 5
307.6503 	DATA 	TR 198 | TR1 99 | TR2 99
309.2169 	DATA 	Keypress: 5
309.2170 	DATA 	TR 199 | TR1 100 | TR2 99
310.7666 	DATA 	Keypress: 5
310.7667 	DATA 	TR 200 | TR1 100 | TR2 100
312.3498 	DATA 	Keypress: 5
312.3499 	DATA 	TR 201 | TR1 101 | TR2 100
313.8997 	DATA 	Keypress: 5
313.8997 	DATA 	TR 202 | TR1 101 | TR2 101
315.4662 	DATA 	Keypress: 5
315.4662 	DATA 	TR 203 | TR1 102 | TR2 101
317.0160 	DATA 	Keypress: 5
317.0161 	DATA 	TR 204 | TR1 102 | TR2 102
317.7159 	DATA 	
317.7159 	DATA 	Trial complete
317.7160 	DATA 	Waiting for VASO trigger to start next trial
317.7160 	DATA 	
318.5826 	DATA 	Keypress: 5
318.5826 	DATA 	Waited 0.8666751384735107 seconds for trigger
318.5834 	DATA 	
318.5834 	DATA 	Trial 8
318.5834 	DATA 	stimDur = 12.0
318.5834 	DATA 	jitter = 0.0
318.5834 	DATA 	restDur = 30.0

318.5834 	DATA 	
318.5834 	DATA 	TR 205 | TR1 103 | TR2 102
318.5834 	DATA 	
318.5835 	DATA 	stimulation started
318.5835 	DATA 	
320.1325 	DATA 	Keypress: 5
320.1326 	DATA 	TR 206 | TR1 103 | TR2 103
321.7157 	DATA 	Keypress: 5
321.7157 	DATA 	TR 207 | TR1 104 | TR2 103
323.2655 	DATA 	Keypress: 5
323.2656 	DATA 	TR 208 | TR1 104 | TR2 104
324.8320 	DATA 	Keypress: 5
324.8321 	DATA 	TR 209 | TR1 105 | TR2 104
326.3819 	DATA 	Keypress: 5
326.3820 	DATA 	TR 210 | TR1 105 | TR2 105
327.9651 	DATA 	Keypress: 5
327.9651 	DATA 	TR 211 | TR1 106 | TR2 105
329.5150 	DATA 	Keypress: 5
329.5150 	DATA 	TR 212 | TR1 106 | TR2 106
330.5981 	DATA 	
330.5981 	DATA 	stimulation stopped
330.5981 	DATA 	
331.0814 	DATA 	Keypress: 5
331.0815 	DATA 	TR 213 | TR1 107 | TR2 106
332.6313 	DATA 	Keypress: 5
332.6313 	DATA 	TR 214 | TR1 107 | TR2 107
334.1984 	DATA 	Keypress: 5
334.2145 	DATA 	TR 215 | TR1 108 | TR2 107
335.7644 	DATA 	Keypress: 5
335.7644 	DATA 	TR 216 | TR1 108 | TR2 108
337.3308 	DATA 	Keypress: 5
337.3309 	DATA 	TR 217 | TR1 109 | TR2 108
338.8808 	DATA 	Keypress: 5
338.8808 	DATA 	TR 218 | TR1 109 | TR2 109
340.4472 	DATA 	Keypress: 5
340.4473 	DATA 	TR 219 | TR1 110 | TR2 109
341.5138 	DATA 	Target presented
341.9971 	DATA 	Keypress: 5
341.9972 	DATA 	TR 220 | TR1 110 | TR2 110
342.0804 	DATA 	Keypress: 1
342.0805 	DATA 	Key1 pressed
342.0805 	DATA 	Target detected
343.5803 	DATA 	Keypress: 5
343.5803 	DATA 	TR 221 | TR1 111 | TR2 110
345.1302 	DATA 	Keypress: 5
345.1302 	DATA 	TR 222 | TR1 111 | TR2 111
346.6967 	DATA 	Keypress: 5
346.6967 	DATA 	TR 223 | TR1 112 | TR2 111
348.2465 	DATA 	Keypress: 5
348.2466 	DATA 	TR 224 | TR1 112 | TR2 112
349.8297 	DATA 	Keypress: 5
349.8298 	DATA 	TR 225 | TR1 113 | TR2 112
351.3796 	DATA 	Keypress: 5
351.3796 	DATA 	TR 226 | TR1 113 | TR2 113
352.9461 	DATA 	Keypress: 5
352.9461 	DATA 	TR 227 | TR1 114 | TR2 113
354.4960 	DATA 	Keypress: 5
354.4960 	DATA 	TR 228 | TR1 114 | TR2 114
356.0625 	DATA 	Keypress: 5
356.0625 	DATA 	TR 229 | TR1 115 | TR2 114
357.6129 	DATA 	Keypress: 5
357.6290 	DATA 	TR 230 | TR1 115 | TR2 115
359.1957 	DATA 	Keypress: 5
359.1957 	DATA 	TR 231 | TR1 116 | TR2 115
360.5954 	DATA 	
360.5954 	DATA 	Trial complete
360.5954 	DATA 	Waiting for VASO trigger to start next trial
360.5954 	DATA 	
360.7454 	DATA 	Keypress: 5
360.7455 	DATA 	TR 232 | TR1 116 | TR2 116
362.3119 	DATA 	Keypress: 5
362.3120 	DATA 	Waited 1.7165780067443848 seconds for trigger
362.3127 	DATA 	
362.3127 	DATA 	Trial 9
362.3128 	DATA 	stimDur = 2.0
362.3128 	DATA 	jitter = 1.5705
362.3128 	DATA 	restDur = 22.0

362.3128 	DATA 	
362.3128 	DATA 	TR 233 | TR1 117 | TR2 116
363.8618 	DATA 	Keypress: 5
363.8618 	DATA 	TR 234 | TR1 117 | TR2 117
363.8951 	DATA 	
363.8951 	DATA 	stimulation started
363.8951 	DATA 	
365.4450 	DATA 	Keypress: 5
365.4451 	DATA 	TR 235 | TR1 118 | TR2 117
365.8949 	DATA 	
365.8949 	DATA 	stimulation stopped
365.8949 	DATA 	
366.9949 	DATA 	Keypress: 5
366.9949 	DATA 	TR 236 | TR1 118 | TR2 118
368.5613 	DATA 	Keypress: 5
368.5614 	DATA 	TR 237 | TR1 119 | TR2 118
370.1112 	DATA 	Keypress: 5
370.1113 	DATA 	TR 238 | TR1 119 | TR2 119
371.6944 	DATA 	Keypress: 5
371.6944 	DATA 	TR 239 | TR1 120 | TR2 119
373.2443 	DATA 	Keypress: 5
373.2443 	DATA 	TR 240 | TR1 120 | TR2 120
374.8108 	DATA 	Keypress: 5
374.8108 	DATA 	TR 241 | TR1 121 | TR2 120
376.3607 	DATA 	Keypress: 5
376.3607 	DATA 	TR 242 | TR1 121 | TR2 121
377.9271 	DATA 	Keypress: 5
377.9272 	DATA 	TR 243 | TR1 122 | TR2 121
379.4771 	DATA 	Keypress: 5
379.4771 	DATA 	TR 244 | TR1 122 | TR2 122
381.0602 	DATA 	Keypress: 5
381.0602 	DATA 	TR 245 | TR1 123 | TR2 122
382.6101 	DATA 	Keypress: 5
382.6101 	DATA 	TR 246 | TR1 123 | TR2 123
384.1766 	DATA 	Keypress: 5
384.1766 	DATA 	TR 247 | TR1 124 | TR2 123
385.7265 	DATA 	Keypress: 5
385.7265 	DATA 	TR 248 | TR1 124 | TR2 124
387.3096 	DATA 	Keypress: 5
387.3097 	DATA 	TR 249 | TR1 125 | TR2 124
387.8929 	DATA 	
387.8929 	DATA 	Trial complete
387.8929 	DATA 	Waiting for VASO trigger to start next trial
387.8929 	DATA 	
388.8595 	DATA 	Keypress: 5
388.8596 	DATA 	TR 250 | TR1 125 | TR2 125
390.4260 	DATA 	Keypress: 5
390.4261 	DATA 	Waited 2.5331790447235107 seconds for trigger
390.4269 	DATA 	
390.4269 	DATA 	Trial 10
390.4269 	DATA 	stimDur = 4.0
390.4269 	DATA 	jitter = 0.0
390.4269 	DATA 	restDur = 24.0

390.4269 	DATA 	
390.4269 	DATA 	TR 251 | TR1 126 | TR2 125
390.4269 	DATA 	
390.4269 	DATA 	stimulation started
390.4269 	DATA 	
391.9760 	DATA 	Keypress: 5
391.9760 	DATA 	TR 252 | TR1 126 | TR2 126
393.5426 	DATA 	Keypress: 5
393.5426 	DATA 	TR 253 | TR1 127 | TR2 126
394.4425 	DATA 	
394.4425 	DATA 	stimulation stopped
394.4425 	DATA 	
394.6590 	DATA 	Target presented
395.0256 	DATA 	Keypress: 1
395.0257 	DATA 	Key1 pressed
395.0257 	DATA 	Target detected
395.1089 	DATA 	Keypress: 5
395.1089 	DATA 	TR 254 | TR1 127 | TR2 127
396.6754 	DATA 	Keypress: 5
396.6755 	DATA 	TR 255 | TR1 128 | TR2 127
398.2253 	DATA 	Keypress: 5
398.2254 	DATA 	TR 256 | TR1 128 | TR2 128
399.7918 	DATA 	Keypress: 5
399.7919 	DATA 	TR 257 | TR1 129 | TR2 128
401.3418 	DATA 	Keypress: 5
401.3419 	DATA 	TR 258 | TR1 129 | TR2 129
402.9249 	DATA 	Keypress: 5
402.9249 	DATA 	TR 259 | TR1 130 | TR2 129
404.4747 	DATA 	Keypress: 5
404.4747 	DATA 	TR 260 | TR1 130 | TR2 130
406.0413 	DATA 	Keypress: 5
406.0413 	DATA 	TR 261 | TR1 131 | TR2 130
407.5912 	DATA 	Keypress: 5
407.5912 	DATA 	TR 262 | TR1 131 | TR2 131
409.1582 	DATA 	Keypress: 5
409.1743 	DATA 	TR 263 | TR1 132 | TR2 131
410.7242 	DATA 	Keypress: 5
410.7242 	DATA 	TR 264 | TR1 132 | TR2 132
412.2907 	DATA 	Keypress: 5
412.2907 	DATA 	TR 265 | TR1 133 | TR2 132
413.8406 	DATA 	Keypress: 5
413.8406 	DATA 	TR 266 | TR1 133 | TR2 133
415.4071 	DATA 	Keypress: 5
415.4071 	DATA 	TR 267 | TR1 134 | TR2 133
416.9575 	DATA 	Keypress: 5
416.9734 	DATA 	TR 268 | TR1 134 | TR2 134
418.4401 	DATA 	
418.4401 	DATA 	Trial complete
418.4401 	DATA 	Waiting for VASO trigger to start next trial
418.4401 	DATA 	
418.5401 	DATA 	Keypress: 5
418.5402 	DATA 	Waited 0.1000359058380127 seconds for trigger
418.5409 	DATA 	
418.5409 	DATA 	Trial 11
418.5409 	DATA 	stimDur = 12.0
418.5409 	DATA 	jitter = 0.78525
418.5409 	DATA 	restDur = 30.0

418.5410 	DATA 	
418.5410 	DATA 	TR 269 | TR1 135 | TR2 134
419.3400 	DATA 	
419.3400 	DATA 	stimulation started
419.3400 	DATA 	
420.0901 	DATA 	Keypress: 5
420.0901 	DATA 	TR 270 | TR1 135 | TR2 135
421.6566 	DATA 	Keypress: 5
421.6566 	DATA 	TR 271 | TR1 136 | TR2 135
423.2064 	DATA 	Keypress: 5
423.2065 	DATA 	TR 272 | TR1 136 | TR2 136
424.7896 	DATA 	Keypress: 5
424.7897 	DATA 	TR 273 | TR1 137 | TR2 136
426.3395 	DATA 	Keypress: 5
426.3396 	DATA 	TR 274 | TR1 137 | TR2 137
427.9061 	DATA 	Keypress: 5
427.9061 	DATA 	TR 275 | TR1 138 | TR2 137
429.4559 	DATA 	Keypress: 5
429.4559 	DATA 	TR 276 | TR1 138 | TR2 138
431.0224 	DATA 	Keypress: 5
431.0224 	DATA 	TR 277 | TR1 139 | TR2 138
431.3390 	DATA 	
431.3390 	DATA 	stimulation stopped
431.3390 	DATA 	
432.5889 	DATA 	Keypress: 5
432.5889 	DATA 	TR 278 | TR1 139 | TR2 139
434.1554 	DATA 	Keypress: 5
434.1554 	DATA 	TR 279 | TR1 140 | TR2 139
435.7052 	DATA 	Keypress: 5
435.7053 	DATA 	TR 280 | TR1 140 | TR2 140
437.2717 	DATA 	Keypress: 5
437.2718 	DATA 	TR 281 | TR1 141 | TR2 140
438.8216 	DATA 	Keypress: 5
438.8217 	DATA 	TR 282 | TR1 141 | TR2 141
440.4048 	DATA 	Keypress: 5
440.4048 	DATA 	TR 283 | TR1 142 | TR2 141
441.9547 	DATA 	Keypress: 5
441.9547 	DATA 	TR 284 | TR1 142 | TR2 142
443.5211 	DATA 	Keypress: 5
443.5211 	DATA 	TR 285 | TR1 143 | TR2 142
445.0711 	DATA 	Keypress: 5
445.0711 	DATA 	TR 286 | TR1 143 | TR2 143
446.6542 	DATA 	Keypress: 5
446.6543 	DATA 	TR 287 | TR1 144 | TR2 143
448.2041 	DATA 	Keypress: 5
448.2042 	DATA 	TR 288 | TR1 144 | TR2 144
449.7706 	DATA 	Keypress: 5
449.7707 	DATA 	TR 289 | TR1 145 | TR2 144
449.9539 	DATA 	Target presented
450.4373 	DATA 	Keypress: 1
450.4374 	DATA 	Key1 pressed
450.4374 	DATA 	Target detected
451.3205 	DATA 	Keypress: 5
451.3205 	DATA 	TR 290 | TR1 145 | TR2 145
452.8871 	DATA 	Keypress: 5
452.8872 	DATA 	TR 291 | TR1 146 | TR2 145
454.4375 	DATA 	Keypress: 5
454.4535 	DATA 	TR 292 | TR1 146 | TR2 146
456.0201 	DATA 	Keypress: 5
456.0201 	DATA 	TR 293 | TR1 147 | TR2 146
457.5699 	DATA 	Keypress: 5
457.5700 	DATA 	TR 294 | TR1 147 | TR2 147
459.1364 	DATA 	Keypress: 5
459.1365 	DATA 	TR 295 | TR1 148 | TR2 147
460.6863 	DATA 	Keypress: 5
460.6864 	DATA 	TR 296 | TR1 148 | TR2 148
461.3362 	DATA 	
461.3362 	DATA 	Trial complete
461.3362 	DATA 	Waiting for VASO trigger to start next trial
461.3362 	DATA 	
462.2695 	DATA 	Keypress: 5
462.2695 	DATA 	Waited 0.9332971572875977 seconds for trigger
462.2703 	DATA 	
462.2703 	DATA 	Trial 12
462.2703 	DATA 	stimDur = 4.0
462.2703 	DATA 	jitter = 0.78525
462.2703 	DATA 	restDur = 24.0

462.2703 	DATA 	
462.2703 	DATA 	TR 297 | TR1 149 | TR2 148
463.0694 	DATA 	
463.0694 	DATA 	stimulation started
463.0694 	DATA 	
463.8194 	DATA 	Keypress: 5
463.8195 	DATA 	TR 298 | TR1 149 | TR2 149
465.3859 	DATA 	Keypress: 5
465.3860 	DATA 	TR 299 | TR1 150 | TR2 149
466.9358 	DATA 	Keypress: 5
466.9358 	DATA 	TR 300 | TR1 150 | TR2 150
467.0691 	DATA 	
467.0691 	DATA 	stimulation stopped
467.0691 	DATA 	
468.5028 	DATA 	Keypress: 5
468.5189 	DATA 	TR 301 | TR1 151 | TR2 150
470.0688 	DATA 	Keypress: 5
470.0688 	DATA 	TR 302 | TR1 151 | TR2 151
471.6353 	DATA 	Keypress: 5
471.6353 	DATA 	TR 303 | TR1 152 | TR2 151
473.1852 	DATA 	Keypress: 5
473.1852 	DATA 	TR 304 | TR1 152 | TR2 152
474.7516 	DATA 	Keypress: 5
474.7517 	DATA 	TR 305 | TR1 153 | TR2 152
476.3016 	DATA 	Keypress: 5
476.3016 	DATA 	TR 306 | TR1 153 | TR2 153
477.8847 	DATA 	Keypress: 5
477.8847 	DATA 	TR 307 | TR1 154 | TR2 153
479.4346 	DATA 	Keypress: 5
479.4347 	DATA 	TR 308 | TR1 154 | TR2 154
481.0011 	DATA 	Keypress: 5
481.0011 	DATA 	TR 309 | TR1 155 | TR2 154
482.5510 	DATA 	Keypress: 5
482.5510 	DATA 	TR 310 | TR1 155 | TR2 155
484.1343 	DATA 	Keypress: 5
484.1343 	DATA 	TR 311 | TR1 156 | TR2 155
485.6840 	DATA 	Keypress: 5
485.6841 	DATA 	TR 312 | TR1 156 | TR2 156
487.2505 	DATA 	Keypress: 5
487.2506 	DATA 	TR 313 | TR1 157 | TR2 156
488.8004 	DATA 	Keypress: 5
488.8004 	DATA 	TR 314 | TR1 157 | TR2 157
490.3669 	DATA 	Keypress: 5
490.3669 	DATA 	TR 315 | TR1 158 | TR2 157
491.0668 	DATA 	
491.0668 	DATA 	Trial complete
491.0668 	DATA 	Waiting for VASO trigger to start next trial
491.0668 	DATA 	
491.9335 	DATA 	Keypress: 5
491.9335 	DATA 	TR 316 | TR1 158 | TR2 158
493.5000 	DATA 	Keypress: 5
493.5000 	DATA 	Waited 2.433166027069092 seconds for trigger
493.5008 	DATA 	
493.5008 	DATA 	Trial 13
493.5008 	DATA 	stimDur = 2.0
493.5008 	DATA 	jitter = 2.35575
493.5008 	DATA 	restDur = 22.0

493.5008 	DATA 	
493.5008 	DATA 	TR 317 | TR1 159 | TR2 158
494.8500 	DATA 	Target presented
495.0498 	DATA 	Keypress: 5
495.0499 	DATA 	TR 318 | TR1 159 | TR2 159
495.3998 	DATA 	Keypress: 1
495.3998 	DATA 	Key1 pressed
495.3998 	DATA 	Target detected
495.8664 	DATA 	
495.8665 	DATA 	stimulation started
495.8665 	DATA 	
496.6164 	DATA 	Keypress: 5
496.6165 	DATA 	TR 319 | TR1 160 | TR2 159
497.8664 	DATA 	
497.8664 	DATA 	stimulation stopped
497.8664 	DATA 	
498.1662 	DATA 	Keypress: 5
498.1663 	DATA 	TR 320 | TR1 160 | TR2 160
499.7494 	DATA 	Keypress: 5
499.7494 	DATA 	TR 321 | TR1 161 | TR2 160
501.2993 	DATA 	Keypress: 5
501.2993 	DATA 	TR 322 | TR1 161 | TR2 161
502.8658 	DATA 	Keypress: 5
502.8658 	DATA 	TR 323 | TR1 162 | TR2 161
504.4157 	DATA 	Keypress: 5
504.4157 	DATA 	TR 324 | TR1 162 | TR2 162
505.9988 	DATA 	Keypress: 5
505.9988 	DATA 	TR 325 | TR1 163 | TR2 162
507.5489 	DATA 	Keypress: 5
507.5490 	DATA 	TR 326 | TR1 163 | TR2 163
509.1152 	DATA 	Keypress: 5
509.1152 	DATA 	TR 327 | TR1 164 | TR2 163
510.6651 	DATA 	Keypress: 5
510.6651 	DATA 	TR 328 | TR1 164 | TR2 164
512.2316 	DATA 	Keypress: 5
512.2316 	DATA 	TR 329 | TR1 165 | TR2 164
513.7815 	DATA 	Keypress: 5
513.7816 	DATA 	TR 330 | TR1 165 | TR2 165
515.3646 	DATA 	Keypress: 5
515.3647 	DATA 	TR 331 | TR1 166 | TR2 165
516.9146 	DATA 	Keypress: 5
516.9146 	DATA 	TR 332 | TR1 166 | TR2 166
518.4810 	DATA 	Keypress: 5
518.4811 	DATA 	TR 333 | TR1 167 | TR2 166
519.8642 	DATA 	
519.8642 	DATA 	Trial complete
519.8642 	DATA 	Waiting for VASO trigger to start next trial
519.8642 	DATA 	
520.0309 	DATA 	Keypress: 5
520.0309 	DATA 	TR 334 | TR1 167 | TR2 167
521.6140 	DATA 	Keypress: 5
521.6141 	DATA 	Waited 1.7498700618743896 seconds for trigger
521.6149 	DATA 	
521.6149 	DATA 	Trial 14
521.6149 	DATA 	stimDur = 1.0
521.6149 	DATA 	jitter = 1.5705
521.6149 	DATA 	restDur = 20.0

521.6149 	DATA 	
521.6149 	DATA 	TR 335 | TR1 168 | TR2 167
523.1640 	DATA 	Keypress: 5
523.1640 	DATA 	TR 336 | TR1 168 | TR2 168
523.1972 	DATA 	
523.1972 	DATA 	stimulation started
523.1972 	DATA 	
524.1972 	DATA 	
524.1972 	DATA 	stimulation stopped
524.1972 	DATA 	
524.7304 	DATA 	Keypress: 5
524.7306 	DATA 	TR 337 | TR1 169 | TR2 168
526.2803 	DATA 	Keypress: 5
526.2804 	DATA 	TR 338 | TR1 169 | TR2 169
527.8468 	DATA 	Keypress: 5
527.8470 	DATA 	TR 339 | TR1 170 | TR2 169
529.4134 	DATA 	Keypress: 5
529.4134 	DATA 	TR 340 | TR1 170 | TR2 170
530.9800 	DATA 	Keypress: 5
530.9801 	DATA 	TR 341 | TR1 171 | TR2 170
532.5297 	DATA 	Keypress: 5
532.5298 	DATA 	TR 342 | TR1 171 | TR2 171
534.0963 	DATA 	Keypress: 5
534.0964 	DATA 	TR 343 | TR1 172 | TR2 171
535.6461 	DATA 	Keypress: 5
535.6461 	DATA 	TR 344 | TR1 172 | TR2 172
537.2294 	DATA 	Keypress: 5
537.2295 	DATA 	TR 345 | TR1 173 | TR2 172
538.7792 	DATA 	Keypress: 5
538.7792 	DATA 	TR 346 | TR1 173 | TR2 173
540.3458 	DATA 	Keypress: 5
540.3460 	DATA 	TR 347 | TR1 174 | TR2 173
541.8956 	DATA 	Keypress: 5
541.8956 	DATA 	TR 348 | TR1 174 | TR2 174
543.4788 	DATA 	Keypress: 5
543.4789 	DATA 	TR 349 | TR1 175 | TR2 174
544.1953 	DATA 	
544.1953 	DATA 	Trial complete
544.1953 	DATA 	Waiting for VASO trigger to start next trial
544.1953 	DATA 	
544.5287 	DATA 	Target presented
545.0286 	DATA 	Keypress: 5
545.0287 	DATA 	TR 350 | TR1 175 | TR2 175
545.2619 	DATA 	Keypress: 1
545.2620 	DATA 	Key1 pressed
545.2620 	DATA 	Target detected
546.5952 	DATA 	Keypress: 5
546.5952 	DATA 	Waited 2.3998749256134033 seconds for trigger
546.5960 	DATA 	
546.5960 	DATA 	Trial 15
546.5960 	DATA 	stimDur = 24.0
546.5960 	DATA 	jitter = 0.0
546.5960 	DATA 	restDur = 40.0

546.5960 	DATA 	
546.5960 	DATA 	TR 351 | TR1 176 | TR2 175
546.5960 	DATA 	
546.5960 	DATA 	stimulation started
546.5960 	DATA 	
548.1450 	DATA 	Keypress: 5
548.1451 	DATA 	TR 352 | TR1 176 | TR2 176
549.7116 	DATA 	Keypress: 5
549.7116 	DATA 	TR 353 | TR1 177 | TR2 176
551.2621 	DATA 	Keypress: 5
551.2780 	DATA 	TR 354 | TR1 177 | TR2 177
552.8447 	DATA 	Keypress: 5
552.8447 	DATA 	TR 355 | TR1 178 | TR2 177
554.3945 	DATA 	Keypress: 5
554.3946 	DATA 	TR 356 | TR1 178 | TR2 178
555.9610 	DATA 	Keypress: 5
555.9611 	DATA 	TR 357 | TR1 179 | TR2 178
557.5108 	DATA 	Keypress: 5
557.5109 	DATA 	TR 358 | TR1 179 | TR2 179
559.0941 	DATA 	Keypress: 5
559.0941 	DATA 	TR 359 | TR1 180 | TR2 179
560.6439 	DATA 	Keypress: 5
560.6440 	DATA 	TR 360 | TR1 180 | TR2 180
562.2105 	DATA 	Keypress: 5
562.2105 	DATA 	TR 361 | TR1 181 | TR2 180
563.7603 	DATA 	Keypress: 5
563.7603 	DATA 	TR 362 | TR1 181 | TR2 181
565.3269 	DATA 	Keypress: 5
565.3270 	DATA 	TR 363 | TR1 182 | TR2 181
566.8933 	DATA 	Keypress: 5
566.8934 	DATA 	TR 364 | TR1 182 | TR2 182
568.4599 	DATA 	Keypress: 5
568.4599 	DATA 	TR 365 | TR1 183 | TR2 182
570.0097 	DATA 	Keypress: 5
570.0098 	DATA 	TR 366 | TR1 183 | TR2 183
570.6096 	DATA 	
570.6096 	DATA 	stimulation stopped
570.6096 	DATA 	
571.5762 	DATA 	Keypress: 5
571.5763 	DATA 	TR 367 | TR1 184 | TR2 183
573.1261 	DATA 	Keypress: 5
573.1261 	DATA 	TR 368 | TR1 184 | TR2 184
574.7093 	DATA 	Keypress: 5
574.7093 	DATA 	TR 369 | TR1 185 | TR2 184
576.2591 	DATA 	Keypress: 5
576.2591 	DATA 	TR 370 | TR1 185 | TR2 185
577.8257 	DATA 	Keypress: 5
577.8257 	DATA 	TR 371 | TR1 186 | TR2 185
579.3755 	DATA 	Keypress: 5
579.3755 	DATA 	TR 372 | TR1 186 | TR2 186
580.9587 	DATA 	Keypress: 5
580.9587 	DATA 	TR 373 | TR1 187 | TR2 186
582.5085 	DATA 	Keypress: 5
582.5086 	DATA 	TR 374 | TR1 187 | TR2 187
584.0751 	DATA 	Keypress: 5
584.0751 	DATA 	TR 375 | TR1 188 | TR2 187
585.6251 	DATA 	Keypress: 5
585.6251 	DATA 	TR 376 | TR1 188 | TR2 188
587.1915 	DATA 	Keypress: 5
587.1915 	DATA 	TR 377 | TR1 189 | TR2 188
588.7419 	DATA 	Keypress: 5
588.7579 	DATA 	TR 378 | TR1 189 | TR2 189
590.3245 	DATA 	Keypress: 5
590.3245 	DATA 	TR 379 | TR1 190 | TR2 189
591.8743 	DATA 	Keypress: 5
591.8744 	DATA 	TR 380 | TR1 190 | TR2 190
593.4409 	DATA 	Keypress: 5
593.4410 	DATA 	TR 381 | TR1 191 | TR2 190
594.9907 	DATA 	Keypress: 5
594.9908 	DATA 	TR 382 | TR1 191 | TR2 191
596.5739 	DATA 	Keypress: 5
596.5740 	DATA 	TR 383 | TR1 192 | TR2 191
598.1238 	DATA 	Keypress: 5
598.1238 	DATA 	TR 384 | TR1 192 | TR2 192
599.6903 	DATA 	Keypress: 5
599.6904 	DATA 	TR 385 | TR1 193 | TR2 192
601.2401 	DATA 	Keypress: 5
601.2402 	DATA 	TR 386 | TR1 193 | TR2 193
601.7569 	DATA 	Target presented
602.8073 	DATA 	Keypress: 5
602.8233 	DATA 	TR 387 | TR1 194 | TR2 193
604.3732 	DATA 	Keypress: 5
604.3732 	DATA 	TR 388 | TR1 194 | TR2 194
605.9398 	DATA 	Keypress: 5
605.9398 	DATA 	TR 389 | TR1 195 | TR2 194
607.4896 	DATA 	Keypress: 5
607.4896 	DATA 	TR 390 | TR1 195 | TR2 195
609.0561 	DATA 	Keypress: 5
609.0562 	DATA 	TR 391 | TR1 196 | TR2 195
610.6060 	DATA 	Keypress: 5
610.6060 	DATA 	TR 392 | TR1 196 | TR2 196
610.6060 	DATA 	
610.6060 	DATA 	Trial complete
610.6060 	DATA 	Waiting for VASO trigger to start next trial
610.6060 	DATA 	
612.1892 	DATA 	Keypress: 5
612.1892 	DATA 	Waited 1.583204984664917 seconds for trigger
612.1900 	DATA 	
612.1900 	DATA 	Trial 16
612.1900 	DATA 	stimDur = 1.0
612.1900 	DATA 	jitter = 2.35575
612.1900 	DATA 	restDur = 20.0

612.1900 	DATA 	
612.1900 	DATA 	TR 393 | TR1 197 | TR2 196
613.7390 	DATA 	Keypress: 5
613.7391 	DATA 	TR 394 | TR1 197 | TR2 197
614.5556 	DATA 	
614.5556 	DATA 	stimulation started
614.5556 	DATA 	
615.3056 	DATA 	Keypress: 5
615.3057 	DATA 	TR 395 | TR1 198 | TR2 197
615.5555 	DATA 	
615.5555 	DATA 	stimulation stopped
615.5555 	DATA 	
616.8554 	DATA 	Keypress: 5
616.8554 	DATA 	TR 396 | TR1 198 | TR2 198
618.4386 	DATA 	Keypress: 5
618.4387 	DATA 	TR 397 | TR1 199 | TR2 198
619.9884 	DATA 	Keypress: 5
619.9885 	DATA 	TR 398 | TR1 199 | TR2 199
621.5550 	DATA 	Keypress: 5
621.5550 	DATA 	TR 399 | TR1 200 | TR2 199
623.1048 	DATA 	Keypress: 5
623.1049 	DATA 	TR 400 | TR1 200 | TR2 200
624.6714 	DATA 	Keypress: 5
624.6714 	DATA 	TR 401 | TR1 201 | TR2 200
626.2379 	DATA 	Keypress: 5
626.2380 	DATA 	TR 402 | TR1 201 | TR2 201
627.8044 	DATA 	Keypress: 5
627.8045 	DATA 	TR 403 | TR1 202 | TR2 201
629.3542 	DATA 	Keypress: 5
629.3543 	DATA 	TR 404 | TR1 202 | TR2 202
630.9209 	DATA 	Keypress: 5
630.9210 	DATA 	TR 405 | TR1 203 | TR2 202
632.4706 	DATA 	Keypress: 5
632.4707 	DATA 	TR 406 | TR1 203 | TR2 203
634.0540 	DATA 	Keypress: 5
634.0540 	DATA 	TR 407 | TR1 204 | TR2 203
635.5537 	DATA 	
635.5537 	DATA 	Trial complete
635.5537 	DATA 	Waiting for VASO trigger to start next trial
635.5537 	DATA 	
635.6037 	DATA 	Keypress: 5
635.6037 	DATA 	TR 408 | TR1 204 | TR2 204
637.1704 	DATA 	Keypress: 5
637.1704 	DATA 	Waited 1.6167418956756592 seconds for trigger
637.1712 	DATA 	
637.1712 	DATA 	Trial 17
637.1712 	DATA 	stimDur = 2.0
637.1712 	DATA 	jitter = 0.0
637.1712 	DATA 	restDur = 22.0

637.1712 	DATA 	
637.1712 	DATA 	TR 409 | TR1 205 | TR2 204
637.1712 	DATA 	
637.1712 	DATA 	stimulation started
637.1712 	DATA 	
638.7201 	DATA 	Keypress: 5
638.7202 	DATA 	TR 410 | TR1 205 | TR2 205
639.1867 	DATA 	
639.1867 	DATA 	stimulation stopped
639.1867 	DATA 	
640.3033 	DATA 	Keypress: 5
640.3033 	DATA 	TR 411 | TR1 206 | TR2 205
641.8531 	DATA 	Keypress: 5
641.8531 	DATA 	TR 412 | TR1 206 | TR2 206
643.4197 	DATA 	Keypress: 5
643.4197 	DATA 	TR 413 | TR1 207 | TR2 206
644.9695 	DATA 	Keypress: 5
644.9695 	DATA 	TR 414 | TR1 207 | TR2 207
646.5361 	DATA 	Keypress: 5
646.5361 	DATA 	TR 415 | TR1 208 | TR2 207
648.0860 	DATA 	Keypress: 5
648.0861 	DATA 	TR 416 | TR1 208 | TR2 208
649.6691 	DATA 	Keypress: 5
649.6692 	DATA 	TR 417 | TR1 209 | TR2 208
651.2191 	DATA 	Keypress: 5
651.2191 	DATA 	TR 418 | TR1 209 | TR2 209
652.7855 	DATA 	Keypress: 5
652.7856 	DATA 	TR 419 | TR1 210 | TR2 209
654.3353 	DATA 	Keypress: 5
654.3354 	DATA 	TR 420 | TR1 210 | TR2 210
655.9185 	DATA 	Keypress: 5
655.9186 	DATA 	TR 421 | TR1 211 | TR2 210
657.4684 	DATA 	Keypress: 5
657.4684 	DATA 	TR 422 | TR1 211 | TR2 211
659.0349 	DATA 	Keypress: 5
659.0350 	DATA 	TR 423 | TR1 212 | TR2 211
660.5849 	DATA 	Keypress: 5
660.5849 	DATA 	TR 424 | TR1 212 | TR2 212
661.1847 	DATA 	
661.1847 	DATA 	Trial complete
661.1847 	DATA 	Waiting for VASO trigger to start next trial
661.1847 	DATA 	
662.1513 	DATA 	Keypress: 5
662.1513 	DATA 	Waited 0.9666509628295898 seconds for trigger
662.1521 	DATA 	
662.1521 	DATA 	Trial 18
662.1521 	DATA 	stimDur = 1.0
662.1521 	DATA 	jitter = 0.0
662.1521 	DATA 	restDur = 20.0

662.1521 	DATA 	
662.1521 	DATA 	TR 425 | TR1 213 | TR2 212
662.1521 	DATA 	
662.1521 	DATA 	stimulation started
662.1521 	DATA 	
663.1679 	DATA 	
663.1679 	DATA 	stimulation stopped
663.1679 	DATA 	
663.7178 	DATA 	Keypress: 5
663.7178 	DATA 	TR 426 | TR1 213 | TR2 213
665.2676 	DATA 	Target presented
665.2844 	DATA 	Keypress: 5
665.2844 	DATA 	TR 427 | TR1 214 | TR2 213
665.7176 	DATA 	Keypress: 1
665.7177 	DATA 	Key1 pressed
665.7177 	DATA 	Target detected
666.8342 	DATA 	Keypress: 5
666.8342 	DATA 	TR 428 | TR1 214 | TR2 214
668.4007 	DATA 	Keypress: 5
668.4008 	DATA 	TR 429 | TR1 215 | TR2 214
669.9505 	DATA 	Keypress: 5
669.9506 	DATA 	TR 430 | TR1 215 | TR2 215
671.5338 	DATA 	Keypress: 5
671.5338 	DATA 	TR 431 | TR1 216 | TR2 215
673.0836 	DATA 	Keypress: 5
673.0836 	DATA 	TR 432 | TR1 216 | TR2 216
674.6503 	DATA 	Keypress: 5
674.6504 	DATA 	TR 433 | TR1 217 | TR2 216
676.2000 	DATA 	Keypress: 5
676.2000 	DATA 	TR 434 | TR1 217 | TR2 217
677.7832 	DATA 	Keypress: 5
677.7833 	DATA 	TR 435 | TR1 218 | TR2 217
679.3331 	DATA 	Keypress: 5
679.3331 	DATA 	TR 436 | TR1 218 | TR2 218
680.8996 	DATA 	Keypress: 5
680.8996 	DATA 	TR 437 | TR1 219 | TR2 218
682.4494 	DATA 	Keypress: 5
682.4495 	DATA 	TR 438 | TR1 219 | TR2 219
683.1660 	DATA 	
683.1660 	DATA 	Trial complete
683.1660 	DATA 	Waiting for VASO trigger to start next trial
683.1660 	DATA 	
684.0160 	DATA 	Keypress: 5
684.0160 	DATA 	Waited 0.8500180244445801 seconds for trigger
684.0168 	DATA 	
684.0168 	DATA 	Trial 19
684.0168 	DATA 	stimDur = 24.0
684.0168 	DATA 	jitter = 2.35575
684.0168 	DATA 	restDur = 40.0

684.0168 	DATA 	
684.0168 	DATA 	TR 439 | TR1 220 | TR2 219
685.5659 	DATA 	Keypress: 5
685.5660 	DATA 	TR 440 | TR1 220 | TR2 220
686.3824 	DATA 	
686.3824 	DATA 	stimulation started
686.3824 	DATA 	
687.1491 	DATA 	Keypress: 5
687.1491 	DATA 	TR 441 | TR1 221 | TR2 220
688.6989 	DATA 	Keypress: 5
688.6990 	DATA 	TR 442 | TR1 221 | TR2 221
690.2655 	DATA 	Keypress: 5
690.2655 	DATA 	TR 443 | TR1 222 | TR2 221
691.8153 	DATA 	Keypress: 5
691.8153 	DATA 	TR 444 | TR1 222 | TR2 222
693.3985 	DATA 	Keypress: 5
693.3986 	DATA 	TR 445 | TR1 223 | TR2 222
694.9483 	DATA 	Keypress: 5
694.9484 	DATA 	TR 446 | TR1 223 | TR2 223
696.5149 	DATA 	Keypress: 5
696.5149 	DATA 	TR 447 | TR1 224 | TR2 223
698.0649 	DATA 	Keypress: 5
698.0649 	DATA 	TR 448 | TR1 224 | TR2 224
699.6313 	DATA 	Keypress: 5
699.6313 	DATA 	TR 449 | TR1 225 | TR2 224
701.1978 	DATA 	Keypress: 5
701.1979 	DATA 	TR 450 | TR1 225 | TR2 225
702.7643 	DATA 	Keypress: 5
702.7644 	DATA 	TR 451 | TR1 226 | TR2 225
704.3141 	DATA 	Keypress: 5
704.3142 	DATA 	TR 452 | TR1 226 | TR2 226
705.8807 	DATA 	Keypress: 5
705.8808 	DATA 	TR 453 | TR1 227 | TR2 226
707.4305 	DATA 	Keypress: 5
707.4306 	DATA 	TR 454 | TR1 227 | TR2 227
709.0137 	DATA 	Keypress: 5
709.0138 	DATA 	TR 455 | TR1 228 | TR2 227
710.3802 	DATA 	
710.3802 	DATA 	stimulation stopped
710.3802 	DATA 	
710.5635 	DATA 	Keypress: 5
710.5636 	DATA 	TR 456 | TR1 228 | TR2 228
712.1302 	DATA 	Keypress: 5
712.1303 	DATA 	TR 457 | TR1 229 | TR2 228
713.6799 	DATA 	Keypress: 5
713.6799 	DATA 	TR 458 | TR1 229 | TR2 229
715.2631 	DATA 	Keypress: 5
715.2632 	DATA 	TR 459 | TR1 230 | TR2 229
716.8131 	DATA 	Keypress: 5
716.8131 	DATA 	TR 460 | TR1 230 | TR2 230
718.0962 	DATA 	Target presented
718.3795 	DATA 	Keypress: 5
718.3796 	DATA 	TR 461 | TR1 231 | TR2 230
718.6128 	DATA 	Keypress: 1
718.6128 	DATA 	Key1 pressed
718.6129 	DATA 	Target detected
719.9294 	DATA 	Keypress: 5
719.9294 	DATA 	TR 462 | TR1 231 | TR2 231
721.4959 	DATA 	Keypress: 5
721.4960 	DATA 	TR 463 | TR1 232 | TR2 231
723.0464 	DATA 	Keypress: 5
723.0624 	DATA 	TR 464 | TR1 232 | TR2 232
724.6289 	DATA 	Keypress: 5
724.6290 	DATA 	TR 465 | TR1 233 | TR2 232
726.1788 	DATA 	Keypress: 5
726.1789 	DATA 	TR 466 | TR1 233 | TR2 233
727.7449 	DATA 	Keypress: 5
727.7450 	DATA 	TR 467 | TR1 234 | TR2 233
729.2952 	DATA 	Keypress: 5
729.2952 	DATA 	TR 468 | TR1 234 | TR2 234
730.8785 	DATA 	Keypress: 5
730.8786 	DATA 	TR 469 | TR1 235 | TR2 234
732.4282 	DATA 	Keypress: 5
732.4283 	DATA 	TR 470 | TR1 235 | TR2 235
733.9947 	DATA 	Keypress: 5
733.9948 	DATA 	TR 471 | TR1 236 | TR2 235
735.5445 	DATA 	Keypress: 5
735.5446 	DATA 	TR 472 | TR1 236 | TR2 236
737.1117 	DATA 	Keypress: 5
737.1277 	DATA 	TR 473 | TR1 237 | TR2 236
738.6777 	DATA 	Keypress: 5
738.6777 	DATA 	TR 474 | TR1 237 | TR2 237
740.2442 	DATA 	Keypress: 5
740.2442 	DATA 	TR 475 | TR1 238 | TR2 237
741.7941 	DATA 	Keypress: 5
741.7941 	DATA 	TR 476 | TR1 238 | TR2 238
743.3606 	DATA 	Keypress: 5
743.3606 	DATA 	TR 477 | TR1 239 | TR2 238
744.9105 	DATA 	Keypress: 5
744.9105 	DATA 	TR 478 | TR1 239 | TR2 239
746.4936 	DATA 	Keypress: 5
746.4936 	DATA 	TR 479 | TR1 240 | TR2 239
748.0435 	DATA 	Keypress: 5
748.0436 	DATA 	TR 480 | TR1 240 | TR2 240
749.6101 	DATA 	Keypress: 5
749.6102 	DATA 	TR 481 | TR1 241 | TR2 240
750.3765 	DATA 	
750.3765 	DATA 	Trial complete
750.3766 	DATA 	
751.1599 	DATA 	Keypress: 5
751.1599 	DATA 	TR 482 | TR1 241 | TR2 241
752.7430 	DATA 	Keypress: 5
752.7431 	DATA 	Waited 69.57703804969788 seconds for trigger
752.7438 	DATA 	
752.7439 	DATA 	Trial 20
752.7439 	DATA 	stimDur = 12.0
752.7439 	DATA 	jitter = 1.5705
752.7439 	DATA 	restDur = 30.0

752.7439 	DATA 	
752.7439 	DATA 	TR 483 | TR1 242 | TR2 241
754.2930 	DATA 	Keypress: 5
754.2931 	DATA 	TR 484 | TR1 242 | TR2 242
754.3262 	DATA 	
754.3262 	DATA 	stimulation started
754.3262 	DATA 	
755.8595 	DATA 	Keypress: 5
755.8595 	DATA 	TR 485 | TR1 243 | TR2 242
757.4093 	DATA 	Keypress: 5
757.4094 	DATA 	TR 486 | TR1 243 | TR2 243
758.9759 	DATA 	Keypress: 5
758.9759 	DATA 	TR 487 | TR1 244 | TR2 243
760.5424 	DATA 	Keypress: 5
760.5424 	DATA 	TR 488 | TR1 244 | TR2 244
762.1089 	DATA 	Keypress: 5
762.1089 	DATA 	TR 489 | TR1 245 | TR2 244
763.6590 	DATA 	Keypress: 5
763.6590 	DATA 	TR 490 | TR1 245 | TR2 245
765.2253 	DATA 	Keypress: 5
765.2253 	DATA 	TR 491 | TR1 246 | TR2 245
766.3251 	DATA 	
766.3251 	DATA 	stimulation stopped
766.3251 	DATA 	
766.7751 	DATA 	Keypress: 5
766.7751 	DATA 	TR 492 | TR1 246 | TR2 246
768.3583 	DATA 	Keypress: 5
768.3583 	DATA 	TR 493 | TR1 247 | TR2 246
769.9082 	DATA 	Keypress: 5
769.9082 	DATA 	TR 494 | TR1 247 | TR2 247
771.4748 	DATA 	Keypress: 5
771.4749 	DATA 	TR 495 | TR1 248 | TR2 247
773.0246 	DATA 	Keypress: 5
773.0246 	DATA 	TR 496 | TR1 248 | TR2 248
774.5916 	DATA 	Keypress: 5
774.6077 	DATA 	TR 497 | TR1 249 | TR2 248
776.1575 	DATA 	Keypress: 5
776.1576 	DATA 	TR 498 | TR1 249 | TR2 249
777.7241 	DATA 	Keypress: 5
777.7241 	DATA 	TR 499 | TR1 250 | TR2 249
779.2741 	DATA 	Keypress: 5
779.2741 	DATA 	TR 500 | TR1 250 | TR2 250
780.8404 	DATA 	Keypress: 5
780.8405 	DATA 	TR 501 | TR1 251 | TR2 250
782.3904 	DATA 	Keypress: 5
782.3904 	DATA 	TR 502 | TR1 251 | TR2 251
783.9735 	DATA 	Keypress: 5
783.9735 	DATA 	TR 503 | TR1 252 | TR2 251
785.5234 	DATA 	Keypress: 5
785.5234 	DATA 	TR 504 | TR1 252 | TR2 252
787.0899 	DATA 	Keypress: 5
787.0899 	DATA 	TR 505 | TR1 253 | TR2 252
788.6398 	DATA 	Keypress: 5
788.6398 	DATA 	TR 506 | TR1 253 | TR2 253
790.2229 	DATA 	Keypress: 5
790.2230 	DATA 	TR 507 | TR1 254 | TR2 253
791.7728 	DATA 	Keypress: 5
791.7728 	DATA 	TR 508 | TR1 254 | TR2 254
793.3393 	DATA 	Keypress: 5
793.3394 	DATA 	TR 509 | TR1 255 | TR2 254
794.8892 	DATA 	Keypress: 5
794.8892 	DATA 	TR 510 | TR1 255 | TR2 255
796.3222 	DATA 	
796.3222 	DATA 	Trial complete
796.3222 	DATA 	
796.4557 	DATA 	Keypress: 5
796.4558 	DATA 	TR 511 | TR1 256 | TR2 255
798.0223 	DATA 	Keypress: 5
798.0223 	DATA 	TR 512 | TR1 256 | TR2 256
799.5889 	DATA 	Keypress: 5
799.5890 	DATA 	TR 513 | TR1 257 | TR2 256
801.1386 	DATA 	Keypress: 5
801.1387 	DATA 	TR 514 | TR1 257 | TR2 257
802.7051 	DATA 	Keypress: 5
802.7052 	DATA 	TR 515 | TR1 258 | TR2 257
804.2550 	DATA 	Keypress: 5
804.2551 	DATA 	TR 516 | TR1 258 | TR2 258
805.8382 	DATA 	Keypress: 5
805.8382 	DATA 	TR 517 | TR1 259 | TR2 258
807.3881 	DATA 	Keypress: 5
807.3881 	DATA 	TR 518 | TR1 259 | TR2 259
808.9546 	DATA 	Keypress: 5
808.9546 	DATA 	TR 519 | TR1 260 | TR2 259
810.5045 	DATA 	Keypress: 5
810.5045 	DATA 	TR 520 | TR1 260 | TR2 260
812.0876 	DATA 	Keypress: 5
812.0877 	DATA 	TR 521 | TR1 261 | TR2 260
813.6375 	DATA 	Keypress: 5
813.6375 	DATA 	TR 522 | TR1 261 | TR2 261
815.2040 	DATA 	Keypress: 5
815.2040 	DATA 	TR 523 | TR1 262 | TR2 261
816.7539 	DATA 	Keypress: 5
816.7539 	DATA 	TR 524 | TR1 262 | TR2 262
818.3204 	DATA 	Keypress: 5
818.3204 	DATA 	TR 525 | TR1 263 | TR2 262
819.8703 	DATA 	Keypress: 5
819.8704 	DATA 	TR 526 | TR1 263 | TR2 263
821.4534 	DATA 	Keypress: 5
821.4535 	DATA 	TR 527 | TR1 264 | TR2 263
823.0033 	DATA 	Keypress: 5
823.0034 	DATA 	TR 528 | TR1 264 | TR2 264
824.5698 	DATA 	Keypress: 5
824.5699 	DATA 	TR 529 | TR1 265 | TR2 264
826.1197 	DATA 	Keypress: 5
826.1198 	DATA 	TR 530 | TR1 265 | TR2 265
827.7029 	DATA 	Keypress: 5
827.7029 	DATA 	TR 531 | TR1 266 | TR2 265
829.2528 	DATA 	Keypress: 5
829.2528 	DATA 	TR 532 | TR1 266 | TR2 266
830.8192 	DATA 	Keypress: 5
830.8193 	DATA 	TR 533 | TR1 267 | TR2 266
832.3691 	DATA 	Keypress: 5
832.3691 	DATA 	TR 534 | TR1 267 | TR2 267
833.9356 	DATA 	Keypress: 5
833.9357 	DATA 	TR 535 | TR1 268 | TR2 267
835.5023 	DATA 	Keypress: 5
835.5024 	DATA 	TR 536 | TR1 268 | TR2 268
837.0687 	DATA 	Keypress: 5
837.0687 	DATA 	TR 537 | TR1 269 | TR2 268
838.6186 	DATA 	Keypress: 5
838.6186 	DATA 	TR 538 | TR1 269 | TR2 269
840.1851 	DATA 	Keypress: 5
840.1851 	DATA 	TR 539 | TR1 270 | TR2 269
841.7351 	DATA 	Keypress: 5
841.7351 	DATA 	TR 540 | TR1 270 | TR2 270
843.3181 	DATA 	Keypress: 5
843.3182 	DATA 	TR 541 | TR1 271 | TR2 270
844.8680 	DATA 	Keypress: 5
844.8680 	DATA 	TR 542 | TR1 271 | TR2 271
846.4345 	DATA 	Keypress: 5
846.4346 	DATA 	TR 543 | TR1 272 | TR2 271
847.9844 	DATA 	Keypress: 5
847.9844 	DATA 	TR 544 | TR1 272 | TR2 272
849.5675 	DATA 	Keypress: 5
849.5676 	DATA 	TR 545 | TR1 273 | TR2 272
851.1174 	DATA 	Keypress: 5
851.1175 	DATA 	TR 546 | TR1 273 | TR2 273
852.6840 	DATA 	Keypress: 5
852.6841 	DATA 	TR 547 | TR1 274 | TR2 273
854.2338 	DATA 	Keypress: 5
854.2339 	DATA 	TR 548 | TR1 274 | TR2 274
855.8003 	DATA 	Keypress: 5
855.8004 	DATA 	TR 549 | TR1 275 | TR2 274
857.3509 	DATA 	Keypress: 5
857.3668 	DATA 	TR 550 | TR1 275 | TR2 275
858.9334 	DATA 	Keypress: 5
858.9334 	DATA 	TR 551 | TR1 276 | TR2 275
860.4832 	DATA 	Keypress: 5
860.4833 	DATA 	TR 552 | TR1 276 | TR2 276
862.0497 	DATA 	Keypress: 5
862.0498 	DATA 	TR 553 | TR1 277 | TR2 276
863.5996 	DATA 	Keypress: 5
863.5996 	DATA 	TR 554 | TR1 277 | TR2 277
864.3328 	DATA 	EndOfRun sub-08_ses-02_run-02

864.3328 	DATA 	We spent 93.76878476142883 seconds waiting for triggers
864.3328 	DATA 	RatioOfDetectedTargets 0.8333333333333334
864.3329 	DATA 	You have detected 10 out of 12 targets.
869.1552 	DATA 	Keypress: 5
869.1554 	DATA 	Keypress: 5
869.3625 	EXP 	window1: mouseVisible = True
