MonitorDistance=99cm
MonitorWidth=30cm
PixelWidth=1024.0
PixelHeight=768.0
You have detected 12 out of 12 targets.
Excellent! Keep up the good work
6.0541 	INFO 	Loaded monitor calibration from ['2021_05_26 17:55']
6.5294 	EXP 	Created window1 = Window(allowGUI=False, allowStencil=False, autoLog=True, backendConf=UNKNOWN, bitsMode=UNKNOWN, blendMode='avg', bpc=(8, 8, 8), color=array([-0.5, -0.5, -0.5]), colorSpace='rgb', depthBits=8, fullscr=<method-wrapper '__getattribute__' of attributeSetter object at 0x7f50830bf438>, gamma=None, gammaErrorPolicy='raise', lms=UNKNOWN, monitor=<psychopy.monitors.calibTools.Monitor object at 0x7f5078ee10b8>, multiSample=False, name='window1', numSamples=2, pos=[0.0, 0.0], screen=0, size=array([1024,  768]), stencilBits=0, stereo=False, units='deg', useFBO=False, useRetina=False, viewOri=0.0, viewPos=None, viewScale=None, waitBlanking=True, winType='pyglet')
6.5294 	EXP 	window1: mouseVisible = True
6.5979 	EXP 	Created unnamed TextStim = TextStim(__class__=<class 'psychopy.visual.text.TextStim'>, alignHoriz=method-wrapper(...), alignText='center', alignVert=method-wrapper(...), anchorHoriz='center', anchorVert='center', antialias=True, autoLog=True, bold=False, color=array([1., 1., 1.]), colorSpace='rgb', contrast=1.0, depth=0, flipHoriz=False, flipVert=False, font='', fontFiles=[], height=0.5, italic=False, languageStyle='LTR', name='unnamed TextStim', opacity=1.0, ori=0.0, pos=array([0., 0.]), rgb=UNKNOWN, text=str(...), units='deg', win=Window(...), wrapWidth=15.0)
6.6289 	EXP 	Created Movie Frame 0 = ImageStim(__class__=<class 'psychopy.visual.image.ImageStim'>, autoLog=True, color=array([0.8, 0.8, 0.8]), colorSpace='rgb', contrast=0.8, depth=0, flipHoriz=False, flipVert=False, image='visual_0.png', interpolate=False, mask=None, maskParams=None, name='Movie Frame 0', opacity=1, ori=0.0, pos=array([0., 0.]), size=array([1024,  768]), texRes=128, units='pix', win=Window(...))
6.6532 	EXP 	Created Movie Frame 1 = ImageStim(__class__=<class 'psychopy.visual.image.ImageStim'>, autoLog=True, color=array([0.8, 0.8, 0.8]), colorSpace='rgb', contrast=0.8, depth=0, flipHoriz=False, flipVert=False, image='visual_1.png', interpolate=False, mask=None, maskParams=None, name='Movie Frame 1', opacity=1, ori=0.0, pos=array([0., 0.]), size=array([1024,  768]), texRes=128, units='pix', win=Window(...))
35.2910 	DATA 	Keypress: 5
0.0000 	DATA 	StartOfRun sub-09_ses-05_run-05
0.0000 	DATA 	TR 1 | TR1 1 | TR2 0
0.0102 	DATA 	Initial baseline

1.5502 	DATA 	Keypress: 5
1.5502 	DATA 	TR 2 | TR1 1 | TR2 1
3.1223 	DATA 	Keypress: 5
3.1224 	DATA 	TR 3 | TR1 2 | TR2 1
4.6737 	DATA 	Keypress: 5
4.6737 	DATA 	TR 4 | TR1 2 | TR2 2
6.2459 	DATA 	Keypress: 5
6.2459 	DATA 	TR 5 | TR1 3 | TR2 2
7.7970 	DATA 	Keypress: 5
7.7971 	DATA 	TR 6 | TR1 3 | TR2 3
9.3692 	DATA 	Keypress: 5
9.3693 	DATA 	TR 7 | TR1 4 | TR2 3
10.9204 	DATA 	Keypress: 5
10.9205 	DATA 	TR 8 | TR1 4 | TR2 4
12.4926 	DATA 	Keypress: 5
12.4927 	DATA 	TR 9 | TR1 5 | TR2 4
14.0437 	DATA 	Keypress: 5
14.0437 	DATA 	TR 10 | TR1 5 | TR2 5
15.6159 	DATA 	Keypress: 5
15.6159 	DATA 	TR 11 | TR1 6 | TR2 5
17.1672 	DATA 	Keypress: 5
17.1673 	DATA 	TR 12 | TR1 6 | TR2 6
18.7394 	DATA 	Keypress: 5
18.7395 	DATA 	TR 13 | TR1 7 | TR2 6
20.2904 	DATA 	Keypress: 5
20.2905 	DATA 	TR 14 | TR1 7 | TR2 7
21.8626 	DATA 	Keypress: 5
21.8627 	DATA 	TR 15 | TR1 8 | TR2 7
23.4138 	DATA 	Keypress: 5
23.4138 	DATA 	TR 16 | TR1 8 | TR2 8
24.9860 	DATA 	Keypress: 5
24.9861 	DATA 	TR 17 | TR1 9 | TR2 8
26.5373 	DATA 	Keypress: 5
26.5374 	DATA 	TR 18 | TR1 9 | TR2 9
28.1095 	DATA 	Keypress: 5
28.1096 	DATA 	TR 19 | TR1 10 | TR2 9
29.6607 	DATA 	Keypress: 5
29.6607 	DATA 	TR 20 | TR1 10 | TR2 10
31.2412 	DATA 	Keypress: 5
31.2413 	DATA 	Waited 1.2412688732147217 seconds for trigger
31.2427 	DATA 	
31.2427 	DATA 	Trial 1
31.2427 	DATA 	stimDur = 12.0
31.2427 	DATA 	jitter = 0.0
31.2427 	DATA 	restDur = 30.0

31.2427 	DATA 	
31.2427 	DATA 	TR 21 | TR1 11 | TR2 10
31.2427 	DATA 	
31.2427 	DATA 	stimulation started
31.2427 	DATA 	
32.7912 	DATA 	Keypress: 5
32.7912 	DATA 	TR 22 | TR1 11 | TR2 11
34.3576 	DATA 	Keypress: 5
34.3577 	DATA 	TR 23 | TR1 12 | TR2 11
35.9075 	DATA 	Keypress: 5
35.9076 	DATA 	TR 24 | TR1 12 | TR2 12
37.4907 	DATA 	Keypress: 5
37.4907 	DATA 	TR 25 | TR1 13 | TR2 12
39.0406 	DATA 	Keypress: 5
39.0406 	DATA 	TR 26 | TR1 13 | TR2 13
40.6071 	DATA 	Keypress: 5
40.6071 	DATA 	TR 27 | TR1 14 | TR2 13
42.1569 	DATA 	Keypress: 5
42.1570 	DATA 	TR 28 | TR1 14 | TR2 14
43.2568 	DATA 	
43.2568 	DATA 	stimulation stopped
43.2568 	DATA 	
43.7400 	DATA 	Keypress: 5
43.7401 	DATA 	TR 29 | TR1 15 | TR2 14
45.2899 	DATA 	Keypress: 5
45.2900 	DATA 	TR 30 | TR1 15 | TR2 15
46.8564 	DATA 	Keypress: 5
46.8565 	DATA 	TR 31 | TR1 16 | TR2 15
48.4064 	DATA 	Keypress: 5
48.4065 	DATA 	TR 32 | TR1 16 | TR2 16
49.9734 	DATA 	Keypress: 5
49.9894 	DATA 	TR 33 | TR1 17 | TR2 16
51.5393 	DATA 	Keypress: 5
51.5394 	DATA 	TR 34 | TR1 17 | TR2 17
53.1058 	DATA 	Keypress: 5
53.1059 	DATA 	TR 35 | TR1 18 | TR2 17
54.6557 	DATA 	Keypress: 5
54.6558 	DATA 	TR 36 | TR1 18 | TR2 18
56.2220 	DATA 	Keypress: 5
56.2221 	DATA 	TR 37 | TR1 19 | TR2 18
57.7721 	DATA 	Keypress: 5
57.7722 	DATA 	TR 38 | TR1 19 | TR2 19
59.3553 	DATA 	Keypress: 5
59.3553 	DATA 	TR 39 | TR1 20 | TR2 19
60.9052 	DATA 	Keypress: 5
60.9052 	DATA 	TR 40 | TR1 20 | TR2 20
62.4716 	DATA 	Keypress: 5
62.4717 	DATA 	TR 41 | TR1 21 | TR2 20
64.0215 	DATA 	Keypress: 5
64.0216 	DATA 	TR 42 | TR1 21 | TR2 21
65.6047 	DATA 	Keypress: 5
65.6047 	DATA 	TR 43 | TR1 22 | TR2 21
67.1546 	DATA 	Keypress: 5
67.1546 	DATA 	TR 44 | TR1 22 | TR2 22
68.7211 	DATA 	Keypress: 5
68.7211 	DATA 	TR 45 | TR1 23 | TR2 22
70.2709 	DATA 	Keypress: 5
70.2710 	DATA 	TR 46 | TR1 23 | TR2 23
71.8374 	DATA 	Keypress: 5
71.8375 	DATA 	TR 47 | TR1 24 | TR2 23
73.2539 	DATA 	
73.2540 	DATA 	Trial complete
73.2540 	DATA 	Waiting for VASO trigger to start next trial
73.2540 	DATA 	
73.4040 	DATA 	Keypress: 5
73.4040 	DATA 	TR 48 | TR1 24 | TR2 24
74.9706 	DATA 	Keypress: 5
74.9707 	DATA 	Waited 1.7167489528656006 seconds for trigger
74.9715 	DATA 	
74.9715 	DATA 	Trial 2
74.9715 	DATA 	stimDur = 24.0
74.9715 	DATA 	jitter = 0.78525
74.9715 	DATA 	restDur = 40.0

74.9715 	DATA 	
74.9715 	DATA 	TR 49 | TR1 25 | TR2 24
75.7705 	DATA 	
75.7705 	DATA 	stimulation started
75.7705 	DATA 	
76.5204 	DATA 	Keypress: 5
76.5204 	DATA 	TR 50 | TR1 25 | TR2 25
78.0870 	DATA 	Keypress: 5
78.0870 	DATA 	TR 51 | TR1 26 | TR2 25
79.6368 	DATA 	Keypress: 5
79.6368 	DATA 	TR 52 | TR1 26 | TR2 26
81.2200 	DATA 	Keypress: 5
81.2200 	DATA 	TR 53 | TR1 27 | TR2 26
82.7698 	DATA 	Keypress: 5
82.7699 	DATA 	TR 54 | TR1 27 | TR2 27
84.3364 	DATA 	Keypress: 5
84.3364 	DATA 	TR 55 | TR1 28 | TR2 27
85.3196 	DATA 	Target presented
85.8862 	DATA 	Keypress: 5
85.8862 	DATA 	TR 56 | TR1 28 | TR2 28
85.9362 	DATA 	Keypress: 1
85.9362 	DATA 	Key1 pressed
85.9362 	DATA 	Target detected
87.4535 	DATA 	Keypress: 5
87.4693 	DATA 	TR 57 | TR1 29 | TR2 28
89.0192 	DATA 	Keypress: 5
89.0193 	DATA 	TR 58 | TR1 29 | TR2 29
90.5858 	DATA 	Keypress: 5
90.5858 	DATA 	TR 59 | TR1 30 | TR2 29
92.1358 	DATA 	Keypress: 5
92.1358 	DATA 	TR 60 | TR1 30 | TR2 30
93.7022 	DATA 	Keypress: 5
93.7022 	DATA 	TR 61 | TR1 31 | TR2 30
95.2522 	DATA 	Keypress: 5
95.2523 	DATA 	TR 62 | TR1 31 | TR2 31
96.8352 	DATA 	Keypress: 5
96.8353 	DATA 	TR 63 | TR1 32 | TR2 31
98.3850 	DATA 	Keypress: 5
98.3851 	DATA 	TR 64 | TR1 32 | TR2 32
99.7682 	DATA 	
99.7682 	DATA 	stimulation stopped
99.7682 	DATA 	
99.9515 	DATA 	Keypress: 5
99.9516 	DATA 	TR 65 | TR1 33 | TR2 32
101.5014 	DATA 	Keypress: 5
101.5014 	DATA 	TR 66 | TR1 33 | TR2 33
103.0846 	DATA 	Keypress: 5
103.0846 	DATA 	TR 67 | TR1 34 | TR2 33
104.6344 	DATA 	Keypress: 5
104.6344 	DATA 	TR 68 | TR1 34 | TR2 34
106.2009 	DATA 	Keypress: 5
106.2010 	DATA 	TR 69 | TR1 35 | TR2 34
107.7508 	DATA 	Keypress: 5
107.7508 	DATA 	TR 70 | TR1 35 | TR2 35
109.3173 	DATA 	Keypress: 5
109.3174 	DATA 	TR 71 | TR1 36 | TR2 35
110.8678 	DATA 	Keypress: 5
110.8836 	DATA 	TR 72 | TR1 36 | TR2 36
112.4505 	DATA 	Keypress: 5
112.4505 	DATA 	TR 73 | TR1 37 | TR2 36
114.0002 	DATA 	Keypress: 5
114.0002 	DATA 	TR 74 | TR1 37 | TR2 37
115.5667 	DATA 	Keypress: 5
115.5668 	DATA 	TR 75 | TR1 38 | TR2 37
117.1166 	DATA 	Keypress: 5
117.1166 	DATA 	TR 76 | TR1 38 | TR2 38
118.6999 	DATA 	Keypress: 5
118.6999 	DATA 	TR 77 | TR1 39 | TR2 38
120.2496 	DATA 	Keypress: 5
120.2497 	DATA 	TR 78 | TR1 39 | TR2 39
121.8162 	DATA 	Keypress: 5
121.8162 	DATA 	TR 79 | TR1 40 | TR2 39
123.3659 	DATA 	Keypress: 5
123.3660 	DATA 	TR 80 | TR1 40 | TR2 40
124.9492 	DATA 	Keypress: 5
124.9493 	DATA 	TR 81 | TR1 41 | TR2 40
126.4990 	DATA 	Keypress: 5
126.4991 	DATA 	TR 82 | TR1 41 | TR2 41
128.0656 	DATA 	Keypress: 5
128.0656 	DATA 	TR 83 | TR1 42 | TR2 41
129.6154 	DATA 	Keypress: 5
129.6155 	DATA 	TR 84 | TR1 42 | TR2 42
131.1820 	DATA 	Keypress: 5
131.1820 	DATA 	TR 85 | TR1 43 | TR2 42
131.3652 	DATA 	Target presented
131.9819 	DATA 	Keypress: 1
131.9819 	DATA 	Key1 pressed
131.9819 	DATA 	Target detected
132.7318 	DATA 	Keypress: 5
132.7318 	DATA 	TR 86 | TR1 43 | TR2 43
134.3150 	DATA 	Keypress: 5
134.3151 	DATA 	TR 87 | TR1 44 | TR2 43
135.8648 	DATA 	Keypress: 5
135.8649 	DATA 	TR 88 | TR1 44 | TR2 44
137.4316 	DATA 	Keypress: 5
137.4317 	DATA 	TR 89 | TR1 45 | TR2 44
138.9812 	DATA 	Keypress: 5
138.9813 	DATA 	TR 90 | TR1 45 | TR2 45
139.7644 	DATA 	
139.7644 	DATA 	Trial complete
139.7645 	DATA 	Waiting for VASO trigger to start next trial
139.7645 	DATA 	
140.5644 	DATA 	Keypress: 5
140.5645 	DATA 	Waited 0.8000209331512451 seconds for trigger
140.5653 	DATA 	
140.5653 	DATA 	Trial 3
140.5653 	DATA 	stimDur = 2.0
140.5653 	DATA 	jitter = 2.35575
140.5653 	DATA 	restDur = 22.0

140.5653 	DATA 	
140.5653 	DATA 	TR 91 | TR1 46 | TR2 45
142.1142 	DATA 	Keypress: 5
142.1143 	DATA 	TR 92 | TR1 46 | TR2 46
142.9305 	DATA 	
142.9305 	DATA 	stimulation started
142.9305 	DATA 	
143.6809 	DATA 	Keypress: 5
143.6809 	DATA 	TR 93 | TR1 47 | TR2 46
144.9306 	DATA 	
144.9306 	DATA 	stimulation stopped
144.9306 	DATA 	
145.2306 	DATA 	Keypress: 5
145.2307 	DATA 	TR 94 | TR1 47 | TR2 47
146.7978 	DATA 	Keypress: 5
146.8138 	DATA 	TR 95 | TR1 48 | TR2 47
148.3637 	DATA 	Keypress: 5
148.3637 	DATA 	TR 96 | TR1 48 | TR2 48
149.9302 	DATA 	Keypress: 5
149.9303 	DATA 	TR 97 | TR1 49 | TR2 48
151.4800 	DATA 	Keypress: 5
151.4801 	DATA 	TR 98 | TR1 49 | TR2 49
153.0466 	DATA 	Keypress: 5
153.0466 	DATA 	TR 99 | TR1 50 | TR2 49
154.5965 	DATA 	Keypress: 5
154.5965 	DATA 	TR 100 | TR1 50 | TR2 50
156.1796 	DATA 	Keypress: 5
156.1797 	DATA 	TR 101 | TR1 51 | TR2 50
157.7295 	DATA 	Keypress: 5
157.7295 	DATA 	TR 102 | TR1 51 | TR2 51
159.2960 	DATA 	Keypress: 5
159.2960 	DATA 	TR 103 | TR1 52 | TR2 51
160.8459 	DATA 	Keypress: 5
160.8459 	DATA 	TR 104 | TR1 52 | TR2 52
162.4291 	DATA 	Keypress: 5
162.4291 	DATA 	TR 105 | TR1 53 | TR2 52
163.9789 	DATA 	Keypress: 5
163.9789 	DATA 	TR 106 | TR1 53 | TR2 53
165.5454 	DATA 	Keypress: 5
165.5455 	DATA 	TR 107 | TR1 54 | TR2 53
166.9286 	DATA 	
166.9286 	DATA 	Trial complete
166.9286 	DATA 	Waiting for VASO trigger to start next trial
166.9286 	DATA 	
167.0953 	DATA 	Keypress: 5
167.0953 	DATA 	TR 108 | TR1 54 | TR2 54
168.6618 	DATA 	Keypress: 5
168.6619 	DATA 	Waited 1.733232021331787 seconds for trigger
168.6626 	DATA 	
168.6626 	DATA 	Trial 4
168.6626 	DATA 	stimDur = 2.0
168.6626 	DATA 	jitter = 0.78525
168.6626 	DATA 	restDur = 22.0

168.6626 	DATA 	
168.6626 	DATA 	TR 109 | TR1 55 | TR2 54
169.4617 	DATA 	
169.4617 	DATA 	stimulation started
169.4617 	DATA 	
170.2125 	DATA 	Keypress: 5
170.2283 	DATA 	TR 110 | TR1 55 | TR2 55
171.4616 	DATA 	
171.4616 	DATA 	stimulation stopped
171.4616 	DATA 	
171.7949 	DATA 	Keypress: 5
171.7949 	DATA 	TR 111 | TR1 56 | TR2 55
173.3447 	DATA 	Keypress: 5
173.3447 	DATA 	TR 112 | TR1 56 | TR2 56
174.9112 	DATA 	Keypress: 5
174.9113 	DATA 	TR 113 | TR1 57 | TR2 56
176.4611 	DATA 	Keypress: 5
176.4611 	DATA 	TR 114 | TR1 57 | TR2 57
178.0443 	DATA 	Keypress: 5
178.0443 	DATA 	TR 115 | TR1 58 | TR2 57
179.5941 	DATA 	Keypress: 5
179.5942 	DATA 	TR 116 | TR1 58 | TR2 58
181.1607 	DATA 	Keypress: 5
181.1607 	DATA 	TR 117 | TR1 59 | TR2 58
182.7106 	DATA 	Keypress: 5
182.7107 	DATA 	TR 118 | TR1 59 | TR2 59
184.2771 	DATA 	Keypress: 5
184.2771 	DATA 	TR 119 | TR1 60 | TR2 59
185.8437 	DATA 	Keypress: 5
185.8438 	DATA 	TR 120 | TR1 60 | TR2 60
187.4101 	DATA 	Keypress: 5
187.4101 	DATA 	TR 121 | TR1 61 | TR2 60
188.9599 	DATA 	Keypress: 5
188.9599 	DATA 	TR 122 | TR1 61 | TR2 61
190.5265 	DATA 	Keypress: 5
190.5265 	DATA 	TR 123 | TR1 62 | TR2 61
192.0763 	DATA 	Keypress: 5
192.0763 	DATA 	TR 124 | TR1 62 | TR2 62
193.4596 	DATA 	
193.4596 	DATA 	Trial complete
193.4596 	DATA 	Waiting for VASO trigger to start next trial
193.4596 	DATA 	
193.6595 	DATA 	Keypress: 5
193.6596 	DATA 	Waited 0.1999509334564209 seconds for trigger
193.6603 	DATA 	
193.6603 	DATA 	Trial 5
193.6603 	DATA 	stimDur = 4.0
193.6603 	DATA 	jitter = 0.0
193.6603 	DATA 	restDur = 24.0

193.6603 	DATA 	
193.6604 	DATA 	TR 125 | TR1 63 | TR2 62
193.6604 	DATA 	
193.6604 	DATA 	stimulation started
193.6604 	DATA 	
195.2094 	DATA 	Keypress: 5
195.2094 	DATA 	TR 126 | TR1 63 | TR2 63
196.7760 	DATA 	Keypress: 5
196.7760 	DATA 	TR 127 | TR1 64 | TR2 63
197.6759 	DATA 	
197.6759 	DATA 	stimulation stopped
197.6760 	DATA 	
198.3258 	DATA 	Keypress: 5
198.3258 	DATA 	TR 128 | TR1 64 | TR2 64
199.9089 	DATA 	Keypress: 5
199.9090 	DATA 	TR 129 | TR1 65 | TR2 64
201.4587 	DATA 	Keypress: 5
201.4588 	DATA 	TR 130 | TR1 65 | TR2 65
203.0253 	DATA 	Keypress: 5
203.0254 	DATA 	TR 131 | TR1 66 | TR2 65
204.5751 	DATA 	Keypress: 5
204.5752 	DATA 	TR 132 | TR1 66 | TR2 66
206.1419 	DATA 	Keypress: 5
206.1419 	DATA 	TR 133 | TR1 67 | TR2 66
206.4916 	DATA 	Target presented
207.2755 	DATA 	Keypress: 1
207.2915 	DATA 	Key1 pressed
207.2915 	DATA 	Target detected
207.7082 	DATA 	Keypress: 5
207.7082 	DATA 	TR 134 | TR1 67 | TR2 67
209.2747 	DATA 	Keypress: 5
209.2747 	DATA 	TR 135 | TR1 68 | TR2 67
210.8245 	DATA 	Keypress: 5
210.8246 	DATA 	TR 136 | TR1 68 | TR2 68
212.3912 	DATA 	Keypress: 5
212.3913 	DATA 	TR 137 | TR1 69 | TR2 68
213.9409 	DATA 	Keypress: 5
213.9410 	DATA 	TR 138 | TR1 69 | TR2 69
215.5241 	DATA 	Keypress: 5
215.5242 	DATA 	TR 139 | TR1 70 | TR2 69
217.0740 	DATA 	Keypress: 5
217.0740 	DATA 	TR 140 | TR1 70 | TR2 70
218.6405 	DATA 	Keypress: 5
218.6406 	DATA 	TR 141 | TR1 71 | TR2 70
220.1903 	DATA 	Keypress: 5
220.1904 	DATA 	TR 142 | TR1 71 | TR2 71
221.6735 	DATA 	
221.6735 	DATA 	Trial complete
221.6735 	DATA 	Waiting for VASO trigger to start next trial
221.6735 	DATA 	
221.7575 	DATA 	Keypress: 5
221.7735 	DATA 	Waited 0.09995317459106445 seconds for trigger
221.7743 	DATA 	
221.7743 	DATA 	Trial 6
221.7743 	DATA 	stimDur = 4.0
221.7743 	DATA 	jitter = 1.5705
221.7743 	DATA 	restDur = 24.0

221.7743 	DATA 	
221.7743 	DATA 	TR 143 | TR1 72 | TR2 71
223.3234 	DATA 	Keypress: 5
223.3235 	DATA 	TR 144 | TR1 72 | TR2 72
223.3567 	DATA 	
223.3567 	DATA 	stimulation started
223.3567 	DATA 	
224.8900 	DATA 	Keypress: 5
224.8901 	DATA 	TR 145 | TR1 73 | TR2 72
226.4398 	DATA 	Keypress: 5
226.4399 	DATA 	TR 146 | TR1 73 | TR2 73
227.3564 	DATA 	
227.3564 	DATA 	stimulation stopped
227.3564 	DATA 	
228.0063 	DATA 	Keypress: 5
228.0064 	DATA 	TR 147 | TR1 74 | TR2 73
229.5561 	DATA 	Keypress: 5
229.5562 	DATA 	TR 148 | TR1 74 | TR2 74
231.1394 	DATA 	Keypress: 5
231.1394 	DATA 	TR 149 | TR1 75 | TR2 74
232.6892 	DATA 	Keypress: 5
232.6892 	DATA 	TR 150 | TR1 75 | TR2 75
234.2557 	DATA 	Keypress: 5
234.2558 	DATA 	TR 151 | TR1 76 | TR2 75
235.8054 	DATA 	Keypress: 5
235.8055 	DATA 	TR 152 | TR1 76 | TR2 76
237.3888 	DATA 	Keypress: 5
237.3888 	DATA 	TR 153 | TR1 77 | TR2 76
238.9386 	DATA 	Keypress: 5
238.9386 	DATA 	TR 154 | TR1 77 | TR2 77
240.5052 	DATA 	Keypress: 5
240.5052 	DATA 	TR 155 | TR1 78 | TR2 77
242.0550 	DATA 	Keypress: 5
242.0550 	DATA 	TR 156 | TR1 78 | TR2 78
243.6215 	DATA 	Keypress: 5
243.6216 	DATA 	TR 157 | TR1 79 | TR2 78
245.1720 	DATA 	Keypress: 5
245.1880 	DATA 	TR 158 | TR1 79 | TR2 79
246.7546 	DATA 	Keypress: 5
246.7546 	DATA 	TR 159 | TR1 80 | TR2 79
248.3044 	DATA 	Keypress: 5
248.3045 	DATA 	TR 160 | TR1 80 | TR2 80
249.8710 	DATA 	Keypress: 5
249.8710 	DATA 	TR 161 | TR1 81 | TR2 80
249.9376 	DATA 	Target presented
250.5375 	DATA 	Keypress: 1
250.5376 	DATA 	Key1 pressed
250.5376 	DATA 	Target detected
251.3541 	DATA 	
251.3541 	DATA 	Trial complete
251.3541 	DATA 	Waiting for VASO trigger to start next trial
251.3541 	DATA 	
251.4208 	DATA 	Keypress: 5
251.4208 	DATA 	TR 162 | TR1 81 | TR2 81
253.0040 	DATA 	Keypress: 5
253.0040 	DATA 	Waited 1.649907112121582 seconds for trigger
253.0048 	DATA 	
253.0048 	DATA 	Trial 7
253.0048 	DATA 	stimDur = 4.0
253.0048 	DATA 	jitter = 2.35575
253.0048 	DATA 	restDur = 24.0

253.0048 	DATA 	
253.0048 	DATA 	TR 163 | TR1 82 | TR2 81
254.5539 	DATA 	Keypress: 5
254.5539 	DATA 	TR 164 | TR1 82 | TR2 82
255.3704 	DATA 	
255.3704 	DATA 	stimulation started
255.3704 	DATA 	
256.1204 	DATA 	Keypress: 5
256.1205 	DATA 	TR 165 | TR1 83 | TR2 82
257.6702 	DATA 	Keypress: 5
257.6703 	DATA 	TR 166 | TR1 83 | TR2 83
259.2535 	DATA 	Keypress: 5
259.2535 	DATA 	TR 167 | TR1 84 | TR2 83
259.3701 	DATA 	
259.3701 	DATA 	stimulation stopped
259.3701 	DATA 	
260.8032 	DATA 	Keypress: 5
260.8033 	DATA 	TR 168 | TR1 84 | TR2 84
262.3698 	DATA 	Keypress: 5
262.3699 	DATA 	TR 169 | TR1 85 | TR2 84
263.9196 	DATA 	Keypress: 5
263.9197 	DATA 	TR 170 | TR1 85 | TR2 85
265.4862 	DATA 	Keypress: 5
265.4863 	DATA 	TR 171 | TR1 86 | TR2 85
267.0362 	DATA 	Keypress: 5
267.0362 	DATA 	TR 172 | TR1 86 | TR2 86
268.6192 	DATA 	Keypress: 5
268.6193 	DATA 	TR 173 | TR1 87 | TR2 86
270.1691 	DATA 	Keypress: 5
270.1691 	DATA 	TR 174 | TR1 87 | TR2 87
271.7356 	DATA 	Keypress: 5
271.7356 	DATA 	TR 175 | TR1 88 | TR2 87
273.2854 	DATA 	Keypress: 5
273.2855 	DATA 	TR 176 | TR1 88 | TR2 88
274.8686 	DATA 	Keypress: 5
274.8687 	DATA 	TR 177 | TR1 89 | TR2 88
276.4185 	DATA 	Keypress: 5
276.4185 	DATA 	TR 178 | TR1 89 | TR2 89
277.9850 	DATA 	Keypress: 5
277.9851 	DATA 	TR 179 | TR1 90 | TR2 89
279.5349 	DATA 	Keypress: 5
279.5349 	DATA 	TR 180 | TR1 90 | TR2 90
281.1020 	DATA 	Keypress: 5
281.1180 	DATA 	TR 181 | TR1 91 | TR2 90
282.6680 	DATA 	Keypress: 5
282.6681 	DATA 	TR 182 | TR1 91 | TR2 91
283.3678 	DATA 	
283.3678 	DATA 	Trial complete
283.3678 	DATA 	Waiting for VASO trigger to start next trial
283.3678 	DATA 	
284.2344 	DATA 	Keypress: 5
284.2345 	DATA 	Waited 0.8666529655456543 seconds for trigger
284.2352 	DATA 	
284.2353 	DATA 	Trial 8
284.2353 	DATA 	stimDur = 24.0
284.2353 	DATA 	jitter = 1.5705
284.2353 	DATA 	restDur = 40.0

284.2353 	DATA 	
284.2353 	DATA 	TR 183 | TR1 92 | TR2 91
285.7843 	DATA 	Keypress: 5
285.7844 	DATA 	TR 184 | TR1 92 | TR2 92
285.8176 	DATA 	
285.8176 	DATA 	stimulation started
285.8176 	DATA 	
287.3509 	DATA 	Keypress: 5
287.3509 	DATA 	TR 185 | TR1 93 | TR2 92
288.9007 	DATA 	Keypress: 5
288.9008 	DATA 	TR 186 | TR1 93 | TR2 93
290.4839 	DATA 	Keypress: 5
290.4839 	DATA 	TR 187 | TR1 94 | TR2 93
292.0338 	DATA 	Keypress: 5
292.0338 	DATA 	TR 188 | TR1 94 | TR2 94
293.6003 	DATA 	Keypress: 5
293.6003 	DATA 	TR 189 | TR1 95 | TR2 94
295.1502 	DATA 	Keypress: 5
295.1502 	DATA 	TR 190 | TR1 95 | TR2 95
296.7333 	DATA 	Keypress: 5
296.7334 	DATA 	TR 191 | TR1 96 | TR2 95
298.2832 	DATA 	Keypress: 5
298.2833 	DATA 	TR 192 | TR1 96 | TR2 96
299.8497 	DATA 	Keypress: 5
299.8498 	DATA 	TR 193 | TR1 97 | TR2 96
301.3997 	DATA 	Keypress: 5
301.3998 	DATA 	TR 194 | TR1 97 | TR2 97
302.9661 	DATA 	Keypress: 5
302.9661 	DATA 	TR 195 | TR1 98 | TR2 97
304.5168 	DATA 	Keypress: 5
304.5326 	DATA 	TR 196 | TR1 98 | TR2 98
306.0991 	DATA 	Keypress: 5
306.0992 	DATA 	TR 197 | TR1 99 | TR2 98
307.1990 	DATA 	Target presented
307.6490 	DATA 	Keypress: 5
307.6491 	DATA 	TR 198 | TR1 99 | TR2 99
307.6990 	DATA 	Keypress: 1
307.6990 	DATA 	Key1 pressed
307.6990 	DATA 	Target detected
309.2155 	DATA 	Keypress: 5
309.2155 	DATA 	TR 199 | TR1 100 | TR2 99
309.8154 	DATA 	
309.8154 	DATA 	stimulation stopped
309.8154 	DATA 	
310.7653 	DATA 	Keypress: 5
310.7654 	DATA 	TR 200 | TR1 100 | TR2 100
312.3485 	DATA 	Keypress: 5
312.3485 	DATA 	TR 201 | TR1 101 | TR2 100
313.8985 	DATA 	Keypress: 5
313.8986 	DATA 	TR 202 | TR1 101 | TR2 101
315.4648 	DATA 	Keypress: 5
315.4649 	DATA 	TR 203 | TR1 102 | TR2 101
317.0148 	DATA 	Keypress: 5
317.0148 	DATA 	TR 204 | TR1 102 | TR2 102
318.5813 	DATA 	Keypress: 5
318.5813 	DATA 	TR 205 | TR1 103 | TR2 102
320.1478 	DATA 	Keypress: 5
320.1479 	DATA 	TR 206 | TR1 103 | TR2 103
321.7143 	DATA 	Keypress: 5
321.7143 	DATA 	TR 207 | TR1 104 | TR2 103
323.2642 	DATA 	Keypress: 5
323.2642 	DATA 	TR 208 | TR1 104 | TR2 104
324.8307 	DATA 	Keypress: 5
324.8307 	DATA 	TR 209 | TR1 105 | TR2 104
326.3805 	DATA 	Keypress: 5
326.3806 	DATA 	TR 210 | TR1 105 | TR2 105
327.9637 	DATA 	Keypress: 5
327.9637 	DATA 	TR 211 | TR1 106 | TR2 105
329.5136 	DATA 	Keypress: 5
329.5136 	DATA 	TR 212 | TR1 106 | TR2 106
331.0801 	DATA 	Keypress: 5
331.0801 	DATA 	TR 213 | TR1 107 | TR2 106
332.6300 	DATA 	Keypress: 5
332.6300 	DATA 	TR 214 | TR1 107 | TR2 107
334.2130 	DATA 	Keypress: 5
334.2131 	DATA 	TR 215 | TR1 108 | TR2 107
335.7630 	DATA 	Keypress: 5
335.7631 	DATA 	TR 216 | TR1 108 | TR2 108
337.3294 	DATA 	Keypress: 5
337.3295 	DATA 	TR 217 | TR1 109 | TR2 108
338.8794 	DATA 	Keypress: 5
338.8794 	DATA 	TR 218 | TR1 109 | TR2 109
340.4458 	DATA 	Keypress: 5
340.4458 	DATA 	TR 219 | TR1 110 | TR2 109
342.0124 	DATA 	Keypress: 5
342.0125 	DATA 	TR 220 | TR1 110 | TR2 110
343.5789 	DATA 	Keypress: 5
343.5790 	DATA 	TR 221 | TR1 111 | TR2 110
345.1288 	DATA 	Keypress: 5
345.1288 	DATA 	TR 222 | TR1 111 | TR2 111
346.6953 	DATA 	Keypress: 5
346.6954 	DATA 	TR 223 | TR1 112 | TR2 111
348.2452 	DATA 	Keypress: 5
348.2453 	DATA 	TR 224 | TR1 112 | TR2 112
349.8118 	DATA 	
349.8118 	DATA 	Trial complete
349.8118 	DATA 	Waiting for VASO trigger to start next trial
349.8118 	DATA 	
349.8283 	DATA 	Keypress: 5
349.8284 	DATA 	Waited 0.0165560245513916 seconds for trigger
349.8292 	DATA 	
349.8292 	DATA 	Trial 9
349.8292 	DATA 	stimDur = 24.0
349.8292 	DATA 	jitter = 0.0
349.8292 	DATA 	restDur = 40.0

349.8292 	DATA 	
349.8292 	DATA 	TR 225 | TR1 113 | TR2 112
349.8292 	DATA 	
349.8292 	DATA 	stimulation started
349.8292 	DATA 	
351.3783 	DATA 	Keypress: 5
351.3784 	DATA 	TR 226 | TR1 113 | TR2 113
352.9448 	DATA 	Keypress: 5
352.9448 	DATA 	TR 227 | TR1 114 | TR2 113
354.4947 	DATA 	Keypress: 5
354.4947 	DATA 	TR 228 | TR1 114 | TR2 114
356.0619 	DATA 	Keypress: 5
356.0778 	DATA 	TR 229 | TR1 115 | TR2 114
357.6279 	DATA 	Keypress: 5
357.6280 	DATA 	TR 230 | TR1 115 | TR2 115
359.1942 	DATA 	Keypress: 5
359.1943 	DATA 	TR 231 | TR1 116 | TR2 115
360.7441 	DATA 	Keypress: 5
360.7441 	DATA 	TR 232 | TR1 116 | TR2 116
361.5606 	DATA 	Target presented
362.0606 	DATA 	Keypress: 1
362.0606 	DATA 	Key1 pressed
362.0607 	DATA 	Target detected
362.3106 	DATA 	Keypress: 5
362.3106 	DATA 	TR 233 | TR1 117 | TR2 116
363.8604 	DATA 	Keypress: 5
363.8605 	DATA 	TR 234 | TR1 117 | TR2 117
365.4436 	DATA 	Keypress: 5
365.4437 	DATA 	TR 235 | TR1 118 | TR2 117
366.9935 	DATA 	Keypress: 5
366.9935 	DATA 	TR 236 | TR1 118 | TR2 118
368.5600 	DATA 	Keypress: 5
368.5600 	DATA 	TR 237 | TR1 119 | TR2 118
370.1099 	DATA 	Keypress: 5
370.1100 	DATA 	TR 238 | TR1 119 | TR2 119
371.6930 	DATA 	Keypress: 5
371.6931 	DATA 	TR 239 | TR1 120 | TR2 119
373.2429 	DATA 	Keypress: 5
373.2430 	DATA 	TR 240 | TR1 120 | TR2 120
373.8428 	DATA 	
373.8428 	DATA 	stimulation stopped
373.8428 	DATA 	
374.8094 	DATA 	Keypress: 5
374.8094 	DATA 	TR 241 | TR1 121 | TR2 120
376.3593 	DATA 	Keypress: 5
376.3593 	DATA 	TR 242 | TR1 121 | TR2 121
377.9258 	DATA 	Keypress: 5
377.9258 	DATA 	TR 243 | TR1 122 | TR2 121
379.4923 	DATA 	Keypress: 5
379.4923 	DATA 	TR 244 | TR1 122 | TR2 122
381.0588 	DATA 	Keypress: 5
381.0589 	DATA 	TR 245 | TR1 123 | TR2 122
382.6087 	DATA 	Keypress: 5
382.6087 	DATA 	TR 246 | TR1 123 | TR2 123
384.1752 	DATA 	Keypress: 5
384.1752 	DATA 	TR 247 | TR1 124 | TR2 123
385.7251 	DATA 	Keypress: 5
385.7251 	DATA 	TR 248 | TR1 124 | TR2 124
387.3082 	DATA 	Keypress: 5
387.3083 	DATA 	TR 249 | TR1 125 | TR2 124
388.8581 	DATA 	Keypress: 5
388.8582 	DATA 	TR 250 | TR1 125 | TR2 125
390.4246 	DATA 	Keypress: 5
390.4246 	DATA 	TR 251 | TR1 126 | TR2 125
391.9744 	DATA 	Keypress: 5
391.9745 	DATA 	TR 252 | TR1 126 | TR2 126
393.5576 	DATA 	Keypress: 5
393.5576 	DATA 	TR 253 | TR1 127 | TR2 126
395.1075 	DATA 	Keypress: 5
395.1076 	DATA 	TR 254 | TR1 127 | TR2 127
396.6740 	DATA 	Keypress: 5
396.6741 	DATA 	TR 255 | TR1 128 | TR2 127
398.2239 	DATA 	Keypress: 5
398.2239 	DATA 	TR 256 | TR1 128 | TR2 128
399.7904 	DATA 	Keypress: 5
399.7904 	DATA 	TR 257 | TR1 129 | TR2 128
401.3409 	DATA 	Keypress: 5
401.3569 	DATA 	TR 258 | TR1 129 | TR2 129
402.9234 	DATA 	Keypress: 5
402.9234 	DATA 	TR 259 | TR1 130 | TR2 129
404.4733 	DATA 	Keypress: 5
404.4734 	DATA 	TR 260 | TR1 130 | TR2 130
406.0398 	DATA 	Keypress: 5
406.0399 	DATA 	TR 261 | TR1 131 | TR2 130
407.5897 	DATA 	Keypress: 5
407.5897 	DATA 	TR 262 | TR1 131 | TR2 131
408.3397 	DATA 	Target presented
408.8895 	DATA 	Keypress: 1
408.8896 	DATA 	Key1 pressed
408.8896 	DATA 	Target detected
409.1728 	DATA 	Keypress: 5
409.1729 	DATA 	TR 263 | TR1 132 | TR2 131
410.7227 	DATA 	Keypress: 5
410.7228 	DATA 	TR 264 | TR1 132 | TR2 132
412.2892 	DATA 	Keypress: 5
412.2893 	DATA 	TR 265 | TR1 133 | TR2 132
413.8391 	DATA 	Keypress: 5
413.8391 	DATA 	TR 266 | TR1 133 | TR2 133
413.8392 	DATA 	
413.8392 	DATA 	Trial complete
413.8392 	DATA 	Waiting for VASO trigger to start next trial
413.8392 	DATA 	
415.4062 	DATA 	Keypress: 5
415.4224 	DATA 	Waited 1.5831749439239502 seconds for trigger
415.4231 	DATA 	
415.4232 	DATA 	Trial 10
415.4232 	DATA 	stimDur = 12.0
415.4232 	DATA 	jitter = 1.5705
415.4232 	DATA 	restDur = 30.0

415.4232 	DATA 	
415.4232 	DATA 	TR 267 | TR1 134 | TR2 133
416.9721 	DATA 	Keypress: 5
416.9722 	DATA 	TR 268 | TR1 134 | TR2 134
417.0054 	DATA 	
417.0054 	DATA 	stimulation started
417.0054 	DATA 	
418.5387 	DATA 	Keypress: 5
418.5388 	DATA 	TR 269 | TR1 135 | TR2 134
420.0886 	DATA 	Keypress: 5
420.0886 	DATA 	TR 270 | TR1 135 | TR2 135
421.6551 	DATA 	Keypress: 5
421.6551 	DATA 	TR 271 | TR1 136 | TR2 135
423.2049 	DATA 	Keypress: 5
423.2050 	DATA 	TR 272 | TR1 136 | TR2 136
424.7881 	DATA 	Keypress: 5
424.7882 	DATA 	TR 273 | TR1 137 | TR2 136
426.3380 	DATA 	Keypress: 5
426.3381 	DATA 	TR 274 | TR1 137 | TR2 137
427.9045 	DATA 	Keypress: 5
427.9045 	DATA 	TR 275 | TR1 138 | TR2 137
429.0044 	DATA 	
429.0044 	DATA 	stimulation stopped
429.0044 	DATA 	
429.4545 	DATA 	Keypress: 5
429.4545 	DATA 	TR 276 | TR1 138 | TR2 138
431.0375 	DATA 	Keypress: 5
431.0375 	DATA 	TR 277 | TR1 139 | TR2 138
432.5874 	DATA 	Keypress: 5
432.5874 	DATA 	TR 278 | TR1 139 | TR2 139
434.1539 	DATA 	Keypress: 5
434.1539 	DATA 	TR 279 | TR1 140 | TR2 139
435.7037 	DATA 	Keypress: 5
435.7038 	DATA 	TR 280 | TR1 140 | TR2 140
437.2702 	DATA 	Keypress: 5
437.2703 	DATA 	TR 281 | TR1 141 | TR2 140
438.8207 	DATA 	Keypress: 5
438.8367 	DATA 	TR 282 | TR1 141 | TR2 141
440.4033 	DATA 	Keypress: 5
440.4033 	DATA 	TR 283 | TR1 142 | TR2 141
441.9532 	DATA 	Keypress: 5
441.9532 	DATA 	TR 284 | TR1 142 | TR2 142
443.5193 	DATA 	Keypress: 5
443.5194 	DATA 	TR 285 | TR1 143 | TR2 142
445.0695 	DATA 	Keypress: 5
445.0696 	DATA 	TR 286 | TR1 143 | TR2 143
446.6527 	DATA 	Keypress: 5
446.6528 	DATA 	TR 287 | TR1 144 | TR2 143
448.2026 	DATA 	Keypress: 5
448.2027 	DATA 	TR 288 | TR1 144 | TR2 144
449.7691 	DATA 	Keypress: 5
449.7691 	DATA 	TR 289 | TR1 145 | TR2 144
451.3190 	DATA 	Keypress: 5
451.3190 	DATA 	TR 290 | TR1 145 | TR2 145
452.8861 	DATA 	Keypress: 5
452.9021 	DATA 	TR 291 | TR1 146 | TR2 145
454.4521 	DATA 	Keypress: 5
454.4521 	DATA 	TR 292 | TR1 146 | TR2 146
456.0185 	DATA 	Keypress: 5
456.0185 	DATA 	TR 293 | TR1 147 | TR2 146
457.5684 	DATA 	Keypress: 5
457.5684 	DATA 	TR 294 | TR1 147 | TR2 147
458.2016 	DATA 	Target presented
458.7849 	DATA 	Keypress: 1
458.7850 	DATA 	Key1 pressed
458.7850 	DATA 	Target detected
459.0015 	DATA 	
459.0015 	DATA 	Trial complete
459.0015 	DATA 	Waiting for VASO trigger to start next trial
459.0016 	DATA 	
459.1349 	DATA 	Keypress: 5
459.1349 	DATA 	Waited 0.1333470344543457 seconds for trigger
459.1357 	DATA 	
459.1357 	DATA 	Trial 11
459.1357 	DATA 	stimDur = 1.0
459.1357 	DATA 	jitter = 1.5705
459.1357 	DATA 	restDur = 20.0

459.1357 	DATA 	
459.1357 	DATA 	TR 295 | TR1 148 | TR2 147
460.6855 	DATA 	Keypress: 5
460.7014 	DATA 	TR 296 | TR1 148 | TR2 148
460.7182 	DATA 	
460.7182 	DATA 	stimulation started
460.7182 	DATA 	
461.7180 	DATA 	
461.7180 	DATA 	stimulation stopped
461.7180 	DATA 	
462.2679 	DATA 	Keypress: 5
462.2680 	DATA 	TR 297 | TR1 149 | TR2 148
463.8178 	DATA 	Keypress: 5
463.8179 	DATA 	TR 298 | TR1 149 | TR2 149
465.3843 	DATA 	Keypress: 5
465.3844 	DATA 	TR 299 | TR1 150 | TR2 149
466.9342 	DATA 	Keypress: 5
466.9343 	DATA 	TR 300 | TR1 150 | TR2 150
468.5173 	DATA 	Keypress: 5
468.5174 	DATA 	TR 301 | TR1 151 | TR2 150
470.0672 	DATA 	Keypress: 5
470.0673 	DATA 	TR 302 | TR1 151 | TR2 151
471.6337 	DATA 	Keypress: 5
471.6338 	DATA 	TR 303 | TR1 152 | TR2 151
473.1836 	DATA 	Keypress: 5
473.1837 	DATA 	TR 304 | TR1 152 | TR2 152
474.7501 	DATA 	Keypress: 5
474.7501 	DATA 	TR 305 | TR1 153 | TR2 152
476.3007 	DATA 	Keypress: 5
476.3166 	DATA 	TR 306 | TR1 153 | TR2 153
477.8831 	DATA 	Keypress: 5
477.8832 	DATA 	TR 307 | TR1 154 | TR2 153
479.4330 	DATA 	Keypress: 5
479.4331 	DATA 	TR 308 | TR1 154 | TR2 154
480.9995 	DATA 	Keypress: 5
480.9996 	DATA 	TR 309 | TR1 155 | TR2 154
481.7161 	DATA 	
481.7161 	DATA 	Trial complete
481.7161 	DATA 	Waiting for VASO trigger to start next trial
481.7161 	DATA 	
482.5494 	DATA 	Keypress: 5
482.5494 	DATA 	TR 310 | TR1 155 | TR2 155
484.1326 	DATA 	Keypress: 5
484.1326 	DATA 	Waited 2.4164929389953613 seconds for trigger
484.1334 	DATA 	
484.1334 	DATA 	Trial 12
484.1334 	DATA 	stimDur = 4.0
484.1334 	DATA 	jitter = 0.78525
484.1334 	DATA 	restDur = 24.0

484.1334 	DATA 	
484.1334 	DATA 	TR 311 | TR1 156 | TR2 155
484.9325 	DATA 	
484.9325 	DATA 	stimulation started
484.9325 	DATA 	
485.6825 	DATA 	Keypress: 5
485.6826 	DATA 	TR 312 | TR1 156 | TR2 156
487.2490 	DATA 	Keypress: 5
487.2490 	DATA 	TR 313 | TR1 157 | TR2 156
488.7989 	DATA 	Keypress: 5
488.7989 	DATA 	TR 314 | TR1 157 | TR2 157
488.9321 	DATA 	
488.9322 	DATA 	stimulation stopped
488.9322 	DATA 	
490.3820 	DATA 	Keypress: 5
490.3820 	DATA 	TR 315 | TR1 158 | TR2 157
491.9320 	DATA 	Keypress: 5
491.9320 	DATA 	TR 316 | TR1 158 | TR2 158
493.4984 	DATA 	Keypress: 5
493.4984 	DATA 	TR 317 | TR1 159 | TR2 158
495.0482 	DATA 	Keypress: 5
495.0483 	DATA 	TR 318 | TR1 159 | TR2 159
496.6148 	DATA 	Keypress: 5
496.6148 	DATA 	TR 319 | TR1 160 | TR2 159
498.1646 	DATA 	Keypress: 5
498.1647 	DATA 	TR 320 | TR1 160 | TR2 160
499.7477 	DATA 	Keypress: 5
499.7478 	DATA 	TR 321 | TR1 161 | TR2 160
501.2977 	DATA 	Keypress: 5
501.2977 	DATA 	TR 322 | TR1 161 | TR2 161
502.8642 	DATA 	Keypress: 5
502.8642 	DATA 	TR 323 | TR1 162 | TR2 161
504.4141 	DATA 	Keypress: 5
504.4141 	DATA 	TR 324 | TR1 162 | TR2 162
505.9972 	DATA 	Keypress: 5
505.9973 	DATA 	TR 325 | TR1 163 | TR2 162
507.5471 	DATA 	Keypress: 5
507.5472 	DATA 	TR 326 | TR1 163 | TR2 163
509.1136 	DATA 	Keypress: 5
509.1136 	DATA 	TR 327 | TR1 164 | TR2 163
510.6636 	DATA 	Keypress: 5
510.6636 	DATA 	TR 328 | TR1 164 | TR2 164
512.2300 	DATA 	Keypress: 5
512.2301 	DATA 	TR 329 | TR1 165 | TR2 164
512.9299 	DATA 	
512.9299 	DATA 	Trial complete
512.9299 	DATA 	Waiting for VASO trigger to start next trial
512.9299 	DATA 	
513.7965 	DATA 	Keypress: 5
513.7966 	DATA 	TR 330 | TR1 165 | TR2 165
515.3630 	DATA 	Keypress: 5
515.3631 	DATA 	Waited 2.433151960372925 seconds for trigger
515.3638 	DATA 	
515.3638 	DATA 	Trial 13
515.3638 	DATA 	stimDur = 12.0
515.3639 	DATA 	jitter = 0.78525
515.3639 	DATA 	restDur = 30.0

515.3639 	DATA 	
515.3639 	DATA 	TR 331 | TR1 166 | TR2 165
516.1629 	DATA 	
516.1629 	DATA 	stimulation started
516.1629 	DATA 	
516.9129 	DATA 	Keypress: 5
516.9130 	DATA 	TR 332 | TR1 166 | TR2 166
518.4794 	DATA 	Keypress: 5
518.4795 	DATA 	TR 333 | TR1 167 | TR2 166
518.6128 	DATA 	Target presented
519.1627 	DATA 	Keypress: 1
519.1628 	DATA 	Key1 pressed
519.1628 	DATA 	Target detected
520.0293 	DATA 	Keypress: 5
520.0293 	DATA 	TR 334 | TR1 167 | TR2 167
521.6125 	DATA 	Keypress: 5
521.6125 	DATA 	TR 335 | TR1 168 | TR2 167
523.1625 	DATA 	Keypress: 5
523.1626 	DATA 	TR 336 | TR1 168 | TR2 168
524.7289 	DATA 	Keypress: 5
524.7289 	DATA 	TR 337 | TR1 169 | TR2 168
526.2787 	DATA 	Keypress: 5
526.2788 	DATA 	TR 338 | TR1 169 | TR2 169
527.8619 	DATA 	Keypress: 5
527.8619 	DATA 	TR 339 | TR1 170 | TR2 169
528.1618 	DATA 	
528.1619 	DATA 	stimulation stopped
528.1619 	DATA 	
529.4117 	DATA 	Keypress: 5
529.4117 	DATA 	TR 340 | TR1 170 | TR2 170
530.9782 	DATA 	Keypress: 5
530.9783 	DATA 	TR 341 | TR1 171 | TR2 170
532.5281 	DATA 	Keypress: 5
532.5281 	DATA 	TR 342 | TR1 171 | TR2 171
534.0946 	DATA 	Keypress: 5
534.0946 	DATA 	TR 343 | TR1 172 | TR2 171
535.6451 	DATA 	Keypress: 5
535.6611 	DATA 	TR 344 | TR1 172 | TR2 172
537.2277 	DATA 	Keypress: 5
537.2277 	DATA 	TR 345 | TR1 173 | TR2 172
538.7775 	DATA 	Keypress: 5
538.7776 	DATA 	TR 346 | TR1 173 | TR2 173
540.3441 	DATA 	Keypress: 5
540.3441 	DATA 	TR 347 | TR1 174 | TR2 173
541.8939 	DATA 	Keypress: 5
541.8939 	DATA 	TR 348 | TR1 174 | TR2 174
543.4771 	DATA 	Keypress: 5
543.4771 	DATA 	TR 349 | TR1 175 | TR2 174
545.0270 	DATA 	Keypress: 5
545.0270 	DATA 	TR 350 | TR1 175 | TR2 175
546.5934 	DATA 	Keypress: 5
546.5934 	DATA 	TR 351 | TR1 176 | TR2 175
548.1434 	DATA 	Keypress: 5
548.1434 	DATA 	TR 352 | TR1 176 | TR2 176
549.7105 	DATA 	Keypress: 5
549.7264 	DATA 	TR 353 | TR1 177 | TR2 176
551.2765 	DATA 	Keypress: 5
551.2765 	DATA 	TR 354 | TR1 177 | TR2 177
552.8429 	DATA 	Keypress: 5
552.8429 	DATA 	TR 355 | TR1 178 | TR2 177
554.3928 	DATA 	Keypress: 5
554.3928 	DATA 	TR 356 | TR1 178 | TR2 178
555.9593 	DATA 	Keypress: 5
555.9593 	DATA 	TR 357 | TR1 179 | TR2 178
557.5093 	DATA 	Keypress: 5
557.5093 	DATA 	TR 358 | TR1 179 | TR2 179
558.1590 	DATA 	
558.1590 	DATA 	Trial complete
558.1590 	DATA 	Waiting for VASO trigger to start next trial
558.1590 	DATA 	
559.0924 	DATA 	Keypress: 5
559.0924 	DATA 	Waited 0.9333939552307129 seconds for trigger
559.0932 	DATA 	
559.0932 	DATA 	Trial 14
559.0932 	DATA 	stimDur = 12.0
559.0932 	DATA 	jitter = 2.35575
559.0932 	DATA 	restDur = 30.0

559.0932 	DATA 	
559.0932 	DATA 	TR 359 | TR1 180 | TR2 179
560.6422 	DATA 	Keypress: 5
560.6422 	DATA 	TR 360 | TR1 180 | TR2 180
561.4587 	DATA 	
561.4587 	DATA 	stimulation started
561.4587 	DATA 	
562.2088 	DATA 	Keypress: 5
562.2088 	DATA 	TR 361 | TR1 181 | TR2 180
563.7586 	DATA 	Keypress: 5
563.7586 	DATA 	TR 362 | TR1 181 | TR2 181
565.3418 	DATA 	Keypress: 5
565.3419 	DATA 	TR 363 | TR1 182 | TR2 181
566.8916 	DATA 	Keypress: 5
566.8917 	DATA 	TR 364 | TR1 182 | TR2 182
567.7749 	DATA 	Target presented
568.2749 	DATA 	Keypress: 1
568.2750 	DATA 	Key1 pressed
568.2750 	DATA 	Target detected
568.4581 	DATA 	Keypress: 5
568.4582 	DATA 	TR 365 | TR1 183 | TR2 182
570.0081 	DATA 	Keypress: 5
570.0081 	DATA 	TR 366 | TR1 183 | TR2 183
571.5747 	DATA 	Keypress: 5
571.5747 	DATA 	TR 367 | TR1 184 | TR2 183
573.1410 	DATA 	Keypress: 5
573.1411 	DATA 	TR 368 | TR1 184 | TR2 184
573.4577 	DATA 	
573.4577 	DATA 	stimulation stopped
573.4577 	DATA 	
574.7075 	DATA 	Keypress: 5
574.7076 	DATA 	TR 369 | TR1 185 | TR2 184
576.2574 	DATA 	Keypress: 5
576.2574 	DATA 	TR 370 | TR1 185 | TR2 185
577.8239 	DATA 	Keypress: 5
577.8240 	DATA 	TR 371 | TR1 186 | TR2 185
579.3738 	DATA 	Keypress: 5
579.3738 	DATA 	TR 372 | TR1 186 | TR2 186
580.9570 	DATA 	Keypress: 5
580.9570 	DATA 	TR 373 | TR1 187 | TR2 186
582.5068 	DATA 	Keypress: 5
582.5069 	DATA 	TR 374 | TR1 187 | TR2 187
584.0733 	DATA 	Keypress: 5
584.0734 	DATA 	TR 375 | TR1 188 | TR2 187
585.6232 	DATA 	Keypress: 5
585.6232 	DATA 	TR 376 | TR1 188 | TR2 188
587.1903 	DATA 	Keypress: 5
587.2064 	DATA 	TR 377 | TR1 189 | TR2 188
588.7562 	DATA 	Keypress: 5
588.7563 	DATA 	TR 378 | TR1 189 | TR2 189
590.3228 	DATA 	Keypress: 5
590.3228 	DATA 	TR 379 | TR1 190 | TR2 189
591.8727 	DATA 	Keypress: 5
591.8728 	DATA 	TR 380 | TR1 190 | TR2 190
593.4391 	DATA 	Keypress: 5
593.4392 	DATA 	TR 381 | TR1 191 | TR2 190
594.9896 	DATA 	Keypress: 5
595.0056 	DATA 	TR 382 | TR1 191 | TR2 191
596.5722 	DATA 	Keypress: 5
596.5722 	DATA 	TR 383 | TR1 192 | TR2 191
598.1220 	DATA 	Keypress: 5
598.1221 	DATA 	TR 384 | TR1 192 | TR2 192
599.6886 	DATA 	Keypress: 5
599.6886 	DATA 	TR 385 | TR1 193 | TR2 192
601.2384 	DATA 	Keypress: 5
601.2384 	DATA 	TR 386 | TR1 193 | TR2 193
602.8215 	DATA 	Keypress: 5
602.8216 	DATA 	TR 387 | TR1 194 | TR2 193
603.4548 	DATA 	
603.4548 	DATA 	Trial complete
603.4549 	DATA 	Waiting for VASO trigger to start next trial
603.4549 	DATA 	
604.3714 	DATA 	Keypress: 5
604.3715 	DATA 	TR 388 | TR1 194 | TR2 194
605.9379 	DATA 	Keypress: 5
605.9380 	DATA 	Waited 2.4830830097198486 seconds for trigger
605.9387 	DATA 	
605.9387 	DATA 	Trial 15
605.9387 	DATA 	stimDur = 2.0
605.9387 	DATA 	jitter = 0.0
605.9387 	DATA 	restDur = 22.0

605.9387 	DATA 	
605.9388 	DATA 	TR 389 | TR1 195 | TR2 194
605.9388 	DATA 	
605.9388 	DATA 	stimulation started
605.9388 	DATA 	
607.4880 	DATA 	Keypress: 5
607.4880 	DATA 	TR 390 | TR1 195 | TR2 195
607.9545 	DATA 	
607.9545 	DATA 	stimulation stopped
607.9545 	DATA 	
609.0544 	DATA 	Keypress: 5
609.0544 	DATA 	TR 391 | TR1 196 | TR2 195
610.6048 	DATA 	Keypress: 5
610.6208 	DATA 	TR 392 | TR1 196 | TR2 196
612.1876 	DATA 	Keypress: 5
612.1876 	DATA 	TR 393 | TR1 197 | TR2 196
613.7372 	DATA 	Keypress: 5
613.7373 	DATA 	TR 394 | TR1 197 | TR2 197
615.3038 	DATA 	Keypress: 5
615.3038 	DATA 	TR 395 | TR1 198 | TR2 197
616.8536 	DATA 	Keypress: 5
616.8537 	DATA 	TR 396 | TR1 198 | TR2 198
618.4368 	DATA 	Keypress: 5
618.4369 	DATA 	TR 397 | TR1 199 | TR2 198
619.9867 	DATA 	Keypress: 5
619.9867 	DATA 	TR 398 | TR1 199 | TR2 199
620.6199 	DATA 	Target presented
621.2032 	DATA 	Keypress: 1
621.2033 	DATA 	Key1 pressed
621.2033 	DATA 	Target detected
621.5532 	DATA 	Keypress: 5
621.5532 	DATA 	TR 399 | TR1 200 | TR2 199
623.1030 	DATA 	Keypress: 5
623.1031 	DATA 	TR 400 | TR1 200 | TR2 200
624.6863 	DATA 	Keypress: 5
624.6863 	DATA 	TR 401 | TR1 201 | TR2 200
626.2361 	DATA 	Keypress: 5
626.2361 	DATA 	TR 402 | TR1 201 | TR2 201
627.8026 	DATA 	Keypress: 5
627.8027 	DATA 	TR 403 | TR1 202 | TR2 201
629.3525 	DATA 	Keypress: 5
629.3525 	DATA 	TR 404 | TR1 202 | TR2 202
629.9524 	DATA 	
629.9524 	DATA 	Trial complete
629.9524 	DATA 	Waiting for VASO trigger to start next trial
629.9524 	DATA 	
630.9190 	DATA 	Keypress: 5
630.9191 	DATA 	Waited 0.9666640758514404 seconds for trigger
630.9198 	DATA 	
630.9198 	DATA 	Trial 16
630.9198 	DATA 	stimDur = 1.0
630.9199 	DATA 	jitter = 2.35575
630.9199 	DATA 	restDur = 20.0

630.9199 	DATA 	
630.9199 	DATA 	TR 405 | TR1 203 | TR2 202
632.4690 	DATA 	Keypress: 5
632.4690 	DATA 	TR 406 | TR1 203 | TR2 203
633.2854 	DATA 	
633.2854 	DATA 	stimulation started
633.2854 	DATA 	
634.0521 	DATA 	Keypress: 5
634.0522 	DATA 	TR 407 | TR1 204 | TR2 203
634.2853 	DATA 	
634.2854 	DATA 	stimulation stopped
634.2854 	DATA 	
635.6019 	DATA 	Keypress: 5
635.6019 	DATA 	TR 408 | TR1 204 | TR2 204
637.1684 	DATA 	Keypress: 5
637.1685 	DATA 	TR 409 | TR1 205 | TR2 204
638.7182 	DATA 	Keypress: 5
638.7183 	DATA 	TR 410 | TR1 205 | TR2 205
640.3015 	DATA 	Keypress: 5
640.3015 	DATA 	TR 411 | TR1 206 | TR2 205
641.8513 	DATA 	Keypress: 5
641.8513 	DATA 	TR 412 | TR1 206 | TR2 206
643.4179 	DATA 	Keypress: 5
643.4179 	DATA 	TR 413 | TR1 207 | TR2 206
644.9677 	DATA 	Keypress: 5
644.9677 	DATA 	TR 414 | TR1 207 | TR2 207
646.5342 	DATA 	Keypress: 5
646.5343 	DATA 	TR 415 | TR1 208 | TR2 207
648.1007 	DATA 	Keypress: 5
648.1008 	DATA 	TR 416 | TR1 208 | TR2 208
649.6673 	DATA 	Keypress: 5
649.6673 	DATA 	TR 417 | TR1 209 | TR2 208
651.2171 	DATA 	Keypress: 5
651.2172 	DATA 	TR 418 | TR1 209 | TR2 209
652.7837 	DATA 	Keypress: 5
652.7837 	DATA 	TR 419 | TR1 210 | TR2 209
654.2835 	DATA 	
654.2835 	DATA 	Trial complete
654.2835 	DATA 	Waiting for VASO trigger to start next trial
654.2835 	DATA 	
654.3335 	DATA 	Keypress: 5
654.3335 	DATA 	TR 420 | TR1 210 | TR2 210
655.9167 	DATA 	Keypress: 5
655.9168 	DATA 	Waited 1.6332669258117676 seconds for trigger
655.9175 	DATA 	
655.9175 	DATA 	Trial 17
655.9175 	DATA 	stimDur = 24.0
655.9175 	DATA 	jitter = 2.35575
655.9175 	DATA 	restDur = 40.0

655.9176 	DATA 	
655.9176 	DATA 	TR 421 | TR1 211 | TR2 210
657.4665 	DATA 	Keypress: 5
657.4666 	DATA 	TR 422 | TR1 211 | TR2 211
658.2831 	DATA 	
658.2831 	DATA 	stimulation started
658.2831 	DATA 	
659.0331 	DATA 	Keypress: 5
659.0332 	DATA 	TR 423 | TR1 212 | TR2 211
660.5830 	DATA 	Keypress: 5
660.5830 	DATA 	TR 424 | TR1 212 | TR2 212
662.1662 	DATA 	Keypress: 5
662.1663 	DATA 	TR 425 | TR1 213 | TR2 212
663.7160 	DATA 	Keypress: 5
663.7161 	DATA 	TR 426 | TR1 213 | TR2 213
665.2825 	DATA 	Keypress: 5
665.2826 	DATA 	TR 427 | TR1 214 | TR2 213
666.8324 	DATA 	Keypress: 5
666.8324 	DATA 	TR 428 | TR1 214 | TR2 214
668.3990 	DATA 	Keypress: 5
668.3990 	DATA 	TR 429 | TR1 215 | TR2 214
669.9496 	DATA 	Keypress: 5
669.9654 	DATA 	TR 430 | TR1 215 | TR2 215
671.5321 	DATA 	Keypress: 5
671.5321 	DATA 	TR 431 | TR1 216 | TR2 215
673.0819 	DATA 	Keypress: 5
673.0819 	DATA 	TR 432 | TR1 216 | TR2 216
674.6484 	DATA 	Keypress: 5
674.6485 	DATA 	TR 433 | TR1 217 | TR2 216
676.1982 	DATA 	Keypress: 5
676.1983 	DATA 	TR 434 | TR1 217 | TR2 217
677.7815 	DATA 	Keypress: 5
677.7815 	DATA 	TR 435 | TR1 218 | TR2 217
679.3313 	DATA 	Keypress: 5
679.3313 	DATA 	TR 436 | TR1 218 | TR2 218
680.8979 	DATA 	Keypress: 5
680.8979 	DATA 	TR 437 | TR1 219 | TR2 218
682.2811 	DATA 	
682.2811 	DATA 	stimulation stopped
682.2811 	DATA 	
682.4475 	DATA 	Keypress: 5
682.4475 	DATA 	TR 438 | TR1 219 | TR2 219
684.0142 	DATA 	Keypress: 5
684.0143 	DATA 	TR 439 | TR1 220 | TR2 219
685.5807 	DATA 	Keypress: 5
685.5808 	DATA 	TR 440 | TR1 220 | TR2 220
687.1473 	DATA 	Keypress: 5
687.1473 	DATA 	TR 441 | TR1 221 | TR2 220
688.6971 	DATA 	Keypress: 5
688.6972 	DATA 	TR 442 | TR1 221 | TR2 221
690.2637 	DATA 	Keypress: 5
690.2637 	DATA 	TR 443 | TR1 222 | TR2 221
691.8135 	DATA 	Keypress: 5
691.8136 	DATA 	TR 444 | TR1 222 | TR2 222
693.3967 	DATA 	Keypress: 5
693.3968 	DATA 	TR 445 | TR1 223 | TR2 222
693.8300 	DATA 	Target presented
694.3966 	DATA 	Keypress: 1
694.3967 	DATA 	Key1 pressed
694.3967 	DATA 	Target detected
694.9466 	DATA 	Keypress: 5
694.9466 	DATA 	TR 446 | TR1 223 | TR2 223
696.5131 	DATA 	Keypress: 5
696.5132 	DATA 	TR 447 | TR1 224 | TR2 223
698.0630 	DATA 	Keypress: 5
698.0630 	DATA 	TR 448 | TR1 224 | TR2 224
699.6462 	DATA 	Keypress: 5
699.6462 	DATA 	TR 449 | TR1 225 | TR2 224
701.1960 	DATA 	Keypress: 5
701.1961 	DATA 	TR 450 | TR1 225 | TR2 225
702.7626 	DATA 	Keypress: 5
702.7626 	DATA 	TR 451 | TR1 226 | TR2 225
704.3124 	DATA 	Keypress: 5
704.3124 	DATA 	TR 452 | TR1 226 | TR2 226
705.8790 	DATA 	Keypress: 5
705.8790 	DATA 	TR 453 | TR1 227 | TR2 226
707.4455 	DATA 	Keypress: 5
707.4455 	DATA 	TR 454 | TR1 227 | TR2 227
709.0120 	DATA 	Keypress: 5
709.0121 	DATA 	TR 455 | TR1 228 | TR2 227
710.5619 	DATA 	Keypress: 5
710.5619 	DATA 	TR 456 | TR1 228 | TR2 228
712.1284 	DATA 	Keypress: 5
712.1285 	DATA 	TR 457 | TR1 229 | TR2 228
713.6783 	DATA 	Keypress: 5
713.6783 	DATA 	TR 458 | TR1 229 | TR2 229
715.2615 	DATA 	Keypress: 5
715.2615 	DATA 	TR 459 | TR1 230 | TR2 229
716.8114 	DATA 	Keypress: 5
716.8115 	DATA 	TR 460 | TR1 230 | TR2 230
718.3779 	DATA 	Keypress: 5
718.3779 	DATA 	TR 461 | TR1 231 | TR2 230
719.9277 	DATA 	Keypress: 5
719.9278 	DATA 	TR 462 | TR1 231 | TR2 231
721.4949 	DATA 	Keypress: 5
721.5109 	DATA 	TR 463 | TR1 232 | TR2 231
722.2775 	DATA 	
722.2775 	DATA 	Trial complete
722.2775 	DATA 	Waiting for VASO trigger to start next trial
722.2775 	DATA 	
723.0608 	DATA 	Keypress: 5
723.0608 	DATA 	TR 464 | TR1 232 | TR2 232
724.6273 	DATA 	Keypress: 5
724.6274 	DATA 	Waited 2.34989595413208 seconds for trigger
724.6282 	DATA 	
724.6282 	DATA 	Trial 18
724.6282 	DATA 	stimDur = 1.0
724.6282 	DATA 	jitter = 0.78525
724.6282 	DATA 	restDur = 20.0

724.6282 	DATA 	
724.6282 	DATA 	TR 465 | TR1 233 | TR2 232
725.4272 	DATA 	
725.4272 	DATA 	stimulation started
725.4272 	DATA 	
726.1773 	DATA 	Keypress: 5
726.1773 	DATA 	TR 466 | TR1 233 | TR2 233
726.4272 	DATA 	
726.4272 	DATA 	stimulation stopped
726.4272 	DATA 	
727.7437 	DATA 	Keypress: 5
727.7437 	DATA 	TR 467 | TR1 234 | TR2 233
729.2936 	DATA 	Keypress: 5
729.2936 	DATA 	TR 468 | TR1 234 | TR2 234
730.8767 	DATA 	Keypress: 5
730.8768 	DATA 	TR 469 | TR1 235 | TR2 234
732.4266 	DATA 	Keypress: 5
732.4267 	DATA 	TR 470 | TR1 235 | TR2 235
733.9931 	DATA 	Keypress: 5
733.9932 	DATA 	TR 471 | TR1 236 | TR2 235
735.5430 	DATA 	Keypress: 5
735.5431 	DATA 	TR 472 | TR1 236 | TR2 236
737.1262 	DATA 	Keypress: 5
737.1263 	DATA 	TR 473 | TR1 237 | TR2 236
738.6761 	DATA 	Keypress: 5
738.6761 	DATA 	TR 474 | TR1 237 | TR2 237
740.2426 	DATA 	Keypress: 5
740.2426 	DATA 	TR 475 | TR1 238 | TR2 237
741.7925 	DATA 	Keypress: 5
741.7926 	DATA 	TR 476 | TR1 238 | TR2 238
743.3590 	DATA 	Keypress: 5
743.3590 	DATA 	TR 477 | TR1 239 | TR2 238
744.9256 	DATA 	Keypress: 5
744.9256 	DATA 	TR 478 | TR1 239 | TR2 239
746.4254 	DATA 	
746.4254 	DATA 	Trial complete
746.4254 	DATA 	Waiting for VASO trigger to start next trial
746.4254 	DATA 	
746.4921 	DATA 	Keypress: 5
746.4921 	DATA 	Waited 0.0667109489440918 seconds for trigger
746.4929 	DATA 	
746.4929 	DATA 	Trial 19
746.4929 	DATA 	stimDur = 2.0
746.4929 	DATA 	jitter = 1.5705
746.4929 	DATA 	restDur = 22.0

746.4929 	DATA 	
746.4929 	DATA 	TR 479 | TR1 240 | TR2 239
748.0420 	DATA 	Keypress: 5
748.0420 	DATA 	TR 480 | TR1 240 | TR2 240
748.0752 	DATA 	
748.0752 	DATA 	stimulation started
748.0752 	DATA 	
749.6085 	DATA 	Keypress: 5
749.6086 	DATA 	TR 481 | TR1 241 | TR2 240
750.0751 	DATA 	
750.0751 	DATA 	stimulation stopped
750.0751 	DATA 	
751.1583 	DATA 	Keypress: 5
751.1584 	DATA 	TR 482 | TR1 241 | TR2 241
752.7416 	DATA 	Keypress: 5
752.7417 	DATA 	TR 483 | TR1 242 | TR2 241
754.2915 	DATA 	Keypress: 5
754.2916 	DATA 	TR 484 | TR1 242 | TR2 242
755.8579 	DATA 	Keypress: 5
755.8580 	DATA 	TR 485 | TR1 243 | TR2 242
757.4075 	DATA 	Keypress: 5
757.4076 	DATA 	TR 486 | TR1 243 | TR2 243
758.9910 	DATA 	Keypress: 5
758.9910 	DATA 	TR 487 | TR1 244 | TR2 243
760.5409 	DATA 	Keypress: 5
760.5409 	DATA 	TR 488 | TR1 244 | TR2 244
762.1074 	DATA 	Keypress: 5
762.1074 	DATA 	TR 489 | TR1 245 | TR2 244
763.6572 	DATA 	Keypress: 5
763.6573 	DATA 	TR 490 | TR1 245 | TR2 245
765.2238 	DATA 	Keypress: 5
765.2239 	DATA 	TR 491 | TR1 246 | TR2 245
766.7737 	DATA 	Keypress: 5
766.7737 	DATA 	TR 492 | TR1 246 | TR2 246
768.3568 	DATA 	Keypress: 5
768.3568 	DATA 	TR 493 | TR1 247 | TR2 246
769.9067 	DATA 	Keypress: 5
769.9067 	DATA 	TR 494 | TR1 247 | TR2 247
771.4732 	DATA 	Keypress: 5
771.4733 	DATA 	TR 495 | TR1 248 | TR2 247
772.0731 	DATA 	
772.0731 	DATA 	Trial complete
772.0731 	DATA 	
773.0231 	DATA 	Keypress: 5
773.0231 	DATA 	TR 496 | TR1 248 | TR2 248
774.6063 	DATA 	Keypress: 5
774.6063 	DATA 	Waited 28.180915117263794 seconds for trigger
774.6071 	DATA 	
774.6071 	DATA 	Trial 20
774.6071 	DATA 	stimDur = 1.0
774.6071 	DATA 	jitter = 0.0
774.6071 	DATA 	restDur = 20.0

774.6071 	DATA 	
774.6071 	DATA 	TR 497 | TR1 249 | TR2 248
774.6071 	DATA 	
774.6071 	DATA 	stimulation started
774.6071 	DATA 	
775.6229 	DATA 	
775.6229 	DATA 	stimulation stopped
775.6229 	DATA 	
776.1562 	DATA 	Keypress: 5
776.1562 	DATA 	TR 498 | TR1 249 | TR2 249
777.7227 	DATA 	Keypress: 5
777.7227 	DATA 	TR 499 | TR1 250 | TR2 249
779.2725 	DATA 	Keypress: 5
779.2726 	DATA 	TR 500 | TR1 250 | TR2 250
780.8397 	DATA 	Keypress: 5
780.8557 	DATA 	TR 501 | TR1 251 | TR2 250
782.4056 	DATA 	Keypress: 5
782.4057 	DATA 	TR 502 | TR1 251 | TR2 251
783.9721 	DATA 	Keypress: 5
783.9721 	DATA 	TR 503 | TR1 252 | TR2 251
785.5220 	DATA 	Keypress: 5
785.5221 	DATA 	TR 504 | TR1 252 | TR2 252
787.0885 	DATA 	Keypress: 5
787.0885 	DATA 	TR 505 | TR1 253 | TR2 252
788.6384 	DATA 	Keypress: 5
788.6384 	DATA 	TR 506 | TR1 253 | TR2 253
790.2215 	DATA 	Keypress: 5
790.2216 	DATA 	TR 507 | TR1 254 | TR2 253
791.7714 	DATA 	Keypress: 5
791.7715 	DATA 	TR 508 | TR1 254 | TR2 254
793.3380 	DATA 	Keypress: 5
793.3380 	DATA 	TR 509 | TR1 255 | TR2 254
794.8878 	DATA 	Keypress: 5
794.8879 	DATA 	TR 510 | TR1 255 | TR2 255
795.6210 	DATA 	
795.6211 	DATA 	Trial complete
795.6211 	DATA 	
796.4710 	DATA 	Keypress: 5
796.4711 	DATA 	TR 511 | TR1 256 | TR2 255
798.0209 	DATA 	Keypress: 5
798.0209 	DATA 	TR 512 | TR1 256 | TR2 256
799.5874 	DATA 	Keypress: 5
799.5874 	DATA 	TR 513 | TR1 257 | TR2 256
801.1373 	DATA 	Keypress: 5
801.1373 	DATA 	TR 514 | TR1 257 | TR2 257
802.7039 	DATA 	Keypress: 5
802.7040 	DATA 	TR 515 | TR1 258 | TR2 257
804.2543 	DATA 	Keypress: 5
804.2704 	DATA 	TR 516 | TR1 258 | TR2 258
805.8368 	DATA 	Keypress: 5
805.8369 	DATA 	TR 517 | TR1 259 | TR2 258
807.3867 	DATA 	Keypress: 5
807.3868 	DATA 	TR 518 | TR1 259 | TR2 259
808.9532 	DATA 	Keypress: 5
808.9533 	DATA 	TR 519 | TR1 260 | TR2 259
810.5031 	DATA 	Keypress: 5
810.5032 	DATA 	TR 520 | TR1 260 | TR2 260
812.0863 	DATA 	Keypress: 5
812.0864 	DATA 	TR 521 | TR1 261 | TR2 260
813.6362 	DATA 	Keypress: 5
813.6362 	DATA 	TR 522 | TR1 261 | TR2 261
815.2026 	DATA 	Keypress: 5
815.2027 	DATA 	TR 523 | TR1 262 | TR2 261
816.7526 	DATA 	Keypress: 5
816.7526 	DATA 	TR 524 | TR1 262 | TR2 262
818.3197 	DATA 	Keypress: 5
818.3357 	DATA 	TR 525 | TR1 263 | TR2 262
819.8856 	DATA 	Keypress: 5
819.8857 	DATA 	TR 526 | TR1 263 | TR2 263
821.4521 	DATA 	Keypress: 5
821.4522 	DATA 	TR 527 | TR1 264 | TR2 263
822.0687 	DATA 	EndOfRun sub-09_ses-05_run-05

822.0687 	DATA 	We spent 51.50460171699524 seconds waiting for triggers
822.0687 	DATA 	RatioOfDetectedTargets 1.0
822.0687 	DATA 	You have detected 12 out of 12 targets.
826.8907 	DATA 	Keypress: 5
826.8909 	DATA 	Keypress: 5
826.8910 	DATA 	Keypress: 5
827.0981 	EXP 	window1: mouseVisible = True
