MonitorDistance=99cm
MonitorWidth=30cm
PixelWidth=1024.0
PixelHeight=768.0
You have detected 12 out of 12 targets.
Excellent! Keep up the good work
5.9154 	INFO 	Loaded monitor calibration from ['2021_05_26 17:55']
6.3748 	EXP 	Created window1 = Window(allowGUI=False, allowStencil=False, autoLog=True, backendConf=UNKNOWN, bitsMode=UNKNOWN, blendMode='avg', bpc=(8, 8, 8), color=array([-0.5, -0.5, -0.5]), colorSpace='rgb', depthBits=8, fullscr=<method-wrapper '__getattribute__' of attributeSetter object at 0x7fdddf3f0438>, gamma=None, gammaErrorPolicy='raise', lms=UNKNOWN, monitor=<psychopy.monitors.calibTools.Monitor object at 0x7fddd52130b8>, multiSample=False, name='window1', numSamples=2, pos=[0.0, 0.0], screen=0, size=array([1024,  768]), stencilBits=0, stereo=False, units='deg', useFBO=False, useRetina=False, viewOri=0.0, viewPos=None, viewScale=None, waitBlanking=True, winType='pyglet')
6.3749 	EXP 	window1: mouseVisible = True
6.4380 	EXP 	Created unnamed TextStim = TextStim(__class__=<class 'psychopy.visual.text.TextStim'>, alignHoriz=method-wrapper(...), alignText='center', alignVert=method-wrapper(...), anchorHoriz='center', anchorVert='center', antialias=True, autoLog=True, bold=False, color=array([1., 1., 1.]), colorSpace='rgb', contrast=1.0, depth=0, flipHoriz=False, flipVert=False, font='', fontFiles=[], height=0.5, italic=False, languageStyle='LTR', name='unnamed TextStim', opacity=1.0, ori=0.0, pos=array([0., 0.]), rgb=UNKNOWN, text=str(...), units='deg', win=Window(...), wrapWidth=15.0)
6.4962 	EXP 	Created Movie Frame 0 = ImageStim(__class__=<class 'psychopy.visual.image.ImageStim'>, autoLog=True, color=array([0.8, 0.8, 0.8]), colorSpace='rgb', contrast=0.8, depth=0, flipHoriz=False, flipVert=False, image='visual_0.png', interpolate=False, mask=None, maskParams=None, name='Movie Frame 0', opacity=1, ori=0.0, pos=array([0., 0.]), size=array([1024,  768]), texRes=128, units='pix', win=Window(...))
6.5478 	EXP 	Created Movie Frame 1 = ImageStim(__class__=<class 'psychopy.visual.image.ImageStim'>, autoLog=True, color=array([0.8, 0.8, 0.8]), colorSpace='rgb', contrast=0.8, depth=0, flipHoriz=False, flipVert=False, image='visual_1.png', interpolate=False, mask=None, maskParams=None, name='Movie Frame 1', opacity=1, ori=0.0, pos=array([0., 0.]), size=array([1024,  768]), texRes=128, units='pix', win=Window(...))
103.5848 	DATA 	Keypress: 5
0.0000 	DATA 	StartOfRun sub-09_ses-05_run-02
0.0000 	DATA 	TR 1 | TR1 1 | TR2 0
0.0110 	DATA 	Initial baseline

1.5499 	DATA 	Keypress: 5
1.5500 	DATA 	TR 2 | TR1 1 | TR2 1
3.1220 	DATA 	Keypress: 5
3.1221 	DATA 	TR 3 | TR1 2 | TR2 1
4.6732 	DATA 	Keypress: 5
4.6733 	DATA 	TR 4 | TR1 2 | TR2 2
6.2454 	DATA 	Keypress: 5
6.2454 	DATA 	TR 5 | TR1 3 | TR2 2
7.7966 	DATA 	Keypress: 5
7.7966 	DATA 	TR 6 | TR1 3 | TR2 3
9.3688 	DATA 	Keypress: 5
9.3689 	DATA 	TR 7 | TR1 4 | TR2 3
10.9200 	DATA 	Keypress: 5
10.9200 	DATA 	TR 8 | TR1 4 | TR2 4
12.4922 	DATA 	Keypress: 5
12.4922 	DATA 	TR 9 | TR1 5 | TR2 4
14.0433 	DATA 	Keypress: 5
14.0434 	DATA 	TR 10 | TR1 5 | TR2 5
15.6156 	DATA 	Keypress: 5
15.6156 	DATA 	TR 11 | TR1 6 | TR2 5
17.1667 	DATA 	Keypress: 5
17.1668 	DATA 	TR 12 | TR1 6 | TR2 6
18.7389 	DATA 	Keypress: 5
18.7390 	DATA 	TR 13 | TR1 7 | TR2 6
20.2901 	DATA 	Keypress: 5
20.2902 	DATA 	TR 14 | TR1 7 | TR2 7
21.8623 	DATA 	Keypress: 5
21.8623 	DATA 	TR 15 | TR1 8 | TR2 7
23.4136 	DATA 	Keypress: 5
23.4137 	DATA 	TR 16 | TR1 8 | TR2 8
24.9857 	DATA 	Keypress: 5
24.9857 	DATA 	TR 17 | TR1 9 | TR2 8
26.5369 	DATA 	Keypress: 5
26.5369 	DATA 	TR 18 | TR1 9 | TR2 9
28.1091 	DATA 	Keypress: 5
28.1091 	DATA 	TR 19 | TR1 10 | TR2 9
29.6604 	DATA 	Keypress: 5
29.6604 	DATA 	TR 20 | TR1 10 | TR2 10
31.2421 	DATA 	Keypress: 5
31.2421 	DATA 	Waited 1.2421119213104248 seconds for trigger
31.2436 	DATA 	
31.2436 	DATA 	Trial 1
31.2436 	DATA 	stimDur = 12.0
31.2436 	DATA 	jitter = 0.0
31.2436 	DATA 	restDur = 30.0

31.2436 	DATA 	
31.2436 	DATA 	TR 21 | TR1 11 | TR2 10
31.2436 	DATA 	
31.2436 	DATA 	stimulation started
31.2436 	DATA 	
32.7920 	DATA 	Keypress: 5
32.7920 	DATA 	TR 22 | TR1 11 | TR2 11
34.3585 	DATA 	Keypress: 5
34.3585 	DATA 	TR 23 | TR1 12 | TR2 11
35.9084 	DATA 	Keypress: 5
35.9084 	DATA 	TR 24 | TR1 12 | TR2 12
37.4915 	DATA 	Keypress: 5
37.4916 	DATA 	TR 25 | TR1 13 | TR2 12
39.0415 	DATA 	Keypress: 5
39.0416 	DATA 	TR 26 | TR1 13 | TR2 13
40.6079 	DATA 	Keypress: 5
40.6080 	DATA 	TR 27 | TR1 14 | TR2 13
42.1578 	DATA 	Keypress: 5
42.1579 	DATA 	TR 28 | TR1 14 | TR2 14
43.2576 	DATA 	
43.2576 	DATA 	stimulation stopped
43.2576 	DATA 	
43.7409 	DATA 	Keypress: 5
43.7410 	DATA 	TR 29 | TR1 15 | TR2 14
45.2908 	DATA 	Keypress: 5
45.2908 	DATA 	TR 30 | TR1 15 | TR2 15
46.8573 	DATA 	Keypress: 5
46.8573 	DATA 	TR 31 | TR1 16 | TR2 15
48.4072 	DATA 	Keypress: 5
48.4072 	DATA 	TR 32 | TR1 16 | TR2 16
49.9736 	DATA 	Keypress: 5
49.9737 	DATA 	TR 33 | TR1 17 | TR2 16
51.5241 	DATA 	Keypress: 5
51.5402 	DATA 	TR 34 | TR1 17 | TR2 17
53.1067 	DATA 	Keypress: 5
53.1067 	DATA 	TR 35 | TR1 18 | TR2 17
54.6566 	DATA 	Keypress: 5
54.6566 	DATA 	TR 36 | TR1 18 | TR2 18
56.2231 	DATA 	Keypress: 5
56.2231 	DATA 	TR 37 | TR1 19 | TR2 18
57.7730 	DATA 	Keypress: 5
57.7730 	DATA 	TR 38 | TR1 19 | TR2 19
59.3561 	DATA 	Keypress: 5
59.3562 	DATA 	TR 39 | TR1 20 | TR2 19
60.9060 	DATA 	Keypress: 5
60.9060 	DATA 	TR 40 | TR1 20 | TR2 20
62.4725 	DATA 	Keypress: 5
62.4726 	DATA 	TR 41 | TR1 21 | TR2 20
64.0224 	DATA 	Keypress: 5
64.0224 	DATA 	TR 42 | TR1 21 | TR2 21
65.6055 	DATA 	Keypress: 5
65.6056 	DATA 	TR 43 | TR1 22 | TR2 21
67.1555 	DATA 	Keypress: 5
67.1555 	DATA 	TR 44 | TR1 22 | TR2 22
68.7219 	DATA 	Keypress: 5
68.7220 	DATA 	TR 45 | TR1 23 | TR2 22
70.2718 	DATA 	Keypress: 5
70.2719 	DATA 	TR 46 | TR1 23 | TR2 23
71.2384 	DATA 	Target presented
71.8383 	DATA 	Keypress: 5
71.8383 	DATA 	TR 47 | TR1 24 | TR2 23
71.8549 	DATA 	Keypress: 1
71.8550 	DATA 	Key1 pressed
71.8550 	DATA 	Target detected
73.2548 	DATA 	
73.2548 	DATA 	Trial complete
73.2548 	DATA 	Waiting for VASO trigger to start next trial
73.2548 	DATA 	
73.3882 	DATA 	Keypress: 5
73.3882 	DATA 	TR 48 | TR1 24 | TR2 24
74.9714 	DATA 	Keypress: 5
74.9715 	DATA 	Waited 1.7166550159454346 seconds for trigger
74.9722 	DATA 	
74.9723 	DATA 	Trial 2
74.9723 	DATA 	stimDur = 24.0
74.9723 	DATA 	jitter = 0.78525
74.9723 	DATA 	restDur = 40.0

74.9723 	DATA 	
74.9723 	DATA 	TR 49 | TR1 25 | TR2 24
75.7712 	DATA 	
75.7712 	DATA 	stimulation started
75.7712 	DATA 	
76.5212 	DATA 	Keypress: 5
76.5213 	DATA 	TR 50 | TR1 25 | TR2 25
78.0878 	DATA 	Keypress: 5
78.0878 	DATA 	TR 51 | TR1 26 | TR2 25
79.6376 	DATA 	Keypress: 5
79.6376 	DATA 	TR 52 | TR1 26 | TR2 26
81.2208 	DATA 	Keypress: 5
81.2209 	DATA 	TR 53 | TR1 27 | TR2 26
82.7707 	DATA 	Keypress: 5
82.7707 	DATA 	TR 54 | TR1 27 | TR2 27
84.3372 	DATA 	Keypress: 5
84.3373 	DATA 	TR 55 | TR1 28 | TR2 27
85.8870 	DATA 	Keypress: 5
85.8871 	DATA 	TR 56 | TR1 28 | TR2 28
87.4536 	DATA 	Keypress: 5
87.4536 	DATA 	TR 57 | TR1 29 | TR2 28
89.0201 	DATA 	Keypress: 5
89.0201 	DATA 	TR 58 | TR1 29 | TR2 29
90.5866 	DATA 	Keypress: 5
90.5867 	DATA 	TR 59 | TR1 30 | TR2 29
92.1364 	DATA 	Keypress: 5
92.1365 	DATA 	TR 60 | TR1 30 | TR2 30
93.7030 	DATA 	Keypress: 5
93.7031 	DATA 	TR 61 | TR1 31 | TR2 30
95.2529 	DATA 	Keypress: 5
95.2530 	DATA 	TR 62 | TR1 31 | TR2 31
96.8360 	DATA 	Keypress: 5
96.8361 	DATA 	TR 63 | TR1 32 | TR2 31
98.3859 	DATA 	Keypress: 5
98.3859 	DATA 	TR 64 | TR1 32 | TR2 32
99.7691 	DATA 	
99.7691 	DATA 	stimulation stopped
99.7691 	DATA 	
99.9524 	DATA 	Keypress: 5
99.9524 	DATA 	TR 65 | TR1 33 | TR2 32
101.5022 	DATA 	Keypress: 5
101.5023 	DATA 	TR 66 | TR1 33 | TR2 33
103.0693 	DATA 	Keypress: 5
103.0853 	DATA 	TR 67 | TR1 34 | TR2 33
104.6352 	DATA 	Keypress: 5
104.6353 	DATA 	TR 68 | TR1 34 | TR2 34
106.2018 	DATA 	Keypress: 5
106.2018 	DATA 	TR 69 | TR1 35 | TR2 34
107.7516 	DATA 	Keypress: 5
107.7517 	DATA 	TR 70 | TR1 35 | TR2 35
109.3182 	DATA 	Keypress: 5
109.3182 	DATA 	TR 71 | TR1 36 | TR2 35
110.8686 	DATA 	Keypress: 5
110.8846 	DATA 	TR 72 | TR1 36 | TR2 36
112.4512 	DATA 	Keypress: 5
112.4513 	DATA 	TR 73 | TR1 37 | TR2 36
114.0010 	DATA 	Keypress: 5
114.0011 	DATA 	TR 74 | TR1 37 | TR2 37
115.5676 	DATA 	Keypress: 5
115.5676 	DATA 	TR 75 | TR1 38 | TR2 37
117.1174 	DATA 	Keypress: 5
117.1174 	DATA 	TR 76 | TR1 38 | TR2 38
118.7006 	DATA 	Keypress: 5
118.7007 	DATA 	TR 77 | TR1 39 | TR2 38
120.2504 	DATA 	Keypress: 5
120.2505 	DATA 	TR 78 | TR1 39 | TR2 39
121.8170 	DATA 	Keypress: 5
121.8171 	DATA 	TR 79 | TR1 40 | TR2 39
123.3670 	DATA 	Keypress: 5
123.3671 	DATA 	TR 80 | TR1 40 | TR2 40
124.9334 	DATA 	Keypress: 5
124.9334 	DATA 	TR 81 | TR1 41 | TR2 40
126.4999 	DATA 	Keypress: 5
126.4999 	DATA 	TR 82 | TR1 41 | TR2 41
128.0664 	DATA 	Keypress: 5
128.0665 	DATA 	TR 83 | TR1 42 | TR2 41
129.6162 	DATA 	Keypress: 5
129.6163 	DATA 	TR 84 | TR1 42 | TR2 42
131.1828 	DATA 	Keypress: 5
131.1828 	DATA 	TR 85 | TR1 43 | TR2 42
132.7326 	DATA 	Keypress: 5
132.7327 	DATA 	TR 86 | TR1 43 | TR2 43
134.3160 	DATA 	Keypress: 5
134.3160 	DATA 	TR 87 | TR1 44 | TR2 43
135.8657 	DATA 	Keypress: 5
135.8657 	DATA 	TR 88 | TR1 44 | TR2 44
137.4322 	DATA 	Keypress: 5
137.4323 	DATA 	TR 89 | TR1 45 | TR2 44
138.9821 	DATA 	Keypress: 5
138.9821 	DATA 	TR 90 | TR1 45 | TR2 45
139.7653 	DATA 	
139.7653 	DATA 	Trial complete
139.7653 	DATA 	Waiting for VASO trigger to start next trial
139.7653 	DATA 	
140.5653 	DATA 	Keypress: 5
140.5653 	DATA 	Waited 0.8000121116638184 seconds for trigger
140.5661 	DATA 	
140.5661 	DATA 	Trial 3
140.5661 	DATA 	stimDur = 2.0
140.5661 	DATA 	jitter = 2.35575
140.5661 	DATA 	restDur = 22.0

140.5661 	DATA 	
140.5661 	DATA 	TR 91 | TR1 46 | TR2 45
142.1151 	DATA 	Keypress: 5
142.1151 	DATA 	TR 92 | TR1 46 | TR2 46
142.9316 	DATA 	
142.9317 	DATA 	stimulation started
142.9317 	DATA 	
143.6817 	DATA 	Keypress: 5
143.6818 	DATA 	TR 93 | TR1 47 | TR2 46
144.9315 	DATA 	
144.9315 	DATA 	stimulation stopped
144.9315 	DATA 	
145.2315 	DATA 	Keypress: 5
145.2315 	DATA 	TR 94 | TR1 47 | TR2 47
146.7980 	DATA 	Keypress: 5
146.7980 	DATA 	TR 95 | TR1 48 | TR2 47
147.7312 	DATA 	Target presented
148.2978 	DATA 	Keypress: 1
148.2979 	DATA 	Key1 pressed
148.2979 	DATA 	Target detected
148.3484 	DATA 	Keypress: 5
148.3645 	DATA 	TR 96 | TR1 48 | TR2 48
149.9311 	DATA 	Keypress: 5
149.9311 	DATA 	TR 97 | TR1 49 | TR2 48
151.4809 	DATA 	Keypress: 5
151.4809 	DATA 	TR 98 | TR1 49 | TR2 49
153.0476 	DATA 	Keypress: 5
153.0476 	DATA 	TR 99 | TR1 50 | TR2 49
154.5973 	DATA 	Keypress: 5
154.5973 	DATA 	TR 100 | TR1 50 | TR2 50
156.1805 	DATA 	Keypress: 5
156.1805 	DATA 	TR 101 | TR1 51 | TR2 50
157.7303 	DATA 	Keypress: 5
157.7303 	DATA 	TR 102 | TR1 51 | TR2 51
159.2968 	DATA 	Keypress: 5
159.2969 	DATA 	TR 103 | TR1 52 | TR2 51
160.8467 	DATA 	Keypress: 5
160.8467 	DATA 	TR 104 | TR1 52 | TR2 52
162.4138 	DATA 	Keypress: 5
162.4298 	DATA 	TR 105 | TR1 53 | TR2 52
163.9797 	DATA 	Keypress: 5
163.9798 	DATA 	TR 106 | TR1 53 | TR2 53
165.5463 	DATA 	Keypress: 5
165.5463 	DATA 	TR 107 | TR1 54 | TR2 53
166.9294 	DATA 	
166.9294 	DATA 	Trial complete
166.9294 	DATA 	Waiting for VASO trigger to start next trial
166.9294 	DATA 	
167.0963 	DATA 	Keypress: 5
167.0963 	DATA 	TR 108 | TR1 54 | TR2 54
168.6626 	DATA 	Keypress: 5
168.6627 	DATA 	Waited 1.733232021331787 seconds for trigger
168.6634 	DATA 	
168.6635 	DATA 	Trial 4
168.6635 	DATA 	stimDur = 2.0
168.6635 	DATA 	jitter = 0.78525
168.6635 	DATA 	restDur = 22.0

168.6635 	DATA 	
168.6635 	DATA 	TR 109 | TR1 55 | TR2 54
169.4626 	DATA 	
169.4627 	DATA 	stimulation started
169.4627 	DATA 	
170.2125 	DATA 	Keypress: 5
170.2126 	DATA 	TR 110 | TR1 55 | TR2 55
171.4624 	DATA 	
171.4624 	DATA 	stimulation stopped
171.4624 	DATA 	
171.7957 	DATA 	Keypress: 5
171.7958 	DATA 	TR 111 | TR1 56 | TR2 55
173.3456 	DATA 	Keypress: 5
173.3457 	DATA 	TR 112 | TR1 56 | TR2 56
174.9121 	DATA 	Keypress: 5
174.9121 	DATA 	TR 113 | TR1 57 | TR2 56
176.4619 	DATA 	Keypress: 5
176.4620 	DATA 	TR 114 | TR1 57 | TR2 57
178.0451 	DATA 	Keypress: 5
178.0452 	DATA 	TR 115 | TR1 58 | TR2 57
179.5951 	DATA 	Keypress: 5
179.5951 	DATA 	TR 116 | TR1 58 | TR2 58
181.1615 	DATA 	Keypress: 5
181.1615 	DATA 	TR 117 | TR1 59 | TR2 58
182.7113 	DATA 	Keypress: 5
182.7114 	DATA 	TR 118 | TR1 59 | TR2 59
184.2779 	DATA 	Keypress: 5
184.2779 	DATA 	TR 119 | TR1 60 | TR2 59
185.8443 	DATA 	Keypress: 5
185.8444 	DATA 	TR 120 | TR1 60 | TR2 60
187.4110 	DATA 	Keypress: 5
187.4111 	DATA 	TR 121 | TR1 61 | TR2 60
188.9607 	DATA 	Keypress: 5
188.9608 	DATA 	TR 122 | TR1 61 | TR2 61
190.5273 	DATA 	Keypress: 5
190.5273 	DATA 	TR 123 | TR1 62 | TR2 61
192.0771 	DATA 	Keypress: 5
192.0772 	DATA 	TR 124 | TR1 62 | TR2 62
193.4603 	DATA 	
193.4603 	DATA 	Trial complete
193.4603 	DATA 	Waiting for VASO trigger to start next trial
193.4603 	DATA 	
193.6603 	DATA 	Keypress: 5
193.6604 	DATA 	Waited 0.20004796981811523 seconds for trigger
193.6611 	DATA 	
193.6612 	DATA 	Trial 5
193.6612 	DATA 	stimDur = 4.0
193.6612 	DATA 	jitter = 0.0
193.6612 	DATA 	restDur = 24.0

193.6612 	DATA 	
193.6612 	DATA 	TR 125 | TR1 63 | TR2 62
193.6612 	DATA 	
193.6612 	DATA 	stimulation started
193.6612 	DATA 	
195.2102 	DATA 	Keypress: 5
195.2103 	DATA 	TR 126 | TR1 63 | TR2 63
196.7768 	DATA 	Keypress: 5
196.7769 	DATA 	TR 127 | TR1 64 | TR2 63
197.6766 	DATA 	
197.6766 	DATA 	stimulation stopped
197.6766 	DATA 	
198.3267 	DATA 	Keypress: 5
198.3267 	DATA 	TR 128 | TR1 64 | TR2 64
199.9098 	DATA 	Keypress: 5
199.9098 	DATA 	TR 129 | TR1 65 | TR2 64
201.4596 	DATA 	Keypress: 5
201.4596 	DATA 	TR 130 | TR1 65 | TR2 65
203.0261 	DATA 	Keypress: 5
203.0262 	DATA 	TR 131 | TR1 66 | TR2 65
204.5760 	DATA 	Keypress: 5
204.5760 	DATA 	TR 132 | TR1 66 | TR2 66
206.1426 	DATA 	Keypress: 5
206.1427 	DATA 	TR 133 | TR1 67 | TR2 66
207.6923 	DATA 	Keypress: 5
207.6924 	DATA 	TR 134 | TR1 67 | TR2 67
209.2756 	DATA 	Keypress: 5
209.2756 	DATA 	TR 135 | TR1 68 | TR2 67
210.8254 	DATA 	Keypress: 5
210.8254 	DATA 	TR 136 | TR1 68 | TR2 68
212.3919 	DATA 	Keypress: 5
212.3920 	DATA 	TR 137 | TR1 69 | TR2 68
213.9418 	DATA 	Keypress: 5
213.9418 	DATA 	TR 138 | TR1 69 | TR2 69
215.5250 	DATA 	Keypress: 5
215.5250 	DATA 	TR 139 | TR1 70 | TR2 69
217.0749 	DATA 	Keypress: 5
217.0750 	DATA 	TR 140 | TR1 70 | TR2 70
218.6414 	DATA 	Keypress: 5
218.6414 	DATA 	TR 141 | TR1 71 | TR2 70
220.1912 	DATA 	Keypress: 5
220.1912 	DATA 	TR 142 | TR1 71 | TR2 71
221.6743 	DATA 	
221.6744 	DATA 	Trial complete
221.6744 	DATA 	Waiting for VASO trigger to start next trial
221.6744 	DATA 	
221.7577 	DATA 	Keypress: 5
221.7578 	DATA 	Waited 0.08342099189758301 seconds for trigger
221.7586 	DATA 	
221.7586 	DATA 	Trial 6
221.7586 	DATA 	stimDur = 4.0
221.7586 	DATA 	jitter = 1.5705
221.7586 	DATA 	restDur = 24.0

221.7586 	DATA 	
221.7586 	DATA 	TR 143 | TR1 72 | TR2 71
223.3242 	DATA 	Keypress: 5
223.3243 	DATA 	TR 144 | TR1 72 | TR2 72
223.3409 	DATA 	
223.3409 	DATA 	stimulation started
223.3409 	DATA 	
224.8910 	DATA 	Keypress: 5
224.8910 	DATA 	TR 145 | TR1 73 | TR2 72
225.0575 	DATA 	Target presented
225.6415 	DATA 	Keypress: 1
225.6576 	DATA 	Key1 pressed
225.6576 	DATA 	Target detected
226.4407 	DATA 	Keypress: 5
226.4407 	DATA 	TR 146 | TR1 73 | TR2 73
227.3405 	DATA 	
227.3405 	DATA 	stimulation stopped
227.3405 	DATA 	
228.0071 	DATA 	Keypress: 5
228.0072 	DATA 	TR 147 | TR1 74 | TR2 73
229.5570 	DATA 	Keypress: 5
229.5570 	DATA 	TR 148 | TR1 74 | TR2 74
231.1402 	DATA 	Keypress: 5
231.1403 	DATA 	TR 149 | TR1 75 | TR2 74
232.6900 	DATA 	Keypress: 5
232.6901 	DATA 	TR 150 | TR1 75 | TR2 75
234.2566 	DATA 	Keypress: 5
234.2566 	DATA 	TR 151 | TR1 76 | TR2 75
235.8064 	DATA 	Keypress: 5
235.8064 	DATA 	TR 152 | TR1 76 | TR2 76
237.3896 	DATA 	Keypress: 5
237.3897 	DATA 	TR 153 | TR1 77 | TR2 76
238.9394 	DATA 	Keypress: 5
238.9395 	DATA 	TR 154 | TR1 77 | TR2 77
240.5060 	DATA 	Keypress: 5
240.5060 	DATA 	TR 155 | TR1 78 | TR2 77
242.0558 	DATA 	Keypress: 5
242.0559 	DATA 	TR 156 | TR1 78 | TR2 78
243.6224 	DATA 	Keypress: 5
243.6224 	DATA 	TR 157 | TR1 79 | TR2 78
245.1728 	DATA 	Keypress: 5
245.1888 	DATA 	TR 158 | TR1 79 | TR2 79
246.7554 	DATA 	Keypress: 5
246.7554 	DATA 	TR 159 | TR1 80 | TR2 79
248.3052 	DATA 	Keypress: 5
248.3053 	DATA 	TR 160 | TR1 80 | TR2 80
249.8718 	DATA 	Keypress: 5
249.8718 	DATA 	TR 161 | TR1 81 | TR2 80
251.3383 	DATA 	
251.3383 	DATA 	Trial complete
251.3383 	DATA 	Waiting for VASO trigger to start next trial
251.3383 	DATA 	
251.4216 	DATA 	Keypress: 5
251.4216 	DATA 	TR 162 | TR1 81 | TR2 81
253.0048 	DATA 	Keypress: 5
253.0049 	DATA 	Waited 1.6665868759155273 seconds for trigger
253.0056 	DATA 	
253.0057 	DATA 	Trial 7
253.0057 	DATA 	stimDur = 4.0
253.0057 	DATA 	jitter = 2.35575
253.0057 	DATA 	restDur = 24.0

253.0057 	DATA 	
253.0057 	DATA 	TR 163 | TR1 82 | TR2 81
254.5546 	DATA 	Keypress: 5
254.5547 	DATA 	TR 164 | TR1 82 | TR2 82
255.3712 	DATA 	
255.3712 	DATA 	stimulation started
255.3712 	DATA 	
256.1213 	DATA 	Keypress: 5
256.1213 	DATA 	TR 165 | TR1 83 | TR2 82
257.6711 	DATA 	Keypress: 5
257.6711 	DATA 	TR 166 | TR1 83 | TR2 83
259.2376 	DATA 	Keypress: 5
259.2377 	DATA 	TR 167 | TR1 84 | TR2 83
259.3709 	DATA 	
259.3709 	DATA 	stimulation stopped
259.3709 	DATA 	
260.8041 	DATA 	Keypress: 5
260.8041 	DATA 	TR 168 | TR1 84 | TR2 84
262.3706 	DATA 	Keypress: 5
262.3707 	DATA 	TR 169 | TR1 85 | TR2 84
263.9206 	DATA 	Keypress: 5
263.9206 	DATA 	TR 170 | TR1 85 | TR2 85
265.4870 	DATA 	Keypress: 5
265.4870 	DATA 	TR 171 | TR1 86 | TR2 85
267.0370 	DATA 	Keypress: 5
267.0370 	DATA 	TR 172 | TR1 86 | TR2 86
268.6200 	DATA 	Keypress: 5
268.6201 	DATA 	TR 173 | TR1 87 | TR2 86
270.1699 	DATA 	Keypress: 5
270.1699 	DATA 	TR 174 | TR1 87 | TR2 87
271.7364 	DATA 	Keypress: 5
271.7365 	DATA 	TR 175 | TR1 88 | TR2 87
273.2862 	DATA 	Keypress: 5
273.2863 	DATA 	TR 176 | TR1 88 | TR2 88
274.8695 	DATA 	Keypress: 5
274.8695 	DATA 	TR 177 | TR1 89 | TR2 88
276.4193 	DATA 	Keypress: 5
276.4193 	DATA 	TR 178 | TR1 89 | TR2 89
277.9858 	DATA 	Keypress: 5
277.9859 	DATA 	TR 179 | TR1 90 | TR2 89
279.5357 	DATA 	Keypress: 5
279.5357 	DATA 	TR 180 | TR1 90 | TR2 90
281.1022 	DATA 	Keypress: 5
281.1022 	DATA 	TR 181 | TR1 91 | TR2 90
282.6527 	DATA 	Keypress: 5
282.6687 	DATA 	TR 182 | TR1 91 | TR2 91
283.3686 	DATA 	
283.3686 	DATA 	Trial complete
283.3686 	DATA 	Waiting for VASO trigger to start next trial
283.3686 	DATA 	
284.2353 	DATA 	Keypress: 5
284.2353 	DATA 	Waited 0.8666691780090332 seconds for trigger
284.2361 	DATA 	
284.2361 	DATA 	Trial 8
284.2361 	DATA 	stimDur = 24.0
284.2361 	DATA 	jitter = 1.5705
284.2361 	DATA 	restDur = 40.0

284.2361 	DATA 	
284.2361 	DATA 	TR 183 | TR1 92 | TR2 91
285.7850 	DATA 	Keypress: 5
285.7851 	DATA 	TR 184 | TR1 92 | TR2 92
285.8184 	DATA 	
285.8184 	DATA 	stimulation started
285.8184 	DATA 	
287.3517 	DATA 	Keypress: 5
287.3517 	DATA 	TR 185 | TR1 93 | TR2 92
288.9015 	DATA 	Keypress: 5
288.9016 	DATA 	TR 186 | TR1 93 | TR2 93
290.4847 	DATA 	Keypress: 5
290.4848 	DATA 	TR 187 | TR1 94 | TR2 93
292.0345 	DATA 	Keypress: 5
292.0347 	DATA 	TR 188 | TR1 94 | TR2 94
293.6011 	DATA 	Keypress: 5
293.6011 	DATA 	TR 189 | TR1 95 | TR2 94
295.1509 	DATA 	Keypress: 5
295.1511 	DATA 	TR 190 | TR1 95 | TR2 95
296.7182 	DATA 	Keypress: 5
296.7341 	DATA 	TR 191 | TR1 96 | TR2 95
298.2841 	DATA 	Keypress: 5
298.2841 	DATA 	TR 192 | TR1 96 | TR2 96
299.8505 	DATA 	Keypress: 5
299.8505 	DATA 	TR 193 | TR1 97 | TR2 96
301.4004 	DATA 	Keypress: 5
301.4005 	DATA 	TR 194 | TR1 97 | TR2 97
302.5003 	DATA 	Target presented
302.9669 	DATA 	Keypress: 5
302.9669 	DATA 	TR 195 | TR1 98 | TR2 97
303.0835 	DATA 	Keypress: 1
303.0836 	DATA 	Key1 pressed
303.0836 	DATA 	Target detected
304.5168 	DATA 	Keypress: 5
304.5168 	DATA 	TR 196 | TR1 98 | TR2 98
306.0999 	DATA 	Keypress: 5
306.1000 	DATA 	TR 197 | TR1 99 | TR2 98
307.6498 	DATA 	Keypress: 5
307.6499 	DATA 	TR 198 | TR1 99 | TR2 99
309.2163 	DATA 	Keypress: 5
309.2164 	DATA 	TR 199 | TR1 100 | TR2 99
309.8162 	DATA 	
309.8162 	DATA 	stimulation stopped
309.8162 	DATA 	
310.7661 	DATA 	Keypress: 5
310.7662 	DATA 	TR 200 | TR1 100 | TR2 100
312.3493 	DATA 	Keypress: 5
312.3493 	DATA 	TR 201 | TR1 101 | TR2 100
313.8992 	DATA 	Keypress: 5
313.8992 	DATA 	TR 202 | TR1 101 | TR2 101
315.4657 	DATA 	Keypress: 5
315.4657 	DATA 	TR 203 | TR1 102 | TR2 101
317.0156 	DATA 	Keypress: 5
317.0156 	DATA 	TR 204 | TR1 102 | TR2 102
318.5827 	DATA 	Keypress: 5
318.5988 	DATA 	TR 205 | TR1 103 | TR2 102
320.1486 	DATA 	Keypress: 5
320.1486 	DATA 	TR 206 | TR1 103 | TR2 103
321.7151 	DATA 	Keypress: 5
321.7151 	DATA 	TR 207 | TR1 104 | TR2 103
323.2650 	DATA 	Keypress: 5
323.2650 	DATA 	TR 208 | TR1 104 | TR2 104
324.8315 	DATA 	Keypress: 5
324.8315 	DATA 	TR 209 | TR1 105 | TR2 104
326.3814 	DATA 	Keypress: 5
326.3814 	DATA 	TR 210 | TR1 105 | TR2 105
327.9643 	DATA 	Keypress: 5
327.9644 	DATA 	TR 211 | TR1 106 | TR2 105
329.5144 	DATA 	Keypress: 5
329.5145 	DATA 	TR 212 | TR1 106 | TR2 106
331.0809 	DATA 	Keypress: 5
331.0809 	DATA 	TR 213 | TR1 107 | TR2 106
332.6308 	DATA 	Keypress: 5
332.6308 	DATA 	TR 214 | TR1 107 | TR2 107
334.1979 	DATA 	Keypress: 5
334.2139 	DATA 	TR 215 | TR1 108 | TR2 107
335.7638 	DATA 	Keypress: 5
335.7639 	DATA 	TR 216 | TR1 108 | TR2 108
337.3304 	DATA 	Keypress: 5
337.3305 	DATA 	TR 217 | TR1 109 | TR2 108
338.8802 	DATA 	Keypress: 5
338.8802 	DATA 	TR 218 | TR1 109 | TR2 109
340.4467 	DATA 	Keypress: 5
340.4467 	DATA 	TR 219 | TR1 110 | TR2 109
341.9972 	DATA 	Keypress: 5
342.0133 	DATA 	TR 220 | TR1 110 | TR2 110
343.5798 	DATA 	Keypress: 5
343.5798 	DATA 	TR 221 | TR1 111 | TR2 110
345.1296 	DATA 	Keypress: 5
345.1297 	DATA 	TR 222 | TR1 111 | TR2 111
346.6962 	DATA 	Keypress: 5
346.6962 	DATA 	TR 223 | TR1 112 | TR2 111
348.2460 	DATA 	Keypress: 5
348.2461 	DATA 	TR 224 | TR1 112 | TR2 112
349.8125 	DATA 	
349.8125 	DATA 	Trial complete
349.8125 	DATA 	Waiting for VASO trigger to start next trial
349.8125 	DATA 	
349.8292 	DATA 	Keypress: 5
349.8292 	DATA 	Waited 0.016682863235473633 seconds for trigger
349.8300 	DATA 	
349.8300 	DATA 	Trial 9
349.8300 	DATA 	stimDur = 24.0
349.8300 	DATA 	jitter = 0.0
349.8300 	DATA 	restDur = 40.0

349.8300 	DATA 	
349.8300 	DATA 	TR 225 | TR1 113 | TR2 112
349.8300 	DATA 	
349.8300 	DATA 	stimulation started
349.8300 	DATA 	
351.3792 	DATA 	Keypress: 5
351.3793 	DATA 	TR 226 | TR1 113 | TR2 113
352.9456 	DATA 	Keypress: 5
352.9456 	DATA 	TR 227 | TR1 114 | TR2 113
354.4955 	DATA 	Keypress: 5
354.4955 	DATA 	TR 228 | TR1 114 | TR2 114
356.0619 	DATA 	Keypress: 5
356.0620 	DATA 	TR 229 | TR1 115 | TR2 114
357.6285 	DATA 	Keypress: 5
357.6286 	DATA 	TR 230 | TR1 115 | TR2 115
359.1950 	DATA 	Keypress: 5
359.1951 	DATA 	TR 231 | TR1 116 | TR2 115
360.7449 	DATA 	Keypress: 5
360.7449 	DATA 	TR 232 | TR1 116 | TR2 116
362.3114 	DATA 	Keypress: 5
362.3115 	DATA 	TR 233 | TR1 117 | TR2 116
363.8613 	DATA 	Keypress: 5
363.8614 	DATA 	TR 234 | TR1 117 | TR2 117
365.4444 	DATA 	Keypress: 5
365.4445 	DATA 	TR 235 | TR1 118 | TR2 117
366.9943 	DATA 	Keypress: 5
366.9944 	DATA 	TR 236 | TR1 118 | TR2 118
368.5608 	DATA 	Keypress: 5
368.5608 	DATA 	TR 237 | TR1 119 | TR2 118
370.1107 	DATA 	Keypress: 5
370.1108 	DATA 	TR 238 | TR1 119 | TR2 119
371.6939 	DATA 	Keypress: 5
371.6939 	DATA 	TR 239 | TR1 120 | TR2 119
373.2437 	DATA 	Keypress: 5
373.2438 	DATA 	TR 240 | TR1 120 | TR2 120
373.8436 	DATA 	
373.8436 	DATA 	stimulation stopped
373.8436 	DATA 	
374.8103 	DATA 	Keypress: 5
374.8104 	DATA 	TR 241 | TR1 121 | TR2 120
376.3601 	DATA 	Keypress: 5
376.3601 	DATA 	TR 242 | TR1 121 | TR2 121
376.7600 	DATA 	Target presented
377.2933 	DATA 	Keypress: 1
377.2933 	DATA 	Key1 pressed
377.2933 	DATA 	Target detected
377.9266 	DATA 	Keypress: 5
377.9266 	DATA 	TR 243 | TR1 122 | TR2 121
379.4764 	DATA 	Keypress: 5
379.4765 	DATA 	TR 244 | TR1 122 | TR2 122
381.0596 	DATA 	Keypress: 5
381.0596 	DATA 	TR 245 | TR1 123 | TR2 122
382.6097 	DATA 	Keypress: 5
382.6097 	DATA 	TR 246 | TR1 123 | TR2 123
384.1760 	DATA 	Keypress: 5
384.1760 	DATA 	TR 247 | TR1 124 | TR2 123
385.7258 	DATA 	Keypress: 5
385.7259 	DATA 	TR 248 | TR1 124 | TR2 124
387.3090 	DATA 	Keypress: 5
387.3091 	DATA 	TR 249 | TR1 125 | TR2 124
388.8589 	DATA 	Keypress: 5
388.8589 	DATA 	TR 250 | TR1 125 | TR2 125
390.4254 	DATA 	Keypress: 5
390.4254 	DATA 	TR 251 | TR1 126 | TR2 125
391.9753 	DATA 	Keypress: 5
391.9753 	DATA 	TR 252 | TR1 126 | TR2 126
393.5423 	DATA 	Keypress: 5
393.5586 	DATA 	TR 253 | TR1 127 | TR2 126
395.1083 	DATA 	Keypress: 5
395.1084 	DATA 	TR 254 | TR1 127 | TR2 127
396.6748 	DATA 	Keypress: 5
396.6749 	DATA 	TR 255 | TR1 128 | TR2 127
398.2247 	DATA 	Keypress: 5
398.2248 	DATA 	TR 256 | TR1 128 | TR2 128
399.7912 	DATA 	Keypress: 5
399.7912 	DATA 	TR 257 | TR1 129 | TR2 128
401.3410 	DATA 	Keypress: 5
401.3411 	DATA 	TR 258 | TR1 129 | TR2 129
402.9242 	DATA 	Keypress: 5
402.9243 	DATA 	TR 259 | TR1 130 | TR2 129
404.4741 	DATA 	Keypress: 5
404.4742 	DATA 	TR 260 | TR1 130 | TR2 130
406.0406 	DATA 	Keypress: 5
406.0407 	DATA 	TR 261 | TR1 131 | TR2 130
407.5905 	DATA 	Keypress: 5
407.5905 	DATA 	TR 262 | TR1 131 | TR2 131
409.1736 	DATA 	Keypress: 5
409.1737 	DATA 	TR 263 | TR1 132 | TR2 131
410.7235 	DATA 	Keypress: 5
410.7236 	DATA 	TR 264 | TR1 132 | TR2 132
412.2900 	DATA 	Keypress: 5
412.2901 	DATA 	TR 265 | TR1 133 | TR2 132
413.8399 	DATA 	Keypress: 5
413.8400 	DATA 	TR 266 | TR1 133 | TR2 133
413.8400 	DATA 	
413.8400 	DATA 	Trial complete
413.8400 	DATA 	Waiting for VASO trigger to start next trial
413.8400 	DATA 	
415.4064 	DATA 	Keypress: 5
415.4064 	DATA 	Waited 1.5664348602294922 seconds for trigger
415.4072 	DATA 	
415.4072 	DATA 	Trial 10
415.4072 	DATA 	stimDur = 12.0
415.4072 	DATA 	jitter = 1.5705
415.4072 	DATA 	restDur = 30.0

415.4072 	DATA 	
415.4072 	DATA 	TR 267 | TR1 134 | TR2 133
416.9569 	DATA 	Keypress: 5
416.9729 	DATA 	TR 268 | TR1 134 | TR2 134
416.9896 	DATA 	
416.9896 	DATA 	stimulation started
416.9896 	DATA 	
418.5395 	DATA 	Keypress: 5
418.5395 	DATA 	TR 269 | TR1 135 | TR2 134
420.0894 	DATA 	Keypress: 5
420.0894 	DATA 	TR 270 | TR1 135 | TR2 135
421.6559 	DATA 	Keypress: 5
421.6559 	DATA 	TR 271 | TR1 136 | TR2 135
423.2058 	DATA 	Keypress: 5
423.2058 	DATA 	TR 272 | TR1 136 | TR2 136
424.7889 	DATA 	Keypress: 5
424.7890 	DATA 	TR 273 | TR1 137 | TR2 136
426.3388 	DATA 	Keypress: 5
426.3389 	DATA 	TR 274 | TR1 137 | TR2 137
427.3720 	DATA 	Target presented
427.9053 	DATA 	Keypress: 5
427.9053 	DATA 	TR 275 | TR1 138 | TR2 137
427.9061 	DATA 	Keypress: 1
427.9219 	DATA 	Key1 pressed
427.9219 	DATA 	Target detected
428.9885 	DATA 	
428.9885 	DATA 	stimulation stopped
428.9885 	DATA 	
429.4552 	DATA 	Keypress: 5
429.4552 	DATA 	TR 276 | TR1 138 | TR2 138
431.0383 	DATA 	Keypress: 5
431.0384 	DATA 	TR 277 | TR1 139 | TR2 138
432.5882 	DATA 	Keypress: 5
432.5882 	DATA 	TR 278 | TR1 139 | TR2 139
434.1546 	DATA 	Keypress: 5
434.1547 	DATA 	TR 279 | TR1 140 | TR2 139
435.7046 	DATA 	Keypress: 5
435.7047 	DATA 	TR 280 | TR1 140 | TR2 140
437.2710 	DATA 	Keypress: 5
437.2711 	DATA 	TR 281 | TR1 141 | TR2 140
438.8209 	DATA 	Keypress: 5
438.8210 	DATA 	TR 282 | TR1 141 | TR2 141
440.4041 	DATA 	Keypress: 5
440.4041 	DATA 	TR 283 | TR1 142 | TR2 141
441.9539 	DATA 	Keypress: 5
441.9540 	DATA 	TR 284 | TR1 142 | TR2 142
443.5205 	DATA 	Keypress: 5
443.5205 	DATA 	TR 285 | TR1 143 | TR2 142
445.0703 	DATA 	Keypress: 5
445.0704 	DATA 	TR 286 | TR1 143 | TR2 143
446.6535 	DATA 	Keypress: 5
446.6535 	DATA 	TR 287 | TR1 144 | TR2 143
448.2034 	DATA 	Keypress: 5
448.2034 	DATA 	TR 288 | TR1 144 | TR2 144
449.7699 	DATA 	Keypress: 5
449.7699 	DATA 	TR 289 | TR1 145 | TR2 144
451.3198 	DATA 	Keypress: 5
451.3198 	DATA 	TR 290 | TR1 145 | TR2 145
452.8863 	DATA 	Keypress: 5
452.8863 	DATA 	TR 291 | TR1 146 | TR2 145
454.4528 	DATA 	Keypress: 5
454.4529 	DATA 	TR 292 | TR1 146 | TR2 146
456.0193 	DATA 	Keypress: 5
456.0194 	DATA 	TR 293 | TR1 147 | TR2 146
457.5692 	DATA 	Keypress: 5
457.5692 	DATA 	TR 294 | TR1 147 | TR2 147
458.9857 	DATA 	
458.9857 	DATA 	Trial complete
458.9857 	DATA 	Waiting for VASO trigger to start next trial
458.9857 	DATA 	
459.1357 	DATA 	Keypress: 5
459.1357 	DATA 	Waited 0.15004897117614746 seconds for trigger
459.1365 	DATA 	
459.1365 	DATA 	Trial 11
459.1365 	DATA 	stimDur = 1.0
459.1365 	DATA 	jitter = 1.5705
459.1365 	DATA 	restDur = 20.0

459.1365 	DATA 	
459.1365 	DATA 	TR 295 | TR1 148 | TR2 147
460.6857 	DATA 	Keypress: 5
460.6857 	DATA 	TR 296 | TR1 148 | TR2 148
460.7188 	DATA 	
460.7188 	DATA 	stimulation started
460.7188 	DATA 	
461.7188 	DATA 	
461.7188 	DATA 	stimulation stopped
461.7188 	DATA 	
462.2687 	DATA 	Keypress: 5
462.2688 	DATA 	TR 297 | TR1 149 | TR2 148
463.8187 	DATA 	Keypress: 5
463.8188 	DATA 	TR 298 | TR1 149 | TR2 149
465.3851 	DATA 	Keypress: 5
465.3852 	DATA 	TR 299 | TR1 150 | TR2 149
466.9350 	DATA 	Keypress: 5
466.9350 	DATA 	TR 300 | TR1 150 | TR2 150
468.5022 	DATA 	Keypress: 5
468.5181 	DATA 	TR 301 | TR1 151 | TR2 150
470.0680 	DATA 	Keypress: 5
470.0681 	DATA 	TR 302 | TR1 151 | TR2 151
471.6345 	DATA 	Keypress: 5
471.6346 	DATA 	TR 303 | TR1 152 | TR2 151
473.1844 	DATA 	Keypress: 5
473.1844 	DATA 	TR 304 | TR1 152 | TR2 152
474.7509 	DATA 	Keypress: 5
474.7509 	DATA 	TR 305 | TR1 153 | TR2 152
476.3014 	DATA 	Keypress: 5
476.3174 	DATA 	TR 306 | TR1 153 | TR2 153
477.8839 	DATA 	Keypress: 5
477.8840 	DATA 	TR 307 | TR1 154 | TR2 153
479.4338 	DATA 	Keypress: 5
479.4339 	DATA 	TR 308 | TR1 154 | TR2 154
481.0004 	DATA 	Keypress: 5
481.0004 	DATA 	TR 309 | TR1 155 | TR2 154
481.7169 	DATA 	
481.7169 	DATA 	Trial complete
481.7169 	DATA 	Waiting for VASO trigger to start next trial
481.7169 	DATA 	
482.5502 	DATA 	Keypress: 5
482.5503 	DATA 	TR 310 | TR1 155 | TR2 155
484.1335 	DATA 	Keypress: 5
484.1336 	DATA 	Waited 2.4166409969329834 seconds for trigger
484.1343 	DATA 	
484.1343 	DATA 	Trial 12
484.1343 	DATA 	stimDur = 4.0
484.1343 	DATA 	jitter = 0.78525
484.1344 	DATA 	restDur = 24.0

484.1344 	DATA 	
484.1344 	DATA 	TR 311 | TR1 156 | TR2 155
484.9333 	DATA 	
484.9333 	DATA 	stimulation started
484.9333 	DATA 	
485.6833 	DATA 	Keypress: 5
485.6833 	DATA 	TR 312 | TR1 156 | TR2 156
487.2498 	DATA 	Keypress: 5
487.2498 	DATA 	TR 313 | TR1 157 | TR2 156
488.7997 	DATA 	Keypress: 5
488.7997 	DATA 	TR 314 | TR1 157 | TR2 157
488.9330 	DATA 	
488.9330 	DATA 	stimulation stopped
488.9330 	DATA 	
490.3661 	DATA 	Keypress: 5
490.3662 	DATA 	TR 315 | TR1 158 | TR2 157
491.9327 	DATA 	Keypress: 5
491.9327 	DATA 	TR 316 | TR1 158 | TR2 158
493.4992 	DATA 	Keypress: 5
493.4992 	DATA 	TR 317 | TR1 159 | TR2 158
495.0491 	DATA 	Keypress: 5
495.0491 	DATA 	TR 318 | TR1 159 | TR2 159
496.6155 	DATA 	Keypress: 5
496.6156 	DATA 	TR 319 | TR1 160 | TR2 159
498.1654 	DATA 	Keypress: 5
498.1655 	DATA 	TR 320 | TR1 160 | TR2 160
499.7486 	DATA 	Keypress: 5
499.7486 	DATA 	TR 321 | TR1 161 | TR2 160
501.2985 	DATA 	Keypress: 5
501.2985 	DATA 	TR 322 | TR1 161 | TR2 161
502.8649 	DATA 	Keypress: 5
502.8650 	DATA 	TR 323 | TR1 162 | TR2 161
504.4149 	DATA 	Keypress: 5
504.4149 	DATA 	TR 324 | TR1 162 | TR2 162
505.9980 	DATA 	Keypress: 5
505.9981 	DATA 	TR 325 | TR1 163 | TR2 162
507.1146 	DATA 	Target presented
507.5479 	DATA 	Keypress: 5
507.5479 	DATA 	TR 326 | TR1 163 | TR2 163
507.7812 	DATA 	Keypress: 1
507.7812 	DATA 	Key1 pressed
507.7812 	DATA 	Target detected
509.1144 	DATA 	Keypress: 5
509.1144 	DATA 	TR 327 | TR1 164 | TR2 163
510.6643 	DATA 	Keypress: 5
510.6643 	DATA 	TR 328 | TR1 164 | TR2 164
512.2309 	DATA 	Keypress: 5
512.2310 	DATA 	TR 329 | TR1 165 | TR2 164
512.9307 	DATA 	
512.9307 	DATA 	Trial complete
512.9307 	DATA 	Waiting for VASO trigger to start next trial
512.9307 	DATA 	
513.7812 	DATA 	Keypress: 5
513.7972 	DATA 	TR 330 | TR1 165 | TR2 165
515.3638 	DATA 	Keypress: 5
515.3639 	DATA 	Waited 2.4331700801849365 seconds for trigger
515.3646 	DATA 	
515.3646 	DATA 	Trial 13
515.3646 	DATA 	stimDur = 12.0
515.3647 	DATA 	jitter = 0.78525
515.3647 	DATA 	restDur = 30.0

515.3647 	DATA 	
515.3647 	DATA 	TR 331 | TR1 166 | TR2 165
516.1637 	DATA 	
516.1637 	DATA 	stimulation started
516.1637 	DATA 	
516.9137 	DATA 	Keypress: 5
516.9138 	DATA 	TR 332 | TR1 166 | TR2 166
518.4802 	DATA 	Keypress: 5
518.4803 	DATA 	TR 333 | TR1 167 | TR2 166
520.0301 	DATA 	Keypress: 5
520.0302 	DATA 	TR 334 | TR1 167 | TR2 167
521.6134 	DATA 	Keypress: 5
521.6135 	DATA 	TR 335 | TR1 168 | TR2 167
523.1632 	DATA 	Keypress: 5
523.1632 	DATA 	TR 336 | TR1 168 | TR2 168
524.7297 	DATA 	Keypress: 5
524.7297 	DATA 	TR 337 | TR1 169 | TR2 168
526.2795 	DATA 	Keypress: 5
526.2796 	DATA 	TR 338 | TR1 169 | TR2 169
527.8467 	DATA 	Keypress: 5
527.8626 	DATA 	TR 339 | TR1 170 | TR2 169
528.1626 	DATA 	
528.1627 	DATA 	stimulation stopped
528.1627 	DATA 	
529.4125 	DATA 	Keypress: 5
529.4126 	DATA 	TR 340 | TR1 170 | TR2 170
530.9790 	DATA 	Keypress: 5
530.9791 	DATA 	TR 341 | TR1 171 | TR2 170
532.5289 	DATA 	Keypress: 5
532.5290 	DATA 	TR 342 | TR1 171 | TR2 171
534.0953 	DATA 	Keypress: 5
534.0953 	DATA 	TR 343 | TR1 172 | TR2 171
535.6453 	DATA 	Keypress: 5
535.6453 	DATA 	TR 344 | TR1 172 | TR2 172
537.2285 	DATA 	Keypress: 5
537.2285 	DATA 	TR 345 | TR1 173 | TR2 172
538.7783 	DATA 	Keypress: 5
538.7784 	DATA 	TR 346 | TR1 173 | TR2 173
540.3448 	DATA 	Keypress: 5
540.3449 	DATA 	TR 347 | TR1 174 | TR2 173
541.8949 	DATA 	Keypress: 5
541.8949 	DATA 	TR 348 | TR1 174 | TR2 174
543.4779 	DATA 	Keypress: 5
543.4779 	DATA 	TR 349 | TR1 175 | TR2 174
545.0277 	DATA 	Keypress: 5
545.0278 	DATA 	TR 350 | TR1 175 | TR2 175
546.5942 	DATA 	Keypress: 5
546.5942 	DATA 	TR 351 | TR1 176 | TR2 175
548.1441 	DATA 	Keypress: 5
548.1442 	DATA 	TR 352 | TR1 176 | TR2 176
549.7106 	DATA 	Keypress: 5
549.7106 	DATA 	TR 353 | TR1 177 | TR2 176
551.2772 	DATA 	Keypress: 5
551.2772 	DATA 	TR 354 | TR1 177 | TR2 177
552.8437 	DATA 	Keypress: 5
552.8437 	DATA 	TR 355 | TR1 178 | TR2 177
554.3935 	DATA 	Keypress: 5
554.3936 	DATA 	TR 356 | TR1 178 | TR2 178
555.9600 	DATA 	Keypress: 5
555.9601 	DATA 	TR 357 | TR1 179 | TR2 178
557.5099 	DATA 	Keypress: 5
557.5099 	DATA 	TR 358 | TR1 179 | TR2 179
558.1598 	DATA 	
558.1599 	DATA 	Trial complete
558.1599 	DATA 	Waiting for VASO trigger to start next trial
558.1599 	DATA 	
559.0931 	DATA 	Keypress: 5
559.0931 	DATA 	Waited 0.9332590103149414 seconds for trigger
559.0939 	DATA 	
559.0939 	DATA 	Trial 14
559.0939 	DATA 	stimDur = 12.0
559.0939 	DATA 	jitter = 2.35575
559.0939 	DATA 	restDur = 30.0

559.0939 	DATA 	
559.0939 	DATA 	TR 359 | TR1 180 | TR2 179
560.6429 	DATA 	Keypress: 5
560.6430 	DATA 	TR 360 | TR1 180 | TR2 180
561.4595 	DATA 	
561.4595 	DATA 	stimulation started
561.4595 	DATA 	
562.2095 	DATA 	Keypress: 5
562.2096 	DATA 	TR 361 | TR1 181 | TR2 180
563.7595 	DATA 	Keypress: 5
563.7595 	DATA 	TR 362 | TR1 181 | TR2 181
565.3427 	DATA 	Keypress: 5
565.3427 	DATA 	TR 363 | TR1 182 | TR2 181
566.8924 	DATA 	Keypress: 5
566.8925 	DATA 	TR 364 | TR1 182 | TR2 182
568.4589 	DATA 	Keypress: 5
568.4591 	DATA 	TR 365 | TR1 183 | TR2 182
570.0088 	DATA 	Keypress: 5
570.0088 	DATA 	TR 366 | TR1 183 | TR2 183
571.5753 	DATA 	Keypress: 5
571.5754 	DATA 	TR 367 | TR1 184 | TR2 183
573.1253 	DATA 	Keypress: 5
573.1253 	DATA 	TR 368 | TR1 184 | TR2 184
573.4584 	DATA 	
573.4584 	DATA 	stimulation stopped
573.4584 	DATA 	
574.7083 	DATA 	Keypress: 5
574.7084 	DATA 	TR 369 | TR1 185 | TR2 184
576.2582 	DATA 	Keypress: 5
576.2582 	DATA 	TR 370 | TR1 185 | TR2 185
577.8247 	DATA 	Keypress: 5
577.8248 	DATA 	TR 371 | TR1 186 | TR2 185
579.3745 	DATA 	Keypress: 5
579.3746 	DATA 	TR 372 | TR1 186 | TR2 186
580.9577 	DATA 	Keypress: 5
580.9578 	DATA 	TR 373 | TR1 187 | TR2 186
582.5076 	DATA 	Keypress: 5
582.5076 	DATA 	TR 374 | TR1 187 | TR2 187
584.0742 	DATA 	Keypress: 5
584.0742 	DATA 	TR 375 | TR1 188 | TR2 187
585.6239 	DATA 	Keypress: 5
585.6240 	DATA 	TR 376 | TR1 188 | TR2 188
586.3406 	DATA 	Target presented
586.8738 	DATA 	Keypress: 1
586.8739 	DATA 	Key1 pressed
586.8739 	DATA 	Target detected
587.1905 	DATA 	Keypress: 5
587.1906 	DATA 	TR 377 | TR1 189 | TR2 188
588.7570 	DATA 	Keypress: 5
588.7571 	DATA 	TR 378 | TR1 189 | TR2 189
590.3236 	DATA 	Keypress: 5
590.3236 	DATA 	TR 379 | TR1 190 | TR2 189
591.8733 	DATA 	Keypress: 5
591.8734 	DATA 	TR 380 | TR1 190 | TR2 190
593.4399 	DATA 	Keypress: 5
593.4400 	DATA 	TR 381 | TR1 191 | TR2 190
594.9897 	DATA 	Keypress: 5
594.9898 	DATA 	TR 382 | TR1 191 | TR2 191
596.5729 	DATA 	Keypress: 5
596.5730 	DATA 	TR 383 | TR1 192 | TR2 191
598.1228 	DATA 	Keypress: 5
598.1228 	DATA 	TR 384 | TR1 192 | TR2 192
599.6895 	DATA 	Keypress: 5
599.6895 	DATA 	TR 385 | TR1 193 | TR2 192
601.2392 	DATA 	Keypress: 5
601.2392 	DATA 	TR 386 | TR1 193 | TR2 193
602.8224 	DATA 	Keypress: 5
602.8224 	DATA 	TR 387 | TR1 194 | TR2 193
603.4556 	DATA 	
603.4556 	DATA 	Trial complete
603.4556 	DATA 	Waiting for VASO trigger to start next trial
603.4556 	DATA 	
604.3722 	DATA 	Keypress: 5
604.3723 	DATA 	TR 388 | TR1 194 | TR2 194
605.9388 	DATA 	Keypress: 5
605.9388 	DATA 	Waited 2.483192205429077 seconds for trigger
605.9396 	DATA 	
605.9396 	DATA 	Trial 15
605.9396 	DATA 	stimDur = 2.0
605.9396 	DATA 	jitter = 0.0
605.9396 	DATA 	restDur = 22.0

605.9396 	DATA 	
605.9396 	DATA 	TR 389 | TR1 195 | TR2 194
605.9396 	DATA 	
605.9397 	DATA 	stimulation started
605.9397 	DATA 	
607.4887 	DATA 	Keypress: 5
607.4887 	DATA 	TR 390 | TR1 195 | TR2 195
607.9552 	DATA 	
607.9552 	DATA 	stimulation stopped
607.9552 	DATA 	
609.0551 	DATA 	Keypress: 5
609.0552 	DATA 	TR 391 | TR1 196 | TR2 195
610.6056 	DATA 	Keypress: 5
610.6216 	DATA 	TR 392 | TR1 196 | TR2 196
612.1882 	DATA 	Keypress: 5
612.1882 	DATA 	TR 393 | TR1 197 | TR2 196
613.7380 	DATA 	Keypress: 5
613.7381 	DATA 	TR 394 | TR1 197 | TR2 197
615.3046 	DATA 	Keypress: 5
615.3046 	DATA 	TR 395 | TR1 198 | TR2 197
616.8544 	DATA 	Keypress: 5
616.8544 	DATA 	TR 396 | TR1 198 | TR2 198
618.4376 	DATA 	Keypress: 5
618.4376 	DATA 	TR 397 | TR1 199 | TR2 198
619.9874 	DATA 	Keypress: 5
619.9875 	DATA 	TR 398 | TR1 199 | TR2 199
621.5540 	DATA 	Keypress: 5
621.5540 	DATA 	TR 399 | TR1 200 | TR2 199
623.1038 	DATA 	Keypress: 5
623.1038 	DATA 	TR 400 | TR1 200 | TR2 200
624.6704 	DATA 	Keypress: 5
624.6704 	DATA 	TR 401 | TR1 201 | TR2 200
626.2369 	DATA 	Keypress: 5
626.2369 	DATA 	TR 402 | TR1 201 | TR2 201
627.8034 	DATA 	Keypress: 5
627.8034 	DATA 	TR 403 | TR1 202 | TR2 201
629.3532 	DATA 	Keypress: 5
629.3533 	DATA 	TR 404 | TR1 202 | TR2 202
629.9532 	DATA 	
629.9532 	DATA 	Trial complete
629.9532 	DATA 	Waiting for VASO trigger to start next trial
629.9532 	DATA 	
630.0032 	DATA 	Target presented
630.7031 	DATA 	Keypress: 1
630.7032 	DATA 	Key1 pressed
630.7032 	DATA 	Target detected
630.9197 	DATA 	Keypress: 5
630.9198 	DATA 	Waited 0.9665920734405518 seconds for trigger
630.9206 	DATA 	
630.9206 	DATA 	Trial 16
630.9206 	DATA 	stimDur = 1.0
630.9206 	DATA 	jitter = 2.35575
630.9206 	DATA 	restDur = 20.0

630.9206 	DATA 	
630.9206 	DATA 	TR 405 | TR1 203 | TR2 202
632.4697 	DATA 	Keypress: 5
632.4697 	DATA 	TR 406 | TR1 203 | TR2 203
633.2862 	DATA 	
633.2862 	DATA 	stimulation started
633.2862 	DATA 	
634.0529 	DATA 	Keypress: 5
634.0529 	DATA 	TR 407 | TR1 204 | TR2 203
634.2861 	DATA 	
634.2861 	DATA 	stimulation stopped
634.2861 	DATA 	
635.6027 	DATA 	Keypress: 5
635.6027 	DATA 	TR 408 | TR1 204 | TR2 204
637.1692 	DATA 	Keypress: 5
637.1693 	DATA 	TR 409 | TR1 205 | TR2 204
638.7190 	DATA 	Keypress: 5
638.7191 	DATA 	TR 410 | TR1 205 | TR2 205
640.3023 	DATA 	Keypress: 5
640.3023 	DATA 	TR 411 | TR1 206 | TR2 205
641.8521 	DATA 	Keypress: 5
641.8521 	DATA 	TR 412 | TR1 206 | TR2 206
643.4186 	DATA 	Keypress: 5
643.4187 	DATA 	TR 413 | TR1 207 | TR2 206
644.9684 	DATA 	Keypress: 5
644.9685 	DATA 	TR 414 | TR1 207 | TR2 207
646.5350 	DATA 	Keypress: 5
646.5350 	DATA 	TR 415 | TR1 208 | TR2 207
648.0854 	DATA 	Keypress: 5
648.1014 	DATA 	TR 416 | TR1 208 | TR2 208
649.6680 	DATA 	Keypress: 5
649.6681 	DATA 	TR 417 | TR1 209 | TR2 208
651.2179 	DATA 	Keypress: 5
651.2179 	DATA 	TR 418 | TR1 209 | TR2 209
652.7844 	DATA 	Keypress: 5
652.7845 	DATA 	TR 419 | TR1 210 | TR2 209
654.2842 	DATA 	
654.2842 	DATA 	Trial complete
654.2843 	DATA 	Waiting for VASO trigger to start next trial
654.2843 	DATA 	
654.3342 	DATA 	Keypress: 5
654.3343 	DATA 	TR 420 | TR1 210 | TR2 210
655.9175 	DATA 	Keypress: 5
655.9175 	DATA 	Waited 1.633268117904663 seconds for trigger
655.9183 	DATA 	
655.9183 	DATA 	Trial 17
655.9183 	DATA 	stimDur = 24.0
655.9183 	DATA 	jitter = 2.35575
655.9183 	DATA 	restDur = 40.0

655.9183 	DATA 	
655.9183 	DATA 	TR 421 | TR1 211 | TR2 210
657.4673 	DATA 	Keypress: 5
657.4674 	DATA 	TR 422 | TR1 211 | TR2 211
658.2838 	DATA 	
658.2839 	DATA 	stimulation started
658.2839 	DATA 	
659.0339 	DATA 	Keypress: 5
659.0340 	DATA 	TR 423 | TR1 212 | TR2 211
660.5837 	DATA 	Keypress: 5
660.5838 	DATA 	TR 424 | TR1 212 | TR2 212
662.1509 	DATA 	Keypress: 5
662.1668 	DATA 	TR 425 | TR1 213 | TR2 212
663.7168 	DATA 	Keypress: 5
663.7168 	DATA 	TR 426 | TR1 213 | TR2 213
665.2833 	DATA 	Keypress: 5
665.2834 	DATA 	TR 427 | TR1 214 | TR2 213
666.8331 	DATA 	Keypress: 5
666.8332 	DATA 	TR 428 | TR1 214 | TR2 214
668.3997 	DATA 	Keypress: 5
668.3997 	DATA 	TR 429 | TR1 215 | TR2 214
669.9495 	DATA 	Keypress: 5
669.9496 	DATA 	TR 430 | TR1 215 | TR2 215
671.5327 	DATA 	Keypress: 5
671.5328 	DATA 	TR 431 | TR1 216 | TR2 215
673.0825 	DATA 	Keypress: 5
673.0826 	DATA 	TR 432 | TR1 216 | TR2 216
674.6491 	DATA 	Keypress: 5
674.6492 	DATA 	TR 433 | TR1 217 | TR2 216
676.1989 	DATA 	Keypress: 5
676.1990 	DATA 	TR 434 | TR1 217 | TR2 217
677.4488 	DATA 	Target presented
677.7822 	DATA 	Keypress: 5
677.7822 	DATA 	TR 435 | TR1 218 | TR2 217
678.0488 	DATA 	Keypress: 1
678.0488 	DATA 	Key1 pressed
678.0488 	DATA 	Target detected
679.3320 	DATA 	Keypress: 5
679.3320 	DATA 	TR 436 | TR1 218 | TR2 218
680.8987 	DATA 	Keypress: 5
680.8987 	DATA 	TR 437 | TR1 219 | TR2 218
682.2817 	DATA 	
682.2817 	DATA 	stimulation stopped
682.2817 	DATA 	
682.4483 	DATA 	Keypress: 5
682.4483 	DATA 	TR 438 | TR1 219 | TR2 219
684.0150 	DATA 	Keypress: 5
684.0150 	DATA 	TR 439 | TR1 220 | TR2 219
685.5814 	DATA 	Keypress: 5
685.5814 	DATA 	TR 440 | TR1 220 | TR2 220
687.1478 	DATA 	Keypress: 5
687.1478 	DATA 	TR 441 | TR1 221 | TR2 220
688.6977 	DATA 	Keypress: 5
688.6978 	DATA 	TR 442 | TR1 221 | TR2 221
690.2642 	DATA 	Keypress: 5
690.2642 	DATA 	TR 443 | TR1 222 | TR2 221
691.8141 	DATA 	Keypress: 5
691.8142 	DATA 	TR 444 | TR1 222 | TR2 222
693.3973 	DATA 	Keypress: 5
693.3974 	DATA 	TR 445 | TR1 223 | TR2 222
694.9471 	DATA 	Keypress: 5
694.9472 	DATA 	TR 446 | TR1 223 | TR2 223
696.5137 	DATA 	Keypress: 5
696.5138 	DATA 	TR 447 | TR1 224 | TR2 223
698.0635 	DATA 	Keypress: 5
698.0636 	DATA 	TR 448 | TR1 224 | TR2 224
699.6467 	DATA 	Keypress: 5
699.6468 	DATA 	TR 449 | TR1 225 | TR2 224
701.1966 	DATA 	Keypress: 5
701.1966 	DATA 	TR 450 | TR1 225 | TR2 225
702.7631 	DATA 	Keypress: 5
702.7632 	DATA 	TR 451 | TR1 226 | TR2 225
704.3129 	DATA 	Keypress: 5
704.3130 	DATA 	TR 452 | TR1 226 | TR2 226
705.8795 	DATA 	Keypress: 5
705.8796 	DATA 	TR 453 | TR1 227 | TR2 226
707.4293 	DATA 	Keypress: 5
707.4293 	DATA 	TR 454 | TR1 227 | TR2 227
709.0125 	DATA 	Keypress: 5
709.0126 	DATA 	TR 455 | TR1 228 | TR2 227
710.5624 	DATA 	Keypress: 5
710.5624 	DATA 	TR 456 | TR1 228 | TR2 228
712.1289 	DATA 	Keypress: 5
712.1290 	DATA 	TR 457 | TR1 229 | TR2 228
713.6787 	DATA 	Keypress: 5
713.6788 	DATA 	TR 458 | TR1 229 | TR2 229
715.2620 	DATA 	Keypress: 5
715.2620 	DATA 	TR 459 | TR1 230 | TR2 229
716.8118 	DATA 	Keypress: 5
716.8118 	DATA 	TR 460 | TR1 230 | TR2 230
718.3783 	DATA 	Keypress: 5
718.3784 	DATA 	TR 461 | TR1 231 | TR2 230
719.9282 	DATA 	Keypress: 5
719.9282 	DATA 	TR 462 | TR1 231 | TR2 231
721.4947 	DATA 	Keypress: 5
721.4948 	DATA 	TR 463 | TR1 232 | TR2 231
722.2779 	DATA 	
722.2779 	DATA 	Trial complete
722.2779 	DATA 	Waiting for VASO trigger to start next trial
722.2779 	DATA 	
723.0612 	DATA 	Keypress: 5
723.0613 	DATA 	TR 464 | TR1 232 | TR2 232
724.6278 	DATA 	Keypress: 5
724.6278 	DATA 	Waited 2.3498620986938477 seconds for trigger
724.6286 	DATA 	
724.6286 	DATA 	Trial 18
724.6286 	DATA 	stimDur = 1.0
724.6286 	DATA 	jitter = 0.78525
724.6286 	DATA 	restDur = 20.0

724.6286 	DATA 	
724.6286 	DATA 	TR 465 | TR1 233 | TR2 232
725.4276 	DATA 	
725.4276 	DATA 	stimulation started
725.4276 	DATA 	
726.1777 	DATA 	Keypress: 5
726.1777 	DATA 	TR 466 | TR1 233 | TR2 233
726.4276 	DATA 	
726.4276 	DATA 	stimulation stopped
726.4276 	DATA 	
727.7442 	DATA 	Keypress: 5
727.7442 	DATA 	TR 467 | TR1 234 | TR2 233
729.2940 	DATA 	Keypress: 5
729.2940 	DATA 	TR 468 | TR1 234 | TR2 234
730.8772 	DATA 	Keypress: 5
730.8772 	DATA 	TR 469 | TR1 235 | TR2 234
732.4271 	DATA 	Keypress: 5
732.4272 	DATA 	TR 470 | TR1 235 | TR2 235
733.9937 	DATA 	Keypress: 5
733.9937 	DATA 	TR 471 | TR1 236 | TR2 235
735.5434 	DATA 	Keypress: 5
735.5434 	DATA 	TR 472 | TR1 236 | TR2 236
737.1266 	DATA 	Keypress: 5
737.1266 	DATA 	TR 473 | TR1 237 | TR2 236
738.6764 	DATA 	Keypress: 5
738.6766 	DATA 	TR 474 | TR1 237 | TR2 237
740.2429 	DATA 	Keypress: 5
740.2430 	DATA 	TR 475 | TR1 238 | TR2 237
741.7929 	DATA 	Keypress: 5
741.7930 	DATA 	TR 476 | TR1 238 | TR2 238
743.3593 	DATA 	Keypress: 5
743.3594 	DATA 	TR 477 | TR1 239 | TR2 238
744.9260 	DATA 	Keypress: 5
744.9261 	DATA 	TR 478 | TR1 239 | TR2 239
746.4257 	DATA 	
746.4257 	DATA 	Trial complete
746.4257 	DATA 	Waiting for VASO trigger to start next trial
746.4257 	DATA 	
746.4924 	DATA 	Keypress: 5
746.4924 	DATA 	Waited 0.06668996810913086 seconds for trigger
746.4932 	DATA 	
746.4932 	DATA 	Trial 19
746.4932 	DATA 	stimDur = 2.0
746.4932 	DATA 	jitter = 1.5705
746.4932 	DATA 	restDur = 22.0

746.4932 	DATA 	
746.4932 	DATA 	TR 479 | TR1 240 | TR2 239
748.0421 	DATA 	Keypress: 5
748.0422 	DATA 	TR 480 | TR1 240 | TR2 240
748.0755 	DATA 	
748.0755 	DATA 	stimulation started
748.0755 	DATA 	
749.6088 	DATA 	Keypress: 5
749.6089 	DATA 	TR 481 | TR1 241 | TR2 240
750.0754 	DATA 	
750.0754 	DATA 	stimulation stopped
750.0754 	DATA 	
751.1586 	DATA 	Keypress: 5
751.1587 	DATA 	TR 482 | TR1 241 | TR2 241
752.7418 	DATA 	Keypress: 5
752.7418 	DATA 	TR 483 | TR1 242 | TR2 241
753.6084 	DATA 	Target presented
754.1583 	DATA 	Keypress: 1
754.1584 	DATA 	Key1 pressed
754.1584 	DATA 	Target detected
754.2916 	DATA 	Keypress: 5
754.2917 	DATA 	TR 484 | TR1 242 | TR2 242
755.8582 	DATA 	Keypress: 5
755.8582 	DATA 	TR 485 | TR1 243 | TR2 242
757.4081 	DATA 	Keypress: 5
757.4081 	DATA 	TR 486 | TR1 243 | TR2 243
758.9751 	DATA 	Keypress: 5
758.9912 	DATA 	TR 487 | TR1 244 | TR2 243
760.5411 	DATA 	Keypress: 5
760.5412 	DATA 	TR 488 | TR1 244 | TR2 244
762.1076 	DATA 	Keypress: 5
762.1076 	DATA 	TR 489 | TR1 245 | TR2 244
763.6575 	DATA 	Keypress: 5
763.6575 	DATA 	TR 490 | TR1 245 | TR2 245
765.2240 	DATA 	Keypress: 5
765.2240 	DATA 	TR 491 | TR1 246 | TR2 245
766.7738 	DATA 	Keypress: 5
766.7739 	DATA 	TR 492 | TR1 246 | TR2 246
768.3570 	DATA 	Keypress: 5
768.3571 	DATA 	TR 493 | TR1 247 | TR2 246
769.9069 	DATA 	Keypress: 5
769.9069 	DATA 	TR 494 | TR1 247 | TR2 247
771.4735 	DATA 	Keypress: 5
771.4736 	DATA 	TR 495 | TR1 248 | TR2 247
772.0733 	DATA 	
772.0733 	DATA 	Trial complete
772.0733 	DATA 	
773.0233 	DATA 	Keypress: 5
773.0233 	DATA 	TR 496 | TR1 248 | TR2 248
774.6066 	DATA 	Keypress: 5
774.6066 	DATA 	Waited 28.180887937545776 seconds for trigger
774.6074 	DATA 	
774.6074 	DATA 	Trial 20
774.6074 	DATA 	stimDur = 1.0
774.6074 	DATA 	jitter = 0.0
774.6074 	DATA 	restDur = 20.0

774.6074 	DATA 	
774.6074 	DATA 	TR 497 | TR1 249 | TR2 248
774.6074 	DATA 	
774.6074 	DATA 	stimulation started
774.6074 	DATA 	
775.6231 	DATA 	
775.6231 	DATA 	stimulation stopped
775.6231 	DATA 	
776.1563 	DATA 	Keypress: 5
776.1564 	DATA 	TR 498 | TR1 249 | TR2 249
777.7229 	DATA 	Keypress: 5
777.7230 	DATA 	TR 499 | TR1 250 | TR2 249
779.2727 	DATA 	Keypress: 5
779.2728 	DATA 	TR 500 | TR1 250 | TR2 250
780.8392 	DATA 	Keypress: 5
780.8392 	DATA 	TR 501 | TR1 251 | TR2 250
782.3897 	DATA 	Keypress: 5
782.4057 	DATA 	TR 502 | TR1 251 | TR2 251
783.9722 	DATA 	Keypress: 5
783.9723 	DATA 	TR 503 | TR1 252 | TR2 251
785.5221 	DATA 	Keypress: 5
785.5222 	DATA 	TR 504 | TR1 252 | TR2 252
787.0886 	DATA 	Keypress: 5
787.0886 	DATA 	TR 505 | TR1 253 | TR2 252
788.6385 	DATA 	Keypress: 5
788.6385 	DATA 	TR 506 | TR1 253 | TR2 253
790.2217 	DATA 	Keypress: 5
790.2217 	DATA 	TR 507 | TR1 254 | TR2 253
791.7716 	DATA 	Keypress: 5
791.7716 	DATA 	TR 508 | TR1 254 | TR2 254
793.3379 	DATA 	Keypress: 5
793.3380 	DATA 	TR 509 | TR1 255 | TR2 254
794.8879 	DATA 	Keypress: 5
794.8880 	DATA 	TR 510 | TR1 255 | TR2 255
795.6211 	DATA 	
795.6211 	DATA 	Trial complete
795.6211 	DATA 	
796.4711 	DATA 	Keypress: 5
796.4712 	DATA 	TR 511 | TR1 256 | TR2 255
798.0210 	DATA 	Keypress: 5
798.0210 	DATA 	TR 512 | TR1 256 | TR2 256
799.5873 	DATA 	Keypress: 5
799.5873 	DATA 	TR 513 | TR1 257 | TR2 256
801.1374 	DATA 	Keypress: 5
801.1374 	DATA 	TR 514 | TR1 257 | TR2 257
801.5206 	DATA 	Target presented
802.0707 	DATA 	Keypress: 1
802.0707 	DATA 	Key1 pressed
802.0708 	DATA 	Target detected
802.7038 	DATA 	Keypress: 5
802.7039 	DATA 	TR 515 | TR1 258 | TR2 257
804.2537 	DATA 	Keypress: 5
804.2538 	DATA 	TR 516 | TR1 258 | TR2 258
805.8369 	DATA 	Keypress: 5
805.8369 	DATA 	TR 517 | TR1 259 | TR2 258
807.3867 	DATA 	Keypress: 5
807.3868 	DATA 	TR 518 | TR1 259 | TR2 259
808.9533 	DATA 	Keypress: 5
808.9533 	DATA 	TR 519 | TR1 260 | TR2 259
810.5031 	DATA 	Keypress: 5
810.5032 	DATA 	TR 520 | TR1 260 | TR2 260
812.0863 	DATA 	Keypress: 5
812.0864 	DATA 	TR 521 | TR1 261 | TR2 260
813.6362 	DATA 	Keypress: 5
813.6362 	DATA 	TR 522 | TR1 261 | TR2 261
815.2026 	DATA 	Keypress: 5
815.2027 	DATA 	TR 523 | TR1 262 | TR2 261
816.7526 	DATA 	Keypress: 5
816.7526 	DATA 	TR 524 | TR1 262 | TR2 262
818.3192 	DATA 	Keypress: 5
818.3192 	DATA 	TR 525 | TR1 263 | TR2 262
819.8857 	DATA 	Keypress: 5
819.8858 	DATA 	TR 526 | TR1 263 | TR2 263
821.4521 	DATA 	Keypress: 5
821.4522 	DATA 	TR 527 | TR1 264 | TR2 263
822.0687 	DATA 	EndOfRun sub-09_ses-05_run-02

822.0687 	DATA 	We spent 51.50567984580994 seconds waiting for triggers
822.0687 	DATA 	RatioOfDetectedTargets 1.0
822.0688 	DATA 	You have detected 12 out of 12 targets.
826.8897 	DATA 	Keypress: 5
826.8899 	DATA 	Keypress: 5
826.8901 	DATA 	Keypress: 5
827.0970 	EXP 	window1: mouseVisible = True
