MonitorDistance=99cm
MonitorWidth=30cm
PixelWidth=1024.0
PixelHeight=768.0
You have detected 11 out of 12 targets.
Well done! Keep up the good work
5.4888 	INFO 	Loaded monitor calibration from ['2021_05_26 17:55']
5.9481 	EXP 	Created window1 = Window(allowGUI=False, allowStencil=False, autoLog=True, backendConf=UNKNOWN, bitsMode=UNKNOWN, blendMode='avg', bpc=(8, 8, 8), color=array([-0.5, -0.5, -0.5]), colorSpace='rgb', depthBits=8, fullscr=<method-wrapper '__getattribute__' of attributeSetter object at 0x7f28a5158438>, gamma=None, gammaErrorPolicy='raise', lms=UNKNOWN, monitor=<psychopy.monitors.calibTools.Monitor object at 0x7f289af790b8>, multiSample=False, name='window1', numSamples=2, pos=[0.0, 0.0], screen=0, size=array([1024,  768]), stencilBits=0, stereo=False, units='deg', useFBO=False, useRetina=False, viewOri=0.0, viewPos=None, viewScale=None, waitBlanking=True, winType='pyglet')
5.9482 	EXP 	window1: mouseVisible = True
6.0105 	EXP 	Created unnamed TextStim = TextStim(__class__=<class 'psychopy.visual.text.TextStim'>, alignHoriz=method-wrapper(...), alignText='center', alignVert=method-wrapper(...), anchorHoriz='center', anchorVert='center', antialias=True, autoLog=True, bold=False, color=array([1., 1., 1.]), colorSpace='rgb', contrast=1.0, depth=0, flipHoriz=False, flipVert=False, font='', fontFiles=[], height=0.5, italic=False, languageStyle='LTR', name='unnamed TextStim', opacity=1.0, ori=0.0, pos=array([0., 0.]), rgb=UNKNOWN, text=str(...), units='deg', win=Window(...), wrapWidth=15.0)
6.0410 	EXP 	Created Movie Frame 0 = ImageStim(__class__=<class 'psychopy.visual.image.ImageStim'>, autoLog=True, color=array([0.8, 0.8, 0.8]), colorSpace='rgb', contrast=0.8, depth=0, flipHoriz=False, flipVert=False, image='visual_0.png', interpolate=False, mask=None, maskParams=None, name='Movie Frame 0', opacity=1, ori=0.0, pos=array([0., 0.]), size=array([1024,  768]), texRes=128, units='pix', win=Window(...))
6.0646 	EXP 	Created Movie Frame 1 = ImageStim(__class__=<class 'psychopy.visual.image.ImageStim'>, autoLog=True, color=array([0.8, 0.8, 0.8]), colorSpace='rgb', contrast=0.8, depth=0, flipHoriz=False, flipVert=False, image='visual_1.png', interpolate=False, mask=None, maskParams=None, name='Movie Frame 1', opacity=1, ori=0.0, pos=array([0., 0.]), size=array([1024,  768]), texRes=128, units='pix', win=Window(...))
33.1197 	DATA 	Keypress: 5
0.0000 	DATA 	StartOfRun sub-09_ses-05_run-06
0.0000 	DATA 	TR 1 | TR1 1 | TR2 0
0.0057 	DATA 	Initial baseline

1.5499 	DATA 	Keypress: 5
1.5500 	DATA 	TR 2 | TR1 1 | TR2 1
3.1221 	DATA 	Keypress: 5
3.1221 	DATA 	TR 3 | TR1 2 | TR2 1
4.6733 	DATA 	Keypress: 5
4.6734 	DATA 	TR 4 | TR1 2 | TR2 2
6.2456 	DATA 	Keypress: 5
6.2456 	DATA 	TR 5 | TR1 3 | TR2 2
7.7967 	DATA 	Keypress: 5
7.7968 	DATA 	TR 6 | TR1 3 | TR2 3
9.3689 	DATA 	Keypress: 5
9.3689 	DATA 	TR 7 | TR1 4 | TR2 3
10.9201 	DATA 	Keypress: 5
10.9201 	DATA 	TR 8 | TR1 4 | TR2 4
12.4923 	DATA 	Keypress: 5
12.4923 	DATA 	TR 9 | TR1 5 | TR2 4
14.0435 	DATA 	Keypress: 5
14.0435 	DATA 	TR 10 | TR1 5 | TR2 5
15.6157 	DATA 	Keypress: 5
15.6157 	DATA 	TR 11 | TR1 6 | TR2 5
17.1669 	DATA 	Keypress: 5
17.1669 	DATA 	TR 12 | TR1 6 | TR2 6
18.7391 	DATA 	Keypress: 5
18.7391 	DATA 	TR 13 | TR1 7 | TR2 6
20.2903 	DATA 	Keypress: 5
20.2903 	DATA 	TR 14 | TR1 7 | TR2 7
21.8625 	DATA 	Keypress: 5
21.8625 	DATA 	TR 15 | TR1 8 | TR2 7
23.4136 	DATA 	Keypress: 5
23.4136 	DATA 	TR 16 | TR1 8 | TR2 8
24.9859 	DATA 	Keypress: 5
24.9859 	DATA 	TR 17 | TR1 9 | TR2 8
26.5371 	DATA 	Keypress: 5
26.5371 	DATA 	TR 18 | TR1 9 | TR2 9
28.1093 	DATA 	Keypress: 5
28.1093 	DATA 	TR 19 | TR1 10 | TR2 9
29.6605 	DATA 	Keypress: 5
29.6605 	DATA 	TR 20 | TR1 10 | TR2 10
31.2369 	DATA 	Keypress: 5
31.2369 	DATA 	Waited 1.2369210720062256 seconds for trigger
31.2383 	DATA 	
31.2384 	DATA 	Trial 1
31.2384 	DATA 	stimDur = 12.0
31.2384 	DATA 	jitter = 0.0
31.2384 	DATA 	restDur = 30.0

31.2384 	DATA 	
31.2384 	DATA 	TR 21 | TR1 11 | TR2 10
31.2384 	DATA 	
31.2384 	DATA 	stimulation started
31.2384 	DATA 	
32.7867 	DATA 	Keypress: 5
32.7868 	DATA 	TR 22 | TR1 11 | TR2 11
34.3699 	DATA 	Keypress: 5
34.3699 	DATA 	TR 23 | TR1 12 | TR2 11
35.9198 	DATA 	Keypress: 5
35.9198 	DATA 	TR 24 | TR1 12 | TR2 12
37.4863 	DATA 	Keypress: 5
37.4863 	DATA 	TR 25 | TR1 13 | TR2 12
39.0362 	DATA 	Keypress: 5
39.0362 	DATA 	TR 26 | TR1 13 | TR2 13
40.6027 	DATA 	Keypress: 5
40.6028 	DATA 	TR 27 | TR1 14 | TR2 13
42.1693 	DATA 	Keypress: 5
42.1693 	DATA 	TR 28 | TR1 14 | TR2 14
43.2524 	DATA 	
43.2524 	DATA 	stimulation stopped
43.2524 	DATA 	
43.7357 	DATA 	Keypress: 5
43.7357 	DATA 	TR 29 | TR1 15 | TR2 14
45.2854 	DATA 	Keypress: 5
45.2855 	DATA 	TR 30 | TR1 15 | TR2 15
46.8521 	DATA 	Keypress: 5
46.8521 	DATA 	TR 31 | TR1 16 | TR2 15
48.4020 	DATA 	Keypress: 5
48.4020 	DATA 	TR 32 | TR1 16 | TR2 16
49.9853 	DATA 	Keypress: 5
49.9853 	DATA 	TR 33 | TR1 17 | TR2 16
51.5350 	DATA 	Keypress: 5
51.5350 	DATA 	TR 34 | TR1 17 | TR2 17
53.1015 	DATA 	Keypress: 5
53.1016 	DATA 	TR 35 | TR1 18 | TR2 17
54.6514 	DATA 	Keypress: 5
54.6515 	DATA 	TR 36 | TR1 18 | TR2 18
56.2346 	DATA 	Keypress: 5
56.2346 	DATA 	TR 37 | TR1 19 | TR2 18
57.7844 	DATA 	Keypress: 5
57.7845 	DATA 	TR 38 | TR1 19 | TR2 19
59.3509 	DATA 	Keypress: 5
59.3510 	DATA 	TR 39 | TR1 20 | TR2 19
60.9009 	DATA 	Keypress: 5
60.9009 	DATA 	TR 40 | TR1 20 | TR2 20
62.4673 	DATA 	Keypress: 5
62.4674 	DATA 	TR 41 | TR1 21 | TR2 20
64.0178 	DATA 	Keypress: 5
64.0338 	DATA 	TR 42 | TR1 21 | TR2 21
65.6004 	DATA 	Keypress: 5
65.6004 	DATA 	TR 43 | TR1 22 | TR2 21
67.1503 	DATA 	Keypress: 5
67.1503 	DATA 	TR 44 | TR1 22 | TR2 22
68.7168 	DATA 	Keypress: 5
68.7168 	DATA 	TR 45 | TR1 23 | TR2 22
70.2667 	DATA 	Keypress: 5
70.2667 	DATA 	TR 46 | TR1 23 | TR2 23
71.8498 	DATA 	Keypress: 5
71.8499 	DATA 	TR 47 | TR1 24 | TR2 23
73.2497 	DATA 	
73.2497 	DATA 	Trial complete
73.2497 	DATA 	Waiting for VASO trigger to start next trial
73.2497 	DATA 	
73.3997 	DATA 	Keypress: 5
73.3998 	DATA 	TR 48 | TR1 24 | TR2 24
74.9662 	DATA 	Keypress: 5
74.9663 	DATA 	Waited 1.7166471481323242 seconds for trigger
74.9671 	DATA 	
74.9671 	DATA 	Trial 2
74.9671 	DATA 	stimDur = 24.0
74.9671 	DATA 	jitter = 0.78525
74.9671 	DATA 	restDur = 40.0

74.9671 	DATA 	
74.9671 	DATA 	TR 49 | TR1 25 | TR2 24
75.7662 	DATA 	
75.7662 	DATA 	stimulation started
75.7662 	DATA 	
76.5161 	DATA 	Keypress: 5
76.5162 	DATA 	TR 50 | TR1 25 | TR2 25
78.0827 	DATA 	Keypress: 5
78.0827 	DATA 	TR 51 | TR1 26 | TR2 25
79.6492 	DATA 	Keypress: 5
79.6492 	DATA 	TR 52 | TR1 26 | TR2 26
81.2157 	DATA 	Keypress: 5
81.2158 	DATA 	TR 53 | TR1 27 | TR2 26
82.7656 	DATA 	Keypress: 5
82.7656 	DATA 	TR 54 | TR1 27 | TR2 27
84.3321 	DATA 	Keypress: 5
84.3322 	DATA 	TR 55 | TR1 28 | TR2 27
85.8821 	DATA 	Keypress: 5
85.8821 	DATA 	TR 56 | TR1 28 | TR2 28
87.4652 	DATA 	Keypress: 5
87.4652 	DATA 	TR 57 | TR1 29 | TR2 28
89.0150 	DATA 	Keypress: 5
89.0151 	DATA 	TR 58 | TR1 29 | TR2 29
90.5816 	DATA 	Keypress: 5
90.5816 	DATA 	TR 59 | TR1 30 | TR2 29
92.1314 	DATA 	Keypress: 5
92.1314 	DATA 	TR 60 | TR1 30 | TR2 30
93.7146 	DATA 	Keypress: 5
93.7147 	DATA 	TR 61 | TR1 31 | TR2 30
95.2644 	DATA 	Keypress: 5
95.2645 	DATA 	TR 62 | TR1 31 | TR2 31
96.8310 	DATA 	Keypress: 5
96.8311 	DATA 	TR 63 | TR1 32 | TR2 31
98.3809 	DATA 	Keypress: 5
98.3809 	DATA 	TR 64 | TR1 32 | TR2 32
99.7640 	DATA 	
99.7640 	DATA 	stimulation stopped
99.7640 	DATA 	
99.9473 	DATA 	Keypress: 5
99.9474 	DATA 	TR 65 | TR1 33 | TR2 32
101.4978 	DATA 	Keypress: 5
101.5138 	DATA 	TR 66 | TR1 33 | TR2 33
103.0804 	DATA 	Keypress: 5
103.0804 	DATA 	TR 67 | TR1 34 | TR2 33
104.6302 	DATA 	Keypress: 5
104.6303 	DATA 	TR 68 | TR1 34 | TR2 34
106.1968 	DATA 	Keypress: 5
106.1969 	DATA 	TR 69 | TR1 35 | TR2 34
107.7466 	DATA 	Keypress: 5
107.7467 	DATA 	TR 70 | TR1 35 | TR2 35
109.0632 	DATA 	Target presented
109.3299 	DATA 	Keypress: 5
109.3299 	DATA 	TR 71 | TR1 36 | TR2 35
109.5964 	DATA 	Keypress: 1
109.5965 	DATA 	Key1 pressed
109.5965 	DATA 	Target detected
110.8797 	DATA 	Keypress: 5
110.8797 	DATA 	TR 72 | TR1 36 | TR2 36
112.4462 	DATA 	Keypress: 5
112.4463 	DATA 	TR 73 | TR1 37 | TR2 36
113.9961 	DATA 	Keypress: 5
113.9961 	DATA 	TR 74 | TR1 37 | TR2 37
115.5632 	DATA 	Keypress: 5
115.5792 	DATA 	TR 75 | TR1 38 | TR2 37
117.1291 	DATA 	Keypress: 5
117.1292 	DATA 	TR 76 | TR1 38 | TR2 38
118.6957 	DATA 	Keypress: 5
118.6957 	DATA 	TR 77 | TR1 39 | TR2 38
120.2455 	DATA 	Keypress: 5
120.2456 	DATA 	TR 78 | TR1 39 | TR2 39
121.8121 	DATA 	Keypress: 5
121.8121 	DATA 	TR 79 | TR1 40 | TR2 39
123.3619 	DATA 	Keypress: 5
123.3619 	DATA 	TR 80 | TR1 40 | TR2 40
124.9451 	DATA 	Keypress: 5
124.9452 	DATA 	TR 81 | TR1 41 | TR2 40
126.4949 	DATA 	Keypress: 5
126.4950 	DATA 	TR 82 | TR1 41 | TR2 41
128.0615 	DATA 	Keypress: 5
128.0616 	DATA 	TR 83 | TR1 42 | TR2 41
129.6113 	DATA 	Keypress: 5
129.6114 	DATA 	TR 84 | TR1 42 | TR2 42
131.1946 	DATA 	Keypress: 5
131.1946 	DATA 	TR 85 | TR1 43 | TR2 42
132.7444 	DATA 	Keypress: 5
132.7444 	DATA 	TR 86 | TR1 43 | TR2 43
134.3110 	DATA 	Keypress: 5
134.3110 	DATA 	TR 87 | TR1 44 | TR2 43
135.8608 	DATA 	Keypress: 5
135.8608 	DATA 	TR 88 | TR1 44 | TR2 44
137.4275 	DATA 	Keypress: 5
137.4275 	DATA 	TR 89 | TR1 45 | TR2 44
138.9938 	DATA 	Keypress: 5
138.9939 	DATA 	TR 90 | TR1 45 | TR2 45
139.7604 	DATA 	
139.7604 	DATA 	Trial complete
139.7604 	DATA 	Waiting for VASO trigger to start next trial
139.7604 	DATA 	
140.5604 	DATA 	Keypress: 5
140.5604 	DATA 	Waited 0.8000080585479736 seconds for trigger
140.5612 	DATA 	
140.5612 	DATA 	Trial 3
140.5612 	DATA 	stimDur = 2.0
140.5612 	DATA 	jitter = 2.35575
140.5612 	DATA 	restDur = 22.0

140.5612 	DATA 	
140.5612 	DATA 	TR 91 | TR1 46 | TR2 45
142.1105 	DATA 	Keypress: 5
142.1105 	DATA 	TR 92 | TR1 46 | TR2 46
142.9268 	DATA 	
142.9268 	DATA 	stimulation started
142.9268 	DATA 	
143.6769 	DATA 	Keypress: 5
143.6769 	DATA 	TR 93 | TR1 47 | TR2 46
144.9266 	DATA 	
144.9267 	DATA 	stimulation stopped
144.9267 	DATA 	
145.2266 	DATA 	Keypress: 5
145.2267 	DATA 	TR 94 | TR1 47 | TR2 47
146.8098 	DATA 	Keypress: 5
146.8099 	DATA 	TR 95 | TR1 48 | TR2 47
148.3597 	DATA 	Keypress: 5
148.3597 	DATA 	TR 96 | TR1 48 | TR2 48
149.9262 	DATA 	Keypress: 5
149.9263 	DATA 	TR 97 | TR1 49 | TR2 48
151.4760 	DATA 	Keypress: 5
151.4761 	DATA 	TR 98 | TR1 49 | TR2 49
153.0593 	DATA 	Keypress: 5
153.0593 	DATA 	TR 99 | TR1 50 | TR2 49
154.6091 	DATA 	Keypress: 5
154.6091 	DATA 	TR 100 | TR1 50 | TR2 50
155.1424 	DATA 	Target presented
155.7097 	DATA 	Keypress: 1
155.7256 	DATA 	Key1 pressed
155.7257 	DATA 	Target detected
156.1756 	DATA 	Keypress: 5
156.1757 	DATA 	TR 101 | TR1 51 | TR2 50
157.7255 	DATA 	Keypress: 5
157.7255 	DATA 	TR 102 | TR1 51 | TR2 51
159.2920 	DATA 	Keypress: 5
159.2921 	DATA 	TR 103 | TR1 52 | TR2 51
160.8419 	DATA 	Keypress: 5
160.8419 	DATA 	TR 104 | TR1 52 | TR2 52
162.4251 	DATA 	Keypress: 5
162.4251 	DATA 	TR 105 | TR1 53 | TR2 52
163.9749 	DATA 	Keypress: 5
163.9750 	DATA 	TR 106 | TR1 53 | TR2 53
165.5415 	DATA 	Keypress: 5
165.5415 	DATA 	TR 107 | TR1 54 | TR2 53
166.9246 	DATA 	
166.9246 	DATA 	Trial complete
166.9247 	DATA 	Waiting for VASO trigger to start next trial
166.9247 	DATA 	
167.0913 	DATA 	Keypress: 5
167.0913 	DATA 	TR 108 | TR1 54 | TR2 54
168.6747 	DATA 	Keypress: 5
168.6748 	DATA 	Waited 1.7501401901245117 seconds for trigger
168.6756 	DATA 	
168.6756 	DATA 	Trial 4
168.6756 	DATA 	stimDur = 2.0
168.6756 	DATA 	jitter = 0.78525
168.6756 	DATA 	restDur = 22.0

168.6756 	DATA 	
168.6756 	DATA 	TR 109 | TR1 55 | TR2 54
169.4744 	DATA 	
169.4744 	DATA 	stimulation started
169.4744 	DATA 	
170.2243 	DATA 	Keypress: 5
170.2244 	DATA 	TR 110 | TR1 55 | TR2 55
171.4743 	DATA 	
171.4743 	DATA 	stimulation stopped
171.4743 	DATA 	
171.7909 	DATA 	Keypress: 5
171.7910 	DATA 	TR 111 | TR1 56 | TR2 55
173.3408 	DATA 	Keypress: 5
173.3408 	DATA 	TR 112 | TR1 56 | TR2 56
174.9073 	DATA 	Keypress: 5
174.9074 	DATA 	TR 113 | TR1 57 | TR2 56
176.4738 	DATA 	Keypress: 5
176.4738 	DATA 	TR 114 | TR1 57 | TR2 57
178.0404 	DATA 	Keypress: 5
178.0404 	DATA 	TR 115 | TR1 58 | TR2 57
179.5902 	DATA 	Keypress: 5
179.5902 	DATA 	TR 116 | TR1 58 | TR2 58
181.1568 	DATA 	Keypress: 5
181.1568 	DATA 	TR 117 | TR1 59 | TR2 58
182.7066 	DATA 	Keypress: 5
182.7066 	DATA 	TR 118 | TR1 59 | TR2 59
184.2898 	DATA 	Keypress: 5
184.2898 	DATA 	TR 119 | TR1 60 | TR2 59
185.8396 	DATA 	Keypress: 5
185.8397 	DATA 	TR 120 | TR1 60 | TR2 60
187.4062 	DATA 	Keypress: 5
187.4062 	DATA 	TR 121 | TR1 61 | TR2 60
188.9560 	DATA 	Keypress: 5
188.9561 	DATA 	TR 122 | TR1 61 | TR2 61
190.5392 	DATA 	Keypress: 5
190.5393 	DATA 	TR 123 | TR1 62 | TR2 61
192.0891 	DATA 	Keypress: 5
192.0891 	DATA 	TR 124 | TR1 62 | TR2 62
193.4722 	DATA 	
193.4722 	DATA 	Trial complete
193.4723 	DATA 	Waiting for VASO trigger to start next trial
193.4723 	DATA 	
193.6556 	DATA 	Keypress: 5
193.6557 	DATA 	Waited 0.18341803550720215 seconds for trigger
193.6565 	DATA 	
193.6565 	DATA 	Trial 5
193.6565 	DATA 	stimDur = 4.0
193.6565 	DATA 	jitter = 0.0
193.6565 	DATA 	restDur = 24.0

193.6565 	DATA 	
193.6565 	DATA 	TR 125 | TR1 63 | TR2 62
193.6565 	DATA 	
193.6565 	DATA 	stimulation started
193.6565 	DATA 	
195.2055 	DATA 	Keypress: 5
195.2056 	DATA 	TR 126 | TR1 63 | TR2 63
196.7721 	DATA 	Keypress: 5
196.7721 	DATA 	TR 127 | TR1 64 | TR2 63
197.6719 	DATA 	
197.6719 	DATA 	stimulation stopped
197.6719 	DATA 	
198.3385 	DATA 	Keypress: 5
198.3385 	DATA 	TR 128 | TR1 64 | TR2 64
199.9049 	DATA 	Keypress: 5
199.9050 	DATA 	TR 129 | TR1 65 | TR2 64
201.4549 	DATA 	Keypress: 5
201.4549 	DATA 	TR 130 | TR1 65 | TR2 65
203.0215 	DATA 	Keypress: 5
203.0215 	DATA 	TR 131 | TR1 66 | TR2 65
204.5713 	DATA 	Keypress: 5
204.5713 	DATA 	TR 132 | TR1 66 | TR2 66
206.1545 	DATA 	Keypress: 5
206.1545 	DATA 	TR 133 | TR1 67 | TR2 66
207.7043 	DATA 	Keypress: 5
207.7044 	DATA 	TR 134 | TR1 67 | TR2 67
207.9043 	DATA 	Target presented
208.4543 	DATA 	Keypress: 1
208.4543 	DATA 	Key1 pressed
208.4543 	DATA 	Target detected
209.2708 	DATA 	Keypress: 5
209.2709 	DATA 	TR 135 | TR1 68 | TR2 67
210.8207 	DATA 	Keypress: 5
210.8208 	DATA 	TR 136 | TR1 68 | TR2 68
212.3879 	DATA 	Keypress: 5
212.4039 	DATA 	TR 137 | TR1 69 | TR2 68
213.9538 	DATA 	Keypress: 5
213.9538 	DATA 	TR 138 | TR1 69 | TR2 69
215.5203 	DATA 	Keypress: 5
215.5204 	DATA 	TR 139 | TR1 70 | TR2 69
217.0703 	DATA 	Keypress: 5
217.0704 	DATA 	TR 140 | TR1 70 | TR2 70
218.6367 	DATA 	Keypress: 5
218.6368 	DATA 	TR 141 | TR1 71 | TR2 70
220.1865 	DATA 	Keypress: 5
220.1866 	DATA 	TR 142 | TR1 71 | TR2 71
221.6697 	DATA 	
221.6697 	DATA 	Trial complete
221.6697 	DATA 	Waiting for VASO trigger to start next trial
221.6697 	DATA 	
221.7698 	DATA 	Keypress: 5
221.7699 	DATA 	Waited 0.10010695457458496 seconds for trigger
221.7706 	DATA 	
221.7706 	DATA 	Trial 6
221.7706 	DATA 	stimDur = 4.0
221.7706 	DATA 	jitter = 1.5705
221.7706 	DATA 	restDur = 24.0

221.7706 	DATA 	
221.7706 	DATA 	TR 143 | TR1 72 | TR2 71
223.3196 	DATA 	Keypress: 5
223.3196 	DATA 	TR 144 | TR1 72 | TR2 72
223.3529 	DATA 	
223.3529 	DATA 	stimulation started
223.3529 	DATA 	
224.8862 	DATA 	Keypress: 5
224.8862 	DATA 	TR 145 | TR1 73 | TR2 72
226.4360 	DATA 	Keypress: 5
226.4361 	DATA 	TR 146 | TR1 73 | TR2 73
227.3526 	DATA 	
227.3526 	DATA 	stimulation stopped
227.3526 	DATA 	
228.0192 	DATA 	Keypress: 5
228.0193 	DATA 	TR 147 | TR1 74 | TR2 73
229.5692 	DATA 	Keypress: 5
229.5692 	DATA 	TR 148 | TR1 74 | TR2 74
231.1357 	DATA 	Keypress: 5
231.1357 	DATA 	TR 149 | TR1 75 | TR2 74
232.6854 	DATA 	Keypress: 5
232.6854 	DATA 	TR 150 | TR1 75 | TR2 75
234.2519 	DATA 	Keypress: 5
234.2519 	DATA 	TR 151 | TR1 76 | TR2 75
235.8024 	DATA 	Keypress: 5
235.8184 	DATA 	TR 152 | TR1 76 | TR2 76
237.3852 	DATA 	Keypress: 5
237.3852 	DATA 	TR 153 | TR1 77 | TR2 76
238.9348 	DATA 	Keypress: 5
238.9349 	DATA 	TR 154 | TR1 77 | TR2 77
240.5014 	DATA 	Keypress: 5
240.5015 	DATA 	TR 155 | TR1 78 | TR2 77
242.0512 	DATA 	Keypress: 5
242.0512 	DATA 	TR 156 | TR1 78 | TR2 78
243.6344 	DATA 	Keypress: 5
243.6345 	DATA 	TR 157 | TR1 79 | TR2 78
245.1842 	DATA 	Keypress: 5
245.1843 	DATA 	TR 158 | TR1 79 | TR2 79
246.7508 	DATA 	Keypress: 5
246.7509 	DATA 	TR 159 | TR1 80 | TR2 79
248.3007 	DATA 	Keypress: 5
248.3007 	DATA 	TR 160 | TR1 80 | TR2 80
249.8839 	DATA 	Keypress: 5
249.8839 	DATA 	TR 161 | TR1 81 | TR2 80
251.3503 	DATA 	
251.3504 	DATA 	Trial complete
251.3504 	DATA 	Waiting for VASO trigger to start next trial
251.3504 	DATA 	
251.4337 	DATA 	Keypress: 5
251.4338 	DATA 	TR 162 | TR1 81 | TR2 81
253.0003 	DATA 	Keypress: 5
253.0003 	DATA 	Waited 1.6499419212341309 seconds for trigger
253.0011 	DATA 	
253.0011 	DATA 	Trial 7
253.0011 	DATA 	stimDur = 4.0
253.0011 	DATA 	jitter = 2.35575
253.0011 	DATA 	restDur = 24.0

253.0011 	DATA 	
253.0011 	DATA 	TR 163 | TR1 82 | TR2 81
254.5501 	DATA 	Keypress: 5
254.5502 	DATA 	TR 164 | TR1 82 | TR2 82
255.3667 	DATA 	
255.3667 	DATA 	stimulation started
255.3667 	DATA 	
256.1167 	DATA 	Keypress: 5
256.1168 	DATA 	TR 165 | TR1 83 | TR2 82
257.6666 	DATA 	Keypress: 5
257.6666 	DATA 	TR 166 | TR1 83 | TR2 83
259.2498 	DATA 	Keypress: 5
259.2498 	DATA 	TR 167 | TR1 84 | TR2 83
259.3666 	DATA 	
259.3666 	DATA 	stimulation stopped
259.3666 	DATA 	
260.7995 	DATA 	Keypress: 5
260.7996 	DATA 	TR 168 | TR1 84 | TR2 84
262.3661 	DATA 	Keypress: 5
262.3661 	DATA 	TR 169 | TR1 85 | TR2 84
263.9159 	DATA 	Keypress: 5
263.9160 	DATA 	TR 170 | TR1 85 | TR2 85
265.4991 	DATA 	Keypress: 5
265.4992 	DATA 	TR 171 | TR1 86 | TR2 85
267.0490 	DATA 	Keypress: 5
267.0490 	DATA 	TR 172 | TR1 86 | TR2 86
268.6155 	DATA 	Keypress: 5
268.6156 	DATA 	TR 173 | TR1 87 | TR2 86
270.1654 	DATA 	Keypress: 5
270.1654 	DATA 	TR 174 | TR1 87 | TR2 87
271.7325 	DATA 	Keypress: 5
271.7485 	DATA 	TR 175 | TR1 88 | TR2 87
273.2984 	DATA 	Keypress: 5
273.2984 	DATA 	TR 176 | TR1 88 | TR2 88
274.8651 	DATA 	Keypress: 5
274.8651 	DATA 	TR 177 | TR1 89 | TR2 88
276.4148 	DATA 	Keypress: 5
276.4148 	DATA 	TR 178 | TR1 89 | TR2 89
277.1147 	DATA 	Target presented
277.6814 	DATA 	Keypress: 1
277.6814 	DATA 	Key1 pressed
277.6814 	DATA 	Target detected
277.9813 	DATA 	Keypress: 5
277.9813 	DATA 	TR 179 | TR1 90 | TR2 89
279.5313 	DATA 	Keypress: 5
279.5314 	DATA 	TR 180 | TR1 90 | TR2 90
281.1144 	DATA 	Keypress: 5
281.1145 	DATA 	TR 181 | TR1 91 | TR2 90
282.6642 	DATA 	Keypress: 5
282.6643 	DATA 	TR 182 | TR1 91 | TR2 91
283.3641 	DATA 	
283.3641 	DATA 	Trial complete
283.3642 	DATA 	Waiting for VASO trigger to start next trial
283.3642 	DATA 	
284.2308 	DATA 	Keypress: 5
284.2308 	DATA 	Waited 0.8666670322418213 seconds for trigger
284.2316 	DATA 	
284.2316 	DATA 	Trial 8
284.2316 	DATA 	stimDur = 24.0
284.2316 	DATA 	jitter = 1.5705
284.2316 	DATA 	restDur = 40.0

284.2316 	DATA 	
284.2316 	DATA 	TR 183 | TR1 92 | TR2 91
285.7807 	DATA 	Keypress: 5
285.7807 	DATA 	TR 184 | TR1 92 | TR2 92
285.8139 	DATA 	
285.8139 	DATA 	stimulation started
285.8139 	DATA 	
287.3479 	DATA 	Keypress: 5
287.3638 	DATA 	TR 185 | TR1 93 | TR2 92
288.9138 	DATA 	Keypress: 5
288.9138 	DATA 	TR 186 | TR1 93 | TR2 93
290.4803 	DATA 	Keypress: 5
290.4803 	DATA 	TR 187 | TR1 94 | TR2 93
292.0301 	DATA 	Keypress: 5
292.0302 	DATA 	TR 188 | TR1 94 | TR2 94
293.5967 	DATA 	Keypress: 5
293.5967 	DATA 	TR 189 | TR1 95 | TR2 94
295.1472 	DATA 	Keypress: 5
295.1631 	DATA 	TR 190 | TR1 95 | TR2 95
296.7297 	DATA 	Keypress: 5
296.7297 	DATA 	TR 191 | TR1 96 | TR2 95
298.2796 	DATA 	Keypress: 5
298.2796 	DATA 	TR 192 | TR1 96 | TR2 96
299.8461 	DATA 	Keypress: 5
299.8461 	DATA 	TR 193 | TR1 97 | TR2 96
301.3960 	DATA 	Keypress: 5
301.3960 	DATA 	TR 194 | TR1 97 | TR2 97
302.9791 	DATA 	Keypress: 5
302.9792 	DATA 	TR 195 | TR1 98 | TR2 97
304.5290 	DATA 	Keypress: 5
304.5291 	DATA 	TR 196 | TR1 98 | TR2 98
306.0955 	DATA 	Keypress: 5
306.0955 	DATA 	TR 197 | TR1 99 | TR2 98
307.6454 	DATA 	Keypress: 5
307.6454 	DATA 	TR 198 | TR1 99 | TR2 99
309.2119 	DATA 	Keypress: 5
309.2120 	DATA 	TR 199 | TR1 100 | TR2 99
309.8118 	DATA 	
309.8118 	DATA 	stimulation stopped
309.8118 	DATA 	
310.7784 	DATA 	Keypress: 5
310.7784 	DATA 	TR 200 | TR1 100 | TR2 100
312.3449 	DATA 	Keypress: 5
312.3449 	DATA 	TR 201 | TR1 101 | TR2 100
313.8948 	DATA 	Keypress: 5
313.8948 	DATA 	TR 202 | TR1 101 | TR2 101
315.4613 	DATA 	Keypress: 5
315.4613 	DATA 	TR 203 | TR1 102 | TR2 101
317.0112 	DATA 	Keypress: 5
317.0112 	DATA 	TR 204 | TR1 102 | TR2 102
318.5945 	DATA 	Keypress: 5
318.5945 	DATA 	TR 205 | TR1 103 | TR2 102
320.1442 	DATA 	Keypress: 5
320.1443 	DATA 	TR 206 | TR1 103 | TR2 103
321.7103 	DATA 	Keypress: 5
321.7104 	DATA 	TR 207 | TR1 104 | TR2 103
321.8270 	DATA 	Target presented
322.5769 	DATA 	Keypress: 1
322.5770 	DATA 	Key1 pressed
322.5770 	DATA 	Target detected
323.2602 	DATA 	Keypress: 5
323.2603 	DATA 	TR 208 | TR1 104 | TR2 104
324.8434 	DATA 	Keypress: 5
324.8434 	DATA 	TR 209 | TR1 105 | TR2 104
326.3933 	DATA 	Keypress: 5
326.3933 	DATA 	TR 210 | TR1 105 | TR2 105
327.9598 	DATA 	Keypress: 5
327.9598 	DATA 	TR 211 | TR1 106 | TR2 105
329.5097 	DATA 	Keypress: 5
329.5097 	DATA 	TR 212 | TR1 106 | TR2 106
331.0761 	DATA 	Keypress: 5
331.0761 	DATA 	TR 213 | TR1 107 | TR2 106
332.6270 	DATA 	Keypress: 5
332.6431 	DATA 	TR 214 | TR1 107 | TR2 107
334.2095 	DATA 	Keypress: 5
334.2096 	DATA 	TR 215 | TR1 108 | TR2 107
335.7595 	DATA 	Keypress: 5
335.7595 	DATA 	TR 216 | TR1 108 | TR2 108
337.3260 	DATA 	Keypress: 5
337.3260 	DATA 	TR 217 | TR1 109 | TR2 108
338.8759 	DATA 	Keypress: 5
338.8759 	DATA 	TR 218 | TR1 109 | TR2 109
340.4590 	DATA 	Keypress: 5
340.4591 	DATA 	TR 219 | TR1 110 | TR2 109
342.0089 	DATA 	Keypress: 5
342.0089 	DATA 	TR 220 | TR1 110 | TR2 110
343.5754 	DATA 	Keypress: 5
343.5754 	DATA 	TR 221 | TR1 111 | TR2 110
345.1253 	DATA 	Keypress: 5
345.1253 	DATA 	TR 222 | TR1 111 | TR2 111
346.6924 	DATA 	Keypress: 5
346.7084 	DATA 	TR 223 | TR1 112 | TR2 111
348.2586 	DATA 	Keypress: 5
348.2586 	DATA 	TR 224 | TR1 112 | TR2 112
349.8081 	DATA 	
349.8082 	DATA 	Trial complete
349.8082 	DATA 	Waiting for VASO trigger to start next trial
349.8082 	DATA 	
349.8248 	DATA 	Keypress: 5
349.8249 	DATA 	Waited 0.016690969467163086 seconds for trigger
349.8257 	DATA 	
349.8257 	DATA 	Trial 9
349.8257 	DATA 	stimDur = 24.0
349.8257 	DATA 	jitter = 0.0
349.8257 	DATA 	restDur = 40.0

349.8257 	DATA 	
349.8257 	DATA 	TR 225 | TR1 113 | TR2 112
349.8257 	DATA 	
349.8257 	DATA 	stimulation started
349.8257 	DATA 	
351.3748 	DATA 	Keypress: 5
351.3748 	DATA 	TR 226 | TR1 113 | TR2 113
352.9412 	DATA 	Keypress: 5
352.9413 	DATA 	TR 227 | TR1 114 | TR2 113
354.4911 	DATA 	Keypress: 5
354.4912 	DATA 	TR 228 | TR1 114 | TR2 114
356.0743 	DATA 	Keypress: 5
356.0743 	DATA 	TR 229 | TR1 115 | TR2 114
357.6242 	DATA 	Keypress: 5
357.6242 	DATA 	TR 230 | TR1 115 | TR2 115
359.1907 	DATA 	Keypress: 5
359.1907 	DATA 	TR 231 | TR1 116 | TR2 115
360.7406 	DATA 	Keypress: 5
360.7406 	DATA 	TR 232 | TR1 116 | TR2 116
362.3237 	DATA 	Keypress: 5
362.3238 	DATA 	TR 233 | TR1 117 | TR2 116
363.8736 	DATA 	Keypress: 5
363.8737 	DATA 	TR 234 | TR1 117 | TR2 117
365.4401 	DATA 	Keypress: 5
365.4402 	DATA 	TR 235 | TR1 118 | TR2 117
366.9900 	DATA 	Keypress: 5
366.9901 	DATA 	TR 236 | TR1 118 | TR2 118
368.5565 	DATA 	Keypress: 5
368.5566 	DATA 	TR 237 | TR1 119 | TR2 118
370.1071 	DATA 	Keypress: 5
370.1230 	DATA 	TR 238 | TR1 119 | TR2 119
371.6895 	DATA 	Keypress: 5
371.6896 	DATA 	TR 239 | TR1 120 | TR2 119
373.2395 	DATA 	Keypress: 5
373.2395 	DATA 	TR 240 | TR1 120 | TR2 120
373.8393 	DATA 	
373.8393 	DATA 	stimulation stopped
373.8393 	DATA 	
374.8060 	DATA 	Keypress: 5
374.8060 	DATA 	TR 241 | TR1 121 | TR2 120
376.3558 	DATA 	Keypress: 5
376.3558 	DATA 	TR 242 | TR1 121 | TR2 121
377.9389 	DATA 	Keypress: 5
377.9390 	DATA 	TR 243 | TR1 122 | TR2 121
379.4888 	DATA 	Keypress: 5
379.4889 	DATA 	TR 244 | TR1 122 | TR2 122
381.0553 	DATA 	Keypress: 5
381.0554 	DATA 	TR 245 | TR1 123 | TR2 122
382.6052 	DATA 	Keypress: 5
382.6053 	DATA 	TR 246 | TR1 123 | TR2 123
384.1884 	DATA 	Keypress: 5
384.1884 	DATA 	TR 247 | TR1 124 | TR2 123
385.7383 	DATA 	Keypress: 5
385.7383 	DATA 	TR 248 | TR1 124 | TR2 124
387.3045 	DATA 	Keypress: 5
387.3046 	DATA 	TR 249 | TR1 125 | TR2 124
388.8546 	DATA 	Keypress: 5
388.8547 	DATA 	TR 250 | TR1 125 | TR2 125
390.4211 	DATA 	Keypress: 5
390.4212 	DATA 	TR 251 | TR1 126 | TR2 125
391.9710 	DATA 	Keypress: 5
391.9711 	DATA 	TR 252 | TR1 126 | TR2 126
393.5543 	DATA 	Keypress: 5
393.5544 	DATA 	TR 253 | TR1 127 | TR2 126
395.1041 	DATA 	Keypress: 5
395.1041 	DATA 	TR 254 | TR1 127 | TR2 127
395.8873 	DATA 	Target presented
396.4373 	DATA 	Keypress: 1
396.4373 	DATA 	Key1 pressed
396.4373 	DATA 	Target detected
396.6706 	DATA 	Keypress: 5
396.6706 	DATA 	TR 255 | TR1 128 | TR2 127
398.2205 	DATA 	Keypress: 5
398.2205 	DATA 	TR 256 | TR1 128 | TR2 128
399.8036 	DATA 	Keypress: 5
399.8037 	DATA 	TR 257 | TR1 129 | TR2 128
401.3535 	DATA 	Keypress: 5
401.3536 	DATA 	TR 258 | TR1 129 | TR2 129
402.9200 	DATA 	Keypress: 5
402.9201 	DATA 	TR 259 | TR1 130 | TR2 129
404.4699 	DATA 	Keypress: 5
404.4700 	DATA 	TR 260 | TR1 130 | TR2 130
406.0370 	DATA 	Keypress: 5
406.0530 	DATA 	TR 261 | TR1 131 | TR2 130
407.6029 	DATA 	Keypress: 5
407.6030 	DATA 	TR 262 | TR1 131 | TR2 131
409.1695 	DATA 	Keypress: 5
409.1695 	DATA 	TR 263 | TR1 132 | TR2 131
410.7193 	DATA 	Keypress: 5
410.7194 	DATA 	TR 264 | TR1 132 | TR2 132
412.2858 	DATA 	Keypress: 5
412.2859 	DATA 	TR 265 | TR1 133 | TR2 132
413.8357 	DATA 	Keypress: 5
413.8358 	DATA 	TR 266 | TR1 133 | TR2 133
413.8358 	DATA 	
413.8358 	DATA 	Trial complete
413.8358 	DATA 	Waiting for VASO trigger to start next trial
413.8358 	DATA 	
415.4189 	DATA 	Keypress: 5
415.4189 	DATA 	Waited 1.583103895187378 seconds for trigger
415.4197 	DATA 	
415.4197 	DATA 	Trial 10
415.4197 	DATA 	stimDur = 12.0
415.4197 	DATA 	jitter = 1.5705
415.4197 	DATA 	restDur = 30.0

415.4197 	DATA 	
415.4197 	DATA 	TR 267 | TR1 134 | TR2 133
416.9688 	DATA 	Keypress: 5
416.9688 	DATA 	TR 268 | TR1 134 | TR2 134
417.0022 	DATA 	
417.0022 	DATA 	stimulation started
417.0022 	DATA 	
418.5353 	DATA 	Keypress: 5
418.5353 	DATA 	TR 269 | TR1 135 | TR2 134
420.0852 	DATA 	Keypress: 5
420.0853 	DATA 	TR 270 | TR1 135 | TR2 135
421.6683 	DATA 	Keypress: 5
421.6684 	DATA 	TR 271 | TR1 136 | TR2 135
423.2183 	DATA 	Keypress: 5
423.2183 	DATA 	TR 272 | TR1 136 | TR2 136
424.7848 	DATA 	Keypress: 5
424.7848 	DATA 	TR 273 | TR1 137 | TR2 136
426.3346 	DATA 	Keypress: 5
426.3347 	DATA 	TR 274 | TR1 137 | TR2 137
427.9011 	DATA 	Keypress: 5
427.9012 	DATA 	TR 275 | TR1 138 | TR2 137
429.0011 	DATA 	
429.0011 	DATA 	stimulation stopped
429.0011 	DATA 	
429.4516 	DATA 	Keypress: 5
429.4675 	DATA 	TR 276 | TR1 138 | TR2 138
431.0341 	DATA 	Keypress: 5
431.0341 	DATA 	TR 277 | TR1 139 | TR2 138
432.5840 	DATA 	Keypress: 5
432.5840 	DATA 	TR 278 | TR1 139 | TR2 139
434.1506 	DATA 	Keypress: 5
434.1507 	DATA 	TR 279 | TR1 140 | TR2 139
435.7004 	DATA 	Keypress: 5
435.7005 	DATA 	TR 280 | TR1 140 | TR2 140
437.2835 	DATA 	Keypress: 5
437.2836 	DATA 	TR 281 | TR1 141 | TR2 140
438.8334 	DATA 	Keypress: 5
438.8335 	DATA 	TR 282 | TR1 141 | TR2 141
440.3999 	DATA 	Keypress: 5
440.4000 	DATA 	TR 283 | TR1 142 | TR2 141
441.9498 	DATA 	Keypress: 5
441.9499 	DATA 	TR 284 | TR1 142 | TR2 142
443.5163 	DATA 	Keypress: 5
443.5164 	DATA 	TR 285 | TR1 143 | TR2 142
445.0829 	DATA 	Keypress: 5
445.0829 	DATA 	TR 286 | TR1 143 | TR2 143
446.6494 	DATA 	Keypress: 5
446.6494 	DATA 	TR 287 | TR1 144 | TR2 143
448.1992 	DATA 	Keypress: 5
448.1993 	DATA 	TR 288 | TR1 144 | TR2 144
449.7658 	DATA 	Keypress: 5
449.7658 	DATA 	TR 289 | TR1 145 | TR2 144
451.3157 	DATA 	Keypress: 5
451.3158 	DATA 	TR 290 | TR1 145 | TR2 145
452.8988 	DATA 	Keypress: 5
452.8988 	DATA 	TR 291 | TR1 146 | TR2 145
454.4487 	DATA 	Keypress: 5
454.4487 	DATA 	TR 292 | TR1 146 | TR2 146
456.0152 	DATA 	Keypress: 5
456.0152 	DATA 	TR 293 | TR1 147 | TR2 146
457.5652 	DATA 	Keypress: 5
457.5653 	DATA 	TR 294 | TR1 147 | TR2 147
458.9984 	DATA 	
458.9984 	DATA 	Trial complete
458.9985 	DATA 	Waiting for VASO trigger to start next trial
458.9985 	DATA 	
459.1482 	DATA 	Keypress: 5
459.1483 	DATA 	Waited 0.14980196952819824 seconds for trigger
459.1491 	DATA 	
459.1491 	DATA 	Trial 11
459.1491 	DATA 	stimDur = 1.0
459.1491 	DATA 	jitter = 1.5705
459.1491 	DATA 	restDur = 20.0

459.1491 	DATA 	
459.1491 	DATA 	TR 295 | TR1 148 | TR2 147
460.6981 	DATA 	Keypress: 5
460.6982 	DATA 	TR 296 | TR1 148 | TR2 148
460.7314 	DATA 	
460.7314 	DATA 	stimulation started
460.7314 	DATA 	
461.7313 	DATA 	
461.7313 	DATA 	stimulation stopped
461.7314 	DATA 	
462.2646 	DATA 	Keypress: 5
462.2647 	DATA 	TR 297 | TR1 149 | TR2 148
463.8145 	DATA 	Keypress: 5
463.8145 	DATA 	TR 298 | TR1 149 | TR2 149
465.3810 	DATA 	Keypress: 5
465.3811 	DATA 	TR 299 | TR1 150 | TR2 149
466.9315 	DATA 	Keypress: 5
466.9475 	DATA 	TR 300 | TR1 150 | TR2 150
466.9642 	DATA 	Target presented
467.4808 	DATA 	Keypress: 1
467.4809 	DATA 	Key1 pressed
467.4809 	DATA 	Target detected
468.5142 	DATA 	Keypress: 5
468.5142 	DATA 	TR 301 | TR1 151 | TR2 150
470.0639 	DATA 	Keypress: 5
470.0640 	DATA 	TR 302 | TR1 151 | TR2 151
471.6304 	DATA 	Keypress: 5
471.6305 	DATA 	TR 303 | TR1 152 | TR2 151
473.1803 	DATA 	Keypress: 5
473.1804 	DATA 	TR 304 | TR1 152 | TR2 152
474.7635 	DATA 	Keypress: 5
474.7635 	DATA 	TR 305 | TR1 153 | TR2 152
476.3133 	DATA 	Keypress: 5
476.3134 	DATA 	TR 306 | TR1 153 | TR2 153
477.8797 	DATA 	Keypress: 5
477.8798 	DATA 	TR 307 | TR1 154 | TR2 153
479.4297 	DATA 	Keypress: 5
479.4298 	DATA 	TR 308 | TR1 154 | TR2 154
480.9968 	DATA 	Keypress: 5
481.0129 	DATA 	TR 309 | TR1 155 | TR2 154
481.7295 	DATA 	
481.7295 	DATA 	Trial complete
481.7295 	DATA 	Waiting for VASO trigger to start next trial
481.7295 	DATA 	
482.5628 	DATA 	Keypress: 5
482.5628 	DATA 	TR 310 | TR1 155 | TR2 155
484.1293 	DATA 	Keypress: 5
484.1293 	DATA 	Waited 2.3998429775238037 seconds for trigger
484.1301 	DATA 	
484.1301 	DATA 	Trial 12
484.1301 	DATA 	stimDur = 4.0
484.1301 	DATA 	jitter = 0.78525
484.1301 	DATA 	restDur = 24.0

484.1301 	DATA 	
484.1301 	DATA 	TR 311 | TR1 156 | TR2 155
484.9292 	DATA 	
484.9292 	DATA 	stimulation started
484.9292 	DATA 	
485.6792 	DATA 	Keypress: 5
485.6793 	DATA 	TR 312 | TR1 156 | TR2 156
487.2457 	DATA 	Keypress: 5
487.2457 	DATA 	TR 313 | TR1 157 | TR2 156
488.7956 	DATA 	Keypress: 5
488.7956 	DATA 	TR 314 | TR1 157 | TR2 157
488.9289 	DATA 	
488.9289 	DATA 	stimulation stopped
488.9289 	DATA 	
490.3787 	DATA 	Keypress: 5
490.3787 	DATA 	TR 315 | TR1 158 | TR2 157
491.9286 	DATA 	Keypress: 5
491.9287 	DATA 	TR 316 | TR1 158 | TR2 158
493.4951 	DATA 	Keypress: 5
493.4951 	DATA 	TR 317 | TR1 159 | TR2 158
495.0450 	DATA 	Keypress: 5
495.0450 	DATA 	TR 318 | TR1 159 | TR2 159
496.6281 	DATA 	Keypress: 5
496.6282 	DATA 	TR 319 | TR1 160 | TR2 159
498.1780 	DATA 	Keypress: 5
498.1781 	DATA 	TR 320 | TR1 160 | TR2 160
499.7445 	DATA 	Keypress: 5
499.7446 	DATA 	TR 321 | TR1 161 | TR2 160
501.2944 	DATA 	Keypress: 5
501.2944 	DATA 	TR 322 | TR1 161 | TR2 161
502.8610 	DATA 	Keypress: 5
502.8611 	DATA 	TR 323 | TR1 162 | TR2 161
504.4275 	DATA 	Keypress: 5
504.4275 	DATA 	TR 324 | TR1 162 | TR2 162
505.9940 	DATA 	Keypress: 5
505.9940 	DATA 	TR 325 | TR1 163 | TR2 162
507.5438 	DATA 	Keypress: 5
507.5439 	DATA 	TR 326 | TR1 163 | TR2 163
509.1103 	DATA 	Keypress: 5
509.1104 	DATA 	TR 327 | TR1 164 | TR2 163
510.6602 	DATA 	Keypress: 5
510.6603 	DATA 	TR 328 | TR1 164 | TR2 164
512.2434 	DATA 	Keypress: 5
512.2434 	DATA 	TR 329 | TR1 165 | TR2 164
512.9266 	DATA 	
512.9266 	DATA 	Trial complete
512.9266 	DATA 	Waiting for VASO trigger to start next trial
512.9267 	DATA 	
513.7933 	DATA 	Keypress: 5
513.7933 	DATA 	TR 330 | TR1 165 | TR2 165
515.3598 	DATA 	Keypress: 5
515.3598 	DATA 	Waited 2.4331700801849365 seconds for trigger
515.3606 	DATA 	
515.3606 	DATA 	Trial 13
515.3606 	DATA 	stimDur = 12.0
515.3606 	DATA 	jitter = 0.78525
515.3606 	DATA 	restDur = 30.0

515.3606 	DATA 	
515.3606 	DATA 	TR 331 | TR1 166 | TR2 165
516.1597 	DATA 	
516.1597 	DATA 	stimulation started
516.1597 	DATA 	
516.9098 	DATA 	Keypress: 5
516.9098 	DATA 	TR 332 | TR1 166 | TR2 166
518.4929 	DATA 	Keypress: 5
518.4929 	DATA 	TR 333 | TR1 167 | TR2 166
520.0428 	DATA 	Keypress: 5
520.0428 	DATA 	TR 334 | TR1 167 | TR2 167
521.6093 	DATA 	Keypress: 5
521.6093 	DATA 	TR 335 | TR1 168 | TR2 167
523.1591 	DATA 	Keypress: 5
523.1592 	DATA 	TR 336 | TR1 168 | TR2 168
524.7256 	DATA 	Keypress: 5
524.7257 	DATA 	TR 337 | TR1 169 | TR2 168
526.2763 	DATA 	Keypress: 5
526.2921 	DATA 	TR 338 | TR1 169 | TR2 169
527.1921 	DATA 	Target presented
527.8588 	DATA 	Keypress: 5
527.8588 	DATA 	TR 339 | TR1 170 | TR2 169
528.1587 	DATA 	
528.1588 	DATA 	stimulation stopped
528.1588 	DATA 	
529.4085 	DATA 	Keypress: 5
529.4086 	DATA 	TR 340 | TR1 170 | TR2 170
530.9750 	DATA 	Keypress: 5
530.9751 	DATA 	TR 341 | TR1 171 | TR2 170
532.5249 	DATA 	Keypress: 5
532.5249 	DATA 	TR 342 | TR1 171 | TR2 171
534.1081 	DATA 	Keypress: 5
534.1081 	DATA 	TR 343 | TR1 172 | TR2 171
535.6579 	DATA 	Keypress: 5
535.6580 	DATA 	TR 344 | TR1 172 | TR2 172
537.2244 	DATA 	Keypress: 5
537.2245 	DATA 	TR 345 | TR1 173 | TR2 172
538.7745 	DATA 	Keypress: 5
538.7745 	DATA 	TR 346 | TR1 173 | TR2 173
540.3408 	DATA 	Keypress: 5
540.3409 	DATA 	TR 347 | TR1 174 | TR2 173
541.9074 	DATA 	Keypress: 5
541.9074 	DATA 	TR 348 | TR1 174 | TR2 174
543.4739 	DATA 	Keypress: 5
543.4739 	DATA 	TR 349 | TR1 175 | TR2 174
545.0238 	DATA 	Keypress: 5
545.0238 	DATA 	TR 350 | TR1 175 | TR2 175
546.5903 	DATA 	Keypress: 5
546.5903 	DATA 	TR 351 | TR1 176 | TR2 175
548.1402 	DATA 	Keypress: 5
548.1402 	DATA 	TR 352 | TR1 176 | TR2 176
549.7233 	DATA 	Keypress: 5
549.7234 	DATA 	TR 353 | TR1 177 | TR2 176
551.2732 	DATA 	Keypress: 5
551.2732 	DATA 	TR 354 | TR1 177 | TR2 177
552.8397 	DATA 	Keypress: 5
552.8397 	DATA 	TR 355 | TR1 178 | TR2 177
554.3896 	DATA 	Keypress: 5
554.3896 	DATA 	TR 356 | TR1 178 | TR2 178
555.9728 	DATA 	Keypress: 5
555.9728 	DATA 	TR 357 | TR1 179 | TR2 178
557.5226 	DATA 	Keypress: 5
557.5226 	DATA 	TR 358 | TR1 179 | TR2 179
558.1558 	DATA 	
558.1558 	DATA 	Trial complete
558.1559 	DATA 	Waiting for VASO trigger to start next trial
558.1559 	DATA 	
559.0893 	DATA 	Keypress: 5
559.0894 	DATA 	Waited 0.9335341453552246 seconds for trigger
559.0902 	DATA 	
559.0902 	DATA 	Trial 14
559.0902 	DATA 	stimDur = 12.0
559.0902 	DATA 	jitter = 2.35575
559.0902 	DATA 	restDur = 30.0

559.0902 	DATA 	
559.0902 	DATA 	TR 359 | TR1 180 | TR2 179
560.6390 	DATA 	Keypress: 5
560.6390 	DATA 	TR 360 | TR1 180 | TR2 180
561.4555 	DATA 	
561.4555 	DATA 	stimulation started
561.4555 	DATA 	
562.2056 	DATA 	Keypress: 5
562.2056 	DATA 	TR 361 | TR1 181 | TR2 180
563.7561 	DATA 	Keypress: 5
563.7720 	DATA 	TR 362 | TR1 181 | TR2 181
565.3386 	DATA 	Keypress: 5
565.3387 	DATA 	TR 363 | TR1 182 | TR2 181
566.8885 	DATA 	Keypress: 5
566.8885 	DATA 	TR 364 | TR1 182 | TR2 182
568.4550 	DATA 	Keypress: 5
568.4551 	DATA 	TR 365 | TR1 183 | TR2 182
569.3382 	DATA 	Target presented
570.0048 	DATA 	Keypress: 5
570.0049 	DATA 	TR 366 | TR1 183 | TR2 183
570.0548 	DATA 	Keypress: 1
570.0549 	DATA 	Key1 pressed
570.0549 	DATA 	Target detected
571.5880 	DATA 	Keypress: 5
571.5881 	DATA 	TR 367 | TR1 184 | TR2 183
573.1379 	DATA 	Keypress: 5
573.1379 	DATA 	TR 368 | TR1 184 | TR2 184
573.4545 	DATA 	
573.4545 	DATA 	stimulation stopped
573.4545 	DATA 	
574.7044 	DATA 	Keypress: 5
574.7045 	DATA 	TR 369 | TR1 185 | TR2 184
576.2542 	DATA 	Keypress: 5
576.2542 	DATA 	TR 370 | TR1 185 | TR2 185
577.8214 	DATA 	Keypress: 5
577.8374 	DATA 	TR 371 | TR1 186 | TR2 185
579.3873 	DATA 	Keypress: 5
579.3873 	DATA 	TR 372 | TR1 186 | TR2 186
580.9538 	DATA 	Keypress: 5
580.9539 	DATA 	TR 373 | TR1 187 | TR2 186
582.5036 	DATA 	Keypress: 5
582.5037 	DATA 	TR 374 | TR1 187 | TR2 187
584.0702 	DATA 	Keypress: 5
584.0702 	DATA 	TR 375 | TR1 188 | TR2 187
585.6200 	DATA 	Keypress: 5
585.6201 	DATA 	TR 376 | TR1 188 | TR2 188
587.2032 	DATA 	Keypress: 5
587.2033 	DATA 	TR 377 | TR1 189 | TR2 188
588.7531 	DATA 	Keypress: 5
588.7531 	DATA 	TR 378 | TR1 189 | TR2 189
590.3196 	DATA 	Keypress: 5
590.3197 	DATA 	TR 379 | TR1 190 | TR2 189
591.8695 	DATA 	Keypress: 5
591.8695 	DATA 	TR 380 | TR1 190 | TR2 190
593.4527 	DATA 	Keypress: 5
593.4527 	DATA 	TR 381 | TR1 191 | TR2 190
595.0025 	DATA 	Keypress: 5
595.0025 	DATA 	TR 382 | TR1 191 | TR2 191
596.5691 	DATA 	Keypress: 5
596.5691 	DATA 	TR 383 | TR1 192 | TR2 191
598.1189 	DATA 	Keypress: 5
598.1189 	DATA 	TR 384 | TR1 192 | TR2 192
599.6854 	DATA 	Keypress: 5
599.6854 	DATA 	TR 385 | TR1 193 | TR2 192
601.2359 	DATA 	Keypress: 5
601.2519 	DATA 	TR 386 | TR1 193 | TR2 193
602.8185 	DATA 	Keypress: 5
602.8185 	DATA 	TR 387 | TR1 194 | TR2 193
603.4517 	DATA 	
603.4517 	DATA 	Trial complete
603.4517 	DATA 	Waiting for VASO trigger to start next trial
603.4517 	DATA 	
604.3683 	DATA 	Keypress: 5
604.3684 	DATA 	TR 388 | TR1 194 | TR2 194
605.9349 	DATA 	Keypress: 5
605.9349 	DATA 	Waited 2.4831809997558594 seconds for trigger
605.9357 	DATA 	
605.9357 	DATA 	Trial 15
605.9357 	DATA 	stimDur = 2.0
605.9357 	DATA 	jitter = 0.0
605.9357 	DATA 	restDur = 22.0

605.9357 	DATA 	
605.9357 	DATA 	TR 389 | TR1 195 | TR2 194
605.9357 	DATA 	
605.9357 	DATA 	stimulation started
605.9357 	DATA 	
607.4848 	DATA 	Keypress: 5
607.4848 	DATA 	TR 390 | TR1 195 | TR2 195
607.9513 	DATA 	
607.9514 	DATA 	stimulation stopped
607.9514 	DATA 	
609.0679 	DATA 	Keypress: 5
609.0680 	DATA 	TR 391 | TR1 196 | TR2 195
610.6177 	DATA 	Keypress: 5
610.6178 	DATA 	TR 392 | TR1 196 | TR2 196
612.1843 	DATA 	Keypress: 5
612.1843 	DATA 	TR 393 | TR1 197 | TR2 196
613.7341 	DATA 	Keypress: 5
613.7342 	DATA 	TR 394 | TR1 197 | TR2 197
615.3173 	DATA 	Keypress: 5
615.3174 	DATA 	TR 395 | TR1 198 | TR2 197
616.8672 	DATA 	Keypress: 5
616.8673 	DATA 	TR 396 | TR1 198 | TR2 198
618.4337 	DATA 	Keypress: 5
618.4338 	DATA 	TR 397 | TR1 199 | TR2 198
619.9836 	DATA 	Keypress: 5
619.9836 	DATA 	TR 398 | TR1 199 | TR2 199
621.5501 	DATA 	Keypress: 5
621.5502 	DATA 	TR 399 | TR1 200 | TR2 199
623.0999 	DATA 	Keypress: 5
623.1000 	DATA 	TR 400 | TR1 200 | TR2 200
624.6832 	DATA 	Keypress: 5
624.6832 	DATA 	TR 401 | TR1 201 | TR2 200
626.2331 	DATA 	Keypress: 5
626.2331 	DATA 	TR 402 | TR1 201 | TR2 201
627.7995 	DATA 	Keypress: 5
627.7996 	DATA 	TR 403 | TR1 202 | TR2 201
629.3492 	DATA 	Keypress: 5
629.3492 	DATA 	TR 404 | TR1 202 | TR2 202
629.9493 	DATA 	
629.9493 	DATA 	Trial complete
629.9493 	DATA 	Waiting for VASO trigger to start next trial
629.9493 	DATA 	
630.9326 	DATA 	Keypress: 5
630.9326 	DATA 	Waited 0.9832961559295654 seconds for trigger
630.9334 	DATA 	
630.9334 	DATA 	Trial 16
630.9334 	DATA 	stimDur = 1.0
630.9334 	DATA 	jitter = 2.35575
630.9334 	DATA 	restDur = 20.0

630.9334 	DATA 	
630.9334 	DATA 	TR 405 | TR1 203 | TR2 202
632.4824 	DATA 	Keypress: 5
632.4825 	DATA 	TR 406 | TR1 203 | TR2 203
633.2990 	DATA 	
633.2990 	DATA 	stimulation started
633.2990 	DATA 	
634.0490 	DATA 	Keypress: 5
634.0491 	DATA 	TR 407 | TR1 204 | TR2 203
634.2989 	DATA 	
634.2989 	DATA 	stimulation stopped
634.2989 	DATA 	
635.5988 	DATA 	Keypress: 5
635.5988 	DATA 	TR 408 | TR1 204 | TR2 204
637.1660 	DATA 	Keypress: 5
637.1819 	DATA 	TR 409 | TR1 205 | TR2 204
638.7318 	DATA 	Keypress: 5
638.7319 	DATA 	TR 410 | TR1 205 | TR2 205
640.2984 	DATA 	Keypress: 5
640.2984 	DATA 	TR 411 | TR1 206 | TR2 205
641.8482 	DATA 	Keypress: 5
641.8482 	DATA 	TR 412 | TR1 206 | TR2 206
643.4148 	DATA 	Keypress: 5
643.4148 	DATA 	TR 413 | TR1 207 | TR2 206
644.9648 	DATA 	Keypress: 5
644.9649 	DATA 	TR 414 | TR1 207 | TR2 207
646.3311 	DATA 	Target presented
646.5478 	DATA 	Keypress: 5
646.5478 	DATA 	TR 415 | TR1 208 | TR2 207
646.8650 	DATA 	Keypress: 1
646.8812 	DATA 	Key1 pressed
646.8812 	DATA 	Target detected
648.0976 	DATA 	Keypress: 5
648.0976 	DATA 	TR 416 | TR1 208 | TR2 208
649.6642 	DATA 	Keypress: 5
649.6642 	DATA 	TR 417 | TR1 209 | TR2 208
651.2140 	DATA 	Keypress: 5
651.2140 	DATA 	TR 418 | TR1 209 | TR2 209
652.7972 	DATA 	Keypress: 5
652.7973 	DATA 	TR 419 | TR1 210 | TR2 209
654.2970 	DATA 	
654.2970 	DATA 	Trial complete
654.2970 	DATA 	Waiting for VASO trigger to start next trial
654.2970 	DATA 	
654.3470 	DATA 	Keypress: 5
654.3471 	DATA 	TR 420 | TR1 210 | TR2 210
655.9136 	DATA 	Keypress: 5
655.9137 	DATA 	Waited 1.6166160106658936 seconds for trigger
655.9144 	DATA 	
655.9144 	DATA 	Trial 17
655.9144 	DATA 	stimDur = 24.0
655.9144 	DATA 	jitter = 2.35575
655.9144 	DATA 	restDur = 40.0

655.9144 	DATA 	
655.9145 	DATA 	TR 421 | TR1 211 | TR2 210
657.4634 	DATA 	Keypress: 5
657.4635 	DATA 	TR 422 | TR1 211 | TR2 211
658.2800 	DATA 	
658.2800 	DATA 	stimulation started
658.2800 	DATA 	
659.0300 	DATA 	Keypress: 5
659.0301 	DATA 	TR 423 | TR1 212 | TR2 211
660.5806 	DATA 	Keypress: 5
660.5965 	DATA 	TR 424 | TR1 212 | TR2 212
662.1631 	DATA 	Keypress: 5
662.1631 	DATA 	TR 425 | TR1 213 | TR2 212
663.7131 	DATA 	Keypress: 5
663.7132 	DATA 	TR 426 | TR1 213 | TR2 213
665.2795 	DATA 	Keypress: 5
665.2795 	DATA 	TR 427 | TR1 214 | TR2 213
666.8293 	DATA 	Keypress: 5
666.8293 	DATA 	TR 428 | TR1 214 | TR2 214
668.4125 	DATA 	Keypress: 5
668.4126 	DATA 	TR 429 | TR1 215 | TR2 214
669.9623 	DATA 	Keypress: 5
669.9624 	DATA 	TR 430 | TR1 215 | TR2 215
671.5289 	DATA 	Keypress: 5
671.5289 	DATA 	TR 431 | TR1 216 | TR2 215
673.0787 	DATA 	Keypress: 5
673.0787 	DATA 	TR 432 | TR1 216 | TR2 216
674.6453 	DATA 	Keypress: 5
674.6454 	DATA 	TR 433 | TR1 217 | TR2 216
676.2118 	DATA 	Keypress: 5
676.2118 	DATA 	TR 434 | TR1 217 | TR2 217
677.7784 	DATA 	Keypress: 5
677.7785 	DATA 	TR 435 | TR1 218 | TR2 217
679.3281 	DATA 	Keypress: 5
679.3282 	DATA 	TR 436 | TR1 218 | TR2 218
680.8947 	DATA 	Keypress: 5
680.8947 	DATA 	TR 437 | TR1 219 | TR2 218
682.2778 	DATA 	
682.2779 	DATA 	stimulation stopped
682.2779 	DATA 	
682.4445 	DATA 	Keypress: 5
682.4445 	DATA 	TR 438 | TR1 219 | TR2 219
684.0277 	DATA 	Keypress: 5
684.0277 	DATA 	TR 439 | TR1 220 | TR2 219
685.5776 	DATA 	Keypress: 5
685.5776 	DATA 	TR 440 | TR1 220 | TR2 220
687.1441 	DATA 	Keypress: 5
687.1441 	DATA 	TR 441 | TR1 221 | TR2 220
687.9941 	DATA 	Target presented
688.5939 	DATA 	Keypress: 1
688.5940 	DATA 	Key1 pressed
688.5940 	DATA 	Target detected
688.6939 	DATA 	Keypress: 5
688.6939 	DATA 	TR 442 | TR1 221 | TR2 221
690.2772 	DATA 	Keypress: 5
690.2773 	DATA 	TR 443 | TR1 222 | TR2 221
691.8269 	DATA 	Keypress: 5
691.8270 	DATA 	TR 444 | TR1 222 | TR2 222
693.3935 	DATA 	Keypress: 5
693.3936 	DATA 	TR 445 | TR1 223 | TR2 222
694.9433 	DATA 	Keypress: 5
694.9434 	DATA 	TR 446 | TR1 223 | TR2 223
696.5099 	DATA 	Keypress: 5
696.5099 	DATA 	TR 447 | TR1 224 | TR2 223
698.0764 	DATA 	Keypress: 5
698.0764 	DATA 	TR 448 | TR1 224 | TR2 224
699.6429 	DATA 	Keypress: 5
699.6429 	DATA 	TR 449 | TR1 225 | TR2 224
701.1927 	DATA 	Keypress: 5
701.1928 	DATA 	TR 450 | TR1 225 | TR2 225
702.7593 	DATA 	Keypress: 5
702.7593 	DATA 	TR 451 | TR1 226 | TR2 225
704.3093 	DATA 	Keypress: 5
704.3094 	DATA 	TR 452 | TR1 226 | TR2 226
705.8923 	DATA 	Keypress: 5
705.8924 	DATA 	TR 453 | TR1 227 | TR2 226
707.4422 	DATA 	Keypress: 5
707.4422 	DATA 	TR 454 | TR1 227 | TR2 227
709.0087 	DATA 	Keypress: 5
709.0088 	DATA 	TR 455 | TR1 228 | TR2 227
710.5587 	DATA 	Keypress: 5
710.5587 	DATA 	TR 456 | TR1 228 | TR2 228
712.1257 	DATA 	Keypress: 5
712.1417 	DATA 	TR 457 | TR1 229 | TR2 228
713.6916 	DATA 	Keypress: 5
713.6916 	DATA 	TR 458 | TR1 229 | TR2 229
715.2581 	DATA 	Keypress: 5
715.2582 	DATA 	TR 459 | TR1 230 | TR2 229
716.8080 	DATA 	Keypress: 5
716.8080 	DATA 	TR 460 | TR1 230 | TR2 230
718.3745 	DATA 	Keypress: 5
718.3746 	DATA 	TR 461 | TR1 231 | TR2 230
719.9243 	DATA 	Keypress: 5
719.9244 	DATA 	TR 462 | TR1 231 | TR2 231
721.5076 	DATA 	Keypress: 5
721.5076 	DATA 	TR 463 | TR1 232 | TR2 231
722.2741 	DATA 	
722.2741 	DATA 	Trial complete
722.2741 	DATA 	Waiting for VASO trigger to start next trial
722.2741 	DATA 	
723.0574 	DATA 	Keypress: 5
723.0574 	DATA 	TR 464 | TR1 232 | TR2 232
724.6240 	DATA 	Keypress: 5
724.6240 	DATA 	Waited 2.349877119064331 seconds for trigger
724.6248 	DATA 	
724.6248 	DATA 	Trial 18
724.6248 	DATA 	stimDur = 1.0
724.6248 	DATA 	jitter = 0.78525
724.6248 	DATA 	restDur = 20.0

724.6248 	DATA 	
724.6248 	DATA 	TR 465 | TR1 233 | TR2 232
725.4238 	DATA 	
725.4238 	DATA 	stimulation started
725.4238 	DATA 	
726.1738 	DATA 	Keypress: 5
726.1739 	DATA 	TR 466 | TR1 233 | TR2 233
726.4238 	DATA 	
726.4238 	DATA 	stimulation stopped
726.4238 	DATA 	
727.7570 	DATA 	Keypress: 5
727.7570 	DATA 	TR 467 | TR1 234 | TR2 233
729.3068 	DATA 	Keypress: 5
729.3069 	DATA 	TR 468 | TR1 234 | TR2 234
730.8734 	DATA 	Keypress: 5
730.8734 	DATA 	TR 469 | TR1 235 | TR2 234
732.4232 	DATA 	Keypress: 5
732.4232 	DATA 	TR 470 | TR1 235 | TR2 235
733.9898 	DATA 	Keypress: 5
733.9898 	DATA 	TR 471 | TR1 236 | TR2 235
735.5562 	DATA 	Keypress: 5
735.5563 	DATA 	TR 472 | TR1 236 | TR2 236
737.1228 	DATA 	Keypress: 5
737.1228 	DATA 	TR 473 | TR1 237 | TR2 236
738.6726 	DATA 	Keypress: 5
738.6727 	DATA 	TR 474 | TR1 237 | TR2 237
740.2392 	DATA 	Keypress: 5
740.2392 	DATA 	TR 475 | TR1 238 | TR2 237
741.7890 	DATA 	Keypress: 5
741.7891 	DATA 	TR 476 | TR1 238 | TR2 238
743.3722 	DATA 	Keypress: 5
743.3723 	DATA 	TR 477 | TR1 239 | TR2 238
744.9220 	DATA 	Keypress: 5
744.9221 	DATA 	TR 478 | TR1 239 | TR2 239
746.4219 	DATA 	
746.4219 	DATA 	Trial complete
746.4219 	DATA 	Waiting for VASO trigger to start next trial
746.4219 	DATA 	
746.4886 	DATA 	Keypress: 5
746.4887 	DATA 	Waited 0.06675910949707031 seconds for trigger
746.4894 	DATA 	
746.4895 	DATA 	Trial 19
746.4895 	DATA 	stimDur = 2.0
746.4895 	DATA 	jitter = 1.5705
746.4895 	DATA 	restDur = 22.0

746.4895 	DATA 	
746.4895 	DATA 	TR 479 | TR1 240 | TR2 239
748.0384 	DATA 	Keypress: 5
748.0385 	DATA 	TR 480 | TR1 240 | TR2 240
748.0717 	DATA 	
748.0717 	DATA 	stimulation started
748.0717 	DATA 	
749.6217 	DATA 	Keypress: 5
749.6218 	DATA 	TR 481 | TR1 241 | TR2 240
750.0716 	DATA 	
750.0716 	DATA 	stimulation stopped
750.0716 	DATA 	
751.1715 	DATA 	Keypress: 5
751.1715 	DATA 	TR 482 | TR1 241 | TR2 241
752.7380 	DATA 	Keypress: 5
752.7381 	DATA 	TR 483 | TR1 242 | TR2 241
754.2879 	DATA 	Keypress: 5
754.2879 	DATA 	TR 484 | TR1 242 | TR2 242
755.8544 	DATA 	Keypress: 5
755.8545 	DATA 	TR 485 | TR1 243 | TR2 242
757.4042 	DATA 	Keypress: 5
757.4043 	DATA 	TR 486 | TR1 243 | TR2 243
758.9875 	DATA 	Keypress: 5
758.9875 	DATA 	TR 487 | TR1 244 | TR2 243
760.5373 	DATA 	Keypress: 5
760.5373 	DATA 	TR 488 | TR1 244 | TR2 244
762.1038 	DATA 	Keypress: 5
762.1038 	DATA 	TR 489 | TR1 245 | TR2 244
763.2037 	DATA 	Target presented
763.6537 	DATA 	Keypress: 5
763.6537 	DATA 	TR 490 | TR1 245 | TR2 245
763.7036 	DATA 	Keypress: 1
763.7037 	DATA 	Key1 pressed
763.7037 	DATA 	Target detected
765.2369 	DATA 	Keypress: 5
765.2369 	DATA 	TR 491 | TR1 246 | TR2 245
766.7867 	DATA 	Keypress: 5
766.7868 	DATA 	TR 492 | TR1 246 | TR2 246
768.3532 	DATA 	Keypress: 5
768.3533 	DATA 	TR 493 | TR1 247 | TR2 246
769.9031 	DATA 	Keypress: 5
769.9032 	DATA 	TR 494 | TR1 247 | TR2 247
771.4702 	DATA 	Keypress: 5
771.4862 	DATA 	TR 495 | TR1 248 | TR2 247
772.0695 	DATA 	
772.0695 	DATA 	Trial complete
772.0695 	DATA 	
773.0362 	DATA 	Keypress: 5
773.0362 	DATA 	TR 496 | TR1 248 | TR2 248
774.6026 	DATA 	Keypress: 5
774.6027 	DATA 	Waited 28.18077301979065 seconds for trigger
774.6035 	DATA 	
774.6035 	DATA 	Trial 20
774.6035 	DATA 	stimDur = 1.0
774.6035 	DATA 	jitter = 0.0
774.6035 	DATA 	restDur = 20.0

774.6035 	DATA 	
774.6035 	DATA 	TR 497 | TR1 249 | TR2 248
774.6035 	DATA 	
774.6035 	DATA 	stimulation started
774.6035 	DATA 	
775.6193 	DATA 	
775.6193 	DATA 	stimulation stopped
775.6193 	DATA 	
776.1525 	DATA 	Keypress: 5
776.1526 	DATA 	TR 498 | TR1 249 | TR2 249
777.7190 	DATA 	Keypress: 5
777.7191 	DATA 	TR 499 | TR1 250 | TR2 249
779.2689 	DATA 	Keypress: 5
779.2689 	DATA 	TR 500 | TR1 250 | TR2 250
780.8521 	DATA 	Keypress: 5
780.8521 	DATA 	TR 501 | TR1 251 | TR2 250
782.4020 	DATA 	Keypress: 5
782.4020 	DATA 	TR 502 | TR1 251 | TR2 251
783.9685 	DATA 	Keypress: 5
783.9685 	DATA 	TR 503 | TR1 252 | TR2 251
785.5183 	DATA 	Keypress: 5
785.5184 	DATA 	TR 504 | TR1 252 | TR2 252
787.1015 	DATA 	Keypress: 5
787.1015 	DATA 	TR 505 | TR1 253 | TR2 252
788.6514 	DATA 	Keypress: 5
788.6514 	DATA 	TR 506 | TR1 253 | TR2 253
790.2179 	DATA 	Keypress: 5
790.2179 	DATA 	TR 507 | TR1 254 | TR2 253
791.7679 	DATA 	Keypress: 5
791.7679 	DATA 	TR 508 | TR1 254 | TR2 254
793.3342 	DATA 	Keypress: 5
793.3343 	DATA 	TR 509 | TR1 255 | TR2 254
794.8848 	DATA 	Keypress: 5
794.9007 	DATA 	TR 510 | TR1 255 | TR2 255
795.6173 	DATA 	
795.6173 	DATA 	Trial complete
795.6173 	DATA 	
796.4673 	DATA 	Keypress: 5
796.4674 	DATA 	TR 511 | TR1 256 | TR2 255
798.0172 	DATA 	Keypress: 5
798.0172 	DATA 	TR 512 | TR1 256 | TR2 256
799.5837 	DATA 	Keypress: 5
799.5837 	DATA 	TR 513 | TR1 257 | TR2 256
801.1335 	DATA 	Keypress: 5
801.1336 	DATA 	TR 514 | TR1 257 | TR2 257
802.7167 	DATA 	Keypress: 5
802.7168 	DATA 	TR 515 | TR1 258 | TR2 257
804.2666 	DATA 	Keypress: 5
804.2667 	DATA 	TR 516 | TR1 258 | TR2 258
805.8331 	DATA 	Keypress: 5
805.8332 	DATA 	TR 517 | TR1 259 | TR2 258
807.3830 	DATA 	Keypress: 5
807.3830 	DATA 	TR 518 | TR1 259 | TR2 259
808.9495 	DATA 	Keypress: 5
808.9495 	DATA 	TR 519 | TR1 260 | TR2 259
810.5160 	DATA 	Keypress: 5
810.5161 	DATA 	TR 520 | TR1 260 | TR2 260
812.0825 	DATA 	Keypress: 5
812.0826 	DATA 	TR 521 | TR1 261 | TR2 260
813.6324 	DATA 	Keypress: 5
813.6325 	DATA 	TR 522 | TR1 261 | TR2 261
815.1989 	DATA 	Keypress: 5
815.1990 	DATA 	TR 523 | TR1 262 | TR2 261
816.7488 	DATA 	Keypress: 5
816.7489 	DATA 	TR 524 | TR1 262 | TR2 262
818.3320 	DATA 	Keypress: 5
818.3320 	DATA 	TR 525 | TR1 263 | TR2 262
819.8819 	DATA 	Keypress: 5
819.8819 	DATA 	TR 526 | TR1 263 | TR2 263
821.4483 	DATA 	Keypress: 5
821.4484 	DATA 	TR 527 | TR1 264 | TR2 263
822.0649 	DATA 	EndOfRun sub-09_ses-05_run-06

822.0649 	DATA 	We spent 51.50070762634277 seconds waiting for triggers
822.0649 	DATA 	RatioOfDetectedTargets 0.9166666666666666
822.0650 	DATA 	You have detected 11 out of 12 targets.
826.8873 	DATA 	Keypress: 5
826.8875 	DATA 	Keypress: 5
826.8877 	DATA 	Keypress: 5
827.0948 	EXP 	window1: mouseVisible = True
