MonitorDistance=99cm
MonitorWidth=30cm
PixelWidth=1024.0
PixelHeight=768.0
You have detected 11 out of 12 targets.
Well done! Keep up the good work
5.9484 	INFO 	Loaded monitor calibration from ['2021_05_26 17:55']
6.4017 	EXP 	Created window1 = Window(allowGUI=False, allowStencil=False, autoLog=True, backendConf=UNKNOWN, bitsMode=UNKNOWN, blendMode='avg', bpc=(8, 8, 8), color=array([-0.5, -0.5, -0.5]), colorSpace='rgb', depthBits=8, fullscr=<method-wrapper '__getattribute__' of attributeSetter object at 0x7ff506252438>, gamma=None, gammaErrorPolicy='raise', lms=UNKNOWN, monitor=<psychopy.monitors.calibTools.Monitor object at 0x7ff4fc06f080>, multiSample=False, name='window1', numSamples=2, pos=[0.0, 0.0], screen=0, size=array([1024,  768]), stencilBits=0, stereo=False, units='deg', useFBO=False, useRetina=False, viewOri=0.0, viewPos=None, viewScale=None, waitBlanking=True, winType='pyglet')
6.4017 	EXP 	window1: mouseVisible = True
6.4700 	EXP 	Created unnamed TextStim = TextStim(__class__=<class 'psychopy.visual.text.TextStim'>, alignHoriz=method-wrapper(...), alignText='center', alignVert=method-wrapper(...), anchorHoriz='center', anchorVert='center', antialias=True, autoLog=True, bold=False, color=array([1., 1., 1.]), colorSpace='rgb', contrast=1.0, depth=0, flipHoriz=False, flipVert=False, font='', fontFiles=[], height=0.5, italic=False, languageStyle='LTR', name='unnamed TextStim', opacity=1.0, ori=0.0, pos=array([0., 0.]), rgb=UNKNOWN, text=str(...), units='deg', win=Window(...), wrapWidth=15.0)
6.5007 	EXP 	Created Movie Frame 0 = ImageStim(__class__=<class 'psychopy.visual.image.ImageStim'>, autoLog=True, color=array([0.8, 0.8, 0.8]), colorSpace='rgb', contrast=0.8, depth=0, flipHoriz=False, flipVert=False, image='visual_0.png', interpolate=False, mask=None, maskParams=None, name='Movie Frame 0', opacity=1, ori=0.0, pos=array([0., 0.]), size=array([1024,  768]), texRes=128, units='pix', win=Window(...))
6.5244 	EXP 	Created Movie Frame 1 = ImageStim(__class__=<class 'psychopy.visual.image.ImageStim'>, autoLog=True, color=array([0.8, 0.8, 0.8]), colorSpace='rgb', contrast=0.8, depth=0, flipHoriz=False, flipVert=False, image='visual_1.png', interpolate=False, mask=None, maskParams=None, name='Movie Frame 1', opacity=1, ori=0.0, pos=array([0., 0.]), size=array([1024,  768]), texRes=128, units='pix', win=Window(...))
31.1234 	DATA 	Keypress: 5
0.0000 	DATA 	StartOfRun sub-09_ses-05_run-03
0.0000 	DATA 	TR 1 | TR1 1 | TR2 0
0.0122 	DATA 	Initial baseline

1.5499 	DATA 	Keypress: 5
1.5500 	DATA 	TR 2 | TR1 1 | TR2 1
3.1221 	DATA 	Keypress: 5
3.1221 	DATA 	TR 3 | TR1 2 | TR2 1
4.6733 	DATA 	Keypress: 5
4.6733 	DATA 	TR 4 | TR1 2 | TR2 2
6.2456 	DATA 	Keypress: 5
6.2456 	DATA 	TR 5 | TR1 3 | TR2 2
7.7967 	DATA 	Keypress: 5
7.7967 	DATA 	TR 6 | TR1 3 | TR2 3
9.3688 	DATA 	Keypress: 5
9.3689 	DATA 	TR 7 | TR1 4 | TR2 3
10.9202 	DATA 	Keypress: 5
10.9202 	DATA 	TR 8 | TR1 4 | TR2 4
12.4922 	DATA 	Keypress: 5
12.4923 	DATA 	TR 9 | TR1 5 | TR2 4
14.0434 	DATA 	Keypress: 5
14.0434 	DATA 	TR 10 | TR1 5 | TR2 5
15.6156 	DATA 	Keypress: 5
15.6156 	DATA 	TR 11 | TR1 6 | TR2 5
17.1668 	DATA 	Keypress: 5
17.1668 	DATA 	TR 12 | TR1 6 | TR2 6
18.7391 	DATA 	Keypress: 5
18.7392 	DATA 	TR 13 | TR1 7 | TR2 6
20.2902 	DATA 	Keypress: 5
20.2902 	DATA 	TR 14 | TR1 7 | TR2 7
21.8624 	DATA 	Keypress: 5
21.8624 	DATA 	TR 15 | TR1 8 | TR2 7
23.4136 	DATA 	Keypress: 5
23.4136 	DATA 	TR 16 | TR1 8 | TR2 8
24.9858 	DATA 	Keypress: 5
24.9858 	DATA 	TR 17 | TR1 9 | TR2 8
26.5369 	DATA 	Keypress: 5
26.5370 	DATA 	TR 18 | TR1 9 | TR2 9
28.1091 	DATA 	Keypress: 5
28.1092 	DATA 	TR 19 | TR1 10 | TR2 9
29.6603 	DATA 	Keypress: 5
29.6604 	DATA 	TR 20 | TR1 10 | TR2 10
31.2429 	DATA 	Keypress: 5
31.2430 	DATA 	Waited 1.2429590225219727 seconds for trigger
31.2444 	DATA 	
31.2444 	DATA 	Trial 1
31.2444 	DATA 	stimDur = 12.0
31.2444 	DATA 	jitter = 0.0
31.2444 	DATA 	restDur = 30.0

31.2445 	DATA 	
31.2445 	DATA 	TR 21 | TR1 11 | TR2 10
31.2445 	DATA 	
31.2445 	DATA 	stimulation started
31.2445 	DATA 	
32.7932 	DATA 	Keypress: 5
32.7933 	DATA 	TR 22 | TR1 11 | TR2 11
34.3597 	DATA 	Keypress: 5
34.3598 	DATA 	TR 23 | TR1 12 | TR2 11
35.9096 	DATA 	Keypress: 5
35.9096 	DATA 	TR 24 | TR1 12 | TR2 12
37.4927 	DATA 	Keypress: 5
37.4928 	DATA 	TR 25 | TR1 13 | TR2 12
39.0426 	DATA 	Keypress: 5
39.0427 	DATA 	TR 26 | TR1 13 | TR2 13
40.6091 	DATA 	Keypress: 5
40.6091 	DATA 	TR 27 | TR1 14 | TR2 13
42.1590 	DATA 	Keypress: 5
42.1590 	DATA 	TR 28 | TR1 14 | TR2 14
43.2588 	DATA 	
43.2589 	DATA 	stimulation stopped
43.2589 	DATA 	
43.7421 	DATA 	Keypress: 5
43.7421 	DATA 	TR 29 | TR1 15 | TR2 14
45.2920 	DATA 	Keypress: 5
45.2920 	DATA 	TR 30 | TR1 15 | TR2 15
46.8585 	DATA 	Keypress: 5
46.8585 	DATA 	TR 31 | TR1 16 | TR2 15
48.4084 	DATA 	Keypress: 5
48.4084 	DATA 	TR 32 | TR1 16 | TR2 16
49.9748 	DATA 	Keypress: 5
49.9749 	DATA 	TR 33 | TR1 17 | TR2 16
51.5247 	DATA 	Keypress: 5
51.5248 	DATA 	TR 34 | TR1 17 | TR2 17
53.1079 	DATA 	Keypress: 5
53.1079 	DATA 	TR 35 | TR1 18 | TR2 17
54.6578 	DATA 	Keypress: 5
54.6578 	DATA 	TR 36 | TR1 18 | TR2 18
56.2243 	DATA 	Keypress: 5
56.2243 	DATA 	TR 37 | TR1 19 | TR2 18
57.7742 	DATA 	Keypress: 5
57.7742 	DATA 	TR 38 | TR1 19 | TR2 19
59.3573 	DATA 	Keypress: 5
59.3574 	DATA 	TR 39 | TR1 20 | TR2 19
60.9072 	DATA 	Keypress: 5
60.9072 	DATA 	TR 40 | TR1 20 | TR2 20
62.4737 	DATA 	Keypress: 5
62.4737 	DATA 	TR 41 | TR1 21 | TR2 20
64.0236 	DATA 	Keypress: 5
64.0236 	DATA 	TR 42 | TR1 21 | TR2 21
65.5901 	DATA 	Keypress: 5
65.5901 	DATA 	TR 43 | TR1 22 | TR2 21
67.1566 	DATA 	Keypress: 5
67.1567 	DATA 	TR 44 | TR1 22 | TR2 22
68.7231 	DATA 	Keypress: 5
68.7232 	DATA 	TR 45 | TR1 23 | TR2 22
70.2730 	DATA 	Keypress: 5
70.2730 	DATA 	TR 46 | TR1 23 | TR2 23
71.8395 	DATA 	Keypress: 5
71.8395 	DATA 	TR 47 | TR1 24 | TR2 23
73.2560 	DATA 	
73.2560 	DATA 	Trial complete
73.2560 	DATA 	Waiting for VASO trigger to start next trial
73.2560 	DATA 	
73.3894 	DATA 	Keypress: 5
73.3894 	DATA 	TR 48 | TR1 24 | TR2 24
74.9725 	DATA 	Keypress: 5
74.9727 	DATA 	Waited 1.716628074645996 seconds for trigger
74.9734 	DATA 	
74.9734 	DATA 	Trial 2
74.9734 	DATA 	stimDur = 24.0
74.9734 	DATA 	jitter = 0.78525
74.9735 	DATA 	restDur = 40.0

74.9735 	DATA 	
74.9735 	DATA 	TR 49 | TR1 25 | TR2 24
75.7725 	DATA 	
75.7725 	DATA 	stimulation started
75.7726 	DATA 	
76.5224 	DATA 	Keypress: 5
76.5225 	DATA 	TR 50 | TR1 25 | TR2 25
78.0890 	DATA 	Keypress: 5
78.0890 	DATA 	TR 51 | TR1 26 | TR2 25
79.6388 	DATA 	Keypress: 5
79.6389 	DATA 	TR 52 | TR1 26 | TR2 26
81.2061 	DATA 	Keypress: 5
81.2220 	DATA 	TR 53 | TR1 27 | TR2 26
82.7719 	DATA 	Keypress: 5
82.7719 	DATA 	TR 54 | TR1 27 | TR2 27
84.3384 	DATA 	Keypress: 5
84.3385 	DATA 	TR 55 | TR1 28 | TR2 27
85.8882 	DATA 	Keypress: 5
85.8883 	DATA 	TR 56 | TR1 28 | TR2 28
87.4548 	DATA 	Keypress: 5
87.4548 	DATA 	TR 57 | TR1 29 | TR2 28
89.0053 	DATA 	Keypress: 5
89.0213 	DATA 	TR 58 | TR1 29 | TR2 29
90.5878 	DATA 	Keypress: 5
90.5879 	DATA 	TR 59 | TR1 30 | TR2 29
92.1377 	DATA 	Keypress: 5
92.1377 	DATA 	TR 60 | TR1 30 | TR2 30
93.7042 	DATA 	Keypress: 5
93.7043 	DATA 	TR 61 | TR1 31 | TR2 30
95.2541 	DATA 	Keypress: 5
95.2541 	DATA 	TR 62 | TR1 31 | TR2 31
96.8375 	DATA 	Keypress: 5
96.8375 	DATA 	TR 63 | TR1 32 | TR2 31
98.3871 	DATA 	Keypress: 5
98.3871 	DATA 	TR 64 | TR1 32 | TR2 32
98.4038 	DATA 	Target presented
98.9537 	DATA 	Keypress: 1
98.9537 	DATA 	Key1 pressed
98.9537 	DATA 	Target detected
99.7703 	DATA 	
99.7703 	DATA 	stimulation stopped
99.7703 	DATA 	
99.9536 	DATA 	Keypress: 5
99.9536 	DATA 	TR 65 | TR1 33 | TR2 32
101.5034 	DATA 	Keypress: 5
101.5034 	DATA 	TR 66 | TR1 33 | TR2 33
103.0699 	DATA 	Keypress: 5
103.0700 	DATA 	TR 67 | TR1 34 | TR2 33
104.6365 	DATA 	Keypress: 5
104.6365 	DATA 	TR 68 | TR1 34 | TR2 34
106.2030 	DATA 	Keypress: 5
106.2030 	DATA 	TR 69 | TR1 35 | TR2 34
107.7528 	DATA 	Keypress: 5
107.7529 	DATA 	TR 70 | TR1 35 | TR2 35
109.3194 	DATA 	Keypress: 5
109.3194 	DATA 	TR 71 | TR1 36 | TR2 35
110.8692 	DATA 	Keypress: 5
110.8692 	DATA 	TR 72 | TR1 36 | TR2 36
112.4524 	DATA 	Keypress: 5
112.4525 	DATA 	TR 73 | TR1 37 | TR2 36
114.0022 	DATA 	Keypress: 5
114.0023 	DATA 	TR 74 | TR1 37 | TR2 37
115.5688 	DATA 	Keypress: 5
115.5688 	DATA 	TR 75 | TR1 38 | TR2 37
117.1186 	DATA 	Keypress: 5
117.1187 	DATA 	TR 76 | TR1 38 | TR2 38
118.7018 	DATA 	Keypress: 5
118.7019 	DATA 	TR 77 | TR1 39 | TR2 38
120.2517 	DATA 	Keypress: 5
120.2517 	DATA 	TR 78 | TR1 39 | TR2 39
121.8182 	DATA 	Keypress: 5
121.8183 	DATA 	TR 79 | TR1 40 | TR2 39
123.3681 	DATA 	Keypress: 5
123.3681 	DATA 	TR 80 | TR1 40 | TR2 40
124.9347 	DATA 	Keypress: 5
124.9348 	DATA 	TR 81 | TR1 41 | TR2 40
126.4844 	DATA 	Keypress: 5
126.4844 	DATA 	TR 82 | TR1 41 | TR2 41
128.0676 	DATA 	Keypress: 5
128.0677 	DATA 	TR 83 | TR1 42 | TR2 41
129.6176 	DATA 	Keypress: 5
129.6177 	DATA 	TR 84 | TR1 42 | TR2 42
131.1840 	DATA 	Keypress: 5
131.1841 	DATA 	TR 85 | TR1 43 | TR2 42
132.7338 	DATA 	Keypress: 5
132.7339 	DATA 	TR 86 | TR1 43 | TR2 43
134.3171 	DATA 	Keypress: 5
134.3171 	DATA 	TR 87 | TR1 44 | TR2 43
135.8669 	DATA 	Keypress: 5
135.8669 	DATA 	TR 88 | TR1 44 | TR2 44
137.4334 	DATA 	Keypress: 5
137.4335 	DATA 	TR 89 | TR1 45 | TR2 44
138.9833 	DATA 	Keypress: 5
138.9833 	DATA 	TR 90 | TR1 45 | TR2 45
139.7665 	DATA 	
139.7665 	DATA 	Trial complete
139.7665 	DATA 	Waiting for VASO trigger to start next trial
139.7665 	DATA 	
140.5504 	DATA 	Keypress: 5
140.5664 	DATA 	Waited 0.7998991012573242 seconds for trigger
140.5672 	DATA 	
140.5672 	DATA 	Trial 3
140.5672 	DATA 	stimDur = 2.0
140.5672 	DATA 	jitter = 2.35575
140.5672 	DATA 	restDur = 22.0

140.5672 	DATA 	
140.5672 	DATA 	TR 91 | TR1 46 | TR2 45
142.1164 	DATA 	Keypress: 5
142.1165 	DATA 	TR 92 | TR1 46 | TR2 46
142.9329 	DATA 	
142.9329 	DATA 	stimulation started
142.9329 	DATA 	
143.6829 	DATA 	Keypress: 5
143.6829 	DATA 	TR 93 | TR1 47 | TR2 46
144.9327 	DATA 	
144.9327 	DATA 	stimulation stopped
144.9327 	DATA 	
145.2327 	DATA 	Keypress: 5
145.2327 	DATA 	TR 94 | TR1 47 | TR2 47
146.7992 	DATA 	Keypress: 5
146.7993 	DATA 	TR 95 | TR1 48 | TR2 47
148.3490 	DATA 	Keypress: 5
148.3491 	DATA 	TR 96 | TR1 48 | TR2 48
149.9324 	DATA 	Keypress: 5
149.9325 	DATA 	TR 97 | TR1 49 | TR2 48
151.4821 	DATA 	Keypress: 5
151.4821 	DATA 	TR 98 | TR1 49 | TR2 49
153.0487 	DATA 	Keypress: 5
153.0487 	DATA 	TR 99 | TR1 50 | TR2 49
154.5985 	DATA 	Keypress: 5
154.5986 	DATA 	TR 100 | TR1 50 | TR2 50
156.1817 	DATA 	Keypress: 5
156.1817 	DATA 	TR 101 | TR1 51 | TR2 50
157.7315 	DATA 	Keypress: 5
157.7316 	DATA 	TR 102 | TR1 51 | TR2 51
159.2981 	DATA 	Keypress: 5
159.2982 	DATA 	TR 103 | TR1 52 | TR2 51
160.8479 	DATA 	Keypress: 5
160.8479 	DATA 	TR 104 | TR1 52 | TR2 52
162.4144 	DATA 	Keypress: 5
162.4145 	DATA 	TR 105 | TR1 53 | TR2 52
163.5643 	DATA 	Target presented
163.9650 	DATA 	Keypress: 5
163.9809 	DATA 	TR 106 | TR1 53 | TR2 53
164.1642 	DATA 	Keypress: 1
164.1643 	DATA 	Key1 pressed
164.1643 	DATA 	Target detected
165.5475 	DATA 	Keypress: 5
165.5475 	DATA 	TR 107 | TR1 54 | TR2 53
166.9306 	DATA 	
166.9306 	DATA 	Trial complete
166.9307 	DATA 	Waiting for VASO trigger to start next trial
166.9307 	DATA 	
167.0973 	DATA 	Keypress: 5
167.0974 	DATA 	TR 108 | TR1 54 | TR2 54
168.6639 	DATA 	Keypress: 5
168.6639 	DATA 	Waited 1.7332658767700195 seconds for trigger
168.6647 	DATA 	
168.6647 	DATA 	Trial 4
168.6647 	DATA 	stimDur = 2.0
168.6647 	DATA 	jitter = 0.78525
168.6647 	DATA 	restDur = 22.0

168.6647 	DATA 	
168.6647 	DATA 	TR 109 | TR1 55 | TR2 54
169.4636 	DATA 	
169.4636 	DATA 	stimulation started
169.4636 	DATA 	
170.2137 	DATA 	Keypress: 5
170.2138 	DATA 	TR 110 | TR1 55 | TR2 55
171.4636 	DATA 	
171.4636 	DATA 	stimulation stopped
171.4636 	DATA 	
171.7969 	DATA 	Keypress: 5
171.7969 	DATA 	TR 111 | TR1 56 | TR2 55
173.3469 	DATA 	Keypress: 5
173.3470 	DATA 	TR 112 | TR1 56 | TR2 56
174.9133 	DATA 	Keypress: 5
174.9133 	DATA 	TR 113 | TR1 57 | TR2 56
176.4631 	DATA 	Keypress: 5
176.4632 	DATA 	TR 114 | TR1 57 | TR2 57
178.0463 	DATA 	Keypress: 5
178.0464 	DATA 	TR 115 | TR1 58 | TR2 57
179.5962 	DATA 	Keypress: 5
179.5962 	DATA 	TR 116 | TR1 58 | TR2 58
181.1627 	DATA 	Keypress: 5
181.1628 	DATA 	TR 117 | TR1 59 | TR2 58
182.7125 	DATA 	Keypress: 5
182.7125 	DATA 	TR 118 | TR1 59 | TR2 59
184.2791 	DATA 	Keypress: 5
184.2791 	DATA 	TR 119 | TR1 60 | TR2 59
185.8290 	DATA 	Keypress: 5
185.8291 	DATA 	TR 120 | TR1 60 | TR2 60
187.4121 	DATA 	Keypress: 5
187.4122 	DATA 	TR 121 | TR1 61 | TR2 60
188.9620 	DATA 	Keypress: 5
188.9620 	DATA 	TR 122 | TR1 61 | TR2 61
190.5285 	DATA 	Keypress: 5
190.5285 	DATA 	TR 123 | TR1 62 | TR2 61
192.0783 	DATA 	Keypress: 5
192.0784 	DATA 	TR 124 | TR1 62 | TR2 62
193.4615 	DATA 	
193.4615 	DATA 	Trial complete
193.4615 	DATA 	Waiting for VASO trigger to start next trial
193.4615 	DATA 	
193.6616 	DATA 	Keypress: 5
193.6616 	DATA 	Waited 0.2000579833984375 seconds for trigger
193.6624 	DATA 	
193.6624 	DATA 	Trial 5
193.6624 	DATA 	stimDur = 4.0
193.6624 	DATA 	jitter = 0.0
193.6624 	DATA 	restDur = 24.0

193.6624 	DATA 	
193.6624 	DATA 	TR 125 | TR1 63 | TR2 62
193.6624 	DATA 	
193.6624 	DATA 	stimulation started
193.6624 	DATA 	
195.2114 	DATA 	Keypress: 5
195.2115 	DATA 	TR 126 | TR1 63 | TR2 63
196.7780 	DATA 	Keypress: 5
196.7780 	DATA 	TR 127 | TR1 64 | TR2 63
197.6780 	DATA 	
197.6780 	DATA 	stimulation stopped
197.6780 	DATA 	
198.3278 	DATA 	Keypress: 5
198.3278 	DATA 	TR 128 | TR1 64 | TR2 64
199.8943 	DATA 	Keypress: 5
199.8944 	DATA 	TR 129 | TR1 65 | TR2 64
201.4608 	DATA 	Keypress: 5
201.4608 	DATA 	TR 130 | TR1 65 | TR2 65
203.0273 	DATA 	Keypress: 5
203.0274 	DATA 	TR 131 | TR1 66 | TR2 65
204.5772 	DATA 	Keypress: 5
204.5772 	DATA 	TR 132 | TR1 66 | TR2 66
206.1437 	DATA 	Keypress: 5
206.1438 	DATA 	TR 133 | TR1 67 | TR2 66
207.6936 	DATA 	Keypress: 5
207.6936 	DATA 	TR 134 | TR1 67 | TR2 67
209.2768 	DATA 	Keypress: 5
209.2768 	DATA 	TR 135 | TR1 68 | TR2 67
210.8266 	DATA 	Keypress: 5
210.8266 	DATA 	TR 136 | TR1 68 | TR2 68
212.3932 	DATA 	Keypress: 5
212.3932 	DATA 	TR 137 | TR1 69 | TR2 68
213.9430 	DATA 	Keypress: 5
213.9430 	DATA 	TR 138 | TR1 69 | TR2 69
214.5263 	DATA 	Target presented
215.5103 	DATA 	Keypress: 5
215.5261 	DATA 	TR 139 | TR1 70 | TR2 69
217.0760 	DATA 	Keypress: 5
217.0761 	DATA 	TR 140 | TR1 70 | TR2 70
218.6426 	DATA 	Keypress: 5
218.6426 	DATA 	TR 141 | TR1 71 | TR2 70
220.1925 	DATA 	Keypress: 5
220.1926 	DATA 	TR 142 | TR1 71 | TR2 71
221.6755 	DATA 	
221.6756 	DATA 	Trial complete
221.6756 	DATA 	Waiting for VASO trigger to start next trial
221.6756 	DATA 	
221.7589 	DATA 	Keypress: 5
221.7590 	DATA 	Waited 0.08341693878173828 seconds for trigger
221.7598 	DATA 	
221.7598 	DATA 	Trial 6
221.7598 	DATA 	stimDur = 4.0
221.7598 	DATA 	jitter = 1.5705
221.7598 	DATA 	restDur = 24.0

221.7598 	DATA 	
221.7598 	DATA 	TR 143 | TR1 72 | TR2 71
223.3088 	DATA 	Keypress: 5
223.3088 	DATA 	TR 144 | TR1 72 | TR2 72
223.3421 	DATA 	
223.3421 	DATA 	stimulation started
223.3421 	DATA 	
224.8920 	DATA 	Keypress: 5
224.8921 	DATA 	TR 145 | TR1 73 | TR2 72
226.4420 	DATA 	Keypress: 5
226.4421 	DATA 	TR 146 | TR1 73 | TR2 73
227.3418 	DATA 	
227.3418 	DATA 	stimulation stopped
227.3418 	DATA 	
228.0084 	DATA 	Keypress: 5
228.0085 	DATA 	TR 147 | TR1 74 | TR2 73
229.5582 	DATA 	Keypress: 5
229.5582 	DATA 	TR 148 | TR1 74 | TR2 74
231.1416 	DATA 	Keypress: 5
231.1416 	DATA 	TR 149 | TR1 75 | TR2 74
232.6912 	DATA 	Keypress: 5
232.6913 	DATA 	TR 150 | TR1 75 | TR2 75
234.2578 	DATA 	Keypress: 5
234.2578 	DATA 	TR 151 | TR1 76 | TR2 75
235.8076 	DATA 	Keypress: 5
235.8077 	DATA 	TR 152 | TR1 76 | TR2 76
237.3744 	DATA 	Keypress: 5
237.3744 	DATA 	TR 153 | TR1 77 | TR2 76
238.9407 	DATA 	Keypress: 5
238.9407 	DATA 	TR 154 | TR1 77 | TR2 77
240.5072 	DATA 	Keypress: 5
240.5072 	DATA 	TR 155 | TR1 78 | TR2 77
242.0571 	DATA 	Keypress: 5
242.0571 	DATA 	TR 156 | TR1 78 | TR2 78
243.6236 	DATA 	Keypress: 5
243.6236 	DATA 	TR 157 | TR1 79 | TR2 78
245.1735 	DATA 	Keypress: 5
245.1736 	DATA 	TR 158 | TR1 79 | TR2 79
246.7566 	DATA 	Keypress: 5
246.7567 	DATA 	TR 159 | TR1 80 | TR2 79
248.3064 	DATA 	Keypress: 5
248.3065 	DATA 	TR 160 | TR1 80 | TR2 80
249.8730 	DATA 	Keypress: 5
249.8730 	DATA 	TR 161 | TR1 81 | TR2 80
251.3395 	DATA 	
251.3395 	DATA 	Trial complete
251.3395 	DATA 	Waiting for VASO trigger to start next trial
251.3395 	DATA 	
251.4228 	DATA 	Keypress: 5
251.4229 	DATA 	TR 162 | TR1 81 | TR2 81
253.0061 	DATA 	Keypress: 5
253.0062 	DATA 	Waited 1.6666569709777832 seconds for trigger
253.0069 	DATA 	
253.0069 	DATA 	Trial 7
253.0069 	DATA 	stimDur = 4.0
253.0069 	DATA 	jitter = 2.35575
253.0069 	DATA 	restDur = 24.0

253.0069 	DATA 	
253.0070 	DATA 	TR 163 | TR1 82 | TR2 81
254.5559 	DATA 	Keypress: 5
254.5559 	DATA 	TR 164 | TR1 82 | TR2 82
255.3725 	DATA 	
255.3725 	DATA 	stimulation started
255.3725 	DATA 	
256.1225 	DATA 	Keypress: 5
256.1225 	DATA 	TR 165 | TR1 83 | TR2 82
257.6723 	DATA 	Keypress: 5
257.6724 	DATA 	TR 166 | TR1 83 | TR2 83
258.8389 	DATA 	Target presented
259.2389 	DATA 	Keypress: 5
259.2389 	DATA 	TR 167 | TR1 84 | TR2 83
259.3722 	DATA 	Keypress: 1
259.3722 	DATA 	Key1 pressed
259.3722 	DATA 	Target detected
259.3722 	DATA 	
259.3722 	DATA 	stimulation stopped
259.3722 	DATA 	
260.7892 	DATA 	Keypress: 5
260.8053 	DATA 	TR 168 | TR1 84 | TR2 84
262.3718 	DATA 	Keypress: 5
262.3719 	DATA 	TR 169 | TR1 85 | TR2 84
263.9217 	DATA 	Keypress: 5
263.9217 	DATA 	TR 170 | TR1 85 | TR2 85
265.4883 	DATA 	Keypress: 5
265.4883 	DATA 	TR 171 | TR1 86 | TR2 85
267.0381 	DATA 	Keypress: 5
267.0381 	DATA 	TR 172 | TR1 86 | TR2 86
268.6213 	DATA 	Keypress: 5
268.6213 	DATA 	TR 173 | TR1 87 | TR2 86
270.1711 	DATA 	Keypress: 5
270.1712 	DATA 	TR 174 | TR1 87 | TR2 87
271.7378 	DATA 	Keypress: 5
271.7378 	DATA 	TR 175 | TR1 88 | TR2 87
273.2875 	DATA 	Keypress: 5
273.2875 	DATA 	TR 176 | TR1 88 | TR2 88
274.8546 	DATA 	Keypress: 5
274.8706 	DATA 	TR 177 | TR1 89 | TR2 88
276.4205 	DATA 	Keypress: 5
276.4206 	DATA 	TR 178 | TR1 89 | TR2 89
277.9871 	DATA 	Keypress: 5
277.9871 	DATA 	TR 179 | TR1 90 | TR2 89
279.5369 	DATA 	Keypress: 5
279.5370 	DATA 	TR 180 | TR1 90 | TR2 90
281.1035 	DATA 	Keypress: 5
281.1035 	DATA 	TR 181 | TR1 91 | TR2 90
282.6533 	DATA 	Keypress: 5
282.6533 	DATA 	TR 182 | TR1 91 | TR2 91
283.3699 	DATA 	
283.3699 	DATA 	Trial complete
283.3699 	DATA 	Waiting for VASO trigger to start next trial
283.3699 	DATA 	
284.2365 	DATA 	Keypress: 5
284.2366 	DATA 	Waited 0.8666601181030273 seconds for trigger
284.2373 	DATA 	
284.2373 	DATA 	Trial 8
284.2373 	DATA 	stimDur = 24.0
284.2373 	DATA 	jitter = 1.5705
284.2373 	DATA 	restDur = 40.0

284.2373 	DATA 	
284.2374 	DATA 	TR 183 | TR1 92 | TR2 91
285.7864 	DATA 	Keypress: 5
285.7864 	DATA 	TR 184 | TR1 92 | TR2 92
285.8196 	DATA 	
285.8196 	DATA 	stimulation started
285.8196 	DATA 	
287.3529 	DATA 	Keypress: 5
287.3530 	DATA 	TR 185 | TR1 93 | TR2 92
288.9028 	DATA 	Keypress: 5
288.9028 	DATA 	TR 186 | TR1 93 | TR2 93
290.4859 	DATA 	Keypress: 5
290.4860 	DATA 	TR 187 | TR1 94 | TR2 93
292.0360 	DATA 	Keypress: 5
292.0360 	DATA 	TR 188 | TR1 94 | TR2 94
293.6023 	DATA 	Keypress: 5
293.6024 	DATA 	TR 189 | TR1 95 | TR2 94
295.1522 	DATA 	Keypress: 5
295.1523 	DATA 	TR 190 | TR1 95 | TR2 95
296.7187 	DATA 	Keypress: 5
296.7188 	DATA 	TR 191 | TR1 96 | TR2 95
298.2696 	DATA 	Keypress: 5
298.2852 	DATA 	TR 192 | TR1 96 | TR2 96
299.8517 	DATA 	Keypress: 5
299.8518 	DATA 	TR 193 | TR1 97 | TR2 96
301.4016 	DATA 	Keypress: 5
301.4017 	DATA 	TR 194 | TR1 97 | TR2 97
302.9681 	DATA 	Keypress: 5
302.9682 	DATA 	TR 195 | TR1 98 | TR2 97
304.5180 	DATA 	Keypress: 5
304.5181 	DATA 	TR 196 | TR1 98 | TR2 98
306.1012 	DATA 	Keypress: 5
306.1012 	DATA 	TR 197 | TR1 99 | TR2 98
307.6510 	DATA 	Keypress: 5
307.6511 	DATA 	TR 198 | TR1 99 | TR2 99
309.2175 	DATA 	Keypress: 5
309.2176 	DATA 	TR 199 | TR1 100 | TR2 99
309.8175 	DATA 	
309.8175 	DATA 	stimulation stopped
309.8175 	DATA 	
310.7674 	DATA 	Keypress: 5
310.7674 	DATA 	TR 200 | TR1 100 | TR2 100
312.3340 	DATA 	Keypress: 5
312.3341 	DATA 	TR 201 | TR1 101 | TR2 100
313.9004 	DATA 	Keypress: 5
313.9005 	DATA 	TR 202 | TR1 101 | TR2 101
314.0339 	DATA 	Target presented
314.6503 	DATA 	Keypress: 1
314.6504 	DATA 	Key1 pressed
314.6504 	DATA 	Target detected
315.4669 	DATA 	Keypress: 5
315.4669 	DATA 	TR 203 | TR1 102 | TR2 101
317.0168 	DATA 	Keypress: 5
317.0168 	DATA 	TR 204 | TR1 102 | TR2 102
318.5833 	DATA 	Keypress: 5
318.5833 	DATA 	TR 205 | TR1 103 | TR2 102
320.1332 	DATA 	Keypress: 5
320.1332 	DATA 	TR 206 | TR1 103 | TR2 103
321.7163 	DATA 	Keypress: 5
321.7163 	DATA 	TR 207 | TR1 104 | TR2 103
323.2662 	DATA 	Keypress: 5
323.2663 	DATA 	TR 208 | TR1 104 | TR2 104
324.8327 	DATA 	Keypress: 5
324.8328 	DATA 	TR 209 | TR1 105 | TR2 104
326.3826 	DATA 	Keypress: 5
326.3826 	DATA 	TR 210 | TR1 105 | TR2 105
327.9658 	DATA 	Keypress: 5
327.9658 	DATA 	TR 211 | TR1 106 | TR2 105
329.5156 	DATA 	Keypress: 5
329.5157 	DATA 	TR 212 | TR1 106 | TR2 106
331.0821 	DATA 	Keypress: 5
331.0822 	DATA 	TR 213 | TR1 107 | TR2 106
332.6320 	DATA 	Keypress: 5
332.6321 	DATA 	TR 214 | TR1 107 | TR2 107
334.1985 	DATA 	Keypress: 5
334.1986 	DATA 	TR 215 | TR1 108 | TR2 107
335.7651 	DATA 	Keypress: 5
335.7651 	DATA 	TR 216 | TR1 108 | TR2 108
337.3316 	DATA 	Keypress: 5
337.3316 	DATA 	TR 217 | TR1 109 | TR2 108
338.8816 	DATA 	Keypress: 5
338.8816 	DATA 	TR 218 | TR1 109 | TR2 109
340.4479 	DATA 	Keypress: 5
340.4480 	DATA 	TR 219 | TR1 110 | TR2 109
341.9978 	DATA 	Keypress: 5
341.9979 	DATA 	TR 220 | TR1 110 | TR2 110
343.5810 	DATA 	Keypress: 5
343.5810 	DATA 	TR 221 | TR1 111 | TR2 110
345.1306 	DATA 	Keypress: 5
345.1306 	DATA 	TR 222 | TR1 111 | TR2 111
346.6975 	DATA 	Keypress: 5
346.6975 	DATA 	TR 223 | TR1 112 | TR2 111
348.2472 	DATA 	Keypress: 5
348.2473 	DATA 	TR 224 | TR1 112 | TR2 112
349.8137 	DATA 	
349.8137 	DATA 	Trial complete
349.8137 	DATA 	Waiting for VASO trigger to start next trial
349.8137 	DATA 	
349.8304 	DATA 	Keypress: 5
349.8305 	DATA 	Waited 0.016743898391723633 seconds for trigger
349.8312 	DATA 	
349.8312 	DATA 	Trial 9
349.8312 	DATA 	stimDur = 24.0
349.8312 	DATA 	jitter = 0.0
349.8312 	DATA 	restDur = 40.0

349.8313 	DATA 	
349.8313 	DATA 	TR 225 | TR1 113 | TR2 112
349.8313 	DATA 	
349.8313 	DATA 	stimulation started
349.8313 	DATA 	
351.3804 	DATA 	Keypress: 5
351.3804 	DATA 	TR 226 | TR1 113 | TR2 113
352.9468 	DATA 	Keypress: 5
352.9469 	DATA 	TR 227 | TR1 114 | TR2 113
354.4967 	DATA 	Keypress: 5
354.4968 	DATA 	TR 228 | TR1 114 | TR2 114
356.0632 	DATA 	Keypress: 5
356.0633 	DATA 	TR 229 | TR1 115 | TR2 114
357.6131 	DATA 	Keypress: 5
357.6131 	DATA 	TR 230 | TR1 115 | TR2 115
359.1963 	DATA 	Keypress: 5
359.1963 	DATA 	TR 231 | TR1 116 | TR2 115
360.7461 	DATA 	Keypress: 5
360.7462 	DATA 	TR 232 | TR1 116 | TR2 116
362.3126 	DATA 	Keypress: 5
362.3127 	DATA 	TR 233 | TR1 117 | TR2 116
363.8625 	DATA 	Keypress: 5
363.8626 	DATA 	TR 234 | TR1 117 | TR2 117
365.4457 	DATA 	Keypress: 5
365.4457 	DATA 	TR 235 | TR1 118 | TR2 117
366.9956 	DATA 	Keypress: 5
366.9956 	DATA 	TR 236 | TR1 118 | TR2 118
368.5622 	DATA 	Keypress: 5
368.5623 	DATA 	TR 237 | TR1 119 | TR2 118
370.1119 	DATA 	Keypress: 5
370.1120 	DATA 	TR 238 | TR1 119 | TR2 119
371.6784 	DATA 	Keypress: 5
371.6785 	DATA 	TR 239 | TR1 120 | TR2 119
373.2450 	DATA 	Keypress: 5
373.2450 	DATA 	TR 240 | TR1 120 | TR2 120
373.8449 	DATA 	
373.8449 	DATA 	stimulation stopped
373.8449 	DATA 	
374.8114 	DATA 	Keypress: 5
374.8115 	DATA 	TR 241 | TR1 121 | TR2 120
375.8946 	DATA 	Target presented
376.3613 	DATA 	Keypress: 5
376.3613 	DATA 	TR 242 | TR1 121 | TR2 121
376.6446 	DATA 	Keypress: 1
376.6446 	DATA 	Key1 pressed
376.6446 	DATA 	Target detected
377.9278 	DATA 	Keypress: 5
377.9279 	DATA 	TR 243 | TR1 122 | TR2 121
379.4778 	DATA 	Keypress: 5
379.4779 	DATA 	TR 244 | TR1 122 | TR2 122
381.0609 	DATA 	Keypress: 5
381.0609 	DATA 	TR 245 | TR1 123 | TR2 122
382.6107 	DATA 	Keypress: 5
382.6108 	DATA 	TR 246 | TR1 123 | TR2 123
384.1772 	DATA 	Keypress: 5
384.1773 	DATA 	TR 247 | TR1 124 | TR2 123
385.7271 	DATA 	Keypress: 5
385.7271 	DATA 	TR 248 | TR1 124 | TR2 124
387.3103 	DATA 	Keypress: 5
387.3103 	DATA 	TR 249 | TR1 125 | TR2 124
388.8602 	DATA 	Keypress: 5
388.8602 	DATA 	TR 250 | TR1 125 | TR2 125
390.4266 	DATA 	Keypress: 5
390.4267 	DATA 	TR 251 | TR1 126 | TR2 125
391.9765 	DATA 	Keypress: 5
391.9766 	DATA 	TR 252 | TR1 126 | TR2 126
393.5430 	DATA 	Keypress: 5
393.5431 	DATA 	TR 253 | TR1 127 | TR2 126
395.0935 	DATA 	Keypress: 5
395.1095 	DATA 	TR 254 | TR1 127 | TR2 127
396.6761 	DATA 	Keypress: 5
396.6761 	DATA 	TR 255 | TR1 128 | TR2 127
398.2261 	DATA 	Keypress: 5
398.2261 	DATA 	TR 256 | TR1 128 | TR2 128
399.7926 	DATA 	Keypress: 5
399.7926 	DATA 	TR 257 | TR1 129 | TR2 128
401.3423 	DATA 	Keypress: 5
401.3424 	DATA 	TR 258 | TR1 129 | TR2 129
402.9255 	DATA 	Keypress: 5
402.9255 	DATA 	TR 259 | TR1 130 | TR2 129
404.4754 	DATA 	Keypress: 5
404.4754 	DATA 	TR 260 | TR1 130 | TR2 130
406.0419 	DATA 	Keypress: 5
406.0419 	DATA 	TR 261 | TR1 131 | TR2 130
407.5918 	DATA 	Keypress: 5
407.5918 	DATA 	TR 262 | TR1 131 | TR2 131
409.1749 	DATA 	Keypress: 5
409.1750 	DATA 	TR 263 | TR1 132 | TR2 131
410.7248 	DATA 	Keypress: 5
410.7249 	DATA 	TR 264 | TR1 132 | TR2 132
412.2913 	DATA 	Keypress: 5
412.2913 	DATA 	TR 265 | TR1 133 | TR2 132
413.8412 	DATA 	Keypress: 5
413.8412 	DATA 	TR 266 | TR1 133 | TR2 133
413.8413 	DATA 	
413.8413 	DATA 	Trial complete
413.8413 	DATA 	Waiting for VASO trigger to start next trial
413.8413 	DATA 	
415.4076 	DATA 	Keypress: 5
415.4077 	DATA 	Waited 1.5664188861846924 seconds for trigger
415.4085 	DATA 	
415.4085 	DATA 	Trial 10
415.4085 	DATA 	stimDur = 12.0
415.4085 	DATA 	jitter = 1.5705
415.4085 	DATA 	restDur = 30.0

415.4085 	DATA 	
415.4085 	DATA 	TR 267 | TR1 134 | TR2 133
416.9572 	DATA 	Keypress: 5
416.9572 	DATA 	TR 268 | TR1 134 | TR2 134
416.9905 	DATA 	
416.9905 	DATA 	stimulation started
416.9905 	DATA 	
418.5407 	DATA 	Keypress: 5
418.5408 	DATA 	TR 269 | TR1 135 | TR2 134
420.0906 	DATA 	Keypress: 5
420.0907 	DATA 	TR 270 | TR1 135 | TR2 135
421.6571 	DATA 	Keypress: 5
421.6572 	DATA 	TR 271 | TR1 136 | TR2 135
423.2070 	DATA 	Keypress: 5
423.2071 	DATA 	TR 272 | TR1 136 | TR2 136
424.7902 	DATA 	Keypress: 5
424.7902 	DATA 	TR 273 | TR1 137 | TR2 136
426.3401 	DATA 	Keypress: 5
426.3401 	DATA 	TR 274 | TR1 137 | TR2 137
427.9066 	DATA 	Keypress: 5
427.9066 	DATA 	TR 275 | TR1 138 | TR2 137
428.9897 	DATA 	
428.9897 	DATA 	stimulation stopped
428.9897 	DATA 	
429.4565 	DATA 	Keypress: 5
429.4566 	DATA 	TR 276 | TR1 138 | TR2 138
431.0229 	DATA 	Keypress: 5
431.0229 	DATA 	TR 277 | TR1 139 | TR2 138
432.5896 	DATA 	Keypress: 5
432.5897 	DATA 	TR 278 | TR1 139 | TR2 139
433.3393 	DATA 	Target presented
433.8559 	DATA 	Keypress: 1
433.8560 	DATA 	Key1 pressed
433.8560 	DATA 	Target detected
434.1559 	DATA 	Keypress: 5
434.1560 	DATA 	TR 279 | TR1 140 | TR2 139
435.7058 	DATA 	Keypress: 5
435.7058 	DATA 	TR 280 | TR1 140 | TR2 140
437.2725 	DATA 	Keypress: 5
437.2726 	DATA 	TR 281 | TR1 141 | TR2 140
438.8222 	DATA 	Keypress: 5
438.8222 	DATA 	TR 282 | TR1 141 | TR2 141
440.4053 	DATA 	Keypress: 5
440.4054 	DATA 	TR 283 | TR1 142 | TR2 141
441.9552 	DATA 	Keypress: 5
441.9553 	DATA 	TR 284 | TR1 142 | TR2 142
443.5218 	DATA 	Keypress: 5
443.5219 	DATA 	TR 285 | TR1 143 | TR2 142
445.0716 	DATA 	Keypress: 5
445.0717 	DATA 	TR 286 | TR1 143 | TR2 143
446.6387 	DATA 	Keypress: 5
446.6547 	DATA 	TR 287 | TR1 144 | TR2 143
448.2047 	DATA 	Keypress: 5
448.2047 	DATA 	TR 288 | TR1 144 | TR2 144
449.7711 	DATA 	Keypress: 5
449.7712 	DATA 	TR 289 | TR1 145 | TR2 144
451.3210 	DATA 	Keypress: 5
451.3211 	DATA 	TR 290 | TR1 145 | TR2 145
452.8875 	DATA 	Keypress: 5
452.8876 	DATA 	TR 291 | TR1 146 | TR2 145
454.4380 	DATA 	Keypress: 5
454.4540 	DATA 	TR 292 | TR1 146 | TR2 146
456.0206 	DATA 	Keypress: 5
456.0206 	DATA 	TR 293 | TR1 147 | TR2 146
457.5705 	DATA 	Keypress: 5
457.5705 	DATA 	TR 294 | TR1 147 | TR2 147
458.9869 	DATA 	
458.9869 	DATA 	Trial complete
458.9870 	DATA 	Waiting for VASO trigger to start next trial
458.9870 	DATA 	
459.1369 	DATA 	Keypress: 5
459.1370 	DATA 	Waited 0.15002703666687012 seconds for trigger
459.1378 	DATA 	
459.1378 	DATA 	Trial 11
459.1378 	DATA 	stimDur = 1.0
459.1378 	DATA 	jitter = 1.5705
459.1378 	DATA 	restDur = 20.0

459.1378 	DATA 	
459.1378 	DATA 	TR 295 | TR1 148 | TR2 147
460.6868 	DATA 	Keypress: 5
460.6869 	DATA 	TR 296 | TR1 148 | TR2 148
460.7201 	DATA 	
460.7201 	DATA 	stimulation started
460.7201 	DATA 	
461.7201 	DATA 	
461.7201 	DATA 	stimulation stopped
461.7201 	DATA 	
462.2700 	DATA 	Keypress: 5
462.2700 	DATA 	TR 297 | TR1 149 | TR2 148
463.8199 	DATA 	Keypress: 5
463.8199 	DATA 	TR 298 | TR1 149 | TR2 149
465.3864 	DATA 	Keypress: 5
465.3864 	DATA 	TR 299 | TR1 150 | TR2 149
466.9362 	DATA 	Keypress: 5
466.9363 	DATA 	TR 300 | TR1 150 | TR2 150
468.5027 	DATA 	Keypress: 5
468.5028 	DATA 	TR 301 | TR1 151 | TR2 150
470.0693 	DATA 	Keypress: 5
470.0693 	DATA 	TR 302 | TR1 151 | TR2 151
471.6358 	DATA 	Keypress: 5
471.6358 	DATA 	TR 303 | TR1 152 | TR2 151
473.1856 	DATA 	Keypress: 5
473.1856 	DATA 	TR 304 | TR1 152 | TR2 152
474.7522 	DATA 	Keypress: 5
474.7522 	DATA 	TR 305 | TR1 153 | TR2 152
476.3020 	DATA 	Keypress: 5
476.3021 	DATA 	TR 306 | TR1 153 | TR2 153
477.8852 	DATA 	Keypress: 5
477.8852 	DATA 	TR 307 | TR1 154 | TR2 153
479.4351 	DATA 	Keypress: 5
479.4351 	DATA 	TR 308 | TR1 154 | TR2 154
481.0017 	DATA 	Keypress: 5
481.0018 	DATA 	TR 309 | TR1 155 | TR2 154
481.7181 	DATA 	
481.7182 	DATA 	Trial complete
481.7182 	DATA 	Waiting for VASO trigger to start next trial
481.7182 	DATA 	
482.5515 	DATA 	Keypress: 5
482.5515 	DATA 	TR 310 | TR1 155 | TR2 155
484.1346 	DATA 	Keypress: 5
484.1347 	DATA 	Waited 2.4164931774139404 seconds for trigger
484.1354 	DATA 	
484.1355 	DATA 	Trial 12
484.1355 	DATA 	stimDur = 4.0
484.1355 	DATA 	jitter = 0.78525
484.1355 	DATA 	restDur = 24.0

484.1355 	DATA 	
484.1355 	DATA 	TR 311 | TR1 156 | TR2 155
484.9345 	DATA 	
484.9345 	DATA 	stimulation started
484.9345 	DATA 	
485.6846 	DATA 	Keypress: 5
485.6846 	DATA 	TR 312 | TR1 156 | TR2 156
487.2511 	DATA 	Keypress: 5
487.2511 	DATA 	TR 313 | TR1 157 | TR2 156
488.8009 	DATA 	Keypress: 5
488.8010 	DATA 	TR 314 | TR1 157 | TR2 157
488.9342 	DATA 	
488.9342 	DATA 	stimulation stopped
488.9342 	DATA 	
490.3674 	DATA 	Keypress: 5
490.3674 	DATA 	TR 315 | TR1 158 | TR2 157
491.9173 	DATA 	Keypress: 5
491.9173 	DATA 	TR 316 | TR1 158 | TR2 158
493.5004 	DATA 	Keypress: 5
493.5005 	DATA 	TR 317 | TR1 159 | TR2 158
495.0503 	DATA 	Keypress: 5
495.0504 	DATA 	TR 318 | TR1 159 | TR2 159
496.6168 	DATA 	Keypress: 5
496.6169 	DATA 	TR 319 | TR1 160 | TR2 159
498.1667 	DATA 	Keypress: 5
498.1667 	DATA 	TR 320 | TR1 160 | TR2 160
499.7498 	DATA 	Keypress: 5
499.7499 	DATA 	TR 321 | TR1 161 | TR2 160
501.2997 	DATA 	Keypress: 5
501.2998 	DATA 	TR 322 | TR1 161 | TR2 161
502.8662 	DATA 	Keypress: 5
502.8663 	DATA 	TR 323 | TR1 162 | TR2 161
504.4161 	DATA 	Keypress: 5
504.4162 	DATA 	TR 324 | TR1 162 | TR2 162
505.9832 	DATA 	Keypress: 5
505.9992 	DATA 	TR 325 | TR1 163 | TR2 162
507.5492 	DATA 	Keypress: 5
507.5492 	DATA 	TR 326 | TR1 163 | TR2 163
509.1157 	DATA 	Keypress: 5
509.1157 	DATA 	TR 327 | TR1 164 | TR2 163
510.6656 	DATA 	Keypress: 5
510.6656 	DATA 	TR 328 | TR1 164 | TR2 164
512.2321 	DATA 	Keypress: 5
512.2321 	DATA 	TR 329 | TR1 165 | TR2 164
512.3320 	DATA 	Target presented
512.8987 	DATA 	Keypress: 1
512.8987 	DATA 	Key1 pressed
512.8987 	DATA 	Target detected
512.9319 	DATA 	
512.9319 	DATA 	Trial complete
512.9320 	DATA 	Waiting for VASO trigger to start next trial
512.9320 	DATA 	
513.7820 	DATA 	Keypress: 5
513.7821 	DATA 	TR 330 | TR1 165 | TR2 165
515.3651 	DATA 	Keypress: 5
515.3651 	DATA 	Waited 2.433161973953247 seconds for trigger
515.3659 	DATA 	
515.3659 	DATA 	Trial 13
515.3659 	DATA 	stimDur = 12.0
515.3659 	DATA 	jitter = 0.78525
515.3659 	DATA 	restDur = 30.0

515.3659 	DATA 	
515.3659 	DATA 	TR 331 | TR1 166 | TR2 165
516.1650 	DATA 	
516.1650 	DATA 	stimulation started
516.1650 	DATA 	
516.9150 	DATA 	Keypress: 5
516.9151 	DATA 	TR 332 | TR1 166 | TR2 166
518.4816 	DATA 	Keypress: 5
518.4817 	DATA 	TR 333 | TR1 167 | TR2 166
520.0314 	DATA 	Keypress: 5
520.0314 	DATA 	TR 334 | TR1 167 | TR2 167
521.6145 	DATA 	Keypress: 5
521.6146 	DATA 	TR 335 | TR1 168 | TR2 167
523.1645 	DATA 	Keypress: 5
523.1645 	DATA 	TR 336 | TR1 168 | TR2 168
524.7309 	DATA 	Keypress: 5
524.7310 	DATA 	TR 337 | TR1 169 | TR2 168
526.2808 	DATA 	Keypress: 5
526.2809 	DATA 	TR 338 | TR1 169 | TR2 169
527.8473 	DATA 	Keypress: 5
527.8474 	DATA 	TR 339 | TR1 170 | TR2 169
528.1639 	DATA 	
528.1639 	DATA 	stimulation stopped
528.1639 	DATA 	
529.3977 	DATA 	Keypress: 5
529.4139 	DATA 	TR 340 | TR1 170 | TR2 170
530.9803 	DATA 	Keypress: 5
530.9803 	DATA 	TR 341 | TR1 171 | TR2 170
532.5302 	DATA 	Keypress: 5
532.5302 	DATA 	TR 342 | TR1 171 | TR2 171
534.0967 	DATA 	Keypress: 5
534.0967 	DATA 	TR 343 | TR1 172 | TR2 171
535.6465 	DATA 	Keypress: 5
535.6466 	DATA 	TR 344 | TR1 172 | TR2 172
537.2297 	DATA 	Keypress: 5
537.2298 	DATA 	TR 345 | TR1 173 | TR2 172
538.7796 	DATA 	Keypress: 5
538.7796 	DATA 	TR 346 | TR1 173 | TR2 173
540.3461 	DATA 	Keypress: 5
540.3461 	DATA 	TR 347 | TR1 174 | TR2 173
541.8960 	DATA 	Keypress: 5
541.8960 	DATA 	TR 348 | TR1 174 | TR2 174
543.4791 	DATA 	Keypress: 5
543.4792 	DATA 	TR 349 | TR1 175 | TR2 174
545.0290 	DATA 	Keypress: 5
545.0291 	DATA 	TR 350 | TR1 175 | TR2 175
546.5955 	DATA 	Keypress: 5
546.5956 	DATA 	TR 351 | TR1 176 | TR2 175
548.1454 	DATA 	Keypress: 5
548.1454 	DATA 	TR 352 | TR1 176 | TR2 176
549.7119 	DATA 	Keypress: 5
549.7119 	DATA 	TR 353 | TR1 177 | TR2 176
551.2618 	DATA 	Keypress: 5
551.2618 	DATA 	TR 354 | TR1 177 | TR2 177
552.8449 	DATA 	Keypress: 5
552.8450 	DATA 	TR 355 | TR1 178 | TR2 177
554.3948 	DATA 	Keypress: 5
554.3949 	DATA 	TR 356 | TR1 178 | TR2 178
555.9613 	DATA 	Keypress: 5
555.9614 	DATA 	TR 357 | TR1 179 | TR2 178
557.5112 	DATA 	Keypress: 5
557.5112 	DATA 	TR 358 | TR1 179 | TR2 179
558.1611 	DATA 	
558.1611 	DATA 	Trial complete
558.1611 	DATA 	Waiting for VASO trigger to start next trial
558.1611 	DATA 	
559.0945 	DATA 	Keypress: 5
559.0945 	DATA 	Waited 0.9334139823913574 seconds for trigger
559.0953 	DATA 	
559.0953 	DATA 	Trial 14
559.0953 	DATA 	stimDur = 12.0
559.0953 	DATA 	jitter = 2.35575
559.0953 	DATA 	restDur = 30.0

559.0953 	DATA 	
559.0953 	DATA 	TR 359 | TR1 180 | TR2 179
560.6442 	DATA 	Keypress: 5
560.6443 	DATA 	TR 360 | TR1 180 | TR2 180
561.4608 	DATA 	
561.4608 	DATA 	stimulation started
561.4608 	DATA 	
562.2108 	DATA 	Keypress: 5
562.2109 	DATA 	TR 361 | TR1 181 | TR2 180
563.7606 	DATA 	Keypress: 5
563.7607 	DATA 	TR 362 | TR1 181 | TR2 181
565.3272 	DATA 	Keypress: 5
565.3273 	DATA 	TR 363 | TR1 182 | TR2 181
566.8938 	DATA 	Keypress: 5
566.8939 	DATA 	TR 364 | TR1 182 | TR2 182
568.4603 	DATA 	Keypress: 5
568.4603 	DATA 	TR 365 | TR1 183 | TR2 182
570.0101 	DATA 	Keypress: 5
570.0101 	DATA 	TR 366 | TR1 183 | TR2 183
571.5766 	DATA 	Keypress: 5
571.5767 	DATA 	TR 367 | TR1 184 | TR2 183
573.1266 	DATA 	Keypress: 5
573.1266 	DATA 	TR 368 | TR1 184 | TR2 184
573.4597 	DATA 	
573.4597 	DATA 	stimulation stopped
573.4597 	DATA 	
574.7096 	DATA 	Keypress: 5
574.7097 	DATA 	TR 369 | TR1 185 | TR2 184
576.2594 	DATA 	Keypress: 5
576.2595 	DATA 	TR 370 | TR1 185 | TR2 185
577.8260 	DATA 	Keypress: 5
577.8260 	DATA 	TR 371 | TR1 186 | TR2 185
579.3758 	DATA 	Keypress: 5
579.3758 	DATA 	TR 372 | TR1 186 | TR2 186
580.9430 	DATA 	Keypress: 5
580.9590 	DATA 	TR 373 | TR1 187 | TR2 186
582.5089 	DATA 	Keypress: 5
582.5089 	DATA 	TR 374 | TR1 187 | TR2 187
584.0754 	DATA 	Keypress: 5
584.0755 	DATA 	TR 375 | TR1 188 | TR2 187
585.6251 	DATA 	Keypress: 5
585.6252 	DATA 	TR 376 | TR1 188 | TR2 188
586.2585 	DATA 	Target presented
586.7087 	DATA 	Keypress: 1
586.7088 	DATA 	Key1 pressed
586.7088 	DATA 	Target detected
587.1918 	DATA 	Keypress: 5
587.1918 	DATA 	TR 377 | TR1 189 | TR2 188
588.7424 	DATA 	Keypress: 5
588.7582 	DATA 	TR 378 | TR1 189 | TR2 189
590.3248 	DATA 	Keypress: 5
590.3249 	DATA 	TR 379 | TR1 190 | TR2 189
591.8747 	DATA 	Keypress: 5
591.8747 	DATA 	TR 380 | TR1 190 | TR2 190
593.4412 	DATA 	Keypress: 5
593.4413 	DATA 	TR 381 | TR1 191 | TR2 190
594.9910 	DATA 	Keypress: 5
594.9911 	DATA 	TR 382 | TR1 191 | TR2 191
596.5743 	DATA 	Keypress: 5
596.5743 	DATA 	TR 383 | TR1 192 | TR2 191
598.1241 	DATA 	Keypress: 5
598.1241 	DATA 	TR 384 | TR1 192 | TR2 192
599.6906 	DATA 	Keypress: 5
599.6907 	DATA 	TR 385 | TR1 193 | TR2 192
601.2405 	DATA 	Keypress: 5
601.2405 	DATA 	TR 386 | TR1 193 | TR2 193
602.8071 	DATA 	Keypress: 5
602.8072 	DATA 	TR 387 | TR1 194 | TR2 193
603.4569 	DATA 	
603.4569 	DATA 	Trial complete
603.4569 	DATA 	Waiting for VASO trigger to start next trial
603.4569 	DATA 	
604.3735 	DATA 	Keypress: 5
604.3736 	DATA 	TR 388 | TR1 194 | TR2 194
605.9401 	DATA 	Keypress: 5
605.9402 	DATA 	Waited 2.483241081237793 seconds for trigger
605.9409 	DATA 	
605.9409 	DATA 	Trial 15
605.9410 	DATA 	stimDur = 2.0
605.9410 	DATA 	jitter = 0.0
605.9410 	DATA 	restDur = 22.0

605.9410 	DATA 	
605.9410 	DATA 	TR 389 | TR1 195 | TR2 194
605.9410 	DATA 	
605.9410 	DATA 	stimulation started
605.9410 	DATA 	
607.4901 	DATA 	Keypress: 5
607.4901 	DATA 	TR 390 | TR1 195 | TR2 195
607.9567 	DATA 	
607.9567 	DATA 	stimulation stopped
607.9567 	DATA 	
609.0564 	DATA 	Keypress: 5
609.0565 	DATA 	TR 391 | TR1 196 | TR2 195
610.6061 	DATA 	Keypress: 5
610.6061 	DATA 	TR 392 | TR1 196 | TR2 196
612.1896 	DATA 	Keypress: 5
612.1897 	DATA 	TR 393 | TR1 197 | TR2 196
613.7393 	DATA 	Keypress: 5
613.7394 	DATA 	TR 394 | TR1 197 | TR2 197
615.3060 	DATA 	Keypress: 5
615.3061 	DATA 	TR 395 | TR1 198 | TR2 197
616.8557 	DATA 	Keypress: 5
616.8558 	DATA 	TR 396 | TR1 198 | TR2 198
618.4389 	DATA 	Keypress: 5
618.4389 	DATA 	TR 397 | TR1 199 | TR2 198
619.9887 	DATA 	Keypress: 5
619.9888 	DATA 	TR 398 | TR1 199 | TR2 199
621.5553 	DATA 	Keypress: 5
621.5553 	DATA 	TR 399 | TR1 200 | TR2 199
623.1051 	DATA 	Keypress: 5
623.1052 	DATA 	TR 400 | TR1 200 | TR2 200
624.6716 	DATA 	Keypress: 5
624.6717 	DATA 	TR 401 | TR1 201 | TR2 200
626.2221 	DATA 	Keypress: 5
626.2381 	DATA 	TR 402 | TR1 201 | TR2 201
627.8047 	DATA 	Keypress: 5
627.8047 	DATA 	TR 403 | TR1 202 | TR2 201
629.3545 	DATA 	Keypress: 5
629.3546 	DATA 	TR 404 | TR1 202 | TR2 202
629.9544 	DATA 	
629.9544 	DATA 	Trial complete
629.9545 	DATA 	Waiting for VASO trigger to start next trial
629.9545 	DATA 	
630.9211 	DATA 	Keypress: 5
630.9212 	DATA 	Waited 0.9666922092437744 seconds for trigger
630.9219 	DATA 	
630.9219 	DATA 	Trial 16
630.9219 	DATA 	stimDur = 1.0
630.9219 	DATA 	jitter = 2.35575
630.9219 	DATA 	restDur = 20.0

630.9219 	DATA 	
630.9219 	DATA 	TR 405 | TR1 203 | TR2 202
631.4876 	DATA 	Target presented
632.0876 	DATA 	Keypress: 1
632.0877 	DATA 	Key1 pressed
632.0877 	DATA 	Target detected
632.4709 	DATA 	Keypress: 5
632.4709 	DATA 	TR 406 | TR1 203 | TR2 203
633.2874 	DATA 	
633.2875 	DATA 	stimulation started
633.2875 	DATA 	
634.0542 	DATA 	Keypress: 5
634.0542 	DATA 	TR 407 | TR1 204 | TR2 203
634.2874 	DATA 	
634.2874 	DATA 	stimulation stopped
634.2874 	DATA 	
635.6040 	DATA 	Keypress: 5
635.6040 	DATA 	TR 408 | TR1 204 | TR2 204
637.1705 	DATA 	Keypress: 5
637.1705 	DATA 	TR 409 | TR1 205 | TR2 204
638.7203 	DATA 	Keypress: 5
638.7204 	DATA 	TR 410 | TR1 205 | TR2 205
640.2875 	DATA 	Keypress: 5
640.3035 	DATA 	TR 411 | TR1 206 | TR2 205
641.8534 	DATA 	Keypress: 5
641.8534 	DATA 	TR 412 | TR1 206 | TR2 206
643.4199 	DATA 	Keypress: 5
643.4200 	DATA 	TR 413 | TR1 207 | TR2 206
644.9697 	DATA 	Keypress: 5
644.9698 	DATA 	TR 414 | TR1 207 | TR2 207
646.5363 	DATA 	Keypress: 5
646.5363 	DATA 	TR 415 | TR1 208 | TR2 207
648.0861 	DATA 	Keypress: 5
648.0861 	DATA 	TR 416 | TR1 208 | TR2 208
649.6693 	DATA 	Keypress: 5
649.6694 	DATA 	TR 417 | TR1 209 | TR2 208
651.2192 	DATA 	Keypress: 5
651.2192 	DATA 	TR 418 | TR1 209 | TR2 209
652.7857 	DATA 	Keypress: 5
652.7857 	DATA 	TR 419 | TR1 210 | TR2 209
654.2856 	DATA 	
654.2856 	DATA 	Trial complete
654.2857 	DATA 	Waiting for VASO trigger to start next trial
654.2857 	DATA 	
654.3355 	DATA 	Keypress: 5
654.3356 	DATA 	TR 420 | TR1 210 | TR2 210
655.9188 	DATA 	Keypress: 5
655.9188 	DATA 	Waited 1.633155107498169 seconds for trigger
655.9196 	DATA 	
655.9196 	DATA 	Trial 17
655.9196 	DATA 	stimDur = 24.0
655.9196 	DATA 	jitter = 2.35575
655.9196 	DATA 	restDur = 40.0

655.9196 	DATA 	
655.9196 	DATA 	TR 421 | TR1 211 | TR2 210
657.4686 	DATA 	Keypress: 5
657.4686 	DATA 	TR 422 | TR1 211 | TR2 211
658.2852 	DATA 	
658.2852 	DATA 	stimulation started
658.2852 	DATA 	
659.0352 	DATA 	Keypress: 5
659.0353 	DATA 	TR 423 | TR1 212 | TR2 211
660.5850 	DATA 	Keypress: 5
660.5851 	DATA 	TR 424 | TR1 212 | TR2 212
662.1516 	DATA 	Keypress: 5
662.1516 	DATA 	TR 425 | TR1 213 | TR2 212
663.7021 	DATA 	Keypress: 5
663.7180 	DATA 	TR 426 | TR1 213 | TR2 213
665.2847 	DATA 	Keypress: 5
665.2848 	DATA 	TR 427 | TR1 214 | TR2 213
666.8344 	DATA 	Keypress: 5
666.8345 	DATA 	TR 428 | TR1 214 | TR2 214
668.4010 	DATA 	Keypress: 5
668.4011 	DATA 	TR 429 | TR1 215 | TR2 214
669.9508 	DATA 	Keypress: 5
669.9509 	DATA 	TR 430 | TR1 215 | TR2 215
671.5340 	DATA 	Keypress: 5
671.5341 	DATA 	TR 431 | TR1 216 | TR2 215
673.0839 	DATA 	Keypress: 5
673.0839 	DATA 	TR 432 | TR1 216 | TR2 216
674.6504 	DATA 	Keypress: 5
674.6505 	DATA 	TR 433 | TR1 217 | TR2 216
676.2004 	DATA 	Keypress: 5
676.2004 	DATA 	TR 434 | TR1 217 | TR2 217
677.7835 	DATA 	Keypress: 5
677.7835 	DATA 	TR 435 | TR1 218 | TR2 217
679.3333 	DATA 	Keypress: 5
679.3334 	DATA 	TR 436 | TR1 218 | TR2 218
680.8998 	DATA 	Keypress: 5
680.8999 	DATA 	TR 437 | TR1 219 | TR2 218
682.2830 	DATA 	
682.2830 	DATA 	stimulation stopped
682.2830 	DATA 	
682.4496 	DATA 	Keypress: 5
682.4496 	DATA 	TR 438 | TR1 219 | TR2 219
684.0161 	DATA 	Keypress: 5
684.0162 	DATA 	TR 439 | TR1 220 | TR2 219
685.5660 	DATA 	Keypress: 5
685.5660 	DATA 	TR 440 | TR1 220 | TR2 220
687.1493 	DATA 	Keypress: 5
687.1494 	DATA 	TR 441 | TR1 221 | TR2 220
688.6990 	DATA 	Keypress: 5
688.6991 	DATA 	TR 442 | TR1 221 | TR2 221
690.2657 	DATA 	Keypress: 5
690.2658 	DATA 	TR 443 | TR1 222 | TR2 221
691.8154 	DATA 	Keypress: 5
691.8155 	DATA 	TR 444 | TR1 222 | TR2 222
693.3986 	DATA 	Keypress: 5
693.3987 	DATA 	TR 445 | TR1 223 | TR2 222
694.9486 	DATA 	Keypress: 5
694.9486 	DATA 	TR 446 | TR1 223 | TR2 223
696.5150 	DATA 	Keypress: 5
696.5151 	DATA 	TR 447 | TR1 224 | TR2 223
698.0648 	DATA 	Keypress: 5
698.0649 	DATA 	TR 448 | TR1 224 | TR2 224
699.6314 	DATA 	Keypress: 5
699.6314 	DATA 	TR 449 | TR1 225 | TR2 224
701.1979 	DATA 	Keypress: 5
701.1979 	DATA 	TR 450 | TR1 225 | TR2 225
702.7645 	DATA 	Keypress: 5
702.7645 	DATA 	TR 451 | TR1 226 | TR2 225
704.3143 	DATA 	Keypress: 5
704.3143 	DATA 	TR 452 | TR1 226 | TR2 226
705.8808 	DATA 	Keypress: 5
705.8809 	DATA 	TR 453 | TR1 227 | TR2 226
707.4306 	DATA 	Keypress: 5
707.4306 	DATA 	TR 454 | TR1 227 | TR2 227
709.0138 	DATA 	Keypress: 5
709.0139 	DATA 	TR 455 | TR1 228 | TR2 227
709.6971 	DATA 	Target presented
710.2637 	DATA 	Keypress: 1
710.2638 	DATA 	Key1 pressed
710.2638 	DATA 	Target detected
710.5637 	DATA 	Keypress: 5
710.5637 	DATA 	TR 456 | TR1 228 | TR2 228
712.1302 	DATA 	Keypress: 5
712.1303 	DATA 	TR 457 | TR1 229 | TR2 228
713.6801 	DATA 	Keypress: 5
713.6801 	DATA 	TR 458 | TR1 229 | TR2 229
715.2633 	DATA 	Keypress: 5
715.2633 	DATA 	TR 459 | TR1 230 | TR2 229
716.8131 	DATA 	Keypress: 5
716.8131 	DATA 	TR 460 | TR1 230 | TR2 230
718.3796 	DATA 	Keypress: 5
718.3797 	DATA 	TR 461 | TR1 231 | TR2 230
719.9295 	DATA 	Keypress: 5
719.9295 	DATA 	TR 462 | TR1 231 | TR2 231
721.4960 	DATA 	Keypress: 5
721.4961 	DATA 	TR 463 | TR1 232 | TR2 231
722.2792 	DATA 	
722.2792 	DATA 	Trial complete
722.2792 	DATA 	Waiting for VASO trigger to start next trial
722.2792 	DATA 	
723.0458 	DATA 	Keypress: 5
723.0459 	DATA 	TR 464 | TR1 232 | TR2 232
724.6291 	DATA 	Keypress: 5
724.6292 	DATA 	Waited 2.3499019145965576 seconds for trigger
724.6299 	DATA 	
724.6299 	DATA 	Trial 18
724.6300 	DATA 	stimDur = 1.0
724.6300 	DATA 	jitter = 0.78525
724.6300 	DATA 	restDur = 20.0

724.6300 	DATA 	
724.6300 	DATA 	TR 465 | TR1 233 | TR2 232
725.4289 	DATA 	
725.4289 	DATA 	stimulation started
725.4289 	DATA 	
726.1790 	DATA 	Keypress: 5
726.1790 	DATA 	TR 466 | TR1 233 | TR2 233
726.4289 	DATA 	
726.4289 	DATA 	stimulation stopped
726.4289 	DATA 	
727.7455 	DATA 	Keypress: 5
727.7455 	DATA 	TR 467 | TR1 234 | TR2 233
729.2953 	DATA 	Keypress: 5
729.2953 	DATA 	TR 468 | TR1 234 | TR2 234
730.8785 	DATA 	Keypress: 5
730.8785 	DATA 	TR 469 | TR1 235 | TR2 234
732.4284 	DATA 	Keypress: 5
732.4284 	DATA 	TR 470 | TR1 235 | TR2 235
733.9948 	DATA 	Keypress: 5
733.9949 	DATA 	TR 471 | TR1 236 | TR2 235
735.5447 	DATA 	Keypress: 5
735.5448 	DATA 	TR 472 | TR1 236 | TR2 236
737.1118 	DATA 	Keypress: 5
737.1278 	DATA 	TR 473 | TR1 237 | TR2 236
738.6778 	DATA 	Keypress: 5
738.6778 	DATA 	TR 474 | TR1 237 | TR2 237
740.2443 	DATA 	Keypress: 5
740.2443 	DATA 	TR 475 | TR1 238 | TR2 237
741.7942 	DATA 	Keypress: 5
741.7942 	DATA 	TR 476 | TR1 238 | TR2 238
743.3606 	DATA 	Keypress: 5
743.3607 	DATA 	TR 477 | TR1 239 | TR2 238
744.9106 	DATA 	Keypress: 5
744.9107 	DATA 	TR 478 | TR1 239 | TR2 239
746.4270 	DATA 	
746.4270 	DATA 	Trial complete
746.4270 	DATA 	Waiting for VASO trigger to start next trial
746.4270 	DATA 	
746.4939 	DATA 	Keypress: 5
746.4939 	DATA 	Waited 0.06688690185546875 seconds for trigger
746.4947 	DATA 	
746.4947 	DATA 	Trial 19
746.4947 	DATA 	stimDur = 2.0
746.4947 	DATA 	jitter = 1.5705
746.4947 	DATA 	restDur = 22.0

746.4947 	DATA 	
746.4947 	DATA 	TR 479 | TR1 240 | TR2 239
748.0436 	DATA 	Keypress: 5
748.0436 	DATA 	TR 480 | TR1 240 | TR2 240
748.0768 	DATA 	
748.0768 	DATA 	stimulation started
748.0768 	DATA 	
749.6101 	DATA 	Keypress: 5
749.6101 	DATA 	TR 481 | TR1 241 | TR2 240
750.0767 	DATA 	
750.0767 	DATA 	stimulation stopped
750.0767 	DATA 	
751.1599 	DATA 	Keypress: 5
751.1600 	DATA 	TR 482 | TR1 241 | TR2 241
752.7431 	DATA 	Keypress: 5
752.7431 	DATA 	TR 483 | TR1 242 | TR2 241
754.2930 	DATA 	Keypress: 5
754.2931 	DATA 	TR 484 | TR1 242 | TR2 242
755.8595 	DATA 	Keypress: 5
755.8595 	DATA 	TR 485 | TR1 243 | TR2 242
757.4093 	DATA 	Keypress: 5
757.4094 	DATA 	TR 486 | TR1 243 | TR2 243
758.9758 	DATA 	Keypress: 5
758.9759 	DATA 	TR 487 | TR1 244 | TR2 243
760.5263 	DATA 	Keypress: 5
760.5423 	DATA 	TR 488 | TR1 244 | TR2 244
762.1089 	DATA 	Keypress: 5
762.1089 	DATA 	TR 489 | TR1 245 | TR2 244
763.6588 	DATA 	Keypress: 5
763.6588 	DATA 	TR 490 | TR1 245 | TR2 245
765.2253 	DATA 	Keypress: 5
765.2253 	DATA 	TR 491 | TR1 246 | TR2 245
766.7752 	DATA 	Keypress: 5
766.7752 	DATA 	TR 492 | TR1 246 | TR2 246
768.3583 	DATA 	Keypress: 5
768.3584 	DATA 	TR 493 | TR1 247 | TR2 246
769.9082 	DATA 	Keypress: 5
769.9083 	DATA 	TR 494 | TR1 247 | TR2 247
771.4747 	DATA 	Keypress: 5
771.4747 	DATA 	TR 495 | TR1 248 | TR2 247
772.0746 	DATA 	
772.0746 	DATA 	Trial complete
772.0746 	DATA 	
773.0245 	DATA 	Keypress: 5
773.0246 	DATA 	TR 496 | TR1 248 | TR2 248
774.5917 	DATA 	Keypress: 5
774.6077 	DATA 	Waited 28.180705785751343 seconds for trigger
774.6085 	DATA 	
774.6085 	DATA 	Trial 20
774.6085 	DATA 	stimDur = 1.0
774.6085 	DATA 	jitter = 0.0
774.6085 	DATA 	restDur = 20.0

774.6085 	DATA 	
774.6085 	DATA 	TR 497 | TR1 249 | TR2 248
774.6085 	DATA 	
774.6085 	DATA 	stimulation started
774.6085 	DATA 	
775.6245 	DATA 	
775.6245 	DATA 	stimulation stopped
775.6245 	DATA 	
776.1576 	DATA 	Keypress: 5
776.1577 	DATA 	TR 498 | TR1 249 | TR2 249
777.7238 	DATA 	Keypress: 5
777.7238 	DATA 	TR 499 | TR1 250 | TR2 249
779.2740 	DATA 	Keypress: 5
779.2741 	DATA 	TR 500 | TR1 250 | TR2 250
780.8405 	DATA 	Keypress: 5
780.8405 	DATA 	TR 501 | TR1 251 | TR2 250
782.3904 	DATA 	Keypress: 5
782.3904 	DATA 	TR 502 | TR1 251 | TR2 251
783.9735 	DATA 	Keypress: 5
783.9736 	DATA 	TR 503 | TR1 252 | TR2 251
785.5234 	DATA 	Keypress: 5
785.5235 	DATA 	TR 504 | TR1 252 | TR2 252
787.0901 	DATA 	Keypress: 5
787.0901 	DATA 	TR 505 | TR1 253 | TR2 252
787.5399 	DATA 	Target presented
788.1232 	DATA 	Keypress: 1
788.1232 	DATA 	Key1 pressed
788.1232 	DATA 	Target detected
788.6398 	DATA 	Keypress: 5
788.6398 	DATA 	TR 506 | TR1 253 | TR2 253
790.2230 	DATA 	Keypress: 5
790.2230 	DATA 	TR 507 | TR1 254 | TR2 253
791.7729 	DATA 	Keypress: 5
791.7729 	DATA 	TR 508 | TR1 254 | TR2 254
793.3393 	DATA 	Keypress: 5
793.3394 	DATA 	TR 509 | TR1 255 | TR2 254
794.8892 	DATA 	Keypress: 5
794.8893 	DATA 	TR 510 | TR1 255 | TR2 255
795.6224 	DATA 	
795.6224 	DATA 	Trial complete
795.6224 	DATA 	
796.4558 	DATA 	Keypress: 5
796.4559 	DATA 	TR 511 | TR1 256 | TR2 255
798.0223 	DATA 	Keypress: 5
798.0223 	DATA 	TR 512 | TR1 256 | TR2 256
799.5888 	DATA 	Keypress: 5
799.5888 	DATA 	TR 513 | TR1 257 | TR2 256
801.1386 	DATA 	Keypress: 5
801.1387 	DATA 	TR 514 | TR1 257 | TR2 257
802.7051 	DATA 	Keypress: 5
802.7052 	DATA 	TR 515 | TR1 258 | TR2 257
804.2550 	DATA 	Keypress: 5
804.2551 	DATA 	TR 516 | TR1 258 | TR2 258
805.8382 	DATA 	Keypress: 5
805.8382 	DATA 	TR 517 | TR1 259 | TR2 258
807.3881 	DATA 	Keypress: 5
807.3881 	DATA 	TR 518 | TR1 259 | TR2 259
808.9546 	DATA 	Keypress: 5
808.9546 	DATA 	TR 519 | TR1 260 | TR2 259
810.5045 	DATA 	Keypress: 5
810.5045 	DATA 	TR 520 | TR1 260 | TR2 260
812.0715 	DATA 	Keypress: 5
812.0876 	DATA 	TR 521 | TR1 261 | TR2 260
813.6375 	DATA 	Keypress: 5
813.6375 	DATA 	TR 522 | TR1 261 | TR2 261
815.2040 	DATA 	Keypress: 5
815.2041 	DATA 	TR 523 | TR1 262 | TR2 261
816.7539 	DATA 	Keypress: 5
816.7539 	DATA 	TR 524 | TR1 262 | TR2 262
818.3204 	DATA 	Keypress: 5
818.3204 	DATA 	TR 525 | TR1 263 | TR2 262
819.8708 	DATA 	Keypress: 5
819.8869 	DATA 	TR 526 | TR1 263 | TR2 263
821.4534 	DATA 	Keypress: 5
821.4535 	DATA 	TR 527 | TR1 264 | TR2 263
822.0700 	DATA 	EndOfRun sub-09_ses-05_run-03

822.0700 	DATA 	We spent 51.5066020488739 seconds waiting for triggers
822.0700 	DATA 	RatioOfDetectedTargets 0.9166666666666666
822.0700 	DATA 	You have detected 11 out of 12 targets.
826.8920 	DATA 	Keypress: 5
826.8922 	DATA 	Keypress: 5
826.8926 	DATA 	Keypress: 5
827.0995 	EXP 	window1: mouseVisible = True
