MonitorDistance=99cm
MonitorWidth=30cm
PixelWidth=1024.0
PixelHeight=768.0
You have detected 12 out of 12 targets.
Excellent! Keep up the good work
8.4862 	INFO 	Loaded monitor calibration from ['2021_05_26 17:55']
8.9476 	EXP 	Created window1 = Window(allowGUI=False, allowStencil=False, autoLog=True, backendConf=UNKNOWN, bitsMode=UNKNOWN, blendMode='avg', bpc=(8, 8, 8), color=array([-0.5, -0.5, -0.5]), colorSpace='rgb', depthBits=8, fullscr=<method-wrapper '__getattribute__' of attributeSetter object at 0x7f9677559438>, gamma=None, gammaErrorPolicy='raise', lms=UNKNOWN, monitor=<psychopy.monitors.calibTools.Monitor object at 0x7f966d3bb080>, multiSample=False, name='window1', numSamples=2, pos=[0.0, 0.0], screen=0, size=array([1024,  768]), stencilBits=0, stereo=False, units='deg', useFBO=False, useRetina=False, viewOri=0.0, viewPos=None, viewScale=None, waitBlanking=True, winType='pyglet')
8.9476 	EXP 	window1: mouseVisible = True
9.0150 	EXP 	Created unnamed TextStim = TextStim(__class__=<class 'psychopy.visual.text.TextStim'>, alignHoriz=method-wrapper(...), alignText='center', alignVert=method-wrapper(...), anchorHoriz='center', anchorVert='center', antialias=True, autoLog=True, bold=False, color=array([1., 1., 1.]), colorSpace='rgb', contrast=1.0, depth=0, flipHoriz=False, flipVert=False, font='', fontFiles=[], height=0.5, italic=False, languageStyle='LTR', name='unnamed TextStim', opacity=1.0, ori=0.0, pos=array([0., 0.]), rgb=UNKNOWN, text=str(...), units='deg', win=Window(...), wrapWidth=15.0)
9.0475 	EXP 	Created Movie Frame 0 = ImageStim(__class__=<class 'psychopy.visual.image.ImageStim'>, autoLog=True, color=array([0.8, 0.8, 0.8]), colorSpace='rgb', contrast=0.8, depth=0, flipHoriz=False, flipVert=False, image='visual_0.png', interpolate=False, mask=None, maskParams=None, name='Movie Frame 0', opacity=1, ori=0.0, pos=array([0., 0.]), size=array([1024,  768]), texRes=128, units='pix', win=Window(...))
9.0737 	EXP 	Created Movie Frame 1 = ImageStim(__class__=<class 'psychopy.visual.image.ImageStim'>, autoLog=True, color=array([0.8, 0.8, 0.8]), colorSpace='rgb', contrast=0.8, depth=0, flipHoriz=False, flipVert=False, image='visual_1.png', interpolate=False, mask=None, maskParams=None, name='Movie Frame 1', opacity=1, ori=0.0, pos=array([0., 0.]), size=array([1024,  768]), texRes=128, units='pix', win=Window(...))
40.5824 	DATA 	Keypress: 5
0.0000 	DATA 	StartOfRun sub-09_ses-05_run-04
0.0000 	DATA 	TR 1 | TR1 1 | TR2 0
0.0148 	DATA 	Initial baseline

1.5503 	DATA 	Keypress: 5
1.5504 	DATA 	TR 2 | TR1 1 | TR2 1
3.1224 	DATA 	Keypress: 5
3.1224 	DATA 	TR 3 | TR1 2 | TR2 1
4.6735 	DATA 	Keypress: 5
4.6735 	DATA 	TR 4 | TR1 2 | TR2 2
6.2458 	DATA 	Keypress: 5
6.2458 	DATA 	TR 5 | TR1 3 | TR2 2
7.7970 	DATA 	Keypress: 5
7.7970 	DATA 	TR 6 | TR1 3 | TR2 3
9.3690 	DATA 	Keypress: 5
9.3691 	DATA 	TR 7 | TR1 4 | TR2 3
10.9204 	DATA 	Keypress: 5
10.9204 	DATA 	TR 8 | TR1 4 | TR2 4
12.4925 	DATA 	Keypress: 5
12.4926 	DATA 	TR 9 | TR1 5 | TR2 4
14.0437 	DATA 	Keypress: 5
14.0438 	DATA 	TR 10 | TR1 5 | TR2 5
15.6159 	DATA 	Keypress: 5
15.6160 	DATA 	TR 11 | TR1 6 | TR2 5
17.1671 	DATA 	Keypress: 5
17.1672 	DATA 	TR 12 | TR1 6 | TR2 6
18.7394 	DATA 	Keypress: 5
18.7395 	DATA 	TR 13 | TR1 7 | TR2 6
20.2905 	DATA 	Keypress: 5
20.2905 	DATA 	TR 14 | TR1 7 | TR2 7
21.8627 	DATA 	Keypress: 5
21.8627 	DATA 	TR 15 | TR1 8 | TR2 7
23.4139 	DATA 	Keypress: 5
23.4139 	DATA 	TR 16 | TR1 8 | TR2 8
24.9861 	DATA 	Keypress: 5
24.9861 	DATA 	TR 17 | TR1 9 | TR2 8
26.5373 	DATA 	Keypress: 5
26.5374 	DATA 	TR 18 | TR1 9 | TR2 9
28.1095 	DATA 	Keypress: 5
28.1095 	DATA 	TR 19 | TR1 10 | TR2 9
29.6607 	DATA 	Keypress: 5
29.6607 	DATA 	TR 20 | TR1 10 | TR2 10
31.2458 	DATA 	Keypress: 5
31.2459 	DATA 	Waited 1.2459020614624023 seconds for trigger
31.2473 	DATA 	
31.2474 	DATA 	Trial 1
31.2474 	DATA 	stimDur = 12.0
31.2474 	DATA 	jitter = 0.0
31.2474 	DATA 	restDur = 30.0

31.2474 	DATA 	
31.2474 	DATA 	TR 21 | TR1 11 | TR2 10
31.2474 	DATA 	
31.2474 	DATA 	stimulation started
31.2474 	DATA 	
32.7958 	DATA 	Keypress: 5
32.7958 	DATA 	TR 22 | TR1 11 | TR2 11
34.3623 	DATA 	Keypress: 5
34.3623 	DATA 	TR 23 | TR1 12 | TR2 11
35.9121 	DATA 	Keypress: 5
35.9122 	DATA 	TR 24 | TR1 12 | TR2 12
37.4953 	DATA 	Keypress: 5
37.4953 	DATA 	TR 25 | TR1 13 | TR2 12
39.0452 	DATA 	Keypress: 5
39.0452 	DATA 	TR 26 | TR1 13 | TR2 13
40.6117 	DATA 	Keypress: 5
40.6117 	DATA 	TR 27 | TR1 14 | TR2 13
42.1616 	DATA 	Keypress: 5
42.1616 	DATA 	TR 28 | TR1 14 | TR2 14
43.2614 	DATA 	
43.2614 	DATA 	stimulation stopped
43.2614 	DATA 	
43.7280 	DATA 	Keypress: 5
43.7280 	DATA 	TR 29 | TR1 15 | TR2 14
45.2786 	DATA 	Keypress: 5
45.2945 	DATA 	TR 30 | TR1 15 | TR2 15
46.8610 	DATA 	Keypress: 5
46.8611 	DATA 	TR 31 | TR1 16 | TR2 15
48.4111 	DATA 	Keypress: 5
48.4111 	DATA 	TR 32 | TR1 16 | TR2 16
49.9774 	DATA 	Keypress: 5
49.9775 	DATA 	TR 33 | TR1 17 | TR2 16
51.5273 	DATA 	Keypress: 5
51.5274 	DATA 	TR 34 | TR1 17 | TR2 17
53.1106 	DATA 	Keypress: 5
53.1106 	DATA 	TR 35 | TR1 18 | TR2 17
54.6604 	DATA 	Keypress: 5
54.6604 	DATA 	TR 36 | TR1 18 | TR2 18
56.2268 	DATA 	Keypress: 5
56.2269 	DATA 	TR 37 | TR1 19 | TR2 18
57.7767 	DATA 	Keypress: 5
57.7768 	DATA 	TR 38 | TR1 19 | TR2 19
59.3438 	DATA 	Keypress: 5
59.3598 	DATA 	TR 39 | TR1 20 | TR2 19
60.9098 	DATA 	Keypress: 5
60.9098 	DATA 	TR 40 | TR1 20 | TR2 20
62.4762 	DATA 	Keypress: 5
62.4763 	DATA 	TR 41 | TR1 21 | TR2 20
64.0261 	DATA 	Keypress: 5
64.0262 	DATA 	TR 42 | TR1 21 | TR2 21
65.5926 	DATA 	Keypress: 5
65.5927 	DATA 	TR 43 | TR1 22 | TR2 21
67.1425 	DATA 	Keypress: 5
67.1426 	DATA 	TR 44 | TR1 22 | TR2 22
68.7257 	DATA 	Keypress: 5
68.7257 	DATA 	TR 45 | TR1 23 | TR2 22
70.2755 	DATA 	Keypress: 5
70.2756 	DATA 	TR 46 | TR1 23 | TR2 23
71.8420 	DATA 	Keypress: 5
71.8421 	DATA 	TR 47 | TR1 24 | TR2 23
73.2585 	DATA 	
73.2586 	DATA 	Trial complete
73.2586 	DATA 	Waiting for VASO trigger to start next trial
73.2586 	DATA 	
73.3919 	DATA 	Keypress: 5
73.3920 	DATA 	TR 48 | TR1 24 | TR2 24
74.9751 	DATA 	Keypress: 5
74.9752 	DATA 	Waited 1.7166430950164795 seconds for trigger
74.9760 	DATA 	
74.9760 	DATA 	Trial 2
74.9760 	DATA 	stimDur = 24.0
74.9760 	DATA 	jitter = 0.78525
74.9760 	DATA 	restDur = 40.0

74.9760 	DATA 	
74.9760 	DATA 	TR 49 | TR1 25 | TR2 24
75.7750 	DATA 	
75.7750 	DATA 	stimulation started
75.7750 	DATA 	
76.5251 	DATA 	Keypress: 5
76.5251 	DATA 	TR 50 | TR1 25 | TR2 25
78.0916 	DATA 	Keypress: 5
78.0916 	DATA 	TR 51 | TR1 26 | TR2 25
78.3249 	DATA 	Target presented
78.9414 	DATA 	Keypress: 1
78.9415 	DATA 	Key1 pressed
78.9415 	DATA 	Target detected
79.6414 	DATA 	Keypress: 5
79.6415 	DATA 	TR 52 | TR1 26 | TR2 26
81.2079 	DATA 	Keypress: 5
81.2080 	DATA 	TR 53 | TR1 27 | TR2 26
82.7585 	DATA 	Keypress: 5
82.7745 	DATA 	TR 54 | TR1 27 | TR2 27
84.3410 	DATA 	Keypress: 5
84.3410 	DATA 	TR 55 | TR1 28 | TR2 27
85.8910 	DATA 	Keypress: 5
85.8910 	DATA 	TR 56 | TR1 28 | TR2 28
87.4575 	DATA 	Keypress: 5
87.4575 	DATA 	TR 57 | TR1 29 | TR2 28
89.0072 	DATA 	Keypress: 5
89.0072 	DATA 	TR 58 | TR1 29 | TR2 29
90.5904 	DATA 	Keypress: 5
90.5905 	DATA 	TR 59 | TR1 30 | TR2 29
92.1402 	DATA 	Keypress: 5
92.1403 	DATA 	TR 60 | TR1 30 | TR2 30
93.7069 	DATA 	Keypress: 5
93.7069 	DATA 	TR 61 | TR1 31 | TR2 30
95.2566 	DATA 	Keypress: 5
95.2566 	DATA 	TR 62 | TR1 31 | TR2 31
96.8234 	DATA 	Keypress: 5
96.8234 	DATA 	TR 63 | TR1 32 | TR2 31
98.3896 	DATA 	Keypress: 5
98.3897 	DATA 	TR 64 | TR1 32 | TR2 32
99.7728 	DATA 	
99.7728 	DATA 	stimulation stopped
99.7728 	DATA 	
99.9561 	DATA 	Keypress: 5
99.9562 	DATA 	TR 65 | TR1 33 | TR2 32
101.5060 	DATA 	Keypress: 5
101.5060 	DATA 	TR 66 | TR1 33 | TR2 33
103.0725 	DATA 	Keypress: 5
103.0726 	DATA 	TR 67 | TR1 34 | TR2 33
104.6225 	DATA 	Keypress: 5
104.6225 	DATA 	TR 68 | TR1 34 | TR2 34
106.2055 	DATA 	Keypress: 5
106.2056 	DATA 	TR 69 | TR1 35 | TR2 34
107.7554 	DATA 	Keypress: 5
107.7554 	DATA 	TR 70 | TR1 35 | TR2 35
109.3219 	DATA 	Keypress: 5
109.3220 	DATA 	TR 71 | TR1 36 | TR2 35
110.8718 	DATA 	Keypress: 5
110.8718 	DATA 	TR 72 | TR1 36 | TR2 36
112.4550 	DATA 	Keypress: 5
112.4550 	DATA 	TR 73 | TR1 37 | TR2 36
114.0048 	DATA 	Keypress: 5
114.0049 	DATA 	TR 74 | TR1 37 | TR2 37
115.5714 	DATA 	Keypress: 5
115.5714 	DATA 	TR 75 | TR1 38 | TR2 37
117.1212 	DATA 	Keypress: 5
117.1213 	DATA 	TR 76 | TR1 38 | TR2 38
118.6877 	DATA 	Keypress: 5
118.6878 	DATA 	TR 77 | TR1 39 | TR2 38
120.2542 	DATA 	Keypress: 5
120.2543 	DATA 	TR 78 | TR1 39 | TR2 39
121.8208 	DATA 	Keypress: 5
121.8208 	DATA 	TR 79 | TR1 40 | TR2 39
123.3706 	DATA 	Keypress: 5
123.3707 	DATA 	TR 80 | TR1 40 | TR2 40
124.9372 	DATA 	Keypress: 5
124.9372 	DATA 	TR 81 | TR1 41 | TR2 40
126.4870 	DATA 	Keypress: 5
126.4870 	DATA 	TR 82 | TR1 41 | TR2 41
128.0702 	DATA 	Keypress: 5
128.0703 	DATA 	TR 83 | TR1 42 | TR2 41
129.6200 	DATA 	Keypress: 5
129.6201 	DATA 	TR 84 | TR1 42 | TR2 42
131.1867 	DATA 	Keypress: 5
131.1868 	DATA 	TR 85 | TR1 43 | TR2 42
132.7364 	DATA 	Keypress: 5
132.7365 	DATA 	TR 86 | TR1 43 | TR2 43
134.3035 	DATA 	Keypress: 5
134.3196 	DATA 	TR 87 | TR1 44 | TR2 43
134.9195 	DATA 	Target presented
135.4862 	DATA 	Keypress: 1
135.4862 	DATA 	Key1 pressed
135.4862 	DATA 	Target detected
135.8696 	DATA 	Keypress: 5
135.8697 	DATA 	TR 88 | TR1 44 | TR2 44
137.4360 	DATA 	Keypress: 5
137.4360 	DATA 	TR 89 | TR1 45 | TR2 44
138.9858 	DATA 	Keypress: 5
138.9859 	DATA 	TR 90 | TR1 45 | TR2 45
139.7691 	DATA 	
139.7691 	DATA 	Trial complete
139.7691 	DATA 	Waiting for VASO trigger to start next trial
139.7691 	DATA 	
140.5524 	DATA 	Keypress: 5
140.5524 	DATA 	Waited 0.7833259105682373 seconds for trigger
140.5532 	DATA 	
140.5532 	DATA 	Trial 3
140.5533 	DATA 	stimDur = 2.0
140.5533 	DATA 	jitter = 2.35575
140.5533 	DATA 	restDur = 22.0

140.5533 	DATA 	
140.5533 	DATA 	TR 91 | TR1 46 | TR2 45
142.1022 	DATA 	Keypress: 5
142.1022 	DATA 	TR 92 | TR1 46 | TR2 46
142.9188 	DATA 	
142.9188 	DATA 	stimulation started
142.9188 	DATA 	
143.6855 	DATA 	Keypress: 5
143.6855 	DATA 	TR 93 | TR1 47 | TR2 46
144.9186 	DATA 	
144.9186 	DATA 	stimulation stopped
144.9186 	DATA 	
145.2352 	DATA 	Keypress: 5
145.2353 	DATA 	TR 94 | TR1 47 | TR2 47
146.8018 	DATA 	Keypress: 5
146.8018 	DATA 	TR 95 | TR1 48 | TR2 47
148.3516 	DATA 	Keypress: 5
148.3517 	DATA 	TR 96 | TR1 48 | TR2 48
149.9348 	DATA 	Keypress: 5
149.9349 	DATA 	TR 97 | TR1 49 | TR2 48
151.4847 	DATA 	Keypress: 5
151.4847 	DATA 	TR 98 | TR1 49 | TR2 49
153.0512 	DATA 	Keypress: 5
153.0513 	DATA 	TR 99 | TR1 50 | TR2 49
154.6011 	DATA 	Keypress: 5
154.6011 	DATA 	TR 100 | TR1 50 | TR2 50
156.1676 	DATA 	Keypress: 5
156.1677 	DATA 	TR 101 | TR1 51 | TR2 50
157.7341 	DATA 	Keypress: 5
157.7342 	DATA 	TR 102 | TR1 51 | TR2 51
159.3007 	DATA 	Keypress: 5
159.3007 	DATA 	TR 103 | TR1 52 | TR2 51
160.8506 	DATA 	Keypress: 5
160.8506 	DATA 	TR 104 | TR1 52 | TR2 52
162.4170 	DATA 	Keypress: 5
162.4171 	DATA 	TR 105 | TR1 53 | TR2 52
163.9668 	DATA 	Keypress: 5
163.9669 	DATA 	TR 106 | TR1 53 | TR2 53
165.5501 	DATA 	Keypress: 5
165.5501 	DATA 	TR 107 | TR1 54 | TR2 53
166.9163 	DATA 	
166.9163 	DATA 	Trial complete
166.9164 	DATA 	Waiting for VASO trigger to start next trial
166.9164 	DATA 	
167.0999 	DATA 	Keypress: 5
167.0999 	DATA 	TR 108 | TR1 54 | TR2 54
168.6664 	DATA 	Keypress: 5
168.6665 	DATA 	Waited 1.7501368522644043 seconds for trigger
168.6673 	DATA 	
168.6673 	DATA 	Trial 4
168.6673 	DATA 	stimDur = 2.0
168.6673 	DATA 	jitter = 0.78525
168.6673 	DATA 	restDur = 22.0

168.6673 	DATA 	
168.6673 	DATA 	TR 109 | TR1 55 | TR2 54
169.4663 	DATA 	
169.4663 	DATA 	stimulation started
169.4663 	DATA 	
170.2163 	DATA 	Keypress: 5
170.2164 	DATA 	TR 110 | TR1 55 | TR2 55
171.4662 	DATA 	
171.4662 	DATA 	stimulation stopped
171.4662 	DATA 	
171.7995 	DATA 	Keypress: 5
171.7995 	DATA 	TR 111 | TR1 56 | TR2 55
173.3493 	DATA 	Keypress: 5
173.3494 	DATA 	TR 112 | TR1 56 | TR2 56
174.9160 	DATA 	Keypress: 5
174.9161 	DATA 	TR 113 | TR1 57 | TR2 56
176.4657 	DATA 	Keypress: 5
176.4657 	DATA 	TR 114 | TR1 57 | TR2 57
178.0324 	DATA 	Keypress: 5
178.0324 	DATA 	TR 115 | TR1 58 | TR2 57
179.5821 	DATA 	Keypress: 5
179.5821 	DATA 	TR 116 | TR1 58 | TR2 58
181.1653 	DATA 	Keypress: 5
181.1653 	DATA 	TR 117 | TR1 59 | TR2 58
182.7151 	DATA 	Keypress: 5
182.7152 	DATA 	TR 118 | TR1 59 | TR2 59
183.0651 	DATA 	Target presented
183.6484 	DATA 	Keypress: 1
183.6485 	DATA 	Key1 pressed
183.6485 	DATA 	Target detected
184.2816 	DATA 	Keypress: 5
184.2816 	DATA 	TR 119 | TR1 60 | TR2 59
185.8315 	DATA 	Keypress: 5
185.8315 	DATA 	TR 120 | TR1 60 | TR2 60
187.4147 	DATA 	Keypress: 5
187.4147 	DATA 	TR 121 | TR1 61 | TR2 60
188.9645 	DATA 	Keypress: 5
188.9646 	DATA 	TR 122 | TR1 61 | TR2 61
190.5311 	DATA 	Keypress: 5
190.5311 	DATA 	TR 123 | TR1 62 | TR2 61
192.0809 	DATA 	Keypress: 5
192.0809 	DATA 	TR 124 | TR1 62 | TR2 62
193.4641 	DATA 	
193.4641 	DATA 	Trial complete
193.4641 	DATA 	Waiting for VASO trigger to start next trial
193.4641 	DATA 	
193.6480 	DATA 	Keypress: 5
193.6641 	DATA 	Waited 0.19994878768920898 seconds for trigger
193.6649 	DATA 	
193.6649 	DATA 	Trial 5
193.6649 	DATA 	stimDur = 4.0
193.6649 	DATA 	jitter = 0.0
193.6649 	DATA 	restDur = 24.0

193.6649 	DATA 	
193.6649 	DATA 	TR 125 | TR1 63 | TR2 62
193.6649 	DATA 	
193.6649 	DATA 	stimulation started
193.6649 	DATA 	
195.2140 	DATA 	Keypress: 5
195.2141 	DATA 	TR 126 | TR1 63 | TR2 63
196.7806 	DATA 	Keypress: 5
196.7806 	DATA 	TR 127 | TR1 64 | TR2 63
197.6804 	DATA 	
197.6804 	DATA 	stimulation stopped
197.6804 	DATA 	
198.3303 	DATA 	Keypress: 5
198.3304 	DATA 	TR 128 | TR1 64 | TR2 64
199.8969 	DATA 	Keypress: 5
199.8969 	DATA 	TR 129 | TR1 65 | TR2 64
201.4468 	DATA 	Keypress: 5
201.4469 	DATA 	TR 130 | TR1 65 | TR2 65
203.0299 	DATA 	Keypress: 5
203.0300 	DATA 	TR 131 | TR1 66 | TR2 65
204.5798 	DATA 	Keypress: 5
204.5798 	DATA 	TR 132 | TR1 66 | TR2 66
206.1463 	DATA 	Keypress: 5
206.1464 	DATA 	TR 133 | TR1 67 | TR2 66
207.6961 	DATA 	Keypress: 5
207.6962 	DATA 	TR 134 | TR1 67 | TR2 67
209.2793 	DATA 	Keypress: 5
209.2794 	DATA 	TR 135 | TR1 68 | TR2 67
210.8292 	DATA 	Keypress: 5
210.8292 	DATA 	TR 136 | TR1 68 | TR2 68
212.3957 	DATA 	Keypress: 5
212.3958 	DATA 	TR 137 | TR1 69 | TR2 68
213.9455 	DATA 	Keypress: 5
213.9456 	DATA 	TR 138 | TR1 69 | TR2 69
215.5121 	DATA 	Keypress: 5
215.5122 	DATA 	TR 139 | TR1 70 | TR2 69
217.0625 	DATA 	Keypress: 5
217.0786 	DATA 	TR 140 | TR1 70 | TR2 70
218.6452 	DATA 	Keypress: 5
218.6452 	DATA 	TR 141 | TR1 71 | TR2 70
220.1950 	DATA 	Keypress: 5
220.1950 	DATA 	TR 142 | TR1 71 | TR2 71
221.6782 	DATA 	
221.6782 	DATA 	Trial complete
221.6782 	DATA 	Waiting for VASO trigger to start next trial
221.6782 	DATA 	
221.7615 	DATA 	Keypress: 5
221.7616 	DATA 	Waited 0.08335995674133301 seconds for trigger
221.7623 	DATA 	
221.7623 	DATA 	Trial 6
221.7623 	DATA 	stimDur = 4.0
221.7623 	DATA 	jitter = 1.5705
221.7623 	DATA 	restDur = 24.0

221.7623 	DATA 	
221.7624 	DATA 	TR 143 | TR1 72 | TR2 71
223.3113 	DATA 	Keypress: 5
223.3114 	DATA 	TR 144 | TR1 72 | TR2 72
223.3447 	DATA 	
223.3447 	DATA 	stimulation started
223.3447 	DATA 	
224.8946 	DATA 	Keypress: 5
224.8947 	DATA 	TR 145 | TR1 73 | TR2 72
226.4444 	DATA 	Keypress: 5
226.4445 	DATA 	TR 146 | TR1 73 | TR2 73
227.3443 	DATA 	
227.3443 	DATA 	stimulation stopped
227.3443 	DATA 	
228.0110 	DATA 	Keypress: 5
228.0110 	DATA 	TR 147 | TR1 74 | TR2 73
229.5608 	DATA 	Keypress: 5
229.5609 	DATA 	TR 148 | TR1 74 | TR2 74
231.1279 	DATA 	Keypress: 5
231.1442 	DATA 	TR 149 | TR1 75 | TR2 74
232.6938 	DATA 	Keypress: 5
232.6939 	DATA 	TR 150 | TR1 75 | TR2 75
234.2604 	DATA 	Keypress: 5
234.2604 	DATA 	TR 151 | TR1 76 | TR2 75
235.8102 	DATA 	Keypress: 5
235.8102 	DATA 	TR 152 | TR1 76 | TR2 76
237.3768 	DATA 	Keypress: 5
237.3768 	DATA 	TR 153 | TR1 77 | TR2 76
238.9267 	DATA 	Keypress: 5
238.9267 	DATA 	TR 154 | TR1 77 | TR2 77
240.5098 	DATA 	Keypress: 5
240.5098 	DATA 	TR 155 | TR1 78 | TR2 77
242.0596 	DATA 	Keypress: 5
242.0597 	DATA 	TR 156 | TR1 78 | TR2 78
243.6262 	DATA 	Keypress: 5
243.6262 	DATA 	TR 157 | TR1 79 | TR2 78
245.1760 	DATA 	Keypress: 5
245.1760 	DATA 	TR 158 | TR1 79 | TR2 79
246.7592 	DATA 	Keypress: 5
246.7593 	DATA 	TR 159 | TR1 80 | TR2 79
248.3090 	DATA 	Keypress: 5
248.3090 	DATA 	TR 160 | TR1 80 | TR2 80
249.8756 	DATA 	Keypress: 5
249.8756 	DATA 	TR 161 | TR1 81 | TR2 80
251.3421 	DATA 	
251.3421 	DATA 	Trial complete
251.3421 	DATA 	Waiting for VASO trigger to start next trial
251.3421 	DATA 	
251.4254 	DATA 	Keypress: 5
251.4254 	DATA 	TR 162 | TR1 81 | TR2 81
252.9919 	DATA 	Keypress: 5
252.9920 	DATA 	Waited 1.649888038635254 seconds for trigger
252.9928 	DATA 	
252.9928 	DATA 	Trial 7
252.9928 	DATA 	stimDur = 4.0
252.9928 	DATA 	jitter = 2.35575
252.9928 	DATA 	restDur = 24.0

252.9928 	DATA 	
252.9928 	DATA 	TR 163 | TR1 82 | TR2 81
254.5423 	DATA 	Keypress: 5
254.5584 	DATA 	TR 164 | TR1 82 | TR2 82
255.3584 	DATA 	
255.3584 	DATA 	stimulation started
255.3584 	DATA 	
256.1251 	DATA 	Keypress: 5
256.1251 	DATA 	TR 165 | TR1 83 | TR2 82
257.6749 	DATA 	Keypress: 5
257.6749 	DATA 	TR 166 | TR1 83 | TR2 83
259.2416 	DATA 	Keypress: 5
259.2416 	DATA 	TR 167 | TR1 84 | TR2 83
259.3580 	DATA 	
259.3580 	DATA 	stimulation stopped
259.3580 	DATA 	
260.7912 	DATA 	Keypress: 5
260.7912 	DATA 	TR 168 | TR1 84 | TR2 84
261.2078 	DATA 	Target presented
261.7411 	DATA 	Keypress: 1
261.7412 	DATA 	Key1 pressed
261.7412 	DATA 	Target detected
262.3746 	DATA 	Keypress: 5
262.3746 	DATA 	TR 169 | TR1 85 | TR2 84
263.9243 	DATA 	Keypress: 5
263.9243 	DATA 	TR 170 | TR1 85 | TR2 85
265.4908 	DATA 	Keypress: 5
265.4908 	DATA 	TR 171 | TR1 86 | TR2 85
267.0406 	DATA 	Keypress: 5
267.0407 	DATA 	TR 172 | TR1 86 | TR2 86
268.6239 	DATA 	Keypress: 5
268.6239 	DATA 	TR 173 | TR1 87 | TR2 86
270.1737 	DATA 	Keypress: 5
270.1737 	DATA 	TR 174 | TR1 87 | TR2 87
271.7402 	DATA 	Keypress: 5
271.7403 	DATA 	TR 175 | TR1 88 | TR2 87
273.2901 	DATA 	Keypress: 5
273.2901 	DATA 	TR 176 | TR1 88 | TR2 88
274.8566 	DATA 	Keypress: 5
274.8566 	DATA 	TR 177 | TR1 89 | TR2 88
276.4064 	DATA 	Keypress: 5
276.4065 	DATA 	TR 178 | TR1 89 | TR2 89
277.9896 	DATA 	Keypress: 5
277.9897 	DATA 	TR 179 | TR1 90 | TR2 89
279.5395 	DATA 	Keypress: 5
279.5395 	DATA 	TR 180 | TR1 90 | TR2 90
281.1060 	DATA 	Keypress: 5
281.1061 	DATA 	TR 181 | TR1 91 | TR2 90
282.6559 	DATA 	Keypress: 5
282.6559 	DATA 	TR 182 | TR1 91 | TR2 91
283.3558 	DATA 	
283.3558 	DATA 	Trial complete
283.3558 	DATA 	Waiting for VASO trigger to start next trial
283.3558 	DATA 	
284.2391 	DATA 	Keypress: 5
284.2391 	DATA 	Waited 0.8833332061767578 seconds for trigger
284.2399 	DATA 	
284.2399 	DATA 	Trial 8
284.2399 	DATA 	stimDur = 24.0
284.2399 	DATA 	jitter = 1.5705
284.2399 	DATA 	restDur = 40.0

284.2399 	DATA 	
284.2399 	DATA 	TR 183 | TR1 92 | TR2 91
285.7889 	DATA 	Keypress: 5
285.7890 	DATA 	TR 184 | TR1 92 | TR2 92
285.8222 	DATA 	
285.8222 	DATA 	stimulation started
285.8222 	DATA 	
287.3555 	DATA 	Keypress: 5
287.3555 	DATA 	TR 185 | TR1 93 | TR2 92
288.9053 	DATA 	Keypress: 5
288.9054 	DATA 	TR 186 | TR1 93 | TR2 93
290.4720 	DATA 	Keypress: 5
290.4721 	DATA 	TR 187 | TR1 94 | TR2 93
292.0384 	DATA 	Keypress: 5
292.0385 	DATA 	TR 188 | TR1 94 | TR2 94
293.6049 	DATA 	Keypress: 5
293.6049 	DATA 	TR 189 | TR1 95 | TR2 94
295.1548 	DATA 	Keypress: 5
295.1548 	DATA 	TR 190 | TR1 95 | TR2 95
296.7213 	DATA 	Keypress: 5
296.7213 	DATA 	TR 191 | TR1 96 | TR2 95
298.2712 	DATA 	Keypress: 5
298.2712 	DATA 	TR 192 | TR1 96 | TR2 96
299.8543 	DATA 	Keypress: 5
299.8544 	DATA 	TR 193 | TR1 97 | TR2 96
301.4042 	DATA 	Keypress: 5
301.4042 	DATA 	TR 194 | TR1 97 | TR2 97
302.9709 	DATA 	Keypress: 5
302.9709 	DATA 	TR 195 | TR1 98 | TR2 97
304.5206 	DATA 	Keypress: 5
304.5207 	DATA 	TR 196 | TR1 98 | TR2 98
306.1037 	DATA 	Keypress: 5
306.1038 	DATA 	TR 197 | TR1 99 | TR2 98
307.6536 	DATA 	Keypress: 5
307.6537 	DATA 	TR 198 | TR1 99 | TR2 99
309.2201 	DATA 	Keypress: 5
309.2202 	DATA 	TR 199 | TR1 100 | TR2 99
309.8200 	DATA 	
309.8200 	DATA 	stimulation stopped
309.8200 	DATA 	
310.7700 	DATA 	Keypress: 5
310.7700 	DATA 	TR 200 | TR1 100 | TR2 100
312.3365 	DATA 	Keypress: 5
312.3365 	DATA 	TR 201 | TR1 101 | TR2 100
313.8864 	DATA 	Keypress: 5
313.8865 	DATA 	TR 202 | TR1 101 | TR2 101
315.4695 	DATA 	Keypress: 5
315.4695 	DATA 	TR 203 | TR1 102 | TR2 101
317.0194 	DATA 	Keypress: 5
317.0194 	DATA 	TR 204 | TR1 102 | TR2 102
318.5859 	DATA 	Keypress: 5
318.5859 	DATA 	TR 205 | TR1 103 | TR2 102
320.1358 	DATA 	Keypress: 5
320.1358 	DATA 	TR 206 | TR1 103 | TR2 103
321.7189 	DATA 	Keypress: 5
321.7189 	DATA 	TR 207 | TR1 104 | TR2 103
323.2688 	DATA 	Keypress: 5
323.2689 	DATA 	TR 208 | TR1 104 | TR2 104
324.8353 	DATA 	Keypress: 5
324.8353 	DATA 	TR 209 | TR1 105 | TR2 104
326.3852 	DATA 	Keypress: 5
326.3852 	DATA 	TR 210 | TR1 105 | TR2 105
327.9522 	DATA 	Keypress: 5
327.9683 	DATA 	TR 211 | TR1 106 | TR2 105
329.5182 	DATA 	Keypress: 5
329.5183 	DATA 	TR 212 | TR1 106 | TR2 106
331.0847 	DATA 	Keypress: 5
331.0847 	DATA 	TR 213 | TR1 107 | TR2 106
332.6346 	DATA 	Keypress: 5
332.6346 	DATA 	TR 214 | TR1 107 | TR2 107
334.2011 	DATA 	Keypress: 5
334.2012 	DATA 	TR 215 | TR1 108 | TR2 107
335.7510 	DATA 	Keypress: 5
335.7510 	DATA 	TR 216 | TR1 108 | TR2 108
337.3341 	DATA 	Keypress: 5
337.3342 	DATA 	TR 217 | TR1 109 | TR2 108
337.7841 	DATA 	Target presented
338.3674 	DATA 	Keypress: 1
338.3674 	DATA 	Key1 pressed
338.3674 	DATA 	Target detected
338.8840 	DATA 	Keypress: 5
338.8840 	DATA 	TR 218 | TR1 109 | TR2 109
340.4505 	DATA 	Keypress: 5
340.4506 	DATA 	TR 219 | TR1 110 | TR2 109
342.0004 	DATA 	Keypress: 5
342.0004 	DATA 	TR 220 | TR1 110 | TR2 110
343.5836 	DATA 	Keypress: 5
343.5836 	DATA 	TR 221 | TR1 111 | TR2 110
345.1334 	DATA 	Keypress: 5
345.1335 	DATA 	TR 222 | TR1 111 | TR2 111
346.6999 	DATA 	Keypress: 5
346.7000 	DATA 	TR 223 | TR1 112 | TR2 111
348.2498 	DATA 	Keypress: 5
348.2499 	DATA 	TR 224 | TR1 112 | TR2 112
349.8164 	DATA 	Keypress: 5
349.8164 	DATA 	TR 225 | TR1 113 | TR2 112
349.8164 	DATA 	
349.8164 	DATA 	Trial complete
349.8165 	DATA 	Waiting for VASO trigger to start next trial
349.8165 	DATA 	
351.3828 	DATA 	Keypress: 5
351.3829 	DATA 	TR 226 | TR1 113 | TR2 113
352.9493 	DATA 	Keypress: 5
352.9494 	DATA 	Waited 3.13293194770813 seconds for trigger
352.9502 	DATA 	
352.9502 	DATA 	Trial 9
352.9502 	DATA 	stimDur = 24.0
352.9502 	DATA 	jitter = 0.0
352.9502 	DATA 	restDur = 40.0

352.9502 	DATA 	
352.9502 	DATA 	TR 227 | TR1 114 | TR2 113
352.9502 	DATA 	
352.9502 	DATA 	stimulation started
352.9502 	DATA 	
354.4993 	DATA 	Keypress: 5
354.4993 	DATA 	TR 228 | TR1 114 | TR2 114
356.0657 	DATA 	Keypress: 5
356.0658 	DATA 	TR 229 | TR1 115 | TR2 114
357.6156 	DATA 	Keypress: 5
357.6157 	DATA 	TR 230 | TR1 115 | TR2 115
359.1988 	DATA 	Keypress: 5
359.1988 	DATA 	TR 231 | TR1 116 | TR2 115
360.7487 	DATA 	Keypress: 5
360.7488 	DATA 	TR 232 | TR1 116 | TR2 116
362.3152 	DATA 	Keypress: 5
362.3153 	DATA 	TR 233 | TR1 117 | TR2 116
363.8651 	DATA 	Keypress: 5
363.8651 	DATA 	TR 234 | TR1 117 | TR2 117
365.4323 	DATA 	Keypress: 5
365.4482 	DATA 	TR 235 | TR1 118 | TR2 117
366.9981 	DATA 	Keypress: 5
366.9982 	DATA 	TR 236 | TR1 118 | TR2 118
368.5646 	DATA 	Keypress: 5
368.5647 	DATA 	TR 237 | TR1 119 | TR2 118
370.1145 	DATA 	Keypress: 5
370.1146 	DATA 	TR 238 | TR1 119 | TR2 119
371.6810 	DATA 	Keypress: 5
371.6810 	DATA 	TR 239 | TR1 120 | TR2 119
373.2309 	DATA 	Keypress: 5
373.2309 	DATA 	TR 240 | TR1 120 | TR2 120
374.8141 	DATA 	Keypress: 5
374.8141 	DATA 	TR 241 | TR1 121 | TR2 120
376.3639 	DATA 	Keypress: 5
376.3640 	DATA 	TR 242 | TR1 121 | TR2 121
376.9638 	DATA 	
376.9638 	DATA 	stimulation stopped
376.9638 	DATA 	
377.9305 	DATA 	Keypress: 5
377.9305 	DATA 	TR 243 | TR1 122 | TR2 121
379.4803 	DATA 	Keypress: 5
379.4803 	DATA 	TR 244 | TR1 122 | TR2 122
381.0634 	DATA 	Keypress: 5
381.0635 	DATA 	TR 245 | TR1 123 | TR2 122
382.6133 	DATA 	Keypress: 5
382.6133 	DATA 	TR 246 | TR1 123 | TR2 123
384.1798 	DATA 	Keypress: 5
384.1799 	DATA 	TR 247 | TR1 124 | TR2 123
385.7297 	DATA 	Keypress: 5
385.7297 	DATA 	TR 248 | TR1 124 | TR2 124
387.2961 	DATA 	Keypress: 5
387.2962 	DATA 	TR 249 | TR1 125 | TR2 124
388.8466 	DATA 	Keypress: 5
388.8627 	DATA 	TR 250 | TR1 125 | TR2 125
390.4293 	DATA 	Keypress: 5
390.4294 	DATA 	TR 251 | TR1 126 | TR2 125
391.9791 	DATA 	Keypress: 5
391.9791 	DATA 	TR 252 | TR1 126 | TR2 126
393.5456 	DATA 	Keypress: 5
393.5456 	DATA 	TR 253 | TR1 127 | TR2 126
395.0955 	DATA 	Keypress: 5
395.0955 	DATA 	TR 254 | TR1 127 | TR2 127
396.6788 	DATA 	Keypress: 5
396.6788 	DATA 	TR 255 | TR1 128 | TR2 127
398.2285 	DATA 	Keypress: 5
398.2286 	DATA 	TR 256 | TR1 128 | TR2 128
399.7950 	DATA 	Keypress: 5
399.7951 	DATA 	TR 257 | TR1 129 | TR2 128
399.8450 	DATA 	Target presented
400.3783 	DATA 	Keypress: 1
400.3784 	DATA 	Key1 pressed
400.3784 	DATA 	Target detected
401.3449 	DATA 	Keypress: 5
401.3450 	DATA 	TR 258 | TR1 129 | TR2 129
402.9281 	DATA 	Keypress: 5
402.9281 	DATA 	TR 259 | TR1 130 | TR2 129
404.4780 	DATA 	Keypress: 5
404.4780 	DATA 	TR 260 | TR1 130 | TR2 130
406.0444 	DATA 	Keypress: 5
406.0445 	DATA 	TR 261 | TR1 131 | TR2 130
407.5943 	DATA 	Keypress: 5
407.5944 	DATA 	TR 262 | TR1 131 | TR2 131
409.1608 	DATA 	Keypress: 5
409.1609 	DATA 	TR 263 | TR1 132 | TR2 131
410.7108 	DATA 	Keypress: 5
410.7108 	DATA 	TR 264 | TR1 132 | TR2 132
412.2939 	DATA 	Keypress: 5
412.2939 	DATA 	TR 265 | TR1 133 | TR2 132
413.8438 	DATA 	Keypress: 5
413.8438 	DATA 	TR 266 | TR1 133 | TR2 133
415.4103 	DATA 	Keypress: 5
415.4103 	DATA 	TR 267 | TR1 134 | TR2 133
416.9601 	DATA 	Keypress: 5
416.9602 	DATA 	TR 268 | TR1 134 | TR2 134
416.9602 	DATA 	
416.9602 	DATA 	Trial complete
416.9602 	DATA 	Waiting for VASO trigger to start next trial
416.9602 	DATA 	
418.5433 	DATA 	Keypress: 5
418.5433 	DATA 	Waited 1.5831167697906494 seconds for trigger
418.5441 	DATA 	
418.5441 	DATA 	Trial 10
418.5441 	DATA 	stimDur = 12.0
418.5441 	DATA 	jitter = 1.5705
418.5442 	DATA 	restDur = 30.0

418.5442 	DATA 	
418.5442 	DATA 	TR 269 | TR1 135 | TR2 134
420.0932 	DATA 	Keypress: 5
420.0932 	DATA 	TR 270 | TR1 135 | TR2 135
420.1265 	DATA 	
420.1265 	DATA 	stimulation started
420.1265 	DATA 	
421.6597 	DATA 	Keypress: 5
421.6598 	DATA 	TR 271 | TR1 136 | TR2 135
423.2096 	DATA 	Keypress: 5
423.2096 	DATA 	TR 272 | TR1 136 | TR2 136
424.7768 	DATA 	Keypress: 5
424.7927 	DATA 	TR 273 | TR1 137 | TR2 136
426.3426 	DATA 	Keypress: 5
426.3427 	DATA 	TR 274 | TR1 137 | TR2 137
427.9093 	DATA 	Keypress: 5
427.9093 	DATA 	TR 275 | TR1 138 | TR2 137
429.4590 	DATA 	Keypress: 5
429.4591 	DATA 	TR 276 | TR1 138 | TR2 138
431.0255 	DATA 	Keypress: 5
431.0255 	DATA 	TR 277 | TR1 139 | TR2 138
432.1254 	DATA 	
432.1254 	DATA 	stimulation stopped
432.1254 	DATA 	
432.5753 	DATA 	Keypress: 5
432.5754 	DATA 	TR 278 | TR1 139 | TR2 139
434.1584 	DATA 	Keypress: 5
434.1585 	DATA 	TR 279 | TR1 140 | TR2 139
435.7084 	DATA 	Keypress: 5
435.7084 	DATA 	TR 280 | TR1 140 | TR2 140
437.2749 	DATA 	Keypress: 5
437.2749 	DATA 	TR 281 | TR1 141 | TR2 140
438.8248 	DATA 	Keypress: 5
438.8248 	DATA 	TR 282 | TR1 141 | TR2 141
440.4079 	DATA 	Keypress: 5
440.4080 	DATA 	TR 283 | TR1 142 | TR2 141
441.9578 	DATA 	Keypress: 5
441.9579 	DATA 	TR 284 | TR1 142 | TR2 142
443.5243 	DATA 	Keypress: 5
443.5243 	DATA 	TR 285 | TR1 143 | TR2 142
445.0742 	DATA 	Keypress: 5
445.0742 	DATA 	TR 286 | TR1 143 | TR2 143
446.6406 	DATA 	Keypress: 5
446.6407 	DATA 	TR 287 | TR1 144 | TR2 143
448.1911 	DATA 	Keypress: 5
448.2072 	DATA 	TR 288 | TR1 144 | TR2 144
449.7738 	DATA 	Keypress: 5
449.7739 	DATA 	TR 289 | TR1 145 | TR2 144
451.3236 	DATA 	Keypress: 5
451.3237 	DATA 	TR 290 | TR1 145 | TR2 145
452.8901 	DATA 	Keypress: 5
452.8902 	DATA 	TR 291 | TR1 146 | TR2 145
454.4400 	DATA 	Keypress: 5
454.4400 	DATA 	TR 292 | TR1 146 | TR2 146
456.0231 	DATA 	Keypress: 5
456.0232 	DATA 	TR 293 | TR1 147 | TR2 146
457.5730 	DATA 	Keypress: 5
457.5731 	DATA 	TR 294 | TR1 147 | TR2 147
459.1395 	DATA 	Keypress: 5
459.1396 	DATA 	TR 295 | TR1 148 | TR2 147
460.6894 	DATA 	Keypress: 5
460.6895 	DATA 	TR 296 | TR1 148 | TR2 148
462.1227 	DATA 	
462.1227 	DATA 	Trial complete
462.1227 	DATA 	Waiting for VASO trigger to start next trial
462.1227 	DATA 	
462.2560 	DATA 	Keypress: 5
462.2561 	DATA 	Waited 0.13335800170898438 seconds for trigger
462.2569 	DATA 	
462.2569 	DATA 	Trial 11
462.2569 	DATA 	stimDur = 1.0
462.2569 	DATA 	jitter = 1.5705
462.2569 	DATA 	restDur = 20.0

462.2569 	DATA 	
462.2569 	DATA 	TR 297 | TR1 149 | TR2 148
463.8225 	DATA 	Keypress: 5
463.8225 	DATA 	TR 298 | TR1 149 | TR2 149
463.8391 	DATA 	
463.8391 	DATA 	stimulation started
463.8391 	DATA 	
464.8391 	DATA 	
464.8391 	DATA 	stimulation stopped
464.8391 	DATA 	
465.3890 	DATA 	Keypress: 5
465.3890 	DATA 	TR 299 | TR1 150 | TR2 149
466.9388 	DATA 	Keypress: 5
466.9389 	DATA 	TR 300 | TR1 150 | TR2 150
468.5053 	DATA 	Keypress: 5
468.5054 	DATA 	TR 301 | TR1 151 | TR2 150
468.6053 	DATA 	Target presented
469.1219 	DATA 	Keypress: 1
469.1220 	DATA 	Key1 pressed
469.1220 	DATA 	Target detected
470.0552 	DATA 	Keypress: 5
470.0552 	DATA 	TR 302 | TR1 151 | TR2 151
471.6385 	DATA 	Keypress: 5
471.6385 	DATA 	TR 303 | TR1 152 | TR2 151
473.1883 	DATA 	Keypress: 5
473.1883 	DATA 	TR 304 | TR1 152 | TR2 152
474.7546 	DATA 	Keypress: 5
474.7546 	DATA 	TR 305 | TR1 153 | TR2 152
476.3046 	DATA 	Keypress: 5
476.3047 	DATA 	TR 306 | TR1 153 | TR2 153
477.8878 	DATA 	Keypress: 5
477.8878 	DATA 	TR 307 | TR1 154 | TR2 153
479.4377 	DATA 	Keypress: 5
479.4377 	DATA 	TR 308 | TR1 154 | TR2 154
481.0042 	DATA 	Keypress: 5
481.0042 	DATA 	TR 309 | TR1 155 | TR2 154
482.5540 	DATA 	Keypress: 5
482.5541 	DATA 	TR 310 | TR1 155 | TR2 155
484.1205 	DATA 	Keypress: 5
484.1206 	DATA 	TR 311 | TR1 156 | TR2 155
484.8371 	DATA 	
484.8371 	DATA 	Trial complete
484.8371 	DATA 	Waiting for VASO trigger to start next trial
484.8372 	DATA 	
485.6871 	DATA 	Keypress: 5
485.6871 	DATA 	TR 312 | TR1 156 | TR2 156
487.2536 	DATA 	Keypress: 5
487.2536 	DATA 	Waited 2.4164841175079346 seconds for trigger
487.2544 	DATA 	
487.2544 	DATA 	Trial 12
487.2544 	DATA 	stimDur = 4.0
487.2544 	DATA 	jitter = 0.78525
487.2544 	DATA 	restDur = 24.0

487.2544 	DATA 	
487.2544 	DATA 	TR 313 | TR1 157 | TR2 156
488.0535 	DATA 	
488.0535 	DATA 	stimulation started
488.0535 	DATA 	
488.8035 	DATA 	Keypress: 5
488.8036 	DATA 	TR 314 | TR1 157 | TR2 157
490.3700 	DATA 	Keypress: 5
490.3700 	DATA 	TR 315 | TR1 158 | TR2 157
491.9199 	DATA 	Keypress: 5
491.9199 	DATA 	TR 316 | TR1 158 | TR2 158
492.0532 	DATA 	
492.0532 	DATA 	stimulation stopped
492.0532 	DATA 	
493.5030 	DATA 	Keypress: 5
493.5030 	DATA 	TR 317 | TR1 159 | TR2 158
495.0529 	DATA 	Keypress: 5
495.0529 	DATA 	TR 318 | TR1 159 | TR2 159
496.6194 	DATA 	Keypress: 5
496.6194 	DATA 	TR 319 | TR1 160 | TR2 159
498.1693 	DATA 	Keypress: 5
498.1693 	DATA 	TR 320 | TR1 160 | TR2 160
499.7363 	DATA 	Keypress: 5
499.7524 	DATA 	TR 321 | TR1 161 | TR2 160
501.3023 	DATA 	Keypress: 5
501.3024 	DATA 	TR 322 | TR1 161 | TR2 161
502.8688 	DATA 	Keypress: 5
502.8688 	DATA 	TR 323 | TR1 162 | TR2 161
504.4187 	DATA 	Keypress: 5
504.4187 	DATA 	TR 324 | TR1 162 | TR2 162
505.9852 	DATA 	Keypress: 5
505.9852 	DATA 	TR 325 | TR1 163 | TR2 162
507.5350 	DATA 	Keypress: 5
507.5351 	DATA 	TR 326 | TR1 163 | TR2 163
509.1182 	DATA 	Keypress: 5
509.1183 	DATA 	TR 327 | TR1 164 | TR2 163
510.6681 	DATA 	Keypress: 5
510.6682 	DATA 	TR 328 | TR1 164 | TR2 164
512.2346 	DATA 	Keypress: 5
512.2346 	DATA 	TR 329 | TR1 165 | TR2 164
513.7845 	DATA 	Keypress: 5
513.7845 	DATA 	TR 330 | TR1 165 | TR2 165
515.3676 	DATA 	Keypress: 5
515.3677 	DATA 	TR 331 | TR1 166 | TR2 165
516.0509 	DATA 	
516.0509 	DATA 	Trial complete
516.0509 	DATA 	Waiting for VASO trigger to start next trial
516.0509 	DATA 	
516.9175 	DATA 	Keypress: 5
516.9176 	DATA 	TR 332 | TR1 166 | TR2 166
518.4840 	DATA 	Keypress: 5
518.4841 	DATA 	Waited 2.4331629276275635 seconds for trigger
518.4849 	DATA 	
518.4849 	DATA 	Trial 13
518.4849 	DATA 	stimDur = 12.0
518.4849 	DATA 	jitter = 0.78525
518.4849 	DATA 	restDur = 30.0

518.4849 	DATA 	
518.4849 	DATA 	TR 333 | TR1 167 | TR2 166
519.2839 	DATA 	
519.2839 	DATA 	stimulation started
519.2839 	DATA 	
520.0339 	DATA 	Keypress: 5
520.0340 	DATA 	TR 334 | TR1 167 | TR2 167
521.6004 	DATA 	Keypress: 5
521.6005 	DATA 	TR 335 | TR1 168 | TR2 167
523.1510 	DATA 	Keypress: 5
523.1669 	DATA 	TR 336 | TR1 168 | TR2 168
524.7335 	DATA 	Keypress: 5
524.7336 	DATA 	TR 337 | TR1 169 | TR2 168
525.9834 	DATA 	Target presented
526.2834 	DATA 	Keypress: 5
526.2834 	DATA 	TR 338 | TR1 169 | TR2 169
526.6500 	DATA 	Keypress: 1
526.6500 	DATA 	Key1 pressed
526.6501 	DATA 	Target detected
527.8499 	DATA 	Keypress: 5
527.8499 	DATA 	TR 339 | TR1 170 | TR2 169
529.3997 	DATA 	Keypress: 5
529.3998 	DATA 	TR 340 | TR1 170 | TR2 170
530.9829 	DATA 	Keypress: 5
530.9830 	DATA 	TR 341 | TR1 171 | TR2 170
531.2828 	DATA 	
531.2828 	DATA 	stimulation stopped
531.2829 	DATA 	
532.5328 	DATA 	Keypress: 5
532.5328 	DATA 	TR 342 | TR1 171 | TR2 171
534.0993 	DATA 	Keypress: 5
534.0993 	DATA 	TR 343 | TR1 172 | TR2 171
535.6491 	DATA 	Keypress: 5
535.6492 	DATA 	TR 344 | TR1 172 | TR2 172
537.2323 	DATA 	Keypress: 5
537.2323 	DATA 	TR 345 | TR1 173 | TR2 172
538.7822 	DATA 	Keypress: 5
538.7822 	DATA 	TR 346 | TR1 173 | TR2 173
540.3487 	DATA 	Keypress: 5
540.3487 	DATA 	TR 347 | TR1 174 | TR2 173
541.8987 	DATA 	Keypress: 5
541.8987 	DATA 	TR 348 | TR1 174 | TR2 174
543.4651 	DATA 	Keypress: 5
543.4652 	DATA 	TR 349 | TR1 175 | TR2 174
545.0149 	DATA 	Keypress: 5
545.0149 	DATA 	TR 350 | TR1 175 | TR2 175
546.5981 	DATA 	Keypress: 5
546.5981 	DATA 	TR 351 | TR1 176 | TR2 175
548.1480 	DATA 	Keypress: 5
548.1480 	DATA 	TR 352 | TR1 176 | TR2 176
549.7145 	DATA 	Keypress: 5
549.7145 	DATA 	TR 353 | TR1 177 | TR2 176
551.2644 	DATA 	Keypress: 5
551.2644 	DATA 	TR 354 | TR1 177 | TR2 177
552.8475 	DATA 	Keypress: 5
552.8476 	DATA 	TR 355 | TR1 178 | TR2 177
554.3974 	DATA 	Keypress: 5
554.3974 	DATA 	TR 356 | TR1 178 | TR2 178
555.9639 	DATA 	Keypress: 5
555.9639 	DATA 	TR 357 | TR1 179 | TR2 178
557.5138 	DATA 	Keypress: 5
557.5138 	DATA 	TR 358 | TR1 179 | TR2 179
559.0807 	DATA 	Keypress: 5
559.0969 	DATA 	TR 359 | TR1 180 | TR2 179
560.6469 	DATA 	Keypress: 5
560.6470 	DATA 	TR 360 | TR1 180 | TR2 180
561.2800 	DATA 	
561.2800 	DATA 	Trial complete
561.2801 	DATA 	Waiting for VASO trigger to start next trial
561.2801 	DATA 	
562.2134 	DATA 	Keypress: 5
562.2136 	DATA 	Waited 0.9335131645202637 seconds for trigger
562.2144 	DATA 	
562.2144 	DATA 	Trial 14
562.2144 	DATA 	stimDur = 12.0
562.2144 	DATA 	jitter = 2.35575
562.2144 	DATA 	restDur = 30.0

562.2144 	DATA 	
562.2144 	DATA 	TR 361 | TR1 181 | TR2 180
563.7632 	DATA 	Keypress: 5
563.7632 	DATA 	TR 362 | TR1 181 | TR2 181
564.5797 	DATA 	
564.5797 	DATA 	stimulation started
564.5797 	DATA 	
565.3298 	DATA 	Keypress: 5
565.3298 	DATA 	TR 363 | TR1 182 | TR2 181
566.8796 	DATA 	Keypress: 5
566.8797 	DATA 	TR 364 | TR1 182 | TR2 182
568.4628 	DATA 	Keypress: 5
568.4628 	DATA 	TR 365 | TR1 183 | TR2 182
570.0127 	DATA 	Keypress: 5
570.0127 	DATA 	TR 366 | TR1 183 | TR2 183
571.5792 	DATA 	Keypress: 5
571.5793 	DATA 	TR 367 | TR1 184 | TR2 183
573.1290 	DATA 	Keypress: 5
573.1291 	DATA 	TR 368 | TR1 184 | TR2 184
574.7122 	DATA 	Keypress: 5
574.7123 	DATA 	TR 369 | TR1 185 | TR2 184
576.2621 	DATA 	Keypress: 5
576.2621 	DATA 	TR 370 | TR1 185 | TR2 185
576.5787 	DATA 	
576.5787 	DATA 	stimulation stopped
576.5787 	DATA 	
577.8286 	DATA 	Keypress: 5
577.8286 	DATA 	TR 371 | TR1 186 | TR2 185
579.3784 	DATA 	Keypress: 5
579.3784 	DATA 	TR 372 | TR1 186 | TR2 186
580.9449 	DATA 	Keypress: 5
580.9450 	DATA 	TR 373 | TR1 187 | TR2 186
582.4953 	DATA 	Keypress: 5
582.5114 	DATA 	TR 374 | TR1 187 | TR2 187
584.0780 	DATA 	Keypress: 5
584.0780 	DATA 	TR 375 | TR1 188 | TR2 187
585.6278 	DATA 	Keypress: 5
585.6279 	DATA 	TR 376 | TR1 188 | TR2 188
587.1944 	DATA 	Keypress: 5
587.1944 	DATA 	TR 377 | TR1 189 | TR2 188
588.7442 	DATA 	Keypress: 5
588.7442 	DATA 	TR 378 | TR1 189 | TR2 189
590.3274 	DATA 	Keypress: 5
590.3274 	DATA 	TR 379 | TR1 190 | TR2 189
591.8772 	DATA 	Keypress: 5
591.8773 	DATA 	TR 380 | TR1 190 | TR2 190
592.7105 	DATA 	Target presented
593.3271 	DATA 	Keypress: 1
593.3272 	DATA 	Key1 pressed
593.3272 	DATA 	Target detected
593.4437 	DATA 	Keypress: 5
593.4438 	DATA 	TR 381 | TR1 191 | TR2 190
594.9936 	DATA 	Keypress: 5
594.9936 	DATA 	TR 382 | TR1 191 | TR2 191
596.5607 	DATA 	Keypress: 5
596.5768 	DATA 	TR 383 | TR1 192 | TR2 191
598.1267 	DATA 	Keypress: 5
598.1267 	DATA 	TR 384 | TR1 192 | TR2 192
599.6932 	DATA 	Keypress: 5
599.6933 	DATA 	TR 385 | TR1 193 | TR2 192
601.2431 	DATA 	Keypress: 5
601.2431 	DATA 	TR 386 | TR1 193 | TR2 193
602.8096 	DATA 	Keypress: 5
602.8096 	DATA 	TR 387 | TR1 194 | TR2 193
604.3595 	DATA 	Keypress: 5
604.3595 	DATA 	TR 388 | TR1 194 | TR2 194
605.9426 	DATA 	Keypress: 5
605.9427 	DATA 	TR 389 | TR1 195 | TR2 194
606.5758 	DATA 	
606.5759 	DATA 	Trial complete
606.5759 	DATA 	Waiting for VASO trigger to start next trial
606.5759 	DATA 	
607.4924 	DATA 	Keypress: 5
607.4925 	DATA 	TR 390 | TR1 195 | TR2 195
609.0590 	DATA 	Keypress: 5
609.0591 	DATA 	Waited 2.4831838607788086 seconds for trigger
609.0598 	DATA 	
609.0599 	DATA 	Trial 15
609.0599 	DATA 	stimDur = 2.0
609.0599 	DATA 	jitter = 0.0
609.0599 	DATA 	restDur = 22.0

609.0599 	DATA 	
609.0599 	DATA 	TR 391 | TR1 196 | TR2 195
609.0599 	DATA 	
609.0599 	DATA 	stimulation started
609.0599 	DATA 	
610.6089 	DATA 	Keypress: 5
610.6089 	DATA 	TR 392 | TR1 196 | TR2 196
611.0755 	DATA 	
611.0755 	DATA 	stimulation stopped
611.0755 	DATA 	
612.1921 	DATA 	Keypress: 5
612.1921 	DATA 	TR 393 | TR1 197 | TR2 196
613.7419 	DATA 	Keypress: 5
613.7419 	DATA 	TR 394 | TR1 197 | TR2 197
615.3083 	DATA 	Keypress: 5
615.3084 	DATA 	TR 395 | TR1 198 | TR2 197
616.8583 	DATA 	Keypress: 5
616.8583 	DATA 	TR 396 | TR1 198 | TR2 198
618.4248 	DATA 	Keypress: 5
618.4249 	DATA 	TR 397 | TR1 199 | TR2 198
619.9913 	DATA 	Keypress: 5
619.9913 	DATA 	TR 398 | TR1 199 | TR2 199
621.5579 	DATA 	Keypress: 5
621.5579 	DATA 	TR 399 | TR1 200 | TR2 199
623.1077 	DATA 	Keypress: 5
623.1077 	DATA 	TR 400 | TR1 200 | TR2 200
624.6742 	DATA 	Keypress: 5
624.6743 	DATA 	TR 401 | TR1 201 | TR2 200
626.2240 	DATA 	Keypress: 5
626.2241 	DATA 	TR 402 | TR1 201 | TR2 201
627.8073 	DATA 	Keypress: 5
627.8073 	DATA 	TR 403 | TR1 202 | TR2 201
629.3571 	DATA 	Keypress: 5
629.3571 	DATA 	TR 404 | TR1 202 | TR2 202
630.9237 	DATA 	Keypress: 5
630.9237 	DATA 	TR 405 | TR1 203 | TR2 202
632.4736 	DATA 	Keypress: 5
632.4736 	DATA 	TR 406 | TR1 203 | TR2 203
633.0734 	DATA 	
633.0734 	DATA 	Trial complete
633.0734 	DATA 	Waiting for VASO trigger to start next trial
633.0734 	DATA 	
634.0567 	DATA 	Keypress: 5
634.0567 	DATA 	Waited 0.9833238124847412 seconds for trigger
634.0575 	DATA 	
634.0575 	DATA 	Trial 16
634.0575 	DATA 	stimDur = 1.0
634.0575 	DATA 	jitter = 2.35575
634.0575 	DATA 	restDur = 20.0

634.0575 	DATA 	
634.0575 	DATA 	TR 407 | TR1 204 | TR2 203
635.6065 	DATA 	Keypress: 5
635.6066 	DATA 	TR 408 | TR1 204 | TR2 204
636.4231 	DATA 	
636.4231 	DATA 	stimulation started
636.4231 	DATA 	
637.1731 	DATA 	Keypress: 5
637.1732 	DATA 	TR 409 | TR1 205 | TR2 204
637.4231 	DATA 	
637.4231 	DATA 	stimulation stopped
637.4231 	DATA 	
638.7229 	DATA 	Keypress: 5
638.7230 	DATA 	TR 410 | TR1 205 | TR2 205
640.2894 	DATA 	Keypress: 5
640.2895 	DATA 	TR 411 | TR1 206 | TR2 205
641.8392 	DATA 	Keypress: 5
641.8393 	DATA 	TR 412 | TR1 206 | TR2 206
643.4225 	DATA 	Keypress: 5
643.4225 	DATA 	TR 413 | TR1 207 | TR2 206
644.9723 	DATA 	Keypress: 5
644.9724 	DATA 	TR 414 | TR1 207 | TR2 207
646.5390 	DATA 	Keypress: 5
646.5391 	DATA 	TR 415 | TR1 208 | TR2 207
648.0887 	DATA 	Keypress: 5
648.0887 	DATA 	TR 416 | TR1 208 | TR2 208
649.6719 	DATA 	Keypress: 5
649.6719 	DATA 	TR 417 | TR1 209 | TR2 208
651.2217 	DATA 	Keypress: 5
651.2218 	DATA 	TR 418 | TR1 209 | TR2 209
652.7883 	DATA 	Keypress: 5
652.7883 	DATA 	TR 419 | TR1 210 | TR2 209
653.8715 	DATA 	Target presented
654.3381 	DATA 	Keypress: 5
654.3382 	DATA 	TR 420 | TR1 210 | TR2 210
654.4549 	DATA 	Keypress: 1
654.4549 	DATA 	Key1 pressed
654.4549 	DATA 	Target detected
655.9048 	DATA 	Keypress: 5
655.9049 	DATA 	TR 421 | TR1 211 | TR2 210
657.4212 	DATA 	
657.4212 	DATA 	Trial complete
657.4212 	DATA 	Waiting for VASO trigger to start next trial
657.4212 	DATA 	
657.4712 	DATA 	Keypress: 5
657.4712 	DATA 	TR 422 | TR1 211 | TR2 211
659.0377 	DATA 	Keypress: 5
659.0378 	DATA 	Waited 1.6165800094604492 seconds for trigger
659.0386 	DATA 	
659.0386 	DATA 	Trial 17
659.0386 	DATA 	stimDur = 24.0
659.0386 	DATA 	jitter = 2.35575
659.0386 	DATA 	restDur = 40.0

659.0386 	DATA 	
659.0386 	DATA 	TR 423 | TR1 212 | TR2 211
660.5875 	DATA 	Keypress: 5
660.5876 	DATA 	TR 424 | TR1 212 | TR2 212
661.4041 	DATA 	
661.4041 	DATA 	stimulation started
661.4041 	DATA 	
662.1541 	DATA 	Keypress: 5
662.1542 	DATA 	TR 425 | TR1 213 | TR2 212
663.7039 	DATA 	Keypress: 5
663.7040 	DATA 	TR 426 | TR1 213 | TR2 213
665.2872 	DATA 	Keypress: 5
665.2872 	DATA 	TR 427 | TR1 214 | TR2 213
666.8370 	DATA 	Keypress: 5
666.8371 	DATA 	TR 428 | TR1 214 | TR2 214
668.4036 	DATA 	Keypress: 5
668.4036 	DATA 	TR 429 | TR1 215 | TR2 214
669.9534 	DATA 	Keypress: 5
669.9534 	DATA 	TR 430 | TR1 215 | TR2 215
671.5366 	DATA 	Keypress: 5
671.5367 	DATA 	TR 431 | TR1 216 | TR2 215
673.0864 	DATA 	Keypress: 5
673.0865 	DATA 	TR 432 | TR1 216 | TR2 216
674.6530 	DATA 	Keypress: 5
674.6530 	DATA 	TR 433 | TR1 217 | TR2 216
676.2028 	DATA 	Keypress: 5
676.2029 	DATA 	TR 434 | TR1 217 | TR2 217
677.7694 	DATA 	Keypress: 5
677.7694 	DATA 	TR 435 | TR1 218 | TR2 217
679.3199 	DATA 	Keypress: 5
679.3358 	DATA 	TR 436 | TR1 218 | TR2 218
680.9024 	DATA 	Keypress: 5
680.9025 	DATA 	TR 437 | TR1 219 | TR2 218
682.4522 	DATA 	Keypress: 5
682.4523 	DATA 	TR 438 | TR1 219 | TR2 219
684.0188 	DATA 	Keypress: 5
684.0188 	DATA 	TR 439 | TR1 220 | TR2 219
685.4019 	DATA 	
685.4019 	DATA 	stimulation stopped
685.4019 	DATA 	
685.5686 	DATA 	Keypress: 5
685.5686 	DATA 	TR 440 | TR1 220 | TR2 220
687.1518 	DATA 	Keypress: 5
687.1518 	DATA 	TR 441 | TR1 221 | TR2 220
688.7016 	DATA 	Keypress: 5
688.7017 	DATA 	TR 442 | TR1 221 | TR2 221
690.2682 	DATA 	Keypress: 5
690.2682 	DATA 	TR 443 | TR1 222 | TR2 221
691.8180 	DATA 	Keypress: 5
691.8180 	DATA 	TR 444 | TR1 222 | TR2 222
693.3851 	DATA 	Keypress: 5
693.4011 	DATA 	TR 445 | TR1 223 | TR2 222
694.9510 	DATA 	Keypress: 5
694.9511 	DATA 	TR 446 | TR1 223 | TR2 223
696.5176 	DATA 	Keypress: 5
696.5176 	DATA 	TR 447 | TR1 224 | TR2 223
698.0674 	DATA 	Keypress: 5
698.0674 	DATA 	TR 448 | TR1 224 | TR2 224
699.6339 	DATA 	Keypress: 5
699.6340 	DATA 	TR 449 | TR1 225 | TR2 224
701.1838 	DATA 	Keypress: 5
701.1838 	DATA 	TR 450 | TR1 225 | TR2 225
702.7670 	DATA 	Keypress: 5
702.7670 	DATA 	TR 451 | TR1 226 | TR2 225
704.3168 	DATA 	Keypress: 5
704.3169 	DATA 	TR 452 | TR1 226 | TR2 226
705.8834 	DATA 	Keypress: 5
705.8834 	DATA 	TR 453 | TR1 227 | TR2 226
707.4332 	DATA 	Keypress: 5
707.4332 	DATA 	TR 454 | TR1 227 | TR2 227
709.0164 	DATA 	Keypress: 5
709.0165 	DATA 	TR 455 | TR1 228 | TR2 227
710.5663 	DATA 	Keypress: 5
710.5663 	DATA 	TR 456 | TR1 228 | TR2 228
712.1328 	DATA 	Keypress: 5
712.1329 	DATA 	TR 457 | TR1 229 | TR2 228
713.6826 	DATA 	Keypress: 5
713.6826 	DATA 	TR 458 | TR1 229 | TR2 229
715.2492 	DATA 	Keypress: 5
715.2492 	DATA 	TR 459 | TR1 230 | TR2 229
716.8157 	DATA 	Keypress: 5
716.8157 	DATA 	TR 460 | TR1 230 | TR2 230
718.3822 	DATA 	Keypress: 5
718.3823 	DATA 	TR 461 | TR1 231 | TR2 230
719.9320 	DATA 	Keypress: 5
719.9321 	DATA 	TR 462 | TR1 231 | TR2 231
721.4987 	DATA 	Keypress: 5
721.4988 	DATA 	TR 463 | TR1 232 | TR2 231
723.0484 	DATA 	Keypress: 5
723.0485 	DATA 	TR 464 | TR1 232 | TR2 232
724.4816 	DATA 	Target presented
724.6316 	DATA 	Keypress: 5
724.6317 	DATA 	TR 465 | TR1 233 | TR2 232
724.9482 	DATA 	Keypress: 1
724.9483 	DATA 	Key1 pressed
724.9483 	DATA 	Target detected
725.3982 	DATA 	
725.3982 	DATA 	Trial complete
725.3982 	DATA 	Waiting for VASO trigger to start next trial
725.3982 	DATA 	
726.1815 	DATA 	Keypress: 5
726.1815 	DATA 	TR 466 | TR1 233 | TR2 233
727.7480 	DATA 	Keypress: 5
727.7481 	DATA 	Waited 2.349851131439209 seconds for trigger
727.7489 	DATA 	
727.7489 	DATA 	Trial 18
727.7489 	DATA 	stimDur = 1.0
727.7489 	DATA 	jitter = 0.78525
727.7489 	DATA 	restDur = 20.0

727.7489 	DATA 	
727.7489 	DATA 	TR 467 | TR1 234 | TR2 233
728.5479 	DATA 	
728.5479 	DATA 	stimulation started
728.5479 	DATA 	
729.2979 	DATA 	Keypress: 5
729.2980 	DATA 	TR 468 | TR1 234 | TR2 234
729.5478 	DATA 	
729.5478 	DATA 	stimulation stopped
729.5478 	DATA 	
730.8650 	DATA 	Keypress: 5
730.8810 	DATA 	TR 469 | TR1 235 | TR2 234
732.4310 	DATA 	Keypress: 5
732.4310 	DATA 	TR 470 | TR1 235 | TR2 235
733.9974 	DATA 	Keypress: 5
733.9975 	DATA 	TR 471 | TR1 236 | TR2 235
735.5473 	DATA 	Keypress: 5
735.5473 	DATA 	TR 472 | TR1 236 | TR2 236
737.1138 	DATA 	Keypress: 5
737.1139 	DATA 	TR 473 | TR1 237 | TR2 236
738.6636 	DATA 	Keypress: 5
738.6637 	DATA 	TR 474 | TR1 237 | TR2 237
740.2468 	DATA 	Keypress: 5
740.2469 	DATA 	TR 475 | TR1 238 | TR2 237
741.7967 	DATA 	Keypress: 5
741.7967 	DATA 	TR 476 | TR1 238 | TR2 238
743.3632 	DATA 	Keypress: 5
743.3633 	DATA 	TR 477 | TR1 239 | TR2 238
744.9131 	DATA 	Keypress: 5
744.9132 	DATA 	TR 478 | TR1 239 | TR2 239
746.4963 	DATA 	Keypress: 5
746.4963 	DATA 	TR 479 | TR1 240 | TR2 239
748.0461 	DATA 	Keypress: 5
748.0462 	DATA 	TR 480 | TR1 240 | TR2 240
749.5459 	DATA 	
749.5459 	DATA 	Trial complete
749.5460 	DATA 	Waiting for VASO trigger to start next trial
749.5460 	DATA 	
749.6127 	DATA 	Keypress: 5
749.6127 	DATA 	Waited 0.06676411628723145 seconds for trigger
749.6135 	DATA 	
749.6135 	DATA 	Trial 19
749.6135 	DATA 	stimDur = 2.0
749.6135 	DATA 	jitter = 1.5705
749.6135 	DATA 	restDur = 22.0

749.6135 	DATA 	
749.6135 	DATA 	TR 481 | TR1 241 | TR2 240
751.1625 	DATA 	Keypress: 5
751.1625 	DATA 	TR 482 | TR1 241 | TR2 241
751.1958 	DATA 	
751.1958 	DATA 	stimulation started
751.1958 	DATA 	
752.7291 	DATA 	Keypress: 5
752.7291 	DATA 	TR 483 | TR1 242 | TR2 241
753.1956 	DATA 	
753.1957 	DATA 	stimulation stopped
753.1957 	DATA 	
754.2794 	DATA 	Keypress: 5
754.2955 	DATA 	TR 484 | TR1 242 | TR2 242
755.8621 	DATA 	Keypress: 5
755.8621 	DATA 	TR 485 | TR1 243 | TR2 242
757.4119 	DATA 	Keypress: 5
757.4119 	DATA 	TR 486 | TR1 243 | TR2 243
758.9785 	DATA 	Keypress: 5
758.9785 	DATA 	TR 487 | TR1 244 | TR2 243
760.5283 	DATA 	Keypress: 5
760.5283 	DATA 	TR 488 | TR1 244 | TR2 244
762.1115 	DATA 	Keypress: 5
762.1115 	DATA 	TR 489 | TR1 245 | TR2 244
763.6614 	DATA 	Keypress: 5
763.6614 	DATA 	TR 490 | TR1 245 | TR2 245
765.2278 	DATA 	Keypress: 5
765.2279 	DATA 	TR 491 | TR1 246 | TR2 245
766.7777 	DATA 	Keypress: 5
766.7778 	DATA 	TR 492 | TR1 246 | TR2 246
768.3609 	DATA 	Keypress: 5
768.3609 	DATA 	TR 493 | TR1 247 | TR2 246
768.3610 	DATA 	Target presented
768.8615 	DATA 	Keypress: 1
768.8775 	DATA 	Key1 pressed
768.8775 	DATA 	Target detected
769.9108 	DATA 	Keypress: 5
769.9108 	DATA 	TR 494 | TR1 247 | TR2 247
771.4773 	DATA 	Keypress: 5
771.4773 	DATA 	TR 495 | TR1 248 | TR2 247
773.0272 	DATA 	Keypress: 5
773.0272 	DATA 	TR 496 | TR1 248 | TR2 248
774.5936 	DATA 	Keypress: 5
774.5937 	DATA 	TR 497 | TR1 249 | TR2 248
775.1936 	DATA 	
775.1936 	DATA 	Trial complete
775.1936 	DATA 	
776.1435 	DATA 	Keypress: 5
776.1436 	DATA 	TR 498 | TR1 249 | TR2 249
777.7267 	DATA 	Keypress: 5
777.7267 	DATA 	Waited 28.180761098861694 seconds for trigger
777.7275 	DATA 	
777.7275 	DATA 	Trial 20
777.7275 	DATA 	stimDur = 1.0
777.7275 	DATA 	jitter = 0.0
777.7275 	DATA 	restDur = 20.0

777.7275 	DATA 	
777.7275 	DATA 	TR 499 | TR1 250 | TR2 249
777.7275 	DATA 	
777.7275 	DATA 	stimulation started
777.7275 	DATA 	
778.7433 	DATA 	
778.7433 	DATA 	stimulation stopped
778.7433 	DATA 	
779.2766 	DATA 	Keypress: 5
779.2766 	DATA 	TR 500 | TR1 250 | TR2 250
780.8431 	DATA 	Keypress: 5
780.8431 	DATA 	TR 501 | TR1 251 | TR2 250
782.3931 	DATA 	Keypress: 5
782.3931 	DATA 	TR 502 | TR1 251 | TR2 251
783.9761 	DATA 	Keypress: 5
783.9762 	DATA 	TR 503 | TR1 252 | TR2 251
785.5260 	DATA 	Keypress: 5
785.5261 	DATA 	TR 504 | TR1 252 | TR2 252
787.0925 	DATA 	Keypress: 5
787.0925 	DATA 	TR 505 | TR1 253 | TR2 252
788.6424 	DATA 	Keypress: 5
788.6424 	DATA 	TR 506 | TR1 253 | TR2 253
790.2094 	DATA 	Keypress: 5
790.2255 	DATA 	TR 507 | TR1 254 | TR2 253
791.7754 	DATA 	Keypress: 5
791.7755 	DATA 	TR 508 | TR1 254 | TR2 254
793.3419 	DATA 	Keypress: 5
793.3420 	DATA 	TR 509 | TR1 255 | TR2 254
794.8918 	DATA 	Keypress: 5
794.8918 	DATA 	TR 510 | TR1 255 | TR2 255
796.4583 	DATA 	Keypress: 5
796.4583 	DATA 	TR 511 | TR1 256 | TR2 255
798.0083 	DATA 	Keypress: 5
798.0083 	DATA 	TR 512 | TR1 256 | TR2 256
798.7415 	DATA 	
798.7415 	DATA 	Trial complete
798.7415 	DATA 	
799.5913 	DATA 	Keypress: 5
799.5914 	DATA 	TR 513 | TR1 257 | TR2 256
801.1412 	DATA 	Keypress: 5
801.1413 	DATA 	TR 514 | TR1 257 | TR2 257
802.7077 	DATA 	Keypress: 5
802.7077 	DATA 	TR 515 | TR1 258 | TR2 257
804.2576 	DATA 	Keypress: 5
804.2576 	DATA 	TR 516 | TR1 258 | TR2 258
805.8408 	DATA 	Keypress: 5
805.8408 	DATA 	TR 517 | TR1 259 | TR2 258
807.3906 	DATA 	Keypress: 5
807.3907 	DATA 	TR 518 | TR1 259 | TR2 259
808.9571 	DATA 	Keypress: 5
808.9572 	DATA 	TR 519 | TR1 260 | TR2 259
810.5070 	DATA 	Keypress: 5
810.5071 	DATA 	TR 520 | TR1 260 | TR2 260
812.0735 	DATA 	Keypress: 5
812.0735 	DATA 	TR 521 | TR1 261 | TR2 260
813.6240 	DATA 	Keypress: 5
813.6400 	DATA 	TR 522 | TR1 261 | TR2 261
815.2067 	DATA 	Keypress: 5
815.2067 	DATA 	TR 523 | TR1 262 | TR2 261
816.7564 	DATA 	Keypress: 5
816.7565 	DATA 	TR 524 | TR1 262 | TR2 262
818.3229 	DATA 	Keypress: 5
818.3230 	DATA 	TR 525 | TR1 263 | TR2 262
819.8728 	DATA 	Keypress: 5
819.8729 	DATA 	TR 526 | TR1 263 | TR2 263
821.4560 	DATA 	Keypress: 5
821.4560 	DATA 	TR 527 | TR1 264 | TR2 263
823.0059 	DATA 	Keypress: 5
823.0059 	DATA 	TR 528 | TR1 264 | TR2 264
824.5722 	DATA 	Keypress: 5
824.5723 	DATA 	TR 529 | TR1 265 | TR2 264
825.1889 	DATA 	EndOfRun sub-09_ses-05_run-04

825.1889 	DATA 	We spent 54.62578010559082 seconds waiting for triggers
825.1890 	DATA 	RatioOfDetectedTargets 1.0
825.1890 	DATA 	You have detected 12 out of 12 targets.
830.0093 	DATA 	Keypress: 5
830.2165 	EXP 	window1: mouseVisible = True
