MonitorDistance=99cm
MonitorWidth=30cm
PixelWidth=1024.0
PixelHeight=768.0
15.7813 	INFO 	Loaded monitor calibration from ['2022_07_20 19:17']
15.7892 	WARNING 	User requested fullscreen with size [1024  768], but screen is actually [1792, 1120]. Using actual size
16.7798 	EXP 	Created window1 = Window(allowGUI=False, allowStencil=False, autoLog=True, backendConf=UNKNOWN, bitsMode=UNKNOWN, blendMode='avg', bpc=(8, 8, 8), color=array([-0.5, -0.5, -0.5]), colorSpace='rgb', depthBits=8, fullscr=<method-wrapper '__getattribute__' of attributeSetter object at 0x7f8a2a9d2910>, gamma=None, gammaErrorPolicy='raise', lms=UNKNOWN, monitor=<psychopy.monitors.calibTools.Monitor object at 0x7f8999df3730>, multiSample=False, name='window1', numSamples=2, pos=[448.0, 280.0], screen=0, size=array([3584, 2240]), stencilBits=0, stereo=False, units='deg', useFBO=False, useRetina=True, viewOri=0.0, viewPos=None, viewScale=None, waitBlanking=True, winType='pyglet')
16.7800 	EXP 	window1: mouseVisible = True
16.8537 	EXP 	Created unnamed TextStim = TextStim(__class__=<class 'psychopy.visual.text.TextStim'>, alignHoriz=method-wrapper(...), alignText='center', alignVert=method-wrapper(...), anchorHoriz='center', anchorVert='center', antialias=True, autoDraw=False, autoLog=True, bold=False, color=array([1, 1, 1]), colorSpace='rgb', contrast=1.0, depth=0, flipHoriz=False, flipVert=False, font='', fontFiles=[], height=0.5, italic=False, languageStyle='LTR', name='unnamed TextStim', opacity=1.0, ori=0.0, pos=array([0., 0.]), rgb=UNKNOWN, text=str(...), units='deg', win=Window(...), wrapWidth=15.0)
16.9024 	EXP 	Created Movie Frame 0 = ImageStim(__class__=<class 'psychopy.visual.image.ImageStim'>, anchor=('center', 'center'), autoLog=True, color=array([0.2, 0.2, 0.2]), colorSpace='rgb', contrast=0.2, depth=0, flipHoriz=False, flipVert=False, image='visual_0.png', interpolate=False, mask=None, maskParams=None, name='Movie Frame 0', opacity=1.0, ori=0.0, pos=array([0., 0.]), size=array([1024.,  768.]), texRes=128, units='pix', win=Window(...))
16.9283 	EXP 	Created Movie Frame 1 = ImageStim(__class__=<class 'psychopy.visual.image.ImageStim'>, anchor=('center', 'center'), autoLog=True, color=array([0.2, 0.2, 0.2]), colorSpace='rgb', contrast=0.2, depth=0, flipHoriz=False, flipVert=False, image='visual_1.png', interpolate=False, mask=None, maskParams=None, name='Movie Frame 1', opacity=1.0, ori=0.0, pos=array([0., 0.]), size=array([1024.,  768.]), texRes=128, units='pix', win=Window(...))
3.0714 	DATA 	Keypress: 5
0.0000 	DATA 	StartOfRun sub-0x_ses-01_run-0x
0.0000 	DATA 	TR 1 | TR1 1 | TR2 0
0.0293 	DATA 	Initial baseline

0.8062 	DATA 	Keypress: 5
0.8067 	DATA 	TR 2 | TR1 1 | TR2 1
1.6949 	DATA 	Keypress: 5
1.6953 	DATA 	TR 3 | TR1 2 | TR2 1
2.5591 	DATA 	Keypress: 5
2.5595 	DATA 	TR 4 | TR1 2 | TR2 2
3.3152 	DATA 	Keypress: 5
3.3156 	DATA 	TR 5 | TR1 3 | TR2 2
4.1389 	DATA 	Keypress: 5
4.1393 	DATA 	TR 6 | TR1 3 | TR2 3
4.9857 	DATA 	Keypress: 5
4.9861 	DATA 	TR 7 | TR1 4 | TR2 3
5.8060 	DATA 	Keypress: 5
5.8063 	DATA 	TR 8 | TR1 4 | TR2 4
6.6339 	DATA 	Keypress: 5
6.6343 	DATA 	TR 9 | TR1 5 | TR2 4
7.4691 	DATA 	Keypress: 5
7.4694 	DATA 	TR 10 | TR1 5 | TR2 5
8.2949 	DATA 	Keypress: 5
8.2953 	DATA 	TR 11 | TR1 6 | TR2 5
9.1188 	DATA 	Keypress: 5
9.1192 	DATA 	TR 12 | TR1 6 | TR2 6
9.9111 	DATA 	Keypress: 5
9.9115 	DATA 	TR 13 | TR1 7 | TR2 6
10.7298 	DATA 	Keypress: 5
10.7302 	DATA 	TR 14 | TR1 7 | TR2 7
11.5215 	DATA 	Keypress: 5
11.5219 	DATA 	TR 15 | TR1 8 | TR2 7
12.3394 	DATA 	Keypress: 5
12.3398 	DATA 	TR 16 | TR1 8 | TR2 8
13.1626 	DATA 	Keypress: 5
13.1630 	DATA 	TR 17 | TR1 9 | TR2 8
13.9783 	DATA 	Keypress: 5
13.9786 	DATA 	TR 18 | TR1 9 | TR2 9
14.7613 	DATA 	Keypress: 5
14.7617 	DATA 	TR 19 | TR1 10 | TR2 9
15.5207 	DATA 	Keypress: 5
15.5210 	DATA 	TR 20 | TR1 10 | TR2 10
16.3278 	DATA 	Keypress: 5
16.3283 	DATA 	TR 21 | TR1 11 | TR2 10
17.0679 	DATA 	Keypress: 5
17.0683 	DATA 	TR 22 | TR1 11 | TR2 11
17.8178 	DATA 	Keypress: 5
17.8182 	DATA 	TR 23 | TR1 12 | TR2 11
18.6053 	DATA 	Keypress: 5
18.6057 	DATA 	TR 24 | TR1 12 | TR2 12
19.3951 	DATA 	Keypress: 5
19.3956 	DATA 	TR 25 | TR1 13 | TR2 12
20.2013 	DATA 	Keypress: 5
20.2017 	DATA 	TR 26 | TR1 13 | TR2 13
20.9649 	DATA 	Keypress: 5
20.9652 	DATA 	TR 27 | TR1 14 | TR2 13
21.7562 	DATA 	Keypress: 5
21.7567 	DATA 	TR 28 | TR1 14 | TR2 14
22.5551 	DATA 	Keypress: 5
22.5554 	DATA 	TR 29 | TR1 15 | TR2 14
23.3443 	DATA 	Keypress: 5
23.3447 	DATA 	TR 30 | TR1 15 | TR2 15
24.1432 	DATA 	Keypress: 5
24.1436 	DATA 	TR 31 | TR1 16 | TR2 15
24.9962 	DATA 	Keypress: 5
24.9966 	DATA 	TR 32 | TR1 16 | TR2 16
25.8248 	DATA 	Keypress: 5
25.8252 	DATA 	TR 33 | TR1 17 | TR2 16
26.6651 	DATA 	Keypress: 5
26.6656 	DATA 	TR 34 | TR1 17 | TR2 17
27.4988 	DATA 	Keypress: 5
27.4991 	DATA 	TR 35 | TR1 18 | TR2 17
28.3356 	DATA 	Keypress: 5
28.3361 	DATA 	TR 36 | TR1 18 | TR2 18
29.2444 	DATA 	Keypress: 5
29.2448 	DATA 	TR 37 | TR1 19 | TR2 18
30.0776 	DATA 	Keypress: 5
30.0780 	DATA 	TR 38 | TR1 19 | TR2 19
30.9110 	DATA 	Keypress: 5
30.9114 	DATA 	Waited 0.9113754889986012 seconds for trigger
30.9191 	DATA 	
30.9191 	DATA 	Trial 1
30.9191 	DATA 	stimDur = 12.0
30.9191 	DATA 	jitter = 0.86175
30.9191 	DATA 	restDur = 20.0

30.9192 	DATA 	
30.9192 	DATA 	TR 39 | TR1 20 | TR2 19
31.7597 	DATA 	Keypress: 5
31.7601 	DATA 	TR 40 | TR1 20 | TR2 20
31.7796 	DATA 	
31.7796 	DATA 	stimulation started
31.7796 	DATA 	
32.5292 	DATA 	Keypress: 5
32.5296 	DATA 	TR 41 | TR1 21 | TR2 20
33.3102 	DATA 	Keypress: 5
33.3106 	DATA 	TR 42 | TR1 21 | TR2 21
34.0945 	DATA 	Keypress: 5
34.0949 	DATA 	TR 43 | TR1 22 | TR2 21
34.9104 	DATA 	Keypress: 5
34.9108 	DATA 	TR 44 | TR1 22 | TR2 22
35.6759 	DATA 	Keypress: 5
35.6763 	DATA 	TR 45 | TR1 23 | TR2 22
36.5118 	DATA 	Keypress: 5
36.5122 	DATA 	TR 46 | TR1 23 | TR2 23
37.3094 	DATA 	Keypress: 5
37.3097 	DATA 	TR 47 | TR1 24 | TR2 23
38.1427 	DATA 	Keypress: 5
38.1431 	DATA 	TR 48 | TR1 24 | TR2 24
38.9114 	DATA 	Keypress: 5
38.9117 	DATA 	TR 49 | TR1 25 | TR2 24
39.7426 	DATA 	Keypress: 5
39.7429 	DATA 	TR 50 | TR1 25 | TR2 25
40.5425 	DATA 	Keypress: 5
40.5429 	DATA 	TR 51 | TR1 26 | TR2 25
41.3443 	DATA 	Keypress: 5
41.3447 	DATA 	TR 52 | TR1 26 | TR2 26
42.1624 	DATA 	Keypress: 5
42.1628 	DATA 	TR 53 | TR1 27 | TR2 26
42.9616 	DATA 	Keypress: 5
42.9620 	DATA 	TR 54 | TR1 27 | TR2 27
43.7589 	DATA 	Keypress: 5
43.7593 	DATA 	TR 55 | TR1 28 | TR2 27
43.7788 	DATA 	
43.7788 	DATA 	stimulation stopped
43.7788 	DATA 	
44.6450 	DATA 	Keypress: 5
44.6454 	DATA 	TR 56 | TR1 28 | TR2 28
45.5258 	DATA 	Keypress: 5
45.5262 	DATA 	TR 57 | TR1 29 | TR2 28
46.3622 	DATA 	Keypress: 5
46.3626 	DATA 	TR 58 | TR1 29 | TR2 29
46.6794 	DATA 	Keypress: q
47.2351 	EXP 	window1: mouseVisible = True
