MonitorDistance=99cm
MonitorWidth=30cm
PixelWidth=1920.0
PixelHeight=1200.0
7.7504 	INFO 	Loaded monitor calibration from ['2022_07_20 19:17']
7.7591 	WARNING 	User requested fullscreen with size [1920 1200], but screen is actually [1792, 1120]. Using actual size
8.4180 	EXP 	Created window1 = Window(allowGUI=False, allowStencil=False, autoLog=True, backendConf=UNKNOWN, bitsMode=UNKNOWN, blendMode='avg', bpc=(8, 8, 8), color=array([-0.5, -0.5, -0.5]), colorSpace='rgb', depthBits=8, fullscr=<method-wrapper '__getattribute__' of attributeSetter object at 0x7f95789a27f0>, gamma=None, gammaErrorPolicy='raise', lms=UNKNOWN, monitor=<psychopy.monitors.calibTools.Monitor object at 0x7f954f8fd970>, multiSample=False, name='window1', numSamples=2, pos=[448.0, 280.0], screen=0, size=array([3584, 2240]), stencilBits=0, stereo=False, units='deg', useFBO=False, useRetina=True, viewOri=0.0, viewPos=None, viewScale=None, waitBlanking=True, winType='pyglet')
8.4183 	EXP 	window1: mouseVisible = True
8.4590 	EXP 	Created unnamed TextStim = TextStim(__class__=<class 'psychopy.visual.text.TextStim'>, alignHoriz=method-wrapper(...), alignText='center', alignVert=method-wrapper(...), anchorHoriz='center', anchorVert='center', antialias=True, autoDraw=False, autoLog=True, bold=False, color=array([1., 1., 1.]), colorSpace='rgb', contrast=1.0, depth=0, flipHoriz=False, flipVert=False, font='', fontFiles=[], height=0.49999999999999994, italic=False, languageStyle='LTR', name='unnamed TextStim', opacity=1.0, ori=0.0, pos=array([0., 0.]), rgb=UNKNOWN, text=str(...), units='deg', win=Window(...), wrapWidth=15.0)
8.5020 	EXP 	Created Movie Frame 0 = ImageStim(__class__=<class 'psychopy.visual.image.ImageStim'>, anchor=('center', 'center'), autoLog=True, color=array([1., 1., 1.]), colorSpace='rgb', contrast=1.0, depth=0, flipHoriz=False, flipVert=False, image='visual_0.png', interpolate=False, mask=None, maskParams=None, name='Movie Frame 0', opacity=1.0, ori=0.0, pos=array([0., 0.]), size=array([1024.,  768.]), texRes=128, units='pix', win=Window(...))
8.5409 	EXP 	Created Movie Frame 1 = ImageStim(__class__=<class 'psychopy.visual.image.ImageStim'>, anchor=('center', 'center'), autoLog=True, color=array([1., 1., 1.]), colorSpace='rgb', contrast=1.0, depth=0, flipHoriz=False, flipVert=False, image='visual_1.png', interpolate=False, mask=None, maskParams=None, name='Movie Frame 1', opacity=1.0, ori=0.0, pos=array([0., 0.]), size=array([1024.,  768.]), texRes=128, units='pix', win=Window(...))
1.8195 	DATA 	Keypress: 5
0.0000 	DATA 	StartOfRun sub-01ses-01run-03
0.0000 	DATA 	TR 1 | TR1 1 | TR2 0
0.0147 	DATA 	Initial baseline

1.0179 	DATA 	Keypress: 5
1.0183 	DATA 	TR 2 | TR1 1 | TR2 1
2.1202 	DATA 	Keypress: 5
2.1205 	DATA 	TR 3 | TR1 2 | TR2 1
3.3022 	DATA 	Keypress: 5
3.3026 	DATA 	TR 4 | TR1 2 | TR2 2
4.4043 	DATA 	Keypress: 5
4.4046 	DATA 	TR 5 | TR1 3 | TR2 2
5.5704 	DATA 	Keypress: 5
5.5707 	DATA 	TR 6 | TR1 3 | TR2 3
6.6875 	DATA 	Keypress: 5
6.6895 	DATA 	stimulation
6.6895 	DATA 	stimDur = 1.0
6.6895 	DATA 	jitter = 0.6599999999999999
6.6895 	DATA 	restDur = 10.0

6.6895 	DATA 	TR 7 | TR1 4 | TR2 3
7.3536 	DATA 	stimulation started
7.7208 	DATA 	Keypress: 5
7.7211 	DATA 	TR 8 | TR1 4 | TR2 4
8.3539 	DATA 	stimulation stopped

8.7707 	DATA 	Keypress: 5
8.7711 	DATA 	TR 9 | TR1 5 | TR2 4
9.8209 	DATA 	Keypress: 5
9.8212 	DATA 	TR 10 | TR1 5 | TR2 5
10.8366 	DATA 	Keypress: 5
10.8369 	DATA 	TR 11 | TR1 6 | TR2 5
11.7874 	DATA 	Keypress: 5
11.7878 	DATA 	TR 12 | TR1 6 | TR2 6
12.8368 	DATA 	Keypress: 5
12.8371 	DATA 	TR 13 | TR1 7 | TR2 6
13.8706 	DATA 	Keypress: 5
13.8710 	DATA 	TR 14 | TR1 7 | TR2 7
14.8712 	DATA 	Keypress: 5
14.8716 	DATA 	TR 15 | TR1 8 | TR2 7
15.8876 	DATA 	Keypress: 5
15.8879 	DATA 	TR 16 | TR1 8 | TR2 8
16.8872 	DATA 	Keypress: 5
16.8875 	DATA 	TR 17 | TR1 9 | TR2 8
17.8368 	DATA 	Keypress: 5
17.8371 	DATA 	TR 18 | TR1 9 | TR2 9
18.8213 	DATA 	Keypress: 5
18.8227 	DATA 	stimulation
18.8228 	DATA 	stimDur = 4.0
18.8228 	DATA 	jitter = 2.64
18.8228 	DATA 	restDur = 16.0

18.8228 	DATA 	TR 19 | TR1 10 | TR2 9
19.7370 	DATA 	Keypress: 5
19.7374 	DATA 	TR 20 | TR1 10 | TR2 10
20.7709 	DATA 	Keypress: 5
20.7713 	DATA 	TR 21 | TR1 11 | TR2 10
21.4695 	DATA 	stimulation started
21.7697 	DATA 	Keypress: 5
21.7700 	DATA 	TR 22 | TR1 11 | TR2 11
22.6543 	DATA 	Keypress: 5
22.6547 	DATA 	TR 23 | TR1 12 | TR2 11
23.6370 	DATA 	Keypress: 5
23.6374 	DATA 	TR 24 | TR1 12 | TR2 12
24.6371 	DATA 	Keypress: 5
24.6375 	DATA 	TR 25 | TR1 13 | TR2 12
25.4540 	DATA 	Keypress: 5
25.4543 	DATA 	TR 26 | TR1 13 | TR2 13
25.4715 	DATA 	stimulation stopped

26.3697 	DATA 	Keypress: 5
26.3700 	DATA 	TR 27 | TR1 14 | TR2 13
27.3203 	DATA 	Keypress: 5
27.3206 	DATA 	TR 28 | TR1 14 | TR2 14
28.2541 	DATA 	Keypress: 5
28.2544 	DATA 	TR 29 | TR1 15 | TR2 14
29.1713 	DATA 	Keypress: 5
29.1874 	DATA 	TR 30 | TR1 15 | TR2 15
30.0699 	DATA 	Keypress: 5
30.0702 	DATA 	TR 31 | TR1 16 | TR2 15
30.9542 	DATA 	Keypress: 5
30.9545 	DATA 	TR 32 | TR1 16 | TR2 16
31.8701 	DATA 	Keypress: 5
31.8704 	DATA 	TR 33 | TR1 17 | TR2 16
32.8876 	DATA 	Keypress: 5
32.8880 	DATA 	TR 34 | TR1 17 | TR2 17
33.9033 	DATA 	Keypress: 5
33.9036 	DATA 	TR 35 | TR1 18 | TR2 17
34.9364 	DATA 	Keypress: 5
34.9367 	DATA 	TR 36 | TR1 18 | TR2 18
35.9875 	DATA 	Keypress: 5
35.9879 	DATA 	TR 37 | TR1 19 | TR2 18
36.9378 	DATA 	Keypress: 5
36.9541 	DATA 	TR 38 | TR1 19 | TR2 19
37.8877 	DATA 	Keypress: 5
37.8880 	DATA 	TR 39 | TR1 20 | TR2 19
38.8202 	DATA 	Keypress: 5
38.8205 	DATA 	TR 40 | TR1 20 | TR2 20
39.7207 	DATA 	Keypress: 5
39.7210 	DATA 	TR 41 | TR1 21 | TR2 20
40.5886 	DATA 	Keypress: 5
40.6035 	DATA 	TR 42 | TR1 21 | TR2 21
41.5203 	DATA 	Keypress: 5
41.5213 	DATA 	stimulation
41.5213 	DATA 	stimDur = 24.0
41.5213 	DATA 	jitter = 2.64
41.5213 	DATA 	restDur = 24.0

41.5213 	DATA 	TR 43 | TR1 22 | TR2 21
42.4212 	DATA 	Keypress: 5
42.4216 	DATA 	TR 44 | TR1 22 | TR2 22
43.3210 	DATA 	Keypress: 5
43.3214 	DATA 	TR 45 | TR1 23 | TR2 22
44.1692 	DATA 	stimulation started
44.2362 	DATA 	Keypress: 5
44.2365 	DATA 	TR 46 | TR1 23 | TR2 23
45.1204 	DATA 	Keypress: 5
45.1207 	DATA 	TR 47 | TR1 24 | TR2 23
45.9537 	DATA 	Keypress: 5
45.9540 	DATA 	TR 48 | TR1 24 | TR2 24
46.8210 	DATA 	Keypress: 5
46.8214 	DATA 	TR 49 | TR1 25 | TR2 24
47.7365 	DATA 	Keypress: 5
47.7368 	DATA 	TR 50 | TR1 25 | TR2 25
48.6362 	DATA 	Keypress: 5
48.6364 	DATA 	TR 51 | TR1 26 | TR2 25
49.6210 	DATA 	Keypress: 5
49.6214 	DATA 	TR 52 | TR1 26 | TR2 26
50.5201 	DATA 	Keypress: 5
50.5204 	DATA 	TR 53 | TR1 27 | TR2 26
51.4541 	DATA 	Keypress: 5
51.4544 	DATA 	TR 54 | TR1 27 | TR2 27
52.3537 	DATA 	Keypress: 5
52.3540 	DATA 	TR 55 | TR1 28 | TR2 27
53.3703 	DATA 	Keypress: 5
53.3707 	DATA 	TR 56 | TR1 28 | TR2 28
54.4029 	DATA 	Keypress: 5
54.4031 	DATA 	TR 57 | TR1 29 | TR2 28
55.2204 	DATA 	Keypress: 5
55.2207 	DATA 	TR 58 | TR1 29 | TR2 29
56.2543 	DATA 	Keypress: 5
56.2547 	DATA 	TR 59 | TR1 30 | TR2 29
57.1867 	DATA 	Keypress: 5
57.1870 	DATA 	TR 60 | TR1 30 | TR2 30
58.0702 	DATA 	Keypress: 5
58.0706 	DATA 	TR 61 | TR1 31 | TR2 30
59.0200 	DATA 	Keypress: 5
59.0203 	DATA 	TR 62 | TR1 31 | TR2 31
59.9363 	DATA 	Keypress: 5
59.9365 	DATA 	TR 63 | TR1 32 | TR2 31
60.9545 	DATA 	Keypress: 5
60.9549 	DATA 	TR 64 | TR1 32 | TR2 32
61.9703 	DATA 	Keypress: 5
61.9707 	DATA 	TR 65 | TR1 33 | TR2 32
62.9699 	DATA 	Keypress: 5
62.9703 	DATA 	TR 66 | TR1 33 | TR2 33
63.9539 	DATA 	Keypress: 5
63.9543 	DATA 	TR 67 | TR1 34 | TR2 33
64.9202 	DATA 	Keypress: 5
64.9205 	DATA 	TR 68 | TR1 34 | TR2 34
65.9032 	DATA 	Keypress: 5
65.9036 	DATA 	TR 69 | TR1 35 | TR2 34
66.8201 	DATA 	Keypress: 5
66.8204 	DATA 	TR 70 | TR1 35 | TR2 35
67.7208 	DATA 	Keypress: 5
67.7212 	DATA 	TR 71 | TR1 36 | TR2 35
68.1689 	DATA 	stimulation stopped

68.6530 	DATA 	Keypress: 5
68.6533 	DATA 	TR 72 | TR1 36 | TR2 36
69.6866 	DATA 	Keypress: 5
69.6869 	DATA 	TR 73 | TR1 37 | TR2 36
70.6534 	DATA 	Keypress: 5
70.6537 	DATA 	TR 74 | TR1 37 | TR2 37
71.5871 	DATA 	Keypress: 5
71.5874 	DATA 	TR 75 | TR1 38 | TR2 37
72.4210 	DATA 	Keypress: 5
72.4214 	DATA 	TR 76 | TR1 38 | TR2 38
73.3201 	DATA 	Keypress: 5
73.3205 	DATA 	TR 77 | TR1 39 | TR2 38
74.2031 	DATA 	Keypress: 5
74.2035 	DATA 	TR 78 | TR1 39 | TR2 39
75.1202 	DATA 	Keypress: 5
75.1205 	DATA 	TR 79 | TR1 40 | TR2 39
76.0698 	DATA 	Keypress: 5
76.0702 	DATA 	TR 80 | TR1 40 | TR2 40
76.9532 	DATA 	Keypress: 5
76.9535 	DATA 	TR 81 | TR1 41 | TR2 40
77.8697 	DATA 	Keypress: 5
77.8701 	DATA 	TR 82 | TR1 41 | TR2 41
78.8533 	DATA 	Keypress: 5
78.8535 	DATA 	TR 83 | TR1 42 | TR2 41
79.8207 	DATA 	Keypress: 5
79.8211 	DATA 	TR 84 | TR1 42 | TR2 42
80.7539 	DATA 	Keypress: 5
80.7542 	DATA 	TR 85 | TR1 43 | TR2 42
81.6197 	DATA 	Keypress: 5
81.6200 	DATA 	TR 86 | TR1 43 | TR2 43
82.5862 	DATA 	Keypress: 5
82.5866 	DATA 	TR 87 | TR1 44 | TR2 43
83.5371 	DATA 	Keypress: 5
83.5375 	DATA 	TR 88 | TR1 44 | TR2 44
84.1019 	DATA 	Target presented
84.3867 	DATA 	Keypress: 5
84.3870 	DATA 	TR 89 | TR1 45 | TR2 44
85.1202 	DATA 	Keypress: 1
85.1206 	DATA 	Key1 pressed
85.1206 	DATA 	Target detected
85.3696 	DATA 	Keypress: 5
85.3700 	DATA 	TR 90 | TR1 45 | TR2 45
86.3024 	DATA 	Keypress: 5
86.3028 	DATA 	TR 91 | TR1 46 | TR2 45
87.2362 	DATA 	Keypress: 5
87.2366 	DATA 	TR 92 | TR1 46 | TR2 46
88.0023 	DATA 	Keypress: q
88.5479 	EXP 	window1: mouseVisible = True
