MonitorDistance=99cm
MonitorWidth=30cm
PixelWidth=1920.0
PixelHeight=1200.0
You have detected 15 out of 15 targets.
Excellent! Keep up the good work
12.7486 	INFO 	Loaded monitor calibration from ['2022_07_20 19:17']
13.6585 	EXP 	Created window1 = Window(allowGUI=False, allowStencil=False, autoLog=True, backendConf=UNKNOWN, bitsMode=UNKNOWN, blendMode='avg', bpc=(8, 8, 8), color=array([-0.5, -0.5, -0.5]), colorSpace='rgb', depthBits=8, fullscr=<method-wrapper '__getattribute__' of attributeSetter object at 0x7fa1d9da9880>, gamma=None, gammaErrorPolicy='raise', lms=UNKNOWN, monitor=<psychopy.monitors.calibTools.Monitor object at 0x7fa138423b20>, multiSample=False, name='window1', numSamples=2, pos=[0.0, 0.0], screen=0, size=array([1920, 1200]), stencilBits=0, stereo=False, units='deg', useFBO=False, useRetina=False, viewOri=0.0, viewPos=None, viewScale=None, waitBlanking=True, winType='pyglet')
13.6587 	EXP 	window1: mouseVisible = True
13.6983 	EXP 	Created unnamed TextStim = TextStim(__class__=<class 'psychopy.visual.text.TextStim'>, alignHoriz=method-wrapper(...), alignText='center', alignVert=method-wrapper(...), anchorHoriz='center', anchorVert='center', antialias=True, autoDraw=False, autoLog=True, bold=False, color=array([1., 1., 1.]), colorSpace='rgb', contrast=1.0, depth=0, flipHoriz=False, flipVert=False, font='', fontFiles=[], height=0.49999999999999994, italic=False, languageStyle='LTR', name='unnamed TextStim', opacity=1.0, ori=0.0, pos=array([0., 0.]), rgb=UNKNOWN, text=str(...), units='deg', win=Window(...), wrapWidth=15.0)
13.7257 	EXP 	Created Movie Frame 0 = ImageStim(__class__=<class 'psychopy.visual.image.ImageStim'>, anchor=('center', 'center'), autoLog=True, color=array([1., 1., 1.]), colorSpace='rgb', contrast=1.0, depth=0, flipHoriz=False, flipVert=False, image='visual_0.png', interpolate=False, mask=None, maskParams=None, name='Movie Frame 0', opacity=1.0, ori=0.0, pos=array([0., 0.]), size=array([1024.,  768.]), texRes=128, units='pix', win=Window(...))
13.7470 	EXP 	Created Movie Frame 1 = ImageStim(__class__=<class 'psychopy.visual.image.ImageStim'>, anchor=('center', 'center'), autoLog=True, color=array([1., 1., 1.]), colorSpace='rgb', contrast=1.0, depth=0, flipHoriz=False, flipVert=False, image='visual_1.png', interpolate=False, mask=None, maskParams=None, name='Movie Frame 1', opacity=1.0, ori=0.0, pos=array([0., 0.]), size=array([1024.,  768.]), texRes=128, units='pix', win=Window(...))
19.0445 	DATA 	Keypress: 5
0.0000 	DATA 	StartOfRun sub-01_ses-01_run-05
0.0001 	DATA 	TR 1 | TR1 1 | TR2 0
0.0154 	DATA 	Initial baseline

1.4732 	DATA 	Keypress: 5
1.4736 	DATA 	TR 2 | TR1 1 | TR2 1
2.9721 	DATA 	Keypress: 5
2.9723 	DATA 	TR 3 | TR1 2 | TR2 1
4.4489 	DATA 	Keypress: 5
4.4493 	DATA 	TR 4 | TR1 2 | TR2 2
5.9479 	DATA 	Keypress: 5
5.9482 	DATA 	TR 5 | TR1 3 | TR2 2
7.4262 	DATA 	Keypress: 5
7.4265 	DATA 	TR 6 | TR1 3 | TR2 3
8.9245 	DATA 	Keypress: 5
8.9248 	DATA 	TR 7 | TR1 4 | TR2 3
10.4009 	DATA 	Keypress: 5
10.4013 	DATA 	TR 8 | TR1 4 | TR2 4
11.9001 	DATA 	Keypress: 5
11.9005 	DATA 	TR 9 | TR1 5 | TR2 4
13.3789 	DATA 	Keypress: 5
13.3795 	DATA 	TR 10 | TR1 5 | TR2 5
14.8760 	DATA 	Keypress: 5
14.8763 	DATA 	TR 11 | TR1 6 | TR2 5
16.3656 	DATA 	Keypress: 5
16.3660 	DATA 	TR 12 | TR1 6 | TR2 6
17.8619 	DATA 	Keypress: 5
17.8643 	DATA 	
17.8643 	DATA 	Trial 1
17.8644 	DATA 	stimDur = 1.0
17.8644 	DATA 	jitter = 1.5
17.8644 	DATA 	restDur = 12.0

17.8644 	DATA 	
17.8644 	DATA 	TR 13 | TR1 7 | TR2 6
19.3314 	DATA 	Keypress: 5
19.3478 	DATA 	TR 14 | TR1 7 | TR2 7
19.3630 	DATA 	
19.3630 	DATA 	stimulation started
19.3631 	DATA 	
20.3636 	DATA 	
20.3636 	DATA 	stimulation stopped
20.3636 	DATA 	
20.8312 	DATA 	Keypress: 5
20.8315 	DATA 	TR 15 | TR1 8 | TR2 7
22.3110 	DATA 	Keypress: 5
22.3113 	DATA 	TR 16 | TR1 8 | TR2 8
23.8138 	DATA 	Keypress: 5
23.8143 	DATA 	TR 17 | TR1 9 | TR2 8
25.2985 	DATA 	Keypress: 5
25.2989 	DATA 	TR 18 | TR1 9 | TR2 9
26.7835 	DATA 	Keypress: 5
26.7980 	DATA 	TR 19 | TR1 10 | TR2 9
28.2620 	DATA 	Keypress: 5
28.2624 	DATA 	TR 20 | TR1 10 | TR2 10
29.7656 	DATA 	Keypress: 5
29.7659 	DATA 	TR 21 | TR1 11 | TR2 10
31.2476 	DATA 	Keypress: 5
31.2479 	DATA 	TR 22 | TR1 11 | TR2 11
32.3631 	DATA 	
32.3631 	DATA 	Trial complete
32.3631 	DATA 	Waiting for VASO trigger to start next trial
32.3631 	DATA 	
32.7466 	DATA 	Keypress: 5
32.7481 	DATA 	
32.7481 	DATA 	Trial 2
32.7481 	DATA 	stimDur = 1.0
32.7481 	DATA 	jitter = 1.0
32.7481 	DATA 	restDur = 12.0

32.7482 	DATA 	
32.7482 	DATA 	TR 23 | TR1 12 | TR2 11
33.7637 	DATA 	
33.7637 	DATA 	stimulation started
33.7637 	DATA 	
34.2135 	DATA 	Keypress: 5
34.2139 	DATA 	TR 24 | TR1 12 | TR2 12
34.7632 	DATA 	
34.7633 	DATA 	stimulation stopped
34.7633 	DATA 	
35.7143 	DATA 	Keypress: 5
35.7147 	DATA 	TR 25 | TR1 13 | TR2 12
37.1947 	DATA 	Keypress: 5
37.1950 	DATA 	TR 26 | TR1 13 | TR2 13
38.6967 	DATA 	Keypress: 5
38.6971 	DATA 	TR 27 | TR1 14 | TR2 13
40.1819 	DATA 	Keypress: 5
40.1823 	DATA 	TR 28 | TR1 14 | TR2 14
41.6653 	DATA 	Keypress: 5
41.6657 	DATA 	TR 29 | TR1 15 | TR2 14
43.1457 	DATA 	Keypress: 5
43.1460 	DATA 	TR 30 | TR1 15 | TR2 15
44.6468 	DATA 	Keypress: 5
44.6472 	DATA 	TR 31 | TR1 16 | TR2 15
46.1325 	DATA 	Keypress: 5
46.1329 	DATA 	TR 32 | TR1 16 | TR2 16
46.7481 	DATA 	
46.7482 	DATA 	Trial complete
46.7482 	DATA 	Waiting for VASO trigger to start next trial
46.7482 	DATA 	
47.6292 	DATA 	Keypress: 5
47.6306 	DATA 	
47.6306 	DATA 	Trial 3
47.6306 	DATA 	stimDur = 12.0
47.6306 	DATA 	jitter = 1.5
47.6306 	DATA 	restDur = 20.0

47.6306 	DATA 	
47.6307 	DATA 	TR 33 | TR1 17 | TR2 16
49.0960 	DATA 	Keypress: 5
49.0963 	DATA 	TR 34 | TR1 17 | TR2 17
49.1473 	DATA 	
49.1473 	DATA 	stimulation started
49.1473 	DATA 	
50.5971 	DATA 	Keypress: 5
50.5974 	DATA 	TR 35 | TR1 18 | TR2 17
52.0780 	DATA 	Keypress: 5
52.0784 	DATA 	TR 36 | TR1 18 | TR2 18
53.5810 	DATA 	Keypress: 5
53.5814 	DATA 	TR 37 | TR1 19 | TR2 18
55.0478 	DATA 	Keypress: 5
55.0482 	DATA 	TR 38 | TR1 19 | TR2 19
56.5497 	DATA 	Keypress: 5
56.5500 	DATA 	TR 39 | TR1 20 | TR2 19
58.0290 	DATA 	Keypress: 5
58.0293 	DATA 	TR 40 | TR1 20 | TR2 20
58.6796 	DATA 	Target presented
59.4476 	DATA 	Keypress: 1
59.4485 	DATA 	Key1 pressed
59.4485 	DATA 	Target detected
59.5301 	DATA 	Keypress: 5
59.5304 	DATA 	TR 41 | TR1 21 | TR2 20
61.0003 	DATA 	Keypress: 5
61.0160 	DATA 	TR 42 | TR1 21 | TR2 21
61.1314 	DATA 	
61.1315 	DATA 	stimulation stopped
61.1315 	DATA 	
62.5132 	DATA 	Keypress: 5
62.5136 	DATA 	TR 43 | TR1 22 | TR2 21
63.9799 	DATA 	Keypress: 5
63.9803 	DATA 	TR 44 | TR1 22 | TR2 22
65.4817 	DATA 	Keypress: 5
65.4821 	DATA 	TR 45 | TR1 23 | TR2 22
66.9671 	DATA 	Keypress: 5
66.9676 	DATA 	TR 46 | TR1 23 | TR2 23
68.4637 	DATA 	Keypress: 5
68.4641 	DATA 	TR 47 | TR1 24 | TR2 23
69.9304 	DATA 	Keypress: 5
69.9307 	DATA 	TR 48 | TR1 24 | TR2 24
71.4315 	DATA 	Keypress: 5
71.4317 	DATA 	TR 49 | TR1 25 | TR2 24
72.9130 	DATA 	Keypress: 5
72.9134 	DATA 	TR 50 | TR1 25 | TR2 25
74.4145 	DATA 	Keypress: 5
74.4149 	DATA 	TR 51 | TR1 26 | TR2 25
75.8826 	DATA 	Keypress: 5
75.8830 	DATA 	TR 52 | TR1 26 | TR2 26
77.3806 	DATA 	Keypress: 5
77.3964 	DATA 	TR 53 | TR1 27 | TR2 26
78.8637 	DATA 	Keypress: 5
78.8640 	DATA 	TR 54 | TR1 27 | TR2 27
80.3653 	DATA 	Keypress: 5
80.3657 	DATA 	TR 55 | TR1 28 | TR2 27
81.1319 	DATA 	
81.1319 	DATA 	Trial complete
81.1319 	DATA 	Waiting for VASO trigger to start next trial
81.1319 	DATA 	
81.8344 	DATA 	Keypress: 5
81.8505 	DATA 	TR 56 | TR1 28 | TR2 28
83.3487 	DATA 	Keypress: 5
83.3498 	DATA 	
83.3499 	DATA 	Trial 4
83.3499 	DATA 	stimDur = 1.0
83.3499 	DATA 	jitter = 2.0
83.3499 	DATA 	restDur = 12.0

83.3499 	DATA 	
83.3499 	DATA 	TR 57 | TR1 29 | TR2 28
84.8141 	DATA 	Keypress: 5
84.8145 	DATA 	TR 58 | TR1 29 | TR2 29
85.3633 	DATA 	
85.3634 	DATA 	stimulation started
85.3634 	DATA 	
86.3148 	DATA 	Keypress: 5
86.3151 	DATA 	TR 59 | TR1 30 | TR2 29
86.3648 	DATA 	
86.3648 	DATA 	stimulation stopped
86.3649 	DATA 	
87.7955 	DATA 	Keypress: 5
87.7958 	DATA 	TR 60 | TR1 30 | TR2 30
89.2978 	DATA 	Keypress: 5
89.2982 	DATA 	TR 61 | TR1 31 | TR2 30
90.7642 	DATA 	Keypress: 5
90.7646 	DATA 	TR 62 | TR1 31 | TR2 31
92.2622 	DATA 	Keypress: 5
92.2625 	DATA 	TR 63 | TR1 32 | TR2 31
93.7474 	DATA 	Keypress: 5
93.7477 	DATA 	TR 64 | TR1 32 | TR2 32
95.2492 	DATA 	Keypress: 5
95.2496 	DATA 	TR 65 | TR1 33 | TR2 32
96.7164 	DATA 	Keypress: 5
96.7167 	DATA 	TR 66 | TR1 33 | TR2 33
98.2328 	DATA 	Keypress: 5
98.2332 	DATA 	TR 67 | TR1 34 | TR2 33
98.3620 	DATA 	
98.3620 	DATA 	Trial complete
98.3620 	DATA 	Waiting for VASO trigger to start next trial
98.3620 	DATA 	
99.6981 	DATA 	Keypress: 5
99.6985 	DATA 	TR 68 | TR1 34 | TR2 34
101.1998 	DATA 	Keypress: 5
101.2012 	DATA 	
101.2012 	DATA 	Trial 5
101.2012 	DATA 	stimDur = 12.0
101.2012 	DATA 	jitter = 2.0
101.2012 	DATA 	restDur = 20.0

101.2012 	DATA 	
101.2012 	DATA 	TR 69 | TR1 35 | TR2 34
102.1016 	DATA 	Target presented
102.6808 	DATA 	Keypress: 5
102.6813 	DATA 	TR 70 | TR1 35 | TR2 35
102.8968 	DATA 	Keypress: 1
102.8977 	DATA 	Key1 pressed
102.8977 	DATA 	Target detected
103.2126 	DATA 	
103.2126 	DATA 	stimulation started
103.2126 	DATA 	
104.1814 	DATA 	Keypress: 5
104.1819 	DATA 	TR 71 | TR1 36 | TR2 35
105.6484 	DATA 	Keypress: 5
105.6488 	DATA 	TR 72 | TR1 36 | TR2 36
107.1454 	DATA 	Keypress: 5
107.1457 	DATA 	TR 73 | TR1 37 | TR2 36
108.6303 	DATA 	Keypress: 5
108.6307 	DATA 	TR 74 | TR1 37 | TR2 37
110.1321 	DATA 	Keypress: 5
110.1325 	DATA 	TR 75 | TR1 38 | TR2 37
111.5991 	DATA 	Keypress: 5
111.5994 	DATA 	TR 76 | TR1 38 | TR2 38
113.0977 	DATA 	Keypress: 5
113.0980 	DATA 	TR 77 | TR1 39 | TR2 38
114.5823 	DATA 	Keypress: 5
114.5827 	DATA 	TR 78 | TR1 39 | TR2 39
115.2153 	DATA 	
115.2153 	DATA 	stimulation stopped
115.2153 	DATA 	
116.0838 	DATA 	Keypress: 5
116.0843 	DATA 	TR 79 | TR1 40 | TR2 39
117.5503 	DATA 	Keypress: 5
117.5637 	DATA 	TR 80 | TR1 40 | TR2 40
119.0493 	DATA 	Keypress: 5
119.0653 	DATA 	TR 81 | TR1 41 | TR2 40
120.5324 	DATA 	Keypress: 5
120.5328 	DATA 	TR 82 | TR1 41 | TR2 41
122.0339 	DATA 	Keypress: 5
122.0345 	DATA 	TR 83 | TR1 42 | TR2 41
123.5148 	DATA 	Keypress: 5
123.5152 	DATA 	TR 84 | TR1 42 | TR2 42
125.0147 	DATA 	Keypress: 5
125.0150 	DATA 	TR 85 | TR1 43 | TR2 42
126.4827 	DATA 	Keypress: 5
126.4830 	DATA 	TR 86 | TR1 43 | TR2 43
127.9793 	DATA 	Keypress: 5
127.9796 	DATA 	TR 87 | TR1 44 | TR2 43
129.4649 	DATA 	Keypress: 5
129.4652 	DATA 	TR 88 | TR1 44 | TR2 44
130.9664 	DATA 	Keypress: 5
130.9668 	DATA 	TR 89 | TR1 45 | TR2 44
132.4495 	DATA 	Keypress: 5
132.4498 	DATA 	TR 90 | TR1 45 | TR2 45
133.9342 	DATA 	Keypress: 5
133.9346 	DATA 	TR 91 | TR1 46 | TR2 45
135.2160 	DATA 	
135.2161 	DATA 	Trial complete
135.2161 	DATA 	Waiting for VASO trigger to start next trial
135.2161 	DATA 	
135.4166 	DATA 	Keypress: 5
135.4171 	DATA 	TR 92 | TR1 46 | TR2 46
136.9177 	DATA 	Keypress: 5
136.9191 	DATA 	
136.9192 	DATA 	Trial 6
136.9192 	DATA 	stimDur = 24.0
136.9192 	DATA 	jitter = 2.0
136.9192 	DATA 	restDur = 24.0

136.9192 	DATA 	
136.9192 	DATA 	TR 93 | TR1 47 | TR2 46
138.3846 	DATA 	Keypress: 5
138.3980 	DATA 	TR 94 | TR1 47 | TR2 47
138.9306 	DATA 	
138.9306 	DATA 	stimulation started
138.9306 	DATA 	
139.8824 	DATA 	Keypress: 5
139.8987 	DATA 	TR 95 | TR1 48 | TR2 47
141.3670 	DATA 	Keypress: 5
141.3674 	DATA 	TR 96 | TR1 48 | TR2 48
142.8632 	DATA 	Keypress: 5
142.8635 	DATA 	TR 97 | TR1 49 | TR2 48
144.3489 	DATA 	Keypress: 5
144.3493 	DATA 	TR 98 | TR1 49 | TR2 49
145.8502 	DATA 	Keypress: 5
145.8507 	DATA 	TR 99 | TR1 50 | TR2 49
147.3128 	DATA 	Keypress: 5
147.3131 	DATA 	TR 100 | TR1 50 | TR2 50
147.7459 	DATA 	Target presented
148.4300 	DATA 	Keypress: 1
148.4305 	DATA 	Key1 pressed
148.4305 	DATA 	Target detected
148.8139 	DATA 	Keypress: 5
148.8143 	DATA 	TR 101 | TR1 51 | TR2 50
150.2983 	DATA 	Keypress: 5
150.2986 	DATA 	TR 102 | TR1 51 | TR2 51
151.8000 	DATA 	Keypress: 5
151.8004 	DATA 	TR 103 | TR1 52 | TR2 51
153.2668 	DATA 	Keypress: 5
153.2822 	DATA 	TR 104 | TR1 52 | TR2 52
154.7663 	DATA 	Keypress: 5
154.7666 	DATA 	TR 105 | TR1 53 | TR2 52
156.2508 	DATA 	Keypress: 5
156.2511 	DATA 	TR 106 | TR1 53 | TR2 53
157.7471 	DATA 	Keypress: 5
157.7475 	DATA 	TR 107 | TR1 54 | TR2 53
159.2326 	DATA 	Keypress: 5
159.2330 	DATA 	TR 108 | TR1 54 | TR2 54
160.7182 	DATA 	Keypress: 5
160.7185 	DATA 	TR 109 | TR1 55 | TR2 54
162.2008 	DATA 	Keypress: 5
162.2013 	DATA 	TR 110 | TR1 55 | TR2 55
162.9302 	DATA 	
162.9302 	DATA 	stimulation stopped
162.9302 	DATA 	
163.6974 	DATA 	Keypress: 5
163.6977 	DATA 	TR 111 | TR1 56 | TR2 55
165.1837 	DATA 	Keypress: 5
165.1842 	DATA 	TR 112 | TR1 56 | TR2 56
166.6829 	DATA 	Keypress: 5
166.6832 	DATA 	TR 113 | TR1 57 | TR2 56
168.1471 	DATA 	Keypress: 5
168.1474 	DATA 	TR 114 | TR1 57 | TR2 57
169.6482 	DATA 	Keypress: 5
169.6485 	DATA 	TR 115 | TR1 58 | TR2 57
171.1337 	DATA 	Keypress: 5
171.1341 	DATA 	TR 116 | TR1 58 | TR2 58
172.6317 	DATA 	Keypress: 5
172.6321 	DATA 	TR 117 | TR1 59 | TR2 58
174.1017 	DATA 	Keypress: 5
174.1021 	DATA 	TR 118 | TR1 59 | TR2 59
175.6009 	DATA 	Keypress: 5
175.6012 	DATA 	TR 119 | TR1 60 | TR2 59
177.0854 	DATA 	Keypress: 5
177.0858 	DATA 	TR 120 | TR1 60 | TR2 60
178.5809 	DATA 	Keypress: 5
178.5813 	DATA 	TR 121 | TR1 61 | TR2 60
180.0531 	DATA 	Keypress: 5
180.0667 	DATA 	TR 122 | TR1 61 | TR2 61
181.5518 	DATA 	Keypress: 5
181.5521 	DATA 	TR 123 | TR1 62 | TR2 61
183.0306 	DATA 	Keypress: 5
183.0310 	DATA 	TR 124 | TR1 62 | TR2 62
184.5318 	DATA 	Keypress: 5
184.5322 	DATA 	TR 125 | TR1 63 | TR2 62
186.0176 	DATA 	Keypress: 5
186.0181 	DATA 	TR 126 | TR1 63 | TR2 63
186.9337 	DATA 	
186.9338 	DATA 	Trial complete
186.9338 	DATA 	Waiting for VASO trigger to start next trial
186.9338 	DATA 	
187.5132 	DATA 	Keypress: 5
187.5144 	DATA 	
187.5144 	DATA 	Trial 7
187.5144 	DATA 	stimDur = 12.0
187.5144 	DATA 	jitter = 1.0
187.5144 	DATA 	restDur = 20.0

187.5145 	DATA 	
187.5145 	DATA 	TR 127 | TR1 64 | TR2 63
188.5136 	DATA 	
188.5136 	DATA 	stimulation started
188.5136 	DATA 	
188.9816 	DATA 	Keypress: 5
188.9820 	DATA 	TR 128 | TR1 64 | TR2 64
190.4823 	DATA 	Keypress: 5
190.4825 	DATA 	TR 129 | TR1 65 | TR2 64
191.9676 	DATA 	Keypress: 5
191.9680 	DATA 	TR 130 | TR1 65 | TR2 65
193.4650 	DATA 	Keypress: 5
193.4654 	DATA 	TR 131 | TR1 66 | TR2 65
194.9338 	DATA 	Keypress: 5
194.9341 	DATA 	TR 132 | TR1 66 | TR2 66
196.4334 	DATA 	Keypress: 5
196.4337 	DATA 	TR 133 | TR1 67 | TR2 66
197.9140 	DATA 	Keypress: 5
197.9143 	DATA 	TR 134 | TR1 67 | TR2 67
199.4154 	DATA 	Keypress: 5
199.4158 	DATA 	TR 135 | TR1 68 | TR2 67
200.5159 	DATA 	
200.5159 	DATA 	stimulation stopped
200.5159 	DATA 	
200.8999 	DATA 	Keypress: 5
200.9003 	DATA 	TR 136 | TR1 68 | TR2 68
202.3871 	DATA 	Keypress: 5
202.3875 	DATA 	TR 137 | TR1 69 | TR2 68
203.8648 	DATA 	Keypress: 5
203.8651 	DATA 	TR 138 | TR1 69 | TR2 69
205.3656 	DATA 	Keypress: 5
205.3659 	DATA 	TR 139 | TR1 70 | TR2 69
206.8520 	DATA 	Keypress: 5
206.8524 	DATA 	TR 140 | TR1 70 | TR2 70
208.3478 	DATA 	Keypress: 5
208.3482 	DATA 	TR 141 | TR1 71 | TR2 70
209.8160 	DATA 	Keypress: 5
209.8163 	DATA 	TR 142 | TR1 71 | TR2 71
211.3169 	DATA 	Keypress: 5
211.3172 	DATA 	TR 143 | TR1 72 | TR2 71
212.7981 	DATA 	Keypress: 5
212.7984 	DATA 	TR 144 | TR1 72 | TR2 72
214.2991 	DATA 	Keypress: 5
214.2994 	DATA 	TR 145 | TR1 73 | TR2 72
215.6687 	DATA 	Target presented
215.7690 	DATA 	Keypress: 5
215.7853 	DATA 	TR 146 | TR1 73 | TR2 73
216.4682 	DATA 	Keypress: 1
216.4848 	DATA 	Key1 pressed
216.4849 	DATA 	Target detected
217.2691 	DATA 	Keypress: 5
217.2694 	DATA 	TR 147 | TR1 74 | TR2 73
218.7502 	DATA 	Keypress: 5
218.7506 	DATA 	TR 148 | TR1 74 | TR2 74
220.2494 	DATA 	Keypress: 5
220.2498 	DATA 	TR 149 | TR1 75 | TR2 74
220.5171 	DATA 	
220.5171 	DATA 	Trial complete
220.5172 	DATA 	Waiting for VASO trigger to start next trial
220.5172 	DATA 	
221.7374 	DATA 	Keypress: 5
221.7378 	DATA 	TR 150 | TR1 75 | TR2 75
223.2327 	DATA 	Keypress: 5
223.2343 	DATA 	
223.2343 	DATA 	Trial 8
223.2343 	DATA 	stimDur = 24.0
223.2343 	DATA 	jitter = 0.0
223.2343 	DATA 	restDur = 24.0

223.2343 	DATA 	
223.2343 	DATA 	TR 151 | TR1 76 | TR2 75
223.2344 	DATA 	
223.2344 	DATA 	stimulation started
223.2344 	DATA 	
224.6994 	DATA 	Keypress: 5
224.6998 	DATA 	TR 152 | TR1 76 | TR2 76
226.2003 	DATA 	Keypress: 5
226.2006 	DATA 	TR 153 | TR1 77 | TR2 76
227.6812 	DATA 	Keypress: 5
227.6815 	DATA 	TR 154 | TR1 77 | TR2 77
229.1826 	DATA 	Keypress: 5
229.1830 	DATA 	TR 155 | TR1 78 | TR2 77
230.6501 	DATA 	Keypress: 5
230.6505 	DATA 	TR 156 | TR1 78 | TR2 78
232.1512 	DATA 	Keypress: 5
232.1516 	DATA 	TR 157 | TR1 79 | TR2 78
233.6318 	DATA 	Keypress: 5
233.6321 	DATA 	TR 158 | TR1 79 | TR2 79
235.1325 	DATA 	Keypress: 5
235.1328 	DATA 	TR 159 | TR1 80 | TR2 79
236.6035 	DATA 	Keypress: 5
236.6186 	DATA 	TR 160 | TR1 80 | TR2 80
238.1014 	DATA 	Keypress: 5
238.1154 	DATA 	TR 161 | TR1 81 | TR2 80
239.5845 	DATA 	Keypress: 5
239.5849 	DATA 	TR 162 | TR1 81 | TR2 81
241.0847 	DATA 	Keypress: 5
241.0851 	DATA 	TR 163 | TR1 82 | TR2 81
242.5659 	DATA 	Keypress: 5
242.5663 	DATA 	TR 164 | TR1 82 | TR2 82
244.0671 	DATA 	Keypress: 5
244.0676 	DATA 	TR 165 | TR1 83 | TR2 82
245.5338 	DATA 	Keypress: 5
245.5341 	DATA 	TR 166 | TR1 83 | TR2 83
247.0347 	DATA 	Keypress: 5
247.0350 	DATA 	TR 167 | TR1 84 | TR2 83
247.2347 	DATA 	
247.2347 	DATA 	stimulation stopped
247.2347 	DATA 	
248.5153 	DATA 	Keypress: 5
248.5157 	DATA 	TR 168 | TR1 84 | TR2 84
250.0163 	DATA 	Keypress: 5
250.0166 	DATA 	TR 169 | TR1 85 | TR2 84
251.4845 	DATA 	Keypress: 5
251.4849 	DATA 	TR 170 | TR1 85 | TR2 85
252.9822 	DATA 	Keypress: 5
252.9825 	DATA 	TR 171 | TR1 86 | TR2 85
254.4661 	DATA 	Keypress: 5
254.4665 	DATA 	TR 172 | TR1 86 | TR2 86
255.9670 	DATA 	Keypress: 5
255.9673 	DATA 	TR 173 | TR1 87 | TR2 86
257.4369 	DATA 	Keypress: 5
257.4524 	DATA 	TR 174 | TR1 87 | TR2 87
258.9522 	DATA 	Keypress: 5
258.9526 	DATA 	TR 175 | TR1 88 | TR2 87
260.4169 	DATA 	Keypress: 5
260.4173 	DATA 	TR 176 | TR1 88 | TR2 88
261.9181 	DATA 	Keypress: 5
261.9185 	DATA 	TR 177 | TR1 89 | TR2 88
263.3997 	DATA 	Keypress: 5
263.4001 	DATA 	TR 178 | TR1 89 | TR2 89
264.8999 	DATA 	Keypress: 5
264.9003 	DATA 	TR 179 | TR1 90 | TR2 89
266.1164 	DATA 	Target presented
266.3678 	DATA 	Keypress: 5
266.3682 	DATA 	TR 180 | TR1 90 | TR2 90
266.9186 	DATA 	Keypress: 1
266.9347 	DATA 	Key1 pressed
266.9347 	DATA 	Target detected
267.8656 	DATA 	Keypress: 5
267.8660 	DATA 	TR 181 | TR1 91 | TR2 90
269.3497 	DATA 	Keypress: 5
269.3500 	DATA 	TR 182 | TR1 91 | TR2 91
270.8507 	DATA 	Keypress: 5
270.8511 	DATA 	TR 183 | TR1 92 | TR2 91
271.2338 	DATA 	
271.2338 	DATA 	Trial complete
271.2338 	DATA 	Waiting for VASO trigger to start next trial
271.2338 	DATA 	
272.3189 	DATA 	Keypress: 5
272.3192 	DATA 	TR 184 | TR1 92 | TR2 92
273.8174 	DATA 	Keypress: 5
273.8341 	DATA 	
273.8341 	DATA 	Trial 9
273.8341 	DATA 	stimDur = 2.0
273.8341 	DATA 	jitter = 0.0
273.8341 	DATA 	restDur = 14.0

273.8341 	DATA 	
273.8341 	DATA 	TR 185 | TR1 93 | TR2 92
273.8341 	DATA 	
273.8341 	DATA 	stimulation started
273.8341 	DATA 	
275.3002 	DATA 	Keypress: 5
275.3005 	DATA 	TR 186 | TR1 93 | TR2 93
275.8336 	DATA 	
275.8336 	DATA 	stimulation stopped
275.8336 	DATA 	
276.8009 	DATA 	Keypress: 5
276.8012 	DATA 	TR 187 | TR1 94 | TR2 93
278.2854 	DATA 	Keypress: 5
278.2858 	DATA 	TR 188 | TR1 94 | TR2 94
279.7865 	DATA 	Keypress: 5
279.7869 	DATA 	TR 189 | TR1 95 | TR2 94
281.2530 	DATA 	Keypress: 5
281.2534 	DATA 	TR 190 | TR1 95 | TR2 95
282.7482 	DATA 	Keypress: 5
282.7486 	DATA 	TR 191 | TR1 96 | TR2 95
284.2341 	DATA 	Keypress: 5
284.2345 	DATA 	TR 192 | TR1 96 | TR2 96
285.7356 	DATA 	Keypress: 5
285.7361 	DATA 	TR 193 | TR1 97 | TR2 96
287.2022 	DATA 	Keypress: 5
287.2025 	DATA 	TR 194 | TR1 97 | TR2 97
288.6992 	DATA 	Keypress: 5
288.6996 	DATA 	TR 195 | TR1 98 | TR2 97
289.8492 	DATA 	
289.8492 	DATA 	Trial complete
289.8493 	DATA 	Waiting for VASO trigger to start next trial
289.8493 	DATA 	
290.1838 	DATA 	Keypress: 5
290.1841 	DATA 	TR 196 | TR1 98 | TR2 98
291.6855 	DATA 	Keypress: 5
291.6870 	DATA 	
291.6870 	DATA 	Trial 10
291.6870 	DATA 	stimDur = 12.0
291.6870 	DATA 	jitter = 2.5
291.6870 	DATA 	restDur = 20.0

291.6870 	DATA 	
291.6870 	DATA 	TR 197 | TR1 99 | TR2 98
293.1665 	DATA 	Keypress: 5
293.1669 	DATA 	TR 198 | TR1 99 | TR2 99
294.1998 	DATA 	
294.1998 	DATA 	stimulation started
294.1998 	DATA 	
294.6674 	DATA 	Keypress: 5
294.6678 	DATA 	TR 199 | TR1 100 | TR2 99
296.1342 	DATA 	Keypress: 5
296.1345 	DATA 	TR 200 | TR1 100 | TR2 100
297.6357 	DATA 	Keypress: 5
297.6360 	DATA 	TR 201 | TR1 101 | TR2 100
299.1179 	DATA 	Keypress: 5
299.1183 	DATA 	TR 202 | TR1 101 | TR2 101
300.6047 	DATA 	Keypress: 5
300.6186 	DATA 	TR 203 | TR1 102 | TR2 101
302.0853 	DATA 	Keypress: 5
302.0857 	DATA 	TR 204 | TR1 102 | TR2 102
303.5826 	DATA 	Keypress: 5
303.5830 	DATA 	TR 205 | TR1 103 | TR2 102
305.0681 	DATA 	Keypress: 5
305.0685 	DATA 	TR 206 | TR1 103 | TR2 103
306.2004 	DATA 	
306.2005 	DATA 	stimulation stopped
306.2005 	DATA 	
306.5680 	DATA 	Keypress: 5
306.5682 	DATA 	TR 207 | TR1 104 | TR2 103
308.0504 	DATA 	Keypress: 5
308.0508 	DATA 	TR 208 | TR1 104 | TR2 104
309.5338 	DATA 	Keypress: 5
309.5341 	DATA 	TR 209 | TR1 105 | TR2 104
311.0172 	DATA 	Keypress: 5
311.0176 	DATA 	TR 210 | TR1 105 | TR2 105
312.5203 	DATA 	Keypress: 5
312.5207 	DATA 	TR 211 | TR1 106 | TR2 105
314.0007 	DATA 	Keypress: 5
314.0011 	DATA 	TR 212 | TR1 106 | TR2 106
315.4855 	DATA 	Keypress: 5
315.5011 	DATA 	TR 213 | TR1 107 | TR2 106
316.9686 	DATA 	Keypress: 5
316.9690 	DATA 	TR 214 | TR1 107 | TR2 107
317.3188 	DATA 	Target presented
318.1001 	DATA 	Keypress: 1
318.1009 	DATA 	Key1 pressed
318.1009 	DATA 	Target detected
318.4682 	DATA 	Keypress: 5
318.4685 	DATA 	TR 215 | TR1 108 | TR2 107
319.9519 	DATA 	Keypress: 5
319.9523 	DATA 	TR 216 | TR1 108 | TR2 108
321.4552 	DATA 	Keypress: 5
321.4555 	DATA 	TR 217 | TR1 109 | TR2 108
322.9161 	DATA 	Keypress: 5
322.9165 	DATA 	TR 218 | TR1 109 | TR2 109
324.4169 	DATA 	Keypress: 5
324.4173 	DATA 	TR 219 | TR1 110 | TR2 109
325.9022 	DATA 	Keypress: 5
325.9026 	DATA 	TR 220 | TR1 110 | TR2 110
326.2017 	DATA 	
326.2017 	DATA 	Trial complete
326.2017 	DATA 	Waiting for VASO trigger to start next trial
326.2017 	DATA 	
327.4039 	DATA 	Keypress: 5
327.4053 	DATA 	
327.4054 	DATA 	Trial 11
327.4054 	DATA 	stimDur = 2.0
327.4054 	DATA 	jitter = 2.5
327.4054 	DATA 	restDur = 14.0

327.4054 	DATA 	
327.4054 	DATA 	TR 221 | TR1 111 | TR2 110
328.8842 	DATA 	Keypress: 5
328.8846 	DATA 	TR 222 | TR1 111 | TR2 111
329.9165 	DATA 	
329.9166 	DATA 	stimulation started
329.9166 	DATA 	
330.3677 	DATA 	Keypress: 5
330.3681 	DATA 	TR 223 | TR1 112 | TR2 111
331.8529 	DATA 	Keypress: 5
331.8533 	DATA 	TR 224 | TR1 112 | TR2 112
331.9181 	DATA 	
331.9181 	DATA 	stimulation stopped
331.9181 	DATA 	
333.3491 	DATA 	Keypress: 5
333.3494 	DATA 	TR 225 | TR1 113 | TR2 112
334.8349 	DATA 	Keypress: 5
334.8353 	DATA 	TR 226 | TR1 113 | TR2 113
336.3198 	DATA 	Keypress: 5
336.3355 	DATA 	TR 227 | TR1 114 | TR2 113
337.8030 	DATA 	Keypress: 5
337.8033 	DATA 	TR 228 | TR1 114 | TR2 114
339.3009 	DATA 	Keypress: 5
339.3013 	DATA 	TR 229 | TR1 115 | TR2 114
340.7865 	DATA 	Keypress: 5
340.7869 	DATA 	TR 230 | TR1 115 | TR2 115
342.2901 	DATA 	Keypress: 5
342.2905 	DATA 	TR 231 | TR1 116 | TR2 115
343.7517 	DATA 	Keypress: 5
343.7674 	DATA 	TR 232 | TR1 116 | TR2 116
345.2510 	DATA 	Keypress: 5
345.2513 	DATA 	TR 233 | TR1 117 | TR2 116
345.9182 	DATA 	
345.9183 	DATA 	Trial complete
345.9183 	DATA 	Waiting for VASO trigger to start next trial
345.9183 	DATA 	
346.7361 	DATA 	Keypress: 5
346.7365 	DATA 	TR 234 | TR1 117 | TR2 117
348.2328 	DATA 	Keypress: 5
348.2338 	DATA 	
348.2338 	DATA 	Trial 12
348.2338 	DATA 	stimDur = 24.0
348.2338 	DATA 	jitter = 1.5
348.2338 	DATA 	restDur = 24.0

348.2339 	DATA 	
348.2339 	DATA 	TR 235 | TR1 118 | TR2 117
349.7191 	DATA 	Keypress: 5
349.7195 	DATA 	TR 236 | TR1 118 | TR2 118
349.7364 	DATA 	
349.7365 	DATA 	stimulation started
349.7365 	DATA 	
351.2024 	DATA 	Keypress: 5
351.2028 	DATA 	TR 237 | TR1 119 | TR2 118
352.6869 	DATA 	Keypress: 5
352.6873 	DATA 	TR 238 | TR1 119 | TR2 119
354.1833 	DATA 	Keypress: 5
354.1836 	DATA 	TR 239 | TR1 120 | TR2 119
355.6687 	DATA 	Keypress: 5
355.6690 	DATA 	TR 240 | TR1 120 | TR2 120
357.1542 	DATA 	Keypress: 5
357.1700 	DATA 	TR 241 | TR1 121 | TR2 120
358.6340 	DATA 	Keypress: 5
358.6344 	DATA 	TR 242 | TR1 121 | TR2 121
360.1370 	DATA 	Keypress: 5
360.1373 	DATA 	TR 243 | TR1 122 | TR2 121
360.8518 	DATA 	Target presented
361.6213 	DATA 	Keypress: 5
361.6217 	DATA 	TR 244 | TR1 122 | TR2 122
361.6536 	DATA 	Keypress: 1
361.6544 	DATA 	Key1 pressed
361.6544 	DATA 	Target detected
363.1178 	DATA 	Keypress: 5
363.1183 	DATA 	TR 245 | TR1 123 | TR2 122
364.5849 	DATA 	Keypress: 5
364.5854 	DATA 	TR 246 | TR1 123 | TR2 123
366.0855 	DATA 	Keypress: 5
366.0859 	DATA 	TR 247 | TR1 124 | TR2 123
367.5710 	DATA 	Keypress: 5
367.5714 	DATA 	TR 248 | TR1 124 | TR2 124
369.0679 	DATA 	Keypress: 5
369.0683 	DATA 	TR 249 | TR1 125 | TR2 124
370.5358 	DATA 	Keypress: 5
370.5507 	DATA 	TR 250 | TR1 125 | TR2 125
372.0366 	DATA 	Keypress: 5
372.0369 	DATA 	TR 251 | TR1 126 | TR2 125
373.5167 	DATA 	Keypress: 5
373.5171 	DATA 	TR 252 | TR1 126 | TR2 126
373.7494 	DATA 	
373.7494 	DATA 	stimulation stopped
373.7494 	DATA 	
375.0178 	DATA 	Keypress: 5
375.0181 	DATA 	TR 253 | TR1 127 | TR2 126
376.5034 	DATA 	Keypress: 5
376.5038 	DATA 	TR 254 | TR1 127 | TR2 127
377.9884 	DATA 	Keypress: 5
378.0050 	DATA 	TR 255 | TR1 128 | TR2 127
379.4684 	DATA 	Keypress: 5
379.4688 	DATA 	TR 256 | TR1 128 | TR2 128
380.9700 	DATA 	Keypress: 5
380.9704 	DATA 	TR 257 | TR1 129 | TR2 128
382.4547 	DATA 	Keypress: 5
382.4551 	DATA 	TR 258 | TR1 129 | TR2 129
383.9514 	DATA 	Keypress: 5
383.9519 	DATA 	TR 259 | TR1 130 | TR2 129
385.4189 	DATA 	Keypress: 5
385.4193 	DATA 	TR 260 | TR1 130 | TR2 130
386.9191 	DATA 	Keypress: 5
386.9194 	DATA 	TR 261 | TR1 131 | TR2 130
388.4001 	DATA 	Keypress: 5
388.4004 	DATA 	TR 262 | TR1 131 | TR2 131
389.9020 	DATA 	Keypress: 5
389.9024 	DATA 	TR 263 | TR1 132 | TR2 131
391.3869 	DATA 	Keypress: 5
391.3874 	DATA 	TR 264 | TR1 132 | TR2 132
392.8710 	DATA 	Keypress: 5
392.8713 	DATA 	TR 265 | TR1 133 | TR2 132
394.3508 	DATA 	Keypress: 5
394.3511 	DATA 	TR 266 | TR1 133 | TR2 133
395.8519 	DATA 	Keypress: 5
395.8522 	DATA 	TR 267 | TR1 134 | TR2 133
397.3376 	DATA 	Keypress: 5
397.3381 	DATA 	TR 268 | TR1 134 | TR2 134
397.7364 	DATA 	
397.7364 	DATA 	Trial complete
397.7364 	DATA 	Waiting for VASO trigger to start next trial
397.7364 	DATA 	
398.8362 	DATA 	Keypress: 5
398.8377 	DATA 	
398.8377 	DATA 	Trial 13
398.8377 	DATA 	stimDur = 24.0
398.8377 	DATA 	jitter = 2.5
398.8377 	DATA 	restDur = 24.0

398.8377 	DATA 	
398.8378 	DATA 	TR 269 | TR1 135 | TR2 134
400.3033 	DATA 	Keypress: 5
400.3037 	DATA 	TR 270 | TR1 135 | TR2 135
401.3387 	DATA 	
401.3388 	DATA 	stimulation started
401.3388 	DATA 	
401.8036 	DATA 	Keypress: 5
401.8040 	DATA 	TR 271 | TR1 136 | TR2 135
403.2836 	DATA 	Keypress: 5
403.2840 	DATA 	TR 272 | TR1 136 | TR2 136
404.7861 	DATA 	Keypress: 5
404.7865 	DATA 	TR 273 | TR1 137 | TR2 136
405.1517 	DATA 	Target presented
405.9190 	DATA 	Keypress: 1
405.9197 	DATA 	Key1 pressed
405.9198 	DATA 	Target detected
406.2535 	DATA 	Keypress: 5
406.2539 	DATA 	TR 274 | TR1 137 | TR2 137
407.7543 	DATA 	Keypress: 5
407.7546 	DATA 	TR 275 | TR1 138 | TR2 137
409.2343 	DATA 	Keypress: 5
409.2347 	DATA 	TR 276 | TR1 138 | TR2 138
410.7358 	DATA 	Keypress: 5
410.7362 	DATA 	TR 277 | TR1 139 | TR2 138
412.2215 	DATA 	Keypress: 5
412.2220 	DATA 	TR 278 | TR1 139 | TR2 139
413.7181 	DATA 	Keypress: 5
413.7184 	DATA 	TR 279 | TR1 140 | TR2 139
415.1848 	DATA 	Keypress: 5
415.1850 	DATA 	TR 280 | TR1 140 | TR2 140
416.6860 	DATA 	Keypress: 5
416.6862 	DATA 	TR 281 | TR1 141 | TR2 140
418.1721 	DATA 	Keypress: 5
418.1725 	DATA 	TR 282 | TR1 141 | TR2 141
419.6705 	DATA 	Keypress: 5
419.6709 	DATA 	TR 283 | TR1 142 | TR2 141
421.1361 	DATA 	Keypress: 5
421.1365 	DATA 	TR 284 | TR1 142 | TR2 142
422.6377 	DATA 	Keypress: 5
422.6381 	DATA 	TR 285 | TR1 143 | TR2 142
424.1186 	DATA 	Keypress: 5
424.1191 	DATA 	TR 286 | TR1 143 | TR2 143
425.3519 	DATA 	
425.3520 	DATA 	stimulation stopped
425.3520 	DATA 	
425.6202 	DATA 	Keypress: 5
425.6207 	DATA 	TR 287 | TR1 144 | TR2 143
427.0878 	DATA 	Keypress: 5
427.0882 	DATA 	TR 288 | TR1 144 | TR2 144
428.5859 	DATA 	Keypress: 5
428.6008 	DATA 	TR 289 | TR1 145 | TR2 144
430.0688 	DATA 	Keypress: 5
430.0692 	DATA 	TR 290 | TR1 145 | TR2 145
431.5707 	DATA 	Keypress: 5
431.5711 	DATA 	TR 291 | TR1 146 | TR2 145
433.0561 	DATA 	Keypress: 5
433.0565 	DATA 	TR 292 | TR1 146 | TR2 146
434.5526 	DATA 	Keypress: 5
434.5529 	DATA 	TR 293 | TR1 147 | TR2 146
436.0193 	DATA 	Keypress: 5
436.0196 	DATA 	TR 294 | TR1 147 | TR2 147
437.5208 	DATA 	Keypress: 5
437.5211 	DATA 	TR 295 | TR1 148 | TR2 147
439.0034 	DATA 	Keypress: 5
439.0039 	DATA 	TR 296 | TR1 148 | TR2 148
440.5046 	DATA 	Keypress: 5
440.5050 	DATA 	TR 297 | TR1 149 | TR2 148
441.9719 	DATA 	Keypress: 5
441.9722 	DATA 	TR 298 | TR1 149 | TR2 149
443.4700 	DATA 	Keypress: 5
443.4704 	DATA 	TR 299 | TR1 150 | TR2 149
444.9526 	DATA 	Keypress: 5
444.9530 	DATA 	TR 300 | TR1 150 | TR2 150
446.4545 	DATA 	Keypress: 5
446.4549 	DATA 	TR 301 | TR1 151 | TR2 150
447.9221 	DATA 	Keypress: 5
447.9225 	DATA 	TR 302 | TR1 151 | TR2 151
449.3518 	DATA 	
449.3518 	DATA 	Trial complete
449.3519 	DATA 	Waiting for VASO trigger to start next trial
449.3519 	DATA 	
449.4350 	DATA 	Keypress: 5
449.4362 	DATA 	
449.4362 	DATA 	Trial 14
449.4363 	DATA 	stimDur = 12.0
449.4363 	DATA 	jitter = 0.5
449.4363 	DATA 	restDur = 20.0

449.4363 	DATA 	
449.4363 	DATA 	TR 303 | TR1 152 | TR2 151
449.9355 	DATA 	
449.9355 	DATA 	stimulation started
449.9355 	DATA 	
450.9032 	DATA 	Keypress: 5
450.9036 	DATA 	TR 304 | TR1 152 | TR2 152
452.4049 	DATA 	Keypress: 5
452.4053 	DATA 	TR 305 | TR1 153 | TR2 152
453.8846 	DATA 	Keypress: 5
453.8850 	DATA 	TR 306 | TR1 153 | TR2 153
455.3854 	DATA 	Keypress: 5
455.3857 	DATA 	TR 307 | TR1 154 | TR2 153
456.8539 	DATA 	Keypress: 5
456.8542 	DATA 	TR 308 | TR1 154 | TR2 154
458.3534 	DATA 	Keypress: 5
458.3537 	DATA 	TR 309 | TR1 155 | TR2 154
459.8357 	DATA 	Keypress: 5
459.8361 	DATA 	TR 310 | TR1 155 | TR2 155
461.3383 	DATA 	Keypress: 5
461.3386 	DATA 	TR 311 | TR1 156 | TR2 155
461.9379 	DATA 	
461.9379 	DATA 	stimulation stopped
461.9379 	DATA 	
462.8076 	DATA 	Keypress: 5
462.8079 	DATA 	TR 312 | TR1 156 | TR2 156
463.8347 	DATA 	Target presented
464.3025 	DATA 	Keypress: 5
464.3029 	DATA 	TR 313 | TR1 157 | TR2 156
464.5878 	DATA 	Keypress: 1
464.5886 	DATA 	Key1 pressed
464.5886 	DATA 	Target detected
465.7868 	DATA 	Keypress: 5
465.7872 	DATA 	TR 314 | TR1 157 | TR2 157
467.2886 	DATA 	Keypress: 5
467.2892 	DATA 	TR 315 | TR1 158 | TR2 157
468.7697 	DATA 	Keypress: 5
468.7702 	DATA 	TR 316 | TR1 158 | TR2 158
470.2697 	DATA 	Keypress: 5
470.2700 	DATA 	TR 317 | TR1 159 | TR2 158
471.7373 	DATA 	Keypress: 5
471.7377 	DATA 	TR 318 | TR1 159 | TR2 159
473.2393 	DATA 	Keypress: 5
473.2397 	DATA 	TR 319 | TR1 160 | TR2 159
474.7192 	DATA 	Keypress: 5
474.7196 	DATA 	TR 320 | TR1 160 | TR2 160
476.2210 	DATA 	Keypress: 5
476.2214 	DATA 	TR 321 | TR1 161 | TR2 160
477.6880 	DATA 	Keypress: 5
477.6883 	DATA 	TR 322 | TR1 161 | TR2 161
479.1866 	DATA 	Keypress: 5
479.1869 	DATA 	TR 323 | TR1 162 | TR2 161
480.6708 	DATA 	Keypress: 5
480.6712 	DATA 	TR 324 | TR1 162 | TR2 162
481.9370 	DATA 	
481.9370 	DATA 	Trial complete
481.9371 	DATA 	Waiting for VASO trigger to start next trial
481.9371 	DATA 	
482.1733 	DATA 	Keypress: 5
482.1747 	DATA 	
482.1747 	DATA 	Trial 15
482.1747 	DATA 	stimDur = 4.0
482.1748 	DATA 	jitter = 2.5
482.1748 	DATA 	restDur = 16.0

482.1748 	DATA 	
482.1748 	DATA 	TR 325 | TR1 163 | TR2 162
483.6548 	DATA 	Keypress: 5
483.6552 	DATA 	TR 326 | TR1 163 | TR2 163
484.6873 	DATA 	
484.6873 	DATA 	stimulation started
484.6873 	DATA 	
485.1366 	DATA 	Keypress: 5
485.1369 	DATA 	TR 327 | TR1 164 | TR2 163
486.6210 	DATA 	Keypress: 5
486.6215 	DATA 	TR 328 | TR1 164 | TR2 164
488.1227 	DATA 	Keypress: 5
488.1231 	DATA 	TR 329 | TR1 165 | TR2 164
488.6848 	DATA 	
488.6849 	DATA 	stimulation stopped
488.6849 	DATA 	
489.6039 	DATA 	Keypress: 5
489.6044 	DATA 	TR 330 | TR1 165 | TR2 165
491.0890 	DATA 	Keypress: 5
491.1055 	DATA 	TR 331 | TR1 166 | TR2 165
492.5719 	DATA 	Keypress: 5
492.5723 	DATA 	TR 332 | TR1 166 | TR2 166
494.0692 	DATA 	Keypress: 5
494.0696 	DATA 	TR 333 | TR1 167 | TR2 166
495.5530 	DATA 	Keypress: 5
495.5534 	DATA 	TR 334 | TR1 167 | TR2 167
497.0538 	DATA 	Keypress: 5
497.0542 	DATA 	TR 335 | TR1 168 | TR2 167
498.5198 	DATA 	Keypress: 5
498.5201 	DATA 	TR 336 | TR1 168 | TR2 168
500.0207 	DATA 	Keypress: 5
500.0210 	DATA 	TR 337 | TR1 169 | TR2 168
501.5074 	DATA 	Keypress: 5
501.5078 	DATA 	TR 338 | TR1 169 | TR2 169
503.0059 	DATA 	Keypress: 5
503.0063 	DATA 	TR 339 | TR1 170 | TR2 169
504.4888 	DATA 	Keypress: 5
504.4892 	DATA 	TR 340 | TR1 170 | TR2 170
504.6877 	DATA 	
504.6877 	DATA 	Trial complete
504.6878 	DATA 	Waiting for VASO trigger to start next trial
504.6878 	DATA 	
505.9728 	DATA 	Keypress: 5
505.9741 	DATA 	
505.9741 	DATA 	Trial 16
505.9741 	DATA 	stimDur = 4.0
505.9741 	DATA 	jitter = 0.0
505.9741 	DATA 	restDur = 16.0

505.9741 	DATA 	
505.9741 	DATA 	TR 341 | TR1 171 | TR2 170
505.9741 	DATA 	
505.9741 	DATA 	stimulation started
505.9741 	DATA 	
507.4553 	DATA 	Keypress: 5
507.4557 	DATA 	TR 342 | TR1 171 | TR2 171
508.9521 	DATA 	Keypress: 5
508.9524 	DATA 	TR 343 | TR1 172 | TR2 171
509.9862 	DATA 	
509.9863 	DATA 	stimulation stopped
509.9863 	DATA 	
510.4378 	DATA 	Keypress: 5
510.4383 	DATA 	TR 344 | TR1 172 | TR2 172
511.9220 	DATA 	Keypress: 5
511.9379 	DATA 	TR 345 | TR1 173 | TR2 172
513.4061 	DATA 	Keypress: 5
513.4064 	DATA 	TR 346 | TR1 173 | TR2 173
514.9028 	DATA 	Keypress: 5
514.9031 	DATA 	TR 347 | TR1 174 | TR2 173
516.3876 	DATA 	Keypress: 5
516.3879 	DATA 	TR 348 | TR1 174 | TR2 174
517.8897 	DATA 	Keypress: 5
517.8901 	DATA 	TR 349 | TR1 175 | TR2 174
519.3537 	DATA 	Keypress: 5
519.3541 	DATA 	TR 350 | TR1 175 | TR2 175
520.8543 	DATA 	Keypress: 5
520.8546 	DATA 	TR 351 | TR1 176 | TR2 175
522.3385 	DATA 	Keypress: 5
522.3388 	DATA 	TR 352 | TR1 176 | TR2 176
523.8358 	DATA 	Keypress: 5
523.8362 	DATA 	TR 353 | TR1 177 | TR2 176
525.3053 	DATA 	Keypress: 5
525.3056 	DATA 	TR 354 | TR1 177 | TR2 177
525.9888 	DATA 	
525.9888 	DATA 	Trial complete
525.9889 	DATA 	Waiting for VASO trigger to start next trial
525.9889 	DATA 	
526.8047 	DATA 	Keypress: 5
526.8058 	DATA 	
526.8058 	DATA 	Trial 17
526.8058 	DATA 	stimDur = 24.0
526.8058 	DATA 	jitter = 0.5
526.8058 	DATA 	restDur = 24.0

526.8058 	DATA 	
526.8058 	DATA 	TR 355 | TR1 178 | TR2 177
527.3233 	DATA 	
527.3233 	DATA 	stimulation started
527.3234 	DATA 	
528.2898 	DATA 	Keypress: 5
528.2901 	DATA 	TR 356 | TR1 178 | TR2 178
529.7863 	DATA 	Keypress: 5
529.7866 	DATA 	TR 357 | TR1 179 | TR2 178
530.3036 	DATA 	Target presented
531.0707 	DATA 	Keypress: 1
531.0714 	DATA 	Key1 pressed
531.0714 	DATA 	Target detected
531.2719 	DATA 	Keypress: 5
531.2725 	DATA 	TR 358 | TR1 179 | TR2 179
532.7737 	DATA 	Keypress: 5
532.7743 	DATA 	TR 359 | TR1 180 | TR2 179
534.2359 	DATA 	Keypress: 5
534.2363 	DATA 	TR 360 | TR1 180 | TR2 180
535.7372 	DATA 	Keypress: 5
535.7375 	DATA 	TR 361 | TR1 181 | TR2 180
537.2228 	DATA 	Keypress: 5
537.2232 	DATA 	TR 362 | TR1 181 | TR2 181
538.7184 	DATA 	Keypress: 5
538.7186 	DATA 	TR 363 | TR1 182 | TR2 181
540.1884 	DATA 	Keypress: 5
540.2036 	DATA 	TR 364 | TR1 182 | TR2 182
541.6880 	DATA 	Keypress: 5
541.6884 	DATA 	TR 365 | TR1 183 | TR2 182
543.1735 	DATA 	Keypress: 5
543.1739 	DATA 	TR 366 | TR1 183 | TR2 183
544.6701 	DATA 	Keypress: 5
544.6705 	DATA 	TR 367 | TR1 184 | TR2 183
546.1413 	DATA 	Keypress: 5
546.1547 	DATA 	TR 368 | TR1 184 | TR2 184
547.6415 	DATA 	Keypress: 5
547.6418 	DATA 	TR 369 | TR1 185 | TR2 184
549.1193 	DATA 	Keypress: 5
549.1197 	DATA 	TR 370 | TR1 185 | TR2 185
550.6207 	DATA 	Keypress: 5
550.6211 	DATA 	TR 371 | TR1 186 | TR2 185
551.3212 	DATA 	
551.3212 	DATA 	stimulation stopped
551.3212 	DATA 	
552.1070 	DATA 	Keypress: 5
552.1075 	DATA 	TR 372 | TR1 186 | TR2 186
553.6081 	DATA 	Keypress: 5
553.6085 	DATA 	TR 373 | TR1 187 | TR2 186
555.0702 	DATA 	Keypress: 5
555.0706 	DATA 	TR 374 | TR1 187 | TR2 187
556.5716 	DATA 	Keypress: 5
556.5719 	DATA 	TR 375 | TR1 188 | TR2 187
558.0576 	DATA 	Keypress: 5
558.0580 	DATA 	TR 376 | TR1 188 | TR2 188
559.5532 	DATA 	Keypress: 5
559.5535 	DATA 	TR 377 | TR1 189 | TR2 188
561.0215 	DATA 	Keypress: 5
561.0218 	DATA 	TR 378 | TR1 189 | TR2 189
562.5221 	DATA 	Keypress: 5
562.5223 	DATA 	TR 379 | TR1 190 | TR2 189
564.0028 	DATA 	Keypress: 5
564.0032 	DATA 	TR 380 | TR1 190 | TR2 190
565.5037 	DATA 	Keypress: 5
565.5040 	DATA 	TR 381 | TR1 191 | TR2 190
566.9758 	DATA 	Keypress: 5
566.9898 	DATA 	TR 382 | TR1 191 | TR2 191
568.4734 	DATA 	Keypress: 5
568.4738 	DATA 	TR 383 | TR1 192 | TR2 191
569.9539 	DATA 	Keypress: 5
569.9543 	DATA 	TR 384 | TR1 192 | TR2 192
571.4554 	DATA 	Keypress: 5
571.4558 	DATA 	TR 385 | TR1 193 | TR2 192
571.9554 	DATA 	Target presented
572.8723 	DATA 	Keypress: 1
572.8728 	DATA 	Key1 pressed
572.8728 	DATA 	Target detected
572.9408 	DATA 	Keypress: 5
572.9413 	DATA 	TR 386 | TR1 193 | TR2 193
574.4372 	DATA 	Keypress: 5
574.4376 	DATA 	TR 387 | TR1 194 | TR2 193
575.3200 	DATA 	
575.3201 	DATA 	Trial complete
575.3201 	DATA 	Waiting for VASO trigger to start next trial
575.3201 	DATA 	
575.9048 	DATA 	Keypress: 5
575.9051 	DATA 	TR 388 | TR1 194 | TR2 194
577.4059 	DATA 	Keypress: 5
577.4072 	DATA 	
577.4072 	DATA 	Trial 18
577.4072 	DATA 	stimDur = 2.0
577.4072 	DATA 	jitter = 1.5
577.4072 	DATA 	restDur = 14.0

577.4072 	DATA 	
577.4072 	DATA 	TR 389 | TR1 195 | TR2 194
578.8859 	DATA 	Keypress: 5
578.8862 	DATA 	TR 390 | TR1 195 | TR2 195
578.9186 	DATA 	
578.9187 	DATA 	stimulation started
578.9187 	DATA 	
580.3873 	DATA 	Keypress: 5
580.3877 	DATA 	TR 391 | TR1 196 | TR2 195
580.9209 	DATA 	
580.9209 	DATA 	stimulation stopped
580.9210 	DATA 	
581.8553 	DATA 	Keypress: 5
581.8556 	DATA 	TR 392 | TR1 196 | TR2 196
583.3566 	DATA 	Keypress: 5
583.3569 	DATA 	TR 393 | TR1 197 | TR2 196
584.8372 	DATA 	Keypress: 5
584.8376 	DATA 	TR 394 | TR1 197 | TR2 197
586.3384 	DATA 	Keypress: 5
586.3388 	DATA 	TR 395 | TR1 198 | TR2 197
587.8259 	DATA 	Keypress: 5
587.8263 	DATA 	TR 396 | TR1 198 | TR2 198
589.3217 	DATA 	Keypress: 5
589.3222 	DATA 	TR 397 | TR1 199 | TR2 198
590.7882 	DATA 	Keypress: 5
590.7885 	DATA 	TR 398 | TR1 199 | TR2 199
592.2893 	DATA 	Keypress: 5
592.2897 	DATA 	TR 399 | TR1 200 | TR2 199
593.7752 	DATA 	Keypress: 5
593.7756 	DATA 	TR 400 | TR1 200 | TR2 200
594.9232 	DATA 	
594.9232 	DATA 	Trial complete
594.9233 	DATA 	Waiting for VASO trigger to start next trial
594.9233 	DATA 	
595.2705 	DATA 	Keypress: 5
595.2716 	DATA 	
595.2716 	DATA 	Trial 19
595.2716 	DATA 	stimDur = 2.0
595.2716 	DATA 	jitter = 1.0
595.2716 	DATA 	restDur = 14.0

595.2716 	DATA 	
595.2716 	DATA 	TR 401 | TR1 201 | TR2 200
596.2711 	DATA 	
596.2712 	DATA 	stimulation started
596.2712 	DATA 	
596.7392 	DATA 	Keypress: 5
596.7396 	DATA 	TR 402 | TR1 201 | TR2 201
598.2400 	DATA 	Keypress: 5
598.2403 	DATA 	TR 403 | TR1 202 | TR2 201
598.2729 	DATA 	
598.2729 	DATA 	stimulation stopped
598.2729 	DATA 	
599.7205 	DATA 	Keypress: 5
599.7208 	DATA 	TR 404 | TR1 202 | TR2 202
601.2219 	DATA 	Keypress: 5
601.2223 	DATA 	TR 405 | TR1 203 | TR2 202
602.6905 	DATA 	Keypress: 5
602.7064 	DATA 	TR 406 | TR1 203 | TR2 203
604.1892 	DATA 	Keypress: 5
604.1896 	DATA 	TR 407 | TR1 204 | TR2 203
605.6714 	DATA 	Keypress: 5
605.6717 	DATA 	TR 408 | TR1 204 | TR2 204
607.1747 	DATA 	Keypress: 5
607.1750 	DATA 	TR 409 | TR1 205 | TR2 204
608.6434 	DATA 	Keypress: 5
608.6438 	DATA 	TR 410 | TR1 205 | TR2 205
610.1562 	DATA 	Keypress: 5
610.1566 	DATA 	TR 411 | TR1 206 | TR2 205
611.6223 	DATA 	Keypress: 5
611.6227 	DATA 	TR 412 | TR1 206 | TR2 206
612.2723 	DATA 	
612.2723 	DATA 	Trial complete
612.2723 	DATA 	Waiting for VASO trigger to start next trial
612.2723 	DATA 	
613.1239 	DATA 	Keypress: 5
613.1252 	DATA 	
613.1252 	DATA 	Trial 20
613.1252 	DATA 	stimDur = 4.0
613.1252 	DATA 	jitter = 0.5
613.1252 	DATA 	restDur = 16.0

613.1252 	DATA 	
613.1252 	DATA 	TR 413 | TR1 207 | TR2 206
613.6406 	DATA 	
613.6407 	DATA 	stimulation started
613.6407 	DATA 	
614.6038 	DATA 	Keypress: 5
614.6041 	DATA 	TR 414 | TR1 207 | TR2 207
616.1065 	DATA 	Keypress: 5
616.1069 	DATA 	TR 415 | TR1 208 | TR2 207
617.5733 	DATA 	Keypress: 5
617.5736 	DATA 	TR 416 | TR1 208 | TR2 208
617.6396 	DATA 	
617.6396 	DATA 	stimulation stopped
617.6396 	DATA 	
619.0704 	DATA 	Keypress: 5
619.0707 	DATA 	TR 417 | TR1 209 | TR2 208
620.5548 	DATA 	Keypress: 5
620.5551 	DATA 	TR 418 | TR1 209 | TR2 209
622.0559 	DATA 	Keypress: 5
622.0561 	DATA 	TR 419 | TR1 210 | TR2 209
623.5252 	DATA 	Keypress: 5
623.5411 	DATA 	TR 420 | TR1 210 | TR2 210
625.0241 	DATA 	Keypress: 5
625.0388 	DATA 	TR 421 | TR1 211 | TR2 210
626.5083 	DATA 	Keypress: 5
626.5087 	DATA 	TR 422 | TR1 211 | TR2 211
628.0108 	DATA 	Keypress: 5
628.0112 	DATA 	TR 423 | TR1 212 | TR2 211
629.4909 	DATA 	Keypress: 5
629.4913 	DATA 	TR 424 | TR1 212 | TR2 212
630.9906 	DATA 	Keypress: 5
630.9913 	DATA 	TR 425 | TR1 213 | TR2 212
632.4568 	DATA 	Keypress: 5
632.4572 	DATA 	TR 426 | TR1 213 | TR2 213
633.6409 	DATA 	
633.6410 	DATA 	Trial complete
633.6410 	DATA 	Waiting for VASO trigger to start next trial
633.6410 	DATA 	
633.9539 	DATA 	Keypress: 5
633.9550 	DATA 	
633.9550 	DATA 	Trial 21
633.9551 	DATA 	stimDur = 4.0
633.9551 	DATA 	jitter = 1.5
633.9551 	DATA 	restDur = 16.0

633.9551 	DATA 	
633.9551 	DATA 	TR 427 | TR1 214 | TR2 213
635.4395 	DATA 	Keypress: 5
635.4400 	DATA 	TR 428 | TR1 214 | TR2 214
635.4561 	DATA 	
635.4561 	DATA 	stimulation started
635.4561 	DATA 	
636.9406 	DATA 	Keypress: 5
636.9410 	DATA 	TR 429 | TR1 215 | TR2 214
637.5902 	DATA 	Target presented
638.3407 	DATA 	Keypress: 1
638.3414 	DATA 	Key1 pressed
638.3414 	DATA 	Target detected
638.4074 	DATA 	Keypress: 5
638.4077 	DATA 	TR 430 | TR1 215 | TR2 215
639.4700 	DATA 	
639.4700 	DATA 	stimulation stopped
639.4700 	DATA 	
639.9048 	DATA 	Keypress: 5
639.9052 	DATA 	TR 431 | TR1 216 | TR2 215
641.3895 	DATA 	Keypress: 5
641.3898 	DATA 	TR 432 | TR1 216 | TR2 216
642.8905 	DATA 	Keypress: 5
642.8909 	DATA 	TR 433 | TR1 217 | TR2 216
644.3750 	DATA 	Keypress: 5
644.3754 	DATA 	TR 434 | TR1 217 | TR2 217
645.8757 	DATA 	Keypress: 5
645.8761 	DATA 	TR 435 | TR1 218 | TR2 217
647.3404 	DATA 	Keypress: 5
647.3407 	DATA 	TR 436 | TR1 218 | TR2 218
648.8419 	DATA 	Keypress: 5
648.8422 	DATA 	TR 437 | TR1 219 | TR2 218
650.3233 	DATA 	Keypress: 5
650.3239 	DATA 	TR 438 | TR1 219 | TR2 219
651.8265 	DATA 	Keypress: 5
651.8270 	DATA 	TR 439 | TR1 220 | TR2 219
653.2911 	DATA 	Keypress: 5
653.2915 	DATA 	TR 440 | TR1 220 | TR2 220
654.7882 	DATA 	Keypress: 5
654.7885 	DATA 	TR 441 | TR1 221 | TR2 220
655.4552 	DATA 	
655.4553 	DATA 	Trial complete
655.4553 	DATA 	Waiting for VASO trigger to start next trial
655.4553 	DATA 	
656.2722 	DATA 	Keypress: 5
656.2725 	DATA 	TR 442 | TR1 221 | TR2 221
657.7751 	DATA 	Keypress: 5
657.7766 	DATA 	
657.7766 	DATA 	Trial 22
657.7766 	DATA 	stimDur = 4.0
657.7766 	DATA 	jitter = 2.0
657.7766 	DATA 	restDur = 16.0

657.7767 	DATA 	
657.7767 	DATA 	TR 443 | TR1 222 | TR2 221
659.2551 	DATA 	Keypress: 5
659.2554 	DATA 	TR 444 | TR1 222 | TR2 222
659.7873 	DATA 	
659.7874 	DATA 	stimulation started
659.7874 	DATA 	
660.7401 	DATA 	Keypress: 5
660.7556 	DATA 	TR 445 | TR1 223 | TR2 222
662.2234 	DATA 	Keypress: 5
662.2237 	DATA 	TR 446 | TR1 223 | TR2 223
663.7248 	DATA 	Keypress: 5
663.7253 	DATA 	TR 447 | TR1 224 | TR2 223
663.7904 	DATA 	
663.7904 	DATA 	stimulation stopped
663.7904 	DATA 	
665.2076 	DATA 	Keypress: 5
665.2080 	DATA 	TR 448 | TR1 224 | TR2 224
666.6918 	DATA 	Keypress: 5
666.6921 	DATA 	TR 449 | TR1 225 | TR2 224
668.1746 	DATA 	Keypress: 5
668.1749 	DATA 	TR 450 | TR1 225 | TR2 225
669.6715 	DATA 	Keypress: 5
669.6718 	DATA 	TR 451 | TR1 226 | TR2 225
671.1573 	DATA 	Keypress: 5
671.1578 	DATA 	TR 452 | TR1 226 | TR2 226
672.6585 	DATA 	Keypress: 5
672.6590 	DATA 	TR 453 | TR1 227 | TR2 226
674.1217 	DATA 	Keypress: 5
674.1220 	DATA 	TR 454 | TR1 227 | TR2 227
675.6218 	DATA 	Keypress: 5
675.6221 	DATA 	TR 455 | TR1 228 | TR2 227
677.1072 	DATA 	Keypress: 5
677.1076 	DATA 	TR 456 | TR1 228 | TR2 228
678.6093 	DATA 	Keypress: 5
678.6097 	DATA 	TR 457 | TR1 229 | TR2 228
678.7077 	DATA 	Target presented
679.4880 	DATA 	Keypress: 1
679.4887 	DATA 	Key1 pressed
679.4887 	DATA 	Target detected
679.7874 	DATA 	
679.7874 	DATA 	Trial complete
679.7874 	DATA 	Waiting for VASO trigger to start next trial
679.7875 	DATA 	
680.0892 	DATA 	Keypress: 5
680.0896 	DATA 	TR 458 | TR1 229 | TR2 229
681.5734 	DATA 	Keypress: 5
681.5747 	DATA 	
681.5747 	DATA 	Trial 23
681.5747 	DATA 	stimDur = 1.0
681.5747 	DATA 	jitter = 0.5
681.5747 	DATA 	restDur = 12.0

681.5747 	DATA 	
681.5747 	DATA 	TR 459 | TR1 230 | TR2 229
682.0894 	DATA 	
682.0894 	DATA 	stimulation started
682.0894 	DATA 	
683.0584 	DATA 	Keypress: 5
683.0588 	DATA 	TR 460 | TR1 230 | TR2 230
683.0746 	DATA 	
683.0746 	DATA 	stimulation stopped
683.0746 	DATA 	
684.5555 	DATA 	Keypress: 5
684.5559 	DATA 	TR 461 | TR1 231 | TR2 230
686.0409 	DATA 	Keypress: 5
686.0413 	DATA 	TR 462 | TR1 231 | TR2 231
687.5444 	DATA 	Keypress: 5
687.5452 	DATA 	TR 463 | TR1 232 | TR2 231
689.0093 	DATA 	Keypress: 5
689.0096 	DATA 	TR 464 | TR1 232 | TR2 232
690.5055 	DATA 	Keypress: 5
690.5058 	DATA 	TR 465 | TR1 233 | TR2 232
691.9906 	DATA 	Keypress: 5
691.9911 	DATA 	TR 466 | TR1 233 | TR2 233
693.4929 	DATA 	Keypress: 5
693.4933 	DATA 	TR 467 | TR1 234 | TR2 233
694.9572 	DATA 	Keypress: 5
694.9733 	DATA 	TR 468 | TR1 234 | TR2 234
695.0887 	DATA 	
695.0887 	DATA 	Trial complete
695.0887 	DATA 	Waiting for VASO trigger to start next trial
695.0887 	DATA 	
696.4569 	DATA 	Keypress: 5
696.4582 	DATA 	
696.4582 	DATA 	Trial 24
696.4582 	DATA 	stimDur = 1.0
696.4582 	DATA 	jitter = 2.5
696.4582 	DATA 	restDur = 12.0

696.4582 	DATA 	
696.4582 	DATA 	TR 469 | TR1 235 | TR2 234
697.9423 	DATA 	Keypress: 5
697.9427 	DATA 	TR 470 | TR1 235 | TR2 235
698.9583 	DATA 	
698.9583 	DATA 	stimulation started
698.9583 	DATA 	
699.4382 	DATA 	Keypress: 5
699.4385 	DATA 	TR 471 | TR1 236 | TR2 235
699.9713 	DATA 	
699.9713 	DATA 	stimulation stopped
699.9713 	DATA 	
700.9234 	DATA 	Keypress: 5
700.9237 	DATA 	TR 472 | TR1 236 | TR2 236
702.4077 	DATA 	Keypress: 5
702.4080 	DATA 	TR 473 | TR1 237 | TR2 236
703.8928 	DATA 	Keypress: 5
703.8932 	DATA 	TR 474 | TR1 237 | TR2 237
705.3895 	DATA 	Keypress: 5
705.3898 	DATA 	TR 475 | TR1 238 | TR2 237
706.8760 	DATA 	Keypress: 5
706.8765 	DATA 	TR 476 | TR1 238 | TR2 238
708.3614 	DATA 	Keypress: 5
708.3767 	DATA 	TR 477 | TR1 239 | TR2 238
709.8391 	DATA 	Keypress: 5
709.8395 	DATA 	TR 478 | TR1 239 | TR2 239
711.3402 	DATA 	Keypress: 5
711.3406 	DATA 	TR 479 | TR1 240 | TR2 239
711.9755 	DATA 	
711.9756 	DATA 	Trial complete
711.9756 	DATA 	Waiting for VASO trigger to start next trial
711.9756 	DATA 	
712.8259 	DATA 	Keypress: 5
712.8264 	DATA 	TR 480 | TR1 240 | TR2 240
714.3233 	DATA 	Keypress: 5
714.3247 	DATA 	
714.3248 	DATA 	Trial 25
714.3248 	DATA 	stimDur = 4.0
714.3248 	DATA 	jitter = 1.0
714.3248 	DATA 	restDur = 16.0

714.3248 	DATA 	
714.3248 	DATA 	TR 481 | TR1 241 | TR2 240
715.3391 	DATA 	
715.3391 	DATA 	stimulation started
715.3392 	DATA 	
715.7916 	DATA 	Keypress: 5
715.8074 	DATA 	TR 482 | TR1 241 | TR2 241
717.2901 	DATA 	Keypress: 5
717.2904 	DATA 	TR 483 | TR1 242 | TR2 241
718.7761 	DATA 	Keypress: 5
718.7765 	DATA 	TR 484 | TR1 242 | TR2 242
719.3377 	DATA 	
719.3377 	DATA 	stimulation stopped
719.3377 	DATA 	
720.2722 	DATA 	Keypress: 5
720.2725 	DATA 	TR 485 | TR1 243 | TR2 242
721.7578 	DATA 	Keypress: 5
721.7582 	DATA 	TR 486 | TR1 243 | TR2 243
723.2418 	DATA 	Keypress: 5
723.2421 	DATA 	TR 487 | TR1 244 | TR2 243
724.7226 	DATA 	Keypress: 5
724.7229 	DATA 	TR 488 | TR1 244 | TR2 244
726.2239 	DATA 	Keypress: 5
726.2242 	DATA 	TR 489 | TR1 245 | TR2 244
727.7104 	DATA 	Keypress: 5
727.7108 	DATA 	TR 490 | TR1 245 | TR2 245
729.1957 	DATA 	Keypress: 5
729.2107 	DATA 	TR 491 | TR1 246 | TR2 245
730.6753 	DATA 	Keypress: 5
730.6756 	DATA 	TR 492 | TR1 246 | TR2 246
732.1742 	DATA 	Keypress: 5
732.1746 	DATA 	TR 493 | TR1 247 | TR2 246
733.6603 	DATA 	Keypress: 5
733.6608 	DATA 	TR 494 | TR1 247 | TR2 247
735.1572 	DATA 	Keypress: 5
735.1576 	DATA 	TR 495 | TR1 248 | TR2 247
735.3395 	DATA 	
735.3395 	DATA 	Trial complete
735.3396 	DATA 	Waiting for VASO trigger to start next trial
735.3396 	DATA 	
736.6252 	DATA 	Keypress: 5
736.6416 	DATA 	TR 496 | TR1 248 | TR2 248
738.1253 	DATA 	Keypress: 5
738.1265 	DATA 	
738.1266 	DATA 	Trial 26
738.1266 	DATA 	stimDur = 24.0
738.1266 	DATA 	jitter = 1.0
738.1266 	DATA 	restDur = 24.0

738.1266 	DATA 	
738.1266 	DATA 	TR 497 | TR1 249 | TR2 248
739.1258 	DATA 	
739.1258 	DATA 	stimulation started
739.1258 	DATA 	
739.6054 	DATA 	Keypress: 5
739.6058 	DATA 	TR 498 | TR1 249 | TR2 249
741.1066 	DATA 	Keypress: 5
741.1069 	DATA 	TR 499 | TR1 250 | TR2 249
742.5912 	DATA 	Keypress: 5
742.5915 	DATA 	TR 500 | TR1 250 | TR2 250
744.0768 	DATA 	Keypress: 5
744.0924 	DATA 	TR 501 | TR1 251 | TR2 250
745.5568 	DATA 	Keypress: 5
745.5571 	DATA 	TR 502 | TR1 251 | TR2 251
747.0597 	DATA 	Keypress: 5
747.0600 	DATA 	TR 503 | TR1 252 | TR2 251
748.5438 	DATA 	Keypress: 5
748.5442 	DATA 	TR 504 | TR1 252 | TR2 252
750.0431 	DATA 	Keypress: 5
750.0435 	DATA 	TR 505 | TR1 253 | TR2 252
751.5073 	DATA 	Keypress: 5
751.5076 	DATA 	TR 506 | TR1 253 | TR2 253
753.0087 	DATA 	Keypress: 5
753.0091 	DATA 	TR 507 | TR1 254 | TR2 253
754.4896 	DATA 	Keypress: 5
754.4900 	DATA 	TR 508 | TR1 254 | TR2 254
755.9736 	DATA 	Target presented
755.9903 	DATA 	Keypress: 5
755.9906 	DATA 	TR 509 | TR1 255 | TR2 254
756.7420 	DATA 	Keypress: 1
756.7429 	DATA 	Key1 pressed
756.7429 	DATA 	Target detected
757.4590 	DATA 	Keypress: 5
757.4593 	DATA 	TR 510 | TR1 255 | TR2 255
758.9594 	DATA 	Keypress: 5
758.9597 	DATA 	TR 511 | TR1 256 | TR2 255
760.4399 	DATA 	Keypress: 5
760.4402 	DATA 	TR 512 | TR1 256 | TR2 256
761.9411 	DATA 	Keypress: 5
761.9415 	DATA 	TR 513 | TR1 257 | TR2 256
763.1414 	DATA 	
763.1414 	DATA 	stimulation stopped
763.1414 	DATA 	
763.4269 	DATA 	Keypress: 5
763.4274 	DATA 	TR 514 | TR1 257 | TR2 257
764.9246 	DATA 	Keypress: 5
764.9250 	DATA 	TR 515 | TR1 258 | TR2 257
766.3902 	DATA 	Keypress: 5
766.3905 	DATA 	TR 516 | TR1 258 | TR2 258
767.8916 	DATA 	Keypress: 5
767.8919 	DATA 	TR 517 | TR1 259 | TR2 258
769.3779 	DATA 	Keypress: 5
769.3783 	DATA 	TR 518 | TR1 259 | TR2 259
770.8770 	DATA 	Keypress: 5
770.8774 	DATA 	TR 519 | TR1 260 | TR2 259
772.3424 	DATA 	Keypress: 5
772.3427 	DATA 	TR 520 | TR1 260 | TR2 260
773.8451 	DATA 	Keypress: 5
773.8455 	DATA 	TR 521 | TR1 261 | TR2 260
775.3236 	DATA 	Keypress: 5
775.3241 	DATA 	TR 522 | TR1 261 | TR2 261
776.8258 	DATA 	Keypress: 5
776.8262 	DATA 	TR 523 | TR1 262 | TR2 261
778.2943 	DATA 	Keypress: 5
778.3101 	DATA 	TR 524 | TR1 262 | TR2 262
779.8074 	DATA 	Keypress: 5
779.8079 	DATA 	TR 525 | TR1 263 | TR2 262
781.2744 	DATA 	Keypress: 5
781.2748 	DATA 	TR 526 | TR1 263 | TR2 263
782.7758 	DATA 	Keypress: 5
782.7762 	DATA 	TR 527 | TR1 264 | TR2 263
784.2612 	DATA 	Keypress: 5
784.2617 	DATA 	TR 528 | TR1 264 | TR2 264
785.7566 	DATA 	Keypress: 5
785.7568 	DATA 	TR 529 | TR1 265 | TR2 264
787.1412 	DATA 	
787.1412 	DATA 	Trial complete
787.1413 	DATA 	Waiting for VASO trigger to start next trial
787.1413 	DATA 	
787.2252 	DATA 	Keypress: 5
787.2255 	DATA 	TR 530 | TR1 265 | TR2 265
788.7259 	DATA 	Keypress: 5
788.7271 	DATA 	
788.7272 	DATA 	Trial 27
788.7272 	DATA 	stimDur = 2.0
788.7272 	DATA 	jitter = 0.5
788.7272 	DATA 	restDur = 14.0

788.7272 	DATA 	
788.7272 	DATA 	TR 531 | TR1 266 | TR2 265
789.2452 	DATA 	
789.2452 	DATA 	stimulation started
789.2452 	DATA 	
790.2072 	DATA 	Keypress: 5
790.2075 	DATA 	TR 532 | TR1 266 | TR2 266
791.2407 	DATA 	
791.2407 	DATA 	stimulation stopped
791.2407 	DATA 	
791.7114 	DATA 	Keypress: 5
791.7118 	DATA 	TR 533 | TR1 267 | TR2 266
793.1761 	DATA 	Keypress: 5
793.1765 	DATA 	TR 534 | TR1 267 | TR2 267
794.6737 	DATA 	Keypress: 5
794.6740 	DATA 	TR 535 | TR1 268 | TR2 267
796.1577 	DATA 	Keypress: 5
796.1581 	DATA 	TR 536 | TR1 268 | TR2 268
797.6597 	DATA 	Keypress: 5
797.6601 	DATA 	TR 537 | TR1 269 | TR2 268
799.1287 	DATA 	Keypress: 5
799.1448 	DATA 	TR 538 | TR1 269 | TR2 269
800.6412 	DATA 	Keypress: 5
800.6416 	DATA 	TR 539 | TR1 270 | TR2 269
802.1084 	DATA 	Keypress: 5
802.1088 	DATA 	TR 540 | TR1 270 | TR2 270
802.7753 	DATA 	Target presented
803.5612 	DATA 	Keypress: 1
803.5758 	DATA 	Key1 pressed
803.5758 	DATA 	Target detected
803.6098 	DATA 	Keypress: 5
803.6100 	DATA 	TR 541 | TR1 271 | TR2 270
805.0919 	DATA 	Keypress: 5
805.0923 	DATA 	TR 542 | TR1 271 | TR2 271
805.2396 	DATA 	
805.2396 	DATA 	Trial complete
805.2397 	DATA 	Waiting for VASO trigger to start next trial
805.2397 	DATA 	
806.5923 	DATA 	Keypress: 5
806.5938 	DATA 	
806.5938 	DATA 	Trial 28
806.5938 	DATA 	stimDur = 1.0
806.5938 	DATA 	jitter = 0.0
806.5938 	DATA 	restDur = 12.0

806.5938 	DATA 	
806.5938 	DATA 	TR 543 | TR1 272 | TR2 271
806.5939 	DATA 	
806.5939 	DATA 	stimulation started
806.5939 	DATA 	
807.6080 	DATA 	
807.6080 	DATA 	stimulation stopped
807.6081 	DATA 	
808.0591 	DATA 	Keypress: 5
808.0594 	DATA 	TR 544 | TR1 272 | TR2 272
809.5605 	DATA 	Keypress: 5
809.5608 	DATA 	TR 545 | TR1 273 | TR2 272
811.0418 	DATA 	Keypress: 5
811.0422 	DATA 	TR 546 | TR1 273 | TR2 273
812.5427 	DATA 	Keypress: 5
812.5431 	DATA 	TR 547 | TR1 274 | TR2 273
814.0125 	DATA 	Keypress: 5
814.0128 	DATA 	TR 548 | TR1 274 | TR2 274
815.5069 	DATA 	Keypress: 5
815.5072 	DATA 	TR 549 | TR1 275 | TR2 274
816.9920 	DATA 	Keypress: 5
816.9924 	DATA 	TR 550 | TR1 275 | TR2 275
818.4943 	DATA 	Keypress: 5
818.4948 	DATA 	TR 551 | TR1 276 | TR2 275
819.5940 	DATA 	
819.5940 	DATA 	Trial complete
819.5940 	DATA 	Waiting for VASO trigger to start next trial
819.5940 	DATA 	
819.9738 	DATA 	Keypress: 5
819.9742 	DATA 	TR 552 | TR1 276 | TR2 276
821.4755 	DATA 	Keypress: 5
821.4769 	DATA 	
821.4769 	DATA 	Trial 29
821.4769 	DATA 	stimDur = 12.0
821.4769 	DATA 	jitter = 0.0
821.4770 	DATA 	restDur = 20.0

821.4770 	DATA 	
821.4770 	DATA 	TR 553 | TR1 277 | TR2 276
821.4770 	DATA 	
821.4770 	DATA 	stimulation started
821.4770 	DATA 	
822.9423 	DATA 	Keypress: 5
822.9426 	DATA 	TR 554 | TR1 277 | TR2 277
824.4442 	DATA 	Keypress: 5
824.4446 	DATA 	TR 555 | TR1 278 | TR2 277
825.9252 	DATA 	Keypress: 5
825.9257 	DATA 	TR 556 | TR1 278 | TR2 278
827.4250 	DATA 	Keypress: 5
827.4253 	DATA 	TR 557 | TR1 279 | TR2 278
828.8937 	DATA 	Keypress: 5
828.8940 	DATA 	TR 558 | TR1 279 | TR2 279
830.3908 	DATA 	Keypress: 5
830.3912 	DATA 	TR 559 | TR1 280 | TR2 279
831.8759 	DATA 	Keypress: 5
831.8762 	DATA 	TR 560 | TR1 280 | TR2 280
833.3798 	DATA 	Keypress: 5
833.3802 	DATA 	TR 561 | TR1 281 | TR2 280
833.4766 	DATA 	
833.4766 	DATA 	stimulation stopped
833.4766 	DATA 	
834.8586 	DATA 	Keypress: 5
834.8590 	DATA 	TR 562 | TR1 281 | TR2 281
836.3436 	DATA 	Keypress: 5
836.3593 	DATA 	TR 563 | TR1 282 | TR2 281
837.8263 	DATA 	Keypress: 5
837.8267 	DATA 	TR 564 | TR1 282 | TR2 282
839.3280 	DATA 	Keypress: 5
839.3284 	DATA 	TR 565 | TR1 283 | TR2 282
840.8086 	DATA 	Keypress: 5
840.8090 	DATA 	TR 566 | TR1 283 | TR2 283
842.3092 	DATA 	Keypress: 5
842.3095 	DATA 	TR 567 | TR1 284 | TR2 283
843.7770 	DATA 	Keypress: 5
843.7774 	DATA 	TR 568 | TR1 284 | TR2 284
845.2739 	DATA 	Keypress: 5
845.2743 	DATA 	TR 569 | TR1 285 | TR2 284
846.7594 	DATA 	Keypress: 5
846.7599 	DATA 	TR 570 | TR1 285 | TR2 285
848.2608 	DATA 	Keypress: 5
848.2612 	DATA 	TR 571 | TR1 286 | TR2 285
849.7278 	DATA 	Keypress: 5
849.7282 	DATA 	TR 572 | TR1 286 | TR2 286
851.2254 	DATA 	Keypress: 5
851.2258 	DATA 	TR 573 | TR1 287 | TR2 286
852.7100 	DATA 	Keypress: 5
852.7104 	DATA 	TR 574 | TR1 287 | TR2 287
853.4768 	DATA 	
853.4769 	DATA 	Trial complete
853.4769 	DATA 	
854.2119 	DATA 	Keypress: 5
854.2134 	DATA 	
854.2134 	DATA 	Trial 30
854.2134 	DATA 	stimDur = 2.0
854.2134 	DATA 	jitter = 2.0
854.2134 	DATA 	restDur = 14.0

854.2134 	DATA 	
854.2134 	DATA 	TR 575 | TR1 288 | TR2 287
855.6930 	DATA 	Keypress: 5
855.6934 	DATA 	TR 576 | TR1 288 | TR2 288
856.2251 	DATA 	
856.2251 	DATA 	stimulation started
856.2251 	DATA 	
857.1769 	DATA 	Keypress: 5
857.1936 	DATA 	TR 577 | TR1 289 | TR2 288
858.2265 	DATA 	
858.2266 	DATA 	stimulation stopped
858.2266 	DATA 	
858.6614 	DATA 	Keypress: 5
858.6620 	DATA 	TR 578 | TR1 289 | TR2 289
860.1585 	DATA 	Keypress: 5
860.1590 	DATA 	TR 579 | TR1 290 | TR2 289
861.6432 	DATA 	Keypress: 5
861.6437 	DATA 	TR 580 | TR1 290 | TR2 290
863.1447 	DATA 	Keypress: 5
863.1453 	DATA 	TR 581 | TR1 291 | TR2 290
864.6122 	DATA 	Keypress: 5
864.6127 	DATA 	TR 582 | TR1 291 | TR2 291
866.1094 	DATA 	Keypress: 5
866.1099 	DATA 	TR 583 | TR1 292 | TR2 291
867.5939 	DATA 	Keypress: 5
867.5944 	DATA 	TR 584 | TR1 292 | TR2 292
869.0951 	DATA 	Keypress: 5
869.0956 	DATA 	TR 585 | TR1 293 | TR2 292
870.5611 	DATA 	Keypress: 5
870.5767 	DATA 	TR 586 | TR1 293 | TR2 293
872.0625 	DATA 	Keypress: 5
872.0630 	DATA 	TR 587 | TR1 294 | TR2 293
872.2260 	DATA 	
872.2260 	DATA 	Trial complete
872.2261 	DATA 	
873.5474 	DATA 	Keypress: 5
873.5479 	DATA 	TR 588 | TR1 294 | TR2 294
875.0421 	DATA 	Keypress: 5
875.0427 	DATA 	TR 589 | TR1 295 | TR2 294
876.5264 	DATA 	Keypress: 5
876.5269 	DATA 	TR 590 | TR1 295 | TR2 295
878.0134 	DATA 	Keypress: 5
878.0290 	DATA 	TR 591 | TR1 296 | TR2 295
879.4957 	DATA 	Keypress: 5
879.4962 	DATA 	TR 592 | TR1 296 | TR2 296
880.9929 	DATA 	Keypress: 5
880.9935 	DATA 	TR 593 | TR1 297 | TR2 296
882.4774 	DATA 	Keypress: 5
882.4779 	DATA 	TR 594 | TR1 297 | TR2 297
883.9790 	DATA 	Keypress: 5
883.9795 	DATA 	TR 595 | TR1 298 | TR2 297
885.4424 	DATA 	Keypress: 5
885.4429 	DATA 	TR 596 | TR1 298 | TR2 298
886.9436 	DATA 	Keypress: 5
886.9442 	DATA 	TR 597 | TR1 299 | TR2 298
888.4281 	DATA 	Keypress: 5
888.4286 	DATA 	TR 598 | TR1 299 | TR2 299
889.9263 	DATA 	Keypress: 5
889.9269 	DATA 	TR 599 | TR1 300 | TR2 299
891.3953 	DATA 	Keypress: 5
891.4110 	DATA 	TR 600 | TR1 300 | TR2 300
892.8957 	DATA 	Keypress: 5
892.8963 	DATA 	TR 601 | TR1 301 | TR2 300
894.3801 	DATA 	Keypress: 5
894.3806 	DATA 	TR 602 | TR1 301 | TR2 301
895.8760 	DATA 	Keypress: 5
895.8765 	DATA 	TR 603 | TR1 302 | TR2 301
897.3618 	DATA 	Keypress: 5
897.3624 	DATA 	TR 604 | TR1 302 | TR2 302
898.8474 	DATA 	Keypress: 5
898.8632 	DATA 	TR 605 | TR1 303 | TR2 302
900.3259 	DATA 	Keypress: 5
900.3264 	DATA 	TR 606 | TR1 303 | TR2 303
901.5089 	DATA 	EndOfRun sub-01_ses-01_run-05

901.5089 	DATA 	RatioOfDetectedTargets 1.0
901.5089 	DATA 	You have detected 15 out of 15 targets.
906.3437 	DATA 	Keypress: 5
906.3462 	DATA 	Keypress: 5
906.3482 	DATA 	Keypress: 5
906.3501 	DATA 	Keypress: 5
907.1083 	EXP 	window1: mouseVisible = True
