MonitorDistance=99cm
MonitorWidth=30cm
PixelWidth=1024.0
PixelHeight=768.0
You have detected 9 out of 9 targets.
Excellent! Keep up the good work
36.1409 	INFO 	Loaded monitor calibration from ['2021_05_26 17:55']
36.6462 	EXP 	Created window1 = Window(allowGUI=False, allowStencil=False, autoLog=True, backendConf=UNKNOWN, bitsMode=UNKNOWN, blendMode='avg', bpc=(8, 8, 8), color=array([-0.5, -0.5, -0.5]), colorSpace='rgb', depthBits=8, fullscr=<method-wrapper '__getattribute__' of attributeSetter object at 0x7f764aa712e8>, gamma=None, gammaErrorPolicy='raise', lms=UNKNOWN, monitor=<psychopy.monitors.calibTools.Monitor object at 0x7f764085fd68>, multiSample=False, name='window1', numSamples=2, pos=[0.0, 0.0], screen=0, size=array([1024,  768]), stencilBits=0, stereo=False, units='deg', useFBO=False, useRetina=False, viewOri=0.0, viewPos=None, viewScale=None, waitBlanking=True, winType='pyglet')
36.6462 	EXP 	window1: mouseVisible = True
36.7184 	EXP 	Created unnamed TextStim = TextStim(__class__=<class 'psychopy.visual.text.TextStim'>, alignHoriz=method-wrapper(...), alignText='center', alignVert=method-wrapper(...), anchorHoriz='center', anchorVert='center', antialias=True, autoLog=True, bold=False, color=array([1., 1., 1.]), colorSpace='rgb', contrast=1.0, depth=0, flipHoriz=False, flipVert=False, font='', fontFiles=[], height=0.5, italic=False, languageStyle='LTR', name='unnamed TextStim', opacity=1.0, ori=0.0, pos=array([0., 0.]), rgb=UNKNOWN, text=str(...), units='deg', win=Window(...), wrapWidth=15.0)
36.7491 	EXP 	Created Movie Frame 0 = ImageStim(__class__=<class 'psychopy.visual.image.ImageStim'>, autoLog=True, color=array([0.8, 0.8, 0.8]), colorSpace='rgb', contrast=0.8, depth=0, flipHoriz=False, flipVert=False, image='visual_0.png', interpolate=False, mask=None, maskParams=None, name='Movie Frame 0', opacity=1, ori=0.0, pos=array([0., 0.]), size=array([1024,  768]), texRes=128, units='pix', win=Window(...))
36.7730 	EXP 	Created Movie Frame 1 = ImageStim(__class__=<class 'psychopy.visual.image.ImageStim'>, autoLog=True, color=array([0.8, 0.8, 0.8]), colorSpace='rgb', contrast=0.8, depth=0, flipHoriz=False, flipVert=False, image='visual_1.png', interpolate=False, mask=None, maskParams=None, name='Movie Frame 1', opacity=1, ori=0.0, pos=array([0., 0.]), size=array([1024,  768]), texRes=128, units='pix', win=Window(...))
23.5290 	DATA 	Keypress: 5
0.0000 	DATA 	StartOfRun sub-06_ses-02_run-05
0.0000 	DATA 	TR 1 | TR1 1 | TR2 0
0.0041 	DATA 	Initial baseline

1.5504 	DATA 	Keypress: 5
1.5505 	DATA 	TR 2 | TR1 1 | TR2 1
3.1218 	DATA 	Keypress: 5
3.1218 	DATA 	TR 3 | TR1 2 | TR2 1
4.6739 	DATA 	Keypress: 5
4.6740 	DATA 	TR 4 | TR1 2 | TR2 2
6.2451 	DATA 	Keypress: 5
6.2452 	DATA 	TR 5 | TR1 3 | TR2 2
7.7974 	DATA 	Keypress: 5
7.7974 	DATA 	TR 6 | TR1 3 | TR2 3
9.3685 	DATA 	Keypress: 5
9.3686 	DATA 	TR 7 | TR1 4 | TR2 3
10.9208 	DATA 	Keypress: 5
10.9208 	DATA 	TR 8 | TR1 4 | TR2 4
12.4919 	DATA 	Keypress: 5
12.4920 	DATA 	TR 9 | TR1 5 | TR2 4
14.0441 	DATA 	Keypress: 5
14.0442 	DATA 	TR 10 | TR1 5 | TR2 5
15.6154 	DATA 	Keypress: 5
15.6154 	DATA 	TR 11 | TR1 6 | TR2 5
17.1676 	DATA 	Keypress: 5
17.1676 	DATA 	TR 12 | TR1 6 | TR2 6
18.7385 	DATA 	Keypress: 5
18.7386 	DATA 	TR 13 | TR1 7 | TR2 6
20.2909 	DATA 	Keypress: 5
20.2909 	DATA 	TR 14 | TR1 7 | TR2 7
21.8621 	DATA 	Keypress: 5
21.8621 	DATA 	TR 15 | TR1 8 | TR2 7
23.4143 	DATA 	Keypress: 5
23.4143 	DATA 	TR 16 | TR1 8 | TR2 8
24.9856 	DATA 	Keypress: 5
24.9856 	DATA 	TR 17 | TR1 9 | TR2 8
26.5377 	DATA 	Keypress: 5
26.5377 	DATA 	TR 18 | TR1 9 | TR2 9
28.1088 	DATA 	Keypress: 5
28.1089 	DATA 	TR 19 | TR1 10 | TR2 9
29.6610 	DATA 	Keypress: 5
29.6611 	DATA 	TR 20 | TR1 10 | TR2 10
31.2355 	DATA 	Keypress: 5
31.2355 	DATA 	Waited 1.235522985458374 seconds for trigger
31.2369 	DATA 	
31.2369 	DATA 	Trial 1
31.2369 	DATA 	stimDur = 12.0
31.2370 	DATA 	jitter = 1.5705
31.2370 	DATA 	restDur = 20.0

31.2370 	DATA 	
31.2370 	DATA 	TR 21 | TR1 11 | TR2 10
32.7853 	DATA 	Keypress: 5
32.7854 	DATA 	TR 22 | TR1 11 | TR2 11
32.8186 	DATA 	
32.8186 	DATA 	stimulation started
32.8186 	DATA 	
34.3685 	DATA 	Keypress: 5
34.3686 	DATA 	TR 23 | TR1 12 | TR2 11
35.9184 	DATA 	Keypress: 5
35.9185 	DATA 	TR 24 | TR1 12 | TR2 12
37.4849 	DATA 	Keypress: 5
37.4850 	DATA 	TR 25 | TR1 13 | TR2 12
39.0350 	DATA 	Keypress: 5
39.0351 	DATA 	TR 26 | TR1 13 | TR2 13
40.6180 	DATA 	Keypress: 5
40.6181 	DATA 	TR 27 | TR1 14 | TR2 13
42.1679 	DATA 	Keypress: 5
42.1679 	DATA 	TR 28 | TR1 14 | TR2 14
43.7344 	DATA 	Keypress: 5
43.7344 	DATA 	TR 29 | TR1 15 | TR2 14
44.8176 	DATA 	
44.8176 	DATA 	stimulation stopped
44.8176 	DATA 	
45.2843 	DATA 	Keypress: 5
45.2844 	DATA 	TR 30 | TR1 15 | TR2 15
46.8507 	DATA 	Keypress: 5
46.8507 	DATA 	TR 31 | TR1 16 | TR2 15
48.4008 	DATA 	Keypress: 5
48.4008 	DATA 	TR 32 | TR1 16 | TR2 16
49.9838 	DATA 	Keypress: 5
49.9838 	DATA 	TR 33 | TR1 17 | TR2 16
51.5336 	DATA 	Keypress: 5
51.5337 	DATA 	TR 34 | TR1 17 | TR2 17
53.1001 	DATA 	Keypress: 5
53.1002 	DATA 	TR 35 | TR1 18 | TR2 17
54.6500 	DATA 	Keypress: 5
54.6501 	DATA 	TR 36 | TR1 18 | TR2 18
56.2330 	DATA 	Keypress: 5
56.2331 	DATA 	TR 37 | TR1 19 | TR2 18
57.7830 	DATA 	Keypress: 5
57.7831 	DATA 	TR 38 | TR1 19 | TR2 19
59.3496 	DATA 	Keypress: 5
59.3496 	DATA 	TR 39 | TR1 20 | TR2 19
60.8995 	DATA 	Keypress: 5
60.8995 	DATA 	TR 40 | TR1 20 | TR2 20
62.4665 	DATA 	Keypress: 5
62.4825 	DATA 	TR 41 | TR1 21 | TR2 20
64.0325 	DATA 	Keypress: 5
64.0325 	DATA 	TR 42 | TR1 21 | TR2 21
64.8157 	DATA 	
64.8157 	DATA 	Trial complete
64.8157 	DATA 	Waiting for VASO trigger to start next trial
64.8157 	DATA 	
65.5990 	DATA 	Keypress: 5
65.5990 	DATA 	Waited 0.783311128616333 seconds for trigger
65.5998 	DATA 	
65.5998 	DATA 	Trial 2
65.5998 	DATA 	stimDur = 1.0
65.5998 	DATA 	jitter = 0.0
65.5998 	DATA 	restDur = 12.0

65.5998 	DATA 	
65.5998 	DATA 	TR 43 | TR1 22 | TR2 21
65.5999 	DATA 	
65.5999 	DATA 	stimulation started
65.5999 	DATA 	
66.6156 	DATA 	
66.6156 	DATA 	stimulation stopped
66.6156 	DATA 	
67.1489 	DATA 	Keypress: 5
67.1489 	DATA 	TR 44 | TR1 22 | TR2 22
68.7154 	DATA 	Keypress: 5
68.7154 	DATA 	TR 45 | TR1 23 | TR2 22
70.2652 	DATA 	Keypress: 5
70.2653 	DATA 	TR 46 | TR1 23 | TR2 23
71.8484 	DATA 	Keypress: 5
71.8485 	DATA 	TR 47 | TR1 24 | TR2 23
73.3983 	DATA 	Keypress: 5
73.3984 	DATA 	TR 48 | TR1 24 | TR2 24
74.9648 	DATA 	Keypress: 5
74.9648 	DATA 	TR 49 | TR1 25 | TR2 24
76.5148 	DATA 	Keypress: 5
76.5149 	DATA 	TR 50 | TR1 25 | TR2 25
78.0978 	DATA 	Keypress: 5
78.0979 	DATA 	TR 51 | TR1 26 | TR2 25
78.6144 	DATA 	
78.6145 	DATA 	Trial complete
78.6145 	DATA 	Waiting for VASO trigger to start next trial
78.6145 	DATA 	
79.6477 	DATA 	Keypress: 5
79.6478 	DATA 	TR 52 | TR1 26 | TR2 26
81.2142 	DATA 	Keypress: 5
81.2143 	DATA 	Waited 2.5998101234436035 seconds for trigger
81.2151 	DATA 	
81.2151 	DATA 	Trial 3
81.2151 	DATA 	stimDur = 24.0
81.2151 	DATA 	jitter = 0.0
81.2151 	DATA 	restDur = 24.0

81.2151 	DATA 	
81.2151 	DATA 	TR 53 | TR1 27 | TR2 26
81.2151 	DATA 	
81.2151 	DATA 	stimulation started
81.2151 	DATA 	
82.7642 	DATA 	Keypress: 5
82.7642 	DATA 	TR 54 | TR1 27 | TR2 27
84.3306 	DATA 	Keypress: 5
84.3307 	DATA 	TR 55 | TR1 28 | TR2 27
85.8813 	DATA 	Keypress: 5
85.8971 	DATA 	TR 56 | TR1 28 | TR2 28
87.4637 	DATA 	Keypress: 5
87.4637 	DATA 	TR 57 | TR1 29 | TR2 28
89.0136 	DATA 	Keypress: 5
89.0136 	DATA 	TR 58 | TR1 29 | TR2 29
90.5801 	DATA 	Keypress: 5
90.5801 	DATA 	TR 59 | TR1 30 | TR2 29
92.1300 	DATA 	Keypress: 5
92.1300 	DATA 	TR 60 | TR1 30 | TR2 30
93.7131 	DATA 	Keypress: 5
93.7132 	DATA 	TR 61 | TR1 31 | TR2 30
95.2630 	DATA 	Keypress: 5
95.2631 	DATA 	TR 62 | TR1 31 | TR2 31
96.8295 	DATA 	Keypress: 5
96.8296 	DATA 	TR 63 | TR1 32 | TR2 31
98.3794 	DATA 	Keypress: 5
98.3794 	DATA 	TR 64 | TR1 32 | TR2 32
99.9466 	DATA 	Keypress: 5
99.9625 	DATA 	TR 65 | TR1 33 | TR2 32
101.5124 	DATA 	Keypress: 5
101.5125 	DATA 	TR 66 | TR1 33 | TR2 33
103.0789 	DATA 	Keypress: 5
103.0790 	DATA 	TR 67 | TR1 34 | TR2 33
104.6288 	DATA 	Keypress: 5
104.6288 	DATA 	TR 68 | TR1 34 | TR2 34
105.2287 	DATA 	
105.2287 	DATA 	stimulation stopped
105.2287 	DATA 	
106.1952 	DATA 	Keypress: 5
106.1953 	DATA 	TR 69 | TR1 35 | TR2 34
107.3118 	DATA 	Target presented
107.7452 	DATA 	Keypress: 5
107.7452 	DATA 	TR 70 | TR1 35 | TR2 35
107.8784 	DATA 	Keypress: 1
107.8785 	DATA 	Key1 pressed
107.8785 	DATA 	Target detected
109.3283 	DATA 	Keypress: 5
109.3283 	DATA 	TR 71 | TR1 36 | TR2 35
110.8782 	DATA 	Keypress: 5
110.8782 	DATA 	TR 72 | TR1 36 | TR2 36
112.4448 	DATA 	Keypress: 5
112.4449 	DATA 	TR 73 | TR1 37 | TR2 36
113.9946 	DATA 	Keypress: 5
113.9946 	DATA 	TR 74 | TR1 37 | TR2 37
115.5779 	DATA 	Keypress: 5
115.5779 	DATA 	TR 75 | TR1 38 | TR2 37
117.1276 	DATA 	Keypress: 5
117.1277 	DATA 	TR 76 | TR1 38 | TR2 38
118.6941 	DATA 	Keypress: 5
118.6942 	DATA 	TR 77 | TR1 39 | TR2 38
120.2440 	DATA 	Keypress: 5
120.2440 	DATA 	TR 78 | TR1 39 | TR2 39
121.8105 	DATA 	Keypress: 5
121.8105 	DATA 	TR 79 | TR1 40 | TR2 39
123.3770 	DATA 	Keypress: 5
123.3771 	DATA 	TR 80 | TR1 40 | TR2 40
124.9435 	DATA 	Keypress: 5
124.9436 	DATA 	TR 81 | TR1 41 | TR2 40
126.4934 	DATA 	Keypress: 5
126.4935 	DATA 	TR 82 | TR1 41 | TR2 41
128.0599 	DATA 	Keypress: 5
128.0599 	DATA 	TR 83 | TR1 42 | TR2 41
129.2265 	DATA 	
129.2265 	DATA 	Trial complete
129.2265 	DATA 	Waiting for VASO trigger to start next trial
129.2265 	DATA 	
129.6098 	DATA 	Keypress: 5
129.6098 	DATA 	TR 84 | TR1 42 | TR2 42
131.1930 	DATA 	Keypress: 5
131.1930 	DATA 	Waited 1.966533899307251 seconds for trigger
131.1939 	DATA 	
131.1940 	DATA 	Trial 4
131.1940 	DATA 	stimDur = 4.0
131.1940 	DATA 	jitter = 0.0
131.1940 	DATA 	restDur = 16.0

131.1940 	DATA 	
131.1940 	DATA 	TR 85 | TR1 43 | TR2 42
131.1940 	DATA 	
131.1940 	DATA 	stimulation started
131.1940 	DATA 	
132.7429 	DATA 	Keypress: 5
132.7429 	DATA 	TR 86 | TR1 43 | TR2 43
134.3094 	DATA 	Keypress: 5
134.3095 	DATA 	TR 87 | TR1 44 | TR2 43
135.2093 	DATA 	
135.2093 	DATA 	stimulation stopped
135.2093 	DATA 	
135.8592 	DATA 	Keypress: 5
135.8593 	DATA 	TR 88 | TR1 44 | TR2 44
137.4263 	DATA 	Keypress: 5
137.4424 	DATA 	TR 89 | TR1 45 | TR2 44
138.9922 	DATA 	Keypress: 5
138.9923 	DATA 	TR 90 | TR1 45 | TR2 45
140.5588 	DATA 	Keypress: 5
140.5589 	DATA 	TR 91 | TR1 46 | TR2 45
142.1086 	DATA 	Keypress: 5
142.1087 	DATA 	TR 92 | TR1 46 | TR2 46
143.6751 	DATA 	Keypress: 5
143.6752 	DATA 	TR 93 | TR1 47 | TR2 46
145.2256 	DATA 	Keypress: 5
145.2416 	DATA 	TR 94 | TR1 47 | TR2 47
146.8082 	DATA 	Keypress: 5
146.8083 	DATA 	TR 95 | TR1 48 | TR2 47
148.3580 	DATA 	Keypress: 5
148.3581 	DATA 	TR 96 | TR1 48 | TR2 48
149.9246 	DATA 	Keypress: 5
149.9246 	DATA 	TR 97 | TR1 49 | TR2 48
151.2079 	DATA 	
151.2079 	DATA 	Trial complete
151.2079 	DATA 	Waiting for VASO trigger to start next trial
151.2079 	DATA 	
151.4744 	DATA 	Keypress: 5
151.4745 	DATA 	TR 98 | TR1 49 | TR2 49
153.0577 	DATA 	Keypress: 5
153.0577 	DATA 	Waited 1.8498108386993408 seconds for trigger
153.0585 	DATA 	
153.0585 	DATA 	Trial 5
153.0585 	DATA 	stimDur = 4.0
153.0585 	DATA 	jitter = 0.78525
153.0585 	DATA 	restDur = 16.0

153.0585 	DATA 	
153.0585 	DATA 	TR 99 | TR1 50 | TR2 49
153.8575 	DATA 	
153.8575 	DATA 	stimulation started
153.8575 	DATA 	
154.6075 	DATA 	Keypress: 5
154.6076 	DATA 	TR 100 | TR1 50 | TR2 50
156.1741 	DATA 	Keypress: 5
156.1741 	DATA 	TR 101 | TR1 51 | TR2 50
157.7239 	DATA 	Keypress: 5
157.7239 	DATA 	TR 102 | TR1 51 | TR2 51
157.8572 	DATA 	
157.8572 	DATA 	stimulation stopped
157.8572 	DATA 	
159.2904 	DATA 	Keypress: 5
159.2905 	DATA 	TR 103 | TR1 52 | TR2 51
160.8569 	DATA 	Keypress: 5
160.8569 	DATA 	TR 104 | TR1 52 | TR2 52
162.4234 	DATA 	Keypress: 5
162.4235 	DATA 	TR 105 | TR1 53 | TR2 52
163.9733 	DATA 	Keypress: 5
163.9733 	DATA 	TR 106 | TR1 53 | TR2 53
165.0065 	DATA 	Target presented
165.5398 	DATA 	Keypress: 5
165.5399 	DATA 	TR 107 | TR1 54 | TR2 53
165.5731 	DATA 	Keypress: 1
165.5732 	DATA 	Key1 pressed
165.5732 	DATA 	Target detected
167.0896 	DATA 	Keypress: 5
167.0897 	DATA 	TR 108 | TR1 54 | TR2 54
168.6729 	DATA 	Keypress: 5
168.6729 	DATA 	TR 109 | TR1 55 | TR2 54
170.2227 	DATA 	Keypress: 5
170.2227 	DATA 	TR 110 | TR1 55 | TR2 55
171.7892 	DATA 	Keypress: 5
171.7893 	DATA 	TR 111 | TR1 56 | TR2 55
173.3390 	DATA 	Keypress: 5
173.3391 	DATA 	TR 112 | TR1 56 | TR2 56
173.8556 	DATA 	
173.8556 	DATA 	Trial complete
173.8557 	DATA 	Waiting for VASO trigger to start next trial
173.8557 	DATA 	
174.9223 	DATA 	Keypress: 5
174.9224 	DATA 	Waited 1.0667049884796143 seconds for trigger
174.9231 	DATA 	
174.9231 	DATA 	Trial 6
174.9231 	DATA 	stimDur = 12.0
174.9231 	DATA 	jitter = 2.35575
174.9231 	DATA 	restDur = 20.0

174.9231 	DATA 	
174.9232 	DATA 	TR 113 | TR1 57 | TR2 56
176.4721 	DATA 	Keypress: 5
176.4721 	DATA 	TR 114 | TR1 57 | TR2 57
177.2887 	DATA 	
177.2887 	DATA 	stimulation started
177.2887 	DATA 	
178.0387 	DATA 	Keypress: 5
178.0388 	DATA 	TR 115 | TR1 58 | TR2 57
179.5885 	DATA 	Keypress: 5
179.5886 	DATA 	TR 116 | TR1 58 | TR2 58
181.1552 	DATA 	Keypress: 5
181.1552 	DATA 	TR 117 | TR1 59 | TR2 58
182.7049 	DATA 	Keypress: 5
182.7050 	DATA 	TR 118 | TR1 59 | TR2 59
184.2881 	DATA 	Keypress: 5
184.2882 	DATA 	TR 119 | TR1 60 | TR2 59
185.8380 	DATA 	Keypress: 5
185.8380 	DATA 	TR 120 | TR1 60 | TR2 60
187.4045 	DATA 	Keypress: 5
187.4046 	DATA 	TR 121 | TR1 61 | TR2 60
188.9544 	DATA 	Keypress: 5
188.9544 	DATA 	TR 122 | TR1 61 | TR2 61
189.2876 	DATA 	
189.2876 	DATA 	stimulation stopped
189.2876 	DATA 	
190.5375 	DATA 	Keypress: 5
190.5376 	DATA 	TR 123 | TR1 62 | TR2 61
192.0874 	DATA 	Keypress: 5
192.0874 	DATA 	TR 124 | TR1 62 | TR2 62
193.6539 	DATA 	Keypress: 5
193.6539 	DATA 	TR 125 | TR1 63 | TR2 62
195.2039 	DATA 	Keypress: 5
195.2039 	DATA 	TR 126 | TR1 63 | TR2 63
196.7709 	DATA 	Keypress: 5
196.7868 	DATA 	TR 127 | TR1 64 | TR2 63
198.3368 	DATA 	Keypress: 5
198.3368 	DATA 	TR 128 | TR1 64 | TR2 64
199.9033 	DATA 	Keypress: 5
199.9034 	DATA 	TR 129 | TR1 65 | TR2 64
201.4531 	DATA 	Keypress: 5
201.4532 	DATA 	TR 130 | TR1 65 | TR2 65
203.0197 	DATA 	Keypress: 5
203.0197 	DATA 	TR 131 | TR1 66 | TR2 65
204.5695 	DATA 	Keypress: 5
204.5695 	DATA 	TR 132 | TR1 66 | TR2 66
206.1527 	DATA 	Keypress: 5
206.1528 	DATA 	TR 133 | TR1 67 | TR2 66
207.7025 	DATA 	Keypress: 5
207.7026 	DATA 	TR 134 | TR1 67 | TR2 67
209.2691 	DATA 	Keypress: 5
209.2691 	DATA 	TR 135 | TR1 68 | TR2 67
209.2858 	DATA 	
209.2858 	DATA 	Trial complete
209.2858 	DATA 	Waiting for VASO trigger to start next trial
209.2858 	DATA 	
210.8189 	DATA 	Keypress: 5
210.8190 	DATA 	TR 136 | TR1 68 | TR2 68
212.4022 	DATA 	Keypress: 5
212.4022 	DATA 	Waited 3.116415023803711 seconds for trigger
212.4030 	DATA 	
212.4030 	DATA 	Trial 7
212.4030 	DATA 	stimDur = 12.0
212.4030 	DATA 	jitter = 0.0
212.4030 	DATA 	restDur = 20.0

212.4030 	DATA 	
212.4030 	DATA 	TR 137 | TR1 69 | TR2 68
212.4030 	DATA 	
212.4030 	DATA 	stimulation started
212.4030 	DATA 	
213.9520 	DATA 	Keypress: 5
213.9521 	DATA 	TR 138 | TR1 69 | TR2 69
215.5186 	DATA 	Keypress: 5
215.5186 	DATA 	TR 139 | TR1 70 | TR2 69
217.0684 	DATA 	Keypress: 5
217.0685 	DATA 	TR 140 | TR1 70 | TR2 70
218.6349 	DATA 	Keypress: 5
218.6350 	DATA 	TR 141 | TR1 71 | TR2 70
220.1855 	DATA 	Keypress: 5
220.2015 	DATA 	TR 142 | TR1 71 | TR2 71
220.4848 	DATA 	Target presented
220.9847 	DATA 	Keypress: 1
220.9848 	DATA 	Key1 pressed
220.9848 	DATA 	Target detected
221.7680 	DATA 	Keypress: 5
221.7680 	DATA 	TR 143 | TR1 72 | TR2 71
223.3178 	DATA 	Keypress: 5
223.3179 	DATA 	TR 144 | TR1 72 | TR2 72
224.4177 	DATA 	
224.4177 	DATA 	stimulation stopped
224.4177 	DATA 	
224.8842 	DATA 	Keypress: 5
224.8843 	DATA 	TR 145 | TR1 73 | TR2 72
226.4342 	DATA 	Keypress: 5
226.4342 	DATA 	TR 146 | TR1 73 | TR2 73
228.0174 	DATA 	Keypress: 5
228.0174 	DATA 	TR 147 | TR1 74 | TR2 73
229.5672 	DATA 	Keypress: 5
229.5673 	DATA 	TR 148 | TR1 74 | TR2 74
231.1338 	DATA 	Keypress: 5
231.1338 	DATA 	TR 149 | TR1 75 | TR2 74
232.6837 	DATA 	Keypress: 5
232.6837 	DATA 	TR 150 | TR1 75 | TR2 75
234.2669 	DATA 	Keypress: 5
234.2670 	DATA 	TR 151 | TR1 76 | TR2 75
235.8166 	DATA 	Keypress: 5
235.8167 	DATA 	TR 152 | TR1 76 | TR2 76
237.3832 	DATA 	Keypress: 5
237.3832 	DATA 	TR 153 | TR1 77 | TR2 76
238.9330 	DATA 	Keypress: 5
238.9330 	DATA 	TR 154 | TR1 77 | TR2 77
240.4996 	DATA 	Keypress: 5
240.4996 	DATA 	TR 155 | TR1 78 | TR2 77
242.0494 	DATA 	Keypress: 5
242.0495 	DATA 	TR 156 | TR1 78 | TR2 78
243.6326 	DATA 	Keypress: 5
243.6326 	DATA 	TR 157 | TR1 79 | TR2 78
244.4159 	DATA 	
244.4159 	DATA 	Trial complete
244.4160 	DATA 	Waiting for VASO trigger to start next trial
244.4160 	DATA 	
245.1824 	DATA 	Keypress: 5
245.1825 	DATA 	TR 158 | TR1 79 | TR2 79
246.7490 	DATA 	Keypress: 5
246.7490 	DATA 	Waited 2.3330578804016113 seconds for trigger
246.7498 	DATA 	
246.7498 	DATA 	Trial 8
246.7498 	DATA 	stimDur = 1.0
246.7498 	DATA 	jitter = 0.78525
246.7498 	DATA 	restDur = 12.0

246.7498 	DATA 	
246.7498 	DATA 	TR 159 | TR1 80 | TR2 79
247.5488 	DATA 	
247.5488 	DATA 	stimulation started
247.5488 	DATA 	
248.2989 	DATA 	Keypress: 5
248.2989 	DATA 	TR 160 | TR1 80 | TR2 80
248.5488 	DATA 	
248.5488 	DATA 	stimulation stopped
248.5488 	DATA 	
249.8820 	DATA 	Keypress: 5
249.8821 	DATA 	TR 161 | TR1 81 | TR2 80
251.4318 	DATA 	Keypress: 5
251.4319 	DATA 	TR 162 | TR1 81 | TR2 81
252.9984 	DATA 	Keypress: 5
252.9984 	DATA 	TR 163 | TR1 82 | TR2 81
254.5483 	DATA 	Keypress: 5
254.5483 	DATA 	TR 164 | TR1 82 | TR2 82
256.1148 	DATA 	Keypress: 5
256.1148 	DATA 	TR 165 | TR1 83 | TR2 82
257.6813 	DATA 	Keypress: 5
257.6813 	DATA 	TR 166 | TR1 83 | TR2 83
259.2478 	DATA 	Keypress: 5
259.2479 	DATA 	TR 167 | TR1 84 | TR2 83
260.5476 	DATA 	
260.5476 	DATA 	Trial complete
260.5477 	DATA 	Waiting for VASO trigger to start next trial
260.5477 	DATA 	
260.7976 	DATA 	Keypress: 5
260.7977 	DATA 	TR 168 | TR1 84 | TR2 84
262.3642 	DATA 	Keypress: 5
262.3642 	DATA 	Waited 1.8165900707244873 seconds for trigger
262.3650 	DATA 	
262.3650 	DATA 	Trial 9
262.3650 	DATA 	stimDur = 4.0
262.3650 	DATA 	jitter = 1.5705
262.3650 	DATA 	restDur = 16.0

262.3650 	DATA 	
262.3650 	DATA 	TR 169 | TR1 85 | TR2 84
263.9141 	DATA 	Keypress: 5
263.9142 	DATA 	TR 170 | TR1 85 | TR2 85
263.9474 	DATA 	
263.9474 	DATA 	stimulation started
263.9474 	DATA 	
265.4973 	DATA 	Keypress: 5
265.4974 	DATA 	TR 171 | TR1 86 | TR2 85
267.0471 	DATA 	Keypress: 5
267.0472 	DATA 	TR 172 | TR1 86 | TR2 86
267.9470 	DATA 	
267.9470 	DATA 	stimulation stopped
267.9470 	DATA 	
268.3469 	DATA 	Target presented
268.6136 	DATA 	Keypress: 5
268.6137 	DATA 	TR 173 | TR1 87 | TR2 86
268.8469 	DATA 	Keypress: 1
268.8469 	DATA 	Key1 pressed
268.8469 	DATA 	Target detected
270.1634 	DATA 	Keypress: 5
270.1635 	DATA 	TR 174 | TR1 87 | TR2 87
271.7467 	DATA 	Keypress: 5
271.7467 	DATA 	TR 175 | TR1 88 | TR2 87
273.2965 	DATA 	Keypress: 5
273.2965 	DATA 	TR 176 | TR1 88 | TR2 88
274.8630 	DATA 	Keypress: 5
274.8631 	DATA 	TR 177 | TR1 89 | TR2 88
276.4129 	DATA 	Keypress: 5
276.4129 	DATA 	TR 178 | TR1 89 | TR2 89
277.9794 	DATA 	Keypress: 5
277.9795 	DATA 	TR 179 | TR1 90 | TR2 89
279.5298 	DATA 	Keypress: 5
279.5459 	DATA 	TR 180 | TR1 90 | TR2 90
281.1125 	DATA 	Keypress: 5
281.1125 	DATA 	TR 181 | TR1 91 | TR2 90
282.6623 	DATA 	Keypress: 5
282.6623 	DATA 	TR 182 | TR1 91 | TR2 91
283.9455 	DATA 	
283.9455 	DATA 	Trial complete
283.9455 	DATA 	Waiting for VASO trigger to start next trial
283.9455 	DATA 	
284.2288 	DATA 	Keypress: 5
284.2289 	DATA 	Waited 0.2833850383758545 seconds for trigger
284.2296 	DATA 	
284.2296 	DATA 	Trial 10
284.2297 	DATA 	stimDur = 2.0
284.2297 	DATA 	jitter = 2.35575
284.2297 	DATA 	restDur = 14.0

284.2297 	DATA 	
284.2297 	DATA 	TR 183 | TR1 92 | TR2 91
285.7788 	DATA 	Keypress: 5
285.7788 	DATA 	TR 184 | TR1 92 | TR2 92
286.5952 	DATA 	
286.5952 	DATA 	stimulation started
286.5952 	DATA 	
287.3619 	DATA 	Keypress: 5
287.3620 	DATA 	TR 185 | TR1 93 | TR2 92
288.5951 	DATA 	
288.5951 	DATA 	stimulation stopped
288.5951 	DATA 	
288.9118 	DATA 	Keypress: 5
288.9119 	DATA 	TR 186 | TR1 93 | TR2 93
290.4783 	DATA 	Keypress: 5
290.4783 	DATA 	TR 187 | TR1 94 | TR2 93
292.0281 	DATA 	Keypress: 5
292.0281 	DATA 	TR 188 | TR1 94 | TR2 94
293.5948 	DATA 	Keypress: 5
293.5948 	DATA 	TR 189 | TR1 95 | TR2 94
295.1611 	DATA 	Keypress: 5
295.1612 	DATA 	TR 190 | TR1 95 | TR2 95
296.7278 	DATA 	Keypress: 5
296.7279 	DATA 	TR 191 | TR1 96 | TR2 95
298.2775 	DATA 	Keypress: 5
298.2775 	DATA 	TR 192 | TR1 96 | TR2 96
299.8440 	DATA 	Keypress: 5
299.8441 	DATA 	TR 193 | TR1 97 | TR2 96
301.3939 	DATA 	Keypress: 5
301.3940 	DATA 	TR 194 | TR1 97 | TR2 97
302.5937 	DATA 	
302.5937 	DATA 	Trial complete
302.5938 	DATA 	Waiting for VASO trigger to start next trial
302.5938 	DATA 	
302.9771 	DATA 	Keypress: 5
302.9771 	DATA 	Waited 0.38335084915161133 seconds for trigger
302.9779 	DATA 	
302.9779 	DATA 	Trial 11
302.9779 	DATA 	stimDur = 24.0
302.9779 	DATA 	jitter = 2.35575
302.9779 	DATA 	restDur = 24.0

302.9779 	DATA 	
302.9779 	DATA 	TR 195 | TR1 98 | TR2 97
304.5270 	DATA 	Keypress: 5
304.5270 	DATA 	TR 196 | TR1 98 | TR2 98
305.3435 	DATA 	
305.3435 	DATA 	stimulation started
305.3435 	DATA 	
306.0935 	DATA 	Keypress: 5
306.0935 	DATA 	TR 197 | TR1 99 | TR2 98
307.6434 	DATA 	Keypress: 5
307.6434 	DATA 	TR 198 | TR1 99 | TR2 99
309.2266 	DATA 	Keypress: 5
309.2266 	DATA 	TR 199 | TR1 100 | TR2 99
310.7764 	DATA 	Keypress: 5
310.7765 	DATA 	TR 200 | TR1 100 | TR2 100
312.3429 	DATA 	Keypress: 5
312.3430 	DATA 	TR 201 | TR1 101 | TR2 100
313.8928 	DATA 	Keypress: 5
313.8929 	DATA 	TR 202 | TR1 101 | TR2 101
315.4593 	DATA 	Keypress: 5
315.4593 	DATA 	TR 203 | TR1 102 | TR2 101
317.0099 	DATA 	Keypress: 5
317.0258 	DATA 	TR 204 | TR1 102 | TR2 102
318.5923 	DATA 	Keypress: 5
318.5923 	DATA 	TR 205 | TR1 103 | TR2 102
320.1421 	DATA 	Keypress: 5
320.1422 	DATA 	TR 206 | TR1 103 | TR2 103
321.7087 	DATA 	Keypress: 5
321.7088 	DATA 	TR 207 | TR1 104 | TR2 103
323.2586 	DATA 	Keypress: 5
323.2587 	DATA 	TR 208 | TR1 104 | TR2 104
324.8418 	DATA 	Keypress: 5
324.8418 	DATA 	TR 209 | TR1 105 | TR2 104
326.3916 	DATA 	Keypress: 5
326.3917 	DATA 	TR 210 | TR1 105 | TR2 105
327.3083 	DATA 	Target presented
327.8915 	DATA 	Keypress: 1
327.8915 	DATA 	Key1 pressed
327.8915 	DATA 	Target detected
327.9581 	DATA 	Keypress: 5
327.9582 	DATA 	TR 211 | TR1 106 | TR2 105
329.3414 	DATA 	
329.3414 	DATA 	stimulation stopped
329.3414 	DATA 	
329.5080 	DATA 	Keypress: 5
329.5080 	DATA 	TR 212 | TR1 106 | TR2 106
331.0751 	DATA 	Keypress: 5
331.0911 	DATA 	TR 213 | TR1 107 | TR2 106
332.6410 	DATA 	Keypress: 5
332.6411 	DATA 	TR 214 | TR1 107 | TR2 107
334.2075 	DATA 	Keypress: 5
334.2075 	DATA 	TR 215 | TR1 108 | TR2 107
335.7574 	DATA 	Keypress: 5
335.7574 	DATA 	TR 216 | TR1 108 | TR2 108
337.3239 	DATA 	Keypress: 5
337.3239 	DATA 	TR 217 | TR1 109 | TR2 108
338.8737 	DATA 	Keypress: 5
338.8738 	DATA 	TR 218 | TR1 109 | TR2 109
340.4569 	DATA 	Keypress: 5
340.4570 	DATA 	TR 219 | TR1 110 | TR2 109
342.0068 	DATA 	Keypress: 5
342.0069 	DATA 	TR 220 | TR1 110 | TR2 110
343.5733 	DATA 	Keypress: 5
343.5733 	DATA 	TR 221 | TR1 111 | TR2 110
345.1232 	DATA 	Keypress: 5
345.1232 	DATA 	TR 222 | TR1 111 | TR2 111
346.7064 	DATA 	Keypress: 5
346.7064 	DATA 	TR 223 | TR1 112 | TR2 111
348.2562 	DATA 	Keypress: 5
348.2563 	DATA 	TR 224 | TR1 112 | TR2 112
349.8227 	DATA 	Keypress: 5
349.8228 	DATA 	TR 225 | TR1 113 | TR2 112
351.3726 	DATA 	Keypress: 5
351.3727 	DATA 	TR 226 | TR1 113 | TR2 113
352.9391 	DATA 	Keypress: 5
352.9391 	DATA 	TR 227 | TR1 114 | TR2 113
353.3390 	DATA 	
353.3390 	DATA 	Trial complete
353.3391 	DATA 	Waiting for VASO trigger to start next trial
353.3391 	DATA 	
354.5057 	DATA 	Keypress: 5
354.5057 	DATA 	TR 228 | TR1 114 | TR2 114
356.0722 	DATA 	Keypress: 5
356.0722 	DATA 	Waited 2.7331690788269043 seconds for trigger
356.0730 	DATA 	
356.0730 	DATA 	Trial 12
356.0730 	DATA 	stimDur = 24.0
356.0730 	DATA 	jitter = 1.5705
356.0730 	DATA 	restDur = 24.0

356.0730 	DATA 	
356.0730 	DATA 	TR 229 | TR1 115 | TR2 114
357.6221 	DATA 	Keypress: 5
357.6221 	DATA 	TR 230 | TR1 115 | TR2 115
357.6553 	DATA 	
357.6553 	DATA 	stimulation started
357.6553 	DATA 	
359.1886 	DATA 	Keypress: 5
359.1886 	DATA 	TR 231 | TR1 116 | TR2 115
360.7385 	DATA 	Keypress: 5
360.7385 	DATA 	TR 232 | TR1 116 | TR2 116
362.3217 	DATA 	Keypress: 5
362.3217 	DATA 	TR 233 | TR1 117 | TR2 116
363.8716 	DATA 	Keypress: 5
363.8716 	DATA 	TR 234 | TR1 117 | TR2 117
365.4381 	DATA 	Keypress: 5
365.4381 	DATA 	TR 235 | TR1 118 | TR2 117
366.9879 	DATA 	Keypress: 5
366.9880 	DATA 	TR 236 | TR1 118 | TR2 118
368.5552 	DATA 	Keypress: 5
368.5711 	DATA 	TR 237 | TR1 119 | TR2 118
370.1210 	DATA 	Keypress: 5
370.1210 	DATA 	TR 238 | TR1 119 | TR2 119
371.6875 	DATA 	Keypress: 5
371.6875 	DATA 	TR 239 | TR1 120 | TR2 119
373.2374 	DATA 	Keypress: 5
373.2375 	DATA 	TR 240 | TR1 120 | TR2 120
374.8038 	DATA 	Keypress: 5
374.8039 	DATA 	TR 241 | TR1 121 | TR2 120
376.3539 	DATA 	Keypress: 5
376.3540 	DATA 	TR 242 | TR1 121 | TR2 121
377.9371 	DATA 	Keypress: 5
377.9371 	DATA 	TR 243 | TR1 122 | TR2 121
379.4868 	DATA 	Keypress: 5
379.4869 	DATA 	TR 244 | TR1 122 | TR2 122
381.0533 	DATA 	Keypress: 5
381.0533 	DATA 	TR 245 | TR1 123 | TR2 122
381.6532 	DATA 	
381.6532 	DATA 	stimulation stopped
381.6532 	DATA 	
382.6032 	DATA 	Keypress: 5
382.6032 	DATA 	TR 246 | TR1 123 | TR2 123
384.1863 	DATA 	Keypress: 5
384.1864 	DATA 	TR 247 | TR1 124 | TR2 123
385.7363 	DATA 	Keypress: 5
385.7364 	DATA 	TR 248 | TR1 124 | TR2 124
387.3027 	DATA 	Keypress: 5
387.3027 	DATA 	TR 249 | TR1 125 | TR2 124
388.8526 	DATA 	Keypress: 5
388.8526 	DATA 	TR 250 | TR1 125 | TR2 125
390.4191 	DATA 	Keypress: 5
390.4191 	DATA 	TR 251 | TR1 126 | TR2 125
391.9856 	DATA 	Keypress: 5
391.9857 	DATA 	TR 252 | TR1 126 | TR2 126
393.5521 	DATA 	Keypress: 5
393.5522 	DATA 	TR 253 | TR1 127 | TR2 126
395.1020 	DATA 	Keypress: 5
395.1021 	DATA 	TR 254 | TR1 127 | TR2 127
396.6685 	DATA 	Keypress: 5
396.6686 	DATA 	TR 255 | TR1 128 | TR2 127
398.2184 	DATA 	Keypress: 5
398.2184 	DATA 	TR 256 | TR1 128 | TR2 128
399.8015 	DATA 	Keypress: 5
399.8016 	DATA 	TR 257 | TR1 129 | TR2 128
401.3515 	DATA 	Keypress: 5
401.3515 	DATA 	TR 258 | TR1 129 | TR2 129
402.9180 	DATA 	Keypress: 5
402.9180 	DATA 	TR 259 | TR1 130 | TR2 129
404.4678 	DATA 	Keypress: 5
404.4679 	DATA 	TR 260 | TR1 130 | TR2 130
405.1011 	DATA 	Target presented
405.6344 	DATA 	Keypress: 1
405.6344 	DATA 	Key1 pressed
405.6344 	DATA 	Target detected
405.6510 	DATA 	
405.6510 	DATA 	Trial complete
405.6510 	DATA 	Waiting for VASO trigger to start next trial
405.6510 	DATA 	
406.0510 	DATA 	Keypress: 5
406.0510 	DATA 	Waited 0.39999818801879883 seconds for trigger
406.0518 	DATA 	
406.0518 	DATA 	Trial 13
406.0518 	DATA 	stimDur = 12.0
406.0518 	DATA 	jitter = 0.78525
406.0518 	DATA 	restDur = 20.0

406.0518 	DATA 	
406.0518 	DATA 	TR 261 | TR1 131 | TR2 130
406.8509 	DATA 	
406.8509 	DATA 	stimulation started
406.8509 	DATA 	
407.6009 	DATA 	Keypress: 5
407.6010 	DATA 	TR 262 | TR1 131 | TR2 131
409.1674 	DATA 	Keypress: 5
409.1675 	DATA 	TR 263 | TR1 132 | TR2 131
410.7173 	DATA 	Keypress: 5
410.7174 	DATA 	TR 264 | TR1 132 | TR2 132
412.2838 	DATA 	Keypress: 5
412.2838 	DATA 	TR 265 | TR1 133 | TR2 132
413.8337 	DATA 	Keypress: 5
413.8338 	DATA 	TR 266 | TR1 133 | TR2 133
415.4169 	DATA 	Keypress: 5
415.4169 	DATA 	TR 267 | TR1 134 | TR2 133
416.9668 	DATA 	Keypress: 5
416.9668 	DATA 	TR 268 | TR1 134 | TR2 134
418.5333 	DATA 	Keypress: 5
418.5333 	DATA 	TR 269 | TR1 135 | TR2 134
418.8498 	DATA 	
418.8498 	DATA 	stimulation stopped
418.8498 	DATA 	
420.0831 	DATA 	Keypress: 5
420.0831 	DATA 	TR 270 | TR1 135 | TR2 135
421.6661 	DATA 	Keypress: 5
421.6661 	DATA 	TR 271 | TR1 136 | TR2 135
423.2161 	DATA 	Keypress: 5
423.2162 	DATA 	TR 272 | TR1 136 | TR2 136
424.7828 	DATA 	Keypress: 5
424.7828 	DATA 	TR 273 | TR1 137 | TR2 136
426.3325 	DATA 	Keypress: 5
426.3326 	DATA 	TR 274 | TR1 137 | TR2 137
427.8990 	DATA 	Keypress: 5
427.8991 	DATA 	TR 275 | TR1 138 | TR2 137
429.4656 	DATA 	Keypress: 5
429.4656 	DATA 	TR 276 | TR1 138 | TR2 138
431.0320 	DATA 	Keypress: 5
431.0321 	DATA 	TR 277 | TR1 139 | TR2 138
432.5820 	DATA 	Keypress: 5
432.5820 	DATA 	TR 278 | TR1 139 | TR2 139
434.1485 	DATA 	Keypress: 5
434.1485 	DATA 	TR 279 | TR1 140 | TR2 139
435.6984 	DATA 	Keypress: 5
435.6984 	DATA 	TR 280 | TR1 140 | TR2 140
437.2815 	DATA 	Keypress: 5
437.2815 	DATA 	TR 281 | TR1 141 | TR2 140
438.8314 	DATA 	Keypress: 5
438.8314 	DATA 	TR 282 | TR1 141 | TR2 141
438.8480 	DATA 	
438.8480 	DATA 	Trial complete
438.8480 	DATA 	Waiting for VASO trigger to start next trial
438.8480 	DATA 	
440.3979 	DATA 	Keypress: 5
440.3979 	DATA 	Waited 1.5498909950256348 seconds for trigger
440.3987 	DATA 	
440.3987 	DATA 	Trial 14
440.3987 	DATA 	stimDur = 2.0
440.3987 	DATA 	jitter = 0.78525
440.3987 	DATA 	restDur = 14.0

440.3987 	DATA 	
440.3987 	DATA 	TR 283 | TR1 142 | TR2 141
441.1978 	DATA 	
441.1978 	DATA 	stimulation started
441.1978 	DATA 	
441.9478 	DATA 	Keypress: 5
441.9478 	DATA 	TR 284 | TR1 142 | TR2 142
443.1977 	DATA 	
443.1977 	DATA 	stimulation stopped
443.1977 	DATA 	
443.5309 	DATA 	Keypress: 5
443.5310 	DATA 	TR 285 | TR1 143 | TR2 142
445.0808 	DATA 	Keypress: 5
445.0809 	DATA 	TR 286 | TR1 143 | TR2 143
446.6472 	DATA 	Keypress: 5
446.6472 	DATA 	TR 287 | TR1 144 | TR2 143
448.1972 	DATA 	Keypress: 5
448.1973 	DATA 	TR 288 | TR1 144 | TR2 144
449.7637 	DATA 	Keypress: 5
449.7637 	DATA 	TR 289 | TR1 145 | TR2 144
451.3142 	DATA 	Keypress: 5
451.3302 	DATA 	TR 290 | TR1 145 | TR2 145
452.8967 	DATA 	Keypress: 5
452.8968 	DATA 	TR 291 | TR1 146 | TR2 145
454.4466 	DATA 	Keypress: 5
454.4467 	DATA 	TR 292 | TR1 146 | TR2 146
456.0131 	DATA 	Keypress: 5
456.0132 	DATA 	TR 293 | TR1 147 | TR2 146
457.1963 	DATA 	
457.1963 	DATA 	Trial complete
457.1964 	DATA 	Waiting for VASO trigger to start next trial
457.1964 	DATA 	
457.5630 	DATA 	Keypress: 5
457.5631 	DATA 	TR 294 | TR1 147 | TR2 147
459.1462 	DATA 	Keypress: 5
459.1462 	DATA 	Waited 1.9498670101165771 seconds for trigger
459.1470 	DATA 	
459.1470 	DATA 	Trial 15
459.1470 	DATA 	stimDur = 2.0
459.1470 	DATA 	jitter = 1.5705
459.1470 	DATA 	restDur = 14.0

459.1470 	DATA 	
459.1470 	DATA 	TR 295 | TR1 148 | TR2 147
459.6795 	DATA 	Target presented
460.1461 	DATA 	Keypress: 1
460.1462 	DATA 	Key1 pressed
460.1462 	DATA 	Target detected
460.6960 	DATA 	Keypress: 5
460.6961 	DATA 	TR 296 | TR1 148 | TR2 148
460.7294 	DATA 	
460.7294 	DATA 	stimulation started
460.7294 	DATA 	
462.2626 	DATA 	Keypress: 5
462.2626 	DATA 	TR 297 | TR1 149 | TR2 148
462.7292 	DATA 	
462.7292 	DATA 	stimulation stopped
462.7292 	DATA 	
463.8124 	DATA 	Keypress: 5
463.8125 	DATA 	TR 298 | TR1 149 | TR2 149
465.3795 	DATA 	Keypress: 5
465.3957 	DATA 	TR 299 | TR1 150 | TR2 149
466.9455 	DATA 	Keypress: 5
466.9455 	DATA 	TR 300 | TR1 150 | TR2 150
468.5120 	DATA 	Keypress: 5
468.5120 	DATA 	TR 301 | TR1 151 | TR2 150
470.0619 	DATA 	Keypress: 5
470.0619 	DATA 	TR 302 | TR1 151 | TR2 151
471.6284 	DATA 	Keypress: 5
471.6284 	DATA 	TR 303 | TR1 152 | TR2 151
473.1783 	DATA 	Keypress: 5
473.1783 	DATA 	TR 304 | TR1 152 | TR2 152
474.7614 	DATA 	Keypress: 5
474.7615 	DATA 	TR 305 | TR1 153 | TR2 152
476.3113 	DATA 	Keypress: 5
476.3114 	DATA 	TR 306 | TR1 153 | TR2 153
476.7279 	DATA 	
476.7279 	DATA 	Trial complete
476.7279 	DATA 	Waiting for VASO trigger to start next trial
476.7279 	DATA 	
477.8778 	DATA 	Keypress: 5
477.8779 	DATA 	Waited 1.149946928024292 seconds for trigger
477.8786 	DATA 	
477.8786 	DATA 	Trial 16
477.8786 	DATA 	stimDur = 24.0
477.8786 	DATA 	jitter = 0.78525
477.8786 	DATA 	restDur = 24.0

477.8786 	DATA 	
477.8787 	DATA 	TR 307 | TR1 154 | TR2 153
478.6777 	DATA 	
478.6777 	DATA 	stimulation started
478.6777 	DATA 	
479.4277 	DATA 	Keypress: 5
479.4278 	DATA 	TR 308 | TR1 154 | TR2 154
481.0109 	DATA 	Keypress: 5
481.0110 	DATA 	TR 309 | TR1 155 | TR2 154
482.5608 	DATA 	Keypress: 5
482.5608 	DATA 	TR 310 | TR1 155 | TR2 155
484.1273 	DATA 	Keypress: 5
484.1273 	DATA 	TR 311 | TR1 156 | TR2 155
485.6772 	DATA 	Keypress: 5
485.6772 	DATA 	TR 312 | TR1 156 | TR2 156
487.2437 	DATA 	Keypress: 5
487.2437 	DATA 	TR 313 | TR1 157 | TR2 156
488.8102 	DATA 	Keypress: 5
488.8103 	DATA 	TR 314 | TR1 157 | TR2 157
490.3767 	DATA 	Keypress: 5
490.3768 	DATA 	TR 315 | TR1 158 | TR2 157
491.9266 	DATA 	Keypress: 5
491.9266 	DATA 	TR 316 | TR1 158 | TR2 158
493.4931 	DATA 	Keypress: 5
493.4932 	DATA 	TR 317 | TR1 159 | TR2 158
495.0430 	DATA 	Keypress: 5
495.0430 	DATA 	TR 318 | TR1 159 | TR2 159
496.6261 	DATA 	Keypress: 5
496.6262 	DATA 	TR 319 | TR1 160 | TR2 159
498.1762 	DATA 	Keypress: 5
498.1762 	DATA 	TR 320 | TR1 160 | TR2 160
499.7425 	DATA 	Keypress: 5
499.7426 	DATA 	TR 321 | TR1 161 | TR2 160
501.2091 	DATA 	Target presented
501.2924 	DATA 	Keypress: 5
501.2925 	DATA 	TR 322 | TR1 161 | TR2 161
501.7257 	DATA 	Keypress: 1
501.7257 	DATA 	Key1 pressed
501.7257 	DATA 	Target detected
502.6756 	DATA 	
502.6756 	DATA 	stimulation stopped
502.6756 	DATA 	
502.8595 	DATA 	Keypress: 5
502.8755 	DATA 	TR 323 | TR1 162 | TR2 161
504.4254 	DATA 	Keypress: 5
504.4255 	DATA 	TR 324 | TR1 162 | TR2 162
505.9919 	DATA 	Keypress: 5
505.9920 	DATA 	TR 325 | TR1 163 | TR2 162
507.5418 	DATA 	Keypress: 5
507.5418 	DATA 	TR 326 | TR1 163 | TR2 163
509.1083 	DATA 	Keypress: 5
509.1084 	DATA 	TR 327 | TR1 164 | TR2 163
510.6588 	DATA 	Keypress: 5
510.6748 	DATA 	TR 328 | TR1 164 | TR2 164
512.2414 	DATA 	Keypress: 5
512.2414 	DATA 	TR 329 | TR1 165 | TR2 164
513.7912 	DATA 	Keypress: 5
513.7913 	DATA 	TR 330 | TR1 165 | TR2 165
515.3577 	DATA 	Keypress: 5
515.3578 	DATA 	TR 331 | TR1 166 | TR2 165
516.9076 	DATA 	Keypress: 5
516.9077 	DATA 	TR 332 | TR1 166 | TR2 166
518.4908 	DATA 	Keypress: 5
518.4908 	DATA 	TR 333 | TR1 167 | TR2 166
520.0407 	DATA 	Keypress: 5
520.0407 	DATA 	TR 334 | TR1 167 | TR2 167
521.6071 	DATA 	Keypress: 5
521.6072 	DATA 	TR 335 | TR1 168 | TR2 167
523.1572 	DATA 	Keypress: 5
523.1572 	DATA 	TR 336 | TR1 168 | TR2 168
524.7235 	DATA 	Keypress: 5
524.7236 	DATA 	TR 337 | TR1 169 | TR2 168
526.2740 	DATA 	Keypress: 5
526.2900 	DATA 	TR 338 | TR1 169 | TR2 169
526.6733 	DATA 	
526.6733 	DATA 	Trial complete
526.6734 	DATA 	Waiting for VASO trigger to start next trial
526.6734 	DATA 	
527.8566 	DATA 	Keypress: 5
527.8566 	DATA 	Waited 1.1832771301269531 seconds for trigger
527.8574 	DATA 	
527.8574 	DATA 	Trial 17
527.8574 	DATA 	stimDur = 1.0
527.8574 	DATA 	jitter = 1.5705
527.8574 	DATA 	restDur = 12.0

527.8574 	DATA 	
527.8574 	DATA 	TR 339 | TR1 170 | TR2 169
529.4065 	DATA 	Keypress: 5
529.4065 	DATA 	TR 340 | TR1 170 | TR2 170
529.4397 	DATA 	
529.4398 	DATA 	stimulation started
529.4398 	DATA 	
530.4397 	DATA 	
530.4397 	DATA 	stimulation stopped
530.4397 	DATA 	
530.9730 	DATA 	Keypress: 5
530.9730 	DATA 	TR 341 | TR1 171 | TR2 170
532.5228 	DATA 	Keypress: 5
532.5228 	DATA 	TR 342 | TR1 171 | TR2 171
534.1060 	DATA 	Keypress: 5
534.1061 	DATA 	TR 343 | TR1 172 | TR2 171
535.6559 	DATA 	Keypress: 5
535.6559 	DATA 	TR 344 | TR1 172 | TR2 172
537.2225 	DATA 	Keypress: 5
537.2225 	DATA 	TR 345 | TR1 173 | TR2 172
538.7723 	DATA 	Keypress: 5
538.7723 	DATA 	TR 346 | TR1 173 | TR2 173
540.3555 	DATA 	Keypress: 5
540.3555 	DATA 	TR 347 | TR1 174 | TR2 173
541.9053 	DATA 	Keypress: 5
541.9054 	DATA 	TR 348 | TR1 174 | TR2 174
542.4386 	DATA 	
542.4386 	DATA 	Trial complete
542.4386 	DATA 	Waiting for VASO trigger to start next trial
542.4386 	DATA 	
543.4718 	DATA 	Keypress: 5
543.4719 	DATA 	Waited 1.0333027839660645 seconds for trigger
543.4726 	DATA 	
543.4726 	DATA 	Trial 18
543.4727 	DATA 	stimDur = 4.0
543.4727 	DATA 	jitter = 2.35575
543.4727 	DATA 	restDur = 16.0

543.4727 	DATA 	
543.4727 	DATA 	TR 349 | TR1 175 | TR2 174
545.0217 	DATA 	Keypress: 5
545.0217 	DATA 	TR 350 | TR1 175 | TR2 175
545.8383 	DATA 	
545.8383 	DATA 	stimulation started
545.8383 	DATA 	
546.5883 	DATA 	Keypress: 5
546.5883 	DATA 	TR 351 | TR1 176 | TR2 175
547.7215 	DATA 	Target presented
548.1382 	DATA 	Keypress: 5
548.1382 	DATA 	TR 352 | TR1 176 | TR2 176
548.3714 	DATA 	Keypress: 1
548.3714 	DATA 	Key1 pressed
548.3715 	DATA 	Target detected
549.7213 	DATA 	Keypress: 5
549.7214 	DATA 	TR 353 | TR1 177 | TR2 176
549.8379 	DATA 	
549.8379 	DATA 	stimulation stopped
549.8379 	DATA 	
551.2711 	DATA 	Keypress: 5
551.2712 	DATA 	TR 354 | TR1 177 | TR2 177
552.8377 	DATA 	Keypress: 5
552.8377 	DATA 	TR 355 | TR1 178 | TR2 177
554.3875 	DATA 	Keypress: 5
554.3875 	DATA 	TR 356 | TR1 178 | TR2 178
555.9707 	DATA 	Keypress: 5
555.9708 	DATA 	TR 357 | TR1 179 | TR2 178
557.5205 	DATA 	Keypress: 5
557.5206 	DATA 	TR 358 | TR1 179 | TR2 179
559.0871 	DATA 	Keypress: 5
559.0871 	DATA 	TR 359 | TR1 180 | TR2 179
560.6369 	DATA 	Keypress: 5
560.6370 	DATA 	TR 360 | TR1 180 | TR2 180
562.2035 	DATA 	Keypress: 5
562.2035 	DATA 	TR 361 | TR1 181 | TR2 180
563.7698 	DATA 	Keypress: 5
563.7698 	DATA 	TR 362 | TR1 181 | TR2 181
565.3365 	DATA 	Keypress: 5
565.3366 	DATA 	TR 363 | TR1 182 | TR2 181
565.8364 	DATA 	
565.8364 	DATA 	Trial complete
565.8365 	DATA 	Waiting for VASO trigger to start next trial
565.8365 	DATA 	
566.8864 	DATA 	Keypress: 5
566.8864 	DATA 	TR 364 | TR1 182 | TR2 182
568.4529 	DATA 	Keypress: 5
568.4530 	DATA 	Waited 2.6164960861206055 seconds for trigger
568.4537 	DATA 	
568.4537 	DATA 	Trial 19
568.4537 	DATA 	stimDur = 2.0
568.4537 	DATA 	jitter = 0.0
568.4537 	DATA 	restDur = 14.0

568.4537 	DATA 	
568.4537 	DATA 	TR 365 | TR1 183 | TR2 182
568.4537 	DATA 	
568.4538 	DATA 	stimulation started
568.4538 	DATA 	
570.0028 	DATA 	Keypress: 5
570.0028 	DATA 	TR 366 | TR1 183 | TR2 183
570.4694 	DATA 	
570.4694 	DATA 	stimulation stopped
570.4694 	DATA 	
571.5860 	DATA 	Keypress: 5
571.5860 	DATA 	TR 367 | TR1 184 | TR2 183
573.1360 	DATA 	Keypress: 5
573.1360 	DATA 	TR 368 | TR1 184 | TR2 184
574.7023 	DATA 	Keypress: 5
574.7024 	DATA 	TR 369 | TR1 185 | TR2 184
576.2522 	DATA 	Keypress: 5
576.2522 	DATA 	TR 370 | TR1 185 | TR2 185
577.8354 	DATA 	Keypress: 5
577.8354 	DATA 	TR 371 | TR1 186 | TR2 185
579.3852 	DATA 	Keypress: 5
579.3853 	DATA 	TR 372 | TR1 186 | TR2 186
580.9518 	DATA 	Keypress: 5
580.9518 	DATA 	TR 373 | TR1 187 | TR2 186
582.5016 	DATA 	Keypress: 5
582.5016 	DATA 	TR 374 | TR1 187 | TR2 187
584.0683 	DATA 	Keypress: 5
584.0683 	DATA 	TR 375 | TR1 188 | TR2 187
584.4681 	DATA 	
584.4681 	DATA 	Trial complete
584.4681 	DATA 	
585.6186 	DATA 	Keypress: 5
585.6348 	DATA 	TR 376 | TR1 188 | TR2 188
587.2012 	DATA 	Keypress: 5
587.2012 	DATA 	Waited 21.36478090286255 seconds for trigger
587.2020 	DATA 	
587.2020 	DATA 	Trial 20
587.2020 	DATA 	stimDur = 1.0
587.2020 	DATA 	jitter = 2.35575
587.2020 	DATA 	restDur = 12.0

587.2020 	DATA 	
587.2020 	DATA 	TR 377 | TR1 189 | TR2 188
588.7510 	DATA 	Keypress: 5
588.7511 	DATA 	TR 378 | TR1 189 | TR2 189
589.5676 	DATA 	
589.5676 	DATA 	stimulation started
589.5676 	DATA 	
590.3176 	DATA 	Keypress: 5
590.3177 	DATA 	TR 379 | TR1 190 | TR2 189
590.5676 	DATA 	
590.5676 	DATA 	stimulation stopped
590.5676 	DATA 	
591.8674 	DATA 	Keypress: 5
591.8674 	DATA 	TR 380 | TR1 190 | TR2 190
593.4505 	DATA 	Keypress: 5
593.4506 	DATA 	TR 381 | TR1 191 | TR2 190
595.0004 	DATA 	Keypress: 5
595.0005 	DATA 	TR 382 | TR1 191 | TR2 191
596.5671 	DATA 	Keypress: 5
596.5671 	DATA 	TR 383 | TR1 192 | TR2 191
598.1168 	DATA 	Keypress: 5
598.1169 	DATA 	TR 384 | TR1 192 | TR2 192
599.7001 	DATA 	Keypress: 5
599.7001 	DATA 	TR 385 | TR1 193 | TR2 192
601.2499 	DATA 	Keypress: 5
601.2499 	DATA 	TR 386 | TR1 193 | TR2 193
602.5664 	DATA 	
602.5664 	DATA 	Trial complete
602.5664 	DATA 	
602.8164 	DATA 	Keypress: 5
602.8165 	DATA 	TR 387 | TR1 194 | TR2 193
604.3663 	DATA 	Keypress: 5
604.3663 	DATA 	TR 388 | TR1 194 | TR2 194
605.9328 	DATA 	Keypress: 5
605.9329 	DATA 	TR 389 | TR1 195 | TR2 194
607.4826 	DATA 	Keypress: 5
607.4827 	DATA 	TR 390 | TR1 195 | TR2 195
609.0659 	DATA 	Keypress: 5
609.0659 	DATA 	TR 391 | TR1 196 | TR2 195
610.6157 	DATA 	Keypress: 5
610.6157 	DATA 	TR 392 | TR1 196 | TR2 196
612.1822 	DATA 	Keypress: 5
612.1823 	DATA 	TR 393 | TR1 197 | TR2 196
613.7321 	DATA 	Keypress: 5
613.7321 	DATA 	TR 394 | TR1 197 | TR2 197
615.3153 	DATA 	Keypress: 5
615.3154 	DATA 	TR 395 | TR1 198 | TR2 197
616.8651 	DATA 	Keypress: 5
616.8652 	DATA 	TR 396 | TR1 198 | TR2 198
618.4317 	DATA 	Keypress: 5
618.4317 	DATA 	TR 397 | TR1 199 | TR2 198
619.9815 	DATA 	Keypress: 5
619.9815 	DATA 	TR 398 | TR1 199 | TR2 199
621.5480 	DATA 	Keypress: 5
621.5481 	DATA 	TR 399 | TR1 200 | TR2 199
623.1145 	DATA 	Keypress: 5
623.1146 	DATA 	TR 400 | TR1 200 | TR2 200
624.6811 	DATA 	Keypress: 5
624.6812 	DATA 	TR 401 | TR1 201 | TR2 200
626.2309 	DATA 	Keypress: 5
626.2310 	DATA 	TR 402 | TR1 201 | TR2 201
627.7975 	DATA 	Keypress: 5
627.7975 	DATA 	TR 403 | TR1 202 | TR2 201
629.3473 	DATA 	Keypress: 5
629.3474 	DATA 	TR 404 | TR1 202 | TR2 202
630.9305 	DATA 	Keypress: 5
630.9306 	DATA 	TR 405 | TR1 203 | TR2 202
632.4804 	DATA 	Keypress: 5
632.4804 	DATA 	TR 406 | TR1 203 | TR2 203
634.0469 	DATA 	Keypress: 5
634.0470 	DATA 	TR 407 | TR1 204 | TR2 203
635.5967 	DATA 	Keypress: 5
635.5968 	DATA 	TR 408 | TR1 204 | TR2 204
637.1639 	DATA 	Keypress: 5
637.1799 	DATA 	TR 409 | TR1 205 | TR2 204
638.7298 	DATA 	Keypress: 5
638.7298 	DATA 	TR 410 | TR1 205 | TR2 205
640.2964 	DATA 	Keypress: 5
640.2964 	DATA 	TR 411 | TR1 206 | TR2 205
641.8462 	DATA 	Keypress: 5
641.8462 	DATA 	TR 412 | TR1 206 | TR2 206
643.4127 	DATA 	Keypress: 5
643.4128 	DATA 	TR 413 | TR1 207 | TR2 206
644.9627 	DATA 	Keypress: 5
644.9627 	DATA 	TR 414 | TR1 207 | TR2 207
646.5458 	DATA 	Keypress: 5
646.5458 	DATA 	TR 415 | TR1 208 | TR2 207
648.0956 	DATA 	Keypress: 5
648.0956 	DATA 	TR 416 | TR1 208 | TR2 208
649.6622 	DATA 	Keypress: 5
649.6622 	DATA 	TR 417 | TR1 209 | TR2 208
650.9788 	DATA 	EndOfRun sub-06_ses-02_run-05

650.9788 	DATA 	We spent 51.41544055938721 seconds waiting for triggers
650.9788 	DATA 	RatioOfDetectedTargets 1.0
650.9788 	DATA 	You have detected 9 out of 9 targets.
655.8010 	DATA 	Keypress: 5
655.8012 	DATA 	Keypress: 5
655.8014 	DATA 	Keypress: 5
655.9043 	DATA 	Keypress: 5
656.0084 	EXP 	window1: mouseVisible = True
