MonitorDistance=99cm
MonitorWidth=30cm
PixelWidth=1024.0
PixelHeight=768.0
You have detected 9 out of 9 targets.
Excellent! Keep up the good work
6.6887 	INFO 	Loaded monitor calibration from ['2021_05_26 17:55']
7.1516 	EXP 	Created window1 = Window(allowGUI=False, allowStencil=False, autoLog=True, backendConf=UNKNOWN, bitsMode=UNKNOWN, blendMode='avg', bpc=(8, 8, 8), color=array([-0.5, -0.5, -0.5]), colorSpace='rgb', depthBits=8, fullscr=<method-wrapper '__getattribute__' of attributeSetter object at 0x7f062736c2e8>, gamma=None, gammaErrorPolicy='raise', lms=UNKNOWN, monitor=<psychopy.monitors.calibTools.Monitor object at 0x7f061d187d30>, multiSample=False, name='window1', numSamples=2, pos=[0.0, 0.0], screen=0, size=array([1024,  768]), stencilBits=0, stereo=False, units='deg', useFBO=False, useRetina=False, viewOri=0.0, viewPos=None, viewScale=None, waitBlanking=True, winType='pyglet')
7.1516 	EXP 	window1: mouseVisible = True
7.2187 	EXP 	Created unnamed TextStim = TextStim(__class__=<class 'psychopy.visual.text.TextStim'>, alignHoriz=method-wrapper(...), alignText='center', alignVert=method-wrapper(...), anchorHoriz='center', anchorVert='center', antialias=True, autoLog=True, bold=False, color=array([1., 1., 1.]), colorSpace='rgb', contrast=1.0, depth=0, flipHoriz=False, flipVert=False, font='', fontFiles=[], height=0.5, italic=False, languageStyle='LTR', name='unnamed TextStim', opacity=1.0, ori=0.0, pos=array([0., 0.]), rgb=UNKNOWN, text=str(...), units='deg', win=Window(...), wrapWidth=15.0)
7.2493 	EXP 	Created Movie Frame 0 = ImageStim(__class__=<class 'psychopy.visual.image.ImageStim'>, autoLog=True, color=array([0.8, 0.8, 0.8]), colorSpace='rgb', contrast=0.8, depth=0, flipHoriz=False, flipVert=False, image='visual_0.png', interpolate=False, mask=None, maskParams=None, name='Movie Frame 0', opacity=1, ori=0.0, pos=array([0., 0.]), size=array([1024,  768]), texRes=128, units='pix', win=Window(...))
7.2737 	EXP 	Created Movie Frame 1 = ImageStim(__class__=<class 'psychopy.visual.image.ImageStim'>, autoLog=True, color=array([0.8, 0.8, 0.8]), colorSpace='rgb', contrast=0.8, depth=0, flipHoriz=False, flipVert=False, image='visual_1.png', interpolate=False, mask=None, maskParams=None, name='Movie Frame 1', opacity=1, ori=0.0, pos=array([0., 0.]), size=array([1024,  768]), texRes=128, units='pix', win=Window(...))
37.1377 	DATA 	Keypress: 5
0.0000 	DATA 	StartOfRun sub-06_ses-02_run-04
0.0000 	DATA 	TR 1 | TR1 1 | TR2 0
0.0150 	DATA 	Initial baseline

1.5510 	DATA 	Keypress: 5
1.5511 	DATA 	TR 2 | TR1 1 | TR2 1
3.1222 	DATA 	Keypress: 5
3.1222 	DATA 	TR 3 | TR1 2 | TR2 1
4.6744 	DATA 	Keypress: 5
4.6744 	DATA 	TR 4 | TR1 2 | TR2 2
6.2454 	DATA 	Keypress: 5
6.2455 	DATA 	TR 5 | TR1 3 | TR2 2
7.7978 	DATA 	Keypress: 5
7.7978 	DATA 	TR 6 | TR1 3 | TR2 3
9.3689 	DATA 	Keypress: 5
9.3690 	DATA 	TR 7 | TR1 4 | TR2 3
10.9211 	DATA 	Keypress: 5
10.9212 	DATA 	TR 8 | TR1 4 | TR2 4
12.4923 	DATA 	Keypress: 5
12.4924 	DATA 	TR 9 | TR1 5 | TR2 4
14.0446 	DATA 	Keypress: 5
14.0446 	DATA 	TR 10 | TR1 5 | TR2 5
15.6157 	DATA 	Keypress: 5
15.6158 	DATA 	TR 11 | TR1 6 | TR2 5
17.1680 	DATA 	Keypress: 5
17.1680 	DATA 	TR 12 | TR1 6 | TR2 6
18.7392 	DATA 	Keypress: 5
18.7392 	DATA 	TR 13 | TR1 7 | TR2 6
20.2914 	DATA 	Keypress: 5
20.2914 	DATA 	TR 14 | TR1 7 | TR2 7
21.8625 	DATA 	Keypress: 5
21.8626 	DATA 	TR 15 | TR1 8 | TR2 7
23.4147 	DATA 	Keypress: 5
23.4147 	DATA 	TR 16 | TR1 8 | TR2 8
24.9859 	DATA 	Keypress: 5
24.9859 	DATA 	TR 17 | TR1 9 | TR2 8
26.5370 	DATA 	Keypress: 5
26.5370 	DATA 	TR 18 | TR1 9 | TR2 9
28.1093 	DATA 	Keypress: 5
28.1093 	DATA 	TR 19 | TR1 10 | TR2 9
29.6605 	DATA 	Keypress: 5
29.6605 	DATA 	TR 20 | TR1 10 | TR2 10
31.2460 	DATA 	Keypress: 5
31.2461 	DATA 	Waited 1.2460508346557617 seconds for trigger
31.2475 	DATA 	
31.2475 	DATA 	Trial 1
31.2475 	DATA 	stimDur = 12.0
31.2475 	DATA 	jitter = 1.5705
31.2475 	DATA 	restDur = 20.0

31.2475 	DATA 	
31.2475 	DATA 	TR 21 | TR1 11 | TR2 10
32.7959 	DATA 	Keypress: 5
32.7960 	DATA 	TR 22 | TR1 11 | TR2 11
32.8292 	DATA 	
32.8292 	DATA 	stimulation started
32.8292 	DATA 	
34.3624 	DATA 	Keypress: 5
34.3625 	DATA 	TR 23 | TR1 12 | TR2 11
35.9123 	DATA 	Keypress: 5
35.9124 	DATA 	TR 24 | TR1 12 | TR2 12
37.4795 	DATA 	Keypress: 5
37.4954 	DATA 	TR 25 | TR1 13 | TR2 12
39.0454 	DATA 	Keypress: 5
39.0454 	DATA 	TR 26 | TR1 13 | TR2 13
40.6119 	DATA 	Keypress: 5
40.6119 	DATA 	TR 27 | TR1 14 | TR2 13
42.1618 	DATA 	Keypress: 5
42.1618 	DATA 	TR 28 | TR1 14 | TR2 14
43.7282 	DATA 	Keypress: 5
43.7283 	DATA 	TR 29 | TR1 15 | TR2 14
44.8281 	DATA 	
44.8281 	DATA 	stimulation stopped
44.8281 	DATA 	
45.2781 	DATA 	Keypress: 5
45.2781 	DATA 	TR 30 | TR1 15 | TR2 15
46.8612 	DATA 	Keypress: 5
46.8613 	DATA 	TR 31 | TR1 16 | TR2 15
48.4111 	DATA 	Keypress: 5
48.4112 	DATA 	TR 32 | TR1 16 | TR2 16
49.9776 	DATA 	Keypress: 5
49.9777 	DATA 	TR 33 | TR1 17 | TR2 16
51.5275 	DATA 	Keypress: 5
51.5275 	DATA 	TR 34 | TR1 17 | TR2 17
53.1106 	DATA 	Keypress: 5
53.1107 	DATA 	TR 35 | TR1 18 | TR2 17
54.6605 	DATA 	Keypress: 5
54.6606 	DATA 	TR 36 | TR1 18 | TR2 18
56.2270 	DATA 	Keypress: 5
56.2271 	DATA 	TR 37 | TR1 19 | TR2 18
57.7769 	DATA 	Keypress: 5
57.7770 	DATA 	TR 38 | TR1 19 | TR2 19
59.3435 	DATA 	Keypress: 5
59.3435 	DATA 	TR 39 | TR1 20 | TR2 19
60.9099 	DATA 	Keypress: 5
60.9100 	DATA 	TR 40 | TR1 20 | TR2 20
62.4766 	DATA 	Keypress: 5
62.4766 	DATA 	TR 41 | TR1 21 | TR2 20
64.0263 	DATA 	Keypress: 5
64.0264 	DATA 	TR 42 | TR1 21 | TR2 21
64.8264 	DATA 	
64.8264 	DATA 	Trial complete
64.8264 	DATA 	Waiting for VASO trigger to start next trial
64.8264 	DATA 	
65.5928 	DATA 	Keypress: 5
65.5929 	DATA 	Waited 0.7664730548858643 seconds for trigger
65.5936 	DATA 	
65.5936 	DATA 	Trial 2
65.5937 	DATA 	stimDur = 1.0
65.5937 	DATA 	jitter = 0.0
65.5937 	DATA 	restDur = 12.0

65.5937 	DATA 	
65.5937 	DATA 	TR 43 | TR1 22 | TR2 21
65.5937 	DATA 	
65.5937 	DATA 	stimulation started
65.5937 	DATA 	
66.6096 	DATA 	
66.6096 	DATA 	stimulation stopped
66.6096 	DATA 	
67.1427 	DATA 	Keypress: 5
67.1427 	DATA 	TR 44 | TR1 22 | TR2 22
68.7259 	DATA 	Keypress: 5
68.7259 	DATA 	TR 45 | TR1 23 | TR2 22
70.2758 	DATA 	Keypress: 5
70.2758 	DATA 	TR 46 | TR1 23 | TR2 23
71.8422 	DATA 	Keypress: 5
71.8423 	DATA 	TR 47 | TR1 24 | TR2 23
73.3921 	DATA 	Keypress: 5
73.3922 	DATA 	TR 48 | TR1 24 | TR2 24
74.9753 	DATA 	Keypress: 5
74.9753 	DATA 	TR 49 | TR1 25 | TR2 24
76.5252 	DATA 	Keypress: 5
76.5252 	DATA 	TR 50 | TR1 25 | TR2 25
78.0917 	DATA 	Keypress: 5
78.0917 	DATA 	TR 51 | TR1 26 | TR2 25
78.6084 	DATA 	
78.6084 	DATA 	Trial complete
78.6084 	DATA 	Waiting for VASO trigger to start next trial
78.6084 	DATA 	
79.3582 	DATA 	Target presented
79.6416 	DATA 	Keypress: 5
79.6416 	DATA 	TR 52 | TR1 26 | TR2 26
80.3248 	DATA 	Keypress: 1
80.3249 	DATA 	Key1 pressed
80.3249 	DATA 	Target detected
81.2080 	DATA 	Keypress: 5
81.2081 	DATA 	Waited 2.5996341705322266 seconds for trigger
81.2088 	DATA 	
81.2088 	DATA 	Trial 3
81.2088 	DATA 	stimDur = 24.0
81.2088 	DATA 	jitter = 0.0
81.2089 	DATA 	restDur = 24.0

81.2089 	DATA 	
81.2089 	DATA 	TR 53 | TR1 27 | TR2 26
81.2089 	DATA 	
81.2089 	DATA 	stimulation started
81.2089 	DATA 	
82.7581 	DATA 	Keypress: 5
82.7582 	DATA 	TR 54 | TR1 27 | TR2 27
84.3411 	DATA 	Keypress: 5
84.3412 	DATA 	TR 55 | TR1 28 | TR2 27
85.8910 	DATA 	Keypress: 5
85.8911 	DATA 	TR 56 | TR1 28 | TR2 28
87.4578 	DATA 	Keypress: 5
87.4578 	DATA 	TR 57 | TR1 29 | TR2 28
89.0074 	DATA 	Keypress: 5
89.0075 	DATA 	TR 58 | TR1 29 | TR2 29
90.5906 	DATA 	Keypress: 5
90.5906 	DATA 	TR 59 | TR1 30 | TR2 29
92.1406 	DATA 	Keypress: 5
92.1407 	DATA 	TR 60 | TR1 30 | TR2 30
93.7069 	DATA 	Keypress: 5
93.7070 	DATA 	TR 61 | TR1 31 | TR2 30
95.2568 	DATA 	Keypress: 5
95.2569 	DATA 	TR 62 | TR1 31 | TR2 31
96.8240 	DATA 	Keypress: 5
96.8399 	DATA 	TR 63 | TR1 32 | TR2 31
98.3899 	DATA 	Keypress: 5
98.3900 	DATA 	TR 64 | TR1 32 | TR2 32
99.9564 	DATA 	Keypress: 5
99.9564 	DATA 	TR 65 | TR1 33 | TR2 32
101.5063 	DATA 	Keypress: 5
101.5063 	DATA 	TR 66 | TR1 33 | TR2 33
103.0728 	DATA 	Keypress: 5
103.0728 	DATA 	TR 67 | TR1 34 | TR2 33
104.6227 	DATA 	Keypress: 5
104.6227 	DATA 	TR 68 | TR1 34 | TR2 34
105.2225 	DATA 	
105.2225 	DATA 	stimulation stopped
105.2226 	DATA 	
106.2059 	DATA 	Keypress: 5
106.2060 	DATA 	TR 69 | TR1 35 | TR2 34
107.7557 	DATA 	Keypress: 5
107.7557 	DATA 	TR 70 | TR1 35 | TR2 35
109.3222 	DATA 	Keypress: 5
109.3222 	DATA 	TR 71 | TR1 36 | TR2 35
110.8721 	DATA 	Keypress: 5
110.8721 	DATA 	TR 72 | TR1 36 | TR2 36
112.4552 	DATA 	Keypress: 5
112.4553 	DATA 	TR 73 | TR1 37 | TR2 36
114.0051 	DATA 	Keypress: 5
114.0052 	DATA 	TR 74 | TR1 37 | TR2 37
115.5716 	DATA 	Keypress: 5
115.5717 	DATA 	TR 75 | TR1 38 | TR2 37
117.1215 	DATA 	Keypress: 5
117.1216 	DATA 	TR 76 | TR1 38 | TR2 38
118.6880 	DATA 	Keypress: 5
118.6881 	DATA 	TR 77 | TR1 39 | TR2 38
120.2386 	DATA 	Keypress: 5
120.2545 	DATA 	TR 78 | TR1 39 | TR2 39
121.8211 	DATA 	Keypress: 5
121.8211 	DATA 	TR 79 | TR1 40 | TR2 39
123.3710 	DATA 	Keypress: 5
123.3710 	DATA 	TR 80 | TR1 40 | TR2 40
124.9374 	DATA 	Keypress: 5
124.9375 	DATA 	TR 81 | TR1 41 | TR2 40
126.4873 	DATA 	Keypress: 5
126.4874 	DATA 	TR 82 | TR1 41 | TR2 41
128.0705 	DATA 	Keypress: 5
128.0706 	DATA 	TR 83 | TR1 42 | TR2 41
129.2205 	DATA 	
129.2205 	DATA 	Trial complete
129.2205 	DATA 	Waiting for VASO trigger to start next trial
129.2205 	DATA 	
129.6204 	DATA 	Keypress: 5
129.6205 	DATA 	TR 84 | TR1 42 | TR2 42
131.1869 	DATA 	Keypress: 5
131.1870 	DATA 	Waited 1.9664180278778076 seconds for trigger
131.1878 	DATA 	
131.1878 	DATA 	Trial 4
131.1878 	DATA 	stimDur = 4.0
131.1878 	DATA 	jitter = 0.0
131.1878 	DATA 	restDur = 16.0

131.1878 	DATA 	
131.1878 	DATA 	TR 85 | TR1 43 | TR2 42
131.1879 	DATA 	
131.1879 	DATA 	stimulation started
131.1879 	DATA 	
132.7368 	DATA 	Keypress: 5
132.7368 	DATA 	TR 86 | TR1 43 | TR2 43
133.5368 	DATA 	Target presented
134.0041 	DATA 	Keypress: 1
134.0200 	DATA 	Key1 pressed
134.0201 	DATA 	Target detected
134.3041 	DATA 	Keypress: 5
134.3200 	DATA 	TR 87 | TR1 44 | TR2 43
135.2032 	DATA 	
135.2033 	DATA 	stimulation stopped
135.2033 	DATA 	
135.8700 	DATA 	Keypress: 5
135.8701 	DATA 	TR 88 | TR1 44 | TR2 44
137.4365 	DATA 	Keypress: 5
137.4365 	DATA 	TR 89 | TR1 45 | TR2 44
138.9862 	DATA 	Keypress: 5
138.9863 	DATA 	TR 90 | TR1 45 | TR2 45
140.5528 	DATA 	Keypress: 5
140.5528 	DATA 	TR 91 | TR1 46 | TR2 45
142.1026 	DATA 	Keypress: 5
142.1027 	DATA 	TR 92 | TR1 46 | TR2 46
143.6860 	DATA 	Keypress: 5
143.6860 	DATA 	TR 93 | TR1 47 | TR2 46
145.2357 	DATA 	Keypress: 5
145.2357 	DATA 	TR 94 | TR1 47 | TR2 47
146.8022 	DATA 	Keypress: 5
146.8023 	DATA 	TR 95 | TR1 48 | TR2 47
148.3521 	DATA 	Keypress: 5
148.3521 	DATA 	TR 96 | TR1 48 | TR2 48
149.9353 	DATA 	Keypress: 5
149.9353 	DATA 	TR 97 | TR1 49 | TR2 48
151.2018 	DATA 	
151.2018 	DATA 	Trial complete
151.2018 	DATA 	Waiting for VASO trigger to start next trial
151.2018 	DATA 	
151.4851 	DATA 	Keypress: 5
151.4852 	DATA 	TR 98 | TR1 49 | TR2 49
153.0517 	DATA 	Keypress: 5
153.0517 	DATA 	Waited 1.8499140739440918 seconds for trigger
153.0525 	DATA 	
153.0525 	DATA 	Trial 5
153.0525 	DATA 	stimDur = 4.0
153.0525 	DATA 	jitter = 0.78525
153.0525 	DATA 	restDur = 16.0

153.0525 	DATA 	
153.0525 	DATA 	TR 99 | TR1 50 | TR2 49
153.8515 	DATA 	
153.8515 	DATA 	stimulation started
153.8515 	DATA 	
154.6015 	DATA 	Keypress: 5
154.6016 	DATA 	TR 100 | TR1 50 | TR2 50
156.1681 	DATA 	Keypress: 5
156.1681 	DATA 	TR 101 | TR1 51 | TR2 50
157.7188 	DATA 	Keypress: 5
157.7346 	DATA 	TR 102 | TR1 51 | TR2 51
157.8512 	DATA 	
157.8512 	DATA 	stimulation stopped
157.8512 	DATA 	
159.3011 	DATA 	Keypress: 5
159.3012 	DATA 	TR 103 | TR1 52 | TR2 51
160.8511 	DATA 	Keypress: 5
160.8511 	DATA 	TR 104 | TR1 52 | TR2 52
162.4175 	DATA 	Keypress: 5
162.4175 	DATA 	TR 105 | TR1 53 | TR2 52
163.9673 	DATA 	Keypress: 5
163.9673 	DATA 	TR 106 | TR1 53 | TR2 53
165.5505 	DATA 	Keypress: 5
165.5506 	DATA 	TR 107 | TR1 54 | TR2 53
167.1004 	DATA 	Keypress: 5
167.1004 	DATA 	TR 108 | TR1 54 | TR2 54
168.6669 	DATA 	Keypress: 5
168.6670 	DATA 	TR 109 | TR1 55 | TR2 54
170.2167 	DATA 	Keypress: 5
170.2168 	DATA 	TR 110 | TR1 55 | TR2 55
171.8000 	DATA 	Keypress: 5
171.8001 	DATA 	TR 111 | TR1 56 | TR2 55
173.3498 	DATA 	Keypress: 5
173.3499 	DATA 	TR 112 | TR1 56 | TR2 56
173.8497 	DATA 	
173.8497 	DATA 	Trial complete
173.8497 	DATA 	Waiting for VASO trigger to start next trial
173.8497 	DATA 	
174.9162 	DATA 	Keypress: 5
174.9163 	DATA 	Waited 1.0665419101715088 seconds for trigger
174.9170 	DATA 	
174.9170 	DATA 	Trial 6
174.9170 	DATA 	stimDur = 12.0
174.9171 	DATA 	jitter = 2.35575
174.9171 	DATA 	restDur = 20.0

174.9171 	DATA 	
174.9171 	DATA 	TR 113 | TR1 57 | TR2 56
176.4662 	DATA 	Keypress: 5
176.4662 	DATA 	TR 114 | TR1 57 | TR2 57
177.0162 	DATA 	Target presented
177.2828 	DATA 	
177.2828 	DATA 	stimulation started
177.2828 	DATA 	
177.4669 	DATA 	Keypress: 1
177.4828 	DATA 	Key1 pressed
177.4828 	DATA 	Target detected
178.0328 	DATA 	Keypress: 5
178.0328 	DATA 	TR 115 | TR1 58 | TR2 57
179.5826 	DATA 	Keypress: 5
179.5827 	DATA 	TR 116 | TR1 58 | TR2 58
181.1658 	DATA 	Keypress: 5
181.1659 	DATA 	TR 117 | TR1 59 | TR2 58
182.7157 	DATA 	Keypress: 5
182.7157 	DATA 	TR 118 | TR1 59 | TR2 59
184.2822 	DATA 	Keypress: 5
184.2823 	DATA 	TR 119 | TR1 60 | TR2 59
185.8321 	DATA 	Keypress: 5
185.8321 	DATA 	TR 120 | TR1 60 | TR2 60
187.4153 	DATA 	Keypress: 5
187.4153 	DATA 	TR 121 | TR1 61 | TR2 60
188.9651 	DATA 	Keypress: 5
188.9652 	DATA 	TR 122 | TR1 61 | TR2 61
189.2817 	DATA 	
189.2817 	DATA 	stimulation stopped
189.2817 	DATA 	
190.5316 	DATA 	Keypress: 5
190.5316 	DATA 	TR 123 | TR1 62 | TR2 61
192.0815 	DATA 	Keypress: 5
192.0816 	DATA 	TR 124 | TR1 62 | TR2 62
193.6481 	DATA 	Keypress: 5
193.6482 	DATA 	TR 125 | TR1 63 | TR2 62
195.2145 	DATA 	Keypress: 5
195.2145 	DATA 	TR 126 | TR1 63 | TR2 63
196.7810 	DATA 	Keypress: 5
196.7811 	DATA 	TR 127 | TR1 64 | TR2 63
198.3309 	DATA 	Keypress: 5
198.3309 	DATA 	TR 128 | TR1 64 | TR2 64
199.8974 	DATA 	Keypress: 5
199.8975 	DATA 	TR 129 | TR1 65 | TR2 64
201.4473 	DATA 	Keypress: 5
201.4474 	DATA 	TR 130 | TR1 65 | TR2 65
203.0305 	DATA 	Keypress: 5
203.0305 	DATA 	TR 131 | TR1 66 | TR2 65
204.5803 	DATA 	Keypress: 5
204.5804 	DATA 	TR 132 | TR1 66 | TR2 66
206.1468 	DATA 	Keypress: 5
206.1469 	DATA 	TR 133 | TR1 67 | TR2 66
207.6967 	DATA 	Keypress: 5
207.6967 	DATA 	TR 134 | TR1 67 | TR2 67
209.2799 	DATA 	Keypress: 5
209.2799 	DATA 	TR 135 | TR1 68 | TR2 67
209.2799 	DATA 	
209.2800 	DATA 	Trial complete
209.2800 	DATA 	Waiting for VASO trigger to start next trial
209.2800 	DATA 	
210.8299 	DATA 	Keypress: 5
210.8299 	DATA 	TR 136 | TR1 68 | TR2 68
212.3963 	DATA 	Keypress: 5
212.3963 	DATA 	Waited 3.1163549423217773 seconds for trigger
212.3971 	DATA 	
212.3971 	DATA 	Trial 7
212.3971 	DATA 	stimDur = 12.0
212.3971 	DATA 	jitter = 0.0
212.3971 	DATA 	restDur = 20.0

212.3971 	DATA 	
212.3971 	DATA 	TR 137 | TR1 69 | TR2 68
212.3971 	DATA 	
212.3972 	DATA 	stimulation started
212.3972 	DATA 	
213.9462 	DATA 	Keypress: 5
213.9462 	DATA 	TR 138 | TR1 69 | TR2 69
215.5127 	DATA 	Keypress: 5
215.5127 	DATA 	TR 139 | TR1 70 | TR2 69
217.0632 	DATA 	Keypress: 5
217.0792 	DATA 	TR 140 | TR1 70 | TR2 70
218.6460 	DATA 	Keypress: 5
218.6460 	DATA 	TR 141 | TR1 71 | TR2 70
220.1956 	DATA 	Keypress: 5
220.1956 	DATA 	TR 142 | TR1 71 | TR2 71
221.7621 	DATA 	Keypress: 5
221.7622 	DATA 	TR 143 | TR1 72 | TR2 71
223.3120 	DATA 	Keypress: 5
223.3120 	DATA 	TR 144 | TR1 72 | TR2 72
224.4118 	DATA 	
224.4119 	DATA 	stimulation stopped
224.4119 	DATA 	
224.8951 	DATA 	Keypress: 5
224.8952 	DATA 	TR 145 | TR1 73 | TR2 72
226.4451 	DATA 	Keypress: 5
226.4451 	DATA 	TR 146 | TR1 73 | TR2 73
228.0115 	DATA 	Keypress: 5
228.0116 	DATA 	TR 147 | TR1 74 | TR2 73
229.5613 	DATA 	Keypress: 5
229.5614 	DATA 	TR 148 | TR1 74 | TR2 74
231.1285 	DATA 	Keypress: 5
231.1445 	DATA 	TR 149 | TR1 75 | TR2 74
232.6944 	DATA 	Keypress: 5
232.6944 	DATA 	TR 150 | TR1 75 | TR2 75
234.2609 	DATA 	Keypress: 5
234.2610 	DATA 	TR 151 | TR1 76 | TR2 75
235.8108 	DATA 	Keypress: 5
235.8108 	DATA 	TR 152 | TR1 76 | TR2 76
237.3773 	DATA 	Keypress: 5
237.3774 	DATA 	TR 153 | TR1 77 | TR2 76
238.9271 	DATA 	Keypress: 5
238.9272 	DATA 	TR 154 | TR1 77 | TR2 77
239.9271 	DATA 	Target presented
240.4270 	DATA 	Keypress: 1
240.4271 	DATA 	Key1 pressed
240.4271 	DATA 	Target detected
240.5103 	DATA 	Keypress: 5
240.5104 	DATA 	TR 155 | TR1 78 | TR2 77
242.0603 	DATA 	Keypress: 5
242.0603 	DATA 	TR 156 | TR1 78 | TR2 78
243.6268 	DATA 	Keypress: 5
243.6268 	DATA 	TR 157 | TR1 79 | TR2 78
244.4100 	DATA 	
244.4100 	DATA 	Trial complete
244.4100 	DATA 	Waiting for VASO trigger to start next trial
244.4100 	DATA 	
245.1766 	DATA 	Keypress: 5
245.1766 	DATA 	TR 158 | TR1 79 | TR2 79
246.7598 	DATA 	Keypress: 5
246.7599 	DATA 	Waited 2.3498928546905518 seconds for trigger
246.7607 	DATA 	
246.7607 	DATA 	Trial 8
246.7607 	DATA 	stimDur = 1.0
246.7607 	DATA 	jitter = 0.78525
246.7607 	DATA 	restDur = 12.0

246.7607 	DATA 	
246.7607 	DATA 	TR 159 | TR1 80 | TR2 79
247.5597 	DATA 	
247.5597 	DATA 	stimulation started
247.5597 	DATA 	
248.3097 	DATA 	Keypress: 5
248.3097 	DATA 	TR 160 | TR1 80 | TR2 80
248.5596 	DATA 	
248.5596 	DATA 	stimulation stopped
248.5596 	DATA 	
249.8762 	DATA 	Keypress: 5
249.8762 	DATA 	TR 161 | TR1 81 | TR2 80
251.4260 	DATA 	Keypress: 5
251.4261 	DATA 	TR 162 | TR1 81 | TR2 81
252.9927 	DATA 	Keypress: 5
252.9927 	DATA 	TR 163 | TR1 82 | TR2 81
254.5591 	DATA 	Keypress: 5
254.5591 	DATA 	TR 164 | TR1 82 | TR2 82
256.1256 	DATA 	Keypress: 5
256.1257 	DATA 	TR 165 | TR1 83 | TR2 82
257.6754 	DATA 	Keypress: 5
257.6755 	DATA 	TR 166 | TR1 83 | TR2 83
259.2420 	DATA 	Keypress: 5
259.2420 	DATA 	TR 167 | TR1 84 | TR2 83
260.5585 	DATA 	
260.5585 	DATA 	Trial complete
260.5585 	DATA 	Waiting for VASO trigger to start next trial
260.5585 	DATA 	
260.7918 	DATA 	Keypress: 5
260.7919 	DATA 	TR 168 | TR1 84 | TR2 84
262.3751 	DATA 	Keypress: 5
262.3751 	DATA 	Waited 1.8165678977966309 seconds for trigger
262.3759 	DATA 	
262.3759 	DATA 	Trial 9
262.3759 	DATA 	stimDur = 4.0
262.3759 	DATA 	jitter = 1.5705
262.3759 	DATA 	restDur = 16.0

262.3759 	DATA 	
262.3759 	DATA 	TR 169 | TR1 85 | TR2 84
263.9249 	DATA 	Keypress: 5
263.9249 	DATA 	TR 170 | TR1 85 | TR2 85
263.9582 	DATA 	
263.9582 	DATA 	stimulation started
263.9582 	DATA 	
265.4915 	DATA 	Keypress: 5
265.4915 	DATA 	TR 171 | TR1 86 | TR2 85
267.0413 	DATA 	Keypress: 5
267.0414 	DATA 	TR 172 | TR1 86 | TR2 86
267.9580 	DATA 	
267.9580 	DATA 	stimulation stopped
267.9580 	DATA 	
268.6084 	DATA 	Keypress: 5
268.6245 	DATA 	TR 173 | TR1 87 | TR2 86
270.1743 	DATA 	Keypress: 5
270.1743 	DATA 	TR 174 | TR1 87 | TR2 87
271.7409 	DATA 	Keypress: 5
271.7409 	DATA 	TR 175 | TR1 88 | TR2 87
273.2907 	DATA 	Keypress: 5
273.2907 	DATA 	TR 176 | TR1 88 | TR2 88
274.8572 	DATA 	Keypress: 5
274.8573 	DATA 	TR 177 | TR1 89 | TR2 88
276.4070 	DATA 	Keypress: 5
276.4071 	DATA 	TR 178 | TR1 89 | TR2 89
277.9903 	DATA 	Keypress: 5
277.9903 	DATA 	TR 179 | TR1 90 | TR2 89
279.5401 	DATA 	Keypress: 5
279.5402 	DATA 	TR 180 | TR1 90 | TR2 90
281.1067 	DATA 	Keypress: 5
281.1067 	DATA 	TR 181 | TR1 91 | TR2 90
282.6566 	DATA 	Keypress: 5
282.6567 	DATA 	TR 182 | TR1 91 | TR2 91
283.9565 	DATA 	
283.9565 	DATA 	Trial complete
283.9565 	DATA 	Waiting for VASO trigger to start next trial
283.9565 	DATA 	
284.2397 	DATA 	Keypress: 5
284.2398 	DATA 	Waited 0.28327417373657227 seconds for trigger
284.2405 	DATA 	
284.2405 	DATA 	Trial 10
284.2406 	DATA 	stimDur = 2.0
284.2406 	DATA 	jitter = 2.35575
284.2406 	DATA 	restDur = 14.0

284.2406 	DATA 	
284.2406 	DATA 	TR 183 | TR1 92 | TR2 91
285.7895 	DATA 	Keypress: 5
285.7896 	DATA 	TR 184 | TR1 92 | TR2 92
286.6061 	DATA 	
286.6061 	DATA 	stimulation started
286.6061 	DATA 	
287.3562 	DATA 	Keypress: 5
287.3562 	DATA 	TR 185 | TR1 93 | TR2 92
288.6060 	DATA 	
288.6060 	DATA 	stimulation stopped
288.6060 	DATA 	
288.9060 	DATA 	Keypress: 5
288.9061 	DATA 	TR 186 | TR1 93 | TR2 93
290.4724 	DATA 	Keypress: 5
290.4725 	DATA 	TR 187 | TR1 94 | TR2 93
292.0229 	DATA 	Keypress: 5
292.0389 	DATA 	TR 188 | TR1 94 | TR2 94
293.6055 	DATA 	Keypress: 5
293.6055 	DATA 	TR 189 | TR1 95 | TR2 94
295.1553 	DATA 	Keypress: 5
295.1554 	DATA 	TR 190 | TR1 95 | TR2 95
296.7219 	DATA 	Keypress: 5
296.7220 	DATA 	TR 191 | TR1 96 | TR2 95
297.6385 	DATA 	Target presented
298.1384 	DATA 	Keypress: 1
298.1385 	DATA 	Key1 pressed
298.1385 	DATA 	Target detected
298.2717 	DATA 	Keypress: 5
298.2719 	DATA 	TR 192 | TR1 96 | TR2 96
299.8549 	DATA 	Keypress: 5
299.8550 	DATA 	TR 193 | TR1 97 | TR2 96
301.4049 	DATA 	Keypress: 5
301.4049 	DATA 	TR 194 | TR1 97 | TR2 97
302.6047 	DATA 	
302.6048 	DATA 	Trial complete
302.6048 	DATA 	Waiting for VASO trigger to start next trial
302.6048 	DATA 	
302.9713 	DATA 	Keypress: 5
302.9714 	DATA 	Waited 0.3665750026702881 seconds for trigger
302.9721 	DATA 	
302.9721 	DATA 	Trial 11
302.9721 	DATA 	stimDur = 24.0
302.9721 	DATA 	jitter = 2.35575
302.9721 	DATA 	restDur = 24.0

302.9722 	DATA 	
302.9722 	DATA 	TR 195 | TR1 98 | TR2 97
304.5212 	DATA 	Keypress: 5
304.5212 	DATA 	TR 196 | TR1 98 | TR2 98
305.3379 	DATA 	
305.3379 	DATA 	stimulation started
305.3379 	DATA 	
306.1044 	DATA 	Keypress: 5
306.1045 	DATA 	TR 197 | TR1 99 | TR2 98
307.6543 	DATA 	Keypress: 5
307.6543 	DATA 	TR 198 | TR1 99 | TR2 99
309.2208 	DATA 	Keypress: 5
309.2208 	DATA 	TR 199 | TR1 100 | TR2 99
310.7707 	DATA 	Keypress: 5
310.7707 	DATA 	TR 200 | TR1 100 | TR2 100
312.3372 	DATA 	Keypress: 5
312.3372 	DATA 	TR 201 | TR1 101 | TR2 100
313.8871 	DATA 	Keypress: 5
313.8871 	DATA 	TR 202 | TR1 101 | TR2 101
315.4702 	DATA 	Keypress: 5
315.4703 	DATA 	TR 203 | TR1 102 | TR2 101
317.0201 	DATA 	Keypress: 5
317.0202 	DATA 	TR 204 | TR1 102 | TR2 102
318.5866 	DATA 	Keypress: 5
318.5866 	DATA 	TR 205 | TR1 103 | TR2 102
320.1365 	DATA 	Keypress: 5
320.1365 	DATA 	TR 206 | TR1 103 | TR2 103
321.7196 	DATA 	Keypress: 5
321.7197 	DATA 	TR 207 | TR1 104 | TR2 103
323.2698 	DATA 	Keypress: 5
323.2698 	DATA 	TR 208 | TR1 104 | TR2 104
324.8360 	DATA 	Keypress: 5
324.8361 	DATA 	TR 209 | TR1 105 | TR2 104
326.3859 	DATA 	Keypress: 5
326.3860 	DATA 	TR 210 | TR1 105 | TR2 105
327.9525 	DATA 	Keypress: 5
327.9525 	DATA 	TR 211 | TR1 106 | TR2 105
329.3357 	DATA 	
329.3357 	DATA 	stimulation stopped
329.3357 	DATA 	
329.5189 	DATA 	Keypress: 5
329.5189 	DATA 	TR 212 | TR1 106 | TR2 106
331.0854 	DATA 	Keypress: 5
331.0854 	DATA 	TR 213 | TR1 107 | TR2 106
332.6353 	DATA 	Keypress: 5
332.6353 	DATA 	TR 214 | TR1 107 | TR2 107
334.2018 	DATA 	Keypress: 5
334.2018 	DATA 	TR 215 | TR1 108 | TR2 107
335.7516 	DATA 	Keypress: 5
335.7517 	DATA 	TR 216 | TR1 108 | TR2 108
337.3348 	DATA 	Keypress: 5
337.3349 	DATA 	TR 217 | TR1 109 | TR2 108
338.8847 	DATA 	Keypress: 5
338.8848 	DATA 	TR 218 | TR1 109 | TR2 109
340.4512 	DATA 	Keypress: 5
340.4513 	DATA 	TR 219 | TR1 110 | TR2 109
342.0011 	DATA 	Keypress: 5
342.0012 	DATA 	TR 220 | TR1 110 | TR2 110
342.9845 	DATA 	Target presented
343.4676 	DATA 	Keypress: 1
343.4677 	DATA 	Key1 pressed
343.4677 	DATA 	Target detected
343.5844 	DATA 	Keypress: 5
343.5844 	DATA 	TR 221 | TR1 111 | TR2 110
345.1341 	DATA 	Keypress: 5
345.1342 	DATA 	TR 222 | TR1 111 | TR2 111
346.7006 	DATA 	Keypress: 5
346.7007 	DATA 	TR 223 | TR1 112 | TR2 111
348.2507 	DATA 	Keypress: 5
348.2508 	DATA 	TR 224 | TR1 112 | TR2 112
349.8170 	DATA 	Keypress: 5
349.8170 	DATA 	TR 225 | TR1 113 | TR2 112
351.3675 	DATA 	Keypress: 5
351.3835 	DATA 	TR 226 | TR1 113 | TR2 113
352.9501 	DATA 	Keypress: 5
352.9501 	DATA 	TR 227 | TR1 114 | TR2 113
353.3335 	DATA 	
353.3335 	DATA 	Trial complete
353.3335 	DATA 	Waiting for VASO trigger to start next trial
353.3335 	DATA 	
354.5000 	DATA 	Keypress: 5
354.5000 	DATA 	TR 228 | TR1 114 | TR2 114
356.0667 	DATA 	Keypress: 5
356.0667 	DATA 	Waited 2.7332069873809814 seconds for trigger
356.0675 	DATA 	
356.0675 	DATA 	Trial 12
356.0675 	DATA 	stimDur = 24.0
356.0675 	DATA 	jitter = 1.5705
356.0675 	DATA 	restDur = 24.0

356.0675 	DATA 	
356.0675 	DATA 	TR 229 | TR1 115 | TR2 114
357.6163 	DATA 	Keypress: 5
357.6164 	DATA 	TR 230 | TR1 115 | TR2 115
357.6496 	DATA 	
357.6496 	DATA 	stimulation started
357.6496 	DATA 	
359.1996 	DATA 	Keypress: 5
359.1996 	DATA 	TR 231 | TR1 116 | TR2 115
360.7494 	DATA 	Keypress: 5
360.7495 	DATA 	TR 232 | TR1 116 | TR2 116
362.3160 	DATA 	Keypress: 5
362.3160 	DATA 	TR 233 | TR1 117 | TR2 116
363.8658 	DATA 	Keypress: 5
363.8659 	DATA 	TR 234 | TR1 117 | TR2 117
365.4324 	DATA 	Keypress: 5
365.4324 	DATA 	TR 235 | TR1 118 | TR2 117
366.9989 	DATA 	Keypress: 5
366.9989 	DATA 	TR 236 | TR1 118 | TR2 118
368.5654 	DATA 	Keypress: 5
368.5654 	DATA 	TR 237 | TR1 119 | TR2 118
370.1153 	DATA 	Keypress: 5
370.1153 	DATA 	TR 238 | TR1 119 | TR2 119
371.6817 	DATA 	Keypress: 5
371.6818 	DATA 	TR 239 | TR1 120 | TR2 119
373.2316 	DATA 	Keypress: 5
373.2317 	DATA 	TR 240 | TR1 120 | TR2 120
374.8148 	DATA 	Keypress: 5
374.8148 	DATA 	TR 241 | TR1 121 | TR2 120
376.3647 	DATA 	Keypress: 5
376.3647 	DATA 	TR 242 | TR1 121 | TR2 121
377.9312 	DATA 	Keypress: 5
377.9312 	DATA 	TR 243 | TR1 122 | TR2 121
379.4811 	DATA 	Keypress: 5
379.4811 	DATA 	TR 244 | TR1 122 | TR2 122
381.0642 	DATA 	Keypress: 5
381.0643 	DATA 	TR 245 | TR1 123 | TR2 122
381.6475 	DATA 	
381.6475 	DATA 	stimulation stopped
381.6475 	DATA 	
382.6141 	DATA 	Keypress: 5
382.6142 	DATA 	TR 246 | TR1 123 | TR2 123
384.1805 	DATA 	Keypress: 5
384.1806 	DATA 	TR 247 | TR1 124 | TR2 123
385.7304 	DATA 	Keypress: 5
385.7305 	DATA 	TR 248 | TR1 124 | TR2 124
387.2969 	DATA 	Keypress: 5
387.2970 	DATA 	TR 249 | TR1 125 | TR2 124
388.8635 	DATA 	Keypress: 5
388.8635 	DATA 	TR 250 | TR1 125 | TR2 125
390.4300 	DATA 	Keypress: 5
390.4300 	DATA 	TR 251 | TR1 126 | TR2 125
391.9799 	DATA 	Keypress: 5
391.9799 	DATA 	TR 252 | TR1 126 | TR2 126
393.5464 	DATA 	Keypress: 5
393.5464 	DATA 	TR 253 | TR1 127 | TR2 126
395.0963 	DATA 	Keypress: 5
395.0963 	DATA 	TR 254 | TR1 127 | TR2 127
396.6794 	DATA 	Keypress: 5
396.6794 	DATA 	TR 255 | TR1 128 | TR2 127
397.6963 	DATA 	Target presented
398.2293 	DATA 	Keypress: 5
398.2293 	DATA 	TR 256 | TR1 128 | TR2 128
398.2626 	DATA 	Keypress: 1
398.2626 	DATA 	Key1 pressed
398.2626 	DATA 	Target detected
399.7958 	DATA 	Keypress: 5
399.7958 	DATA 	TR 257 | TR1 129 | TR2 128
401.3457 	DATA 	Keypress: 5
401.3457 	DATA 	TR 258 | TR1 129 | TR2 129
402.9128 	DATA 	Keypress: 5
402.9288 	DATA 	TR 259 | TR1 130 | TR2 129
404.4787 	DATA 	Keypress: 5
404.4788 	DATA 	TR 260 | TR1 130 | TR2 130
405.6452 	DATA 	
405.6452 	DATA 	Trial complete
405.6453 	DATA 	Waiting for VASO trigger to start next trial
405.6453 	DATA 	
406.0452 	DATA 	Keypress: 5
406.0453 	DATA 	Waited 0.40001487731933594 seconds for trigger
406.0461 	DATA 	
406.0461 	DATA 	Trial 13
406.0461 	DATA 	stimDur = 12.0
406.0461 	DATA 	jitter = 0.78525
406.0461 	DATA 	restDur = 20.0

406.0461 	DATA 	
406.0461 	DATA 	TR 261 | TR1 131 | TR2 130
406.8451 	DATA 	
406.8451 	DATA 	stimulation started
406.8451 	DATA 	
407.5952 	DATA 	Keypress: 5
407.5952 	DATA 	TR 262 | TR1 131 | TR2 131
409.1616 	DATA 	Keypress: 5
409.1617 	DATA 	TR 263 | TR1 132 | TR2 131
410.7115 	DATA 	Keypress: 5
410.7116 	DATA 	TR 264 | TR1 132 | TR2 132
412.2947 	DATA 	Keypress: 5
412.2947 	DATA 	TR 265 | TR1 133 | TR2 132
413.8446 	DATA 	Keypress: 5
413.8446 	DATA 	TR 266 | TR1 133 | TR2 133
415.4111 	DATA 	Keypress: 5
415.4111 	DATA 	TR 267 | TR1 134 | TR2 133
416.9610 	DATA 	Keypress: 5
416.9611 	DATA 	TR 268 | TR1 134 | TR2 134
418.5441 	DATA 	Keypress: 5
418.5442 	DATA 	TR 269 | TR1 135 | TR2 134
418.8441 	DATA 	
418.8441 	DATA 	stimulation stopped
418.8441 	DATA 	
420.0940 	DATA 	Keypress: 5
420.0940 	DATA 	TR 270 | TR1 135 | TR2 135
421.6604 	DATA 	Keypress: 5
421.6605 	DATA 	TR 271 | TR1 136 | TR2 135
423.2103 	DATA 	Keypress: 5
423.2104 	DATA 	TR 272 | TR1 136 | TR2 136
424.7768 	DATA 	Keypress: 5
424.7769 	DATA 	TR 273 | TR1 137 | TR2 136
426.3434 	DATA 	Keypress: 5
426.3434 	DATA 	TR 274 | TR1 137 | TR2 137
427.9099 	DATA 	Keypress: 5
427.9099 	DATA 	TR 275 | TR1 138 | TR2 137
429.4598 	DATA 	Keypress: 5
429.4598 	DATA 	TR 276 | TR1 138 | TR2 138
431.0263 	DATA 	Keypress: 5
431.0263 	DATA 	TR 277 | TR1 139 | TR2 138
432.5761 	DATA 	Keypress: 5
432.5762 	DATA 	TR 278 | TR1 139 | TR2 139
434.1593 	DATA 	Keypress: 5
434.1593 	DATA 	TR 279 | TR1 140 | TR2 139
435.7092 	DATA 	Keypress: 5
435.7092 	DATA 	TR 280 | TR1 140 | TR2 140
437.2757 	DATA 	Keypress: 5
437.2757 	DATA 	TR 281 | TR1 141 | TR2 140
438.8256 	DATA 	Keypress: 5
438.8256 	DATA 	TR 282 | TR1 141 | TR2 141
438.8422 	DATA 	
438.8422 	DATA 	Trial complete
438.8422 	DATA 	Waiting for VASO trigger to start next trial
438.8422 	DATA 	
440.4087 	DATA 	Keypress: 5
440.4088 	DATA 	Waited 1.5665528774261475 seconds for trigger
440.4096 	DATA 	
440.4096 	DATA 	Trial 14
440.4096 	DATA 	stimDur = 2.0
440.4096 	DATA 	jitter = 0.78525
440.4096 	DATA 	restDur = 14.0

440.4096 	DATA 	
440.4096 	DATA 	TR 283 | TR1 142 | TR2 141
441.2086 	DATA 	
441.2086 	DATA 	stimulation started
441.2086 	DATA 	
441.9587 	DATA 	Keypress: 5
441.9587 	DATA 	TR 284 | TR1 142 | TR2 142
442.6086 	DATA 	Target presented
443.1420 	DATA 	Keypress: 1
443.1421 	DATA 	Key1 pressed
443.1421 	DATA 	Target detected
443.2085 	DATA 	
443.2085 	DATA 	stimulation stopped
443.2085 	DATA 	
443.5251 	DATA 	Keypress: 5
443.5252 	DATA 	TR 285 | TR1 143 | TR2 142
445.0750 	DATA 	Keypress: 5
445.0750 	DATA 	TR 286 | TR1 143 | TR2 143
446.6416 	DATA 	Keypress: 5
446.6416 	DATA 	TR 287 | TR1 144 | TR2 143
448.1914 	DATA 	Keypress: 5
448.1915 	DATA 	TR 288 | TR1 144 | TR2 144
449.7745 	DATA 	Keypress: 5
449.7746 	DATA 	TR 289 | TR1 145 | TR2 144
451.3244 	DATA 	Keypress: 5
451.3245 	DATA 	TR 290 | TR1 145 | TR2 145
452.8909 	DATA 	Keypress: 5
452.8910 	DATA 	TR 291 | TR1 146 | TR2 145
454.4408 	DATA 	Keypress: 5
454.4409 	DATA 	TR 292 | TR1 146 | TR2 146
456.0241 	DATA 	Keypress: 5
456.0241 	DATA 	TR 293 | TR1 147 | TR2 146
457.2072 	DATA 	
457.2072 	DATA 	Trial complete
457.2072 	DATA 	Waiting for VASO trigger to start next trial
457.2072 	DATA 	
457.5738 	DATA 	Keypress: 5
457.5739 	DATA 	TR 294 | TR1 147 | TR2 147
459.1403 	DATA 	Keypress: 5
459.1404 	DATA 	Waited 1.9331879615783691 seconds for trigger
459.1412 	DATA 	
459.1412 	DATA 	Trial 15
459.1412 	DATA 	stimDur = 2.0
459.1412 	DATA 	jitter = 1.5705
459.1412 	DATA 	restDur = 14.0

459.1412 	DATA 	
459.1412 	DATA 	TR 295 | TR1 148 | TR2 147
460.6902 	DATA 	Keypress: 5
460.6903 	DATA 	TR 296 | TR1 148 | TR2 148
460.7235 	DATA 	
460.7235 	DATA 	stimulation started
460.7235 	DATA 	
462.2575 	DATA 	Keypress: 5
462.2735 	DATA 	TR 297 | TR1 149 | TR2 148
462.7234 	DATA 	
462.7234 	DATA 	stimulation stopped
462.7234 	DATA 	
463.8233 	DATA 	Keypress: 5
463.8233 	DATA 	TR 298 | TR1 149 | TR2 149
465.3898 	DATA 	Keypress: 5
465.3898 	DATA 	TR 299 | TR1 150 | TR2 149
466.9396 	DATA 	Keypress: 5
466.9397 	DATA 	TR 300 | TR1 150 | TR2 150
468.5061 	DATA 	Keypress: 5
468.5062 	DATA 	TR 301 | TR1 151 | TR2 150
470.0560 	DATA 	Keypress: 5
470.0561 	DATA 	TR 302 | TR1 151 | TR2 151
471.6392 	DATA 	Keypress: 5
471.6393 	DATA 	TR 303 | TR1 152 | TR2 151
473.1891 	DATA 	Keypress: 5
473.1891 	DATA 	TR 304 | TR1 152 | TR2 152
474.7556 	DATA 	Keypress: 5
474.7556 	DATA 	TR 305 | TR1 153 | TR2 152
476.3055 	DATA 	Keypress: 5
476.3055 	DATA 	TR 306 | TR1 153 | TR2 153
476.7220 	DATA 	
476.7220 	DATA 	Trial complete
476.7220 	DATA 	Waiting for VASO trigger to start next trial
476.7220 	DATA 	
477.8886 	DATA 	Keypress: 5
477.8887 	DATA 	Waited 1.166640043258667 seconds for trigger
477.8895 	DATA 	
477.8895 	DATA 	Trial 16
477.8895 	DATA 	stimDur = 24.0
477.8895 	DATA 	jitter = 0.78525
477.8895 	DATA 	restDur = 24.0

477.8895 	DATA 	
477.8895 	DATA 	TR 307 | TR1 154 | TR2 153
478.6885 	DATA 	
478.6885 	DATA 	stimulation started
478.6885 	DATA 	
479.4386 	DATA 	Keypress: 5
479.4386 	DATA 	TR 308 | TR1 154 | TR2 154
481.0051 	DATA 	Keypress: 5
481.0051 	DATA 	TR 309 | TR1 155 | TR2 154
482.5549 	DATA 	Keypress: 5
482.5550 	DATA 	TR 310 | TR1 155 | TR2 155
484.1214 	DATA 	Keypress: 5
484.1214 	DATA 	TR 311 | TR1 156 | TR2 155
485.6720 	DATA 	Keypress: 5
485.6879 	DATA 	TR 312 | TR1 156 | TR2 156
487.2545 	DATA 	Keypress: 5
487.2545 	DATA 	TR 313 | TR1 157 | TR2 156
488.8045 	DATA 	Keypress: 5
488.8045 	DATA 	TR 314 | TR1 157 | TR2 157
490.3708 	DATA 	Keypress: 5
490.3709 	DATA 	TR 315 | TR1 158 | TR2 157
490.8375 	DATA 	Target presented
491.4207 	DATA 	Keypress: 1
491.4208 	DATA 	Key1 pressed
491.4208 	DATA 	Target detected
491.9207 	DATA 	Keypress: 5
491.9207 	DATA 	TR 316 | TR1 158 | TR2 158
493.5039 	DATA 	Keypress: 5
493.5039 	DATA 	TR 317 | TR1 159 | TR2 158
495.0538 	DATA 	Keypress: 5
495.0538 	DATA 	TR 318 | TR1 159 | TR2 159
496.6203 	DATA 	Keypress: 5
496.6203 	DATA 	TR 319 | TR1 160 | TR2 159
498.1702 	DATA 	Keypress: 5
498.1702 	DATA 	TR 320 | TR1 160 | TR2 160
499.7367 	DATA 	Keypress: 5
499.7367 	DATA 	TR 321 | TR1 161 | TR2 160
501.3032 	DATA 	Keypress: 5
501.3033 	DATA 	TR 322 | TR1 161 | TR2 161
502.6864 	DATA 	
502.6864 	DATA 	stimulation stopped
502.6864 	DATA 	
502.8697 	DATA 	Keypress: 5
502.8697 	DATA 	TR 323 | TR1 162 | TR2 161
504.4196 	DATA 	Keypress: 5
504.4196 	DATA 	TR 324 | TR1 162 | TR2 162
505.9860 	DATA 	Keypress: 5
505.9861 	DATA 	TR 325 | TR1 163 | TR2 162
507.5360 	DATA 	Keypress: 5
507.5360 	DATA 	TR 326 | TR1 163 | TR2 163
509.1191 	DATA 	Keypress: 5
509.1191 	DATA 	TR 327 | TR1 164 | TR2 163
510.6690 	DATA 	Keypress: 5
510.6690 	DATA 	TR 328 | TR1 164 | TR2 164
512.2355 	DATA 	Keypress: 5
512.2355 	DATA 	TR 329 | TR1 165 | TR2 164
513.7853 	DATA 	Keypress: 5
513.7854 	DATA 	TR 330 | TR1 165 | TR2 165
515.3685 	DATA 	Keypress: 5
515.3686 	DATA 	TR 331 | TR1 166 | TR2 165
516.9184 	DATA 	Keypress: 5
516.9184 	DATA 	TR 332 | TR1 166 | TR2 166
518.4849 	DATA 	Keypress: 5
518.4849 	DATA 	TR 333 | TR1 167 | TR2 166
520.0347 	DATA 	Keypress: 5
520.0347 	DATA 	TR 334 | TR1 167 | TR2 167
521.6012 	DATA 	Keypress: 5
521.6013 	DATA 	TR 335 | TR1 168 | TR2 167
523.1518 	DATA 	Keypress: 5
523.1677 	DATA 	TR 336 | TR1 168 | TR2 168
524.7343 	DATA 	Keypress: 5
524.7343 	DATA 	TR 337 | TR1 169 | TR2 168
526.2842 	DATA 	Keypress: 5
526.2842 	DATA 	TR 338 | TR1 169 | TR2 169
526.6841 	DATA 	
526.6841 	DATA 	Trial complete
526.6841 	DATA 	Waiting for VASO trigger to start next trial
526.6841 	DATA 	
527.8507 	DATA 	Keypress: 5
527.8507 	DATA 	Waited 1.166593074798584 seconds for trigger
527.8516 	DATA 	
527.8516 	DATA 	Trial 17
527.8516 	DATA 	stimDur = 1.0
527.8516 	DATA 	jitter = 1.5705
527.8516 	DATA 	restDur = 12.0

527.8516 	DATA 	
527.8516 	DATA 	TR 339 | TR1 170 | TR2 169
529.4005 	DATA 	Keypress: 5
529.4006 	DATA 	TR 340 | TR1 170 | TR2 170
529.4340 	DATA 	
529.4340 	DATA 	stimulation started
529.4340 	DATA 	
530.4338 	DATA 	
530.4338 	DATA 	stimulation stopped
530.4338 	DATA 	
530.9838 	DATA 	Keypress: 5
530.9838 	DATA 	TR 341 | TR1 171 | TR2 170
532.5336 	DATA 	Keypress: 5
532.5336 	DATA 	TR 342 | TR1 171 | TR2 171
534.1002 	DATA 	Keypress: 5
534.1002 	DATA 	TR 343 | TR1 172 | TR2 171
535.6500 	DATA 	Keypress: 5
535.6500 	DATA 	TR 344 | TR1 172 | TR2 172
537.2172 	DATA 	Keypress: 5
537.2331 	DATA 	TR 345 | TR1 173 | TR2 172
538.7830 	DATA 	Keypress: 5
538.7831 	DATA 	TR 346 | TR1 173 | TR2 173
540.3496 	DATA 	Keypress: 5
540.3496 	DATA 	TR 347 | TR1 174 | TR2 173
541.8994 	DATA 	Keypress: 5
541.8994 	DATA 	TR 348 | TR1 174 | TR2 174
542.4326 	DATA 	
542.4327 	DATA 	Trial complete
542.4327 	DATA 	Waiting for VASO trigger to start next trial
542.4327 	DATA 	
543.4659 	DATA 	Keypress: 5
543.4660 	DATA 	Waited 1.0332958698272705 seconds for trigger
543.4667 	DATA 	
543.4667 	DATA 	Trial 18
543.4668 	DATA 	stimDur = 4.0
543.4668 	DATA 	jitter = 2.35575
543.4668 	DATA 	restDur = 16.0

543.4668 	DATA 	
543.4668 	DATA 	TR 349 | TR1 175 | TR2 174
545.0156 	DATA 	Keypress: 5
545.0157 	DATA 	TR 350 | TR1 175 | TR2 175
545.8324 	DATA 	
545.8325 	DATA 	stimulation started
545.8325 	DATA 	
546.5990 	DATA 	Keypress: 5
546.5991 	DATA 	TR 351 | TR1 176 | TR2 175
548.1489 	DATA 	Keypress: 5
548.1489 	DATA 	TR 352 | TR1 176 | TR2 176
549.7154 	DATA 	Keypress: 5
549.7155 	DATA 	TR 353 | TR1 177 | TR2 176
549.8320 	DATA 	
549.8320 	DATA 	stimulation stopped
549.8320 	DATA 	
551.2652 	DATA 	Keypress: 5
551.2652 	DATA 	TR 354 | TR1 177 | TR2 177
552.8484 	DATA 	Keypress: 5
552.8485 	DATA 	TR 355 | TR1 178 | TR2 177
554.3982 	DATA 	Keypress: 5
554.3983 	DATA 	TR 356 | TR1 178 | TR2 178
555.9648 	DATA 	Keypress: 5
555.9648 	DATA 	TR 357 | TR1 179 | TR2 178
557.5146 	DATA 	Keypress: 5
557.5147 	DATA 	TR 358 | TR1 179 | TR2 179
559.0813 	DATA 	Keypress: 5
559.0814 	DATA 	TR 359 | TR1 180 | TR2 179
560.6477 	DATA 	Keypress: 5
560.6477 	DATA 	TR 360 | TR1 180 | TR2 180
562.2141 	DATA 	Keypress: 5
562.2141 	DATA 	TR 361 | TR1 181 | TR2 180
563.7641 	DATA 	Keypress: 5
563.7641 	DATA 	TR 362 | TR1 181 | TR2 181
565.3306 	DATA 	Keypress: 5
565.3307 	DATA 	TR 363 | TR1 182 | TR2 181
565.8306 	DATA 	
565.8306 	DATA 	Trial complete
565.8306 	DATA 	Waiting for VASO trigger to start next trial
565.8306 	DATA 	
566.8804 	DATA 	Keypress: 5
566.8805 	DATA 	TR 364 | TR1 182 | TR2 182
568.4636 	DATA 	Keypress: 5
568.4637 	DATA 	Waited 2.633059024810791 seconds for trigger
568.4645 	DATA 	
568.4645 	DATA 	Trial 19
568.4645 	DATA 	stimDur = 2.0
568.4645 	DATA 	jitter = 0.0
568.4645 	DATA 	restDur = 14.0

568.4645 	DATA 	
568.4645 	DATA 	TR 365 | TR1 183 | TR2 182
568.4645 	DATA 	
568.4645 	DATA 	stimulation started
568.4645 	DATA 	
570.0135 	DATA 	Keypress: 5
570.0136 	DATA 	TR 366 | TR1 183 | TR2 183
570.4801 	DATA 	
570.4801 	DATA 	stimulation stopped
570.4801 	DATA 	
571.5800 	DATA 	Keypress: 5
571.5801 	DATA 	TR 367 | TR1 184 | TR2 183
573.1299 	DATA 	Keypress: 5
573.1299 	DATA 	TR 368 | TR1 184 | TR2 184
574.7131 	DATA 	Keypress: 5
574.7132 	DATA 	TR 369 | TR1 185 | TR2 184
576.2629 	DATA 	Keypress: 5
576.2629 	DATA 	TR 370 | TR1 185 | TR2 185
577.8296 	DATA 	Keypress: 5
577.8296 	DATA 	TR 371 | TR1 186 | TR2 185
579.3793 	DATA 	Keypress: 5
579.3794 	DATA 	TR 372 | TR1 186 | TR2 186
580.9458 	DATA 	Keypress: 5
580.9459 	DATA 	TR 373 | TR1 187 | TR2 186
582.4963 	DATA 	Keypress: 5
582.5124 	DATA 	TR 374 | TR1 187 | TR2 187
584.0789 	DATA 	Keypress: 5
584.0789 	DATA 	TR 375 | TR1 188 | TR2 187
584.4788 	DATA 	
584.4788 	DATA 	Trial complete
584.4788 	DATA 	
585.6287 	DATA 	Keypress: 5
585.6288 	DATA 	TR 376 | TR1 188 | TR2 188
587.1953 	DATA 	Keypress: 5
587.1953 	DATA 	Waited 21.364684104919434 seconds for trigger
587.1961 	DATA 	
587.1961 	DATA 	Trial 20
587.1961 	DATA 	stimDur = 1.0
587.1961 	DATA 	jitter = 2.35575
587.1961 	DATA 	restDur = 12.0

587.1961 	DATA 	
587.1961 	DATA 	TR 377 | TR1 189 | TR2 188
588.7451 	DATA 	Keypress: 5
588.7452 	DATA 	TR 378 | TR1 189 | TR2 189
589.5617 	DATA 	
589.5617 	DATA 	stimulation started
589.5617 	DATA 	
590.3285 	DATA 	Keypress: 5
590.3286 	DATA 	TR 379 | TR1 190 | TR2 189
590.5616 	DATA 	
590.5617 	DATA 	stimulation stopped
590.5617 	DATA 	
591.8781 	DATA 	Keypress: 5
591.8782 	DATA 	TR 380 | TR1 190 | TR2 190
593.4447 	DATA 	Keypress: 5
593.4448 	DATA 	TR 381 | TR1 191 | TR2 190
594.9944 	DATA 	Keypress: 5
594.9945 	DATA 	TR 382 | TR1 191 | TR2 191
596.5617 	DATA 	Keypress: 5
596.5778 	DATA 	TR 383 | TR1 192 | TR2 191
598.1276 	DATA 	Keypress: 5
598.1276 	DATA 	TR 384 | TR1 192 | TR2 192
599.6941 	DATA 	Keypress: 5
599.6942 	DATA 	TR 385 | TR1 193 | TR2 192
601.2440 	DATA 	Keypress: 5
601.2440 	DATA 	TR 386 | TR1 193 | TR2 193
602.5605 	DATA 	
602.5605 	DATA 	Trial complete
602.5605 	DATA 	
602.8105 	DATA 	Keypress: 5
602.8106 	DATA 	TR 387 | TR1 194 | TR2 193
604.3603 	DATA 	Keypress: 5
604.3604 	DATA 	TR 388 | TR1 194 | TR2 194
605.9436 	DATA 	Keypress: 5
605.9436 	DATA 	TR 389 | TR1 195 | TR2 194
607.4934 	DATA 	Keypress: 5
607.4935 	DATA 	TR 390 | TR1 195 | TR2 195
609.0600 	DATA 	Keypress: 5
609.0600 	DATA 	TR 391 | TR1 196 | TR2 195
610.6098 	DATA 	Keypress: 5
610.6098 	DATA 	TR 392 | TR1 196 | TR2 196
612.1930 	DATA 	Keypress: 5
612.1931 	DATA 	TR 393 | TR1 197 | TR2 196
613.7428 	DATA 	Keypress: 5
613.7428 	DATA 	TR 394 | TR1 197 | TR2 197
615.3096 	DATA 	Keypress: 5
615.3096 	DATA 	TR 395 | TR1 198 | TR2 197
616.8592 	DATA 	Keypress: 5
616.8593 	DATA 	TR 396 | TR1 198 | TR2 198
618.4258 	DATA 	Keypress: 5
618.4258 	DATA 	TR 397 | TR1 199 | TR2 198
619.9923 	DATA 	Keypress: 5
619.9923 	DATA 	TR 398 | TR1 199 | TR2 199
621.5588 	DATA 	Keypress: 5
621.5589 	DATA 	TR 399 | TR1 200 | TR2 199
623.1086 	DATA 	Keypress: 5
623.1087 	DATA 	TR 400 | TR1 200 | TR2 200
624.6752 	DATA 	Keypress: 5
624.6753 	DATA 	TR 401 | TR1 201 | TR2 200
626.2251 	DATA 	Keypress: 5
626.2251 	DATA 	TR 402 | TR1 201 | TR2 201
627.8083 	DATA 	Keypress: 5
627.8083 	DATA 	TR 403 | TR1 202 | TR2 201
629.3582 	DATA 	Keypress: 5
629.3583 	DATA 	TR 404 | TR1 202 | TR2 202
630.9246 	DATA 	Keypress: 5
630.9247 	DATA 	TR 405 | TR1 203 | TR2 202
632.4745 	DATA 	Keypress: 5
632.4745 	DATA 	TR 406 | TR1 203 | TR2 203
634.0416 	DATA 	Keypress: 5
634.0576 	DATA 	TR 407 | TR1 204 | TR2 203
635.6075 	DATA 	Keypress: 5
635.6075 	DATA 	TR 408 | TR1 204 | TR2 204
637.1741 	DATA 	Keypress: 5
637.1742 	DATA 	TR 409 | TR1 205 | TR2 204
638.7239 	DATA 	Keypress: 5
638.7240 	DATA 	TR 410 | TR1 205 | TR2 205
640.2905 	DATA 	Keypress: 5
640.2905 	DATA 	TR 411 | TR1 206 | TR2 205
641.8403 	DATA 	Keypress: 5
641.8403 	DATA 	TR 412 | TR1 206 | TR2 206
643.4235 	DATA 	Keypress: 5
643.4235 	DATA 	TR 413 | TR1 207 | TR2 206
644.9733 	DATA 	Keypress: 5
644.9733 	DATA 	TR 414 | TR1 207 | TR2 207
646.5399 	DATA 	Keypress: 5
646.5399 	DATA 	TR 415 | TR1 208 | TR2 207
648.0897 	DATA 	Keypress: 5
648.0897 	DATA 	TR 416 | TR1 208 | TR2 208
649.6729 	DATA 	Keypress: 5
649.6730 	DATA 	TR 417 | TR1 209 | TR2 208
650.9895 	DATA 	EndOfRun sub-06_ses-02_run-04

650.9895 	DATA 	We spent 51.42513728141785 seconds waiting for triggers
650.9896 	DATA 	RatioOfDetectedTargets 1.0
650.9896 	DATA 	You have detected 9 out of 9 targets.
655.8112 	DATA 	Keypress: 5
655.8114 	DATA 	Keypress: 5
655.8115 	DATA 	Keypress: 5
655.9050 	DATA 	Keypress: 5
656.0185 	EXP 	window1: mouseVisible = True
