MonitorDistance=99cm
MonitorWidth=30cm
PixelWidth=1024.0
PixelHeight=768.0
You have detected 11 out of 12 targets.
Well done! Keep up the good work
5.8257 	INFO 	Loaded monitor calibration from ['2021_05_26 17:55']
6.2884 	EXP 	Created window1 = Window(allowGUI=False, allowStencil=False, autoLog=True, backendConf=UNKNOWN, bitsMode=UNKNOWN, blendMode='avg', bpc=(8, 8, 8), color=array([-0.5, -0.5, -0.5]), colorSpace='rgb', depthBits=8, fullscr=<method-wrapper '__getattribute__' of attributeSetter object at 0x7f6147063438>, gamma=None, gammaErrorPolicy='raise', lms=UNKNOWN, monitor=<psychopy.monitors.calibTools.Monitor object at 0x7f613ce83080>, multiSample=False, name='window1', numSamples=2, pos=[0.0, 0.0], screen=0, size=array([1024,  768]), stencilBits=0, stereo=False, units='deg', useFBO=False, useRetina=False, viewOri=0.0, viewPos=None, viewScale=None, waitBlanking=True, winType='pyglet')
6.2884 	EXP 	window1: mouseVisible = True
6.3562 	EXP 	Created unnamed TextStim = TextStim(__class__=<class 'psychopy.visual.text.TextStim'>, alignHoriz=method-wrapper(...), alignText='center', alignVert=method-wrapper(...), anchorHoriz='center', anchorVert='center', antialias=True, autoLog=True, bold=False, color=array([1., 1., 1.]), colorSpace='rgb', contrast=1.0, depth=0, flipHoriz=False, flipVert=False, font='', fontFiles=[], height=0.5, italic=False, languageStyle='LTR', name='unnamed TextStim', opacity=1.0, ori=0.0, pos=array([0., 0.]), rgb=UNKNOWN, text=str(...), units='deg', win=Window(...), wrapWidth=15.0)
6.3866 	EXP 	Created Movie Frame 0 = ImageStim(__class__=<class 'psychopy.visual.image.ImageStim'>, autoLog=True, color=array([0.8, 0.8, 0.8]), colorSpace='rgb', contrast=0.8, depth=0, flipHoriz=False, flipVert=False, image='visual_0.png', interpolate=False, mask=None, maskParams=None, name='Movie Frame 0', opacity=1, ori=0.0, pos=array([0., 0.]), size=array([1024,  768]), texRes=128, units='pix', win=Window(...))
6.4112 	EXP 	Created Movie Frame 1 = ImageStim(__class__=<class 'psychopy.visual.image.ImageStim'>, autoLog=True, color=array([0.8, 0.8, 0.8]), colorSpace='rgb', contrast=0.8, depth=0, flipHoriz=False, flipVert=False, image='visual_1.png', interpolate=False, mask=None, maskParams=None, name='Movie Frame 1', opacity=1, ori=0.0, pos=array([0., 0.]), size=array([1024,  768]), texRes=128, units='pix', win=Window(...))
33.2840 	DATA 	Keypress: 5
0.0000 	DATA 	StartOfRun sub-09_ses-03_run-04
0.0000 	DATA 	TR 1 | TR1 1 | TR2 0
0.0187 	DATA 	Initial baseline

1.5515 	DATA 	Keypress: 5
1.5515 	DATA 	TR 2 | TR1 1 | TR2 1
3.1226 	DATA 	Keypress: 5
3.1227 	DATA 	TR 3 | TR1 2 | TR2 1
4.6738 	DATA 	Keypress: 5
4.6738 	DATA 	TR 4 | TR1 2 | TR2 2
6.2460 	DATA 	Keypress: 5
6.2460 	DATA 	TR 5 | TR1 3 | TR2 2
7.7972 	DATA 	Keypress: 5
7.7972 	DATA 	TR 6 | TR1 3 | TR2 3
9.3694 	DATA 	Keypress: 5
9.3694 	DATA 	TR 7 | TR1 4 | TR2 3
10.9207 	DATA 	Keypress: 5
10.9207 	DATA 	TR 8 | TR1 4 | TR2 4
12.4929 	DATA 	Keypress: 5
12.4929 	DATA 	TR 9 | TR1 5 | TR2 4
14.0440 	DATA 	Keypress: 5
14.0440 	DATA 	TR 10 | TR1 5 | TR2 5
15.6162 	DATA 	Keypress: 5
15.6162 	DATA 	TR 11 | TR1 6 | TR2 5
17.1674 	DATA 	Keypress: 5
17.1674 	DATA 	TR 12 | TR1 6 | TR2 6
18.7396 	DATA 	Keypress: 5
18.7396 	DATA 	TR 13 | TR1 7 | TR2 6
20.2908 	DATA 	Keypress: 5
20.2908 	DATA 	TR 14 | TR1 7 | TR2 7
21.8630 	DATA 	Keypress: 5
21.8630 	DATA 	TR 15 | TR1 8 | TR2 7
23.4141 	DATA 	Keypress: 5
23.4142 	DATA 	TR 16 | TR1 8 | TR2 8
24.9864 	DATA 	Keypress: 5
24.9864 	DATA 	TR 17 | TR1 9 | TR2 8
26.5375 	DATA 	Keypress: 5
26.5376 	DATA 	TR 18 | TR1 9 | TR2 9
28.1097 	DATA 	Keypress: 5
28.1097 	DATA 	TR 19 | TR1 10 | TR2 9
29.6610 	DATA 	Keypress: 5
29.6610 	DATA 	TR 20 | TR1 10 | TR2 10
31.2334 	DATA 	Keypress: 5
31.2494 	DATA 	Waited 1.2493889331817627 seconds for trigger
31.2508 	DATA 	
31.2508 	DATA 	Trial 1
31.2508 	DATA 	stimDur = 12.0
31.2509 	DATA 	jitter = 0.0
31.2509 	DATA 	restDur = 30.0

31.2509 	DATA 	
31.2509 	DATA 	TR 21 | TR1 11 | TR2 10
31.2509 	DATA 	
31.2509 	DATA 	stimulation started
31.2509 	DATA 	
32.7996 	DATA 	Keypress: 5
32.7997 	DATA 	TR 22 | TR1 11 | TR2 11
34.3663 	DATA 	Keypress: 5
34.3663 	DATA 	TR 23 | TR1 12 | TR2 11
35.9162 	DATA 	Keypress: 5
35.9162 	DATA 	TR 24 | TR1 12 | TR2 12
37.4826 	DATA 	Keypress: 5
37.4827 	DATA 	TR 25 | TR1 13 | TR2 12
39.0327 	DATA 	Keypress: 5
39.0327 	DATA 	TR 26 | TR1 13 | TR2 13
40.6157 	DATA 	Keypress: 5
40.6157 	DATA 	TR 27 | TR1 14 | TR2 13
42.1656 	DATA 	Keypress: 5
42.1656 	DATA 	TR 28 | TR1 14 | TR2 14
43.2654 	DATA 	
43.2654 	DATA 	stimulation stopped
43.2654 	DATA 	
43.7320 	DATA 	Keypress: 5
43.7321 	DATA 	TR 29 | TR1 15 | TR2 14
45.2819 	DATA 	Keypress: 5
45.2820 	DATA 	TR 30 | TR1 15 | TR2 15
46.8651 	DATA 	Keypress: 5
46.8651 	DATA 	TR 31 | TR1 16 | TR2 15
48.4150 	DATA 	Keypress: 5
48.4150 	DATA 	TR 32 | TR1 16 | TR2 16
49.9814 	DATA 	Keypress: 5
49.9815 	DATA 	TR 33 | TR1 17 | TR2 16
51.5313 	DATA 	Keypress: 5
51.5314 	DATA 	TR 34 | TR1 17 | TR2 17
53.0978 	DATA 	Keypress: 5
53.0979 	DATA 	TR 35 | TR1 18 | TR2 17
54.6483 	DATA 	Keypress: 5
54.6643 	DATA 	TR 36 | TR1 18 | TR2 18
56.2309 	DATA 	Keypress: 5
56.2309 	DATA 	TR 37 | TR1 19 | TR2 18
57.7808 	DATA 	Keypress: 5
57.7808 	DATA 	TR 38 | TR1 19 | TR2 19
59.3473 	DATA 	Keypress: 5
59.3473 	DATA 	TR 39 | TR1 20 | TR2 19
60.8972 	DATA 	Keypress: 5
60.8972 	DATA 	TR 40 | TR1 20 | TR2 20
62.4803 	DATA 	Keypress: 5
62.4804 	DATA 	TR 41 | TR1 21 | TR2 20
64.0301 	DATA 	Keypress: 5
64.0302 	DATA 	TR 42 | TR1 21 | TR2 21
65.5969 	DATA 	Keypress: 5
65.5969 	DATA 	TR 43 | TR1 22 | TR2 21
67.1466 	DATA 	Keypress: 5
67.1466 	DATA 	TR 44 | TR1 22 | TR2 22
68.7298 	DATA 	Keypress: 5
68.7298 	DATA 	TR 45 | TR1 23 | TR2 22
70.2796 	DATA 	Keypress: 5
70.2797 	DATA 	TR 46 | TR1 23 | TR2 23
71.8461 	DATA 	Keypress: 5
71.8462 	DATA 	TR 47 | TR1 24 | TR2 23
73.2626 	DATA 	
73.2627 	DATA 	Trial complete
73.2627 	DATA 	Waiting for VASO trigger to start next trial
73.2627 	DATA 	
73.3962 	DATA 	Keypress: 5
73.3962 	DATA 	TR 48 | TR1 24 | TR2 24
74.9623 	DATA 	Keypress: 5
74.9624 	DATA 	Waited 1.6997120380401611 seconds for trigger
74.9632 	DATA 	
74.9632 	DATA 	Trial 2
74.9633 	DATA 	stimDur = 24.0
74.9633 	DATA 	jitter = 0.78525
74.9633 	DATA 	restDur = 40.0

74.9633 	DATA 	
74.9633 	DATA 	TR 49 | TR1 25 | TR2 24
75.7624 	DATA 	
75.7624 	DATA 	stimulation started
75.7624 	DATA 	
76.5124 	DATA 	Keypress: 5
76.5125 	DATA 	TR 50 | TR1 25 | TR2 25
78.0957 	DATA 	Keypress: 5
78.0957 	DATA 	TR 51 | TR1 26 | TR2 25
79.6456 	DATA 	Keypress: 5
79.6457 	DATA 	TR 52 | TR1 26 | TR2 26
81.2121 	DATA 	Keypress: 5
81.2121 	DATA 	TR 53 | TR1 27 | TR2 26
82.7619 	DATA 	Keypress: 5
82.7619 	DATA 	TR 54 | TR1 27 | TR2 27
84.3451 	DATA 	Keypress: 5
84.3451 	DATA 	TR 55 | TR1 28 | TR2 27
85.8949 	DATA 	Keypress: 5
85.8950 	DATA 	TR 56 | TR1 28 | TR2 28
87.4615 	DATA 	Keypress: 5
87.4615 	DATA 	TR 57 | TR1 29 | TR2 28
89.0113 	DATA 	Keypress: 5
89.0113 	DATA 	TR 58 | TR1 29 | TR2 29
90.5778 	DATA 	Keypress: 5
90.5779 	DATA 	TR 59 | TR1 30 | TR2 29
92.1444 	DATA 	Keypress: 5
92.1444 	DATA 	TR 60 | TR1 30 | TR2 30
93.7109 	DATA 	Keypress: 5
93.7109 	DATA 	TR 61 | TR1 31 | TR2 30
95.2607 	DATA 	Keypress: 5
95.2608 	DATA 	TR 62 | TR1 31 | TR2 31
96.8273 	DATA 	Keypress: 5
96.8273 	DATA 	TR 63 | TR1 32 | TR2 31
98.3772 	DATA 	Keypress: 5
98.3772 	DATA 	TR 64 | TR1 32 | TR2 32
99.7603 	DATA 	
99.7603 	DATA 	stimulation stopped
99.7603 	DATA 	
99.9604 	DATA 	Keypress: 5
99.9605 	DATA 	TR 65 | TR1 33 | TR2 32
100.6269 	DATA 	Target presented
101.1603 	DATA 	Keypress: 1
101.1603 	DATA 	Key1 pressed
101.1603 	DATA 	Target detected
101.5101 	DATA 	Keypress: 5
101.5101 	DATA 	TR 66 | TR1 33 | TR2 33
103.0768 	DATA 	Keypress: 5
103.0768 	DATA 	TR 67 | TR1 34 | TR2 33
104.6265 	DATA 	Keypress: 5
104.6265 	DATA 	TR 68 | TR1 34 | TR2 34
106.1936 	DATA 	Keypress: 5
106.2097 	DATA 	TR 69 | TR1 35 | TR2 34
107.7596 	DATA 	Keypress: 5
107.7596 	DATA 	TR 70 | TR1 35 | TR2 35
109.3262 	DATA 	Keypress: 5
109.3263 	DATA 	TR 71 | TR1 36 | TR2 35
110.8759 	DATA 	Keypress: 5
110.8760 	DATA 	TR 72 | TR1 36 | TR2 36
112.4425 	DATA 	Keypress: 5
112.4425 	DATA 	TR 73 | TR1 37 | TR2 36
113.9929 	DATA 	Keypress: 5
114.0090 	DATA 	TR 74 | TR1 37 | TR2 37
115.5755 	DATA 	Keypress: 5
115.5756 	DATA 	TR 75 | TR1 38 | TR2 37
117.1253 	DATA 	Keypress: 5
117.1254 	DATA 	TR 76 | TR1 38 | TR2 38
118.6919 	DATA 	Keypress: 5
118.6920 	DATA 	TR 77 | TR1 39 | TR2 38
120.2418 	DATA 	Keypress: 5
120.2418 	DATA 	TR 78 | TR1 39 | TR2 39
121.8250 	DATA 	Keypress: 5
121.8250 	DATA 	TR 79 | TR1 40 | TR2 39
123.3748 	DATA 	Keypress: 5
123.3748 	DATA 	TR 80 | TR1 40 | TR2 40
124.9415 	DATA 	Keypress: 5
124.9415 	DATA 	TR 81 | TR1 41 | TR2 40
126.4912 	DATA 	Keypress: 5
126.4912 	DATA 	TR 82 | TR1 41 | TR2 41
128.0577 	DATA 	Keypress: 5
128.0578 	DATA 	TR 83 | TR1 42 | TR2 41
129.6242 	DATA 	Keypress: 5
129.6243 	DATA 	TR 84 | TR1 42 | TR2 42
131.1908 	DATA 	Keypress: 5
131.1908 	DATA 	TR 85 | TR1 43 | TR2 42
132.7406 	DATA 	Keypress: 5
132.7406 	DATA 	TR 86 | TR1 43 | TR2 43
134.3072 	DATA 	Keypress: 5
134.3072 	DATA 	TR 87 | TR1 44 | TR2 43
135.8570 	DATA 	Keypress: 5
135.8571 	DATA 	TR 88 | TR1 44 | TR2 44
137.4402 	DATA 	Keypress: 5
137.4403 	DATA 	TR 89 | TR1 45 | TR2 44
138.9901 	DATA 	Keypress: 5
138.9901 	DATA 	TR 90 | TR1 45 | TR2 45
139.7566 	DATA 	
139.7566 	DATA 	Trial complete
139.7567 	DATA 	Waiting for VASO trigger to start next trial
139.7567 	DATA 	
140.5566 	DATA 	Keypress: 5
140.5567 	DATA 	Waited 0.8000040054321289 seconds for trigger
140.5575 	DATA 	
140.5575 	DATA 	Trial 3
140.5575 	DATA 	stimDur = 2.0
140.5575 	DATA 	jitter = 2.35575
140.5575 	DATA 	restDur = 22.0

140.5575 	DATA 	
140.5575 	DATA 	TR 91 | TR1 46 | TR2 45
142.1064 	DATA 	Keypress: 5
142.1065 	DATA 	TR 92 | TR1 46 | TR2 46
142.9230 	DATA 	
142.9230 	DATA 	stimulation started
142.9230 	DATA 	
143.6897 	DATA 	Keypress: 5
143.6898 	DATA 	TR 93 | TR1 47 | TR2 46
144.9229 	DATA 	
144.9229 	DATA 	stimulation stopped
144.9229 	DATA 	
145.2396 	DATA 	Keypress: 5
145.2396 	DATA 	TR 94 | TR1 47 | TR2 47
146.8060 	DATA 	Keypress: 5
146.8061 	DATA 	TR 95 | TR1 48 | TR2 47
148.3559 	DATA 	Keypress: 5
148.3559 	DATA 	TR 96 | TR1 48 | TR2 48
149.9226 	DATA 	Keypress: 5
149.9227 	DATA 	TR 97 | TR1 49 | TR2 48
151.4722 	DATA 	Keypress: 5
151.4723 	DATA 	TR 98 | TR1 49 | TR2 49
153.0555 	DATA 	Keypress: 5
153.0555 	DATA 	TR 99 | TR1 50 | TR2 49
154.6053 	DATA 	Keypress: 5
154.6053 	DATA 	TR 100 | TR1 50 | TR2 50
156.1719 	DATA 	Keypress: 5
156.1719 	DATA 	TR 101 | TR1 51 | TR2 50
157.7217 	DATA 	Keypress: 5
157.7217 	DATA 	TR 102 | TR1 51 | TR2 51
159.3049 	DATA 	Keypress: 5
159.3050 	DATA 	TR 103 | TR1 52 | TR2 51
160.8547 	DATA 	Keypress: 5
160.8548 	DATA 	TR 104 | TR1 52 | TR2 52
162.4213 	DATA 	Keypress: 5
162.4213 	DATA 	TR 105 | TR1 53 | TR2 52
163.9711 	DATA 	Keypress: 5
163.9712 	DATA 	TR 106 | TR1 53 | TR2 53
165.5384 	DATA 	Keypress: 5
165.5543 	DATA 	TR 107 | TR1 54 | TR2 53
166.9208 	DATA 	
166.9208 	DATA 	Trial complete
166.9209 	DATA 	Waiting for VASO trigger to start next trial
166.9209 	DATA 	
167.1043 	DATA 	Keypress: 5
167.1044 	DATA 	TR 108 | TR1 54 | TR2 54
168.6707 	DATA 	Keypress: 5
168.6708 	DATA 	Waited 1.7499399185180664 seconds for trigger
168.6716 	DATA 	
168.6716 	DATA 	Trial 4
168.6716 	DATA 	stimDur = 2.0
168.6716 	DATA 	jitter = 0.78525
168.6716 	DATA 	restDur = 22.0

168.6716 	DATA 	
168.6716 	DATA 	TR 109 | TR1 55 | TR2 54
169.4706 	DATA 	
169.4706 	DATA 	stimulation started
169.4706 	DATA 	
170.2206 	DATA 	Keypress: 5
170.2207 	DATA 	TR 110 | TR1 55 | TR2 55
171.4705 	DATA 	
171.4705 	DATA 	stimulation stopped
171.4705 	DATA 	
171.7871 	DATA 	Keypress: 5
171.7872 	DATA 	TR 111 | TR1 56 | TR2 55
173.3369 	DATA 	Keypress: 5
173.3370 	DATA 	TR 112 | TR1 56 | TR2 56
174.9202 	DATA 	Keypress: 5
174.9202 	DATA 	TR 113 | TR1 57 | TR2 56
176.0867 	DATA 	Target presented
176.4700 	DATA 	Keypress: 5
176.4700 	DATA 	TR 114 | TR1 57 | TR2 57
176.6533 	DATA 	Keypress: 1
176.6533 	DATA 	Key1 pressed
176.6533 	DATA 	Target detected
178.0365 	DATA 	Keypress: 5
178.0366 	DATA 	TR 115 | TR1 58 | TR2 57
179.5864 	DATA 	Keypress: 5
179.5864 	DATA 	TR 116 | TR1 58 | TR2 58
181.1696 	DATA 	Keypress: 5
181.1696 	DATA 	TR 117 | TR1 59 | TR2 58
182.7194 	DATA 	Keypress: 5
182.7195 	DATA 	TR 118 | TR1 59 | TR2 59
184.2860 	DATA 	Keypress: 5
184.2860 	DATA 	TR 119 | TR1 60 | TR2 59
185.8358 	DATA 	Keypress: 5
185.8359 	DATA 	TR 120 | TR1 60 | TR2 60
187.4024 	DATA 	Keypress: 5
187.4024 	DATA 	TR 121 | TR1 61 | TR2 60
188.9528 	DATA 	Keypress: 5
188.9688 	DATA 	TR 122 | TR1 61 | TR2 61
190.5354 	DATA 	Keypress: 5
190.5355 	DATA 	TR 123 | TR1 62 | TR2 61
192.0852 	DATA 	Keypress: 5
192.0853 	DATA 	TR 124 | TR1 62 | TR2 62
193.4684 	DATA 	
193.4684 	DATA 	Trial complete
193.4684 	DATA 	Waiting for VASO trigger to start next trial
193.4684 	DATA 	
193.6518 	DATA 	Keypress: 5
193.6518 	DATA 	Waited 0.18338823318481445 seconds for trigger
193.6526 	DATA 	
193.6526 	DATA 	Trial 5
193.6526 	DATA 	stimDur = 4.0
193.6526 	DATA 	jitter = 0.0
193.6526 	DATA 	restDur = 24.0

193.6526 	DATA 	
193.6526 	DATA 	TR 125 | TR1 63 | TR2 62
193.6526 	DATA 	
193.6526 	DATA 	stimulation started
193.6526 	DATA 	
195.2017 	DATA 	Keypress: 5
195.2017 	DATA 	TR 126 | TR1 63 | TR2 63
196.7849 	DATA 	Keypress: 5
196.7850 	DATA 	TR 127 | TR1 64 | TR2 63
197.6681 	DATA 	
197.6681 	DATA 	stimulation stopped
197.6681 	DATA 	
198.3347 	DATA 	Keypress: 5
198.3347 	DATA 	TR 128 | TR1 64 | TR2 64
199.9014 	DATA 	Keypress: 5
199.9014 	DATA 	TR 129 | TR1 65 | TR2 64
201.4511 	DATA 	Keypress: 5
201.4511 	DATA 	TR 130 | TR1 65 | TR2 65
203.0343 	DATA 	Keypress: 5
203.0343 	DATA 	TR 131 | TR1 66 | TR2 65
204.5841 	DATA 	Keypress: 5
204.5842 	DATA 	TR 132 | TR1 66 | TR2 66
206.1507 	DATA 	Keypress: 5
206.1507 	DATA 	TR 133 | TR1 67 | TR2 66
207.7005 	DATA 	Keypress: 5
207.7005 	DATA 	TR 134 | TR1 67 | TR2 67
209.2670 	DATA 	Keypress: 5
209.2671 	DATA 	TR 135 | TR1 68 | TR2 67
210.8170 	DATA 	Keypress: 5
210.8171 	DATA 	TR 136 | TR1 68 | TR2 68
212.4001 	DATA 	Keypress: 5
212.4001 	DATA 	TR 137 | TR1 69 | TR2 68
213.9499 	DATA 	Keypress: 5
213.9500 	DATA 	TR 138 | TR1 69 | TR2 69
215.5165 	DATA 	Keypress: 5
215.5165 	DATA 	TR 139 | TR1 70 | TR2 69
217.0663 	DATA 	Keypress: 5
217.0663 	DATA 	TR 140 | TR1 70 | TR2 70
218.6495 	DATA 	Keypress: 5
218.6496 	DATA 	TR 141 | TR1 71 | TR2 70
220.1993 	DATA 	Keypress: 5
220.1994 	DATA 	TR 142 | TR1 71 | TR2 71
221.6659 	DATA 	
221.6659 	DATA 	Trial complete
221.6659 	DATA 	Waiting for VASO trigger to start next trial
221.6659 	DATA 	
221.7659 	DATA 	Keypress: 5
221.7659 	DATA 	Waited 0.10004091262817383 seconds for trigger
221.7667 	DATA 	
221.7667 	DATA 	Trial 6
221.7667 	DATA 	stimDur = 4.0
221.7667 	DATA 	jitter = 1.5705
221.7667 	DATA 	restDur = 24.0

221.7667 	DATA 	
221.7667 	DATA 	TR 143 | TR1 72 | TR2 71
223.3157 	DATA 	Keypress: 5
223.3158 	DATA 	TR 144 | TR1 72 | TR2 72
223.3490 	DATA 	
223.3490 	DATA 	stimulation started
223.3490 	DATA 	
224.8823 	DATA 	Keypress: 5
224.8824 	DATA 	TR 145 | TR1 73 | TR2 72
226.4489 	DATA 	Keypress: 5
226.4489 	DATA 	TR 146 | TR1 73 | TR2 73
227.3487 	DATA 	
227.3487 	DATA 	stimulation stopped
227.3487 	DATA 	
228.0153 	DATA 	Keypress: 5
228.0154 	DATA 	TR 147 | TR1 74 | TR2 73
229.5652 	DATA 	Keypress: 5
229.5652 	DATA 	TR 148 | TR1 74 | TR2 74
231.1317 	DATA 	Keypress: 5
231.1318 	DATA 	TR 149 | TR1 75 | TR2 74
232.6817 	DATA 	Keypress: 5
232.6817 	DATA 	TR 150 | TR1 75 | TR2 75
234.2648 	DATA 	Keypress: 5
234.2648 	DATA 	TR 151 | TR1 76 | TR2 75
235.8146 	DATA 	Keypress: 5
235.8146 	DATA 	TR 152 | TR1 76 | TR2 76
237.3813 	DATA 	Keypress: 5
237.3814 	DATA 	TR 153 | TR1 77 | TR2 76
238.3977 	DATA 	Target presented
238.9310 	DATA 	Keypress: 5
238.9311 	DATA 	TR 154 | TR1 77 | TR2 77
238.9476 	DATA 	Keypress: 1
238.9477 	DATA 	Key1 pressed
238.9477 	DATA 	Target detected
240.4981 	DATA 	Keypress: 5
240.5141 	DATA 	TR 155 | TR1 78 | TR2 77
242.0640 	DATA 	Keypress: 5
242.0641 	DATA 	TR 156 | TR1 78 | TR2 78
243.6306 	DATA 	Keypress: 5
243.6306 	DATA 	TR 157 | TR1 79 | TR2 78
245.1804 	DATA 	Keypress: 5
245.1805 	DATA 	TR 158 | TR1 79 | TR2 79
246.7470 	DATA 	Keypress: 5
246.7470 	DATA 	TR 159 | TR1 80 | TR2 79
248.2974 	DATA 	Keypress: 5
248.3134 	DATA 	TR 160 | TR1 80 | TR2 80
249.8800 	DATA 	Keypress: 5
249.8801 	DATA 	TR 161 | TR1 81 | TR2 80
251.3465 	DATA 	
251.3465 	DATA 	Trial complete
251.3465 	DATA 	Waiting for VASO trigger to start next trial
251.3465 	DATA 	
251.4298 	DATA 	Keypress: 5
251.4299 	DATA 	TR 162 | TR1 81 | TR2 81
252.9966 	DATA 	Keypress: 5
252.9966 	DATA 	Waited 1.6501169204711914 seconds for trigger
252.9974 	DATA 	
252.9974 	DATA 	Trial 7
252.9974 	DATA 	stimDur = 4.0
252.9974 	DATA 	jitter = 2.35575
252.9974 	DATA 	restDur = 24.0

252.9974 	DATA 	
252.9974 	DATA 	TR 163 | TR1 82 | TR2 81
254.5462 	DATA 	Keypress: 5
254.5463 	DATA 	TR 164 | TR1 82 | TR2 82
255.3628 	DATA 	
255.3628 	DATA 	stimulation started
255.3628 	DATA 	
256.1295 	DATA 	Keypress: 5
256.1296 	DATA 	TR 165 | TR1 83 | TR2 82
257.6793 	DATA 	Keypress: 5
257.6794 	DATA 	TR 166 | TR1 83 | TR2 83
259.2459 	DATA 	Keypress: 5
259.2460 	DATA 	TR 167 | TR1 84 | TR2 83
259.3625 	DATA 	
259.3625 	DATA 	stimulation stopped
259.3625 	DATA 	
260.7956 	DATA 	Keypress: 5
260.7957 	DATA 	TR 168 | TR1 84 | TR2 84
262.3624 	DATA 	Keypress: 5
262.3624 	DATA 	TR 169 | TR1 85 | TR2 84
263.9287 	DATA 	Keypress: 5
263.9287 	DATA 	TR 170 | TR1 85 | TR2 85
265.4953 	DATA 	Keypress: 5
265.4953 	DATA 	TR 171 | TR1 86 | TR2 85
267.0450 	DATA 	Keypress: 5
267.0451 	DATA 	TR 172 | TR1 86 | TR2 86
268.6117 	DATA 	Keypress: 5
268.6117 	DATA 	TR 173 | TR1 87 | TR2 86
270.1615 	DATA 	Keypress: 5
270.1615 	DATA 	TR 174 | TR1 87 | TR2 87
271.7447 	DATA 	Keypress: 5
271.7447 	DATA 	TR 175 | TR1 88 | TR2 87
273.2945 	DATA 	Keypress: 5
273.2946 	DATA 	TR 176 | TR1 88 | TR2 88
274.8611 	DATA 	Keypress: 5
274.8611 	DATA 	TR 177 | TR1 89 | TR2 88
276.4109 	DATA 	Keypress: 5
276.4110 	DATA 	TR 178 | TR1 89 | TR2 89
277.9941 	DATA 	Keypress: 5
277.9942 	DATA 	TR 179 | TR1 90 | TR2 89
279.5440 	DATA 	Keypress: 5
279.5440 	DATA 	TR 180 | TR1 90 | TR2 90
281.1105 	DATA 	Keypress: 5
281.1106 	DATA 	TR 181 | TR1 91 | TR2 90
282.6603 	DATA 	Keypress: 5
282.6604 	DATA 	TR 182 | TR1 91 | TR2 91
283.3603 	DATA 	
283.3603 	DATA 	Trial complete
283.3603 	DATA 	Waiting for VASO trigger to start next trial
283.3603 	DATA 	
284.2269 	DATA 	Keypress: 5
284.2270 	DATA 	Waited 0.8666729927062988 seconds for trigger
284.2277 	DATA 	
284.2277 	DATA 	Trial 8
284.2278 	DATA 	stimDur = 24.0
284.2278 	DATA 	jitter = 1.5705
284.2278 	DATA 	restDur = 40.0

284.2278 	DATA 	
284.2278 	DATA 	TR 183 | TR1 92 | TR2 91
285.7767 	DATA 	Target presented
285.7774 	DATA 	Keypress: 5
285.7934 	DATA 	TR 184 | TR1 92 | TR2 92
285.8100 	DATA 	
285.8100 	DATA 	stimulation started
285.8101 	DATA 	
286.3601 	DATA 	Keypress: 1
286.3601 	DATA 	Key1 pressed
286.3601 	DATA 	Target detected
287.3600 	DATA 	Keypress: 5
287.3600 	DATA 	TR 185 | TR1 93 | TR2 92
288.9098 	DATA 	Keypress: 5
288.9099 	DATA 	TR 186 | TR1 93 | TR2 93
290.4763 	DATA 	Keypress: 5
290.4764 	DATA 	TR 187 | TR1 94 | TR2 93
292.0262 	DATA 	Keypress: 5
292.0263 	DATA 	TR 188 | TR1 94 | TR2 94
293.6094 	DATA 	Keypress: 5
293.6094 	DATA 	TR 189 | TR1 95 | TR2 94
295.1593 	DATA 	Keypress: 5
295.1593 	DATA 	TR 190 | TR1 95 | TR2 95
296.7258 	DATA 	Keypress: 5
296.7258 	DATA 	TR 191 | TR1 96 | TR2 95
298.2757 	DATA 	Keypress: 5
298.2757 	DATA 	TR 192 | TR1 96 | TR2 96
299.8428 	DATA 	Keypress: 5
299.8588 	DATA 	TR 193 | TR1 97 | TR2 96
301.4087 	DATA 	Keypress: 5
301.4088 	DATA 	TR 194 | TR1 97 | TR2 97
302.9752 	DATA 	Keypress: 5
302.9753 	DATA 	TR 195 | TR1 98 | TR2 97
304.5251 	DATA 	Keypress: 5
304.5251 	DATA 	TR 196 | TR1 98 | TR2 98
306.0916 	DATA 	Keypress: 5
306.0916 	DATA 	TR 197 | TR1 99 | TR2 98
307.6415 	DATA 	Keypress: 5
307.6415 	DATA 	TR 198 | TR1 99 | TR2 99
309.2247 	DATA 	Keypress: 5
309.2247 	DATA 	TR 199 | TR1 100 | TR2 99
309.8079 	DATA 	
309.8079 	DATA 	stimulation stopped
309.8079 	DATA 	
310.7745 	DATA 	Keypress: 5
310.7745 	DATA 	TR 200 | TR1 100 | TR2 100
312.3410 	DATA 	Keypress: 5
312.3410 	DATA 	TR 201 | TR1 101 | TR2 100
313.8908 	DATA 	Keypress: 5
313.8909 	DATA 	TR 202 | TR1 101 | TR2 101
315.4740 	DATA 	Keypress: 5
315.4741 	DATA 	TR 203 | TR1 102 | TR2 101
317.0239 	DATA 	Keypress: 5
317.0240 	DATA 	TR 204 | TR1 102 | TR2 102
318.5904 	DATA 	Keypress: 5
318.5904 	DATA 	TR 205 | TR1 103 | TR2 102
320.1403 	DATA 	Keypress: 5
320.1404 	DATA 	TR 206 | TR1 103 | TR2 103
321.7068 	DATA 	Keypress: 5
321.7068 	DATA 	TR 207 | TR1 104 | TR2 103
323.2735 	DATA 	Keypress: 5
323.2735 	DATA 	TR 208 | TR1 104 | TR2 104
324.8398 	DATA 	Keypress: 5
324.8399 	DATA 	TR 209 | TR1 105 | TR2 104
326.3897 	DATA 	Keypress: 5
326.3898 	DATA 	TR 210 | TR1 105 | TR2 105
327.9562 	DATA 	Keypress: 5
327.9562 	DATA 	TR 211 | TR1 106 | TR2 105
329.5061 	DATA 	Keypress: 5
329.5061 	DATA 	TR 212 | TR1 106 | TR2 106
331.0893 	DATA 	Keypress: 5
331.0893 	DATA 	TR 213 | TR1 107 | TR2 106
332.6391 	DATA 	Keypress: 5
332.6392 	DATA 	TR 214 | TR1 107 | TR2 107
334.2058 	DATA 	Keypress: 5
334.2058 	DATA 	TR 215 | TR1 108 | TR2 107
335.7556 	DATA 	Keypress: 5
335.7556 	DATA 	TR 216 | TR1 108 | TR2 108
337.3387 	DATA 	Keypress: 5
337.3387 	DATA 	TR 217 | TR1 109 | TR2 108
338.8886 	DATA 	Keypress: 5
338.8886 	DATA 	TR 218 | TR1 109 | TR2 109
340.4551 	DATA 	Keypress: 5
340.4551 	DATA 	TR 219 | TR1 110 | TR2 109
342.0050 	DATA 	Keypress: 5
342.0050 	DATA 	TR 220 | TR1 110 | TR2 110
343.5715 	DATA 	Keypress: 5
343.5715 	DATA 	TR 221 | TR1 111 | TR2 110
345.1214 	DATA 	Keypress: 5
345.1214 	DATA 	TR 222 | TR1 111 | TR2 111
346.7045 	DATA 	Keypress: 5
346.7046 	DATA 	TR 223 | TR1 112 | TR2 111
348.2544 	DATA 	Keypress: 5
348.2544 	DATA 	TR 224 | TR1 112 | TR2 112
349.8043 	DATA 	
349.8043 	DATA 	Trial complete
349.8043 	DATA 	Waiting for VASO trigger to start next trial
349.8043 	DATA 	
349.8209 	DATA 	Keypress: 5
349.8209 	DATA 	Waited 0.016626834869384766 seconds for trigger
349.8217 	DATA 	
349.8217 	DATA 	Trial 9
349.8217 	DATA 	stimDur = 24.0
349.8217 	DATA 	jitter = 0.0
349.8217 	DATA 	restDur = 40.0

349.8217 	DATA 	
349.8218 	DATA 	TR 225 | TR1 113 | TR2 112
349.8218 	DATA 	
349.8218 	DATA 	stimulation started
349.8218 	DATA 	
351.3708 	DATA 	Keypress: 5
351.3709 	DATA 	TR 226 | TR1 113 | TR2 113
352.9540 	DATA 	Keypress: 5
352.9540 	DATA 	TR 227 | TR1 114 | TR2 113
353.9872 	DATA 	Target presented
354.5039 	DATA 	Keypress: 5
354.5039 	DATA 	TR 228 | TR1 114 | TR2 114
354.6372 	DATA 	Keypress: 1
354.6372 	DATA 	Key1 pressed
354.6372 	DATA 	Target detected
356.0704 	DATA 	Keypress: 5
356.0704 	DATA 	TR 229 | TR1 115 | TR2 114
357.6204 	DATA 	Keypress: 5
357.6204 	DATA 	TR 230 | TR1 115 | TR2 115
359.1867 	DATA 	Keypress: 5
359.1868 	DATA 	TR 231 | TR1 116 | TR2 115
360.7533 	DATA 	Keypress: 5
360.7533 	DATA 	TR 232 | TR1 116 | TR2 116
362.3198 	DATA 	Keypress: 5
362.3199 	DATA 	TR 233 | TR1 117 | TR2 116
363.8697 	DATA 	Keypress: 5
363.8697 	DATA 	TR 234 | TR1 117 | TR2 117
365.4362 	DATA 	Keypress: 5
365.4362 	DATA 	TR 235 | TR1 118 | TR2 117
366.9861 	DATA 	Keypress: 5
366.9861 	DATA 	TR 236 | TR1 118 | TR2 118
368.5692 	DATA 	Keypress: 5
368.5693 	DATA 	TR 237 | TR1 119 | TR2 118
370.1191 	DATA 	Keypress: 5
370.1192 	DATA 	TR 238 | TR1 119 | TR2 119
371.6858 	DATA 	Keypress: 5
371.6858 	DATA 	TR 239 | TR1 120 | TR2 119
373.2355 	DATA 	Keypress: 5
373.2356 	DATA 	TR 240 | TR1 120 | TR2 120
373.8354 	DATA 	
373.8354 	DATA 	stimulation stopped
373.8354 	DATA 	
374.8186 	DATA 	Keypress: 5
374.8186 	DATA 	TR 241 | TR1 121 | TR2 120
376.3685 	DATA 	Keypress: 5
376.3686 	DATA 	TR 242 | TR1 121 | TR2 121
377.9350 	DATA 	Keypress: 5
377.9350 	DATA 	TR 243 | TR1 122 | TR2 121
379.4849 	DATA 	Keypress: 5
379.4849 	DATA 	TR 244 | TR1 122 | TR2 122
381.0514 	DATA 	Keypress: 5
381.0514 	DATA 	TR 245 | TR1 123 | TR2 122
382.6013 	DATA 	Keypress: 5
382.6013 	DATA 	TR 246 | TR1 123 | TR2 123
384.1844 	DATA 	Keypress: 5
384.1845 	DATA 	TR 247 | TR1 124 | TR2 123
385.7343 	DATA 	Keypress: 5
385.7344 	DATA 	TR 248 | TR1 124 | TR2 124
387.3008 	DATA 	Keypress: 5
387.3009 	DATA 	TR 249 | TR1 125 | TR2 124
388.8507 	DATA 	Keypress: 5
388.8507 	DATA 	TR 250 | TR1 125 | TR2 125
390.4338 	DATA 	Keypress: 5
390.4339 	DATA 	TR 251 | TR1 126 | TR2 125
391.9837 	DATA 	Keypress: 5
391.9838 	DATA 	TR 252 | TR1 126 | TR2 126
393.5502 	DATA 	Keypress: 5
393.5503 	DATA 	TR 253 | TR1 127 | TR2 126
395.1002 	DATA 	Keypress: 5
395.1003 	DATA 	TR 254 | TR1 127 | TR2 127
396.6666 	DATA 	Keypress: 5
396.6667 	DATA 	TR 255 | TR1 128 | TR2 127
398.2332 	DATA 	Keypress: 5
398.2332 	DATA 	TR 256 | TR1 128 | TR2 128
399.7996 	DATA 	Keypress: 5
399.7997 	DATA 	TR 257 | TR1 129 | TR2 128
401.3495 	DATA 	Keypress: 5
401.3496 	DATA 	TR 258 | TR1 129 | TR2 129
402.9160 	DATA 	Keypress: 5
402.9161 	DATA 	TR 259 | TR1 130 | TR2 129
404.4660 	DATA 	Keypress: 5
404.4661 	DATA 	TR 260 | TR1 130 | TR2 130
406.0491 	DATA 	Keypress: 5
406.0491 	DATA 	TR 261 | TR1 131 | TR2 130
407.5990 	DATA 	Keypress: 5
407.5990 	DATA 	TR 262 | TR1 131 | TR2 131
409.1655 	DATA 	Keypress: 5
409.1655 	DATA 	TR 263 | TR1 132 | TR2 131
410.7153 	DATA 	Keypress: 5
410.7154 	DATA 	TR 264 | TR1 132 | TR2 132
412.2985 	DATA 	Keypress: 5
412.2986 	DATA 	TR 265 | TR1 133 | TR2 132
413.6984 	DATA 	Target presented
413.8317 	DATA 	
413.8317 	DATA 	Trial complete
413.8317 	DATA 	Waiting for VASO trigger to start next trial
413.8317 	DATA 	
413.8484 	DATA 	Keypress: 5
413.8484 	DATA 	TR 266 | TR1 133 | TR2 133
414.1983 	DATA 	Keypress: 1
414.1984 	DATA 	Key1 pressed
414.1984 	DATA 	Target detected
415.4149 	DATA 	Keypress: 5
415.4149 	DATA 	Waited 1.5832281112670898 seconds for trigger
415.4157 	DATA 	
415.4157 	DATA 	Trial 10
415.4157 	DATA 	stimDur = 12.0
415.4158 	DATA 	jitter = 1.5705
415.4158 	DATA 	restDur = 30.0

415.4158 	DATA 	
415.4158 	DATA 	TR 267 | TR1 134 | TR2 133
416.9648 	DATA 	Keypress: 5
416.9648 	DATA 	TR 268 | TR1 134 | TR2 134
416.9980 	DATA 	
416.9981 	DATA 	stimulation started
416.9981 	DATA 	
418.5313 	DATA 	Keypress: 5
418.5314 	DATA 	TR 269 | TR1 135 | TR2 134
420.0819 	DATA 	Keypress: 5
420.0978 	DATA 	TR 270 | TR1 135 | TR2 135
421.6645 	DATA 	Keypress: 5
421.6646 	DATA 	TR 271 | TR1 136 | TR2 135
423.2143 	DATA 	Keypress: 5
423.2143 	DATA 	TR 272 | TR1 136 | TR2 136
424.7808 	DATA 	Keypress: 5
424.7808 	DATA 	TR 273 | TR1 137 | TR2 136
426.3307 	DATA 	Keypress: 5
426.3307 	DATA 	TR 274 | TR1 137 | TR2 137
427.9138 	DATA 	Keypress: 5
427.9139 	DATA 	TR 275 | TR1 138 | TR2 137
428.9970 	DATA 	
428.9970 	DATA 	stimulation stopped
428.9970 	DATA 	
429.4636 	DATA 	Keypress: 5
429.4637 	DATA 	TR 276 | TR1 138 | TR2 138
431.0301 	DATA 	Keypress: 5
431.0302 	DATA 	TR 277 | TR1 139 | TR2 138
432.5800 	DATA 	Keypress: 5
432.5801 	DATA 	TR 278 | TR1 139 | TR2 139
434.1471 	DATA 	Keypress: 5
434.1631 	DATA 	TR 279 | TR1 140 | TR2 139
435.7131 	DATA 	Keypress: 5
435.7131 	DATA 	TR 280 | TR1 140 | TR2 140
437.2796 	DATA 	Keypress: 5
437.2796 	DATA 	TR 281 | TR1 141 | TR2 140
438.8295 	DATA 	Keypress: 5
438.8295 	DATA 	TR 282 | TR1 141 | TR2 141
440.3960 	DATA 	Keypress: 5
440.3960 	DATA 	TR 283 | TR1 142 | TR2 141
441.9458 	DATA 	Keypress: 5
441.9459 	DATA 	TR 284 | TR1 142 | TR2 142
443.5289 	DATA 	Keypress: 5
443.5289 	DATA 	TR 285 | TR1 143 | TR2 142
445.0789 	DATA 	Keypress: 5
445.0789 	DATA 	TR 286 | TR1 143 | TR2 143
446.6453 	DATA 	Keypress: 5
446.6454 	DATA 	TR 287 | TR1 144 | TR2 143
448.1953 	DATA 	Keypress: 5
448.1953 	DATA 	TR 288 | TR1 144 | TR2 144
449.7784 	DATA 	Keypress: 5
449.7784 	DATA 	TR 289 | TR1 145 | TR2 144
451.3284 	DATA 	Keypress: 5
451.3285 	DATA 	TR 290 | TR1 145 | TR2 145
452.8948 	DATA 	Keypress: 5
452.8948 	DATA 	TR 291 | TR1 146 | TR2 145
454.4447 	DATA 	Keypress: 5
454.4448 	DATA 	TR 292 | TR1 146 | TR2 146
456.0113 	DATA 	Keypress: 5
456.0113 	DATA 	TR 293 | TR1 147 | TR2 146
457.5777 	DATA 	Keypress: 5
457.5778 	DATA 	TR 294 | TR1 147 | TR2 147
458.9942 	DATA 	
458.9942 	DATA 	Trial complete
458.9943 	DATA 	Waiting for VASO trigger to start next trial
458.9943 	DATA 	
459.1444 	DATA 	Keypress: 5
459.1444 	DATA 	Waited 0.1501479148864746 seconds for trigger
459.1452 	DATA 	
459.1452 	DATA 	Trial 11
459.1452 	DATA 	stimDur = 1.0
459.1452 	DATA 	jitter = 1.5705
459.1452 	DATA 	restDur = 20.0

459.1452 	DATA 	
459.1452 	DATA 	TR 295 | TR1 148 | TR2 147
460.6941 	DATA 	Keypress: 5
460.6942 	DATA 	TR 296 | TR1 148 | TR2 148
460.7274 	DATA 	
460.7274 	DATA 	stimulation started
460.7274 	DATA 	
461.7273 	DATA 	
461.7274 	DATA 	stimulation stopped
461.7274 	DATA 	
462.2606 	DATA 	Keypress: 5
462.2607 	DATA 	TR 297 | TR1 149 | TR2 148
463.8105 	DATA 	Keypress: 5
463.8106 	DATA 	TR 298 | TR1 149 | TR2 149
465.3937 	DATA 	Keypress: 5
465.3937 	DATA 	TR 299 | TR1 150 | TR2 149
466.9436 	DATA 	Keypress: 5
466.9436 	DATA 	TR 300 | TR1 150 | TR2 150
468.5100 	DATA 	Keypress: 5
468.5101 	DATA 	TR 301 | TR1 151 | TR2 150
470.0600 	DATA 	Keypress: 5
470.0600 	DATA 	TR 302 | TR1 151 | TR2 151
471.6270 	DATA 	Keypress: 5
471.6431 	DATA 	TR 303 | TR1 152 | TR2 151
473.1930 	DATA 	Keypress: 5
473.1930 	DATA 	TR 304 | TR1 152 | TR2 152
474.7595 	DATA 	Keypress: 5
474.7595 	DATA 	TR 305 | TR1 153 | TR2 152
476.3095 	DATA 	Keypress: 5
476.3096 	DATA 	TR 306 | TR1 153 | TR2 153
477.8759 	DATA 	Keypress: 5
477.8759 	DATA 	TR 307 | TR1 154 | TR2 153
479.1758 	DATA 	Target presented
479.4263 	DATA 	Keypress: 5
479.4423 	DATA 	TR 308 | TR1 154 | TR2 154
479.7090 	DATA 	Keypress: 1
479.7091 	DATA 	Key1 pressed
479.7091 	DATA 	Target detected
481.0089 	DATA 	Keypress: 5
481.0090 	DATA 	TR 309 | TR1 155 | TR2 154
481.7255 	DATA 	
481.7255 	DATA 	Trial complete
481.7255 	DATA 	Waiting for VASO trigger to start next trial
481.7255 	DATA 	
482.5588 	DATA 	Keypress: 5
482.5588 	DATA 	TR 310 | TR1 155 | TR2 155
484.1254 	DATA 	Keypress: 5
484.1255 	DATA 	Waited 2.399959087371826 seconds for trigger
484.1262 	DATA 	
484.1262 	DATA 	Trial 12
484.1262 	DATA 	stimDur = 4.0
484.1263 	DATA 	jitter = 0.78525
484.1263 	DATA 	restDur = 24.0

484.1263 	DATA 	
484.1263 	DATA 	TR 311 | TR1 156 | TR2 155
484.9252 	DATA 	
484.9252 	DATA 	stimulation started
484.9252 	DATA 	
485.6752 	DATA 	Keypress: 5
485.6753 	DATA 	TR 312 | TR1 156 | TR2 156
487.2584 	DATA 	Keypress: 5
487.2584 	DATA 	TR 313 | TR1 157 | TR2 156
488.8083 	DATA 	Keypress: 5
488.8084 	DATA 	TR 314 | TR1 157 | TR2 157
488.9249 	DATA 	
488.9249 	DATA 	stimulation stopped
488.9249 	DATA 	
490.3747 	DATA 	Keypress: 5
490.3748 	DATA 	TR 315 | TR1 158 | TR2 157
491.9246 	DATA 	Keypress: 5
491.9246 	DATA 	TR 316 | TR1 158 | TR2 158
493.4911 	DATA 	Keypress: 5
493.4911 	DATA 	TR 317 | TR1 159 | TR2 158
495.0576 	DATA 	Keypress: 5
495.0577 	DATA 	TR 318 | TR1 159 | TR2 159
496.6241 	DATA 	Keypress: 5
496.6242 	DATA 	TR 319 | TR1 160 | TR2 159
498.1740 	DATA 	Keypress: 5
498.1741 	DATA 	TR 320 | TR1 160 | TR2 160
499.7405 	DATA 	Keypress: 5
499.7406 	DATA 	TR 321 | TR1 161 | TR2 160
501.2904 	DATA 	Keypress: 5
501.2904 	DATA 	TR 322 | TR1 161 | TR2 161
502.8736 	DATA 	Keypress: 5
502.8736 	DATA 	TR 323 | TR1 162 | TR2 161
504.4235 	DATA 	Keypress: 5
504.4235 	DATA 	TR 324 | TR1 162 | TR2 162
505.9899 	DATA 	Keypress: 5
505.9900 	DATA 	TR 325 | TR1 163 | TR2 162
507.5398 	DATA 	Keypress: 5
507.5399 	DATA 	TR 326 | TR1 163 | TR2 163
509.1230 	DATA 	Keypress: 5
509.1230 	DATA 	TR 327 | TR1 164 | TR2 163
510.6729 	DATA 	Keypress: 5
510.6729 	DATA 	TR 328 | TR1 164 | TR2 164
512.2394 	DATA 	Keypress: 5
512.2394 	DATA 	TR 329 | TR1 165 | TR2 164
512.9226 	DATA 	
512.9226 	DATA 	Trial complete
512.9226 	DATA 	Waiting for VASO trigger to start next trial
512.9226 	DATA 	
513.7892 	DATA 	Keypress: 5
513.7893 	DATA 	TR 330 | TR1 165 | TR2 165
515.3558 	DATA 	Keypress: 5
515.3558 	DATA 	Waited 2.4331629276275635 seconds for trigger
515.3566 	DATA 	
515.3566 	DATA 	Trial 13
515.3566 	DATA 	stimDur = 12.0
515.3566 	DATA 	jitter = 0.78525
515.3566 	DATA 	restDur = 30.0

515.3566 	DATA 	
515.3566 	DATA 	TR 331 | TR1 166 | TR2 165
516.1557 	DATA 	
516.1557 	DATA 	stimulation started
516.1557 	DATA 	
516.9057 	DATA 	Keypress: 5
516.9057 	DATA 	TR 332 | TR1 166 | TR2 166
518.4888 	DATA 	Keypress: 5
518.4889 	DATA 	TR 333 | TR1 167 | TR2 166
520.0387 	DATA 	Keypress: 5
520.0388 	DATA 	TR 334 | TR1 167 | TR2 167
521.6052 	DATA 	Keypress: 5
521.6053 	DATA 	TR 335 | TR1 168 | TR2 167
523.1551 	DATA 	Keypress: 5
523.1552 	DATA 	TR 336 | TR1 168 | TR2 168
524.7383 	DATA 	Keypress: 5
524.7383 	DATA 	TR 337 | TR1 169 | TR2 168
526.2882 	DATA 	Keypress: 5
526.2882 	DATA 	TR 338 | TR1 169 | TR2 169
527.8547 	DATA 	Keypress: 5
527.8547 	DATA 	TR 339 | TR1 170 | TR2 169
528.1546 	DATA 	
528.1546 	DATA 	stimulation stopped
528.1546 	DATA 	
529.4045 	DATA 	Keypress: 5
529.4045 	DATA 	TR 340 | TR1 170 | TR2 170
530.9716 	DATA 	Keypress: 5
530.9876 	DATA 	TR 341 | TR1 171 | TR2 170
532.5377 	DATA 	Keypress: 5
532.5377 	DATA 	TR 342 | TR1 171 | TR2 171
534.1040 	DATA 	Keypress: 5
534.1041 	DATA 	TR 343 | TR1 172 | TR2 171
535.6538 	DATA 	Keypress: 5
535.6538 	DATA 	TR 344 | TR1 172 | TR2 172
537.2204 	DATA 	Keypress: 5
537.2205 	DATA 	TR 345 | TR1 173 | TR2 172
538.7703 	DATA 	Keypress: 5
538.7703 	DATA 	TR 346 | TR1 173 | TR2 173
539.2701 	DATA 	Target presented
540.3535 	DATA 	Keypress: 5
540.3535 	DATA 	TR 347 | TR1 174 | TR2 173
541.9033 	DATA 	Keypress: 5
541.9034 	DATA 	TR 348 | TR1 174 | TR2 174
543.4698 	DATA 	Keypress: 5
543.4699 	DATA 	TR 349 | TR1 175 | TR2 174
545.0198 	DATA 	Keypress: 5
545.0198 	DATA 	TR 350 | TR1 175 | TR2 175
546.6029 	DATA 	Keypress: 5
546.6029 	DATA 	TR 351 | TR1 176 | TR2 175
548.1527 	DATA 	Keypress: 5
548.1528 	DATA 	TR 352 | TR1 176 | TR2 176
549.7193 	DATA 	Keypress: 5
549.7193 	DATA 	TR 353 | TR1 177 | TR2 176
551.2692 	DATA 	Keypress: 5
551.2692 	DATA 	TR 354 | TR1 177 | TR2 177
552.8356 	DATA 	Keypress: 5
552.8357 	DATA 	TR 355 | TR1 178 | TR2 177
554.3861 	DATA 	Keypress: 5
554.4022 	DATA 	TR 356 | TR1 178 | TR2 178
555.9687 	DATA 	Keypress: 5
555.9688 	DATA 	TR 357 | TR1 179 | TR2 178
557.5186 	DATA 	Keypress: 5
557.5186 	DATA 	TR 358 | TR1 179 | TR2 179
558.1518 	DATA 	
558.1518 	DATA 	Trial complete
558.1518 	DATA 	Waiting for VASO trigger to start next trial
558.1519 	DATA 	
559.0851 	DATA 	Keypress: 5
559.0852 	DATA 	Waited 0.9333419799804688 seconds for trigger
559.0860 	DATA 	
559.0860 	DATA 	Trial 14
559.0860 	DATA 	stimDur = 12.0
559.0860 	DATA 	jitter = 2.35575
559.0860 	DATA 	restDur = 30.0

559.0860 	DATA 	
559.0860 	DATA 	TR 359 | TR1 180 | TR2 179
560.6349 	DATA 	Keypress: 5
560.6350 	DATA 	TR 360 | TR1 180 | TR2 180
561.4515 	DATA 	
561.4515 	DATA 	stimulation started
561.4515 	DATA 	
562.2182 	DATA 	Keypress: 5
562.2183 	DATA 	TR 361 | TR1 181 | TR2 180
563.7682 	DATA 	Keypress: 5
563.7682 	DATA 	TR 362 | TR1 181 | TR2 181
565.3346 	DATA 	Keypress: 5
565.3346 	DATA 	TR 363 | TR1 182 | TR2 181
566.8844 	DATA 	Keypress: 5
566.8845 	DATA 	TR 364 | TR1 182 | TR2 182
568.4517 	DATA 	Keypress: 5
568.4676 	DATA 	TR 365 | TR1 183 | TR2 182
570.0175 	DATA 	Keypress: 5
570.0175 	DATA 	TR 366 | TR1 183 | TR2 183
571.5840 	DATA 	Keypress: 5
571.5841 	DATA 	TR 367 | TR1 184 | TR2 183
573.1338 	DATA 	Keypress: 5
573.1339 	DATA 	TR 368 | TR1 184 | TR2 184
573.4504 	DATA 	
573.4505 	DATA 	stimulation stopped
573.4505 	DATA 	
574.7003 	DATA 	Keypress: 5
574.7004 	DATA 	TR 369 | TR1 185 | TR2 184
576.2502 	DATA 	Keypress: 5
576.2502 	DATA 	TR 370 | TR1 185 | TR2 185
577.8334 	DATA 	Keypress: 5
577.8334 	DATA 	TR 371 | TR1 186 | TR2 185
579.3833 	DATA 	Keypress: 5
579.3833 	DATA 	TR 372 | TR1 186 | TR2 186
580.9498 	DATA 	Keypress: 5
580.9498 	DATA 	TR 373 | TR1 187 | TR2 186
582.4996 	DATA 	Keypress: 5
582.4996 	DATA 	TR 374 | TR1 187 | TR2 187
584.0828 	DATA 	Keypress: 5
584.0829 	DATA 	TR 375 | TR1 188 | TR2 187
585.4660 	DATA 	Target presented
585.6326 	DATA 	Keypress: 5
585.6327 	DATA 	TR 376 | TR1 188 | TR2 188
586.0159 	DATA 	Keypress: 1
586.0160 	DATA 	Key1 pressed
586.0160 	DATA 	Target detected
587.1992 	DATA 	Keypress: 5
587.1992 	DATA 	TR 377 | TR1 189 | TR2 188
588.7490 	DATA 	Keypress: 5
588.7491 	DATA 	TR 378 | TR1 189 | TR2 189
590.3156 	DATA 	Keypress: 5
590.3156 	DATA 	TR 379 | TR1 190 | TR2 189
591.8821 	DATA 	Keypress: 5
591.8821 	DATA 	TR 380 | TR1 190 | TR2 190
593.4486 	DATA 	Keypress: 5
593.4487 	DATA 	TR 381 | TR1 191 | TR2 190
594.9985 	DATA 	Keypress: 5
594.9985 	DATA 	TR 382 | TR1 191 | TR2 191
596.5650 	DATA 	Keypress: 5
596.5651 	DATA 	TR 383 | TR1 192 | TR2 191
598.1150 	DATA 	Keypress: 5
598.1151 	DATA 	TR 384 | TR1 192 | TR2 192
599.6980 	DATA 	Keypress: 5
599.6981 	DATA 	TR 385 | TR1 193 | TR2 192
601.2479 	DATA 	Keypress: 5
601.2480 	DATA 	TR 386 | TR1 193 | TR2 193
602.8144 	DATA 	Keypress: 5
602.8145 	DATA 	TR 387 | TR1 194 | TR2 193
603.4477 	DATA 	
603.4477 	DATA 	Trial complete
603.4477 	DATA 	Waiting for VASO trigger to start next trial
603.4477 	DATA 	
604.3644 	DATA 	Keypress: 5
604.3644 	DATA 	TR 388 | TR1 194 | TR2 194
605.9314 	DATA 	Keypress: 5
605.9474 	DATA 	Waited 2.49973201751709 seconds for trigger
605.9482 	DATA 	
605.9482 	DATA 	Trial 15
605.9482 	DATA 	stimDur = 2.0
605.9482 	DATA 	jitter = 0.0
605.9482 	DATA 	restDur = 22.0

605.9482 	DATA 	
605.9482 	DATA 	TR 389 | TR1 195 | TR2 194
605.9482 	DATA 	
605.9482 	DATA 	stimulation started
605.9482 	DATA 	
607.4975 	DATA 	Keypress: 5
607.4976 	DATA 	TR 390 | TR1 195 | TR2 195
607.9640 	DATA 	
607.9640 	DATA 	stimulation stopped
607.9640 	DATA 	
609.0639 	DATA 	Keypress: 5
609.0639 	DATA 	TR 391 | TR1 196 | TR2 195
610.6137 	DATA 	Keypress: 5
610.6137 	DATA 	TR 392 | TR1 196 | TR2 196
612.1802 	DATA 	Keypress: 5
612.1803 	DATA 	TR 393 | TR1 197 | TR2 196
613.7307 	DATA 	Keypress: 5
613.7467 	DATA 	TR 394 | TR1 197 | TR2 197
615.3133 	DATA 	Keypress: 5
615.3133 	DATA 	TR 395 | TR1 198 | TR2 197
616.8631 	DATA 	Keypress: 5
616.8632 	DATA 	TR 396 | TR1 198 | TR2 198
618.4297 	DATA 	Keypress: 5
618.4297 	DATA 	TR 397 | TR1 199 | TR2 198
619.9795 	DATA 	Keypress: 5
619.9795 	DATA 	TR 398 | TR1 199 | TR2 199
621.5627 	DATA 	Keypress: 5
621.5628 	DATA 	TR 399 | TR1 200 | TR2 199
623.1125 	DATA 	Keypress: 5
623.1126 	DATA 	TR 400 | TR1 200 | TR2 200
624.6791 	DATA 	Keypress: 5
624.6791 	DATA 	TR 401 | TR1 201 | TR2 200
626.2289 	DATA 	Keypress: 5
626.2290 	DATA 	TR 402 | TR1 201 | TR2 201
627.7955 	DATA 	Keypress: 5
627.7956 	DATA 	TR 403 | TR1 202 | TR2 201
629.3620 	DATA 	Keypress: 5
629.3620 	DATA 	TR 404 | TR1 202 | TR2 202
629.9619 	DATA 	
629.9619 	DATA 	Trial complete
629.9619 	DATA 	Waiting for VASO trigger to start next trial
629.9619 	DATA 	
630.9285 	DATA 	Keypress: 5
630.9286 	DATA 	Waited 0.966663122177124 seconds for trigger
630.9293 	DATA 	
630.9293 	DATA 	Trial 16
630.9294 	DATA 	stimDur = 1.0
630.9294 	DATA 	jitter = 2.35575
630.9294 	DATA 	restDur = 20.0

630.9294 	DATA 	
630.9294 	DATA 	TR 405 | TR1 203 | TR2 202
632.4783 	DATA 	Keypress: 5
632.4784 	DATA 	TR 406 | TR1 203 | TR2 203
633.2949 	DATA 	
633.2949 	DATA 	stimulation started
633.2949 	DATA 	
634.0450 	DATA 	Keypress: 5
634.0450 	DATA 	TR 407 | TR1 204 | TR2 203
634.2949 	DATA 	
634.2949 	DATA 	stimulation stopped
634.2949 	DATA 	
635.5947 	DATA 	Keypress: 5
635.5948 	DATA 	TR 408 | TR1 204 | TR2 204
637.1779 	DATA 	Keypress: 5
637.1780 	DATA 	TR 409 | TR1 205 | TR2 204
638.7278 	DATA 	Keypress: 5
638.7278 	DATA 	TR 410 | TR1 205 | TR2 205
640.2943 	DATA 	Keypress: 5
640.2944 	DATA 	TR 411 | TR1 206 | TR2 205
641.8444 	DATA 	Keypress: 5
641.8445 	DATA 	TR 412 | TR1 206 | TR2 206
643.4274 	DATA 	Keypress: 5
643.4274 	DATA 	TR 413 | TR1 207 | TR2 206
644.9774 	DATA 	Keypress: 5
644.9774 	DATA 	TR 414 | TR1 207 | TR2 207
646.5438 	DATA 	Keypress: 5
646.5438 	DATA 	TR 415 | TR1 208 | TR2 207
648.0937 	DATA 	Keypress: 5
648.0938 	DATA 	TR 416 | TR1 208 | TR2 208
649.6603 	DATA 	Keypress: 5
649.6603 	DATA 	TR 417 | TR1 209 | TR2 208
651.2105 	DATA 	Keypress: 5
651.2266 	DATA 	TR 418 | TR1 209 | TR2 209
652.7932 	DATA 	Keypress: 5
652.7932 	DATA 	TR 419 | TR1 210 | TR2 209
654.2930 	DATA 	
654.2930 	DATA 	Trial complete
654.2930 	DATA 	Waiting for VASO trigger to start next trial
654.2930 	DATA 	
654.3430 	DATA 	Keypress: 5
654.3431 	DATA 	TR 420 | TR1 210 | TR2 210
655.9096 	DATA 	Keypress: 5
655.9096 	DATA 	Waited 1.6166090965270996 seconds for trigger
655.9104 	DATA 	
655.9104 	DATA 	Trial 17
655.9104 	DATA 	stimDur = 24.0
655.9104 	DATA 	jitter = 2.35575
655.9104 	DATA 	restDur = 40.0

655.9104 	DATA 	
655.9104 	DATA 	TR 421 | TR1 211 | TR2 210
657.4594 	DATA 	Keypress: 5
657.4595 	DATA 	TR 422 | TR1 211 | TR2 211
658.2760 	DATA 	
658.2760 	DATA 	stimulation started
658.2760 	DATA 	
658.4427 	DATA 	Target presented
658.9260 	DATA 	Keypress: 1
658.9261 	DATA 	Key1 pressed
658.9261 	DATA 	Target detected
659.0426 	DATA 	Keypress: 5
659.0427 	DATA 	TR 423 | TR1 212 | TR2 211
660.5925 	DATA 	Keypress: 5
660.5925 	DATA 	TR 424 | TR1 212 | TR2 212
662.1590 	DATA 	Keypress: 5
662.1591 	DATA 	TR 425 | TR1 213 | TR2 212
663.7089 	DATA 	Keypress: 5
663.7089 	DATA 	TR 426 | TR1 213 | TR2 213
665.2762 	DATA 	Keypress: 5
665.2920 	DATA 	TR 427 | TR1 214 | TR2 213
666.8421 	DATA 	Keypress: 5
666.8421 	DATA 	TR 428 | TR1 214 | TR2 214
668.4084 	DATA 	Keypress: 5
668.4085 	DATA 	TR 429 | TR1 215 | TR2 214
669.9583 	DATA 	Keypress: 5
669.9583 	DATA 	TR 430 | TR1 215 | TR2 215
671.5249 	DATA 	Keypress: 5
671.5249 	DATA 	TR 431 | TR1 216 | TR2 215
673.0747 	DATA 	Keypress: 5
673.0747 	DATA 	TR 432 | TR1 216 | TR2 216
674.6579 	DATA 	Keypress: 5
674.6579 	DATA 	TR 433 | TR1 217 | TR2 216
676.2077 	DATA 	Keypress: 5
676.2078 	DATA 	TR 434 | TR1 217 | TR2 217
677.7743 	DATA 	Keypress: 5
677.7743 	DATA 	TR 435 | TR1 218 | TR2 217
679.3243 	DATA 	Keypress: 5
679.3243 	DATA 	TR 436 | TR1 218 | TR2 218
680.9073 	DATA 	Keypress: 5
680.9074 	DATA 	TR 437 | TR1 219 | TR2 218
682.2738 	DATA 	
682.2738 	DATA 	stimulation stopped
682.2738 	DATA 	
682.4571 	DATA 	Keypress: 5
682.4571 	DATA 	TR 438 | TR1 219 | TR2 219
684.0237 	DATA 	Keypress: 5
684.0237 	DATA 	TR 439 | TR1 220 | TR2 219
685.5735 	DATA 	Keypress: 5
685.5735 	DATA 	TR 440 | TR1 220 | TR2 220
687.1400 	DATA 	Keypress: 5
687.1401 	DATA 	TR 441 | TR1 221 | TR2 220
688.7065 	DATA 	Keypress: 5
688.7066 	DATA 	TR 442 | TR1 221 | TR2 221
690.2731 	DATA 	Keypress: 5
690.2731 	DATA 	TR 443 | TR1 222 | TR2 221
691.8229 	DATA 	Keypress: 5
691.8230 	DATA 	TR 444 | TR1 222 | TR2 222
693.3895 	DATA 	Keypress: 5
693.3895 	DATA 	TR 445 | TR1 223 | TR2 222
694.9393 	DATA 	Keypress: 5
694.9393 	DATA 	TR 446 | TR1 223 | TR2 223
696.5225 	DATA 	Keypress: 5
696.5226 	DATA 	TR 447 | TR1 224 | TR2 223
698.0723 	DATA 	Keypress: 5
698.0724 	DATA 	TR 448 | TR1 224 | TR2 224
699.6389 	DATA 	Keypress: 5
699.6389 	DATA 	TR 449 | TR1 225 | TR2 224
701.1887 	DATA 	Keypress: 5
701.1888 	DATA 	TR 450 | TR1 225 | TR2 225
702.7720 	DATA 	Keypress: 5
702.7720 	DATA 	TR 451 | TR1 226 | TR2 225
704.3217 	DATA 	Keypress: 5
704.3218 	DATA 	TR 452 | TR1 226 | TR2 226
705.8883 	DATA 	Keypress: 5
705.8884 	DATA 	TR 453 | TR1 227 | TR2 226
707.4381 	DATA 	Keypress: 5
707.4382 	DATA 	TR 454 | TR1 227 | TR2 227
709.0047 	DATA 	Keypress: 5
709.0048 	DATA 	TR 455 | TR1 228 | TR2 227
710.5547 	DATA 	Keypress: 5
710.5547 	DATA 	TR 456 | TR1 228 | TR2 228
712.1377 	DATA 	Keypress: 5
712.1378 	DATA 	TR 457 | TR1 229 | TR2 228
713.6876 	DATA 	Keypress: 5
713.6876 	DATA 	TR 458 | TR1 229 | TR2 229
715.2541 	DATA 	Keypress: 5
715.2542 	DATA 	TR 459 | TR1 230 | TR2 229
716.8040 	DATA 	Keypress: 5
716.8040 	DATA 	TR 460 | TR1 230 | TR2 230
718.3871 	DATA 	Keypress: 5
718.3872 	DATA 	TR 461 | TR1 231 | TR2 230
719.9370 	DATA 	Keypress: 5
719.9370 	DATA 	TR 462 | TR1 231 | TR2 231
721.5035 	DATA 	Keypress: 5
721.5036 	DATA 	TR 463 | TR1 232 | TR2 231
722.2701 	DATA 	
722.2701 	DATA 	Trial complete
722.2701 	DATA 	Waiting for VASO trigger to start next trial
722.2701 	DATA 	
723.0533 	DATA 	Keypress: 5
723.0534 	DATA 	TR 464 | TR1 232 | TR2 232
724.0200 	DATA 	Target presented
724.6199 	DATA 	Keypress: 5
724.6200 	DATA 	Waited 2.349881887435913 seconds for trigger
724.6208 	DATA 	
724.6208 	DATA 	Trial 18
724.6208 	DATA 	stimDur = 1.0
724.6208 	DATA 	jitter = 0.78525
724.6208 	DATA 	restDur = 20.0

724.6208 	DATA 	
724.6208 	DATA 	TR 465 | TR1 233 | TR2 232
724.7032 	DATA 	Keypress: 1
724.7033 	DATA 	Key1 pressed
724.7033 	DATA 	Target detected
725.4198 	DATA 	
725.4198 	DATA 	stimulation started
725.4198 	DATA 	
726.1865 	DATA 	Keypress: 5
726.1865 	DATA 	TR 466 | TR1 233 | TR2 233
726.4197 	DATA 	
726.4198 	DATA 	stimulation stopped
726.4198 	DATA 	
727.7530 	DATA 	Keypress: 5
727.7530 	DATA 	TR 467 | TR1 234 | TR2 233
729.3028 	DATA 	Keypress: 5
729.3028 	DATA 	TR 468 | TR1 234 | TR2 234
730.8694 	DATA 	Keypress: 5
730.8694 	DATA 	TR 469 | TR1 235 | TR2 234
732.4192 	DATA 	Keypress: 5
732.4192 	DATA 	TR 470 | TR1 235 | TR2 235
734.0024 	DATA 	Keypress: 5
734.0024 	DATA 	TR 471 | TR1 236 | TR2 235
735.5522 	DATA 	Keypress: 5
735.5523 	DATA 	TR 472 | TR1 236 | TR2 236
737.1189 	DATA 	Keypress: 5
737.1189 	DATA 	TR 473 | TR1 237 | TR2 236
738.6686 	DATA 	Keypress: 5
738.6687 	DATA 	TR 474 | TR1 237 | TR2 237
740.2518 	DATA 	Keypress: 5
740.2519 	DATA 	TR 475 | TR1 238 | TR2 237
741.8018 	DATA 	Keypress: 5
741.8018 	DATA 	TR 476 | TR1 238 | TR2 238
743.3682 	DATA 	Keypress: 5
743.3683 	DATA 	TR 477 | TR1 239 | TR2 238
744.9180 	DATA 	Keypress: 5
744.9181 	DATA 	TR 478 | TR1 239 | TR2 239
746.4179 	DATA 	
746.4179 	DATA 	Trial complete
746.4179 	DATA 	Waiting for VASO trigger to start next trial
746.4179 	DATA 	
746.4846 	DATA 	Keypress: 5
746.4846 	DATA 	Waited 0.06673789024353027 seconds for trigger
746.4854 	DATA 	
746.4854 	DATA 	Trial 19
746.4854 	DATA 	stimDur = 2.0
746.4854 	DATA 	jitter = 1.5705
746.4854 	DATA 	restDur = 22.0

746.4854 	DATA 	
746.4854 	DATA 	TR 479 | TR1 240 | TR2 239
748.0350 	DATA 	Keypress: 5
748.0510 	DATA 	TR 480 | TR1 240 | TR2 240
748.0677 	DATA 	
748.0678 	DATA 	stimulation started
748.0678 	DATA 	
749.6177 	DATA 	Keypress: 5
749.6177 	DATA 	TR 481 | TR1 241 | TR2 240
750.0676 	DATA 	
750.0676 	DATA 	stimulation stopped
750.0676 	DATA 	
751.1675 	DATA 	Keypress: 5
751.1675 	DATA 	TR 482 | TR1 241 | TR2 241
752.7340 	DATA 	Keypress: 5
752.7341 	DATA 	TR 483 | TR1 242 | TR2 241
754.2839 	DATA 	Keypress: 5
754.2839 	DATA 	TR 484 | TR1 242 | TR2 242
755.8670 	DATA 	Keypress: 5
755.8671 	DATA 	TR 485 | TR1 243 | TR2 242
757.4169 	DATA 	Keypress: 5
757.4169 	DATA 	TR 486 | TR1 243 | TR2 243
758.9835 	DATA 	Keypress: 5
758.9835 	DATA 	TR 487 | TR1 244 | TR2 243
760.5333 	DATA 	Keypress: 5
760.5333 	DATA 	TR 488 | TR1 244 | TR2 244
762.0998 	DATA 	Keypress: 5
762.0999 	DATA 	TR 489 | TR1 245 | TR2 244
763.6663 	DATA 	Keypress: 5
763.6664 	DATA 	TR 490 | TR1 245 | TR2 245
765.2328 	DATA 	Keypress: 5
765.2329 	DATA 	TR 491 | TR1 246 | TR2 245
766.7827 	DATA 	Keypress: 5
766.7828 	DATA 	TR 492 | TR1 246 | TR2 246
768.3492 	DATA 	Keypress: 5
768.3493 	DATA 	TR 493 | TR1 247 | TR2 246
769.8991 	DATA 	Keypress: 5
769.8992 	DATA 	TR 494 | TR1 247 | TR2 247
771.4823 	DATA 	Keypress: 5
771.4823 	DATA 	TR 495 | TR1 248 | TR2 247
772.0655 	DATA 	
772.0655 	DATA 	Trial complete
772.0655 	DATA 	
773.0321 	DATA 	Keypress: 5
773.0322 	DATA 	TR 496 | TR1 248 | TR2 248
774.5986 	DATA 	Keypress: 5
774.5987 	DATA 	Waited 28.18079900741577 seconds for trigger
774.5995 	DATA 	
774.5995 	DATA 	Trial 20
774.5995 	DATA 	stimDur = 1.0
774.5995 	DATA 	jitter = 0.0
774.5995 	DATA 	restDur = 20.0

774.5995 	DATA 	
774.5995 	DATA 	TR 497 | TR1 249 | TR2 248
774.5995 	DATA 	
774.5995 	DATA 	stimulation started
774.5995 	DATA 	
775.6153 	DATA 	
775.6153 	DATA 	stimulation stopped
775.6153 	DATA 	
776.1485 	DATA 	Keypress: 5
776.1486 	DATA 	TR 498 | TR1 249 | TR2 249
777.7317 	DATA 	Keypress: 5
777.7318 	DATA 	TR 499 | TR1 250 | TR2 249
779.2817 	DATA 	Keypress: 5
779.2817 	DATA 	TR 500 | TR1 250 | TR2 250
780.8480 	DATA 	Keypress: 5
780.8481 	DATA 	TR 501 | TR1 251 | TR2 250
782.3980 	DATA 	Keypress: 5
782.3980 	DATA 	TR 502 | TR1 251 | TR2 251
783.9644 	DATA 	Keypress: 5
783.9645 	DATA 	TR 503 | TR1 252 | TR2 251
785.5149 	DATA 	Keypress: 5
785.5310 	DATA 	TR 504 | TR1 252 | TR2 252
787.0975 	DATA 	Keypress: 5
787.0976 	DATA 	TR 505 | TR1 253 | TR2 252
788.6472 	DATA 	Keypress: 5
788.6472 	DATA 	TR 506 | TR1 253 | TR2 253
790.2138 	DATA 	Keypress: 5
790.2139 	DATA 	TR 507 | TR1 254 | TR2 253
791.7638 	DATA 	Keypress: 5
791.7638 	DATA 	TR 508 | TR1 254 | TR2 254
793.3469 	DATA 	Keypress: 5
793.3470 	DATA 	TR 509 | TR1 255 | TR2 254
794.8968 	DATA 	Keypress: 5
794.8969 	DATA 	TR 510 | TR1 255 | TR2 255
795.6133 	DATA 	
795.6133 	DATA 	Trial complete
795.6134 	DATA 	
796.4633 	DATA 	Keypress: 5
796.4633 	DATA 	TR 511 | TR1 256 | TR2 255
798.0133 	DATA 	Keypress: 5
798.0134 	DATA 	TR 512 | TR1 256 | TR2 256
799.5802 	DATA 	Keypress: 5
799.5963 	DATA 	TR 513 | TR1 257 | TR2 256
801.1462 	DATA 	Keypress: 5
801.1463 	DATA 	TR 514 | TR1 257 | TR2 257
801.9628 	DATA 	Target presented
802.4794 	DATA 	Keypress: 1
802.4795 	DATA 	Key1 pressed
802.4795 	DATA 	Target detected
802.7127 	DATA 	Keypress: 5
802.7128 	DATA 	TR 515 | TR1 258 | TR2 257
804.2626 	DATA 	Keypress: 5
804.2627 	DATA 	TR 516 | TR1 258 | TR2 258
805.8291 	DATA 	Keypress: 5
805.8292 	DATA 	TR 517 | TR1 259 | TR2 258
807.3790 	DATA 	Keypress: 5
807.3791 	DATA 	TR 518 | TR1 259 | TR2 259
808.9621 	DATA 	Keypress: 5
808.9622 	DATA 	TR 519 | TR1 260 | TR2 259
810.5120 	DATA 	Keypress: 5
810.5121 	DATA 	TR 520 | TR1 260 | TR2 260
812.0785 	DATA 	Keypress: 5
812.0786 	DATA 	TR 521 | TR1 261 | TR2 260
813.6284 	DATA 	Keypress: 5
813.6285 	DATA 	TR 522 | TR1 261 | TR2 261
815.2116 	DATA 	Keypress: 5
815.2116 	DATA 	TR 523 | TR1 262 | TR2 261
816.7615 	DATA 	Keypress: 5
816.7615 	DATA 	TR 524 | TR1 262 | TR2 262
818.3280 	DATA 	Keypress: 5
818.3280 	DATA 	TR 525 | TR1 263 | TR2 262
819.8778 	DATA 	Keypress: 5
819.8779 	DATA 	TR 526 | TR1 263 | TR2 263
821.4445 	DATA 	Keypress: 5
821.4445 	DATA 	TR 527 | TR1 264 | TR2 263
822.0609 	DATA 	EndOfRun sub-09_ses-03_run-04

822.0609 	DATA 	We spent 51.49637055397034 seconds waiting for triggers
822.0609 	DATA 	RatioOfDetectedTargets 0.9166666666666666
822.0610 	DATA 	You have detected 11 out of 12 targets.
826.8833 	DATA 	Keypress: 5
826.8835 	DATA 	Keypress: 5
826.8836 	DATA 	Keypress: 5
827.0907 	EXP 	window1: mouseVisible = True
