MonitorDistance=99cm
MonitorWidth=30cm
PixelWidth=1024.0
PixelHeight=768.0
You have detected 12 out of 12 targets.
Excellent! Keep up the good work
6.4079 	INFO 	Loaded monitor calibration from ['2021_05_26 17:55']
6.9193 	EXP 	Created window1 = Window(allowGUI=False, allowStencil=False, autoLog=True, backendConf=UNKNOWN, bitsMode=UNKNOWN, blendMode='avg', bpc=(8, 8, 8), color=array([-0.5, -0.5, -0.5]), colorSpace='rgb', depthBits=8, fullscr=<method-wrapper '__getattribute__' of attributeSetter object at 0x7fba802b3438>, gamma=None, gammaErrorPolicy='raise', lms=UNKNOWN, monitor=<psychopy.monitors.calibTools.Monitor object at 0x7fba760d3048>, multiSample=False, name='window1', numSamples=2, pos=[0.0, 0.0], screen=0, size=array([1024,  768]), stencilBits=0, stereo=False, units='deg', useFBO=False, useRetina=False, viewOri=0.0, viewPos=None, viewScale=None, waitBlanking=True, winType='pyglet')
6.9194 	EXP 	window1: mouseVisible = True
7.0080 	EXP 	Created unnamed TextStim = TextStim(__class__=<class 'psychopy.visual.text.TextStim'>, alignHoriz=method-wrapper(...), alignText='center', alignVert=method-wrapper(...), anchorHoriz='center', anchorVert='center', antialias=True, autoLog=True, bold=False, color=array([1., 1., 1.]), colorSpace='rgb', contrast=1.0, depth=0, flipHoriz=False, flipVert=False, font='', fontFiles=[], height=0.5, italic=False, languageStyle='LTR', name='unnamed TextStim', opacity=1.0, ori=0.0, pos=array([0., 0.]), rgb=UNKNOWN, text=str(...), units='deg', win=Window(...), wrapWidth=15.0)
7.0387 	EXP 	Created Movie Frame 0 = ImageStim(__class__=<class 'psychopy.visual.image.ImageStim'>, autoLog=True, color=array([0.8, 0.8, 0.8]), colorSpace='rgb', contrast=0.8, depth=0, flipHoriz=False, flipVert=False, image='visual_0.png', interpolate=False, mask=None, maskParams=None, name='Movie Frame 0', opacity=1, ori=0.0, pos=array([0., 0.]), size=array([1024,  768]), texRes=128, units='pix', win=Window(...))
7.0631 	EXP 	Created Movie Frame 1 = ImageStim(__class__=<class 'psychopy.visual.image.ImageStim'>, autoLog=True, color=array([0.8, 0.8, 0.8]), colorSpace='rgb', contrast=0.8, depth=0, flipHoriz=False, flipVert=False, image='visual_1.png', interpolate=False, mask=None, maskParams=None, name='Movie Frame 1', opacity=1, ori=0.0, pos=array([0., 0.]), size=array([1024,  768]), texRes=128, units='pix', win=Window(...))
35.9040 	DATA 	Keypress: 5
0.0000 	DATA 	StartOfRun sub-09_ses-03_run-01
0.0000 	DATA 	TR 1 | TR1 1 | TR2 0
0.0096 	DATA 	Initial baseline

1.5505 	DATA 	Keypress: 5
1.5506 	DATA 	TR 2 | TR1 1 | TR2 1
3.1227 	DATA 	Keypress: 5
3.1227 	DATA 	TR 3 | TR1 2 | TR2 1
4.6739 	DATA 	Keypress: 5
4.6739 	DATA 	TR 4 | TR1 2 | TR2 2
6.2462 	DATA 	Keypress: 5
6.2462 	DATA 	TR 5 | TR1 3 | TR2 2
7.7973 	DATA 	Keypress: 5
7.7973 	DATA 	TR 6 | TR1 3 | TR2 3
9.3694 	DATA 	Keypress: 5
9.3695 	DATA 	TR 7 | TR1 4 | TR2 3
10.9206 	DATA 	Keypress: 5
10.9207 	DATA 	TR 8 | TR1 4 | TR2 4
12.4927 	DATA 	Keypress: 5
12.4927 	DATA 	TR 9 | TR1 5 | TR2 4
14.0440 	DATA 	Keypress: 5
14.0441 	DATA 	TR 10 | TR1 5 | TR2 5
15.6162 	DATA 	Keypress: 5
15.6162 	DATA 	TR 11 | TR1 6 | TR2 5
17.1674 	DATA 	Keypress: 5
17.1674 	DATA 	TR 12 | TR1 6 | TR2 6
18.7396 	DATA 	Keypress: 5
18.7396 	DATA 	TR 13 | TR1 7 | TR2 6
20.2908 	DATA 	Keypress: 5
20.2908 	DATA 	TR 14 | TR1 7 | TR2 7
21.8631 	DATA 	Keypress: 5
21.8631 	DATA 	TR 15 | TR1 8 | TR2 7
23.4143 	DATA 	Keypress: 5
23.4143 	DATA 	TR 16 | TR1 8 | TR2 8
24.9862 	DATA 	Keypress: 5
24.9863 	DATA 	TR 17 | TR1 9 | TR2 8
26.5374 	DATA 	Keypress: 5
26.5375 	DATA 	TR 18 | TR1 9 | TR2 9
28.1098 	DATA 	Keypress: 5
28.1098 	DATA 	TR 19 | TR1 10 | TR2 9
29.6611 	DATA 	Keypress: 5
29.6611 	DATA 	TR 20 | TR1 10 | TR2 10
31.2417 	DATA 	Keypress: 5
31.2417 	DATA 	Waited 1.2417140007019043 seconds for trigger
31.2461 	DATA 	
31.2461 	DATA 	Trial 1
31.2461 	DATA 	stimDur = 12.0
31.2461 	DATA 	jitter = 0.0
31.2461 	DATA 	restDur = 30.0

31.2461 	DATA 	
31.2461 	DATA 	TR 21 | TR1 11 | TR2 10
31.2461 	DATA 	
31.2461 	DATA 	stimulation started
31.2461 	DATA 	
32.7915 	DATA 	Keypress: 5
32.7915 	DATA 	TR 22 | TR1 11 | TR2 11
34.3580 	DATA 	Keypress: 5
34.3581 	DATA 	TR 23 | TR1 12 | TR2 11
35.9078 	DATA 	Keypress: 5
35.9079 	DATA 	TR 24 | TR1 12 | TR2 12
37.4910 	DATA 	Keypress: 5
37.4910 	DATA 	TR 25 | TR1 13 | TR2 12
39.0408 	DATA 	Keypress: 5
39.0409 	DATA 	TR 26 | TR1 13 | TR2 13
40.6074 	DATA 	Keypress: 5
40.6074 	DATA 	TR 27 | TR1 14 | TR2 13
42.1573 	DATA 	Keypress: 5
42.1573 	DATA 	TR 28 | TR1 14 | TR2 14
43.2571 	DATA 	
43.2571 	DATA 	stimulation stopped
43.2571 	DATA 	
43.7404 	DATA 	Keypress: 5
43.7404 	DATA 	TR 29 | TR1 15 | TR2 14
45.2903 	DATA 	Keypress: 5
45.2903 	DATA 	TR 30 | TR1 15 | TR2 15
46.8567 	DATA 	Keypress: 5
46.8568 	DATA 	TR 31 | TR1 16 | TR2 15
48.4066 	DATA 	Keypress: 5
48.4067 	DATA 	TR 32 | TR1 16 | TR2 16
49.9729 	DATA 	Keypress: 5
49.9730 	DATA 	TR 33 | TR1 17 | TR2 16
51.5397 	DATA 	Keypress: 5
51.5397 	DATA 	TR 34 | TR1 17 | TR2 17
53.1062 	DATA 	Keypress: 5
53.1062 	DATA 	TR 35 | TR1 18 | TR2 17
54.6560 	DATA 	Keypress: 5
54.6561 	DATA 	TR 36 | TR1 18 | TR2 18
56.2225 	DATA 	Keypress: 5
56.2226 	DATA 	TR 37 | TR1 19 | TR2 18
57.7724 	DATA 	Keypress: 5
57.7724 	DATA 	TR 38 | TR1 19 | TR2 19
59.3556 	DATA 	Keypress: 5
59.3556 	DATA 	TR 39 | TR1 20 | TR2 19
60.9055 	DATA 	Keypress: 5
60.9055 	DATA 	TR 40 | TR1 20 | TR2 20
62.4720 	DATA 	Keypress: 5
62.4720 	DATA 	TR 41 | TR1 21 | TR2 20
64.0220 	DATA 	Keypress: 5
64.0221 	DATA 	TR 42 | TR1 21 | TR2 21
65.6050 	DATA 	Keypress: 5
65.6051 	DATA 	TR 43 | TR1 22 | TR2 21
67.1549 	DATA 	Keypress: 5
67.1549 	DATA 	TR 44 | TR1 22 | TR2 22
68.7214 	DATA 	Keypress: 5
68.7214 	DATA 	TR 45 | TR1 23 | TR2 22
70.2713 	DATA 	Keypress: 5
70.2713 	DATA 	TR 46 | TR1 23 | TR2 23
71.8377 	DATA 	Keypress: 5
71.8378 	DATA 	TR 47 | TR1 24 | TR2 23
73.2543 	DATA 	
73.2543 	DATA 	Trial complete
73.2543 	DATA 	Waiting for VASO trigger to start next trial
73.2543 	DATA 	
73.3882 	DATA 	Keypress: 5
73.4042 	DATA 	TR 48 | TR1 24 | TR2 24
74.9708 	DATA 	Keypress: 5
74.9710 	DATA 	Waited 1.7166650295257568 seconds for trigger
74.9717 	DATA 	
74.9717 	DATA 	Trial 2
74.9717 	DATA 	stimDur = 24.0
74.9718 	DATA 	jitter = 0.78525
74.9718 	DATA 	restDur = 40.0

74.9718 	DATA 	
74.9718 	DATA 	TR 49 | TR1 25 | TR2 24
75.7707 	DATA 	
75.7707 	DATA 	stimulation started
75.7707 	DATA 	
76.5207 	DATA 	Keypress: 5
76.5208 	DATA 	TR 50 | TR1 25 | TR2 25
78.0873 	DATA 	Keypress: 5
78.0873 	DATA 	TR 51 | TR1 26 | TR2 25
79.6371 	DATA 	Keypress: 5
79.6371 	DATA 	TR 52 | TR1 26 | TR2 26
81.2203 	DATA 	Keypress: 5
81.2204 	DATA 	TR 53 | TR1 27 | TR2 26
82.7701 	DATA 	Keypress: 5
82.7702 	DATA 	TR 54 | TR1 27 | TR2 27
84.3367 	DATA 	Keypress: 5
84.3367 	DATA 	TR 55 | TR1 28 | TR2 27
85.8865 	DATA 	Keypress: 5
85.8865 	DATA 	TR 56 | TR1 28 | TR2 28
87.4531 	DATA 	Keypress: 5
87.4531 	DATA 	TR 57 | TR1 29 | TR2 28
89.0196 	DATA 	Keypress: 5
89.0196 	DATA 	TR 58 | TR1 29 | TR2 29
90.5862 	DATA 	Keypress: 5
90.5862 	DATA 	TR 59 | TR1 30 | TR2 29
92.1359 	DATA 	Keypress: 5
92.1360 	DATA 	TR 60 | TR1 30 | TR2 30
93.7025 	DATA 	Keypress: 5
93.7026 	DATA 	TR 61 | TR1 31 | TR2 30
95.2523 	DATA 	Keypress: 5
95.2524 	DATA 	TR 62 | TR1 31 | TR2 31
96.8355 	DATA 	Keypress: 5
96.8356 	DATA 	TR 63 | TR1 32 | TR2 31
98.3854 	DATA 	Keypress: 5
98.3854 	DATA 	TR 64 | TR1 32 | TR2 32
99.7685 	DATA 	
99.7685 	DATA 	stimulation stopped
99.7686 	DATA 	
99.9519 	DATA 	Keypress: 5
99.9519 	DATA 	TR 65 | TR1 33 | TR2 32
101.5017 	DATA 	Keypress: 5
101.5017 	DATA 	TR 66 | TR1 33 | TR2 33
102.9016 	DATA 	Target presented
103.0849 	DATA 	Keypress: 5
103.0850 	DATA 	TR 67 | TR1 34 | TR2 33
103.4515 	DATA 	Keypress: 1
103.4516 	DATA 	Key1 pressed
103.4516 	DATA 	Target detected
104.6347 	DATA 	Keypress: 5
104.6348 	DATA 	TR 68 | TR1 34 | TR2 34
106.2013 	DATA 	Keypress: 5
106.2013 	DATA 	TR 69 | TR1 35 | TR2 34
107.7511 	DATA 	Keypress: 5
107.7512 	DATA 	TR 70 | TR1 35 | TR2 35
109.3177 	DATA 	Keypress: 5
109.3177 	DATA 	TR 71 | TR1 36 | TR2 35
110.8681 	DATA 	Keypress: 5
110.8841 	DATA 	TR 72 | TR1 36 | TR2 36
112.4507 	DATA 	Keypress: 5
112.4508 	DATA 	TR 73 | TR1 37 | TR2 36
114.0005 	DATA 	Keypress: 5
114.0006 	DATA 	TR 74 | TR1 37 | TR2 37
115.5671 	DATA 	Keypress: 5
115.5671 	DATA 	TR 75 | TR1 38 | TR2 37
117.1169 	DATA 	Keypress: 5
117.1170 	DATA 	TR 76 | TR1 38 | TR2 38
118.7001 	DATA 	Keypress: 5
118.7002 	DATA 	TR 77 | TR1 39 | TR2 38
120.2500 	DATA 	Keypress: 5
120.2500 	DATA 	TR 78 | TR1 39 | TR2 39
121.8165 	DATA 	Keypress: 5
121.8166 	DATA 	TR 79 | TR1 40 | TR2 39
123.3663 	DATA 	Keypress: 5
123.3664 	DATA 	TR 80 | TR1 40 | TR2 40
124.9497 	DATA 	Keypress: 5
124.9497 	DATA 	TR 81 | TR1 41 | TR2 40
126.4994 	DATA 	Keypress: 5
126.4994 	DATA 	TR 82 | TR1 41 | TR2 41
128.0659 	DATA 	Keypress: 5
128.0660 	DATA 	TR 83 | TR1 42 | TR2 41
129.6158 	DATA 	Keypress: 5
129.6158 	DATA 	TR 84 | TR1 42 | TR2 42
131.1823 	DATA 	Keypress: 5
131.1824 	DATA 	TR 85 | TR1 43 | TR2 42
132.7322 	DATA 	Keypress: 5
132.7322 	DATA 	TR 86 | TR1 43 | TR2 43
134.3154 	DATA 	Keypress: 5
134.3154 	DATA 	TR 87 | TR1 44 | TR2 43
135.8652 	DATA 	Keypress: 5
135.8652 	DATA 	TR 88 | TR1 44 | TR2 44
137.4317 	DATA 	Keypress: 5
137.4318 	DATA 	TR 89 | TR1 45 | TR2 44
138.9816 	DATA 	Keypress: 5
138.9816 	DATA 	TR 90 | TR1 45 | TR2 45
139.7648 	DATA 	
139.7648 	DATA 	Trial complete
139.7648 	DATA 	Waiting for VASO trigger to start next trial
139.7648 	DATA 	
140.5648 	DATA 	Keypress: 5
140.5648 	DATA 	Waited 0.7999927997589111 seconds for trigger
140.5656 	DATA 	
140.5656 	DATA 	Trial 3
140.5656 	DATA 	stimDur = 2.0
140.5656 	DATA 	jitter = 2.35575
140.5656 	DATA 	restDur = 22.0

140.5656 	DATA 	
140.5656 	DATA 	TR 91 | TR1 46 | TR2 45
142.1146 	DATA 	Keypress: 5
142.1146 	DATA 	TR 92 | TR1 46 | TR2 46
142.9312 	DATA 	
142.9312 	DATA 	stimulation started
142.9312 	DATA 	
143.6812 	DATA 	Keypress: 5
143.6812 	DATA 	TR 93 | TR1 47 | TR2 46
144.9310 	DATA 	
144.9311 	DATA 	stimulation stopped
144.9311 	DATA 	
145.2310 	DATA 	Keypress: 5
145.2310 	DATA 	TR 94 | TR1 47 | TR2 47
146.7977 	DATA 	Keypress: 5
146.7977 	DATA 	TR 95 | TR1 48 | TR2 47
148.3641 	DATA 	Keypress: 5
148.3641 	DATA 	TR 96 | TR1 48 | TR2 48
149.9306 	DATA 	Keypress: 5
149.9306 	DATA 	TR 97 | TR1 49 | TR2 48
151.4805 	DATA 	Keypress: 5
151.4806 	DATA 	TR 98 | TR1 49 | TR2 49
153.0469 	DATA 	Keypress: 5
153.0470 	DATA 	TR 99 | TR1 50 | TR2 49
153.8969 	DATA 	Target presented
154.4968 	DATA 	Keypress: 1
154.4969 	DATA 	Key1 pressed
154.4969 	DATA 	Target detected
154.5967 	DATA 	Keypress: 5
154.5968 	DATA 	TR 100 | TR1 50 | TR2 50
156.1800 	DATA 	Keypress: 5
156.1801 	DATA 	TR 101 | TR1 51 | TR2 50
157.7298 	DATA 	Keypress: 5
157.7299 	DATA 	TR 102 | TR1 51 | TR2 51
159.2964 	DATA 	Keypress: 5
159.2964 	DATA 	TR 103 | TR1 52 | TR2 51
160.8462 	DATA 	Keypress: 5
160.8462 	DATA 	TR 104 | TR1 52 | TR2 52
162.4294 	DATA 	Keypress: 5
162.4295 	DATA 	TR 105 | TR1 53 | TR2 52
163.9793 	DATA 	Keypress: 5
163.9793 	DATA 	TR 106 | TR1 53 | TR2 53
165.5458 	DATA 	Keypress: 5
165.5459 	DATA 	TR 107 | TR1 54 | TR2 53
166.9290 	DATA 	
166.9290 	DATA 	Trial complete
166.9290 	DATA 	Waiting for VASO trigger to start next trial
166.9290 	DATA 	
167.0956 	DATA 	Keypress: 5
167.0957 	DATA 	TR 108 | TR1 54 | TR2 54
168.6621 	DATA 	Keypress: 5
168.6622 	DATA 	Waited 1.7332119941711426 seconds for trigger
168.6630 	DATA 	
168.6630 	DATA 	Trial 4
168.6630 	DATA 	stimDur = 2.0
168.6630 	DATA 	jitter = 0.78525
168.6630 	DATA 	restDur = 22.0

168.6630 	DATA 	
168.6630 	DATA 	TR 109 | TR1 55 | TR2 54
169.4621 	DATA 	
169.4621 	DATA 	stimulation started
169.4621 	DATA 	
170.2122 	DATA 	Keypress: 5
170.2122 	DATA 	TR 110 | TR1 55 | TR2 55
171.4620 	DATA 	
171.4620 	DATA 	stimulation stopped
171.4620 	DATA 	
171.7952 	DATA 	Keypress: 5
171.7953 	DATA 	TR 111 | TR1 56 | TR2 55
173.3451 	DATA 	Keypress: 5
173.3451 	DATA 	TR 112 | TR1 56 | TR2 56
174.9114 	DATA 	Keypress: 5
174.9115 	DATA 	TR 113 | TR1 57 | TR2 56
176.4614 	DATA 	Keypress: 5
176.4614 	DATA 	TR 114 | TR1 57 | TR2 57
178.0446 	DATA 	Keypress: 5
178.0446 	DATA 	TR 115 | TR1 58 | TR2 57
179.5945 	DATA 	Keypress: 5
179.5945 	DATA 	TR 116 | TR1 58 | TR2 58
181.1610 	DATA 	Keypress: 5
181.1611 	DATA 	TR 117 | TR1 59 | TR2 58
182.7109 	DATA 	Keypress: 5
182.7109 	DATA 	TR 118 | TR1 59 | TR2 59
184.2774 	DATA 	Keypress: 5
184.2774 	DATA 	TR 119 | TR1 60 | TR2 59
185.8439 	DATA 	Keypress: 5
185.8439 	DATA 	TR 120 | TR1 60 | TR2 60
187.4104 	DATA 	Keypress: 5
187.4105 	DATA 	TR 121 | TR1 61 | TR2 60
188.9603 	DATA 	Keypress: 5
188.9603 	DATA 	TR 122 | TR1 61 | TR2 61
190.5268 	DATA 	Keypress: 5
190.5269 	DATA 	TR 123 | TR1 62 | TR2 61
192.0766 	DATA 	Keypress: 5
192.0767 	DATA 	TR 124 | TR1 62 | TR2 62
193.4598 	DATA 	
193.4598 	DATA 	Trial complete
193.4599 	DATA 	Waiting for VASO trigger to start next trial
193.4599 	DATA 	
193.6599 	DATA 	Keypress: 5
193.6599 	DATA 	Waited 0.20006608963012695 seconds for trigger
193.6607 	DATA 	
193.6607 	DATA 	Trial 5
193.6607 	DATA 	stimDur = 4.0
193.6607 	DATA 	jitter = 0.0
193.6607 	DATA 	restDur = 24.0

193.6607 	DATA 	
193.6607 	DATA 	TR 125 | TR1 63 | TR2 62
193.6607 	DATA 	
193.6607 	DATA 	stimulation started
193.6607 	DATA 	
195.2097 	DATA 	Keypress: 5
195.2098 	DATA 	TR 126 | TR1 63 | TR2 63
196.7763 	DATA 	Keypress: 5
196.7764 	DATA 	TR 127 | TR1 64 | TR2 63
197.6762 	DATA 	
197.6762 	DATA 	stimulation stopped
197.6762 	DATA 	
198.3261 	DATA 	Keypress: 5
198.3261 	DATA 	TR 128 | TR1 64 | TR2 64
199.9093 	DATA 	Keypress: 5
199.9093 	DATA 	TR 129 | TR1 65 | TR2 64
201.4591 	DATA 	Keypress: 5
201.4592 	DATA 	TR 130 | TR1 65 | TR2 65
203.0257 	DATA 	Keypress: 5
203.0257 	DATA 	TR 131 | TR1 66 | TR2 65
204.5755 	DATA 	Keypress: 5
204.5755 	DATA 	TR 132 | TR1 66 | TR2 66
206.1421 	DATA 	Keypress: 5
206.1421 	DATA 	TR 133 | TR1 67 | TR2 66
207.7084 	DATA 	Keypress: 5
207.7085 	DATA 	TR 134 | TR1 67 | TR2 67
209.2751 	DATA 	Keypress: 5
209.2751 	DATA 	TR 135 | TR1 68 | TR2 67
210.8249 	DATA 	Keypress: 5
210.8250 	DATA 	TR 136 | TR1 68 | TR2 68
212.3915 	DATA 	Keypress: 5
212.3915 	DATA 	TR 137 | TR1 69 | TR2 68
213.9413 	DATA 	Keypress: 5
213.9414 	DATA 	TR 138 | TR1 69 | TR2 69
215.5245 	DATA 	Keypress: 5
215.5246 	DATA 	TR 139 | TR1 70 | TR2 69
217.0743 	DATA 	Keypress: 5
217.0744 	DATA 	TR 140 | TR1 70 | TR2 70
218.6409 	DATA 	Keypress: 5
218.6409 	DATA 	TR 141 | TR1 71 | TR2 70
220.1907 	DATA 	Keypress: 5
220.1907 	DATA 	TR 142 | TR1 71 | TR2 71
221.6739 	DATA 	
221.6739 	DATA 	Trial complete
221.6739 	DATA 	Waiting for VASO trigger to start next trial
221.6739 	DATA 	
221.7578 	DATA 	Keypress: 5
221.7739 	DATA 	Waited 0.09998798370361328 seconds for trigger
221.7746 	DATA 	
221.7747 	DATA 	Trial 6
221.7747 	DATA 	stimDur = 4.0
221.7747 	DATA 	jitter = 1.5705
221.7747 	DATA 	restDur = 24.0

221.7747 	DATA 	
221.7747 	DATA 	TR 143 | TR1 72 | TR2 71
223.3238 	DATA 	Keypress: 5
223.3238 	DATA 	TR 144 | TR1 72 | TR2 72
223.3571 	DATA 	
223.3571 	DATA 	stimulation started
223.3571 	DATA 	
224.8903 	DATA 	Keypress: 5
224.8904 	DATA 	TR 145 | TR1 73 | TR2 72
226.4402 	DATA 	Keypress: 5
226.4403 	DATA 	TR 146 | TR1 73 | TR2 73
227.3567 	DATA 	
227.3567 	DATA 	stimulation stopped
227.3567 	DATA 	
228.0067 	DATA 	Keypress: 5
228.0067 	DATA 	TR 147 | TR1 74 | TR2 73
228.2400 	DATA 	Target presented
228.7399 	DATA 	Keypress: 1
228.7400 	DATA 	Key1 pressed
228.7400 	DATA 	Target detected
229.5565 	DATA 	Keypress: 5
229.5565 	DATA 	TR 148 | TR1 74 | TR2 74
231.1397 	DATA 	Keypress: 5
231.1398 	DATA 	TR 149 | TR1 75 | TR2 74
232.6897 	DATA 	Keypress: 5
232.6897 	DATA 	TR 150 | TR1 75 | TR2 75
234.2562 	DATA 	Keypress: 5
234.2563 	DATA 	TR 151 | TR1 76 | TR2 75
235.8059 	DATA 	Keypress: 5
235.8060 	DATA 	TR 152 | TR1 76 | TR2 76
237.3891 	DATA 	Keypress: 5
237.3892 	DATA 	TR 153 | TR1 77 | TR2 76
238.9390 	DATA 	Keypress: 5
238.9390 	DATA 	TR 154 | TR1 77 | TR2 77
240.5057 	DATA 	Keypress: 5
240.5057 	DATA 	TR 155 | TR1 78 | TR2 77
242.0554 	DATA 	Keypress: 5
242.0554 	DATA 	TR 156 | TR1 78 | TR2 78
243.6221 	DATA 	Keypress: 5
243.6222 	DATA 	TR 157 | TR1 79 | TR2 78
245.1723 	DATA 	Keypress: 5
245.1884 	DATA 	TR 158 | TR1 79 | TR2 79
246.7549 	DATA 	Keypress: 5
246.7550 	DATA 	TR 159 | TR1 80 | TR2 79
248.3048 	DATA 	Keypress: 5
248.3048 	DATA 	TR 160 | TR1 80 | TR2 80
249.8713 	DATA 	Keypress: 5
249.8714 	DATA 	TR 161 | TR1 81 | TR2 80
251.3545 	DATA 	
251.3545 	DATA 	Trial complete
251.3545 	DATA 	Waiting for VASO trigger to start next trial
251.3545 	DATA 	
251.4212 	DATA 	Keypress: 5
251.4212 	DATA 	TR 162 | TR1 81 | TR2 81
253.0044 	DATA 	Keypress: 5
253.0044 	DATA 	Waited 1.6499309539794922 seconds for trigger
253.0052 	DATA 	
253.0052 	DATA 	Trial 7
253.0052 	DATA 	stimDur = 4.0
253.0052 	DATA 	jitter = 2.35575
253.0052 	DATA 	restDur = 24.0

253.0052 	DATA 	
253.0052 	DATA 	TR 163 | TR1 82 | TR2 81
254.5542 	DATA 	Keypress: 5
254.5543 	DATA 	TR 164 | TR1 82 | TR2 82
255.3709 	DATA 	
255.3709 	DATA 	stimulation started
255.3709 	DATA 	
256.1208 	DATA 	Keypress: 5
256.1209 	DATA 	TR 165 | TR1 83 | TR2 82
257.6706 	DATA 	Keypress: 5
257.6706 	DATA 	TR 166 | TR1 83 | TR2 83
259.2538 	DATA 	Keypress: 5
259.2538 	DATA 	TR 167 | TR1 84 | TR2 83
259.3704 	DATA 	
259.3704 	DATA 	stimulation stopped
259.3704 	DATA 	
260.8036 	DATA 	Keypress: 5
260.8036 	DATA 	TR 168 | TR1 84 | TR2 84
262.3702 	DATA 	Keypress: 5
262.3702 	DATA 	TR 169 | TR1 85 | TR2 84
263.9200 	DATA 	Keypress: 5
263.9201 	DATA 	TR 170 | TR1 85 | TR2 85
265.4865 	DATA 	Keypress: 5
265.4866 	DATA 	TR 171 | TR1 86 | TR2 85
267.0364 	DATA 	Keypress: 5
267.0365 	DATA 	TR 172 | TR1 86 | TR2 86
268.6196 	DATA 	Keypress: 5
268.6197 	DATA 	TR 173 | TR1 87 | TR2 86
270.1694 	DATA 	Keypress: 5
270.1695 	DATA 	TR 174 | TR1 87 | TR2 87
271.7360 	DATA 	Keypress: 5
271.7360 	DATA 	TR 175 | TR1 88 | TR2 87
273.2858 	DATA 	Keypress: 5
273.2858 	DATA 	TR 176 | TR1 88 | TR2 88
274.8690 	DATA 	Keypress: 5
274.8690 	DATA 	TR 177 | TR1 89 | TR2 88
276.4187 	DATA 	Keypress: 5
276.4187 	DATA 	TR 178 | TR1 89 | TR2 89
277.9854 	DATA 	Keypress: 5
277.9854 	DATA 	TR 179 | TR1 90 | TR2 89
279.5352 	DATA 	Keypress: 5
279.5353 	DATA 	TR 180 | TR1 90 | TR2 90
281.1019 	DATA 	Keypress: 5
281.1019 	DATA 	TR 181 | TR1 91 | TR2 90
282.6683 	DATA 	Keypress: 5
282.6683 	DATA 	TR 182 | TR1 91 | TR2 91
283.3683 	DATA 	
283.3683 	DATA 	Trial complete
283.3683 	DATA 	Waiting for VASO trigger to start next trial
283.3683 	DATA 	
284.2348 	DATA 	Keypress: 5
284.2349 	DATA 	Waited 0.8665471076965332 seconds for trigger
284.2356 	DATA 	
284.2356 	DATA 	Trial 8
284.2356 	DATA 	stimDur = 24.0
284.2356 	DATA 	jitter = 1.5705
284.2356 	DATA 	restDur = 40.0

284.2356 	DATA 	
284.2356 	DATA 	TR 183 | TR1 92 | TR2 91
285.7847 	DATA 	Keypress: 5
285.7847 	DATA 	TR 184 | TR1 92 | TR2 92
285.8180 	DATA 	
285.8180 	DATA 	stimulation started
285.8180 	DATA 	
287.3512 	DATA 	Keypress: 5
287.3513 	DATA 	TR 185 | TR1 93 | TR2 92
288.9013 	DATA 	Keypress: 5
288.9014 	DATA 	TR 186 | TR1 93 | TR2 93
290.4843 	DATA 	Keypress: 5
290.4843 	DATA 	TR 187 | TR1 94 | TR2 93
292.0341 	DATA 	Keypress: 5
292.0342 	DATA 	TR 188 | TR1 94 | TR2 94
293.6006 	DATA 	Keypress: 5
293.6007 	DATA 	TR 189 | TR1 95 | TR2 94
293.8173 	DATA 	Target presented
294.3672 	DATA 	Keypress: 1
294.3673 	DATA 	Key1 pressed
294.3673 	DATA 	Target detected
295.1505 	DATA 	Keypress: 5
295.1505 	DATA 	TR 190 | TR1 95 | TR2 95
296.7338 	DATA 	Keypress: 5
296.7338 	DATA 	TR 191 | TR1 96 | TR2 95
298.2836 	DATA 	Keypress: 5
298.2836 	DATA 	TR 192 | TR1 96 | TR2 96
299.8501 	DATA 	Keypress: 5
299.8501 	DATA 	TR 193 | TR1 97 | TR2 96
301.4000 	DATA 	Keypress: 5
301.4000 	DATA 	TR 194 | TR1 97 | TR2 97
302.9664 	DATA 	Keypress: 5
302.9665 	DATA 	TR 195 | TR1 98 | TR2 97
304.5171 	DATA 	Keypress: 5
304.5329 	DATA 	TR 196 | TR1 98 | TR2 98
306.0995 	DATA 	Keypress: 5
306.0995 	DATA 	TR 197 | TR1 99 | TR2 98
307.6494 	DATA 	Keypress: 5
307.6494 	DATA 	TR 198 | TR1 99 | TR2 99
309.2159 	DATA 	Keypress: 5
309.2159 	DATA 	TR 199 | TR1 100 | TR2 99
309.8158 	DATA 	
309.8158 	DATA 	stimulation stopped
309.8158 	DATA 	
310.7657 	DATA 	Keypress: 5
310.7657 	DATA 	TR 200 | TR1 100 | TR2 100
312.3488 	DATA 	Keypress: 5
312.3489 	DATA 	TR 201 | TR1 101 | TR2 100
313.8987 	DATA 	Keypress: 5
313.8988 	DATA 	TR 202 | TR1 101 | TR2 101
315.4652 	DATA 	Keypress: 5
315.4653 	DATA 	TR 203 | TR1 102 | TR2 101
317.0151 	DATA 	Keypress: 5
317.0152 	DATA 	TR 204 | TR1 102 | TR2 102
318.5817 	DATA 	Keypress: 5
318.5818 	DATA 	TR 205 | TR1 103 | TR2 102
320.1482 	DATA 	Keypress: 5
320.1482 	DATA 	TR 206 | TR1 103 | TR2 103
321.7147 	DATA 	Keypress: 5
321.7147 	DATA 	TR 207 | TR1 104 | TR2 103
323.2646 	DATA 	Keypress: 5
323.2646 	DATA 	TR 208 | TR1 104 | TR2 104
324.8310 	DATA 	Keypress: 5
324.8311 	DATA 	TR 209 | TR1 105 | TR2 104
326.3809 	DATA 	Keypress: 5
326.3809 	DATA 	TR 210 | TR1 105 | TR2 105
327.9641 	DATA 	Keypress: 5
327.9641 	DATA 	TR 211 | TR1 106 | TR2 105
329.5140 	DATA 	Keypress: 5
329.5140 	DATA 	TR 212 | TR1 106 | TR2 106
331.0805 	DATA 	Keypress: 5
331.0805 	DATA 	TR 213 | TR1 107 | TR2 106
332.6303 	DATA 	Keypress: 5
332.6304 	DATA 	TR 214 | TR1 107 | TR2 107
334.2135 	DATA 	Keypress: 5
334.2135 	DATA 	TR 215 | TR1 108 | TR2 107
335.7634 	DATA 	Keypress: 5
335.7634 	DATA 	TR 216 | TR1 108 | TR2 108
337.3299 	DATA 	Keypress: 5
337.3299 	DATA 	TR 217 | TR1 109 | TR2 108
338.8798 	DATA 	Keypress: 5
338.8798 	DATA 	TR 218 | TR1 109 | TR2 109
340.4463 	DATA 	Keypress: 5
340.4463 	DATA 	TR 219 | TR1 110 | TR2 109
342.0128 	DATA 	Keypress: 5
342.0129 	DATA 	TR 220 | TR1 110 | TR2 110
343.5793 	DATA 	Keypress: 5
343.5794 	DATA 	TR 221 | TR1 111 | TR2 110
345.1292 	DATA 	Keypress: 5
345.1292 	DATA 	TR 222 | TR1 111 | TR2 111
346.6957 	DATA 	Keypress: 5
346.6957 	DATA 	TR 223 | TR1 112 | TR2 111
348.2456 	DATA 	Keypress: 5
348.2456 	DATA 	TR 224 | TR1 112 | TR2 112
349.8121 	DATA 	
349.8121 	DATA 	Trial complete
349.8121 	DATA 	Waiting for VASO trigger to start next trial
349.8121 	DATA 	
349.8287 	DATA 	Keypress: 5
349.8288 	DATA 	Waited 0.016679048538208008 seconds for trigger
349.8295 	DATA 	
349.8295 	DATA 	Trial 9
349.8296 	DATA 	stimDur = 24.0
349.8296 	DATA 	jitter = 0.0
349.8296 	DATA 	restDur = 40.0

349.8296 	DATA 	
349.8296 	DATA 	TR 225 | TR1 113 | TR2 112
349.8296 	DATA 	
349.8296 	DATA 	stimulation started
349.8296 	DATA 	
351.3788 	DATA 	Keypress: 5
351.3789 	DATA 	TR 226 | TR1 113 | TR2 113
351.5453 	DATA 	Target presented
352.0453 	DATA 	Keypress: 1
352.0453 	DATA 	Key1 pressed
352.0453 	DATA 	Target detected
352.9452 	DATA 	Keypress: 5
352.9452 	DATA 	TR 227 | TR1 114 | TR2 113
354.4950 	DATA 	Keypress: 5
354.4951 	DATA 	TR 228 | TR1 114 | TR2 114
356.0622 	DATA 	Keypress: 5
356.0782 	DATA 	TR 229 | TR1 115 | TR2 114
357.6281 	DATA 	Keypress: 5
357.6282 	DATA 	TR 230 | TR1 115 | TR2 115
359.1946 	DATA 	Keypress: 5
359.1946 	DATA 	TR 231 | TR1 116 | TR2 115
360.7445 	DATA 	Keypress: 5
360.7445 	DATA 	TR 232 | TR1 116 | TR2 116
362.3110 	DATA 	Keypress: 5
362.3110 	DATA 	TR 233 | TR1 117 | TR2 116
363.8609 	DATA 	Keypress: 5
363.8609 	DATA 	TR 234 | TR1 117 | TR2 117
365.4440 	DATA 	Keypress: 5
365.4440 	DATA 	TR 235 | TR1 118 | TR2 117
366.9939 	DATA 	Keypress: 5
366.9940 	DATA 	TR 236 | TR1 118 | TR2 118
368.5605 	DATA 	Keypress: 5
368.5606 	DATA 	TR 237 | TR1 119 | TR2 118
370.1103 	DATA 	Keypress: 5
370.1103 	DATA 	TR 238 | TR1 119 | TR2 119
371.6934 	DATA 	Keypress: 5
371.6935 	DATA 	TR 239 | TR1 120 | TR2 119
373.2433 	DATA 	Keypress: 5
373.2434 	DATA 	TR 240 | TR1 120 | TR2 120
373.8432 	DATA 	
373.8432 	DATA 	stimulation stopped
373.8432 	DATA 	
374.8098 	DATA 	Keypress: 5
374.8099 	DATA 	TR 241 | TR1 121 | TR2 120
376.3596 	DATA 	Keypress: 5
376.3597 	DATA 	TR 242 | TR1 121 | TR2 121
377.9262 	DATA 	Keypress: 5
377.9262 	DATA 	TR 243 | TR1 122 | TR2 121
379.4927 	DATA 	Keypress: 5
379.4927 	DATA 	TR 244 | TR1 122 | TR2 122
381.0592 	DATA 	Keypress: 5
381.0592 	DATA 	TR 245 | TR1 123 | TR2 122
382.6091 	DATA 	Keypress: 5
382.6091 	DATA 	TR 246 | TR1 123 | TR2 123
384.1756 	DATA 	Keypress: 5
384.1756 	DATA 	TR 247 | TR1 124 | TR2 123
385.7254 	DATA 	Keypress: 5
385.7255 	DATA 	TR 248 | TR1 124 | TR2 124
387.3083 	DATA 	Keypress: 5
387.3083 	DATA 	TR 249 | TR1 125 | TR2 124
388.8585 	DATA 	Keypress: 5
388.8586 	DATA 	TR 250 | TR1 125 | TR2 125
390.4250 	DATA 	Keypress: 5
390.4250 	DATA 	TR 251 | TR1 126 | TR2 125
391.9749 	DATA 	Keypress: 5
391.9750 	DATA 	TR 252 | TR1 126 | TR2 126
393.5580 	DATA 	Keypress: 5
393.5581 	DATA 	TR 253 | TR1 127 | TR2 126
395.1079 	DATA 	Keypress: 5
395.1080 	DATA 	TR 254 | TR1 127 | TR2 127
396.6744 	DATA 	Keypress: 5
396.6745 	DATA 	TR 255 | TR1 128 | TR2 127
398.2243 	DATA 	Keypress: 5
398.2243 	DATA 	TR 256 | TR1 128 | TR2 128
399.7908 	DATA 	Keypress: 5
399.7909 	DATA 	TR 257 | TR1 129 | TR2 128
401.3407 	DATA 	Keypress: 5
401.3407 	DATA 	TR 258 | TR1 129 | TR2 129
402.9239 	DATA 	Keypress: 5
402.9239 	DATA 	TR 259 | TR1 130 | TR2 129
404.4739 	DATA 	Keypress: 5
404.4739 	DATA 	TR 260 | TR1 130 | TR2 130
406.0403 	DATA 	Keypress: 5
406.0404 	DATA 	TR 261 | TR1 131 | TR2 130
407.5901 	DATA 	Keypress: 5
407.5901 	DATA 	TR 262 | TR1 131 | TR2 131
409.1733 	DATA 	Keypress: 5
409.1733 	DATA 	TR 263 | TR1 132 | TR2 131
410.7232 	DATA 	Keypress: 5
410.7232 	DATA 	TR 264 | TR1 132 | TR2 132
412.2896 	DATA 	Keypress: 5
412.2897 	DATA 	TR 265 | TR1 133 | TR2 132
413.8395 	DATA 	Keypress: 5
413.8396 	DATA 	TR 266 | TR1 133 | TR2 133
413.8396 	DATA 	
413.8396 	DATA 	Trial complete
413.8396 	DATA 	Waiting for VASO trigger to start next trial
413.8396 	DATA 	
415.4062 	DATA 	Keypress: 5
415.4223 	DATA 	Waited 1.5826869010925293 seconds for trigger
415.4231 	DATA 	
415.4231 	DATA 	Trial 10
415.4231 	DATA 	stimDur = 12.0
415.4231 	DATA 	jitter = 1.5705
415.4231 	DATA 	restDur = 30.0

415.4231 	DATA 	
415.4231 	DATA 	TR 267 | TR1 134 | TR2 133
416.9722 	DATA 	Keypress: 5
416.9723 	DATA 	TR 268 | TR1 134 | TR2 134
417.0055 	DATA 	
417.0055 	DATA 	stimulation started
417.0055 	DATA 	
418.5390 	DATA 	Keypress: 5
418.5391 	DATA 	TR 269 | TR1 135 | TR2 134
418.6223 	DATA 	Target presented
419.1223 	DATA 	Keypress: 1
419.1223 	DATA 	Key1 pressed
419.1223 	DATA 	Target detected
420.0889 	DATA 	Keypress: 5
420.0890 	DATA 	TR 270 | TR1 135 | TR2 135
421.6554 	DATA 	Keypress: 5
421.6554 	DATA 	TR 271 | TR1 136 | TR2 135
423.2053 	DATA 	Keypress: 5
423.2053 	DATA 	TR 272 | TR1 136 | TR2 136
424.7884 	DATA 	Keypress: 5
424.7885 	DATA 	TR 273 | TR1 137 | TR2 136
426.3383 	DATA 	Keypress: 5
426.3384 	DATA 	TR 274 | TR1 137 | TR2 137
427.9048 	DATA 	Keypress: 5
427.9049 	DATA 	TR 275 | TR1 138 | TR2 137
429.0047 	DATA 	
429.0047 	DATA 	stimulation stopped
429.0047 	DATA 	
429.4544 	DATA 	Keypress: 5
429.4544 	DATA 	TR 276 | TR1 138 | TR2 138
431.0375 	DATA 	Keypress: 5
431.0376 	DATA 	TR 277 | TR1 139 | TR2 138
432.5874 	DATA 	Keypress: 5
432.5875 	DATA 	TR 278 | TR1 139 | TR2 139
434.1539 	DATA 	Keypress: 5
434.1540 	DATA 	TR 279 | TR1 140 | TR2 139
435.7038 	DATA 	Keypress: 5
435.7039 	DATA 	TR 280 | TR1 140 | TR2 140
437.2703 	DATA 	Keypress: 5
437.2703 	DATA 	TR 281 | TR1 141 | TR2 140
438.8371 	DATA 	Keypress: 5
438.8372 	DATA 	TR 282 | TR1 141 | TR2 141
440.4037 	DATA 	Keypress: 5
440.4037 	DATA 	TR 283 | TR1 142 | TR2 141
441.9537 	DATA 	Keypress: 5
441.9537 	DATA 	TR 284 | TR1 142 | TR2 142
443.5202 	DATA 	Keypress: 5
443.5203 	DATA 	TR 285 | TR1 143 | TR2 142
445.0699 	DATA 	Keypress: 5
445.0700 	DATA 	TR 286 | TR1 143 | TR2 143
446.6531 	DATA 	Keypress: 5
446.6532 	DATA 	TR 287 | TR1 144 | TR2 143
448.2030 	DATA 	Keypress: 5
448.2030 	DATA 	TR 288 | TR1 144 | TR2 144
449.7695 	DATA 	Keypress: 5
449.7696 	DATA 	TR 289 | TR1 145 | TR2 144
451.3194 	DATA 	Keypress: 5
451.3195 	DATA 	TR 290 | TR1 145 | TR2 145
452.8860 	DATA 	Keypress: 5
452.8861 	DATA 	TR 291 | TR1 146 | TR2 145
454.4525 	DATA 	Keypress: 5
454.4525 	DATA 	TR 292 | TR1 146 | TR2 146
456.0189 	DATA 	Keypress: 5
456.0190 	DATA 	TR 293 | TR1 147 | TR2 146
457.5688 	DATA 	Keypress: 5
457.5689 	DATA 	TR 294 | TR1 147 | TR2 147
459.0020 	DATA 	
459.0020 	DATA 	Trial complete
459.0020 	DATA 	Waiting for VASO trigger to start next trial
459.0020 	DATA 	
459.1353 	DATA 	Keypress: 5
459.1354 	DATA 	Waited 0.13336682319641113 seconds for trigger
459.1361 	DATA 	
459.1362 	DATA 	Trial 11
459.1362 	DATA 	stimDur = 1.0
459.1362 	DATA 	jitter = 1.5705
459.1362 	DATA 	restDur = 20.0

459.1362 	DATA 	
459.1362 	DATA 	TR 295 | TR1 148 | TR2 147
460.6852 	DATA 	Keypress: 5
460.6853 	DATA 	TR 296 | TR1 148 | TR2 148
460.7185 	DATA 	
460.7185 	DATA 	stimulation started
460.7185 	DATA 	
461.7184 	DATA 	
461.7185 	DATA 	stimulation stopped
461.7185 	DATA 	
462.2684 	DATA 	Keypress: 5
462.2684 	DATA 	TR 297 | TR1 149 | TR2 148
463.8183 	DATA 	Keypress: 5
463.8183 	DATA 	TR 298 | TR1 149 | TR2 149
465.3847 	DATA 	Keypress: 5
465.3848 	DATA 	TR 299 | TR1 150 | TR2 149
466.9346 	DATA 	Keypress: 5
466.9347 	DATA 	TR 300 | TR1 150 | TR2 150
468.5180 	DATA 	Keypress: 5
468.5180 	DATA 	TR 301 | TR1 151 | TR2 150
470.0677 	DATA 	Keypress: 5
470.0677 	DATA 	TR 302 | TR1 151 | TR2 151
471.6342 	DATA 	Keypress: 5
471.6342 	DATA 	TR 303 | TR1 152 | TR2 151
473.1840 	DATA 	Keypress: 5
473.1841 	DATA 	TR 304 | TR1 152 | TR2 152
474.7505 	DATA 	Keypress: 5
474.7506 	DATA 	TR 305 | TR1 153 | TR2 152
475.4172 	DATA 	Target presented
475.9505 	DATA 	Keypress: 1
475.9505 	DATA 	Key1 pressed
475.9506 	DATA 	Target detected
476.3010 	DATA 	Keypress: 5
476.3170 	DATA 	TR 306 | TR1 153 | TR2 153
477.8836 	DATA 	Keypress: 5
477.8836 	DATA 	TR 307 | TR1 154 | TR2 153
479.4335 	DATA 	Keypress: 5
479.4335 	DATA 	TR 308 | TR1 154 | TR2 154
481.0000 	DATA 	Keypress: 5
481.0000 	DATA 	TR 309 | TR1 155 | TR2 154
481.7165 	DATA 	
481.7166 	DATA 	Trial complete
481.7166 	DATA 	Waiting for VASO trigger to start next trial
481.7166 	DATA 	
482.5498 	DATA 	Keypress: 5
482.5499 	DATA 	TR 310 | TR1 155 | TR2 155
484.1330 	DATA 	Keypress: 5
484.1331 	DATA 	Waited 2.416483163833618 seconds for trigger
484.1338 	DATA 	
484.1338 	DATA 	Trial 12
484.1338 	DATA 	stimDur = 4.0
484.1338 	DATA 	jitter = 0.78525
484.1338 	DATA 	restDur = 24.0

484.1338 	DATA 	
484.1339 	DATA 	TR 311 | TR1 156 | TR2 155
484.9329 	DATA 	
484.9329 	DATA 	stimulation started
484.9329 	DATA 	
485.6830 	DATA 	Keypress: 5
485.6830 	DATA 	TR 312 | TR1 156 | TR2 156
487.2494 	DATA 	Keypress: 5
487.2495 	DATA 	TR 313 | TR1 157 | TR2 156
488.7993 	DATA 	Keypress: 5
488.7994 	DATA 	TR 314 | TR1 157 | TR2 157
488.9326 	DATA 	
488.9326 	DATA 	stimulation stopped
488.9326 	DATA 	
490.3663 	DATA 	Keypress: 5
490.3824 	DATA 	TR 315 | TR1 158 | TR2 157
491.9323 	DATA 	Keypress: 5
491.9324 	DATA 	TR 316 | TR1 158 | TR2 158
493.4988 	DATA 	Keypress: 5
493.4989 	DATA 	TR 317 | TR1 159 | TR2 158
495.0487 	DATA 	Keypress: 5
495.0487 	DATA 	TR 318 | TR1 159 | TR2 159
496.6152 	DATA 	Keypress: 5
496.6152 	DATA 	TR 319 | TR1 160 | TR2 159
498.1651 	DATA 	Keypress: 5
498.1651 	DATA 	TR 320 | TR1 160 | TR2 160
499.7483 	DATA 	Keypress: 5
499.7483 	DATA 	TR 321 | TR1 161 | TR2 160
501.2981 	DATA 	Keypress: 5
501.2982 	DATA 	TR 322 | TR1 161 | TR2 161
502.8646 	DATA 	Keypress: 5
502.8647 	DATA 	TR 323 | TR1 162 | TR2 161
504.4145 	DATA 	Keypress: 5
504.4145 	DATA 	TR 324 | TR1 162 | TR2 162
505.9977 	DATA 	Keypress: 5
505.9977 	DATA 	TR 325 | TR1 163 | TR2 162
507.5475 	DATA 	Keypress: 5
507.5476 	DATA 	TR 326 | TR1 163 | TR2 163
509.1140 	DATA 	Keypress: 5
509.1141 	DATA 	TR 327 | TR1 164 | TR2 163
510.6639 	DATA 	Keypress: 5
510.6640 	DATA 	TR 328 | TR1 164 | TR2 164
512.2305 	DATA 	Keypress: 5
512.2306 	DATA 	TR 329 | TR1 165 | TR2 164
512.9303 	DATA 	
512.9303 	DATA 	Trial complete
512.9303 	DATA 	Waiting for VASO trigger to start next trial
512.9303 	DATA 	
513.7970 	DATA 	Keypress: 5
513.7970 	DATA 	TR 330 | TR1 165 | TR2 165
515.3635 	DATA 	Keypress: 5
515.3635 	DATA 	Waited 2.433181047439575 seconds for trigger
515.3643 	DATA 	
515.3643 	DATA 	Trial 13
515.3643 	DATA 	stimDur = 12.0
515.3643 	DATA 	jitter = 0.78525
515.3643 	DATA 	restDur = 30.0

515.3643 	DATA 	
515.3643 	DATA 	TR 331 | TR1 166 | TR2 165
516.1633 	DATA 	
516.1633 	DATA 	stimulation started
516.1633 	DATA 	
516.9134 	DATA 	Keypress: 5
516.9134 	DATA 	TR 332 | TR1 166 | TR2 166
518.4799 	DATA 	Keypress: 5
518.4799 	DATA 	TR 333 | TR1 167 | TR2 166
520.0298 	DATA 	Keypress: 5
520.0298 	DATA 	TR 334 | TR1 167 | TR2 167
521.6130 	DATA 	Keypress: 5
521.6130 	DATA 	TR 335 | TR1 168 | TR2 167
523.1628 	DATA 	Keypress: 5
523.1629 	DATA 	TR 336 | TR1 168 | TR2 168
524.7293 	DATA 	Keypress: 5
524.7294 	DATA 	TR 337 | TR1 169 | TR2 168
526.2792 	DATA 	Keypress: 5
526.2792 	DATA 	TR 338 | TR1 169 | TR2 169
527.8623 	DATA 	Keypress: 5
527.8624 	DATA 	TR 339 | TR1 170 | TR2 169
528.1623 	DATA 	
528.1623 	DATA 	stimulation stopped
528.1623 	DATA 	
529.4122 	DATA 	Keypress: 5
529.4123 	DATA 	TR 340 | TR1 170 | TR2 170
530.9787 	DATA 	Keypress: 5
530.9787 	DATA 	TR 341 | TR1 171 | TR2 170
532.5286 	DATA 	Keypress: 5
532.5286 	DATA 	TR 342 | TR1 171 | TR2 171
534.0951 	DATA 	Keypress: 5
534.0951 	DATA 	TR 343 | TR1 172 | TR2 171
535.6455 	DATA 	Keypress: 5
535.6617 	DATA 	TR 344 | TR1 172 | TR2 172
537.2281 	DATA 	Keypress: 5
537.2282 	DATA 	TR 345 | TR1 173 | TR2 172
538.7780 	DATA 	Keypress: 5
538.7780 	DATA 	TR 346 | TR1 173 | TR2 173
540.3445 	DATA 	Keypress: 5
540.3445 	DATA 	TR 347 | TR1 174 | TR2 173
541.8944 	DATA 	Keypress: 5
541.8944 	DATA 	TR 348 | TR1 174 | TR2 174
543.4775 	DATA 	Keypress: 5
543.4776 	DATA 	TR 349 | TR1 175 | TR2 174
545.0274 	DATA 	Keypress: 5
545.0274 	DATA 	TR 350 | TR1 175 | TR2 175
546.5939 	DATA 	Keypress: 5
546.5939 	DATA 	TR 351 | TR1 176 | TR2 175
548.1438 	DATA 	Keypress: 5
548.1438 	DATA 	TR 352 | TR1 176 | TR2 176
549.7109 	DATA 	Keypress: 5
549.7269 	DATA 	TR 353 | TR1 177 | TR2 176
550.1436 	DATA 	Target presented
550.6269 	DATA 	Keypress: 1
550.6269 	DATA 	Key1 pressed
550.6269 	DATA 	Target detected
551.2768 	DATA 	Keypress: 5
551.2769 	DATA 	TR 354 | TR1 177 | TR2 177
552.8433 	DATA 	Keypress: 5
552.8435 	DATA 	TR 355 | TR1 178 | TR2 177
554.3932 	DATA 	Keypress: 5
554.3932 	DATA 	TR 356 | TR1 178 | TR2 178
555.9597 	DATA 	Keypress: 5
555.9598 	DATA 	TR 357 | TR1 179 | TR2 178
557.5095 	DATA 	Keypress: 5
557.5096 	DATA 	TR 358 | TR1 179 | TR2 179
558.1595 	DATA 	
558.1595 	DATA 	Trial complete
558.1595 	DATA 	Waiting for VASO trigger to start next trial
558.1595 	DATA 	
559.0928 	DATA 	Keypress: 5
559.0928 	DATA 	Waited 0.9333360195159912 seconds for trigger
559.0936 	DATA 	
559.0936 	DATA 	Trial 14
559.0936 	DATA 	stimDur = 12.0
559.0936 	DATA 	jitter = 2.35575
559.0936 	DATA 	restDur = 30.0

559.0936 	DATA 	
559.0936 	DATA 	TR 359 | TR1 180 | TR2 179
560.6426 	DATA 	Keypress: 5
560.6426 	DATA 	TR 360 | TR1 180 | TR2 180
561.4592 	DATA 	
561.4592 	DATA 	stimulation started
561.4592 	DATA 	
562.2092 	DATA 	Keypress: 5
562.2093 	DATA 	TR 361 | TR1 181 | TR2 180
563.7590 	DATA 	Keypress: 5
563.7591 	DATA 	TR 362 | TR1 181 | TR2 181
565.3422 	DATA 	Keypress: 5
565.3423 	DATA 	TR 363 | TR1 182 | TR2 181
566.8921 	DATA 	Keypress: 5
566.8922 	DATA 	TR 364 | TR1 182 | TR2 182
568.4586 	DATA 	Keypress: 5
568.4587 	DATA 	TR 365 | TR1 183 | TR2 182
570.0085 	DATA 	Keypress: 5
570.0086 	DATA 	TR 366 | TR1 183 | TR2 183
571.5750 	DATA 	Keypress: 5
571.5751 	DATA 	TR 367 | TR1 184 | TR2 183
573.1256 	DATA 	Keypress: 5
573.1416 	DATA 	TR 368 | TR1 184 | TR2 184
573.4581 	DATA 	
573.4581 	DATA 	stimulation stopped
573.4581 	DATA 	
574.7080 	DATA 	Keypress: 5
574.7081 	DATA 	TR 369 | TR1 185 | TR2 184
576.2580 	DATA 	Keypress: 5
576.2580 	DATA 	TR 370 | TR1 185 | TR2 185
577.8244 	DATA 	Keypress: 5
577.8244 	DATA 	TR 371 | TR1 186 | TR2 185
579.3742 	DATA 	Keypress: 5
579.3743 	DATA 	TR 372 | TR1 186 | TR2 186
580.9574 	DATA 	Keypress: 5
580.9575 	DATA 	TR 373 | TR1 187 | TR2 186
582.5073 	DATA 	Keypress: 5
582.5073 	DATA 	TR 374 | TR1 187 | TR2 187
584.0738 	DATA 	Keypress: 5
584.0739 	DATA 	TR 375 | TR1 188 | TR2 187
585.6236 	DATA 	Keypress: 5
585.6237 	DATA 	TR 376 | TR1 188 | TR2 188
587.1908 	DATA 	Keypress: 5
587.2068 	DATA 	TR 377 | TR1 189 | TR2 188
588.7567 	DATA 	Keypress: 5
588.7567 	DATA 	TR 378 | TR1 189 | TR2 189
590.3232 	DATA 	Keypress: 5
590.3233 	DATA 	TR 379 | TR1 190 | TR2 189
591.8731 	DATA 	Keypress: 5
591.8731 	DATA 	TR 380 | TR1 190 | TR2 190
593.4396 	DATA 	Keypress: 5
593.4397 	DATA 	TR 381 | TR1 191 | TR2 190
594.9896 	DATA 	Keypress: 5
594.9896 	DATA 	TR 382 | TR1 191 | TR2 191
596.5727 	DATA 	Keypress: 5
596.5727 	DATA 	TR 383 | TR1 192 | TR2 191
598.1225 	DATA 	Keypress: 5
598.1225 	DATA 	TR 384 | TR1 192 | TR2 192
599.6890 	DATA 	Keypress: 5
599.6891 	DATA 	TR 385 | TR1 193 | TR2 192
601.2389 	DATA 	Keypress: 5
601.2389 	DATA 	TR 386 | TR1 193 | TR2 193
602.8221 	DATA 	Keypress: 5
602.8222 	DATA 	TR 387 | TR1 194 | TR2 193
603.4553 	DATA 	
603.4553 	DATA 	Trial complete
603.4553 	DATA 	Waiting for VASO trigger to start next trial
603.4553 	DATA 	
604.3719 	DATA 	Keypress: 5
604.3719 	DATA 	TR 388 | TR1 194 | TR2 194
605.9384 	DATA 	Keypress: 5
605.9385 	DATA 	Waited 2.4831860065460205 seconds for trigger
605.9393 	DATA 	
605.9393 	DATA 	Trial 15
605.9393 	DATA 	stimDur = 2.0
605.9393 	DATA 	jitter = 0.0
605.9393 	DATA 	restDur = 22.0

605.9393 	DATA 	
605.9393 	DATA 	TR 389 | TR1 195 | TR2 194
605.9393 	DATA 	
605.9393 	DATA 	stimulation started
605.9393 	DATA 	
607.4884 	DATA 	Keypress: 5
607.4884 	DATA 	TR 390 | TR1 195 | TR2 195
607.9549 	DATA 	
607.9549 	DATA 	stimulation stopped
607.9549 	DATA 	
609.0548 	DATA 	Keypress: 5
609.0549 	DATA 	TR 391 | TR1 196 | TR2 195
610.6052 	DATA 	Keypress: 5
610.6213 	DATA 	TR 392 | TR1 196 | TR2 196
612.1879 	DATA 	Keypress: 5
612.1879 	DATA 	TR 393 | TR1 197 | TR2 196
613.7377 	DATA 	Keypress: 5
613.7377 	DATA 	TR 394 | TR1 197 | TR2 197
614.2877 	DATA 	Target presented
614.8876 	DATA 	Keypress: 1
614.8877 	DATA 	Key1 pressed
614.8877 	DATA 	Target detected
615.3042 	DATA 	Keypress: 5
615.3043 	DATA 	TR 395 | TR1 198 | TR2 197
616.8541 	DATA 	Keypress: 5
616.8541 	DATA 	TR 396 | TR1 198 | TR2 198
618.4373 	DATA 	Keypress: 5
618.4373 	DATA 	TR 397 | TR1 199 | TR2 198
619.9871 	DATA 	Keypress: 5
619.9872 	DATA 	TR 398 | TR1 199 | TR2 199
621.5538 	DATA 	Keypress: 5
621.5538 	DATA 	TR 399 | TR1 200 | TR2 199
623.1035 	DATA 	Keypress: 5
623.1035 	DATA 	TR 400 | TR1 200 | TR2 200
624.6867 	DATA 	Keypress: 5
624.6868 	DATA 	TR 401 | TR1 201 | TR2 200
626.2366 	DATA 	Keypress: 5
626.2366 	DATA 	TR 402 | TR1 201 | TR2 201
627.8031 	DATA 	Keypress: 5
627.8031 	DATA 	TR 403 | TR1 202 | TR2 201
629.3529 	DATA 	Keypress: 5
629.3530 	DATA 	TR 404 | TR1 202 | TR2 202
629.9529 	DATA 	
629.9529 	DATA 	Trial complete
629.9529 	DATA 	Waiting for VASO trigger to start next trial
629.9529 	DATA 	
630.9195 	DATA 	Keypress: 5
630.9195 	DATA 	Waited 0.9666440486907959 seconds for trigger
630.9203 	DATA 	
630.9203 	DATA 	Trial 16
630.9203 	DATA 	stimDur = 1.0
630.9203 	DATA 	jitter = 2.35575
630.9203 	DATA 	restDur = 20.0

630.9203 	DATA 	
630.9203 	DATA 	TR 405 | TR1 203 | TR2 202
632.4693 	DATA 	Keypress: 5
632.4694 	DATA 	TR 406 | TR1 203 | TR2 203
633.2859 	DATA 	
633.2859 	DATA 	stimulation started
633.2859 	DATA 	
634.0526 	DATA 	Keypress: 5
634.0526 	DATA 	TR 407 | TR1 204 | TR2 203
634.2858 	DATA 	
634.2858 	DATA 	stimulation stopped
634.2858 	DATA 	
635.6023 	DATA 	Keypress: 5
635.6024 	DATA 	TR 408 | TR1 204 | TR2 204
637.1684 	DATA 	Keypress: 5
637.1685 	DATA 	TR 409 | TR1 205 | TR2 204
638.7187 	DATA 	Keypress: 5
638.7188 	DATA 	TR 410 | TR1 205 | TR2 205
640.3019 	DATA 	Keypress: 5
640.3020 	DATA 	TR 411 | TR1 206 | TR2 205
641.8518 	DATA 	Keypress: 5
641.8519 	DATA 	TR 412 | TR1 206 | TR2 206
643.4183 	DATA 	Keypress: 5
643.4184 	DATA 	TR 413 | TR1 207 | TR2 206
644.9682 	DATA 	Keypress: 5
644.9682 	DATA 	TR 414 | TR1 207 | TR2 207
646.5347 	DATA 	Keypress: 5
646.5348 	DATA 	TR 415 | TR1 208 | TR2 207
648.1012 	DATA 	Keypress: 5
648.1012 	DATA 	TR 416 | TR1 208 | TR2 208
649.6678 	DATA 	Keypress: 5
649.6678 	DATA 	TR 417 | TR1 209 | TR2 208
651.2177 	DATA 	Keypress: 5
651.2177 	DATA 	TR 418 | TR1 209 | TR2 209
652.7841 	DATA 	Keypress: 5
652.7842 	DATA 	TR 419 | TR1 210 | TR2 209
654.2839 	DATA 	
654.2839 	DATA 	Trial complete
654.2840 	DATA 	Waiting for VASO trigger to start next trial
654.2840 	DATA 	
654.3340 	DATA 	Keypress: 5
654.3341 	DATA 	TR 420 | TR1 210 | TR2 210
655.9172 	DATA 	Keypress: 5
655.9172 	DATA 	Waited 1.6332550048828125 seconds for trigger
655.9180 	DATA 	
655.9180 	DATA 	Trial 17
655.9180 	DATA 	stimDur = 24.0
655.9180 	DATA 	jitter = 2.35575
655.9180 	DATA 	restDur = 40.0

655.9180 	DATA 	
655.9180 	DATA 	TR 421 | TR1 211 | TR2 210
657.4670 	DATA 	Keypress: 5
657.4670 	DATA 	TR 422 | TR1 211 | TR2 211
658.2836 	DATA 	
658.2836 	DATA 	stimulation started
658.2836 	DATA 	
659.0336 	DATA 	Keypress: 5
659.0336 	DATA 	TR 423 | TR1 212 | TR2 211
660.5834 	DATA 	Keypress: 5
660.5835 	DATA 	TR 424 | TR1 212 | TR2 212
662.1666 	DATA 	Keypress: 5
662.1667 	DATA 	TR 425 | TR1 213 | TR2 212
663.7165 	DATA 	Keypress: 5
663.7165 	DATA 	TR 426 | TR1 213 | TR2 213
665.2830 	DATA 	Keypress: 5
665.2831 	DATA 	TR 427 | TR1 214 | TR2 213
666.8329 	DATA 	Keypress: 5
666.8329 	DATA 	TR 428 | TR1 214 | TR2 214
668.3994 	DATA 	Keypress: 5
668.3995 	DATA 	TR 429 | TR1 215 | TR2 214
669.9499 	DATA 	Keypress: 5
669.9658 	DATA 	TR 430 | TR1 215 | TR2 215
671.5324 	DATA 	Keypress: 5
671.5325 	DATA 	TR 431 | TR1 216 | TR2 215
673.0823 	DATA 	Keypress: 5
673.0823 	DATA 	TR 432 | TR1 216 | TR2 216
674.1155 	DATA 	Target presented
674.6488 	DATA 	Keypress: 5
674.6489 	DATA 	TR 433 | TR1 217 | TR2 216
675.0154 	DATA 	Keypress: 1
675.0155 	DATA 	Key1 pressed
675.0155 	DATA 	Target detected
676.1986 	DATA 	Keypress: 5
676.1987 	DATA 	TR 434 | TR1 217 | TR2 217
677.7819 	DATA 	Keypress: 5
677.7819 	DATA 	TR 435 | TR1 218 | TR2 217
679.3317 	DATA 	Keypress: 5
679.3317 	DATA 	TR 436 | TR1 218 | TR2 218
680.8982 	DATA 	Keypress: 5
680.8983 	DATA 	TR 437 | TR1 219 | TR2 218
682.2815 	DATA 	
682.2815 	DATA 	stimulation stopped
682.2815 	DATA 	
682.4480 	DATA 	Keypress: 5
682.4481 	DATA 	TR 438 | TR1 219 | TR2 219
684.0146 	DATA 	Keypress: 5
684.0147 	DATA 	TR 439 | TR1 220 | TR2 219
685.5811 	DATA 	Keypress: 5
685.5811 	DATA 	TR 440 | TR1 220 | TR2 220
687.1476 	DATA 	Keypress: 5
687.1477 	DATA 	TR 441 | TR1 221 | TR2 220
688.6976 	DATA 	Keypress: 5
688.6976 	DATA 	TR 442 | TR1 221 | TR2 221
690.2640 	DATA 	Keypress: 5
690.2641 	DATA 	TR 443 | TR1 222 | TR2 221
691.8138 	DATA 	Keypress: 5
691.8139 	DATA 	TR 444 | TR1 222 | TR2 222
693.3970 	DATA 	Keypress: 5
693.3971 	DATA 	TR 445 | TR1 223 | TR2 222
694.9469 	DATA 	Keypress: 5
694.9469 	DATA 	TR 446 | TR1 223 | TR2 223
696.5135 	DATA 	Keypress: 5
696.5136 	DATA 	TR 447 | TR1 224 | TR2 223
698.0632 	DATA 	Keypress: 5
698.0633 	DATA 	TR 448 | TR1 224 | TR2 224
699.6464 	DATA 	Keypress: 5
699.6465 	DATA 	TR 449 | TR1 225 | TR2 224
701.1963 	DATA 	Keypress: 5
701.1963 	DATA 	TR 450 | TR1 225 | TR2 225
702.7628 	DATA 	Keypress: 5
702.7629 	DATA 	TR 451 | TR1 226 | TR2 225
704.3127 	DATA 	Keypress: 5
704.3127 	DATA 	TR 452 | TR1 226 | TR2 226
705.8792 	DATA 	Keypress: 5
705.8793 	DATA 	TR 453 | TR1 227 | TR2 226
707.4457 	DATA 	Keypress: 5
707.4457 	DATA 	TR 454 | TR1 227 | TR2 227
709.0122 	DATA 	Keypress: 5
709.0123 	DATA 	TR 455 | TR1 228 | TR2 227
710.5623 	DATA 	Keypress: 5
710.5623 	DATA 	TR 456 | TR1 228 | TR2 228
712.1288 	DATA 	Keypress: 5
712.1288 	DATA 	TR 457 | TR1 229 | TR2 228
713.6785 	DATA 	Keypress: 5
713.6785 	DATA 	TR 458 | TR1 229 | TR2 229
715.2618 	DATA 	Keypress: 5
715.2619 	DATA 	TR 459 | TR1 230 | TR2 229
716.8115 	DATA 	Keypress: 5
716.8115 	DATA 	TR 460 | TR1 230 | TR2 230
718.3780 	DATA 	Keypress: 5
718.3781 	DATA 	TR 461 | TR1 231 | TR2 230
719.9279 	DATA 	Keypress: 5
719.9279 	DATA 	TR 462 | TR1 231 | TR2 231
721.4950 	DATA 	Keypress: 5
721.5110 	DATA 	TR 463 | TR1 232 | TR2 231
722.2778 	DATA 	
722.2778 	DATA 	Trial complete
722.2778 	DATA 	Waiting for VASO trigger to start next trial
722.2778 	DATA 	
723.0609 	DATA 	Keypress: 5
723.0610 	DATA 	TR 464 | TR1 232 | TR2 232
724.6275 	DATA 	Keypress: 5
724.6275 	DATA 	Waited 2.349720001220703 seconds for trigger
724.6283 	DATA 	
724.6283 	DATA 	Trial 18
724.6283 	DATA 	stimDur = 1.0
724.6283 	DATA 	jitter = 0.78525
724.6283 	DATA 	restDur = 20.0

724.6283 	DATA 	
724.6283 	DATA 	TR 465 | TR1 233 | TR2 232
725.4273 	DATA 	
725.4273 	DATA 	stimulation started
725.4274 	DATA 	
726.1774 	DATA 	Keypress: 5
726.1774 	DATA 	TR 466 | TR1 233 | TR2 233
726.4273 	DATA 	
726.4273 	DATA 	stimulation stopped
726.4273 	DATA 	
727.7439 	DATA 	Keypress: 5
727.7439 	DATA 	TR 467 | TR1 234 | TR2 233
729.2938 	DATA 	Keypress: 5
729.2938 	DATA 	TR 468 | TR1 234 | TR2 234
730.8769 	DATA 	Keypress: 5
730.8770 	DATA 	TR 469 | TR1 235 | TR2 234
732.4266 	DATA 	Keypress: 5
732.4267 	DATA 	TR 470 | TR1 235 | TR2 235
733.9933 	DATA 	Keypress: 5
733.9934 	DATA 	TR 471 | TR1 236 | TR2 235
735.5431 	DATA 	Keypress: 5
735.5432 	DATA 	TR 472 | TR1 236 | TR2 236
737.1263 	DATA 	Keypress: 5
737.1264 	DATA 	TR 473 | TR1 237 | TR2 236
738.6762 	DATA 	Keypress: 5
738.6762 	DATA 	TR 474 | TR1 237 | TR2 237
740.2427 	DATA 	Keypress: 5
740.2427 	DATA 	TR 475 | TR1 238 | TR2 237
741.7925 	DATA 	Keypress: 5
741.7926 	DATA 	TR 476 | TR1 238 | TR2 238
743.3591 	DATA 	Keypress: 5
743.3591 	DATA 	TR 477 | TR1 239 | TR2 238
744.9255 	DATA 	Keypress: 5
744.9256 	DATA 	TR 478 | TR1 239 | TR2 239
746.4254 	DATA 	
746.4254 	DATA 	Trial complete
746.4254 	DATA 	Waiting for VASO trigger to start next trial
746.4254 	DATA 	
746.4921 	DATA 	Keypress: 5
746.4922 	DATA 	Waited 0.06676197052001953 seconds for trigger
746.4930 	DATA 	
746.4930 	DATA 	Trial 19
746.4930 	DATA 	stimDur = 2.0
746.4930 	DATA 	jitter = 1.5705
746.4930 	DATA 	restDur = 22.0

746.4930 	DATA 	
746.4930 	DATA 	TR 479 | TR1 240 | TR2 239
748.0421 	DATA 	Keypress: 5
748.0421 	DATA 	TR 480 | TR1 240 | TR2 240
748.0752 	DATA 	
748.0752 	DATA 	stimulation started
748.0752 	DATA 	
749.6085 	DATA 	Keypress: 5
749.6086 	DATA 	TR 481 | TR1 241 | TR2 240
750.0751 	DATA 	
750.0751 	DATA 	stimulation stopped
750.0751 	DATA 	
751.1583 	DATA 	Keypress: 5
751.1583 	DATA 	TR 482 | TR1 241 | TR2 241
752.3582 	DATA 	Target presented
752.7415 	DATA 	Keypress: 5
752.7416 	DATA 	TR 483 | TR1 242 | TR2 241
752.8748 	DATA 	Keypress: 1
752.8749 	DATA 	Key1 pressed
752.8749 	DATA 	Target detected
754.2914 	DATA 	Keypress: 5
754.2914 	DATA 	TR 484 | TR1 242 | TR2 242
755.8579 	DATA 	Keypress: 5
755.8580 	DATA 	TR 485 | TR1 243 | TR2 242
757.4077 	DATA 	Keypress: 5
757.4078 	DATA 	TR 486 | TR1 243 | TR2 243
758.9910 	DATA 	Keypress: 5
758.9910 	DATA 	TR 487 | TR1 244 | TR2 243
760.5408 	DATA 	Keypress: 5
760.5409 	DATA 	TR 488 | TR1 244 | TR2 244
762.1074 	DATA 	Keypress: 5
762.1074 	DATA 	TR 489 | TR1 245 | TR2 244
763.6572 	DATA 	Keypress: 5
763.6572 	DATA 	TR 490 | TR1 245 | TR2 245
765.2237 	DATA 	Keypress: 5
765.2237 	DATA 	TR 491 | TR1 246 | TR2 245
766.7736 	DATA 	Keypress: 5
766.7736 	DATA 	TR 492 | TR1 246 | TR2 246
768.3567 	DATA 	Keypress: 5
768.3568 	DATA 	TR 493 | TR1 247 | TR2 246
769.9066 	DATA 	Keypress: 5
769.9067 	DATA 	TR 494 | TR1 247 | TR2 247
771.4732 	DATA 	Keypress: 5
771.4733 	DATA 	TR 495 | TR1 248 | TR2 247
772.0730 	DATA 	
772.0730 	DATA 	Trial complete
772.0731 	DATA 	
773.0230 	DATA 	Keypress: 5
773.0230 	DATA 	TR 496 | TR1 248 | TR2 248
774.6061 	DATA 	Keypress: 5
774.6062 	DATA 	Waited 28.180782079696655 seconds for trigger
774.6070 	DATA 	
774.6070 	DATA 	Trial 20
774.6070 	DATA 	stimDur = 1.0
774.6070 	DATA 	jitter = 0.0
774.6070 	DATA 	restDur = 20.0

774.6070 	DATA 	
774.6070 	DATA 	TR 497 | TR1 249 | TR2 248
774.6070 	DATA 	
774.6070 	DATA 	stimulation started
774.6070 	DATA 	
775.6227 	DATA 	
775.6227 	DATA 	stimulation stopped
775.6227 	DATA 	
776.1561 	DATA 	Keypress: 5
776.1561 	DATA 	TR 498 | TR1 249 | TR2 249
777.7225 	DATA 	Keypress: 5
777.7226 	DATA 	TR 499 | TR1 250 | TR2 249
779.2724 	DATA 	Keypress: 5
779.2724 	DATA 	TR 500 | TR1 250 | TR2 250
780.8390 	DATA 	Keypress: 5
780.8391 	DATA 	TR 501 | TR1 251 | TR2 250
782.4056 	DATA 	Keypress: 5
782.4056 	DATA 	TR 502 | TR1 251 | TR2 251
783.9720 	DATA 	Keypress: 5
783.9720 	DATA 	TR 503 | TR1 252 | TR2 251
785.5220 	DATA 	Keypress: 5
785.5220 	DATA 	TR 504 | TR1 252 | TR2 252
787.0883 	DATA 	Keypress: 5
787.0884 	DATA 	TR 505 | TR1 253 | TR2 252
788.6382 	DATA 	Keypress: 5
788.6383 	DATA 	TR 506 | TR1 253 | TR2 253
790.2215 	DATA 	Keypress: 5
790.2216 	DATA 	TR 507 | TR1 254 | TR2 253
791.7713 	DATA 	Keypress: 5
791.7713 	DATA 	TR 508 | TR1 254 | TR2 254
793.3379 	DATA 	Keypress: 5
793.3379 	DATA 	TR 509 | TR1 255 | TR2 254
794.8876 	DATA 	Keypress: 5
794.8877 	DATA 	TR 510 | TR1 255 | TR2 255
795.6208 	DATA 	
795.6209 	DATA 	Trial complete
795.6209 	DATA 	
796.4708 	DATA 	Keypress: 5
796.4708 	DATA 	TR 511 | TR1 256 | TR2 255
798.0207 	DATA 	Keypress: 5
798.0207 	DATA 	TR 512 | TR1 256 | TR2 256
799.5872 	DATA 	Keypress: 5
799.5872 	DATA 	TR 513 | TR1 257 | TR2 256
801.1370 	DATA 	Keypress: 5
801.1371 	DATA 	TR 514 | TR1 257 | TR2 257
802.7035 	DATA 	Keypress: 5
802.7036 	DATA 	TR 515 | TR1 258 | TR2 257
804.2540 	DATA 	Keypress: 5
804.2700 	DATA 	TR 516 | TR1 258 | TR2 258
805.8366 	DATA 	Keypress: 5
805.8366 	DATA 	TR 517 | TR1 259 | TR2 258
807.3865 	DATA 	Keypress: 5
807.3865 	DATA 	TR 518 | TR1 259 | TR2 259
808.9530 	DATA 	Keypress: 5
808.9530 	DATA 	TR 519 | TR1 260 | TR2 259
810.5028 	DATA 	Keypress: 5
810.5029 	DATA 	TR 520 | TR1 260 | TR2 260
811.4027 	DATA 	Target presented
812.0860 	DATA 	Keypress: 5
812.0861 	DATA 	TR 521 | TR1 261 | TR2 260
812.1360 	DATA 	Keypress: 1
812.1360 	DATA 	Key1 pressed
812.1361 	DATA 	Target detected
813.6359 	DATA 	Keypress: 5
813.6360 	DATA 	TR 522 | TR1 261 | TR2 261
815.2024 	DATA 	Keypress: 5
815.2024 	DATA 	TR 523 | TR1 262 | TR2 261
816.7523 	DATA 	Keypress: 5
816.7523 	DATA 	TR 524 | TR1 262 | TR2 262
818.3188 	DATA 	Keypress: 5
818.3189 	DATA 	TR 525 | TR1 263 | TR2 262
819.8853 	DATA 	Keypress: 5
819.8854 	DATA 	TR 526 | TR1 263 | TR2 263
821.4518 	DATA 	Keypress: 5
821.4519 	DATA 	TR 527 | TR1 264 | TR2 263
822.0684 	DATA 	EndOfRun sub-09_ses-03_run-01

822.0684 	DATA 	We spent 51.50441336631775 seconds waiting for triggers
822.0684 	DATA 	RatioOfDetectedTargets 1.0
822.0684 	DATA 	You have detected 12 out of 12 targets.
826.8908 	DATA 	Keypress: 5
826.8910 	DATA 	Keypress: 5
826.8911 	DATA 	Keypress: 5
827.0982 	EXP 	window1: mouseVisible = True
