MonitorDistance=99cm
MonitorWidth=30cm
PixelWidth=1024.0
PixelHeight=768.0
You have detected 12 out of 12 targets.
Excellent! Keep up the good work
7.3108 	INFO 	Loaded monitor calibration from ['2021_05_26 17:55']
7.7832 	EXP 	Created window1 = Window(allowGUI=False, allowStencil=False, autoLog=True, backendConf=UNKNOWN, bitsMode=UNKNOWN, blendMode='avg', bpc=(8, 8, 8), color=array([-0.5, -0.5, -0.5]), colorSpace='rgb', depthBits=8, fullscr=<method-wrapper '__getattribute__' of attributeSetter object at 0x7fa8d3360438>, gamma=None, gammaErrorPolicy='raise', lms=UNKNOWN, monitor=<psychopy.monitors.calibTools.Monitor object at 0x7fa8c917f0f0>, multiSample=False, name='window1', numSamples=2, pos=[0.0, 0.0], screen=0, size=array([1024,  768]), stencilBits=0, stereo=False, units='deg', useFBO=False, useRetina=False, viewOri=0.0, viewPos=None, viewScale=None, waitBlanking=True, winType='pyglet')
7.7833 	EXP 	window1: mouseVisible = True
7.8473 	EXP 	Created unnamed TextStim = TextStim(__class__=<class 'psychopy.visual.text.TextStim'>, alignHoriz=method-wrapper(...), alignText='center', alignVert=method-wrapper(...), anchorHoriz='center', anchorVert='center', antialias=True, autoLog=True, bold=False, color=array([1., 1., 1.]), colorSpace='rgb', contrast=1.0, depth=0, flipHoriz=False, flipVert=False, font='', fontFiles=[], height=0.5, italic=False, languageStyle='LTR', name='unnamed TextStim', opacity=1.0, ori=0.0, pos=array([0., 0.]), rgb=UNKNOWN, text=str(...), units='deg', win=Window(...), wrapWidth=15.0)
7.8801 	EXP 	Created Movie Frame 0 = ImageStim(__class__=<class 'psychopy.visual.image.ImageStim'>, autoLog=True, color=array([0.8, 0.8, 0.8]), colorSpace='rgb', contrast=0.8, depth=0, flipHoriz=False, flipVert=False, image='visual_0.png', interpolate=False, mask=None, maskParams=None, name='Movie Frame 0', opacity=1, ori=0.0, pos=array([0., 0.]), size=array([1024,  768]), texRes=128, units='pix', win=Window(...))
7.9042 	EXP 	Created Movie Frame 1 = ImageStim(__class__=<class 'psychopy.visual.image.ImageStim'>, autoLog=True, color=array([0.8, 0.8, 0.8]), colorSpace='rgb', contrast=0.8, depth=0, flipHoriz=False, flipVert=False, image='visual_1.png', interpolate=False, mask=None, maskParams=None, name='Movie Frame 1', opacity=1, ori=0.0, pos=array([0., 0.]), size=array([1024,  768]), texRes=128, units='pix', win=Window(...))
32.1475 	DATA 	Keypress: 5
0.0000 	DATA 	StartOfRun sub-09_ses-03_run-03
0.0000 	DATA 	TR 1 | TR1 1 | TR2 0
0.0064 	DATA 	Initial baseline

1.5503 	DATA 	Keypress: 5
1.5504 	DATA 	TR 2 | TR1 1 | TR2 1
3.1225 	DATA 	Keypress: 5
3.1225 	DATA 	TR 3 | TR1 2 | TR2 1
4.6737 	DATA 	Keypress: 5
4.6737 	DATA 	TR 4 | TR1 2 | TR2 2
6.2459 	DATA 	Keypress: 5
6.2459 	DATA 	TR 5 | TR1 3 | TR2 2
7.7970 	DATA 	Keypress: 5
7.7970 	DATA 	TR 6 | TR1 3 | TR2 3
9.3694 	DATA 	Keypress: 5
9.3694 	DATA 	TR 7 | TR1 4 | TR2 3
10.9205 	DATA 	Keypress: 5
10.9205 	DATA 	TR 8 | TR1 4 | TR2 4
12.4926 	DATA 	Keypress: 5
12.4927 	DATA 	TR 9 | TR1 5 | TR2 4
14.0439 	DATA 	Keypress: 5
14.0439 	DATA 	TR 10 | TR1 5 | TR2 5
15.6160 	DATA 	Keypress: 5
15.6161 	DATA 	TR 11 | TR1 6 | TR2 5
17.1673 	DATA 	Keypress: 5
17.1673 	DATA 	TR 12 | TR1 6 | TR2 6
18.7394 	DATA 	Keypress: 5
18.7395 	DATA 	TR 13 | TR1 7 | TR2 6
20.2906 	DATA 	Keypress: 5
20.2906 	DATA 	TR 14 | TR1 7 | TR2 7
21.8628 	DATA 	Keypress: 5
21.8629 	DATA 	TR 15 | TR1 8 | TR2 7
23.4140 	DATA 	Keypress: 5
23.4140 	DATA 	TR 16 | TR1 8 | TR2 8
24.9862 	DATA 	Keypress: 5
24.9862 	DATA 	TR 17 | TR1 9 | TR2 8
26.5375 	DATA 	Keypress: 5
26.5375 	DATA 	TR 18 | TR1 9 | TR2 9
28.1096 	DATA 	Keypress: 5
28.1096 	DATA 	TR 19 | TR1 10 | TR2 9
29.6608 	DATA 	Keypress: 5
29.6608 	DATA 	TR 20 | TR1 10 | TR2 10
31.2373 	DATA 	Keypress: 5
31.2374 	DATA 	Waited 1.2373571395874023 seconds for trigger
31.2388 	DATA 	
31.2388 	DATA 	Trial 1
31.2388 	DATA 	stimDur = 12.0
31.2388 	DATA 	jitter = 0.0
31.2388 	DATA 	restDur = 30.0

31.2388 	DATA 	
31.2388 	DATA 	TR 21 | TR1 11 | TR2 10
31.2388 	DATA 	
31.2389 	DATA 	stimulation started
31.2389 	DATA 	
32.7874 	DATA 	Keypress: 5
32.7874 	DATA 	TR 22 | TR1 11 | TR2 11
34.3704 	DATA 	Keypress: 5
34.3705 	DATA 	TR 23 | TR1 12 | TR2 11
35.9203 	DATA 	Keypress: 5
35.9204 	DATA 	TR 24 | TR1 12 | TR2 12
37.4868 	DATA 	Keypress: 5
37.4869 	DATA 	TR 25 | TR1 13 | TR2 12
39.0368 	DATA 	Keypress: 5
39.0369 	DATA 	TR 26 | TR1 13 | TR2 13
40.6032 	DATA 	Keypress: 5
40.6032 	DATA 	TR 27 | TR1 14 | TR2 13
42.1697 	DATA 	Keypress: 5
42.1698 	DATA 	TR 28 | TR1 14 | TR2 14
43.2529 	DATA 	
43.2529 	DATA 	stimulation stopped
43.2529 	DATA 	
43.7362 	DATA 	Keypress: 5
43.7362 	DATA 	TR 29 | TR1 15 | TR2 14
45.2861 	DATA 	Keypress: 5
45.2861 	DATA 	TR 30 | TR1 15 | TR2 15
46.8526 	DATA 	Keypress: 5
46.8526 	DATA 	TR 31 | TR1 16 | TR2 15
48.4025 	DATA 	Keypress: 5
48.4025 	DATA 	TR 32 | TR1 16 | TR2 16
49.9856 	DATA 	Keypress: 5
49.9856 	DATA 	TR 33 | TR1 17 | TR2 16
51.5355 	DATA 	Keypress: 5
51.5355 	DATA 	TR 34 | TR1 17 | TR2 17
53.1019 	DATA 	Keypress: 5
53.1020 	DATA 	TR 35 | TR1 18 | TR2 17
54.6519 	DATA 	Keypress: 5
54.6519 	DATA 	TR 36 | TR1 18 | TR2 18
56.2189 	DATA 	Keypress: 5
56.2350 	DATA 	TR 37 | TR1 19 | TR2 18
57.7849 	DATA 	Keypress: 5
57.7849 	DATA 	TR 38 | TR1 19 | TR2 19
59.3515 	DATA 	Keypress: 5
59.3516 	DATA 	TR 39 | TR1 20 | TR2 19
60.9013 	DATA 	Keypress: 5
60.9013 	DATA 	TR 40 | TR1 20 | TR2 20
62.4677 	DATA 	Keypress: 5
62.4678 	DATA 	TR 41 | TR1 21 | TR2 20
64.0182 	DATA 	Keypress: 5
64.0342 	DATA 	TR 42 | TR1 21 | TR2 21
65.6008 	DATA 	Keypress: 5
65.6008 	DATA 	TR 43 | TR1 22 | TR2 21
67.1507 	DATA 	Keypress: 5
67.1507 	DATA 	TR 44 | TR1 22 | TR2 22
68.7172 	DATA 	Keypress: 5
68.7172 	DATA 	TR 45 | TR1 23 | TR2 22
70.2671 	DATA 	Keypress: 5
70.2671 	DATA 	TR 46 | TR1 23 | TR2 23
71.8502 	DATA 	Keypress: 5
71.8503 	DATA 	TR 47 | TR1 24 | TR2 23
73.2501 	DATA 	
73.2501 	DATA 	Trial complete
73.2501 	DATA 	Waiting for VASO trigger to start next trial
73.2501 	DATA 	
73.4001 	DATA 	Keypress: 5
73.4001 	DATA 	TR 48 | TR1 24 | TR2 24
74.9666 	DATA 	Keypress: 5
74.9667 	DATA 	Waited 1.7166330814361572 seconds for trigger
74.9675 	DATA 	
74.9675 	DATA 	Trial 2
74.9675 	DATA 	stimDur = 24.0
74.9675 	DATA 	jitter = 0.78525
74.9675 	DATA 	restDur = 40.0

74.9675 	DATA 	
74.9675 	DATA 	TR 49 | TR1 25 | TR2 24
75.7665 	DATA 	
75.7665 	DATA 	stimulation started
75.7665 	DATA 	
76.5166 	DATA 	Keypress: 5
76.5167 	DATA 	TR 50 | TR1 25 | TR2 25
78.0831 	DATA 	Keypress: 5
78.0832 	DATA 	TR 51 | TR1 26 | TR2 25
79.6496 	DATA 	Keypress: 5
79.6496 	DATA 	TR 52 | TR1 26 | TR2 26
81.2161 	DATA 	Keypress: 5
81.2162 	DATA 	TR 53 | TR1 27 | TR2 26
82.7659 	DATA 	Keypress: 5
82.7660 	DATA 	TR 54 | TR1 27 | TR2 27
84.3325 	DATA 	Keypress: 5
84.3325 	DATA 	TR 55 | TR1 28 | TR2 27
84.4491 	DATA 	Target presented
85.0491 	DATA 	Keypress: 1
85.0491 	DATA 	Key1 pressed
85.0491 	DATA 	Target detected
85.8823 	DATA 	Keypress: 5
85.8824 	DATA 	TR 56 | TR1 28 | TR2 28
87.4655 	DATA 	Keypress: 5
87.4656 	DATA 	TR 57 | TR1 29 | TR2 28
89.0153 	DATA 	Keypress: 5
89.0154 	DATA 	TR 58 | TR1 29 | TR2 29
90.5819 	DATA 	Keypress: 5
90.5819 	DATA 	TR 59 | TR1 30 | TR2 29
92.1317 	DATA 	Keypress: 5
92.1318 	DATA 	TR 60 | TR1 30 | TR2 30
93.7150 	DATA 	Keypress: 5
93.7150 	DATA 	TR 61 | TR1 31 | TR2 30
95.2648 	DATA 	Keypress: 5
95.2648 	DATA 	TR 62 | TR1 31 | TR2 31
96.8315 	DATA 	Keypress: 5
96.8315 	DATA 	TR 63 | TR1 32 | TR2 31
98.3811 	DATA 	Keypress: 5
98.3812 	DATA 	TR 64 | TR1 32 | TR2 32
99.7645 	DATA 	
99.7645 	DATA 	stimulation stopped
99.7645 	DATA 	
99.9478 	DATA 	Keypress: 5
99.9478 	DATA 	TR 65 | TR1 33 | TR2 32
101.4981 	DATA 	Keypress: 5
101.5141 	DATA 	TR 66 | TR1 33 | TR2 33
103.0807 	DATA 	Keypress: 5
103.0807 	DATA 	TR 67 | TR1 34 | TR2 33
104.6305 	DATA 	Keypress: 5
104.6306 	DATA 	TR 68 | TR1 34 | TR2 34
106.1971 	DATA 	Keypress: 5
106.1971 	DATA 	TR 69 | TR1 35 | TR2 34
107.7469 	DATA 	Keypress: 5
107.7469 	DATA 	TR 70 | TR1 35 | TR2 35
109.3301 	DATA 	Keypress: 5
109.3301 	DATA 	TR 71 | TR1 36 | TR2 35
110.8799 	DATA 	Keypress: 5
110.8800 	DATA 	TR 72 | TR1 36 | TR2 36
112.4465 	DATA 	Keypress: 5
112.4465 	DATA 	TR 73 | TR1 37 | TR2 36
113.9965 	DATA 	Keypress: 5
113.9965 	DATA 	TR 74 | TR1 37 | TR2 37
115.5635 	DATA 	Keypress: 5
115.5795 	DATA 	TR 75 | TR1 38 | TR2 37
117.1293 	DATA 	Keypress: 5
117.1294 	DATA 	TR 76 | TR1 38 | TR2 38
118.6959 	DATA 	Keypress: 5
118.6960 	DATA 	TR 77 | TR1 39 | TR2 38
120.2457 	DATA 	Keypress: 5
120.2458 	DATA 	TR 78 | TR1 39 | TR2 39
121.8123 	DATA 	Keypress: 5
121.8123 	DATA 	TR 79 | TR1 40 | TR2 39
123.3621 	DATA 	Keypress: 5
123.3621 	DATA 	TR 80 | TR1 40 | TR2 40
124.9453 	DATA 	Keypress: 5
124.9454 	DATA 	TR 81 | TR1 41 | TR2 40
126.4951 	DATA 	Keypress: 5
126.4952 	DATA 	TR 82 | TR1 41 | TR2 41
128.0617 	DATA 	Keypress: 5
128.0617 	DATA 	TR 83 | TR1 42 | TR2 41
129.6116 	DATA 	Keypress: 5
129.6116 	DATA 	TR 84 | TR1 42 | TR2 42
131.1947 	DATA 	Keypress: 5
131.1948 	DATA 	TR 85 | TR1 43 | TR2 42
132.0780 	DATA 	Target presented
132.6612 	DATA 	Keypress: 1
132.6613 	DATA 	Key1 pressed
132.6613 	DATA 	Target detected
132.7445 	DATA 	Keypress: 5
132.7446 	DATA 	TR 86 | TR1 43 | TR2 43
134.3111 	DATA 	Keypress: 5
134.3112 	DATA 	TR 87 | TR1 44 | TR2 43
135.8609 	DATA 	Keypress: 5
135.8610 	DATA 	TR 88 | TR1 44 | TR2 44
137.4275 	DATA 	Keypress: 5
137.4275 	DATA 	TR 89 | TR1 45 | TR2 44
138.9940 	DATA 	Keypress: 5
138.9940 	DATA 	TR 90 | TR1 45 | TR2 45
139.7605 	DATA 	
139.7606 	DATA 	Trial complete
139.7606 	DATA 	Waiting for VASO trigger to start next trial
139.7606 	DATA 	
140.5605 	DATA 	Keypress: 5
140.5606 	DATA 	Waited 0.800001859664917 seconds for trigger
140.5613 	DATA 	
140.5614 	DATA 	Trial 3
140.5614 	DATA 	stimDur = 2.0
140.5614 	DATA 	jitter = 2.35575
140.5614 	DATA 	restDur = 22.0

140.5614 	DATA 	
140.5614 	DATA 	TR 91 | TR1 46 | TR2 45
142.1104 	DATA 	Keypress: 5
142.1104 	DATA 	TR 92 | TR1 46 | TR2 46
142.9270 	DATA 	
142.9271 	DATA 	stimulation started
142.9271 	DATA 	
143.6770 	DATA 	Keypress: 5
143.6770 	DATA 	TR 93 | TR1 47 | TR2 46
144.9268 	DATA 	
144.9268 	DATA 	stimulation stopped
144.9268 	DATA 	
145.2267 	DATA 	Keypress: 5
145.2268 	DATA 	TR 94 | TR1 47 | TR2 47
146.8100 	DATA 	Keypress: 5
146.8100 	DATA 	TR 95 | TR1 48 | TR2 47
148.3598 	DATA 	Keypress: 5
148.3598 	DATA 	TR 96 | TR1 48 | TR2 48
149.9263 	DATA 	Keypress: 5
149.9264 	DATA 	TR 97 | TR1 49 | TR2 48
151.4762 	DATA 	Keypress: 5
151.4762 	DATA 	TR 98 | TR1 49 | TR2 49
153.0594 	DATA 	Keypress: 5
153.0594 	DATA 	TR 99 | TR1 50 | TR2 49
154.6092 	DATA 	Keypress: 5
154.6093 	DATA 	TR 100 | TR1 50 | TR2 50
156.1758 	DATA 	Keypress: 5
156.1758 	DATA 	TR 101 | TR1 51 | TR2 50
157.7256 	DATA 	Keypress: 5
157.7256 	DATA 	TR 102 | TR1 51 | TR2 51
159.2922 	DATA 	Keypress: 5
159.2922 	DATA 	TR 103 | TR1 52 | TR2 51
160.8421 	DATA 	Keypress: 5
160.8421 	DATA 	TR 104 | TR1 52 | TR2 52
162.4252 	DATA 	Keypress: 5
162.4252 	DATA 	TR 105 | TR1 53 | TR2 52
163.9750 	DATA 	Keypress: 5
163.9751 	DATA 	TR 106 | TR1 53 | TR2 53
165.5415 	DATA 	Keypress: 5
165.5416 	DATA 	TR 107 | TR1 54 | TR2 53
166.9247 	DATA 	
166.9247 	DATA 	Trial complete
166.9247 	DATA 	Waiting for VASO trigger to start next trial
166.9247 	DATA 	
167.0914 	DATA 	Keypress: 5
167.0914 	DATA 	TR 108 | TR1 54 | TR2 54
168.6746 	DATA 	Keypress: 5
168.6747 	DATA 	Waited 1.7499349117279053 seconds for trigger
168.6754 	DATA 	
168.6754 	DATA 	Trial 4
168.6754 	DATA 	stimDur = 2.0
168.6754 	DATA 	jitter = 0.78525
168.6754 	DATA 	restDur = 22.0

168.6754 	DATA 	
168.6754 	DATA 	TR 109 | TR1 55 | TR2 54
169.4745 	DATA 	
169.4745 	DATA 	stimulation started
169.4745 	DATA 	
170.2245 	DATA 	Keypress: 5
170.2245 	DATA 	TR 110 | TR1 55 | TR2 55
171.4743 	DATA 	
171.4743 	DATA 	stimulation stopped
171.4743 	DATA 	
171.7910 	DATA 	Keypress: 5
171.7910 	DATA 	TR 111 | TR1 56 | TR2 55
173.3408 	DATA 	Keypress: 5
173.3408 	DATA 	TR 112 | TR1 56 | TR2 56
174.9079 	DATA 	Keypress: 5
174.9240 	DATA 	TR 113 | TR1 57 | TR2 56
176.4738 	DATA 	Keypress: 5
176.4739 	DATA 	TR 114 | TR1 57 | TR2 57
178.0404 	DATA 	Keypress: 5
178.0404 	DATA 	TR 115 | TR1 58 | TR2 57
179.5902 	DATA 	Keypress: 5
179.5903 	DATA 	TR 116 | TR1 58 | TR2 58
181.1568 	DATA 	Keypress: 5
181.1569 	DATA 	TR 117 | TR1 59 | TR2 58
182.7066 	DATA 	Keypress: 5
182.7066 	DATA 	TR 118 | TR1 59 | TR2 59
184.2898 	DATA 	Keypress: 5
184.2899 	DATA 	TR 119 | TR1 60 | TR2 59
185.8396 	DATA 	Keypress: 5
185.8397 	DATA 	TR 120 | TR1 60 | TR2 60
187.4062 	DATA 	Keypress: 5
187.4062 	DATA 	TR 121 | TR1 61 | TR2 60
188.9560 	DATA 	Keypress: 5
188.9561 	DATA 	TR 122 | TR1 61 | TR2 61
190.5394 	DATA 	Keypress: 5
190.5394 	DATA 	TR 123 | TR1 62 | TR2 61
192.0891 	DATA 	Keypress: 5
192.0891 	DATA 	TR 124 | TR1 62 | TR2 62
193.4722 	DATA 	
193.4722 	DATA 	Trial complete
193.4723 	DATA 	Waiting for VASO trigger to start next trial
193.4723 	DATA 	
193.6556 	DATA 	Keypress: 5
193.6557 	DATA 	Waited 0.18341708183288574 seconds for trigger
193.6564 	DATA 	
193.6564 	DATA 	Trial 5
193.6564 	DATA 	stimDur = 4.0
193.6564 	DATA 	jitter = 0.0
193.6565 	DATA 	restDur = 24.0

193.6565 	DATA 	
193.6565 	DATA 	TR 125 | TR1 63 | TR2 62
193.6565 	DATA 	
193.6565 	DATA 	stimulation started
193.6565 	DATA 	
195.2055 	DATA 	Keypress: 5
195.2055 	DATA 	TR 126 | TR1 63 | TR2 63
196.7720 	DATA 	Keypress: 5
196.7721 	DATA 	TR 127 | TR1 64 | TR2 63
197.3219 	DATA 	Target presented
197.6719 	DATA 	
197.6719 	DATA 	stimulation stopped
197.6719 	DATA 	
197.8719 	DATA 	Keypress: 1
197.8719 	DATA 	Key1 pressed
197.8719 	DATA 	Target detected
198.3224 	DATA 	Keypress: 5
198.3384 	DATA 	TR 128 | TR1 64 | TR2 64
199.9050 	DATA 	Keypress: 5
199.9051 	DATA 	TR 129 | TR1 65 | TR2 64
201.4549 	DATA 	Keypress: 5
201.4549 	DATA 	TR 130 | TR1 65 | TR2 65
203.0214 	DATA 	Keypress: 5
203.0215 	DATA 	TR 131 | TR1 66 | TR2 65
204.5712 	DATA 	Keypress: 5
204.5713 	DATA 	TR 132 | TR1 66 | TR2 66
206.1544 	DATA 	Keypress: 5
206.1545 	DATA 	TR 133 | TR1 67 | TR2 66
207.7043 	DATA 	Keypress: 5
207.7043 	DATA 	TR 134 | TR1 67 | TR2 67
209.2708 	DATA 	Keypress: 5
209.2709 	DATA 	TR 135 | TR1 68 | TR2 67
210.8208 	DATA 	Keypress: 5
210.8208 	DATA 	TR 136 | TR1 68 | TR2 68
212.3873 	DATA 	Keypress: 5
212.3874 	DATA 	TR 137 | TR1 69 | TR2 68
213.9537 	DATA 	Keypress: 5
213.9537 	DATA 	TR 138 | TR1 69 | TR2 69
215.5203 	DATA 	Keypress: 5
215.5203 	DATA 	TR 139 | TR1 70 | TR2 69
217.0701 	DATA 	Keypress: 5
217.0701 	DATA 	TR 140 | TR1 70 | TR2 70
218.6366 	DATA 	Keypress: 5
218.6367 	DATA 	TR 141 | TR1 71 | TR2 70
220.1865 	DATA 	Keypress: 5
220.1865 	DATA 	TR 142 | TR1 71 | TR2 71
221.6696 	DATA 	
221.6696 	DATA 	Trial complete
221.6696 	DATA 	Waiting for VASO trigger to start next trial
221.6696 	DATA 	
221.7697 	DATA 	Keypress: 5
221.7697 	DATA 	Waited 0.10006093978881836 seconds for trigger
221.7705 	DATA 	
221.7705 	DATA 	Trial 6
221.7705 	DATA 	stimDur = 4.0
221.7705 	DATA 	jitter = 1.5705
221.7705 	DATA 	restDur = 24.0

221.7705 	DATA 	
221.7705 	DATA 	TR 143 | TR1 72 | TR2 71
223.3195 	DATA 	Keypress: 5
223.3195 	DATA 	TR 144 | TR1 72 | TR2 72
223.3528 	DATA 	
223.3528 	DATA 	stimulation started
223.3528 	DATA 	
224.8861 	DATA 	Keypress: 5
224.8861 	DATA 	TR 145 | TR1 73 | TR2 72
226.4359 	DATA 	Keypress: 5
226.4360 	DATA 	TR 146 | TR1 73 | TR2 73
227.3525 	DATA 	
227.3525 	DATA 	stimulation stopped
227.3525 	DATA 	
228.0191 	DATA 	Keypress: 5
228.0191 	DATA 	TR 147 | TR1 74 | TR2 73
229.5689 	DATA 	Keypress: 5
229.5690 	DATA 	TR 148 | TR1 74 | TR2 74
231.1355 	DATA 	Keypress: 5
231.1355 	DATA 	TR 149 | TR1 75 | TR2 74
232.6853 	DATA 	Keypress: 5
232.6854 	DATA 	TR 150 | TR1 75 | TR2 75
234.2518 	DATA 	Keypress: 5
234.2519 	DATA 	TR 151 | TR1 76 | TR2 75
235.8023 	DATA 	Keypress: 5
235.8183 	DATA 	TR 152 | TR1 76 | TR2 76
237.3849 	DATA 	Keypress: 5
237.3849 	DATA 	TR 153 | TR1 77 | TR2 76
238.9347 	DATA 	Keypress: 5
238.9348 	DATA 	TR 154 | TR1 77 | TR2 77
240.5013 	DATA 	Keypress: 5
240.5013 	DATA 	TR 155 | TR1 78 | TR2 77
242.0511 	DATA 	Keypress: 5
242.0511 	DATA 	TR 156 | TR1 78 | TR2 78
243.6343 	DATA 	Keypress: 5
243.6344 	DATA 	TR 157 | TR1 79 | TR2 78
245.1841 	DATA 	Keypress: 5
245.1842 	DATA 	TR 158 | TR1 79 | TR2 79
246.7507 	DATA 	Keypress: 5
246.7507 	DATA 	TR 159 | TR1 80 | TR2 79
248.3005 	DATA 	Keypress: 5
248.3005 	DATA 	TR 160 | TR1 80 | TR2 80
249.3171 	DATA 	Target presented
249.8171 	DATA 	Keypress: 1
249.8172 	DATA 	Key1 pressed
249.8172 	DATA 	Target detected
249.8676 	DATA 	Keypress: 5
249.8836 	DATA 	TR 161 | TR1 81 | TR2 80
251.3502 	DATA 	
251.3502 	DATA 	Trial complete
251.3502 	DATA 	Waiting for VASO trigger to start next trial
251.3502 	DATA 	
251.4335 	DATA 	Keypress: 5
251.4336 	DATA 	TR 162 | TR1 81 | TR2 81
253.0001 	DATA 	Keypress: 5
253.0001 	DATA 	Waited 1.649921178817749 seconds for trigger
253.0009 	DATA 	
253.0009 	DATA 	Trial 7
253.0009 	DATA 	stimDur = 4.0
253.0009 	DATA 	jitter = 2.35575
253.0009 	DATA 	restDur = 24.0

253.0009 	DATA 	
253.0009 	DATA 	TR 163 | TR1 82 | TR2 81
254.5499 	DATA 	Keypress: 5
254.5500 	DATA 	TR 164 | TR1 82 | TR2 82
255.3665 	DATA 	
255.3665 	DATA 	stimulation started
255.3665 	DATA 	
256.1165 	DATA 	Keypress: 5
256.1166 	DATA 	TR 165 | TR1 83 | TR2 82
257.6664 	DATA 	Keypress: 5
257.6664 	DATA 	TR 166 | TR1 83 | TR2 83
259.2496 	DATA 	Keypress: 5
259.2496 	DATA 	TR 167 | TR1 84 | TR2 83
259.3662 	DATA 	
259.3662 	DATA 	stimulation stopped
259.3662 	DATA 	
260.7994 	DATA 	Keypress: 5
260.7994 	DATA 	TR 168 | TR1 84 | TR2 84
262.3659 	DATA 	Keypress: 5
262.3659 	DATA 	TR 169 | TR1 85 | TR2 84
263.9157 	DATA 	Keypress: 5
263.9158 	DATA 	TR 170 | TR1 85 | TR2 85
265.4990 	DATA 	Keypress: 5
265.4990 	DATA 	TR 171 | TR1 86 | TR2 85
267.0488 	DATA 	Keypress: 5
267.0488 	DATA 	TR 172 | TR1 86 | TR2 86
268.6153 	DATA 	Keypress: 5
268.6154 	DATA 	TR 173 | TR1 87 | TR2 86
270.1651 	DATA 	Keypress: 5
270.1652 	DATA 	TR 174 | TR1 87 | TR2 87
271.7323 	DATA 	Keypress: 5
271.7485 	DATA 	TR 175 | TR1 88 | TR2 87
273.2982 	DATA 	Keypress: 5
273.2982 	DATA 	TR 176 | TR1 88 | TR2 88
274.8647 	DATA 	Keypress: 5
274.8648 	DATA 	TR 177 | TR1 89 | TR2 88
276.4146 	DATA 	Keypress: 5
276.4146 	DATA 	TR 178 | TR1 89 | TR2 89
277.9811 	DATA 	Keypress: 5
277.9812 	DATA 	TR 179 | TR1 90 | TR2 89
279.5310 	DATA 	Keypress: 5
279.5310 	DATA 	TR 180 | TR1 90 | TR2 90
281.1141 	DATA 	Keypress: 5
281.1142 	DATA 	TR 181 | TR1 91 | TR2 90
282.6640 	DATA 	Keypress: 5
282.6640 	DATA 	TR 182 | TR1 91 | TR2 91
283.3639 	DATA 	
283.3639 	DATA 	Trial complete
283.3639 	DATA 	Waiting for VASO trigger to start next trial
283.3639 	DATA 	
284.2305 	DATA 	Keypress: 5
284.2306 	DATA 	Waited 0.8666689395904541 seconds for trigger
284.2313 	DATA 	
284.2314 	DATA 	Trial 8
284.2314 	DATA 	stimDur = 24.0
284.2314 	DATA 	jitter = 1.5705
284.2314 	DATA 	restDur = 40.0

284.2314 	DATA 	
284.2314 	DATA 	TR 183 | TR1 92 | TR2 91
285.7806 	DATA 	Keypress: 5
285.7806 	DATA 	TR 184 | TR1 92 | TR2 92
285.8136 	DATA 	
285.8137 	DATA 	stimulation started
285.8137 	DATA 	
287.3636 	DATA 	Keypress: 5
287.3636 	DATA 	TR 185 | TR1 93 | TR2 92
288.9135 	DATA 	Keypress: 5
288.9135 	DATA 	TR 186 | TR1 93 | TR2 93
290.4800 	DATA 	Keypress: 5
290.4800 	DATA 	TR 187 | TR1 94 | TR2 93
292.0299 	DATA 	Keypress: 5
292.0299 	DATA 	TR 188 | TR1 94 | TR2 94
293.5964 	DATA 	Keypress: 5
293.5964 	DATA 	TR 189 | TR1 95 | TR2 94
295.1462 	DATA 	Keypress: 5
295.1463 	DATA 	TR 190 | TR1 95 | TR2 95
296.7294 	DATA 	Keypress: 5
296.7295 	DATA 	TR 191 | TR1 96 | TR2 95
298.2793 	DATA 	Keypress: 5
298.2793 	DATA 	TR 192 | TR1 96 | TR2 96
299.8458 	DATA 	Keypress: 5
299.8458 	DATA 	TR 193 | TR1 97 | TR2 96
301.3957 	DATA 	Keypress: 5
301.3957 	DATA 	TR 194 | TR1 97 | TR2 97
302.9788 	DATA 	Keypress: 5
302.9789 	DATA 	TR 195 | TR1 98 | TR2 97
304.5289 	DATA 	Keypress: 5
304.5289 	DATA 	TR 196 | TR1 98 | TR2 98
306.0952 	DATA 	Keypress: 5
306.0953 	DATA 	TR 197 | TR1 99 | TR2 98
307.6451 	DATA 	Keypress: 5
307.6451 	DATA 	TR 198 | TR1 99 | TR2 99
309.2115 	DATA 	Keypress: 5
309.2116 	DATA 	TR 199 | TR1 100 | TR2 99
309.4282 	DATA 	Target presented
309.8115 	DATA 	
309.8115 	DATA 	stimulation stopped
309.8115 	DATA 	
309.8781 	DATA 	Keypress: 1
309.8782 	DATA 	Key1 pressed
309.8782 	DATA 	Target detected
310.7781 	DATA 	Keypress: 5
310.7781 	DATA 	TR 200 | TR1 100 | TR2 100
312.3445 	DATA 	Keypress: 5
312.3446 	DATA 	TR 201 | TR1 101 | TR2 100
313.8944 	DATA 	Keypress: 5
313.8945 	DATA 	TR 202 | TR1 101 | TR2 101
315.4610 	DATA 	Keypress: 5
315.4610 	DATA 	TR 203 | TR1 102 | TR2 101
317.0109 	DATA 	Keypress: 5
317.0109 	DATA 	TR 204 | TR1 102 | TR2 102
318.5940 	DATA 	Keypress: 5
318.5940 	DATA 	TR 205 | TR1 103 | TR2 102
320.1439 	DATA 	Keypress: 5
320.1439 	DATA 	TR 206 | TR1 103 | TR2 103
321.7104 	DATA 	Keypress: 5
321.7104 	DATA 	TR 207 | TR1 104 | TR2 103
323.2603 	DATA 	Keypress: 5
323.2603 	DATA 	TR 208 | TR1 104 | TR2 104
324.8434 	DATA 	Keypress: 5
324.8435 	DATA 	TR 209 | TR1 105 | TR2 104
326.3933 	DATA 	Keypress: 5
326.3933 	DATA 	TR 210 | TR1 105 | TR2 105
327.9598 	DATA 	Keypress: 5
327.9598 	DATA 	TR 211 | TR1 106 | TR2 105
329.5097 	DATA 	Keypress: 5
329.5097 	DATA 	TR 212 | TR1 106 | TR2 106
331.0761 	DATA 	Keypress: 5
331.0762 	DATA 	TR 213 | TR1 107 | TR2 106
332.6268 	DATA 	Keypress: 5
332.6426 	DATA 	TR 214 | TR1 107 | TR2 107
334.2092 	DATA 	Keypress: 5
334.2092 	DATA 	TR 215 | TR1 108 | TR2 107
335.7591 	DATA 	Keypress: 5
335.7592 	DATA 	TR 216 | TR1 108 | TR2 108
337.3256 	DATA 	Keypress: 5
337.3256 	DATA 	TR 217 | TR1 109 | TR2 108
338.8755 	DATA 	Keypress: 5
338.8755 	DATA 	TR 218 | TR1 109 | TR2 109
340.4586 	DATA 	Keypress: 5
340.4587 	DATA 	TR 219 | TR1 110 | TR2 109
342.0085 	DATA 	Keypress: 5
342.0085 	DATA 	TR 220 | TR1 110 | TR2 110
343.5750 	DATA 	Keypress: 5
343.5750 	DATA 	TR 221 | TR1 111 | TR2 110
345.1249 	DATA 	Keypress: 5
345.1249 	DATA 	TR 222 | TR1 111 | TR2 111
346.6920 	DATA 	Keypress: 5
346.7080 	DATA 	TR 223 | TR1 112 | TR2 111
348.2579 	DATA 	Keypress: 5
348.2580 	DATA 	TR 224 | TR1 112 | TR2 112
349.8077 	DATA 	
349.8077 	DATA 	Trial complete
349.8078 	DATA 	Waiting for VASO trigger to start next trial
349.8078 	DATA 	
349.8244 	DATA 	Keypress: 5
349.8245 	DATA 	Waited 0.01668715476989746 seconds for trigger
349.8252 	DATA 	
349.8252 	DATA 	Trial 9
349.8253 	DATA 	stimDur = 24.0
349.8253 	DATA 	jitter = 0.0
349.8253 	DATA 	restDur = 40.0

349.8253 	DATA 	
349.8253 	DATA 	TR 225 | TR1 113 | TR2 112
349.8253 	DATA 	
349.8253 	DATA 	stimulation started
349.8253 	DATA 	
351.3744 	DATA 	Keypress: 5
351.3744 	DATA 	TR 226 | TR1 113 | TR2 113
352.6742 	DATA 	Target presented
352.9409 	DATA 	Keypress: 5
352.9409 	DATA 	TR 227 | TR1 114 | TR2 113
353.1575 	DATA 	Keypress: 1
353.1575 	DATA 	Key1 pressed
353.1575 	DATA 	Target detected
354.4907 	DATA 	Keypress: 5
354.4908 	DATA 	TR 228 | TR1 114 | TR2 114
356.0739 	DATA 	Keypress: 5
356.0740 	DATA 	TR 229 | TR1 115 | TR2 114
357.6238 	DATA 	Keypress: 5
357.6238 	DATA 	TR 230 | TR1 115 | TR2 115
359.1903 	DATA 	Keypress: 5
359.1903 	DATA 	TR 231 | TR1 116 | TR2 115
360.7402 	DATA 	Keypress: 5
360.7402 	DATA 	TR 232 | TR1 116 | TR2 116
362.3233 	DATA 	Keypress: 5
362.3234 	DATA 	TR 233 | TR1 117 | TR2 116
363.8732 	DATA 	Keypress: 5
363.8732 	DATA 	TR 234 | TR1 117 | TR2 117
365.4397 	DATA 	Keypress: 5
365.4397 	DATA 	TR 235 | TR1 118 | TR2 117
366.9896 	DATA 	Keypress: 5
366.9896 	DATA 	TR 236 | TR1 118 | TR2 118
368.5560 	DATA 	Keypress: 5
368.5561 	DATA 	TR 237 | TR1 119 | TR2 118
370.1067 	DATA 	Keypress: 5
370.1226 	DATA 	TR 238 | TR1 119 | TR2 119
371.6891 	DATA 	Keypress: 5
371.6892 	DATA 	TR 239 | TR1 120 | TR2 119
373.2390 	DATA 	Keypress: 5
373.2390 	DATA 	TR 240 | TR1 120 | TR2 120
373.8389 	DATA 	
373.8389 	DATA 	stimulation stopped
373.8389 	DATA 	
374.8054 	DATA 	Keypress: 5
374.8055 	DATA 	TR 241 | TR1 121 | TR2 120
376.3553 	DATA 	Keypress: 5
376.3554 	DATA 	TR 242 | TR1 121 | TR2 121
377.9385 	DATA 	Keypress: 5
377.9385 	DATA 	TR 243 | TR1 122 | TR2 121
379.4883 	DATA 	Keypress: 5
379.4884 	DATA 	TR 244 | TR1 122 | TR2 122
381.0549 	DATA 	Keypress: 5
381.0549 	DATA 	TR 245 | TR1 123 | TR2 122
382.6049 	DATA 	Keypress: 5
382.6049 	DATA 	TR 246 | TR1 123 | TR2 123
384.1879 	DATA 	Keypress: 5
384.1880 	DATA 	TR 247 | TR1 124 | TR2 123
385.7378 	DATA 	Keypress: 5
385.7378 	DATA 	TR 248 | TR1 124 | TR2 124
387.3042 	DATA 	Keypress: 5
387.3043 	DATA 	TR 249 | TR1 125 | TR2 124
388.8541 	DATA 	Keypress: 5
388.8542 	DATA 	TR 250 | TR1 125 | TR2 125
390.4206 	DATA 	Keypress: 5
390.4207 	DATA 	TR 251 | TR1 126 | TR2 125
391.9705 	DATA 	Keypress: 5
391.9706 	DATA 	TR 252 | TR1 126 | TR2 126
393.5537 	DATA 	Keypress: 5
393.5537 	DATA 	TR 253 | TR1 127 | TR2 126
395.1036 	DATA 	Keypress: 5
395.1036 	DATA 	TR 254 | TR1 127 | TR2 127
396.6701 	DATA 	Keypress: 5
396.6701 	DATA 	TR 255 | TR1 128 | TR2 127
398.2200 	DATA 	Keypress: 5
398.2200 	DATA 	TR 256 | TR1 128 | TR2 128
399.8031 	DATA 	Keypress: 5
399.8032 	DATA 	TR 257 | TR1 129 | TR2 128
401.3529 	DATA 	Keypress: 5
401.3530 	DATA 	TR 258 | TR1 129 | TR2 129
402.9195 	DATA 	Keypress: 5
402.9195 	DATA 	TR 259 | TR1 130 | TR2 129
404.4694 	DATA 	Keypress: 5
404.4694 	DATA 	TR 260 | TR1 130 | TR2 130
406.0359 	DATA 	Keypress: 5
406.0360 	DATA 	TR 261 | TR1 131 | TR2 130
407.6024 	DATA 	Keypress: 5
407.6025 	DATA 	TR 262 | TR1 131 | TR2 131
409.1689 	DATA 	Keypress: 5
409.1689 	DATA 	TR 263 | TR1 132 | TR2 131
410.7188 	DATA 	Keypress: 5
410.7188 	DATA 	TR 264 | TR1 132 | TR2 132
412.2853 	DATA 	Keypress: 5
412.2853 	DATA 	TR 265 | TR1 133 | TR2 132
413.8352 	DATA 	Keypress: 5
413.8352 	DATA 	TR 266 | TR1 133 | TR2 133
413.8353 	DATA 	
413.8353 	DATA 	Trial complete
413.8353 	DATA 	Waiting for VASO trigger to start next trial
413.8353 	DATA 	
415.4183 	DATA 	Keypress: 5
415.4184 	DATA 	Waited 1.5830960273742676 seconds for trigger
415.4192 	DATA 	
415.4192 	DATA 	Trial 10
415.4192 	DATA 	stimDur = 12.0
415.4192 	DATA 	jitter = 1.5705
415.4192 	DATA 	restDur = 30.0

415.4192 	DATA 	
415.4192 	DATA 	TR 267 | TR1 134 | TR2 133
416.9682 	DATA 	Keypress: 5
416.9683 	DATA 	TR 268 | TR1 134 | TR2 134
417.0015 	DATA 	
417.0015 	DATA 	stimulation started
417.0015 	DATA 	
418.5348 	DATA 	Keypress: 5
418.5348 	DATA 	TR 269 | TR1 135 | TR2 134
419.5180 	DATA 	Target presented
420.0513 	DATA 	Keypress: 1
420.0514 	DATA 	Key1 pressed
420.0514 	DATA 	Target detected
420.0846 	DATA 	Keypress: 5
420.0846 	DATA 	TR 270 | TR1 135 | TR2 135
421.6678 	DATA 	Keypress: 5
421.6678 	DATA 	TR 271 | TR1 136 | TR2 135
423.2177 	DATA 	Keypress: 5
423.2177 	DATA 	TR 272 | TR1 136 | TR2 136
424.7842 	DATA 	Keypress: 5
424.7842 	DATA 	TR 273 | TR1 137 | TR2 136
426.3341 	DATA 	Keypress: 5
426.3341 	DATA 	TR 274 | TR1 137 | TR2 137
427.9005 	DATA 	Keypress: 5
427.9005 	DATA 	TR 275 | TR1 138 | TR2 137
429.0006 	DATA 	
429.0006 	DATA 	stimulation stopped
429.0006 	DATA 	
429.4510 	DATA 	Keypress: 5
429.4671 	DATA 	TR 276 | TR1 138 | TR2 138
431.0335 	DATA 	Keypress: 5
431.0336 	DATA 	TR 277 | TR1 139 | TR2 138
432.5834 	DATA 	Keypress: 5
432.5835 	DATA 	TR 278 | TR1 139 | TR2 139
434.1499 	DATA 	Keypress: 5
434.1500 	DATA 	TR 279 | TR1 140 | TR2 139
435.6998 	DATA 	Keypress: 5
435.6999 	DATA 	TR 280 | TR1 140 | TR2 140
437.2830 	DATA 	Keypress: 5
437.2830 	DATA 	TR 281 | TR1 141 | TR2 140
438.8329 	DATA 	Keypress: 5
438.8329 	DATA 	TR 282 | TR1 141 | TR2 141
440.3993 	DATA 	Keypress: 5
440.3994 	DATA 	TR 283 | TR1 142 | TR2 141
441.9492 	DATA 	Keypress: 5
441.9493 	DATA 	TR 284 | TR1 142 | TR2 142
443.5158 	DATA 	Keypress: 5
443.5158 	DATA 	TR 285 | TR1 143 | TR2 142
445.0823 	DATA 	Keypress: 5
445.0823 	DATA 	TR 286 | TR1 143 | TR2 143
446.6489 	DATA 	Keypress: 5
446.6490 	DATA 	TR 287 | TR1 144 | TR2 143
448.1986 	DATA 	Keypress: 5
448.1987 	DATA 	TR 288 | TR1 144 | TR2 144
449.7651 	DATA 	Keypress: 5
449.7652 	DATA 	TR 289 | TR1 145 | TR2 144
451.3149 	DATA 	Keypress: 5
451.3150 	DATA 	TR 290 | TR1 145 | TR2 145
452.8982 	DATA 	Keypress: 5
452.8982 	DATA 	TR 291 | TR1 146 | TR2 145
454.4481 	DATA 	Keypress: 5
454.4481 	DATA 	TR 292 | TR1 146 | TR2 146
456.0146 	DATA 	Keypress: 5
456.0146 	DATA 	TR 293 | TR1 147 | TR2 146
457.5644 	DATA 	Keypress: 5
457.5645 	DATA 	TR 294 | TR1 147 | TR2 147
458.9976 	DATA 	
458.9976 	DATA 	Trial complete
458.9976 	DATA 	Waiting for VASO trigger to start next trial
458.9976 	DATA 	
459.1478 	DATA 	Keypress: 5
459.1478 	DATA 	Waited 0.15021300315856934 seconds for trigger
459.1486 	DATA 	
459.1486 	DATA 	Trial 11
459.1486 	DATA 	stimDur = 1.0
459.1486 	DATA 	jitter = 1.5705
459.1486 	DATA 	restDur = 20.0

459.1486 	DATA 	
459.1486 	DATA 	TR 295 | TR1 148 | TR2 147
460.6975 	DATA 	Keypress: 5
460.6975 	DATA 	TR 296 | TR1 148 | TR2 148
460.7307 	DATA 	
460.7308 	DATA 	stimulation started
460.7308 	DATA 	
461.7307 	DATA 	
461.7308 	DATA 	stimulation stopped
461.7308 	DATA 	
462.2640 	DATA 	Keypress: 5
462.2640 	DATA 	TR 297 | TR1 149 | TR2 148
463.8139 	DATA 	Keypress: 5
463.8139 	DATA 	TR 298 | TR1 149 | TR2 149
465.3805 	DATA 	Keypress: 5
465.3805 	DATA 	TR 299 | TR1 150 | TR2 149
466.9308 	DATA 	Keypress: 5
466.9468 	DATA 	TR 300 | TR1 150 | TR2 150
468.5134 	DATA 	Keypress: 5
468.5135 	DATA 	TR 301 | TR1 151 | TR2 150
470.0633 	DATA 	Keypress: 5
470.0633 	DATA 	TR 302 | TR1 151 | TR2 151
471.6298 	DATA 	Keypress: 5
471.6298 	DATA 	TR 303 | TR1 152 | TR2 151
472.6964 	DATA 	Target presented
473.1797 	DATA 	Keypress: 5
473.1797 	DATA 	TR 304 | TR1 152 | TR2 152
473.2463 	DATA 	Keypress: 1
473.2463 	DATA 	Key1 pressed
473.2464 	DATA 	Target detected
474.7628 	DATA 	Keypress: 5
474.7629 	DATA 	TR 305 | TR1 153 | TR2 152
476.3127 	DATA 	Keypress: 5
476.3128 	DATA 	TR 306 | TR1 153 | TR2 153
477.8792 	DATA 	Keypress: 5
477.8792 	DATA 	TR 307 | TR1 154 | TR2 153
479.4291 	DATA 	Keypress: 5
479.4291 	DATA 	TR 308 | TR1 154 | TR2 154
480.9963 	DATA 	Keypress: 5
481.0122 	DATA 	TR 309 | TR1 155 | TR2 154
481.7289 	DATA 	
481.7289 	DATA 	Trial complete
481.7289 	DATA 	Waiting for VASO trigger to start next trial
481.7290 	DATA 	
482.5621 	DATA 	Keypress: 5
482.5622 	DATA 	TR 310 | TR1 155 | TR2 155
484.1286 	DATA 	Keypress: 5
484.1287 	DATA 	Waited 2.399736166000366 seconds for trigger
484.1295 	DATA 	
484.1295 	DATA 	Trial 12
484.1295 	DATA 	stimDur = 4.0
484.1295 	DATA 	jitter = 0.78525
484.1295 	DATA 	restDur = 24.0

484.1295 	DATA 	
484.1295 	DATA 	TR 311 | TR1 156 | TR2 155
484.9284 	DATA 	
484.9284 	DATA 	stimulation started
484.9284 	DATA 	
485.6786 	DATA 	Keypress: 5
485.6786 	DATA 	TR 312 | TR1 156 | TR2 156
487.2451 	DATA 	Keypress: 5
487.2451 	DATA 	TR 313 | TR1 157 | TR2 156
488.7951 	DATA 	Keypress: 5
488.7951 	DATA 	TR 314 | TR1 157 | TR2 157
488.9282 	DATA 	
488.9282 	DATA 	stimulation stopped
488.9282 	DATA 	
490.3780 	DATA 	Keypress: 5
490.3781 	DATA 	TR 315 | TR1 158 | TR2 157
491.9279 	DATA 	Keypress: 5
491.9280 	DATA 	TR 316 | TR1 158 | TR2 158
493.4944 	DATA 	Keypress: 5
493.4945 	DATA 	TR 317 | TR1 159 | TR2 158
495.0443 	DATA 	Keypress: 5
495.0443 	DATA 	TR 318 | TR1 159 | TR2 159
496.6275 	DATA 	Keypress: 5
496.6275 	DATA 	TR 319 | TR1 160 | TR2 159
498.1773 	DATA 	Keypress: 5
498.1774 	DATA 	TR 320 | TR1 160 | TR2 160
499.7438 	DATA 	Keypress: 5
499.7439 	DATA 	TR 321 | TR1 161 | TR2 160
501.2937 	DATA 	Keypress: 5
501.2938 	DATA 	TR 322 | TR1 161 | TR2 161
502.8602 	DATA 	Keypress: 5
502.8603 	DATA 	TR 323 | TR1 162 | TR2 161
504.4107 	DATA 	Keypress: 5
504.4267 	DATA 	TR 324 | TR1 162 | TR2 162
505.9933 	DATA 	Keypress: 5
505.9933 	DATA 	TR 325 | TR1 163 | TR2 162
507.5431 	DATA 	Keypress: 5
507.5432 	DATA 	TR 326 | TR1 163 | TR2 163
509.1096 	DATA 	Keypress: 5
509.1097 	DATA 	TR 327 | TR1 164 | TR2 163
510.6595 	DATA 	Keypress: 5
510.6595 	DATA 	TR 328 | TR1 164 | TR2 164
512.2427 	DATA 	Keypress: 5
512.2427 	DATA 	TR 329 | TR1 165 | TR2 164
512.9259 	DATA 	
512.9259 	DATA 	Trial complete
512.9260 	DATA 	Waiting for VASO trigger to start next trial
512.9260 	DATA 	
513.7927 	DATA 	Keypress: 5
513.7928 	DATA 	TR 330 | TR1 165 | TR2 165
515.3591 	DATA 	Keypress: 5
515.3591 	DATA 	Waited 2.433178186416626 seconds for trigger
515.3599 	DATA 	
515.3599 	DATA 	Trial 13
515.3599 	DATA 	stimDur = 12.0
515.3599 	DATA 	jitter = 0.78525
515.3599 	DATA 	restDur = 30.0

515.3599 	DATA 	
515.3599 	DATA 	TR 331 | TR1 166 | TR2 165
516.1590 	DATA 	
516.1590 	DATA 	stimulation started
516.1590 	DATA 	
516.9090 	DATA 	Keypress: 5
516.9091 	DATA 	TR 332 | TR1 166 | TR2 166
518.4922 	DATA 	Keypress: 5
518.4922 	DATA 	TR 333 | TR1 167 | TR2 166
520.0420 	DATA 	Keypress: 5
520.0421 	DATA 	TR 334 | TR1 167 | TR2 167
521.6085 	DATA 	Keypress: 5
521.6086 	DATA 	TR 335 | TR1 168 | TR2 167
523.1584 	DATA 	Keypress: 5
523.1585 	DATA 	TR 336 | TR1 168 | TR2 168
523.4750 	DATA 	Target presented
524.0083 	DATA 	Keypress: 1
524.0084 	DATA 	Key1 pressed
524.0084 	DATA 	Target detected
524.7249 	DATA 	Keypress: 5
524.7249 	DATA 	TR 337 | TR1 169 | TR2 168
526.2748 	DATA 	Keypress: 5
526.2749 	DATA 	TR 338 | TR1 169 | TR2 169
527.8580 	DATA 	Keypress: 5
527.8580 	DATA 	TR 339 | TR1 170 | TR2 169
528.1579 	DATA 	
528.1579 	DATA 	stimulation stopped
528.1579 	DATA 	
529.4078 	DATA 	Keypress: 5
529.4078 	DATA 	TR 340 | TR1 170 | TR2 170
530.9743 	DATA 	Keypress: 5
530.9743 	DATA 	TR 341 | TR1 171 | TR2 170
532.5241 	DATA 	Keypress: 5
532.5242 	DATA 	TR 342 | TR1 171 | TR2 171
534.1073 	DATA 	Keypress: 5
534.1074 	DATA 	TR 343 | TR1 172 | TR2 171
535.6572 	DATA 	Keypress: 5
535.6572 	DATA 	TR 344 | TR1 172 | TR2 172
537.2237 	DATA 	Keypress: 5
537.2237 	DATA 	TR 345 | TR1 173 | TR2 172
538.7736 	DATA 	Keypress: 5
538.7736 	DATA 	TR 346 | TR1 173 | TR2 173
540.3407 	DATA 	Keypress: 5
540.3568 	DATA 	TR 347 | TR1 174 | TR2 173
541.9066 	DATA 	Keypress: 5
541.9066 	DATA 	TR 348 | TR1 174 | TR2 174
543.4731 	DATA 	Keypress: 5
543.4732 	DATA 	TR 349 | TR1 175 | TR2 174
545.0230 	DATA 	Keypress: 5
545.0231 	DATA 	TR 350 | TR1 175 | TR2 175
546.5895 	DATA 	Keypress: 5
546.5896 	DATA 	TR 351 | TR1 176 | TR2 175
548.1394 	DATA 	Keypress: 5
548.1394 	DATA 	TR 352 | TR1 176 | TR2 176
549.7225 	DATA 	Keypress: 5
549.7226 	DATA 	TR 353 | TR1 177 | TR2 176
551.2724 	DATA 	Keypress: 5
551.2724 	DATA 	TR 354 | TR1 177 | TR2 177
552.8389 	DATA 	Keypress: 5
552.8390 	DATA 	TR 355 | TR1 178 | TR2 177
554.3888 	DATA 	Keypress: 5
554.3888 	DATA 	TR 356 | TR1 178 | TR2 178
555.9720 	DATA 	Keypress: 5
555.9720 	DATA 	TR 357 | TR1 179 | TR2 178
557.5218 	DATA 	Keypress: 5
557.5218 	DATA 	TR 358 | TR1 179 | TR2 179
558.1551 	DATA 	
558.1551 	DATA 	Trial complete
558.1551 	DATA 	Waiting for VASO trigger to start next trial
558.1551 	DATA 	
559.0883 	DATA 	Keypress: 5
559.0885 	DATA 	Waited 0.9333770275115967 seconds for trigger
559.0892 	DATA 	
559.0892 	DATA 	Trial 14
559.0893 	DATA 	stimDur = 12.0
559.0893 	DATA 	jitter = 2.35575
559.0893 	DATA 	restDur = 30.0

559.0893 	DATA 	
559.0893 	DATA 	TR 359 | TR1 180 | TR2 179
560.6382 	DATA 	Keypress: 5
560.6382 	DATA 	TR 360 | TR1 180 | TR2 180
561.4547 	DATA 	
561.4547 	DATA 	stimulation started
561.4547 	DATA 	
562.2048 	DATA 	Keypress: 5
562.2049 	DATA 	TR 361 | TR1 181 | TR2 180
563.7554 	DATA 	Keypress: 5
563.7712 	DATA 	TR 362 | TR1 181 | TR2 181
565.3378 	DATA 	Keypress: 5
565.3379 	DATA 	TR 363 | TR1 182 | TR2 181
566.8877 	DATA 	Keypress: 5
566.8877 	DATA 	TR 364 | TR1 182 | TR2 182
568.0376 	DATA 	Target presented
568.4542 	DATA 	Keypress: 5
568.4542 	DATA 	TR 365 | TR1 183 | TR2 182
568.6042 	DATA 	Keypress: 1
568.6042 	DATA 	Key1 pressed
568.6042 	DATA 	Target detected
570.0040 	DATA 	Keypress: 5
570.0041 	DATA 	TR 366 | TR1 183 | TR2 183
571.5872 	DATA 	Keypress: 5
571.5873 	DATA 	TR 367 | TR1 184 | TR2 183
573.1371 	DATA 	Keypress: 5
573.1371 	DATA 	TR 368 | TR1 184 | TR2 184
573.4537 	DATA 	
573.4537 	DATA 	stimulation stopped
573.4537 	DATA 	
574.7036 	DATA 	Keypress: 5
574.7036 	DATA 	TR 369 | TR1 185 | TR2 184
576.2534 	DATA 	Keypress: 5
576.2535 	DATA 	TR 370 | TR1 185 | TR2 185
577.8200 	DATA 	Keypress: 5
577.8200 	DATA 	TR 371 | TR1 186 | TR2 185
579.3865 	DATA 	Keypress: 5
579.3865 	DATA 	TR 372 | TR1 186 | TR2 186
580.9530 	DATA 	Keypress: 5
580.9530 	DATA 	TR 373 | TR1 187 | TR2 186
582.5028 	DATA 	Keypress: 5
582.5029 	DATA 	TR 374 | TR1 187 | TR2 187
584.0694 	DATA 	Keypress: 5
584.0694 	DATA 	TR 375 | TR1 188 | TR2 187
585.6192 	DATA 	Keypress: 5
585.6192 	DATA 	TR 376 | TR1 188 | TR2 188
587.2024 	DATA 	Keypress: 5
587.2025 	DATA 	TR 377 | TR1 189 | TR2 188
588.7525 	DATA 	Keypress: 5
588.7525 	DATA 	TR 378 | TR1 189 | TR2 189
590.3188 	DATA 	Keypress: 5
590.3188 	DATA 	TR 379 | TR1 190 | TR2 189
591.8686 	DATA 	Keypress: 5
591.8686 	DATA 	TR 380 | TR1 190 | TR2 190
593.4518 	DATA 	Keypress: 5
593.4519 	DATA 	TR 381 | TR1 191 | TR2 190
595.0017 	DATA 	Keypress: 5
595.0017 	DATA 	TR 382 | TR1 191 | TR2 191
596.5682 	DATA 	Keypress: 5
596.5683 	DATA 	TR 383 | TR1 192 | TR2 191
598.1180 	DATA 	Keypress: 5
598.1181 	DATA 	TR 384 | TR1 192 | TR2 192
599.6846 	DATA 	Keypress: 5
599.6847 	DATA 	TR 385 | TR1 193 | TR2 192
601.2350 	DATA 	Keypress: 5
601.2511 	DATA 	TR 386 | TR1 193 | TR2 193
602.8176 	DATA 	Keypress: 5
602.8177 	DATA 	TR 387 | TR1 194 | TR2 193
603.4508 	DATA 	
603.4509 	DATA 	Trial complete
603.4509 	DATA 	Waiting for VASO trigger to start next trial
603.4509 	DATA 	
604.3675 	DATA 	Keypress: 5
604.3675 	DATA 	TR 388 | TR1 194 | TR2 194
605.9340 	DATA 	Keypress: 5
605.9341 	DATA 	Waited 2.4832279682159424 seconds for trigger
605.9349 	DATA 	
605.9349 	DATA 	Trial 15
605.9349 	DATA 	stimDur = 2.0
605.9349 	DATA 	jitter = 0.0
605.9349 	DATA 	restDur = 22.0

605.9349 	DATA 	
605.9349 	DATA 	TR 389 | TR1 195 | TR2 194
605.9349 	DATA 	
605.9349 	DATA 	stimulation started
605.9349 	DATA 	
607.4839 	DATA 	Keypress: 5
607.4840 	DATA 	TR 390 | TR1 195 | TR2 195
607.9505 	DATA 	
607.9505 	DATA 	stimulation stopped
607.9505 	DATA 	
609.0671 	DATA 	Keypress: 5
609.0672 	DATA 	TR 391 | TR1 196 | TR2 195
610.6169 	DATA 	Keypress: 5
610.6170 	DATA 	TR 392 | TR1 196 | TR2 196
612.1835 	DATA 	Keypress: 5
612.1836 	DATA 	TR 393 | TR1 197 | TR2 196
613.7333 	DATA 	Keypress: 5
613.7334 	DATA 	TR 394 | TR1 197 | TR2 197
615.3005 	DATA 	Keypress: 5
615.3165 	DATA 	TR 395 | TR1 198 | TR2 197
616.8664 	DATA 	Keypress: 5
616.8664 	DATA 	TR 396 | TR1 198 | TR2 198
618.4329 	DATA 	Keypress: 5
618.4330 	DATA 	TR 397 | TR1 199 | TR2 198
619.9828 	DATA 	Keypress: 5
619.9828 	DATA 	TR 398 | TR1 199 | TR2 199
621.5493 	DATA 	Keypress: 5
621.5494 	DATA 	TR 399 | TR1 200 | TR2 199
623.0992 	DATA 	Keypress: 5
623.0992 	DATA 	TR 400 | TR1 200 | TR2 200
624.6824 	DATA 	Keypress: 5
624.6824 	DATA 	TR 401 | TR1 201 | TR2 200
626.2322 	DATA 	Keypress: 5
626.2323 	DATA 	TR 402 | TR1 201 | TR2 201
627.7988 	DATA 	Keypress: 5
627.7988 	DATA 	TR 403 | TR1 202 | TR2 201
629.3486 	DATA 	Keypress: 5
629.3487 	DATA 	TR 404 | TR1 202 | TR2 202
629.9485 	DATA 	
629.9485 	DATA 	Trial complete
629.9485 	DATA 	Waiting for VASO trigger to start next trial
629.9485 	DATA 	
630.9318 	DATA 	Keypress: 5
630.9319 	DATA 	Waited 0.9833641052246094 seconds for trigger
630.9327 	DATA 	
630.9327 	DATA 	Trial 16
630.9327 	DATA 	stimDur = 1.0
630.9327 	DATA 	jitter = 2.35575
630.9327 	DATA 	restDur = 20.0

630.9327 	DATA 	
630.9327 	DATA 	TR 405 | TR1 203 | TR2 202
632.4817 	DATA 	Keypress: 5
632.4817 	DATA 	TR 406 | TR1 203 | TR2 203
633.2982 	DATA 	
633.2982 	DATA 	stimulation started
633.2982 	DATA 	
634.0483 	DATA 	Keypress: 5
634.0483 	DATA 	TR 407 | TR1 204 | TR2 203
634.2982 	DATA 	
634.2982 	DATA 	stimulation stopped
634.2982 	DATA 	
635.5980 	DATA 	Keypress: 5
635.5981 	DATA 	TR 408 | TR1 204 | TR2 204
637.1646 	DATA 	Keypress: 5
637.1647 	DATA 	TR 409 | TR1 205 | TR2 204
638.7311 	DATA 	Keypress: 5
638.7312 	DATA 	TR 410 | TR1 205 | TR2 205
640.2977 	DATA 	Keypress: 5
640.2977 	DATA 	TR 411 | TR1 206 | TR2 205
641.8475 	DATA 	Keypress: 5
641.8476 	DATA 	TR 412 | TR1 206 | TR2 206
643.4141 	DATA 	Keypress: 5
643.4141 	DATA 	TR 413 | TR1 207 | TR2 206
644.9639 	DATA 	Keypress: 5
644.9639 	DATA 	TR 414 | TR1 207 | TR2 207
646.5471 	DATA 	Keypress: 5
646.5472 	DATA 	TR 415 | TR1 208 | TR2 207
648.0969 	DATA 	Keypress: 5
648.0970 	DATA 	TR 416 | TR1 208 | TR2 208
648.4302 	DATA 	Target presented
649.0302 	DATA 	Keypress: 1
649.0303 	DATA 	Key1 pressed
649.0303 	DATA 	Target detected
649.6635 	DATA 	Keypress: 5
649.6635 	DATA 	TR 417 | TR1 209 | TR2 208
651.2133 	DATA 	Keypress: 5
651.2134 	DATA 	TR 418 | TR1 209 | TR2 209
652.7966 	DATA 	Keypress: 5
652.7966 	DATA 	TR 419 | TR1 210 | TR2 209
654.2964 	DATA 	
654.2964 	DATA 	Trial complete
654.2964 	DATA 	Waiting for VASO trigger to start next trial
654.2964 	DATA 	
654.3464 	DATA 	Keypress: 5
654.3464 	DATA 	TR 420 | TR1 210 | TR2 210
655.9129 	DATA 	Keypress: 5
655.9130 	DATA 	Waited 1.6166200637817383 seconds for trigger
655.9138 	DATA 	
655.9138 	DATA 	Trial 17
655.9138 	DATA 	stimDur = 24.0
655.9138 	DATA 	jitter = 2.35575
655.9138 	DATA 	restDur = 40.0

655.9138 	DATA 	
655.9138 	DATA 	TR 421 | TR1 211 | TR2 210
657.4628 	DATA 	Keypress: 5
657.4628 	DATA 	TR 422 | TR1 211 | TR2 211
658.2794 	DATA 	
658.2794 	DATA 	stimulation started
658.2794 	DATA 	
659.0295 	DATA 	Keypress: 5
659.0295 	DATA 	TR 423 | TR1 212 | TR2 211
660.5792 	DATA 	Keypress: 5
660.5793 	DATA 	TR 424 | TR1 212 | TR2 212
662.1624 	DATA 	Keypress: 5
662.1625 	DATA 	TR 425 | TR1 213 | TR2 212
663.7123 	DATA 	Keypress: 5
663.7123 	DATA 	TR 426 | TR1 213 | TR2 213
665.2788 	DATA 	Keypress: 5
665.2789 	DATA 	TR 427 | TR1 214 | TR2 213
666.8287 	DATA 	Keypress: 5
666.8287 	DATA 	TR 428 | TR1 214 | TR2 214
668.4119 	DATA 	Keypress: 5
668.4120 	DATA 	TR 429 | TR1 215 | TR2 214
669.9617 	DATA 	Keypress: 5
669.9618 	DATA 	TR 430 | TR1 215 | TR2 215
671.5283 	DATA 	Keypress: 5
671.5283 	DATA 	TR 431 | TR1 216 | TR2 215
673.0781 	DATA 	Keypress: 5
673.0782 	DATA 	TR 432 | TR1 216 | TR2 216
674.6447 	DATA 	Keypress: 5
674.6447 	DATA 	TR 433 | TR1 217 | TR2 216
676.2112 	DATA 	Keypress: 5
676.2112 	DATA 	TR 434 | TR1 217 | TR2 217
677.7777 	DATA 	Keypress: 5
677.7778 	DATA 	TR 435 | TR1 218 | TR2 217
679.3276 	DATA 	Keypress: 5
679.3276 	DATA 	TR 436 | TR1 218 | TR2 218
680.8941 	DATA 	Keypress: 5
680.8942 	DATA 	TR 437 | TR1 219 | TR2 218
682.2773 	DATA 	
682.2773 	DATA 	stimulation stopped
682.2773 	DATA 	
682.4439 	DATA 	Keypress: 5
682.4439 	DATA 	TR 438 | TR1 219 | TR2 219
684.0271 	DATA 	Keypress: 5
684.0272 	DATA 	TR 439 | TR1 220 | TR2 219
685.5769 	DATA 	Keypress: 5
685.5770 	DATA 	TR 440 | TR1 220 | TR2 220
687.1435 	DATA 	Keypress: 5
687.1436 	DATA 	TR 441 | TR1 221 | TR2 220
688.6933 	DATA 	Keypress: 5
688.6934 	DATA 	TR 442 | TR1 221 | TR2 221
690.2766 	DATA 	Keypress: 5
690.2766 	DATA 	TR 443 | TR1 222 | TR2 221
691.8264 	DATA 	Keypress: 5
691.8264 	DATA 	TR 444 | TR1 222 | TR2 222
693.3929 	DATA 	Keypress: 5
693.3930 	DATA 	TR 445 | TR1 223 | TR2 222
694.9428 	DATA 	Keypress: 5
694.9428 	DATA 	TR 446 | TR1 223 | TR2 223
696.5093 	DATA 	Keypress: 5
696.5094 	DATA 	TR 447 | TR1 224 | TR2 223
698.0756 	DATA 	Keypress: 5
698.0757 	DATA 	TR 448 | TR1 224 | TR2 224
699.6424 	DATA 	Keypress: 5
699.6425 	DATA 	TR 449 | TR1 225 | TR2 224
701.1922 	DATA 	Keypress: 5
701.1923 	DATA 	TR 450 | TR1 225 | TR2 225
702.4921 	DATA 	Target presented
702.7588 	DATA 	Keypress: 5
702.7588 	DATA 	TR 451 | TR1 226 | TR2 225
703.1253 	DATA 	Keypress: 1
703.1254 	DATA 	Key1 pressed
703.1254 	DATA 	Target detected
704.3086 	DATA 	Keypress: 5
704.3086 	DATA 	TR 452 | TR1 226 | TR2 226
705.8918 	DATA 	Keypress: 5
705.8919 	DATA 	TR 453 | TR1 227 | TR2 226
707.4417 	DATA 	Keypress: 5
707.4417 	DATA 	TR 454 | TR1 227 | TR2 227
709.0082 	DATA 	Keypress: 5
709.0083 	DATA 	TR 455 | TR1 228 | TR2 227
710.5581 	DATA 	Keypress: 5
710.5581 	DATA 	TR 456 | TR1 228 | TR2 228
712.1247 	DATA 	Keypress: 5
712.1247 	DATA 	TR 457 | TR1 229 | TR2 228
713.6911 	DATA 	Keypress: 5
713.6912 	DATA 	TR 458 | TR1 229 | TR2 229
715.2577 	DATA 	Keypress: 5
715.2577 	DATA 	TR 459 | TR1 230 | TR2 229
716.8075 	DATA 	Keypress: 5
716.8076 	DATA 	TR 460 | TR1 230 | TR2 230
718.3741 	DATA 	Keypress: 5
718.3741 	DATA 	TR 461 | TR1 231 | TR2 230
719.9240 	DATA 	Keypress: 5
719.9241 	DATA 	TR 462 | TR1 231 | TR2 231
721.5071 	DATA 	Keypress: 5
721.5072 	DATA 	TR 463 | TR1 232 | TR2 231
722.2736 	DATA 	
722.2737 	DATA 	Trial complete
722.2737 	DATA 	Waiting for VASO trigger to start next trial
722.2737 	DATA 	
723.0568 	DATA 	Keypress: 5
723.0569 	DATA 	TR 464 | TR1 232 | TR2 232
724.6235 	DATA 	Keypress: 5
724.6235 	DATA 	Waited 2.3498260974884033 seconds for trigger
724.6243 	DATA 	
724.6243 	DATA 	Trial 18
724.6243 	DATA 	stimDur = 1.0
724.6243 	DATA 	jitter = 0.78525
724.6243 	DATA 	restDur = 20.0

724.6243 	DATA 	
724.6243 	DATA 	TR 465 | TR1 233 | TR2 232
725.4235 	DATA 	
725.4235 	DATA 	stimulation started
725.4235 	DATA 	
726.1734 	DATA 	Keypress: 5
726.1735 	DATA 	TR 466 | TR1 233 | TR2 233
726.4234 	DATA 	
726.4235 	DATA 	stimulation stopped
726.4235 	DATA 	
727.7565 	DATA 	Keypress: 5
727.7566 	DATA 	TR 467 | TR1 234 | TR2 233
729.3064 	DATA 	Keypress: 5
729.3064 	DATA 	TR 468 | TR1 234 | TR2 234
730.8729 	DATA 	Keypress: 5
730.8730 	DATA 	TR 469 | TR1 235 | TR2 234
732.4228 	DATA 	Keypress: 5
732.4229 	DATA 	TR 470 | TR1 235 | TR2 235
733.9892 	DATA 	Keypress: 5
733.9893 	DATA 	TR 471 | TR1 236 | TR2 235
735.5398 	DATA 	Keypress: 5
735.5558 	DATA 	TR 472 | TR1 236 | TR2 236
737.1223 	DATA 	Keypress: 5
737.1224 	DATA 	TR 473 | TR1 237 | TR2 236
738.6722 	DATA 	Keypress: 5
738.6723 	DATA 	TR 474 | TR1 237 | TR2 237
740.2387 	DATA 	Keypress: 5
740.2388 	DATA 	TR 475 | TR1 238 | TR2 237
741.7886 	DATA 	Keypress: 5
741.7887 	DATA 	TR 476 | TR1 238 | TR2 238
743.3718 	DATA 	Keypress: 5
743.3718 	DATA 	TR 477 | TR1 239 | TR2 238
744.9217 	DATA 	Keypress: 5
744.9217 	DATA 	TR 478 | TR1 239 | TR2 239
746.4215 	DATA 	
746.4215 	DATA 	Trial complete
746.4215 	DATA 	Waiting for VASO trigger to start next trial
746.4215 	DATA 	
746.4882 	DATA 	Keypress: 5
746.4882 	DATA 	Waited 0.06671810150146484 seconds for trigger
746.4890 	DATA 	
746.4890 	DATA 	Trial 19
746.4890 	DATA 	stimDur = 2.0
746.4890 	DATA 	jitter = 1.5705
746.4890 	DATA 	restDur = 22.0

746.4890 	DATA 	
746.4890 	DATA 	TR 479 | TR1 240 | TR2 239
748.0381 	DATA 	Keypress: 5
748.0381 	DATA 	TR 480 | TR1 240 | TR2 240
748.0713 	DATA 	
748.0713 	DATA 	stimulation started
748.0714 	DATA 	
749.6054 	DATA 	Keypress: 5
749.6213 	DATA 	TR 481 | TR1 241 | TR2 240
750.0712 	DATA 	
750.0712 	DATA 	stimulation stopped
750.0712 	DATA 	
751.1711 	DATA 	Keypress: 5
751.1712 	DATA 	TR 482 | TR1 241 | TR2 241
752.7376 	DATA 	Keypress: 5
752.7377 	DATA 	TR 483 | TR1 242 | TR2 241
754.2875 	DATA 	Keypress: 5
754.2876 	DATA 	TR 484 | TR1 242 | TR2 242
755.8540 	DATA 	Keypress: 5
755.8541 	DATA 	TR 485 | TR1 243 | TR2 242
757.4039 	DATA 	Keypress: 5
757.4040 	DATA 	TR 486 | TR1 243 | TR2 243
758.9871 	DATA 	Keypress: 5
758.9871 	DATA 	TR 487 | TR1 244 | TR2 243
760.5369 	DATA 	Keypress: 5
760.5369 	DATA 	TR 488 | TR1 244 | TR2 244
762.1034 	DATA 	Keypress: 5
762.1035 	DATA 	TR 489 | TR1 245 | TR2 244
763.6533 	DATA 	Keypress: 5
763.6534 	DATA 	TR 490 | TR1 245 | TR2 245
765.2365 	DATA 	Keypress: 5
765.2365 	DATA 	TR 491 | TR1 246 | TR2 245
766.7864 	DATA 	Keypress: 5
766.7864 	DATA 	TR 492 | TR1 246 | TR2 246
768.3529 	DATA 	Keypress: 5
768.3529 	DATA 	TR 493 | TR1 247 | TR2 246
769.9028 	DATA 	Keypress: 5
769.9028 	DATA 	TR 494 | TR1 247 | TR2 247
771.4694 	DATA 	Keypress: 5
771.4694 	DATA 	TR 495 | TR1 248 | TR2 247
772.0692 	DATA 	
772.0692 	DATA 	Trial complete
772.0692 	DATA 	
773.0358 	DATA 	Keypress: 5
773.0359 	DATA 	TR 496 | TR1 248 | TR2 248
774.6023 	DATA 	Keypress: 5
774.6024 	DATA 	Waited 28.180869102478027 seconds for trigger
774.6032 	DATA 	
774.6032 	DATA 	Trial 20
774.6032 	DATA 	stimDur = 1.0
774.6032 	DATA 	jitter = 0.0
774.6032 	DATA 	restDur = 20.0

774.6032 	DATA 	
774.6032 	DATA 	TR 497 | TR1 249 | TR2 248
774.6032 	DATA 	
774.6032 	DATA 	stimulation started
774.6032 	DATA 	
775.6190 	DATA 	
775.6190 	DATA 	stimulation stopped
775.6190 	DATA 	
776.1522 	DATA 	Keypress: 5
776.1523 	DATA 	TR 498 | TR1 249 | TR2 249
777.7187 	DATA 	Keypress: 5
777.7188 	DATA 	TR 499 | TR1 250 | TR2 249
779.2686 	DATA 	Keypress: 5
779.2686 	DATA 	TR 500 | TR1 250 | TR2 250
780.8518 	DATA 	Keypress: 5
780.8518 	DATA 	TR 501 | TR1 251 | TR2 250
782.4016 	DATA 	Keypress: 5
782.4017 	DATA 	TR 502 | TR1 251 | TR2 251
783.9681 	DATA 	Keypress: 5
783.9682 	DATA 	TR 503 | TR1 252 | TR2 251
785.5180 	DATA 	Keypress: 5
785.5181 	DATA 	TR 504 | TR1 252 | TR2 252
787.1012 	DATA 	Keypress: 5
787.1012 	DATA 	TR 505 | TR1 253 | TR2 252
788.6511 	DATA 	Keypress: 5
788.6512 	DATA 	TR 506 | TR1 253 | TR2 253
790.2176 	DATA 	Keypress: 5
790.2176 	DATA 	TR 507 | TR1 254 | TR2 253
791.7675 	DATA 	Keypress: 5
791.7675 	DATA 	TR 508 | TR1 254 | TR2 254
793.3340 	DATA 	Keypress: 5
793.3340 	DATA 	TR 509 | TR1 255 | TR2 254
794.8845 	DATA 	Keypress: 5
794.9005 	DATA 	TR 510 | TR1 255 | TR2 255
795.6171 	DATA 	
795.6171 	DATA 	Trial complete
795.6171 	DATA 	
796.4670 	DATA 	Keypress: 5
796.4671 	DATA 	TR 511 | TR1 256 | TR2 255
798.0169 	DATA 	Keypress: 5
798.0170 	DATA 	TR 512 | TR1 256 | TR2 256
799.5834 	DATA 	Keypress: 5
799.5835 	DATA 	TR 513 | TR1 257 | TR2 256
801.1333 	DATA 	Keypress: 5
801.1334 	DATA 	TR 514 | TR1 257 | TR2 257
802.7167 	DATA 	Keypress: 5
802.7167 	DATA 	TR 515 | TR1 258 | TR2 257
804.2664 	DATA 	Keypress: 5
804.2664 	DATA 	TR 516 | TR1 258 | TR2 258
805.8329 	DATA 	Keypress: 5
805.8329 	DATA 	TR 517 | TR1 259 | TR2 258
807.3827 	DATA 	Keypress: 5
807.3828 	DATA 	TR 518 | TR1 259 | TR2 259
808.9492 	DATA 	Keypress: 5
808.9493 	DATA 	TR 519 | TR1 260 | TR2 259
810.5158 	DATA 	Keypress: 5
810.5158 	DATA 	TR 520 | TR1 260 | TR2 260
812.0823 	DATA 	Keypress: 5
812.0823 	DATA 	TR 521 | TR1 261 | TR2 260
813.6322 	DATA 	Keypress: 5
813.6322 	DATA 	TR 522 | TR1 261 | TR2 261
815.1987 	DATA 	Keypress: 5
815.1987 	DATA 	TR 523 | TR1 262 | TR2 261
816.7486 	DATA 	Keypress: 5
816.7486 	DATA 	TR 524 | TR1 262 | TR2 262
818.3317 	DATA 	Keypress: 5
818.3318 	DATA 	TR 525 | TR1 263 | TR2 262
819.8816 	DATA 	Keypress: 5
819.8817 	DATA 	TR 526 | TR1 263 | TR2 263
821.4481 	DATA 	Keypress: 5
821.4482 	DATA 	TR 527 | TR1 264 | TR2 263
822.0647 	DATA 	EndOfRun sub-09_ses-03_run-03

822.0647 	DATA 	We spent 51.50111985206604 seconds waiting for triggers
822.0647 	DATA 	RatioOfDetectedTargets 1.0
822.0647 	DATA 	You have detected 12 out of 12 targets.
826.8867 	DATA 	Keypress: 5
826.8869 	DATA 	Keypress: 5
826.8870 	DATA 	Keypress: 5
827.0940 	EXP 	window1: mouseVisible = True
