MonitorDistance=99cm
MonitorWidth=30cm
PixelWidth=1024.0
PixelHeight=768.0
You have detected 12 out of 12 targets.
Excellent! Keep up the good work
8.4637 	INFO 	Loaded monitor calibration from ['2021_05_26 17:55']
8.9292 	EXP 	Created window1 = Window(allowGUI=False, allowStencil=False, autoLog=True, backendConf=UNKNOWN, bitsMode=UNKNOWN, blendMode='avg', bpc=(8, 8, 8), color=array([-0.5, -0.5, -0.5]), colorSpace='rgb', depthBits=8, fullscr=<method-wrapper '__getattribute__' of attributeSetter object at 0x7fdf26b68438>, gamma=None, gammaErrorPolicy='raise', lms=UNKNOWN, monitor=<psychopy.monitors.calibTools.Monitor object at 0x7fdf1c988080>, multiSample=False, name='window1', numSamples=2, pos=[0.0, 0.0], screen=0, size=array([1024,  768]), stencilBits=0, stereo=False, units='deg', useFBO=False, useRetina=False, viewOri=0.0, viewPos=None, viewScale=None, waitBlanking=True, winType='pyglet')
8.9293 	EXP 	window1: mouseVisible = True
8.9978 	EXP 	Created unnamed TextStim = TextStim(__class__=<class 'psychopy.visual.text.TextStim'>, alignHoriz=method-wrapper(...), alignText='center', alignVert=method-wrapper(...), anchorHoriz='center', anchorVert='center', antialias=True, autoLog=True, bold=False, color=array([1., 1., 1.]), colorSpace='rgb', contrast=1.0, depth=0, flipHoriz=False, flipVert=False, font='', fontFiles=[], height=0.5, italic=False, languageStyle='LTR', name='unnamed TextStim', opacity=1.0, ori=0.0, pos=array([0., 0.]), rgb=UNKNOWN, text=str(...), units='deg', win=Window(...), wrapWidth=15.0)
9.0295 	EXP 	Created Movie Frame 0 = ImageStim(__class__=<class 'psychopy.visual.image.ImageStim'>, autoLog=True, color=array([0.8, 0.8, 0.8]), colorSpace='rgb', contrast=0.8, depth=0, flipHoriz=False, flipVert=False, image='visual_0.png', interpolate=False, mask=None, maskParams=None, name='Movie Frame 0', opacity=1, ori=0.0, pos=array([0., 0.]), size=array([1024,  768]), texRes=128, units='pix', win=Window(...))
9.0539 	EXP 	Created Movie Frame 1 = ImageStim(__class__=<class 'psychopy.visual.image.ImageStim'>, autoLog=True, color=array([0.8, 0.8, 0.8]), colorSpace='rgb', contrast=0.8, depth=0, flipHoriz=False, flipVert=False, image='visual_1.png', interpolate=False, mask=None, maskParams=None, name='Movie Frame 1', opacity=1, ori=0.0, pos=array([0., 0.]), size=array([1024,  768]), texRes=128, units='pix', win=Window(...))
59.3770 	DATA 	Keypress: 5
0.0000 	DATA 	StartOfRun sub-09_ses-03_run-06
0.0000 	DATA 	TR 1 | TR1 1 | TR2 0
0.0204 	DATA 	Initial baseline

1.5502 	DATA 	Keypress: 5
1.5502 	DATA 	TR 2 | TR1 1 | TR2 1
3.1223 	DATA 	Keypress: 5
3.1224 	DATA 	TR 3 | TR1 2 | TR2 1
4.6736 	DATA 	Keypress: 5
4.6737 	DATA 	TR 4 | TR1 2 | TR2 2
6.2458 	DATA 	Keypress: 5
6.2458 	DATA 	TR 5 | TR1 3 | TR2 2
7.7969 	DATA 	Keypress: 5
7.7969 	DATA 	TR 6 | TR1 3 | TR2 3
9.3691 	DATA 	Keypress: 5
9.3691 	DATA 	TR 7 | TR1 4 | TR2 3
10.9203 	DATA 	Keypress: 5
10.9203 	DATA 	TR 8 | TR1 4 | TR2 4
12.4925 	DATA 	Keypress: 5
12.4925 	DATA 	TR 9 | TR1 5 | TR2 4
14.0437 	DATA 	Keypress: 5
14.0437 	DATA 	TR 10 | TR1 5 | TR2 5
15.6159 	DATA 	Keypress: 5
15.6159 	DATA 	TR 11 | TR1 6 | TR2 5
17.1669 	DATA 	Keypress: 5
17.1669 	DATA 	TR 12 | TR1 6 | TR2 6
18.7393 	DATA 	Keypress: 5
18.7393 	DATA 	TR 13 | TR1 7 | TR2 6
20.2905 	DATA 	Keypress: 5
20.2905 	DATA 	TR 14 | TR1 7 | TR2 7
21.8626 	DATA 	Keypress: 5
21.8627 	DATA 	TR 15 | TR1 8 | TR2 7
23.4139 	DATA 	Keypress: 5
23.4139 	DATA 	TR 16 | TR1 8 | TR2 8
24.9860 	DATA 	Keypress: 5
24.9861 	DATA 	TR 17 | TR1 9 | TR2 8
26.5372 	DATA 	Keypress: 5
26.5372 	DATA 	TR 18 | TR1 9 | TR2 9
28.1094 	DATA 	Keypress: 5
28.1094 	DATA 	TR 19 | TR1 10 | TR2 9
29.6606 	DATA 	Keypress: 5
29.6606 	DATA 	TR 20 | TR1 10 | TR2 10
31.2349 	DATA 	Keypress: 5
31.2350 	DATA 	Waited 1.234950065612793 seconds for trigger
31.2364 	DATA 	
31.2364 	DATA 	Trial 1
31.2364 	DATA 	stimDur = 12.0
31.2364 	DATA 	jitter = 0.0
31.2364 	DATA 	restDur = 30.0

31.2364 	DATA 	
31.2364 	DATA 	TR 21 | TR1 11 | TR2 10
31.2364 	DATA 	
31.2364 	DATA 	stimulation started
31.2364 	DATA 	
32.7848 	DATA 	Keypress: 5
32.7849 	DATA 	TR 22 | TR1 11 | TR2 11
34.3679 	DATA 	Keypress: 5
34.3680 	DATA 	TR 23 | TR1 12 | TR2 11
35.9178 	DATA 	Keypress: 5
35.9179 	DATA 	TR 24 | TR1 12 | TR2 12
37.4843 	DATA 	Keypress: 5
37.4844 	DATA 	TR 25 | TR1 13 | TR2 12
39.0342 	DATA 	Keypress: 5
39.0343 	DATA 	TR 26 | TR1 13 | TR2 13
40.6174 	DATA 	Keypress: 5
40.6174 	DATA 	TR 27 | TR1 14 | TR2 13
42.1673 	DATA 	Keypress: 5
42.1673 	DATA 	TR 28 | TR1 14 | TR2 14
43.2506 	DATA 	
43.2506 	DATA 	stimulation stopped
43.2506 	DATA 	
43.7337 	DATA 	Keypress: 5
43.7337 	DATA 	TR 29 | TR1 15 | TR2 14
45.2836 	DATA 	Keypress: 5
45.2836 	DATA 	TR 30 | TR1 15 | TR2 15
46.8501 	DATA 	Keypress: 5
46.8501 	DATA 	TR 31 | TR1 16 | TR2 15
48.4166 	DATA 	Keypress: 5
48.4167 	DATA 	TR 32 | TR1 16 | TR2 16
49.9831 	DATA 	Keypress: 5
49.9832 	DATA 	TR 33 | TR1 17 | TR2 16
51.5330 	DATA 	Keypress: 5
51.5330 	DATA 	TR 34 | TR1 17 | TR2 17
53.0995 	DATA 	Keypress: 5
53.0995 	DATA 	TR 35 | TR1 18 | TR2 17
54.6494 	DATA 	Keypress: 5
54.6494 	DATA 	TR 36 | TR1 18 | TR2 18
56.2325 	DATA 	Keypress: 5
56.2326 	DATA 	TR 37 | TR1 19 | TR2 18
57.7824 	DATA 	Keypress: 5
57.7824 	DATA 	TR 38 | TR1 19 | TR2 19
59.3489 	DATA 	Keypress: 5
59.3490 	DATA 	TR 39 | TR1 20 | TR2 19
60.8989 	DATA 	Keypress: 5
60.8990 	DATA 	TR 40 | TR1 20 | TR2 20
62.4659 	DATA 	Keypress: 5
62.4819 	DATA 	TR 41 | TR1 21 | TR2 20
64.0318 	DATA 	Keypress: 5
64.0319 	DATA 	TR 42 | TR1 21 | TR2 21
65.5984 	DATA 	Keypress: 5
65.5984 	DATA 	TR 43 | TR1 22 | TR2 21
67.1484 	DATA 	Keypress: 5
67.1484 	DATA 	TR 44 | TR1 22 | TR2 22
68.7147 	DATA 	Keypress: 5
68.7148 	DATA 	TR 45 | TR1 23 | TR2 22
70.2652 	DATA 	Keypress: 5
70.2812 	DATA 	TR 46 | TR1 23 | TR2 23
71.8479 	DATA 	Keypress: 5
71.8479 	DATA 	TR 47 | TR1 24 | TR2 23
73.2476 	DATA 	
73.2476 	DATA 	Trial complete
73.2476 	DATA 	Waiting for VASO trigger to start next trial
73.2476 	DATA 	
73.3975 	DATA 	Keypress: 5
73.3975 	DATA 	TR 48 | TR1 24 | TR2 24
74.9642 	DATA 	Keypress: 5
74.9642 	DATA 	Waited 1.716590166091919 seconds for trigger
74.9650 	DATA 	
74.9651 	DATA 	Trial 2
74.9651 	DATA 	stimDur = 24.0
74.9651 	DATA 	jitter = 0.78525
74.9651 	DATA 	restDur = 40.0

74.9651 	DATA 	
74.9651 	DATA 	TR 49 | TR1 25 | TR2 24
75.7640 	DATA 	
75.7641 	DATA 	stimulation started
75.7641 	DATA 	
76.5141 	DATA 	Keypress: 5
76.5141 	DATA 	TR 50 | TR1 25 | TR2 25
78.0972 	DATA 	Keypress: 5
78.0973 	DATA 	TR 51 | TR1 26 | TR2 25
79.6471 	DATA 	Keypress: 5
79.6471 	DATA 	TR 52 | TR1 26 | TR2 26
80.7137 	DATA 	Target presented
81.2136 	DATA 	Keypress: 1
81.2137 	DATA 	Keypress: 5
81.2137 	DATA 	Key1 pressed
81.2137 	DATA 	Target detected
81.2137 	DATA 	TR 53 | TR1 27 | TR2 26
82.7635 	DATA 	Keypress: 5
82.7635 	DATA 	TR 54 | TR1 27 | TR2 27
84.3300 	DATA 	Keypress: 5
84.3301 	DATA 	TR 55 | TR1 28 | TR2 27
85.8965 	DATA 	Keypress: 5
85.8966 	DATA 	TR 56 | TR1 28 | TR2 28
87.4630 	DATA 	Keypress: 5
87.4630 	DATA 	TR 57 | TR1 29 | TR2 28
89.0129 	DATA 	Keypress: 5
89.0129 	DATA 	TR 58 | TR1 29 | TR2 29
90.5795 	DATA 	Keypress: 5
90.5795 	DATA 	TR 59 | TR1 30 | TR2 29
92.1292 	DATA 	Keypress: 5
92.1293 	DATA 	TR 60 | TR1 30 | TR2 30
93.7125 	DATA 	Keypress: 5
93.7125 	DATA 	TR 61 | TR1 31 | TR2 30
95.2623 	DATA 	Keypress: 5
95.2624 	DATA 	TR 62 | TR1 31 | TR2 31
96.8289 	DATA 	Keypress: 5
96.8289 	DATA 	TR 63 | TR1 32 | TR2 31
98.3787 	DATA 	Keypress: 5
98.3787 	DATA 	TR 64 | TR1 32 | TR2 32
99.7619 	DATA 	
99.7619 	DATA 	stimulation stopped
99.7619 	DATA 	
99.9618 	DATA 	Keypress: 5
99.9619 	DATA 	TR 65 | TR1 33 | TR2 32
101.5117 	DATA 	Keypress: 5
101.5117 	DATA 	TR 66 | TR1 33 | TR2 33
103.0782 	DATA 	Keypress: 5
103.0783 	DATA 	TR 67 | TR1 34 | TR2 33
104.6281 	DATA 	Keypress: 5
104.6281 	DATA 	TR 68 | TR1 34 | TR2 34
106.1946 	DATA 	Keypress: 5
106.1947 	DATA 	TR 69 | TR1 35 | TR2 34
107.7446 	DATA 	Keypress: 5
107.7446 	DATA 	TR 70 | TR1 35 | TR2 35
109.3277 	DATA 	Keypress: 5
109.3277 	DATA 	TR 71 | TR1 36 | TR2 35
110.8775 	DATA 	Keypress: 5
110.8775 	DATA 	TR 72 | TR1 36 | TR2 36
112.4440 	DATA 	Keypress: 5
112.4440 	DATA 	TR 73 | TR1 37 | TR2 36
113.9939 	DATA 	Keypress: 5
113.9939 	DATA 	TR 74 | TR1 37 | TR2 37
115.5771 	DATA 	Keypress: 5
115.5771 	DATA 	TR 75 | TR1 38 | TR2 37
117.1269 	DATA 	Keypress: 5
117.1269 	DATA 	TR 76 | TR1 38 | TR2 38
118.6935 	DATA 	Keypress: 5
118.6935 	DATA 	TR 77 | TR1 39 | TR2 38
120.2433 	DATA 	Keypress: 5
120.2433 	DATA 	TR 78 | TR1 39 | TR2 39
121.8104 	DATA 	Keypress: 5
121.8265 	DATA 	TR 79 | TR1 40 | TR2 39
123.3763 	DATA 	Keypress: 5
123.3764 	DATA 	TR 80 | TR1 40 | TR2 40
124.9429 	DATA 	Keypress: 5
124.9429 	DATA 	TR 81 | TR1 41 | TR2 40
126.4927 	DATA 	Keypress: 5
126.4928 	DATA 	TR 82 | TR1 41 | TR2 41
128.0593 	DATA 	Keypress: 5
128.0593 	DATA 	TR 83 | TR1 42 | TR2 41
129.6091 	DATA 	Keypress: 5
129.6091 	DATA 	TR 84 | TR1 42 | TR2 42
131.1923 	DATA 	Keypress: 5
131.1924 	DATA 	TR 85 | TR1 43 | TR2 42
132.7421 	DATA 	Keypress: 5
132.7422 	DATA 	TR 86 | TR1 43 | TR2 43
134.3087 	DATA 	Keypress: 5
134.3087 	DATA 	TR 87 | TR1 44 | TR2 43
135.8585 	DATA 	Keypress: 5
135.8586 	DATA 	TR 88 | TR1 44 | TR2 44
136.1918 	DATA 	Target presented
136.6918 	DATA 	Keypress: 1
136.6918 	DATA 	Key1 pressed
136.6918 	DATA 	Target detected
137.4417 	DATA 	Keypress: 5
137.4418 	DATA 	TR 89 | TR1 45 | TR2 44
138.9916 	DATA 	Keypress: 5
138.9916 	DATA 	TR 90 | TR1 45 | TR2 45
139.7581 	DATA 	
139.7581 	DATA 	Trial complete
139.7582 	DATA 	Waiting for VASO trigger to start next trial
139.7582 	DATA 	
140.5581 	DATA 	Keypress: 5
140.5582 	DATA 	Waited 0.7999939918518066 seconds for trigger
140.5589 	DATA 	
140.5589 	DATA 	Trial 3
140.5589 	DATA 	stimDur = 2.0
140.5590 	DATA 	jitter = 2.35575
140.5590 	DATA 	restDur = 22.0

140.5590 	DATA 	
140.5590 	DATA 	TR 91 | TR1 46 | TR2 45
142.1079 	DATA 	Keypress: 5
142.1080 	DATA 	TR 92 | TR1 46 | TR2 46
142.9245 	DATA 	
142.9245 	DATA 	stimulation started
142.9245 	DATA 	
143.6745 	DATA 	Keypress: 5
143.6746 	DATA 	TR 93 | TR1 47 | TR2 46
144.9244 	DATA 	
144.9244 	DATA 	stimulation stopped
144.9244 	DATA 	
145.2249 	DATA 	Keypress: 5
145.2409 	DATA 	TR 94 | TR1 47 | TR2 47
146.8075 	DATA 	Keypress: 5
146.8076 	DATA 	TR 95 | TR1 48 | TR2 47
148.3574 	DATA 	Keypress: 5
148.3574 	DATA 	TR 96 | TR1 48 | TR2 48
149.9239 	DATA 	Keypress: 5
149.9239 	DATA 	TR 97 | TR1 49 | TR2 48
151.4737 	DATA 	Keypress: 5
151.4738 	DATA 	TR 98 | TR1 49 | TR2 49
153.0569 	DATA 	Keypress: 5
153.0570 	DATA 	TR 99 | TR1 50 | TR2 49
154.6070 	DATA 	Keypress: 5
154.6071 	DATA 	TR 100 | TR1 50 | TR2 50
156.1733 	DATA 	Keypress: 5
156.1734 	DATA 	TR 101 | TR1 51 | TR2 50
157.7232 	DATA 	Keypress: 5
157.7232 	DATA 	TR 102 | TR1 51 | TR2 51
159.3064 	DATA 	Keypress: 5
159.3065 	DATA 	TR 103 | TR1 52 | TR2 51
160.8562 	DATA 	Keypress: 5
160.8563 	DATA 	TR 104 | TR1 52 | TR2 52
162.4228 	DATA 	Keypress: 5
162.4228 	DATA 	TR 105 | TR1 53 | TR2 52
163.9726 	DATA 	Keypress: 5
163.9726 	DATA 	TR 106 | TR1 53 | TR2 53
165.5392 	DATA 	Keypress: 5
165.5392 	DATA 	TR 107 | TR1 54 | TR2 53
166.9223 	DATA 	
166.9223 	DATA 	Trial complete
166.9223 	DATA 	Waiting for VASO trigger to start next trial
166.9223 	DATA 	
167.0889 	DATA 	Keypress: 5
167.0890 	DATA 	TR 108 | TR1 54 | TR2 54
168.6722 	DATA 	Keypress: 5
168.6722 	DATA 	Waited 1.7498910427093506 seconds for trigger
168.6730 	DATA 	
168.6730 	DATA 	Trial 4
168.6730 	DATA 	stimDur = 2.0
168.6730 	DATA 	jitter = 0.78525
168.6730 	DATA 	restDur = 22.0

168.6730 	DATA 	
168.6730 	DATA 	TR 109 | TR1 55 | TR2 54
169.4720 	DATA 	
169.4720 	DATA 	stimulation started
169.4720 	DATA 	
170.2221 	DATA 	Keypress: 5
170.2221 	DATA 	TR 110 | TR1 55 | TR2 55
171.4719 	DATA 	
171.4719 	DATA 	stimulation stopped
171.4719 	DATA 	
171.7886 	DATA 	Keypress: 5
171.7886 	DATA 	TR 111 | TR1 56 | TR2 55
173.3384 	DATA 	Keypress: 5
173.3385 	DATA 	TR 112 | TR1 56 | TR2 56
174.9216 	DATA 	Keypress: 5
174.9216 	DATA 	TR 113 | TR1 57 | TR2 56
176.4715 	DATA 	Keypress: 5
176.4715 	DATA 	TR 114 | TR1 57 | TR2 57
178.0380 	DATA 	Keypress: 5
178.0380 	DATA 	TR 115 | TR1 58 | TR2 57
179.5878 	DATA 	Keypress: 5
179.5879 	DATA 	TR 116 | TR1 58 | TR2 58
181.1544 	DATA 	Keypress: 5
181.1544 	DATA 	TR 117 | TR1 59 | TR2 58
182.7209 	DATA 	Keypress: 5
182.7209 	DATA 	TR 118 | TR1 59 | TR2 59
184.2874 	DATA 	Keypress: 5
184.2874 	DATA 	TR 119 | TR1 60 | TR2 59
185.8372 	DATA 	Keypress: 5
185.8373 	DATA 	TR 120 | TR1 60 | TR2 60
187.4038 	DATA 	Keypress: 5
187.4039 	DATA 	TR 121 | TR1 61 | TR2 60
188.9536 	DATA 	Keypress: 5
188.9537 	DATA 	TR 122 | TR1 61 | TR2 61
190.5368 	DATA 	Keypress: 5
190.5369 	DATA 	TR 123 | TR1 62 | TR2 61
192.0866 	DATA 	Keypress: 5
192.0867 	DATA 	TR 124 | TR1 62 | TR2 62
193.4698 	DATA 	
193.4699 	DATA 	Trial complete
193.4699 	DATA 	Waiting for VASO trigger to start next trial
193.4699 	DATA 	
193.6532 	DATA 	Keypress: 5
193.6532 	DATA 	Waited 0.18336105346679688 seconds for trigger
193.6540 	DATA 	
193.6540 	DATA 	Trial 5
193.6540 	DATA 	stimDur = 4.0
193.6540 	DATA 	jitter = 0.0
193.6540 	DATA 	restDur = 24.0

193.6540 	DATA 	
193.6540 	DATA 	TR 125 | TR1 63 | TR2 62
193.6540 	DATA 	
193.6540 	DATA 	stimulation started
193.6540 	DATA 	
195.2031 	DATA 	Keypress: 5
195.2031 	DATA 	TR 126 | TR1 63 | TR2 63
196.7703 	DATA 	Keypress: 5
196.7862 	DATA 	TR 127 | TR1 64 | TR2 63
197.6694 	DATA 	
197.6694 	DATA 	stimulation stopped
197.6694 	DATA 	
198.3360 	DATA 	Keypress: 5
198.3360 	DATA 	TR 128 | TR1 64 | TR2 64
199.9026 	DATA 	Keypress: 5
199.9027 	DATA 	TR 129 | TR1 65 | TR2 64
201.4524 	DATA 	Keypress: 5
201.4524 	DATA 	TR 130 | TR1 65 | TR2 65
203.0190 	DATA 	Keypress: 5
203.0191 	DATA 	TR 131 | TR1 66 | TR2 65
204.5690 	DATA 	Keypress: 5
204.5850 	DATA 	TR 132 | TR1 66 | TR2 66
206.1520 	DATA 	Keypress: 5
206.1521 	DATA 	TR 133 | TR1 67 | TR2 66
207.7018 	DATA 	Keypress: 5
207.7019 	DATA 	TR 134 | TR1 67 | TR2 67
209.2684 	DATA 	Keypress: 5
209.2685 	DATA 	TR 135 | TR1 68 | TR2 67
209.7350 	DATA 	Target presented
210.2684 	DATA 	Keypress: 1
210.2684 	DATA 	Key1 pressed
210.2685 	DATA 	Target detected
210.8183 	DATA 	Keypress: 5
210.8183 	DATA 	TR 136 | TR1 68 | TR2 68
212.4015 	DATA 	Keypress: 5
212.4016 	DATA 	TR 137 | TR1 69 | TR2 68
213.9514 	DATA 	Keypress: 5
213.9514 	DATA 	TR 138 | TR1 69 | TR2 69
215.5175 	DATA 	Keypress: 5
215.5175 	DATA 	TR 139 | TR1 70 | TR2 69
217.0676 	DATA 	Keypress: 5
217.0677 	DATA 	TR 140 | TR1 70 | TR2 70
218.6342 	DATA 	Keypress: 5
218.6343 	DATA 	TR 141 | TR1 71 | TR2 70
220.2007 	DATA 	Keypress: 5
220.2007 	DATA 	TR 142 | TR1 71 | TR2 71
221.6671 	DATA 	
221.6672 	DATA 	Trial complete
221.6672 	DATA 	Waiting for VASO trigger to start next trial
221.6672 	DATA 	
221.7669 	DATA 	Keypress: 5
221.7670 	DATA 	Waited 0.0998070240020752 seconds for trigger
221.7677 	DATA 	
221.7677 	DATA 	Trial 6
221.7677 	DATA 	stimDur = 4.0
221.7677 	DATA 	jitter = 1.5705
221.7677 	DATA 	restDur = 24.0

221.7678 	DATA 	
221.7678 	DATA 	TR 143 | TR1 72 | TR2 71
223.3171 	DATA 	Keypress: 5
223.3172 	DATA 	TR 144 | TR1 72 | TR2 72
223.3502 	DATA 	
223.3503 	DATA 	stimulation started
223.3503 	DATA 	
224.8838 	DATA 	Keypress: 5
224.8838 	DATA 	TR 145 | TR1 73 | TR2 72
226.4334 	DATA 	Keypress: 5
226.4335 	DATA 	TR 146 | TR1 73 | TR2 73
227.3500 	DATA 	
227.3500 	DATA 	stimulation stopped
227.3500 	DATA 	
228.0167 	DATA 	Keypress: 5
228.0167 	DATA 	TR 147 | TR1 74 | TR2 73
229.5666 	DATA 	Keypress: 5
229.5666 	DATA 	TR 148 | TR1 74 | TR2 74
231.1331 	DATA 	Keypress: 5
231.1332 	DATA 	TR 149 | TR1 75 | TR2 74
232.6829 	DATA 	Keypress: 5
232.6830 	DATA 	TR 150 | TR1 75 | TR2 75
234.2661 	DATA 	Keypress: 5
234.2662 	DATA 	TR 151 | TR1 76 | TR2 75
235.8160 	DATA 	Keypress: 5
235.8160 	DATA 	TR 152 | TR1 76 | TR2 76
237.3825 	DATA 	Keypress: 5
237.3826 	DATA 	TR 153 | TR1 77 | TR2 76
238.9323 	DATA 	Keypress: 5
238.9324 	DATA 	TR 154 | TR1 77 | TR2 77
240.4990 	DATA 	Keypress: 5
240.4990 	DATA 	TR 155 | TR1 78 | TR2 77
242.0487 	DATA 	Keypress: 5
242.0488 	DATA 	TR 156 | TR1 78 | TR2 78
243.6319 	DATA 	Keypress: 5
243.6320 	DATA 	TR 157 | TR1 79 | TR2 78
245.1817 	DATA 	Keypress: 5
245.1818 	DATA 	TR 158 | TR1 79 | TR2 79
246.7483 	DATA 	Keypress: 5
246.7484 	DATA 	TR 159 | TR1 80 | TR2 79
248.2982 	DATA 	Keypress: 5
248.2982 	DATA 	TR 160 | TR1 80 | TR2 80
249.8813 	DATA 	Keypress: 5
249.8814 	DATA 	TR 161 | TR1 81 | TR2 80
251.3478 	DATA 	
251.3478 	DATA 	Trial complete
251.3479 	DATA 	Waiting for VASO trigger to start next trial
251.3479 	DATA 	
251.4312 	DATA 	Keypress: 5
251.4312 	DATA 	TR 162 | TR1 81 | TR2 81
252.9977 	DATA 	Keypress: 5
252.9978 	DATA 	Waited 1.6499361991882324 seconds for trigger
252.9986 	DATA 	
252.9986 	DATA 	Trial 7
252.9986 	DATA 	stimDur = 4.0
252.9986 	DATA 	jitter = 2.35575
252.9986 	DATA 	restDur = 24.0

252.9986 	DATA 	
252.9986 	DATA 	TR 163 | TR1 82 | TR2 81
254.5477 	DATA 	Keypress: 5
254.5478 	DATA 	TR 164 | TR1 82 | TR2 82
255.3641 	DATA 	
255.3641 	DATA 	stimulation started
255.3641 	DATA 	
256.1149 	DATA 	Keypress: 5
256.1307 	DATA 	TR 165 | TR1 83 | TR2 82
257.6807 	DATA 	Keypress: 5
257.6807 	DATA 	TR 166 | TR1 83 | TR2 83
259.2472 	DATA 	Keypress: 5
259.2473 	DATA 	TR 167 | TR1 84 | TR2 83
259.3640 	DATA 	
259.3640 	DATA 	stimulation stopped
259.3640 	DATA 	
260.7970 	DATA 	Keypress: 5
260.7970 	DATA 	TR 168 | TR1 84 | TR2 84
262.3635 	DATA 	Keypress: 5
262.3636 	DATA 	TR 169 | TR1 85 | TR2 84
263.9134 	DATA 	Keypress: 5
263.9134 	DATA 	TR 170 | TR1 85 | TR2 85
265.4966 	DATA 	Keypress: 5
265.4966 	DATA 	TR 171 | TR1 86 | TR2 85
267.0464 	DATA 	Keypress: 5
267.0465 	DATA 	TR 172 | TR1 86 | TR2 86
268.6131 	DATA 	Keypress: 5
268.6131 	DATA 	TR 173 | TR1 87 | TR2 86
270.1628 	DATA 	Keypress: 5
270.1628 	DATA 	TR 174 | TR1 87 | TR2 87
271.7460 	DATA 	Keypress: 5
271.7461 	DATA 	TR 175 | TR1 88 | TR2 87
273.2958 	DATA 	Keypress: 5
273.2959 	DATA 	TR 176 | TR1 88 | TR2 88
274.8624 	DATA 	Keypress: 5
274.8624 	DATA 	TR 177 | TR1 89 | TR2 88
276.4122 	DATA 	Keypress: 5
276.4123 	DATA 	TR 178 | TR1 89 | TR2 89
277.9788 	DATA 	Keypress: 5
277.9788 	DATA 	TR 179 | TR1 90 | TR2 89
279.5286 	DATA 	Target presented
279.5292 	DATA 	Keypress: 5
279.5452 	DATA 	TR 180 | TR1 90 | TR2 90
280.1619 	DATA 	Keypress: 1
280.1619 	DATA 	Key1 pressed
280.1619 	DATA 	Target detected
281.1118 	DATA 	Keypress: 5
281.1118 	DATA 	TR 181 | TR1 91 | TR2 90
282.6616 	DATA 	Keypress: 5
282.6617 	DATA 	TR 182 | TR1 91 | TR2 91
283.3615 	DATA 	
283.3616 	DATA 	Trial complete
283.3616 	DATA 	Waiting for VASO trigger to start next trial
283.3616 	DATA 	
284.2282 	DATA 	Keypress: 5
284.2282 	DATA 	Waited 0.8666698932647705 seconds for trigger
284.2290 	DATA 	
284.2290 	DATA 	Trial 8
284.2290 	DATA 	stimDur = 24.0
284.2290 	DATA 	jitter = 1.5705
284.2290 	DATA 	restDur = 40.0

284.2290 	DATA 	
284.2290 	DATA 	TR 183 | TR1 92 | TR2 91
285.7781 	DATA 	Keypress: 5
285.7781 	DATA 	TR 184 | TR1 92 | TR2 92
285.8113 	DATA 	
285.8114 	DATA 	stimulation started
285.8114 	DATA 	
287.3613 	DATA 	Keypress: 5
287.3613 	DATA 	TR 185 | TR1 93 | TR2 92
288.9112 	DATA 	Keypress: 5
288.9112 	DATA 	TR 186 | TR1 93 | TR2 93
290.4776 	DATA 	Keypress: 5
290.4777 	DATA 	TR 187 | TR1 94 | TR2 93
292.0277 	DATA 	Keypress: 5
292.0277 	DATA 	TR 188 | TR1 94 | TR2 94
293.6107 	DATA 	Keypress: 5
293.6107 	DATA 	TR 189 | TR1 95 | TR2 94
295.1606 	DATA 	Keypress: 5
295.1606 	DATA 	TR 190 | TR1 95 | TR2 95
296.7271 	DATA 	Keypress: 5
296.7271 	DATA 	TR 191 | TR1 96 | TR2 95
298.2770 	DATA 	Keypress: 5
298.2770 	DATA 	TR 192 | TR1 96 | TR2 96
299.8434 	DATA 	Keypress: 5
299.8435 	DATA 	TR 193 | TR1 97 | TR2 96
301.3933 	DATA 	Keypress: 5
301.3934 	DATA 	TR 194 | TR1 97 | TR2 97
302.9765 	DATA 	Keypress: 5
302.9765 	DATA 	TR 195 | TR1 98 | TR2 97
304.5264 	DATA 	Keypress: 5
304.5264 	DATA 	TR 196 | TR1 98 | TR2 98
306.0929 	DATA 	Keypress: 5
306.0929 	DATA 	TR 197 | TR1 99 | TR2 98
307.6429 	DATA 	Keypress: 5
307.6429 	DATA 	TR 198 | TR1 99 | TR2 99
309.2259 	DATA 	Keypress: 5
309.2260 	DATA 	TR 199 | TR1 100 | TR2 99
309.8091 	DATA 	
309.8092 	DATA 	stimulation stopped
309.8092 	DATA 	
310.7757 	DATA 	Keypress: 5
310.7758 	DATA 	TR 200 | TR1 100 | TR2 100
312.3422 	DATA 	Keypress: 5
312.3423 	DATA 	TR 201 | TR1 101 | TR2 100
313.8921 	DATA 	Keypress: 5
313.8922 	DATA 	TR 202 | TR1 101 | TR2 101
315.4586 	DATA 	Keypress: 5
315.4586 	DATA 	TR 203 | TR1 102 | TR2 101
317.0252 	DATA 	Keypress: 5
317.0252 	DATA 	TR 204 | TR1 102 | TR2 102
318.5917 	DATA 	Keypress: 5
318.5917 	DATA 	TR 205 | TR1 103 | TR2 102
320.1415 	DATA 	Keypress: 5
320.1416 	DATA 	TR 206 | TR1 103 | TR2 103
321.7080 	DATA 	Keypress: 5
321.7081 	DATA 	TR 207 | TR1 104 | TR2 103
323.2579 	DATA 	Keypress: 5
323.2579 	DATA 	TR 208 | TR1 104 | TR2 104
324.8411 	DATA 	Keypress: 5
324.8411 	DATA 	TR 209 | TR1 105 | TR2 104
324.8578 	DATA 	Target presented
325.4577 	DATA 	Keypress: 1
325.4577 	DATA 	Key1 pressed
325.4577 	DATA 	Target detected
326.3911 	DATA 	Keypress: 5
326.3911 	DATA 	TR 210 | TR1 105 | TR2 105
327.9574 	DATA 	Keypress: 5
327.9575 	DATA 	TR 211 | TR1 106 | TR2 105
329.5074 	DATA 	Keypress: 5
329.5074 	DATA 	TR 212 | TR1 106 | TR2 106
331.0905 	DATA 	Keypress: 5
331.0906 	DATA 	TR 213 | TR1 107 | TR2 106
332.6404 	DATA 	Keypress: 5
332.6404 	DATA 	TR 214 | TR1 107 | TR2 107
334.2069 	DATA 	Keypress: 5
334.2069 	DATA 	TR 215 | TR1 108 | TR2 107
335.7568 	DATA 	Keypress: 5
335.7568 	DATA 	TR 216 | TR1 108 | TR2 108
337.3233 	DATA 	Keypress: 5
337.3233 	DATA 	TR 217 | TR1 109 | TR2 108
338.8737 	DATA 	Keypress: 5
338.8897 	DATA 	TR 218 | TR1 109 | TR2 109
340.4563 	DATA 	Keypress: 5
340.4564 	DATA 	TR 219 | TR1 110 | TR2 109
342.0062 	DATA 	Keypress: 5
342.0063 	DATA 	TR 220 | TR1 110 | TR2 110
343.5727 	DATA 	Keypress: 5
343.5727 	DATA 	TR 221 | TR1 111 | TR2 110
345.1226 	DATA 	Keypress: 5
345.1226 	DATA 	TR 222 | TR1 111 | TR2 111
346.7057 	DATA 	Keypress: 5
346.7058 	DATA 	TR 223 | TR1 112 | TR2 111
348.2556 	DATA 	Keypress: 5
348.2557 	DATA 	TR 224 | TR1 112 | TR2 112
349.8054 	DATA 	
349.8054 	DATA 	Trial complete
349.8054 	DATA 	Waiting for VASO trigger to start next trial
349.8054 	DATA 	
349.8221 	DATA 	Keypress: 5
349.8221 	DATA 	Waited 0.016692161560058594 seconds for trigger
349.8229 	DATA 	
349.8229 	DATA 	Trial 9
349.8229 	DATA 	stimDur = 24.0
349.8229 	DATA 	jitter = 0.0
349.8229 	DATA 	restDur = 40.0

349.8229 	DATA 	
349.8229 	DATA 	TR 225 | TR1 113 | TR2 112
349.8230 	DATA 	
349.8230 	DATA 	stimulation started
349.8230 	DATA 	
351.3720 	DATA 	Keypress: 5
351.3721 	DATA 	TR 226 | TR1 113 | TR2 113
352.9387 	DATA 	Keypress: 5
352.9387 	DATA 	TR 227 | TR1 114 | TR2 113
354.5051 	DATA 	Keypress: 5
354.5051 	DATA 	TR 228 | TR1 114 | TR2 114
356.0716 	DATA 	Keypress: 5
356.0716 	DATA 	TR 229 | TR1 115 | TR2 114
357.6215 	DATA 	Keypress: 5
357.6215 	DATA 	TR 230 | TR1 115 | TR2 115
359.1880 	DATA 	Keypress: 5
359.1880 	DATA 	TR 231 | TR1 116 | TR2 115
360.7379 	DATA 	Keypress: 5
360.7379 	DATA 	TR 232 | TR1 116 | TR2 116
362.3210 	DATA 	Keypress: 5
362.3211 	DATA 	TR 233 | TR1 117 | TR2 116
363.8709 	DATA 	Keypress: 5
363.8709 	DATA 	TR 234 | TR1 117 | TR2 117
365.4374 	DATA 	Keypress: 5
365.4374 	DATA 	TR 235 | TR1 118 | TR2 117
366.9872 	DATA 	Keypress: 5
366.9873 	DATA 	TR 236 | TR1 118 | TR2 118
367.2706 	DATA 	Target presented
367.9205 	DATA 	Keypress: 1
367.9206 	DATA 	Key1 pressed
367.9206 	DATA 	Target detected
368.5704 	DATA 	Keypress: 5
368.5705 	DATA 	TR 237 | TR1 119 | TR2 118
370.1203 	DATA 	Keypress: 5
370.1204 	DATA 	TR 238 | TR1 119 | TR2 119
371.6869 	DATA 	Keypress: 5
371.6870 	DATA 	TR 239 | TR1 120 | TR2 119
373.2367 	DATA 	Keypress: 5
373.2367 	DATA 	TR 240 | TR1 120 | TR2 120
373.8366 	DATA 	
373.8366 	DATA 	stimulation stopped
373.8366 	DATA 	
374.8031 	DATA 	Keypress: 5
374.8031 	DATA 	TR 241 | TR1 121 | TR2 120
376.3536 	DATA 	Keypress: 5
376.3696 	DATA 	TR 242 | TR1 121 | TR2 121
377.9362 	DATA 	Keypress: 5
377.9362 	DATA 	TR 243 | TR1 122 | TR2 121
379.4861 	DATA 	Keypress: 5
379.4861 	DATA 	TR 244 | TR1 122 | TR2 122
381.0526 	DATA 	Keypress: 5
381.0526 	DATA 	TR 245 | TR1 123 | TR2 122
382.6025 	DATA 	Keypress: 5
382.6025 	DATA 	TR 246 | TR1 123 | TR2 123
384.1856 	DATA 	Keypress: 5
384.1857 	DATA 	TR 247 | TR1 124 | TR2 123
385.7355 	DATA 	Keypress: 5
385.7355 	DATA 	TR 248 | TR1 124 | TR2 124
387.3020 	DATA 	Keypress: 5
387.3020 	DATA 	TR 249 | TR1 125 | TR2 124
388.8519 	DATA 	Keypress: 5
388.8519 	DATA 	TR 250 | TR1 125 | TR2 125
390.4190 	DATA 	Keypress: 5
390.4349 	DATA 	TR 251 | TR1 126 | TR2 125
391.9849 	DATA 	Keypress: 5
391.9850 	DATA 	TR 252 | TR1 126 | TR2 126
393.5514 	DATA 	Keypress: 5
393.5515 	DATA 	TR 253 | TR1 127 | TR2 126
395.1013 	DATA 	Keypress: 5
395.1013 	DATA 	TR 254 | TR1 127 | TR2 127
396.6678 	DATA 	Keypress: 5
396.6678 	DATA 	TR 255 | TR1 128 | TR2 127
398.2177 	DATA 	Keypress: 5
398.2177 	DATA 	TR 256 | TR1 128 | TR2 128
399.8008 	DATA 	Keypress: 5
399.8009 	DATA 	TR 257 | TR1 129 | TR2 128
401.3508 	DATA 	Keypress: 5
401.3508 	DATA 	TR 258 | TR1 129 | TR2 129
402.9172 	DATA 	Keypress: 5
402.9173 	DATA 	TR 259 | TR1 130 | TR2 129
404.4671 	DATA 	Keypress: 5
404.4671 	DATA 	TR 260 | TR1 130 | TR2 130
406.0503 	DATA 	Keypress: 5
406.0503 	DATA 	TR 261 | TR1 131 | TR2 130
407.6003 	DATA 	Keypress: 5
407.6003 	DATA 	TR 262 | TR1 131 | TR2 131
409.1667 	DATA 	Keypress: 5
409.1667 	DATA 	TR 263 | TR1 132 | TR2 131
410.7165 	DATA 	Keypress: 5
410.7166 	DATA 	TR 264 | TR1 132 | TR2 132
412.2830 	DATA 	Keypress: 5
412.2831 	DATA 	TR 265 | TR1 133 | TR2 132
413.8328 	DATA 	
413.8328 	DATA 	Trial complete
413.8329 	DATA 	Waiting for VASO trigger to start next trial
413.8329 	DATA 	
413.8496 	DATA 	Keypress: 5
413.8496 	DATA 	TR 266 | TR1 133 | TR2 133
415.4162 	DATA 	Keypress: 5
415.4162 	DATA 	Waited 1.5833580493927002 seconds for trigger
415.4170 	DATA 	
415.4170 	DATA 	Trial 10
415.4170 	DATA 	stimDur = 12.0
415.4170 	DATA 	jitter = 1.5705
415.4170 	DATA 	restDur = 30.0

415.4170 	DATA 	
415.4170 	DATA 	TR 267 | TR1 134 | TR2 133
416.9659 	DATA 	Keypress: 5
416.9660 	DATA 	TR 268 | TR1 134 | TR2 134
416.9992 	DATA 	
416.9992 	DATA 	stimulation started
416.9992 	DATA 	
418.5325 	DATA 	Keypress: 5
418.5325 	DATA 	TR 269 | TR1 135 | TR2 134
420.0824 	DATA 	Keypress: 5
420.0825 	DATA 	TR 270 | TR1 135 | TR2 135
421.6655 	DATA 	Keypress: 5
421.6656 	DATA 	TR 271 | TR1 136 | TR2 135
423.2156 	DATA 	Keypress: 5
423.2156 	DATA 	TR 272 | TR1 136 | TR2 136
424.7819 	DATA 	Keypress: 5
424.7819 	DATA 	TR 273 | TR1 137 | TR2 136
426.3319 	DATA 	Keypress: 5
426.3320 	DATA 	TR 274 | TR1 137 | TR2 137
427.9150 	DATA 	Keypress: 5
427.9151 	DATA 	TR 275 | TR1 138 | TR2 137
428.9982 	DATA 	
428.9982 	DATA 	stimulation stopped
428.9982 	DATA 	
429.4648 	DATA 	Keypress: 5
429.4648 	DATA 	TR 276 | TR1 138 | TR2 138
431.0313 	DATA 	Keypress: 5
431.0313 	DATA 	TR 277 | TR1 139 | TR2 138
432.5812 	DATA 	Keypress: 5
432.5812 	DATA 	TR 278 | TR1 139 | TR2 139
434.1477 	DATA 	Keypress: 5
434.1477 	DATA 	TR 279 | TR1 140 | TR2 139
435.6976 	DATA 	Keypress: 5
435.6976 	DATA 	TR 280 | TR1 140 | TR2 140
436.0475 	DATA 	Target presented
436.5974 	DATA 	Keypress: 1
436.5975 	DATA 	Key1 pressed
436.5975 	DATA 	Target detected
437.2807 	DATA 	Keypress: 5
437.2807 	DATA 	TR 281 | TR1 141 | TR2 140
438.8306 	DATA 	Keypress: 5
438.8306 	DATA 	TR 282 | TR1 141 | TR2 141
440.3971 	DATA 	Keypress: 5
440.3971 	DATA 	TR 283 | TR1 142 | TR2 141
441.9470 	DATA 	Keypress: 5
441.9470 	DATA 	TR 284 | TR1 142 | TR2 142
443.5301 	DATA 	Keypress: 5
443.5302 	DATA 	TR 285 | TR1 143 | TR2 142
445.0800 	DATA 	Keypress: 5
445.0801 	DATA 	TR 286 | TR1 143 | TR2 143
446.6465 	DATA 	Keypress: 5
446.6466 	DATA 	TR 287 | TR1 144 | TR2 143
448.1964 	DATA 	Keypress: 5
448.1964 	DATA 	TR 288 | TR1 144 | TR2 144
449.7629 	DATA 	Keypress: 5
449.7629 	DATA 	TR 289 | TR1 145 | TR2 144
451.3294 	DATA 	Keypress: 5
451.3295 	DATA 	TR 290 | TR1 145 | TR2 145
452.8959 	DATA 	Keypress: 5
452.8960 	DATA 	TR 291 | TR1 146 | TR2 145
454.4458 	DATA 	Keypress: 5
454.4459 	DATA 	TR 292 | TR1 146 | TR2 146
456.0123 	DATA 	Keypress: 5
456.0124 	DATA 	TR 293 | TR1 147 | TR2 146
457.5622 	DATA 	Keypress: 5
457.5623 	DATA 	TR 294 | TR1 147 | TR2 147
458.9953 	DATA 	
458.9953 	DATA 	Trial complete
458.9954 	DATA 	Waiting for VASO trigger to start next trial
458.9954 	DATA 	
459.1454 	DATA 	Keypress: 5
459.1454 	DATA 	Waited 0.15003204345703125 seconds for trigger
459.1462 	DATA 	
459.1462 	DATA 	Trial 11
459.1462 	DATA 	stimDur = 1.0
459.1462 	DATA 	jitter = 1.5705
459.1462 	DATA 	restDur = 20.0

459.1462 	DATA 	
459.1462 	DATA 	TR 295 | TR1 148 | TR2 147
460.6952 	DATA 	Keypress: 5
460.6953 	DATA 	TR 296 | TR1 148 | TR2 148
460.7285 	DATA 	
460.7285 	DATA 	stimulation started
460.7285 	DATA 	
461.7285 	DATA 	
461.7285 	DATA 	stimulation stopped
461.7285 	DATA 	
462.2617 	DATA 	Keypress: 5
462.2618 	DATA 	TR 297 | TR1 149 | TR2 148
463.8116 	DATA 	Keypress: 5
463.8117 	DATA 	TR 298 | TR1 149 | TR2 149
465.3948 	DATA 	Keypress: 5
465.3948 	DATA 	TR 299 | TR1 150 | TR2 149
466.9447 	DATA 	Keypress: 5
466.9447 	DATA 	TR 300 | TR1 150 | TR2 150
468.5112 	DATA 	Keypress: 5
468.5112 	DATA 	TR 301 | TR1 151 | TR2 150
470.0610 	DATA 	Keypress: 5
470.0611 	DATA 	TR 302 | TR1 151 | TR2 151
471.6275 	DATA 	Keypress: 5
471.6276 	DATA 	TR 303 | TR1 152 | TR2 151
473.1780 	DATA 	Keypress: 5
473.1940 	DATA 	TR 304 | TR1 152 | TR2 152
474.7606 	DATA 	Keypress: 5
474.7606 	DATA 	TR 305 | TR1 153 | TR2 152
476.3104 	DATA 	Keypress: 5
476.3104 	DATA 	TR 306 | TR1 153 | TR2 153
477.8770 	DATA 	Keypress: 5
477.8770 	DATA 	TR 307 | TR1 154 | TR2 153
479.4269 	DATA 	Keypress: 5
479.4269 	DATA 	TR 308 | TR1 154 | TR2 154
481.0100 	DATA 	Keypress: 5
481.0101 	DATA 	TR 309 | TR1 155 | TR2 154
481.7266 	DATA 	
481.7266 	DATA 	Trial complete
481.7266 	DATA 	Waiting for VASO trigger to start next trial
481.7266 	DATA 	
482.5600 	DATA 	Keypress: 5
482.5601 	DATA 	TR 310 | TR1 155 | TR2 155
484.1264 	DATA 	Keypress: 5
484.1265 	DATA 	Waited 2.39984393119812 seconds for trigger
484.1272 	DATA 	
484.1272 	DATA 	Trial 12
484.1272 	DATA 	stimDur = 4.0
484.1272 	DATA 	jitter = 0.78525
484.1272 	DATA 	restDur = 24.0

484.1273 	DATA 	
484.1273 	DATA 	TR 311 | TR1 156 | TR2 155
484.9263 	DATA 	
484.9263 	DATA 	stimulation started
484.9263 	DATA 	
485.6764 	DATA 	Keypress: 5
485.6765 	DATA 	TR 312 | TR1 156 | TR2 156
487.2428 	DATA 	Keypress: 5
487.2429 	DATA 	TR 313 | TR1 157 | TR2 156
488.8094 	DATA 	Keypress: 5
488.8094 	DATA 	TR 314 | TR1 157 | TR2 157
488.9260 	DATA 	
488.9260 	DATA 	stimulation stopped
488.9260 	DATA 	
490.3758 	DATA 	Keypress: 5
490.3759 	DATA 	TR 315 | TR1 158 | TR2 157
491.9257 	DATA 	Keypress: 5
491.9257 	DATA 	TR 316 | TR1 158 | TR2 158
493.4922 	DATA 	Keypress: 5
493.4922 	DATA 	TR 317 | TR1 159 | TR2 158
495.0422 	DATA 	Keypress: 5
495.0423 	DATA 	TR 318 | TR1 159 | TR2 159
496.6252 	DATA 	Keypress: 5
496.6253 	DATA 	TR 319 | TR1 160 | TR2 159
497.4085 	DATA 	Target presented
497.9251 	DATA 	Keypress: 1
497.9252 	DATA 	Key1 pressed
497.9252 	DATA 	Target detected
498.1751 	DATA 	Keypress: 5
498.1751 	DATA 	TR 320 | TR1 160 | TR2 160
499.7416 	DATA 	Keypress: 5
499.7417 	DATA 	TR 321 | TR1 161 | TR2 160
501.2915 	DATA 	Keypress: 5
501.2916 	DATA 	TR 322 | TR1 161 | TR2 161
502.8746 	DATA 	Keypress: 5
502.8747 	DATA 	TR 323 | TR1 162 | TR2 161
504.4245 	DATA 	Keypress: 5
504.4246 	DATA 	TR 324 | TR1 162 | TR2 162
505.9910 	DATA 	Keypress: 5
505.9911 	DATA 	TR 325 | TR1 163 | TR2 162
507.5409 	DATA 	Keypress: 5
507.5410 	DATA 	TR 326 | TR1 163 | TR2 163
509.1074 	DATA 	Keypress: 5
509.1074 	DATA 	TR 327 | TR1 164 | TR2 163
510.6579 	DATA 	Keypress: 5
510.6739 	DATA 	TR 328 | TR1 164 | TR2 164
512.2405 	DATA 	Keypress: 5
512.2405 	DATA 	TR 329 | TR1 165 | TR2 164
512.9238 	DATA 	
512.9238 	DATA 	Trial complete
512.9238 	DATA 	Waiting for VASO trigger to start next trial
512.9238 	DATA 	
513.7904 	DATA 	Keypress: 5
513.7904 	DATA 	TR 330 | TR1 165 | TR2 165
515.3568 	DATA 	Keypress: 5
515.3569 	DATA 	Waited 2.4330618381500244 seconds for trigger
515.3576 	DATA 	
515.3576 	DATA 	Trial 13
515.3576 	DATA 	stimDur = 12.0
515.3577 	DATA 	jitter = 0.78525
515.3577 	DATA 	restDur = 30.0

515.3577 	DATA 	
515.3577 	DATA 	TR 331 | TR1 166 | TR2 165
516.1567 	DATA 	
516.1567 	DATA 	stimulation started
516.1567 	DATA 	
516.9068 	DATA 	Keypress: 5
516.9068 	DATA 	TR 332 | TR1 166 | TR2 166
518.4899 	DATA 	Keypress: 5
518.4900 	DATA 	TR 333 | TR1 167 | TR2 166
520.0398 	DATA 	Keypress: 5
520.0399 	DATA 	TR 334 | TR1 167 | TR2 167
521.6063 	DATA 	Keypress: 5
521.6064 	DATA 	TR 335 | TR1 168 | TR2 167
523.1562 	DATA 	Keypress: 5
523.1563 	DATA 	TR 336 | TR1 168 | TR2 168
524.7235 	DATA 	Keypress: 5
524.7394 	DATA 	TR 337 | TR1 169 | TR2 168
526.2892 	DATA 	Keypress: 5
526.2893 	DATA 	TR 338 | TR1 169 | TR2 169
527.8557 	DATA 	Keypress: 5
527.8558 	DATA 	TR 339 | TR1 170 | TR2 169
528.1557 	DATA 	
528.1557 	DATA 	stimulation stopped
528.1557 	DATA 	
529.4056 	DATA 	Keypress: 5
529.4056 	DATA 	TR 340 | TR1 170 | TR2 170
530.9721 	DATA 	Keypress: 5
530.9721 	DATA 	TR 341 | TR1 171 | TR2 170
532.5220 	DATA 	Keypress: 5
532.5220 	DATA 	TR 342 | TR1 171 | TR2 171
534.1051 	DATA 	Keypress: 5
534.1052 	DATA 	TR 343 | TR1 172 | TR2 171
535.6550 	DATA 	Keypress: 5
535.6551 	DATA 	TR 344 | TR1 172 | TR2 172
537.2215 	DATA 	Keypress: 5
537.2215 	DATA 	TR 345 | TR1 173 | TR2 172
538.7714 	DATA 	Keypress: 5
538.7714 	DATA 	TR 346 | TR1 173 | TR2 173
540.3545 	DATA 	Keypress: 5
540.3546 	DATA 	TR 347 | TR1 174 | TR2 173
540.6878 	DATA 	Target presented
541.2211 	DATA 	Keypress: 1
541.2212 	DATA 	Key1 pressed
541.2212 	DATA 	Target detected
541.9044 	DATA 	Keypress: 5
541.9044 	DATA 	TR 348 | TR1 174 | TR2 174
543.4709 	DATA 	Keypress: 5
543.4710 	DATA 	TR 349 | TR1 175 | TR2 174
545.0208 	DATA 	Keypress: 5
545.0208 	DATA 	TR 350 | TR1 175 | TR2 175
546.5874 	DATA 	Keypress: 5
546.5876 	DATA 	TR 351 | TR1 176 | TR2 175
548.1538 	DATA 	Keypress: 5
548.1539 	DATA 	TR 352 | TR1 176 | TR2 176
549.7204 	DATA 	Keypress: 5
549.7205 	DATA 	TR 353 | TR1 177 | TR2 176
551.2702 	DATA 	Keypress: 5
551.2703 	DATA 	TR 354 | TR1 177 | TR2 177
552.8367 	DATA 	Keypress: 5
552.8368 	DATA 	TR 355 | TR1 178 | TR2 177
554.3866 	DATA 	Keypress: 5
554.3866 	DATA 	TR 356 | TR1 178 | TR2 178
555.9699 	DATA 	Keypress: 5
555.9699 	DATA 	TR 357 | TR1 179 | TR2 178
557.5196 	DATA 	Keypress: 5
557.5197 	DATA 	TR 358 | TR1 179 | TR2 179
558.1529 	DATA 	
558.1529 	DATA 	Trial complete
558.1529 	DATA 	Waiting for VASO trigger to start next trial
558.1529 	DATA 	
559.0862 	DATA 	Keypress: 5
559.0862 	DATA 	Waited 0.9333410263061523 seconds for trigger
559.0870 	DATA 	
559.0870 	DATA 	Trial 14
559.0870 	DATA 	stimDur = 12.0
559.0870 	DATA 	jitter = 2.35575
559.0870 	DATA 	restDur = 30.0

559.0870 	DATA 	
559.0870 	DATA 	TR 359 | TR1 180 | TR2 179
560.6360 	DATA 	Keypress: 5
560.6361 	DATA 	TR 360 | TR1 180 | TR2 180
561.4526 	DATA 	
561.4526 	DATA 	stimulation started
561.4526 	DATA 	
562.2034 	DATA 	Keypress: 5
562.2193 	DATA 	TR 361 | TR1 181 | TR2 180
563.7691 	DATA 	Keypress: 5
563.7691 	DATA 	TR 362 | TR1 181 | TR2 181
565.3357 	DATA 	Keypress: 5
565.3357 	DATA 	TR 363 | TR1 182 | TR2 181
566.8855 	DATA 	Keypress: 5
566.8855 	DATA 	TR 364 | TR1 182 | TR2 182
568.4520 	DATA 	Keypress: 5
568.4520 	DATA 	TR 365 | TR1 183 | TR2 182
570.0019 	DATA 	Keypress: 5
570.0019 	DATA 	TR 366 | TR1 183 | TR2 183
571.5851 	DATA 	Keypress: 5
571.5851 	DATA 	TR 367 | TR1 184 | TR2 183
573.1349 	DATA 	Keypress: 5
573.1350 	DATA 	TR 368 | TR1 184 | TR2 184
573.4515 	DATA 	
573.4515 	DATA 	stimulation stopped
573.4515 	DATA 	
574.7014 	DATA 	Keypress: 5
574.7014 	DATA 	TR 369 | TR1 185 | TR2 184
576.2512 	DATA 	Keypress: 5
576.2513 	DATA 	TR 370 | TR1 185 | TR2 185
577.8344 	DATA 	Keypress: 5
577.8345 	DATA 	TR 371 | TR1 186 | TR2 185
579.3844 	DATA 	Keypress: 5
579.3844 	DATA 	TR 372 | TR1 186 | TR2 186
580.9508 	DATA 	Keypress: 5
580.9509 	DATA 	TR 373 | TR1 187 | TR2 186
582.5006 	DATA 	Keypress: 5
582.5007 	DATA 	TR 374 | TR1 187 | TR2 187
584.0672 	DATA 	Keypress: 5
584.0672 	DATA 	TR 375 | TR1 188 | TR2 187
585.6337 	DATA 	Keypress: 5
585.6337 	DATA 	TR 376 | TR1 188 | TR2 188
587.2002 	DATA 	Keypress: 5
587.2003 	DATA 	TR 377 | TR1 189 | TR2 188
588.7501 	DATA 	Keypress: 5
588.7501 	DATA 	TR 378 | TR1 189 | TR2 189
590.3166 	DATA 	Keypress: 5
590.3167 	DATA 	TR 379 | TR1 190 | TR2 189
591.8665 	DATA 	Keypress: 5
591.8665 	DATA 	TR 380 | TR1 190 | TR2 190
593.4497 	DATA 	Keypress: 5
593.4497 	DATA 	TR 381 | TR1 191 | TR2 190
594.9995 	DATA 	Keypress: 5
594.9996 	DATA 	TR 382 | TR1 191 | TR2 191
596.5661 	DATA 	Keypress: 5
596.5661 	DATA 	TR 383 | TR1 192 | TR2 191
598.1159 	DATA 	Keypress: 5
598.1159 	DATA 	TR 384 | TR1 192 | TR2 192
599.6991 	DATA 	Keypress: 5
599.6992 	DATA 	TR 385 | TR1 193 | TR2 192
601.2489 	DATA 	Keypress: 5
601.2490 	DATA 	TR 386 | TR1 193 | TR2 193
602.8155 	DATA 	Keypress: 5
602.8155 	DATA 	TR 387 | TR1 194 | TR2 193
603.4487 	DATA 	
603.4487 	DATA 	Trial complete
603.4487 	DATA 	Waiting for VASO trigger to start next trial
603.4487 	DATA 	
604.3653 	DATA 	Keypress: 5
604.3653 	DATA 	TR 388 | TR1 194 | TR2 194
605.9319 	DATA 	Keypress: 5
605.9319 	DATA 	Waited 2.4832000732421875 seconds for trigger
605.9327 	DATA 	
605.9327 	DATA 	Trial 15
605.9327 	DATA 	stimDur = 2.0
605.9327 	DATA 	jitter = 0.0
605.9327 	DATA 	restDur = 22.0

605.9327 	DATA 	
605.9327 	DATA 	TR 389 | TR1 195 | TR2 194
605.9327 	DATA 	
605.9327 	DATA 	stimulation started
605.9327 	DATA 	
607.4817 	DATA 	Keypress: 5
607.4818 	DATA 	TR 390 | TR1 195 | TR2 195
607.9483 	DATA 	
607.9483 	DATA 	stimulation stopped
607.9483 	DATA 	
607.9984 	DATA 	Target presented
608.5816 	DATA 	Keypress: 1
608.5816 	DATA 	Key1 pressed
608.5817 	DATA 	Target detected
609.0649 	DATA 	Keypress: 5
609.0650 	DATA 	TR 391 | TR1 196 | TR2 195
610.6147 	DATA 	Keypress: 5
610.6148 	DATA 	TR 392 | TR1 196 | TR2 196
612.1813 	DATA 	Keypress: 5
612.1813 	DATA 	TR 393 | TR1 197 | TR2 196
613.7311 	DATA 	Keypress: 5
613.7311 	DATA 	TR 394 | TR1 197 | TR2 197
615.3143 	DATA 	Keypress: 5
615.3144 	DATA 	TR 395 | TR1 198 | TR2 197
616.8641 	DATA 	Keypress: 5
616.8642 	DATA 	TR 396 | TR1 198 | TR2 198
618.4307 	DATA 	Keypress: 5
618.4307 	DATA 	TR 397 | TR1 199 | TR2 198
619.9805 	DATA 	Keypress: 5
619.9806 	DATA 	TR 398 | TR1 199 | TR2 199
621.5476 	DATA 	Keypress: 5
621.5637 	DATA 	TR 399 | TR1 200 | TR2 199
623.1136 	DATA 	Keypress: 5
623.1136 	DATA 	TR 400 | TR1 200 | TR2 200
624.6803 	DATA 	Keypress: 5
624.6803 	DATA 	TR 401 | TR1 201 | TR2 200
626.2299 	DATA 	Keypress: 5
626.2300 	DATA 	TR 402 | TR1 201 | TR2 201
627.7965 	DATA 	Keypress: 5
627.7965 	DATA 	TR 403 | TR1 202 | TR2 201
629.3464 	DATA 	Keypress: 5
629.3464 	DATA 	TR 404 | TR1 202 | TR2 202
629.9463 	DATA 	
629.9463 	DATA 	Trial complete
629.9463 	DATA 	Waiting for VASO trigger to start next trial
629.9463 	DATA 	
630.9295 	DATA 	Keypress: 5
630.9296 	DATA 	Waited 0.9833080768585205 seconds for trigger
630.9304 	DATA 	
630.9304 	DATA 	Trial 16
630.9304 	DATA 	stimDur = 1.0
630.9304 	DATA 	jitter = 2.35575
630.9304 	DATA 	restDur = 20.0

630.9304 	DATA 	
630.9304 	DATA 	TR 405 | TR1 203 | TR2 202
632.4794 	DATA 	Keypress: 5
632.4794 	DATA 	TR 406 | TR1 203 | TR2 203
633.2959 	DATA 	
633.2959 	DATA 	stimulation started
633.2959 	DATA 	
634.0460 	DATA 	Keypress: 5
634.0460 	DATA 	TR 407 | TR1 204 | TR2 203
634.2960 	DATA 	
634.2960 	DATA 	stimulation stopped
634.2960 	DATA 	
635.5958 	DATA 	Keypress: 5
635.5958 	DATA 	TR 408 | TR1 204 | TR2 204
637.1790 	DATA 	Keypress: 5
637.1790 	DATA 	TR 409 | TR1 205 | TR2 204
638.7288 	DATA 	Keypress: 5
638.7288 	DATA 	TR 410 | TR1 205 | TR2 205
640.2954 	DATA 	Keypress: 5
640.2954 	DATA 	TR 411 | TR1 206 | TR2 205
641.8452 	DATA 	Keypress: 5
641.8452 	DATA 	TR 412 | TR1 206 | TR2 206
643.4119 	DATA 	Keypress: 5
643.4119 	DATA 	TR 413 | TR1 207 | TR2 206
644.9622 	DATA 	Keypress: 5
644.9782 	DATA 	TR 414 | TR1 207 | TR2 207
646.5448 	DATA 	Keypress: 5
646.5448 	DATA 	TR 415 | TR1 208 | TR2 207
648.0943 	DATA 	Keypress: 5
648.0943 	DATA 	TR 416 | TR1 208 | TR2 208
649.6611 	DATA 	Keypress: 5
649.6612 	DATA 	TR 417 | TR1 209 | TR2 208
651.2110 	DATA 	Keypress: 5
651.2110 	DATA 	TR 418 | TR1 209 | TR2 209
652.7942 	DATA 	Keypress: 5
652.7942 	DATA 	TR 419 | TR1 210 | TR2 209
654.2940 	DATA 	
654.2940 	DATA 	Trial complete
654.2940 	DATA 	Waiting for VASO trigger to start next trial
654.2940 	DATA 	
654.3441 	DATA 	Keypress: 5
654.3442 	DATA 	TR 420 | TR1 210 | TR2 210
655.9107 	DATA 	Keypress: 5
655.9108 	DATA 	Waited 1.6167387962341309 seconds for trigger
655.9115 	DATA 	
655.9115 	DATA 	Trial 17
655.9115 	DATA 	stimDur = 24.0
655.9115 	DATA 	jitter = 2.35575
655.9116 	DATA 	restDur = 40.0

655.9116 	DATA 	
655.9116 	DATA 	TR 421 | TR1 211 | TR2 210
657.4604 	DATA 	Keypress: 5
657.4604 	DATA 	TR 422 | TR1 211 | TR2 211
658.2770 	DATA 	
658.2770 	DATA 	stimulation started
658.2770 	DATA 	
659.0437 	DATA 	Keypress: 5
659.0437 	DATA 	TR 423 | TR1 212 | TR2 211
660.5935 	DATA 	Keypress: 5
660.5935 	DATA 	TR 424 | TR1 212 | TR2 212
660.8102 	DATA 	Target presented
661.4102 	DATA 	Keypress: 1
661.4103 	DATA 	Key1 pressed
661.4103 	DATA 	Target detected
662.1600 	DATA 	Keypress: 5
662.1601 	DATA 	TR 425 | TR1 213 | TR2 212
663.7099 	DATA 	Keypress: 5
663.7099 	DATA 	TR 426 | TR1 213 | TR2 213
665.2764 	DATA 	Keypress: 5
665.2765 	DATA 	TR 427 | TR1 214 | TR2 213
666.8263 	DATA 	Keypress: 5
666.8263 	DATA 	TR 428 | TR1 214 | TR2 214
668.4095 	DATA 	Keypress: 5
668.4095 	DATA 	TR 429 | TR1 215 | TR2 214
669.9593 	DATA 	Keypress: 5
669.9594 	DATA 	TR 430 | TR1 215 | TR2 215
671.5259 	DATA 	Keypress: 5
671.5259 	DATA 	TR 431 | TR1 216 | TR2 215
673.0757 	DATA 	Keypress: 5
673.0757 	DATA 	TR 432 | TR1 216 | TR2 216
674.6589 	DATA 	Keypress: 5
674.6590 	DATA 	TR 433 | TR1 217 | TR2 216
676.2087 	DATA 	Keypress: 5
676.2088 	DATA 	TR 434 | TR1 217 | TR2 217
677.7753 	DATA 	Keypress: 5
677.7753 	DATA 	TR 435 | TR1 218 | TR2 217
679.3251 	DATA 	Keypress: 5
679.3251 	DATA 	TR 436 | TR1 218 | TR2 218
680.8917 	DATA 	Keypress: 5
680.8917 	DATA 	TR 437 | TR1 219 | TR2 218
682.2748 	DATA 	
682.2748 	DATA 	stimulation stopped
682.2748 	DATA 	
682.4581 	DATA 	Keypress: 5
682.4581 	DATA 	TR 438 | TR1 219 | TR2 219
684.0247 	DATA 	Keypress: 5
684.0247 	DATA 	TR 439 | TR1 220 | TR2 219
685.5745 	DATA 	Keypress: 5
685.5745 	DATA 	TR 440 | TR1 220 | TR2 220
687.1410 	DATA 	Keypress: 5
687.1411 	DATA 	TR 441 | TR1 221 | TR2 220
688.6910 	DATA 	Keypress: 5
688.6910 	DATA 	TR 442 | TR1 221 | TR2 221
690.2741 	DATA 	Keypress: 5
690.2741 	DATA 	TR 443 | TR1 222 | TR2 221
691.8239 	DATA 	Keypress: 5
691.8239 	DATA 	TR 444 | TR1 222 | TR2 222
693.3905 	DATA 	Keypress: 5
693.3905 	DATA 	TR 445 | TR1 223 | TR2 222
694.9404 	DATA 	Keypress: 5
694.9404 	DATA 	TR 446 | TR1 223 | TR2 223
696.5074 	DATA 	Keypress: 5
696.5236 	DATA 	TR 447 | TR1 224 | TR2 223
698.0733 	DATA 	Keypress: 5
698.0734 	DATA 	TR 448 | TR1 224 | TR2 224
699.6401 	DATA 	Keypress: 5
699.6401 	DATA 	TR 449 | TR1 225 | TR2 224
701.1897 	DATA 	Keypress: 5
701.1897 	DATA 	TR 450 | TR1 225 | TR2 225
702.7563 	DATA 	Keypress: 5
702.7563 	DATA 	TR 451 | TR1 226 | TR2 225
704.3068 	DATA 	Keypress: 5
704.3229 	DATA 	TR 452 | TR1 226 | TR2 226
705.8893 	DATA 	Keypress: 5
705.8893 	DATA 	TR 453 | TR1 227 | TR2 226
707.4391 	DATA 	Keypress: 5
707.4392 	DATA 	TR 454 | TR1 227 | TR2 227
709.0057 	DATA 	Keypress: 5
709.0057 	DATA 	TR 455 | TR1 228 | TR2 227
710.5555 	DATA 	Keypress: 5
710.5555 	DATA 	TR 456 | TR1 228 | TR2 228
712.1387 	DATA 	Keypress: 5
712.1388 	DATA 	TR 457 | TR1 229 | TR2 228
713.6886 	DATA 	Keypress: 5
713.6886 	DATA 	TR 458 | TR1 229 | TR2 229
715.2551 	DATA 	Keypress: 5
715.2552 	DATA 	TR 459 | TR1 230 | TR2 229
716.8049 	DATA 	Keypress: 5
716.8050 	DATA 	TR 460 | TR1 230 | TR2 230
718.3715 	DATA 	Keypress: 5
718.3715 	DATA 	TR 461 | TR1 231 | TR2 230
719.9381 	DATA 	Keypress: 5
719.9382 	DATA 	TR 462 | TR1 231 | TR2 231
721.5045 	DATA 	Keypress: 5
721.5046 	DATA 	TR 463 | TR1 232 | TR2 231
721.9879 	DATA 	Target presented
722.2711 	DATA 	
722.2711 	DATA 	Trial complete
722.2711 	DATA 	Waiting for VASO trigger to start next trial
722.2711 	DATA 	
722.5712 	DATA 	Keypress: 1
722.5712 	DATA 	Key1 pressed
722.5712 	DATA 	Target detected
723.0544 	DATA 	Keypress: 5
723.0544 	DATA 	TR 464 | TR1 232 | TR2 232
724.6209 	DATA 	Keypress: 5
724.6210 	DATA 	Waited 2.3498709201812744 seconds for trigger
724.6217 	DATA 	
724.6217 	DATA 	Trial 18
724.6218 	DATA 	stimDur = 1.0
724.6218 	DATA 	jitter = 0.78525
724.6218 	DATA 	restDur = 20.0

724.6218 	DATA 	
724.6218 	DATA 	TR 465 | TR1 233 | TR2 232
725.4208 	DATA 	
725.4208 	DATA 	stimulation started
725.4208 	DATA 	
726.1708 	DATA 	Keypress: 5
726.1709 	DATA 	TR 466 | TR1 233 | TR2 233
726.4207 	DATA 	
726.4207 	DATA 	stimulation stopped
726.4207 	DATA 	
727.7539 	DATA 	Keypress: 5
727.7540 	DATA 	TR 467 | TR1 234 | TR2 233
729.3039 	DATA 	Keypress: 5
729.3040 	DATA 	TR 468 | TR1 234 | TR2 234
730.8703 	DATA 	Keypress: 5
730.8703 	DATA 	TR 469 | TR1 235 | TR2 234
732.4202 	DATA 	Keypress: 5
732.4202 	DATA 	TR 470 | TR1 235 | TR2 235
734.0033 	DATA 	Keypress: 5
734.0034 	DATA 	TR 471 | TR1 236 | TR2 235
735.5532 	DATA 	Keypress: 5
735.5533 	DATA 	TR 472 | TR1 236 | TR2 236
737.1197 	DATA 	Keypress: 5
737.1198 	DATA 	TR 473 | TR1 237 | TR2 236
738.6696 	DATA 	Keypress: 5
738.6696 	DATA 	TR 474 | TR1 237 | TR2 237
740.2361 	DATA 	Keypress: 5
740.2362 	DATA 	TR 475 | TR1 238 | TR2 237
741.7866 	DATA 	Keypress: 5
741.8026 	DATA 	TR 476 | TR1 238 | TR2 238
743.3691 	DATA 	Keypress: 5
743.3692 	DATA 	TR 477 | TR1 239 | TR2 238
744.9189 	DATA 	Keypress: 5
744.9189 	DATA 	TR 478 | TR1 239 | TR2 239
746.4189 	DATA 	
746.4189 	DATA 	Trial complete
746.4189 	DATA 	Waiting for VASO trigger to start next trial
746.4189 	DATA 	
746.4855 	DATA 	Keypress: 5
746.4856 	DATA 	Waited 0.06668376922607422 seconds for trigger
746.4863 	DATA 	
746.4864 	DATA 	Trial 19
746.4864 	DATA 	stimDur = 2.0
746.4864 	DATA 	jitter = 1.5705
746.4864 	DATA 	restDur = 22.0

746.4864 	DATA 	
746.4864 	DATA 	TR 479 | TR1 240 | TR2 239
748.0354 	DATA 	Keypress: 5
748.0355 	DATA 	TR 480 | TR1 240 | TR2 240
748.0687 	DATA 	
748.0687 	DATA 	stimulation started
748.0687 	DATA 	
749.6186 	DATA 	Keypress: 5
749.6187 	DATA 	TR 481 | TR1 241 | TR2 240
750.0685 	DATA 	
750.0686 	DATA 	stimulation stopped
750.0686 	DATA 	
751.1685 	DATA 	Keypress: 5
751.1685 	DATA 	TR 482 | TR1 241 | TR2 241
752.7349 	DATA 	Keypress: 5
752.7350 	DATA 	TR 483 | TR1 242 | TR2 241
754.2848 	DATA 	Keypress: 5
754.2849 	DATA 	TR 484 | TR1 242 | TR2 242
755.8519 	DATA 	Keypress: 5
755.8680 	DATA 	TR 485 | TR1 243 | TR2 242
757.4179 	DATA 	Keypress: 5
757.4179 	DATA 	TR 486 | TR1 243 | TR2 243
758.9844 	DATA 	Keypress: 5
758.9844 	DATA 	TR 487 | TR1 244 | TR2 243
760.5343 	DATA 	Keypress: 5
760.5343 	DATA 	TR 488 | TR1 244 | TR2 244
762.1007 	DATA 	Keypress: 5
762.1008 	DATA 	TR 489 | TR1 245 | TR2 244
763.6506 	DATA 	Keypress: 5
763.6506 	DATA 	TR 490 | TR1 245 | TR2 245
765.2338 	DATA 	Keypress: 5
765.2338 	DATA 	TR 491 | TR1 246 | TR2 245
766.7837 	DATA 	Keypress: 5
766.7837 	DATA 	TR 492 | TR1 246 | TR2 246
768.3502 	DATA 	Keypress: 5
768.3502 	DATA 	TR 493 | TR1 247 | TR2 246
769.9001 	DATA 	Keypress: 5
769.9001 	DATA 	TR 494 | TR1 247 | TR2 247
771.4832 	DATA 	Keypress: 5
771.4833 	DATA 	TR 495 | TR1 248 | TR2 247
772.0665 	DATA 	
772.0665 	DATA 	Trial complete
772.0665 	DATA 	
773.0331 	DATA 	Keypress: 5
773.0331 	DATA 	TR 496 | TR1 248 | TR2 248
774.5996 	DATA 	Keypress: 5
774.5996 	DATA 	Waited 28.180749893188477 seconds for trigger
774.6004 	DATA 	
774.6004 	DATA 	Trial 20
774.6004 	DATA 	stimDur = 1.0
774.6004 	DATA 	jitter = 0.0
774.6004 	DATA 	restDur = 20.0

774.6004 	DATA 	
774.6004 	DATA 	TR 497 | TR1 249 | TR2 248
774.6004 	DATA 	
774.6004 	DATA 	stimulation started
774.6004 	DATA 	
775.6163 	DATA 	
775.6163 	DATA 	stimulation stopped
775.6163 	DATA 	
776.1495 	DATA 	Keypress: 5
776.1495 	DATA 	TR 498 | TR1 249 | TR2 249
777.7160 	DATA 	Keypress: 5
777.7160 	DATA 	TR 499 | TR1 250 | TR2 249
779.2826 	DATA 	Keypress: 5
779.2826 	DATA 	TR 500 | TR1 250 | TR2 250
780.8490 	DATA 	Keypress: 5
780.8491 	DATA 	TR 501 | TR1 251 | TR2 250
782.3989 	DATA 	Keypress: 5
782.3990 	DATA 	TR 502 | TR1 251 | TR2 251
783.9654 	DATA 	Keypress: 5
783.9654 	DATA 	TR 503 | TR1 252 | TR2 251
785.5153 	DATA 	Keypress: 5
785.5153 	DATA 	TR 504 | TR1 252 | TR2 252
787.0984 	DATA 	Keypress: 5
787.0985 	DATA 	TR 505 | TR1 253 | TR2 252
788.6483 	DATA 	Keypress: 5
788.6484 	DATA 	TR 506 | TR1 253 | TR2 253
790.2148 	DATA 	Keypress: 5
790.2149 	DATA 	TR 507 | TR1 254 | TR2 253
791.7647 	DATA 	Keypress: 5
791.7648 	DATA 	TR 508 | TR1 254 | TR2 254
793.3479 	DATA 	Keypress: 5
793.3479 	DATA 	TR 509 | TR1 255 | TR2 254
794.8978 	DATA 	Keypress: 5
794.8978 	DATA 	TR 510 | TR1 255 | TR2 255
795.6143 	DATA 	
795.6143 	DATA 	Trial complete
795.6143 	DATA 	
796.4643 	DATA 	Keypress: 5
796.4644 	DATA 	TR 511 | TR1 256 | TR2 255
798.0141 	DATA 	Keypress: 5
798.0142 	DATA 	TR 512 | TR1 256 | TR2 256
799.5806 	DATA 	Keypress: 5
799.5807 	DATA 	TR 513 | TR1 257 | TR2 256
801.1311 	DATA 	Keypress: 5
801.1471 	DATA 	TR 514 | TR1 257 | TR2 257
802.7137 	DATA 	Keypress: 5
802.7137 	DATA 	TR 515 | TR1 258 | TR2 257
804.2636 	DATA 	Keypress: 5
804.2636 	DATA 	TR 516 | TR1 258 | TR2 258
805.8301 	DATA 	Keypress: 5
805.8301 	DATA 	TR 517 | TR1 259 | TR2 258
807.3799 	DATA 	Keypress: 5
807.3800 	DATA 	TR 518 | TR1 259 | TR2 259
808.9631 	DATA 	Keypress: 5
808.9632 	DATA 	TR 519 | TR1 260 | TR2 259
810.5130 	DATA 	Keypress: 5
810.5130 	DATA 	TR 520 | TR1 260 | TR2 260
812.0795 	DATA 	Keypress: 5
812.0795 	DATA 	TR 521 | TR1 261 | TR2 260
813.6294 	DATA 	Keypress: 5
813.6294 	DATA 	TR 522 | TR1 261 | TR2 261
815.1958 	DATA 	Keypress: 5
815.1959 	DATA 	TR 523 | TR1 262 | TR2 261
816.7624 	DATA 	Keypress: 5
816.7625 	DATA 	TR 524 | TR1 262 | TR2 262
818.3289 	DATA 	Keypress: 5
818.3290 	DATA 	TR 525 | TR1 263 | TR2 262
819.8788 	DATA 	Keypress: 5
819.8788 	DATA 	TR 526 | TR1 263 | TR2 263
821.4453 	DATA 	Keypress: 5
821.4453 	DATA 	TR 527 | TR1 264 | TR2 263
822.0619 	DATA 	EndOfRun sub-09_ses-03_run-06

822.0619 	DATA 	We spent 51.49828839302063 seconds waiting for triggers
822.0619 	DATA 	RatioOfDetectedTargets 1.0
822.0619 	DATA 	You have detected 12 out of 12 targets.
826.8842 	DATA 	Keypress: 5
826.8844 	DATA 	Keypress: 5
826.8845 	DATA 	Keypress: 5
827.0916 	EXP 	window1: mouseVisible = True
