MonitorDistance=99cm
MonitorWidth=30cm
PixelWidth=1024.0
PixelHeight=768.0
You have detected 10 out of 12 targets.
Please try to focus more
5.7210 	INFO 	Loaded monitor calibration from ['2021_05_26 17:55']
6.1914 	EXP 	Created window1 = Window(allowGUI=False, allowStencil=False, autoLog=True, backendConf=UNKNOWN, bitsMode=UNKNOWN, blendMode='avg', bpc=(8, 8, 8), color=array([-0.5, -0.5, -0.5]), colorSpace='rgb', depthBits=8, fullscr=<method-wrapper '__getattribute__' of attributeSetter object at 0x7fb358a98400>, gamma=None, gammaErrorPolicy='raise', lms=UNKNOWN, monitor=<psychopy.monitors.calibTools.Monitor object at 0x7fb34e8b8048>, multiSample=False, name='window1', numSamples=2, pos=[0.0, 0.0], screen=0, size=array([1024,  768]), stencilBits=0, stereo=False, units='deg', useFBO=False, useRetina=False, viewOri=0.0, viewPos=None, viewScale=None, waitBlanking=True, winType='pyglet')
6.1915 	EXP 	window1: mouseVisible = True
6.2582 	EXP 	Created unnamed TextStim = TextStim(__class__=<class 'psychopy.visual.text.TextStim'>, alignHoriz=method-wrapper(...), alignText='center', alignVert=method-wrapper(...), anchorHoriz='center', anchorVert='center', antialias=True, autoLog=True, bold=False, color=array([1., 1., 1.]), colorSpace='rgb', contrast=1.0, depth=0, flipHoriz=False, flipVert=False, font='', fontFiles=[], height=0.5, italic=False, languageStyle='LTR', name='unnamed TextStim', opacity=1.0, ori=0.0, pos=array([0., 0.]), rgb=UNKNOWN, text=str(...), units='deg', win=Window(...), wrapWidth=15.0)
6.2892 	EXP 	Created Movie Frame 0 = ImageStim(__class__=<class 'psychopy.visual.image.ImageStim'>, autoLog=True, color=array([0.8, 0.8, 0.8]), colorSpace='rgb', contrast=0.8, depth=0, flipHoriz=False, flipVert=False, image='visual_0.png', interpolate=False, mask=None, maskParams=None, name='Movie Frame 0', opacity=1, ori=0.0, pos=array([0., 0.]), size=array([1024,  768]), texRes=128, units='pix', win=Window(...))
6.3131 	EXP 	Created Movie Frame 1 = ImageStim(__class__=<class 'psychopy.visual.image.ImageStim'>, autoLog=True, color=array([0.8, 0.8, 0.8]), colorSpace='rgb', contrast=0.8, depth=0, flipHoriz=False, flipVert=False, image='visual_1.png', interpolate=False, mask=None, maskParams=None, name='Movie Frame 1', opacity=1, ori=0.0, pos=array([0., 0.]), size=array([1024,  768]), texRes=128, units='pix', win=Window(...))
100.6972 	DATA 	Keypress: 5
0.0000 	DATA 	StartOfRun sub-07_ses-03_run-04
0.0000 	DATA 	TR 1 | TR1 1 | TR2 0
0.0171 	DATA 	Initial baseline

1.5506 	DATA 	Keypress: 5
1.5506 	DATA 	TR 2 | TR1 1 | TR2 1
3.1227 	DATA 	Keypress: 5
3.1228 	DATA 	TR 3 | TR1 2 | TR2 1
4.6739 	DATA 	Keypress: 5
4.6739 	DATA 	TR 4 | TR1 2 | TR2 2
6.2462 	DATA 	Keypress: 5
6.2462 	DATA 	TR 5 | TR1 3 | TR2 2
7.7972 	DATA 	Keypress: 5
7.7972 	DATA 	TR 6 | TR1 3 | TR2 3
9.3694 	DATA 	Keypress: 5
9.3694 	DATA 	TR 7 | TR1 4 | TR2 3
10.9207 	DATA 	Keypress: 5
10.9207 	DATA 	TR 8 | TR1 4 | TR2 4
12.4929 	DATA 	Keypress: 5
12.4929 	DATA 	TR 9 | TR1 5 | TR2 4
14.0441 	DATA 	Keypress: 5
14.0441 	DATA 	TR 10 | TR1 5 | TR2 5
15.6163 	DATA 	Keypress: 5
15.6163 	DATA 	TR 11 | TR1 6 | TR2 5
17.1675 	DATA 	Keypress: 5
17.1675 	DATA 	TR 12 | TR1 6 | TR2 6
18.7396 	DATA 	Keypress: 5
18.7397 	DATA 	TR 13 | TR1 7 | TR2 6
20.2907 	DATA 	Keypress: 5
20.2907 	DATA 	TR 14 | TR1 7 | TR2 7
21.8630 	DATA 	Keypress: 5
21.8631 	DATA 	TR 15 | TR1 8 | TR2 7
23.4141 	DATA 	Keypress: 5
23.4141 	DATA 	TR 16 | TR1 8 | TR2 8
24.9866 	DATA 	Keypress: 5
24.9866 	DATA 	TR 17 | TR1 9 | TR2 8
26.5376 	DATA 	Keypress: 5
26.5377 	DATA 	TR 18 | TR1 9 | TR2 9
28.1098 	DATA 	Keypress: 5
28.1098 	DATA 	TR 19 | TR1 10 | TR2 9
29.6609 	DATA 	Keypress: 5
29.6609 	DATA 	TR 20 | TR1 10 | TR2 10
31.2479 	DATA 	Keypress: 5
31.2480 	DATA 	Waited 1.2479948997497559 seconds for trigger
31.2494 	DATA 	
31.2494 	DATA 	Trial 1
31.2494 	DATA 	stimDur = 24.0
31.2494 	DATA 	jitter = 2.35575
31.2494 	DATA 	restDur = 40.0

31.2494 	DATA 	
31.2494 	DATA 	TR 21 | TR1 11 | TR2 10
32.7978 	DATA 	Keypress: 5
32.7979 	DATA 	TR 22 | TR1 11 | TR2 11
33.6143 	DATA 	
33.6143 	DATA 	stimulation started
33.6143 	DATA 	
34.3644 	DATA 	Keypress: 5
34.3644 	DATA 	TR 23 | TR1 12 | TR2 11
35.9143 	DATA 	Keypress: 5
35.9143 	DATA 	TR 24 | TR1 12 | TR2 12
37.4807 	DATA 	Keypress: 5
37.4808 	DATA 	TR 25 | TR1 13 | TR2 12
39.0315 	DATA 	Keypress: 5
39.0472 	DATA 	TR 26 | TR1 13 | TR2 13
40.6138 	DATA 	Keypress: 5
40.6138 	DATA 	TR 27 | TR1 14 | TR2 13
42.1637 	DATA 	Keypress: 5
42.1637 	DATA 	TR 28 | TR1 14 | TR2 14
43.7302 	DATA 	Keypress: 5
43.7303 	DATA 	TR 29 | TR1 15 | TR2 14
45.2801 	DATA 	Keypress: 5
45.2801 	DATA 	TR 30 | TR1 15 | TR2 15
46.8632 	DATA 	Keypress: 5
46.8633 	DATA 	TR 31 | TR1 16 | TR2 15
48.4131 	DATA 	Keypress: 5
48.4132 	DATA 	TR 32 | TR1 16 | TR2 16
49.9796 	DATA 	Keypress: 5
49.9797 	DATA 	TR 33 | TR1 17 | TR2 16
51.5295 	DATA 	Keypress: 5
51.5295 	DATA 	TR 34 | TR1 17 | TR2 17
53.0960 	DATA 	Keypress: 5
53.0961 	DATA 	TR 35 | TR1 18 | TR2 17
54.6626 	DATA 	Keypress: 5
54.6626 	DATA 	TR 36 | TR1 18 | TR2 18
56.2292 	DATA 	Keypress: 5
56.2292 	DATA 	TR 37 | TR1 19 | TR2 18
57.6122 	DATA 	
57.6122 	DATA 	stimulation stopped
57.6122 	DATA 	
57.7789 	DATA 	Keypress: 5
57.7789 	DATA 	TR 38 | TR1 19 | TR2 19
59.3454 	DATA 	Keypress: 5
59.3454 	DATA 	TR 39 | TR1 20 | TR2 19
60.8953 	DATA 	Keypress: 5
60.8954 	DATA 	TR 40 | TR1 20 | TR2 20
62.4784 	DATA 	Keypress: 5
62.4785 	DATA 	TR 41 | TR1 21 | TR2 20
64.0283 	DATA 	Keypress: 5
64.0284 	DATA 	TR 42 | TR1 21 | TR2 21
65.5948 	DATA 	Keypress: 5
65.5948 	DATA 	TR 43 | TR1 22 | TR2 21
67.1447 	DATA 	Keypress: 5
67.1448 	DATA 	TR 44 | TR1 22 | TR2 22
68.7278 	DATA 	Keypress: 5
68.7279 	DATA 	TR 45 | TR1 23 | TR2 22
70.2777 	DATA 	Keypress: 5
70.2778 	DATA 	TR 46 | TR1 23 | TR2 23
71.8442 	DATA 	Keypress: 5
71.8443 	DATA 	TR 47 | TR1 24 | TR2 23
73.3943 	DATA 	Keypress: 5
73.3943 	DATA 	TR 48 | TR1 24 | TR2 24
74.9606 	DATA 	Keypress: 5
74.9606 	DATA 	TR 49 | TR1 25 | TR2 24
76.5111 	DATA 	Keypress: 5
76.5271 	DATA 	TR 50 | TR1 25 | TR2 25
78.0936 	DATA 	Keypress: 5
78.0937 	DATA 	TR 51 | TR1 26 | TR2 25
79.6435 	DATA 	Keypress: 5
79.6436 	DATA 	TR 52 | TR1 26 | TR2 26
81.2100 	DATA 	Keypress: 5
81.2101 	DATA 	TR 53 | TR1 27 | TR2 26
82.7599 	DATA 	Keypress: 5
82.7600 	DATA 	TR 54 | TR1 27 | TR2 27
84.3431 	DATA 	Keypress: 5
84.3431 	DATA 	TR 55 | TR1 28 | TR2 27
85.8930 	DATA 	Keypress: 5
85.8931 	DATA 	TR 56 | TR1 28 | TR2 28
87.4595 	DATA 	Keypress: 5
87.4595 	DATA 	TR 57 | TR1 29 | TR2 28
89.0094 	DATA 	Keypress: 5
89.0094 	DATA 	TR 58 | TR1 29 | TR2 29
89.7259 	DATA 	Target presented
90.3759 	DATA 	Keypress: 1
90.3759 	DATA 	Key1 pressed
90.3759 	DATA 	Target detected
90.5764 	DATA 	Keypress: 5
90.5925 	DATA 	TR 59 | TR1 30 | TR2 29
92.1424 	DATA 	Keypress: 5
92.1424 	DATA 	TR 60 | TR1 30 | TR2 30
93.7089 	DATA 	Keypress: 5
93.7090 	DATA 	TR 61 | TR1 31 | TR2 30
95.2588 	DATA 	Keypress: 5
95.2588 	DATA 	TR 62 | TR1 31 | TR2 31
96.8253 	DATA 	Keypress: 5
96.8254 	DATA 	TR 63 | TR1 32 | TR2 31
97.6085 	DATA 	
97.6085 	DATA 	Trial complete
97.6085 	DATA 	Waiting for VASO trigger to start next trial
97.6085 	DATA 	
98.3751 	DATA 	Keypress: 5
98.3752 	DATA 	TR 64 | TR1 32 | TR2 32
99.9585 	DATA 	Keypress: 5
99.9586 	DATA 	Waited 2.350067138671875 seconds for trigger
99.9594 	DATA 	
99.9594 	DATA 	Trial 2
99.9594 	DATA 	stimDur = 12.0
99.9594 	DATA 	jitter = 0.0
99.9594 	DATA 	restDur = 30.0

99.9594 	DATA 	
99.9594 	DATA 	TR 65 | TR1 33 | TR2 32
99.9594 	DATA 	
99.9594 	DATA 	stimulation started
99.9594 	DATA 	
101.5083 	DATA 	Keypress: 5
101.5083 	DATA 	TR 66 | TR1 33 | TR2 33
103.0748 	DATA 	Keypress: 5
103.0749 	DATA 	TR 67 | TR1 34 | TR2 33
104.6247 	DATA 	Keypress: 5
104.6247 	DATA 	TR 68 | TR1 34 | TR2 34
106.2079 	DATA 	Keypress: 5
106.2079 	DATA 	TR 69 | TR1 35 | TR2 34
107.7577 	DATA 	Keypress: 5
107.7578 	DATA 	TR 70 | TR1 35 | TR2 35
109.3243 	DATA 	Keypress: 5
109.3243 	DATA 	TR 71 | TR1 36 | TR2 35
110.8741 	DATA 	Keypress: 5
110.8741 	DATA 	TR 72 | TR1 36 | TR2 36
111.9740 	DATA 	
111.9740 	DATA 	stimulation stopped
111.9740 	DATA 	
112.4408 	DATA 	Keypress: 5
112.4408 	DATA 	TR 73 | TR1 37 | TR2 36
114.0071 	DATA 	Keypress: 5
114.0071 	DATA 	TR 74 | TR1 37 | TR2 37
115.5737 	DATA 	Keypress: 5
115.5737 	DATA 	TR 75 | TR1 38 | TR2 37
117.1235 	DATA 	Keypress: 5
117.1235 	DATA 	TR 76 | TR1 38 | TR2 38
118.6900 	DATA 	Keypress: 5
118.6900 	DATA 	TR 77 | TR1 39 | TR2 38
120.2397 	DATA 	Keypress: 5
120.2397 	DATA 	TR 78 | TR1 39 | TR2 39
121.8231 	DATA 	Keypress: 5
121.8231 	DATA 	TR 79 | TR1 40 | TR2 39
123.3729 	DATA 	Keypress: 5
123.3730 	DATA 	TR 80 | TR1 40 | TR2 40
124.9395 	DATA 	Keypress: 5
124.9395 	DATA 	TR 81 | TR1 41 | TR2 40
126.4893 	DATA 	Keypress: 5
126.4893 	DATA 	TR 82 | TR1 41 | TR2 41
128.0725 	DATA 	Keypress: 5
128.0726 	DATA 	TR 83 | TR1 42 | TR2 41
129.6225 	DATA 	Keypress: 5
129.6225 	DATA 	TR 84 | TR1 42 | TR2 42
131.1889 	DATA 	Keypress: 5
131.1890 	DATA 	TR 85 | TR1 43 | TR2 42
132.7387 	DATA 	Keypress: 5
132.7388 	DATA 	TR 86 | TR1 43 | TR2 43
134.3053 	DATA 	Keypress: 5
134.3053 	DATA 	TR 87 | TR1 44 | TR2 43
135.8557 	DATA 	Keypress: 5
135.8717 	DATA 	TR 88 | TR1 44 | TR2 44
137.4383 	DATA 	Keypress: 5
137.4384 	DATA 	TR 89 | TR1 45 | TR2 44
138.9882 	DATA 	Keypress: 5
138.9882 	DATA 	TR 90 | TR1 45 | TR2 45
140.5547 	DATA 	Keypress: 5
140.5548 	DATA 	TR 91 | TR1 46 | TR2 45
141.9712 	DATA 	
141.9712 	DATA 	Trial complete
141.9712 	DATA 	Waiting for VASO trigger to start next trial
141.9712 	DATA 	
142.1045 	DATA 	Keypress: 5
142.1046 	DATA 	TR 92 | TR1 46 | TR2 46
143.6878 	DATA 	Keypress: 5
143.6878 	DATA 	Waited 1.716592788696289 seconds for trigger
143.6886 	DATA 	
143.6886 	DATA 	Trial 3
143.6886 	DATA 	stimDur = 24.0
143.6886 	DATA 	jitter = 1.5705
143.6886 	DATA 	restDur = 40.0

143.6886 	DATA 	
143.6886 	DATA 	TR 93 | TR1 47 | TR2 46
145.2043 	DATA 	Target presented
145.2376 	DATA 	Keypress: 5
145.2377 	DATA 	TR 94 | TR1 47 | TR2 47
145.2709 	DATA 	
145.2709 	DATA 	stimulation started
145.2709 	DATA 	
145.9043 	DATA 	Keypress: 1
145.9043 	DATA 	Key1 pressed
145.9043 	DATA 	Target detected
146.8042 	DATA 	Keypress: 5
146.8043 	DATA 	TR 95 | TR1 48 | TR2 47
148.3542 	DATA 	Keypress: 5
148.3542 	DATA 	TR 96 | TR1 48 | TR2 48
149.9214 	DATA 	Keypress: 5
149.9372 	DATA 	TR 97 | TR1 49 | TR2 48
151.4871 	DATA 	Keypress: 5
151.4872 	DATA 	TR 98 | TR1 49 | TR2 49
153.0537 	DATA 	Keypress: 5
153.0537 	DATA 	TR 99 | TR1 50 | TR2 49
154.6035 	DATA 	Keypress: 5
154.6036 	DATA 	TR 100 | TR1 50 | TR2 50
156.1701 	DATA 	Keypress: 5
156.1701 	DATA 	TR 101 | TR1 51 | TR2 50
157.7199 	DATA 	Keypress: 5
157.7199 	DATA 	TR 102 | TR1 51 | TR2 51
159.3031 	DATA 	Keypress: 5
159.3032 	DATA 	TR 103 | TR1 52 | TR2 51
160.8531 	DATA 	Keypress: 5
160.8531 	DATA 	TR 104 | TR1 52 | TR2 52
162.4195 	DATA 	Keypress: 5
162.4196 	DATA 	TR 105 | TR1 53 | TR2 52
163.9693 	DATA 	Keypress: 5
163.9694 	DATA 	TR 106 | TR1 53 | TR2 53
165.5526 	DATA 	Keypress: 5
165.5526 	DATA 	TR 107 | TR1 54 | TR2 53
167.1024 	DATA 	Keypress: 5
167.1024 	DATA 	TR 108 | TR1 54 | TR2 54
168.6689 	DATA 	Keypress: 5
168.6690 	DATA 	TR 109 | TR1 55 | TR2 54
169.2688 	DATA 	
169.2688 	DATA 	stimulation stopped
169.2688 	DATA 	
170.2187 	DATA 	Keypress: 5
170.2188 	DATA 	TR 110 | TR1 55 | TR2 55
171.7853 	DATA 	Keypress: 5
171.7853 	DATA 	TR 111 | TR1 56 | TR2 55
173.3518 	DATA 	Keypress: 5
173.3518 	DATA 	TR 112 | TR1 56 | TR2 56
174.9183 	DATA 	Keypress: 5
174.9183 	DATA 	TR 113 | TR1 57 | TR2 56
176.4681 	DATA 	Keypress: 5
176.4682 	DATA 	TR 114 | TR1 57 | TR2 57
178.0347 	DATA 	Keypress: 5
178.0347 	DATA 	TR 115 | TR1 58 | TR2 57
179.5845 	DATA 	Keypress: 5
179.5846 	DATA 	TR 116 | TR1 58 | TR2 58
181.1678 	DATA 	Keypress: 5
181.1678 	DATA 	TR 117 | TR1 59 | TR2 58
182.7176 	DATA 	Keypress: 5
182.7176 	DATA 	TR 118 | TR1 59 | TR2 59
184.2841 	DATA 	Keypress: 5
184.2842 	DATA 	TR 119 | TR1 60 | TR2 59
185.8340 	DATA 	Keypress: 5
185.8340 	DATA 	TR 120 | TR1 60 | TR2 60
187.4011 	DATA 	Keypress: 5
187.4171 	DATA 	TR 121 | TR1 61 | TR2 60
188.9670 	DATA 	Keypress: 5
188.9671 	DATA 	TR 122 | TR1 61 | TR2 61
190.2336 	DATA 	Target presented
190.5336 	DATA 	Keypress: 5
190.5336 	DATA 	TR 123 | TR1 62 | TR2 61
190.8002 	DATA 	Keypress: 1
190.8002 	DATA 	Key1 pressed
190.8002 	DATA 	Target detected
192.0834 	DATA 	Keypress: 5
192.0835 	DATA 	TR 124 | TR1 62 | TR2 62
193.6500 	DATA 	Keypress: 5
193.6500 	DATA 	TR 125 | TR1 63 | TR2 62
195.1998 	DATA 	Keypress: 5
195.1998 	DATA 	TR 126 | TR1 63 | TR2 63
196.7830 	DATA 	Keypress: 5
196.7831 	DATA 	TR 127 | TR1 64 | TR2 63
198.3328 	DATA 	Keypress: 5
198.3329 	DATA 	TR 128 | TR1 64 | TR2 64
199.8994 	DATA 	Keypress: 5
199.8995 	DATA 	TR 129 | TR1 65 | TR2 64
201.4492 	DATA 	Keypress: 5
201.4493 	DATA 	TR 130 | TR1 65 | TR2 65
203.0323 	DATA 	Keypress: 5
203.0324 	DATA 	TR 131 | TR1 66 | TR2 65
204.5823 	DATA 	Keypress: 5
204.5823 	DATA 	TR 132 | TR1 66 | TR2 66
206.1488 	DATA 	Keypress: 5
206.1489 	DATA 	TR 133 | TR1 67 | TR2 66
207.6987 	DATA 	Keypress: 5
207.6987 	DATA 	TR 134 | TR1 67 | TR2 67
209.2652 	DATA 	Keypress: 5
209.2653 	DATA 	TR 135 | TR1 68 | TR2 67
209.2653 	DATA 	
209.2653 	DATA 	Trial complete
209.2653 	DATA 	Waiting for VASO trigger to start next trial
209.2653 	DATA 	
210.8157 	DATA 	Keypress: 5
210.8317 	DATA 	TR 136 | TR1 68 | TR2 68
212.3985 	DATA 	Keypress: 5
212.3986 	DATA 	Waited 3.1332600116729736 seconds for trigger
212.3993 	DATA 	
212.3993 	DATA 	Trial 4
212.3993 	DATA 	stimDur = 1.0
212.3994 	DATA 	jitter = 2.35575
212.3994 	DATA 	restDur = 20.0

212.3994 	DATA 	
212.3994 	DATA 	TR 137 | TR1 69 | TR2 68
213.9481 	DATA 	Keypress: 5
213.9482 	DATA 	TR 138 | TR1 69 | TR2 69
214.7648 	DATA 	
214.7648 	DATA 	stimulation started
214.7648 	DATA 	
215.5147 	DATA 	Keypress: 5
215.5148 	DATA 	TR 139 | TR1 70 | TR2 69
215.7646 	DATA 	
215.7646 	DATA 	stimulation stopped
215.7646 	DATA 	
217.0645 	DATA 	Keypress: 5
217.0645 	DATA 	TR 140 | TR1 70 | TR2 70
218.6477 	DATA 	Keypress: 5
218.6478 	DATA 	TR 141 | TR1 71 | TR2 70
220.1976 	DATA 	Keypress: 5
220.1976 	DATA 	TR 142 | TR1 71 | TR2 71
221.7641 	DATA 	Keypress: 5
221.7642 	DATA 	TR 143 | TR1 72 | TR2 71
223.3141 	DATA 	Keypress: 5
223.3141 	DATA 	TR 144 | TR1 72 | TR2 72
224.8972 	DATA 	Keypress: 5
224.8972 	DATA 	TR 145 | TR1 73 | TR2 72
226.4470 	DATA 	Keypress: 5
226.4470 	DATA 	TR 146 | TR1 73 | TR2 73
228.0135 	DATA 	Keypress: 5
228.0135 	DATA 	TR 147 | TR1 74 | TR2 73
229.5634 	DATA 	Keypress: 5
229.5634 	DATA 	TR 148 | TR1 74 | TR2 74
231.1299 	DATA 	Keypress: 5
231.1300 	DATA 	TR 149 | TR1 75 | TR2 74
232.6798 	DATA 	Keypress: 5
232.6798 	DATA 	TR 150 | TR1 75 | TR2 75
234.2630 	DATA 	Keypress: 5
234.2630 	DATA 	TR 151 | TR1 76 | TR2 75
235.7628 	DATA 	
235.7628 	DATA 	Trial complete
235.7628 	DATA 	Waiting for VASO trigger to start next trial
235.7628 	DATA 	
235.8128 	DATA 	Keypress: 5
235.8129 	DATA 	TR 152 | TR1 76 | TR2 76
237.3793 	DATA 	Keypress: 5
237.3794 	DATA 	Waited 1.6165978908538818 seconds for trigger
237.3802 	DATA 	
237.3802 	DATA 	Trial 5
237.3802 	DATA 	stimDur = 12.0
237.3802 	DATA 	jitter = 0.78525
237.3802 	DATA 	restDur = 30.0

237.3802 	DATA 	
237.3802 	DATA 	TR 153 | TR1 77 | TR2 76
238.1792 	DATA 	
238.1792 	DATA 	stimulation started
238.1792 	DATA 	
238.9292 	DATA 	Keypress: 5
238.9293 	DATA 	TR 154 | TR1 77 | TR2 77
240.5125 	DATA 	Keypress: 5
240.5125 	DATA 	TR 155 | TR1 78 | TR2 77
242.0623 	DATA 	Keypress: 5
242.0623 	DATA 	TR 156 | TR1 78 | TR2 78
243.6289 	DATA 	Keypress: 5
243.6289 	DATA 	TR 157 | TR1 79 | TR2 78
245.1787 	DATA 	Keypress: 5
245.1788 	DATA 	TR 158 | TR1 79 | TR2 79
246.7453 	DATA 	Keypress: 5
246.7453 	DATA 	TR 159 | TR1 80 | TR2 79
248.3117 	DATA 	Keypress: 5
248.3118 	DATA 	TR 160 | TR1 80 | TR2 80
249.8784 	DATA 	Keypress: 5
249.8785 	DATA 	TR 161 | TR1 81 | TR2 80
250.1782 	DATA 	
250.1782 	DATA 	stimulation stopped
250.1782 	DATA 	
251.4281 	DATA 	Keypress: 5
251.4281 	DATA 	TR 162 | TR1 81 | TR2 81
252.6280 	DATA 	Target presented
252.9946 	DATA 	Keypress: 5
252.9947 	DATA 	TR 163 | TR1 82 | TR2 81
253.1779 	DATA 	Keypress: 1
253.1779 	DATA 	Key1 pressed
253.1779 	DATA 	Target detected
254.5445 	DATA 	Keypress: 5
254.5446 	DATA 	TR 164 | TR1 82 | TR2 82
256.1277 	DATA 	Keypress: 5
256.1277 	DATA 	TR 165 | TR1 83 | TR2 82
257.6775 	DATA 	Keypress: 5
257.6776 	DATA 	TR 166 | TR1 83 | TR2 83
259.2440 	DATA 	Keypress: 5
259.2441 	DATA 	TR 167 | TR1 84 | TR2 83
260.7939 	DATA 	Keypress: 5
260.7940 	DATA 	TR 168 | TR1 84 | TR2 84
262.3771 	DATA 	Keypress: 5
262.3772 	DATA 	TR 169 | TR1 85 | TR2 84
263.9269 	DATA 	Keypress: 5
263.9270 	DATA 	TR 170 | TR1 85 | TR2 85
265.4936 	DATA 	Keypress: 5
265.4936 	DATA 	TR 171 | TR1 86 | TR2 85
267.0433 	DATA 	Keypress: 5
267.0434 	DATA 	TR 172 | TR1 86 | TR2 86
268.6099 	DATA 	Keypress: 5
268.6099 	DATA 	TR 173 | TR1 87 | TR2 86
270.1603 	DATA 	Keypress: 5
270.1764 	DATA 	TR 174 | TR1 87 | TR2 87
271.7429 	DATA 	Keypress: 5
271.7430 	DATA 	TR 175 | TR1 88 | TR2 87
273.2928 	DATA 	Keypress: 5
273.2928 	DATA 	TR 176 | TR1 88 | TR2 88
274.8593 	DATA 	Keypress: 5
274.8594 	DATA 	TR 177 | TR1 89 | TR2 88
276.4092 	DATA 	Keypress: 5
276.4092 	DATA 	TR 178 | TR1 89 | TR2 89
277.9922 	DATA 	Keypress: 5
277.9922 	DATA 	TR 179 | TR1 90 | TR2 89
279.5422 	DATA 	Keypress: 5
279.5423 	DATA 	TR 180 | TR1 90 | TR2 90
280.1754 	DATA 	
280.1754 	DATA 	Trial complete
280.1755 	DATA 	Waiting for VASO trigger to start next trial
280.1755 	DATA 	
281.1088 	DATA 	Keypress: 5
281.1088 	DATA 	Waited 0.93337082862854 seconds for trigger
281.1096 	DATA 	
281.1096 	DATA 	Trial 6
281.1096 	DATA 	stimDur = 2.0
281.1096 	DATA 	jitter = 0.78525
281.1096 	DATA 	restDur = 22.0

281.1096 	DATA 	
281.1096 	DATA 	TR 181 | TR1 91 | TR2 90
281.9086 	DATA 	
281.9086 	DATA 	stimulation started
281.9086 	DATA 	
282.6587 	DATA 	Keypress: 5
282.6587 	DATA 	TR 182 | TR1 91 | TR2 91
283.9085 	DATA 	
283.9085 	DATA 	stimulation stopped
283.9085 	DATA 	
284.2252 	DATA 	Keypress: 5
284.2253 	DATA 	TR 183 | TR1 92 | TR2 91
285.7916 	DATA 	Keypress: 5
285.7917 	DATA 	TR 184 | TR1 92 | TR2 92
287.3582 	DATA 	Keypress: 5
287.3582 	DATA 	TR 185 | TR1 93 | TR2 92
288.9080 	DATA 	Keypress: 5
288.9081 	DATA 	TR 186 | TR1 93 | TR2 93
290.4746 	DATA 	Keypress: 5
290.4746 	DATA 	TR 187 | TR1 94 | TR2 93
292.0244 	DATA 	Keypress: 5
292.0244 	DATA 	TR 188 | TR1 94 | TR2 94
293.6076 	DATA 	Keypress: 5
293.6077 	DATA 	TR 189 | TR1 95 | TR2 94
295.1575 	DATA 	Keypress: 5
295.1575 	DATA 	TR 190 | TR1 95 | TR2 95
296.7240 	DATA 	Keypress: 5
296.7241 	DATA 	TR 191 | TR1 96 | TR2 95
298.2738 	DATA 	Keypress: 5
298.2739 	DATA 	TR 192 | TR1 96 | TR2 96
299.8571 	DATA 	Keypress: 5
299.8571 	DATA 	TR 193 | TR1 97 | TR2 96
301.4069 	DATA 	Keypress: 5
301.4069 	DATA 	TR 194 | TR1 97 | TR2 97
302.9735 	DATA 	Keypress: 5
302.9735 	DATA 	TR 195 | TR1 98 | TR2 97
304.5233 	DATA 	Keypress: 5
304.5233 	DATA 	TR 196 | TR1 98 | TR2 98
305.9064 	DATA 	
305.9065 	DATA 	Trial complete
305.9065 	DATA 	Waiting for VASO trigger to start next trial
305.9065 	DATA 	
306.0900 	DATA 	Keypress: 5
306.0900 	DATA 	Waited 0.18355607986450195 seconds for trigger
306.0908 	DATA 	
306.0908 	DATA 	Trial 7
306.0908 	DATA 	stimDur = 2.0
306.0908 	DATA 	jitter = 0.0
306.0908 	DATA 	restDur = 22.0

306.0908 	DATA 	
306.0908 	DATA 	TR 197 | TR1 99 | TR2 98
306.0908 	DATA 	
306.0908 	DATA 	stimulation started
306.0908 	DATA 	
306.5398 	DATA 	Target presented
307.1564 	DATA 	Keypress: 1
307.1565 	DATA 	Key1 pressed
307.1565 	DATA 	Target detected
307.6564 	DATA 	Keypress: 5
307.6564 	DATA 	TR 198 | TR1 99 | TR2 99
308.1063 	DATA 	
308.1063 	DATA 	stimulation stopped
308.1063 	DATA 	
309.2229 	DATA 	Keypress: 5
309.2229 	DATA 	TR 199 | TR1 100 | TR2 99
310.7727 	DATA 	Keypress: 5
310.7728 	DATA 	TR 200 | TR1 100 | TR2 100
312.3393 	DATA 	Keypress: 5
312.3393 	DATA 	TR 201 | TR1 101 | TR2 100
313.8891 	DATA 	Keypress: 5
313.8891 	DATA 	TR 202 | TR1 101 | TR2 101
315.4723 	DATA 	Keypress: 5
315.4723 	DATA 	TR 203 | TR1 102 | TR2 101
317.0222 	DATA 	Keypress: 5
317.0222 	DATA 	TR 204 | TR1 102 | TR2 102
318.5887 	DATA 	Keypress: 5
318.5887 	DATA 	TR 205 | TR1 103 | TR2 102
320.1386 	DATA 	Keypress: 5
320.1386 	DATA 	TR 206 | TR1 103 | TR2 103
321.7057 	DATA 	Keypress: 5
321.7217 	DATA 	TR 207 | TR1 104 | TR2 103
323.2716 	DATA 	Keypress: 5
323.2716 	DATA 	TR 208 | TR1 104 | TR2 104
324.8383 	DATA 	Keypress: 5
324.8383 	DATA 	TR 209 | TR1 105 | TR2 104
326.3878 	DATA 	Keypress: 5
326.3878 	DATA 	TR 210 | TR1 105 | TR2 105
327.9545 	DATA 	Keypress: 5
327.9546 	DATA 	TR 211 | TR1 106 | TR2 105
329.5043 	DATA 	Keypress: 5
329.5044 	DATA 	TR 212 | TR1 106 | TR2 106
330.1043 	DATA 	
330.1043 	DATA 	Trial complete
330.1043 	DATA 	Waiting for VASO trigger to start next trial
330.1043 	DATA 	
331.0875 	DATA 	Keypress: 5
331.0876 	DATA 	Waited 0.9832868576049805 seconds for trigger
331.0884 	DATA 	
331.0884 	DATA 	Trial 8
331.0884 	DATA 	stimDur = 2.0
331.0884 	DATA 	jitter = 1.5705
331.0884 	DATA 	restDur = 22.0

331.0884 	DATA 	
331.0884 	DATA 	TR 213 | TR1 107 | TR2 106
332.6374 	DATA 	Keypress: 5
332.6375 	DATA 	TR 214 | TR1 107 | TR2 107
332.6707 	DATA 	
332.6707 	DATA 	stimulation started
332.6707 	DATA 	
334.2040 	DATA 	Keypress: 5
334.2040 	DATA 	TR 215 | TR1 108 | TR2 107
334.6707 	DATA 	
334.6707 	DATA 	stimulation stopped
334.6707 	DATA 	
335.7538 	DATA 	Keypress: 5
335.7539 	DATA 	TR 216 | TR1 108 | TR2 108
337.3370 	DATA 	Keypress: 5
337.3370 	DATA 	TR 217 | TR1 109 | TR2 108
338.8869 	DATA 	Keypress: 5
338.8869 	DATA 	TR 218 | TR1 109 | TR2 109
340.4533 	DATA 	Keypress: 5
340.4534 	DATA 	TR 219 | TR1 110 | TR2 109
342.0032 	DATA 	Keypress: 5
342.0033 	DATA 	TR 220 | TR1 110 | TR2 110
343.5697 	DATA 	Keypress: 5
343.5698 	DATA 	TR 221 | TR1 111 | TR2 110
345.1363 	DATA 	Keypress: 5
345.1363 	DATA 	TR 222 | TR1 111 | TR2 111
346.7028 	DATA 	Keypress: 5
346.7028 	DATA 	TR 223 | TR1 112 | TR2 111
348.2527 	DATA 	Keypress: 5
348.2527 	DATA 	TR 224 | TR1 112 | TR2 112
349.8192 	DATA 	Keypress: 5
349.8192 	DATA 	TR 225 | TR1 113 | TR2 112
351.3690 	DATA 	Keypress: 5
351.3691 	DATA 	TR 226 | TR1 113 | TR2 113
352.9522 	DATA 	Keypress: 5
352.9523 	DATA 	TR 227 | TR1 114 | TR2 113
354.5021 	DATA 	Keypress: 5
354.5022 	DATA 	TR 228 | TR1 114 | TR2 114
354.5022 	DATA 	Target presented
355.0853 	DATA 	Keypress: 1
355.0854 	DATA 	Key1 pressed
355.0854 	DATA 	Target detected
356.0686 	DATA 	Keypress: 5
356.0687 	DATA 	TR 229 | TR1 115 | TR2 114
356.6685 	DATA 	
356.6685 	DATA 	Trial complete
356.6686 	DATA 	Waiting for VASO trigger to start next trial
356.6686 	DATA 	
357.6185 	DATA 	Keypress: 5
357.6185 	DATA 	TR 230 | TR1 115 | TR2 115
359.2017 	DATA 	Keypress: 5
359.2017 	DATA 	Waited 2.5331549644470215 seconds for trigger
359.2025 	DATA 	
359.2025 	DATA 	Trial 9
359.2025 	DATA 	stimDur = 12.0
359.2025 	DATA 	jitter = 1.5705
359.2025 	DATA 	restDur = 30.0

359.2025 	DATA 	
359.2025 	DATA 	TR 231 | TR1 116 | TR2 115
360.7515 	DATA 	Keypress: 5
360.7516 	DATA 	TR 232 | TR1 116 | TR2 116
360.7848 	DATA 	
360.7848 	DATA 	stimulation started
360.7848 	DATA 	
362.3181 	DATA 	Keypress: 5
362.3181 	DATA 	TR 233 | TR1 117 | TR2 116
363.8680 	DATA 	Keypress: 5
363.8681 	DATA 	TR 234 | TR1 117 | TR2 117
365.4345 	DATA 	Keypress: 5
365.4346 	DATA 	TR 235 | TR1 118 | TR2 117
366.9845 	DATA 	Keypress: 5
366.9845 	DATA 	TR 236 | TR1 118 | TR2 118
368.5675 	DATA 	Keypress: 5
368.5676 	DATA 	TR 237 | TR1 119 | TR2 118
370.1176 	DATA 	Keypress: 5
370.1176 	DATA 	TR 238 | TR1 119 | TR2 119
371.6839 	DATA 	Keypress: 5
371.6840 	DATA 	TR 239 | TR1 120 | TR2 119
372.7838 	DATA 	
372.7838 	DATA 	stimulation stopped
372.7838 	DATA 	
373.2338 	DATA 	Keypress: 5
373.2338 	DATA 	TR 240 | TR1 120 | TR2 120
374.8171 	DATA 	Keypress: 5
374.8171 	DATA 	TR 241 | TR1 121 | TR2 120
376.3668 	DATA 	Keypress: 5
376.3668 	DATA 	TR 242 | TR1 121 | TR2 121
377.9333 	DATA 	Keypress: 5
377.9334 	DATA 	TR 243 | TR1 122 | TR2 121
379.4832 	DATA 	Keypress: 5
379.4833 	DATA 	TR 244 | TR1 122 | TR2 122
381.0497 	DATA 	Keypress: 5
381.0497 	DATA 	TR 245 | TR1 123 | TR2 122
382.6162 	DATA 	Keypress: 5
382.6163 	DATA 	TR 246 | TR1 123 | TR2 123
384.1829 	DATA 	Keypress: 5
384.1829 	DATA 	TR 247 | TR1 124 | TR2 123
385.7326 	DATA 	Keypress: 5
385.7327 	DATA 	TR 248 | TR1 124 | TR2 124
387.2991 	DATA 	Keypress: 5
387.2992 	DATA 	TR 249 | TR1 125 | TR2 124
388.8489 	DATA 	Keypress: 5
388.8489 	DATA 	TR 250 | TR1 125 | TR2 125
390.4322 	DATA 	Keypress: 5
390.4322 	DATA 	TR 251 | TR1 126 | TR2 125
391.9822 	DATA 	Keypress: 5
391.9822 	DATA 	TR 252 | TR1 126 | TR2 126
393.5486 	DATA 	Keypress: 5
393.5487 	DATA 	TR 253 | TR1 127 | TR2 126
395.0986 	DATA 	Keypress: 5
395.0986 	DATA 	TR 254 | TR1 127 | TR2 127
396.6816 	DATA 	Keypress: 5
396.6817 	DATA 	TR 255 | TR1 128 | TR2 127
398.2315 	DATA 	Keypress: 5
398.2315 	DATA 	TR 256 | TR1 128 | TR2 128
399.7980 	DATA 	Keypress: 5
399.7980 	DATA 	TR 257 | TR1 129 | TR2 128
401.3479 	DATA 	Keypress: 5
401.3479 	DATA 	TR 258 | TR1 129 | TR2 129
402.7810 	DATA 	
402.7810 	DATA 	Trial complete
402.7810 	DATA 	Waiting for VASO trigger to start next trial
402.7810 	DATA 	
402.9144 	DATA 	Keypress: 5
402.9144 	DATA 	Waited 0.1333620548248291 seconds for trigger
402.9152 	DATA 	
402.9152 	DATA 	Trial 10
402.9152 	DATA 	stimDur = 4.0
402.9152 	DATA 	jitter = 0.78525
402.9152 	DATA 	restDur = 24.0

402.9152 	DATA 	
402.9152 	DATA 	TR 259 | TR1 130 | TR2 129
403.7143 	DATA 	
403.7143 	DATA 	stimulation started
403.7143 	DATA 	
404.1476 	DATA 	Target presented
404.4650 	DATA 	Keypress: 5
404.4809 	DATA 	TR 260 | TR1 130 | TR2 130
404.6643 	DATA 	Keypress: 1
404.6643 	DATA 	Key1 pressed
404.6643 	DATA 	Target detected
406.0475 	DATA 	Keypress: 5
406.0475 	DATA 	TR 261 | TR1 131 | TR2 130
407.5975 	DATA 	Keypress: 5
407.5976 	DATA 	TR 262 | TR1 131 | TR2 131
407.7140 	DATA 	
407.7140 	DATA 	stimulation stopped
407.7140 	DATA 	
409.1638 	DATA 	Keypress: 5
409.1639 	DATA 	TR 263 | TR1 132 | TR2 131
410.7137 	DATA 	Keypress: 5
410.7138 	DATA 	TR 264 | TR1 132 | TR2 132
412.2969 	DATA 	Keypress: 5
412.2969 	DATA 	TR 265 | TR1 133 | TR2 132
413.8468 	DATA 	Keypress: 5
413.8468 	DATA 	TR 266 | TR1 133 | TR2 133
415.4132 	DATA 	Keypress: 5
415.4133 	DATA 	TR 267 | TR1 134 | TR2 133
416.9631 	DATA 	Keypress: 5
416.9632 	DATA 	TR 268 | TR1 134 | TR2 134
418.5297 	DATA 	Keypress: 5
418.5297 	DATA 	TR 269 | TR1 135 | TR2 134
420.0962 	DATA 	Keypress: 5
420.0962 	DATA 	TR 270 | TR1 135 | TR2 135
421.6627 	DATA 	Keypress: 5
421.6627 	DATA 	TR 271 | TR1 136 | TR2 135
423.2126 	DATA 	Keypress: 5
423.2126 	DATA 	TR 272 | TR1 136 | TR2 136
424.7791 	DATA 	Keypress: 5
424.7791 	DATA 	TR 273 | TR1 137 | TR2 136
426.3289 	DATA 	Keypress: 5
426.3290 	DATA 	TR 274 | TR1 137 | TR2 137
427.9121 	DATA 	Keypress: 5
427.9122 	DATA 	TR 275 | TR1 138 | TR2 137
429.4620 	DATA 	Keypress: 5
429.4621 	DATA 	TR 276 | TR1 138 | TR2 138
431.0285 	DATA 	Keypress: 5
431.0286 	DATA 	TR 277 | TR1 139 | TR2 138
431.7117 	DATA 	
431.7117 	DATA 	Trial complete
431.7118 	DATA 	Waiting for VASO trigger to start next trial
431.7118 	DATA 	
432.5784 	DATA 	Keypress: 5
432.5784 	DATA 	TR 278 | TR1 139 | TR2 139
434.1615 	DATA 	Keypress: 5
434.1616 	DATA 	Waited 2.449846029281616 seconds for trigger
434.1624 	DATA 	
434.1624 	DATA 	Trial 11
434.1624 	DATA 	stimDur = 4.0
434.1624 	DATA 	jitter = 2.35575
434.1624 	DATA 	restDur = 24.0

434.1624 	DATA 	
434.1624 	DATA 	TR 279 | TR1 140 | TR2 139
435.7115 	DATA 	Keypress: 5
435.7115 	DATA 	TR 280 | TR1 140 | TR2 140
436.5280 	DATA 	
436.5280 	DATA 	stimulation started
436.5280 	DATA 	
437.2780 	DATA 	Keypress: 5
437.2780 	DATA 	TR 281 | TR1 141 | TR2 140
438.8279 	DATA 	Keypress: 5
438.8279 	DATA 	TR 282 | TR1 141 | TR2 141
440.3944 	DATA 	Keypress: 5
440.3944 	DATA 	TR 283 | TR1 142 | TR2 141
440.5276 	DATA 	
440.5276 	DATA 	stimulation stopped
440.5276 	DATA 	
441.9448 	DATA 	Keypress: 5
441.9608 	DATA 	TR 284 | TR1 142 | TR2 142
443.5274 	DATA 	Keypress: 5
443.5274 	DATA 	TR 285 | TR1 143 | TR2 142
445.0773 	DATA 	Keypress: 5
445.0773 	DATA 	TR 286 | TR1 143 | TR2 143
446.6437 	DATA 	Keypress: 5
446.6438 	DATA 	TR 287 | TR1 144 | TR2 143
448.1936 	DATA 	Keypress: 5
448.1937 	DATA 	TR 288 | TR1 144 | TR2 144
449.7768 	DATA 	Keypress: 5
449.7769 	DATA 	TR 289 | TR1 145 | TR2 144
451.3267 	DATA 	Keypress: 5
451.3267 	DATA 	TR 290 | TR1 145 | TR2 145
452.8931 	DATA 	Keypress: 5
452.8932 	DATA 	TR 291 | TR1 146 | TR2 145
454.4431 	DATA 	Keypress: 5
454.4431 	DATA 	TR 292 | TR1 146 | TR2 146
456.0102 	DATA 	Keypress: 5
456.0262 	DATA 	TR 293 | TR1 147 | TR2 146
457.5761 	DATA 	Keypress: 5
457.5762 	DATA 	TR 294 | TR1 147 | TR2 147
459.1427 	DATA 	Keypress: 5
459.1428 	DATA 	TR 295 | TR1 148 | TR2 147
460.6925 	DATA 	Keypress: 5
460.6926 	DATA 	TR 296 | TR1 148 | TR2 148
462.2590 	DATA 	Keypress: 5
462.2590 	DATA 	TR 297 | TR1 149 | TR2 148
462.4257 	DATA 	Target presented
462.9257 	DATA 	Keypress: 1
462.9258 	DATA 	Key1 pressed
462.9258 	DATA 	Target detected
463.8088 	DATA 	Keypress: 5
463.8089 	DATA 	TR 298 | TR1 149 | TR2 149
464.5254 	DATA 	
464.5254 	DATA 	Trial complete
464.5254 	DATA 	Waiting for VASO trigger to start next trial
464.5254 	DATA 	
465.3920 	DATA 	Keypress: 5
465.3921 	DATA 	Waited 0.8666889667510986 seconds for trigger
465.3929 	DATA 	
465.3929 	DATA 	Trial 12
465.3929 	DATA 	stimDur = 24.0
465.3929 	DATA 	jitter = 0.0
465.3929 	DATA 	restDur = 40.0

465.3929 	DATA 	
465.3929 	DATA 	TR 299 | TR1 150 | TR2 149
465.3929 	DATA 	
465.3929 	DATA 	stimulation started
465.3929 	DATA 	
466.9420 	DATA 	Keypress: 5
466.9420 	DATA 	TR 300 | TR1 150 | TR2 150
468.5085 	DATA 	Keypress: 5
468.5086 	DATA 	TR 301 | TR1 151 | TR2 150
470.0584 	DATA 	Keypress: 5
470.0584 	DATA 	TR 302 | TR1 151 | TR2 151
471.6415 	DATA 	Keypress: 5
471.6416 	DATA 	TR 303 | TR1 152 | TR2 151
473.1914 	DATA 	Keypress: 5
473.1915 	DATA 	TR 304 | TR1 152 | TR2 152
474.7579 	DATA 	Keypress: 5
474.7580 	DATA 	TR 305 | TR1 153 | TR2 152
476.3078 	DATA 	Keypress: 5
476.3079 	DATA 	TR 306 | TR1 153 | TR2 153
477.8743 	DATA 	Keypress: 5
477.8744 	DATA 	TR 307 | TR1 154 | TR2 153
479.4249 	DATA 	Keypress: 5
479.4408 	DATA 	TR 308 | TR1 154 | TR2 154
481.0073 	DATA 	Keypress: 5
481.0074 	DATA 	TR 309 | TR1 155 | TR2 154
482.5572 	DATA 	Keypress: 5
482.5573 	DATA 	TR 310 | TR1 155 | TR2 155
484.1237 	DATA 	Keypress: 5
484.1238 	DATA 	TR 311 | TR1 156 | TR2 155
485.6736 	DATA 	Keypress: 5
485.6737 	DATA 	TR 312 | TR1 156 | TR2 156
487.2568 	DATA 	Keypress: 5
487.2568 	DATA 	TR 313 | TR1 157 | TR2 156
488.8067 	DATA 	Keypress: 5
488.8067 	DATA 	TR 314 | TR1 157 | TR2 157
489.4067 	DATA 	
489.4067 	DATA 	stimulation stopped
489.4067 	DATA 	
490.3732 	DATA 	Keypress: 5
490.3733 	DATA 	TR 315 | TR1 158 | TR2 157
491.9230 	DATA 	Keypress: 5
491.9230 	DATA 	TR 316 | TR1 158 | TR2 158
493.5062 	DATA 	Keypress: 5
493.5062 	DATA 	TR 317 | TR1 159 | TR2 158
495.0560 	DATA 	Keypress: 5
495.0561 	DATA 	TR 318 | TR1 159 | TR2 159
496.6225 	DATA 	Keypress: 5
496.6226 	DATA 	TR 319 | TR1 160 | TR2 159
498.1724 	DATA 	Keypress: 5
498.1725 	DATA 	TR 320 | TR1 160 | TR2 160
499.7391 	DATA 	Keypress: 5
499.7391 	DATA 	TR 321 | TR1 161 | TR2 160
501.2888 	DATA 	Keypress: 5
501.2889 	DATA 	TR 322 | TR1 161 | TR2 161
502.8720 	DATA 	Keypress: 5
502.8720 	DATA 	TR 323 | TR1 162 | TR2 161
503.4219 	DATA 	Target presented
504.0219 	DATA 	Keypress: 1
504.0220 	DATA 	Key1 pressed
504.0220 	DATA 	Target detected
504.4219 	DATA 	Keypress: 5
504.4219 	DATA 	TR 324 | TR1 162 | TR2 162
505.9884 	DATA 	Keypress: 5
505.9884 	DATA 	TR 325 | TR1 163 | TR2 162
507.5383 	DATA 	Keypress: 5
507.5383 	DATA 	TR 326 | TR1 163 | TR2 163
509.1216 	DATA 	Keypress: 5
509.1216 	DATA 	TR 327 | TR1 164 | TR2 163
510.6713 	DATA 	Keypress: 5
510.6713 	DATA 	TR 328 | TR1 164 | TR2 164
512.2378 	DATA 	Keypress: 5
512.2378 	DATA 	TR 329 | TR1 165 | TR2 164
513.7876 	DATA 	Keypress: 5
513.7877 	DATA 	TR 330 | TR1 165 | TR2 165
515.3548 	DATA 	Keypress: 5
515.3708 	DATA 	TR 331 | TR1 166 | TR2 165
516.9208 	DATA 	Keypress: 5
516.9208 	DATA 	TR 332 | TR1 166 | TR2 166
518.4872 	DATA 	Keypress: 5
518.4873 	DATA 	TR 333 | TR1 167 | TR2 166
520.0371 	DATA 	Keypress: 5
520.0372 	DATA 	TR 334 | TR1 167 | TR2 167
521.6036 	DATA 	Keypress: 5
521.6036 	DATA 	TR 335 | TR1 168 | TR2 167
523.1535 	DATA 	Keypress: 5
523.1535 	DATA 	TR 336 | TR1 168 | TR2 168
524.7367 	DATA 	Keypress: 5
524.7367 	DATA 	TR 337 | TR1 169 | TR2 168
526.2865 	DATA 	Keypress: 5
526.2866 	DATA 	TR 338 | TR1 169 | TR2 169
527.8531 	DATA 	Keypress: 5
527.8531 	DATA 	TR 339 | TR1 170 | TR2 169
529.4029 	DATA 	Keypress: 5
529.4030 	DATA 	TR 340 | TR1 170 | TR2 170
529.4030 	DATA 	
529.4030 	DATA 	Trial complete
529.4030 	DATA 	Waiting for VASO trigger to start next trial
529.4030 	DATA 	
530.9861 	DATA 	Keypress: 5
530.9861 	DATA 	Waited 1.5831139087677002 seconds for trigger
530.9869 	DATA 	
530.9869 	DATA 	Trial 13
530.9869 	DATA 	stimDur = 4.0
530.9869 	DATA 	jitter = 1.5705
530.9869 	DATA 	restDur = 24.0

530.9869 	DATA 	
530.9869 	DATA 	TR 341 | TR1 171 | TR2 170
532.5360 	DATA 	Keypress: 5
532.5360 	DATA 	TR 342 | TR1 171 | TR2 171
532.5692 	DATA 	
532.5692 	DATA 	stimulation started
532.5692 	DATA 	
534.1027 	DATA 	Keypress: 5
534.1027 	DATA 	TR 343 | TR1 172 | TR2 171
535.6524 	DATA 	Keypress: 5
535.6525 	DATA 	TR 344 | TR1 172 | TR2 172
536.5689 	DATA 	
536.5689 	DATA 	stimulation stopped
536.5690 	DATA 	
537.2188 	DATA 	Keypress: 5
537.2189 	DATA 	TR 345 | TR1 173 | TR2 172
538.7694 	DATA 	Keypress: 5
538.7853 	DATA 	TR 346 | TR1 173 | TR2 173
540.3519 	DATA 	Keypress: 5
540.3519 	DATA 	TR 347 | TR1 174 | TR2 173
541.9018 	DATA 	Keypress: 5
541.9019 	DATA 	TR 348 | TR1 174 | TR2 174
543.4683 	DATA 	Keypress: 5
543.4683 	DATA 	TR 349 | TR1 175 | TR2 174
545.0182 	DATA 	Keypress: 5
545.0182 	DATA 	TR 350 | TR1 175 | TR2 175
546.6013 	DATA 	Keypress: 5
546.6014 	DATA 	TR 351 | TR1 176 | TR2 175
548.1512 	DATA 	Keypress: 5
548.1513 	DATA 	TR 352 | TR1 176 | TR2 176
548.7178 	DATA 	Target presented
549.3178 	DATA 	Keypress: 1
549.3178 	DATA 	Key1 pressed
549.3178 	DATA 	Target detected
549.7177 	DATA 	Keypress: 5
549.7177 	DATA 	TR 353 | TR1 177 | TR2 176
551.2676 	DATA 	Keypress: 5
551.2677 	DATA 	TR 354 | TR1 177 | TR2 177
552.8341 	DATA 	Keypress: 5
552.8341 	DATA 	TR 355 | TR1 178 | TR2 177
554.4007 	DATA 	Keypress: 5
554.4007 	DATA 	TR 356 | TR1 178 | TR2 178
555.9672 	DATA 	Keypress: 5
555.9672 	DATA 	TR 357 | TR1 179 | TR2 178
557.5172 	DATA 	Keypress: 5
557.5172 	DATA 	TR 358 | TR1 179 | TR2 179
559.0835 	DATA 	Keypress: 5
559.0836 	DATA 	TR 359 | TR1 180 | TR2 179
560.5667 	DATA 	
560.5667 	DATA 	Trial complete
560.5667 	DATA 	Waiting for VASO trigger to start next trial
560.5667 	DATA 	
560.6336 	DATA 	Keypress: 5
560.6336 	DATA 	TR 360 | TR1 180 | TR2 180
562.2166 	DATA 	Keypress: 5
562.2166 	DATA 	Waited 1.649897813796997 seconds for trigger
562.2174 	DATA 	
562.2174 	DATA 	Trial 14
562.2174 	DATA 	stimDur = 2.0
562.2174 	DATA 	jitter = 2.35575
562.2174 	DATA 	restDur = 22.0

562.2174 	DATA 	
562.2174 	DATA 	TR 361 | TR1 181 | TR2 180
563.7666 	DATA 	Keypress: 5
563.7666 	DATA 	TR 362 | TR1 181 | TR2 181
564.5830 	DATA 	
564.5830 	DATA 	stimulation started
564.5830 	DATA 	
565.3330 	DATA 	Keypress: 5
565.3331 	DATA 	TR 363 | TR1 182 | TR2 181
566.5829 	DATA 	
566.5829 	DATA 	stimulation stopped
566.5829 	DATA 	
566.8828 	DATA 	Keypress: 5
566.8829 	DATA 	TR 364 | TR1 182 | TR2 182
568.4660 	DATA 	Keypress: 5
568.4661 	DATA 	TR 365 | TR1 183 | TR2 182
570.0159 	DATA 	Keypress: 5
570.0159 	DATA 	TR 366 | TR1 183 | TR2 183
571.5824 	DATA 	Keypress: 5
571.5825 	DATA 	TR 367 | TR1 184 | TR2 183
573.1323 	DATA 	Keypress: 5
573.1323 	DATA 	TR 368 | TR1 184 | TR2 184
574.6988 	DATA 	Keypress: 5
574.6988 	DATA 	TR 369 | TR1 185 | TR2 184
576.2493 	DATA 	Keypress: 5
576.2653 	DATA 	TR 370 | TR1 185 | TR2 185
577.8319 	DATA 	Keypress: 5
577.8319 	DATA 	TR 371 | TR1 186 | TR2 185
579.3817 	DATA 	Keypress: 5
579.3817 	DATA 	TR 372 | TR1 186 | TR2 186
580.9482 	DATA 	Keypress: 5
580.9483 	DATA 	TR 373 | TR1 187 | TR2 186
582.4981 	DATA 	Keypress: 5
582.4981 	DATA 	TR 374 | TR1 187 | TR2 187
584.0813 	DATA 	Keypress: 5
584.0813 	DATA 	TR 375 | TR1 188 | TR2 187
585.6313 	DATA 	Keypress: 5
585.6313 	DATA 	TR 376 | TR1 188 | TR2 188
587.1977 	DATA 	Keypress: 5
587.1977 	DATA 	TR 377 | TR1 189 | TR2 188
588.5808 	DATA 	
588.5808 	DATA 	Trial complete
588.5808 	DATA 	Waiting for VASO trigger to start next trial
588.5808 	DATA 	
588.7475 	DATA 	Keypress: 5
588.7475 	DATA 	TR 378 | TR1 189 | TR2 189
590.3148 	DATA 	Keypress: 5
590.3307 	DATA 	Waited 1.7498061656951904 seconds for trigger
590.3314 	DATA 	
590.3314 	DATA 	Trial 15
590.3314 	DATA 	stimDur = 4.0
590.3314 	DATA 	jitter = 0.0
590.3314 	DATA 	restDur = 24.0

590.3314 	DATA 	
590.3314 	DATA 	TR 379 | TR1 190 | TR2 189
590.3315 	DATA 	
590.3315 	DATA 	stimulation started
590.3315 	DATA 	
591.8806 	DATA 	Keypress: 5
591.8807 	DATA 	TR 380 | TR1 190 | TR2 190
593.4472 	DATA 	Keypress: 5
593.4472 	DATA 	TR 381 | TR1 191 | TR2 190
594.3470 	DATA 	
594.3470 	DATA 	stimulation stopped
594.3470 	DATA 	
594.9971 	DATA 	Keypress: 5
594.9971 	DATA 	TR 382 | TR1 191 | TR2 191
596.5635 	DATA 	Keypress: 5
596.5635 	DATA 	TR 383 | TR1 192 | TR2 191
598.1133 	DATA 	Keypress: 5
598.1134 	DATA 	TR 384 | TR1 192 | TR2 192
599.6966 	DATA 	Keypress: 5
599.6966 	DATA 	TR 385 | TR1 193 | TR2 192
601.2464 	DATA 	Keypress: 5
601.2464 	DATA 	TR 386 | TR1 193 | TR2 193
601.9296 	DATA 	Keypress: 1
601.9297 	DATA 	Key1 pressed
602.8129 	DATA 	Keypress: 5
602.8130 	DATA 	TR 387 | TR1 194 | TR2 193
604.3628 	DATA 	Keypress: 5
604.3628 	DATA 	TR 388 | TR1 194 | TR2 194
605.9461 	DATA 	Keypress: 5
605.9462 	DATA 	TR 389 | TR1 195 | TR2 194
607.4958 	DATA 	Keypress: 5
607.4959 	DATA 	TR 390 | TR1 195 | TR2 195
609.0625 	DATA 	Keypress: 5
609.0626 	DATA 	TR 391 | TR1 196 | TR2 195
610.6122 	DATA 	Keypress: 5
610.6122 	DATA 	TR 392 | TR1 196 | TR2 196
612.1790 	DATA 	Keypress: 5
612.1790 	DATA 	TR 393 | TR1 197 | TR2 196
613.7453 	DATA 	Keypress: 5
613.7454 	DATA 	TR 394 | TR1 197 | TR2 197
615.3118 	DATA 	Keypress: 5
615.3119 	DATA 	TR 395 | TR1 198 | TR2 197
616.8617 	DATA 	Keypress: 5
616.8617 	DATA 	TR 396 | TR1 198 | TR2 198
618.3448 	DATA 	
618.3449 	DATA 	Trial complete
618.3449 	DATA 	Waiting for VASO trigger to start next trial
618.3449 	DATA 	
618.4282 	DATA 	Keypress: 5
618.4283 	DATA 	Waited 0.08336806297302246 seconds for trigger
618.4290 	DATA 	
618.4290 	DATA 	Trial 16
618.4290 	DATA 	stimDur = 1.0
618.4290 	DATA 	jitter = 1.5705
618.4290 	DATA 	restDur = 20.0

618.4290 	DATA 	
618.4290 	DATA 	TR 397 | TR1 199 | TR2 198
618.8115 	DATA 	Target presented
619.9780 	DATA 	Keypress: 5
619.9781 	DATA 	TR 398 | TR1 199 | TR2 199
620.0113 	DATA 	
620.0113 	DATA 	stimulation started
620.0113 	DATA 	
621.0113 	DATA 	
621.0113 	DATA 	stimulation stopped
621.0113 	DATA 	
621.5613 	DATA 	Keypress: 5
621.5613 	DATA 	TR 399 | TR1 200 | TR2 199
623.1111 	DATA 	Keypress: 5
623.1111 	DATA 	TR 400 | TR1 200 | TR2 200
624.6776 	DATA 	Keypress: 5
624.6777 	DATA 	TR 401 | TR1 201 | TR2 200
626.2275 	DATA 	Keypress: 5
626.2275 	DATA 	TR 402 | TR1 201 | TR2 201
627.8107 	DATA 	Keypress: 5
627.8107 	DATA 	TR 403 | TR1 202 | TR2 201
629.3605 	DATA 	Keypress: 5
629.3606 	DATA 	TR 404 | TR1 202 | TR2 202
630.9271 	DATA 	Keypress: 5
630.9271 	DATA 	TR 405 | TR1 203 | TR2 202
632.4770 	DATA 	Keypress: 5
632.4770 	DATA 	TR 406 | TR1 203 | TR2 203
634.0435 	DATA 	Keypress: 5
634.0435 	DATA 	TR 407 | TR1 204 | TR2 203
635.5939 	DATA 	Keypress: 5
635.6099 	DATA 	TR 408 | TR1 204 | TR2 204
637.1765 	DATA 	Keypress: 5
637.1766 	DATA 	TR 409 | TR1 205 | TR2 204
638.7264 	DATA 	Keypress: 5
638.7264 	DATA 	TR 410 | TR1 205 | TR2 205
640.2929 	DATA 	Keypress: 5
640.2930 	DATA 	TR 411 | TR1 206 | TR2 205
641.0094 	DATA 	
641.0095 	DATA 	Trial complete
641.0095 	DATA 	Waiting for VASO trigger to start next trial
641.0095 	DATA 	
641.8427 	DATA 	Keypress: 5
641.8428 	DATA 	TR 412 | TR1 206 | TR2 206
643.4260 	DATA 	Keypress: 5
643.4260 	DATA 	Waited 2.4165380001068115 seconds for trigger
643.4268 	DATA 	
643.4268 	DATA 	Trial 17
643.4268 	DATA 	stimDur = 1.0
643.4268 	DATA 	jitter = 0.0
643.4268 	DATA 	restDur = 20.0

643.4268 	DATA 	
643.4268 	DATA 	TR 413 | TR1 207 | TR2 206
643.4268 	DATA 	
643.4268 	DATA 	stimulation started
643.4268 	DATA 	
644.4427 	DATA 	
644.4427 	DATA 	stimulation stopped
644.4427 	DATA 	
644.9758 	DATA 	Keypress: 5
644.9758 	DATA 	TR 414 | TR1 207 | TR2 207
646.5423 	DATA 	Keypress: 5
646.5424 	DATA 	TR 415 | TR1 208 | TR2 207
648.0922 	DATA 	Keypress: 5
648.0922 	DATA 	TR 416 | TR1 208 | TR2 208
649.6587 	DATA 	Keypress: 5
649.6588 	DATA 	TR 417 | TR1 209 | TR2 208
651.2252 	DATA 	Keypress: 5
651.2253 	DATA 	TR 418 | TR1 209 | TR2 209
652.7918 	DATA 	Keypress: 5
652.7918 	DATA 	TR 419 | TR1 210 | TR2 209
654.3416 	DATA 	Keypress: 5
654.3417 	DATA 	TR 420 | TR1 210 | TR2 210
655.9082 	DATA 	Keypress: 5
655.9082 	DATA 	TR 421 | TR1 211 | TR2 210
657.4580 	DATA 	Keypress: 5
657.4581 	DATA 	TR 422 | TR1 211 | TR2 211
659.0412 	DATA 	Keypress: 5
659.0413 	DATA 	TR 423 | TR1 212 | TR2 211
660.5911 	DATA 	Keypress: 5
660.5911 	DATA 	TR 424 | TR1 212 | TR2 212
662.1576 	DATA 	Keypress: 5
662.1577 	DATA 	TR 425 | TR1 213 | TR2 212
663.7074 	DATA 	Keypress: 5
663.7075 	DATA 	TR 426 | TR1 213 | TR2 213
664.4407 	DATA 	
664.4407 	DATA 	Trial complete
664.4407 	DATA 	Waiting for VASO trigger to start next trial
664.4407 	DATA 	
665.2907 	DATA 	Keypress: 5
665.2907 	DATA 	Waited 0.849992036819458 seconds for trigger
665.2915 	DATA 	
665.2915 	DATA 	Trial 18
665.2915 	DATA 	stimDur = 12.0
665.2915 	DATA 	jitter = 2.35575
665.2915 	DATA 	restDur = 30.0

665.2915 	DATA 	
665.2915 	DATA 	TR 427 | TR1 214 | TR2 213
666.8405 	DATA 	Keypress: 5
666.8406 	DATA 	TR 428 | TR1 214 | TR2 214
667.6571 	DATA 	
667.6571 	DATA 	stimulation started
667.6571 	DATA 	
668.4071 	DATA 	Keypress: 5
668.4072 	DATA 	TR 429 | TR1 215 | TR2 214
668.9737 	DATA 	Keypress: 1
668.9737 	DATA 	Key1 pressed
669.9569 	DATA 	Keypress: 5
669.9570 	DATA 	TR 430 | TR1 215 | TR2 215
671.5235 	DATA 	Keypress: 5
671.5235 	DATA 	TR 431 | TR1 216 | TR2 215
673.0740 	DATA 	Keypress: 5
673.0899 	DATA 	TR 432 | TR1 216 | TR2 216
674.6566 	DATA 	Keypress: 5
674.6566 	DATA 	TR 433 | TR1 217 | TR2 216
676.2064 	DATA 	Keypress: 5
676.2064 	DATA 	TR 434 | TR1 217 | TR2 217
677.7730 	DATA 	Keypress: 5
677.7730 	DATA 	TR 435 | TR1 218 | TR2 217
679.3227 	DATA 	Keypress: 5
679.3228 	DATA 	TR 436 | TR1 218 | TR2 218
679.6560 	DATA 	
679.6561 	DATA 	stimulation stopped
679.6561 	DATA 	
680.9059 	DATA 	Keypress: 5
680.9060 	DATA 	TR 437 | TR1 219 | TR2 218
682.4558 	DATA 	Keypress: 5
682.4558 	DATA 	TR 438 | TR1 219 | TR2 219
684.0223 	DATA 	Keypress: 5
684.0224 	DATA 	TR 439 | TR1 220 | TR2 219
685.5721 	DATA 	Keypress: 5
685.5722 	DATA 	TR 440 | TR1 220 | TR2 220
687.1393 	DATA 	Keypress: 5
687.1553 	DATA 	TR 441 | TR1 221 | TR2 220
688.7052 	DATA 	Keypress: 5
688.7053 	DATA 	TR 442 | TR1 221 | TR2 221
690.2718 	DATA 	Keypress: 5
690.2718 	DATA 	TR 443 | TR1 222 | TR2 221
691.8217 	DATA 	Keypress: 5
691.8217 	DATA 	TR 444 | TR1 222 | TR2 222
693.3882 	DATA 	Keypress: 5
693.3882 	DATA 	TR 445 | TR1 223 | TR2 222
694.9380 	DATA 	Keypress: 5
694.9380 	DATA 	TR 446 | TR1 223 | TR2 223
696.4212 	DATA 	Target presented
696.5212 	DATA 	Keypress: 5
696.5212 	DATA 	TR 447 | TR1 224 | TR2 223
698.0710 	DATA 	Keypress: 5
698.0711 	DATA 	TR 448 | TR1 224 | TR2 224
699.6376 	DATA 	Keypress: 5
699.6376 	DATA 	TR 449 | TR1 225 | TR2 224
701.1874 	DATA 	Keypress: 5
701.1875 	DATA 	TR 450 | TR1 225 | TR2 225
702.7706 	DATA 	Keypress: 5
702.7707 	DATA 	TR 451 | TR1 226 | TR2 225
704.3206 	DATA 	Keypress: 5
704.3207 	DATA 	TR 452 | TR1 226 | TR2 226
705.8870 	DATA 	Keypress: 5
705.8871 	DATA 	TR 453 | TR1 227 | TR2 226
707.4369 	DATA 	Keypress: 5
707.4370 	DATA 	TR 454 | TR1 227 | TR2 227
709.0034 	DATA 	Keypress: 5
709.0034 	DATA 	TR 455 | TR1 228 | TR2 227
709.6533 	DATA 	
709.6533 	DATA 	Trial complete
709.6533 	DATA 	Waiting for VASO trigger to start next trial
709.6533 	DATA 	
710.5540 	DATA 	Keypress: 5
710.5699 	DATA 	TR 456 | TR1 228 | TR2 228
712.1364 	DATA 	Keypress: 5
712.1365 	DATA 	Waited 2.483158826828003 seconds for trigger
712.1373 	DATA 	
712.1373 	DATA 	Trial 19
712.1373 	DATA 	stimDur = 1.0
712.1373 	DATA 	jitter = 0.78525
712.1373 	DATA 	restDur = 20.0

712.1373 	DATA 	
712.1373 	DATA 	TR 457 | TR1 229 | TR2 228
712.9363 	DATA 	
712.9363 	DATA 	stimulation started
712.9363 	DATA 	
713.6864 	DATA 	Keypress: 5
713.6864 	DATA 	TR 458 | TR1 229 | TR2 229
713.9363 	DATA 	
713.9363 	DATA 	stimulation stopped
713.9363 	DATA 	
715.2528 	DATA 	Keypress: 5
715.2529 	DATA 	TR 459 | TR1 230 | TR2 229
716.8027 	DATA 	Keypress: 5
716.8027 	DATA 	TR 460 | TR1 230 | TR2 230
718.3859 	DATA 	Keypress: 5
718.3859 	DATA 	TR 461 | TR1 231 | TR2 230
719.9358 	DATA 	Keypress: 5
719.9358 	DATA 	TR 462 | TR1 231 | TR2 231
721.5022 	DATA 	Keypress: 5
721.5023 	DATA 	TR 463 | TR1 232 | TR2 231
723.0521 	DATA 	Keypress: 5
723.0522 	DATA 	TR 464 | TR1 232 | TR2 232
724.6353 	DATA 	Keypress: 5
724.6354 	DATA 	TR 465 | TR1 233 | TR2 232
726.1852 	DATA 	Keypress: 5
726.1853 	DATA 	TR 466 | TR1 233 | TR2 233
727.7517 	DATA 	Keypress: 5
727.7517 	DATA 	TR 467 | TR1 234 | TR2 233
729.3016 	DATA 	Keypress: 5
729.3016 	DATA 	TR 468 | TR1 234 | TR2 234
730.8681 	DATA 	Keypress: 5
730.8681 	DATA 	TR 469 | TR1 235 | TR2 234
732.4179 	DATA 	Keypress: 5
732.4180 	DATA 	TR 470 | TR1 235 | TR2 235
733.9346 	DATA 	
733.9346 	DATA 	Trial complete
733.9346 	DATA 	
734.0011 	DATA 	Keypress: 5
734.0012 	DATA 	Waited 24.347855806350708 seconds for trigger
734.0019 	DATA 	
734.0019 	DATA 	Trial 20
734.0020 	DATA 	stimDur = 24.0
734.0020 	DATA 	jitter = 0.78525
734.0020 	DATA 	restDur = 40.0

734.0020 	DATA 	
734.0020 	DATA 	TR 471 | TR1 236 | TR2 235
734.8011 	DATA 	
734.8012 	DATA 	stimulation started
734.8012 	DATA 	
735.5511 	DATA 	Keypress: 5
735.5511 	DATA 	TR 472 | TR1 236 | TR2 236
737.1176 	DATA 	Keypress: 5
737.1176 	DATA 	TR 473 | TR1 237 | TR2 236
738.6675 	DATA 	Keypress: 5
738.6675 	DATA 	TR 474 | TR1 237 | TR2 237
740.2506 	DATA 	Keypress: 5
740.2507 	DATA 	TR 475 | TR1 238 | TR2 237
741.8005 	DATA 	Keypress: 5
741.8006 	DATA 	TR 476 | TR1 238 | TR2 238
743.3670 	DATA 	Keypress: 5
743.3670 	DATA 	TR 477 | TR1 239 | TR2 238
744.9169 	DATA 	Keypress: 5
744.9170 	DATA 	TR 478 | TR1 239 | TR2 239
746.4834 	DATA 	Keypress: 5
746.4835 	DATA 	TR 479 | TR1 240 | TR2 239
748.0500 	DATA 	Keypress: 5
748.0500 	DATA 	TR 480 | TR1 240 | TR2 240
749.6165 	DATA 	Keypress: 5
749.6165 	DATA 	TR 481 | TR1 241 | TR2 240
751.1664 	DATA 	Keypress: 5
751.1664 	DATA 	TR 482 | TR1 241 | TR2 241
752.7329 	DATA 	Keypress: 5
752.7329 	DATA 	TR 483 | TR1 242 | TR2 241
754.2827 	DATA 	Keypress: 5
754.2828 	DATA 	TR 484 | TR1 242 | TR2 242
755.8659 	DATA 	Keypress: 5
755.8659 	DATA 	TR 485 | TR1 243 | TR2 242
757.4158 	DATA 	Keypress: 5
757.4158 	DATA 	TR 486 | TR1 243 | TR2 243
758.7989 	DATA 	
758.7989 	DATA 	stimulation stopped
758.7989 	DATA 	
758.9822 	DATA 	Keypress: 5
758.9823 	DATA 	TR 487 | TR1 244 | TR2 243
760.5321 	DATA 	Keypress: 5
760.5322 	DATA 	TR 488 | TR1 244 | TR2 244
762.1153 	DATA 	Keypress: 5
762.1153 	DATA 	TR 489 | TR1 245 | TR2 244
763.6652 	DATA 	Keypress: 5
763.6652 	DATA 	TR 490 | TR1 245 | TR2 245
765.2316 	DATA 	Keypress: 5
765.2317 	DATA 	TR 491 | TR1 246 | TR2 245
766.7816 	DATA 	Keypress: 5
766.7816 	DATA 	TR 492 | TR1 246 | TR2 246
768.3480 	DATA 	Keypress: 5
768.3481 	DATA 	TR 493 | TR1 247 | TR2 246
769.8985 	DATA 	Keypress: 5
769.9145 	DATA 	TR 494 | TR1 247 | TR2 247
771.4811 	DATA 	Keypress: 5
771.4811 	DATA 	TR 495 | TR1 248 | TR2 247
773.0310 	DATA 	Keypress: 5
773.0310 	DATA 	TR 496 | TR1 248 | TR2 248
774.5975 	DATA 	Keypress: 5
774.5975 	DATA 	TR 497 | TR1 249 | TR2 248
776.1474 	DATA 	Keypress: 5
776.1474 	DATA 	TR 498 | TR1 249 | TR2 249
777.7307 	DATA 	Keypress: 5
777.7307 	DATA 	TR 499 | TR1 250 | TR2 249
779.2804 	DATA 	Keypress: 5
779.2805 	DATA 	TR 500 | TR1 250 | TR2 250
780.8469 	DATA 	Keypress: 5
780.8469 	DATA 	TR 501 | TR1 251 | TR2 250
782.3969 	DATA 	Keypress: 5
782.3970 	DATA 	TR 502 | TR1 251 | TR2 251
783.9634 	DATA 	Keypress: 5
783.9635 	DATA 	TR 503 | TR1 252 | TR2 251
785.5299 	DATA 	Keypress: 5
785.5299 	DATA 	TR 504 | TR1 252 | TR2 252
787.0964 	DATA 	Keypress: 5
787.0964 	DATA 	TR 505 | TR1 253 | TR2 252
788.6462 	DATA 	Keypress: 5
788.6463 	DATA 	TR 506 | TR1 253 | TR2 253
790.2127 	DATA 	Keypress: 5
790.2128 	DATA 	TR 507 | TR1 254 | TR2 253
791.7626 	DATA 	Keypress: 5
791.7627 	DATA 	TR 508 | TR1 254 | TR2 254
793.3458 	DATA 	Keypress: 5
793.3458 	DATA 	TR 509 | TR1 255 | TR2 254
794.8957 	DATA 	Keypress: 5
794.8957 	DATA 	TR 510 | TR1 255 | TR2 255
796.4622 	DATA 	Keypress: 5
796.4622 	DATA 	TR 511 | TR1 256 | TR2 255
798.0121 	DATA 	Keypress: 5
798.0121 	DATA 	TR 512 | TR1 256 | TR2 256
798.7953 	DATA 	
798.7953 	DATA 	Trial complete
798.7953 	DATA 	
799.5952 	DATA 	Keypress: 5
799.5953 	DATA 	TR 513 | TR1 257 | TR2 256
801.1453 	DATA 	Keypress: 5
801.1453 	DATA 	TR 514 | TR1 257 | TR2 257
802.7116 	DATA 	Keypress: 5
802.7117 	DATA 	TR 515 | TR1 258 | TR2 257
804.2615 	DATA 	Keypress: 5
804.2615 	DATA 	TR 516 | TR1 258 | TR2 258
805.8281 	DATA 	Keypress: 5
805.8282 	DATA 	TR 517 | TR1 259 | TR2 258
807.3779 	DATA 	Keypress: 5
807.3779 	DATA 	TR 518 | TR1 259 | TR2 259
808.9611 	DATA 	Keypress: 5
808.9611 	DATA 	TR 519 | TR1 260 | TR2 259
810.5109 	DATA 	Keypress: 5
810.5110 	DATA 	TR 520 | TR1 260 | TR2 260
812.0774 	DATA 	Keypress: 5
812.0775 	DATA 	TR 521 | TR1 261 | TR2 260
813.6273 	DATA 	Keypress: 5
813.6274 	DATA 	TR 522 | TR1 261 | TR2 261
815.2105 	DATA 	Keypress: 5
815.2105 	DATA 	TR 523 | TR1 262 | TR2 261
816.7604 	DATA 	Keypress: 5
816.7604 	DATA 	TR 524 | TR1 262 | TR2 262
818.3269 	DATA 	Keypress: 5
818.3269 	DATA 	TR 525 | TR1 263 | TR2 262
819.8768 	DATA 	Keypress: 5
819.8768 	DATA 	TR 526 | TR1 263 | TR2 263
821.4438 	DATA 	Keypress: 5
821.4599 	DATA 	TR 527 | TR1 264 | TR2 263
823.0098 	DATA 	Keypress: 5
823.0099 	DATA 	TR 528 | TR1 264 | TR2 264
823.8763 	DATA 	EndOfRun sub-07_ses-03_run-04

823.8763 	DATA 	We spent 53.31172466278076 seconds waiting for triggers
823.8763 	DATA 	RatioOfDetectedTargets 0.8333333333333334
823.8764 	DATA 	You have detected 10 out of 12 targets.
828.9060 	EXP 	window1: mouseVisible = True
