MonitorDistance=99cm
MonitorWidth=30cm
PixelWidth=1024.0
PixelHeight=768.0
You have detected 12 out of 12 targets.
Excellent! Keep up the good work
7.0883 	INFO 	Loaded monitor calibration from ['2021_05_26 17:55']
7.6209 	EXP 	Created window1 = Window(allowGUI=False, allowStencil=False, autoLog=True, backendConf=UNKNOWN, bitsMode=UNKNOWN, blendMode='avg', bpc=(8, 8, 8), color=array([-0.5, -0.5, -0.5]), colorSpace='rgb', depthBits=8, fullscr=<method-wrapper '__getattribute__' of attributeSetter object at 0x7fc997933400>, gamma=None, gammaErrorPolicy='raise', lms=UNKNOWN, monitor=<psychopy.monitors.calibTools.Monitor object at 0x7fc98d752f28>, multiSample=False, name='window1', numSamples=2, pos=[0.0, 0.0], screen=0, size=array([1024,  768]), stencilBits=0, stereo=False, units='deg', useFBO=False, useRetina=False, viewOri=0.0, viewPos=None, viewScale=None, waitBlanking=True, winType='pyglet')
7.6210 	EXP 	window1: mouseVisible = True
7.7140 	EXP 	Created unnamed TextStim = TextStim(__class__=<class 'psychopy.visual.text.TextStim'>, alignHoriz=method-wrapper(...), alignText='center', alignVert=method-wrapper(...), anchorHoriz='center', anchorVert='center', antialias=True, autoLog=True, bold=False, color=array([1., 1., 1.]), colorSpace='rgb', contrast=1.0, depth=0, flipHoriz=False, flipVert=False, font='', fontFiles=[], height=0.5, italic=False, languageStyle='LTR', name='unnamed TextStim', opacity=1.0, ori=0.0, pos=array([0., 0.]), rgb=UNKNOWN, text=str(...), units='deg', win=Window(...), wrapWidth=15.0)
7.7487 	EXP 	Created Movie Frame 0 = ImageStim(__class__=<class 'psychopy.visual.image.ImageStim'>, autoLog=True, color=array([0.8, 0.8, 0.8]), colorSpace='rgb', contrast=0.8, depth=0, flipHoriz=False, flipVert=False, image='visual_0.png', interpolate=False, mask=None, maskParams=None, name='Movie Frame 0', opacity=1, ori=0.0, pos=array([0., 0.]), size=array([1024,  768]), texRes=128, units='pix', win=Window(...))
7.7739 	EXP 	Created Movie Frame 1 = ImageStim(__class__=<class 'psychopy.visual.image.ImageStim'>, autoLog=True, color=array([0.8, 0.8, 0.8]), colorSpace='rgb', contrast=0.8, depth=0, flipHoriz=False, flipVert=False, image='visual_1.png', interpolate=False, mask=None, maskParams=None, name='Movie Frame 1', opacity=1, ori=0.0, pos=array([0., 0.]), size=array([1024,  768]), texRes=128, units='pix', win=Window(...))
33.2309 	DATA 	Keypress: 5
0.0000 	DATA 	StartOfRun sub-07_ses-03_run-01
0.0000 	DATA 	TR 1 | TR1 1 | TR2 0
0.0073 	DATA 	Initial baseline

1.5504 	DATA 	Keypress: 5
1.5504 	DATA 	TR 2 | TR1 1 | TR2 1
3.1225 	DATA 	Keypress: 5
3.1226 	DATA 	TR 3 | TR1 2 | TR2 1
4.6737 	DATA 	Keypress: 5
4.6738 	DATA 	TR 4 | TR1 2 | TR2 2
6.2459 	DATA 	Keypress: 5
6.2460 	DATA 	TR 5 | TR1 3 | TR2 2
7.7971 	DATA 	Keypress: 5
7.7972 	DATA 	TR 6 | TR1 3 | TR2 3
9.3694 	DATA 	Keypress: 5
9.3694 	DATA 	TR 7 | TR1 4 | TR2 3
10.9205 	DATA 	Keypress: 5
10.9206 	DATA 	TR 8 | TR1 4 | TR2 4
12.4927 	DATA 	Keypress: 5
12.4927 	DATA 	TR 9 | TR1 5 | TR2 4
14.0439 	DATA 	Keypress: 5
14.0439 	DATA 	TR 10 | TR1 5 | TR2 5
15.6161 	DATA 	Keypress: 5
15.6161 	DATA 	TR 11 | TR1 6 | TR2 5
17.1673 	DATA 	Keypress: 5
17.1673 	DATA 	TR 12 | TR1 6 | TR2 6
18.7395 	DATA 	Keypress: 5
18.7395 	DATA 	TR 13 | TR1 7 | TR2 6
20.2906 	DATA 	Keypress: 5
20.2907 	DATA 	TR 14 | TR1 7 | TR2 7
21.8628 	DATA 	Keypress: 5
21.8629 	DATA 	TR 15 | TR1 8 | TR2 7
23.4140 	DATA 	Keypress: 5
23.4141 	DATA 	TR 16 | TR1 8 | TR2 8
24.9862 	DATA 	Keypress: 5
24.9862 	DATA 	TR 17 | TR1 9 | TR2 8
26.5375 	DATA 	Keypress: 5
26.5375 	DATA 	TR 18 | TR1 9 | TR2 9
28.1096 	DATA 	Keypress: 5
28.1097 	DATA 	TR 19 | TR1 10 | TR2 9
29.6608 	DATA 	Keypress: 5
29.6609 	DATA 	TR 20 | TR1 10 | TR2 10
31.2384 	DATA 	Keypress: 5
31.2385 	DATA 	Waited 1.238490104675293 seconds for trigger
31.2419 	DATA 	
31.2419 	DATA 	Trial 1
31.2420 	DATA 	stimDur = 24.0
31.2420 	DATA 	jitter = 2.35575
31.2420 	DATA 	restDur = 40.0

31.2420 	DATA 	
31.2420 	DATA 	TR 21 | TR1 11 | TR2 10
32.7882 	DATA 	Keypress: 5
32.7883 	DATA 	TR 22 | TR1 11 | TR2 11
33.6047 	DATA 	
33.6047 	DATA 	stimulation started
33.6047 	DATA 	
34.3714 	DATA 	Keypress: 5
34.3715 	DATA 	TR 23 | TR1 12 | TR2 11
35.9213 	DATA 	Keypress: 5
35.9214 	DATA 	TR 24 | TR1 12 | TR2 12
37.4878 	DATA 	Keypress: 5
37.4878 	DATA 	TR 25 | TR1 13 | TR2 12
39.0377 	DATA 	Keypress: 5
39.0377 	DATA 	TR 26 | TR1 13 | TR2 13
40.6041 	DATA 	Keypress: 5
40.6042 	DATA 	TR 27 | TR1 14 | TR2 13
42.1548 	DATA 	Keypress: 5
42.1708 	DATA 	TR 28 | TR1 14 | TR2 14
43.7372 	DATA 	Keypress: 5
43.7373 	DATA 	TR 29 | TR1 15 | TR2 14
45.2871 	DATA 	Keypress: 5
45.2872 	DATA 	TR 30 | TR1 15 | TR2 15
46.8537 	DATA 	Keypress: 5
46.8538 	DATA 	TR 31 | TR1 16 | TR2 15
48.4035 	DATA 	Keypress: 5
48.4035 	DATA 	TR 32 | TR1 16 | TR2 16
49.9868 	DATA 	Keypress: 5
49.9868 	DATA 	TR 33 | TR1 17 | TR2 16
51.5365 	DATA 	Keypress: 5
51.5366 	DATA 	TR 34 | TR1 17 | TR2 17
53.1030 	DATA 	Keypress: 5
53.1031 	DATA 	TR 35 | TR1 18 | TR2 17
54.6529 	DATA 	Keypress: 5
54.6530 	DATA 	TR 36 | TR1 18 | TR2 18
56.2201 	DATA 	Keypress: 5
56.2360 	DATA 	TR 37 | TR1 19 | TR2 18
57.6027 	DATA 	
57.6027 	DATA 	stimulation stopped
57.6027 	DATA 	
57.7859 	DATA 	Keypress: 5
57.7860 	DATA 	TR 38 | TR1 19 | TR2 19
59.3524 	DATA 	Keypress: 5
59.3524 	DATA 	TR 39 | TR1 20 | TR2 19
60.9023 	DATA 	Keypress: 5
60.9023 	DATA 	TR 40 | TR1 20 | TR2 20
62.4688 	DATA 	Keypress: 5
62.4688 	DATA 	TR 41 | TR1 21 | TR2 20
64.0188 	DATA 	Keypress: 5
64.0188 	DATA 	TR 42 | TR1 21 | TR2 21
65.6018 	DATA 	Keypress: 5
65.6019 	DATA 	TR 43 | TR1 22 | TR2 21
67.1517 	DATA 	Keypress: 5
67.1518 	DATA 	TR 44 | TR1 22 | TR2 22
68.7182 	DATA 	Keypress: 5
68.7182 	DATA 	TR 45 | TR1 23 | TR2 22
70.2681 	DATA 	Keypress: 5
70.2681 	DATA 	TR 46 | TR1 23 | TR2 23
71.8512 	DATA 	Keypress: 5
71.8513 	DATA 	TR 47 | TR1 24 | TR2 23
73.4011 	DATA 	Keypress: 5
73.4012 	DATA 	TR 48 | TR1 24 | TR2 24
74.9676 	DATA 	Keypress: 5
74.9677 	DATA 	TR 49 | TR1 25 | TR2 24
76.5175 	DATA 	Keypress: 5
76.5175 	DATA 	TR 50 | TR1 25 | TR2 25
78.0842 	DATA 	Keypress: 5
78.0843 	DATA 	TR 51 | TR1 26 | TR2 25
79.6507 	DATA 	Keypress: 5
79.6507 	DATA 	TR 52 | TR1 26 | TR2 26
81.2171 	DATA 	Keypress: 5
81.2171 	DATA 	TR 53 | TR1 27 | TR2 26
82.7671 	DATA 	Keypress: 5
82.7671 	DATA 	TR 54 | TR1 27 | TR2 27
83.5502 	DATA 	Target presented
84.0335 	DATA 	Keypress: 1
84.0335 	DATA 	Key1 pressed
84.0335 	DATA 	Target detected
84.3334 	DATA 	Keypress: 5
84.3335 	DATA 	TR 55 | TR1 28 | TR2 27
85.8833 	DATA 	Keypress: 5
85.8833 	DATA 	TR 56 | TR1 28 | TR2 28
87.4666 	DATA 	Keypress: 5
87.4666 	DATA 	TR 57 | TR1 29 | TR2 28
89.0163 	DATA 	Keypress: 5
89.0164 	DATA 	TR 58 | TR1 29 | TR2 29
90.5829 	DATA 	Keypress: 5
90.5830 	DATA 	TR 59 | TR1 30 | TR2 29
92.1327 	DATA 	Keypress: 5
92.1328 	DATA 	TR 60 | TR1 30 | TR2 30
93.6998 	DATA 	Keypress: 5
93.7159 	DATA 	TR 61 | TR1 31 | TR2 30
95.2658 	DATA 	Keypress: 5
95.2659 	DATA 	TR 62 | TR1 31 | TR2 31
96.8323 	DATA 	Keypress: 5
96.8324 	DATA 	TR 63 | TR1 32 | TR2 31
97.5988 	DATA 	
97.5988 	DATA 	Trial complete
97.5989 	DATA 	Waiting for VASO trigger to start next trial
97.5989 	DATA 	
98.3821 	DATA 	Keypress: 5
98.3822 	DATA 	TR 64 | TR1 32 | TR2 32
99.9487 	DATA 	Keypress: 5
99.9487 	DATA 	Waited 2.3498549461364746 seconds for trigger
99.9495 	DATA 	
99.9495 	DATA 	Trial 2
99.9495 	DATA 	stimDur = 12.0
99.9495 	DATA 	jitter = 0.0
99.9495 	DATA 	restDur = 30.0

99.9495 	DATA 	
99.9495 	DATA 	TR 65 | TR1 33 | TR2 32
99.9495 	DATA 	
99.9495 	DATA 	stimulation started
99.9495 	DATA 	
101.4993 	DATA 	Keypress: 5
101.5152 	DATA 	TR 66 | TR1 33 | TR2 33
103.0818 	DATA 	Keypress: 5
103.0818 	DATA 	TR 67 | TR1 34 | TR2 33
104.6316 	DATA 	Keypress: 5
104.6317 	DATA 	TR 68 | TR1 34 | TR2 34
106.1982 	DATA 	Keypress: 5
106.1982 	DATA 	TR 69 | TR1 35 | TR2 34
107.7480 	DATA 	Keypress: 5
107.7480 	DATA 	TR 70 | TR1 35 | TR2 35
109.3312 	DATA 	Keypress: 5
109.3313 	DATA 	TR 71 | TR1 36 | TR2 35
110.8811 	DATA 	Keypress: 5
110.8811 	DATA 	TR 72 | TR1 36 | TR2 36
111.9642 	DATA 	
111.9643 	DATA 	stimulation stopped
111.9643 	DATA 	
112.4475 	DATA 	Keypress: 5
112.4476 	DATA 	TR 73 | TR1 37 | TR2 36
113.9974 	DATA 	Keypress: 5
113.9974 	DATA 	TR 74 | TR1 37 | TR2 37
115.5639 	DATA 	Keypress: 5
115.5640 	DATA 	TR 75 | TR1 38 | TR2 37
117.1304 	DATA 	Keypress: 5
117.1305 	DATA 	TR 76 | TR1 38 | TR2 38
118.6970 	DATA 	Keypress: 5
118.6970 	DATA 	TR 77 | TR1 39 | TR2 38
120.2468 	DATA 	Keypress: 5
120.2469 	DATA 	TR 78 | TR1 39 | TR2 39
121.8133 	DATA 	Keypress: 5
121.8134 	DATA 	TR 79 | TR1 40 | TR2 39
123.3631 	DATA 	Keypress: 5
123.3632 	DATA 	TR 80 | TR1 40 | TR2 40
124.9464 	DATA 	Keypress: 5
124.9465 	DATA 	TR 81 | TR1 41 | TR2 40
126.4962 	DATA 	Keypress: 5
126.4963 	DATA 	TR 82 | TR1 41 | TR2 41
128.0628 	DATA 	Keypress: 5
128.0628 	DATA 	TR 83 | TR1 42 | TR2 41
129.6126 	DATA 	Keypress: 5
129.6126 	DATA 	TR 84 | TR1 42 | TR2 42
131.1959 	DATA 	Keypress: 5
131.1959 	DATA 	TR 85 | TR1 43 | TR2 42
132.7458 	DATA 	Keypress: 5
132.7458 	DATA 	TR 86 | TR1 43 | TR2 43
134.3122 	DATA 	Keypress: 5
134.3122 	DATA 	TR 87 | TR1 44 | TR2 43
135.8620 	DATA 	Keypress: 5
135.8621 	DATA 	TR 88 | TR1 44 | TR2 44
137.4287 	DATA 	Keypress: 5
137.4287 	DATA 	TR 89 | TR1 45 | TR2 44
138.9784 	DATA 	Keypress: 5
138.9785 	DATA 	TR 90 | TR1 45 | TR2 45
140.5618 	DATA 	Keypress: 5
140.5619 	DATA 	TR 91 | TR1 46 | TR2 45
141.9614 	DATA 	
141.9614 	DATA 	Trial complete
141.9615 	DATA 	Waiting for VASO trigger to start next trial
141.9615 	DATA 	
142.1114 	DATA 	Keypress: 5
142.1115 	DATA 	TR 92 | TR1 46 | TR2 46
143.6780 	DATA 	Keypress: 5
143.6781 	DATA 	Waited 1.7165961265563965 seconds for trigger
143.6788 	DATA 	
143.6788 	DATA 	Trial 3
143.6788 	DATA 	stimDur = 24.0
143.6788 	DATA 	jitter = 1.5705
143.6788 	DATA 	restDur = 40.0

143.6788 	DATA 	
143.6789 	DATA 	TR 93 | TR1 47 | TR2 46
145.1278 	DATA 	Target presented
145.2278 	DATA 	Keypress: 5
145.2279 	DATA 	TR 94 | TR1 47 | TR2 47
145.2611 	DATA 	
145.2612 	DATA 	stimulation started
145.2612 	DATA 	
145.6112 	DATA 	Keypress: 1
145.6112 	DATA 	Key1 pressed
145.6112 	DATA 	Target detected
146.8111 	DATA 	Keypress: 5
146.8112 	DATA 	TR 95 | TR1 48 | TR2 47
148.3609 	DATA 	Keypress: 5
148.3610 	DATA 	TR 96 | TR1 48 | TR2 48
149.9275 	DATA 	Keypress: 5
149.9275 	DATA 	TR 97 | TR1 49 | TR2 48
151.4773 	DATA 	Keypress: 5
151.4774 	DATA 	TR 98 | TR1 49 | TR2 49
153.0446 	DATA 	Keypress: 5
153.0605 	DATA 	TR 99 | TR1 50 | TR2 49
154.6104 	DATA 	Keypress: 5
154.6104 	DATA 	TR 100 | TR1 50 | TR2 50
156.1769 	DATA 	Keypress: 5
156.1770 	DATA 	TR 101 | TR1 51 | TR2 50
157.7269 	DATA 	Keypress: 5
157.7269 	DATA 	TR 102 | TR1 51 | TR2 51
159.2933 	DATA 	Keypress: 5
159.2934 	DATA 	TR 103 | TR1 52 | TR2 51
160.8431 	DATA 	Keypress: 5
160.8431 	DATA 	TR 104 | TR1 52 | TR2 52
162.4263 	DATA 	Keypress: 5
162.4264 	DATA 	TR 105 | TR1 53 | TR2 52
163.9762 	DATA 	Keypress: 5
163.9762 	DATA 	TR 106 | TR1 53 | TR2 53
165.5429 	DATA 	Keypress: 5
165.5429 	DATA 	TR 107 | TR1 54 | TR2 53
167.0925 	DATA 	Keypress: 5
167.0926 	DATA 	TR 108 | TR1 54 | TR2 54
168.6758 	DATA 	Keypress: 5
168.6758 	DATA 	TR 109 | TR1 55 | TR2 54
169.2590 	DATA 	
169.2590 	DATA 	stimulation stopped
169.2590 	DATA 	
170.2255 	DATA 	Keypress: 5
170.2256 	DATA 	TR 110 | TR1 55 | TR2 55
171.7921 	DATA 	Keypress: 5
171.7921 	DATA 	TR 111 | TR1 56 | TR2 55
173.3419 	DATA 	Keypress: 5
173.3420 	DATA 	TR 112 | TR1 56 | TR2 56
174.9085 	DATA 	Keypress: 5
174.9085 	DATA 	TR 113 | TR1 57 | TR2 56
176.4589 	DATA 	Keypress: 5
176.4749 	DATA 	TR 114 | TR1 57 | TR2 57
178.0415 	DATA 	Keypress: 5
178.0415 	DATA 	TR 115 | TR1 58 | TR2 57
179.5914 	DATA 	Keypress: 5
179.5914 	DATA 	TR 116 | TR1 58 | TR2 58
181.1579 	DATA 	Keypress: 5
181.1579 	DATA 	TR 117 | TR1 59 | TR2 58
182.7077 	DATA 	Keypress: 5
182.7078 	DATA 	TR 118 | TR1 59 | TR2 59
184.2911 	DATA 	Keypress: 5
184.2911 	DATA 	TR 119 | TR1 60 | TR2 59
185.8408 	DATA 	Keypress: 5
185.8408 	DATA 	TR 120 | TR1 60 | TR2 60
187.4073 	DATA 	Keypress: 5
187.4074 	DATA 	TR 121 | TR1 61 | TR2 60
188.9572 	DATA 	Keypress: 5
188.9572 	DATA 	TR 122 | TR1 61 | TR2 61
190.5404 	DATA 	Keypress: 5
190.5404 	DATA 	TR 123 | TR1 62 | TR2 61
192.0902 	DATA 	Keypress: 5
192.0903 	DATA 	TR 124 | TR1 62 | TR2 62
193.6568 	DATA 	Keypress: 5
193.6568 	DATA 	TR 125 | TR1 63 | TR2 62
195.2066 	DATA 	Keypress: 5
195.2066 	DATA 	TR 126 | TR1 63 | TR2 63
196.7732 	DATA 	Keypress: 5
196.7732 	DATA 	TR 127 | TR1 64 | TR2 63
198.3230 	DATA 	Keypress: 5
198.3230 	DATA 	TR 128 | TR1 64 | TR2 64
199.9062 	DATA 	Keypress: 5
199.9062 	DATA 	TR 129 | TR1 65 | TR2 64
201.4560 	DATA 	Keypress: 5
201.4560 	DATA 	TR 130 | TR1 65 | TR2 65
203.0227 	DATA 	Keypress: 5
203.0227 	DATA 	TR 131 | TR1 66 | TR2 65
204.5724 	DATA 	Keypress: 5
204.5724 	DATA 	TR 132 | TR1 66 | TR2 66
206.1556 	DATA 	Keypress: 5
206.1557 	DATA 	TR 133 | TR1 67 | TR2 66
207.7054 	DATA 	Keypress: 5
207.7055 	DATA 	TR 134 | TR1 67 | TR2 67
209.2552 	DATA 	
209.2553 	DATA 	Trial complete
209.2553 	DATA 	Waiting for VASO trigger to start next trial
209.2553 	DATA 	
209.2720 	DATA 	Keypress: 5
209.2720 	DATA 	Waited 0.0167391300201416 seconds for trigger
209.2728 	DATA 	
209.2728 	DATA 	Trial 4
209.2728 	DATA 	stimDur = 1.0
209.2728 	DATA 	jitter = 2.35575
209.2728 	DATA 	restDur = 20.0

209.2728 	DATA 	
209.2728 	DATA 	TR 135 | TR1 68 | TR2 67
210.8218 	DATA 	Keypress: 5
210.8219 	DATA 	TR 136 | TR1 68 | TR2 68
211.6385 	DATA 	
211.6385 	DATA 	stimulation started
211.6385 	DATA 	
212.3884 	DATA 	Keypress: 5
212.3885 	DATA 	TR 137 | TR1 69 | TR2 68
212.6383 	DATA 	
212.6384 	DATA 	stimulation stopped
212.6384 	DATA 	
213.9549 	DATA 	Keypress: 5
213.9549 	DATA 	TR 138 | TR1 69 | TR2 69
215.5215 	DATA 	Keypress: 5
215.5216 	DATA 	TR 139 | TR1 70 | TR2 69
217.0712 	DATA 	Keypress: 5
217.0713 	DATA 	TR 140 | TR1 70 | TR2 70
218.6378 	DATA 	Keypress: 5
218.6379 	DATA 	TR 141 | TR1 71 | TR2 70
220.1876 	DATA 	Keypress: 5
220.1877 	DATA 	TR 142 | TR1 71 | TR2 71
221.7708 	DATA 	Keypress: 5
221.7709 	DATA 	TR 143 | TR1 72 | TR2 71
222.1041 	DATA 	Target presented
222.6207 	DATA 	Keypress: 1
222.6208 	DATA 	Key1 pressed
222.6208 	DATA 	Target detected
223.3207 	DATA 	Keypress: 5
223.3207 	DATA 	TR 144 | TR1 72 | TR2 72
224.8872 	DATA 	Keypress: 5
224.8873 	DATA 	TR 145 | TR1 73 | TR2 72
226.4371 	DATA 	Keypress: 5
226.4371 	DATA 	TR 146 | TR1 73 | TR2 73
228.0042 	DATA 	Keypress: 5
228.0202 	DATA 	TR 147 | TR1 74 | TR2 73
229.5701 	DATA 	Keypress: 5
229.5702 	DATA 	TR 148 | TR1 74 | TR2 74
231.1366 	DATA 	Keypress: 5
231.1367 	DATA 	TR 149 | TR1 75 | TR2 74
232.6364 	DATA 	
232.6364 	DATA 	Trial complete
232.6365 	DATA 	Waiting for VASO trigger to start next trial
232.6365 	DATA 	
232.6865 	DATA 	Keypress: 5
232.6865 	DATA 	TR 150 | TR1 75 | TR2 75
234.2530 	DATA 	Keypress: 5
234.2530 	DATA 	Waited 1.6165680885314941 seconds for trigger
234.2538 	DATA 	
234.2538 	DATA 	Trial 5
234.2538 	DATA 	stimDur = 12.0
234.2538 	DATA 	jitter = 0.78525
234.2538 	DATA 	restDur = 30.0

234.2538 	DATA 	
234.2538 	DATA 	TR 151 | TR1 76 | TR2 75
235.0529 	DATA 	
235.0529 	DATA 	stimulation started
235.0529 	DATA 	
235.8036 	DATA 	Keypress: 5
235.8195 	DATA 	TR 152 | TR1 76 | TR2 76
237.3861 	DATA 	Keypress: 5
237.3862 	DATA 	TR 153 | TR1 77 | TR2 76
238.9360 	DATA 	Keypress: 5
238.9360 	DATA 	TR 154 | TR1 77 | TR2 77
240.5025 	DATA 	Keypress: 5
240.5026 	DATA 	TR 155 | TR1 78 | TR2 77
242.0523 	DATA 	Keypress: 5
242.0524 	DATA 	TR 156 | TR1 78 | TR2 78
243.6356 	DATA 	Keypress: 5
243.6356 	DATA 	TR 157 | TR1 79 | TR2 78
245.1854 	DATA 	Keypress: 5
245.1854 	DATA 	TR 158 | TR1 79 | TR2 79
246.7519 	DATA 	Keypress: 5
246.7520 	DATA 	TR 159 | TR1 80 | TR2 79
247.0518 	DATA 	
247.0518 	DATA 	stimulation stopped
247.0518 	DATA 	
248.3017 	DATA 	Keypress: 5
248.3017 	DATA 	TR 160 | TR1 80 | TR2 80
249.8683 	DATA 	Keypress: 5
249.8684 	DATA 	TR 161 | TR1 81 | TR2 80
251.4348 	DATA 	Keypress: 5
251.4348 	DATA 	TR 162 | TR1 81 | TR2 81
253.0013 	DATA 	Keypress: 5
253.0013 	DATA 	TR 163 | TR1 82 | TR2 81
254.5511 	DATA 	Keypress: 5
254.5512 	DATA 	TR 164 | TR1 82 | TR2 82
256.1177 	DATA 	Keypress: 5
256.1177 	DATA 	TR 165 | TR1 83 | TR2 82
257.6675 	DATA 	Keypress: 5
257.6675 	DATA 	TR 166 | TR1 83 | TR2 83
259.2509 	DATA 	Keypress: 5
259.2509 	DATA 	TR 167 | TR1 84 | TR2 83
260.8005 	DATA 	Keypress: 5
260.8006 	DATA 	TR 168 | TR1 84 | TR2 84
262.3671 	DATA 	Keypress: 5
262.3671 	DATA 	TR 169 | TR1 85 | TR2 84
263.9169 	DATA 	Keypress: 5
263.9170 	DATA 	TR 170 | TR1 85 | TR2 85
265.5002 	DATA 	Keypress: 5
265.5002 	DATA 	TR 171 | TR1 86 | TR2 85
267.0500 	DATA 	Keypress: 5
267.0500 	DATA 	TR 172 | TR1 86 | TR2 86
268.6165 	DATA 	Keypress: 5
268.6166 	DATA 	TR 173 | TR1 87 | TR2 86
270.1664 	DATA 	Keypress: 5
270.1664 	DATA 	TR 174 | TR1 87 | TR2 87
271.7331 	DATA 	Keypress: 5
271.7331 	DATA 	TR 175 | TR1 88 | TR2 87
273.2833 	DATA 	Keypress: 5
273.2994 	DATA 	TR 176 | TR1 88 | TR2 88
274.8660 	DATA 	Keypress: 5
274.8660 	DATA 	TR 177 | TR1 89 | TR2 88
276.4158 	DATA 	Keypress: 5
276.4158 	DATA 	TR 178 | TR1 89 | TR2 89
277.0491 	DATA 	
277.0491 	DATA 	Trial complete
277.0491 	DATA 	Waiting for VASO trigger to start next trial
277.0491 	DATA 	
277.9824 	DATA 	Keypress: 5
277.9824 	DATA 	Waited 0.9333329200744629 seconds for trigger
277.9832 	DATA 	
277.9832 	DATA 	Trial 6
277.9832 	DATA 	stimDur = 2.0
277.9832 	DATA 	jitter = 0.78525
277.9832 	DATA 	restDur = 22.0

277.9832 	DATA 	
277.9832 	DATA 	TR 179 | TR1 90 | TR2 89
278.7822 	DATA 	
278.7822 	DATA 	stimulation started
278.7822 	DATA 	
279.5322 	DATA 	Keypress: 5
279.5323 	DATA 	TR 180 | TR1 90 | TR2 90
280.7821 	DATA 	
280.7821 	DATA 	stimulation stopped
280.7821 	DATA 	
281.1154 	DATA 	Keypress: 5
281.1154 	DATA 	TR 181 | TR1 91 | TR2 90
282.6652 	DATA 	Keypress: 5
282.6653 	DATA 	TR 182 | TR1 91 | TR2 91
284.2318 	DATA 	Keypress: 5
284.2318 	DATA 	TR 183 | TR1 92 | TR2 91
285.7818 	DATA 	Keypress: 5
285.7818 	DATA 	TR 184 | TR1 92 | TR2 92
287.3487 	DATA 	Keypress: 5
287.3647 	DATA 	TR 185 | TR1 93 | TR2 92
288.9146 	DATA 	Keypress: 5
288.9147 	DATA 	TR 186 | TR1 93 | TR2 93
288.9646 	DATA 	Target presented
289.4313 	DATA 	Keypress: 1
289.4313 	DATA 	Key1 pressed
289.4313 	DATA 	Target detected
290.4812 	DATA 	Keypress: 5
290.4812 	DATA 	TR 187 | TR1 94 | TR2 93
292.0310 	DATA 	Keypress: 5
292.0311 	DATA 	TR 188 | TR1 94 | TR2 94
293.5976 	DATA 	Keypress: 5
293.5976 	DATA 	TR 189 | TR1 95 | TR2 94
295.1474 	DATA 	Keypress: 5
295.1474 	DATA 	TR 190 | TR1 95 | TR2 95
296.7306 	DATA 	Keypress: 5
296.7307 	DATA 	TR 191 | TR1 96 | TR2 95
298.2804 	DATA 	Keypress: 5
298.2805 	DATA 	TR 192 | TR1 96 | TR2 96
299.8471 	DATA 	Keypress: 5
299.8472 	DATA 	TR 193 | TR1 97 | TR2 96
301.3968 	DATA 	Keypress: 5
301.3969 	DATA 	TR 194 | TR1 97 | TR2 97
302.7800 	DATA 	
302.7800 	DATA 	Trial complete
302.7800 	DATA 	Waiting for VASO trigger to start next trial
302.7800 	DATA 	
302.9800 	DATA 	Keypress: 5
302.9801 	DATA 	Waited 0.20005202293395996 seconds for trigger
302.9808 	DATA 	
302.9809 	DATA 	Trial 7
302.9809 	DATA 	stimDur = 2.0
302.9809 	DATA 	jitter = 0.0
302.9809 	DATA 	restDur = 22.0

302.9809 	DATA 	
302.9809 	DATA 	TR 195 | TR1 98 | TR2 97
302.9809 	DATA 	
302.9809 	DATA 	stimulation started
302.9809 	DATA 	
304.5299 	DATA 	Keypress: 5
304.5300 	DATA 	TR 196 | TR1 98 | TR2 98
304.9965 	DATA 	
304.9965 	DATA 	stimulation stopped
304.9965 	DATA 	
306.0964 	DATA 	Keypress: 5
306.0965 	DATA 	TR 197 | TR1 99 | TR2 98
307.6462 	DATA 	Keypress: 5
307.6463 	DATA 	TR 198 | TR1 99 | TR2 99
309.2128 	DATA 	Keypress: 5
309.2129 	DATA 	TR 199 | TR1 100 | TR2 99
310.7793 	DATA 	Keypress: 5
310.7793 	DATA 	TR 200 | TR1 100 | TR2 100
312.3458 	DATA 	Keypress: 5
312.3459 	DATA 	TR 201 | TR1 101 | TR2 100
313.8957 	DATA 	Keypress: 5
313.8957 	DATA 	TR 202 | TR1 101 | TR2 101
315.4622 	DATA 	Keypress: 5
315.4623 	DATA 	TR 203 | TR1 102 | TR2 101
317.0121 	DATA 	Keypress: 5
317.0121 	DATA 	TR 204 | TR1 102 | TR2 102
318.5953 	DATA 	Keypress: 5
318.5953 	DATA 	TR 205 | TR1 103 | TR2 102
320.1451 	DATA 	Keypress: 5
320.1452 	DATA 	TR 206 | TR1 103 | TR2 103
321.7116 	DATA 	Keypress: 5
321.7116 	DATA 	TR 207 | TR1 104 | TR2 103
323.2615 	DATA 	Keypress: 5
323.2615 	DATA 	TR 208 | TR1 104 | TR2 104
324.8447 	DATA 	Keypress: 5
324.8448 	DATA 	TR 209 | TR1 105 | TR2 104
326.3945 	DATA 	Keypress: 5
326.3946 	DATA 	TR 210 | TR1 105 | TR2 105
326.9944 	DATA 	
326.9945 	DATA 	Trial complete
326.9945 	DATA 	Waiting for VASO trigger to start next trial
326.9945 	DATA 	
327.9611 	DATA 	Keypress: 5
327.9611 	DATA 	Waited 0.9666740894317627 seconds for trigger
327.9619 	DATA 	
327.9619 	DATA 	Trial 8
327.9619 	DATA 	stimDur = 2.0
327.9619 	DATA 	jitter = 1.5705
327.9619 	DATA 	restDur = 22.0

327.9619 	DATA 	
327.9619 	DATA 	TR 211 | TR1 106 | TR2 105
329.5111 	DATA 	Keypress: 5
329.5112 	DATA 	TR 212 | TR1 106 | TR2 106
329.5442 	DATA 	
329.5442 	DATA 	stimulation started
329.5442 	DATA 	
331.0775 	DATA 	Keypress: 5
331.0776 	DATA 	TR 213 | TR1 107 | TR2 106
331.5441 	DATA 	
331.5441 	DATA 	stimulation stopped
331.5441 	DATA 	
332.6275 	DATA 	Keypress: 5
332.6275 	DATA 	TR 214 | TR1 107 | TR2 107
334.2106 	DATA 	Keypress: 5
334.2106 	DATA 	TR 215 | TR1 108 | TR2 107
335.7604 	DATA 	Keypress: 5
335.7604 	DATA 	TR 216 | TR1 108 | TR2 108
337.3269 	DATA 	Keypress: 5
337.3269 	DATA 	TR 217 | TR1 109 | TR2 108
338.8768 	DATA 	Keypress: 5
338.8768 	DATA 	TR 218 | TR1 109 | TR2 109
340.4599 	DATA 	Keypress: 5
340.4600 	DATA 	TR 219 | TR1 110 | TR2 109
342.0098 	DATA 	Keypress: 5
342.0098 	DATA 	TR 220 | TR1 110 | TR2 110
343.5763 	DATA 	Keypress: 5
343.5764 	DATA 	TR 221 | TR1 111 | TR2 110
345.1262 	DATA 	Keypress: 5
345.1262 	DATA 	TR 222 | TR1 111 | TR2 111
346.6927 	DATA 	Keypress: 5
346.6927 	DATA 	TR 223 | TR1 112 | TR2 111
348.2592 	DATA 	Keypress: 5
348.2593 	DATA 	TR 224 | TR1 112 | TR2 112
349.8257 	DATA 	Keypress: 5
349.8258 	DATA 	TR 225 | TR1 113 | TR2 112
351.3756 	DATA 	Keypress: 5
351.3756 	DATA 	TR 226 | TR1 113 | TR2 113
352.9421 	DATA 	Keypress: 5
352.9422 	DATA 	TR 227 | TR1 114 | TR2 113
353.5420 	DATA 	
353.5420 	DATA 	Trial complete
353.5420 	DATA 	Waiting for VASO trigger to start next trial
353.5420 	DATA 	
354.4920 	DATA 	Keypress: 5
354.4920 	DATA 	TR 228 | TR1 114 | TR2 114
355.7085 	DATA 	Target presented
356.0751 	DATA 	Keypress: 5
356.0752 	DATA 	Waited 2.533160924911499 seconds for trigger
356.0760 	DATA 	
356.0760 	DATA 	Trial 9
356.0760 	DATA 	stimDur = 12.0
356.0760 	DATA 	jitter = 1.5705
356.0760 	DATA 	restDur = 30.0

356.0760 	DATA 	
356.0760 	DATA 	TR 229 | TR1 115 | TR2 114
356.2418 	DATA 	Keypress: 1
356.2418 	DATA 	Key1 pressed
356.2419 	DATA 	Target detected
357.6250 	DATA 	Keypress: 5
357.6251 	DATA 	TR 230 | TR1 115 | TR2 115
357.6583 	DATA 	
357.6583 	DATA 	stimulation started
357.6583 	DATA 	
359.1916 	DATA 	Keypress: 5
359.1916 	DATA 	TR 231 | TR1 116 | TR2 115
360.7416 	DATA 	Keypress: 5
360.7416 	DATA 	TR 232 | TR1 116 | TR2 116
362.3087 	DATA 	Keypress: 5
362.3246 	DATA 	TR 233 | TR1 117 | TR2 116
363.8746 	DATA 	Keypress: 5
363.8746 	DATA 	TR 234 | TR1 117 | TR2 117
365.4410 	DATA 	Keypress: 5
365.4410 	DATA 	TR 235 | TR1 118 | TR2 117
366.9909 	DATA 	Keypress: 5
366.9910 	DATA 	TR 236 | TR1 118 | TR2 118
368.5574 	DATA 	Keypress: 5
368.5574 	DATA 	TR 237 | TR1 119 | TR2 118
369.6572 	DATA 	
369.6572 	DATA 	stimulation stopped
369.6572 	DATA 	
370.1078 	DATA 	Keypress: 5
370.1238 	DATA 	TR 238 | TR1 119 | TR2 119
371.6904 	DATA 	Keypress: 5
371.6904 	DATA 	TR 239 | TR1 120 | TR2 119
373.2403 	DATA 	Keypress: 5
373.2403 	DATA 	TR 240 | TR1 120 | TR2 120
374.8069 	DATA 	Keypress: 5
374.8069 	DATA 	TR 241 | TR1 121 | TR2 120
376.3566 	DATA 	Keypress: 5
376.3567 	DATA 	TR 242 | TR1 121 | TR2 121
377.9398 	DATA 	Keypress: 5
377.9398 	DATA 	TR 243 | TR1 122 | TR2 121
379.4897 	DATA 	Keypress: 5
379.4897 	DATA 	TR 244 | TR1 122 | TR2 122
381.0562 	DATA 	Keypress: 5
381.0562 	DATA 	TR 245 | TR1 123 | TR2 122
382.6061 	DATA 	Keypress: 5
382.6061 	DATA 	TR 246 | TR1 123 | TR2 123
384.1726 	DATA 	Keypress: 5
384.1726 	DATA 	TR 247 | TR1 124 | TR2 123
385.7391 	DATA 	Keypress: 5
385.7391 	DATA 	TR 248 | TR1 124 | TR2 124
387.3056 	DATA 	Keypress: 5
387.3056 	DATA 	TR 249 | TR1 125 | TR2 124
388.8555 	DATA 	Keypress: 5
388.8555 	DATA 	TR 250 | TR1 125 | TR2 125
390.4220 	DATA 	Keypress: 5
390.4220 	DATA 	TR 251 | TR1 126 | TR2 125
391.9719 	DATA 	Keypress: 5
391.9719 	DATA 	TR 252 | TR1 126 | TR2 126
393.5550 	DATA 	Keypress: 5
393.5550 	DATA 	TR 253 | TR1 127 | TR2 126
395.1049 	DATA 	Keypress: 5
395.1050 	DATA 	TR 254 | TR1 127 | TR2 127
396.6714 	DATA 	Keypress: 5
396.6714 	DATA 	TR 255 | TR1 128 | TR2 127
398.2213 	DATA 	Keypress: 5
398.2214 	DATA 	TR 256 | TR1 128 | TR2 128
399.6544 	DATA 	
399.6544 	DATA 	Trial complete
399.6544 	DATA 	Waiting for VASO trigger to start next trial
399.6544 	DATA 	
399.8044 	DATA 	Keypress: 5
399.8045 	DATA 	Waited 0.15005207061767578 seconds for trigger
399.8053 	DATA 	
399.8053 	DATA 	Trial 10
399.8053 	DATA 	stimDur = 4.0
399.8053 	DATA 	jitter = 0.78525
399.8053 	DATA 	restDur = 24.0

399.8053 	DATA 	
399.8053 	DATA 	TR 257 | TR1 129 | TR2 128
400.6043 	DATA 	
400.6043 	DATA 	stimulation started
400.6043 	DATA 	
401.3544 	DATA 	Keypress: 5
401.3544 	DATA 	TR 258 | TR1 129 | TR2 129
402.9209 	DATA 	Keypress: 5
402.9209 	DATA 	TR 259 | TR1 130 | TR2 129
404.4709 	DATA 	Keypress: 5
404.4709 	DATA 	TR 260 | TR1 130 | TR2 130
404.6040 	DATA 	
404.6040 	DATA 	stimulation stopped
404.6040 	DATA 	
406.0372 	DATA 	Keypress: 5
406.0372 	DATA 	TR 261 | TR1 131 | TR2 130
407.5877 	DATA 	Keypress: 5
407.6037 	DATA 	TR 262 | TR1 131 | TR2 131
409.1703 	DATA 	Keypress: 5
409.1703 	DATA 	TR 263 | TR1 132 | TR2 131
410.7201 	DATA 	Keypress: 5
410.7202 	DATA 	TR 264 | TR1 132 | TR2 132
412.2868 	DATA 	Keypress: 5
412.2868 	DATA 	TR 265 | TR1 133 | TR2 132
413.8365 	DATA 	Keypress: 5
413.8366 	DATA 	TR 266 | TR1 133 | TR2 133
415.4197 	DATA 	Keypress: 5
415.4197 	DATA 	TR 267 | TR1 134 | TR2 133
416.9695 	DATA 	Keypress: 5
416.9696 	DATA 	TR 268 | TR1 134 | TR2 134
418.5361 	DATA 	Keypress: 5
418.5361 	DATA 	TR 269 | TR1 135 | TR2 134
420.0859 	DATA 	Keypress: 5
420.0860 	DATA 	TR 270 | TR1 135 | TR2 135
421.6691 	DATA 	Keypress: 5
421.6692 	DATA 	TR 271 | TR1 136 | TR2 135
423.2190 	DATA 	Keypress: 5
423.2190 	DATA 	TR 272 | TR1 136 | TR2 136
423.7523 	DATA 	Target presented
424.2188 	DATA 	Keypress: 1
424.2189 	DATA 	Key1 pressed
424.2189 	DATA 	Target detected
424.7855 	DATA 	Keypress: 5
424.7855 	DATA 	TR 273 | TR1 137 | TR2 136
426.3354 	DATA 	Keypress: 5
426.3354 	DATA 	TR 274 | TR1 137 | TR2 137
427.9019 	DATA 	Keypress: 5
427.9019 	DATA 	TR 275 | TR1 138 | TR2 137
428.6017 	DATA 	
428.6018 	DATA 	Trial complete
428.6018 	DATA 	Waiting for VASO trigger to start next trial
428.6018 	DATA 	
429.4517 	DATA 	Keypress: 5
429.4518 	DATA 	TR 276 | TR1 138 | TR2 138
431.0350 	DATA 	Keypress: 5
431.0351 	DATA 	Waited 2.433317184448242 seconds for trigger
431.0359 	DATA 	
431.0359 	DATA 	Trial 11
431.0359 	DATA 	stimDur = 4.0
431.0359 	DATA 	jitter = 2.35575
431.0359 	DATA 	restDur = 24.0

431.0359 	DATA 	
431.0359 	DATA 	TR 277 | TR1 139 | TR2 138
432.5848 	DATA 	Keypress: 5
432.5849 	DATA 	TR 278 | TR1 139 | TR2 139
433.4013 	DATA 	
433.4013 	DATA 	stimulation started
433.4013 	DATA 	
434.1514 	DATA 	Keypress: 5
434.1514 	DATA 	TR 279 | TR1 140 | TR2 139
435.7012 	DATA 	Keypress: 5
435.7013 	DATA 	TR 280 | TR1 140 | TR2 140
437.2844 	DATA 	Keypress: 5
437.2844 	DATA 	TR 281 | TR1 141 | TR2 140
437.4010 	DATA 	
437.4010 	DATA 	stimulation stopped
437.4010 	DATA 	
438.8342 	DATA 	Keypress: 5
438.8343 	DATA 	TR 282 | TR1 141 | TR2 141
440.4007 	DATA 	Keypress: 5
440.4008 	DATA 	TR 283 | TR1 142 | TR2 141
441.9506 	DATA 	Keypress: 5
441.9506 	DATA 	TR 284 | TR1 142 | TR2 142
443.5171 	DATA 	Keypress: 5
443.5172 	DATA 	TR 285 | TR1 143 | TR2 142
445.0836 	DATA 	Keypress: 5
445.0837 	DATA 	TR 286 | TR1 143 | TR2 143
446.6501 	DATA 	Keypress: 5
446.6502 	DATA 	TR 287 | TR1 144 | TR2 143
448.2000 	DATA 	Keypress: 5
448.2001 	DATA 	TR 288 | TR1 144 | TR2 144
449.7665 	DATA 	Keypress: 5
449.7666 	DATA 	TR 289 | TR1 145 | TR2 144
451.3164 	DATA 	Keypress: 5
451.3164 	DATA 	TR 290 | TR1 145 | TR2 145
452.8996 	DATA 	Keypress: 5
452.8996 	DATA 	TR 291 | TR1 146 | TR2 145
454.4495 	DATA 	Keypress: 5
454.4495 	DATA 	TR 292 | TR1 146 | TR2 146
456.0159 	DATA 	Keypress: 5
456.0160 	DATA 	TR 293 | TR1 147 | TR2 146
457.5658 	DATA 	Keypress: 5
457.5659 	DATA 	TR 294 | TR1 147 | TR2 147
459.1329 	DATA 	Keypress: 5
459.1489 	DATA 	TR 295 | TR1 148 | TR2 147
460.6989 	DATA 	Keypress: 5
460.6989 	DATA 	TR 296 | TR1 148 | TR2 148
461.3987 	DATA 	
461.3988 	DATA 	Trial complete
461.3988 	DATA 	Waiting for VASO trigger to start next trial
461.3988 	DATA 	
462.2654 	DATA 	Keypress: 5
462.2654 	DATA 	Waited 0.866663932800293 seconds for trigger
462.2662 	DATA 	
462.2662 	DATA 	Trial 12
462.2662 	DATA 	stimDur = 24.0
462.2662 	DATA 	jitter = 0.0
462.2662 	DATA 	restDur = 40.0

462.2662 	DATA 	
462.2662 	DATA 	TR 297 | TR1 149 | TR2 148
462.2662 	DATA 	
462.2662 	DATA 	stimulation started
462.2662 	DATA 	
463.8153 	DATA 	Keypress: 5
463.8154 	DATA 	TR 298 | TR1 149 | TR2 149
465.3818 	DATA 	Keypress: 5
465.3818 	DATA 	TR 299 | TR1 150 | TR2 149
466.9317 	DATA 	Keypress: 5
466.9317 	DATA 	TR 300 | TR1 150 | TR2 150
468.5149 	DATA 	Keypress: 5
468.5149 	DATA 	TR 301 | TR1 151 | TR2 150
470.0647 	DATA 	Keypress: 5
470.0648 	DATA 	TR 302 | TR1 151 | TR2 151
470.9480 	DATA 	Target presented
471.4812 	DATA 	Keypress: 1
471.4813 	DATA 	Key1 pressed
471.4813 	DATA 	Target detected
471.6312 	DATA 	Keypress: 5
471.6313 	DATA 	TR 303 | TR1 152 | TR2 151
473.1811 	DATA 	Keypress: 5
473.1812 	DATA 	TR 304 | TR1 152 | TR2 152
474.7643 	DATA 	Keypress: 5
474.7643 	DATA 	TR 305 | TR1 153 | TR2 152
476.3142 	DATA 	Keypress: 5
476.3142 	DATA 	TR 306 | TR1 153 | TR2 153
477.8806 	DATA 	Keypress: 5
477.8807 	DATA 	TR 307 | TR1 154 | TR2 153
479.4306 	DATA 	Keypress: 5
479.4306 	DATA 	TR 308 | TR1 154 | TR2 154
480.9970 	DATA 	Keypress: 5
480.9971 	DATA 	TR 309 | TR1 155 | TR2 154
482.5636 	DATA 	Keypress: 5
482.5636 	DATA 	TR 310 | TR1 155 | TR2 155
484.1301 	DATA 	Keypress: 5
484.1301 	DATA 	TR 311 | TR1 156 | TR2 155
485.6800 	DATA 	Keypress: 5
485.6800 	DATA 	TR 312 | TR1 156 | TR2 156
486.2799 	DATA 	
486.2799 	DATA 	stimulation stopped
486.2799 	DATA 	
487.2464 	DATA 	Keypress: 5
487.2465 	DATA 	TR 313 | TR1 157 | TR2 156
488.7963 	DATA 	Keypress: 5
488.7963 	DATA 	TR 314 | TR1 157 | TR2 157
490.3795 	DATA 	Keypress: 5
490.3795 	DATA 	TR 315 | TR1 158 | TR2 157
491.9293 	DATA 	Keypress: 5
491.9294 	DATA 	TR 316 | TR1 158 | TR2 158
493.4958 	DATA 	Keypress: 5
493.4959 	DATA 	TR 317 | TR1 159 | TR2 158
495.0457 	DATA 	Keypress: 5
495.0457 	DATA 	TR 318 | TR1 159 | TR2 159
496.6289 	DATA 	Keypress: 5
496.6289 	DATA 	TR 319 | TR1 160 | TR2 159
498.1788 	DATA 	Keypress: 5
498.1788 	DATA 	TR 320 | TR1 160 | TR2 160
499.7453 	DATA 	Keypress: 5
499.7453 	DATA 	TR 321 | TR1 161 | TR2 160
501.2951 	DATA 	Keypress: 5
501.2952 	DATA 	TR 322 | TR1 161 | TR2 161
502.8616 	DATA 	Keypress: 5
502.8616 	DATA 	TR 323 | TR1 162 | TR2 161
504.4116 	DATA 	Keypress: 5
504.4116 	DATA 	TR 324 | TR1 162 | TR2 162
505.9947 	DATA 	Keypress: 5
505.9948 	DATA 	TR 325 | TR1 163 | TR2 162
507.5446 	DATA 	Keypress: 5
507.5446 	DATA 	TR 326 | TR1 163 | TR2 163
509.1111 	DATA 	Keypress: 5
509.1111 	DATA 	TR 327 | TR1 164 | TR2 163
510.6610 	DATA 	Keypress: 5
510.6610 	DATA 	TR 328 | TR1 164 | TR2 164
512.2441 	DATA 	Keypress: 5
512.2442 	DATA 	TR 329 | TR1 165 | TR2 164
513.7940 	DATA 	Keypress: 5
513.7941 	DATA 	TR 330 | TR1 165 | TR2 165
515.3605 	DATA 	Keypress: 5
515.3605 	DATA 	TR 331 | TR1 166 | TR2 165
516.9104 	DATA 	Keypress: 5
516.9104 	DATA 	TR 332 | TR1 166 | TR2 166
518.4775 	DATA 	Keypress: 5
518.4935 	DATA 	TR 333 | TR1 167 | TR2 166
520.0434 	DATA 	Keypress: 5
520.0435 	DATA 	TR 334 | TR1 167 | TR2 167
521.6099 	DATA 	Keypress: 5
521.6100 	DATA 	TR 335 | TR1 168 | TR2 167
523.1598 	DATA 	Keypress: 5
523.1599 	DATA 	TR 336 | TR1 168 | TR2 168
524.7263 	DATA 	Keypress: 5
524.7264 	DATA 	TR 337 | TR1 169 | TR2 168
526.2762 	DATA 	Keypress: 5
526.2763 	DATA 	TR 338 | TR1 169 | TR2 169
526.2763 	DATA 	
526.2763 	DATA 	Trial complete
526.2763 	DATA 	Waiting for VASO trigger to start next trial
526.2763 	DATA 	
527.8593 	DATA 	Keypress: 5
527.8594 	DATA 	Waited 1.5830919742584229 seconds for trigger
527.8602 	DATA 	
527.8602 	DATA 	Trial 13
527.8602 	DATA 	stimDur = 4.0
527.8602 	DATA 	jitter = 1.5705
527.8602 	DATA 	restDur = 24.0

527.8602 	DATA 	
527.8602 	DATA 	TR 339 | TR1 170 | TR2 169
528.7260 	DATA 	Target presented
529.2426 	DATA 	Keypress: 1
529.2427 	DATA 	Key1 pressed
529.2427 	DATA 	Target detected
529.4092 	DATA 	Keypress: 5
529.4093 	DATA 	TR 340 | TR1 170 | TR2 170
529.4425 	DATA 	
529.4426 	DATA 	stimulation started
529.4426 	DATA 	
530.9758 	DATA 	Keypress: 5
530.9758 	DATA 	TR 341 | TR1 171 | TR2 170
532.5257 	DATA 	Keypress: 5
532.5257 	DATA 	TR 342 | TR1 171 | TR2 171
533.4422 	DATA 	
533.4422 	DATA 	stimulation stopped
533.4422 	DATA 	
534.1088 	DATA 	Keypress: 5
534.1088 	DATA 	TR 343 | TR1 172 | TR2 171
535.6586 	DATA 	Keypress: 5
535.6587 	DATA 	TR 344 | TR1 172 | TR2 172
537.2252 	DATA 	Keypress: 5
537.2252 	DATA 	TR 345 | TR1 173 | TR2 172
538.7752 	DATA 	Keypress: 5
538.7752 	DATA 	TR 346 | TR1 173 | TR2 173
540.3415 	DATA 	Keypress: 5
540.3416 	DATA 	TR 347 | TR1 174 | TR2 173
541.8920 	DATA 	Keypress: 5
541.9079 	DATA 	TR 348 | TR1 174 | TR2 174
543.4747 	DATA 	Keypress: 5
543.4747 	DATA 	TR 349 | TR1 175 | TR2 174
545.0245 	DATA 	Keypress: 5
545.0245 	DATA 	TR 350 | TR1 175 | TR2 175
546.5910 	DATA 	Keypress: 5
546.5910 	DATA 	TR 351 | TR1 176 | TR2 175
548.1409 	DATA 	Keypress: 5
548.1409 	DATA 	TR 352 | TR1 176 | TR2 176
549.7239 	DATA 	Keypress: 5
549.7240 	DATA 	TR 353 | TR1 177 | TR2 176
551.2739 	DATA 	Keypress: 5
551.2740 	DATA 	TR 354 | TR1 177 | TR2 177
552.8404 	DATA 	Keypress: 5
552.8404 	DATA 	TR 355 | TR1 178 | TR2 177
554.3904 	DATA 	Keypress: 5
554.3905 	DATA 	TR 356 | TR1 178 | TR2 178
555.9574 	DATA 	Keypress: 5
555.9736 	DATA 	TR 357 | TR1 179 | TR2 178
557.4399 	DATA 	
557.4399 	DATA 	Trial complete
557.4400 	DATA 	Waiting for VASO trigger to start next trial
557.4400 	DATA 	
557.5233 	DATA 	Keypress: 5
557.5234 	DATA 	TR 358 | TR1 179 | TR2 179
559.0898 	DATA 	Keypress: 5
559.0899 	DATA 	Waited 1.649925947189331 seconds for trigger
559.0907 	DATA 	
559.0907 	DATA 	Trial 14
559.0907 	DATA 	stimDur = 2.0
559.0907 	DATA 	jitter = 2.35575
559.0907 	DATA 	restDur = 22.0

559.0907 	DATA 	
559.0907 	DATA 	TR 359 | TR1 180 | TR2 179
560.6397 	DATA 	Keypress: 5
560.6398 	DATA 	TR 360 | TR1 180 | TR2 180
561.4562 	DATA 	
561.4562 	DATA 	stimulation started
561.4562 	DATA 	
562.2063 	DATA 	Keypress: 5
562.2064 	DATA 	TR 361 | TR1 181 | TR2 180
563.4561 	DATA 	
563.4561 	DATA 	stimulation stopped
563.4561 	DATA 	
563.7561 	DATA 	Keypress: 5
563.7561 	DATA 	TR 362 | TR1 181 | TR2 181
565.3393 	DATA 	Keypress: 5
565.3393 	DATA 	TR 363 | TR1 182 | TR2 181
566.8891 	DATA 	Keypress: 5
566.8892 	DATA 	TR 364 | TR1 182 | TR2 182
568.4557 	DATA 	Keypress: 5
568.4557 	DATA 	TR 365 | TR1 183 | TR2 182
570.0055 	DATA 	Keypress: 5
570.0055 	DATA 	TR 366 | TR1 183 | TR2 183
571.5887 	DATA 	Keypress: 5
571.5887 	DATA 	TR 367 | TR1 184 | TR2 183
573.1385 	DATA 	Keypress: 5
573.1386 	DATA 	TR 368 | TR1 184 | TR2 184
574.7052 	DATA 	Keypress: 5
574.7053 	DATA 	TR 369 | TR1 185 | TR2 184
576.2549 	DATA 	Keypress: 5
576.2550 	DATA 	TR 370 | TR1 185 | TR2 185
577.8216 	DATA 	Keypress: 5
577.8217 	DATA 	TR 371 | TR1 186 | TR2 185
579.0215 	DATA 	Target presented
579.3880 	DATA 	Keypress: 5
579.3880 	DATA 	TR 372 | TR1 186 | TR2 186
579.5213 	DATA 	Keypress: 1
579.5213 	DATA 	Key1 pressed
579.5213 	DATA 	Target detected
580.9545 	DATA 	Keypress: 5
580.9546 	DATA 	TR 373 | TR1 187 | TR2 186
582.5043 	DATA 	Keypress: 5
582.5044 	DATA 	TR 374 | TR1 187 | TR2 187
584.0709 	DATA 	Keypress: 5
584.0709 	DATA 	TR 375 | TR1 188 | TR2 187
585.4540 	DATA 	
585.4540 	DATA 	Trial complete
585.4541 	DATA 	Waiting for VASO trigger to start next trial
585.4541 	DATA 	
585.6207 	DATA 	Keypress: 5
585.6208 	DATA 	TR 376 | TR1 188 | TR2 188
587.2039 	DATA 	Keypress: 5
587.2040 	DATA 	Waited 1.7499220371246338 seconds for trigger
587.2048 	DATA 	
587.2048 	DATA 	Trial 15
587.2048 	DATA 	stimDur = 4.0
587.2048 	DATA 	jitter = 0.0
587.2048 	DATA 	restDur = 24.0

587.2048 	DATA 	
587.2048 	DATA 	TR 377 | TR1 189 | TR2 188
587.2048 	DATA 	
587.2048 	DATA 	stimulation started
587.2048 	DATA 	
588.7538 	DATA 	Keypress: 5
588.7539 	DATA 	TR 378 | TR1 189 | TR2 189
590.3204 	DATA 	Keypress: 5
590.3204 	DATA 	TR 379 | TR1 190 | TR2 189
591.2202 	DATA 	
591.2202 	DATA 	stimulation stopped
591.2202 	DATA 	
591.8702 	DATA 	Keypress: 5
591.8702 	DATA 	TR 380 | TR1 190 | TR2 190
593.4371 	DATA 	Keypress: 5
593.4533 	DATA 	TR 381 | TR1 191 | TR2 190
595.0032 	DATA 	Keypress: 5
595.0032 	DATA 	TR 382 | TR1 191 | TR2 191
596.5698 	DATA 	Keypress: 5
596.5698 	DATA 	TR 383 | TR1 192 | TR2 191
598.1196 	DATA 	Keypress: 5
598.1196 	DATA 	TR 384 | TR1 192 | TR2 192
599.6861 	DATA 	Keypress: 5
599.6862 	DATA 	TR 385 | TR1 193 | TR2 192
601.2365 	DATA 	Keypress: 5
601.2526 	DATA 	TR 386 | TR1 193 | TR2 193
602.8192 	DATA 	Keypress: 5
602.8192 	DATA 	TR 387 | TR1 194 | TR2 193
604.3690 	DATA 	Keypress: 5
604.3690 	DATA 	TR 388 | TR1 194 | TR2 194
605.9355 	DATA 	Keypress: 5
605.9356 	DATA 	TR 389 | TR1 195 | TR2 194
607.4854 	DATA 	Keypress: 5
607.4854 	DATA 	TR 390 | TR1 195 | TR2 195
609.0686 	DATA 	Keypress: 5
609.0686 	DATA 	TR 391 | TR1 196 | TR2 195
610.6184 	DATA 	Keypress: 5
610.6185 	DATA 	TR 392 | TR1 196 | TR2 196
612.1850 	DATA 	Keypress: 5
612.1850 	DATA 	TR 393 | TR1 197 | TR2 196
613.7348 	DATA 	Keypress: 5
613.7349 	DATA 	TR 394 | TR1 197 | TR2 197
615.2180 	DATA 	
615.2180 	DATA 	Trial complete
615.2180 	DATA 	Waiting for VASO trigger to start next trial
615.2180 	DATA 	
615.3014 	DATA 	Keypress: 5
615.3014 	DATA 	Waited 0.08342385292053223 seconds for trigger
615.3022 	DATA 	
615.3022 	DATA 	Trial 16
615.3022 	DATA 	stimDur = 1.0
615.3022 	DATA 	jitter = 1.5705
615.3022 	DATA 	restDur = 20.0

615.3022 	DATA 	
615.3022 	DATA 	TR 395 | TR1 198 | TR2 197
616.8678 	DATA 	Keypress: 5
616.8679 	DATA 	TR 396 | TR1 198 | TR2 198
616.8845 	DATA 	
616.8845 	DATA 	stimulation started
616.8845 	DATA 	
617.8844 	DATA 	
617.8844 	DATA 	stimulation stopped
617.8844 	DATA 	
618.4344 	DATA 	Keypress: 5
618.4345 	DATA 	TR 397 | TR1 199 | TR2 198
619.9842 	DATA 	Keypress: 5
619.9843 	DATA 	TR 398 | TR1 199 | TR2 199
621.5508 	DATA 	Keypress: 5
621.5508 	DATA 	TR 399 | TR1 200 | TR2 199
623.1006 	DATA 	Keypress: 5
623.1006 	DATA 	TR 400 | TR1 200 | TR2 200
624.6838 	DATA 	Keypress: 5
624.6839 	DATA 	TR 401 | TR1 201 | TR2 200
626.2337 	DATA 	Keypress: 5
626.2337 	DATA 	TR 402 | TR1 201 | TR2 201
627.8002 	DATA 	Keypress: 5
627.8003 	DATA 	TR 403 | TR1 202 | TR2 201
629.3500 	DATA 	Keypress: 5
629.3501 	DATA 	TR 404 | TR1 202 | TR2 202
630.9333 	DATA 	Keypress: 5
630.9333 	DATA 	TR 405 | TR1 203 | TR2 202
632.4831 	DATA 	Keypress: 5
632.4831 	DATA 	TR 406 | TR1 203 | TR2 203
634.0497 	DATA 	Keypress: 5
634.0497 	DATA 	TR 407 | TR1 204 | TR2 203
635.5995 	DATA 	Keypress: 5
635.5995 	DATA 	TR 408 | TR1 204 | TR2 204
637.1660 	DATA 	Keypress: 5
637.1661 	DATA 	TR 409 | TR1 205 | TR2 204
637.8825 	DATA 	
637.8826 	DATA 	Trial complete
637.8826 	DATA 	Waiting for VASO trigger to start next trial
637.8826 	DATA 	
638.7159 	DATA 	Keypress: 5
638.7159 	DATA 	TR 410 | TR1 205 | TR2 205
640.2991 	DATA 	Keypress: 5
640.2991 	DATA 	Waited 2.416532039642334 seconds for trigger
640.2999 	DATA 	
640.2999 	DATA 	Trial 17
640.2999 	DATA 	stimDur = 1.0
640.2999 	DATA 	jitter = 0.0
640.2999 	DATA 	restDur = 20.0

640.2999 	DATA 	
640.2999 	DATA 	TR 411 | TR1 206 | TR2 205
640.2999 	DATA 	
640.2999 	DATA 	stimulation started
640.2999 	DATA 	
641.3156 	DATA 	
641.3156 	DATA 	stimulation stopped
641.3156 	DATA 	
641.8489 	DATA 	Keypress: 5
641.8490 	DATA 	TR 412 | TR1 206 | TR2 206
643.4155 	DATA 	Keypress: 5
643.4155 	DATA 	TR 413 | TR1 207 | TR2 206
644.9653 	DATA 	Keypress: 5
644.9653 	DATA 	TR 414 | TR1 207 | TR2 207
646.5485 	DATA 	Keypress: 5
646.5485 	DATA 	TR 415 | TR1 208 | TR2 207
648.0983 	DATA 	Keypress: 5
648.0984 	DATA 	TR 416 | TR1 208 | TR2 208
648.4983 	DATA 	Target presented
649.0817 	DATA 	Keypress: 1
649.0818 	DATA 	Key1 pressed
649.0818 	DATA 	Target detected
649.6648 	DATA 	Keypress: 5
649.6649 	DATA 	TR 417 | TR1 209 | TR2 208
651.2147 	DATA 	Keypress: 5
651.2147 	DATA 	TR 418 | TR1 209 | TR2 209
652.7819 	DATA 	Keypress: 5
652.7977 	DATA 	TR 419 | TR1 210 | TR2 209
654.3477 	DATA 	Keypress: 5
654.3478 	DATA 	TR 420 | TR1 210 | TR2 210
655.9143 	DATA 	Keypress: 5
655.9144 	DATA 	TR 421 | TR1 211 | TR2 210
657.4641 	DATA 	Keypress: 5
657.4642 	DATA 	TR 422 | TR1 211 | TR2 211
659.0307 	DATA 	Keypress: 5
659.0307 	DATA 	TR 423 | TR1 212 | TR2 211
660.5805 	DATA 	Keypress: 5
660.5805 	DATA 	TR 424 | TR1 212 | TR2 212
661.3138 	DATA 	
661.3138 	DATA 	Trial complete
661.3138 	DATA 	Waiting for VASO trigger to start next trial
661.3138 	DATA 	
662.1637 	DATA 	Keypress: 5
662.1638 	DATA 	Waited 0.8499908447265625 seconds for trigger
662.1645 	DATA 	
662.1646 	DATA 	Trial 18
662.1646 	DATA 	stimDur = 12.0
662.1646 	DATA 	jitter = 2.35575
662.1646 	DATA 	restDur = 30.0

662.1646 	DATA 	
662.1646 	DATA 	TR 425 | TR1 213 | TR2 212
663.7137 	DATA 	Keypress: 5
663.7137 	DATA 	TR 426 | TR1 213 | TR2 213
664.5301 	DATA 	
664.5301 	DATA 	stimulation started
664.5301 	DATA 	
665.2802 	DATA 	Keypress: 5
665.2802 	DATA 	TR 427 | TR1 214 | TR2 213
666.8300 	DATA 	Keypress: 5
666.8301 	DATA 	TR 428 | TR1 214 | TR2 214
668.4132 	DATA 	Keypress: 5
668.4133 	DATA 	TR 429 | TR1 215 | TR2 214
669.9631 	DATA 	Keypress: 5
669.9631 	DATA 	TR 430 | TR1 215 | TR2 215
671.5296 	DATA 	Keypress: 5
671.5296 	DATA 	TR 431 | TR1 216 | TR2 215
673.0794 	DATA 	Keypress: 5
673.0795 	DATA 	TR 432 | TR1 216 | TR2 216
674.6459 	DATA 	Keypress: 5
674.6460 	DATA 	TR 433 | TR1 217 | TR2 216
676.1966 	DATA 	Keypress: 5
676.2124 	DATA 	TR 434 | TR1 217 | TR2 217
676.5291 	DATA 	
676.5291 	DATA 	stimulation stopped
676.5291 	DATA 	
677.7790 	DATA 	Keypress: 5
677.7790 	DATA 	TR 435 | TR1 218 | TR2 217
679.3288 	DATA 	Keypress: 5
679.3288 	DATA 	TR 436 | TR1 218 | TR2 218
680.8953 	DATA 	Keypress: 5
680.8954 	DATA 	TR 437 | TR1 219 | TR2 218
682.4452 	DATA 	Keypress: 5
682.4452 	DATA 	TR 438 | TR1 219 | TR2 219
684.0284 	DATA 	Keypress: 5
684.0285 	DATA 	TR 439 | TR1 220 | TR2 219
685.5782 	DATA 	Keypress: 5
685.5783 	DATA 	TR 440 | TR1 220 | TR2 220
687.1448 	DATA 	Keypress: 5
687.1448 	DATA 	TR 441 | TR1 221 | TR2 220
688.6947 	DATA 	Keypress: 5
688.6948 	DATA 	TR 442 | TR1 221 | TR2 221
690.2778 	DATA 	Keypress: 5
690.2779 	DATA 	TR 443 | TR1 222 | TR2 221
691.8276 	DATA 	Keypress: 5
691.8277 	DATA 	TR 444 | TR1 222 | TR2 222
693.3942 	DATA 	Keypress: 5
693.3942 	DATA 	TR 445 | TR1 223 | TR2 222
694.9440 	DATA 	Keypress: 5
694.9441 	DATA 	TR 446 | TR1 223 | TR2 223
696.5106 	DATA 	Keypress: 5
696.5106 	DATA 	TR 447 | TR1 224 | TR2 223
698.0604 	DATA 	Keypress: 5
698.0605 	DATA 	TR 448 | TR1 224 | TR2 224
699.6436 	DATA 	Keypress: 5
699.6437 	DATA 	TR 449 | TR1 225 | TR2 224
701.1934 	DATA 	Keypress: 5
701.1935 	DATA 	TR 450 | TR1 225 | TR2 225
702.7600 	DATA 	Keypress: 5
702.7600 	DATA 	TR 451 | TR1 226 | TR2 225
704.3098 	DATA 	Keypress: 5
704.3098 	DATA 	TR 452 | TR1 226 | TR2 226
705.8930 	DATA 	Keypress: 5
705.8931 	DATA 	TR 453 | TR1 227 | TR2 226
706.5262 	DATA 	
706.5263 	DATA 	Trial complete
706.5263 	DATA 	Waiting for VASO trigger to start next trial
706.5263 	DATA 	
707.4429 	DATA 	Keypress: 5
707.4429 	DATA 	TR 454 | TR1 227 | TR2 227
709.0094 	DATA 	Keypress: 5
709.0094 	DATA 	Waited 2.483170986175537 seconds for trigger
709.0102 	DATA 	
709.0102 	DATA 	Trial 19
709.0102 	DATA 	stimDur = 1.0
709.0102 	DATA 	jitter = 0.78525
709.0102 	DATA 	restDur = 20.0

709.0102 	DATA 	
709.0102 	DATA 	TR 455 | TR1 228 | TR2 227
709.8094 	DATA 	
709.8094 	DATA 	stimulation started
709.8094 	DATA 	
710.5593 	DATA 	Keypress: 5
710.5594 	DATA 	TR 456 | TR1 228 | TR2 228
710.8093 	DATA 	
710.8093 	DATA 	stimulation stopped
710.8093 	DATA 	
712.1257 	DATA 	Keypress: 5
712.1258 	DATA 	TR 457 | TR1 229 | TR2 228
713.6923 	DATA 	Keypress: 5
713.6924 	DATA 	TR 458 | TR1 229 | TR2 229
715.2590 	DATA 	Keypress: 5
715.2590 	DATA 	TR 459 | TR1 230 | TR2 229
716.8087 	DATA 	Keypress: 5
716.8088 	DATA 	TR 460 | TR1 230 | TR2 230
718.1419 	DATA 	Keypress: 1
718.1420 	DATA 	Key1 pressed
718.3752 	DATA 	Keypress: 5
718.3752 	DATA 	TR 461 | TR1 231 | TR2 230
719.9252 	DATA 	Keypress: 5
719.9252 	DATA 	TR 462 | TR1 231 | TR2 231
721.5082 	DATA 	Keypress: 5
721.5083 	DATA 	TR 463 | TR1 232 | TR2 231
723.0581 	DATA 	Keypress: 5
723.0582 	DATA 	TR 464 | TR1 232 | TR2 232
724.6246 	DATA 	Keypress: 5
724.6247 	DATA 	TR 465 | TR1 233 | TR2 232
726.1745 	DATA 	Keypress: 5
726.1746 	DATA 	TR 466 | TR1 233 | TR2 233
727.7416 	DATA 	Keypress: 5
727.7576 	DATA 	TR 467 | TR1 234 | TR2 233
728.3743 	DATA 	Target presented
728.7576 	DATA 	Keypress: 1
728.7576 	DATA 	Key1 pressed
728.7577 	DATA 	Target detected
729.3076 	DATA 	Keypress: 5
729.3076 	DATA 	TR 468 | TR1 234 | TR2 234
730.8074 	DATA 	
730.8074 	DATA 	Trial complete
730.8074 	DATA 	
730.8741 	DATA 	Keypress: 5
730.8741 	DATA 	Waited 24.347851037979126 seconds for trigger
730.8749 	DATA 	
730.8749 	DATA 	Trial 20
730.8749 	DATA 	stimDur = 24.0
730.8749 	DATA 	jitter = 0.78525
730.8749 	DATA 	restDur = 40.0

730.8749 	DATA 	
730.8749 	DATA 	TR 469 | TR1 235 | TR2 234
731.6739 	DATA 	
731.6740 	DATA 	stimulation started
731.6740 	DATA 	
732.4240 	DATA 	Keypress: 5
732.4241 	DATA 	TR 470 | TR1 235 | TR2 235
733.9905 	DATA 	Keypress: 5
733.9905 	DATA 	TR 471 | TR1 236 | TR2 235
735.5411 	DATA 	Keypress: 5
735.5570 	DATA 	TR 472 | TR1 236 | TR2 236
737.1235 	DATA 	Keypress: 5
737.1236 	DATA 	TR 473 | TR1 237 | TR2 236
738.6735 	DATA 	Keypress: 5
738.6736 	DATA 	TR 474 | TR1 237 | TR2 237
740.2399 	DATA 	Keypress: 5
740.2400 	DATA 	TR 475 | TR1 238 | TR2 237
741.7898 	DATA 	Keypress: 5
741.7898 	DATA 	TR 476 | TR1 238 | TR2 238
743.3730 	DATA 	Keypress: 5
743.3730 	DATA 	TR 477 | TR1 239 | TR2 238
744.9230 	DATA 	Keypress: 5
744.9231 	DATA 	TR 478 | TR1 239 | TR2 239
746.4894 	DATA 	Keypress: 5
746.4895 	DATA 	TR 479 | TR1 240 | TR2 239
748.0392 	DATA 	Keypress: 5
748.0393 	DATA 	TR 480 | TR1 240 | TR2 240
749.6058 	DATA 	Keypress: 5
749.6058 	DATA 	TR 481 | TR1 241 | TR2 240
751.1723 	DATA 	Keypress: 5
751.1723 	DATA 	TR 482 | TR1 241 | TR2 241
752.7388 	DATA 	Keypress: 5
752.7388 	DATA 	TR 483 | TR1 242 | TR2 241
754.2886 	DATA 	Keypress: 5
754.2887 	DATA 	TR 484 | TR1 242 | TR2 242
755.6718 	DATA 	
755.6718 	DATA 	stimulation stopped
755.6718 	DATA 	
755.8551 	DATA 	Keypress: 5
755.8551 	DATA 	TR 485 | TR1 243 | TR2 242
757.4050 	DATA 	Keypress: 5
757.4050 	DATA 	TR 486 | TR1 243 | TR2 243
758.9881 	DATA 	Keypress: 5
758.9882 	DATA 	TR 487 | TR1 244 | TR2 243
760.5380 	DATA 	Keypress: 5
760.5381 	DATA 	TR 488 | TR1 244 | TR2 244
762.1045 	DATA 	Keypress: 5
762.1046 	DATA 	TR 489 | TR1 245 | TR2 244
763.6544 	DATA 	Keypress: 5
763.6545 	DATA 	TR 490 | TR1 245 | TR2 245
765.2376 	DATA 	Keypress: 5
765.2376 	DATA 	TR 491 | TR1 246 | TR2 245
766.7875 	DATA 	Keypress: 5
766.7875 	DATA 	TR 492 | TR1 246 | TR2 246
768.3540 	DATA 	Keypress: 5
768.3540 	DATA 	TR 493 | TR1 247 | TR2 246
769.9038 	DATA 	Keypress: 5
769.9039 	DATA 	TR 494 | TR1 247 | TR2 247
771.4705 	DATA 	Keypress: 5
771.4705 	DATA 	TR 495 | TR1 248 | TR2 247
773.0208 	DATA 	Keypress: 5
773.0368 	DATA 	TR 496 | TR1 248 | TR2 248
774.6034 	DATA 	Keypress: 5
774.6034 	DATA 	TR 497 | TR1 249 | TR2 248
775.5366 	DATA 	Target presented
776.0033 	DATA 	Keypress: 1
776.0033 	DATA 	Key1 pressed
776.0033 	DATA 	Target detected
776.1532 	DATA 	Keypress: 5
776.1533 	DATA 	TR 498 | TR1 249 | TR2 249
777.7198 	DATA 	Keypress: 5
777.7198 	DATA 	TR 499 | TR1 250 | TR2 249
779.2697 	DATA 	Keypress: 5
779.2697 	DATA 	TR 500 | TR1 250 | TR2 250
780.8528 	DATA 	Keypress: 5
780.8529 	DATA 	TR 501 | TR1 251 | TR2 250
782.4027 	DATA 	Keypress: 5
782.4027 	DATA 	TR 502 | TR1 251 | TR2 251
783.9692 	DATA 	Keypress: 5
783.9692 	DATA 	TR 503 | TR1 252 | TR2 251
785.5192 	DATA 	Keypress: 5
785.5192 	DATA 	TR 504 | TR1 252 | TR2 252
787.0863 	DATA 	Keypress: 5
787.1022 	DATA 	TR 505 | TR1 253 | TR2 252
788.6521 	DATA 	Keypress: 5
788.6522 	DATA 	TR 506 | TR1 253 | TR2 253
790.2186 	DATA 	Keypress: 5
790.2187 	DATA 	TR 507 | TR1 254 | TR2 253
791.7685 	DATA 	Keypress: 5
791.7685 	DATA 	TR 508 | TR1 254 | TR2 254
793.3350 	DATA 	Keypress: 5
793.3350 	DATA 	TR 509 | TR1 255 | TR2 254
794.8849 	DATA 	Keypress: 5
794.8849 	DATA 	TR 510 | TR1 255 | TR2 255
795.6681 	DATA 	
795.6681 	DATA 	Trial complete
795.6681 	DATA 	
796.4680 	DATA 	Keypress: 5
796.4681 	DATA 	TR 511 | TR1 256 | TR2 255
798.0179 	DATA 	Keypress: 5
798.0180 	DATA 	TR 512 | TR1 256 | TR2 256
799.5844 	DATA 	Keypress: 5
799.5845 	DATA 	TR 513 | TR1 257 | TR2 256
801.1343 	DATA 	Keypress: 5
801.1344 	DATA 	TR 514 | TR1 257 | TR2 257
802.7176 	DATA 	Keypress: 5
802.7177 	DATA 	TR 515 | TR1 258 | TR2 257
804.2674 	DATA 	Keypress: 5
804.2674 	DATA 	TR 516 | TR1 258 | TR2 258
805.8338 	DATA 	Keypress: 5
805.8339 	DATA 	TR 517 | TR1 259 | TR2 258
807.3837 	DATA 	Keypress: 5
807.3838 	DATA 	TR 518 | TR1 259 | TR2 259
808.9502 	DATA 	Keypress: 5
808.9502 	DATA 	TR 519 | TR1 260 | TR2 259
810.5168 	DATA 	Keypress: 5
810.5168 	DATA 	TR 520 | TR1 260 | TR2 260
812.0833 	DATA 	Keypress: 5
812.0833 	DATA 	TR 521 | TR1 261 | TR2 260
813.6332 	DATA 	Keypress: 5
813.6332 	DATA 	TR 522 | TR1 261 | TR2 261
815.1997 	DATA 	Keypress: 5
815.1997 	DATA 	TR 523 | TR1 262 | TR2 261
816.7495 	DATA 	Keypress: 5
816.7496 	DATA 	TR 524 | TR1 262 | TR2 262
818.3327 	DATA 	Keypress: 5
818.3328 	DATA 	TR 525 | TR1 263 | TR2 262
819.8826 	DATA 	Keypress: 5
819.8826 	DATA 	TR 526 | TR1 263 | TR2 263
820.7491 	DATA 	EndOfRun sub-07_ses-03_run-01

820.7491 	DATA 	We spent 50.18562293052673 seconds waiting for triggers
820.7492 	DATA 	RatioOfDetectedTargets 1.0
820.7492 	DATA 	You have detected 12 out of 12 targets.
825.5714 	DATA 	Keypress: 5
825.5716 	DATA 	Keypress: 5
825.7788 	EXP 	window1: mouseVisible = True
