MonitorDistance=99cm
MonitorWidth=30cm
PixelWidth=1024.0
PixelHeight=768.0
You have detected 11 out of 12 targets.
Well done! Keep up the good work
9.9772 	INFO 	Loaded monitor calibration from ['2021_05_26 17:55']
10.4701 	EXP 	Created window1 = Window(allowGUI=False, allowStencil=False, autoLog=True, backendConf=UNKNOWN, bitsMode=UNKNOWN, blendMode='avg', bpc=(8, 8, 8), color=array([-0.5, -0.5, -0.5]), colorSpace='rgb', depthBits=8, fullscr=<method-wrapper '__getattribute__' of attributeSetter object at 0x7f77ce44b400>, gamma=None, gammaErrorPolicy='raise', lms=UNKNOWN, monitor=<psychopy.monitors.calibTools.Monitor object at 0x7f77c4247048>, multiSample=False, name='window1', numSamples=2, pos=[0.0, 0.0], screen=0, size=array([1024,  768]), stencilBits=0, stereo=False, units='deg', useFBO=False, useRetina=False, viewOri=0.0, viewPos=None, viewScale=None, waitBlanking=True, winType='pyglet')
10.4702 	EXP 	window1: mouseVisible = True
10.5459 	EXP 	Created unnamed TextStim = TextStim(__class__=<class 'psychopy.visual.text.TextStim'>, alignHoriz=method-wrapper(...), alignText='center', alignVert=method-wrapper(...), anchorHoriz='center', anchorVert='center', antialias=True, autoLog=True, bold=False, color=array([1., 1., 1.]), colorSpace='rgb', contrast=1.0, depth=0, flipHoriz=False, flipVert=False, font='', fontFiles=[], height=0.5, italic=False, languageStyle='LTR', name='unnamed TextStim', opacity=1.0, ori=0.0, pos=array([0., 0.]), rgb=UNKNOWN, text=str(...), units='deg', win=Window(...), wrapWidth=15.0)
10.5765 	EXP 	Created Movie Frame 0 = ImageStim(__class__=<class 'psychopy.visual.image.ImageStim'>, autoLog=True, color=array([0.8, 0.8, 0.8]), colorSpace='rgb', contrast=0.8, depth=0, flipHoriz=False, flipVert=False, image='visual_0.png', interpolate=False, mask=None, maskParams=None, name='Movie Frame 0', opacity=1, ori=0.0, pos=array([0., 0.]), size=array([1024,  768]), texRes=128, units='pix', win=Window(...))
10.6000 	EXP 	Created Movie Frame 1 = ImageStim(__class__=<class 'psychopy.visual.image.ImageStim'>, autoLog=True, color=array([0.8, 0.8, 0.8]), colorSpace='rgb', contrast=0.8, depth=0, flipHoriz=False, flipVert=False, image='visual_1.png', interpolate=False, mask=None, maskParams=None, name='Movie Frame 1', opacity=1, ori=0.0, pos=array([0., 0.]), size=array([1024,  768]), texRes=128, units='pix', win=Window(...))
39.4821 	DATA 	Keypress: 5
0.0000 	DATA 	StartOfRun sub-07_ses-03_run-02
0.0000 	DATA 	TR 1 | TR1 1 | TR2 0
0.0117 	DATA 	Initial baseline

1.5502 	DATA 	Keypress: 5
1.5502 	DATA 	TR 2 | TR1 1 | TR2 1
3.1223 	DATA 	Keypress: 5
3.1224 	DATA 	TR 3 | TR1 2 | TR2 1
4.6734 	DATA 	Keypress: 5
4.6734 	DATA 	TR 4 | TR1 2 | TR2 2
6.2456 	DATA 	Keypress: 5
6.2456 	DATA 	TR 5 | TR1 3 | TR2 2
7.7969 	DATA 	Keypress: 5
7.7970 	DATA 	TR 6 | TR1 3 | TR2 3
9.3691 	DATA 	Keypress: 5
9.3692 	DATA 	TR 7 | TR1 4 | TR2 3
10.9204 	DATA 	Keypress: 5
10.9204 	DATA 	TR 8 | TR1 4 | TR2 4
12.4925 	DATA 	Keypress: 5
12.4926 	DATA 	TR 9 | TR1 5 | TR2 4
14.0437 	DATA 	Keypress: 5
14.0437 	DATA 	TR 10 | TR1 5 | TR2 5
15.6160 	DATA 	Keypress: 5
15.6160 	DATA 	TR 11 | TR1 6 | TR2 5
17.1671 	DATA 	Keypress: 5
17.1672 	DATA 	TR 12 | TR1 6 | TR2 6
18.7393 	DATA 	Keypress: 5
18.7393 	DATA 	TR 13 | TR1 7 | TR2 6
20.2904 	DATA 	Keypress: 5
20.2904 	DATA 	TR 14 | TR1 7 | TR2 7
21.8627 	DATA 	Keypress: 5
21.8627 	DATA 	TR 15 | TR1 8 | TR2 7
23.4139 	DATA 	Keypress: 5
23.4139 	DATA 	TR 16 | TR1 8 | TR2 8
24.9861 	DATA 	Keypress: 5
24.9861 	DATA 	TR 17 | TR1 9 | TR2 8
26.5373 	DATA 	Keypress: 5
26.5373 	DATA 	TR 18 | TR1 9 | TR2 9
28.1094 	DATA 	Keypress: 5
28.1095 	DATA 	TR 19 | TR1 10 | TR2 9
29.6608 	DATA 	Keypress: 5
29.6608 	DATA 	TR 20 | TR1 10 | TR2 10
31.2437 	DATA 	Keypress: 5
31.2438 	DATA 	Waited 1.243798017501831 seconds for trigger
31.2452 	DATA 	
31.2452 	DATA 	Trial 1
31.2452 	DATA 	stimDur = 24.0
31.2452 	DATA 	jitter = 2.35575
31.2452 	DATA 	restDur = 40.0

31.2452 	DATA 	
31.2453 	DATA 	TR 21 | TR1 11 | TR2 10
32.7936 	DATA 	Keypress: 5
32.7937 	DATA 	TR 22 | TR1 11 | TR2 11
33.6102 	DATA 	
33.6102 	DATA 	stimulation started
33.6102 	DATA 	
34.3602 	DATA 	Keypress: 5
34.3602 	DATA 	TR 23 | TR1 12 | TR2 11
35.9101 	DATA 	Keypress: 5
35.9101 	DATA 	TR 24 | TR1 12 | TR2 12
37.4934 	DATA 	Keypress: 5
37.4934 	DATA 	TR 25 | TR1 13 | TR2 12
39.0431 	DATA 	Keypress: 5
39.0432 	DATA 	TR 26 | TR1 13 | TR2 13
40.6096 	DATA 	Keypress: 5
40.6097 	DATA 	TR 27 | TR1 14 | TR2 13
42.1595 	DATA 	Keypress: 5
42.1596 	DATA 	TR 28 | TR1 14 | TR2 14
43.7260 	DATA 	Keypress: 5
43.7260 	DATA 	TR 29 | TR1 15 | TR2 14
45.2925 	DATA 	Keypress: 5
45.2926 	DATA 	TR 30 | TR1 15 | TR2 15
46.8590 	DATA 	Keypress: 5
46.8591 	DATA 	TR 31 | TR1 16 | TR2 15
48.4090 	DATA 	Keypress: 5
48.4090 	DATA 	TR 32 | TR1 16 | TR2 16
49.9754 	DATA 	Keypress: 5
49.9755 	DATA 	TR 33 | TR1 17 | TR2 16
51.5253 	DATA 	Keypress: 5
51.5254 	DATA 	TR 34 | TR1 17 | TR2 17
53.1085 	DATA 	Keypress: 5
53.1085 	DATA 	TR 35 | TR1 18 | TR2 17
54.6584 	DATA 	Keypress: 5
54.6584 	DATA 	TR 36 | TR1 18 | TR2 18
56.2249 	DATA 	Keypress: 5
56.2250 	DATA 	TR 37 | TR1 19 | TR2 18
57.6080 	DATA 	
57.6081 	DATA 	stimulation stopped
57.6081 	DATA 	
57.7747 	DATA 	Keypress: 5
57.7748 	DATA 	TR 38 | TR1 19 | TR2 19
59.3580 	DATA 	Keypress: 5
59.3581 	DATA 	TR 39 | TR1 20 | TR2 19
60.9077 	DATA 	Keypress: 5
60.9078 	DATA 	TR 40 | TR1 20 | TR2 20
62.4743 	DATA 	Keypress: 5
62.4743 	DATA 	TR 41 | TR1 21 | TR2 20
64.0242 	DATA 	Keypress: 5
64.0242 	DATA 	TR 42 | TR1 21 | TR2 21
65.5907 	DATA 	Keypress: 5
65.5907 	DATA 	TR 43 | TR1 22 | TR2 21
67.1572 	DATA 	Keypress: 5
67.1573 	DATA 	TR 44 | TR1 22 | TR2 22
68.7237 	DATA 	Keypress: 5
68.7237 	DATA 	TR 45 | TR1 23 | TR2 22
70.2736 	DATA 	Keypress: 5
70.2736 	DATA 	TR 46 | TR1 23 | TR2 23
71.8401 	DATA 	Keypress: 5
71.8401 	DATA 	TR 47 | TR1 24 | TR2 23
73.3900 	DATA 	Keypress: 5
73.3900 	DATA 	TR 48 | TR1 24 | TR2 24
74.9731 	DATA 	Keypress: 5
74.9732 	DATA 	TR 49 | TR1 25 | TR2 24
76.5230 	DATA 	Keypress: 5
76.5230 	DATA 	TR 50 | TR1 25 | TR2 25
78.0895 	DATA 	Keypress: 5
78.0896 	DATA 	TR 51 | TR1 26 | TR2 25
79.6394 	DATA 	Keypress: 5
79.6395 	DATA 	TR 52 | TR1 26 | TR2 26
81.2065 	DATA 	Keypress: 5
81.2226 	DATA 	TR 53 | TR1 27 | TR2 26
82.7724 	DATA 	Keypress: 5
82.7725 	DATA 	TR 54 | TR1 27 | TR2 27
84.3389 	DATA 	Keypress: 5
84.3390 	DATA 	TR 55 | TR1 28 | TR2 27
85.8888 	DATA 	Keypress: 5
85.8889 	DATA 	TR 56 | TR1 28 | TR2 28
87.4553 	DATA 	Keypress: 5
87.4554 	DATA 	TR 57 | TR1 29 | TR2 28
89.0052 	DATA 	Keypress: 5
89.0052 	DATA 	TR 58 | TR1 29 | TR2 29
90.5884 	DATA 	Keypress: 5
90.5884 	DATA 	TR 59 | TR1 30 | TR2 29
92.1383 	DATA 	Keypress: 5
92.1383 	DATA 	TR 60 | TR1 30 | TR2 30
92.7882 	DATA 	Target presented
93.3715 	DATA 	Keypress: 1
93.3715 	DATA 	Key1 pressed
93.3715 	DATA 	Target detected
93.7048 	DATA 	Keypress: 5
93.7049 	DATA 	TR 61 | TR1 31 | TR2 30
95.2546 	DATA 	Keypress: 5
95.2547 	DATA 	TR 62 | TR1 31 | TR2 31
96.8381 	DATA 	Keypress: 5
96.8382 	DATA 	TR 63 | TR1 32 | TR2 31
97.6044 	DATA 	
97.6044 	DATA 	Trial complete
97.6044 	DATA 	Waiting for VASO trigger to start next trial
97.6044 	DATA 	
98.3877 	DATA 	Keypress: 5
98.3877 	DATA 	TR 64 | TR1 32 | TR2 32
99.9542 	DATA 	Keypress: 5
99.9543 	DATA 	Waited 2.349848985671997 seconds for trigger
99.9550 	DATA 	
99.9550 	DATA 	Trial 2
99.9550 	DATA 	stimDur = 12.0
99.9550 	DATA 	jitter = 0.0
99.9551 	DATA 	restDur = 30.0

99.9551 	DATA 	
99.9551 	DATA 	TR 65 | TR1 33 | TR2 32
99.9551 	DATA 	
99.9551 	DATA 	stimulation started
99.9551 	DATA 	
101.5041 	DATA 	Keypress: 5
101.5042 	DATA 	TR 66 | TR1 33 | TR2 33
103.0707 	DATA 	Keypress: 5
103.0707 	DATA 	TR 67 | TR1 34 | TR2 33
104.6212 	DATA 	Keypress: 5
104.6371 	DATA 	TR 68 | TR1 34 | TR2 34
106.2037 	DATA 	Keypress: 5
106.2038 	DATA 	TR 69 | TR1 35 | TR2 34
107.7536 	DATA 	Keypress: 5
107.7536 	DATA 	TR 70 | TR1 35 | TR2 35
109.3201 	DATA 	Keypress: 5
109.3202 	DATA 	TR 71 | TR1 36 | TR2 35
110.8699 	DATA 	Keypress: 5
110.8699 	DATA 	TR 72 | TR1 36 | TR2 36
111.9700 	DATA 	
111.9700 	DATA 	stimulation stopped
111.9700 	DATA 	
112.4531 	DATA 	Keypress: 5
112.4532 	DATA 	TR 73 | TR1 37 | TR2 36
114.0029 	DATA 	Keypress: 5
114.0030 	DATA 	TR 74 | TR1 37 | TR2 37
115.5695 	DATA 	Keypress: 5
115.5695 	DATA 	TR 75 | TR1 38 | TR2 37
117.1194 	DATA 	Keypress: 5
117.1194 	DATA 	TR 76 | TR1 38 | TR2 38
118.7025 	DATA 	Keypress: 5
118.7026 	DATA 	TR 77 | TR1 39 | TR2 38
120.2524 	DATA 	Keypress: 5
120.2524 	DATA 	TR 78 | TR1 39 | TR2 39
121.8189 	DATA 	Keypress: 5
121.8190 	DATA 	TR 79 | TR1 40 | TR2 39
123.3687 	DATA 	Keypress: 5
123.3688 	DATA 	TR 80 | TR1 40 | TR2 40
124.9353 	DATA 	Keypress: 5
124.9353 	DATA 	TR 81 | TR1 41 | TR2 40
126.4852 	DATA 	Keypress: 5
126.4852 	DATA 	TR 82 | TR1 41 | TR2 41
128.0683 	DATA 	Keypress: 5
128.0684 	DATA 	TR 83 | TR1 42 | TR2 41
129.6182 	DATA 	Keypress: 5
129.6182 	DATA 	TR 84 | TR1 42 | TR2 42
131.1847 	DATA 	Keypress: 5
131.1848 	DATA 	TR 85 | TR1 43 | TR2 42
132.7346 	DATA 	Keypress: 5
132.7346 	DATA 	TR 86 | TR1 43 | TR2 43
134.0513 	DATA 	Target presented
134.3179 	DATA 	Keypress: 5
134.3179 	DATA 	TR 87 | TR1 44 | TR2 43
134.6512 	DATA 	Keypress: 1
134.6512 	DATA 	Key1 pressed
134.6512 	DATA 	Target detected
135.8676 	DATA 	Keypress: 5
135.8676 	DATA 	TR 88 | TR1 44 | TR2 44
137.4341 	DATA 	Keypress: 5
137.4342 	DATA 	TR 89 | TR1 45 | TR2 44
138.9840 	DATA 	Keypress: 5
138.9840 	DATA 	TR 90 | TR1 45 | TR2 45
140.5512 	DATA 	Keypress: 5
140.5671 	DATA 	TR 91 | TR1 46 | TR2 45
141.9670 	DATA 	
141.9670 	DATA 	Trial complete
141.9670 	DATA 	Waiting for VASO trigger to start next trial
141.9670 	DATA 	
142.1170 	DATA 	Keypress: 5
142.1171 	DATA 	TR 92 | TR1 46 | TR2 46
143.6836 	DATA 	Keypress: 5
143.6836 	DATA 	Waited 1.7165961265563965 seconds for trigger
143.6844 	DATA 	
143.6844 	DATA 	Trial 3
143.6844 	DATA 	stimDur = 24.0
143.6844 	DATA 	jitter = 1.5705
143.6844 	DATA 	restDur = 40.0

143.6844 	DATA 	
143.6844 	DATA 	TR 93 | TR1 47 | TR2 46
145.2334 	DATA 	Keypress: 5
145.2335 	DATA 	TR 94 | TR1 47 | TR2 47
145.2667 	DATA 	
145.2667 	DATA 	stimulation started
145.2667 	DATA 	
146.8000 	DATA 	Keypress: 5
146.8001 	DATA 	TR 95 | TR1 48 | TR2 47
148.3499 	DATA 	Keypress: 5
148.3499 	DATA 	TR 96 | TR1 48 | TR2 48
149.9331 	DATA 	Keypress: 5
149.9331 	DATA 	TR 97 | TR1 49 | TR2 48
151.4829 	DATA 	Keypress: 5
151.4829 	DATA 	TR 98 | TR1 49 | TR2 49
153.0495 	DATA 	Keypress: 5
153.0495 	DATA 	TR 99 | TR1 50 | TR2 49
154.5993 	DATA 	Keypress: 5
154.5993 	DATA 	TR 100 | TR1 50 | TR2 50
156.1825 	DATA 	Keypress: 5
156.1825 	DATA 	TR 101 | TR1 51 | TR2 50
157.7323 	DATA 	Keypress: 5
157.7324 	DATA 	TR 102 | TR1 51 | TR2 51
159.2989 	DATA 	Keypress: 5
159.2989 	DATA 	TR 103 | TR1 52 | TR2 51
160.8487 	DATA 	Keypress: 5
160.8487 	DATA 	TR 104 | TR1 52 | TR2 52
162.4153 	DATA 	Keypress: 5
162.4153 	DATA 	TR 105 | TR1 53 | TR2 52
163.9658 	DATA 	Keypress: 5
163.9817 	DATA 	TR 106 | TR1 53 | TR2 53
165.5483 	DATA 	Keypress: 5
165.5483 	DATA 	TR 107 | TR1 54 | TR2 53
167.0981 	DATA 	Keypress: 5
167.0982 	DATA 	TR 108 | TR1 54 | TR2 54
168.6647 	DATA 	Keypress: 5
168.6647 	DATA 	TR 109 | TR1 55 | TR2 54
169.2646 	DATA 	
169.2646 	DATA 	stimulation stopped
169.2646 	DATA 	
170.2144 	DATA 	Keypress: 5
170.2145 	DATA 	TR 110 | TR1 55 | TR2 55
171.7978 	DATA 	Keypress: 5
171.7978 	DATA 	TR 111 | TR1 56 | TR2 55
173.3475 	DATA 	Keypress: 5
173.3475 	DATA 	TR 112 | TR1 56 | TR2 56
174.9141 	DATA 	Keypress: 5
174.9141 	DATA 	TR 113 | TR1 57 | TR2 56
176.4639 	DATA 	Keypress: 5
176.4639 	DATA 	TR 114 | TR1 57 | TR2 57
178.0305 	DATA 	Keypress: 5
178.0305 	DATA 	TR 115 | TR1 58 | TR2 57
179.5969 	DATA 	Keypress: 5
179.5970 	DATA 	TR 116 | TR1 58 | TR2 58
181.1635 	DATA 	Keypress: 5
181.1635 	DATA 	TR 117 | TR1 59 | TR2 58
182.7133 	DATA 	Keypress: 5
182.7134 	DATA 	TR 118 | TR1 59 | TR2 59
184.2799 	DATA 	Keypress: 5
184.2799 	DATA 	TR 119 | TR1 60 | TR2 59
185.8297 	DATA 	Keypress: 5
185.8297 	DATA 	TR 120 | TR1 60 | TR2 60
187.4129 	DATA 	Keypress: 5
187.4130 	DATA 	TR 121 | TR1 61 | TR2 60
188.9627 	DATA 	Keypress: 5
188.9628 	DATA 	TR 122 | TR1 61 | TR2 61
190.5293 	DATA 	Keypress: 5
190.5293 	DATA 	TR 123 | TR1 62 | TR2 61
190.6126 	DATA 	Target presented
191.7793 	DATA 	Keypress: 1
191.7793 	DATA 	Key1 pressed
191.7793 	DATA 	Target detected
192.0791 	DATA 	Keypress: 5
192.0791 	DATA 	TR 124 | TR1 62 | TR2 62
193.6623 	DATA 	Keypress: 5
193.6624 	DATA 	TR 125 | TR1 63 | TR2 62
195.2122 	DATA 	Keypress: 5
195.2122 	DATA 	TR 126 | TR1 63 | TR2 63
196.7787 	DATA 	Keypress: 5
196.7788 	DATA 	TR 127 | TR1 64 | TR2 63
198.3285 	DATA 	Keypress: 5
198.3286 	DATA 	TR 128 | TR1 64 | TR2 64
199.8952 	DATA 	Keypress: 5
199.8952 	DATA 	TR 129 | TR1 65 | TR2 64
201.4616 	DATA 	Keypress: 5
201.4616 	DATA 	TR 130 | TR1 65 | TR2 65
203.0281 	DATA 	Keypress: 5
203.0282 	DATA 	TR 131 | TR1 66 | TR2 65
204.5778 	DATA 	Keypress: 5
204.5779 	DATA 	TR 132 | TR1 66 | TR2 66
206.1445 	DATA 	Keypress: 5
206.1446 	DATA 	TR 133 | TR1 67 | TR2 66
207.6944 	DATA 	Keypress: 5
207.6944 	DATA 	TR 134 | TR1 67 | TR2 67
209.2608 	DATA 	
209.2609 	DATA 	Trial complete
209.2609 	DATA 	Waiting for VASO trigger to start next trial
209.2609 	DATA 	
209.2776 	DATA 	Keypress: 5
209.2776 	DATA 	Waited 0.016744136810302734 seconds for trigger
209.2784 	DATA 	
209.2784 	DATA 	Trial 4
209.2784 	DATA 	stimDur = 1.0
209.2784 	DATA 	jitter = 2.35575
209.2784 	DATA 	restDur = 20.0

209.2784 	DATA 	
209.2784 	DATA 	TR 135 | TR1 68 | TR2 67
210.8274 	DATA 	Keypress: 5
210.8274 	DATA 	TR 136 | TR1 68 | TR2 68
211.6440 	DATA 	
211.6440 	DATA 	stimulation started
211.6440 	DATA 	
212.3940 	DATA 	Keypress: 5
212.3941 	DATA 	TR 137 | TR1 69 | TR2 68
212.6439 	DATA 	
212.6439 	DATA 	stimulation stopped
212.6439 	DATA 	
213.9438 	DATA 	Keypress: 5
213.9439 	DATA 	TR 138 | TR1 69 | TR2 69
215.5109 	DATA 	Keypress: 5
215.5269 	DATA 	TR 139 | TR1 70 | TR2 69
217.0768 	DATA 	Keypress: 5
217.0769 	DATA 	TR 140 | TR1 70 | TR2 70
218.6434 	DATA 	Keypress: 5
218.6434 	DATA 	TR 141 | TR1 71 | TR2 70
220.1933 	DATA 	Keypress: 5
220.1934 	DATA 	TR 142 | TR1 71 | TR2 71
221.7598 	DATA 	Keypress: 5
221.7598 	DATA 	TR 143 | TR1 72 | TR2 71
223.3096 	DATA 	Keypress: 5
223.3096 	DATA 	TR 144 | TR1 72 | TR2 72
224.8928 	DATA 	Keypress: 5
224.8928 	DATA 	TR 145 | TR1 73 | TR2 72
226.4426 	DATA 	Keypress: 5
226.4427 	DATA 	TR 146 | TR1 73 | TR2 73
228.0092 	DATA 	Keypress: 5
228.0093 	DATA 	TR 147 | TR1 74 | TR2 73
229.5590 	DATA 	Keypress: 5
229.5590 	DATA 	TR 148 | TR1 74 | TR2 74
231.1422 	DATA 	Keypress: 5
231.1423 	DATA 	TR 149 | TR1 75 | TR2 74
232.6420 	DATA 	
232.6420 	DATA 	Trial complete
232.6420 	DATA 	Waiting for VASO trigger to start next trial
232.6420 	DATA 	
232.6920 	DATA 	Keypress: 5
232.6921 	DATA 	TR 150 | TR1 75 | TR2 75
234.2587 	DATA 	Keypress: 5
234.2587 	DATA 	Waited 1.6166698932647705 seconds for trigger
234.2595 	DATA 	
234.2595 	DATA 	Trial 5
234.2595 	DATA 	stimDur = 12.0
234.2595 	DATA 	jitter = 0.78525
234.2595 	DATA 	restDur = 30.0

234.2595 	DATA 	
234.2595 	DATA 	TR 151 | TR1 76 | TR2 75
235.0585 	DATA 	
235.0585 	DATA 	stimulation started
235.0585 	DATA 	
235.8085 	DATA 	Keypress: 5
235.8085 	DATA 	TR 152 | TR1 76 | TR2 76
237.3752 	DATA 	Keypress: 5
237.3753 	DATA 	TR 153 | TR1 77 | TR2 76
238.9256 	DATA 	Keypress: 5
238.9415 	DATA 	TR 154 | TR1 77 | TR2 77
240.5081 	DATA 	Keypress: 5
240.5081 	DATA 	TR 155 | TR1 78 | TR2 77
242.0579 	DATA 	Keypress: 5
242.0580 	DATA 	TR 156 | TR1 78 | TR2 78
243.4911 	DATA 	Target presented
243.6245 	DATA 	Keypress: 5
243.6245 	DATA 	TR 157 | TR1 79 | TR2 78
243.9744 	DATA 	Keypress: 1
243.9744 	DATA 	Key1 pressed
243.9745 	DATA 	Target detected
245.1743 	DATA 	Keypress: 5
245.1743 	DATA 	TR 158 | TR1 79 | TR2 79
246.7575 	DATA 	Keypress: 5
246.7576 	DATA 	TR 159 | TR1 80 | TR2 79
247.0574 	DATA 	
247.0574 	DATA 	stimulation stopped
247.0574 	DATA 	
248.3073 	DATA 	Keypress: 5
248.3073 	DATA 	TR 160 | TR1 80 | TR2 80
249.8740 	DATA 	Keypress: 5
249.8740 	DATA 	TR 161 | TR1 81 | TR2 80
251.4237 	DATA 	Keypress: 5
251.4237 	DATA 	TR 162 | TR1 81 | TR2 81
253.0069 	DATA 	Keypress: 5
253.0069 	DATA 	TR 163 | TR1 82 | TR2 81
254.5567 	DATA 	Keypress: 5
254.5568 	DATA 	TR 164 | TR1 82 | TR2 82
256.1233 	DATA 	Keypress: 5
256.1233 	DATA 	TR 165 | TR1 83 | TR2 82
257.6731 	DATA 	Keypress: 5
257.6731 	DATA 	TR 166 | TR1 83 | TR2 83
259.2397 	DATA 	Keypress: 5
259.2397 	DATA 	TR 167 | TR1 84 | TR2 83
260.7896 	DATA 	Keypress: 5
260.7896 	DATA 	TR 168 | TR1 84 | TR2 84
262.3727 	DATA 	Keypress: 5
262.3727 	DATA 	TR 169 | TR1 85 | TR2 84
263.9225 	DATA 	Keypress: 5
263.9226 	DATA 	TR 170 | TR1 85 | TR2 85
265.4891 	DATA 	Keypress: 5
265.4891 	DATA 	TR 171 | TR1 86 | TR2 85
267.0389 	DATA 	Keypress: 5
267.0389 	DATA 	TR 172 | TR1 86 | TR2 86
268.6221 	DATA 	Keypress: 5
268.6222 	DATA 	TR 173 | TR1 87 | TR2 86
270.1719 	DATA 	Keypress: 5
270.1720 	DATA 	TR 174 | TR1 87 | TR2 87
271.7385 	DATA 	Keypress: 5
271.7385 	DATA 	TR 175 | TR1 88 | TR2 87
273.2883 	DATA 	Keypress: 5
273.2884 	DATA 	TR 176 | TR1 88 | TR2 88
274.8555 	DATA 	Keypress: 5
274.8715 	DATA 	TR 177 | TR1 89 | TR2 88
276.4214 	DATA 	Keypress: 5
276.4214 	DATA 	TR 178 | TR1 89 | TR2 89
277.0546 	DATA 	
277.0546 	DATA 	Trial complete
277.0546 	DATA 	Waiting for VASO trigger to start next trial
277.0546 	DATA 	
277.9879 	DATA 	Keypress: 5
277.9880 	DATA 	Waited 0.9333670139312744 seconds for trigger
277.9888 	DATA 	
277.9888 	DATA 	Trial 6
277.9888 	DATA 	stimDur = 2.0
277.9888 	DATA 	jitter = 0.78525
277.9888 	DATA 	restDur = 22.0

277.9888 	DATA 	
277.9888 	DATA 	TR 179 | TR1 90 | TR2 89
278.7878 	DATA 	
278.7878 	DATA 	stimulation started
278.7878 	DATA 	
279.5379 	DATA 	Keypress: 5
279.5380 	DATA 	TR 180 | TR1 90 | TR2 90
280.7877 	DATA 	
280.7877 	DATA 	stimulation stopped
280.7877 	DATA 	
281.1043 	DATA 	Keypress: 5
281.1044 	DATA 	TR 181 | TR1 91 | TR2 90
282.6541 	DATA 	Keypress: 5
282.6542 	DATA 	TR 182 | TR1 91 | TR2 91
284.2373 	DATA 	Keypress: 5
284.2374 	DATA 	TR 183 | TR1 92 | TR2 91
285.7872 	DATA 	Keypress: 5
285.7872 	DATA 	TR 184 | TR1 92 | TR2 92
287.3537 	DATA 	Keypress: 5
287.3538 	DATA 	TR 185 | TR1 93 | TR2 92
288.9036 	DATA 	Keypress: 5
288.9036 	DATA 	TR 186 | TR1 93 | TR2 93
290.4869 	DATA 	Keypress: 5
290.4869 	DATA 	TR 187 | TR1 94 | TR2 93
292.0366 	DATA 	Keypress: 5
292.0366 	DATA 	TR 188 | TR1 94 | TR2 94
293.6033 	DATA 	Keypress: 5
293.6034 	DATA 	TR 189 | TR1 95 | TR2 94
295.1530 	DATA 	Keypress: 5
295.1530 	DATA 	TR 190 | TR1 95 | TR2 95
296.7195 	DATA 	Keypress: 5
296.7196 	DATA 	TR 191 | TR1 96 | TR2 95
298.2700 	DATA 	Keypress: 5
298.2860 	DATA 	TR 192 | TR1 96 | TR2 96
299.8526 	DATA 	Keypress: 5
299.8526 	DATA 	TR 193 | TR1 97 | TR2 96
301.4024 	DATA 	Keypress: 5
301.4025 	DATA 	TR 194 | TR1 97 | TR2 97
302.7857 	DATA 	
302.7857 	DATA 	Trial complete
302.7858 	DATA 	Waiting for VASO trigger to start next trial
302.7858 	DATA 	
302.9690 	DATA 	Keypress: 5
302.9690 	DATA 	Waited 0.1832590103149414 seconds for trigger
302.9698 	DATA 	
302.9698 	DATA 	Trial 7
302.9698 	DATA 	stimDur = 2.0
302.9698 	DATA 	jitter = 0.0
302.9698 	DATA 	restDur = 22.0

302.9698 	DATA 	
302.9698 	DATA 	TR 195 | TR1 98 | TR2 97
302.9698 	DATA 	
302.9698 	DATA 	stimulation started
302.9698 	DATA 	
304.5188 	DATA 	Keypress: 5
304.5189 	DATA 	TR 196 | TR1 98 | TR2 98
304.9855 	DATA 	
304.9855 	DATA 	stimulation stopped
304.9855 	DATA 	
306.1020 	DATA 	Keypress: 5
306.1021 	DATA 	TR 197 | TR1 99 | TR2 98
307.6518 	DATA 	Keypress: 5
307.6519 	DATA 	TR 198 | TR1 99 | TR2 99
309.2184 	DATA 	Keypress: 5
309.2184 	DATA 	TR 199 | TR1 100 | TR2 99
310.7682 	DATA 	Keypress: 5
310.7683 	DATA 	TR 200 | TR1 100 | TR2 100
312.3348 	DATA 	Keypress: 5
312.3348 	DATA 	TR 201 | TR1 101 | TR2 100
313.9013 	DATA 	Keypress: 5
313.9013 	DATA 	TR 202 | TR1 101 | TR2 101
315.4678 	DATA 	Keypress: 5
315.4679 	DATA 	TR 203 | TR1 102 | TR2 101
317.0176 	DATA 	Keypress: 5
317.0177 	DATA 	TR 204 | TR1 102 | TR2 102
318.5841 	DATA 	Keypress: 5
318.5841 	DATA 	TR 205 | TR1 103 | TR2 102
318.6008 	DATA 	Target presented
319.1014 	DATA 	Keypress: 1
319.1175 	DATA 	Key1 pressed
319.1175 	DATA 	Target detected
320.1340 	DATA 	Keypress: 5
320.1341 	DATA 	TR 206 | TR1 103 | TR2 103
321.7172 	DATA 	Keypress: 5
321.7172 	DATA 	TR 207 | TR1 104 | TR2 103
323.2671 	DATA 	Keypress: 5
323.2672 	DATA 	TR 208 | TR1 104 | TR2 104
324.8337 	DATA 	Keypress: 5
324.8338 	DATA 	TR 209 | TR1 105 | TR2 104
326.3835 	DATA 	Keypress: 5
326.3836 	DATA 	TR 210 | TR1 105 | TR2 105
326.9833 	DATA 	
326.9833 	DATA 	Trial complete
326.9833 	DATA 	Waiting for VASO trigger to start next trial
326.9833 	DATA 	
327.9667 	DATA 	Keypress: 5
327.9667 	DATA 	Waited 0.9834120273590088 seconds for trigger
327.9675 	DATA 	
327.9675 	DATA 	Trial 8
327.9675 	DATA 	stimDur = 2.0
327.9675 	DATA 	jitter = 1.5705
327.9675 	DATA 	restDur = 22.0

327.9675 	DATA 	
327.9675 	DATA 	TR 211 | TR1 106 | TR2 105
329.5166 	DATA 	Keypress: 5
329.5166 	DATA 	TR 212 | TR1 106 | TR2 106
329.5498 	DATA 	
329.5498 	DATA 	stimulation started
329.5498 	DATA 	
331.0831 	DATA 	Keypress: 5
331.0831 	DATA 	TR 213 | TR1 107 | TR2 106
331.5498 	DATA 	
331.5499 	DATA 	stimulation stopped
331.5499 	DATA 	
332.6329 	DATA 	Keypress: 5
332.6330 	DATA 	TR 214 | TR1 107 | TR2 107
334.1994 	DATA 	Keypress: 5
334.1995 	DATA 	TR 215 | TR1 108 | TR2 107
335.7500 	DATA 	Keypress: 5
335.7659 	DATA 	TR 216 | TR1 108 | TR2 108
337.3324 	DATA 	Keypress: 5
337.3325 	DATA 	TR 217 | TR1 109 | TR2 108
338.8824 	DATA 	Keypress: 5
338.8824 	DATA 	TR 218 | TR1 109 | TR2 109
340.4488 	DATA 	Keypress: 5
340.4489 	DATA 	TR 219 | TR1 110 | TR2 109
341.9987 	DATA 	Keypress: 5
341.9988 	DATA 	TR 220 | TR1 110 | TR2 110
343.5819 	DATA 	Keypress: 5
343.5819 	DATA 	TR 221 | TR1 111 | TR2 110
345.1318 	DATA 	Keypress: 5
345.1318 	DATA 	TR 222 | TR1 111 | TR2 111
346.6982 	DATA 	Keypress: 5
346.6983 	DATA 	TR 223 | TR1 112 | TR2 111
348.2481 	DATA 	Keypress: 5
348.2482 	DATA 	TR 224 | TR1 112 | TR2 112
349.8152 	DATA 	Keypress: 5
349.8313 	DATA 	TR 225 | TR1 113 | TR2 112
351.3812 	DATA 	Keypress: 5
351.3812 	DATA 	TR 226 | TR1 113 | TR2 113
352.9477 	DATA 	Keypress: 5
352.9477 	DATA 	TR 227 | TR1 114 | TR2 113
353.5476 	DATA 	
353.5476 	DATA 	Trial complete
353.5476 	DATA 	Waiting for VASO trigger to start next trial
353.5476 	DATA 	
354.4977 	DATA 	Keypress: 5
354.4978 	DATA 	TR 228 | TR1 114 | TR2 114
356.0641 	DATA 	Keypress: 5
356.0641 	DATA 	Waited 2.5164990425109863 seconds for trigger
356.0649 	DATA 	
356.0649 	DATA 	Trial 9
356.0649 	DATA 	stimDur = 12.0
356.0649 	DATA 	jitter = 1.5705
356.0649 	DATA 	restDur = 30.0

356.0649 	DATA 	
356.0649 	DATA 	TR 229 | TR1 115 | TR2 114
357.6140 	DATA 	Keypress: 5
357.6140 	DATA 	TR 230 | TR1 115 | TR2 115
357.6472 	DATA 	
357.6472 	DATA 	stimulation started
357.6472 	DATA 	
359.1972 	DATA 	Keypress: 5
359.1972 	DATA 	TR 231 | TR1 116 | TR2 115
360.7471 	DATA 	Keypress: 5
360.7471 	DATA 	TR 232 | TR1 116 | TR2 116
362.3136 	DATA 	Keypress: 5
362.3136 	DATA 	TR 233 | TR1 117 | TR2 116
363.8634 	DATA 	Keypress: 5
363.8635 	DATA 	TR 234 | TR1 117 | TR2 117
364.9300 	DATA 	Target presented
365.3633 	DATA 	Keypress: 1
365.3633 	DATA 	Key1 pressed
365.3633 	DATA 	Target detected
365.4466 	DATA 	Keypress: 5
365.4466 	DATA 	TR 235 | TR1 118 | TR2 117
366.9965 	DATA 	Keypress: 5
366.9965 	DATA 	TR 236 | TR1 118 | TR2 118
368.5630 	DATA 	Keypress: 5
368.5630 	DATA 	TR 237 | TR1 119 | TR2 118
369.6462 	DATA 	
369.6462 	DATA 	stimulation stopped
369.6462 	DATA 	
370.1128 	DATA 	Keypress: 5
370.1128 	DATA 	TR 238 | TR1 119 | TR2 119
371.6794 	DATA 	Keypress: 5
371.6794 	DATA 	TR 239 | TR1 120 | TR2 119
373.2459 	DATA 	Keypress: 5
373.2459 	DATA 	TR 240 | TR1 120 | TR2 120
374.8123 	DATA 	Keypress: 5
374.8124 	DATA 	TR 241 | TR1 121 | TR2 120
376.3622 	DATA 	Keypress: 5
376.3623 	DATA 	TR 242 | TR1 121 | TR2 121
377.9287 	DATA 	Keypress: 5
377.9288 	DATA 	TR 243 | TR1 122 | TR2 121
379.4785 	DATA 	Keypress: 5
379.4785 	DATA 	TR 244 | TR1 122 | TR2 122
381.0619 	DATA 	Keypress: 5
381.0619 	DATA 	TR 245 | TR1 123 | TR2 122
382.6117 	DATA 	Keypress: 5
382.6117 	DATA 	TR 246 | TR1 123 | TR2 123
384.1781 	DATA 	Keypress: 5
384.1782 	DATA 	TR 247 | TR1 124 | TR2 123
385.7280 	DATA 	Keypress: 5
385.7281 	DATA 	TR 248 | TR1 124 | TR2 124
387.3112 	DATA 	Keypress: 5
387.3112 	DATA 	TR 249 | TR1 125 | TR2 124
388.8611 	DATA 	Keypress: 5
388.8612 	DATA 	TR 250 | TR1 125 | TR2 125
390.4276 	DATA 	Keypress: 5
390.4276 	DATA 	TR 251 | TR1 126 | TR2 125
391.9775 	DATA 	Keypress: 5
391.9775 	DATA 	TR 252 | TR1 126 | TR2 126
393.5440 	DATA 	Keypress: 5
393.5440 	DATA 	TR 253 | TR1 127 | TR2 126
395.0944 	DATA 	Keypress: 5
395.1104 	DATA 	TR 254 | TR1 127 | TR2 127
396.6770 	DATA 	Keypress: 5
396.6771 	DATA 	TR 255 | TR1 128 | TR2 127
398.2269 	DATA 	Keypress: 5
398.2269 	DATA 	TR 256 | TR1 128 | TR2 128
399.6434 	DATA 	
399.6434 	DATA 	Trial complete
399.6434 	DATA 	Waiting for VASO trigger to start next trial
399.6434 	DATA 	
399.7934 	DATA 	Keypress: 5
399.7934 	DATA 	Waited 0.15004801750183105 seconds for trigger
399.7942 	DATA 	
399.7942 	DATA 	Trial 10
399.7942 	DATA 	stimDur = 4.0
399.7942 	DATA 	jitter = 0.78525
399.7942 	DATA 	restDur = 24.0

399.7942 	DATA 	
399.7942 	DATA 	TR 257 | TR1 129 | TR2 128
400.5933 	DATA 	
400.5933 	DATA 	stimulation started
400.5933 	DATA 	
401.3433 	DATA 	Keypress: 5
401.3434 	DATA 	TR 258 | TR1 129 | TR2 129
402.9265 	DATA 	Keypress: 5
402.9265 	DATA 	TR 259 | TR1 130 | TR2 129
404.4764 	DATA 	Keypress: 5
404.4764 	DATA 	TR 260 | TR1 130 | TR2 130
404.5930 	DATA 	
404.5930 	DATA 	stimulation stopped
404.5930 	DATA 	
406.0429 	DATA 	Keypress: 5
406.0430 	DATA 	TR 261 | TR1 131 | TR2 130
407.5927 	DATA 	Keypress: 5
407.5928 	DATA 	TR 262 | TR1 131 | TR2 131
409.1592 	DATA 	Keypress: 5
409.1592 	DATA 	TR 263 | TR1 132 | TR2 131
410.7257 	DATA 	Keypress: 5
410.7258 	DATA 	TR 264 | TR1 132 | TR2 132
412.2922 	DATA 	Keypress: 5
412.2923 	DATA 	TR 265 | TR1 133 | TR2 132
413.8421 	DATA 	Keypress: 5
413.8422 	DATA 	TR 266 | TR1 133 | TR2 133
415.4086 	DATA 	Keypress: 5
415.4087 	DATA 	TR 267 | TR1 134 | TR2 133
416.9585 	DATA 	Keypress: 5
416.9586 	DATA 	TR 268 | TR1 134 | TR2 134
418.5417 	DATA 	Keypress: 5
418.5417 	DATA 	TR 269 | TR1 135 | TR2 134
420.0915 	DATA 	Keypress: 5
420.0916 	DATA 	TR 270 | TR1 135 | TR2 135
421.6580 	DATA 	Keypress: 5
421.6581 	DATA 	TR 271 | TR1 136 | TR2 135
423.2079 	DATA 	Keypress: 5
423.2080 	DATA 	TR 272 | TR1 136 | TR2 136
424.7911 	DATA 	Keypress: 5
424.7911 	DATA 	TR 273 | TR1 137 | TR2 136
426.3410 	DATA 	Keypress: 5
426.3410 	DATA 	TR 274 | TR1 137 | TR2 137
427.9075 	DATA 	Keypress: 5
427.9075 	DATA 	TR 275 | TR1 138 | TR2 137
428.5907 	DATA 	
428.5907 	DATA 	Trial complete
428.5907 	DATA 	Waiting for VASO trigger to start next trial
428.5907 	DATA 	
429.4574 	DATA 	Keypress: 5
429.4574 	DATA 	TR 276 | TR1 138 | TR2 138
431.0238 	DATA 	Keypress: 5
431.0239 	DATA 	Waited 2.4331531524658203 seconds for trigger
431.0247 	DATA 	
431.0247 	DATA 	Trial 11
431.0247 	DATA 	stimDur = 4.0
431.0247 	DATA 	jitter = 2.35575
431.0247 	DATA 	restDur = 24.0

431.0247 	DATA 	
431.0247 	DATA 	TR 277 | TR1 139 | TR2 138
432.5743 	DATA 	Keypress: 5
432.5903 	DATA 	TR 278 | TR1 139 | TR2 139
433.3903 	DATA 	
433.3903 	DATA 	stimulation started
433.3903 	DATA 	
434.1570 	DATA 	Keypress: 5
434.1570 	DATA 	TR 279 | TR1 140 | TR2 139
435.7068 	DATA 	Keypress: 5
435.7069 	DATA 	TR 280 | TR1 140 | TR2 140
436.6233 	DATA 	Target presented
437.1233 	DATA 	Keypress: 1
437.1234 	DATA 	Key1 pressed
437.1234 	DATA 	Target detected
437.2733 	DATA 	Keypress: 5
437.2734 	DATA 	TR 281 | TR1 141 | TR2 140
437.3900 	DATA 	
437.3900 	DATA 	stimulation stopped
437.3900 	DATA 	
438.8232 	DATA 	Keypress: 5
438.8232 	DATA 	TR 282 | TR1 141 | TR2 141
440.4063 	DATA 	Keypress: 5
440.4064 	DATA 	TR 283 | TR1 142 | TR2 141
441.9562 	DATA 	Keypress: 5
441.9562 	DATA 	TR 284 | TR1 142 | TR2 142
443.5227 	DATA 	Keypress: 5
443.5227 	DATA 	TR 285 | TR1 143 | TR2 142
445.0726 	DATA 	Keypress: 5
445.0726 	DATA 	TR 286 | TR1 143 | TR2 143
446.6391 	DATA 	Keypress: 5
446.6391 	DATA 	TR 287 | TR1 144 | TR2 143
448.2056 	DATA 	Keypress: 5
448.2057 	DATA 	TR 288 | TR1 144 | TR2 144
449.7721 	DATA 	Keypress: 5
449.7722 	DATA 	TR 289 | TR1 145 | TR2 144
451.3220 	DATA 	Keypress: 5
451.3220 	DATA 	TR 290 | TR1 145 | TR2 145
452.8885 	DATA 	Keypress: 5
452.8886 	DATA 	TR 291 | TR1 146 | TR2 145
454.4385 	DATA 	Keypress: 5
454.4385 	DATA 	TR 292 | TR1 146 | TR2 146
456.0215 	DATA 	Keypress: 5
456.0216 	DATA 	TR 293 | TR1 147 | TR2 146
457.5714 	DATA 	Keypress: 5
457.5715 	DATA 	TR 294 | TR1 147 | TR2 147
459.1378 	DATA 	Keypress: 5
459.1379 	DATA 	TR 295 | TR1 148 | TR2 147
460.6878 	DATA 	Keypress: 5
460.6879 	DATA 	TR 296 | TR1 148 | TR2 148
461.3877 	DATA 	
461.3877 	DATA 	Trial complete
461.3877 	DATA 	Waiting for VASO trigger to start next trial
461.3877 	DATA 	
462.2710 	DATA 	Keypress: 5
462.2710 	DATA 	Waited 0.883307933807373 seconds for trigger
462.2718 	DATA 	
462.2718 	DATA 	Trial 12
462.2718 	DATA 	stimDur = 24.0
462.2718 	DATA 	jitter = 0.0
462.2718 	DATA 	restDur = 40.0

462.2718 	DATA 	
462.2718 	DATA 	TR 297 | TR1 149 | TR2 148
462.2718 	DATA 	
462.2718 	DATA 	stimulation started
462.2718 	DATA 	
463.8209 	DATA 	Keypress: 5
463.8210 	DATA 	TR 298 | TR1 149 | TR2 149
465.3874 	DATA 	Keypress: 5
465.3875 	DATA 	TR 299 | TR1 150 | TR2 149
466.9373 	DATA 	Keypress: 5
466.9374 	DATA 	TR 300 | TR1 150 | TR2 150
468.5038 	DATA 	Keypress: 5
468.5039 	DATA 	TR 301 | TR1 151 | TR2 150
470.0544 	DATA 	Keypress: 5
470.0703 	DATA 	TR 302 | TR1 151 | TR2 151
471.6368 	DATA 	Keypress: 5
471.6369 	DATA 	TR 303 | TR1 152 | TR2 151
473.1869 	DATA 	Keypress: 5
473.1869 	DATA 	TR 304 | TR1 152 | TR2 152
474.7532 	DATA 	Keypress: 5
474.7533 	DATA 	TR 305 | TR1 153 | TR2 152
476.3031 	DATA 	Keypress: 5
476.3032 	DATA 	TR 306 | TR1 153 | TR2 153
477.8863 	DATA 	Keypress: 5
477.8863 	DATA 	TR 307 | TR1 154 | TR2 153
479.4362 	DATA 	Keypress: 5
479.4362 	DATA 	TR 308 | TR1 154 | TR2 154
481.0026 	DATA 	Keypress: 5
481.0027 	DATA 	TR 309 | TR1 155 | TR2 154
482.5525 	DATA 	Keypress: 5
482.5526 	DATA 	TR 310 | TR1 155 | TR2 155
484.1199 	DATA 	Keypress: 5
484.1356 	DATA 	TR 311 | TR1 156 | TR2 155
485.6856 	DATA 	Keypress: 5
485.6857 	DATA 	TR 312 | TR1 156 | TR2 156
486.2855 	DATA 	
486.2855 	DATA 	stimulation stopped
486.2855 	DATA 	
487.2520 	DATA 	Keypress: 5
487.2521 	DATA 	TR 313 | TR1 157 | TR2 156
488.8019 	DATA 	Keypress: 5
488.8019 	DATA 	TR 314 | TR1 157 | TR2 157
490.3684 	DATA 	Keypress: 5
490.3685 	DATA 	TR 315 | TR1 158 | TR2 157
491.9183 	DATA 	Keypress: 5
491.9183 	DATA 	TR 316 | TR1 158 | TR2 158
493.5014 	DATA 	Keypress: 5
493.5015 	DATA 	TR 317 | TR1 159 | TR2 158
493.6514 	DATA 	Target presented
494.3181 	DATA 	Keypress: 1
494.3181 	DATA 	Key1 pressed
494.3181 	DATA 	Target detected
495.0513 	DATA 	Keypress: 5
495.0513 	DATA 	TR 318 | TR1 159 | TR2 159
496.6181 	DATA 	Keypress: 5
496.6181 	DATA 	TR 319 | TR1 160 | TR2 159
498.1677 	DATA 	Keypress: 5
498.1678 	DATA 	TR 320 | TR1 160 | TR2 160
499.7509 	DATA 	Keypress: 5
499.7509 	DATA 	TR 321 | TR1 161 | TR2 160
501.3007 	DATA 	Keypress: 5
501.3008 	DATA 	TR 322 | TR1 161 | TR2 161
502.8672 	DATA 	Keypress: 5
502.8673 	DATA 	TR 323 | TR1 162 | TR2 161
504.4171 	DATA 	Keypress: 5
504.4172 	DATA 	TR 324 | TR1 162 | TR2 162
505.9837 	DATA 	Keypress: 5
505.9838 	DATA 	TR 325 | TR1 163 | TR2 162
507.5501 	DATA 	Keypress: 5
507.5502 	DATA 	TR 326 | TR1 163 | TR2 163
509.1166 	DATA 	Keypress: 5
509.1166 	DATA 	TR 327 | TR1 164 | TR2 163
510.6664 	DATA 	Keypress: 5
510.6665 	DATA 	TR 328 | TR1 164 | TR2 164
512.2331 	DATA 	Keypress: 5
512.2331 	DATA 	TR 329 | TR1 165 | TR2 164
513.7829 	DATA 	Keypress: 5
513.7830 	DATA 	TR 330 | TR1 165 | TR2 165
515.3661 	DATA 	Keypress: 5
515.3661 	DATA 	TR 331 | TR1 166 | TR2 165
516.9162 	DATA 	Keypress: 5
516.9163 	DATA 	TR 332 | TR1 166 | TR2 166
518.4825 	DATA 	Keypress: 5
518.4825 	DATA 	TR 333 | TR1 167 | TR2 166
520.0324 	DATA 	Keypress: 5
520.0324 	DATA 	TR 334 | TR1 167 | TR2 167
521.6155 	DATA 	Keypress: 5
521.6156 	DATA 	TR 335 | TR1 168 | TR2 167
523.1654 	DATA 	Keypress: 5
523.1655 	DATA 	TR 336 | TR1 168 | TR2 168
524.7319 	DATA 	Keypress: 5
524.7320 	DATA 	TR 337 | TR1 169 | TR2 168
526.2818 	DATA 	Keypress: 5
526.2818 	DATA 	TR 338 | TR1 169 | TR2 169
526.2819 	DATA 	
526.2819 	DATA 	Trial complete
526.2819 	DATA 	Waiting for VASO trigger to start next trial
526.2819 	DATA 	
527.8483 	DATA 	Keypress: 5
527.8484 	DATA 	Waited 1.5664658546447754 seconds for trigger
527.8491 	DATA 	
527.8492 	DATA 	Trial 13
527.8492 	DATA 	stimDur = 4.0
527.8492 	DATA 	jitter = 1.5705
527.8492 	DATA 	restDur = 24.0

527.8492 	DATA 	
527.8492 	DATA 	TR 339 | TR1 170 | TR2 169
529.3988 	DATA 	Keypress: 5
529.4148 	DATA 	TR 340 | TR1 170 | TR2 170
529.4315 	DATA 	
529.4315 	DATA 	stimulation started
529.4315 	DATA 	
530.9814 	DATA 	Keypress: 5
530.9815 	DATA 	TR 341 | TR1 171 | TR2 170
532.5313 	DATA 	Keypress: 5
532.5313 	DATA 	TR 342 | TR1 171 | TR2 171
533.4311 	DATA 	
533.4311 	DATA 	stimulation stopped
533.4311 	DATA 	
534.0977 	DATA 	Keypress: 5
534.0978 	DATA 	TR 343 | TR1 172 | TR2 171
535.6476 	DATA 	Keypress: 5
535.6477 	DATA 	TR 344 | TR1 172 | TR2 172
537.2308 	DATA 	Keypress: 5
537.2308 	DATA 	TR 345 | TR1 173 | TR2 172
538.7806 	DATA 	Keypress: 5
538.7807 	DATA 	TR 346 | TR1 173 | TR2 173
540.3473 	DATA 	Keypress: 5
540.3473 	DATA 	TR 347 | TR1 174 | TR2 173
541.8637 	DATA 	Target presented
541.8970 	DATA 	Keypress: 5
541.8971 	DATA 	TR 348 | TR1 174 | TR2 174
542.2803 	DATA 	Keypress: 1
542.2803 	DATA 	Key1 pressed
542.2803 	DATA 	Target detected
543.4635 	DATA 	Keypress: 5
543.4636 	DATA 	TR 349 | TR1 175 | TR2 174
545.0300 	DATA 	Keypress: 5
545.0301 	DATA 	TR 350 | TR1 175 | TR2 175
546.5966 	DATA 	Keypress: 5
546.5966 	DATA 	TR 351 | TR1 176 | TR2 175
548.1465 	DATA 	Keypress: 5
548.1465 	DATA 	TR 352 | TR1 176 | TR2 176
549.7130 	DATA 	Keypress: 5
549.7130 	DATA 	TR 353 | TR1 177 | TR2 176
551.2628 	DATA 	Keypress: 5
551.2629 	DATA 	TR 354 | TR1 177 | TR2 177
552.8460 	DATA 	Keypress: 5
552.8460 	DATA 	TR 355 | TR1 178 | TR2 177
554.3959 	DATA 	Keypress: 5
554.3959 	DATA 	TR 356 | TR1 178 | TR2 178
555.9624 	DATA 	Keypress: 5
555.9624 	DATA 	TR 357 | TR1 179 | TR2 178
557.4289 	DATA 	
557.4289 	DATA 	Trial complete
557.4289 	DATA 	Waiting for VASO trigger to start next trial
557.4289 	DATA 	
557.5123 	DATA 	Keypress: 5
557.5123 	DATA 	TR 358 | TR1 179 | TR2 179
559.0954 	DATA 	Keypress: 5
559.0955 	DATA 	Waited 1.6665639877319336 seconds for trigger
559.0963 	DATA 	
559.0963 	DATA 	Trial 14
559.0963 	DATA 	stimDur = 2.0
559.0963 	DATA 	jitter = 2.35575
559.0964 	DATA 	restDur = 22.0

559.0964 	DATA 	
559.0964 	DATA 	TR 359 | TR1 180 | TR2 179
560.6453 	DATA 	Keypress: 5
560.6453 	DATA 	TR 360 | TR1 180 | TR2 180
561.4620 	DATA 	
561.4620 	DATA 	stimulation started
561.4620 	DATA 	
562.2119 	DATA 	Keypress: 5
562.2119 	DATA 	TR 361 | TR1 181 | TR2 180
563.4617 	DATA 	
563.4617 	DATA 	stimulation stopped
563.4617 	DATA 	
563.7617 	DATA 	Keypress: 5
563.7617 	DATA 	TR 362 | TR1 181 | TR2 181
565.3282 	DATA 	Keypress: 5
565.3283 	DATA 	TR 363 | TR1 182 | TR2 181
566.8948 	DATA 	Keypress: 5
566.8949 	DATA 	TR 364 | TR1 182 | TR2 182
568.4612 	DATA 	Keypress: 5
568.4613 	DATA 	TR 365 | TR1 183 | TR2 182
570.0111 	DATA 	Keypress: 5
570.0111 	DATA 	TR 366 | TR1 183 | TR2 183
571.5778 	DATA 	Keypress: 5
571.5778 	DATA 	TR 367 | TR1 184 | TR2 183
573.1275 	DATA 	Keypress: 5
573.1275 	DATA 	TR 368 | TR1 184 | TR2 184
574.7107 	DATA 	Keypress: 5
574.7107 	DATA 	TR 369 | TR1 185 | TR2 184
576.2605 	DATA 	Keypress: 5
576.2606 	DATA 	TR 370 | TR1 185 | TR2 185
577.8270 	DATA 	Keypress: 5
577.8271 	DATA 	TR 371 | TR1 186 | TR2 185
579.3769 	DATA 	Keypress: 5
579.3769 	DATA 	TR 372 | TR1 186 | TR2 186
580.9440 	DATA 	Keypress: 5
580.9600 	DATA 	TR 373 | TR1 187 | TR2 186
582.5100 	DATA 	Keypress: 5
582.5100 	DATA 	TR 374 | TR1 187 | TR2 187
584.0765 	DATA 	Keypress: 5
584.0765 	DATA 	TR 375 | TR1 188 | TR2 187
585.4596 	DATA 	
585.4596 	DATA 	Trial complete
585.4597 	DATA 	Waiting for VASO trigger to start next trial
585.4597 	DATA 	
585.6263 	DATA 	Keypress: 5
585.6264 	DATA 	TR 376 | TR1 188 | TR2 188
587.1929 	DATA 	Keypress: 5
587.1929 	DATA 	Waited 1.7332561016082764 seconds for trigger
587.1937 	DATA 	
587.1937 	DATA 	Trial 15
587.1937 	DATA 	stimDur = 4.0
587.1937 	DATA 	jitter = 0.0
587.1937 	DATA 	restDur = 24.0

587.1937 	DATA 	
587.1937 	DATA 	TR 377 | TR1 189 | TR2 188
587.1937 	DATA 	
587.1937 	DATA 	stimulation started
587.1937 	DATA 	
588.7428 	DATA 	Keypress: 5
588.7428 	DATA 	TR 378 | TR1 189 | TR2 189
589.5429 	DATA 	Target presented
590.0760 	DATA 	Keypress: 1
590.0761 	DATA 	Key1 pressed
590.0761 	DATA 	Target detected
590.3259 	DATA 	Keypress: 5
590.3259 	DATA 	TR 379 | TR1 190 | TR2 189
591.2092 	DATA 	
591.2092 	DATA 	stimulation stopped
591.2092 	DATA 	
591.8757 	DATA 	Keypress: 5
591.8758 	DATA 	TR 380 | TR1 190 | TR2 190
593.4423 	DATA 	Keypress: 5
593.4424 	DATA 	TR 381 | TR1 191 | TR2 190
594.9921 	DATA 	Keypress: 5
594.9922 	DATA 	TR 382 | TR1 191 | TR2 191
596.5753 	DATA 	Keypress: 5
596.5754 	DATA 	TR 383 | TR1 192 | TR2 191
598.1252 	DATA 	Keypress: 5
598.1252 	DATA 	TR 384 | TR1 192 | TR2 192
599.6917 	DATA 	Keypress: 5
599.6918 	DATA 	TR 385 | TR1 193 | TR2 192
601.2416 	DATA 	Keypress: 5
601.2416 	DATA 	TR 386 | TR1 193 | TR2 193
602.8081 	DATA 	Keypress: 5
602.8081 	DATA 	TR 387 | TR1 194 | TR2 193
604.3585 	DATA 	Keypress: 5
604.3745 	DATA 	TR 388 | TR1 194 | TR2 194
605.9411 	DATA 	Keypress: 5
605.9412 	DATA 	TR 389 | TR1 195 | TR2 194
607.4911 	DATA 	Keypress: 5
607.4911 	DATA 	TR 390 | TR1 195 | TR2 195
609.0575 	DATA 	Keypress: 5
609.0576 	DATA 	TR 391 | TR1 196 | TR2 195
610.6073 	DATA 	Keypress: 5
610.6074 	DATA 	TR 392 | TR1 196 | TR2 196
612.1906 	DATA 	Keypress: 5
612.1906 	DATA 	TR 393 | TR1 197 | TR2 196
613.7404 	DATA 	Keypress: 5
613.7405 	DATA 	TR 394 | TR1 197 | TR2 197
615.2069 	DATA 	
615.2069 	DATA 	Trial complete
615.2069 	DATA 	Waiting for VASO trigger to start next trial
615.2069 	DATA 	
615.3071 	DATA 	Keypress: 5
615.3071 	DATA 	Waited 0.10019707679748535 seconds for trigger
615.3079 	DATA 	
615.3079 	DATA 	Trial 16
615.3079 	DATA 	stimDur = 1.0
615.3079 	DATA 	jitter = 1.5705
615.3079 	DATA 	restDur = 20.0

615.3079 	DATA 	
615.3079 	DATA 	TR 395 | TR1 198 | TR2 197
616.8568 	DATA 	Keypress: 5
616.8568 	DATA 	TR 396 | TR1 198 | TR2 198
616.8901 	DATA 	
616.8901 	DATA 	stimulation started
616.8901 	DATA 	
617.8900 	DATA 	
617.8900 	DATA 	stimulation stopped
617.8900 	DATA 	
618.4400 	DATA 	Keypress: 5
618.4401 	DATA 	TR 397 | TR1 199 | TR2 198
619.9899 	DATA 	Keypress: 5
619.9900 	DATA 	TR 398 | TR1 199 | TR2 199
621.5564 	DATA 	Keypress: 5
621.5564 	DATA 	TR 399 | TR1 200 | TR2 199
623.1062 	DATA 	Keypress: 5
623.1062 	DATA 	TR 400 | TR1 200 | TR2 200
624.6728 	DATA 	Keypress: 5
624.6728 	DATA 	TR 401 | TR1 201 | TR2 200
626.2226 	DATA 	Keypress: 5
626.2226 	DATA 	TR 402 | TR1 201 | TR2 201
627.8058 	DATA 	Keypress: 5
627.8059 	DATA 	TR 403 | TR1 202 | TR2 201
629.3556 	DATA 	Keypress: 5
629.3557 	DATA 	TR 404 | TR1 202 | TR2 202
630.9222 	DATA 	Keypress: 5
630.9222 	DATA 	TR 405 | TR1 203 | TR2 202
632.4720 	DATA 	Keypress: 5
632.4721 	DATA 	TR 406 | TR1 203 | TR2 203
634.0554 	DATA 	Keypress: 5
634.0554 	DATA 	TR 407 | TR1 204 | TR2 203
635.6051 	DATA 	Keypress: 5
635.6051 	DATA 	TR 408 | TR1 204 | TR2 204
637.1716 	DATA 	Keypress: 5
637.1717 	DATA 	TR 409 | TR1 205 | TR2 204
637.8881 	DATA 	
637.8882 	DATA 	Trial complete
637.8882 	DATA 	Waiting for VASO trigger to start next trial
637.8882 	DATA 	
638.7216 	DATA 	Keypress: 5
638.7216 	DATA 	TR 410 | TR1 205 | TR2 205
640.2880 	DATA 	Keypress: 5
640.2881 	DATA 	Waited 2.3998889923095703 seconds for trigger
640.2888 	DATA 	
640.2889 	DATA 	Trial 17
640.2889 	DATA 	stimDur = 1.0
640.2889 	DATA 	jitter = 0.0
640.2889 	DATA 	restDur = 20.0

640.2889 	DATA 	
640.2889 	DATA 	TR 411 | TR1 206 | TR2 205
640.2889 	DATA 	
640.2889 	DATA 	stimulation started
640.2889 	DATA 	
641.3046 	DATA 	
641.3046 	DATA 	stimulation stopped
641.3046 	DATA 	
641.8545 	DATA 	Keypress: 5
641.8546 	DATA 	TR 412 | TR1 206 | TR2 206
643.4211 	DATA 	Keypress: 5
643.4211 	DATA 	TR 413 | TR1 207 | TR2 206
644.9709 	DATA 	Keypress: 5
644.9709 	DATA 	TR 414 | TR1 207 | TR2 207
646.5374 	DATA 	Keypress: 5
646.5375 	DATA 	TR 415 | TR1 208 | TR2 207
648.0873 	DATA 	Keypress: 5
648.0873 	DATA 	TR 416 | TR1 208 | TR2 208
648.2873 	DATA 	Target presented
648.8206 	DATA 	Keypress: 1
648.8206 	DATA 	Key1 pressed
648.8206 	DATA 	Target detected
649.6704 	DATA 	Keypress: 5
649.6705 	DATA 	TR 417 | TR1 209 | TR2 208
651.2203 	DATA 	Keypress: 5
651.2203 	DATA 	TR 418 | TR1 209 | TR2 209
652.7868 	DATA 	Keypress: 5
652.7869 	DATA 	TR 419 | TR1 210 | TR2 209
654.3367 	DATA 	Keypress: 5
654.3367 	DATA 	TR 420 | TR1 210 | TR2 210
655.9199 	DATA 	Keypress: 5
655.9200 	DATA 	TR 421 | TR1 211 | TR2 210
657.4697 	DATA 	Keypress: 5
657.4698 	DATA 	TR 422 | TR1 211 | TR2 211
659.0363 	DATA 	Keypress: 5
659.0363 	DATA 	TR 423 | TR1 212 | TR2 211
660.5861 	DATA 	Keypress: 5
660.5862 	DATA 	TR 424 | TR1 212 | TR2 212
661.3027 	DATA 	
661.3027 	DATA 	Trial complete
661.3027 	DATA 	Waiting for VASO trigger to start next trial
661.3027 	DATA 	
662.1527 	DATA 	Keypress: 5
662.1527 	DATA 	Waited 0.8500039577484131 seconds for trigger
662.1535 	DATA 	
662.1535 	DATA 	Trial 18
662.1535 	DATA 	stimDur = 12.0
662.1535 	DATA 	jitter = 2.35575
662.1535 	DATA 	restDur = 30.0

662.1535 	DATA 	
662.1535 	DATA 	TR 425 | TR1 213 | TR2 212
663.7031 	DATA 	Keypress: 5
663.7191 	DATA 	TR 426 | TR1 213 | TR2 213
664.5190 	DATA 	
664.5190 	DATA 	stimulation started
664.5190 	DATA 	
665.2858 	DATA 	Keypress: 5
665.2858 	DATA 	TR 427 | TR1 214 | TR2 213
666.8356 	DATA 	Keypress: 5
666.8356 	DATA 	TR 428 | TR1 214 | TR2 214
668.4021 	DATA 	Keypress: 5
668.4021 	DATA 	TR 429 | TR1 215 | TR2 214
669.9519 	DATA 	Keypress: 5
669.9520 	DATA 	TR 430 | TR1 215 | TR2 215
671.5352 	DATA 	Keypress: 5
671.5352 	DATA 	TR 431 | TR1 216 | TR2 215
673.0850 	DATA 	Keypress: 5
673.0851 	DATA 	TR 432 | TR1 216 | TR2 216
674.6516 	DATA 	Keypress: 5
674.6516 	DATA 	TR 433 | TR1 217 | TR2 216
676.2014 	DATA 	Keypress: 5
676.2015 	DATA 	TR 434 | TR1 217 | TR2 217
676.5180 	DATA 	
676.5180 	DATA 	stimulation stopped
676.5180 	DATA 	
677.7679 	DATA 	Keypress: 5
677.7680 	DATA 	TR 435 | TR1 218 | TR2 217
679.3344 	DATA 	Keypress: 5
679.3344 	DATA 	TR 436 | TR1 218 | TR2 218
680.9009 	DATA 	Keypress: 5
680.9010 	DATA 	TR 437 | TR1 219 | TR2 218
682.4506 	DATA 	Keypress: 5
682.4506 	DATA 	TR 438 | TR1 219 | TR2 219
684.0173 	DATA 	Keypress: 5
684.0174 	DATA 	TR 439 | TR1 220 | TR2 219
685.5671 	DATA 	Keypress: 5
685.5672 	DATA 	TR 440 | TR1 220 | TR2 220
687.1503 	DATA 	Keypress: 5
687.1504 	DATA 	TR 441 | TR1 221 | TR2 220
688.7002 	DATA 	Keypress: 5
688.7002 	DATA 	TR 442 | TR1 221 | TR2 221
690.2667 	DATA 	Keypress: 5
690.2667 	DATA 	TR 443 | TR1 222 | TR2 221
691.8166 	DATA 	Keypress: 5
691.8166 	DATA 	TR 444 | TR1 222 | TR2 222
693.3997 	DATA 	Keypress: 5
693.3998 	DATA 	TR 445 | TR1 223 | TR2 222
694.9496 	DATA 	Keypress: 5
694.9497 	DATA 	TR 446 | TR1 223 | TR2 223
696.5161 	DATA 	Keypress: 5
696.5162 	DATA 	TR 447 | TR1 224 | TR2 223
698.0661 	DATA 	Keypress: 5
698.0662 	DATA 	TR 448 | TR1 224 | TR2 224
699.6326 	DATA 	Keypress: 5
699.6326 	DATA 	TR 449 | TR1 225 | TR2 224
701.1830 	DATA 	Keypress: 5
701.1990 	DATA 	TR 450 | TR1 225 | TR2 225
702.7656 	DATA 	Keypress: 5
702.7656 	DATA 	TR 451 | TR1 226 | TR2 225
704.3154 	DATA 	Keypress: 5
704.3155 	DATA 	TR 452 | TR1 226 | TR2 226
705.8819 	DATA 	Keypress: 5
705.8820 	DATA 	TR 453 | TR1 227 | TR2 226
706.5153 	DATA 	
706.5153 	DATA 	Trial complete
706.5153 	DATA 	Waiting for VASO trigger to start next trial
706.5153 	DATA 	
707.4318 	DATA 	Keypress: 5
707.4319 	DATA 	TR 454 | TR1 227 | TR2 227
708.4817 	DATA 	Target presented
709.0150 	DATA 	Keypress: 5
709.0150 	DATA 	Waited 2.499690055847168 seconds for trigger
709.0158 	DATA 	
709.0158 	DATA 	Trial 19
709.0158 	DATA 	stimDur = 1.0
709.0158 	DATA 	jitter = 0.78525
709.0158 	DATA 	restDur = 20.0

709.0158 	DATA 	
709.0158 	DATA 	TR 455 | TR1 228 | TR2 227
709.8149 	DATA 	
709.8149 	DATA 	stimulation started
709.8149 	DATA 	
710.5649 	DATA 	Keypress: 5
710.5650 	DATA 	TR 456 | TR1 228 | TR2 228
710.8148 	DATA 	
710.8148 	DATA 	stimulation stopped
710.8148 	DATA 	
712.1313 	DATA 	Keypress: 5
712.1314 	DATA 	TR 457 | TR1 229 | TR2 228
713.6812 	DATA 	Keypress: 5
713.6813 	DATA 	TR 458 | TR1 229 | TR2 229
715.2483 	DATA 	Keypress: 5
715.2644 	DATA 	TR 459 | TR1 230 | TR2 229
716.8143 	DATA 	Keypress: 5
716.8143 	DATA 	TR 460 | TR1 230 | TR2 230
718.3808 	DATA 	Keypress: 5
718.3808 	DATA 	TR 461 | TR1 231 | TR2 230
719.9307 	DATA 	Keypress: 5
719.9307 	DATA 	TR 462 | TR1 231 | TR2 231
721.4972 	DATA 	Keypress: 5
721.4972 	DATA 	TR 463 | TR1 232 | TR2 231
723.0471 	DATA 	Keypress: 5
723.0471 	DATA 	TR 464 | TR1 232 | TR2 232
724.6302 	DATA 	Keypress: 5
724.6303 	DATA 	TR 465 | TR1 233 | TR2 232
726.1801 	DATA 	Keypress: 5
726.1801 	DATA 	TR 466 | TR1 233 | TR2 233
727.7468 	DATA 	Keypress: 5
727.7468 	DATA 	TR 467 | TR1 234 | TR2 233
729.2965 	DATA 	Keypress: 5
729.2966 	DATA 	TR 468 | TR1 234 | TR2 234
730.8129 	DATA 	
730.8130 	DATA 	Trial complete
730.8130 	DATA 	
730.8796 	DATA 	Keypress: 5
730.8797 	DATA 	Waited 24.364338159561157 seconds for trigger
730.8804 	DATA 	
730.8805 	DATA 	Trial 20
730.8805 	DATA 	stimDur = 24.0
730.8805 	DATA 	jitter = 0.78525
730.8805 	DATA 	restDur = 40.0

730.8805 	DATA 	
730.8805 	DATA 	TR 469 | TR1 235 | TR2 234
731.6795 	DATA 	
731.6795 	DATA 	stimulation started
731.6795 	DATA 	
732.4296 	DATA 	Keypress: 5
732.4296 	DATA 	TR 470 | TR1 235 | TR2 235
733.9961 	DATA 	Keypress: 5
733.9961 	DATA 	TR 471 | TR1 236 | TR2 235
735.5460 	DATA 	Keypress: 5
735.5460 	DATA 	TR 472 | TR1 236 | TR2 236
737.1125 	DATA 	Keypress: 5
737.1125 	DATA 	TR 473 | TR1 237 | TR2 236
738.6631 	DATA 	Keypress: 5
738.6789 	DATA 	TR 474 | TR1 237 | TR2 237
740.2455 	DATA 	Keypress: 5
740.2456 	DATA 	TR 475 | TR1 238 | TR2 237
741.7954 	DATA 	Keypress: 5
741.7954 	DATA 	TR 476 | TR1 238 | TR2 238
743.3619 	DATA 	Keypress: 5
743.3619 	DATA 	TR 477 | TR1 239 | TR2 238
744.9118 	DATA 	Keypress: 5
744.9118 	DATA 	TR 478 | TR1 239 | TR2 239
746.4949 	DATA 	Keypress: 5
746.4950 	DATA 	TR 479 | TR1 240 | TR2 239
748.0448 	DATA 	Keypress: 5
748.0449 	DATA 	TR 480 | TR1 240 | TR2 240
749.6114 	DATA 	Keypress: 5
749.6115 	DATA 	TR 481 | TR1 241 | TR2 240
751.1612 	DATA 	Keypress: 5
751.1613 	DATA 	TR 482 | TR1 241 | TR2 241
752.7443 	DATA 	Keypress: 5
752.7444 	DATA 	TR 483 | TR1 242 | TR2 241
754.2942 	DATA 	Keypress: 5
754.2943 	DATA 	TR 484 | TR1 242 | TR2 242
755.6774 	DATA 	
755.6774 	DATA 	stimulation stopped
755.6774 	DATA 	
755.8607 	DATA 	Keypress: 5
755.8607 	DATA 	TR 485 | TR1 243 | TR2 242
757.4106 	DATA 	Keypress: 5
757.4106 	DATA 	TR 486 | TR1 243 | TR2 243
758.9771 	DATA 	Keypress: 5
758.9771 	DATA 	TR 487 | TR1 244 | TR2 243
760.5271 	DATA 	Keypress: 5
760.5271 	DATA 	TR 488 | TR1 244 | TR2 244
762.1101 	DATA 	Keypress: 5
762.1101 	DATA 	TR 489 | TR1 245 | TR2 244
763.6600 	DATA 	Keypress: 5
763.6601 	DATA 	TR 490 | TR1 245 | TR2 245
765.2265 	DATA 	Keypress: 5
765.2265 	DATA 	TR 491 | TR1 246 | TR2 245
766.7764 	DATA 	Keypress: 5
766.7764 	DATA 	TR 492 | TR1 246 | TR2 246
768.3595 	DATA 	Keypress: 5
768.3596 	DATA 	TR 493 | TR1 247 | TR2 246
769.9094 	DATA 	Keypress: 5
769.9095 	DATA 	TR 494 | TR1 247 | TR2 247
771.4759 	DATA 	Keypress: 5
771.4759 	DATA 	TR 495 | TR1 248 | TR2 247
773.0258 	DATA 	Keypress: 5
773.0259 	DATA 	TR 496 | TR1 248 | TR2 248
774.5929 	DATA 	Keypress: 5
774.6089 	DATA 	TR 497 | TR1 249 | TR2 248
776.1590 	DATA 	Keypress: 5
776.1591 	DATA 	TR 498 | TR1 249 | TR2 249
777.7253 	DATA 	Keypress: 5
777.7254 	DATA 	TR 499 | TR1 250 | TR2 249
779.2752 	DATA 	Keypress: 5
779.2753 	DATA 	TR 500 | TR1 250 | TR2 250
780.8417 	DATA 	Keypress: 5
780.8418 	DATA 	TR 501 | TR1 251 | TR2 250
782.3916 	DATA 	Keypress: 5
782.3917 	DATA 	TR 502 | TR1 251 | TR2 251
783.9749 	DATA 	Keypress: 5
783.9749 	DATA 	TR 503 | TR1 252 | TR2 251
785.5246 	DATA 	Keypress: 5
785.5247 	DATA 	TR 504 | TR1 252 | TR2 252
787.0911 	DATA 	Keypress: 5
787.0912 	DATA 	TR 505 | TR1 253 | TR2 252
788.6410 	DATA 	Keypress: 5
788.6411 	DATA 	TR 506 | TR1 253 | TR2 253
790.2242 	DATA 	Keypress: 5
790.2242 	DATA 	TR 507 | TR1 254 | TR2 253
791.7741 	DATA 	Keypress: 5
791.7741 	DATA 	TR 508 | TR1 254 | TR2 254
793.3406 	DATA 	Keypress: 5
793.3406 	DATA 	TR 509 | TR1 255 | TR2 254
794.8905 	DATA 	Keypress: 5
794.8905 	DATA 	TR 510 | TR1 255 | TR2 255
795.6736 	DATA 	
795.6736 	DATA 	Trial complete
795.6737 	DATA 	
796.4569 	DATA 	Keypress: 5
796.4570 	DATA 	TR 511 | TR1 256 | TR2 255
798.0074 	DATA 	Keypress: 5
798.0234 	DATA 	TR 512 | TR1 256 | TR2 256
799.5900 	DATA 	Keypress: 5
799.5901 	DATA 	TR 513 | TR1 257 | TR2 256
801.1399 	DATA 	Keypress: 5
801.1399 	DATA 	TR 514 | TR1 257 | TR2 257
802.7064 	DATA 	Keypress: 5
802.7064 	DATA 	TR 515 | TR1 258 | TR2 257
804.2563 	DATA 	Keypress: 5
804.2563 	DATA 	TR 516 | TR1 258 | TR2 258
805.8394 	DATA 	Keypress: 5
805.8395 	DATA 	TR 517 | TR1 259 | TR2 258
807.3893 	DATA 	Keypress: 5
807.3894 	DATA 	TR 518 | TR1 259 | TR2 259
808.9558 	DATA 	Keypress: 5
808.9559 	DATA 	TR 519 | TR1 260 | TR2 259
810.5057 	DATA 	Keypress: 5
810.5057 	DATA 	TR 520 | TR1 260 | TR2 260
812.0723 	DATA 	Keypress: 5
812.0724 	DATA 	TR 521 | TR1 261 | TR2 260
813.6389 	DATA 	Keypress: 5
813.6389 	DATA 	TR 522 | TR1 261 | TR2 261
815.2052 	DATA 	Keypress: 5
815.2053 	DATA 	TR 523 | TR1 262 | TR2 261
816.7551 	DATA 	Keypress: 5
816.7552 	DATA 	TR 524 | TR1 262 | TR2 262
818.3216 	DATA 	Keypress: 5
818.3217 	DATA 	TR 525 | TR1 263 | TR2 262
819.8715 	DATA 	Keypress: 5
819.8715 	DATA 	TR 526 | TR1 263 | TR2 263
820.7713 	DATA 	EndOfRun sub-07_ses-03_run-02

820.7713 	DATA 	We spent 50.20731210708618 seconds waiting for triggers
820.7713 	DATA 	RatioOfDetectedTargets 0.9166666666666666
820.7713 	DATA 	You have detected 11 out of 12 targets.
825.5933 	DATA 	Keypress: 5
825.5935 	DATA 	Keypress: 5
825.8006 	EXP 	window1: mouseVisible = True
