MonitorDistance=99cm
MonitorWidth=30cm
PixelWidth=1024.0
PixelHeight=768.0
You have detected 12 out of 12 targets.
Excellent! Keep up the good work
6.1074 	INFO 	Loaded monitor calibration from ['2021_05_26 17:55']
6.5663 	EXP 	Created window1 = Window(allowGUI=False, allowStencil=False, autoLog=True, backendConf=UNKNOWN, bitsMode=UNKNOWN, blendMode='avg', bpc=(8, 8, 8), color=array([-0.5, -0.5, -0.5]), colorSpace='rgb', depthBits=8, fullscr=<method-wrapper '__getattribute__' of attributeSetter object at 0x7f4764288400>, gamma=None, gammaErrorPolicy='raise', lms=UNKNOWN, monitor=<psychopy.monitors.calibTools.Monitor object at 0x7f475a0a8048>, multiSample=False, name='window1', numSamples=2, pos=[0.0, 0.0], screen=0, size=array([1024,  768]), stencilBits=0, stereo=False, units='deg', useFBO=False, useRetina=False, viewOri=0.0, viewPos=None, viewScale=None, waitBlanking=True, winType='pyglet')
6.5664 	EXP 	window1: mouseVisible = True
6.6396 	EXP 	Created unnamed TextStim = TextStim(__class__=<class 'psychopy.visual.text.TextStim'>, alignHoriz=method-wrapper(...), alignText='center', alignVert=method-wrapper(...), anchorHoriz='center', anchorVert='center', antialias=True, autoLog=True, bold=False, color=array([1., 1., 1.]), colorSpace='rgb', contrast=1.0, depth=0, flipHoriz=False, flipVert=False, font='', fontFiles=[], height=0.5, italic=False, languageStyle='LTR', name='unnamed TextStim', opacity=1.0, ori=0.0, pos=array([0., 0.]), rgb=UNKNOWN, text=str(...), units='deg', win=Window(...), wrapWidth=15.0)
6.6729 	EXP 	Created Movie Frame 0 = ImageStim(__class__=<class 'psychopy.visual.image.ImageStim'>, autoLog=True, color=array([0.8, 0.8, 0.8]), colorSpace='rgb', contrast=0.8, depth=0, flipHoriz=False, flipVert=False, image='visual_0.png', interpolate=False, mask=None, maskParams=None, name='Movie Frame 0', opacity=1, ori=0.0, pos=array([0., 0.]), size=array([1024,  768]), texRes=128, units='pix', win=Window(...))
6.6996 	EXP 	Created Movie Frame 1 = ImageStim(__class__=<class 'psychopy.visual.image.ImageStim'>, autoLog=True, color=array([0.8, 0.8, 0.8]), colorSpace='rgb', contrast=0.8, depth=0, flipHoriz=False, flipVert=False, image='visual_1.png', interpolate=False, mask=None, maskParams=None, name='Movie Frame 1', opacity=1, ori=0.0, pos=array([0., 0.]), size=array([1024,  768]), texRes=128, units='pix', win=Window(...))
116.1017 	DATA 	Keypress: 5
0.0000 	DATA 	StartOfRun sub-07_ses-03_run-05
0.0000 	DATA 	TR 1 | TR1 1 | TR2 0
0.0150 	DATA 	Initial baseline

1.5503 	DATA 	Keypress: 5
1.5503 	DATA 	TR 2 | TR1 1 | TR2 1
3.1214 	DATA 	Keypress: 5
3.1214 	DATA 	TR 3 | TR1 2 | TR2 1
4.6736 	DATA 	Keypress: 5
4.6736 	DATA 	TR 4 | TR1 2 | TR2 2
6.2458 	DATA 	Keypress: 5
6.2458 	DATA 	TR 5 | TR1 3 | TR2 2
7.7969 	DATA 	Keypress: 5
7.7970 	DATA 	TR 6 | TR1 3 | TR2 3
9.3681 	DATA 	Keypress: 5
9.3682 	DATA 	TR 7 | TR1 4 | TR2 3
10.9203 	DATA 	Keypress: 5
10.9204 	DATA 	TR 8 | TR1 4 | TR2 4
12.4914 	DATA 	Keypress: 5
12.4914 	DATA 	TR 9 | TR1 5 | TR2 4
14.0437 	DATA 	Keypress: 5
14.0438 	DATA 	TR 10 | TR1 5 | TR2 5
15.6148 	DATA 	Keypress: 5
15.6148 	DATA 	TR 11 | TR1 6 | TR2 5
17.1671 	DATA 	Keypress: 5
17.1671 	DATA 	TR 12 | TR1 6 | TR2 6
18.7384 	DATA 	Keypress: 5
18.7384 	DATA 	TR 13 | TR1 7 | TR2 6
20.2905 	DATA 	Keypress: 5
20.2906 	DATA 	TR 14 | TR1 7 | TR2 7
21.8617 	DATA 	Keypress: 5
21.8617 	DATA 	TR 15 | TR1 8 | TR2 7
23.4139 	DATA 	Keypress: 5
23.4139 	DATA 	TR 16 | TR1 8 | TR2 8
24.9851 	DATA 	Keypress: 5
24.9851 	DATA 	TR 17 | TR1 9 | TR2 8
26.5373 	DATA 	Keypress: 5
26.5373 	DATA 	TR 18 | TR1 9 | TR2 9
28.1085 	DATA 	Keypress: 5
28.1085 	DATA 	TR 19 | TR1 10 | TR2 9
29.6607 	DATA 	Keypress: 5
29.6607 	DATA 	TR 20 | TR1 10 | TR2 10
31.2462 	DATA 	Keypress: 5
31.2462 	DATA 	Waited 1.246211051940918 seconds for trigger
31.2476 	DATA 	
31.2476 	DATA 	Trial 1
31.2477 	DATA 	stimDur = 24.0
31.2477 	DATA 	jitter = 2.35575
31.2477 	DATA 	restDur = 40.0

31.2477 	DATA 	
31.2477 	DATA 	TR 21 | TR1 11 | TR2 10
32.7960 	DATA 	Keypress: 5
32.7961 	DATA 	TR 22 | TR1 11 | TR2 11
33.6125 	DATA 	
33.6125 	DATA 	stimulation started
33.6125 	DATA 	
34.3626 	DATA 	Keypress: 5
34.3626 	DATA 	TR 23 | TR1 12 | TR2 11
35.9125 	DATA 	Keypress: 5
35.9125 	DATA 	TR 24 | TR1 12 | TR2 12
37.4790 	DATA 	Keypress: 5
37.4791 	DATA 	TR 25 | TR1 13 | TR2 12
39.0455 	DATA 	Keypress: 5
39.0455 	DATA 	TR 26 | TR1 13 | TR2 13
40.6120 	DATA 	Keypress: 5
40.6120 	DATA 	TR 27 | TR1 14 | TR2 13
42.1619 	DATA 	Keypress: 5
42.1619 	DATA 	TR 28 | TR1 14 | TR2 14
43.7284 	DATA 	Keypress: 5
43.7284 	DATA 	TR 29 | TR1 15 | TR2 14
45.2783 	DATA 	Keypress: 5
45.2783 	DATA 	TR 30 | TR1 15 | TR2 15
46.8614 	DATA 	Keypress: 5
46.8615 	DATA 	TR 31 | TR1 16 | TR2 15
48.4113 	DATA 	Keypress: 5
48.4114 	DATA 	TR 32 | TR1 16 | TR2 16
49.9778 	DATA 	Keypress: 5
49.9778 	DATA 	TR 33 | TR1 17 | TR2 16
51.5277 	DATA 	Keypress: 5
51.5278 	DATA 	TR 34 | TR1 17 | TR2 17
53.1109 	DATA 	Keypress: 5
53.1109 	DATA 	TR 35 | TR1 18 | TR2 17
54.6607 	DATA 	Keypress: 5
54.6608 	DATA 	TR 36 | TR1 18 | TR2 18
56.2272 	DATA 	Keypress: 5
56.2273 	DATA 	TR 37 | TR1 19 | TR2 18
57.6104 	DATA 	
57.6104 	DATA 	stimulation stopped
57.6104 	DATA 	
57.7771 	DATA 	Keypress: 5
57.7771 	DATA 	TR 38 | TR1 19 | TR2 19
59.3436 	DATA 	Keypress: 5
59.3436 	DATA 	TR 39 | TR1 20 | TR2 19
60.8941 	DATA 	Keypress: 5
60.9101 	DATA 	TR 40 | TR1 20 | TR2 20
62.4766 	DATA 	Keypress: 5
62.4767 	DATA 	TR 41 | TR1 21 | TR2 20
64.0265 	DATA 	Keypress: 5
64.0266 	DATA 	TR 42 | TR1 21 | TR2 21
65.5930 	DATA 	Keypress: 5
65.5930 	DATA 	TR 43 | TR1 22 | TR2 21
67.1429 	DATA 	Keypress: 5
67.1429 	DATA 	TR 44 | TR1 22 | TR2 22
68.7260 	DATA 	Keypress: 5
68.7261 	DATA 	TR 45 | TR1 23 | TR2 22
70.2759 	DATA 	Keypress: 5
70.2760 	DATA 	TR 46 | TR1 23 | TR2 23
71.8424 	DATA 	Keypress: 5
71.8425 	DATA 	TR 47 | TR1 24 | TR2 23
73.3923 	DATA 	Keypress: 5
73.3924 	DATA 	TR 48 | TR1 24 | TR2 24
74.9594 	DATA 	Keypress: 5
74.9754 	DATA 	TR 49 | TR1 25 | TR2 24
76.5254 	DATA 	Keypress: 5
76.5254 	DATA 	TR 50 | TR1 25 | TR2 25
78.0918 	DATA 	Keypress: 5
78.0919 	DATA 	TR 51 | TR1 26 | TR2 25
79.6417 	DATA 	Keypress: 5
79.6418 	DATA 	TR 52 | TR1 26 | TR2 26
81.2082 	DATA 	Keypress: 5
81.2083 	DATA 	TR 53 | TR1 27 | TR2 26
82.7581 	DATA 	Keypress: 5
82.7582 	DATA 	TR 54 | TR1 27 | TR2 27
84.3413 	DATA 	Keypress: 5
84.3413 	DATA 	TR 55 | TR1 28 | TR2 27
85.8912 	DATA 	Keypress: 5
85.8912 	DATA 	TR 56 | TR1 28 | TR2 28
87.4577 	DATA 	Keypress: 5
87.4577 	DATA 	TR 57 | TR1 29 | TR2 28
89.0076 	DATA 	Keypress: 5
89.0076 	DATA 	TR 58 | TR1 29 | TR2 29
90.5908 	DATA 	Keypress: 5
90.5909 	DATA 	TR 59 | TR1 30 | TR2 29
92.1406 	DATA 	Keypress: 5
92.1406 	DATA 	TR 60 | TR1 30 | TR2 30
92.9405 	DATA 	Target presented
93.4738 	DATA 	Keypress: 1
93.4739 	DATA 	Key1 pressed
93.4739 	DATA 	Target detected
93.7071 	DATA 	Keypress: 5
93.7072 	DATA 	TR 61 | TR1 31 | TR2 30
95.2570 	DATA 	Keypress: 5
95.2570 	DATA 	TR 62 | TR1 31 | TR2 31
96.8235 	DATA 	Keypress: 5
96.8236 	DATA 	TR 63 | TR1 32 | TR2 31
97.6067 	DATA 	
97.6067 	DATA 	Trial complete
97.6067 	DATA 	Waiting for VASO trigger to start next trial
97.6068 	DATA 	
98.3900 	DATA 	Keypress: 5
98.3901 	DATA 	TR 64 | TR1 32 | TR2 32
99.9566 	DATA 	Keypress: 5
99.9566 	DATA 	Waited 2.3498568534851074 seconds for trigger
99.9574 	DATA 	
99.9574 	DATA 	Trial 2
99.9574 	DATA 	stimDur = 12.0
99.9574 	DATA 	jitter = 0.0
99.9574 	DATA 	restDur = 30.0

99.9574 	DATA 	
99.9574 	DATA 	TR 65 | TR1 33 | TR2 32
99.9574 	DATA 	
99.9574 	DATA 	stimulation started
99.9574 	DATA 	
101.5065 	DATA 	Keypress: 5
101.5065 	DATA 	TR 66 | TR1 33 | TR2 33
103.0730 	DATA 	Keypress: 5
103.0731 	DATA 	TR 67 | TR1 34 | TR2 33
104.6228 	DATA 	Keypress: 5
104.6229 	DATA 	TR 68 | TR1 34 | TR2 34
106.2060 	DATA 	Keypress: 5
106.2061 	DATA 	TR 69 | TR1 35 | TR2 34
107.7559 	DATA 	Keypress: 5
107.7559 	DATA 	TR 70 | TR1 35 | TR2 35
109.3224 	DATA 	Keypress: 5
109.3225 	DATA 	TR 71 | TR1 36 | TR2 35
110.8723 	DATA 	Keypress: 5
110.8723 	DATA 	TR 72 | TR1 36 | TR2 36
111.9721 	DATA 	
111.9721 	DATA 	stimulation stopped
111.9721 	DATA 	
112.4554 	DATA 	Keypress: 5
112.4555 	DATA 	TR 73 | TR1 37 | TR2 36
114.0053 	DATA 	Keypress: 5
114.0053 	DATA 	TR 74 | TR1 37 | TR2 37
115.5719 	DATA 	Keypress: 5
115.5720 	DATA 	TR 75 | TR1 38 | TR2 37
117.1216 	DATA 	Keypress: 5
117.1217 	DATA 	TR 76 | TR1 38 | TR2 38
118.6882 	DATA 	Keypress: 5
118.6882 	DATA 	TR 77 | TR1 39 | TR2 38
120.2380 	DATA 	Keypress: 5
120.2381 	DATA 	TR 78 | TR1 39 | TR2 39
121.8212 	DATA 	Keypress: 5
121.8213 	DATA 	TR 79 | TR1 40 | TR2 39
123.3710 	DATA 	Keypress: 5
123.3711 	DATA 	TR 80 | TR1 40 | TR2 40
124.9376 	DATA 	Keypress: 5
124.9377 	DATA 	TR 81 | TR1 41 | TR2 40
126.4875 	DATA 	Keypress: 5
126.4875 	DATA 	TR 82 | TR1 41 | TR2 41
128.0707 	DATA 	Keypress: 5
128.0707 	DATA 	TR 83 | TR1 42 | TR2 41
129.6205 	DATA 	Keypress: 5
129.6205 	DATA 	TR 84 | TR1 42 | TR2 42
131.1871 	DATA 	Keypress: 5
131.1871 	DATA 	TR 85 | TR1 43 | TR2 42
132.7367 	DATA 	Keypress: 5
132.7367 	DATA 	TR 86 | TR1 43 | TR2 43
134.3035 	DATA 	Keypress: 5
134.3035 	DATA 	TR 87 | TR1 44 | TR2 43
135.8699 	DATA 	Keypress: 5
135.8700 	DATA 	TR 88 | TR1 44 | TR2 44
137.4365 	DATA 	Keypress: 5
137.4365 	DATA 	TR 89 | TR1 45 | TR2 44
138.9863 	DATA 	Keypress: 5
138.9864 	DATA 	TR 90 | TR1 45 | TR2 45
140.5529 	DATA 	Keypress: 5
140.5529 	DATA 	TR 91 | TR1 46 | TR2 45
141.9693 	DATA 	
141.9694 	DATA 	Trial complete
141.9694 	DATA 	Waiting for VASO trigger to start next trial
141.9694 	DATA 	
142.1027 	DATA 	Keypress: 5
142.1027 	DATA 	TR 92 | TR1 46 | TR2 46
143.6859 	DATA 	Keypress: 5
143.6860 	DATA 	Waited 1.7166039943695068 seconds for trigger
143.6867 	DATA 	
143.6868 	DATA 	Trial 3
143.6868 	DATA 	stimDur = 24.0
143.6868 	DATA 	jitter = 1.5705
143.6868 	DATA 	restDur = 40.0

143.6868 	DATA 	
143.6868 	DATA 	TR 93 | TR1 47 | TR2 46
145.2357 	DATA 	Keypress: 5
145.2358 	DATA 	TR 94 | TR1 47 | TR2 47
145.2690 	DATA 	
145.2691 	DATA 	stimulation started
145.2691 	DATA 	
146.8023 	DATA 	Keypress: 5
146.8024 	DATA 	TR 95 | TR1 48 | TR2 47
148.3523 	DATA 	Keypress: 5
148.3524 	DATA 	TR 96 | TR1 48 | TR2 48
149.9195 	DATA 	Keypress: 5
149.9355 	DATA 	TR 97 | TR1 49 | TR2 48
151.4852 	DATA 	Keypress: 5
151.4853 	DATA 	TR 98 | TR1 49 | TR2 49
153.0518 	DATA 	Keypress: 5
153.0518 	DATA 	TR 99 | TR1 50 | TR2 49
154.6016 	DATA 	Keypress: 5
154.6017 	DATA 	TR 100 | TR1 50 | TR2 50
156.1681 	DATA 	Keypress: 5
156.1682 	DATA 	TR 101 | TR1 51 | TR2 50
157.7187 	DATA 	Keypress: 5
157.7346 	DATA 	TR 102 | TR1 51 | TR2 51
159.3012 	DATA 	Keypress: 5
159.3013 	DATA 	TR 103 | TR1 52 | TR2 51
160.8510 	DATA 	Keypress: 5
160.8511 	DATA 	TR 104 | TR1 52 | TR2 52
162.4176 	DATA 	Keypress: 5
162.4177 	DATA 	TR 105 | TR1 53 | TR2 52
163.9674 	DATA 	Keypress: 5
163.9675 	DATA 	TR 106 | TR1 53 | TR2 53
165.5507 	DATA 	Keypress: 5
165.5507 	DATA 	TR 107 | TR1 54 | TR2 53
167.1005 	DATA 	Keypress: 5
167.1005 	DATA 	TR 108 | TR1 54 | TR2 54
168.6670 	DATA 	Keypress: 5
168.6671 	DATA 	TR 109 | TR1 55 | TR2 54
169.2669 	DATA 	
169.2669 	DATA 	stimulation stopped
169.2669 	DATA 	
170.2168 	DATA 	Keypress: 5
170.2168 	DATA 	TR 110 | TR1 55 | TR2 55
171.1501 	DATA 	Target presented
171.7834 	DATA 	Keypress: 1
171.7834 	DATA 	Keypress: 5
171.7835 	DATA 	Key1 pressed
171.7835 	DATA 	Target detected
171.7835 	DATA 	TR 111 | TR1 56 | TR2 55
173.3498 	DATA 	Keypress: 5
173.3499 	DATA 	TR 112 | TR1 56 | TR2 56
174.9165 	DATA 	Keypress: 5
174.9166 	DATA 	TR 113 | TR1 57 | TR2 56
176.4663 	DATA 	Keypress: 5
176.4664 	DATA 	TR 114 | TR1 57 | TR2 57
178.0327 	DATA 	Keypress: 5
178.0328 	DATA 	TR 115 | TR1 58 | TR2 57
179.5827 	DATA 	Keypress: 5
179.5828 	DATA 	TR 116 | TR1 58 | TR2 58
181.1658 	DATA 	Keypress: 5
181.1659 	DATA 	TR 117 | TR1 59 | TR2 58
182.7157 	DATA 	Keypress: 5
182.7157 	DATA 	TR 118 | TR1 59 | TR2 59
184.2822 	DATA 	Keypress: 5
184.2823 	DATA 	TR 119 | TR1 60 | TR2 59
185.8319 	DATA 	Keypress: 5
185.8319 	DATA 	TR 120 | TR1 60 | TR2 60
187.4153 	DATA 	Keypress: 5
187.4153 	DATA 	TR 121 | TR1 61 | TR2 60
188.9651 	DATA 	Keypress: 5
188.9652 	DATA 	TR 122 | TR1 61 | TR2 61
190.5316 	DATA 	Keypress: 5
190.5317 	DATA 	TR 123 | TR1 62 | TR2 61
192.0815 	DATA 	Keypress: 5
192.0815 	DATA 	TR 124 | TR1 62 | TR2 62
193.6482 	DATA 	Keypress: 5
193.6482 	DATA 	TR 125 | TR1 63 | TR2 62
195.1985 	DATA 	Keypress: 5
195.2145 	DATA 	TR 126 | TR1 63 | TR2 63
196.7811 	DATA 	Keypress: 5
196.7811 	DATA 	TR 127 | TR1 64 | TR2 63
198.3309 	DATA 	Keypress: 5
198.3310 	DATA 	TR 128 | TR1 64 | TR2 64
199.8975 	DATA 	Keypress: 5
199.8975 	DATA 	TR 129 | TR1 65 | TR2 64
201.4473 	DATA 	Keypress: 5
201.4473 	DATA 	TR 130 | TR1 65 | TR2 65
203.0306 	DATA 	Keypress: 5
203.0307 	DATA 	TR 131 | TR1 66 | TR2 65
204.5803 	DATA 	Keypress: 5
204.5804 	DATA 	TR 132 | TR1 66 | TR2 66
206.1471 	DATA 	Keypress: 5
206.1471 	DATA 	TR 133 | TR1 67 | TR2 66
207.6967 	DATA 	Keypress: 5
207.6968 	DATA 	TR 134 | TR1 67 | TR2 67
209.2631 	DATA 	
209.2631 	DATA 	Trial complete
209.2632 	DATA 	Waiting for VASO trigger to start next trial
209.2632 	DATA 	
209.2638 	DATA 	Keypress: 5
209.2799 	DATA 	Waited 0.016700029373168945 seconds for trigger
209.2806 	DATA 	
209.2806 	DATA 	Trial 4
209.2806 	DATA 	stimDur = 1.0
209.2807 	DATA 	jitter = 2.35575
209.2807 	DATA 	restDur = 20.0

209.2807 	DATA 	
209.2807 	DATA 	TR 135 | TR1 68 | TR2 67
210.8298 	DATA 	Keypress: 5
210.8298 	DATA 	TR 136 | TR1 68 | TR2 68
211.6463 	DATA 	
211.6463 	DATA 	stimulation started
211.6464 	DATA 	
212.3965 	DATA 	Keypress: 5
212.3966 	DATA 	TR 137 | TR1 69 | TR2 68
212.6463 	DATA 	
212.6463 	DATA 	stimulation stopped
212.6463 	DATA 	
213.9462 	DATA 	Keypress: 5
213.9462 	DATA 	TR 138 | TR1 69 | TR2 69
215.5127 	DATA 	Keypress: 5
215.5128 	DATA 	TR 139 | TR1 70 | TR2 69
217.0625 	DATA 	Keypress: 5
217.0626 	DATA 	TR 140 | TR1 70 | TR2 70
218.6458 	DATA 	Keypress: 5
218.6458 	DATA 	TR 141 | TR1 71 | TR2 70
220.1956 	DATA 	Keypress: 5
220.1956 	DATA 	TR 142 | TR1 71 | TR2 71
221.7621 	DATA 	Keypress: 5
221.7622 	DATA 	TR 143 | TR1 72 | TR2 71
223.3119 	DATA 	Keypress: 5
223.3120 	DATA 	TR 144 | TR1 72 | TR2 72
224.8952 	DATA 	Keypress: 5
224.8952 	DATA 	TR 145 | TR1 73 | TR2 72
226.4450 	DATA 	Keypress: 5
226.4451 	DATA 	TR 146 | TR1 73 | TR2 73
228.0116 	DATA 	Keypress: 5
228.0116 	DATA 	TR 147 | TR1 74 | TR2 73
229.5616 	DATA 	Keypress: 5
229.5616 	DATA 	TR 148 | TR1 74 | TR2 74
231.1280 	DATA 	Keypress: 5
231.1280 	DATA 	TR 149 | TR1 75 | TR2 74
232.6444 	DATA 	
232.6444 	DATA 	Trial complete
232.6445 	DATA 	Waiting for VASO trigger to start next trial
232.6445 	DATA 	
232.6945 	DATA 	Keypress: 5
232.6945 	DATA 	TR 150 | TR1 75 | TR2 75
234.2610 	DATA 	Keypress: 5
234.2611 	DATA 	Waited 1.6166059970855713 seconds for trigger
234.2618 	DATA 	
234.2618 	DATA 	Trial 5
234.2618 	DATA 	stimDur = 12.0
234.2618 	DATA 	jitter = 0.78525
234.2619 	DATA 	restDur = 30.0

234.2619 	DATA 	
234.2619 	DATA 	TR 151 | TR1 76 | TR2 75
235.0609 	DATA 	
235.0609 	DATA 	stimulation started
235.0609 	DATA 	
235.8110 	DATA 	Keypress: 5
235.8111 	DATA 	TR 152 | TR1 76 | TR2 76
237.3774 	DATA 	Keypress: 5
237.3775 	DATA 	TR 153 | TR1 77 | TR2 76
238.9273 	DATA 	Keypress: 5
238.9273 	DATA 	TR 154 | TR1 77 | TR2 77
240.5105 	DATA 	Keypress: 5
240.5106 	DATA 	TR 155 | TR1 78 | TR2 77
242.0603 	DATA 	Keypress: 5
242.0604 	DATA 	TR 156 | TR1 78 | TR2 78
243.6269 	DATA 	Keypress: 5
243.6269 	DATA 	TR 157 | TR1 79 | TR2 78
245.1767 	DATA 	Keypress: 5
245.1768 	DATA 	TR 158 | TR1 79 | TR2 79
246.7266 	DATA 	Target presented
246.7600 	DATA 	Keypress: 5
246.7601 	DATA 	TR 159 | TR1 80 | TR2 79
247.0598 	DATA 	
247.0598 	DATA 	stimulation stopped
247.0598 	DATA 	
247.2432 	DATA 	Keypress: 1
247.2432 	DATA 	Key1 pressed
247.2432 	DATA 	Target detected
248.3097 	DATA 	Keypress: 5
248.3097 	DATA 	TR 160 | TR1 80 | TR2 80
249.8764 	DATA 	Keypress: 5
249.8765 	DATA 	TR 161 | TR1 81 | TR2 80
251.4262 	DATA 	Keypress: 5
251.4262 	DATA 	TR 162 | TR1 81 | TR2 81
252.9927 	DATA 	Keypress: 5
252.9927 	DATA 	TR 163 | TR1 82 | TR2 81
254.5431 	DATA 	Keypress: 5
254.5591 	DATA 	TR 164 | TR1 82 | TR2 82
256.1257 	DATA 	Keypress: 5
256.1257 	DATA 	TR 165 | TR1 83 | TR2 82
257.6755 	DATA 	Keypress: 5
257.6756 	DATA 	TR 166 | TR1 83 | TR2 83
259.2421 	DATA 	Keypress: 5
259.2421 	DATA 	TR 167 | TR1 84 | TR2 83
260.7919 	DATA 	Keypress: 5
260.7919 	DATA 	TR 168 | TR1 84 | TR2 84
262.3751 	DATA 	Keypress: 5
262.3752 	DATA 	TR 169 | TR1 85 | TR2 84
263.9249 	DATA 	Keypress: 5
263.9250 	DATA 	TR 170 | TR1 85 | TR2 85
265.4915 	DATA 	Keypress: 5
265.4915 	DATA 	TR 171 | TR1 86 | TR2 85
267.0413 	DATA 	Keypress: 5
267.0414 	DATA 	TR 172 | TR1 86 | TR2 86
268.6079 	DATA 	Keypress: 5
268.6079 	DATA 	TR 173 | TR1 87 | TR2 86
270.1744 	DATA 	Keypress: 5
270.1744 	DATA 	TR 174 | TR1 87 | TR2 87
271.7409 	DATA 	Keypress: 5
271.7410 	DATA 	TR 175 | TR1 88 | TR2 87
273.2908 	DATA 	Keypress: 5
273.2908 	DATA 	TR 176 | TR1 88 | TR2 88
274.8572 	DATA 	Keypress: 5
274.8573 	DATA 	TR 177 | TR1 89 | TR2 88
276.4071 	DATA 	Keypress: 5
276.4072 	DATA 	TR 178 | TR1 89 | TR2 89
277.0570 	DATA 	
277.0571 	DATA 	Trial complete
277.0571 	DATA 	Waiting for VASO trigger to start next trial
277.0571 	DATA 	
277.9903 	DATA 	Keypress: 5
277.9904 	DATA 	Waited 0.9333231449127197 seconds for trigger
277.9912 	DATA 	
277.9912 	DATA 	Trial 6
277.9912 	DATA 	stimDur = 2.0
277.9912 	DATA 	jitter = 0.78525
277.9912 	DATA 	restDur = 22.0

277.9912 	DATA 	
277.9912 	DATA 	TR 179 | TR1 90 | TR2 89
278.7902 	DATA 	
278.7902 	DATA 	stimulation started
278.7902 	DATA 	
279.5403 	DATA 	Keypress: 5
279.5403 	DATA 	TR 180 | TR1 90 | TR2 90
280.7901 	DATA 	
280.7901 	DATA 	stimulation stopped
280.7901 	DATA 	
281.1067 	DATA 	Keypress: 5
281.1068 	DATA 	TR 181 | TR1 91 | TR2 90
282.6566 	DATA 	Keypress: 5
282.6566 	DATA 	TR 182 | TR1 91 | TR2 91
284.2398 	DATA 	Keypress: 5
284.2398 	DATA 	TR 183 | TR1 92 | TR2 91
285.7896 	DATA 	Keypress: 5
285.7897 	DATA 	TR 184 | TR1 92 | TR2 92
287.3562 	DATA 	Keypress: 5
287.3562 	DATA 	TR 185 | TR1 93 | TR2 92
288.9060 	DATA 	Keypress: 5
288.9061 	DATA 	TR 186 | TR1 93 | TR2 93
290.4726 	DATA 	Keypress: 5
290.4726 	DATA 	TR 187 | TR1 94 | TR2 93
292.0225 	DATA 	Keypress: 5
292.0226 	DATA 	TR 188 | TR1 94 | TR2 94
293.6056 	DATA 	Keypress: 5
293.6057 	DATA 	TR 189 | TR1 95 | TR2 94
295.1554 	DATA 	Keypress: 5
295.1554 	DATA 	TR 190 | TR1 95 | TR2 95
296.7220 	DATA 	Keypress: 5
296.7221 	DATA 	TR 191 | TR1 96 | TR2 95
298.2718 	DATA 	Keypress: 5
298.2719 	DATA 	TR 192 | TR1 96 | TR2 96
299.8551 	DATA 	Keypress: 5
299.8551 	DATA 	TR 193 | TR1 97 | TR2 96
301.4049 	DATA 	Keypress: 5
301.4049 	DATA 	TR 194 | TR1 97 | TR2 97
302.7881 	DATA 	
302.7881 	DATA 	Trial complete
302.7881 	DATA 	Waiting for VASO trigger to start next trial
302.7881 	DATA 	
302.9714 	DATA 	Keypress: 5
302.9715 	DATA 	Waited 0.18340611457824707 seconds for trigger
302.9723 	DATA 	
302.9723 	DATA 	Trial 7
302.9723 	DATA 	stimDur = 2.0
302.9723 	DATA 	jitter = 0.0
302.9723 	DATA 	restDur = 22.0

302.9723 	DATA 	
302.9723 	DATA 	TR 195 | TR1 98 | TR2 97
302.9723 	DATA 	
302.9723 	DATA 	stimulation started
302.9723 	DATA 	
304.5213 	DATA 	Keypress: 5
304.5214 	DATA 	TR 196 | TR1 98 | TR2 98
304.9879 	DATA 	
304.9879 	DATA 	stimulation stopped
304.9879 	DATA 	
306.0884 	DATA 	Keypress: 5
306.1044 	DATA 	TR 197 | TR1 99 | TR2 98
307.6543 	DATA 	Keypress: 5
307.6544 	DATA 	TR 198 | TR1 99 | TR2 99
309.2209 	DATA 	Keypress: 5
309.2209 	DATA 	TR 199 | TR1 100 | TR2 99
310.7708 	DATA 	Keypress: 5
310.7709 	DATA 	TR 200 | TR1 100 | TR2 100
312.3373 	DATA 	Keypress: 5
312.3373 	DATA 	TR 201 | TR1 101 | TR2 100
313.8870 	DATA 	Keypress: 5
313.8871 	DATA 	TR 202 | TR1 101 | TR2 101
315.4703 	DATA 	Keypress: 5
315.4704 	DATA 	TR 203 | TR1 102 | TR2 101
317.0203 	DATA 	Keypress: 5
317.0203 	DATA 	TR 204 | TR1 102 | TR2 102
318.4533 	DATA 	Target presented
318.5869 	DATA 	Keypress: 5
318.5869 	DATA 	TR 205 | TR1 103 | TR2 102
319.2033 	DATA 	Keypress: 1
319.2033 	DATA 	Key1 pressed
319.2033 	DATA 	Target detected
320.1365 	DATA 	Keypress: 5
320.1366 	DATA 	TR 206 | TR1 103 | TR2 103
321.7197 	DATA 	Keypress: 5
321.7198 	DATA 	TR 207 | TR1 104 | TR2 103
323.2696 	DATA 	Keypress: 5
323.2696 	DATA 	TR 208 | TR1 104 | TR2 104
324.8361 	DATA 	Keypress: 5
324.8362 	DATA 	TR 209 | TR1 105 | TR2 104
326.3860 	DATA 	Keypress: 5
326.3860 	DATA 	TR 210 | TR1 105 | TR2 105
326.9859 	DATA 	
326.9859 	DATA 	Trial complete
326.9859 	DATA 	Waiting for VASO trigger to start next trial
326.9859 	DATA 	
327.9525 	DATA 	Keypress: 5
327.9526 	DATA 	Waited 0.9666609764099121 seconds for trigger
327.9533 	DATA 	
327.9533 	DATA 	Trial 8
327.9533 	DATA 	stimDur = 2.0
327.9533 	DATA 	jitter = 1.5705
327.9533 	DATA 	restDur = 22.0

327.9533 	DATA 	
327.9533 	DATA 	TR 211 | TR1 106 | TR2 105
329.5030 	DATA 	Keypress: 5
329.5190 	DATA 	TR 212 | TR1 106 | TR2 106
329.5357 	DATA 	
329.5357 	DATA 	stimulation started
329.5357 	DATA 	
331.0856 	DATA 	Keypress: 5
331.0856 	DATA 	TR 213 | TR1 107 | TR2 106
331.5355 	DATA 	
331.5355 	DATA 	stimulation stopped
331.5355 	DATA 	
332.6354 	DATA 	Keypress: 5
332.6355 	DATA 	TR 214 | TR1 107 | TR2 107
334.2018 	DATA 	Keypress: 5
334.2019 	DATA 	TR 215 | TR1 108 | TR2 107
335.7518 	DATA 	Keypress: 5
335.7519 	DATA 	TR 216 | TR1 108 | TR2 108
337.3350 	DATA 	Keypress: 5
337.3350 	DATA 	TR 217 | TR1 109 | TR2 108
338.8849 	DATA 	Keypress: 5
338.8849 	DATA 	TR 218 | TR1 109 | TR2 109
340.4514 	DATA 	Keypress: 5
340.4514 	DATA 	TR 219 | TR1 110 | TR2 109
342.0013 	DATA 	Keypress: 5
342.0013 	DATA 	TR 220 | TR1 110 | TR2 110
343.5844 	DATA 	Keypress: 5
343.5844 	DATA 	TR 221 | TR1 111 | TR2 110
345.1343 	DATA 	Keypress: 5
345.1344 	DATA 	TR 222 | TR1 111 | TR2 111
346.7008 	DATA 	Keypress: 5
346.7008 	DATA 	TR 223 | TR1 112 | TR2 111
348.2507 	DATA 	Keypress: 5
348.2507 	DATA 	TR 224 | TR1 112 | TR2 112
349.8172 	DATA 	Keypress: 5
349.8172 	DATA 	TR 225 | TR1 113 | TR2 112
351.3671 	DATA 	Keypress: 5
351.3671 	DATA 	TR 226 | TR1 113 | TR2 113
352.9502 	DATA 	Keypress: 5
352.9503 	DATA 	TR 227 | TR1 114 | TR2 113
353.5335 	DATA 	
353.5335 	DATA 	Trial complete
353.5335 	DATA 	Waiting for VASO trigger to start next trial
353.5335 	DATA 	
354.5001 	DATA 	Keypress: 5
354.5002 	DATA 	TR 228 | TR1 114 | TR2 114
356.0666 	DATA 	Keypress: 5
356.0667 	DATA 	Waited 2.5331709384918213 seconds for trigger
356.0674 	DATA 	
356.0675 	DATA 	Trial 9
356.0675 	DATA 	stimDur = 12.0
356.0675 	DATA 	jitter = 1.5705
356.0675 	DATA 	restDur = 30.0

356.0675 	DATA 	
356.0675 	DATA 	TR 229 | TR1 115 | TR2 114
357.6165 	DATA 	Keypress: 5
357.6166 	DATA 	TR 230 | TR1 115 | TR2 115
357.6498 	DATA 	
357.6498 	DATA 	stimulation started
357.6498 	DATA 	
359.1997 	DATA 	Keypress: 5
359.1998 	DATA 	TR 231 | TR1 116 | TR2 115
360.7496 	DATA 	Keypress: 5
360.7497 	DATA 	TR 232 | TR1 116 | TR2 116
362.3161 	DATA 	Keypress: 5
362.3162 	DATA 	TR 233 | TR1 117 | TR2 116
363.8660 	DATA 	Keypress: 5
363.8660 	DATA 	TR 234 | TR1 117 | TR2 117
365.4326 	DATA 	Keypress: 5
365.4327 	DATA 	TR 235 | TR1 118 | TR2 117
366.9992 	DATA 	Keypress: 5
366.9992 	DATA 	TR 236 | TR1 118 | TR2 118
368.5655 	DATA 	Keypress: 5
368.5656 	DATA 	TR 237 | TR1 119 | TR2 118
369.6487 	DATA 	
369.6488 	DATA 	stimulation stopped
369.6488 	DATA 	
370.1154 	DATA 	Keypress: 5
370.1154 	DATA 	TR 238 | TR1 119 | TR2 119
371.6819 	DATA 	Keypress: 5
371.6819 	DATA 	TR 239 | TR1 120 | TR2 119
373.2318 	DATA 	Keypress: 5
373.2318 	DATA 	TR 240 | TR1 120 | TR2 120
374.8149 	DATA 	Keypress: 5
374.8150 	DATA 	TR 241 | TR1 121 | TR2 120
376.3648 	DATA 	Keypress: 5
376.3648 	DATA 	TR 242 | TR1 121 | TR2 121
377.9313 	DATA 	Keypress: 5
377.9314 	DATA 	TR 243 | TR1 122 | TR2 121
379.4812 	DATA 	Keypress: 5
379.4812 	DATA 	TR 244 | TR1 122 | TR2 122
381.0483 	DATA 	Keypress: 5
381.0643 	DATA 	TR 245 | TR1 123 | TR2 122
382.6142 	DATA 	Keypress: 5
382.6143 	DATA 	TR 246 | TR1 123 | TR2 123
384.1809 	DATA 	Keypress: 5
384.1809 	DATA 	TR 247 | TR1 124 | TR2 123
385.7306 	DATA 	Keypress: 5
385.7307 	DATA 	TR 248 | TR1 124 | TR2 124
387.2971 	DATA 	Keypress: 5
387.2972 	DATA 	TR 249 | TR1 125 | TR2 124
388.8476 	DATA 	Keypress: 5
388.8636 	DATA 	TR 250 | TR1 125 | TR2 125
390.4302 	DATA 	Keypress: 5
390.4302 	DATA 	TR 251 | TR1 126 | TR2 125
390.6135 	DATA 	Target presented
391.3301 	DATA 	Keypress: 1
391.3301 	DATA 	Key1 pressed
391.3302 	DATA 	Target detected
391.9801 	DATA 	Keypress: 5
391.9801 	DATA 	TR 252 | TR1 126 | TR2 126
393.5466 	DATA 	Keypress: 5
393.5466 	DATA 	TR 253 | TR1 127 | TR2 126
395.0965 	DATA 	Keypress: 5
395.0965 	DATA 	TR 254 | TR1 127 | TR2 127
396.6796 	DATA 	Keypress: 5
396.6797 	DATA 	TR 255 | TR1 128 | TR2 127
398.2295 	DATA 	Keypress: 5
398.2296 	DATA 	TR 256 | TR1 128 | TR2 128
399.6460 	DATA 	
399.6460 	DATA 	Trial complete
399.6460 	DATA 	Waiting for VASO trigger to start next trial
399.6460 	DATA 	
399.7961 	DATA 	Keypress: 5
399.7962 	DATA 	Waited 0.15019702911376953 seconds for trigger
399.7970 	DATA 	
399.7970 	DATA 	Trial 10
399.7970 	DATA 	stimDur = 4.0
399.7970 	DATA 	jitter = 0.78525
399.7970 	DATA 	restDur = 24.0

399.7970 	DATA 	
399.7970 	DATA 	TR 257 | TR1 129 | TR2 128
400.5959 	DATA 	
400.5959 	DATA 	stimulation started
400.5959 	DATA 	
401.3459 	DATA 	Keypress: 5
401.3460 	DATA 	TR 258 | TR1 129 | TR2 129
402.9124 	DATA 	Keypress: 5
402.9125 	DATA 	TR 259 | TR1 130 | TR2 129
404.4790 	DATA 	Keypress: 5
404.4791 	DATA 	TR 260 | TR1 130 | TR2 130
404.5956 	DATA 	
404.5956 	DATA 	stimulation stopped
404.5956 	DATA 	
406.0454 	DATA 	Keypress: 5
406.0455 	DATA 	TR 261 | TR1 131 | TR2 130
407.5953 	DATA 	Keypress: 5
407.5954 	DATA 	TR 262 | TR1 131 | TR2 131
409.1618 	DATA 	Keypress: 5
409.1619 	DATA 	TR 263 | TR1 132 | TR2 131
410.7117 	DATA 	Keypress: 5
410.7118 	DATA 	TR 264 | TR1 132 | TR2 132
412.2951 	DATA 	Keypress: 5
412.2951 	DATA 	TR 265 | TR1 133 | TR2 132
413.8447 	DATA 	Keypress: 5
413.8448 	DATA 	TR 266 | TR1 133 | TR2 133
415.4112 	DATA 	Keypress: 5
415.4113 	DATA 	TR 267 | TR1 134 | TR2 133
416.9610 	DATA 	Keypress: 5
416.9611 	DATA 	TR 268 | TR1 134 | TR2 134
418.5443 	DATA 	Keypress: 5
418.5444 	DATA 	TR 269 | TR1 135 | TR2 134
420.0942 	DATA 	Keypress: 5
420.0943 	DATA 	TR 270 | TR1 135 | TR2 135
421.6607 	DATA 	Keypress: 5
421.6607 	DATA 	TR 271 | TR1 136 | TR2 135
423.2106 	DATA 	Keypress: 5
423.2106 	DATA 	TR 272 | TR1 136 | TR2 136
424.7772 	DATA 	Keypress: 5
424.7773 	DATA 	TR 273 | TR1 137 | TR2 136
426.3270 	DATA 	Keypress: 5
426.3270 	DATA 	TR 274 | TR1 137 | TR2 137
427.9101 	DATA 	Keypress: 5
427.9102 	DATA 	TR 275 | TR1 138 | TR2 137
428.5933 	DATA 	
428.5933 	DATA 	Trial complete
428.5934 	DATA 	Waiting for VASO trigger to start next trial
428.5934 	DATA 	
429.4600 	DATA 	Keypress: 5
429.4600 	DATA 	TR 276 | TR1 138 | TR2 138
431.0265 	DATA 	Keypress: 5
431.0266 	DATA 	Waited 2.433216094970703 seconds for trigger
431.0274 	DATA 	
431.0274 	DATA 	Trial 11
431.0274 	DATA 	stimDur = 4.0
431.0274 	DATA 	jitter = 2.35575
431.0274 	DATA 	restDur = 24.0

431.0274 	DATA 	
431.0274 	DATA 	TR 277 | TR1 139 | TR2 138
432.5764 	DATA 	Keypress: 5
432.5765 	DATA 	TR 278 | TR1 139 | TR2 139
433.3929 	DATA 	
433.3929 	DATA 	stimulation started
433.3929 	DATA 	
434.1596 	DATA 	Keypress: 5
434.1597 	DATA 	TR 279 | TR1 140 | TR2 139
435.7095 	DATA 	Keypress: 5
435.7095 	DATA 	TR 280 | TR1 140 | TR2 140
436.6094 	DATA 	Target presented
437.0927 	DATA 	Keypress: 1
437.0927 	DATA 	Key1 pressed
437.0927 	DATA 	Target detected
437.2760 	DATA 	Keypress: 5
437.2760 	DATA 	TR 281 | TR1 141 | TR2 140
437.3926 	DATA 	
437.3926 	DATA 	stimulation stopped
437.3926 	DATA 	
438.8258 	DATA 	Keypress: 5
438.8259 	DATA 	TR 282 | TR1 141 | TR2 141
440.3929 	DATA 	Keypress: 5
440.4090 	DATA 	TR 283 | TR1 142 | TR2 141
441.9589 	DATA 	Keypress: 5
441.9590 	DATA 	TR 284 | TR1 142 | TR2 142
443.5254 	DATA 	Keypress: 5
443.5254 	DATA 	TR 285 | TR1 143 | TR2 142
445.0752 	DATA 	Keypress: 5
445.0753 	DATA 	TR 286 | TR1 143 | TR2 143
446.6418 	DATA 	Keypress: 5
446.6418 	DATA 	TR 287 | TR1 144 | TR2 143
448.1916 	DATA 	Keypress: 5
448.1917 	DATA 	TR 288 | TR1 144 | TR2 144
449.7748 	DATA 	Keypress: 5
449.7748 	DATA 	TR 289 | TR1 145 | TR2 144
451.3247 	DATA 	Keypress: 5
451.3248 	DATA 	TR 290 | TR1 145 | TR2 145
452.8912 	DATA 	Keypress: 5
452.8912 	DATA 	TR 291 | TR1 146 | TR2 145
454.4411 	DATA 	Keypress: 5
454.4411 	DATA 	TR 292 | TR1 146 | TR2 146
456.0242 	DATA 	Keypress: 5
456.0243 	DATA 	TR 293 | TR1 147 | TR2 146
457.5741 	DATA 	Keypress: 5
457.5742 	DATA 	TR 294 | TR1 147 | TR2 147
459.1406 	DATA 	Keypress: 5
459.1407 	DATA 	TR 295 | TR1 148 | TR2 147
460.6905 	DATA 	Keypress: 5
460.6906 	DATA 	TR 296 | TR1 148 | TR2 148
461.3904 	DATA 	
461.3904 	DATA 	Trial complete
461.3904 	DATA 	Waiting for VASO trigger to start next trial
461.3904 	DATA 	
462.2569 	DATA 	Keypress: 5
462.2570 	DATA 	Waited 0.8665478229522705 seconds for trigger
462.2578 	DATA 	
462.2578 	DATA 	Trial 12
462.2578 	DATA 	stimDur = 24.0
462.2578 	DATA 	jitter = 0.0
462.2578 	DATA 	restDur = 40.0

462.2578 	DATA 	
462.2578 	DATA 	TR 297 | TR1 149 | TR2 148
462.2578 	DATA 	
462.2578 	DATA 	stimulation started
462.2578 	DATA 	
463.8077 	DATA 	Keypress: 5
463.8236 	DATA 	TR 298 | TR1 149 | TR2 149
465.3901 	DATA 	Keypress: 5
465.3902 	DATA 	TR 299 | TR1 150 | TR2 149
466.9400 	DATA 	Keypress: 5
466.9401 	DATA 	TR 300 | TR1 150 | TR2 150
468.5065 	DATA 	Keypress: 5
468.5066 	DATA 	TR 301 | TR1 151 | TR2 150
470.0564 	DATA 	Keypress: 5
470.0565 	DATA 	TR 302 | TR1 151 | TR2 151
471.6396 	DATA 	Keypress: 5
471.6397 	DATA 	TR 303 | TR1 152 | TR2 151
473.1895 	DATA 	Keypress: 5
473.1895 	DATA 	TR 304 | TR1 152 | TR2 152
474.7559 	DATA 	Keypress: 5
474.7560 	DATA 	TR 305 | TR1 153 | TR2 152
476.3058 	DATA 	Keypress: 5
476.3059 	DATA 	TR 306 | TR1 153 | TR2 153
477.8733 	DATA 	Keypress: 5
477.8889 	DATA 	TR 307 | TR1 154 | TR2 153
479.4389 	DATA 	Keypress: 5
479.4389 	DATA 	TR 308 | TR1 154 | TR2 154
480.9387 	DATA 	Target presented
481.0054 	DATA 	Keypress: 5
481.0054 	DATA 	TR 309 | TR1 155 | TR2 154
481.7220 	DATA 	Keypress: 1
481.7221 	DATA 	Key1 pressed
481.7221 	DATA 	Target detected
482.5552 	DATA 	Keypress: 5
482.5553 	DATA 	TR 310 | TR1 155 | TR2 155
484.1218 	DATA 	Keypress: 5
484.1218 	DATA 	TR 311 | TR1 156 | TR2 155
485.6717 	DATA 	Keypress: 5
485.6717 	DATA 	TR 312 | TR1 156 | TR2 156
486.2715 	DATA 	
486.2716 	DATA 	stimulation stopped
486.2716 	DATA 	
487.2548 	DATA 	Keypress: 5
487.2548 	DATA 	TR 313 | TR1 157 | TR2 156
488.8046 	DATA 	Keypress: 5
488.8047 	DATA 	TR 314 | TR1 157 | TR2 157
490.3712 	DATA 	Keypress: 5
490.3713 	DATA 	TR 315 | TR1 158 | TR2 157
491.9210 	DATA 	Keypress: 5
491.9211 	DATA 	TR 316 | TR1 158 | TR2 158
493.5043 	DATA 	Keypress: 5
493.5044 	DATA 	TR 317 | TR1 159 | TR2 158
495.0541 	DATA 	Keypress: 5
495.0542 	DATA 	TR 318 | TR1 159 | TR2 159
496.6206 	DATA 	Keypress: 5
496.6206 	DATA 	TR 319 | TR1 160 | TR2 159
498.1705 	DATA 	Keypress: 5
498.1705 	DATA 	TR 320 | TR1 160 | TR2 160
499.7370 	DATA 	Keypress: 5
499.7370 	DATA 	TR 321 | TR1 161 | TR2 160
501.3035 	DATA 	Keypress: 5
501.3036 	DATA 	TR 322 | TR1 161 | TR2 161
502.8700 	DATA 	Keypress: 5
502.8701 	DATA 	TR 323 | TR1 162 | TR2 161
504.4199 	DATA 	Keypress: 5
504.4200 	DATA 	TR 324 | TR1 162 | TR2 162
505.9864 	DATA 	Keypress: 5
505.9865 	DATA 	TR 325 | TR1 163 | TR2 162
507.5364 	DATA 	Keypress: 5
507.5365 	DATA 	TR 326 | TR1 163 | TR2 163
509.1194 	DATA 	Keypress: 5
509.1195 	DATA 	TR 327 | TR1 164 | TR2 163
510.6693 	DATA 	Keypress: 5
510.6694 	DATA 	TR 328 | TR1 164 | TR2 164
512.2358 	DATA 	Keypress: 5
512.2359 	DATA 	TR 329 | TR1 165 | TR2 164
513.7857 	DATA 	Keypress: 5
513.7858 	DATA 	TR 330 | TR1 165 | TR2 165
515.3528 	DATA 	Keypress: 5
515.3689 	DATA 	TR 331 | TR1 166 | TR2 165
516.9188 	DATA 	Keypress: 5
516.9188 	DATA 	TR 332 | TR1 166 | TR2 166
518.4853 	DATA 	Keypress: 5
518.4853 	DATA 	TR 333 | TR1 167 | TR2 166
520.0352 	DATA 	Keypress: 5
520.0352 	DATA 	TR 334 | TR1 167 | TR2 167
521.6016 	DATA 	Keypress: 5
521.6017 	DATA 	TR 335 | TR1 168 | TR2 167
523.1521 	DATA 	Keypress: 5
523.1683 	DATA 	TR 336 | TR1 168 | TR2 168
524.7347 	DATA 	Keypress: 5
524.7348 	DATA 	TR 337 | TR1 169 | TR2 168
526.2679 	DATA 	
526.2679 	DATA 	Trial complete
526.2679 	DATA 	Waiting for VASO trigger to start next trial
526.2679 	DATA 	
526.2846 	DATA 	Keypress: 5
526.2846 	DATA 	TR 338 | TR1 169 | TR2 169
527.8511 	DATA 	Keypress: 5
527.8511 	DATA 	Waited 1.5832550525665283 seconds for trigger
527.8519 	DATA 	
527.8519 	DATA 	Trial 13
527.8519 	DATA 	stimDur = 4.0
527.8519 	DATA 	jitter = 1.5705
527.8519 	DATA 	restDur = 24.0

527.8519 	DATA 	
527.8519 	DATA 	TR 339 | TR1 170 | TR2 169
529.4010 	DATA 	Keypress: 5
529.4010 	DATA 	TR 340 | TR1 170 | TR2 170
529.4343 	DATA 	
529.4343 	DATA 	stimulation started
529.4343 	DATA 	
530.9842 	DATA 	Keypress: 5
530.9842 	DATA 	TR 341 | TR1 171 | TR2 170
532.5341 	DATA 	Keypress: 5
532.5341 	DATA 	TR 342 | TR1 171 | TR2 171
533.4339 	DATA 	
533.4339 	DATA 	stimulation stopped
533.4339 	DATA 	
534.1005 	DATA 	Keypress: 5
534.1006 	DATA 	TR 343 | TR1 172 | TR2 171
535.6504 	DATA 	Keypress: 5
535.6505 	DATA 	TR 344 | TR1 172 | TR2 172
537.1502 	DATA 	Target presented
537.2171 	DATA 	Keypress: 5
537.2171 	DATA 	TR 345 | TR1 173 | TR2 172
537.7336 	DATA 	Keypress: 1
537.7336 	DATA 	Key1 pressed
537.7336 	DATA 	Target detected
538.7834 	DATA 	Keypress: 5
538.7835 	DATA 	TR 346 | TR1 173 | TR2 173
540.3499 	DATA 	Keypress: 5
540.3500 	DATA 	TR 347 | TR1 174 | TR2 173
541.8998 	DATA 	Keypress: 5
541.8999 	DATA 	TR 348 | TR1 174 | TR2 174
543.4663 	DATA 	Keypress: 5
543.4664 	DATA 	TR 349 | TR1 175 | TR2 174
545.0163 	DATA 	Keypress: 5
545.0163 	DATA 	TR 350 | TR1 175 | TR2 175
546.5994 	DATA 	Keypress: 5
546.5994 	DATA 	TR 351 | TR1 176 | TR2 175
548.1493 	DATA 	Keypress: 5
548.1493 	DATA 	TR 352 | TR1 176 | TR2 176
549.7158 	DATA 	Keypress: 5
549.7158 	DATA 	TR 353 | TR1 177 | TR2 176
551.2658 	DATA 	Keypress: 5
551.2658 	DATA 	TR 354 | TR1 177 | TR2 177
552.8488 	DATA 	Keypress: 5
552.8489 	DATA 	TR 355 | TR1 178 | TR2 177
554.3987 	DATA 	Keypress: 5
554.3988 	DATA 	TR 356 | TR1 178 | TR2 178
555.9652 	DATA 	Keypress: 5
555.9652 	DATA 	TR 357 | TR1 179 | TR2 178
557.4317 	DATA 	
557.4317 	DATA 	Trial complete
557.4317 	DATA 	Waiting for VASO trigger to start next trial
557.4317 	DATA 	
557.5151 	DATA 	Keypress: 5
557.5151 	DATA 	TR 358 | TR1 179 | TR2 179
559.0816 	DATA 	Keypress: 5
559.0817 	DATA 	Waited 1.6499710083007812 seconds for trigger
559.0825 	DATA 	
559.0825 	DATA 	Trial 14
559.0825 	DATA 	stimDur = 2.0
559.0825 	DATA 	jitter = 2.35575
559.0825 	DATA 	restDur = 22.0

559.0825 	DATA 	
559.0825 	DATA 	TR 359 | TR1 180 | TR2 179
560.6315 	DATA 	Keypress: 5
560.6315 	DATA 	TR 360 | TR1 180 | TR2 180
561.4480 	DATA 	
561.4480 	DATA 	stimulation started
561.4480 	DATA 	
562.2148 	DATA 	Keypress: 5
562.2149 	DATA 	TR 361 | TR1 181 | TR2 180
563.4479 	DATA 	
563.4479 	DATA 	stimulation stopped
563.4479 	DATA 	
563.7645 	DATA 	Keypress: 5
563.7645 	DATA 	TR 362 | TR1 181 | TR2 181
565.3310 	DATA 	Keypress: 5
565.3311 	DATA 	TR 363 | TR1 182 | TR2 181
566.8809 	DATA 	Keypress: 5
566.8809 	DATA 	TR 364 | TR1 182 | TR2 182
568.4641 	DATA 	Keypress: 5
568.4641 	DATA 	TR 365 | TR1 183 | TR2 182
570.0139 	DATA 	Keypress: 5
570.0140 	DATA 	TR 366 | TR1 183 | TR2 183
571.5805 	DATA 	Keypress: 5
571.5805 	DATA 	TR 367 | TR1 184 | TR2 183
573.1303 	DATA 	Keypress: 5
573.1304 	DATA 	TR 368 | TR1 184 | TR2 184
574.6975 	DATA 	Keypress: 5
574.7135 	DATA 	TR 369 | TR1 185 | TR2 184
576.2634 	DATA 	Keypress: 5
576.2634 	DATA 	TR 370 | TR1 185 | TR2 185
577.8299 	DATA 	Keypress: 5
577.8300 	DATA 	TR 371 | TR1 186 | TR2 185
579.3798 	DATA 	Keypress: 5
579.3798 	DATA 	TR 372 | TR1 186 | TR2 186
580.9463 	DATA 	Keypress: 5
580.9463 	DATA 	TR 373 | TR1 187 | TR2 186
582.4961 	DATA 	Keypress: 5
582.4962 	DATA 	TR 374 | TR1 187 | TR2 187
584.0794 	DATA 	Keypress: 5
584.0794 	DATA 	TR 375 | TR1 188 | TR2 187
585.4458 	DATA 	
585.4458 	DATA 	Trial complete
585.4459 	DATA 	Waiting for VASO trigger to start next trial
585.4459 	DATA 	
585.6292 	DATA 	Keypress: 5
585.6292 	DATA 	TR 376 | TR1 188 | TR2 188
587.1957 	DATA 	Keypress: 5
587.1958 	DATA 	Waited 1.749932050704956 seconds for trigger
587.1966 	DATA 	
587.1966 	DATA 	Trial 15
587.1966 	DATA 	stimDur = 4.0
587.1966 	DATA 	jitter = 0.0
587.1966 	DATA 	restDur = 24.0

587.1966 	DATA 	
587.1966 	DATA 	TR 377 | TR1 189 | TR2 188
587.1966 	DATA 	
587.1966 	DATA 	stimulation started
587.1966 	DATA 	
588.7456 	DATA 	Keypress: 5
588.7457 	DATA 	TR 378 | TR1 189 | TR2 189
590.3288 	DATA 	Keypress: 5
590.3289 	DATA 	TR 379 | TR1 190 | TR2 189
591.2120 	DATA 	
591.2121 	DATA 	stimulation stopped
591.2121 	DATA 	
591.8786 	DATA 	Keypress: 5
591.8787 	DATA 	TR 380 | TR1 190 | TR2 190
593.4452 	DATA 	Keypress: 5
593.4452 	DATA 	TR 381 | TR1 191 | TR2 190
594.9950 	DATA 	Keypress: 5
594.9951 	DATA 	TR 382 | TR1 191 | TR2 191
596.5616 	DATA 	Keypress: 5
596.5616 	DATA 	TR 383 | TR1 192 | TR2 191
598.1280 	DATA 	Keypress: 5
598.1281 	DATA 	TR 384 | TR1 192 | TR2 192
599.6946 	DATA 	Keypress: 5
599.6946 	DATA 	TR 385 | TR1 193 | TR2 192
601.2444 	DATA 	Keypress: 5
601.2445 	DATA 	TR 386 | TR1 193 | TR2 193
602.8110 	DATA 	Keypress: 5
602.8110 	DATA 	TR 387 | TR1 194 | TR2 193
604.3608 	DATA 	Keypress: 5
604.3609 	DATA 	TR 388 | TR1 194 | TR2 194
605.9438 	DATA 	Keypress: 5
605.9439 	DATA 	TR 389 | TR1 195 | TR2 194
607.4939 	DATA 	Keypress: 5
607.4939 	DATA 	TR 390 | TR1 195 | TR2 195
609.0605 	DATA 	Keypress: 5
609.0606 	DATA 	TR 391 | TR1 196 | TR2 195
610.6103 	DATA 	Keypress: 5
610.6103 	DATA 	TR 392 | TR1 196 | TR2 196
612.1935 	DATA 	Keypress: 5
612.1935 	DATA 	TR 393 | TR1 197 | TR2 196
613.4767 	DATA 	Target presented
613.7433 	DATA 	Keypress: 5
613.7434 	DATA 	TR 394 | TR1 197 | TR2 197
614.0933 	DATA 	Keypress: 1
614.0933 	DATA 	Key1 pressed
614.0933 	DATA 	Target detected
615.2098 	DATA 	
615.2098 	DATA 	Trial complete
615.2098 	DATA 	Waiting for VASO trigger to start next trial
615.2098 	DATA 	
615.3098 	DATA 	Keypress: 5
615.3099 	DATA 	Waited 0.1000831127166748 seconds for trigger
615.3107 	DATA 	
615.3107 	DATA 	Trial 16
615.3107 	DATA 	stimDur = 1.0
615.3107 	DATA 	jitter = 1.5705
615.3107 	DATA 	restDur = 20.0

615.3107 	DATA 	
615.3107 	DATA 	TR 395 | TR1 198 | TR2 197
616.8597 	DATA 	Keypress: 5
616.8597 	DATA 	TR 396 | TR1 198 | TR2 198
616.8930 	DATA 	
616.8930 	DATA 	stimulation started
616.8930 	DATA 	
617.8929 	DATA 	
617.8930 	DATA 	stimulation stopped
617.8930 	DATA 	
618.4263 	DATA 	Keypress: 5
618.4263 	DATA 	TR 397 | TR1 199 | TR2 198
619.9762 	DATA 	Keypress: 5
619.9763 	DATA 	TR 398 | TR1 199 | TR2 199
621.5593 	DATA 	Keypress: 5
621.5593 	DATA 	TR 399 | TR1 200 | TR2 199
623.1091 	DATA 	Keypress: 5
623.1092 	DATA 	TR 400 | TR1 200 | TR2 200
624.6757 	DATA 	Keypress: 5
624.6757 	DATA 	TR 401 | TR1 201 | TR2 200
626.2255 	DATA 	Keypress: 5
626.2255 	DATA 	TR 402 | TR1 201 | TR2 201
627.8087 	DATA 	Keypress: 5
627.8088 	DATA 	TR 403 | TR1 202 | TR2 201
629.3585 	DATA 	Keypress: 5
629.3586 	DATA 	TR 404 | TR1 202 | TR2 202
630.9251 	DATA 	Keypress: 5
630.9251 	DATA 	TR 405 | TR1 203 | TR2 202
632.4749 	DATA 	Keypress: 5
632.4750 	DATA 	TR 406 | TR1 203 | TR2 203
634.0415 	DATA 	Keypress: 5
634.0415 	DATA 	TR 407 | TR1 204 | TR2 203
635.6080 	DATA 	Keypress: 5
635.6080 	DATA 	TR 408 | TR1 204 | TR2 204
637.1745 	DATA 	Keypress: 5
637.1746 	DATA 	TR 409 | TR1 205 | TR2 204
637.8911 	DATA 	
637.8911 	DATA 	Trial complete
637.8911 	DATA 	Waiting for VASO trigger to start next trial
637.8911 	DATA 	
638.7243 	DATA 	Keypress: 5
638.7244 	DATA 	TR 410 | TR1 205 | TR2 205
640.2909 	DATA 	Keypress: 5
640.2910 	DATA 	Waited 2.3998820781707764 seconds for trigger
640.2918 	DATA 	
640.2918 	DATA 	Trial 17
640.2918 	DATA 	stimDur = 1.0
640.2918 	DATA 	jitter = 0.0
640.2918 	DATA 	restDur = 20.0

640.2918 	DATA 	
640.2918 	DATA 	TR 411 | TR1 206 | TR2 205
640.2918 	DATA 	
640.2918 	DATA 	stimulation started
640.2918 	DATA 	
641.3075 	DATA 	
641.3075 	DATA 	stimulation stopped
641.3075 	DATA 	
641.8407 	DATA 	Keypress: 5
641.8408 	DATA 	TR 412 | TR1 206 | TR2 206
643.4240 	DATA 	Keypress: 5
643.4240 	DATA 	TR 413 | TR1 207 | TR2 206
644.9738 	DATA 	Keypress: 5
644.9739 	DATA 	TR 414 | TR1 207 | TR2 207
646.5405 	DATA 	Keypress: 5
646.5405 	DATA 	TR 415 | TR1 208 | TR2 207
648.0902 	DATA 	Keypress: 5
648.0902 	DATA 	TR 416 | TR1 208 | TR2 208
649.6734 	DATA 	Keypress: 5
649.6734 	DATA 	TR 417 | TR1 209 | TR2 208
651.2232 	DATA 	Keypress: 5
651.2233 	DATA 	TR 418 | TR1 209 | TR2 209
652.7898 	DATA 	Keypress: 5
652.7898 	DATA 	TR 419 | TR1 210 | TR2 209
652.8397 	DATA 	Keypress: 1
652.8398 	DATA 	Key1 pressed
654.3396 	DATA 	Keypress: 5
654.3397 	DATA 	TR 420 | TR1 210 | TR2 210
655.9062 	DATA 	Keypress: 5
655.9062 	DATA 	TR 421 | TR1 211 | TR2 210
657.2060 	DATA 	Target presented
657.4566 	DATA 	Keypress: 5
657.4726 	DATA 	TR 422 | TR1 211 | TR2 211
658.0726 	DATA 	Keypress: 1
658.0727 	DATA 	Key1 pressed
658.0727 	DATA 	Target detected
659.0392 	DATA 	Keypress: 5
659.0393 	DATA 	TR 423 | TR1 212 | TR2 211
660.5890 	DATA 	Keypress: 5
660.5891 	DATA 	TR 424 | TR1 212 | TR2 212
661.3056 	DATA 	
661.3056 	DATA 	Trial complete
661.3056 	DATA 	Waiting for VASO trigger to start next trial
661.3056 	DATA 	
662.1557 	DATA 	Keypress: 5
662.1558 	DATA 	Waited 0.8501510620117188 seconds for trigger
662.1566 	DATA 	
662.1566 	DATA 	Trial 18
662.1566 	DATA 	stimDur = 12.0
662.1566 	DATA 	jitter = 2.35575
662.1566 	DATA 	restDur = 30.0

662.1566 	DATA 	
662.1566 	DATA 	TR 425 | TR1 213 | TR2 212
663.7054 	DATA 	Keypress: 5
663.7055 	DATA 	TR 426 | TR1 213 | TR2 213
664.5220 	DATA 	
664.5220 	DATA 	stimulation started
664.5220 	DATA 	
665.2887 	DATA 	Keypress: 5
665.2888 	DATA 	TR 427 | TR1 214 | TR2 213
666.8385 	DATA 	Keypress: 5
666.8386 	DATA 	TR 428 | TR1 214 | TR2 214
668.4051 	DATA 	Keypress: 5
668.4051 	DATA 	TR 429 | TR1 215 | TR2 214
669.9549 	DATA 	Keypress: 5
669.9549 	DATA 	TR 430 | TR1 215 | TR2 215
671.5215 	DATA 	Keypress: 5
671.5215 	DATA 	TR 431 | TR1 216 | TR2 215
673.0879 	DATA 	Keypress: 5
673.0880 	DATA 	TR 432 | TR1 216 | TR2 216
674.6545 	DATA 	Keypress: 5
674.6546 	DATA 	TR 433 | TR1 217 | TR2 216
676.2045 	DATA 	Keypress: 5
676.2046 	DATA 	TR 434 | TR1 217 | TR2 217
676.5210 	DATA 	
676.5210 	DATA 	stimulation stopped
676.5210 	DATA 	
677.7709 	DATA 	Keypress: 5
677.7709 	DATA 	TR 435 | TR1 218 | TR2 217
679.3207 	DATA 	Keypress: 5
679.3207 	DATA 	TR 436 | TR1 218 | TR2 218
680.9040 	DATA 	Keypress: 5
680.9041 	DATA 	TR 437 | TR1 219 | TR2 218
682.4537 	DATA 	Keypress: 5
682.4538 	DATA 	TR 438 | TR1 219 | TR2 219
684.0204 	DATA 	Keypress: 5
684.0205 	DATA 	TR 439 | TR1 220 | TR2 219
685.5701 	DATA 	Keypress: 5
685.5702 	DATA 	TR 440 | TR1 220 | TR2 220
687.1533 	DATA 	Keypress: 5
687.1534 	DATA 	TR 441 | TR1 221 | TR2 220
688.7032 	DATA 	Keypress: 5
688.7032 	DATA 	TR 442 | TR1 221 | TR2 221
690.2696 	DATA 	Keypress: 5
690.2696 	DATA 	TR 443 | TR1 222 | TR2 221
691.8195 	DATA 	Keypress: 5
691.8196 	DATA 	TR 444 | TR1 222 | TR2 222
693.3860 	DATA 	Keypress: 5
693.3860 	DATA 	TR 445 | TR1 223 | TR2 222
694.9365 	DATA 	Keypress: 5
694.9522 	DATA 	TR 446 | TR1 223 | TR2 223
696.5192 	DATA 	Keypress: 5
696.5192 	DATA 	TR 447 | TR1 224 | TR2 223
698.0690 	DATA 	Keypress: 5
698.0690 	DATA 	TR 448 | TR1 224 | TR2 224
699.6355 	DATA 	Keypress: 5
699.6356 	DATA 	TR 449 | TR1 225 | TR2 224
701.1854 	DATA 	Keypress: 5
701.1854 	DATA 	TR 450 | TR1 225 | TR2 225
702.7686 	DATA 	Keypress: 5
702.7686 	DATA 	TR 451 | TR1 226 | TR2 225
704.3184 	DATA 	Keypress: 5
704.3185 	DATA 	TR 452 | TR1 226 | TR2 226
705.8849 	DATA 	Keypress: 5
705.8850 	DATA 	TR 453 | TR1 227 | TR2 226
706.5182 	DATA 	
706.5182 	DATA 	Trial complete
706.5182 	DATA 	Waiting for VASO trigger to start next trial
706.5182 	DATA 	
707.4347 	DATA 	Keypress: 5
707.4348 	DATA 	TR 454 | TR1 227 | TR2 227
709.0019 	DATA 	Keypress: 5
709.0179 	DATA 	Waited 2.4997360706329346 seconds for trigger
709.0187 	DATA 	
709.0187 	DATA 	Trial 19
709.0187 	DATA 	stimDur = 1.0
709.0188 	DATA 	jitter = 0.78525
709.0188 	DATA 	restDur = 20.0

709.0188 	DATA 	
709.0188 	DATA 	TR 455 | TR1 228 | TR2 227
709.8179 	DATA 	
709.8179 	DATA 	stimulation started
709.8179 	DATA 	
710.5679 	DATA 	Keypress: 5
710.5680 	DATA 	TR 456 | TR1 228 | TR2 228
710.8178 	DATA 	
710.8178 	DATA 	stimulation stopped
710.8178 	DATA 	
712.1344 	DATA 	Keypress: 5
712.1344 	DATA 	TR 457 | TR1 229 | TR2 228
713.6842 	DATA 	Keypress: 5
713.6843 	DATA 	TR 458 | TR1 229 | TR2 229
715.2507 	DATA 	Keypress: 5
715.2508 	DATA 	TR 459 | TR1 230 | TR2 229
716.8006 	DATA 	Keypress: 5
716.8006 	DATA 	TR 460 | TR1 230 | TR2 230
718.3838 	DATA 	Keypress: 5
718.3838 	DATA 	TR 461 | TR1 231 | TR2 230
719.9337 	DATA 	Keypress: 5
719.9337 	DATA 	TR 462 | TR1 231 | TR2 231
721.5002 	DATA 	Keypress: 5
721.5002 	DATA 	TR 463 | TR1 232 | TR2 231
723.0501 	DATA 	Keypress: 5
723.0501 	DATA 	TR 464 | TR1 232 | TR2 232
724.6332 	DATA 	Keypress: 5
724.6333 	DATA 	TR 465 | TR1 233 | TR2 232
726.1831 	DATA 	Keypress: 5
726.1832 	DATA 	TR 466 | TR1 233 | TR2 233
727.7496 	DATA 	Keypress: 5
727.7496 	DATA 	TR 467 | TR1 234 | TR2 233
729.2995 	DATA 	Keypress: 5
729.2995 	DATA 	TR 468 | TR1 234 | TR2 234
730.8161 	DATA 	
730.8161 	DATA 	Trial complete
730.8161 	DATA 	
730.8660 	DATA 	Keypress: 5
730.8661 	DATA 	Waited 24.34786295890808 seconds for trigger
730.8668 	DATA 	
730.8669 	DATA 	Trial 20
730.8669 	DATA 	stimDur = 24.0
730.8669 	DATA 	jitter = 0.78525
730.8669 	DATA 	restDur = 40.0

730.8669 	DATA 	
730.8669 	DATA 	TR 469 | TR1 235 | TR2 234
731.6659 	DATA 	
731.6659 	DATA 	stimulation started
731.6659 	DATA 	
732.4326 	DATA 	Keypress: 5
732.4327 	DATA 	TR 470 | TR1 235 | TR2 235
732.8326 	DATA 	Target presented
733.2325 	DATA 	Keypress: 1
733.2325 	DATA 	Key1 pressed
733.2325 	DATA 	Target detected
733.9991 	DATA 	Keypress: 5
733.9991 	DATA 	TR 471 | TR1 236 | TR2 235
735.5489 	DATA 	Keypress: 5
735.5490 	DATA 	TR 472 | TR1 236 | TR2 236
737.1155 	DATA 	Keypress: 5
737.1155 	DATA 	TR 473 | TR1 237 | TR2 236
738.6653 	DATA 	Keypress: 5
738.6654 	DATA 	TR 474 | TR1 237 | TR2 237
740.2485 	DATA 	Keypress: 5
740.2486 	DATA 	TR 475 | TR1 238 | TR2 237
741.7984 	DATA 	Keypress: 5
741.7985 	DATA 	TR 476 | TR1 238 | TR2 238
743.3649 	DATA 	Keypress: 5
743.3650 	DATA 	TR 477 | TR1 239 | TR2 238
744.9148 	DATA 	Keypress: 5
744.9149 	DATA 	TR 478 | TR1 239 | TR2 239
746.4820 	DATA 	Keypress: 5
746.4979 	DATA 	TR 479 | TR1 240 | TR2 239
748.0478 	DATA 	Keypress: 5
748.0479 	DATA 	TR 480 | TR1 240 | TR2 240
749.6143 	DATA 	Keypress: 5
749.6144 	DATA 	TR 481 | TR1 241 | TR2 240
751.1644 	DATA 	Keypress: 5
751.1644 	DATA 	TR 482 | TR1 241 | TR2 241
752.7307 	DATA 	Keypress: 5
752.7308 	DATA 	TR 483 | TR1 242 | TR2 241
754.2806 	DATA 	Keypress: 5
754.2807 	DATA 	TR 484 | TR1 242 | TR2 242
755.6638 	DATA 	
755.6638 	DATA 	stimulation stopped
755.6638 	DATA 	
755.8637 	DATA 	Keypress: 5
755.8638 	DATA 	TR 485 | TR1 243 | TR2 242
757.4136 	DATA 	Keypress: 5
757.4137 	DATA 	TR 486 | TR1 243 | TR2 243
758.9802 	DATA 	Keypress: 5
758.9803 	DATA 	TR 487 | TR1 244 | TR2 243
760.5300 	DATA 	Keypress: 5
760.5300 	DATA 	TR 488 | TR1 244 | TR2 244
762.1133 	DATA 	Keypress: 5
762.1133 	DATA 	TR 489 | TR1 245 | TR2 244
763.6630 	DATA 	Keypress: 5
763.6631 	DATA 	TR 490 | TR1 245 | TR2 245
765.2295 	DATA 	Keypress: 5
765.2296 	DATA 	TR 491 | TR1 246 | TR2 245
766.7794 	DATA 	Keypress: 5
766.7795 	DATA 	TR 492 | TR1 246 | TR2 246
768.3459 	DATA 	Keypress: 5
768.3460 	DATA 	TR 493 | TR1 247 | TR2 246
769.9125 	DATA 	Keypress: 5
769.9125 	DATA 	TR 494 | TR1 247 | TR2 247
771.4790 	DATA 	Keypress: 5
771.4790 	DATA 	TR 495 | TR1 248 | TR2 247
773.0289 	DATA 	Keypress: 5
773.0289 	DATA 	TR 496 | TR1 248 | TR2 248
774.5954 	DATA 	Keypress: 5
774.5954 	DATA 	TR 497 | TR1 249 | TR2 248
776.1452 	DATA 	Keypress: 5
776.1453 	DATA 	TR 498 | TR1 249 | TR2 249
777.7284 	DATA 	Keypress: 5
777.7285 	DATA 	TR 499 | TR1 250 | TR2 249
779.2783 	DATA 	Keypress: 5
779.2783 	DATA 	TR 500 | TR1 250 | TR2 250
780.8448 	DATA 	Keypress: 5
780.8448 	DATA 	TR 501 | TR1 251 | TR2 250
782.3947 	DATA 	Keypress: 5
782.3947 	DATA 	TR 502 | TR1 251 | TR2 251
782.4280 	DATA 	Target presented
782.9613 	DATA 	Keypress: 1
782.9613 	DATA 	Key1 pressed
782.9613 	DATA 	Target detected
783.9778 	DATA 	Keypress: 5
783.9779 	DATA 	TR 503 | TR1 252 | TR2 251
785.5277 	DATA 	Keypress: 5
785.5278 	DATA 	TR 504 | TR1 252 | TR2 252
787.0942 	DATA 	Keypress: 5
787.0943 	DATA 	TR 505 | TR1 253 | TR2 252
788.6443 	DATA 	Keypress: 5
788.6443 	DATA 	TR 506 | TR1 253 | TR2 253
790.2106 	DATA 	Keypress: 5
790.2107 	DATA 	TR 507 | TR1 254 | TR2 253
791.7606 	DATA 	Keypress: 5
791.7606 	DATA 	TR 508 | TR1 254 | TR2 254
793.3436 	DATA 	Keypress: 5
793.3437 	DATA 	TR 509 | TR1 255 | TR2 254
794.8935 	DATA 	Keypress: 5
794.8936 	DATA 	TR 510 | TR1 255 | TR2 255
795.6601 	DATA 	
795.6601 	DATA 	Trial complete
795.6601 	DATA 	
796.4600 	DATA 	Keypress: 5
796.4601 	DATA 	TR 511 | TR1 256 | TR2 255
798.0099 	DATA 	Keypress: 5
798.0100 	DATA 	TR 512 | TR1 256 | TR2 256
799.5931 	DATA 	Keypress: 5
799.5931 	DATA 	TR 513 | TR1 257 | TR2 256
801.1431 	DATA 	Keypress: 5
801.1432 	DATA 	TR 514 | TR1 257 | TR2 257
802.7094 	DATA 	Keypress: 5
802.7095 	DATA 	TR 515 | TR1 258 | TR2 257
804.2593 	DATA 	Keypress: 5
804.2594 	DATA 	TR 516 | TR1 258 | TR2 258
805.8265 	DATA 	Keypress: 5
805.8425 	DATA 	TR 517 | TR1 259 | TR2 258
807.3924 	DATA 	Keypress: 5
807.3925 	DATA 	TR 518 | TR1 259 | TR2 259
808.9589 	DATA 	Keypress: 5
808.9589 	DATA 	TR 519 | TR1 260 | TR2 259
810.5088 	DATA 	Keypress: 5
810.5088 	DATA 	TR 520 | TR1 260 | TR2 260
812.0753 	DATA 	Keypress: 5
812.0753 	DATA 	TR 521 | TR1 261 | TR2 260
813.6252 	DATA 	Keypress: 5
813.6252 	DATA 	TR 522 | TR1 261 | TR2 261
815.2083 	DATA 	Keypress: 5
815.2084 	DATA 	TR 523 | TR1 262 | TR2 261
816.7582 	DATA 	Keypress: 5
816.7583 	DATA 	TR 524 | TR1 262 | TR2 262
818.3248 	DATA 	Keypress: 5
818.3249 	DATA 	TR 525 | TR1 263 | TR2 262
819.8746 	DATA 	Keypress: 5
819.8747 	DATA 	TR 526 | TR1 263 | TR2 263
820.7578 	DATA 	EndOfRun sub-07_ses-03_run-05

820.7578 	DATA 	We spent 50.193586587905884 seconds waiting for triggers
820.7578 	DATA 	RatioOfDetectedTargets 1.0
820.7578 	DATA 	You have detected 12 out of 12 targets.
825.5802 	DATA 	Keypress: 5
825.5803 	DATA 	Keypress: 5
825.7877 	EXP 	window1: mouseVisible = True
