MonitorDistance=99cm
MonitorWidth=30cm
PixelWidth=1024.0
PixelHeight=768.0
You have detected 11 out of 12 targets.
Well done! Keep up the good work
5.9271 	INFO 	Loaded monitor calibration from ['2021_05_26 17:55']
6.3878 	EXP 	Created window1 = Window(allowGUI=False, allowStencil=False, autoLog=True, backendConf=UNKNOWN, bitsMode=UNKNOWN, blendMode='avg', bpc=(8, 8, 8), color=array([-0.5, -0.5, -0.5]), colorSpace='rgb', depthBits=8, fullscr=<method-wrapper '__getattribute__' of attributeSetter object at 0x7fc332593390>, gamma=None, gammaErrorPolicy='raise', lms=UNKNOWN, monitor=<psychopy.monitors.calibTools.Monitor object at 0x7fc3283b3f98>, multiSample=False, name='window1', numSamples=2, pos=[0.0, 0.0], screen=0, size=array([1024,  768]), stencilBits=0, stereo=False, units='deg', useFBO=False, useRetina=False, viewOri=0.0, viewPos=None, viewScale=None, waitBlanking=True, winType='pyglet')
6.3878 	EXP 	window1: mouseVisible = True
6.4516 	EXP 	Created unnamed TextStim = TextStim(__class__=<class 'psychopy.visual.text.TextStim'>, alignHoriz=method-wrapper(...), alignText='center', alignVert=method-wrapper(...), anchorHoriz='center', anchorVert='center', antialias=True, autoLog=True, bold=False, color=array([1., 1., 1.]), colorSpace='rgb', contrast=1.0, depth=0, flipHoriz=False, flipVert=False, font='', fontFiles=[], height=0.5, italic=False, languageStyle='LTR', name='unnamed TextStim', opacity=1.0, ori=0.0, pos=array([0., 0.]), rgb=UNKNOWN, text=str(...), units='deg', win=Window(...), wrapWidth=15.0)
6.4863 	EXP 	Created Movie Frame 0 = ImageStim(__class__=<class 'psychopy.visual.image.ImageStim'>, autoLog=True, color=array([0.8, 0.8, 0.8]), colorSpace='rgb', contrast=0.8, depth=0, flipHoriz=False, flipVert=False, image='visual_0.png', interpolate=False, mask=None, maskParams=None, name='Movie Frame 0', opacity=1, ori=0.0, pos=array([0., 0.]), size=array([1024,  768]), texRes=128, units='pix', win=Window(...))
6.5102 	EXP 	Created Movie Frame 1 = ImageStim(__class__=<class 'psychopy.visual.image.ImageStim'>, autoLog=True, color=array([0.8, 0.8, 0.8]), colorSpace='rgb', contrast=0.8, depth=0, flipHoriz=False, flipVert=False, image='visual_1.png', interpolate=False, mask=None, maskParams=None, name='Movie Frame 1', opacity=1, ori=0.0, pos=array([0., 0.]), size=array([1024,  768]), texRes=128, units='pix', win=Window(...))
110.5970 	DATA 	Keypress: 5
0.0000 	DATA 	StartOfRun sub-07_ses-03_run-03
0.0000 	DATA 	TR 1 | TR1 1 | TR2 0
0.0151 	DATA 	Initial baseline

1.5505 	DATA 	Keypress: 5
1.5505 	DATA 	TR 2 | TR1 1 | TR2 1
3.1228 	DATA 	Keypress: 5
3.1228 	DATA 	TR 3 | TR1 2 | TR2 1
4.6740 	DATA 	Keypress: 5
4.6740 	DATA 	TR 4 | TR1 2 | TR2 2
6.2462 	DATA 	Keypress: 5
6.2462 	DATA 	TR 5 | TR1 3 | TR2 2
7.7974 	DATA 	Keypress: 5
7.7974 	DATA 	TR 6 | TR1 3 | TR2 3
9.3696 	DATA 	Keypress: 5
9.3697 	DATA 	TR 7 | TR1 4 | TR2 3
10.9207 	DATA 	Keypress: 5
10.9208 	DATA 	TR 8 | TR1 4 | TR2 4
12.4929 	DATA 	Keypress: 5
12.4930 	DATA 	TR 9 | TR1 5 | TR2 4
14.0441 	DATA 	Keypress: 5
14.0442 	DATA 	TR 10 | TR1 5 | TR2 5
15.6162 	DATA 	Keypress: 5
15.6162 	DATA 	TR 11 | TR1 6 | TR2 5
17.1676 	DATA 	Keypress: 5
17.1676 	DATA 	TR 12 | TR1 6 | TR2 6
18.7397 	DATA 	Keypress: 5
18.7398 	DATA 	TR 13 | TR1 7 | TR2 6
20.2909 	DATA 	Keypress: 5
20.2909 	DATA 	TR 14 | TR1 7 | TR2 7
21.8631 	DATA 	Keypress: 5
21.8631 	DATA 	TR 15 | TR1 8 | TR2 7
23.4143 	DATA 	Keypress: 5
23.4143 	DATA 	TR 16 | TR1 8 | TR2 8
24.9865 	DATA 	Keypress: 5
24.9865 	DATA 	TR 17 | TR1 9 | TR2 8
26.5377 	DATA 	Keypress: 5
26.5377 	DATA 	TR 18 | TR1 9 | TR2 9
28.1099 	DATA 	Keypress: 5
28.1099 	DATA 	TR 19 | TR1 10 | TR2 9
29.6610 	DATA 	Keypress: 5
29.6611 	DATA 	TR 20 | TR1 10 | TR2 10
31.2462 	DATA 	Keypress: 5
31.2462 	DATA 	Waited 1.2462141513824463 seconds for trigger
31.2476 	DATA 	
31.2476 	DATA 	Trial 1
31.2476 	DATA 	stimDur = 24.0
31.2476 	DATA 	jitter = 2.35575
31.2476 	DATA 	restDur = 40.0

31.2476 	DATA 	
31.2476 	DATA 	TR 21 | TR1 11 | TR2 10
32.7960 	DATA 	Keypress: 5
32.7961 	DATA 	TR 22 | TR1 11 | TR2 11
33.6126 	DATA 	
33.6126 	DATA 	stimulation started
33.6126 	DATA 	
34.3626 	DATA 	Keypress: 5
34.3626 	DATA 	TR 23 | TR1 12 | TR2 11
35.9125 	DATA 	Keypress: 5
35.9125 	DATA 	TR 24 | TR1 12 | TR2 12
37.4790 	DATA 	Keypress: 5
37.4790 	DATA 	TR 25 | TR1 13 | TR2 12
39.0455 	DATA 	Keypress: 5
39.0456 	DATA 	TR 26 | TR1 13 | TR2 13
40.6121 	DATA 	Keypress: 5
40.6121 	DATA 	TR 27 | TR1 14 | TR2 13
42.1619 	DATA 	Keypress: 5
42.1620 	DATA 	TR 28 | TR1 14 | TR2 14
43.7284 	DATA 	Keypress: 5
43.7284 	DATA 	TR 29 | TR1 15 | TR2 14
45.2784 	DATA 	Keypress: 5
45.2785 	DATA 	TR 30 | TR1 15 | TR2 15
46.8614 	DATA 	Keypress: 5
46.8614 	DATA 	TR 31 | TR1 16 | TR2 15
48.4113 	DATA 	Keypress: 5
48.4114 	DATA 	TR 32 | TR1 16 | TR2 16
49.9778 	DATA 	Keypress: 5
49.9779 	DATA 	TR 33 | TR1 17 | TR2 16
51.5277 	DATA 	Keypress: 5
51.5277 	DATA 	TR 34 | TR1 17 | TR2 17
53.1109 	DATA 	Keypress: 5
53.1109 	DATA 	TR 35 | TR1 18 | TR2 17
54.6607 	DATA 	Keypress: 5
54.6608 	DATA 	TR 36 | TR1 18 | TR2 18
56.2273 	DATA 	Keypress: 5
56.2273 	DATA 	TR 37 | TR1 19 | TR2 18
57.6104 	DATA 	
57.6104 	DATA 	stimulation stopped
57.6104 	DATA 	
57.7771 	DATA 	Keypress: 5
57.7771 	DATA 	TR 38 | TR1 19 | TR2 19
59.3435 	DATA 	Keypress: 5
59.3436 	DATA 	TR 39 | TR1 20 | TR2 19
60.9101 	DATA 	Keypress: 5
60.9102 	DATA 	TR 40 | TR1 20 | TR2 20
62.4768 	DATA 	Keypress: 5
62.4769 	DATA 	TR 41 | TR1 21 | TR2 20
64.0266 	DATA 	Keypress: 5
64.0267 	DATA 	TR 42 | TR1 21 | TR2 21
65.5929 	DATA 	Keypress: 5
65.5929 	DATA 	TR 43 | TR1 22 | TR2 21
67.1429 	DATA 	Keypress: 5
67.1429 	DATA 	TR 44 | TR1 22 | TR2 22
68.7260 	DATA 	Keypress: 5
68.7261 	DATA 	TR 45 | TR1 23 | TR2 22
70.2759 	DATA 	Keypress: 5
70.2760 	DATA 	TR 46 | TR1 23 | TR2 23
71.8425 	DATA 	Keypress: 5
71.8426 	DATA 	TR 47 | TR1 24 | TR2 23
73.3923 	DATA 	Keypress: 5
73.3924 	DATA 	TR 48 | TR1 24 | TR2 24
74.0422 	DATA 	Target presented
74.4255 	DATA 	Keypress: 1
74.4256 	DATA 	Key1 pressed
74.4256 	DATA 	Target detected
74.9755 	DATA 	Keypress: 5
74.9756 	DATA 	TR 49 | TR1 25 | TR2 24
76.5253 	DATA 	Keypress: 5
76.5254 	DATA 	TR 50 | TR1 25 | TR2 25
78.0918 	DATA 	Keypress: 5
78.0920 	DATA 	TR 51 | TR1 26 | TR2 25
79.6417 	DATA 	Keypress: 5
79.6418 	DATA 	TR 52 | TR1 26 | TR2 26
81.2082 	DATA 	Keypress: 5
81.2083 	DATA 	TR 53 | TR1 27 | TR2 26
82.7581 	DATA 	Keypress: 5
82.7582 	DATA 	TR 54 | TR1 27 | TR2 27
84.3414 	DATA 	Keypress: 5
84.3414 	DATA 	TR 55 | TR1 28 | TR2 27
85.8911 	DATA 	Keypress: 5
85.8912 	DATA 	TR 56 | TR1 28 | TR2 28
87.4577 	DATA 	Keypress: 5
87.4578 	DATA 	TR 57 | TR1 29 | TR2 28
89.0074 	DATA 	Keypress: 5
89.0074 	DATA 	TR 58 | TR1 29 | TR2 29
90.5908 	DATA 	Keypress: 5
90.5908 	DATA 	TR 59 | TR1 30 | TR2 29
92.1405 	DATA 	Keypress: 5
92.1406 	DATA 	TR 60 | TR1 30 | TR2 30
93.7071 	DATA 	Keypress: 5
93.7072 	DATA 	TR 61 | TR1 31 | TR2 30
95.2569 	DATA 	Keypress: 5
95.2570 	DATA 	TR 62 | TR1 31 | TR2 31
96.8235 	DATA 	Keypress: 5
96.8236 	DATA 	TR 63 | TR1 32 | TR2 31
97.6067 	DATA 	
97.6067 	DATA 	Trial complete
97.6067 	DATA 	Waiting for VASO trigger to start next trial
97.6067 	DATA 	
98.3900 	DATA 	Keypress: 5
98.3901 	DATA 	TR 64 | TR1 32 | TR2 32
99.9565 	DATA 	Keypress: 5
99.9566 	DATA 	Waited 2.349870204925537 seconds for trigger
99.9574 	DATA 	
99.9574 	DATA 	Trial 2
99.9574 	DATA 	stimDur = 12.0
99.9574 	DATA 	jitter = 0.0
99.9574 	DATA 	restDur = 30.0

99.9574 	DATA 	
99.9574 	DATA 	TR 65 | TR1 33 | TR2 32
99.9574 	DATA 	
99.9574 	DATA 	stimulation started
99.9574 	DATA 	
101.5064 	DATA 	Keypress: 5
101.5065 	DATA 	TR 66 | TR1 33 | TR2 33
103.0730 	DATA 	Keypress: 5
103.0730 	DATA 	TR 67 | TR1 34 | TR2 33
104.6229 	DATA 	Keypress: 5
104.6230 	DATA 	TR 68 | TR1 34 | TR2 34
106.2060 	DATA 	Keypress: 5
106.2060 	DATA 	TR 69 | TR1 35 | TR2 34
107.7560 	DATA 	Keypress: 5
107.7560 	DATA 	TR 70 | TR1 35 | TR2 35
109.3225 	DATA 	Keypress: 5
109.3226 	DATA 	TR 71 | TR1 36 | TR2 35
110.8722 	DATA 	Keypress: 5
110.8723 	DATA 	TR 72 | TR1 36 | TR2 36
111.9721 	DATA 	
111.9721 	DATA 	stimulation stopped
111.9721 	DATA 	
112.4554 	DATA 	Keypress: 5
112.4555 	DATA 	TR 73 | TR1 37 | TR2 36
114.0053 	DATA 	Keypress: 5
114.0053 	DATA 	TR 74 | TR1 37 | TR2 37
115.5718 	DATA 	Keypress: 5
115.5718 	DATA 	TR 75 | TR1 38 | TR2 37
117.1218 	DATA 	Keypress: 5
117.1218 	DATA 	TR 76 | TR1 38 | TR2 38
118.6881 	DATA 	Keypress: 5
118.6882 	DATA 	TR 77 | TR1 39 | TR2 38
120.2386 	DATA 	Keypress: 5
120.2546 	DATA 	TR 78 | TR1 39 | TR2 39
121.8212 	DATA 	Keypress: 5
121.8212 	DATA 	TR 79 | TR1 40 | TR2 39
123.3710 	DATA 	Keypress: 5
123.3710 	DATA 	TR 80 | TR1 40 | TR2 40
124.9376 	DATA 	Keypress: 5
124.9376 	DATA 	TR 81 | TR1 41 | TR2 40
126.4874 	DATA 	Keypress: 5
126.4875 	DATA 	TR 82 | TR1 41 | TR2 41
128.0707 	DATA 	Keypress: 5
128.0707 	DATA 	TR 83 | TR1 42 | TR2 41
129.6205 	DATA 	Keypress: 5
129.6205 	DATA 	TR 84 | TR1 42 | TR2 42
131.1872 	DATA 	Keypress: 5
131.1872 	DATA 	TR 85 | TR1 43 | TR2 42
132.7368 	DATA 	Keypress: 5
132.7369 	DATA 	TR 86 | TR1 43 | TR2 43
134.3040 	DATA 	Keypress: 5
134.3200 	DATA 	TR 87 | TR1 44 | TR2 43
135.8699 	DATA 	Keypress: 5
135.8699 	DATA 	TR 88 | TR1 44 | TR2 44
136.6198 	DATA 	Target presented
137.1031 	DATA 	Keypress: 1
137.1032 	DATA 	Key1 pressed
137.1032 	DATA 	Target detected
137.4364 	DATA 	Keypress: 5
137.4365 	DATA 	TR 89 | TR1 45 | TR2 44
138.9863 	DATA 	Keypress: 5
138.9863 	DATA 	TR 90 | TR1 45 | TR2 45
140.5528 	DATA 	Keypress: 5
140.5528 	DATA 	TR 91 | TR1 46 | TR2 45
141.9693 	DATA 	
141.9693 	DATA 	Trial complete
141.9693 	DATA 	Waiting for VASO trigger to start next trial
141.9693 	DATA 	
142.1026 	DATA 	Keypress: 5
142.1027 	DATA 	TR 92 | TR1 46 | TR2 46
143.6861 	DATA 	Keypress: 5
143.6861 	DATA 	Waited 1.7168169021606445 seconds for trigger
143.6869 	DATA 	
143.6869 	DATA 	Trial 3
143.6869 	DATA 	stimDur = 24.0
143.6869 	DATA 	jitter = 1.5705
143.6869 	DATA 	restDur = 40.0

143.6869 	DATA 	
143.6869 	DATA 	TR 93 | TR1 47 | TR2 46
145.2358 	DATA 	Keypress: 5
145.2359 	DATA 	TR 94 | TR1 47 | TR2 47
145.2690 	DATA 	
145.2690 	DATA 	stimulation started
145.2690 	DATA 	
146.8024 	DATA 	Keypress: 5
146.8025 	DATA 	TR 95 | TR1 48 | TR2 47
148.3521 	DATA 	Keypress: 5
148.3522 	DATA 	TR 96 | TR1 48 | TR2 48
149.9355 	DATA 	Keypress: 5
149.9356 	DATA 	TR 97 | TR1 49 | TR2 48
151.4852 	DATA 	Keypress: 5
151.4852 	DATA 	TR 98 | TR1 49 | TR2 49
153.0519 	DATA 	Keypress: 5
153.0519 	DATA 	TR 99 | TR1 50 | TR2 49
154.6016 	DATA 	Keypress: 5
154.6016 	DATA 	TR 100 | TR1 50 | TR2 50
156.1681 	DATA 	Keypress: 5
156.1682 	DATA 	TR 101 | TR1 51 | TR2 50
157.7346 	DATA 	Keypress: 5
157.7347 	DATA 	TR 102 | TR1 51 | TR2 51
159.3012 	DATA 	Keypress: 5
159.3012 	DATA 	TR 103 | TR1 52 | TR2 51
160.8510 	DATA 	Keypress: 5
160.8511 	DATA 	TR 104 | TR1 52 | TR2 52
162.4176 	DATA 	Keypress: 5
162.4176 	DATA 	TR 105 | TR1 53 | TR2 52
163.9674 	DATA 	Keypress: 5
163.9674 	DATA 	TR 106 | TR1 53 | TR2 53
165.5506 	DATA 	Keypress: 5
165.5507 	DATA 	TR 107 | TR1 54 | TR2 53
167.1004 	DATA 	Keypress: 5
167.1005 	DATA 	TR 108 | TR1 54 | TR2 54
168.6670 	DATA 	Keypress: 5
168.6670 	DATA 	TR 109 | TR1 55 | TR2 54
169.2669 	DATA 	
169.2669 	DATA 	stimulation stopped
169.2669 	DATA 	
170.2168 	DATA 	Keypress: 5
170.2168 	DATA 	TR 110 | TR1 55 | TR2 55
171.7839 	DATA 	Keypress: 5
171.7999 	DATA 	TR 111 | TR1 56 | TR2 55
173.3498 	DATA 	Keypress: 5
173.3499 	DATA 	TR 112 | TR1 56 | TR2 56
174.9163 	DATA 	Keypress: 5
174.9164 	DATA 	TR 113 | TR1 57 | TR2 56
176.4662 	DATA 	Keypress: 5
176.4662 	DATA 	TR 114 | TR1 57 | TR2 57
178.0327 	DATA 	Keypress: 5
178.0328 	DATA 	TR 115 | TR1 58 | TR2 57
179.5832 	DATA 	Keypress: 5
179.5992 	DATA 	TR 116 | TR1 58 | TR2 58
181.1658 	DATA 	Keypress: 5
181.1658 	DATA 	TR 117 | TR1 59 | TR2 58
181.3824 	DATA 	Target presented
181.9323 	DATA 	Keypress: 1
181.9324 	DATA 	Key1 pressed
181.9324 	DATA 	Target detected
182.7156 	DATA 	Keypress: 5
182.7156 	DATA 	TR 118 | TR1 59 | TR2 59
184.2822 	DATA 	Keypress: 5
184.2822 	DATA 	TR 119 | TR1 60 | TR2 59
185.8320 	DATA 	Keypress: 5
185.8320 	DATA 	TR 120 | TR1 60 | TR2 60
187.4152 	DATA 	Keypress: 5
187.4153 	DATA 	TR 121 | TR1 61 | TR2 60
188.9651 	DATA 	Keypress: 5
188.9651 	DATA 	TR 122 | TR1 61 | TR2 61
190.5317 	DATA 	Keypress: 5
190.5318 	DATA 	TR 123 | TR1 62 | TR2 61
192.0814 	DATA 	Keypress: 5
192.0815 	DATA 	TR 124 | TR1 62 | TR2 62
193.6479 	DATA 	Keypress: 5
193.6480 	DATA 	TR 125 | TR1 63 | TR2 62
195.2145 	DATA 	Keypress: 5
195.2145 	DATA 	TR 126 | TR1 63 | TR2 63
196.7810 	DATA 	Keypress: 5
196.7811 	DATA 	TR 127 | TR1 64 | TR2 63
198.3308 	DATA 	Keypress: 5
198.3309 	DATA 	TR 128 | TR1 64 | TR2 64
199.8974 	DATA 	Keypress: 5
199.8974 	DATA 	TR 129 | TR1 65 | TR2 64
201.4472 	DATA 	Keypress: 5
201.4473 	DATA 	TR 130 | TR1 65 | TR2 65
203.0305 	DATA 	Keypress: 5
203.0305 	DATA 	TR 131 | TR1 66 | TR2 65
204.5803 	DATA 	Keypress: 5
204.5803 	DATA 	TR 132 | TR1 66 | TR2 66
206.1468 	DATA 	Keypress: 5
206.1469 	DATA 	TR 133 | TR1 67 | TR2 66
207.6967 	DATA 	Keypress: 5
207.6967 	DATA 	TR 134 | TR1 67 | TR2 67
209.2631 	DATA 	
209.2632 	DATA 	Trial complete
209.2632 	DATA 	Waiting for VASO trigger to start next trial
209.2632 	DATA 	
209.2799 	DATA 	Keypress: 5
209.2799 	DATA 	Waited 0.016744136810302734 seconds for trigger
209.2807 	DATA 	
209.2807 	DATA 	Trial 4
209.2807 	DATA 	stimDur = 1.0
209.2807 	DATA 	jitter = 2.35575
209.2807 	DATA 	restDur = 20.0

209.2807 	DATA 	
209.2807 	DATA 	TR 135 | TR1 68 | TR2 67
210.8297 	DATA 	Keypress: 5
210.8298 	DATA 	TR 136 | TR1 68 | TR2 68
211.6464 	DATA 	
211.6464 	DATA 	stimulation started
211.6464 	DATA 	
212.3963 	DATA 	Keypress: 5
212.3964 	DATA 	TR 137 | TR1 69 | TR2 68
212.6462 	DATA 	
212.6462 	DATA 	stimulation stopped
212.6462 	DATA 	
213.9461 	DATA 	Keypress: 5
213.9461 	DATA 	TR 138 | TR1 69 | TR2 69
215.5126 	DATA 	Keypress: 5
215.5127 	DATA 	TR 139 | TR1 70 | TR2 69
217.0626 	DATA 	Keypress: 5
217.0627 	DATA 	TR 140 | TR1 70 | TR2 70
218.6457 	DATA 	Keypress: 5
218.6457 	DATA 	TR 141 | TR1 71 | TR2 70
220.1955 	DATA 	Keypress: 5
220.1956 	DATA 	TR 142 | TR1 71 | TR2 71
221.7621 	DATA 	Keypress: 5
221.7622 	DATA 	TR 143 | TR1 72 | TR2 71
223.3119 	DATA 	Keypress: 5
223.3120 	DATA 	TR 144 | TR1 72 | TR2 72
224.8951 	DATA 	Keypress: 5
224.8952 	DATA 	TR 145 | TR1 73 | TR2 72
226.4449 	DATA 	Keypress: 5
226.4450 	DATA 	TR 146 | TR1 73 | TR2 73
228.0115 	DATA 	Keypress: 5
228.0116 	DATA 	TR 147 | TR1 74 | TR2 73
229.5613 	DATA 	Keypress: 5
229.5614 	DATA 	TR 148 | TR1 74 | TR2 74
231.1285 	DATA 	Keypress: 5
231.1445 	DATA 	TR 149 | TR1 75 | TR2 74
232.6443 	DATA 	
232.6443 	DATA 	Trial complete
232.6444 	DATA 	Waiting for VASO trigger to start next trial
232.6444 	DATA 	
232.6944 	DATA 	Keypress: 5
232.6944 	DATA 	TR 150 | TR1 75 | TR2 75
234.2609 	DATA 	Keypress: 5
234.2610 	DATA 	Waited 1.616621971130371 seconds for trigger
234.2618 	DATA 	
234.2618 	DATA 	Trial 5
234.2618 	DATA 	stimDur = 12.0
234.2618 	DATA 	jitter = 0.78525
234.2618 	DATA 	restDur = 30.0

234.2618 	DATA 	
234.2618 	DATA 	TR 151 | TR1 76 | TR2 75
235.0608 	DATA 	
235.0608 	DATA 	stimulation started
235.0608 	DATA 	
235.8108 	DATA 	Keypress: 5
235.8108 	DATA 	TR 152 | TR1 76 | TR2 76
237.3774 	DATA 	Keypress: 5
237.3774 	DATA 	TR 153 | TR1 77 | TR2 76
238.9272 	DATA 	Keypress: 5
238.9273 	DATA 	TR 154 | TR1 77 | TR2 77
240.5104 	DATA 	Keypress: 5
240.5105 	DATA 	TR 155 | TR1 78 | TR2 77
242.0602 	DATA 	Keypress: 5
242.0603 	DATA 	TR 156 | TR1 78 | TR2 78
243.6268 	DATA 	Keypress: 5
243.6269 	DATA 	TR 157 | TR1 79 | TR2 78
245.1766 	DATA 	Keypress: 5
245.1767 	DATA 	TR 158 | TR1 79 | TR2 79
246.7598 	DATA 	Keypress: 5
246.7599 	DATA 	TR 159 | TR1 80 | TR2 79
247.0599 	DATA 	
247.0600 	DATA 	stimulation stopped
247.0600 	DATA 	
248.3096 	DATA 	Keypress: 5
248.3097 	DATA 	TR 160 | TR1 80 | TR2 80
249.8762 	DATA 	Keypress: 5
249.8762 	DATA 	TR 161 | TR1 81 | TR2 80
251.4260 	DATA 	Keypress: 5
251.4260 	DATA 	TR 162 | TR1 81 | TR2 81
252.3426 	DATA 	Target presented
252.9924 	DATA 	Keypress: 5
252.9924 	DATA 	TR 163 | TR1 82 | TR2 81
252.9931 	DATA 	Keypress: 1
253.0092 	DATA 	Key1 pressed
253.0092 	DATA 	Target detected
254.5429 	DATA 	Keypress: 5
254.5590 	DATA 	TR 164 | TR1 82 | TR2 82
256.1256 	DATA 	Keypress: 5
256.1256 	DATA 	TR 165 | TR1 83 | TR2 82
257.6754 	DATA 	Keypress: 5
257.6755 	DATA 	TR 166 | TR1 83 | TR2 83
259.2420 	DATA 	Keypress: 5
259.2420 	DATA 	TR 167 | TR1 84 | TR2 83
260.7918 	DATA 	Keypress: 5
260.7918 	DATA 	TR 168 | TR1 84 | TR2 84
262.3750 	DATA 	Keypress: 5
262.3751 	DATA 	TR 169 | TR1 85 | TR2 84
263.9248 	DATA 	Keypress: 5
263.9249 	DATA 	TR 170 | TR1 85 | TR2 85
265.4914 	DATA 	Keypress: 5
265.4914 	DATA 	TR 171 | TR1 86 | TR2 85
267.0412 	DATA 	Keypress: 5
267.0413 	DATA 	TR 172 | TR1 86 | TR2 86
268.6244 	DATA 	Keypress: 5
268.6245 	DATA 	TR 173 | TR1 87 | TR2 86
270.1743 	DATA 	Keypress: 5
270.1744 	DATA 	TR 174 | TR1 87 | TR2 87
271.7408 	DATA 	Keypress: 5
271.7409 	DATA 	TR 175 | TR1 88 | TR2 87
273.2906 	DATA 	Keypress: 5
273.2907 	DATA 	TR 176 | TR1 88 | TR2 88
274.8572 	DATA 	Keypress: 5
274.8572 	DATA 	TR 177 | TR1 89 | TR2 88
276.4070 	DATA 	Keypress: 5
276.4071 	DATA 	TR 178 | TR1 89 | TR2 89
277.0569 	DATA 	
277.0569 	DATA 	Trial complete
277.0570 	DATA 	Waiting for VASO trigger to start next trial
277.0570 	DATA 	
277.9903 	DATA 	Keypress: 5
277.9903 	DATA 	Waited 0.9333739280700684 seconds for trigger
277.9911 	DATA 	
277.9911 	DATA 	Trial 6
277.9911 	DATA 	stimDur = 2.0
277.9911 	DATA 	jitter = 0.78525
277.9911 	DATA 	restDur = 22.0

277.9912 	DATA 	
277.9912 	DATA 	TR 179 | TR1 90 | TR2 89
278.7901 	DATA 	
278.7901 	DATA 	stimulation started
278.7901 	DATA 	
279.5402 	DATA 	Keypress: 5
279.5402 	DATA 	TR 180 | TR1 90 | TR2 90
280.7900 	DATA 	
280.7900 	DATA 	stimulation stopped
280.7900 	DATA 	
281.1066 	DATA 	Keypress: 5
281.1067 	DATA 	TR 181 | TR1 91 | TR2 90
282.6565 	DATA 	Keypress: 5
282.6565 	DATA 	TR 182 | TR1 91 | TR2 91
284.2397 	DATA 	Keypress: 5
284.2397 	DATA 	TR 183 | TR1 92 | TR2 91
285.7895 	DATA 	Keypress: 5
285.7896 	DATA 	TR 184 | TR1 92 | TR2 92
287.3561 	DATA 	Keypress: 5
287.3561 	DATA 	TR 185 | TR1 93 | TR2 92
288.9059 	DATA 	Keypress: 5
288.9059 	DATA 	TR 186 | TR1 93 | TR2 93
290.4724 	DATA 	Keypress: 5
290.4725 	DATA 	TR 187 | TR1 94 | TR2 93
292.0390 	DATA 	Keypress: 5
292.0390 	DATA 	TR 188 | TR1 94 | TR2 94
293.6055 	DATA 	Keypress: 5
293.6055 	DATA 	TR 189 | TR1 95 | TR2 94
295.1553 	DATA 	Keypress: 5
295.1554 	DATA 	TR 190 | TR1 95 | TR2 95
296.7218 	DATA 	Keypress: 5
296.7219 	DATA 	TR 191 | TR1 96 | TR2 95
298.2717 	DATA 	Keypress: 5
298.2718 	DATA 	TR 192 | TR1 96 | TR2 96
299.8549 	DATA 	Keypress: 5
299.8550 	DATA 	TR 193 | TR1 97 | TR2 96
301.4048 	DATA 	Keypress: 5
301.4048 	DATA 	TR 194 | TR1 97 | TR2 97
302.7879 	DATA 	
302.7879 	DATA 	Trial complete
302.7880 	DATA 	Waiting for VASO trigger to start next trial
302.7880 	DATA 	
302.9713 	DATA 	Keypress: 5
302.9714 	DATA 	Waited 0.18337607383728027 seconds for trigger
302.9721 	DATA 	
302.9721 	DATA 	Trial 7
302.9721 	DATA 	stimDur = 2.0
302.9721 	DATA 	jitter = 0.0
302.9721 	DATA 	restDur = 22.0

302.9721 	DATA 	
302.9721 	DATA 	TR 195 | TR1 98 | TR2 97
302.9722 	DATA 	
302.9722 	DATA 	stimulation started
302.9722 	DATA 	
304.5212 	DATA 	Keypress: 5
304.5213 	DATA 	TR 196 | TR1 98 | TR2 98
304.9879 	DATA 	
304.9879 	DATA 	stimulation stopped
304.9879 	DATA 	
306.0883 	DATA 	Keypress: 5
306.1044 	DATA 	TR 197 | TR1 99 | TR2 98
307.6542 	DATA 	Keypress: 5
307.6543 	DATA 	TR 198 | TR1 99 | TR2 99
309.2208 	DATA 	Keypress: 5
309.2208 	DATA 	TR 199 | TR1 100 | TR2 99
310.7706 	DATA 	Keypress: 5
310.7706 	DATA 	TR 200 | TR1 100 | TR2 100
312.3371 	DATA 	Keypress: 5
312.3372 	DATA 	TR 201 | TR1 101 | TR2 100
313.8871 	DATA 	Keypress: 5
313.8871 	DATA 	TR 202 | TR1 101 | TR2 101
315.4702 	DATA 	Keypress: 5
315.4702 	DATA 	TR 203 | TR1 102 | TR2 101
317.0200 	DATA 	Keypress: 5
317.0200 	DATA 	TR 204 | TR1 102 | TR2 102
318.5865 	DATA 	Keypress: 5
318.5866 	DATA 	TR 205 | TR1 103 | TR2 102
320.1364 	DATA 	Keypress: 5
320.1364 	DATA 	TR 206 | TR1 103 | TR2 103
320.8030 	DATA 	Target presented
321.2697 	DATA 	Keypress: 1
321.2697 	DATA 	Key1 pressed
321.2697 	DATA 	Target detected
321.7197 	DATA 	Keypress: 5
321.7197 	DATA 	TR 207 | TR1 104 | TR2 103
323.2694 	DATA 	Keypress: 5
323.2696 	DATA 	TR 208 | TR1 104 | TR2 104
324.8360 	DATA 	Keypress: 5
324.8360 	DATA 	TR 209 | TR1 105 | TR2 104
326.3858 	DATA 	Keypress: 5
326.3859 	DATA 	TR 210 | TR1 105 | TR2 105
326.9857 	DATA 	
326.9857 	DATA 	Trial complete
326.9857 	DATA 	Waiting for VASO trigger to start next trial
326.9857 	DATA 	
327.9523 	DATA 	Keypress: 5
327.9524 	DATA 	Waited 0.9666430950164795 seconds for trigger
327.9532 	DATA 	
327.9532 	DATA 	Trial 8
327.9532 	DATA 	stimDur = 2.0
327.9532 	DATA 	jitter = 1.5705
327.9532 	DATA 	restDur = 22.0

327.9532 	DATA 	
327.9532 	DATA 	TR 211 | TR1 106 | TR2 105
329.5189 	DATA 	Keypress: 5
329.5189 	DATA 	TR 212 | TR1 106 | TR2 106
329.5356 	DATA 	
329.5356 	DATA 	stimulation started
329.5356 	DATA 	
331.0854 	DATA 	Keypress: 5
331.0855 	DATA 	TR 213 | TR1 107 | TR2 106
331.5355 	DATA 	
331.5355 	DATA 	stimulation stopped
331.5355 	DATA 	
332.6353 	DATA 	Keypress: 5
332.6353 	DATA 	TR 214 | TR1 107 | TR2 107
334.2018 	DATA 	Keypress: 5
334.2018 	DATA 	TR 215 | TR1 108 | TR2 107
335.7516 	DATA 	Keypress: 5
335.7517 	DATA 	TR 216 | TR1 108 | TR2 108
337.3347 	DATA 	Keypress: 5
337.3347 	DATA 	TR 217 | TR1 109 | TR2 108
338.8847 	DATA 	Keypress: 5
338.8848 	DATA 	TR 218 | TR1 109 | TR2 109
340.4512 	DATA 	Keypress: 5
340.4513 	DATA 	TR 219 | TR1 110 | TR2 109
342.0011 	DATA 	Keypress: 5
342.0011 	DATA 	TR 220 | TR1 110 | TR2 110
343.5842 	DATA 	Keypress: 5
343.5843 	DATA 	TR 221 | TR1 111 | TR2 110
345.1341 	DATA 	Keypress: 5
345.1342 	DATA 	TR 222 | TR1 111 | TR2 111
346.7006 	DATA 	Keypress: 5
346.7007 	DATA 	TR 223 | TR1 112 | TR2 111
348.2505 	DATA 	Keypress: 5
348.2506 	DATA 	TR 224 | TR1 112 | TR2 112
349.8171 	DATA 	Keypress: 5
349.8171 	DATA 	TR 225 | TR1 113 | TR2 112
351.3669 	DATA 	Keypress: 5
351.3669 	DATA 	TR 226 | TR1 113 | TR2 113
352.9501 	DATA 	Keypress: 5
352.9501 	DATA 	TR 227 | TR1 114 | TR2 113
353.5333 	DATA 	
353.5333 	DATA 	Trial complete
353.5333 	DATA 	Waiting for VASO trigger to start next trial
353.5333 	DATA 	
354.4999 	DATA 	Keypress: 5
354.5000 	DATA 	TR 228 | TR1 114 | TR2 114
356.0664 	DATA 	Keypress: 5
356.0664 	DATA 	Waited 2.5331270694732666 seconds for trigger
356.0672 	DATA 	
356.0672 	DATA 	Trial 9
356.0672 	DATA 	stimDur = 12.0
356.0672 	DATA 	jitter = 1.5705
356.0672 	DATA 	restDur = 30.0

356.0672 	DATA 	
356.0672 	DATA 	TR 229 | TR1 115 | TR2 114
357.6163 	DATA 	Keypress: 5
357.6164 	DATA 	TR 230 | TR1 115 | TR2 115
357.6496 	DATA 	
357.6496 	DATA 	stimulation started
357.6496 	DATA 	
359.1995 	DATA 	Keypress: 5
359.1996 	DATA 	TR 231 | TR1 116 | TR2 115
360.7494 	DATA 	Keypress: 5
360.7495 	DATA 	TR 232 | TR1 116 | TR2 116
362.3159 	DATA 	Keypress: 5
362.3160 	DATA 	TR 233 | TR1 117 | TR2 116
363.8658 	DATA 	Keypress: 5
363.8659 	DATA 	TR 234 | TR1 117 | TR2 117
365.4330 	DATA 	Keypress: 5
365.4489 	DATA 	TR 235 | TR1 118 | TR2 117
366.9988 	DATA 	Keypress: 5
366.9989 	DATA 	TR 236 | TR1 118 | TR2 118
368.5653 	DATA 	Keypress: 5
368.5654 	DATA 	TR 237 | TR1 119 | TR2 118
369.6485 	DATA 	
369.6485 	DATA 	stimulation stopped
369.6485 	DATA 	
370.1152 	DATA 	Keypress: 5
370.1152 	DATA 	TR 238 | TR1 119 | TR2 119
371.6817 	DATA 	Keypress: 5
371.6817 	DATA 	TR 239 | TR1 120 | TR2 119
373.2315 	DATA 	Keypress: 5
373.2316 	DATA 	TR 240 | TR1 120 | TR2 120
374.8147 	DATA 	Keypress: 5
374.8147 	DATA 	TR 241 | TR1 121 | TR2 120
376.3646 	DATA 	Keypress: 5
376.3646 	DATA 	TR 242 | TR1 121 | TR2 121
377.9311 	DATA 	Keypress: 5
377.9311 	DATA 	TR 243 | TR1 122 | TR2 121
379.4810 	DATA 	Keypress: 5
379.4810 	DATA 	TR 244 | TR1 122 | TR2 122
381.0641 	DATA 	Keypress: 5
381.0642 	DATA 	TR 245 | TR1 123 | TR2 122
382.6140 	DATA 	Keypress: 5
382.6141 	DATA 	TR 246 | TR1 123 | TR2 123
384.1805 	DATA 	Keypress: 5
384.1806 	DATA 	TR 247 | TR1 124 | TR2 123
385.7304 	DATA 	Keypress: 5
385.7304 	DATA 	TR 248 | TR1 124 | TR2 124
387.2969 	DATA 	Keypress: 5
387.2969 	DATA 	TR 249 | TR1 125 | TR2 124
388.8474 	DATA 	Keypress: 5
388.8634 	DATA 	TR 250 | TR1 125 | TR2 125
390.4300 	DATA 	Keypress: 5
390.4300 	DATA 	TR 251 | TR1 126 | TR2 125
391.9798 	DATA 	Keypress: 5
391.9799 	DATA 	TR 252 | TR1 126 | TR2 126
393.5463 	DATA 	Keypress: 5
393.5464 	DATA 	TR 253 | TR1 127 | TR2 126
394.3464 	DATA 	Target presented
394.7962 	DATA 	Keypress: 1
394.7963 	DATA 	Key1 pressed
394.7963 	DATA 	Target detected
395.0961 	DATA 	Keypress: 5
395.0962 	DATA 	TR 254 | TR1 127 | TR2 127
396.6795 	DATA 	Keypress: 5
396.6795 	DATA 	TR 255 | TR1 128 | TR2 127
398.2292 	DATA 	Keypress: 5
398.2293 	DATA 	TR 256 | TR1 128 | TR2 128
399.6457 	DATA 	
399.6457 	DATA 	Trial complete
399.6458 	DATA 	Waiting for VASO trigger to start next trial
399.6458 	DATA 	
399.7958 	DATA 	Keypress: 5
399.7958 	DATA 	Waited 0.15004181861877441 seconds for trigger
399.7966 	DATA 	
399.7966 	DATA 	Trial 10
399.7966 	DATA 	stimDur = 4.0
399.7966 	DATA 	jitter = 0.78525
399.7966 	DATA 	restDur = 24.0

399.7966 	DATA 	
399.7966 	DATA 	TR 257 | TR1 129 | TR2 128
400.5958 	DATA 	
400.5958 	DATA 	stimulation started
400.5958 	DATA 	
401.3457 	DATA 	Keypress: 5
401.3458 	DATA 	TR 258 | TR1 129 | TR2 129
402.9288 	DATA 	Keypress: 5
402.9289 	DATA 	TR 259 | TR1 130 | TR2 129
404.4788 	DATA 	Keypress: 5
404.4788 	DATA 	TR 260 | TR1 130 | TR2 130
404.5953 	DATA 	
404.5953 	DATA 	stimulation stopped
404.5953 	DATA 	
406.0450 	DATA 	Keypress: 5
406.0451 	DATA 	TR 261 | TR1 131 | TR2 130
407.5951 	DATA 	Keypress: 5
407.5951 	DATA 	TR 262 | TR1 131 | TR2 131
409.1616 	DATA 	Keypress: 5
409.1616 	DATA 	TR 263 | TR1 132 | TR2 131
410.7116 	DATA 	Keypress: 5
410.7116 	DATA 	TR 264 | TR1 132 | TR2 132
412.2946 	DATA 	Keypress: 5
412.2946 	DATA 	TR 265 | TR1 133 | TR2 132
413.8445 	DATA 	Keypress: 5
413.8445 	DATA 	TR 266 | TR1 133 | TR2 133
415.4110 	DATA 	Keypress: 5
415.4110 	DATA 	TR 267 | TR1 134 | TR2 133
416.9609 	DATA 	Keypress: 5
416.9609 	DATA 	TR 268 | TR1 134 | TR2 134
418.5440 	DATA 	Keypress: 5
418.5441 	DATA 	TR 269 | TR1 135 | TR2 134
420.0939 	DATA 	Keypress: 5
420.0940 	DATA 	TR 270 | TR1 135 | TR2 135
421.6604 	DATA 	Keypress: 5
421.6605 	DATA 	TR 271 | TR1 136 | TR2 135
423.2101 	DATA 	Keypress: 5
423.2102 	DATA 	TR 272 | TR1 136 | TR2 136
424.7768 	DATA 	Keypress: 5
424.7768 	DATA 	TR 273 | TR1 137 | TR2 136
426.3433 	DATA 	Keypress: 5
426.3434 	DATA 	TR 274 | TR1 137 | TR2 137
427.9099 	DATA 	Keypress: 5
427.9099 	DATA 	TR 275 | TR1 138 | TR2 137
428.5933 	DATA 	
428.5933 	DATA 	Trial complete
428.5933 	DATA 	Waiting for VASO trigger to start next trial
428.5933 	DATA 	
429.4597 	DATA 	Keypress: 5
429.4598 	DATA 	TR 276 | TR1 138 | TR2 138
431.0262 	DATA 	Keypress: 5
431.0263 	DATA 	Waited 2.432976007461548 seconds for trigger
431.0270 	DATA 	
431.0270 	DATA 	Trial 11
431.0271 	DATA 	stimDur = 4.0
431.0271 	DATA 	jitter = 2.35575
431.0271 	DATA 	restDur = 24.0

431.0271 	DATA 	
431.0271 	DATA 	TR 277 | TR1 139 | TR2 138
432.5763 	DATA 	Keypress: 5
432.5764 	DATA 	TR 278 | TR1 139 | TR2 139
433.3926 	DATA 	
433.3926 	DATA 	stimulation started
433.3926 	DATA 	
434.1593 	DATA 	Keypress: 5
434.1594 	DATA 	TR 279 | TR1 140 | TR2 139
435.7092 	DATA 	Keypress: 5
435.7093 	DATA 	TR 280 | TR1 140 | TR2 140
437.2757 	DATA 	Keypress: 5
437.2758 	DATA 	TR 281 | TR1 141 | TR2 140
437.3923 	DATA 	
437.3923 	DATA 	stimulation stopped
437.3923 	DATA 	
438.8256 	DATA 	Keypress: 5
438.8256 	DATA 	TR 282 | TR1 141 | TR2 141
440.3926 	DATA 	Keypress: 5
440.4087 	DATA 	TR 283 | TR1 142 | TR2 141
441.9586 	DATA 	Keypress: 5
441.9586 	DATA 	TR 284 | TR1 142 | TR2 142
443.5251 	DATA 	Keypress: 5
443.5251 	DATA 	TR 285 | TR1 143 | TR2 142
444.0084 	DATA 	Target presented
445.0750 	DATA 	Keypress: 5
445.0750 	DATA 	TR 286 | TR1 143 | TR2 143
445.6582 	DATA 	Keypress: 1
445.6583 	DATA 	Key1 pressed
445.6583 	DATA 	Target detected
446.6414 	DATA 	Keypress: 5
446.6415 	DATA 	TR 287 | TR1 144 | TR2 143
448.1913 	DATA 	Keypress: 5
448.1914 	DATA 	TR 288 | TR1 144 | TR2 144
449.7745 	DATA 	Keypress: 5
449.7746 	DATA 	TR 289 | TR1 145 | TR2 144
451.3244 	DATA 	Keypress: 5
451.3244 	DATA 	TR 290 | TR1 145 | TR2 145
452.8909 	DATA 	Keypress: 5
452.8909 	DATA 	TR 291 | TR1 146 | TR2 145
454.4408 	DATA 	Keypress: 5
454.4408 	DATA 	TR 292 | TR1 146 | TR2 146
456.0239 	DATA 	Keypress: 5
456.0240 	DATA 	TR 293 | TR1 147 | TR2 146
457.5738 	DATA 	Keypress: 5
457.5739 	DATA 	TR 294 | TR1 147 | TR2 147
459.1403 	DATA 	Keypress: 5
459.1404 	DATA 	TR 295 | TR1 148 | TR2 147
460.6902 	DATA 	Keypress: 5
460.6903 	DATA 	TR 296 | TR1 148 | TR2 148
461.3901 	DATA 	
461.3901 	DATA 	Trial complete
461.3901 	DATA 	Waiting for VASO trigger to start next trial
461.3901 	DATA 	
462.2568 	DATA 	Keypress: 5
462.2569 	DATA 	Waited 0.8667869567871094 seconds for trigger
462.2577 	DATA 	
462.2577 	DATA 	Trial 12
462.2577 	DATA 	stimDur = 24.0
462.2577 	DATA 	jitter = 0.0
462.2577 	DATA 	restDur = 40.0

462.2577 	DATA 	
462.2577 	DATA 	TR 297 | TR1 149 | TR2 148
462.2577 	DATA 	
462.2577 	DATA 	stimulation started
462.2577 	DATA 	
463.8233 	DATA 	Keypress: 5
463.8234 	DATA 	TR 298 | TR1 149 | TR2 149
465.3898 	DATA 	Keypress: 5
465.3899 	DATA 	TR 299 | TR1 150 | TR2 149
466.9397 	DATA 	Keypress: 5
466.9397 	DATA 	TR 300 | TR1 150 | TR2 150
468.5062 	DATA 	Keypress: 5
468.5063 	DATA 	TR 301 | TR1 151 | TR2 150
470.0561 	DATA 	Keypress: 5
470.0561 	DATA 	TR 302 | TR1 151 | TR2 151
471.6392 	DATA 	Keypress: 5
471.6393 	DATA 	TR 303 | TR1 152 | TR2 151
473.1891 	DATA 	Keypress: 5
473.1892 	DATA 	TR 304 | TR1 152 | TR2 152
474.7556 	DATA 	Keypress: 5
474.7557 	DATA 	TR 305 | TR1 153 | TR2 152
476.3055 	DATA 	Keypress: 5
476.3055 	DATA 	TR 306 | TR1 153 | TR2 153
477.8887 	DATA 	Keypress: 5
477.8887 	DATA 	TR 307 | TR1 154 | TR2 153
479.4385 	DATA 	Keypress: 5
479.4386 	DATA 	TR 308 | TR1 154 | TR2 154
481.0051 	DATA 	Keypress: 5
481.0051 	DATA 	TR 309 | TR1 155 | TR2 154
482.5549 	DATA 	Keypress: 5
482.5549 	DATA 	TR 310 | TR1 155 | TR2 155
484.1214 	DATA 	Keypress: 5
484.1215 	DATA 	TR 311 | TR1 156 | TR2 155
485.6713 	DATA 	Keypress: 5
485.6714 	DATA 	TR 312 | TR1 156 | TR2 156
486.2712 	DATA 	
486.2712 	DATA 	stimulation stopped
486.2712 	DATA 	
487.2546 	DATA 	Keypress: 5
487.2546 	DATA 	TR 313 | TR1 157 | TR2 156
488.8043 	DATA 	Keypress: 5
488.8043 	DATA 	TR 314 | TR1 157 | TR2 157
490.3708 	DATA 	Keypress: 5
490.3708 	DATA 	TR 315 | TR1 158 | TR2 157
491.9207 	DATA 	Keypress: 5
491.9207 	DATA 	TR 316 | TR1 158 | TR2 158
493.5038 	DATA 	Keypress: 5
493.5039 	DATA 	TR 317 | TR1 159 | TR2 158
495.0538 	DATA 	Keypress: 5
495.0538 	DATA 	TR 318 | TR1 159 | TR2 159
495.9536 	DATA 	Target presented
496.6202 	DATA 	Keypress: 5
496.6203 	DATA 	TR 319 | TR1 160 | TR2 159
496.6702 	DATA 	Keypress: 1
496.6702 	DATA 	Key1 pressed
496.6702 	DATA 	Target detected
498.1701 	DATA 	Keypress: 5
498.1702 	DATA 	TR 320 | TR1 160 | TR2 160
499.7372 	DATA 	Keypress: 5
499.7532 	DATA 	TR 321 | TR1 161 | TR2 160
501.3032 	DATA 	Keypress: 5
501.3032 	DATA 	TR 322 | TR1 161 | TR2 161
502.8696 	DATA 	Keypress: 5
502.8697 	DATA 	TR 323 | TR1 162 | TR2 161
504.4195 	DATA 	Keypress: 5
504.4196 	DATA 	TR 324 | TR1 162 | TR2 162
505.9860 	DATA 	Keypress: 5
505.9860 	DATA 	TR 325 | TR1 163 | TR2 162
507.5359 	DATA 	Keypress: 5
507.5359 	DATA 	TR 326 | TR1 163 | TR2 163
509.1191 	DATA 	Keypress: 5
509.1191 	DATA 	TR 327 | TR1 164 | TR2 163
510.6691 	DATA 	Keypress: 5
510.6691 	DATA 	TR 328 | TR1 164 | TR2 164
512.2354 	DATA 	Keypress: 5
512.2355 	DATA 	TR 329 | TR1 165 | TR2 164
513.7853 	DATA 	Keypress: 5
513.7854 	DATA 	TR 330 | TR1 165 | TR2 165
515.3686 	DATA 	Keypress: 5
515.3686 	DATA 	TR 331 | TR1 166 | TR2 165
516.9184 	DATA 	Keypress: 5
516.9184 	DATA 	TR 332 | TR1 166 | TR2 166
518.4849 	DATA 	Keypress: 5
518.4850 	DATA 	TR 333 | TR1 167 | TR2 166
520.0348 	DATA 	Keypress: 5
520.0349 	DATA 	TR 334 | TR1 167 | TR2 167
521.6013 	DATA 	Keypress: 5
521.6013 	DATA 	TR 335 | TR1 168 | TR2 167
523.1677 	DATA 	Keypress: 5
523.1677 	DATA 	TR 336 | TR1 168 | TR2 168
524.7344 	DATA 	Keypress: 5
524.7344 	DATA 	TR 337 | TR1 169 | TR2 168
526.2675 	DATA 	
526.2675 	DATA 	Trial complete
526.2675 	DATA 	Waiting for VASO trigger to start next trial
526.2675 	DATA 	
526.2842 	DATA 	Keypress: 5
526.2842 	DATA 	TR 338 | TR1 169 | TR2 169
527.8507 	DATA 	Keypress: 5
527.8508 	DATA 	Waited 1.5832481384277344 seconds for trigger
527.8515 	DATA 	
527.8515 	DATA 	Trial 13
527.8516 	DATA 	stimDur = 4.0
527.8516 	DATA 	jitter = 1.5705
527.8516 	DATA 	restDur = 24.0

527.8516 	DATA 	
527.8516 	DATA 	TR 339 | TR1 170 | TR2 169
529.4006 	DATA 	Keypress: 5
529.4006 	DATA 	TR 340 | TR1 170 | TR2 170
529.4339 	DATA 	
529.4339 	DATA 	stimulation started
529.4339 	DATA 	
530.9838 	DATA 	Keypress: 5
530.9839 	DATA 	TR 341 | TR1 171 | TR2 170
532.5337 	DATA 	Keypress: 5
532.5337 	DATA 	TR 342 | TR1 171 | TR2 171
533.4336 	DATA 	
533.4336 	DATA 	stimulation stopped
533.4336 	DATA 	
534.1001 	DATA 	Keypress: 5
534.1002 	DATA 	TR 343 | TR1 172 | TR2 171
535.6501 	DATA 	Keypress: 5
535.6502 	DATA 	TR 344 | TR1 172 | TR2 172
537.2171 	DATA 	Keypress: 5
537.2331 	DATA 	TR 345 | TR1 173 | TR2 172
538.7831 	DATA 	Keypress: 5
538.7831 	DATA 	TR 346 | TR1 173 | TR2 173
540.3496 	DATA 	Keypress: 5
540.3496 	DATA 	TR 347 | TR1 174 | TR2 173
541.8995 	DATA 	Keypress: 5
541.8996 	DATA 	TR 348 | TR1 174 | TR2 174
543.4659 	DATA 	Keypress: 5
543.4660 	DATA 	TR 349 | TR1 175 | TR2 174
545.0158 	DATA 	Keypress: 5
545.0159 	DATA 	TR 350 | TR1 175 | TR2 175
546.5990 	DATA 	Keypress: 5
546.5990 	DATA 	TR 351 | TR1 176 | TR2 175
548.1489 	DATA 	Keypress: 5
548.1489 	DATA 	TR 352 | TR1 176 | TR2 176
549.7155 	DATA 	Keypress: 5
549.7155 	DATA 	TR 353 | TR1 177 | TR2 176
551.2653 	DATA 	Keypress: 5
551.2653 	DATA 	TR 354 | TR1 177 | TR2 177
552.8484 	DATA 	Keypress: 5
552.8485 	DATA 	TR 355 | TR1 178 | TR2 177
554.3984 	DATA 	Keypress: 5
554.3985 	DATA 	TR 356 | TR1 178 | TR2 178
555.9648 	DATA 	Keypress: 5
555.9648 	DATA 	TR 357 | TR1 179 | TR2 178
557.4313 	DATA 	
557.4313 	DATA 	Trial complete
557.4313 	DATA 	Waiting for VASO trigger to start next trial
557.4313 	DATA 	
557.5147 	DATA 	Keypress: 5
557.5147 	DATA 	TR 358 | TR1 179 | TR2 179
559.0811 	DATA 	Keypress: 5
559.0812 	DATA 	Waited 1.6498680114746094 seconds for trigger
559.0820 	DATA 	
559.0820 	DATA 	Trial 14
559.0820 	DATA 	stimDur = 2.0
559.0820 	DATA 	jitter = 2.35575
559.0820 	DATA 	restDur = 22.0

559.0820 	DATA 	
559.0820 	DATA 	TR 359 | TR1 180 | TR2 179
560.6477 	DATA 	Keypress: 5
560.6477 	DATA 	TR 360 | TR1 180 | TR2 180
561.4477 	DATA 	
561.4478 	DATA 	stimulation started
561.4478 	DATA 	
562.2144 	DATA 	Keypress: 5
562.2145 	DATA 	TR 361 | TR1 181 | TR2 180
563.4474 	DATA 	
563.4474 	DATA 	stimulation stopped
563.4474 	DATA 	
563.7641 	DATA 	Keypress: 5
563.7641 	DATA 	TR 362 | TR1 181 | TR2 181
565.3306 	DATA 	Keypress: 5
565.3306 	DATA 	TR 363 | TR1 182 | TR2 181
566.8805 	DATA 	Keypress: 5
566.8805 	DATA 	TR 364 | TR1 182 | TR2 182
567.9803 	DATA 	Target presented
568.4304 	DATA 	Keypress: 1
568.4305 	DATA 	Key1 pressed
568.4305 	DATA 	Target detected
568.4636 	DATA 	Keypress: 5
568.4636 	DATA 	TR 365 | TR1 183 | TR2 182
570.0135 	DATA 	Keypress: 5
570.0136 	DATA 	TR 366 | TR1 183 | TR2 183
571.5800 	DATA 	Keypress: 5
571.5801 	DATA 	TR 367 | TR1 184 | TR2 183
573.1299 	DATA 	Keypress: 5
573.1299 	DATA 	TR 368 | TR1 184 | TR2 184
574.7131 	DATA 	Keypress: 5
574.7131 	DATA 	TR 369 | TR1 185 | TR2 184
576.2629 	DATA 	Keypress: 5
576.2630 	DATA 	TR 370 | TR1 185 | TR2 185
577.8295 	DATA 	Keypress: 5
577.8295 	DATA 	TR 371 | TR1 186 | TR2 185
579.3793 	DATA 	Keypress: 5
579.3793 	DATA 	TR 372 | TR1 186 | TR2 186
580.9459 	DATA 	Keypress: 5
580.9459 	DATA 	TR 373 | TR1 187 | TR2 186
582.4957 	DATA 	Keypress: 5
582.4957 	DATA 	TR 374 | TR1 187 | TR2 187
584.0789 	DATA 	Keypress: 5
584.0790 	DATA 	TR 375 | TR1 188 | TR2 187
585.4454 	DATA 	
585.4454 	DATA 	Trial complete
585.4454 	DATA 	Waiting for VASO trigger to start next trial
585.4454 	DATA 	
585.6287 	DATA 	Keypress: 5
585.6288 	DATA 	TR 376 | TR1 188 | TR2 188
587.1953 	DATA 	Keypress: 5
587.1953 	DATA 	Waited 1.7499139308929443 seconds for trigger
587.1961 	DATA 	
587.1961 	DATA 	Trial 15
587.1961 	DATA 	stimDur = 4.0
587.1961 	DATA 	jitter = 0.0
587.1961 	DATA 	restDur = 24.0

587.1961 	DATA 	
587.1961 	DATA 	TR 377 | TR1 189 | TR2 188
587.1961 	DATA 	
587.1962 	DATA 	stimulation started
587.1962 	DATA 	
588.7452 	DATA 	Keypress: 5
588.7452 	DATA 	TR 378 | TR1 189 | TR2 189
590.3284 	DATA 	Keypress: 5
590.3284 	DATA 	TR 379 | TR1 190 | TR2 189
591.2116 	DATA 	
591.2116 	DATA 	stimulation stopped
591.2116 	DATA 	
591.8782 	DATA 	Keypress: 5
591.8783 	DATA 	TR 380 | TR1 190 | TR2 190
593.4447 	DATA 	Keypress: 5
593.4448 	DATA 	TR 381 | TR1 191 | TR2 190
594.9947 	DATA 	Keypress: 5
594.9947 	DATA 	TR 382 | TR1 191 | TR2 191
596.5611 	DATA 	Keypress: 5
596.5611 	DATA 	TR 383 | TR1 192 | TR2 191
598.1276 	DATA 	Keypress: 5
598.1276 	DATA 	TR 384 | TR1 192 | TR2 192
599.6941 	DATA 	Keypress: 5
599.6942 	DATA 	TR 385 | TR1 193 | TR2 192
601.2440 	DATA 	Keypress: 5
601.2440 	DATA 	TR 386 | TR1 193 | TR2 193
602.8106 	DATA 	Keypress: 5
602.8106 	DATA 	TR 387 | TR1 194 | TR2 193
604.3605 	DATA 	Keypress: 5
604.3605 	DATA 	TR 388 | TR1 194 | TR2 194
605.9436 	DATA 	Keypress: 5
605.9436 	DATA 	TR 389 | TR1 195 | TR2 194
607.4934 	DATA 	Keypress: 5
607.4934 	DATA 	TR 390 | TR1 195 | TR2 195
609.0600 	DATA 	Keypress: 5
609.0600 	DATA 	TR 391 | TR1 196 | TR2 195
610.6098 	DATA 	Keypress: 5
610.6098 	DATA 	TR 392 | TR1 196 | TR2 196
612.1930 	DATA 	Keypress: 5
612.1930 	DATA 	TR 393 | TR1 197 | TR2 196
613.7428 	DATA 	Keypress: 5
613.7429 	DATA 	TR 394 | TR1 197 | TR2 197
615.2093 	DATA 	
615.2093 	DATA 	Trial complete
615.2093 	DATA 	Waiting for VASO trigger to start next trial
615.2093 	DATA 	
615.3094 	DATA 	Keypress: 5
615.3094 	DATA 	Waited 0.10008597373962402 seconds for trigger
615.3103 	DATA 	
615.3103 	DATA 	Trial 16
615.3103 	DATA 	stimDur = 1.0
615.3103 	DATA 	jitter = 1.5705
615.3103 	DATA 	restDur = 20.0

615.3103 	DATA 	
615.3103 	DATA 	TR 395 | TR1 198 | TR2 197
616.8592 	DATA 	Keypress: 5
616.8593 	DATA 	TR 396 | TR1 198 | TR2 198
616.8925 	DATA 	
616.8925 	DATA 	stimulation started
616.8925 	DATA 	
617.8925 	DATA 	
617.8925 	DATA 	stimulation stopped
617.8925 	DATA 	
618.4258 	DATA 	Keypress: 5
618.4258 	DATA 	TR 397 | TR1 199 | TR2 198
619.9762 	DATA 	Keypress: 5
619.9922 	DATA 	TR 398 | TR1 199 | TR2 199
621.5588 	DATA 	Keypress: 5
621.5588 	DATA 	TR 399 | TR1 200 | TR2 199
623.1086 	DATA 	Keypress: 5
623.1086 	DATA 	TR 400 | TR1 200 | TR2 200
624.6752 	DATA 	Keypress: 5
624.6752 	DATA 	TR 401 | TR1 201 | TR2 200
626.2250 	DATA 	Keypress: 5
626.2251 	DATA 	TR 402 | TR1 201 | TR2 201
627.8082 	DATA 	Keypress: 5
627.8083 	DATA 	TR 403 | TR1 202 | TR2 201
629.3581 	DATA 	Keypress: 5
629.3581 	DATA 	TR 404 | TR1 202 | TR2 202
630.9246 	DATA 	Keypress: 5
630.9247 	DATA 	TR 405 | TR1 203 | TR2 202
632.4745 	DATA 	Keypress: 5
632.4745 	DATA 	TR 406 | TR1 203 | TR2 203
634.0416 	DATA 	Keypress: 5
634.0576 	DATA 	TR 407 | TR1 204 | TR2 203
635.6075 	DATA 	Keypress: 5
635.6075 	DATA 	TR 408 | TR1 204 | TR2 204
635.8740 	DATA 	Target presented
636.7080 	DATA 	Keypress: 1
636.7240 	DATA 	Key1 pressed
636.7240 	DATA 	Target detected
637.1740 	DATA 	Keypress: 5
637.1740 	DATA 	TR 409 | TR1 205 | TR2 204
637.8906 	DATA 	
637.8906 	DATA 	Trial complete
637.8906 	DATA 	Waiting for VASO trigger to start next trial
637.8906 	DATA 	
638.7240 	DATA 	Keypress: 5
638.7241 	DATA 	TR 410 | TR1 205 | TR2 205
640.2904 	DATA 	Keypress: 5
640.2905 	DATA 	Waited 2.3998420238494873 seconds for trigger
640.2912 	DATA 	
640.2912 	DATA 	Trial 17
640.2912 	DATA 	stimDur = 1.0
640.2912 	DATA 	jitter = 0.0
640.2912 	DATA 	restDur = 20.0

640.2912 	DATA 	
640.2912 	DATA 	TR 411 | TR1 206 | TR2 205
640.2913 	DATA 	
640.2913 	DATA 	stimulation started
640.2913 	DATA 	
641.2905 	DATA 	
641.2905 	DATA 	stimulation stopped
641.2905 	DATA 	
641.8402 	DATA 	Keypress: 5
641.8403 	DATA 	TR 412 | TR1 206 | TR2 206
643.4236 	DATA 	Keypress: 5
643.4237 	DATA 	TR 413 | TR1 207 | TR2 206
644.9733 	DATA 	Keypress: 5
644.9733 	DATA 	TR 414 | TR1 207 | TR2 207
646.5398 	DATA 	Keypress: 5
646.5399 	DATA 	TR 415 | TR1 208 | TR2 207
648.0897 	DATA 	Keypress: 5
648.0897 	DATA 	TR 416 | TR1 208 | TR2 208
649.6729 	DATA 	Keypress: 5
649.6729 	DATA 	TR 417 | TR1 209 | TR2 208
651.2227 	DATA 	Keypress: 5
651.2228 	DATA 	TR 418 | TR1 209 | TR2 209
652.7893 	DATA 	Keypress: 5
652.7893 	DATA 	TR 419 | TR1 210 | TR2 209
654.3391 	DATA 	Keypress: 5
654.3392 	DATA 	TR 420 | TR1 210 | TR2 210
655.9059 	DATA 	Keypress: 5
655.9059 	DATA 	TR 421 | TR1 211 | TR2 210
657.4722 	DATA 	Keypress: 5
657.4722 	DATA 	TR 422 | TR1 211 | TR2 211
659.0387 	DATA 	Keypress: 5
659.0387 	DATA 	TR 423 | TR1 212 | TR2 211
660.5885 	DATA 	Keypress: 5
660.5886 	DATA 	TR 424 | TR1 212 | TR2 212
661.3051 	DATA 	
661.3051 	DATA 	Trial complete
661.3051 	DATA 	Waiting for VASO trigger to start next trial
661.3051 	DATA 	
662.1551 	DATA 	Keypress: 5
662.1551 	DATA 	Waited 0.8500077724456787 seconds for trigger
662.1559 	DATA 	
662.1559 	DATA 	Trial 18
662.1559 	DATA 	stimDur = 12.0
662.1559 	DATA 	jitter = 2.35575
662.1559 	DATA 	restDur = 30.0

662.1559 	DATA 	
662.1559 	DATA 	TR 425 | TR1 213 | TR2 212
663.7049 	DATA 	Keypress: 5
663.7050 	DATA 	TR 426 | TR1 213 | TR2 213
664.5215 	DATA 	
664.5215 	DATA 	stimulation started
664.5215 	DATA 	
665.2882 	DATA 	Keypress: 5
665.2883 	DATA 	TR 427 | TR1 214 | TR2 213
666.8380 	DATA 	Keypress: 5
666.8381 	DATA 	TR 428 | TR1 214 | TR2 214
668.4046 	DATA 	Keypress: 5
668.4046 	DATA 	TR 429 | TR1 215 | TR2 214
669.9544 	DATA 	Keypress: 5
669.9545 	DATA 	TR 430 | TR1 215 | TR2 215
671.5216 	DATA 	Keypress: 5
671.5375 	DATA 	TR 431 | TR1 216 | TR2 215
673.0874 	DATA 	Keypress: 5
673.0875 	DATA 	TR 432 | TR1 216 | TR2 216
674.6540 	DATA 	Keypress: 5
674.6541 	DATA 	TR 433 | TR1 217 | TR2 216
676.2041 	DATA 	Keypress: 5
676.2041 	DATA 	TR 434 | TR1 217 | TR2 217
676.5204 	DATA 	
676.5204 	DATA 	stimulation stopped
676.5204 	DATA 	
677.7701 	DATA 	Keypress: 5
677.7702 	DATA 	TR 435 | TR1 218 | TR2 217
679.3202 	DATA 	Keypress: 5
679.3202 	DATA 	TR 436 | TR1 218 | TR2 218
680.9034 	DATA 	Keypress: 5
680.9034 	DATA 	TR 437 | TR1 219 | TR2 218
682.4531 	DATA 	Keypress: 5
682.4531 	DATA 	TR 438 | TR1 219 | TR2 219
684.0199 	DATA 	Keypress: 5
684.0200 	DATA 	TR 439 | TR1 220 | TR2 219
685.5696 	DATA 	Keypress: 5
685.5696 	DATA 	TR 440 | TR1 220 | TR2 220
687.1528 	DATA 	Keypress: 5
687.1528 	DATA 	TR 441 | TR1 221 | TR2 220
688.7026 	DATA 	Keypress: 5
688.7027 	DATA 	TR 442 | TR1 221 | TR2 221
690.2692 	DATA 	Keypress: 5
690.2692 	DATA 	TR 443 | TR1 222 | TR2 221
691.8190 	DATA 	Keypress: 5
691.8190 	DATA 	TR 444 | TR1 222 | TR2 222
693.3855 	DATA 	Keypress: 5
693.3856 	DATA 	TR 445 | TR1 223 | TR2 222
694.9359 	DATA 	Keypress: 5
694.9520 	DATA 	TR 446 | TR1 223 | TR2 223
694.9854 	DATA 	Target presented
695.5687 	DATA 	Keypress: 1
695.5687 	DATA 	Key1 pressed
695.5687 	DATA 	Target detected
696.5185 	DATA 	Keypress: 5
696.5186 	DATA 	TR 447 | TR1 224 | TR2 223
698.0684 	DATA 	Keypress: 5
698.0685 	DATA 	TR 448 | TR1 224 | TR2 224
699.6350 	DATA 	Keypress: 5
699.6350 	DATA 	TR 449 | TR1 225 | TR2 224
701.1848 	DATA 	Keypress: 5
701.1848 	DATA 	TR 450 | TR1 225 | TR2 225
702.7680 	DATA 	Keypress: 5
702.7681 	DATA 	TR 451 | TR1 226 | TR2 225
704.3179 	DATA 	Keypress: 5
704.3179 	DATA 	TR 452 | TR1 226 | TR2 226
705.8844 	DATA 	Keypress: 5
705.8845 	DATA 	TR 453 | TR1 227 | TR2 226
706.5176 	DATA 	
706.5176 	DATA 	Trial complete
706.5177 	DATA 	Waiting for VASO trigger to start next trial
706.5177 	DATA 	
707.4344 	DATA 	Keypress: 5
707.4344 	DATA 	TR 454 | TR1 227 | TR2 227
709.0174 	DATA 	Keypress: 5
709.0175 	DATA 	Waited 2.4998278617858887 seconds for trigger
709.0183 	DATA 	
709.0183 	DATA 	Trial 19
709.0183 	DATA 	stimDur = 1.0
709.0183 	DATA 	jitter = 0.78525
709.0183 	DATA 	restDur = 20.0

709.0183 	DATA 	
709.0183 	DATA 	TR 455 | TR1 228 | TR2 227
709.8173 	DATA 	
709.8173 	DATA 	stimulation started
709.8173 	DATA 	
710.5674 	DATA 	Keypress: 5
710.5674 	DATA 	TR 456 | TR1 228 | TR2 228
710.8173 	DATA 	
710.8173 	DATA 	stimulation stopped
710.8173 	DATA 	
712.1338 	DATA 	Keypress: 5
712.1339 	DATA 	TR 457 | TR1 229 | TR2 228
713.6837 	DATA 	Keypress: 5
713.6837 	DATA 	TR 458 | TR1 229 | TR2 229
715.2502 	DATA 	Keypress: 5
715.2503 	DATA 	TR 459 | TR1 230 | TR2 229
716.8002 	DATA 	Keypress: 5
716.8003 	DATA 	TR 460 | TR1 230 | TR2 230
718.3832 	DATA 	Keypress: 5
718.3832 	DATA 	TR 461 | TR1 231 | TR2 230
719.9331 	DATA 	Keypress: 5
719.9332 	DATA 	TR 462 | TR1 231 | TR2 231
721.4996 	DATA 	Keypress: 5
721.4997 	DATA 	TR 463 | TR1 232 | TR2 231
723.0495 	DATA 	Keypress: 5
723.0496 	DATA 	TR 464 | TR1 232 | TR2 232
724.6327 	DATA 	Keypress: 5
724.6327 	DATA 	TR 465 | TR1 233 | TR2 232
726.1825 	DATA 	Keypress: 5
726.1826 	DATA 	TR 466 | TR1 233 | TR2 233
727.7491 	DATA 	Keypress: 5
727.7491 	DATA 	TR 467 | TR1 234 | TR2 233
729.2989 	DATA 	Keypress: 5
729.2989 	DATA 	TR 468 | TR1 234 | TR2 234
730.8154 	DATA 	
730.8154 	DATA 	Trial complete
730.8154 	DATA 	
730.8660 	DATA 	Keypress: 5
730.8821 	DATA 	Waited 24.364409923553467 seconds for trigger
730.8828 	DATA 	
730.8828 	DATA 	Trial 20
730.8828 	DATA 	stimDur = 24.0
730.8828 	DATA 	jitter = 0.78525
730.8829 	DATA 	restDur = 40.0

730.8829 	DATA 	
730.8829 	DATA 	TR 469 | TR1 235 | TR2 234
731.6820 	DATA 	
731.6820 	DATA 	stimulation started
731.6820 	DATA 	
732.4320 	DATA 	Keypress: 5
732.4321 	DATA 	TR 470 | TR1 235 | TR2 235
733.9985 	DATA 	Keypress: 5
733.9986 	DATA 	TR 471 | TR1 236 | TR2 235
735.5484 	DATA 	Keypress: 5
735.5485 	DATA 	TR 472 | TR1 236 | TR2 236
737.1149 	DATA 	Keypress: 5
737.1150 	DATA 	TR 473 | TR1 237 | TR2 236
738.6648 	DATA 	Keypress: 5
738.6648 	DATA 	TR 474 | TR1 237 | TR2 237
740.2481 	DATA 	Keypress: 5
740.2482 	DATA 	TR 475 | TR1 238 | TR2 237
741.7978 	DATA 	Keypress: 5
741.7979 	DATA 	TR 476 | TR1 238 | TR2 238
743.3643 	DATA 	Keypress: 5
743.3644 	DATA 	TR 477 | TR1 239 | TR2 238
744.9142 	DATA 	Keypress: 5
744.9143 	DATA 	TR 478 | TR1 239 | TR2 239
746.4974 	DATA 	Keypress: 5
746.4974 	DATA 	TR 479 | TR1 240 | TR2 239
748.0474 	DATA 	Keypress: 5
748.0475 	DATA 	TR 480 | TR1 240 | TR2 240
749.6138 	DATA 	Keypress: 5
749.6138 	DATA 	TR 481 | TR1 241 | TR2 240
751.0136 	DATA 	Target presented
751.1638 	DATA 	Keypress: 5
751.1638 	DATA 	TR 482 | TR1 241 | TR2 241
752.7301 	DATA 	Keypress: 5
752.7302 	DATA 	TR 483 | TR1 242 | TR2 241
754.2807 	DATA 	Keypress: 5
754.2966 	DATA 	TR 484 | TR1 242 | TR2 242
755.6798 	DATA 	
755.6798 	DATA 	stimulation stopped
755.6798 	DATA 	
755.8631 	DATA 	Keypress: 5
755.8632 	DATA 	TR 485 | TR1 243 | TR2 242
757.4130 	DATA 	Keypress: 5
757.4131 	DATA 	TR 486 | TR1 243 | TR2 243
758.9795 	DATA 	Keypress: 5
758.9796 	DATA 	TR 487 | TR1 244 | TR2 243
760.5294 	DATA 	Keypress: 5
760.5295 	DATA 	TR 488 | TR1 244 | TR2 244
762.1126 	DATA 	Keypress: 5
762.1126 	DATA 	TR 489 | TR1 245 | TR2 244
763.6625 	DATA 	Keypress: 5
763.6625 	DATA 	TR 490 | TR1 245 | TR2 245
765.2290 	DATA 	Keypress: 5
765.2290 	DATA 	TR 491 | TR1 246 | TR2 245
766.7789 	DATA 	Keypress: 5
766.7789 	DATA 	TR 492 | TR1 246 | TR2 246
768.3620 	DATA 	Keypress: 5
768.3621 	DATA 	TR 493 | TR1 247 | TR2 246
769.9119 	DATA 	Keypress: 5
769.9119 	DATA 	TR 494 | TR1 247 | TR2 247
771.4784 	DATA 	Keypress: 5
771.4784 	DATA 	TR 495 | TR1 248 | TR2 247
773.0283 	DATA 	Keypress: 5
773.0283 	DATA 	TR 496 | TR1 248 | TR2 248
774.5947 	DATA 	Keypress: 5
774.5948 	DATA 	TR 497 | TR1 249 | TR2 248
776.1447 	DATA 	Keypress: 5
776.1447 	DATA 	TR 498 | TR1 249 | TR2 249
777.7278 	DATA 	Keypress: 5
777.7279 	DATA 	TR 499 | TR1 250 | TR2 249
779.2777 	DATA 	Keypress: 5
779.2777 	DATA 	TR 500 | TR1 250 | TR2 250
780.8442 	DATA 	Keypress: 5
780.8443 	DATA 	TR 501 | TR1 251 | TR2 250
782.3941 	DATA 	Keypress: 5
782.3942 	DATA 	TR 502 | TR1 251 | TR2 251
783.9773 	DATA 	Keypress: 5
783.9773 	DATA 	TR 503 | TR1 252 | TR2 251
785.5271 	DATA 	Keypress: 5
785.5272 	DATA 	TR 504 | TR1 252 | TR2 252
787.0936 	DATA 	Keypress: 5
787.0937 	DATA 	TR 505 | TR1 253 | TR2 252
788.6435 	DATA 	Keypress: 5
788.6436 	DATA 	TR 506 | TR1 253 | TR2 253
790.2100 	DATA 	Keypress: 5
790.2100 	DATA 	TR 507 | TR1 254 | TR2 253
791.7766 	DATA 	Keypress: 5
791.7766 	DATA 	TR 508 | TR1 254 | TR2 254
793.3431 	DATA 	Keypress: 5
793.3431 	DATA 	TR 509 | TR1 255 | TR2 254
794.8929 	DATA 	Keypress: 5
794.8930 	DATA 	TR 510 | TR1 255 | TR2 255
795.6762 	DATA 	
795.6762 	DATA 	Trial complete
795.6762 	DATA 	
796.4594 	DATA 	Keypress: 5
796.4595 	DATA 	TR 511 | TR1 256 | TR2 255
798.0093 	DATA 	Keypress: 5
798.0094 	DATA 	TR 512 | TR1 256 | TR2 256
799.5925 	DATA 	Keypress: 5
799.5925 	DATA 	TR 513 | TR1 257 | TR2 256
801.1424 	DATA 	Keypress: 5
801.1424 	DATA 	TR 514 | TR1 257 | TR2 257
802.7089 	DATA 	Keypress: 5
802.7089 	DATA 	TR 515 | TR1 258 | TR2 257
804.2588 	DATA 	Keypress: 5
804.2588 	DATA 	TR 516 | TR1 258 | TR2 258
805.8258 	DATA 	Keypress: 5
805.8419 	DATA 	TR 517 | TR1 259 | TR2 258
807.3918 	DATA 	Keypress: 5
807.3919 	DATA 	TR 518 | TR1 259 | TR2 259
808.9583 	DATA 	Keypress: 5
808.9584 	DATA 	TR 519 | TR1 260 | TR2 259
810.5082 	DATA 	Keypress: 5
810.5082 	DATA 	TR 520 | TR1 260 | TR2 260
812.0747 	DATA 	Keypress: 5
812.0747 	DATA 	TR 521 | TR1 261 | TR2 260
813.6252 	DATA 	Keypress: 5
813.6412 	DATA 	TR 522 | TR1 261 | TR2 261
815.2077 	DATA 	Keypress: 5
815.2078 	DATA 	TR 523 | TR1 262 | TR2 261
816.7576 	DATA 	Keypress: 5
816.7577 	DATA 	TR 524 | TR1 262 | TR2 262
818.3241 	DATA 	Keypress: 5
818.3242 	DATA 	TR 525 | TR1 263 | TR2 262
819.8740 	DATA 	Keypress: 5
819.8741 	DATA 	TR 526 | TR1 263 | TR2 263
820.7739 	DATA 	EndOfRun sub-07_ses-03_run-03

820.7739 	DATA 	We spent 50.2100145816803 seconds waiting for triggers
820.7739 	DATA 	RatioOfDetectedTargets 0.9166666666666666
820.7739 	DATA 	You have detected 11 out of 12 targets.
825.5962 	DATA 	Keypress: 5
825.5964 	DATA 	Keypress: 5
825.8037 	EXP 	window1: mouseVisible = True
