MonitorDistance=99cm
MonitorWidth=30cm
PixelWidth=1024.0
PixelHeight=768.0
You have detected 12 out of 12 targets.
Excellent! Keep up the good work
6.8687 	INFO 	Loaded monitor calibration from ['2021_05_26 17:55']
7.3251 	EXP 	Created window1 = Window(allowGUI=False, allowStencil=False, autoLog=True, backendConf=UNKNOWN, bitsMode=UNKNOWN, blendMode='avg', bpc=(8, 8, 8), color=array([-0.5, -0.5, -0.5]), colorSpace='rgb', depthBits=8, fullscr=<method-wrapper '__getattribute__' of attributeSetter object at 0x7f1d0be1c400>, gamma=None, gammaErrorPolicy='raise', lms=UNKNOWN, monitor=<psychopy.monitors.calibTools.Monitor object at 0x7f1d01c390b8>, multiSample=False, name='window1', numSamples=2, pos=[0.0, 0.0], screen=0, size=array([1024,  768]), stencilBits=0, stereo=False, units='deg', useFBO=False, useRetina=False, viewOri=0.0, viewPos=None, viewScale=None, waitBlanking=True, winType='pyglet')
7.3252 	EXP 	window1: mouseVisible = True
7.3950 	EXP 	Created unnamed TextStim = TextStim(__class__=<class 'psychopy.visual.text.TextStim'>, alignHoriz=method-wrapper(...), alignText='center', alignVert=method-wrapper(...), anchorHoriz='center', anchorVert='center', antialias=True, autoLog=True, bold=False, color=array([1., 1., 1.]), colorSpace='rgb', contrast=1.0, depth=0, flipHoriz=False, flipVert=False, font='', fontFiles=[], height=0.5, italic=False, languageStyle='LTR', name='unnamed TextStim', opacity=1.0, ori=0.0, pos=array([0., 0.]), rgb=UNKNOWN, text=str(...), units='deg', win=Window(...), wrapWidth=15.0)
7.4317 	EXP 	Created Movie Frame 0 = ImageStim(__class__=<class 'psychopy.visual.image.ImageStim'>, autoLog=True, color=array([0.8, 0.8, 0.8]), colorSpace='rgb', contrast=0.8, depth=0, flipHoriz=False, flipVert=False, image='visual_0.png', interpolate=False, mask=None, maskParams=None, name='Movie Frame 0', opacity=1, ori=0.0, pos=array([0., 0.]), size=array([1024,  768]), texRes=128, units='pix', win=Window(...))
7.4555 	EXP 	Created Movie Frame 1 = ImageStim(__class__=<class 'psychopy.visual.image.ImageStim'>, autoLog=True, color=array([0.8, 0.8, 0.8]), colorSpace='rgb', contrast=0.8, depth=0, flipHoriz=False, flipVert=False, image='visual_1.png', interpolate=False, mask=None, maskParams=None, name='Movie Frame 1', opacity=1, ori=0.0, pos=array([0., 0.]), size=array([1024,  768]), texRes=128, units='pix', win=Window(...))
39.5395 	DATA 	Keypress: 5
0.0000 	DATA 	StartOfRun sub-05_ses-05_run-06
0.0000 	DATA 	TR 1 | TR1 1 | TR2 0
0.0040 	DATA 	Initial baseline

1.5506 	DATA 	Keypress: 5
1.5506 	DATA 	TR 2 | TR1 1 | TR2 1
3.1226 	DATA 	Keypress: 5
3.1226 	DATA 	TR 3 | TR1 2 | TR2 1
4.6737 	DATA 	Keypress: 5
4.6737 	DATA 	TR 4 | TR1 2 | TR2 2
6.2459 	DATA 	Keypress: 5
6.2459 	DATA 	TR 5 | TR1 3 | TR2 2
7.7970 	DATA 	Keypress: 5
7.7971 	DATA 	TR 6 | TR1 3 | TR2 3
9.3692 	DATA 	Keypress: 5
9.3692 	DATA 	TR 7 | TR1 4 | TR2 3
10.9203 	DATA 	Keypress: 5
10.9204 	DATA 	TR 8 | TR1 4 | TR2 4
12.4925 	DATA 	Keypress: 5
12.4925 	DATA 	TR 9 | TR1 5 | TR2 4
14.0437 	DATA 	Keypress: 5
14.0437 	DATA 	TR 10 | TR1 5 | TR2 5
15.6158 	DATA 	Keypress: 5
15.6159 	DATA 	TR 11 | TR1 6 | TR2 5
17.1670 	DATA 	Keypress: 5
17.1670 	DATA 	TR 12 | TR1 6 | TR2 6
18.7391 	DATA 	Keypress: 5
18.7392 	DATA 	TR 13 | TR1 7 | TR2 6
20.2903 	DATA 	Keypress: 5
20.2903 	DATA 	TR 14 | TR1 7 | TR2 7
21.8625 	DATA 	Keypress: 5
21.8625 	DATA 	TR 15 | TR1 8 | TR2 7
23.4136 	DATA 	Keypress: 5
23.4137 	DATA 	TR 16 | TR1 8 | TR2 8
24.9858 	DATA 	Keypress: 5
24.9858 	DATA 	TR 17 | TR1 9 | TR2 8
26.5370 	DATA 	Keypress: 5
26.5370 	DATA 	TR 18 | TR1 9 | TR2 9
28.1081 	DATA 	Keypress: 5
28.1082 	DATA 	TR 19 | TR1 10 | TR2 9
29.6603 	DATA 	Keypress: 5
29.6603 	DATA 	TR 20 | TR1 10 | TR2 10
31.2344 	DATA 	Keypress: 5
31.2345 	DATA 	Waited 1.2344789505004883 seconds for trigger
31.2359 	DATA 	
31.2359 	DATA 	Trial 1
31.2360 	DATA 	stimDur = 1.0
31.2360 	DATA 	jitter = 0.0
31.2360 	DATA 	restDur = 20.0

31.2360 	DATA 	
31.2360 	DATA 	TR 21 | TR1 11 | TR2 10
31.2360 	DATA 	
31.2360 	DATA 	stimulation started
31.2360 	DATA 	
32.2510 	DATA 	
32.2510 	DATA 	stimulation stopped
32.2510 	DATA 	
32.7843 	DATA 	Keypress: 5
32.7844 	DATA 	TR 22 | TR1 11 | TR2 11
34.3674 	DATA 	Keypress: 5
34.3674 	DATA 	TR 23 | TR1 12 | TR2 11
35.9173 	DATA 	Keypress: 5
35.9173 	DATA 	TR 24 | TR1 12 | TR2 12
37.4837 	DATA 	Keypress: 5
37.4838 	DATA 	TR 25 | TR1 13 | TR2 12
39.0336 	DATA 	Keypress: 5
39.0336 	DATA 	TR 26 | TR1 13 | TR2 13
40.6167 	DATA 	Keypress: 5
40.6168 	DATA 	TR 27 | TR1 14 | TR2 13
42.1666 	DATA 	Keypress: 5
42.1666 	DATA 	TR 28 | TR1 14 | TR2 14
43.7331 	DATA 	Keypress: 5
43.7332 	DATA 	TR 29 | TR1 15 | TR2 14
45.2829 	DATA 	Keypress: 5
45.2830 	DATA 	TR 30 | TR1 15 | TR2 15
46.8494 	DATA 	Keypress: 5
46.8494 	DATA 	TR 31 | TR1 16 | TR2 15
48.4159 	DATA 	Keypress: 5
48.4160 	DATA 	TR 32 | TR1 16 | TR2 16
49.9824 	DATA 	Keypress: 5
49.9824 	DATA 	TR 33 | TR1 17 | TR2 16
51.5323 	DATA 	Keypress: 5
51.5323 	DATA 	TR 34 | TR1 17 | TR2 17
52.2488 	DATA 	
52.2488 	DATA 	Trial complete
52.2488 	DATA 	Waiting for VASO trigger to start next trial
52.2488 	DATA 	
53.0987 	DATA 	Keypress: 5
53.0988 	DATA 	Waited 0.849963903427124 seconds for trigger
53.0995 	DATA 	
53.0995 	DATA 	Trial 2
53.0995 	DATA 	stimDur = 1.0
53.0995 	DATA 	jitter = 1.5705
53.0995 	DATA 	restDur = 20.0

53.0995 	DATA 	
53.0995 	DATA 	TR 35 | TR1 18 | TR2 17
54.6486 	DATA 	Keypress: 5
54.6486 	DATA 	TR 36 | TR1 18 | TR2 18
54.6819 	DATA 	
54.6819 	DATA 	stimulation started
54.6819 	DATA 	
55.6818 	DATA 	
55.6818 	DATA 	stimulation stopped
55.6818 	DATA 	
56.2317 	DATA 	Keypress: 5
56.2318 	DATA 	TR 37 | TR1 19 | TR2 18
57.7816 	DATA 	Keypress: 5
57.7816 	DATA 	TR 38 | TR1 19 | TR2 19
59.3481 	DATA 	Keypress: 5
59.3481 	DATA 	TR 39 | TR1 20 | TR2 19
60.8979 	DATA 	Keypress: 5
60.8979 	DATA 	TR 40 | TR1 20 | TR2 20
62.4650 	DATA 	Keypress: 5
62.4810 	DATA 	TR 41 | TR1 21 | TR2 20
64.0310 	DATA 	Keypress: 5
64.0311 	DATA 	TR 42 | TR1 21 | TR2 21
65.5974 	DATA 	Keypress: 5
65.5975 	DATA 	TR 43 | TR1 22 | TR2 21
67.1472 	DATA 	Keypress: 5
67.1472 	DATA 	TR 44 | TR1 22 | TR2 22
68.7137 	DATA 	Keypress: 5
68.7137 	DATA 	TR 45 | TR1 23 | TR2 22
70.2635 	DATA 	Keypress: 5
70.2636 	DATA 	TR 46 | TR1 23 | TR2 23
71.8467 	DATA 	Keypress: 5
71.8468 	DATA 	TR 47 | TR1 24 | TR2 23
73.3965 	DATA 	Keypress: 5
73.3966 	DATA 	TR 48 | TR1 24 | TR2 24
74.9631 	DATA 	Keypress: 5
74.9631 	DATA 	TR 49 | TR1 25 | TR2 24
75.6796 	DATA 	
75.6796 	DATA 	Trial complete
75.6796 	DATA 	Waiting for VASO trigger to start next trial
75.6796 	DATA 	
76.5128 	DATA 	Keypress: 5
76.5129 	DATA 	TR 50 | TR1 25 | TR2 25
78.0960 	DATA 	Keypress: 5
78.0961 	DATA 	Waited 2.416461944580078 seconds for trigger
78.0968 	DATA 	
78.0969 	DATA 	Trial 3
78.0969 	DATA 	stimDur = 12.0
78.0969 	DATA 	jitter = 1.5705
78.0969 	DATA 	restDur = 30.0

78.0969 	DATA 	
78.0969 	DATA 	TR 51 | TR1 26 | TR2 25
79.6459 	DATA 	Keypress: 5
79.6459 	DATA 	TR 52 | TR1 26 | TR2 26
79.6792 	DATA 	
79.6792 	DATA 	stimulation started
79.6792 	DATA 	
81.2126 	DATA 	Keypress: 5
81.2126 	DATA 	TR 53 | TR1 27 | TR2 26
82.7623 	DATA 	Keypress: 5
82.7623 	DATA 	TR 54 | TR1 27 | TR2 27
84.3288 	DATA 	Keypress: 5
84.3289 	DATA 	TR 55 | TR1 28 | TR2 27
85.8953 	DATA 	Keypress: 5
85.8953 	DATA 	TR 56 | TR1 28 | TR2 28
87.4618 	DATA 	Keypress: 5
87.4618 	DATA 	TR 57 | TR1 29 | TR2 28
89.0116 	DATA 	Keypress: 5
89.0116 	DATA 	TR 58 | TR1 29 | TR2 29
90.5781 	DATA 	Keypress: 5
90.5782 	DATA 	TR 59 | TR1 30 | TR2 29
91.6779 	DATA 	
91.6779 	DATA 	stimulation stopped
91.6780 	DATA 	
92.1279 	DATA 	Keypress: 5
92.1279 	DATA 	TR 60 | TR1 30 | TR2 30
93.7111 	DATA 	Keypress: 5
93.7111 	DATA 	TR 61 | TR1 31 | TR2 30
95.2609 	DATA 	Keypress: 5
95.2609 	DATA 	TR 62 | TR1 31 | TR2 31
96.2608 	DATA 	Target presented
96.8274 	DATA 	Keypress: 5
96.8274 	DATA 	TR 63 | TR1 32 | TR2 31
96.8774 	DATA 	Keypress: 1
96.8774 	DATA 	Key1 pressed
96.8774 	DATA 	Target detected
98.3772 	DATA 	Keypress: 5
98.3773 	DATA 	TR 64 | TR1 32 | TR2 32
99.9604 	DATA 	Keypress: 5
99.9605 	DATA 	TR 65 | TR1 33 | TR2 32
101.5102 	DATA 	Keypress: 5
101.5103 	DATA 	TR 66 | TR1 33 | TR2 33
103.0768 	DATA 	Keypress: 5
103.0768 	DATA 	TR 67 | TR1 34 | TR2 33
104.6267 	DATA 	Keypress: 5
104.6268 	DATA 	TR 68 | TR1 34 | TR2 34
106.1931 	DATA 	Keypress: 5
106.1932 	DATA 	TR 69 | TR1 35 | TR2 34
107.7435 	DATA 	Keypress: 5
107.7595 	DATA 	TR 70 | TR1 35 | TR2 35
109.3261 	DATA 	Keypress: 5
109.3261 	DATA 	TR 71 | TR1 36 | TR2 35
110.8759 	DATA 	Keypress: 5
110.8760 	DATA 	TR 72 | TR1 36 | TR2 36
112.4424 	DATA 	Keypress: 5
112.4425 	DATA 	TR 73 | TR1 37 | TR2 36
113.9923 	DATA 	Keypress: 5
113.9923 	DATA 	TR 74 | TR1 37 | TR2 37
115.5754 	DATA 	Keypress: 5
115.5755 	DATA 	TR 75 | TR1 38 | TR2 37
117.1252 	DATA 	Keypress: 5
117.1253 	DATA 	TR 76 | TR1 38 | TR2 38
118.6918 	DATA 	Keypress: 5
118.6918 	DATA 	TR 77 | TR1 39 | TR2 38
120.2417 	DATA 	Keypress: 5
120.2418 	DATA 	TR 78 | TR1 39 | TR2 39
121.6747 	DATA 	
121.6748 	DATA 	Trial complete
121.6748 	DATA 	Waiting for VASO trigger to start next trial
121.6748 	DATA 	
121.8087 	DATA 	Keypress: 5
121.8247 	DATA 	Waited 0.1499478816986084 seconds for trigger
121.8255 	DATA 	
121.8255 	DATA 	Trial 4
121.8255 	DATA 	stimDur = 1.0
121.8255 	DATA 	jitter = 0.78525
121.8255 	DATA 	restDur = 20.0

121.8255 	DATA 	
121.8255 	DATA 	TR 79 | TR1 40 | TR2 39
122.6246 	DATA 	
122.6247 	DATA 	stimulation started
122.6247 	DATA 	
123.3747 	DATA 	Keypress: 5
123.3747 	DATA 	TR 80 | TR1 40 | TR2 40
123.6246 	DATA 	
123.6246 	DATA 	stimulation stopped
123.6246 	DATA 	
124.9412 	DATA 	Keypress: 5
124.9412 	DATA 	TR 81 | TR1 41 | TR2 40
126.4909 	DATA 	Keypress: 5
126.4910 	DATA 	TR 82 | TR1 41 | TR2 41
128.0575 	DATA 	Keypress: 5
128.0575 	DATA 	TR 83 | TR1 42 | TR2 41
129.6073 	DATA 	Keypress: 5
129.6073 	DATA 	TR 84 | TR1 42 | TR2 42
131.1905 	DATA 	Keypress: 5
131.1906 	DATA 	TR 85 | TR1 43 | TR2 42
132.7403 	DATA 	Keypress: 5
132.7404 	DATA 	TR 86 | TR1 43 | TR2 43
134.3068 	DATA 	Keypress: 5
134.3069 	DATA 	TR 87 | TR1 44 | TR2 43
135.8568 	DATA 	Keypress: 5
135.8568 	DATA 	TR 88 | TR1 44 | TR2 44
137.4399 	DATA 	Keypress: 5
137.4399 	DATA 	TR 89 | TR1 45 | TR2 44
138.9897 	DATA 	Keypress: 5
138.9897 	DATA 	TR 90 | TR1 45 | TR2 45
140.5562 	DATA 	Keypress: 5
140.5563 	DATA 	TR 91 | TR1 46 | TR2 45
142.1060 	DATA 	Keypress: 5
142.1060 	DATA 	TR 92 | TR1 46 | TR2 46
143.6225 	DATA 	
143.6225 	DATA 	Trial complete
143.6225 	DATA 	Waiting for VASO trigger to start next trial
143.6225 	DATA 	
143.6725 	DATA 	Keypress: 5
143.6726 	DATA 	Waited 0.05005002021789551 seconds for trigger
143.6733 	DATA 	
143.6733 	DATA 	Trial 5
143.6733 	DATA 	stimDur = 24.0
143.6733 	DATA 	jitter = 1.5705
143.6734 	DATA 	restDur = 40.0

143.6734 	DATA 	
143.6734 	DATA 	TR 93 | TR1 47 | TR2 46
145.2229 	DATA 	Keypress: 5
145.2390 	DATA 	TR 94 | TR1 47 | TR2 47
145.2557 	DATA 	
145.2557 	DATA 	stimulation started
145.2557 	DATA 	
146.8056 	DATA 	Keypress: 5
146.8056 	DATA 	TR 95 | TR1 48 | TR2 47
148.3554 	DATA 	Keypress: 5
148.3555 	DATA 	TR 96 | TR1 48 | TR2 48
149.9220 	DATA 	Keypress: 5
149.9220 	DATA 	TR 97 | TR1 49 | TR2 48
151.4717 	DATA 	Keypress: 5
151.4718 	DATA 	TR 98 | TR1 49 | TR2 49
153.0549 	DATA 	Keypress: 5
153.0550 	DATA 	TR 99 | TR1 50 | TR2 49
154.6048 	DATA 	Keypress: 5
154.6048 	DATA 	TR 100 | TR1 50 | TR2 50
156.1713 	DATA 	Keypress: 5
156.1714 	DATA 	TR 101 | TR1 51 | TR2 50
157.7211 	DATA 	Keypress: 5
157.7212 	DATA 	TR 102 | TR1 51 | TR2 51
159.2877 	DATA 	Keypress: 5
159.2877 	DATA 	TR 103 | TR1 52 | TR2 51
160.8541 	DATA 	Keypress: 5
160.8542 	DATA 	TR 104 | TR1 52 | TR2 52
161.1041 	DATA 	Target presented
161.7207 	DATA 	Keypress: 1
161.7208 	DATA 	Key1 pressed
161.7208 	DATA 	Target detected
162.4206 	DATA 	Keypress: 5
162.4207 	DATA 	TR 105 | TR1 53 | TR2 52
163.9705 	DATA 	Keypress: 5
163.9705 	DATA 	TR 106 | TR1 53 | TR2 53
165.5370 	DATA 	Keypress: 5
165.5371 	DATA 	TR 107 | TR1 54 | TR2 53
167.0869 	DATA 	Keypress: 5
167.0869 	DATA 	TR 108 | TR1 54 | TR2 54
168.6700 	DATA 	Keypress: 5
168.6701 	DATA 	TR 109 | TR1 55 | TR2 54
169.2532 	DATA 	
169.2533 	DATA 	stimulation stopped
169.2533 	DATA 	
170.2198 	DATA 	Keypress: 5
170.2198 	DATA 	TR 110 | TR1 55 | TR2 55
171.7863 	DATA 	Keypress: 5
171.7864 	DATA 	TR 111 | TR1 56 | TR2 55
173.3362 	DATA 	Keypress: 5
173.3362 	DATA 	TR 112 | TR1 56 | TR2 56
174.9194 	DATA 	Keypress: 5
174.9194 	DATA 	TR 113 | TR1 57 | TR2 56
176.4692 	DATA 	Keypress: 5
176.4692 	DATA 	TR 114 | TR1 57 | TR2 57
178.0357 	DATA 	Keypress: 5
178.0358 	DATA 	TR 115 | TR1 58 | TR2 57
179.5857 	DATA 	Keypress: 5
179.5857 	DATA 	TR 116 | TR1 58 | TR2 58
181.1521 	DATA 	Keypress: 5
181.1521 	DATA 	TR 117 | TR1 59 | TR2 58
182.7185 	DATA 	Keypress: 5
182.7186 	DATA 	TR 118 | TR1 59 | TR2 59
184.2851 	DATA 	Keypress: 5
184.2851 	DATA 	TR 119 | TR1 60 | TR2 59
185.8349 	DATA 	Keypress: 5
185.8349 	DATA 	TR 120 | TR1 60 | TR2 60
187.4014 	DATA 	Keypress: 5
187.4015 	DATA 	TR 121 | TR1 61 | TR2 60
188.9514 	DATA 	Keypress: 5
188.9514 	DATA 	TR 122 | TR1 61 | TR2 61
190.5345 	DATA 	Keypress: 5
190.5345 	DATA 	TR 123 | TR1 62 | TR2 61
192.0843 	DATA 	Keypress: 5
192.0843 	DATA 	TR 124 | TR1 62 | TR2 62
193.6507 	DATA 	Keypress: 5
193.6508 	DATA 	TR 125 | TR1 63 | TR2 62
195.2006 	DATA 	Keypress: 5
195.2007 	DATA 	TR 126 | TR1 63 | TR2 63
196.7838 	DATA 	Keypress: 5
196.7839 	DATA 	TR 127 | TR1 64 | TR2 63
198.3336 	DATA 	Keypress: 5
198.3337 	DATA 	TR 128 | TR1 64 | TR2 64
199.9002 	DATA 	Keypress: 5
199.9002 	DATA 	TR 129 | TR1 65 | TR2 64
201.4500 	DATA 	Keypress: 5
201.4500 	DATA 	TR 130 | TR1 65 | TR2 65
203.0165 	DATA 	Keypress: 5
203.0165 	DATA 	TR 131 | TR1 66 | TR2 65
203.7666 	DATA 	Target presented
204.3997 	DATA 	Keypress: 1
204.3998 	DATA 	Key1 pressed
204.3998 	DATA 	Target detected
204.5663 	DATA 	Keypress: 5
204.5664 	DATA 	TR 132 | TR1 66 | TR2 66
206.1497 	DATA 	Keypress: 5
206.1498 	DATA 	TR 133 | TR1 67 | TR2 66
207.6994 	DATA 	Keypress: 5
207.6994 	DATA 	TR 134 | TR1 67 | TR2 67
209.2492 	DATA 	
209.2492 	DATA 	Trial complete
209.2492 	DATA 	Waiting for VASO trigger to start next trial
209.2492 	DATA 	
209.2661 	DATA 	Keypress: 5
209.2662 	DATA 	Waited 0.01695108413696289 seconds for trigger
209.2670 	DATA 	
209.2670 	DATA 	Trial 6
209.2670 	DATA 	stimDur = 24.0
209.2670 	DATA 	jitter = 0.0
209.2670 	DATA 	restDur = 40.0

209.2670 	DATA 	
209.2670 	DATA 	TR 135 | TR1 68 | TR2 67
209.2670 	DATA 	
209.2670 	DATA 	stimulation started
209.2670 	DATA 	
210.8158 	DATA 	Keypress: 5
210.8158 	DATA 	TR 136 | TR1 68 | TR2 68
212.3990 	DATA 	Keypress: 5
212.3990 	DATA 	TR 137 | TR1 69 | TR2 68
213.9488 	DATA 	Keypress: 5
213.9489 	DATA 	TR 138 | TR1 69 | TR2 69
215.5154 	DATA 	Keypress: 5
215.5154 	DATA 	TR 139 | TR1 70 | TR2 69
217.0652 	DATA 	Keypress: 5
217.0652 	DATA 	TR 140 | TR1 70 | TR2 70
218.6318 	DATA 	Keypress: 5
218.6318 	DATA 	TR 141 | TR1 71 | TR2 70
220.1982 	DATA 	Keypress: 5
220.1983 	DATA 	TR 142 | TR1 71 | TR2 71
221.7647 	DATA 	Keypress: 5
221.7648 	DATA 	TR 143 | TR1 72 | TR2 71
223.3145 	DATA 	Keypress: 5
223.3146 	DATA 	TR 144 | TR1 72 | TR2 72
224.8811 	DATA 	Keypress: 5
224.8812 	DATA 	TR 145 | TR1 73 | TR2 72
226.4309 	DATA 	Keypress: 5
226.4309 	DATA 	TR 146 | TR1 73 | TR2 73
228.0141 	DATA 	Keypress: 5
228.0141 	DATA 	TR 147 | TR1 74 | TR2 73
229.5640 	DATA 	Keypress: 5
229.5640 	DATA 	TR 148 | TR1 74 | TR2 74
231.1305 	DATA 	Keypress: 5
231.1305 	DATA 	TR 149 | TR1 75 | TR2 74
232.6803 	DATA 	Keypress: 5
232.6803 	DATA 	TR 150 | TR1 75 | TR2 75
233.2802 	DATA 	
233.2802 	DATA 	stimulation stopped
233.2802 	DATA 	
234.2635 	DATA 	Keypress: 5
234.2635 	DATA 	TR 151 | TR1 76 | TR2 75
235.8133 	DATA 	Keypress: 5
235.8133 	DATA 	TR 152 | TR1 76 | TR2 76
237.3798 	DATA 	Keypress: 5
237.3799 	DATA 	TR 153 | TR1 77 | TR2 76
238.9296 	DATA 	Keypress: 5
238.9297 	DATA 	TR 154 | TR1 77 | TR2 77
240.4962 	DATA 	Keypress: 5
240.4962 	DATA 	TR 155 | TR1 78 | TR2 77
242.0466 	DATA 	Keypress: 5
242.0628 	DATA 	TR 156 | TR1 78 | TR2 78
243.6292 	DATA 	Keypress: 5
243.6293 	DATA 	TR 157 | TR1 79 | TR2 78
245.1790 	DATA 	Keypress: 5
245.1791 	DATA 	TR 158 | TR1 79 | TR2 79
246.7455 	DATA 	Keypress: 5
246.7456 	DATA 	TR 159 | TR1 80 | TR2 79
248.2954 	DATA 	Keypress: 5
248.2954 	DATA 	TR 160 | TR1 80 | TR2 80
249.8786 	DATA 	Keypress: 5
249.8787 	DATA 	TR 161 | TR1 81 | TR2 80
251.0951 	DATA 	Target presented
251.4284 	DATA 	Keypress: 5
251.4285 	DATA 	TR 162 | TR1 81 | TR2 81
251.6117 	DATA 	Keypress: 1
251.6118 	DATA 	Key1 pressed
251.6118 	DATA 	Target detected
252.9950 	DATA 	Keypress: 5
252.9950 	DATA 	TR 163 | TR1 82 | TR2 81
254.5448 	DATA 	Keypress: 5
254.5448 	DATA 	TR 164 | TR1 82 | TR2 82
256.1119 	DATA 	Keypress: 5
256.1279 	DATA 	TR 165 | TR1 83 | TR2 82
257.6778 	DATA 	Keypress: 5
257.6779 	DATA 	TR 166 | TR1 83 | TR2 83
259.2444 	DATA 	Keypress: 5
259.2444 	DATA 	TR 167 | TR1 84 | TR2 83
260.7942 	DATA 	Keypress: 5
260.7942 	DATA 	TR 168 | TR1 84 | TR2 84
262.3607 	DATA 	Keypress: 5
262.3608 	DATA 	TR 169 | TR1 85 | TR2 84
263.9106 	DATA 	Keypress: 5
263.9106 	DATA 	TR 170 | TR1 85 | TR2 85
265.4938 	DATA 	Keypress: 5
265.4938 	DATA 	TR 171 | TR1 86 | TR2 85
267.0436 	DATA 	Keypress: 5
267.0436 	DATA 	TR 172 | TR1 86 | TR2 86
268.6101 	DATA 	Keypress: 5
268.6102 	DATA 	TR 173 | TR1 87 | TR2 86
270.1599 	DATA 	Keypress: 5
270.1600 	DATA 	TR 174 | TR1 87 | TR2 87
271.7432 	DATA 	Keypress: 5
271.7432 	DATA 	TR 175 | TR1 88 | TR2 87
273.2763 	DATA 	
273.2763 	DATA 	Trial complete
273.2763 	DATA 	Waiting for VASO trigger to start next trial
273.2763 	DATA 	
273.2930 	DATA 	Keypress: 5
273.2930 	DATA 	TR 176 | TR1 88 | TR2 88
274.8595 	DATA 	Keypress: 5
274.8596 	DATA 	Waited 1.5832560062408447 seconds for trigger
274.8604 	DATA 	
274.8604 	DATA 	Trial 7
274.8604 	DATA 	stimDur = 4.0
274.8604 	DATA 	jitter = 1.5705
274.8604 	DATA 	restDur = 24.0

274.8604 	DATA 	
274.8604 	DATA 	TR 177 | TR1 89 | TR2 88
276.4093 	DATA 	Keypress: 5
276.4094 	DATA 	TR 178 | TR1 89 | TR2 89
276.4427 	DATA 	
276.4427 	DATA 	stimulation started
276.4427 	DATA 	
277.9760 	DATA 	Keypress: 5
277.9760 	DATA 	TR 179 | TR1 90 | TR2 89
279.5266 	DATA 	Keypress: 5
279.5424 	DATA 	TR 180 | TR1 90 | TR2 90
280.4423 	DATA 	
280.4423 	DATA 	stimulation stopped
280.4423 	DATA 	
281.1089 	DATA 	Keypress: 5
281.1090 	DATA 	TR 181 | TR1 91 | TR2 90
282.6587 	DATA 	Keypress: 5
282.6588 	DATA 	TR 182 | TR1 91 | TR2 91
284.2253 	DATA 	Keypress: 5
284.2253 	DATA 	TR 183 | TR1 92 | TR2 91
285.7751 	DATA 	Keypress: 5
285.7751 	DATA 	TR 184 | TR1 92 | TR2 92
287.3583 	DATA 	Keypress: 5
287.3583 	DATA 	TR 185 | TR1 93 | TR2 92
288.9080 	DATA 	Keypress: 5
288.9081 	DATA 	TR 186 | TR1 93 | TR2 93
290.4746 	DATA 	Keypress: 5
290.4746 	DATA 	TR 187 | TR1 94 | TR2 93
292.0244 	DATA 	Keypress: 5
292.0244 	DATA 	TR 188 | TR1 94 | TR2 94
293.5915 	DATA 	Keypress: 5
293.6075 	DATA 	TR 189 | TR1 95 | TR2 94
295.1574 	DATA 	Keypress: 5
295.1574 	DATA 	TR 190 | TR1 95 | TR2 95
296.7239 	DATA 	Keypress: 5
296.7239 	DATA 	TR 191 | TR1 96 | TR2 95
298.2737 	DATA 	Keypress: 5
298.2738 	DATA 	TR 192 | TR1 96 | TR2 96
299.8401 	DATA 	Keypress: 5
299.8401 	DATA 	TR 193 | TR1 97 | TR2 96
301.3900 	DATA 	Keypress: 5
301.3901 	DATA 	TR 194 | TR1 97 | TR2 97
302.9732 	DATA 	Keypress: 5
302.9732 	DATA 	TR 195 | TR1 98 | TR2 97
304.4396 	DATA 	
304.4396 	DATA 	Trial complete
304.4397 	DATA 	Waiting for VASO trigger to start next trial
304.4397 	DATA 	
304.5230 	DATA 	Keypress: 5
304.5230 	DATA 	TR 196 | TR1 98 | TR2 98
306.0895 	DATA 	Keypress: 5
306.0896 	DATA 	Waited 1.6498968601226807 seconds for trigger
306.0903 	DATA 	
306.0903 	DATA 	Trial 8
306.0903 	DATA 	stimDur = 4.0
306.0903 	DATA 	jitter = 0.78525
306.0904 	DATA 	restDur = 24.0

306.0904 	DATA 	
306.0904 	DATA 	TR 197 | TR1 99 | TR2 98
306.8894 	DATA 	
306.8894 	DATA 	stimulation started
306.8894 	DATA 	
307.6393 	DATA 	Keypress: 5
307.6395 	DATA 	TR 198 | TR1 99 | TR2 99
309.2225 	DATA 	Keypress: 5
309.2226 	DATA 	TR 199 | TR1 100 | TR2 99
310.7725 	DATA 	Keypress: 5
310.7725 	DATA 	TR 200 | TR1 100 | TR2 100
310.8890 	DATA 	
310.8890 	DATA 	stimulation stopped
310.8890 	DATA 	
312.3388 	DATA 	Keypress: 5
312.3388 	DATA 	TR 201 | TR1 101 | TR2 100
313.8886 	DATA 	Keypress: 5
313.8887 	DATA 	TR 202 | TR1 101 | TR2 101
315.4551 	DATA 	Keypress: 5
315.4552 	DATA 	TR 203 | TR1 102 | TR2 101
317.0055 	DATA 	Keypress: 5
317.0216 	DATA 	TR 204 | TR1 102 | TR2 102
318.5881 	DATA 	Keypress: 5
318.5882 	DATA 	TR 205 | TR1 103 | TR2 102
320.1381 	DATA 	Keypress: 5
320.1381 	DATA 	TR 206 | TR1 103 | TR2 103
321.7047 	DATA 	Keypress: 5
321.7047 	DATA 	TR 207 | TR1 104 | TR2 103
323.2543 	DATA 	Keypress: 5
323.2543 	DATA 	TR 208 | TR1 104 | TR2 104
324.8374 	DATA 	Keypress: 5
324.8375 	DATA 	TR 209 | TR1 105 | TR2 104
326.3873 	DATA 	Keypress: 5
326.3873 	DATA 	TR 210 | TR1 105 | TR2 105
327.9538 	DATA 	Keypress: 5
327.9538 	DATA 	TR 211 | TR1 106 | TR2 105
329.5036 	DATA 	Keypress: 5
329.5036 	DATA 	TR 212 | TR1 106 | TR2 106
329.7869 	DATA 	Target presented
330.4368 	DATA 	Keypress: 1
330.4369 	DATA 	Key1 pressed
330.4369 	DATA 	Target detected
331.0868 	DATA 	Keypress: 5
331.0868 	DATA 	TR 213 | TR1 107 | TR2 106
332.6366 	DATA 	Keypress: 5
332.6366 	DATA 	TR 214 | TR1 107 | TR2 107
334.2031 	DATA 	Keypress: 5
334.2031 	DATA 	TR 215 | TR1 108 | TR2 107
334.8863 	DATA 	
334.8863 	DATA 	Trial complete
334.8863 	DATA 	Waiting for VASO trigger to start next trial
334.8863 	DATA 	
335.7529 	DATA 	Keypress: 5
335.7530 	DATA 	TR 216 | TR1 108 | TR2 108
337.3194 	DATA 	Keypress: 5
337.3194 	DATA 	Waited 2.4331018924713135 seconds for trigger
337.3202 	DATA 	
337.3202 	DATA 	Trial 9
337.3202 	DATA 	stimDur = 2.0
337.3202 	DATA 	jitter = 0.0
337.3202 	DATA 	restDur = 22.0

337.3202 	DATA 	
337.3202 	DATA 	TR 217 | TR1 109 | TR2 108
337.3202 	DATA 	
337.3202 	DATA 	stimulation started
337.3202 	DATA 	
338.8693 	DATA 	Keypress: 5
338.8694 	DATA 	TR 218 | TR1 109 | TR2 109
339.3360 	DATA 	
339.3360 	DATA 	stimulation stopped
339.3360 	DATA 	
340.4524 	DATA 	Keypress: 5
340.4525 	DATA 	TR 219 | TR1 110 | TR2 109
342.0023 	DATA 	Keypress: 5
342.0023 	DATA 	TR 220 | TR1 110 | TR2 110
343.5687 	DATA 	Keypress: 5
343.5688 	DATA 	TR 221 | TR1 111 | TR2 110
345.1186 	DATA 	Keypress: 5
345.1186 	DATA 	TR 222 | TR1 111 | TR2 111
346.7018 	DATA 	Keypress: 5
346.7019 	DATA 	TR 223 | TR1 112 | TR2 111
348.2516 	DATA 	Keypress: 5
348.2516 	DATA 	TR 224 | TR1 112 | TR2 112
349.8181 	DATA 	Keypress: 5
349.8181 	DATA 	TR 225 | TR1 113 | TR2 112
351.3679 	DATA 	Keypress: 5
351.3679 	DATA 	TR 226 | TR1 113 | TR2 113
352.9344 	DATA 	Keypress: 5
352.9345 	DATA 	TR 227 | TR1 114 | TR2 113
354.5009 	DATA 	Keypress: 5
354.5009 	DATA 	TR 228 | TR1 114 | TR2 114
356.0674 	DATA 	Keypress: 5
356.0674 	DATA 	TR 229 | TR1 115 | TR2 114
357.6177 	DATA 	Keypress: 5
357.6177 	DATA 	TR 230 | TR1 115 | TR2 115
359.1837 	DATA 	Keypress: 5
359.1837 	DATA 	TR 231 | TR1 116 | TR2 115
360.7336 	DATA 	Keypress: 5
360.7336 	DATA 	TR 232 | TR1 116 | TR2 116
361.3335 	DATA 	
361.3335 	DATA 	Trial complete
361.3335 	DATA 	Waiting for VASO trigger to start next trial
361.3335 	DATA 	
362.3167 	DATA 	Keypress: 5
362.3168 	DATA 	Waited 0.9832808971405029 seconds for trigger
362.3175 	DATA 	
362.3175 	DATA 	Trial 10
362.3175 	DATA 	stimDur = 4.0
362.3175 	DATA 	jitter = 0.0
362.3176 	DATA 	restDur = 24.0

362.3176 	DATA 	
362.3176 	DATA 	TR 233 | TR1 117 | TR2 116
362.3176 	DATA 	
362.3176 	DATA 	stimulation started
362.3176 	DATA 	
363.8666 	DATA 	Keypress: 5
363.8667 	DATA 	TR 234 | TR1 117 | TR2 117
365.4331 	DATA 	Keypress: 5
365.4332 	DATA 	TR 235 | TR1 118 | TR2 117
366.3330 	DATA 	
366.3330 	DATA 	stimulation stopped
366.3330 	DATA 	
366.9829 	DATA 	Keypress: 5
366.9830 	DATA 	TR 236 | TR1 118 | TR2 118
368.5660 	DATA 	Keypress: 5
368.5661 	DATA 	TR 237 | TR1 119 | TR2 118
370.1159 	DATA 	Keypress: 5
370.1160 	DATA 	TR 238 | TR1 119 | TR2 119
371.6824 	DATA 	Keypress: 5
371.6824 	DATA 	TR 239 | TR1 120 | TR2 119
373.2323 	DATA 	Keypress: 5
373.2323 	DATA 	TR 240 | TR1 120 | TR2 120
374.7987 	DATA 	Keypress: 5
374.7987 	DATA 	TR 241 | TR1 121 | TR2 120
376.3491 	DATA 	Keypress: 5
376.3652 	DATA 	TR 242 | TR1 121 | TR2 121
377.9317 	DATA 	Keypress: 5
377.9318 	DATA 	TR 243 | TR1 122 | TR2 121
379.4817 	DATA 	Keypress: 5
379.4818 	DATA 	TR 244 | TR1 122 | TR2 122
381.0480 	DATA 	Keypress: 5
381.0481 	DATA 	TR 245 | TR1 123 | TR2 122
382.5979 	DATA 	Keypress: 5
382.5980 	DATA 	TR 246 | TR1 123 | TR2 123
384.1810 	DATA 	Keypress: 5
384.1811 	DATA 	TR 247 | TR1 124 | TR2 123
385.7309 	DATA 	Keypress: 5
385.7310 	DATA 	TR 248 | TR1 124 | TR2 124
386.3308 	DATA 	Target presented
386.9474 	DATA 	Keypress: 1
386.9475 	DATA 	Key1 pressed
386.9475 	DATA 	Target detected
387.2974 	DATA 	Keypress: 5
387.2974 	DATA 	TR 249 | TR1 125 | TR2 124
388.8472 	DATA 	Keypress: 5
388.8473 	DATA 	TR 250 | TR1 125 | TR2 125
390.3304 	DATA 	
390.3304 	DATA 	Trial complete
390.3304 	DATA 	Waiting for VASO trigger to start next trial
390.3304 	DATA 	
390.4137 	DATA 	Keypress: 5
390.4138 	DATA 	Waited 0.0833890438079834 seconds for trigger
390.4146 	DATA 	
390.4146 	DATA 	Trial 11
390.4146 	DATA 	stimDur = 4.0
390.4146 	DATA 	jitter = 2.35575
390.4146 	DATA 	restDur = 24.0

390.4146 	DATA 	
390.4146 	DATA 	TR 251 | TR1 126 | TR2 125
391.9803 	DATA 	Keypress: 5
391.9803 	DATA 	TR 252 | TR1 126 | TR2 126
392.7801 	DATA 	
392.7801 	DATA 	stimulation started
392.7801 	DATA 	
393.5468 	DATA 	Keypress: 5
393.5468 	DATA 	TR 253 | TR1 127 | TR2 126
395.0966 	DATA 	Keypress: 5
395.0967 	DATA 	TR 254 | TR1 127 | TR2 127
396.6631 	DATA 	Keypress: 5
396.6632 	DATA 	TR 255 | TR1 128 | TR2 127
396.7798 	DATA 	
396.7798 	DATA 	stimulation stopped
396.7798 	DATA 	
398.2129 	DATA 	Keypress: 5
398.2130 	DATA 	TR 256 | TR1 128 | TR2 128
399.7961 	DATA 	Keypress: 5
399.7961 	DATA 	TR 257 | TR1 129 | TR2 128
401.3459 	DATA 	Keypress: 5
401.3460 	DATA 	TR 258 | TR1 129 | TR2 129
402.9125 	DATA 	Keypress: 5
402.9126 	DATA 	TR 259 | TR1 130 | TR2 129
404.4623 	DATA 	Keypress: 5
404.4623 	DATA 	TR 260 | TR1 130 | TR2 130
406.0454 	DATA 	Keypress: 5
406.0455 	DATA 	TR 261 | TR1 131 | TR2 130
407.5953 	DATA 	Keypress: 5
407.5953 	DATA 	TR 262 | TR1 131 | TR2 131
409.1617 	DATA 	Keypress: 5
409.1618 	DATA 	TR 263 | TR1 132 | TR2 131
410.7116 	DATA 	Keypress: 5
410.7117 	DATA 	TR 264 | TR1 132 | TR2 132
412.2782 	DATA 	Keypress: 5
412.2782 	DATA 	TR 265 | TR1 133 | TR2 132
413.8446 	DATA 	Keypress: 5
413.8446 	DATA 	TR 266 | TR1 133 | TR2 133
415.4111 	DATA 	Keypress: 5
415.4112 	DATA 	TR 267 | TR1 134 | TR2 133
416.9610 	DATA 	Keypress: 5
416.9610 	DATA 	TR 268 | TR1 134 | TR2 134
418.5275 	DATA 	Keypress: 5
418.5275 	DATA 	TR 269 | TR1 135 | TR2 134
420.0773 	DATA 	Keypress: 5
420.0774 	DATA 	TR 270 | TR1 135 | TR2 135
420.7772 	DATA 	
420.7772 	DATA 	Trial complete
420.7772 	DATA 	Waiting for VASO trigger to start next trial
420.7772 	DATA 	
421.6606 	DATA 	Keypress: 5
421.6607 	DATA 	Waited 0.8834178447723389 seconds for trigger
421.6614 	DATA 	
421.6614 	DATA 	Trial 12
421.6614 	DATA 	stimDur = 2.0
421.6614 	DATA 	jitter = 2.35575
421.6614 	DATA 	restDur = 22.0

421.6614 	DATA 	
421.6614 	DATA 	TR 271 | TR1 136 | TR2 135
423.2103 	DATA 	Keypress: 5
423.2104 	DATA 	TR 272 | TR1 136 | TR2 136
424.0269 	DATA 	
424.0269 	DATA 	stimulation started
424.0269 	DATA 	
424.7769 	DATA 	Keypress: 5
424.7769 	DATA 	TR 273 | TR1 137 | TR2 136
426.0267 	DATA 	
426.0267 	DATA 	stimulation stopped
426.0267 	DATA 	
426.3267 	DATA 	Keypress: 5
426.3268 	DATA 	TR 274 | TR1 137 | TR2 137
427.8938 	DATA 	Keypress: 5
427.9098 	DATA 	TR 275 | TR1 138 | TR2 137
429.4597 	DATA 	Keypress: 5
429.4597 	DATA 	TR 276 | TR1 138 | TR2 138
431.0262 	DATA 	Keypress: 5
431.0262 	DATA 	TR 277 | TR1 139 | TR2 138
432.5760 	DATA 	Keypress: 5
432.5761 	DATA 	TR 278 | TR1 139 | TR2 139
434.1425 	DATA 	Keypress: 5
434.1426 	DATA 	TR 279 | TR1 140 | TR2 139
435.6924 	DATA 	Keypress: 5
435.6924 	DATA 	TR 280 | TR1 140 | TR2 140
437.2755 	DATA 	Keypress: 5
437.2756 	DATA 	TR 281 | TR1 141 | TR2 140
438.8254 	DATA 	Keypress: 5
438.8255 	DATA 	TR 282 | TR1 141 | TR2 141
440.3919 	DATA 	Keypress: 5
440.3919 	DATA 	TR 283 | TR1 142 | TR2 141
441.9418 	DATA 	Keypress: 5
441.9418 	DATA 	TR 284 | TR1 142 | TR2 142
441.9419 	DATA 	Target presented
442.5583 	DATA 	Keypress: 1
442.5584 	DATA 	Key1 pressed
442.5584 	DATA 	Target detected
443.5249 	DATA 	Keypress: 5
443.5249 	DATA 	TR 285 | TR1 143 | TR2 142
445.0748 	DATA 	Keypress: 5
445.0748 	DATA 	TR 286 | TR1 143 | TR2 143
446.6412 	DATA 	Keypress: 5
446.6413 	DATA 	TR 287 | TR1 144 | TR2 143
448.0245 	DATA 	
448.0246 	DATA 	Trial complete
448.0246 	DATA 	Waiting for VASO trigger to start next trial
448.0246 	DATA 	
448.1911 	DATA 	Keypress: 5
448.1912 	DATA 	TR 288 | TR1 144 | TR2 144
449.7576 	DATA 	Keypress: 5
449.7576 	DATA 	Waited 1.7330529689788818 seconds for trigger
449.7584 	DATA 	
449.7584 	DATA 	Trial 13
449.7584 	DATA 	stimDur = 2.0
449.7584 	DATA 	jitter = 1.5705
449.7584 	DATA 	restDur = 22.0

449.7584 	DATA 	
449.7584 	DATA 	TR 289 | TR1 145 | TR2 144
451.3080 	DATA 	Keypress: 5
451.3241 	DATA 	TR 290 | TR1 145 | TR2 145
451.3407 	DATA 	
451.3407 	DATA 	stimulation started
451.3407 	DATA 	
452.8907 	DATA 	Keypress: 5
452.8907 	DATA 	TR 291 | TR1 146 | TR2 145
453.3407 	DATA 	
453.3407 	DATA 	stimulation stopped
453.3407 	DATA 	
454.4405 	DATA 	Keypress: 5
454.4405 	DATA 	TR 292 | TR1 146 | TR2 146
456.0069 	DATA 	Keypress: 5
456.0070 	DATA 	TR 293 | TR1 147 | TR2 146
457.5568 	DATA 	Keypress: 5
457.5568 	DATA 	TR 294 | TR1 147 | TR2 147
459.1400 	DATA 	Keypress: 5
459.1400 	DATA 	TR 295 | TR1 148 | TR2 147
460.6898 	DATA 	Keypress: 5
460.6899 	DATA 	TR 296 | TR1 148 | TR2 148
462.2563 	DATA 	Keypress: 5
462.2564 	DATA 	TR 297 | TR1 149 | TR2 148
463.8062 	DATA 	Keypress: 5
463.8062 	DATA 	TR 298 | TR1 149 | TR2 149
465.3893 	DATA 	Keypress: 5
465.3894 	DATA 	TR 299 | TR1 150 | TR2 149
466.9392 	DATA 	Keypress: 5
466.9392 	DATA 	TR 300 | TR1 150 | TR2 150
468.5057 	DATA 	Keypress: 5
468.5057 	DATA 	TR 301 | TR1 151 | TR2 150
470.0555 	DATA 	Keypress: 5
470.0556 	DATA 	TR 302 | TR1 151 | TR2 151
471.6220 	DATA 	Keypress: 5
471.6220 	DATA 	TR 303 | TR1 152 | TR2 151
473.1719 	DATA 	Keypress: 5
473.1720 	DATA 	TR 304 | TR1 152 | TR2 152
474.7550 	DATA 	Keypress: 5
474.7551 	DATA 	TR 305 | TR1 153 | TR2 152
475.3383 	DATA 	
475.3383 	DATA 	Trial complete
475.3383 	DATA 	Waiting for VASO trigger to start next trial
475.3383 	DATA 	
476.3049 	DATA 	Keypress: 5
476.3050 	DATA 	TR 306 | TR1 153 | TR2 153
477.8714 	DATA 	Keypress: 5
477.8715 	DATA 	Waited 2.533134937286377 seconds for trigger
477.8722 	DATA 	
477.8722 	DATA 	Trial 14
477.8722 	DATA 	stimDur = 24.0
477.8722 	DATA 	jitter = 2.35575
477.8722 	DATA 	restDur = 40.0

477.8722 	DATA 	
477.8723 	DATA 	TR 307 | TR1 154 | TR2 153
479.4213 	DATA 	Keypress: 5
479.4214 	DATA 	TR 308 | TR1 154 | TR2 154
480.2378 	DATA 	
480.2378 	DATA 	stimulation started
480.2378 	DATA 	
481.0044 	DATA 	Keypress: 5
481.0045 	DATA 	TR 309 | TR1 155 | TR2 154
482.5543 	DATA 	Keypress: 5
482.5544 	DATA 	TR 310 | TR1 155 | TR2 155
484.1208 	DATA 	Keypress: 5
484.1209 	DATA 	TR 311 | TR1 156 | TR2 155
485.6707 	DATA 	Keypress: 5
485.6708 	DATA 	TR 312 | TR1 156 | TR2 156
487.2372 	DATA 	Keypress: 5
487.2372 	DATA 	TR 313 | TR1 157 | TR2 156
488.8037 	DATA 	Keypress: 5
488.8038 	DATA 	TR 314 | TR1 157 | TR2 157
490.3703 	DATA 	Keypress: 5
490.3703 	DATA 	TR 315 | TR1 158 | TR2 157
490.7035 	DATA 	Target presented
491.3201 	DATA 	Keypress: 1
491.3202 	DATA 	Key1 pressed
491.3202 	DATA 	Target detected
491.9200 	DATA 	Keypress: 5
491.9201 	DATA 	TR 316 | TR1 158 | TR2 158
493.4866 	DATA 	Keypress: 5
493.4866 	DATA 	TR 317 | TR1 159 | TR2 158
495.0366 	DATA 	Keypress: 5
495.0366 	DATA 	TR 318 | TR1 159 | TR2 159
496.6196 	DATA 	Keypress: 5
496.6196 	DATA 	TR 319 | TR1 160 | TR2 159
498.1695 	DATA 	Keypress: 5
498.1695 	DATA 	TR 320 | TR1 160 | TR2 160
499.7359 	DATA 	Keypress: 5
499.7360 	DATA 	TR 321 | TR1 161 | TR2 160
501.2858 	DATA 	Keypress: 5
501.2859 	DATA 	TR 322 | TR1 161 | TR2 161
502.8690 	DATA 	Keypress: 5
502.8690 	DATA 	TR 323 | TR1 162 | TR2 161
504.2354 	DATA 	
504.2355 	DATA 	stimulation stopped
504.2355 	DATA 	
504.4188 	DATA 	Keypress: 5
504.4188 	DATA 	TR 324 | TR1 162 | TR2 162
505.9853 	DATA 	Keypress: 5
505.9853 	DATA 	TR 325 | TR1 163 | TR2 162
507.5351 	DATA 	Keypress: 5
507.5352 	DATA 	TR 326 | TR1 163 | TR2 163
509.1016 	DATA 	Keypress: 5
509.1016 	DATA 	TR 327 | TR1 164 | TR2 163
510.6521 	DATA 	Keypress: 5
510.6681 	DATA 	TR 328 | TR1 164 | TR2 164
512.2346 	DATA 	Keypress: 5
512.2347 	DATA 	TR 329 | TR1 165 | TR2 164
513.7845 	DATA 	Keypress: 5
513.7846 	DATA 	TR 330 | TR1 165 | TR2 165
515.3510 	DATA 	Keypress: 5
515.3510 	DATA 	TR 331 | TR1 166 | TR2 165
516.9009 	DATA 	Keypress: 5
516.9009 	DATA 	TR 332 | TR1 166 | TR2 166
518.4840 	DATA 	Keypress: 5
518.4841 	DATA 	TR 333 | TR1 167 | TR2 166
520.0340 	DATA 	Keypress: 5
520.0341 	DATA 	TR 334 | TR1 167 | TR2 167
521.6005 	DATA 	Keypress: 5
521.6006 	DATA 	TR 335 | TR1 168 | TR2 167
523.1503 	DATA 	Keypress: 5
523.1503 	DATA 	TR 336 | TR1 168 | TR2 168
524.7167 	DATA 	Keypress: 5
524.7168 	DATA 	TR 337 | TR1 169 | TR2 168
526.2833 	DATA 	Keypress: 5
526.2833 	DATA 	TR 338 | TR1 169 | TR2 169
527.8498 	DATA 	Keypress: 5
527.8498 	DATA 	TR 339 | TR1 170 | TR2 169
529.3997 	DATA 	Keypress: 5
529.3997 	DATA 	TR 340 | TR1 170 | TR2 170
530.9661 	DATA 	Keypress: 5
530.9662 	DATA 	TR 341 | TR1 171 | TR2 170
532.5160 	DATA 	Keypress: 5
532.5160 	DATA 	TR 342 | TR1 171 | TR2 171
533.4992 	DATA 	Target presented
534.0159 	DATA 	Keypress: 1
534.0160 	DATA 	Key1 pressed
534.0160 	DATA 	Target detected
534.0993 	DATA 	Keypress: 5
534.0993 	DATA 	TR 343 | TR1 172 | TR2 171
535.6490 	DATA 	Keypress: 5
535.6490 	DATA 	TR 344 | TR1 172 | TR2 172
537.2155 	DATA 	Keypress: 5
537.2156 	DATA 	TR 345 | TR1 173 | TR2 172
538.7652 	DATA 	Keypress: 5
538.7653 	DATA 	TR 346 | TR1 173 | TR2 173
540.3488 	DATA 	Keypress: 5
540.3488 	DATA 	TR 347 | TR1 174 | TR2 173
541.8984 	DATA 	Keypress: 5
541.8984 	DATA 	TR 348 | TR1 174 | TR2 174
543.4649 	DATA 	Keypress: 5
543.4650 	DATA 	TR 349 | TR1 175 | TR2 174
544.2315 	DATA 	
544.2315 	DATA 	Trial complete
544.2315 	DATA 	Waiting for VASO trigger to start next trial
544.2315 	DATA 	
545.0146 	DATA 	Keypress: 5
545.0146 	DATA 	TR 350 | TR1 175 | TR2 175
546.5814 	DATA 	Keypress: 5
546.5815 	DATA 	Waited 2.3499820232391357 seconds for trigger
546.5822 	DATA 	
546.5823 	DATA 	Trial 15
546.5823 	DATA 	stimDur = 1.0
546.5823 	DATA 	jitter = 2.35575
546.5823 	DATA 	restDur = 20.0

546.5823 	DATA 	
546.5823 	DATA 	TR 351 | TR1 176 | TR2 175
548.1478 	DATA 	Keypress: 5
548.1478 	DATA 	TR 352 | TR1 176 | TR2 176
548.9477 	DATA 	
548.9477 	DATA 	stimulation started
548.9477 	DATA 	
549.7144 	DATA 	Keypress: 5
549.7144 	DATA 	TR 353 | TR1 177 | TR2 176
549.9476 	DATA 	
549.9476 	DATA 	stimulation stopped
549.9476 	DATA 	
551.2642 	DATA 	Keypress: 5
551.2642 	DATA 	TR 354 | TR1 177 | TR2 177
552.8306 	DATA 	Keypress: 5
552.8306 	DATA 	TR 355 | TR1 178 | TR2 177
554.3805 	DATA 	Keypress: 5
554.3805 	DATA 	TR 356 | TR1 178 | TR2 178
555.9638 	DATA 	Keypress: 5
555.9638 	DATA 	TR 357 | TR1 179 | TR2 178
557.5135 	DATA 	Keypress: 5
557.5136 	DATA 	TR 358 | TR1 179 | TR2 179
559.0801 	DATA 	Keypress: 5
559.0801 	DATA 	TR 359 | TR1 180 | TR2 179
560.6299 	DATA 	Keypress: 5
560.6299 	DATA 	TR 360 | TR1 180 | TR2 180
562.1971 	DATA 	Keypress: 5
562.2131 	DATA 	TR 361 | TR1 181 | TR2 180
563.7629 	DATA 	Keypress: 5
563.7630 	DATA 	TR 362 | TR1 181 | TR2 181
565.3295 	DATA 	Keypress: 5
565.3295 	DATA 	TR 363 | TR1 182 | TR2 181
566.8792 	DATA 	Keypress: 5
566.8792 	DATA 	TR 364 | TR1 182 | TR2 182
568.4459 	DATA 	Keypress: 5
568.4459 	DATA 	TR 365 | TR1 183 | TR2 182
569.9456 	DATA 	
569.9457 	DATA 	Trial complete
569.9457 	DATA 	Waiting for VASO trigger to start next trial
569.9457 	DATA 	
569.9956 	DATA 	Keypress: 5
569.9957 	DATA 	TR 366 | TR1 183 | TR2 183
571.5789 	DATA 	Keypress: 5
571.5789 	DATA 	Waited 1.6332530975341797 seconds for trigger
571.5797 	DATA 	
571.5797 	DATA 	Trial 16
571.5797 	DATA 	stimDur = 12.0
571.5797 	DATA 	jitter = 0.0
571.5797 	DATA 	restDur = 30.0

571.5797 	DATA 	
571.5797 	DATA 	TR 367 | TR1 184 | TR2 183
571.5797 	DATA 	
571.5797 	DATA 	stimulation started
571.5797 	DATA 	
573.1288 	DATA 	Keypress: 5
573.1288 	DATA 	TR 368 | TR1 184 | TR2 184
574.6953 	DATA 	Keypress: 5
574.6954 	DATA 	TR 369 | TR1 185 | TR2 184
576.2451 	DATA 	Keypress: 5
576.2452 	DATA 	TR 370 | TR1 185 | TR2 185
577.8284 	DATA 	Keypress: 5
577.8284 	DATA 	TR 371 | TR1 186 | TR2 185
579.2782 	DATA 	Target presented
579.3781 	DATA 	Keypress: 5
579.3782 	DATA 	TR 372 | TR1 186 | TR2 186
580.0448 	DATA 	Keypress: 1
580.0448 	DATA 	Key1 pressed
580.0448 	DATA 	Target detected
580.9447 	DATA 	Keypress: 5
580.9448 	DATA 	TR 373 | TR1 187 | TR2 186
582.4945 	DATA 	Keypress: 5
582.4946 	DATA 	TR 374 | TR1 187 | TR2 187
583.5943 	DATA 	
583.5944 	DATA 	stimulation stopped
583.5944 	DATA 	
584.0610 	DATA 	Keypress: 5
584.0610 	DATA 	TR 375 | TR1 188 | TR2 187
585.6275 	DATA 	Keypress: 5
585.6276 	DATA 	TR 376 | TR1 188 | TR2 188
587.1940 	DATA 	Keypress: 5
587.1941 	DATA 	TR 377 | TR1 189 | TR2 188
588.7439 	DATA 	Keypress: 5
588.7439 	DATA 	TR 378 | TR1 189 | TR2 189
590.3104 	DATA 	Keypress: 5
590.3104 	DATA 	TR 379 | TR1 190 | TR2 189
591.8602 	DATA 	Keypress: 5
591.8603 	DATA 	TR 380 | TR1 190 | TR2 190
593.4434 	DATA 	Keypress: 5
593.4435 	DATA 	TR 381 | TR1 191 | TR2 190
594.9934 	DATA 	Keypress: 5
594.9934 	DATA 	TR 382 | TR1 191 | TR2 191
596.5598 	DATA 	Keypress: 5
596.5600 	DATA 	TR 383 | TR1 192 | TR2 191
598.1097 	DATA 	Keypress: 5
598.1097 	DATA 	TR 384 | TR1 192 | TR2 192
599.6929 	DATA 	Keypress: 5
599.6929 	DATA 	TR 385 | TR1 193 | TR2 192
601.2427 	DATA 	Keypress: 5
601.2427 	DATA 	TR 386 | TR1 193 | TR2 193
602.8092 	DATA 	Keypress: 5
602.8092 	DATA 	TR 387 | TR1 194 | TR2 193
604.3590 	DATA 	Keypress: 5
604.3591 	DATA 	TR 388 | TR1 194 | TR2 194
605.9256 	DATA 	Keypress: 5
605.9256 	DATA 	TR 389 | TR1 195 | TR2 194
607.4756 	DATA 	Keypress: 5
607.4756 	DATA 	TR 390 | TR1 195 | TR2 195
609.0586 	DATA 	Keypress: 5
609.0587 	DATA 	TR 391 | TR1 196 | TR2 195
610.6085 	DATA 	Keypress: 5
610.6085 	DATA 	TR 392 | TR1 196 | TR2 196
612.1750 	DATA 	Keypress: 5
612.1750 	DATA 	TR 393 | TR1 197 | TR2 196
613.5915 	DATA 	
613.5915 	DATA 	Trial complete
613.5915 	DATA 	Waiting for VASO trigger to start next trial
613.5915 	DATA 	
613.7248 	DATA 	Keypress: 5
613.7249 	DATA 	TR 394 | TR1 197 | TR2 197
615.3081 	DATA 	Keypress: 5
615.3081 	DATA 	Waited 1.716602087020874 seconds for trigger
615.3089 	DATA 	
615.3089 	DATA 	Trial 17
615.3089 	DATA 	stimDur = 12.0
615.3089 	DATA 	jitter = 0.78525
615.3089 	DATA 	restDur = 30.0

615.3089 	DATA 	
615.3089 	DATA 	TR 395 | TR1 198 | TR2 197
616.1079 	DATA 	
616.1079 	DATA 	stimulation started
616.1079 	DATA 	
616.8579 	DATA 	Keypress: 5
616.8580 	DATA 	TR 396 | TR1 198 | TR2 198
618.4245 	DATA 	Keypress: 5
618.4245 	DATA 	TR 397 | TR1 199 | TR2 198
619.9743 	DATA 	Keypress: 5
619.9743 	DATA 	TR 398 | TR1 199 | TR2 199
621.5416 	DATA 	Keypress: 5
621.5575 	DATA 	TR 399 | TR1 200 | TR2 199
623.1073 	DATA 	Keypress: 5
623.1074 	DATA 	TR 400 | TR1 200 | TR2 200
624.6739 	DATA 	Keypress: 5
624.6739 	DATA 	TR 401 | TR1 201 | TR2 200
626.2237 	DATA 	Keypress: 5
626.2237 	DATA 	TR 402 | TR1 201 | TR2 201
627.7903 	DATA 	Keypress: 5
627.7903 	DATA 	TR 403 | TR1 202 | TR2 201
628.1068 	DATA 	
628.1068 	DATA 	stimulation stopped
628.1068 	DATA 	
629.3400 	DATA 	Keypress: 5
629.3401 	DATA 	TR 404 | TR1 202 | TR2 202
630.9232 	DATA 	Keypress: 5
630.9233 	DATA 	TR 405 | TR1 203 | TR2 202
632.4731 	DATA 	Keypress: 5
632.4731 	DATA 	TR 406 | TR1 203 | TR2 203
633.0230 	DATA 	Target presented
633.7230 	DATA 	Keypress: 1
633.7230 	DATA 	Key1 pressed
633.7230 	DATA 	Target detected
634.0396 	DATA 	Keypress: 5
634.0396 	DATA 	TR 407 | TR1 204 | TR2 203
635.5894 	DATA 	Keypress: 5
635.5895 	DATA 	TR 408 | TR1 204 | TR2 204
637.1728 	DATA 	Keypress: 5
637.1729 	DATA 	TR 409 | TR1 205 | TR2 204
638.7225 	DATA 	Keypress: 5
638.7225 	DATA 	TR 410 | TR1 205 | TR2 205
640.2890 	DATA 	Keypress: 5
640.2891 	DATA 	TR 411 | TR1 206 | TR2 205
641.8388 	DATA 	Keypress: 5
641.8389 	DATA 	TR 412 | TR1 206 | TR2 206
643.4054 	DATA 	Keypress: 5
643.4054 	DATA 	TR 413 | TR1 207 | TR2 206
644.9558 	DATA 	Keypress: 5
644.9719 	DATA 	TR 414 | TR1 207 | TR2 207
646.5384 	DATA 	Keypress: 5
646.5385 	DATA 	TR 415 | TR1 208 | TR2 207
648.0883 	DATA 	Keypress: 5
648.0883 	DATA 	TR 416 | TR1 208 | TR2 208
649.6548 	DATA 	Keypress: 5
649.6549 	DATA 	TR 417 | TR1 209 | TR2 208
651.2046 	DATA 	Keypress: 5
651.2047 	DATA 	TR 418 | TR1 209 | TR2 209
652.7879 	DATA 	Keypress: 5
652.7879 	DATA 	TR 419 | TR1 210 | TR2 209
654.3377 	DATA 	Keypress: 5
654.3377 	DATA 	TR 420 | TR1 210 | TR2 210
655.9042 	DATA 	Keypress: 5
655.9043 	DATA 	TR 421 | TR1 211 | TR2 210
657.4540 	DATA 	Keypress: 5
657.4541 	DATA 	TR 422 | TR1 211 | TR2 211
658.1040 	DATA 	
658.1040 	DATA 	Trial complete
658.1040 	DATA 	Waiting for VASO trigger to start next trial
658.1040 	DATA 	
659.0206 	DATA 	Keypress: 5
659.0207 	DATA 	Waited 0.9166610240936279 seconds for trigger
659.0214 	DATA 	
659.0214 	DATA 	Trial 18
659.0214 	DATA 	stimDur = 12.0
659.0214 	DATA 	jitter = 2.35575
659.0214 	DATA 	restDur = 30.0

659.0215 	DATA 	
659.0215 	DATA 	TR 423 | TR1 212 | TR2 211
660.5871 	DATA 	Keypress: 5
660.5871 	DATA 	TR 424 | TR1 212 | TR2 212
661.3870 	DATA 	
661.3870 	DATA 	stimulation started
661.3870 	DATA 	
662.1537 	DATA 	Keypress: 5
662.1537 	DATA 	TR 425 | TR1 213 | TR2 212
663.7035 	DATA 	Keypress: 5
663.7036 	DATA 	TR 426 | TR1 213 | TR2 213
665.2701 	DATA 	Keypress: 5
665.2702 	DATA 	TR 427 | TR1 214 | TR2 213
666.8199 	DATA 	Keypress: 5
666.8199 	DATA 	TR 428 | TR1 214 | TR2 214
668.4031 	DATA 	Keypress: 5
668.4032 	DATA 	TR 429 | TR1 215 | TR2 214
669.9529 	DATA 	Keypress: 5
669.9530 	DATA 	TR 430 | TR1 215 | TR2 215
671.5195 	DATA 	Keypress: 5
671.5195 	DATA 	TR 431 | TR1 216 | TR2 215
673.0693 	DATA 	Keypress: 5
673.0694 	DATA 	TR 432 | TR1 216 | TR2 216
673.3859 	DATA 	
673.3859 	DATA 	stimulation stopped
673.3859 	DATA 	
674.6525 	DATA 	Keypress: 5
674.6525 	DATA 	TR 433 | TR1 217 | TR2 216
676.2023 	DATA 	Keypress: 5
676.2024 	DATA 	TR 434 | TR1 217 | TR2 217
677.7688 	DATA 	Keypress: 5
677.7689 	DATA 	TR 435 | TR1 218 | TR2 217
679.3187 	DATA 	Keypress: 5
679.3188 	DATA 	TR 436 | TR1 218 | TR2 218
680.8852 	DATA 	Keypress: 5
680.8853 	DATA 	TR 437 | TR1 219 | TR2 218
682.4356 	DATA 	Keypress: 5
682.4519 	DATA 	TR 438 | TR1 219 | TR2 219
684.0182 	DATA 	Keypress: 5
684.0182 	DATA 	TR 439 | TR1 220 | TR2 219
685.5681 	DATA 	Keypress: 5
685.5682 	DATA 	TR 440 | TR1 220 | TR2 220
687.1347 	DATA 	Keypress: 5
687.1347 	DATA 	TR 441 | TR1 221 | TR2 220
688.6845 	DATA 	Keypress: 5
688.6845 	DATA 	TR 442 | TR1 221 | TR2 221
690.2676 	DATA 	Keypress: 5
690.2677 	DATA 	TR 443 | TR1 222 | TR2 221
691.8177 	DATA 	Keypress: 5
691.8177 	DATA 	TR 444 | TR1 222 | TR2 222
692.7341 	DATA 	Target presented
693.3341 	DATA 	Keypress: 1
693.3342 	DATA 	Key1 pressed
693.3342 	DATA 	Target detected
693.3840 	DATA 	Keypress: 5
693.3841 	DATA 	TR 445 | TR1 223 | TR2 222
694.9339 	DATA 	Keypress: 5
694.9339 	DATA 	TR 446 | TR1 223 | TR2 223
696.5010 	DATA 	Keypress: 5
696.5170 	DATA 	TR 447 | TR1 224 | TR2 223
698.0669 	DATA 	Keypress: 5
698.0670 	DATA 	TR 448 | TR1 224 | TR2 224
699.6335 	DATA 	Keypress: 5
699.6335 	DATA 	TR 449 | TR1 225 | TR2 224
701.1833 	DATA 	Keypress: 5
701.1833 	DATA 	TR 450 | TR1 225 | TR2 225
702.7498 	DATA 	Keypress: 5
702.7498 	DATA 	TR 451 | TR1 226 | TR2 225
703.3830 	DATA 	
703.3830 	DATA 	Trial complete
703.3830 	DATA 	Waiting for VASO trigger to start next trial
703.3830 	DATA 	
704.2996 	DATA 	Keypress: 5
704.2997 	DATA 	TR 452 | TR1 226 | TR2 226
705.8828 	DATA 	Keypress: 5
705.8829 	DATA 	Waited 2.4998340606689453 seconds for trigger
705.8836 	DATA 	
705.8836 	DATA 	Trial 19
705.8837 	DATA 	stimDur = 2.0
705.8837 	DATA 	jitter = 0.78525
705.8837 	DATA 	restDur = 22.0

705.8837 	DATA 	
705.8837 	DATA 	TR 453 | TR1 227 | TR2 226
706.6827 	DATA 	
706.6827 	DATA 	stimulation started
706.6827 	DATA 	
707.4328 	DATA 	Keypress: 5
707.4329 	DATA 	TR 454 | TR1 227 | TR2 227
708.6825 	DATA 	
708.6825 	DATA 	stimulation stopped
708.6825 	DATA 	
708.9991 	DATA 	Keypress: 5
708.9992 	DATA 	TR 455 | TR1 228 | TR2 227
710.5490 	DATA 	Keypress: 5
710.5490 	DATA 	TR 456 | TR1 228 | TR2 228
712.1322 	DATA 	Keypress: 5
712.1322 	DATA 	TR 457 | TR1 229 | TR2 228
713.6820 	DATA 	Keypress: 5
713.6820 	DATA 	TR 458 | TR1 229 | TR2 229
715.2487 	DATA 	Keypress: 5
715.2487 	DATA 	TR 459 | TR1 230 | TR2 229
716.7983 	DATA 	Keypress: 5
716.7984 	DATA 	TR 460 | TR1 230 | TR2 230
718.3649 	DATA 	Keypress: 5
718.3649 	DATA 	TR 461 | TR1 231 | TR2 230
719.9314 	DATA 	Keypress: 5
719.9314 	DATA 	TR 462 | TR1 231 | TR2 231
721.4979 	DATA 	Keypress: 5
721.4980 	DATA 	TR 463 | TR1 232 | TR2 231
723.0477 	DATA 	Keypress: 5
723.0478 	DATA 	TR 464 | TR1 232 | TR2 232
724.6142 	DATA 	Keypress: 5
724.6143 	DATA 	TR 465 | TR1 233 | TR2 232
726.1641 	DATA 	Keypress: 5
726.1642 	DATA 	TR 466 | TR1 233 | TR2 233
727.7472 	DATA 	Keypress: 5
727.7473 	DATA 	TR 467 | TR1 234 | TR2 233
729.2971 	DATA 	Keypress: 5
729.2971 	DATA 	TR 468 | TR1 234 | TR2 234
730.6802 	DATA 	
730.6802 	DATA 	Trial complete
730.6803 	DATA 	
730.8636 	DATA 	Keypress: 5
730.8636 	DATA 	Waited 27.48057794570923 seconds for trigger
730.8644 	DATA 	
730.8644 	DATA 	Trial 20
730.8644 	DATA 	stimDur = 24.0
730.8644 	DATA 	jitter = 0.78525
730.8644 	DATA 	restDur = 40.0

730.8644 	DATA 	
730.8644 	DATA 	TR 469 | TR1 235 | TR2 234
731.6635 	DATA 	
731.6635 	DATA 	stimulation started
731.6635 	DATA 	
732.4136 	DATA 	Keypress: 5
732.4136 	DATA 	TR 470 | TR1 235 | TR2 235
733.9966 	DATA 	Keypress: 5
733.9966 	DATA 	TR 471 | TR1 236 | TR2 235
735.5465 	DATA 	Keypress: 5
735.5466 	DATA 	TR 472 | TR1 236 | TR2 236
737.1130 	DATA 	Keypress: 5
737.1130 	DATA 	TR 473 | TR1 237 | TR2 236
738.6629 	DATA 	Keypress: 5
738.6629 	DATA 	TR 474 | TR1 237 | TR2 237
740.2294 	DATA 	Keypress: 5
740.2295 	DATA 	TR 475 | TR1 238 | TR2 237
741.7793 	DATA 	Keypress: 5
741.7793 	DATA 	TR 476 | TR1 238 | TR2 238
743.3624 	DATA 	Keypress: 5
743.3625 	DATA 	TR 477 | TR1 239 | TR2 238
744.9123 	DATA 	Keypress: 5
744.9123 	DATA 	TR 478 | TR1 239 | TR2 239
746.4787 	DATA 	Keypress: 5
746.4788 	DATA 	TR 479 | TR1 240 | TR2 239
748.0286 	DATA 	Keypress: 5
748.0286 	DATA 	TR 480 | TR1 240 | TR2 240
749.6117 	DATA 	Keypress: 5
749.6118 	DATA 	TR 481 | TR1 241 | TR2 240
751.1616 	DATA 	Keypress: 5
751.1617 	DATA 	TR 482 | TR1 241 | TR2 241
752.7281 	DATA 	Keypress: 5
752.7282 	DATA 	TR 483 | TR1 242 | TR2 241
754.2781 	DATA 	Keypress: 5
754.2781 	DATA 	TR 484 | TR1 242 | TR2 242
755.6611 	DATA 	
755.6611 	DATA 	stimulation stopped
755.6611 	DATA 	
755.8444 	DATA 	Keypress: 5
755.8445 	DATA 	TR 485 | TR1 243 | TR2 242
757.4110 	DATA 	Keypress: 5
757.4110 	DATA 	TR 486 | TR1 243 | TR2 243
758.9774 	DATA 	Keypress: 5
758.9775 	DATA 	TR 487 | TR1 244 | TR2 243
760.5273 	DATA 	Keypress: 5
760.5274 	DATA 	TR 488 | TR1 244 | TR2 244
762.0938 	DATA 	Keypress: 5
762.0938 	DATA 	TR 489 | TR1 245 | TR2 244
763.6436 	DATA 	Keypress: 5
763.6437 	DATA 	TR 490 | TR1 245 | TR2 245
765.2268 	DATA 	Keypress: 5
765.2269 	DATA 	TR 491 | TR1 246 | TR2 245
766.7767 	DATA 	Keypress: 5
766.7767 	DATA 	TR 492 | TR1 246 | TR2 246
768.3432 	DATA 	Keypress: 5
768.3432 	DATA 	TR 493 | TR1 247 | TR2 246
769.8930 	DATA 	Keypress: 5
769.8931 	DATA 	TR 494 | TR1 247 | TR2 247
771.4762 	DATA 	Keypress: 5
771.4762 	DATA 	TR 495 | TR1 248 | TR2 247
773.0261 	DATA 	Keypress: 5
773.0261 	DATA 	TR 496 | TR1 248 | TR2 248
774.5925 	DATA 	Keypress: 5
774.5926 	DATA 	TR 497 | TR1 249 | TR2 248
776.1424 	DATA 	Keypress: 5
776.1425 	DATA 	TR 498 | TR1 249 | TR2 249
777.7086 	DATA 	Keypress: 5
777.7086 	DATA 	TR 499 | TR1 250 | TR2 249
779.2594 	DATA 	Keypress: 5
779.2754 	DATA 	TR 500 | TR1 250 | TR2 250
780.8419 	DATA 	Keypress: 5
780.8420 	DATA 	TR 501 | TR1 251 | TR2 250
782.3918 	DATA 	Keypress: 5
782.3918 	DATA 	TR 502 | TR1 251 | TR2 251
783.9583 	DATA 	Keypress: 5
783.9583 	DATA 	TR 503 | TR1 252 | TR2 251
785.5082 	DATA 	Keypress: 5
785.5082 	DATA 	TR 504 | TR1 252 | TR2 252
787.0913 	DATA 	Keypress: 5
787.0914 	DATA 	TR 505 | TR1 253 | TR2 252
788.6412 	DATA 	Keypress: 5
788.6412 	DATA 	TR 506 | TR1 253 | TR2 253
790.2077 	DATA 	Keypress: 5
790.2077 	DATA 	TR 507 | TR1 254 | TR2 253
791.7577 	DATA 	Keypress: 5
791.7577 	DATA 	TR 508 | TR1 254 | TR2 254
793.3246 	DATA 	Keypress: 5
793.3407 	DATA 	TR 509 | TR1 255 | TR2 254
794.8906 	DATA 	Keypress: 5
794.8907 	DATA 	TR 510 | TR1 255 | TR2 255
795.6571 	DATA 	
795.6571 	DATA 	Trial complete
795.6571 	DATA 	
796.4571 	DATA 	Keypress: 5
796.4571 	DATA 	TR 511 | TR1 256 | TR2 255
798.0069 	DATA 	Keypress: 5
798.0070 	DATA 	TR 512 | TR1 256 | TR2 256
799.5734 	DATA 	Keypress: 5
799.5735 	DATA 	TR 513 | TR1 257 | TR2 256
801.1234 	DATA 	Keypress: 5
801.1234 	DATA 	TR 514 | TR1 257 | TR2 257
802.7065 	DATA 	Keypress: 5
802.7065 	DATA 	TR 515 | TR1 258 | TR2 257
804.2563 	DATA 	Keypress: 5
804.2564 	DATA 	TR 516 | TR1 258 | TR2 258
805.8228 	DATA 	Keypress: 5
805.8229 	DATA 	TR 517 | TR1 259 | TR2 258
807.3727 	DATA 	Keypress: 5
807.3728 	DATA 	TR 518 | TR1 259 | TR2 259
808.9558 	DATA 	Keypress: 5
808.9559 	DATA 	TR 519 | TR1 260 | TR2 259
810.5059 	DATA 	Keypress: 5
810.5059 	DATA 	TR 520 | TR1 260 | TR2 260
812.0722 	DATA 	Keypress: 5
812.0723 	DATA 	TR 521 | TR1 261 | TR2 260
813.6222 	DATA 	Keypress: 5
813.6223 	DATA 	TR 522 | TR1 261 | TR2 261
815.1886 	DATA 	Keypress: 5
815.1886 	DATA 	TR 523 | TR1 262 | TR2 261
816.7390 	DATA 	Keypress: 5
816.7551 	DATA 	TR 524 | TR1 262 | TR2 262
823.7710 	DATA 	EndOfRun sub-05_ses-05_run-06

823.7710 	DATA 	We spent 53.19750738143921 seconds waiting for triggers
823.7710 	DATA 	RatioOfDetectedTargets 1.0
823.7711 	DATA 	You have detected 12 out of 12 targets.
828.8009 	EXP 	window1: mouseVisible = True
