MonitorDistance=99cm
MonitorWidth=30cm
PixelWidth=1024.0
PixelHeight=768.0
You have detected 12 out of 12 targets.
Excellent! Keep up the good work
7.3665 	INFO 	Loaded monitor calibration from ['2021_05_26 17:55']
7.8365 	EXP 	Created window1 = Window(allowGUI=False, allowStencil=False, autoLog=True, backendConf=UNKNOWN, bitsMode=UNKNOWN, blendMode='avg', bpc=(8, 8, 8), color=array([-0.5, -0.5, -0.5]), colorSpace='rgb', depthBits=8, fullscr=<method-wrapper '__getattribute__' of attributeSetter object at 0x7feaf0e01400>, gamma=None, gammaErrorPolicy='raise', lms=UNKNOWN, monitor=<psychopy.monitors.calibTools.Monitor object at 0x7feae6c1f0b8>, multiSample=False, name='window1', numSamples=2, pos=[0.0, 0.0], screen=0, size=array([1024,  768]), stencilBits=0, stereo=False, units='deg', useFBO=False, useRetina=False, viewOri=0.0, viewPos=None, viewScale=None, waitBlanking=True, winType='pyglet')
7.8366 	EXP 	window1: mouseVisible = True
7.9088 	EXP 	Created unnamed TextStim = TextStim(__class__=<class 'psychopy.visual.text.TextStim'>, alignHoriz=method-wrapper(...), alignText='center', alignVert=method-wrapper(...), anchorHoriz='center', anchorVert='center', antialias=True, autoLog=True, bold=False, color=array([1., 1., 1.]), colorSpace='rgb', contrast=1.0, depth=0, flipHoriz=False, flipVert=False, font='', fontFiles=[], height=0.5, italic=False, languageStyle='LTR', name='unnamed TextStim', opacity=1.0, ori=0.0, pos=array([0., 0.]), rgb=UNKNOWN, text=str(...), units='deg', win=Window(...), wrapWidth=15.0)
7.9393 	EXP 	Created Movie Frame 0 = ImageStim(__class__=<class 'psychopy.visual.image.ImageStim'>, autoLog=True, color=array([0.8, 0.8, 0.8]), colorSpace='rgb', contrast=0.8, depth=0, flipHoriz=False, flipVert=False, image='visual_0.png', interpolate=False, mask=None, maskParams=None, name='Movie Frame 0', opacity=1, ori=0.0, pos=array([0., 0.]), size=array([1024,  768]), texRes=128, units='pix', win=Window(...))
7.9673 	EXP 	Created Movie Frame 1 = ImageStim(__class__=<class 'psychopy.visual.image.ImageStim'>, autoLog=True, color=array([0.8, 0.8, 0.8]), colorSpace='rgb', contrast=0.8, depth=0, flipHoriz=False, flipVert=False, image='visual_1.png', interpolate=False, mask=None, maskParams=None, name='Movie Frame 1', opacity=1, ori=0.0, pos=array([0., 0.]), size=array([1024,  768]), texRes=128, units='pix', win=Window(...))
108.2212 	DATA 	Keypress: 5
0.0000 	DATA 	StartOfRun sub-05_ses-05_run-03
0.0000 	DATA 	TR 1 | TR1 1 | TR2 0
0.0119 	DATA 	Initial baseline

1.5514 	DATA 	Keypress: 5
1.5514 	DATA 	TR 2 | TR1 1 | TR2 1
3.1225 	DATA 	Keypress: 5
3.1225 	DATA 	TR 3 | TR1 2 | TR2 1
4.6746 	DATA 	Keypress: 5
4.6747 	DATA 	TR 4 | TR1 2 | TR2 2
6.2458 	DATA 	Keypress: 5
6.2458 	DATA 	TR 5 | TR1 3 | TR2 2
7.7980 	DATA 	Keypress: 5
7.7980 	DATA 	TR 6 | TR1 3 | TR2 3
9.3691 	DATA 	Keypress: 5
9.3692 	DATA 	TR 7 | TR1 4 | TR2 3
10.9203 	DATA 	Keypress: 5
10.9203 	DATA 	TR 8 | TR1 4 | TR2 4
12.4924 	DATA 	Keypress: 5
12.4925 	DATA 	TR 9 | TR1 5 | TR2 4
14.0436 	DATA 	Keypress: 5
14.0436 	DATA 	TR 10 | TR1 5 | TR2 5
15.6158 	DATA 	Keypress: 5
15.6158 	DATA 	TR 11 | TR1 6 | TR2 5
17.1669 	DATA 	Keypress: 5
17.1669 	DATA 	TR 12 | TR1 6 | TR2 6
18.7391 	DATA 	Keypress: 5
18.7391 	DATA 	TR 13 | TR1 7 | TR2 6
20.2902 	DATA 	Keypress: 5
20.2903 	DATA 	TR 14 | TR1 7 | TR2 7
21.8624 	DATA 	Keypress: 5
21.8624 	DATA 	TR 15 | TR1 8 | TR2 7
23.4137 	DATA 	Keypress: 5
23.4137 	DATA 	TR 16 | TR1 8 | TR2 8
24.9857 	DATA 	Keypress: 5
24.9858 	DATA 	TR 17 | TR1 9 | TR2 8
26.5369 	DATA 	Keypress: 5
26.5369 	DATA 	TR 18 | TR1 9 | TR2 9
28.1091 	DATA 	Keypress: 5
28.1091 	DATA 	TR 19 | TR1 10 | TR2 9
29.6602 	DATA 	Keypress: 5
29.6603 	DATA 	TR 20 | TR1 10 | TR2 10
31.2424 	DATA 	Keypress: 5
31.2425 	DATA 	Waited 1.2424499988555908 seconds for trigger
31.2439 	DATA 	
31.2439 	DATA 	Trial 1
31.2439 	DATA 	stimDur = 1.0
31.2439 	DATA 	jitter = 0.0
31.2439 	DATA 	restDur = 20.0

31.2439 	DATA 	
31.2439 	DATA 	TR 21 | TR1 11 | TR2 10
31.2439 	DATA 	
31.2439 	DATA 	stimulation started
31.2439 	DATA 	
32.2590 	DATA 	
32.2590 	DATA 	stimulation stopped
32.2590 	DATA 	
32.7923 	DATA 	Keypress: 5
32.7924 	DATA 	TR 22 | TR1 11 | TR2 11
34.3588 	DATA 	Keypress: 5
34.3588 	DATA 	TR 23 | TR1 12 | TR2 11
35.9086 	DATA 	Keypress: 5
35.9087 	DATA 	TR 24 | TR1 12 | TR2 12
37.4918 	DATA 	Keypress: 5
37.4918 	DATA 	TR 25 | TR1 13 | TR2 12
39.0416 	DATA 	Keypress: 5
39.0417 	DATA 	TR 26 | TR1 13 | TR2 13
40.6081 	DATA 	Keypress: 5
40.6081 	DATA 	TR 27 | TR1 14 | TR2 13
42.1581 	DATA 	Keypress: 5
42.1581 	DATA 	TR 28 | TR1 14 | TR2 14
43.7411 	DATA 	Keypress: 5
43.7411 	DATA 	TR 29 | TR1 15 | TR2 14
45.2910 	DATA 	Keypress: 5
45.2910 	DATA 	TR 30 | TR1 15 | TR2 15
46.8574 	DATA 	Keypress: 5
46.8575 	DATA 	TR 31 | TR1 16 | TR2 15
48.4073 	DATA 	Keypress: 5
48.4074 	DATA 	TR 32 | TR1 16 | TR2 16
49.9739 	DATA 	Keypress: 5
49.9740 	DATA 	TR 33 | TR1 17 | TR2 16
51.5243 	DATA 	Keypress: 5
51.5403 	DATA 	TR 34 | TR1 17 | TR2 17
52.2568 	DATA 	
52.2569 	DATA 	Trial complete
52.2569 	DATA 	Waiting for VASO trigger to start next trial
52.2569 	DATA 	
53.1068 	DATA 	Keypress: 5
53.1068 	DATA 	Waited 0.8499600887298584 seconds for trigger
53.1077 	DATA 	
53.1077 	DATA 	Trial 2
53.1077 	DATA 	stimDur = 1.0
53.1077 	DATA 	jitter = 1.5705
53.1077 	DATA 	restDur = 20.0

53.1077 	DATA 	
53.1077 	DATA 	TR 35 | TR1 18 | TR2 17
54.6566 	DATA 	Keypress: 5
54.6567 	DATA 	TR 36 | TR1 18 | TR2 18
54.6899 	DATA 	
54.6899 	DATA 	stimulation started
54.6899 	DATA 	
55.6900 	DATA 	
55.6900 	DATA 	stimulation stopped
55.6900 	DATA 	
56.2230 	DATA 	Keypress: 5
56.2230 	DATA 	TR 37 | TR1 19 | TR2 18
57.7730 	DATA 	Keypress: 5
57.7730 	DATA 	TR 38 | TR1 19 | TR2 19
59.3562 	DATA 	Keypress: 5
59.3563 	DATA 	TR 39 | TR1 20 | TR2 19
60.9060 	DATA 	Keypress: 5
60.9060 	DATA 	TR 40 | TR1 20 | TR2 20
62.4726 	DATA 	Keypress: 5
62.4726 	DATA 	TR 41 | TR1 21 | TR2 20
64.0223 	DATA 	Keypress: 5
64.0224 	DATA 	TR 42 | TR1 21 | TR2 21
65.5895 	DATA 	Keypress: 5
65.6055 	DATA 	TR 43 | TR1 22 | TR2 21
67.1554 	DATA 	Keypress: 5
67.1554 	DATA 	TR 44 | TR1 22 | TR2 22
68.7219 	DATA 	Keypress: 5
68.7220 	DATA 	TR 45 | TR1 23 | TR2 22
70.2717 	DATA 	Keypress: 5
70.2718 	DATA 	TR 46 | TR1 23 | TR2 23
71.8383 	DATA 	Keypress: 5
71.8383 	DATA 	TR 47 | TR1 24 | TR2 23
73.3881 	DATA 	Keypress: 5
73.3881 	DATA 	TR 48 | TR1 24 | TR2 24
74.9713 	DATA 	Keypress: 5
74.9713 	DATA 	TR 49 | TR1 25 | TR2 24
75.6878 	DATA 	
75.6878 	DATA 	Trial complete
75.6879 	DATA 	Waiting for VASO trigger to start next trial
75.6879 	DATA 	
76.5211 	DATA 	Keypress: 5
76.5211 	DATA 	TR 50 | TR1 25 | TR2 25
78.0877 	DATA 	Keypress: 5
78.0877 	DATA 	Waited 2.3998398780822754 seconds for trigger
78.0885 	DATA 	
78.0885 	DATA 	Trial 3
78.0885 	DATA 	stimDur = 12.0
78.0885 	DATA 	jitter = 1.5705
78.0885 	DATA 	restDur = 30.0

78.0885 	DATA 	
78.0885 	DATA 	TR 51 | TR1 26 | TR2 25
79.6375 	DATA 	Keypress: 5
79.6375 	DATA 	TR 52 | TR1 26 | TR2 26
79.6708 	DATA 	
79.6708 	DATA 	stimulation started
79.6708 	DATA 	
81.2208 	DATA 	Keypress: 5
81.2208 	DATA 	TR 53 | TR1 27 | TR2 26
82.7705 	DATA 	Keypress: 5
82.7706 	DATA 	TR 54 | TR1 27 | TR2 27
84.3371 	DATA 	Keypress: 5
84.3371 	DATA 	TR 55 | TR1 28 | TR2 27
85.8869 	DATA 	Keypress: 5
85.8869 	DATA 	TR 56 | TR1 28 | TR2 28
86.4702 	DATA 	Target presented
87.1868 	DATA 	Keypress: 1
87.1869 	DATA 	Key1 pressed
87.1869 	DATA 	Target detected
87.4534 	DATA 	Keypress: 5
87.4535 	DATA 	TR 57 | TR1 29 | TR2 28
89.0040 	DATA 	Keypress: 5
89.0199 	DATA 	TR 58 | TR1 29 | TR2 29
90.5865 	DATA 	Keypress: 5
90.5865 	DATA 	TR 59 | TR1 30 | TR2 29
91.6697 	DATA 	
91.6697 	DATA 	stimulation stopped
91.6697 	DATA 	
92.1363 	DATA 	Keypress: 5
92.1363 	DATA 	TR 60 | TR1 30 | TR2 30
93.7028 	DATA 	Keypress: 5
93.7029 	DATA 	TR 61 | TR1 31 | TR2 30
95.2526 	DATA 	Keypress: 5
95.2527 	DATA 	TR 62 | TR1 31 | TR2 31
96.8359 	DATA 	Keypress: 5
96.8359 	DATA 	TR 63 | TR1 32 | TR2 31
98.3857 	DATA 	Keypress: 5
98.3857 	DATA 	TR 64 | TR1 32 | TR2 32
99.9522 	DATA 	Keypress: 5
99.9523 	DATA 	TR 65 | TR1 33 | TR2 32
101.5021 	DATA 	Keypress: 5
101.5022 	DATA 	TR 66 | TR1 33 | TR2 33
103.0692 	DATA 	Keypress: 5
103.0852 	DATA 	TR 67 | TR1 34 | TR2 33
104.6351 	DATA 	Keypress: 5
104.6351 	DATA 	TR 68 | TR1 34 | TR2 34
106.2017 	DATA 	Keypress: 5
106.2017 	DATA 	TR 69 | TR1 35 | TR2 34
107.7514 	DATA 	Keypress: 5
107.7514 	DATA 	TR 70 | TR1 35 | TR2 35
109.3178 	DATA 	Keypress: 5
109.3178 	DATA 	TR 71 | TR1 36 | TR2 35
110.8675 	DATA 	Keypress: 5
110.8675 	DATA 	TR 72 | TR1 36 | TR2 36
112.4506 	DATA 	Keypress: 5
112.4506 	DATA 	TR 73 | TR1 37 | TR2 36
114.0003 	DATA 	Keypress: 5
114.0003 	DATA 	TR 74 | TR1 37 | TR2 37
115.5667 	DATA 	Keypress: 5
115.5667 	DATA 	TR 75 | TR1 38 | TR2 37
117.1164 	DATA 	Keypress: 5
117.1164 	DATA 	TR 76 | TR1 38 | TR2 38
118.6995 	DATA 	Keypress: 5
118.6995 	DATA 	TR 77 | TR1 39 | TR2 38
120.2492 	DATA 	Keypress: 5
120.2493 	DATA 	TR 78 | TR1 39 | TR2 39
121.6656 	DATA 	
121.6656 	DATA 	Trial complete
121.6656 	DATA 	Waiting for VASO trigger to start next trial
121.6656 	DATA 	
121.8156 	DATA 	Keypress: 5
121.8157 	DATA 	Waited 0.1500399112701416 seconds for trigger
121.8164 	DATA 	
121.8165 	DATA 	Trial 4
121.8165 	DATA 	stimDur = 1.0
121.8165 	DATA 	jitter = 0.78525
121.8165 	DATA 	restDur = 20.0

121.8165 	DATA 	
121.8165 	DATA 	TR 79 | TR1 40 | TR2 39
122.6154 	DATA 	
122.6154 	DATA 	stimulation started
122.6154 	DATA 	
123.3654 	DATA 	Keypress: 5
123.3655 	DATA 	TR 80 | TR1 40 | TR2 40
123.6153 	DATA 	
123.6153 	DATA 	stimulation stopped
123.6153 	DATA 	
124.9318 	DATA 	Keypress: 5
124.9319 	DATA 	TR 81 | TR1 41 | TR2 40
126.4982 	DATA 	Keypress: 5
126.4982 	DATA 	TR 82 | TR1 41 | TR2 41
128.0646 	DATA 	Keypress: 5
128.0646 	DATA 	TR 83 | TR1 42 | TR2 41
129.6143 	DATA 	Keypress: 5
129.6143 	DATA 	TR 84 | TR1 42 | TR2 42
131.1807 	DATA 	Keypress: 5
131.1808 	DATA 	TR 85 | TR1 43 | TR2 42
132.7304 	DATA 	Keypress: 5
132.7304 	DATA 	TR 86 | TR1 43 | TR2 43
134.3135 	DATA 	Keypress: 5
134.3135 	DATA 	TR 87 | TR1 44 | TR2 43
135.8632 	DATA 	Keypress: 5
135.8633 	DATA 	TR 88 | TR1 44 | TR2 44
137.4298 	DATA 	Keypress: 5
137.4299 	DATA 	TR 89 | TR1 45 | TR2 44
138.9794 	DATA 	Keypress: 5
138.9794 	DATA 	TR 90 | TR1 45 | TR2 45
140.5625 	DATA 	Keypress: 5
140.5625 	DATA 	TR 91 | TR1 46 | TR2 45
142.1122 	DATA 	Keypress: 5
142.1122 	DATA 	TR 92 | TR1 46 | TR2 46
143.6119 	DATA 	
143.6119 	DATA 	Trial complete
143.6120 	DATA 	Waiting for VASO trigger to start next trial
143.6120 	DATA 	
143.6787 	DATA 	Keypress: 5
143.6787 	DATA 	Waited 0.06674909591674805 seconds for trigger
143.6795 	DATA 	
143.6795 	DATA 	Trial 5
143.6795 	DATA 	stimDur = 24.0
143.6795 	DATA 	jitter = 1.5705
143.6795 	DATA 	restDur = 40.0

143.6795 	DATA 	
143.6795 	DATA 	TR 93 | TR1 47 | TR2 46
145.2284 	DATA 	Keypress: 5
145.2284 	DATA 	TR 94 | TR1 47 | TR2 47
145.2617 	DATA 	
145.2617 	DATA 	stimulation started
145.2617 	DATA 	
146.7948 	DATA 	Keypress: 5
146.7949 	DATA 	TR 95 | TR1 48 | TR2 47
148.3446 	DATA 	Keypress: 5
148.3446 	DATA 	TR 96 | TR1 48 | TR2 48
149.9277 	DATA 	Keypress: 5
149.9277 	DATA 	TR 97 | TR1 49 | TR2 48
151.4774 	DATA 	Keypress: 5
151.4775 	DATA 	TR 98 | TR1 49 | TR2 49
153.0439 	DATA 	Keypress: 5
153.0439 	DATA 	TR 99 | TR1 50 | TR2 49
154.5936 	DATA 	Keypress: 5
154.5936 	DATA 	TR 100 | TR1 50 | TR2 50
156.1767 	DATA 	Keypress: 5
156.1768 	DATA 	TR 101 | TR1 51 | TR2 50
157.5765 	DATA 	Target presented
157.7264 	DATA 	Keypress: 5
157.7265 	DATA 	TR 102 | TR1 51 | TR2 51
158.0931 	DATA 	Keypress: 1
158.0931 	DATA 	Key1 pressed
158.0931 	DATA 	Target detected
159.2929 	DATA 	Keypress: 5
159.2930 	DATA 	TR 103 | TR1 52 | TR2 51
160.8426 	DATA 	Keypress: 5
160.8427 	DATA 	TR 104 | TR1 52 | TR2 52
162.4098 	DATA 	Keypress: 5
162.4259 	DATA 	TR 105 | TR1 53 | TR2 52
163.9755 	DATA 	Keypress: 5
163.9756 	DATA 	TR 106 | TR1 53 | TR2 53
165.5420 	DATA 	Keypress: 5
165.5421 	DATA 	TR 107 | TR1 54 | TR2 53
167.0917 	DATA 	Keypress: 5
167.0918 	DATA 	TR 108 | TR1 54 | TR2 54
168.6582 	DATA 	Keypress: 5
168.6582 	DATA 	TR 109 | TR1 55 | TR2 54
169.2580 	DATA 	
169.2581 	DATA 	stimulation stopped
169.2581 	DATA 	
170.2079 	DATA 	Keypress: 5
170.2080 	DATA 	TR 110 | TR1 55 | TR2 55
171.7910 	DATA 	Keypress: 5
171.7911 	DATA 	TR 111 | TR1 56 | TR2 55
173.3408 	DATA 	Keypress: 5
173.3408 	DATA 	TR 112 | TR1 56 | TR2 56
174.9072 	DATA 	Keypress: 5
174.9073 	DATA 	TR 113 | TR1 57 | TR2 56
176.4570 	DATA 	Keypress: 5
176.4570 	DATA 	TR 114 | TR1 57 | TR2 57
178.0402 	DATA 	Keypress: 5
178.0402 	DATA 	TR 115 | TR1 58 | TR2 57
179.5899 	DATA 	Keypress: 5
179.5900 	DATA 	TR 116 | TR1 58 | TR2 58
181.1565 	DATA 	Keypress: 5
181.1566 	DATA 	TR 117 | TR1 59 | TR2 58
182.7062 	DATA 	Keypress: 5
182.7062 	DATA 	TR 118 | TR1 59 | TR2 59
184.2727 	DATA 	Keypress: 5
184.2727 	DATA 	TR 119 | TR1 60 | TR2 59
185.8230 	DATA 	Keypress: 5
185.8391 	DATA 	TR 120 | TR1 60 | TR2 60
187.4056 	DATA 	Keypress: 5
187.4056 	DATA 	TR 121 | TR1 61 | TR2 60
188.9553 	DATA 	Keypress: 5
188.9554 	DATA 	TR 122 | TR1 61 | TR2 61
190.5219 	DATA 	Keypress: 5
190.5219 	DATA 	TR 123 | TR1 62 | TR2 61
192.0716 	DATA 	Keypress: 5
192.0717 	DATA 	TR 124 | TR1 62 | TR2 62
193.6548 	DATA 	Keypress: 5
193.6548 	DATA 	TR 125 | TR1 63 | TR2 62
195.2047 	DATA 	Keypress: 5
195.2047 	DATA 	TR 126 | TR1 63 | TR2 63
196.7710 	DATA 	Keypress: 5
196.7711 	DATA 	TR 127 | TR1 64 | TR2 63
198.3209 	DATA 	Keypress: 5
198.3209 	DATA 	TR 128 | TR1 64 | TR2 64
199.8879 	DATA 	Keypress: 5
199.9039 	DATA 	TR 129 | TR1 65 | TR2 64
201.4537 	DATA 	Keypress: 5
201.4538 	DATA 	TR 130 | TR1 65 | TR2 65
203.0203 	DATA 	Keypress: 5
203.0203 	DATA 	TR 131 | TR1 66 | TR2 65
204.5700 	DATA 	Keypress: 5
204.5701 	DATA 	TR 132 | TR1 66 | TR2 66
206.1365 	DATA 	Keypress: 5
206.1366 	DATA 	TR 133 | TR1 67 | TR2 66
207.6863 	DATA 	Keypress: 5
207.6863 	DATA 	TR 134 | TR1 67 | TR2 67
209.2527 	DATA 	
209.2527 	DATA 	Trial complete
209.2528 	DATA 	Waiting for VASO trigger to start next trial
209.2528 	DATA 	
209.2695 	DATA 	Keypress: 5
209.2695 	DATA 	Waited 0.016728878021240234 seconds for trigger
209.2703 	DATA 	
209.2703 	DATA 	Trial 6
209.2703 	DATA 	stimDur = 24.0
209.2703 	DATA 	jitter = 0.0
209.2703 	DATA 	restDur = 40.0

209.2703 	DATA 	
209.2703 	DATA 	TR 135 | TR1 68 | TR2 67
209.2703 	DATA 	
209.2703 	DATA 	stimulation started
209.2703 	DATA 	
210.3194 	DATA 	Target presented
210.8193 	DATA 	Keypress: 5
210.8194 	DATA 	Keypress: 1
210.8194 	DATA 	TR 136 | TR1 68 | TR2 68
210.8194 	DATA 	Key1 pressed
210.8194 	DATA 	Target detected
212.3858 	DATA 	Keypress: 5
212.3858 	DATA 	TR 137 | TR1 69 | TR2 68
213.9356 	DATA 	Keypress: 5
213.9356 	DATA 	TR 138 | TR1 69 | TR2 69
215.5187 	DATA 	Keypress: 5
215.5188 	DATA 	TR 139 | TR1 70 | TR2 69
217.0687 	DATA 	Keypress: 5
217.0688 	DATA 	TR 140 | TR1 70 | TR2 70
218.6351 	DATA 	Keypress: 5
218.6351 	DATA 	TR 141 | TR1 71 | TR2 70
220.1848 	DATA 	Keypress: 5
220.1848 	DATA 	TR 142 | TR1 71 | TR2 71
221.7514 	DATA 	Keypress: 5
221.7515 	DATA 	TR 143 | TR1 72 | TR2 71
223.3177 	DATA 	Keypress: 5
223.3178 	DATA 	TR 144 | TR1 72 | TR2 72
224.8843 	DATA 	Keypress: 5
224.8843 	DATA 	TR 145 | TR1 73 | TR2 72
226.4340 	DATA 	Keypress: 5
226.4341 	DATA 	TR 146 | TR1 73 | TR2 73
228.0007 	DATA 	Keypress: 5
228.0007 	DATA 	TR 147 | TR1 74 | TR2 73
229.5503 	DATA 	Keypress: 5
229.5503 	DATA 	TR 148 | TR1 74 | TR2 74
231.1335 	DATA 	Keypress: 5
231.1336 	DATA 	TR 149 | TR1 75 | TR2 74
232.6833 	DATA 	Keypress: 5
232.6833 	DATA 	TR 150 | TR1 75 | TR2 75
233.2832 	DATA 	
233.2832 	DATA 	stimulation stopped
233.2832 	DATA 	
234.2497 	DATA 	Keypress: 5
234.2498 	DATA 	TR 151 | TR1 76 | TR2 75
235.7995 	DATA 	Keypress: 5
235.7996 	DATA 	TR 152 | TR1 76 | TR2 76
237.3666 	DATA 	Keypress: 5
237.3826 	DATA 	TR 153 | TR1 77 | TR2 76
238.9325 	DATA 	Keypress: 5
238.9325 	DATA 	TR 154 | TR1 77 | TR2 77
240.4990 	DATA 	Keypress: 5
240.4990 	DATA 	TR 155 | TR1 78 | TR2 77
242.0488 	DATA 	Keypress: 5
242.0488 	DATA 	TR 156 | TR1 78 | TR2 78
243.6153 	DATA 	Keypress: 5
243.6154 	DATA 	TR 157 | TR1 79 | TR2 78
245.1657 	DATA 	Keypress: 5
245.1817 	DATA 	TR 158 | TR1 79 | TR2 79
246.7483 	DATA 	Keypress: 5
246.7483 	DATA 	TR 159 | TR1 80 | TR2 79
248.2980 	DATA 	Keypress: 5
248.2981 	DATA 	TR 160 | TR1 80 | TR2 80
249.8646 	DATA 	Keypress: 5
249.8646 	DATA 	TR 161 | TR1 81 | TR2 80
251.4144 	DATA 	Keypress: 5
251.4144 	DATA 	TR 162 | TR1 81 | TR2 81
252.9976 	DATA 	Keypress: 5
252.9976 	DATA 	TR 163 | TR1 82 | TR2 81
254.5473 	DATA 	Keypress: 5
254.5474 	DATA 	TR 164 | TR1 82 | TR2 82
256.1139 	DATA 	Keypress: 5
256.1139 	DATA 	TR 165 | TR1 83 | TR2 82
257.6637 	DATA 	Keypress: 5
257.6637 	DATA 	TR 166 | TR1 83 | TR2 83
259.2302 	DATA 	Keypress: 5
259.2302 	DATA 	TR 167 | TR1 84 | TR2 83
260.7806 	DATA 	Keypress: 5
260.7966 	DATA 	TR 168 | TR1 84 | TR2 84
262.3631 	DATA 	Keypress: 5
262.3632 	DATA 	TR 169 | TR1 85 | TR2 84
263.9129 	DATA 	Keypress: 5
263.9130 	DATA 	TR 170 | TR1 85 | TR2 85
264.9462 	DATA 	Target presented
265.4795 	DATA 	Keypress: 5
265.4795 	DATA 	TR 171 | TR1 86 | TR2 85
265.5628 	DATA 	Keypress: 1
265.5628 	DATA 	Key1 pressed
265.5629 	DATA 	Target detected
267.0292 	DATA 	Keypress: 5
267.0293 	DATA 	TR 172 | TR1 86 | TR2 86
268.6125 	DATA 	Keypress: 5
268.6125 	DATA 	TR 173 | TR1 87 | TR2 86
270.1622 	DATA 	Keypress: 5
270.1623 	DATA 	TR 174 | TR1 87 | TR2 87
271.7288 	DATA 	Keypress: 5
271.7288 	DATA 	TR 175 | TR1 88 | TR2 87
273.2786 	DATA 	Keypress: 5
273.2786 	DATA 	TR 176 | TR1 88 | TR2 88
273.2786 	DATA 	
273.2786 	DATA 	Trial complete
273.2787 	DATA 	Waiting for VASO trigger to start next trial
273.2787 	DATA 	
274.8617 	DATA 	Keypress: 5
274.8618 	DATA 	Waited 1.583132028579712 seconds for trigger
274.8626 	DATA 	
274.8626 	DATA 	Trial 7
274.8626 	DATA 	stimDur = 4.0
274.8626 	DATA 	jitter = 1.5705
274.8626 	DATA 	restDur = 24.0

274.8626 	DATA 	
274.8626 	DATA 	TR 177 | TR1 89 | TR2 88
276.4116 	DATA 	Keypress: 5
276.4116 	DATA 	TR 178 | TR1 89 | TR2 89
276.4449 	DATA 	
276.4450 	DATA 	stimulation started
276.4450 	DATA 	
277.9781 	DATA 	Keypress: 5
277.9782 	DATA 	TR 179 | TR1 90 | TR2 89
279.5279 	DATA 	Keypress: 5
279.5280 	DATA 	TR 180 | TR1 90 | TR2 90
280.4445 	DATA 	
280.4445 	DATA 	stimulation stopped
280.4445 	DATA 	
281.0944 	DATA 	Keypress: 5
281.0944 	DATA 	TR 181 | TR1 91 | TR2 90
282.6443 	DATA 	Keypress: 5
282.6443 	DATA 	TR 182 | TR1 91 | TR2 91
284.2274 	DATA 	Keypress: 5
284.2274 	DATA 	TR 183 | TR1 92 | TR2 91
285.7772 	DATA 	Keypress: 5
285.7773 	DATA 	TR 184 | TR1 92 | TR2 92
287.3437 	DATA 	Keypress: 5
287.3437 	DATA 	TR 185 | TR1 93 | TR2 92
288.8935 	DATA 	Keypress: 5
288.8937 	DATA 	TR 186 | TR1 93 | TR2 93
290.4767 	DATA 	Keypress: 5
290.4767 	DATA 	TR 187 | TR1 94 | TR2 93
292.0266 	DATA 	Keypress: 5
292.0267 	DATA 	TR 188 | TR1 94 | TR2 94
293.5930 	DATA 	Keypress: 5
293.5931 	DATA 	TR 189 | TR1 95 | TR2 94
295.1429 	DATA 	Keypress: 5
295.1430 	DATA 	TR 190 | TR1 95 | TR2 95
296.7094 	DATA 	Keypress: 5
296.7094 	DATA 	TR 191 | TR1 96 | TR2 95
298.2760 	DATA 	Keypress: 5
298.2760 	DATA 	TR 192 | TR1 96 | TR2 96
299.8424 	DATA 	Keypress: 5
299.8424 	DATA 	TR 193 | TR1 97 | TR2 96
301.3922 	DATA 	Keypress: 5
301.3923 	DATA 	TR 194 | TR1 97 | TR2 97
302.9587 	DATA 	Keypress: 5
302.9587 	DATA 	TR 195 | TR1 98 | TR2 97
304.4418 	DATA 	
304.4418 	DATA 	Trial complete
304.4419 	DATA 	Waiting for VASO trigger to start next trial
304.4419 	DATA 	
304.5085 	DATA 	Keypress: 5
304.5086 	DATA 	TR 196 | TR1 98 | TR2 98
306.0917 	DATA 	Keypress: 5
306.0917 	DATA 	Waited 1.6498689651489258 seconds for trigger
306.0925 	DATA 	
306.0925 	DATA 	Trial 8
306.0925 	DATA 	stimDur = 4.0
306.0925 	DATA 	jitter = 0.78525
306.0925 	DATA 	restDur = 24.0

306.0925 	DATA 	
306.0925 	DATA 	TR 197 | TR1 99 | TR2 98
306.8916 	DATA 	
306.8916 	DATA 	stimulation started
306.8916 	DATA 	
307.6418 	DATA 	Keypress: 5
307.6418 	DATA 	TR 198 | TR1 99 | TR2 99
309.2081 	DATA 	Keypress: 5
309.2081 	DATA 	TR 199 | TR1 100 | TR2 99
310.7580 	DATA 	Keypress: 5
310.7580 	DATA 	TR 200 | TR1 100 | TR2 100
310.8912 	DATA 	
310.8912 	DATA 	stimulation stopped
310.8912 	DATA 	
312.3411 	DATA 	Keypress: 5
312.3411 	DATA 	TR 201 | TR1 101 | TR2 100
313.8909 	DATA 	Keypress: 5
313.8910 	DATA 	TR 202 | TR1 101 | TR2 101
315.4574 	DATA 	Keypress: 5
315.4574 	DATA 	TR 203 | TR1 102 | TR2 101
317.0073 	DATA 	Keypress: 5
317.0073 	DATA 	TR 204 | TR1 102 | TR2 102
318.5737 	DATA 	Keypress: 5
318.5737 	DATA 	TR 205 | TR1 103 | TR2 102
320.1242 	DATA 	Keypress: 5
320.1402 	DATA 	TR 206 | TR1 103 | TR2 103
321.7068 	DATA 	Keypress: 5
321.7068 	DATA 	TR 207 | TR1 104 | TR2 103
323.2566 	DATA 	Keypress: 5
323.2567 	DATA 	TR 208 | TR1 104 | TR2 104
324.8231 	DATA 	Keypress: 5
324.8231 	DATA 	TR 209 | TR1 105 | TR2 104
326.3729 	DATA 	Keypress: 5
326.3730 	DATA 	TR 210 | TR1 105 | TR2 105
327.5728 	DATA 	Target presented
327.9561 	DATA 	Keypress: 5
327.9561 	DATA 	TR 211 | TR1 106 | TR2 105
328.2226 	DATA 	Keypress: 1
328.2227 	DATA 	Key1 pressed
328.2227 	DATA 	Target detected
329.5061 	DATA 	Keypress: 5
329.5062 	DATA 	TR 212 | TR1 106 | TR2 106
331.0725 	DATA 	Keypress: 5
331.0725 	DATA 	TR 213 | TR1 107 | TR2 106
332.6223 	DATA 	Keypress: 5
332.6224 	DATA 	TR 214 | TR1 107 | TR2 107
334.1890 	DATA 	Keypress: 5
334.1890 	DATA 	TR 215 | TR1 108 | TR2 107
334.8887 	DATA 	
334.8887 	DATA 	Trial complete
334.8888 	DATA 	Waiting for VASO trigger to start next trial
334.8888 	DATA 	
335.7554 	DATA 	Keypress: 5
335.7554 	DATA 	TR 216 | TR1 108 | TR2 108
337.3218 	DATA 	Keypress: 5
337.3219 	DATA 	Waited 2.4330990314483643 seconds for trigger
337.3226 	DATA 	
337.3226 	DATA 	Trial 9
337.3226 	DATA 	stimDur = 2.0
337.3226 	DATA 	jitter = 0.0
337.3227 	DATA 	restDur = 22.0

337.3227 	DATA 	
337.3227 	DATA 	TR 217 | TR1 109 | TR2 108
337.3227 	DATA 	
337.3227 	DATA 	stimulation started
337.3227 	DATA 	
338.8718 	DATA 	Keypress: 5
338.8718 	DATA 	TR 218 | TR1 109 | TR2 109
339.3383 	DATA 	
339.3383 	DATA 	stimulation stopped
339.3383 	DATA 	
340.4382 	DATA 	Keypress: 5
340.4382 	DATA 	TR 219 | TR1 110 | TR2 109
341.9880 	DATA 	Keypress: 5
341.9881 	DATA 	TR 220 | TR1 110 | TR2 110
343.5712 	DATA 	Keypress: 5
343.5712 	DATA 	TR 221 | TR1 111 | TR2 110
345.1211 	DATA 	Keypress: 5
345.1212 	DATA 	TR 222 | TR1 111 | TR2 111
346.6876 	DATA 	Keypress: 5
346.6876 	DATA 	TR 223 | TR1 112 | TR2 111
348.2375 	DATA 	Keypress: 5
348.2375 	DATA 	TR 224 | TR1 112 | TR2 112
349.8206 	DATA 	Keypress: 5
349.8206 	DATA 	TR 225 | TR1 113 | TR2 112
351.3705 	DATA 	Keypress: 5
351.3705 	DATA 	TR 226 | TR1 113 | TR2 113
352.9370 	DATA 	Keypress: 5
352.9370 	DATA 	TR 227 | TR1 114 | TR2 113
354.4868 	DATA 	Keypress: 5
354.4869 	DATA 	TR 228 | TR1 114 | TR2 114
356.0533 	DATA 	Keypress: 5
356.0533 	DATA 	TR 229 | TR1 115 | TR2 114
357.6199 	DATA 	Keypress: 5
357.6199 	DATA 	TR 230 | TR1 115 | TR2 115
359.1862 	DATA 	Keypress: 5
359.1862 	DATA 	TR 231 | TR1 116 | TR2 115
360.7362 	DATA 	Keypress: 5
360.7363 	DATA 	TR 232 | TR1 116 | TR2 116
361.3361 	DATA 	
361.3361 	DATA 	Trial complete
361.3361 	DATA 	Waiting for VASO trigger to start next trial
361.3361 	DATA 	
362.3027 	DATA 	Keypress: 5
362.3028 	DATA 	Waited 0.9666240215301514 seconds for trigger
362.3035 	DATA 	
362.3035 	DATA 	Trial 10
362.3036 	DATA 	stimDur = 4.0
362.3036 	DATA 	jitter = 0.0
362.3036 	DATA 	restDur = 24.0

362.3036 	DATA 	
362.3036 	DATA 	TR 233 | TR1 117 | TR2 116
362.3036 	DATA 	
362.3036 	DATA 	stimulation started
362.3036 	DATA 	
363.8526 	DATA 	Keypress: 5
363.8527 	DATA 	TR 234 | TR1 117 | TR2 117
365.4358 	DATA 	Keypress: 5
365.4359 	DATA 	TR 235 | TR1 118 | TR2 117
366.3190 	DATA 	
366.3190 	DATA 	stimulation stopped
366.3190 	DATA 	
366.9856 	DATA 	Keypress: 5
366.9857 	DATA 	TR 236 | TR1 118 | TR2 118
368.5521 	DATA 	Keypress: 5
368.5522 	DATA 	TR 237 | TR1 119 | TR2 118
370.1020 	DATA 	Keypress: 5
370.1020 	DATA 	TR 238 | TR1 119 | TR2 119
371.6691 	DATA 	Keypress: 5
371.6851 	DATA 	TR 239 | TR1 120 | TR2 119
373.2351 	DATA 	Keypress: 5
373.2351 	DATA 	TR 240 | TR1 120 | TR2 120
374.8016 	DATA 	Keypress: 5
374.8016 	DATA 	TR 241 | TR1 121 | TR2 120
376.3515 	DATA 	Keypress: 5
376.3516 	DATA 	TR 242 | TR1 121 | TR2 121
377.9179 	DATA 	Keypress: 5
377.9179 	DATA 	TR 243 | TR1 122 | TR2 121
379.4678 	DATA 	Keypress: 5
379.4678 	DATA 	TR 244 | TR1 122 | TR2 122
381.0509 	DATA 	Keypress: 5
381.0509 	DATA 	TR 245 | TR1 123 | TR2 122
382.6008 	DATA 	Keypress: 5
382.6009 	DATA 	TR 246 | TR1 123 | TR2 123
384.1673 	DATA 	Keypress: 5
384.1674 	DATA 	TR 247 | TR1 124 | TR2 123
385.7172 	DATA 	Keypress: 5
385.7172 	DATA 	TR 248 | TR1 124 | TR2 124
387.3003 	DATA 	Keypress: 5
387.3004 	DATA 	TR 249 | TR1 125 | TR2 124
388.8502 	DATA 	Keypress: 5
388.8503 	DATA 	TR 250 | TR1 125 | TR2 125
390.3167 	DATA 	
390.3167 	DATA 	Trial complete
390.3167 	DATA 	Waiting for VASO trigger to start next trial
390.3167 	DATA 	
390.4167 	DATA 	Keypress: 5
390.4168 	DATA 	Waited 0.10002779960632324 seconds for trigger
390.4175 	DATA 	
390.4175 	DATA 	Trial 11
390.4175 	DATA 	stimDur = 4.0
390.4175 	DATA 	jitter = 2.35575
390.4175 	DATA 	restDur = 24.0

390.4175 	DATA 	
390.4176 	DATA 	TR 251 | TR1 126 | TR2 125
391.9666 	DATA 	Keypress: 5
391.9667 	DATA 	TR 252 | TR1 126 | TR2 126
392.7831 	DATA 	
392.7831 	DATA 	stimulation started
392.7831 	DATA 	
393.5331 	DATA 	Keypress: 5
393.5332 	DATA 	TR 253 | TR1 127 | TR2 126
395.0838 	DATA 	Keypress: 5
395.0996 	DATA 	TR 254 | TR1 127 | TR2 127
396.6662 	DATA 	Keypress: 5
396.6662 	DATA 	TR 255 | TR1 128 | TR2 127
396.7827 	DATA 	
396.7828 	DATA 	stimulation stopped
396.7828 	DATA 	
398.2160 	DATA 	Keypress: 5
398.2161 	DATA 	TR 256 | TR1 128 | TR2 128
399.7825 	DATA 	Keypress: 5
399.7826 	DATA 	TR 257 | TR1 129 | TR2 128
401.3324 	DATA 	Keypress: 5
401.3325 	DATA 	TR 258 | TR1 129 | TR2 129
402.5490 	DATA 	Target presented
402.9156 	DATA 	Keypress: 5
402.9156 	DATA 	TR 259 | TR1 130 | TR2 129
403.2322 	DATA 	Keypress: 1
403.2323 	DATA 	Key1 pressed
403.2323 	DATA 	Target detected
404.4655 	DATA 	Keypress: 5
404.4655 	DATA 	TR 260 | TR1 130 | TR2 130
406.0320 	DATA 	Keypress: 5
406.0320 	DATA 	TR 261 | TR1 131 | TR2 130
407.5819 	DATA 	Keypress: 5
407.5819 	DATA 	TR 262 | TR1 131 | TR2 131
409.1650 	DATA 	Keypress: 5
409.1651 	DATA 	TR 263 | TR1 132 | TR2 131
410.7149 	DATA 	Keypress: 5
410.7150 	DATA 	TR 264 | TR1 132 | TR2 132
412.2814 	DATA 	Keypress: 5
412.2814 	DATA 	TR 265 | TR1 133 | TR2 132
413.8313 	DATA 	Keypress: 5
413.8313 	DATA 	TR 266 | TR1 133 | TR2 133
415.3978 	DATA 	Keypress: 5
415.3978 	DATA 	TR 267 | TR1 134 | TR2 133
416.9477 	DATA 	Keypress: 5
416.9477 	DATA 	TR 268 | TR1 134 | TR2 134
418.5308 	DATA 	Keypress: 5
418.5309 	DATA 	TR 269 | TR1 135 | TR2 134
420.0807 	DATA 	Keypress: 5
420.0808 	DATA 	TR 270 | TR1 135 | TR2 135
420.7806 	DATA 	
420.7806 	DATA 	Trial complete
420.7806 	DATA 	Waiting for VASO trigger to start next trial
420.7806 	DATA 	
421.6472 	DATA 	Keypress: 5
421.6473 	DATA 	Waited 0.8666269779205322 seconds for trigger
421.6482 	DATA 	
421.6482 	DATA 	Trial 12
421.6482 	DATA 	stimDur = 2.0
421.6482 	DATA 	jitter = 2.35575
421.6482 	DATA 	restDur = 22.0

421.6482 	DATA 	
421.6482 	DATA 	TR 271 | TR1 136 | TR2 135
423.1971 	DATA 	Keypress: 5
423.1972 	DATA 	TR 272 | TR1 136 | TR2 136
424.0137 	DATA 	
424.0137 	DATA 	stimulation started
424.0137 	DATA 	
424.7804 	DATA 	Keypress: 5
424.7804 	DATA 	TR 273 | TR1 137 | TR2 136
426.0135 	DATA 	
426.0135 	DATA 	stimulation stopped
426.0135 	DATA 	
426.3302 	DATA 	Keypress: 5
426.3302 	DATA 	TR 274 | TR1 137 | TR2 137
427.8967 	DATA 	Keypress: 5
427.8967 	DATA 	TR 275 | TR1 138 | TR2 137
429.4468 	DATA 	Keypress: 5
429.4468 	DATA 	TR 276 | TR1 138 | TR2 138
431.0136 	DATA 	Keypress: 5
431.0297 	DATA 	TR 277 | TR1 139 | TR2 138
432.5796 	DATA 	Keypress: 5
432.5797 	DATA 	TR 278 | TR1 139 | TR2 139
434.1461 	DATA 	Keypress: 5
434.1462 	DATA 	TR 279 | TR1 140 | TR2 139
435.6960 	DATA 	Keypress: 5
435.6961 	DATA 	TR 280 | TR1 140 | TR2 140
437.2625 	DATA 	Keypress: 5
437.2626 	DATA 	TR 281 | TR1 141 | TR2 140
438.8125 	DATA 	Keypress: 5
438.8125 	DATA 	TR 282 | TR1 141 | TR2 141
440.3956 	DATA 	Keypress: 5
440.3956 	DATA 	TR 283 | TR1 142 | TR2 141
441.9455 	DATA 	Keypress: 5
441.9455 	DATA 	TR 284 | TR1 142 | TR2 142
443.5120 	DATA 	Keypress: 5
443.5120 	DATA 	TR 285 | TR1 143 | TR2 142
443.6620 	DATA 	Target presented
444.1621 	DATA 	Keypress: 1
444.1621 	DATA 	Key1 pressed
444.1621 	DATA 	Target detected
445.0616 	DATA 	Keypress: 5
445.0617 	DATA 	TR 286 | TR1 143 | TR2 143
446.6450 	DATA 	Keypress: 5
446.6451 	DATA 	TR 287 | TR1 144 | TR2 143
448.0116 	DATA 	
448.0116 	DATA 	Trial complete
448.0116 	DATA 	Waiting for VASO trigger to start next trial
448.0116 	DATA 	
448.1949 	DATA 	Keypress: 5
448.1950 	DATA 	TR 288 | TR1 144 | TR2 144
449.7614 	DATA 	Keypress: 5
449.7615 	DATA 	Waited 1.74989914894104 seconds for trigger
449.7623 	DATA 	
449.7623 	DATA 	Trial 13
449.7623 	DATA 	stimDur = 2.0
449.7623 	DATA 	jitter = 1.5705
449.7623 	DATA 	restDur = 22.0

449.7623 	DATA 	
449.7623 	DATA 	TR 289 | TR1 145 | TR2 144
451.3113 	DATA 	Keypress: 5
451.3114 	DATA 	TR 290 | TR1 145 | TR2 145
451.3446 	DATA 	
451.3446 	DATA 	stimulation started
451.3446 	DATA 	
452.8779 	DATA 	Keypress: 5
452.8779 	DATA 	TR 291 | TR1 146 | TR2 145
453.3445 	DATA 	
453.3445 	DATA 	stimulation stopped
453.3445 	DATA 	
454.4283 	DATA 	Keypress: 5
454.4443 	DATA 	TR 292 | TR1 146 | TR2 146
456.0109 	DATA 	Keypress: 5
456.0109 	DATA 	TR 293 | TR1 147 | TR2 146
457.5608 	DATA 	Keypress: 5
457.5608 	DATA 	TR 294 | TR1 147 | TR2 147
459.1273 	DATA 	Keypress: 5
459.1273 	DATA 	TR 295 | TR1 148 | TR2 147
460.6772 	DATA 	Keypress: 5
460.6772 	DATA 	TR 296 | TR1 148 | TR2 148
462.2604 	DATA 	Keypress: 5
462.2604 	DATA 	TR 297 | TR1 149 | TR2 148
463.8102 	DATA 	Keypress: 5
463.8103 	DATA 	TR 298 | TR1 149 | TR2 149
465.3768 	DATA 	Keypress: 5
465.3768 	DATA 	TR 299 | TR1 150 | TR2 149
466.9266 	DATA 	Keypress: 5
466.9267 	DATA 	TR 300 | TR1 150 | TR2 150
468.4932 	DATA 	Keypress: 5
468.4932 	DATA 	TR 301 | TR1 151 | TR2 150
470.0597 	DATA 	Keypress: 5
470.0598 	DATA 	TR 302 | TR1 151 | TR2 151
471.6262 	DATA 	Keypress: 5
471.6263 	DATA 	TR 303 | TR1 152 | TR2 151
473.1760 	DATA 	Keypress: 5
473.1760 	DATA 	TR 304 | TR1 152 | TR2 152
474.7426 	DATA 	Keypress: 5
474.7427 	DATA 	TR 305 | TR1 153 | TR2 152
475.3426 	DATA 	
475.3426 	DATA 	Trial complete
475.3426 	DATA 	Waiting for VASO trigger to start next trial
475.3426 	DATA 	
476.2925 	DATA 	Keypress: 5
476.2925 	DATA 	TR 306 | TR1 153 | TR2 153
477.8757 	DATA 	Keypress: 5
477.8758 	DATA 	Waited 2.5331759452819824 seconds for trigger
477.8766 	DATA 	
477.8766 	DATA 	Trial 14
477.8766 	DATA 	stimDur = 24.0
477.8766 	DATA 	jitter = 2.35575
477.8766 	DATA 	restDur = 40.0

477.8766 	DATA 	
477.8766 	DATA 	TR 307 | TR1 154 | TR2 153
479.4258 	DATA 	Keypress: 5
479.4258 	DATA 	TR 308 | TR1 154 | TR2 154
480.2422 	DATA 	
480.2422 	DATA 	stimulation started
480.2422 	DATA 	
480.9922 	DATA 	Keypress: 5
480.9922 	DATA 	TR 309 | TR1 155 | TR2 154
482.5421 	DATA 	Keypress: 5
482.5421 	DATA 	TR 310 | TR1 155 | TR2 155
484.1253 	DATA 	Keypress: 5
484.1253 	DATA 	TR 311 | TR1 156 | TR2 155
485.6751 	DATA 	Keypress: 5
485.6752 	DATA 	TR 312 | TR1 156 | TR2 156
487.2418 	DATA 	Keypress: 5
487.2418 	DATA 	TR 313 | TR1 157 | TR2 156
488.7916 	DATA 	Keypress: 5
488.7916 	DATA 	TR 314 | TR1 157 | TR2 157
490.3582 	DATA 	Keypress: 5
490.3582 	DATA 	TR 315 | TR1 158 | TR2 157
491.9087 	DATA 	Keypress: 5
491.9246 	DATA 	TR 316 | TR1 158 | TR2 158
493.4912 	DATA 	Keypress: 5
493.4912 	DATA 	TR 317 | TR1 159 | TR2 158
495.0410 	DATA 	Keypress: 5
495.0411 	DATA 	TR 318 | TR1 159 | TR2 159
496.6075 	DATA 	Keypress: 5
496.6076 	DATA 	TR 319 | TR1 160 | TR2 159
498.1574 	DATA 	Keypress: 5
498.1575 	DATA 	TR 320 | TR1 160 | TR2 160
499.7407 	DATA 	Keypress: 5
499.7408 	DATA 	TR 321 | TR1 161 | TR2 160
501.2905 	DATA 	Keypress: 5
501.2905 	DATA 	TR 322 | TR1 161 | TR2 161
502.8569 	DATA 	Keypress: 5
502.8570 	DATA 	TR 323 | TR1 162 | TR2 161
504.2402 	DATA 	
504.2402 	DATA 	stimulation stopped
504.2402 	DATA 	
504.4068 	DATA 	Keypress: 5
504.4068 	DATA 	TR 324 | TR1 162 | TR2 162
505.9738 	DATA 	Keypress: 5
505.9900 	DATA 	TR 325 | TR1 163 | TR2 162
507.5398 	DATA 	Keypress: 5
507.5398 	DATA 	TR 326 | TR1 163 | TR2 163
509.1063 	DATA 	Keypress: 5
509.1064 	DATA 	TR 327 | TR1 164 | TR2 163
510.6561 	DATA 	Keypress: 5
510.6562 	DATA 	TR 328 | TR1 164 | TR2 164
512.2226 	DATA 	Keypress: 5
512.2227 	DATA 	TR 329 | TR1 165 | TR2 164
513.0892 	DATA 	Target presented
513.5892 	DATA 	Keypress: 1
513.5892 	DATA 	Key1 pressed
513.5892 	DATA 	Target detected
513.7724 	DATA 	Keypress: 5
513.7725 	DATA 	TR 330 | TR1 165 | TR2 165
515.3557 	DATA 	Keypress: 5
515.3557 	DATA 	TR 331 | TR1 166 | TR2 165
516.9056 	DATA 	Keypress: 5
516.9057 	DATA 	TR 332 | TR1 166 | TR2 166
518.4720 	DATA 	Keypress: 5
518.4721 	DATA 	TR 333 | TR1 167 | TR2 166
520.0218 	DATA 	Keypress: 5
520.0219 	DATA 	TR 334 | TR1 167 | TR2 167
521.6051 	DATA 	Keypress: 5
521.6051 	DATA 	TR 335 | TR1 168 | TR2 167
523.1549 	DATA 	Keypress: 5
523.1549 	DATA 	TR 336 | TR1 168 | TR2 168
524.7214 	DATA 	Keypress: 5
524.7215 	DATA 	TR 337 | TR1 169 | TR2 168
526.2713 	DATA 	Keypress: 5
526.2713 	DATA 	TR 338 | TR1 169 | TR2 169
527.8378 	DATA 	Keypress: 5
527.8378 	DATA 	TR 339 | TR1 170 | TR2 169
529.4043 	DATA 	Keypress: 5
529.4043 	DATA 	TR 340 | TR1 170 | TR2 170
530.9708 	DATA 	Keypress: 5
530.9709 	DATA 	TR 341 | TR1 171 | TR2 170
532.5208 	DATA 	Keypress: 5
532.5208 	DATA 	TR 342 | TR1 171 | TR2 171
534.0872 	DATA 	Keypress: 5
534.0872 	DATA 	TR 343 | TR1 172 | TR2 171
535.6370 	DATA 	Keypress: 5
535.6371 	DATA 	TR 344 | TR1 172 | TR2 172
537.2202 	DATA 	Keypress: 5
537.2203 	DATA 	TR 345 | TR1 173 | TR2 172
538.7701 	DATA 	Keypress: 5
538.7701 	DATA 	TR 346 | TR1 173 | TR2 173
540.3367 	DATA 	Keypress: 5
540.3368 	DATA 	TR 347 | TR1 174 | TR2 173
541.8864 	DATA 	Keypress: 5
541.8865 	DATA 	TR 348 | TR1 174 | TR2 174
543.4696 	DATA 	Keypress: 5
543.4697 	DATA 	TR 349 | TR1 175 | TR2 174
544.2362 	DATA 	
544.2362 	DATA 	Trial complete
544.2362 	DATA 	Waiting for VASO trigger to start next trial
544.2362 	DATA 	
545.0195 	DATA 	Keypress: 5
545.0195 	DATA 	TR 350 | TR1 175 | TR2 175
546.5860 	DATA 	Keypress: 5
546.5861 	DATA 	Waited 2.3498599529266357 seconds for trigger
546.5868 	DATA 	
546.5869 	DATA 	Trial 15
546.5869 	DATA 	stimDur = 1.0
546.5869 	DATA 	jitter = 2.35575
546.5869 	DATA 	restDur = 20.0

546.5869 	DATA 	
546.5869 	DATA 	TR 351 | TR1 176 | TR2 175
548.1358 	DATA 	Keypress: 5
548.1359 	DATA 	TR 352 | TR1 176 | TR2 176
548.9524 	DATA 	
548.9524 	DATA 	stimulation started
548.9524 	DATA 	
549.7025 	DATA 	Keypress: 5
549.7026 	DATA 	TR 353 | TR1 177 | TR2 176
549.9523 	DATA 	
549.9524 	DATA 	stimulation stopped
549.9524 	DATA 	
551.2528 	DATA 	Keypress: 5
551.2688 	DATA 	TR 354 | TR1 177 | TR2 177
552.8354 	DATA 	Keypress: 5
552.8355 	DATA 	TR 355 | TR1 178 | TR2 177
554.3853 	DATA 	Keypress: 5
554.3853 	DATA 	TR 356 | TR1 178 | TR2 178
555.9518 	DATA 	Keypress: 5
555.9519 	DATA 	TR 357 | TR1 179 | TR2 178
557.5016 	DATA 	Keypress: 5
557.5017 	DATA 	TR 358 | TR1 179 | TR2 179
559.0848 	DATA 	Keypress: 5
559.0848 	DATA 	TR 359 | TR1 180 | TR2 179
560.6347 	DATA 	Keypress: 5
560.6347 	DATA 	TR 360 | TR1 180 | TR2 180
562.2012 	DATA 	Keypress: 5
562.2013 	DATA 	TR 361 | TR1 181 | TR2 180
562.6845 	DATA 	Target presented
563.3011 	DATA 	Keypress: 1
563.3012 	DATA 	Key1 pressed
563.3012 	DATA 	Target detected
563.7510 	DATA 	Keypress: 5
563.7511 	DATA 	TR 362 | TR1 181 | TR2 181
565.3182 	DATA 	Keypress: 5
565.3342 	DATA 	TR 363 | TR1 182 | TR2 181
566.8841 	DATA 	Keypress: 5
566.8842 	DATA 	TR 364 | TR1 182 | TR2 182
568.4506 	DATA 	Keypress: 5
568.4507 	DATA 	TR 365 | TR1 183 | TR2 182
569.9504 	DATA 	
569.9504 	DATA 	Trial complete
569.9504 	DATA 	Waiting for VASO trigger to start next trial
569.9504 	DATA 	
570.0006 	DATA 	Keypress: 5
570.0006 	DATA 	TR 366 | TR1 183 | TR2 183
571.5670 	DATA 	Keypress: 5
571.5670 	DATA 	Waited 1.616576910018921 seconds for trigger
571.5678 	DATA 	
571.5678 	DATA 	Trial 16
571.5678 	DATA 	stimDur = 12.0
571.5678 	DATA 	jitter = 0.0
571.5678 	DATA 	restDur = 30.0

571.5678 	DATA 	
571.5678 	DATA 	TR 367 | TR1 184 | TR2 183
571.5678 	DATA 	
571.5678 	DATA 	stimulation started
571.5678 	DATA 	
573.1168 	DATA 	Keypress: 5
573.1169 	DATA 	TR 368 | TR1 184 | TR2 184
574.7000 	DATA 	Keypress: 5
574.7001 	DATA 	TR 369 | TR1 185 | TR2 184
576.2499 	DATA 	Keypress: 5
576.2499 	DATA 	TR 370 | TR1 185 | TR2 185
577.8166 	DATA 	Keypress: 5
577.8166 	DATA 	TR 371 | TR1 186 | TR2 185
579.3662 	DATA 	Keypress: 5
579.3663 	DATA 	TR 372 | TR1 186 | TR2 186
580.9494 	DATA 	Keypress: 5
580.9495 	DATA 	TR 373 | TR1 187 | TR2 186
582.4993 	DATA 	Keypress: 5
582.4993 	DATA 	TR 374 | TR1 187 | TR2 187
583.5824 	DATA 	
583.5824 	DATA 	stimulation stopped
583.5824 	DATA 	
584.0659 	DATA 	Keypress: 5
584.0660 	DATA 	TR 375 | TR1 188 | TR2 187
585.6155 	DATA 	Keypress: 5
585.6156 	DATA 	TR 376 | TR1 188 | TR2 188
587.1821 	DATA 	Keypress: 5
587.1821 	DATA 	TR 377 | TR1 189 | TR2 188
588.7325 	DATA 	Keypress: 5
588.7485 	DATA 	TR 378 | TR1 189 | TR2 189
590.3151 	DATA 	Keypress: 5
590.3152 	DATA 	TR 379 | TR1 190 | TR2 189
591.8649 	DATA 	Keypress: 5
591.8650 	DATA 	TR 380 | TR1 190 | TR2 190
593.4315 	DATA 	Keypress: 5
593.4315 	DATA 	TR 381 | TR1 191 | TR2 190
594.9813 	DATA 	Keypress: 5
594.9813 	DATA 	TR 382 | TR1 191 | TR2 191
596.5647 	DATA 	Keypress: 5
596.5647 	DATA 	TR 383 | TR1 192 | TR2 191
598.1143 	DATA 	Keypress: 5
598.1144 	DATA 	TR 384 | TR1 192 | TR2 192
599.6809 	DATA 	Keypress: 5
599.6809 	DATA 	TR 385 | TR1 193 | TR2 192
601.2307 	DATA 	Keypress: 5
601.2307 	DATA 	TR 386 | TR1 193 | TR2 193
602.7978 	DATA 	Keypress: 5
602.8138 	DATA 	TR 387 | TR1 194 | TR2 193
604.3637 	DATA 	Keypress: 5
604.3638 	DATA 	TR 388 | TR1 194 | TR2 194
605.9303 	DATA 	Keypress: 5
605.9303 	DATA 	TR 389 | TR1 195 | TR2 194
607.4801 	DATA 	Keypress: 5
607.4801 	DATA 	TR 390 | TR1 195 | TR2 195
609.0466 	DATA 	Keypress: 5
609.0467 	DATA 	TR 391 | TR1 196 | TR2 195
610.5965 	DATA 	Keypress: 5
610.5965 	DATA 	TR 392 | TR1 196 | TR2 196
612.1797 	DATA 	Keypress: 5
612.1797 	DATA 	TR 393 | TR1 197 | TR2 196
613.5795 	DATA 	
613.5795 	DATA 	Trial complete
613.5795 	DATA 	Waiting for VASO trigger to start next trial
613.5795 	DATA 	
613.7295 	DATA 	Keypress: 5
613.7295 	DATA 	TR 394 | TR1 197 | TR2 197
615.2960 	DATA 	Keypress: 5
615.2961 	DATA 	Waited 1.7165839672088623 seconds for trigger
615.2968 	DATA 	
615.2969 	DATA 	Trial 17
615.2969 	DATA 	stimDur = 12.0
615.2969 	DATA 	jitter = 0.78525
615.2969 	DATA 	restDur = 30.0

615.2969 	DATA 	
615.2969 	DATA 	TR 395 | TR1 198 | TR2 197
616.0959 	DATA 	
616.0959 	DATA 	stimulation started
616.0959 	DATA 	
616.8459 	DATA 	Keypress: 5
616.8460 	DATA 	TR 396 | TR1 198 | TR2 198
618.4291 	DATA 	Keypress: 5
618.4292 	DATA 	TR 397 | TR1 199 | TR2 198
619.9790 	DATA 	Keypress: 5
619.9790 	DATA 	TR 398 | TR1 199 | TR2 199
621.5455 	DATA 	Keypress: 5
621.5455 	DATA 	TR 399 | TR1 200 | TR2 199
623.0953 	DATA 	Keypress: 5
623.0954 	DATA 	TR 400 | TR1 200 | TR2 200
624.6619 	DATA 	Keypress: 5
624.6619 	DATA 	TR 401 | TR1 201 | TR2 200
626.2124 	DATA 	Keypress: 5
626.2283 	DATA 	TR 402 | TR1 201 | TR2 201
627.7949 	DATA 	Keypress: 5
627.7950 	DATA 	TR 403 | TR1 202 | TR2 201
628.0948 	DATA 	
628.0948 	DATA 	stimulation stopped
628.0948 	DATA 	
629.3447 	DATA 	Keypress: 5
629.3447 	DATA 	TR 404 | TR1 202 | TR2 202
630.9112 	DATA 	Keypress: 5
630.9113 	DATA 	TR 405 | TR1 203 | TR2 202
632.4610 	DATA 	Keypress: 5
632.4611 	DATA 	TR 406 | TR1 203 | TR2 203
634.0443 	DATA 	Keypress: 5
634.0443 	DATA 	TR 407 | TR1 204 | TR2 203
635.5941 	DATA 	Keypress: 5
635.5941 	DATA 	TR 408 | TR1 204 | TR2 204
636.0274 	DATA 	Target presented
636.5107 	DATA 	Keypress: 1
636.5107 	DATA 	Key1 pressed
636.5107 	DATA 	Target detected
637.1606 	DATA 	Keypress: 5
637.1606 	DATA 	TR 409 | TR1 205 | TR2 204
638.7104 	DATA 	Keypress: 5
638.7105 	DATA 	TR 410 | TR1 205 | TR2 205
640.2936 	DATA 	Keypress: 5
640.2937 	DATA 	TR 411 | TR1 206 | TR2 205
641.8434 	DATA 	Keypress: 5
641.8435 	DATA 	TR 412 | TR1 206 | TR2 206
643.4101 	DATA 	Keypress: 5
643.4102 	DATA 	TR 413 | TR1 207 | TR2 206
644.9598 	DATA 	Keypress: 5
644.9599 	DATA 	TR 414 | TR1 207 | TR2 207
646.5263 	DATA 	Keypress: 5
646.5264 	DATA 	TR 415 | TR1 208 | TR2 207
648.0762 	DATA 	Keypress: 5
648.0762 	DATA 	TR 416 | TR1 208 | TR2 208
649.6594 	DATA 	Keypress: 5
649.6594 	DATA 	TR 417 | TR1 209 | TR2 208
651.2092 	DATA 	Keypress: 5
651.2092 	DATA 	TR 418 | TR1 209 | TR2 209
652.7757 	DATA 	Keypress: 5
652.7758 	DATA 	TR 419 | TR1 210 | TR2 209
654.3256 	DATA 	Keypress: 5
654.3256 	DATA 	TR 420 | TR1 210 | TR2 210
655.9088 	DATA 	Keypress: 5
655.9088 	DATA 	TR 421 | TR1 211 | TR2 210
657.4586 	DATA 	Keypress: 5
657.4586 	DATA 	TR 422 | TR1 211 | TR2 211
658.0918 	DATA 	
658.0918 	DATA 	Trial complete
658.0919 	DATA 	Waiting for VASO trigger to start next trial
658.0919 	DATA 	
659.0251 	DATA 	Keypress: 5
659.0252 	DATA 	Waited 0.9332990646362305 seconds for trigger
659.0259 	DATA 	
659.0259 	DATA 	Trial 18
659.0259 	DATA 	stimDur = 12.0
659.0259 	DATA 	jitter = 2.35575
659.0259 	DATA 	restDur = 30.0

659.0260 	DATA 	
659.0260 	DATA 	TR 423 | TR1 212 | TR2 211
660.5749 	DATA 	Keypress: 5
660.5750 	DATA 	TR 424 | TR1 212 | TR2 212
661.3915 	DATA 	
661.3915 	DATA 	stimulation started
661.3915 	DATA 	
662.1416 	DATA 	Keypress: 5
662.1416 	DATA 	TR 425 | TR1 213 | TR2 212
663.7080 	DATA 	Keypress: 5
663.7081 	DATA 	TR 426 | TR1 213 | TR2 213
665.2745 	DATA 	Keypress: 5
665.2746 	DATA 	TR 427 | TR1 214 | TR2 213
666.8244 	DATA 	Keypress: 5
666.8244 	DATA 	TR 428 | TR1 214 | TR2 214
668.3909 	DATA 	Keypress: 5
668.3910 	DATA 	TR 429 | TR1 215 | TR2 214
669.9408 	DATA 	Keypress: 5
669.9408 	DATA 	TR 430 | TR1 215 | TR2 215
671.5240 	DATA 	Keypress: 5
671.5240 	DATA 	TR 431 | TR1 216 | TR2 215
673.0734 	DATA 	Keypress: 5
673.0734 	DATA 	TR 432 | TR1 216 | TR2 216
673.3904 	DATA 	
673.3904 	DATA 	stimulation stopped
673.3904 	DATA 	
674.6400 	DATA 	Keypress: 5
674.6401 	DATA 	TR 433 | TR1 217 | TR2 216
676.1901 	DATA 	Keypress: 5
676.1902 	DATA 	TR 434 | TR1 217 | TR2 217
677.7733 	DATA 	Keypress: 5
677.7734 	DATA 	TR 435 | TR1 218 | TR2 217
679.3231 	DATA 	Keypress: 5
679.3232 	DATA 	TR 436 | TR1 218 | TR2 218
680.8897 	DATA 	Keypress: 5
680.8897 	DATA 	TR 437 | TR1 219 | TR2 218
682.4395 	DATA 	Keypress: 5
682.4395 	DATA 	TR 438 | TR1 219 | TR2 219
684.0062 	DATA 	Keypress: 5
684.0062 	DATA 	TR 439 | TR1 220 | TR2 219
685.5562 	DATA 	Keypress: 5
685.5562 	DATA 	TR 440 | TR1 220 | TR2 220
687.1391 	DATA 	Keypress: 5
687.1391 	DATA 	TR 441 | TR1 221 | TR2 220
688.6889 	DATA 	Keypress: 5
688.6890 	DATA 	TR 442 | TR1 221 | TR2 221
689.6555 	DATA 	Target presented
690.2055 	DATA 	Keypress: 1
690.2055 	DATA 	Key1 pressed
690.2055 	DATA 	Target detected
690.2554 	DATA 	Keypress: 5
690.2555 	DATA 	TR 443 | TR1 222 | TR2 221
691.8053 	DATA 	Keypress: 5
691.8053 	DATA 	TR 444 | TR1 222 | TR2 222
693.3885 	DATA 	Keypress: 5
693.3886 	DATA 	TR 445 | TR1 223 | TR2 222
694.9383 	DATA 	Keypress: 5
694.9384 	DATA 	TR 446 | TR1 223 | TR2 223
696.5049 	DATA 	Keypress: 5
696.5049 	DATA 	TR 447 | TR1 224 | TR2 223
698.0547 	DATA 	Keypress: 5
698.0548 	DATA 	TR 448 | TR1 224 | TR2 224
699.6213 	DATA 	Keypress: 5
699.6213 	DATA 	TR 449 | TR1 225 | TR2 224
701.1878 	DATA 	Keypress: 5
701.1878 	DATA 	TR 450 | TR1 225 | TR2 225
702.7543 	DATA 	Keypress: 5
702.7544 	DATA 	TR 451 | TR1 226 | TR2 225
703.3875 	DATA 	
703.3875 	DATA 	Trial complete
703.3876 	DATA 	Waiting for VASO trigger to start next trial
703.3876 	DATA 	
704.3042 	DATA 	Keypress: 5
704.3042 	DATA 	TR 452 | TR1 226 | TR2 226
705.8707 	DATA 	Keypress: 5
705.8708 	DATA 	Waited 2.4832019805908203 seconds for trigger
705.8715 	DATA 	
705.8715 	DATA 	Trial 19
705.8715 	DATA 	stimDur = 2.0
705.8715 	DATA 	jitter = 0.78525
705.8715 	DATA 	restDur = 22.0

705.8716 	DATA 	
705.8716 	DATA 	TR 453 | TR1 227 | TR2 226
706.6706 	DATA 	
706.6706 	DATA 	stimulation started
706.6706 	DATA 	
707.4206 	DATA 	Keypress: 5
707.4206 	DATA 	TR 454 | TR1 227 | TR2 227
708.6704 	DATA 	
708.6704 	DATA 	stimulation stopped
708.6704 	DATA 	
709.0037 	DATA 	Keypress: 5
709.0038 	DATA 	TR 455 | TR1 228 | TR2 227
710.5537 	DATA 	Keypress: 5
710.5537 	DATA 	TR 456 | TR1 228 | TR2 228
712.1201 	DATA 	Keypress: 5
712.1202 	DATA 	TR 457 | TR1 229 | TR2 228
713.6699 	DATA 	Keypress: 5
713.6700 	DATA 	TR 458 | TR1 229 | TR2 229
715.2532 	DATA 	Keypress: 5
715.2532 	DATA 	TR 459 | TR1 230 | TR2 229
716.8030 	DATA 	Keypress: 5
716.8031 	DATA 	TR 460 | TR1 230 | TR2 230
718.3696 	DATA 	Keypress: 5
718.3696 	DATA 	TR 461 | TR1 231 | TR2 230
719.9194 	DATA 	Keypress: 5
719.9194 	DATA 	TR 462 | TR1 231 | TR2 231
721.4860 	DATA 	Keypress: 5
721.4860 	DATA 	TR 463 | TR1 232 | TR2 231
723.0524 	DATA 	Keypress: 5
723.0525 	DATA 	TR 464 | TR1 232 | TR2 232
724.6190 	DATA 	Keypress: 5
724.6190 	DATA 	TR 465 | TR1 233 | TR2 232
726.1688 	DATA 	Keypress: 5
726.1689 	DATA 	TR 466 | TR1 233 | TR2 233
727.7353 	DATA 	Keypress: 5
727.7354 	DATA 	TR 467 | TR1 234 | TR2 233
729.2852 	DATA 	Keypress: 5
729.2853 	DATA 	TR 468 | TR1 234 | TR2 234
730.2851 	DATA 	Target presented
730.6684 	DATA 	
730.6684 	DATA 	Trial complete
730.6684 	DATA 	
730.8184 	DATA 	Keypress: 1
730.8184 	DATA 	Key1 pressed
730.8185 	DATA 	Target detected
730.8684 	DATA 	Keypress: 5
730.8684 	DATA 	Waited 27.480878829956055 seconds for trigger
730.8692 	DATA 	
730.8692 	DATA 	Trial 20
730.8692 	DATA 	stimDur = 24.0
730.8692 	DATA 	jitter = 0.78525
730.8692 	DATA 	restDur = 40.0

730.8692 	DATA 	
730.8692 	DATA 	TR 469 | TR1 235 | TR2 234
731.6683 	DATA 	
731.6683 	DATA 	stimulation started
731.6683 	DATA 	
732.4183 	DATA 	Keypress: 5
732.4184 	DATA 	TR 470 | TR1 235 | TR2 235
733.9848 	DATA 	Keypress: 5
733.9849 	DATA 	TR 471 | TR1 236 | TR2 235
735.5347 	DATA 	Keypress: 5
735.5348 	DATA 	TR 472 | TR1 236 | TR2 236
737.1019 	DATA 	Keypress: 5
737.1179 	DATA 	TR 473 | TR1 237 | TR2 236
738.6678 	DATA 	Keypress: 5
738.6678 	DATA 	TR 474 | TR1 237 | TR2 237
740.2343 	DATA 	Keypress: 5
740.2343 	DATA 	TR 475 | TR1 238 | TR2 237
741.7842 	DATA 	Keypress: 5
741.7842 	DATA 	TR 476 | TR1 238 | TR2 238
743.3507 	DATA 	Keypress: 5
743.3507 	DATA 	TR 477 | TR1 239 | TR2 238
744.9006 	DATA 	Keypress: 5
744.9006 	DATA 	TR 478 | TR1 239 | TR2 239
746.4837 	DATA 	Keypress: 5
746.4838 	DATA 	TR 479 | TR1 240 | TR2 239
748.0337 	DATA 	Keypress: 5
748.0338 	DATA 	TR 480 | TR1 240 | TR2 240
749.6003 	DATA 	Keypress: 5
749.6003 	DATA 	TR 481 | TR1 241 | TR2 240
751.1500 	DATA 	Keypress: 5
751.1501 	DATA 	TR 482 | TR1 241 | TR2 241
752.7332 	DATA 	Keypress: 5
752.7333 	DATA 	TR 483 | TR1 242 | TR2 241
754.2831 	DATA 	Keypress: 5
754.2831 	DATA 	TR 484 | TR1 242 | TR2 242
755.6662 	DATA 	
755.6662 	DATA 	stimulation stopped
755.6662 	DATA 	
755.8495 	DATA 	Keypress: 5
755.8496 	DATA 	TR 485 | TR1 243 | TR2 242
757.3994 	DATA 	Keypress: 5
757.3995 	DATA 	TR 486 | TR1 243 | TR2 243
758.9659 	DATA 	Keypress: 5
758.9659 	DATA 	TR 487 | TR1 244 | TR2 243
760.5164 	DATA 	Keypress: 5
760.5324 	DATA 	TR 488 | TR1 244 | TR2 244
762.0990 	DATA 	Keypress: 5
762.0990 	DATA 	TR 489 | TR1 245 | TR2 244
763.6489 	DATA 	Keypress: 5
763.6489 	DATA 	TR 490 | TR1 245 | TR2 245
765.2154 	DATA 	Keypress: 5
765.2154 	DATA 	TR 491 | TR1 246 | TR2 245
766.7652 	DATA 	Keypress: 5
766.7653 	DATA 	TR 492 | TR1 246 | TR2 246
768.3484 	DATA 	Keypress: 5
768.3485 	DATA 	TR 493 | TR1 247 | TR2 246
769.8983 	DATA 	Keypress: 5
769.8984 	DATA 	TR 494 | TR1 247 | TR2 247
771.4649 	DATA 	Keypress: 5
771.4649 	DATA 	TR 495 | TR1 248 | TR2 247
773.0148 	DATA 	Keypress: 5
773.0148 	DATA 	TR 496 | TR1 248 | TR2 248
774.5979 	DATA 	Keypress: 5
774.5980 	DATA 	TR 497 | TR1 249 | TR2 248
776.1478 	DATA 	Keypress: 5
776.1479 	DATA 	TR 498 | TR1 249 | TR2 249
777.7143 	DATA 	Keypress: 5
777.7144 	DATA 	TR 499 | TR1 250 | TR2 249
779.2642 	DATA 	Keypress: 5
779.2643 	DATA 	TR 500 | TR1 250 | TR2 250
780.8307 	DATA 	Keypress: 5
780.8307 	DATA 	TR 501 | TR1 251 | TR2 250
782.3806 	DATA 	Keypress: 5
782.3807 	DATA 	TR 502 | TR1 251 | TR2 251
783.9638 	DATA 	Keypress: 5
783.9638 	DATA 	TR 503 | TR1 252 | TR2 251
785.5136 	DATA 	Keypress: 5
785.5137 	DATA 	TR 504 | TR1 252 | TR2 252
787.0802 	DATA 	Keypress: 5
787.0802 	DATA 	TR 505 | TR1 253 | TR2 252
788.6301 	DATA 	Keypress: 5
788.6301 	DATA 	TR 506 | TR1 253 | TR2 253
790.2132 	DATA 	Keypress: 5
790.2133 	DATA 	TR 507 | TR1 254 | TR2 253
791.7632 	DATA 	Keypress: 5
791.7632 	DATA 	TR 508 | TR1 254 | TR2 254
793.3296 	DATA 	Keypress: 5
793.3297 	DATA 	TR 509 | TR1 255 | TR2 254
794.8795 	DATA 	Keypress: 5
794.8796 	DATA 	TR 510 | TR1 255 | TR2 255
795.6628 	DATA 	
795.6628 	DATA 	Trial complete
795.6628 	DATA 	
796.4461 	DATA 	Keypress: 5
796.4461 	DATA 	TR 511 | TR1 256 | TR2 255
798.0126 	DATA 	Keypress: 5
798.0127 	DATA 	TR 512 | TR1 256 | TR2 256
799.5791 	DATA 	Keypress: 5
799.5792 	DATA 	TR 513 | TR1 257 | TR2 256
801.1290 	DATA 	Keypress: 5
801.1291 	DATA 	TR 514 | TR1 257 | TR2 257
802.6955 	DATA 	Keypress: 5
802.6956 	DATA 	TR 515 | TR1 258 | TR2 257
804.2454 	DATA 	Keypress: 5
804.2455 	DATA 	TR 516 | TR1 258 | TR2 258
805.8286 	DATA 	Keypress: 5
805.8286 	DATA 	TR 517 | TR1 259 | TR2 258
807.3785 	DATA 	Keypress: 5
807.3785 	DATA 	TR 518 | TR1 259 | TR2 259
808.9450 	DATA 	Keypress: 5
808.9451 	DATA 	TR 519 | TR1 260 | TR2 259
810.4949 	DATA 	Keypress: 5
810.4950 	DATA 	TR 520 | TR1 260 | TR2 260
812.0781 	DATA 	Keypress: 5
812.0781 	DATA 	TR 521 | TR1 261 | TR2 260
813.6280 	DATA 	Keypress: 5
813.6280 	DATA 	TR 522 | TR1 261 | TR2 261
815.1945 	DATA 	Keypress: 5
815.1945 	DATA 	TR 523 | TR1 262 | TR2 261
816.7444 	DATA 	Keypress: 5
816.7445 	DATA 	TR 524 | TR1 262 | TR2 262
823.7604 	DATA 	EndOfRun sub-05_ses-05_run-03

823.7604 	DATA 	We spent 53.18883395195007 seconds waiting for triggers
823.7604 	DATA 	RatioOfDetectedTargets 1.0
823.7605 	DATA 	You have detected 12 out of 12 targets.
828.7901 	EXP 	window1: mouseVisible = True
