MonitorDistance=99cm
MonitorWidth=30cm
PixelWidth=1024.0
PixelHeight=768.0
You have detected 11 out of 12 targets.
Well done! Keep up the good work
14.6502 	INFO 	Loaded monitor calibration from ['2021_05_26 17:55']
15.1279 	EXP 	Created window1 = Window(allowGUI=False, allowStencil=False, autoLog=True, backendConf=UNKNOWN, bitsMode=UNKNOWN, blendMode='avg', bpc=(8, 8, 8), color=array([-0.5, -0.5, -0.5]), colorSpace='rgb', depthBits=8, fullscr=<method-wrapper '__getattribute__' of attributeSetter object at 0x7f8ab6bc8390>, gamma=None, gammaErrorPolicy='raise', lms=UNKNOWN, monitor=<psychopy.monitors.calibTools.Monitor object at 0x7f8aac967048>, multiSample=False, name='window1', numSamples=2, pos=[0.0, 0.0], screen=0, size=array([1024,  768]), stencilBits=0, stereo=False, units='deg', useFBO=False, useRetina=False, viewOri=0.0, viewPos=None, viewScale=None, waitBlanking=True, winType='pyglet')
15.1279 	EXP 	window1: mouseVisible = True
15.1847 	EXP 	Created unnamed TextStim = TextStim(__class__=<class 'psychopy.visual.text.TextStim'>, alignHoriz=method-wrapper(...), alignText='center', alignVert=method-wrapper(...), anchorHoriz='center', anchorVert='center', antialias=True, autoLog=True, bold=False, color=array([1., 1., 1.]), colorSpace='rgb', contrast=1.0, depth=0, flipHoriz=False, flipVert=False, font='', fontFiles=[], height=0.5, italic=False, languageStyle='LTR', name='unnamed TextStim', opacity=1.0, ori=0.0, pos=array([0., 0.]), rgb=UNKNOWN, text=str(...), units='deg', win=Window(...), wrapWidth=15.0)
15.2153 	EXP 	Created Movie Frame 0 = ImageStim(__class__=<class 'psychopy.visual.image.ImageStim'>, autoLog=True, color=array([0.8, 0.8, 0.8]), colorSpace='rgb', contrast=0.8, depth=0, flipHoriz=False, flipVert=False, image='visual_0.png', interpolate=False, mask=None, maskParams=None, name='Movie Frame 0', opacity=1, ori=0.0, pos=array([0., 0.]), size=array([1024,  768]), texRes=128, units='pix', win=Window(...))
15.2389 	EXP 	Created Movie Frame 1 = ImageStim(__class__=<class 'psychopy.visual.image.ImageStim'>, autoLog=True, color=array([0.8, 0.8, 0.8]), colorSpace='rgb', contrast=0.8, depth=0, flipHoriz=False, flipVert=False, image='visual_1.png', interpolate=False, mask=None, maskParams=None, name='Movie Frame 1', opacity=1, ori=0.0, pos=array([0., 0.]), size=array([1024,  768]), texRes=128, units='pix', win=Window(...))
42.3430 	DATA 	Keypress: 5
0.0000 	DATA 	StartOfRun sub-05_ses-05_run-05
0.0000 	DATA 	TR 1 | TR1 1 | TR2 0
0.0036 	DATA 	Initial baseline

1.5500 	DATA 	Keypress: 5
1.5501 	DATA 	TR 2 | TR1 1 | TR2 1
3.1224 	DATA 	Keypress: 5
3.1224 	DATA 	TR 3 | TR1 2 | TR2 1
4.6736 	DATA 	Keypress: 5
4.6737 	DATA 	TR 4 | TR1 2 | TR2 2
6.2458 	DATA 	Keypress: 5
6.2458 	DATA 	TR 5 | TR1 3 | TR2 2
7.7970 	DATA 	Keypress: 5
7.7970 	DATA 	TR 6 | TR1 3 | TR2 3
9.3692 	DATA 	Keypress: 5
9.3693 	DATA 	TR 7 | TR1 4 | TR2 3
10.9205 	DATA 	Keypress: 5
10.9206 	DATA 	TR 8 | TR1 4 | TR2 4
12.4927 	DATA 	Keypress: 5
12.4927 	DATA 	TR 9 | TR1 5 | TR2 4
14.0439 	DATA 	Keypress: 5
14.0439 	DATA 	TR 10 | TR1 5 | TR2 5
15.6161 	DATA 	Keypress: 5
15.6161 	DATA 	TR 11 | TR1 6 | TR2 5
17.1673 	DATA 	Keypress: 5
17.1673 	DATA 	TR 12 | TR1 6 | TR2 6
18.7394 	DATA 	Keypress: 5
18.7394 	DATA 	TR 13 | TR1 7 | TR2 6
20.2906 	DATA 	Keypress: 5
20.2906 	DATA 	TR 14 | TR1 7 | TR2 7
21.8629 	DATA 	Keypress: 5
21.8630 	DATA 	TR 15 | TR1 8 | TR2 7
23.4141 	DATA 	Keypress: 5
23.4142 	DATA 	TR 16 | TR1 8 | TR2 8
24.9863 	DATA 	Keypress: 5
24.9864 	DATA 	TR 17 | TR1 9 | TR2 8
26.5376 	DATA 	Keypress: 5
26.5376 	DATA 	TR 18 | TR1 9 | TR2 9
28.1099 	DATA 	Keypress: 5
28.1099 	DATA 	TR 19 | TR1 10 | TR2 9
29.6610 	DATA 	Keypress: 5
29.6610 	DATA 	TR 20 | TR1 10 | TR2 10
31.2359 	DATA 	Keypress: 5
31.2360 	DATA 	Waited 1.2359800338745117 seconds for trigger
31.2374 	DATA 	
31.2374 	DATA 	Trial 1
31.2374 	DATA 	stimDur = 1.0
31.2374 	DATA 	jitter = 0.0
31.2374 	DATA 	restDur = 20.0

31.2374 	DATA 	
31.2375 	DATA 	TR 21 | TR1 11 | TR2 10
31.2375 	DATA 	
31.2375 	DATA 	stimulation started
31.2375 	DATA 	
32.2525 	DATA 	
32.2525 	DATA 	stimulation stopped
32.2525 	DATA 	
32.7860 	DATA 	Keypress: 5
32.7860 	DATA 	TR 22 | TR1 11 | TR2 11
34.3691 	DATA 	Keypress: 5
34.3692 	DATA 	TR 23 | TR1 12 | TR2 11
35.9190 	DATA 	Keypress: 5
35.9191 	DATA 	TR 24 | TR1 12 | TR2 12
37.4854 	DATA 	Keypress: 5
37.4855 	DATA 	TR 25 | TR1 13 | TR2 12
39.0353 	DATA 	Keypress: 5
39.0354 	DATA 	TR 26 | TR1 13 | TR2 13
40.6185 	DATA 	Keypress: 5
40.6185 	DATA 	TR 27 | TR1 14 | TR2 13
42.1684 	DATA 	Keypress: 5
42.1685 	DATA 	TR 28 | TR1 14 | TR2 14
43.7349 	DATA 	Keypress: 5
43.7350 	DATA 	TR 29 | TR1 15 | TR2 14
45.2848 	DATA 	Keypress: 5
45.2849 	DATA 	TR 30 | TR1 15 | TR2 15
46.8513 	DATA 	Keypress: 5
46.8514 	DATA 	TR 31 | TR1 16 | TR2 15
48.4019 	DATA 	Keypress: 5
48.4179 	DATA 	TR 32 | TR1 16 | TR2 16
49.9844 	DATA 	Keypress: 5
49.9845 	DATA 	TR 33 | TR1 17 | TR2 16
51.5344 	DATA 	Keypress: 5
51.5344 	DATA 	TR 34 | TR1 17 | TR2 17
52.2509 	DATA 	
52.2509 	DATA 	Trial complete
52.2509 	DATA 	Waiting for VASO trigger to start next trial
52.2509 	DATA 	
53.1009 	DATA 	Keypress: 5
53.1009 	DATA 	Waited 0.8499698638916016 seconds for trigger
53.1017 	DATA 	
53.1017 	DATA 	Trial 2
53.1017 	DATA 	stimDur = 1.0
53.1017 	DATA 	jitter = 1.5705
53.1017 	DATA 	restDur = 20.0

53.1017 	DATA 	
53.1017 	DATA 	TR 35 | TR1 18 | TR2 17
54.6508 	DATA 	Keypress: 5
54.6508 	DATA 	TR 36 | TR1 18 | TR2 18
54.6841 	DATA 	
54.6841 	DATA 	stimulation started
54.6841 	DATA 	
55.6840 	DATA 	
55.6840 	DATA 	stimulation stopped
55.6840 	DATA 	
56.2340 	DATA 	Keypress: 5
56.2340 	DATA 	TR 37 | TR1 19 | TR2 18
57.7838 	DATA 	Keypress: 5
57.7839 	DATA 	TR 38 | TR1 19 | TR2 19
59.3504 	DATA 	Keypress: 5
59.3504 	DATA 	TR 39 | TR1 20 | TR2 19
60.9002 	DATA 	Keypress: 5
60.9003 	DATA 	TR 40 | TR1 20 | TR2 20
62.4674 	DATA 	Keypress: 5
62.4834 	DATA 	TR 41 | TR1 21 | TR2 20
64.0333 	DATA 	Keypress: 5
64.0334 	DATA 	TR 42 | TR1 21 | TR2 21
65.5999 	DATA 	Keypress: 5
65.6000 	DATA 	TR 43 | TR1 22 | TR2 21
67.1498 	DATA 	Keypress: 5
67.1498 	DATA 	TR 44 | TR1 22 | TR2 22
68.7163 	DATA 	Keypress: 5
68.7164 	DATA 	TR 45 | TR1 23 | TR2 22
70.2662 	DATA 	Keypress: 5
70.2662 	DATA 	TR 46 | TR1 23 | TR2 23
71.8494 	DATA 	Keypress: 5
71.8495 	DATA 	TR 47 | TR1 24 | TR2 23
73.3993 	DATA 	Keypress: 5
73.3993 	DATA 	TR 48 | TR1 24 | TR2 24
74.9659 	DATA 	Keypress: 5
74.9659 	DATA 	TR 49 | TR1 25 | TR2 24
75.6821 	DATA 	
75.6821 	DATA 	Trial complete
75.6821 	DATA 	Waiting for VASO trigger to start next trial
75.6821 	DATA 	
76.5157 	DATA 	Keypress: 5
76.5158 	DATA 	TR 50 | TR1 25 | TR2 25
78.0990 	DATA 	Keypress: 5
78.0990 	DATA 	Waited 2.4168858528137207 seconds for trigger
78.0998 	DATA 	
78.0998 	DATA 	Trial 3
78.0998 	DATA 	stimDur = 12.0
78.0998 	DATA 	jitter = 1.5705
78.0998 	DATA 	restDur = 30.0

78.0998 	DATA 	
78.0998 	DATA 	TR 51 | TR1 26 | TR2 25
79.6488 	DATA 	Keypress: 5
79.6489 	DATA 	TR 52 | TR1 26 | TR2 26
79.6821 	DATA 	
79.6821 	DATA 	stimulation started
79.6821 	DATA 	
81.2154 	DATA 	Keypress: 5
81.2155 	DATA 	TR 53 | TR1 27 | TR2 26
82.7653 	DATA 	Keypress: 5
82.7653 	DATA 	TR 54 | TR1 27 | TR2 27
84.3320 	DATA 	Keypress: 5
84.3320 	DATA 	TR 55 | TR1 28 | TR2 27
85.8824 	DATA 	Keypress: 5
85.8983 	DATA 	TR 56 | TR1 28 | TR2 28
87.4649 	DATA 	Keypress: 5
87.4650 	DATA 	TR 57 | TR1 29 | TR2 28
89.0148 	DATA 	Keypress: 5
89.0148 	DATA 	TR 58 | TR1 29 | TR2 29
90.5814 	DATA 	Keypress: 5
90.5814 	DATA 	TR 59 | TR1 30 | TR2 29
91.6812 	DATA 	
91.6812 	DATA 	stimulation stopped
91.6812 	DATA 	
92.1312 	DATA 	Keypress: 5
92.1312 	DATA 	TR 60 | TR1 30 | TR2 30
93.7144 	DATA 	Keypress: 5
93.7145 	DATA 	TR 61 | TR1 31 | TR2 30
95.2642 	DATA 	Keypress: 5
95.2643 	DATA 	TR 62 | TR1 31 | TR2 31
96.8308 	DATA 	Keypress: 5
96.8309 	DATA 	TR 63 | TR1 32 | TR2 31
98.3807 	DATA 	Keypress: 5
98.3807 	DATA 	TR 64 | TR1 32 | TR2 32
98.4974 	DATA 	Target presented
98.9979 	DATA 	Keypress: 1
99.0140 	DATA 	Key1 pressed
99.0140 	DATA 	Target detected
99.9478 	DATA 	Keypress: 5
99.9639 	DATA 	TR 65 | TR1 33 | TR2 32
101.5137 	DATA 	Keypress: 5
101.5138 	DATA 	TR 66 | TR1 33 | TR2 33
103.0803 	DATA 	Keypress: 5
103.0804 	DATA 	TR 67 | TR1 34 | TR2 33
104.6302 	DATA 	Keypress: 5
104.6303 	DATA 	TR 68 | TR1 34 | TR2 34
106.1968 	DATA 	Keypress: 5
106.1968 	DATA 	TR 69 | TR1 35 | TR2 34
107.7466 	DATA 	Keypress: 5
107.7467 	DATA 	TR 70 | TR1 35 | TR2 35
109.3299 	DATA 	Keypress: 5
109.3299 	DATA 	TR 71 | TR1 36 | TR2 35
110.8797 	DATA 	Keypress: 5
110.8798 	DATA 	TR 72 | TR1 36 | TR2 36
112.4463 	DATA 	Keypress: 5
112.4463 	DATA 	TR 73 | TR1 37 | TR2 36
113.9962 	DATA 	Keypress: 5
113.9962 	DATA 	TR 74 | TR1 37 | TR2 37
115.5794 	DATA 	Keypress: 5
115.5794 	DATA 	TR 75 | TR1 38 | TR2 37
117.1292 	DATA 	Keypress: 5
117.1293 	DATA 	TR 76 | TR1 38 | TR2 38
118.6958 	DATA 	Keypress: 5
118.6958 	DATA 	TR 77 | TR1 39 | TR2 38
120.2457 	DATA 	Keypress: 5
120.2457 	DATA 	TR 78 | TR1 39 | TR2 39
121.6789 	DATA 	
121.6789 	DATA 	Trial complete
121.6789 	DATA 	Waiting for VASO trigger to start next trial
121.6789 	DATA 	
121.8122 	DATA 	Keypress: 5
121.8123 	DATA 	Waited 0.13337182998657227 seconds for trigger
121.8130 	DATA 	
121.8130 	DATA 	Trial 4
121.8130 	DATA 	stimDur = 1.0
121.8130 	DATA 	jitter = 0.78525
121.8131 	DATA 	restDur = 20.0

121.8131 	DATA 	
121.8131 	DATA 	TR 79 | TR1 40 | TR2 39
122.6121 	DATA 	
122.6121 	DATA 	stimulation started
122.6121 	DATA 	
123.3630 	DATA 	Keypress: 5
123.3788 	DATA 	TR 80 | TR1 40 | TR2 40
123.6121 	DATA 	
123.6121 	DATA 	stimulation stopped
123.6121 	DATA 	
124.9454 	DATA 	Keypress: 5
124.9454 	DATA 	TR 81 | TR1 41 | TR2 40
126.4953 	DATA 	Keypress: 5
126.4954 	DATA 	TR 82 | TR1 41 | TR2 41
128.0618 	DATA 	Keypress: 5
128.0618 	DATA 	TR 83 | TR1 42 | TR2 41
129.6116 	DATA 	Keypress: 5
129.6116 	DATA 	TR 84 | TR1 42 | TR2 42
131.1947 	DATA 	Keypress: 5
131.1947 	DATA 	TR 85 | TR1 43 | TR2 42
132.7447 	DATA 	Keypress: 5
132.7447 	DATA 	TR 86 | TR1 43 | TR2 43
134.3113 	DATA 	Keypress: 5
134.3113 	DATA 	TR 87 | TR1 44 | TR2 43
135.8611 	DATA 	Keypress: 5
135.8612 	DATA 	TR 88 | TR1 44 | TR2 44
137.4444 	DATA 	Keypress: 5
137.4444 	DATA 	TR 89 | TR1 45 | TR2 44
138.9942 	DATA 	Keypress: 5
138.9943 	DATA 	TR 90 | TR1 45 | TR2 45
140.5608 	DATA 	Keypress: 5
140.5608 	DATA 	TR 91 | TR1 46 | TR2 45
142.1106 	DATA 	Keypress: 5
142.1107 	DATA 	TR 92 | TR1 46 | TR2 46
143.6105 	DATA 	
143.6105 	DATA 	Trial complete
143.6105 	DATA 	Waiting for VASO trigger to start next trial
143.6105 	DATA 	
143.6772 	DATA 	Keypress: 5
143.6773 	DATA 	Waited 0.06672811508178711 seconds for trigger
143.6780 	DATA 	
143.6780 	DATA 	Trial 5
143.6780 	DATA 	stimDur = 24.0
143.6780 	DATA 	jitter = 1.5705
143.6781 	DATA 	restDur = 40.0

143.6781 	DATA 	
143.6781 	DATA 	TR 93 | TR1 47 | TR2 46
145.2269 	DATA 	Keypress: 5
145.2270 	DATA 	TR 94 | TR1 47 | TR2 47
145.2604 	DATA 	
145.2604 	DATA 	stimulation started
145.2604 	DATA 	
145.9771 	DATA 	Target presented
146.6271 	DATA 	Keypress: 1
146.6271 	DATA 	Key1 pressed
146.6271 	DATA 	Target detected
146.8103 	DATA 	Keypress: 5
146.8103 	DATA 	TR 95 | TR1 48 | TR2 47
148.3602 	DATA 	Keypress: 5
148.3603 	DATA 	TR 96 | TR1 48 | TR2 48
149.9268 	DATA 	Keypress: 5
149.9269 	DATA 	TR 97 | TR1 49 | TR2 48
151.4767 	DATA 	Keypress: 5
151.4767 	DATA 	TR 98 | TR1 49 | TR2 49
153.0599 	DATA 	Keypress: 5
153.0599 	DATA 	TR 99 | TR1 50 | TR2 49
154.6097 	DATA 	Keypress: 5
154.6098 	DATA 	TR 100 | TR1 50 | TR2 50
156.1763 	DATA 	Keypress: 5
156.1764 	DATA 	TR 101 | TR1 51 | TR2 50
157.7262 	DATA 	Keypress: 5
157.7263 	DATA 	TR 102 | TR1 51 | TR2 51
159.2928 	DATA 	Keypress: 5
159.2928 	DATA 	TR 103 | TR1 52 | TR2 51
160.8593 	DATA 	Keypress: 5
160.8593 	DATA 	TR 104 | TR1 52 | TR2 52
162.4259 	DATA 	Keypress: 5
162.4259 	DATA 	TR 105 | TR1 53 | TR2 52
163.9757 	DATA 	Keypress: 5
163.9758 	DATA 	TR 106 | TR1 53 | TR2 53
165.5424 	DATA 	Keypress: 5
165.5424 	DATA 	TR 107 | TR1 54 | TR2 53
167.0923 	DATA 	Keypress: 5
167.0923 	DATA 	TR 108 | TR1 54 | TR2 54
168.6754 	DATA 	Keypress: 5
168.6754 	DATA 	TR 109 | TR1 55 | TR2 54
169.2586 	DATA 	
169.2586 	DATA 	stimulation stopped
169.2586 	DATA 	
170.2252 	DATA 	Keypress: 5
170.2252 	DATA 	TR 110 | TR1 55 | TR2 55
171.7917 	DATA 	Keypress: 5
171.7918 	DATA 	TR 111 | TR1 56 | TR2 55
173.3414 	DATA 	Keypress: 5
173.3415 	DATA 	TR 112 | TR1 56 | TR2 56
174.9248 	DATA 	Keypress: 5
174.9249 	DATA 	TR 113 | TR1 57 | TR2 56
176.4747 	DATA 	Keypress: 5
176.4747 	DATA 	TR 114 | TR1 57 | TR2 57
178.0412 	DATA 	Keypress: 5
178.0413 	DATA 	TR 115 | TR1 58 | TR2 57
179.5911 	DATA 	Keypress: 5
179.5912 	DATA 	TR 116 | TR1 58 | TR2 58
181.1577 	DATA 	Keypress: 5
181.1577 	DATA 	TR 117 | TR1 59 | TR2 58
182.7081 	DATA 	Keypress: 5
182.7242 	DATA 	TR 118 | TR1 59 | TR2 59
184.2908 	DATA 	Keypress: 5
184.2908 	DATA 	TR 119 | TR1 60 | TR2 59
185.8406 	DATA 	Keypress: 5
185.8407 	DATA 	TR 120 | TR1 60 | TR2 60
187.4072 	DATA 	Keypress: 5
187.4072 	DATA 	TR 121 | TR1 61 | TR2 60
188.9571 	DATA 	Keypress: 5
188.9571 	DATA 	TR 122 | TR1 61 | TR2 61
190.5403 	DATA 	Keypress: 5
190.5403 	DATA 	TR 123 | TR1 62 | TR2 61
192.0901 	DATA 	Keypress: 5
192.0902 	DATA 	TR 124 | TR1 62 | TR2 62
192.9734 	DATA 	Target presented
193.4401 	DATA 	Keypress: 1
193.4401 	DATA 	Key1 pressed
193.4402 	DATA 	Target detected
193.6567 	DATA 	Keypress: 5
193.6567 	DATA 	TR 125 | TR1 63 | TR2 62
195.2066 	DATA 	Keypress: 5
195.2066 	DATA 	TR 126 | TR1 63 | TR2 63
196.7738 	DATA 	Keypress: 5
196.7898 	DATA 	TR 127 | TR1 64 | TR2 63
198.3398 	DATA 	Keypress: 5
198.3399 	DATA 	TR 128 | TR1 64 | TR2 64
199.9063 	DATA 	Keypress: 5
199.9063 	DATA 	TR 129 | TR1 65 | TR2 64
201.4561 	DATA 	Keypress: 5
201.4562 	DATA 	TR 130 | TR1 65 | TR2 65
203.0227 	DATA 	Keypress: 5
203.0227 	DATA 	TR 131 | TR1 66 | TR2 65
204.5725 	DATA 	Keypress: 5
204.5726 	DATA 	TR 132 | TR1 66 | TR2 66
206.1558 	DATA 	Keypress: 5
206.1558 	DATA 	TR 133 | TR1 67 | TR2 66
207.7056 	DATA 	Keypress: 5
207.7057 	DATA 	TR 134 | TR1 67 | TR2 67
209.2555 	DATA 	
209.2555 	DATA 	Trial complete
209.2555 	DATA 	Waiting for VASO trigger to start next trial
209.2555 	DATA 	
209.2722 	DATA 	Keypress: 5
209.2723 	DATA 	Waited 0.0167391300201416 seconds for trigger
209.2730 	DATA 	
209.2730 	DATA 	Trial 6
209.2730 	DATA 	stimDur = 24.0
209.2730 	DATA 	jitter = 0.0
209.2730 	DATA 	restDur = 40.0

209.2730 	DATA 	
209.2731 	DATA 	TR 135 | TR1 68 | TR2 67
209.2731 	DATA 	
209.2731 	DATA 	stimulation started
209.2731 	DATA 	
210.8223 	DATA 	Keypress: 5
210.8223 	DATA 	TR 136 | TR1 68 | TR2 68
212.4053 	DATA 	Keypress: 5
212.4054 	DATA 	TR 137 | TR1 69 | TR2 68
213.9552 	DATA 	Keypress: 5
213.9552 	DATA 	TR 138 | TR1 69 | TR2 69
215.5218 	DATA 	Keypress: 5
215.5218 	DATA 	TR 139 | TR1 70 | TR2 69
217.0716 	DATA 	Keypress: 5
217.0717 	DATA 	TR 140 | TR1 70 | TR2 70
218.6382 	DATA 	Keypress: 5
218.6383 	DATA 	TR 141 | TR1 71 | TR2 70
220.1888 	DATA 	Keypress: 5
220.2047 	DATA 	TR 142 | TR1 71 | TR2 71
221.7716 	DATA 	Keypress: 5
221.7716 	DATA 	TR 143 | TR1 72 | TR2 71
223.3212 	DATA 	Keypress: 5
223.3212 	DATA 	TR 144 | TR1 72 | TR2 72
224.8877 	DATA 	Keypress: 5
224.8878 	DATA 	TR 145 | TR1 73 | TR2 72
226.4376 	DATA 	Keypress: 5
226.4376 	DATA 	TR 146 | TR1 73 | TR2 73
228.0210 	DATA 	Keypress: 5
228.0210 	DATA 	TR 147 | TR1 74 | TR2 73
229.5707 	DATA 	Keypress: 5
229.5707 	DATA 	TR 148 | TR1 74 | TR2 74
231.1373 	DATA 	Keypress: 5
231.1373 	DATA 	TR 149 | TR1 75 | TR2 74
232.6871 	DATA 	Keypress: 5
232.6871 	DATA 	TR 150 | TR1 75 | TR2 75
233.2870 	DATA 	
233.2870 	DATA 	stimulation stopped
233.2871 	DATA 	
234.2542 	DATA 	Keypress: 5
234.2703 	DATA 	TR 151 | TR1 76 | TR2 75
235.8202 	DATA 	Keypress: 5
235.8202 	DATA 	TR 152 | TR1 76 | TR2 76
237.3867 	DATA 	Keypress: 5
237.3868 	DATA 	TR 153 | TR1 77 | TR2 76
238.9366 	DATA 	Keypress: 5
238.9366 	DATA 	TR 154 | TR1 77 | TR2 77
240.5032 	DATA 	Keypress: 5
240.5032 	DATA 	TR 155 | TR1 78 | TR2 77
242.0530 	DATA 	Keypress: 5
242.0530 	DATA 	TR 156 | TR1 78 | TR2 78
243.6363 	DATA 	Keypress: 5
243.6363 	DATA 	TR 157 | TR1 79 | TR2 78
245.1862 	DATA 	Keypress: 5
245.1863 	DATA 	TR 158 | TR1 79 | TR2 79
246.7527 	DATA 	Keypress: 5
246.7527 	DATA 	TR 159 | TR1 80 | TR2 79
248.2194 	DATA 	Target presented
248.3026 	DATA 	Keypress: 5
248.3026 	DATA 	TR 160 | TR1 80 | TR2 80
248.9525 	DATA 	Keypress: 1
248.9526 	DATA 	Key1 pressed
248.9526 	DATA 	Target detected
249.8858 	DATA 	Keypress: 5
249.8858 	DATA 	TR 161 | TR1 81 | TR2 80
251.4356 	DATA 	Keypress: 5
251.4357 	DATA 	TR 162 | TR1 81 | TR2 81
253.0022 	DATA 	Keypress: 5
253.0023 	DATA 	TR 163 | TR1 82 | TR2 81
254.5521 	DATA 	Keypress: 5
254.5521 	DATA 	TR 164 | TR1 82 | TR2 82
256.1187 	DATA 	Keypress: 5
256.1187 	DATA 	TR 165 | TR1 83 | TR2 82
257.6852 	DATA 	Keypress: 5
257.6852 	DATA 	TR 166 | TR1 83 | TR2 83
259.2518 	DATA 	Keypress: 5
259.2518 	DATA 	TR 167 | TR1 84 | TR2 83
260.8016 	DATA 	Keypress: 5
260.8017 	DATA 	TR 168 | TR1 84 | TR2 84
262.3680 	DATA 	Keypress: 5
262.3680 	DATA 	TR 169 | TR1 85 | TR2 84
263.9181 	DATA 	Keypress: 5
263.9181 	DATA 	TR 170 | TR1 85 | TR2 85
265.5013 	DATA 	Keypress: 5
265.5013 	DATA 	TR 171 | TR1 86 | TR2 85
267.0511 	DATA 	Keypress: 5
267.0512 	DATA 	TR 172 | TR1 86 | TR2 86
268.6177 	DATA 	Keypress: 5
268.6178 	DATA 	TR 173 | TR1 87 | TR2 86
270.1677 	DATA 	Keypress: 5
270.1677 	DATA 	TR 174 | TR1 87 | TR2 87
271.7508 	DATA 	Keypress: 5
271.7509 	DATA 	TR 175 | TR1 88 | TR2 87
273.2840 	DATA 	
273.2840 	DATA 	Trial complete
273.2840 	DATA 	Waiting for VASO trigger to start next trial
273.2840 	DATA 	
273.3007 	DATA 	Keypress: 5
273.3007 	DATA 	TR 176 | TR1 88 | TR2 88
274.8674 	DATA 	Keypress: 5
274.8674 	DATA 	Waited 1.583432912826538 seconds for trigger
274.8682 	DATA 	
274.8682 	DATA 	Trial 7
274.8682 	DATA 	stimDur = 4.0
274.8682 	DATA 	jitter = 1.5705
274.8682 	DATA 	restDur = 24.0

274.8682 	DATA 	
274.8682 	DATA 	TR 177 | TR1 89 | TR2 88
276.4171 	DATA 	Keypress: 5
276.4172 	DATA 	TR 178 | TR1 89 | TR2 89
276.4504 	DATA 	
276.4504 	DATA 	stimulation started
276.4504 	DATA 	
277.9838 	DATA 	Keypress: 5
277.9838 	DATA 	TR 179 | TR1 90 | TR2 89
279.5337 	DATA 	Keypress: 5
279.5338 	DATA 	TR 180 | TR1 90 | TR2 90
280.4502 	DATA 	
280.4502 	DATA 	stimulation stopped
280.4502 	DATA 	
281.1168 	DATA 	Keypress: 5
281.1168 	DATA 	TR 181 | TR1 91 | TR2 90
282.6666 	DATA 	Keypress: 5
282.6667 	DATA 	TR 182 | TR1 91 | TR2 91
284.2332 	DATA 	Keypress: 5
284.2333 	DATA 	TR 183 | TR1 92 | TR2 91
285.7831 	DATA 	Keypress: 5
285.7831 	DATA 	TR 184 | TR1 92 | TR2 92
287.3664 	DATA 	Keypress: 5
287.3665 	DATA 	TR 185 | TR1 93 | TR2 92
288.9162 	DATA 	Keypress: 5
288.9163 	DATA 	TR 186 | TR1 93 | TR2 93
290.4827 	DATA 	Keypress: 5
290.4827 	DATA 	TR 187 | TR1 94 | TR2 93
292.0326 	DATA 	Keypress: 5
292.0326 	DATA 	TR 188 | TR1 94 | TR2 94
293.5992 	DATA 	Keypress: 5
293.5992 	DATA 	TR 189 | TR1 95 | TR2 94
295.1657 	DATA 	Keypress: 5
295.1657 	DATA 	TR 190 | TR1 95 | TR2 95
296.7323 	DATA 	Keypress: 5
296.7323 	DATA 	TR 191 | TR1 96 | TR2 95
298.2821 	DATA 	Keypress: 5
298.2822 	DATA 	TR 192 | TR1 96 | TR2 96
299.8487 	DATA 	Keypress: 5
299.8487 	DATA 	TR 193 | TR1 97 | TR2 96
301.3985 	DATA 	Keypress: 5
301.3986 	DATA 	TR 194 | TR1 97 | TR2 97
302.9818 	DATA 	Keypress: 5
302.9818 	DATA 	TR 195 | TR1 98 | TR2 97
303.1484 	DATA 	Target presented
303.9150 	DATA 	Keypress: 1
303.9151 	DATA 	Key1 pressed
303.9151 	DATA 	Target detected
304.4483 	DATA 	
304.4483 	DATA 	Trial complete
304.4483 	DATA 	Waiting for VASO trigger to start next trial
304.4483 	DATA 	
304.5318 	DATA 	Keypress: 5
304.5318 	DATA 	TR 196 | TR1 98 | TR2 98
306.0982 	DATA 	Keypress: 5
306.0983 	DATA 	Waited 1.649954080581665 seconds for trigger
306.0990 	DATA 	
306.0991 	DATA 	Trial 8
306.0991 	DATA 	stimDur = 4.0
306.0991 	DATA 	jitter = 0.78525
306.0991 	DATA 	restDur = 24.0

306.0991 	DATA 	
306.0991 	DATA 	TR 197 | TR1 99 | TR2 98
306.8982 	DATA 	
306.8982 	DATA 	stimulation started
306.8982 	DATA 	
307.6482 	DATA 	Keypress: 5
307.6482 	DATA 	TR 198 | TR1 99 | TR2 99
309.2154 	DATA 	Keypress: 5
309.2315 	DATA 	TR 199 | TR1 100 | TR2 99
310.7813 	DATA 	Keypress: 5
310.7813 	DATA 	TR 200 | TR1 100 | TR2 100
310.8979 	DATA 	
310.8979 	DATA 	stimulation stopped
310.8979 	DATA 	
312.3477 	DATA 	Keypress: 5
312.3478 	DATA 	TR 201 | TR1 101 | TR2 100
313.8977 	DATA 	Keypress: 5
313.8977 	DATA 	TR 202 | TR1 101 | TR2 101
315.4640 	DATA 	Keypress: 5
315.4640 	DATA 	TR 203 | TR1 102 | TR2 101
317.0147 	DATA 	Keypress: 5
317.0307 	DATA 	TR 204 | TR1 102 | TR2 102
318.5973 	DATA 	Keypress: 5
318.5973 	DATA 	TR 205 | TR1 103 | TR2 102
320.1472 	DATA 	Keypress: 5
320.1472 	DATA 	TR 206 | TR1 103 | TR2 103
321.7137 	DATA 	Keypress: 5
321.7138 	DATA 	TR 207 | TR1 104 | TR2 103
323.2636 	DATA 	Keypress: 5
323.2636 	DATA 	TR 208 | TR1 104 | TR2 104
324.8468 	DATA 	Keypress: 5
324.8468 	DATA 	TR 209 | TR1 105 | TR2 104
326.3967 	DATA 	Keypress: 5
326.3968 	DATA 	TR 210 | TR1 105 | TR2 105
327.9632 	DATA 	Keypress: 5
327.9633 	DATA 	TR 211 | TR1 106 | TR2 105
329.5133 	DATA 	Keypress: 5
329.5133 	DATA 	TR 212 | TR1 106 | TR2 106
331.0797 	DATA 	Keypress: 5
331.0797 	DATA 	TR 213 | TR1 107 | TR2 106
332.6462 	DATA 	Keypress: 5
332.6463 	DATA 	TR 214 | TR1 107 | TR2 107
334.2128 	DATA 	Keypress: 5
334.2128 	DATA 	TR 215 | TR1 108 | TR2 107
334.8960 	DATA 	
334.8960 	DATA 	Trial complete
334.8961 	DATA 	Waiting for VASO trigger to start next trial
334.8961 	DATA 	
335.7627 	DATA 	Keypress: 5
335.7627 	DATA 	TR 216 | TR1 108 | TR2 108
337.3292 	DATA 	Keypress: 5
337.3293 	DATA 	Waited 2.433187961578369 seconds for trigger
337.3300 	DATA 	
337.3300 	DATA 	Trial 9
337.3300 	DATA 	stimDur = 2.0
337.3301 	DATA 	jitter = 0.0
337.3301 	DATA 	restDur = 22.0

337.3301 	DATA 	
337.3301 	DATA 	TR 217 | TR1 109 | TR2 108
337.3301 	DATA 	
337.3301 	DATA 	stimulation started
337.3301 	DATA 	
338.8792 	DATA 	Keypress: 5
338.8792 	DATA 	TR 218 | TR1 109 | TR2 109
339.3457 	DATA 	
339.3457 	DATA 	stimulation stopped
339.3457 	DATA 	
340.4624 	DATA 	Keypress: 5
340.4625 	DATA 	TR 219 | TR1 110 | TR2 109
342.0123 	DATA 	Keypress: 5
342.0123 	DATA 	TR 220 | TR1 110 | TR2 110
343.5787 	DATA 	Keypress: 5
343.5788 	DATA 	TR 221 | TR1 111 | TR2 110
345.1286 	DATA 	Keypress: 5
345.1287 	DATA 	TR 222 | TR1 111 | TR2 111
346.7119 	DATA 	Keypress: 5
346.7119 	DATA 	TR 223 | TR1 112 | TR2 111
348.2618 	DATA 	Keypress: 5
348.2618 	DATA 	TR 224 | TR1 112 | TR2 112
349.8283 	DATA 	Keypress: 5
349.8283 	DATA 	TR 225 | TR1 113 | TR2 112
351.3783 	DATA 	Keypress: 5
351.3784 	DATA 	TR 226 | TR1 113 | TR2 113
352.9447 	DATA 	Keypress: 5
352.9447 	DATA 	TR 227 | TR1 114 | TR2 113
354.4952 	DATA 	Keypress: 5
354.5114 	DATA 	TR 228 | TR1 114 | TR2 114
356.0778 	DATA 	Keypress: 5
356.0779 	DATA 	TR 229 | TR1 115 | TR2 114
357.6277 	DATA 	Keypress: 5
357.6278 	DATA 	TR 230 | TR1 115 | TR2 115
359.1942 	DATA 	Keypress: 5
359.1943 	DATA 	TR 231 | TR1 116 | TR2 115
360.7442 	DATA 	Keypress: 5
360.7442 	DATA 	TR 232 | TR1 116 | TR2 116
361.3440 	DATA 	
361.3441 	DATA 	Trial complete
361.3441 	DATA 	Waiting for VASO trigger to start next trial
361.3441 	DATA 	
362.3273 	DATA 	Keypress: 5
362.3274 	DATA 	Waited 0.9833230972290039 seconds for trigger
362.3282 	DATA 	
362.3282 	DATA 	Trial 10
362.3282 	DATA 	stimDur = 4.0
362.3282 	DATA 	jitter = 0.0
362.3282 	DATA 	restDur = 24.0

362.3282 	DATA 	
362.3282 	DATA 	TR 233 | TR1 117 | TR2 116
362.3282 	DATA 	
362.3282 	DATA 	stimulation started
362.3282 	DATA 	
363.8773 	DATA 	Keypress: 5
363.8774 	DATA 	TR 234 | TR1 117 | TR2 117
365.4438 	DATA 	Keypress: 5
365.4439 	DATA 	TR 235 | TR1 118 | TR2 117
366.3437 	DATA 	
366.3437 	DATA 	stimulation stopped
366.3437 	DATA 	
366.9937 	DATA 	Keypress: 5
366.9937 	DATA 	TR 236 | TR1 118 | TR2 118
368.5608 	DATA 	Keypress: 5
368.5768 	DATA 	TR 237 | TR1 119 | TR2 118
370.1268 	DATA 	Keypress: 5
370.1269 	DATA 	TR 238 | TR1 119 | TR2 119
371.4267 	DATA 	Target presented
371.6933 	DATA 	Keypress: 5
371.6934 	DATA 	TR 239 | TR1 120 | TR2 119
373.2434 	DATA 	Keypress: 5
373.2434 	DATA 	TR 240 | TR1 120 | TR2 120
374.8096 	DATA 	Keypress: 5
374.8097 	DATA 	TR 241 | TR1 121 | TR2 120
376.3596 	DATA 	Keypress: 5
376.3597 	DATA 	TR 242 | TR1 121 | TR2 121
377.9428 	DATA 	Keypress: 5
377.9429 	DATA 	TR 243 | TR1 122 | TR2 121
379.4928 	DATA 	Keypress: 5
379.4928 	DATA 	TR 244 | TR1 122 | TR2 122
381.0593 	DATA 	Keypress: 5
381.0593 	DATA 	TR 245 | TR1 123 | TR2 122
382.6092 	DATA 	Keypress: 5
382.6092 	DATA 	TR 246 | TR1 123 | TR2 123
384.1924 	DATA 	Keypress: 5
384.1924 	DATA 	TR 247 | TR1 124 | TR2 123
385.7423 	DATA 	Keypress: 5
385.7423 	DATA 	TR 248 | TR1 124 | TR2 124
387.3088 	DATA 	Keypress: 5
387.3089 	DATA 	TR 249 | TR1 125 | TR2 124
388.8587 	DATA 	Keypress: 5
388.8588 	DATA 	TR 250 | TR1 125 | TR2 125
390.3419 	DATA 	
390.3419 	DATA 	Trial complete
390.3419 	DATA 	Waiting for VASO trigger to start next trial
390.3419 	DATA 	
390.4253 	DATA 	Keypress: 5
390.4253 	DATA 	Waited 0.08338308334350586 seconds for trigger
390.4261 	DATA 	
390.4261 	DATA 	Trial 11
390.4261 	DATA 	stimDur = 4.0
390.4261 	DATA 	jitter = 2.35575
390.4261 	DATA 	restDur = 24.0

390.4261 	DATA 	
390.4261 	DATA 	TR 251 | TR1 126 | TR2 125
391.9918 	DATA 	Keypress: 5
391.9919 	DATA 	TR 252 | TR1 126 | TR2 126
392.7917 	DATA 	
392.7917 	DATA 	stimulation started
392.7917 	DATA 	
393.5584 	DATA 	Keypress: 5
393.5585 	DATA 	TR 253 | TR1 127 | TR2 126
395.1083 	DATA 	Keypress: 5
395.1084 	DATA 	TR 254 | TR1 127 | TR2 127
396.6748 	DATA 	Keypress: 5
396.6749 	DATA 	TR 255 | TR1 128 | TR2 127
396.7916 	DATA 	
396.7916 	DATA 	stimulation stopped
396.7916 	DATA 	
398.2246 	DATA 	Keypress: 5
398.2246 	DATA 	TR 256 | TR1 128 | TR2 128
399.8079 	DATA 	Keypress: 5
399.8079 	DATA 	TR 257 | TR1 129 | TR2 128
401.3578 	DATA 	Keypress: 5
401.3578 	DATA 	TR 258 | TR1 129 | TR2 129
402.9243 	DATA 	Keypress: 5
402.9244 	DATA 	TR 259 | TR1 130 | TR2 129
404.4742 	DATA 	Keypress: 5
404.4743 	DATA 	TR 260 | TR1 130 | TR2 130
406.0413 	DATA 	Keypress: 5
406.0574 	DATA 	TR 261 | TR1 131 | TR2 130
407.6073 	DATA 	Keypress: 5
407.6074 	DATA 	TR 262 | TR1 131 | TR2 131
409.1739 	DATA 	Keypress: 5
409.1739 	DATA 	TR 263 | TR1 132 | TR2 131
410.7238 	DATA 	Keypress: 5
410.7238 	DATA 	TR 264 | TR1 132 | TR2 132
412.2903 	DATA 	Keypress: 5
412.2904 	DATA 	TR 265 | TR1 133 | TR2 132
413.8402 	DATA 	Keypress: 5
413.8403 	DATA 	TR 266 | TR1 133 | TR2 133
415.4234 	DATA 	Keypress: 5
415.4234 	DATA 	TR 267 | TR1 134 | TR2 133
416.9733 	DATA 	Keypress: 5
416.9734 	DATA 	TR 268 | TR1 134 | TR2 134
418.5399 	DATA 	Keypress: 5
418.5399 	DATA 	TR 269 | TR1 135 | TR2 134
420.0898 	DATA 	Keypress: 5
420.0898 	DATA 	TR 270 | TR1 135 | TR2 135
420.7896 	DATA 	
420.7896 	DATA 	Trial complete
420.7897 	DATA 	Waiting for VASO trigger to start next trial
420.7897 	DATA 	
421.6729 	DATA 	Keypress: 5
421.6730 	DATA 	Waited 0.8833119869232178 seconds for trigger
421.6738 	DATA 	
421.6738 	DATA 	Trial 12
421.6738 	DATA 	stimDur = 2.0
421.6738 	DATA 	jitter = 2.35575
421.6738 	DATA 	restDur = 22.0

421.6738 	DATA 	
421.6738 	DATA 	TR 271 | TR1 136 | TR2 135
423.2229 	DATA 	Keypress: 5
423.2229 	DATA 	TR 272 | TR1 136 | TR2 136
424.0395 	DATA 	
424.0395 	DATA 	stimulation started
424.0395 	DATA 	
424.7894 	DATA 	Keypress: 5
424.7895 	DATA 	TR 273 | TR1 137 | TR2 136
426.0394 	DATA 	
426.0394 	DATA 	stimulation stopped
426.0394 	DATA 	
426.3393 	DATA 	Keypress: 5
426.3393 	DATA 	TR 274 | TR1 137 | TR2 137
427.9058 	DATA 	Keypress: 5
427.9059 	DATA 	TR 275 | TR1 138 | TR2 137
429.4724 	DATA 	Keypress: 5
429.4724 	DATA 	TR 276 | TR1 138 | TR2 138
431.0389 	DATA 	Keypress: 5
431.0390 	DATA 	TR 277 | TR1 139 | TR2 138
432.5888 	DATA 	Keypress: 5
432.5889 	DATA 	TR 278 | TR1 139 | TR2 139
434.1554 	DATA 	Keypress: 5
434.1554 	DATA 	TR 279 | TR1 140 | TR2 139
435.7052 	DATA 	Keypress: 5
435.7053 	DATA 	TR 280 | TR1 140 | TR2 140
437.2885 	DATA 	Keypress: 5
437.2885 	DATA 	TR 281 | TR1 141 | TR2 140
438.8384 	DATA 	Keypress: 5
438.8384 	DATA 	TR 282 | TR1 141 | TR2 141
440.4049 	DATA 	Keypress: 5
440.4049 	DATA 	TR 283 | TR1 142 | TR2 141
441.9548 	DATA 	Keypress: 5
441.9549 	DATA 	TR 284 | TR1 142 | TR2 142
443.5380 	DATA 	Keypress: 5
443.5381 	DATA 	TR 285 | TR1 143 | TR2 142
445.0879 	DATA 	Keypress: 5
445.0879 	DATA 	TR 286 | TR1 143 | TR2 143
446.6544 	DATA 	Keypress: 5
446.6544 	DATA 	TR 287 | TR1 144 | TR2 143
448.0376 	DATA 	
448.0376 	DATA 	Trial complete
448.0377 	DATA 	Waiting for VASO trigger to start next trial
448.0377 	DATA 	
448.2043 	DATA 	Keypress: 5
448.2044 	DATA 	TR 288 | TR1 144 | TR2 144
449.6209 	DATA 	Target presented
449.7709 	DATA 	Keypress: 5
449.7709 	DATA 	Waited 1.733262062072754 seconds for trigger
449.7717 	DATA 	
449.7717 	DATA 	Trial 13
449.7717 	DATA 	stimDur = 2.0
449.7717 	DATA 	jitter = 1.5705
449.7717 	DATA 	restDur = 22.0

449.7717 	DATA 	
449.7717 	DATA 	TR 289 | TR1 145 | TR2 144
450.1208 	DATA 	Keypress: 1
450.1209 	DATA 	Key1 pressed
450.1209 	DATA 	Target detected
451.3208 	DATA 	Keypress: 5
451.3208 	DATA 	TR 290 | TR1 145 | TR2 145
451.3541 	DATA 	
451.3541 	DATA 	stimulation started
451.3541 	DATA 	
452.9040 	DATA 	Keypress: 5
452.9041 	DATA 	TR 291 | TR1 146 | TR2 145
453.3540 	DATA 	
453.3540 	DATA 	stimulation stopped
453.3540 	DATA 	
454.4539 	DATA 	Keypress: 5
454.4539 	DATA 	TR 292 | TR1 146 | TR2 146
456.0204 	DATA 	Keypress: 5
456.0204 	DATA 	TR 293 | TR1 147 | TR2 146
457.5705 	DATA 	Keypress: 5
457.5705 	DATA 	TR 294 | TR1 147 | TR2 147
459.1535 	DATA 	Keypress: 5
459.1535 	DATA 	TR 295 | TR1 148 | TR2 147
460.7034 	DATA 	Keypress: 5
460.7035 	DATA 	TR 296 | TR1 148 | TR2 148
462.2700 	DATA 	Keypress: 5
462.2700 	DATA 	TR 297 | TR1 149 | TR2 148
463.8199 	DATA 	Keypress: 5
463.8200 	DATA 	TR 298 | TR1 149 | TR2 149
465.3864 	DATA 	Keypress: 5
465.3864 	DATA 	TR 299 | TR1 150 | TR2 149
466.9530 	DATA 	Keypress: 5
466.9530 	DATA 	TR 300 | TR1 150 | TR2 150
468.5195 	DATA 	Keypress: 5
468.5195 	DATA 	TR 301 | TR1 151 | TR2 150
470.0694 	DATA 	Keypress: 5
470.0694 	DATA 	TR 302 | TR1 151 | TR2 151
471.6359 	DATA 	Keypress: 5
471.6360 	DATA 	TR 303 | TR1 152 | TR2 151
473.1859 	DATA 	Keypress: 5
473.1860 	DATA 	TR 304 | TR1 152 | TR2 152
474.7690 	DATA 	Keypress: 5
474.7691 	DATA 	TR 305 | TR1 153 | TR2 152
475.3523 	DATA 	
475.3523 	DATA 	Trial complete
475.3523 	DATA 	Waiting for VASO trigger to start next trial
475.3523 	DATA 	
476.3194 	DATA 	Keypress: 5
476.3194 	DATA 	TR 306 | TR1 153 | TR2 153
477.8855 	DATA 	Keypress: 5
477.8855 	DATA 	Waited 2.5332019329071045 seconds for trigger
477.8863 	DATA 	
477.8863 	DATA 	Trial 14
477.8863 	DATA 	stimDur = 24.0
477.8863 	DATA 	jitter = 2.35575
477.8863 	DATA 	restDur = 40.0

477.8863 	DATA 	
477.8863 	DATA 	TR 307 | TR1 154 | TR2 153
479.4354 	DATA 	Keypress: 5
479.4354 	DATA 	TR 308 | TR1 154 | TR2 154
480.2519 	DATA 	
480.2519 	DATA 	stimulation started
480.2519 	DATA 	
481.0186 	DATA 	Keypress: 5
481.0187 	DATA 	TR 309 | TR1 155 | TR2 154
482.5685 	DATA 	Keypress: 5
482.5686 	DATA 	TR 310 | TR1 155 | TR2 155
484.1351 	DATA 	Keypress: 5
484.1351 	DATA 	TR 311 | TR1 156 | TR2 155
485.6850 	DATA 	Keypress: 5
485.6850 	DATA 	TR 312 | TR1 156 | TR2 156
487.2515 	DATA 	Keypress: 5
487.2515 	DATA 	TR 313 | TR1 157 | TR2 156
488.8021 	DATA 	Keypress: 5
488.8180 	DATA 	TR 314 | TR1 157 | TR2 157
490.3846 	DATA 	Keypress: 5
490.3846 	DATA 	TR 315 | TR1 158 | TR2 157
491.9345 	DATA 	Keypress: 5
491.9346 	DATA 	TR 316 | TR1 158 | TR2 158
493.5011 	DATA 	Keypress: 5
493.5011 	DATA 	TR 317 | TR1 159 | TR2 158
495.0509 	DATA 	Keypress: 5
495.0510 	DATA 	TR 318 | TR1 159 | TR2 159
496.6343 	DATA 	Keypress: 5
496.6344 	DATA 	TR 319 | TR1 160 | TR2 159
498.1841 	DATA 	Keypress: 5
498.1841 	DATA 	TR 320 | TR1 160 | TR2 160
499.7505 	DATA 	Keypress: 5
499.7506 	DATA 	TR 321 | TR1 161 | TR2 160
501.3005 	DATA 	Keypress: 5
501.3005 	DATA 	TR 322 | TR1 161 | TR2 161
502.3504 	DATA 	Target presented
502.8677 	DATA 	Keypress: 5
502.8836 	DATA 	TR 323 | TR1 162 | TR2 161
502.9503 	DATA 	Keypress: 1
502.9504 	DATA 	Key1 pressed
502.9504 	DATA 	Target detected
504.2502 	DATA 	
504.2502 	DATA 	stimulation stopped
504.2502 	DATA 	
504.4335 	DATA 	Keypress: 5
504.4336 	DATA 	TR 324 | TR1 162 | TR2 162
506.0001 	DATA 	Keypress: 5
506.0001 	DATA 	TR 325 | TR1 163 | TR2 162
507.5500 	DATA 	Keypress: 5
507.5500 	DATA 	TR 326 | TR1 163 | TR2 163
509.1165 	DATA 	Keypress: 5
509.1165 	DATA 	TR 327 | TR1 164 | TR2 163
510.6664 	DATA 	Keypress: 5
510.6665 	DATA 	TR 328 | TR1 164 | TR2 164
512.2496 	DATA 	Keypress: 5
512.2496 	DATA 	TR 329 | TR1 165 | TR2 164
513.7994 	DATA 	Keypress: 5
513.7995 	DATA 	TR 330 | TR1 165 | TR2 165
515.3660 	DATA 	Keypress: 5
515.3660 	DATA 	TR 331 | TR1 166 | TR2 165
516.9158 	DATA 	Keypress: 5
516.9158 	DATA 	TR 332 | TR1 166 | TR2 166
518.4990 	DATA 	Keypress: 5
518.4990 	DATA 	TR 333 | TR1 167 | TR2 166
520.0488 	DATA 	Keypress: 5
520.0489 	DATA 	TR 334 | TR1 167 | TR2 167
521.6153 	DATA 	Keypress: 5
521.6154 	DATA 	TR 335 | TR1 168 | TR2 167
523.1652 	DATA 	Keypress: 5
523.1652 	DATA 	TR 336 | TR1 168 | TR2 168
524.7318 	DATA 	Keypress: 5
524.7319 	DATA 	TR 337 | TR1 169 | TR2 168
526.2983 	DATA 	Keypress: 5
526.2983 	DATA 	TR 338 | TR1 169 | TR2 169
527.8647 	DATA 	Keypress: 5
527.8648 	DATA 	TR 339 | TR1 170 | TR2 169
529.4146 	DATA 	Keypress: 5
529.4146 	DATA 	TR 340 | TR1 170 | TR2 170
530.9811 	DATA 	Keypress: 5
530.9811 	DATA 	TR 341 | TR1 171 | TR2 170
532.5309 	DATA 	Keypress: 5
532.5310 	DATA 	TR 342 | TR1 171 | TR2 171
534.1141 	DATA 	Keypress: 5
534.1142 	DATA 	TR 343 | TR1 172 | TR2 171
535.6640 	DATA 	Keypress: 5
535.6640 	DATA 	TR 344 | TR1 172 | TR2 172
537.2305 	DATA 	Keypress: 5
537.2305 	DATA 	TR 345 | TR1 173 | TR2 172
538.7803 	DATA 	Keypress: 5
538.7804 	DATA 	TR 346 | TR1 173 | TR2 173
540.3474 	DATA 	Keypress: 5
540.3634 	DATA 	TR 347 | TR1 174 | TR2 173
541.9134 	DATA 	Keypress: 5
541.9135 	DATA 	TR 348 | TR1 174 | TR2 174
543.4798 	DATA 	Keypress: 5
543.4799 	DATA 	TR 349 | TR1 175 | TR2 174
544.2464 	DATA 	
544.2464 	DATA 	Trial complete
544.2464 	DATA 	Waiting for VASO trigger to start next trial
544.2465 	DATA 	
545.0297 	DATA 	Keypress: 5
545.0298 	DATA 	TR 350 | TR1 175 | TR2 175
546.5962 	DATA 	Keypress: 5
546.5963 	DATA 	Waited 2.349884033203125 seconds for trigger
546.5971 	DATA 	
546.5971 	DATA 	Trial 15
546.5971 	DATA 	stimDur = 1.0
546.5971 	DATA 	jitter = 2.35575
546.5971 	DATA 	restDur = 20.0

546.5971 	DATA 	
546.5971 	DATA 	TR 351 | TR1 176 | TR2 175
548.1467 	DATA 	Keypress: 5
548.1627 	DATA 	TR 352 | TR1 176 | TR2 176
548.9626 	DATA 	
548.9626 	DATA 	stimulation started
548.9626 	DATA 	
549.7293 	DATA 	Keypress: 5
549.7294 	DATA 	TR 353 | TR1 177 | TR2 176
549.9626 	DATA 	
549.9626 	DATA 	stimulation stopped
549.9626 	DATA 	
551.2791 	DATA 	Keypress: 5
551.2791 	DATA 	TR 354 | TR1 177 | TR2 177
552.8456 	DATA 	Keypress: 5
552.8457 	DATA 	TR 355 | TR1 178 | TR2 177
554.3954 	DATA 	Keypress: 5
554.3954 	DATA 	TR 356 | TR1 178 | TR2 178
555.3955 	DATA 	Target presented
555.9787 	DATA 	Keypress: 5
555.9787 	DATA 	Keypress: 1
555.9788 	DATA 	TR 357 | TR1 179 | TR2 178
555.9788 	DATA 	Key1 pressed
555.9788 	DATA 	Target detected
557.5285 	DATA 	Keypress: 5
557.5286 	DATA 	TR 358 | TR1 179 | TR2 179
559.0950 	DATA 	Keypress: 5
559.0951 	DATA 	TR 359 | TR1 180 | TR2 179
560.6449 	DATA 	Keypress: 5
560.6449 	DATA 	TR 360 | TR1 180 | TR2 180
562.2115 	DATA 	Keypress: 5
562.2116 	DATA 	TR 361 | TR1 181 | TR2 180
563.7779 	DATA 	Keypress: 5
563.7779 	DATA 	TR 362 | TR1 181 | TR2 181
565.3444 	DATA 	Keypress: 5
565.3445 	DATA 	TR 363 | TR1 182 | TR2 181
566.8942 	DATA 	Keypress: 5
566.8943 	DATA 	TR 364 | TR1 182 | TR2 182
568.4608 	DATA 	Keypress: 5
568.4609 	DATA 	TR 365 | TR1 183 | TR2 182
569.9606 	DATA 	
569.9606 	DATA 	Trial complete
569.9606 	DATA 	Waiting for VASO trigger to start next trial
569.9606 	DATA 	
570.0106 	DATA 	Keypress: 5
570.0107 	DATA 	TR 366 | TR1 183 | TR2 183
571.5939 	DATA 	Keypress: 5
571.5939 	DATA 	Waited 1.633270025253296 seconds for trigger
571.5947 	DATA 	
571.5947 	DATA 	Trial 16
571.5947 	DATA 	stimDur = 12.0
571.5947 	DATA 	jitter = 0.0
571.5947 	DATA 	restDur = 30.0

571.5947 	DATA 	
571.5947 	DATA 	TR 367 | TR1 184 | TR2 183
571.5947 	DATA 	
571.5947 	DATA 	stimulation started
571.5947 	DATA 	
573.1437 	DATA 	Keypress: 5
573.1438 	DATA 	TR 368 | TR1 184 | TR2 184
574.7104 	DATA 	Keypress: 5
574.7104 	DATA 	TR 369 | TR1 185 | TR2 184
576.2601 	DATA 	Keypress: 5
576.2601 	DATA 	TR 370 | TR1 185 | TR2 185
577.8433 	DATA 	Keypress: 5
577.8433 	DATA 	TR 371 | TR1 186 | TR2 185
579.3931 	DATA 	Keypress: 5
579.3932 	DATA 	TR 372 | TR1 186 | TR2 186
580.9598 	DATA 	Keypress: 5
580.9598 	DATA 	TR 373 | TR1 187 | TR2 186
582.5095 	DATA 	Keypress: 5
582.5095 	DATA 	TR 374 | TR1 187 | TR2 187
583.6093 	DATA 	
583.6093 	DATA 	stimulation stopped
583.6094 	DATA 	
584.0760 	DATA 	Keypress: 5
584.0760 	DATA 	TR 375 | TR1 188 | TR2 187
585.6259 	DATA 	Keypress: 5
585.6260 	DATA 	TR 376 | TR1 188 | TR2 188
587.2089 	DATA 	Keypress: 5
587.2089 	DATA 	TR 377 | TR1 189 | TR2 188
588.7590 	DATA 	Keypress: 5
588.7590 	DATA 	TR 378 | TR1 189 | TR2 189
590.3254 	DATA 	Keypress: 5
590.3254 	DATA 	TR 379 | TR1 190 | TR2 189
591.8752 	DATA 	Keypress: 5
591.8753 	DATA 	TR 380 | TR1 190 | TR2 190
593.4584 	DATA 	Keypress: 5
593.4585 	DATA 	TR 381 | TR1 191 | TR2 190
595.0082 	DATA 	Keypress: 5
595.0083 	DATA 	TR 382 | TR1 191 | TR2 191
596.5748 	DATA 	Keypress: 5
596.5748 	DATA 	TR 383 | TR1 192 | TR2 191
598.1246 	DATA 	Keypress: 5
598.1247 	DATA 	TR 384 | TR1 192 | TR2 192
599.6917 	DATA 	Keypress: 5
599.7077 	DATA 	TR 385 | TR1 193 | TR2 192
601.2576 	DATA 	Keypress: 5
601.2577 	DATA 	TR 386 | TR1 193 | TR2 193
602.8242 	DATA 	Keypress: 5
602.8242 	DATA 	TR 387 | TR1 194 | TR2 193
604.3740 	DATA 	Keypress: 5
604.3741 	DATA 	TR 388 | TR1 194 | TR2 194
605.9406 	DATA 	Keypress: 5
605.9406 	DATA 	TR 389 | TR1 195 | TR2 194
607.4904 	DATA 	Keypress: 5
607.4905 	DATA 	TR 390 | TR1 195 | TR2 195
609.0736 	DATA 	Keypress: 5
609.0736 	DATA 	TR 391 | TR1 196 | TR2 195
610.6234 	DATA 	Keypress: 5
610.6234 	DATA 	TR 392 | TR1 196 | TR2 196
612.1900 	DATA 	Keypress: 5
612.1900 	DATA 	TR 393 | TR1 197 | TR2 196
612.2066 	DATA 	Target presented
612.7233 	DATA 	Keypress: 1
612.7234 	DATA 	Key1 pressed
612.7234 	DATA 	Target detected
613.6065 	DATA 	
613.6065 	DATA 	Trial complete
613.6065 	DATA 	Waiting for VASO trigger to start next trial
613.6065 	DATA 	
613.7398 	DATA 	Keypress: 5
613.7398 	DATA 	TR 394 | TR1 197 | TR2 197
615.3230 	DATA 	Keypress: 5
615.3231 	DATA 	Waited 1.716576099395752 seconds for trigger
615.3238 	DATA 	
615.3238 	DATA 	Trial 17
615.3238 	DATA 	stimDur = 12.0
615.3238 	DATA 	jitter = 0.78525
615.3238 	DATA 	restDur = 30.0

615.3239 	DATA 	
615.3239 	DATA 	TR 395 | TR1 198 | TR2 197
616.1229 	DATA 	
616.1229 	DATA 	stimulation started
616.1229 	DATA 	
616.8729 	DATA 	Keypress: 5
616.8730 	DATA 	TR 396 | TR1 198 | TR2 198
618.4395 	DATA 	Keypress: 5
618.4395 	DATA 	TR 397 | TR1 199 | TR2 198
619.9893 	DATA 	Keypress: 5
619.9893 	DATA 	TR 398 | TR1 199 | TR2 199
621.5558 	DATA 	Keypress: 5
621.5559 	DATA 	TR 399 | TR1 200 | TR2 199
623.1063 	DATA 	Keypress: 5
623.1223 	DATA 	TR 400 | TR1 200 | TR2 200
624.6889 	DATA 	Keypress: 5
624.6889 	DATA 	TR 401 | TR1 201 | TR2 200
626.2387 	DATA 	Keypress: 5
626.2387 	DATA 	TR 402 | TR1 201 | TR2 201
627.8052 	DATA 	Keypress: 5
627.8053 	DATA 	TR 403 | TR1 202 | TR2 201
628.1218 	DATA 	
628.1218 	DATA 	stimulation stopped
628.1218 	DATA 	
629.3550 	DATA 	Keypress: 5
629.3550 	DATA 	TR 404 | TR1 202 | TR2 202
630.9383 	DATA 	Keypress: 5
630.9383 	DATA 	TR 405 | TR1 203 | TR2 202
632.4881 	DATA 	Keypress: 5
632.4881 	DATA 	TR 406 | TR1 203 | TR2 203
634.0546 	DATA 	Keypress: 5
634.0546 	DATA 	TR 407 | TR1 204 | TR2 203
635.6043 	DATA 	Keypress: 5
635.6044 	DATA 	TR 408 | TR1 204 | TR2 204
637.1876 	DATA 	Keypress: 5
637.1877 	DATA 	TR 409 | TR1 205 | TR2 204
638.7375 	DATA 	Keypress: 5
638.7375 	DATA 	TR 410 | TR1 205 | TR2 205
640.3040 	DATA 	Keypress: 5
640.3040 	DATA 	TR 411 | TR1 206 | TR2 205
641.8538 	DATA 	Keypress: 5
641.8538 	DATA 	TR 412 | TR1 206 | TR2 206
643.4201 	DATA 	Keypress: 5
643.4202 	DATA 	TR 413 | TR1 207 | TR2 206
644.9702 	DATA 	Keypress: 5
644.9703 	DATA 	TR 414 | TR1 207 | TR2 207
646.5534 	DATA 	Keypress: 5
646.5535 	DATA 	TR 415 | TR1 208 | TR2 207
648.1033 	DATA 	Keypress: 5
648.1033 	DATA 	TR 416 | TR1 208 | TR2 208
649.6698 	DATA 	Keypress: 5
649.6699 	DATA 	TR 417 | TR1 209 | TR2 208
651.2196 	DATA 	Keypress: 5
651.2197 	DATA 	TR 418 | TR1 209 | TR2 209
652.8028 	DATA 	Keypress: 5
652.8029 	DATA 	TR 419 | TR1 210 | TR2 209
654.3527 	DATA 	Keypress: 5
654.3527 	DATA 	TR 420 | TR1 210 | TR2 210
655.9192 	DATA 	Keypress: 5
655.9193 	DATA 	TR 421 | TR1 211 | TR2 210
657.4690 	DATA 	Keypress: 5
657.4691 	DATA 	TR 422 | TR1 211 | TR2 211
658.1190 	DATA 	
658.1190 	DATA 	Trial complete
658.1190 	DATA 	Waiting for VASO trigger to start next trial
658.1190 	DATA 	
659.0356 	DATA 	Keypress: 5
659.0356 	DATA 	Waited 0.9166131019592285 seconds for trigger
659.0364 	DATA 	
659.0364 	DATA 	Trial 18
659.0364 	DATA 	stimDur = 12.0
659.0364 	DATA 	jitter = 2.35575
659.0364 	DATA 	restDur = 30.0

659.0364 	DATA 	
659.0364 	DATA 	TR 423 | TR1 212 | TR2 211
660.6021 	DATA 	Keypress: 5
660.6021 	DATA 	TR 424 | TR1 212 | TR2 212
661.4020 	DATA 	
661.4020 	DATA 	stimulation started
661.4020 	DATA 	
662.1687 	DATA 	Keypress: 5
662.1688 	DATA 	TR 425 | TR1 213 | TR2 212
663.7185 	DATA 	Keypress: 5
663.7186 	DATA 	TR 426 | TR1 213 | TR2 213
665.2851 	DATA 	Keypress: 5
665.2851 	DATA 	TR 427 | TR1 214 | TR2 213
666.8349 	DATA 	Keypress: 5
666.8350 	DATA 	TR 428 | TR1 214 | TR2 214
668.4181 	DATA 	Keypress: 5
668.4182 	DATA 	TR 429 | TR1 215 | TR2 214
669.9680 	DATA 	Keypress: 5
669.9680 	DATA 	TR 430 | TR1 215 | TR2 215
671.5345 	DATA 	Keypress: 5
671.5346 	DATA 	TR 431 | TR1 216 | TR2 215
673.0843 	DATA 	Keypress: 5
673.0844 	DATA 	TR 432 | TR1 216 | TR2 216
673.4009 	DATA 	
673.4009 	DATA 	stimulation stopped
673.4009 	DATA 	
674.6514 	DATA 	Keypress: 5
674.6674 	DATA 	TR 433 | TR1 217 | TR2 216
676.2173 	DATA 	Keypress: 5
676.2174 	DATA 	TR 434 | TR1 217 | TR2 217
677.7839 	DATA 	Keypress: 5
677.7839 	DATA 	TR 435 | TR1 218 | TR2 217
679.3337 	DATA 	Keypress: 5
679.3338 	DATA 	TR 436 | TR1 218 | TR2 218
680.9003 	DATA 	Keypress: 5
680.9003 	DATA 	TR 437 | TR1 219 | TR2 218
682.4507 	DATA 	Keypress: 5
682.4667 	DATA 	TR 438 | TR1 219 | TR2 219
684.0333 	DATA 	Keypress: 5
684.0334 	DATA 	TR 439 | TR1 220 | TR2 219
685.5832 	DATA 	Keypress: 5
685.5832 	DATA 	TR 440 | TR1 220 | TR2 220
687.1497 	DATA 	Keypress: 5
687.1497 	DATA 	TR 441 | TR1 221 | TR2 220
688.6995 	DATA 	Keypress: 5
688.6996 	DATA 	TR 442 | TR1 221 | TR2 221
690.1661 	DATA 	Target presented
690.2828 	DATA 	Keypress: 5
690.2828 	DATA 	TR 443 | TR1 222 | TR2 221
690.8493 	DATA 	Keypress: 1
690.8494 	DATA 	Key1 pressed
690.8494 	DATA 	Target detected
691.8326 	DATA 	Keypress: 5
691.8326 	DATA 	TR 444 | TR1 222 | TR2 222
693.3991 	DATA 	Keypress: 5
693.3992 	DATA 	TR 445 | TR1 223 | TR2 222
694.9490 	DATA 	Keypress: 5
694.9490 	DATA 	TR 446 | TR1 223 | TR2 223
696.5155 	DATA 	Keypress: 5
696.5156 	DATA 	TR 447 | TR1 224 | TR2 223
698.0817 	DATA 	Keypress: 5
698.0818 	DATA 	TR 448 | TR1 224 | TR2 224
699.6486 	DATA 	Keypress: 5
699.6486 	DATA 	TR 449 | TR1 225 | TR2 224
701.1984 	DATA 	Keypress: 5
701.1984 	DATA 	TR 450 | TR1 225 | TR2 225
702.7649 	DATA 	Keypress: 5
702.7650 	DATA 	TR 451 | TR1 226 | TR2 225
703.3981 	DATA 	
703.3982 	DATA 	Trial complete
703.3982 	DATA 	Waiting for VASO trigger to start next trial
703.3982 	DATA 	
704.3148 	DATA 	Keypress: 5
704.3148 	DATA 	TR 452 | TR1 226 | TR2 226
705.8980 	DATA 	Keypress: 5
705.8981 	DATA 	Waited 2.4998679161071777 seconds for trigger
705.8988 	DATA 	
705.8988 	DATA 	Trial 19
705.8988 	DATA 	stimDur = 2.0
705.8988 	DATA 	jitter = 0.78525
705.8988 	DATA 	restDur = 22.0

705.8988 	DATA 	
705.8988 	DATA 	TR 453 | TR1 227 | TR2 226
706.6979 	DATA 	
706.6979 	DATA 	stimulation started
706.6979 	DATA 	
707.4479 	DATA 	Keypress: 5
707.4479 	DATA 	TR 454 | TR1 227 | TR2 227
708.6977 	DATA 	
708.6977 	DATA 	stimulation stopped
708.6977 	DATA 	
709.0144 	DATA 	Keypress: 5
709.0144 	DATA 	TR 455 | TR1 228 | TR2 227
710.5642 	DATA 	Keypress: 5
710.5643 	DATA 	TR 456 | TR1 228 | TR2 228
712.1474 	DATA 	Keypress: 5
712.1475 	DATA 	TR 457 | TR1 229 | TR2 228
713.6973 	DATA 	Keypress: 5
713.6973 	DATA 	TR 458 | TR1 229 | TR2 229
715.2640 	DATA 	Keypress: 5
715.2640 	DATA 	TR 459 | TR1 230 | TR2 229
716.8136 	DATA 	Keypress: 5
716.8137 	DATA 	TR 460 | TR1 230 | TR2 230
718.3803 	DATA 	Keypress: 5
718.3803 	DATA 	TR 461 | TR1 231 | TR2 230
719.9300 	DATA 	Keypress: 5
719.9301 	DATA 	TR 462 | TR1 231 | TR2 231
721.5133 	DATA 	Keypress: 5
721.5133 	DATA 	TR 463 | TR1 232 | TR2 231
723.0631 	DATA 	Keypress: 5
723.0632 	DATA 	TR 464 | TR1 232 | TR2 232
724.6296 	DATA 	Keypress: 5
724.6297 	DATA 	TR 465 | TR1 233 | TR2 232
726.1795 	DATA 	Keypress: 5
726.1796 	DATA 	TR 466 | TR1 233 | TR2 233
727.7627 	DATA 	Keypress: 5
727.7627 	DATA 	TR 467 | TR1 234 | TR2 233
729.3126 	DATA 	Keypress: 5
729.3126 	DATA 	TR 468 | TR1 234 | TR2 234
730.6958 	DATA 	
730.6958 	DATA 	Trial complete
730.6958 	DATA 	
730.8790 	DATA 	Keypress: 5
730.8791 	DATA 	Waited 27.48090696334839 seconds for trigger
730.8799 	DATA 	
730.8799 	DATA 	Trial 20
730.8799 	DATA 	stimDur = 24.0
730.8799 	DATA 	jitter = 0.78525
730.8799 	DATA 	restDur = 40.0

730.8799 	DATA 	
730.8799 	DATA 	TR 469 | TR1 235 | TR2 234
731.6790 	DATA 	
731.6790 	DATA 	stimulation started
731.6790 	DATA 	
732.4290 	DATA 	Keypress: 5
732.4290 	DATA 	TR 470 | TR1 235 | TR2 235
733.9962 	DATA 	Keypress: 5
734.0121 	DATA 	TR 471 | TR1 236 | TR2 235
735.5620 	DATA 	Keypress: 5
735.5620 	DATA 	TR 472 | TR1 236 | TR2 236
737.1285 	DATA 	Keypress: 5
737.1286 	DATA 	TR 473 | TR1 237 | TR2 236
738.6785 	DATA 	Keypress: 5
738.6785 	DATA 	TR 474 | TR1 237 | TR2 237
738.7284 	DATA 	Target presented
739.3117 	DATA 	Keypress: 1
739.3117 	DATA 	Key1 pressed
739.3117 	DATA 	Target detected
740.2449 	DATA 	Keypress: 5
740.2450 	DATA 	TR 475 | TR1 238 | TR2 237
741.7948 	DATA 	Keypress: 5
741.7949 	DATA 	TR 476 | TR1 238 | TR2 238
743.3780 	DATA 	Keypress: 5
743.3780 	DATA 	TR 477 | TR1 239 | TR2 238
744.9279 	DATA 	Keypress: 5
744.9279 	DATA 	TR 478 | TR1 239 | TR2 239
746.4944 	DATA 	Keypress: 5
746.4944 	DATA 	TR 479 | TR1 240 | TR2 239
748.0443 	DATA 	Keypress: 5
748.0443 	DATA 	TR 480 | TR1 240 | TR2 240
749.6274 	DATA 	Keypress: 5
749.6275 	DATA 	TR 481 | TR1 241 | TR2 240
751.1773 	DATA 	Keypress: 5
751.1773 	DATA 	TR 482 | TR1 241 | TR2 241
752.7438 	DATA 	Keypress: 5
752.7439 	DATA 	TR 483 | TR1 242 | TR2 241
754.2937 	DATA 	Keypress: 5
754.2938 	DATA 	TR 484 | TR1 242 | TR2 242
755.6769 	DATA 	
755.6769 	DATA 	stimulation stopped
755.6769 	DATA 	
755.8601 	DATA 	Keypress: 5
755.8602 	DATA 	TR 485 | TR1 243 | TR2 242
757.4106 	DATA 	Keypress: 5
757.4266 	DATA 	TR 486 | TR1 243 | TR2 243
758.9932 	DATA 	Keypress: 5
758.9932 	DATA 	TR 487 | TR1 244 | TR2 243
760.5432 	DATA 	Keypress: 5
760.5433 	DATA 	TR 488 | TR1 244 | TR2 244
762.1096 	DATA 	Keypress: 5
762.1096 	DATA 	TR 489 | TR1 245 | TR2 244
763.6594 	DATA 	Keypress: 5
763.6595 	DATA 	TR 490 | TR1 245 | TR2 245
765.2426 	DATA 	Keypress: 5
765.2426 	DATA 	TR 491 | TR1 246 | TR2 245
766.7924 	DATA 	Keypress: 5
766.7925 	DATA 	TR 492 | TR1 246 | TR2 246
768.3589 	DATA 	Keypress: 5
768.3590 	DATA 	TR 493 | TR1 247 | TR2 246
769.9088 	DATA 	Keypress: 5
769.9088 	DATA 	TR 494 | TR1 247 | TR2 247
771.4919 	DATA 	Keypress: 5
771.4920 	DATA 	TR 495 | TR1 248 | TR2 247
773.0418 	DATA 	Keypress: 5
773.0418 	DATA 	TR 496 | TR1 248 | TR2 248
774.6082 	DATA 	Keypress: 5
774.6083 	DATA 	TR 497 | TR1 249 | TR2 248
776.1581 	DATA 	Keypress: 5
776.1582 	DATA 	TR 498 | TR1 249 | TR2 249
777.7246 	DATA 	Keypress: 5
777.7246 	DATA 	TR 499 | TR1 250 | TR2 249
779.2744 	DATA 	Keypress: 5
779.2745 	DATA 	TR 500 | TR1 250 | TR2 250
780.8576 	DATA 	Keypress: 5
780.8576 	DATA 	TR 501 | TR1 251 | TR2 250
782.4075 	DATA 	Keypress: 5
782.4075 	DATA 	TR 502 | TR1 251 | TR2 251
783.9740 	DATA 	Keypress: 5
783.9740 	DATA 	TR 503 | TR1 252 | TR2 251
785.5238 	DATA 	Keypress: 5
785.5238 	DATA 	TR 504 | TR1 252 | TR2 252
787.1071 	DATA 	Keypress: 5
787.1071 	DATA 	TR 505 | TR1 253 | TR2 252
788.6568 	DATA 	Keypress: 5
788.6569 	DATA 	TR 506 | TR1 253 | TR2 253
790.2233 	DATA 	Keypress: 5
790.2233 	DATA 	TR 507 | TR1 254 | TR2 253
791.7732 	DATA 	Keypress: 5
791.7732 	DATA 	TR 508 | TR1 254 | TR2 254
793.3396 	DATA 	Keypress: 5
793.3397 	DATA 	TR 509 | TR1 255 | TR2 254
794.9061 	DATA 	Keypress: 5
794.9062 	DATA 	TR 510 | TR1 255 | TR2 255
795.6727 	DATA 	
795.6727 	DATA 	Trial complete
795.6727 	DATA 	
796.4726 	DATA 	Keypress: 5
796.4727 	DATA 	TR 511 | TR1 256 | TR2 255
798.0225 	DATA 	Keypress: 5
798.0226 	DATA 	TR 512 | TR1 256 | TR2 256
799.5890 	DATA 	Keypress: 5
799.5890 	DATA 	TR 513 | TR1 257 | TR2 256
801.1389 	DATA 	Keypress: 5
801.1389 	DATA 	TR 514 | TR1 257 | TR2 257
802.7220 	DATA 	Keypress: 5
802.7221 	DATA 	TR 515 | TR1 258 | TR2 257
804.2719 	DATA 	Keypress: 5
804.2719 	DATA 	TR 516 | TR1 258 | TR2 258
805.8385 	DATA 	Keypress: 5
805.8385 	DATA 	TR 517 | TR1 259 | TR2 258
807.3882 	DATA 	Keypress: 5
807.3883 	DATA 	TR 518 | TR1 259 | TR2 259
808.9553 	DATA 	Keypress: 5
808.9713 	DATA 	TR 519 | TR1 260 | TR2 259
810.5212 	DATA 	Keypress: 5
810.5213 	DATA 	TR 520 | TR1 260 | TR2 260
812.0877 	DATA 	Keypress: 5
812.0877 	DATA 	TR 521 | TR1 261 | TR2 260
813.6376 	DATA 	Keypress: 5
813.6376 	DATA 	TR 522 | TR1 261 | TR2 261
815.2040 	DATA 	Keypress: 5
815.2041 	DATA 	TR 523 | TR1 262 | TR2 261
816.7539 	DATA 	Keypress: 5
816.7540 	DATA 	TR 524 | TR1 262 | TR2 262
823.7698 	DATA 	EndOfRun sub-05_ses-05_run-05

823.7699 	DATA 	We spent 53.20006442070007 seconds waiting for triggers
823.7699 	DATA 	RatioOfDetectedTargets 0.9166666666666666
823.7699 	DATA 	You have detected 11 out of 12 targets.
828.7994 	EXP 	window1: mouseVisible = True
