MonitorDistance=99cm
MonitorWidth=30cm
PixelWidth=1024.0
PixelHeight=768.0
You have detected 12 out of 12 targets.
Excellent! Keep up the good work
7.7004 	INFO 	Loaded monitor calibration from ['2021_05_26 17:55']
8.2584 	EXP 	Created window1 = Window(allowGUI=False, allowStencil=False, autoLog=True, backendConf=UNKNOWN, bitsMode=UNKNOWN, blendMode='avg', bpc=(8, 8, 8), color=array([-0.5, -0.5, -0.5]), colorSpace='rgb', depthBits=8, fullscr=<method-wrapper '__getattribute__' of attributeSetter object at 0x7ff79fc16400>, gamma=None, gammaErrorPolicy='raise', lms=UNKNOWN, monitor=<psychopy.monitors.calibTools.Monitor object at 0x7ff795a33080>, multiSample=False, name='window1', numSamples=2, pos=[0.0, 0.0], screen=0, size=array([1024,  768]), stencilBits=0, stereo=False, units='deg', useFBO=False, useRetina=False, viewOri=0.0, viewPos=None, viewScale=None, waitBlanking=True, winType='pyglet')
8.2585 	EXP 	window1: mouseVisible = True
8.3615 	EXP 	Created unnamed TextStim = TextStim(__class__=<class 'psychopy.visual.text.TextStim'>, alignHoriz=method-wrapper(...), alignText='center', alignVert=method-wrapper(...), anchorHoriz='center', anchorVert='center', antialias=True, autoLog=True, bold=False, color=array([1., 1., 1.]), colorSpace='rgb', contrast=1.0, depth=0, flipHoriz=False, flipVert=False, font='', fontFiles=[], height=0.5, italic=False, languageStyle='LTR', name='unnamed TextStim', opacity=1.0, ori=0.0, pos=array([0., 0.]), rgb=UNKNOWN, text=str(...), units='deg', win=Window(...), wrapWidth=15.0)
8.3990 	EXP 	Created Movie Frame 0 = ImageStim(__class__=<class 'psychopy.visual.image.ImageStim'>, autoLog=True, color=array([0.8, 0.8, 0.8]), colorSpace='rgb', contrast=0.8, depth=0, flipHoriz=False, flipVert=False, image='visual_0.png', interpolate=False, mask=None, maskParams=None, name='Movie Frame 0', opacity=1, ori=0.0, pos=array([0., 0.]), size=array([1024,  768]), texRes=128, units='pix', win=Window(...))
8.4271 	EXP 	Created Movie Frame 1 = ImageStim(__class__=<class 'psychopy.visual.image.ImageStim'>, autoLog=True, color=array([0.8, 0.8, 0.8]), colorSpace='rgb', contrast=0.8, depth=0, flipHoriz=False, flipVert=False, image='visual_1.png', interpolate=False, mask=None, maskParams=None, name='Movie Frame 1', opacity=1, ori=0.0, pos=array([0., 0.]), size=array([1024,  768]), texRes=128, units='pix', win=Window(...))
123.3692 	DATA 	Keypress: 5
0.0000 	DATA 	StartOfRun sub-05_ses-05_run-01
0.0000 	DATA 	TR 1 | TR1 1 | TR2 0
0.0170 	DATA 	Initial baseline

1.5502 	DATA 	Keypress: 5
1.5503 	DATA 	TR 2 | TR1 1 | TR2 1
3.1220 	DATA 	Keypress: 5
3.1220 	DATA 	TR 3 | TR1 2 | TR2 1
4.6731 	DATA 	Keypress: 5
4.6731 	DATA 	TR 4 | TR1 2 | TR2 2
6.2452 	DATA 	Keypress: 5
6.2452 	DATA 	TR 5 | TR1 3 | TR2 2
7.7965 	DATA 	Keypress: 5
7.7966 	DATA 	TR 6 | TR1 3 | TR2 3
9.3686 	DATA 	Keypress: 5
9.3686 	DATA 	TR 7 | TR1 4 | TR2 3
10.9197 	DATA 	Keypress: 5
10.9197 	DATA 	TR 8 | TR1 4 | TR2 4
12.4918 	DATA 	Keypress: 5
12.4918 	DATA 	TR 9 | TR1 5 | TR2 4
14.0429 	DATA 	Keypress: 5
14.0429 	DATA 	TR 10 | TR1 5 | TR2 5
15.6150 	DATA 	Keypress: 5
15.6150 	DATA 	TR 11 | TR1 6 | TR2 5
17.1661 	DATA 	Keypress: 5
17.1662 	DATA 	TR 12 | TR1 6 | TR2 6
18.7382 	DATA 	Keypress: 5
18.7383 	DATA 	TR 13 | TR1 7 | TR2 6
20.2894 	DATA 	Keypress: 5
20.2894 	DATA 	TR 14 | TR1 7 | TR2 7
21.8615 	DATA 	Keypress: 5
21.8615 	DATA 	TR 15 | TR1 8 | TR2 7
23.4126 	DATA 	Keypress: 5
23.4126 	DATA 	TR 16 | TR1 8 | TR2 8
24.9848 	DATA 	Keypress: 5
24.9848 	DATA 	TR 17 | TR1 9 | TR2 8
26.5359 	DATA 	Keypress: 5
26.5359 	DATA 	TR 18 | TR1 9 | TR2 9
28.1080 	DATA 	Keypress: 5
28.1080 	DATA 	TR 19 | TR1 10 | TR2 9
29.6590 	DATA 	Keypress: 5
29.6590 	DATA 	TR 20 | TR1 10 | TR2 10
31.2467 	DATA 	Keypress: 5
31.2467 	DATA 	Waited 1.2467119693756104 seconds for trigger
31.2517 	DATA 	
31.2517 	DATA 	Trial 1
31.2517 	DATA 	stimDur = 1.0
31.2517 	DATA 	jitter = 0.0
31.2517 	DATA 	restDur = 20.0

31.2517 	DATA 	
31.2517 	DATA 	TR 21 | TR1 11 | TR2 10
31.2517 	DATA 	
31.2517 	DATA 	stimulation started
31.2517 	DATA 	
32.2632 	DATA 	
32.2632 	DATA 	stimulation stopped
32.2632 	DATA 	
32.7965 	DATA 	Keypress: 5
32.7965 	DATA 	TR 22 | TR1 11 | TR2 11
34.3629 	DATA 	Keypress: 5
34.3629 	DATA 	TR 23 | TR1 12 | TR2 11
35.9127 	DATA 	Keypress: 5
35.9127 	DATA 	TR 24 | TR1 12 | TR2 12
37.4793 	DATA 	Keypress: 5
37.4793 	DATA 	TR 25 | TR1 13 | TR2 12
39.0290 	DATA 	Keypress: 5
39.0290 	DATA 	TR 26 | TR1 13 | TR2 13
40.6122 	DATA 	Keypress: 5
40.6122 	DATA 	TR 27 | TR1 14 | TR2 13
42.1619 	DATA 	Keypress: 5
42.1620 	DATA 	TR 28 | TR1 14 | TR2 14
43.7283 	DATA 	Keypress: 5
43.7284 	DATA 	TR 29 | TR1 15 | TR2 14
45.2782 	DATA 	Keypress: 5
45.2782 	DATA 	TR 30 | TR1 15 | TR2 15
46.8613 	DATA 	Keypress: 5
46.8613 	DATA 	TR 31 | TR1 16 | TR2 15
48.4112 	DATA 	Keypress: 5
48.4112 	DATA 	TR 32 | TR1 16 | TR2 16
49.9776 	DATA 	Keypress: 5
49.9776 	DATA 	TR 33 | TR1 17 | TR2 16
51.5274 	DATA 	Keypress: 5
51.5275 	DATA 	TR 34 | TR1 17 | TR2 17
52.2606 	DATA 	
52.2606 	DATA 	Trial complete
52.2606 	DATA 	Waiting for VASO trigger to start next trial
52.2606 	DATA 	
53.0945 	DATA 	Keypress: 5
53.1105 	DATA 	Waited 0.849877119064331 seconds for trigger
53.1114 	DATA 	
53.1114 	DATA 	Trial 2
53.1114 	DATA 	stimDur = 1.0
53.1114 	DATA 	jitter = 1.5705
53.1114 	DATA 	restDur = 20.0

53.1114 	DATA 	
53.1114 	DATA 	TR 35 | TR1 18 | TR2 17
54.6604 	DATA 	Keypress: 5
54.6604 	DATA 	TR 36 | TR1 18 | TR2 18
54.6937 	DATA 	
54.6937 	DATA 	stimulation started
54.6937 	DATA 	
55.6935 	DATA 	
55.6935 	DATA 	stimulation stopped
55.6935 	DATA 	
56.2269 	DATA 	Keypress: 5
56.2270 	DATA 	TR 37 | TR1 19 | TR2 18
57.7767 	DATA 	Keypress: 5
57.7767 	DATA 	TR 38 | TR1 19 | TR2 19
59.3432 	DATA 	Keypress: 5
59.3432 	DATA 	TR 39 | TR1 20 | TR2 19
60.8930 	DATA 	Keypress: 5
60.8930 	DATA 	TR 40 | TR1 20 | TR2 20
62.4761 	DATA 	Keypress: 5
62.4762 	DATA 	TR 41 | TR1 21 | TR2 20
64.0259 	DATA 	Keypress: 5
64.0259 	DATA 	TR 42 | TR1 21 | TR2 21
65.5925 	DATA 	Keypress: 5
65.5926 	DATA 	TR 43 | TR1 22 | TR2 21
67.1421 	DATA 	Keypress: 5
67.1421 	DATA 	TR 44 | TR1 22 | TR2 22
68.7252 	DATA 	Keypress: 5
68.7253 	DATA 	TR 45 | TR1 23 | TR2 22
70.2751 	DATA 	Keypress: 5
70.2751 	DATA 	TR 46 | TR1 23 | TR2 23
71.8414 	DATA 	Keypress: 5
71.8415 	DATA 	TR 47 | TR1 24 | TR2 23
73.3912 	DATA 	Keypress: 5
73.3912 	DATA 	TR 48 | TR1 24 | TR2 24
74.9577 	DATA 	Keypress: 5
74.9577 	DATA 	TR 49 | TR1 25 | TR2 24
75.6909 	DATA 	
75.6909 	DATA 	Trial complete
75.6909 	DATA 	Waiting for VASO trigger to start next trial
75.6909 	DATA 	
76.5081 	DATA 	Keypress: 5
76.5241 	DATA 	TR 50 | TR1 25 | TR2 25
78.0906 	DATA 	Keypress: 5
78.0907 	DATA 	Waited 2.3997719287872314 seconds for trigger
78.0914 	DATA 	
78.0914 	DATA 	Trial 3
78.0915 	DATA 	stimDur = 12.0
78.0915 	DATA 	jitter = 1.5705
78.0915 	DATA 	restDur = 30.0

78.0915 	DATA 	
78.0915 	DATA 	TR 51 | TR1 26 | TR2 25
79.6407 	DATA 	Keypress: 5
79.6407 	DATA 	TR 52 | TR1 26 | TR2 26
79.6737 	DATA 	
79.6737 	DATA 	stimulation started
79.6737 	DATA 	
81.2072 	DATA 	Keypress: 5
81.2072 	DATA 	TR 53 | TR1 27 | TR2 26
82.7569 	DATA 	Keypress: 5
82.7569 	DATA 	TR 54 | TR1 27 | TR2 27
84.3401 	DATA 	Keypress: 5
84.3401 	DATA 	TR 55 | TR1 28 | TR2 27
85.8899 	DATA 	Keypress: 5
85.8900 	DATA 	TR 56 | TR1 28 | TR2 28
87.4565 	DATA 	Keypress: 5
87.4565 	DATA 	TR 57 | TR1 29 | TR2 28
89.0063 	DATA 	Keypress: 5
89.0064 	DATA 	TR 58 | TR1 29 | TR2 29
90.5729 	DATA 	Keypress: 5
90.5729 	DATA 	TR 59 | TR1 30 | TR2 29
91.6727 	DATA 	
91.6727 	DATA 	stimulation stopped
91.6727 	DATA 	
92.1393 	DATA 	Keypress: 5
92.1393 	DATA 	TR 60 | TR1 30 | TR2 30
93.7059 	DATA 	Keypress: 5
93.7059 	DATA 	TR 61 | TR1 31 | TR2 30
95.2557 	DATA 	Keypress: 5
95.2557 	DATA 	TR 62 | TR1 31 | TR2 31
96.8223 	DATA 	Keypress: 5
96.8223 	DATA 	TR 63 | TR1 32 | TR2 31
98.3722 	DATA 	Keypress: 5
98.3723 	DATA 	TR 64 | TR1 32 | TR2 32
99.9553 	DATA 	Keypress: 5
99.9554 	DATA 	TR 65 | TR1 33 | TR2 32
101.5052 	DATA 	Keypress: 5
101.5052 	DATA 	TR 66 | TR1 33 | TR2 33
103.0717 	DATA 	Keypress: 5
103.0718 	DATA 	TR 67 | TR1 34 | TR2 33
104.6216 	DATA 	Keypress: 5
104.6216 	DATA 	TR 68 | TR1 34 | TR2 34
106.2048 	DATA 	Keypress: 5
106.2049 	DATA 	TR 69 | TR1 35 | TR2 34
107.7547 	DATA 	Keypress: 5
107.7547 	DATA 	TR 70 | TR1 35 | TR2 35
109.3212 	DATA 	Keypress: 5
109.3213 	DATA 	TR 71 | TR1 36 | TR2 35
109.4212 	DATA 	Target presented
109.9545 	DATA 	Keypress: 1
109.9545 	DATA 	Key1 pressed
109.9545 	DATA 	Target detected
110.8711 	DATA 	Keypress: 5
110.8711 	DATA 	TR 72 | TR1 36 | TR2 36
112.4376 	DATA 	Keypress: 5
112.4377 	DATA 	TR 73 | TR1 37 | TR2 36
114.0042 	DATA 	Keypress: 5
114.0042 	DATA 	TR 74 | TR1 37 | TR2 37
115.5707 	DATA 	Keypress: 5
115.5708 	DATA 	TR 75 | TR1 38 | TR2 37
117.1206 	DATA 	Keypress: 5
117.1206 	DATA 	TR 76 | TR1 38 | TR2 38
118.6871 	DATA 	Keypress: 5
118.6872 	DATA 	TR 77 | TR1 39 | TR2 38
120.2372 	DATA 	Keypress: 5
120.2373 	DATA 	TR 78 | TR1 39 | TR2 39
121.6702 	DATA 	
121.6702 	DATA 	Trial complete
121.6702 	DATA 	Waiting for VASO trigger to start next trial
121.6703 	DATA 	
121.8202 	DATA 	Keypress: 5
121.8203 	DATA 	Waited 0.1500251293182373 seconds for trigger
121.8210 	DATA 	
121.8210 	DATA 	Trial 4
121.8211 	DATA 	stimDur = 1.0
121.8211 	DATA 	jitter = 0.78525
121.8211 	DATA 	restDur = 20.0

121.8211 	DATA 	
121.8211 	DATA 	TR 79 | TR1 40 | TR2 39
122.6201 	DATA 	
122.6201 	DATA 	stimulation started
122.6201 	DATA 	
123.3702 	DATA 	Keypress: 5
123.3702 	DATA 	TR 80 | TR1 40 | TR2 40
123.6203 	DATA 	
123.6203 	DATA 	stimulation stopped
123.6203 	DATA 	
124.9367 	DATA 	Keypress: 5
124.9367 	DATA 	TR 81 | TR1 41 | TR2 40
126.4865 	DATA 	Keypress: 5
126.4866 	DATA 	TR 82 | TR1 41 | TR2 41
128.0537 	DATA 	Keypress: 5
128.0697 	DATA 	TR 83 | TR1 42 | TR2 41
129.6197 	DATA 	Keypress: 5
129.6197 	DATA 	TR 84 | TR1 42 | TR2 42
131.1862 	DATA 	Keypress: 5
131.1863 	DATA 	TR 85 | TR1 43 | TR2 42
132.7361 	DATA 	Keypress: 5
132.7361 	DATA 	TR 86 | TR1 43 | TR2 43
134.3028 	DATA 	Keypress: 5
134.3029 	DATA 	TR 87 | TR1 44 | TR2 43
135.8525 	DATA 	Keypress: 5
135.8526 	DATA 	TR 88 | TR1 44 | TR2 44
137.4358 	DATA 	Keypress: 5
137.4358 	DATA 	TR 89 | TR1 45 | TR2 44
138.9857 	DATA 	Keypress: 5
138.9857 	DATA 	TR 90 | TR1 45 | TR2 45
140.5524 	DATA 	Keypress: 5
140.5524 	DATA 	TR 91 | TR1 46 | TR2 45
142.1021 	DATA 	Keypress: 5
142.1021 	DATA 	TR 92 | TR1 46 | TR2 46
143.6186 	DATA 	
143.6187 	DATA 	Trial complete
143.6187 	DATA 	Waiting for VASO trigger to start next trial
143.6187 	DATA 	
143.6853 	DATA 	Keypress: 5
143.6854 	DATA 	Waited 0.06669211387634277 seconds for trigger
143.6861 	DATA 	
143.6861 	DATA 	Trial 5
143.6861 	DATA 	stimDur = 24.0
143.6862 	DATA 	jitter = 1.5705
143.6862 	DATA 	restDur = 40.0

143.6862 	DATA 	
143.6862 	DATA 	TR 93 | TR1 47 | TR2 46
145.2352 	DATA 	Keypress: 5
145.2353 	DATA 	TR 94 | TR1 47 | TR2 47
145.2685 	DATA 	
145.2685 	DATA 	stimulation started
145.2685 	DATA 	
146.8019 	DATA 	Keypress: 5
146.8019 	DATA 	TR 95 | TR1 48 | TR2 47
148.3517 	DATA 	Keypress: 5
148.3518 	DATA 	TR 96 | TR1 48 | TR2 48
149.9185 	DATA 	Keypress: 5
149.9185 	DATA 	TR 97 | TR1 49 | TR2 48
151.4848 	DATA 	Keypress: 5
151.4849 	DATA 	TR 98 | TR1 49 | TR2 49
153.0514 	DATA 	Keypress: 5
153.0515 	DATA 	TR 99 | TR1 50 | TR2 49
154.6013 	DATA 	Keypress: 5
154.6013 	DATA 	TR 100 | TR1 50 | TR2 50
156.1679 	DATA 	Keypress: 5
156.1680 	DATA 	TR 101 | TR1 51 | TR2 50
157.7178 	DATA 	Keypress: 5
157.7178 	DATA 	TR 102 | TR1 51 | TR2 51
159.3010 	DATA 	Keypress: 5
159.3010 	DATA 	TR 103 | TR1 52 | TR2 51
160.8510 	DATA 	Keypress: 5
160.8511 	DATA 	TR 104 | TR1 52 | TR2 52
162.4175 	DATA 	Keypress: 5
162.4176 	DATA 	TR 105 | TR1 53 | TR2 52
163.3674 	DATA 	Target presented
163.8341 	DATA 	Keypress: 1
163.8341 	DATA 	Key1 pressed
163.8341 	DATA 	Target detected
163.9674 	DATA 	Keypress: 5
163.9674 	DATA 	TR 106 | TR1 53 | TR2 53
165.5506 	DATA 	Keypress: 5
165.5507 	DATA 	TR 107 | TR1 54 | TR2 53
167.1005 	DATA 	Keypress: 5
167.1006 	DATA 	TR 108 | TR1 54 | TR2 54
168.6671 	DATA 	Keypress: 5
168.6672 	DATA 	TR 109 | TR1 55 | TR2 54
169.2670 	DATA 	
169.2670 	DATA 	stimulation stopped
169.2670 	DATA 	
170.2169 	DATA 	Keypress: 5
170.2170 	DATA 	TR 110 | TR1 55 | TR2 55
171.7835 	DATA 	Keypress: 5
171.7836 	DATA 	TR 111 | TR1 56 | TR2 55
173.3340 	DATA 	Keypress: 5
173.3501 	DATA 	TR 112 | TR1 56 | TR2 56
174.9167 	DATA 	Keypress: 5
174.9167 	DATA 	TR 113 | TR1 57 | TR2 56
176.4666 	DATA 	Keypress: 5
176.4666 	DATA 	TR 114 | TR1 57 | TR2 57
178.0332 	DATA 	Keypress: 5
178.0332 	DATA 	TR 115 | TR1 58 | TR2 57
179.5832 	DATA 	Keypress: 5
179.5832 	DATA 	TR 116 | TR1 58 | TR2 58
181.1663 	DATA 	Keypress: 5
181.1664 	DATA 	TR 117 | TR1 59 | TR2 58
182.7162 	DATA 	Keypress: 5
182.7162 	DATA 	TR 118 | TR1 59 | TR2 59
184.2828 	DATA 	Keypress: 5
184.2829 	DATA 	TR 119 | TR1 60 | TR2 59
185.8327 	DATA 	Keypress: 5
185.8327 	DATA 	TR 120 | TR1 60 | TR2 60
187.3999 	DATA 	Keypress: 5
187.4159 	DATA 	TR 121 | TR1 61 | TR2 60
188.9658 	DATA 	Keypress: 5
188.9659 	DATA 	TR 122 | TR1 61 | TR2 61
190.5325 	DATA 	Keypress: 5
190.5325 	DATA 	TR 123 | TR1 62 | TR2 61
192.0823 	DATA 	Keypress: 5
192.0824 	DATA 	TR 124 | TR1 62 | TR2 62
193.6489 	DATA 	Keypress: 5
193.6490 	DATA 	TR 125 | TR1 63 | TR2 62
195.1988 	DATA 	Keypress: 5
195.1988 	DATA 	TR 126 | TR1 63 | TR2 63
196.7821 	DATA 	Keypress: 5
196.7821 	DATA 	TR 127 | TR1 64 | TR2 63
198.3320 	DATA 	Keypress: 5
198.3320 	DATA 	TR 128 | TR1 64 | TR2 64
199.8986 	DATA 	Keypress: 5
199.8987 	DATA 	TR 129 | TR1 65 | TR2 64
201.4485 	DATA 	Keypress: 5
201.4486 	DATA 	TR 130 | TR1 65 | TR2 65
203.0318 	DATA 	Keypress: 5
203.0318 	DATA 	TR 131 | TR1 66 | TR2 65
204.5817 	DATA 	Keypress: 5
204.5817 	DATA 	TR 132 | TR1 66 | TR2 66
205.0485 	DATA 	Target presented
205.5484 	DATA 	Keypress: 1
205.5485 	DATA 	Key1 pressed
205.5485 	DATA 	Target detected
206.1483 	DATA 	Keypress: 5
206.1483 	DATA 	TR 133 | TR1 67 | TR2 66
207.6982 	DATA 	Keypress: 5
207.6982 	DATA 	TR 134 | TR1 67 | TR2 67
209.2648 	DATA 	Keypress: 5
209.2648 	DATA 	TR 135 | TR1 68 | TR2 67
209.2649 	DATA 	
209.2649 	DATA 	Trial complete
209.2649 	DATA 	Waiting for VASO trigger to start next trial
209.2649 	DATA 	
210.8314 	DATA 	Keypress: 5
210.8314 	DATA 	TR 136 | TR1 68 | TR2 68
212.3980 	DATA 	Keypress: 5
212.3981 	DATA 	Waited 3.1331868171691895 seconds for trigger
212.3989 	DATA 	
212.3989 	DATA 	Trial 6
212.3989 	DATA 	stimDur = 24.0
212.3989 	DATA 	jitter = 0.0
212.3989 	DATA 	restDur = 40.0

212.3989 	DATA 	
212.3989 	DATA 	TR 137 | TR1 69 | TR2 68
212.3989 	DATA 	
212.3989 	DATA 	stimulation started
212.3989 	DATA 	
213.9479 	DATA 	Keypress: 5
213.9480 	DATA 	TR 138 | TR1 69 | TR2 69
215.5145 	DATA 	Keypress: 5
215.5146 	DATA 	TR 139 | TR1 70 | TR2 69
217.0644 	DATA 	Keypress: 5
217.0645 	DATA 	TR 140 | TR1 70 | TR2 70
218.6477 	DATA 	Keypress: 5
218.6478 	DATA 	TR 141 | TR1 71 | TR2 70
220.1976 	DATA 	Keypress: 5
220.1977 	DATA 	TR 142 | TR1 71 | TR2 71
221.7642 	DATA 	Keypress: 5
221.7643 	DATA 	TR 143 | TR1 72 | TR2 71
223.3141 	DATA 	Keypress: 5
223.3142 	DATA 	TR 144 | TR1 72 | TR2 72
224.8815 	DATA 	Keypress: 5
224.8973 	DATA 	TR 145 | TR1 73 | TR2 72
226.4473 	DATA 	Keypress: 5
226.4474 	DATA 	TR 146 | TR1 73 | TR2 73
228.0139 	DATA 	Keypress: 5
228.0140 	DATA 	TR 147 | TR1 74 | TR2 73
229.5638 	DATA 	Keypress: 5
229.5639 	DATA 	TR 148 | TR1 74 | TR2 74
231.1305 	DATA 	Keypress: 5
231.1305 	DATA 	TR 149 | TR1 75 | TR2 74
232.6805 	DATA 	Keypress: 5
232.6805 	DATA 	TR 150 | TR1 75 | TR2 75
234.2637 	DATA 	Keypress: 5
234.2637 	DATA 	TR 151 | TR1 76 | TR2 75
235.8136 	DATA 	Keypress: 5
235.8136 	DATA 	TR 152 | TR1 76 | TR2 76
236.4135 	DATA 	
236.4135 	DATA 	stimulation stopped
236.4135 	DATA 	
237.3801 	DATA 	Keypress: 5
237.3802 	DATA 	TR 153 | TR1 77 | TR2 76
238.9300 	DATA 	Keypress: 5
238.9301 	DATA 	TR 154 | TR1 77 | TR2 77
240.5133 	DATA 	Keypress: 5
240.5134 	DATA 	TR 155 | TR1 78 | TR2 77
242.0632 	DATA 	Keypress: 5
242.0632 	DATA 	TR 156 | TR1 78 | TR2 78
243.6299 	DATA 	Keypress: 5
243.6299 	DATA 	TR 157 | TR1 79 | TR2 78
245.1798 	DATA 	Keypress: 5
245.1798 	DATA 	TR 158 | TR1 79 | TR2 79
246.7464 	DATA 	Keypress: 5
246.7464 	DATA 	TR 159 | TR1 80 | TR2 79
248.2971 	DATA 	Keypress: 5
248.3129 	DATA 	TR 160 | TR1 80 | TR2 80
249.8796 	DATA 	Keypress: 5
249.8797 	DATA 	TR 161 | TR1 81 | TR2 80
251.4295 	DATA 	Keypress: 5
251.4296 	DATA 	TR 162 | TR1 81 | TR2 81
252.9961 	DATA 	Keypress: 5
252.9962 	DATA 	TR 163 | TR1 82 | TR2 81
254.5461 	DATA 	Keypress: 5
254.5461 	DATA 	TR 164 | TR1 82 | TR2 82
256.1293 	DATA 	Keypress: 5
256.1294 	DATA 	TR 165 | TR1 83 | TR2 82
257.6793 	DATA 	Keypress: 5
257.6793 	DATA 	TR 166 | TR1 83 | TR2 83
259.2459 	DATA 	Keypress: 5
259.2459 	DATA 	TR 167 | TR1 84 | TR2 83
260.7958 	DATA 	Keypress: 5
260.7959 	DATA 	TR 168 | TR1 84 | TR2 84
262.3791 	DATA 	Keypress: 5
262.3792 	DATA 	TR 169 | TR1 85 | TR2 84
263.9290 	DATA 	Keypress: 5
263.9290 	DATA 	TR 170 | TR1 85 | TR2 85
265.4957 	DATA 	Keypress: 5
265.4957 	DATA 	TR 171 | TR1 86 | TR2 85
267.0455 	DATA 	Keypress: 5
267.0456 	DATA 	TR 172 | TR1 86 | TR2 86
268.6122 	DATA 	Keypress: 5
268.6122 	DATA 	TR 173 | TR1 87 | TR2 86
270.1621 	DATA 	Keypress: 5
270.1622 	DATA 	TR 174 | TR1 87 | TR2 87
271.7454 	DATA 	Keypress: 5
271.7455 	DATA 	TR 175 | TR1 88 | TR2 87
273.2953 	DATA 	Keypress: 5
273.2953 	DATA 	TR 176 | TR1 88 | TR2 88
274.8620 	DATA 	Keypress: 5
274.8620 	DATA 	TR 177 | TR1 89 | TR2 88
276.4119 	DATA 	Keypress: 5
276.4119 	DATA 	TR 178 | TR1 89 | TR2 89
276.4119 	DATA 	
276.4119 	DATA 	Trial complete
276.4119 	DATA 	Waiting for VASO trigger to start next trial
276.4119 	DATA 	
277.9952 	DATA 	Keypress: 5
277.9952 	DATA 	Waited 1.5832672119140625 seconds for trigger
277.9960 	DATA 	
277.9960 	DATA 	Trial 7
277.9960 	DATA 	stimDur = 4.0
277.9960 	DATA 	jitter = 1.5705
277.9960 	DATA 	restDur = 24.0

277.9960 	DATA 	
277.9960 	DATA 	TR 179 | TR1 90 | TR2 89
279.5451 	DATA 	Keypress: 5
279.5452 	DATA 	TR 180 | TR1 90 | TR2 90
279.5784 	DATA 	
279.5784 	DATA 	stimulation started
279.5784 	DATA 	
279.8285 	DATA 	Target presented
280.2952 	DATA 	Keypress: 1
280.2952 	DATA 	Key1 pressed
280.2952 	DATA 	Target detected
281.1118 	DATA 	Keypress: 5
281.1118 	DATA 	TR 181 | TR1 91 | TR2 90
282.6617 	DATA 	Keypress: 5
282.6618 	DATA 	TR 182 | TR1 91 | TR2 91
283.5783 	DATA 	
283.5783 	DATA 	stimulation stopped
283.5783 	DATA 	
284.2283 	DATA 	Keypress: 5
284.2283 	DATA 	TR 183 | TR1 92 | TR2 91
285.7951 	DATA 	Keypress: 5
285.7952 	DATA 	TR 184 | TR1 92 | TR2 92
287.3615 	DATA 	Keypress: 5
287.3616 	DATA 	TR 185 | TR1 93 | TR2 92
288.9114 	DATA 	Keypress: 5
288.9116 	DATA 	TR 186 | TR1 93 | TR2 93
290.4780 	DATA 	Keypress: 5
290.4781 	DATA 	TR 187 | TR1 94 | TR2 93
292.0280 	DATA 	Keypress: 5
292.0281 	DATA 	TR 188 | TR1 94 | TR2 94
293.6113 	DATA 	Keypress: 5
293.6113 	DATA 	TR 189 | TR1 95 | TR2 94
295.1613 	DATA 	Keypress: 5
295.1614 	DATA 	TR 190 | TR1 95 | TR2 95
296.7278 	DATA 	Keypress: 5
296.7279 	DATA 	TR 191 | TR1 96 | TR2 95
298.2778 	DATA 	Keypress: 5
298.2779 	DATA 	TR 192 | TR1 96 | TR2 96
299.8611 	DATA 	Keypress: 5
299.8611 	DATA 	TR 193 | TR1 97 | TR2 96
301.4111 	DATA 	Keypress: 5
301.4112 	DATA 	TR 194 | TR1 97 | TR2 97
302.9776 	DATA 	Keypress: 5
302.9777 	DATA 	TR 195 | TR1 98 | TR2 97
304.5276 	DATA 	Keypress: 5
304.5277 	DATA 	TR 196 | TR1 98 | TR2 98
306.0942 	DATA 	Keypress: 5
306.0942 	DATA 	TR 197 | TR1 99 | TR2 98
307.5775 	DATA 	
307.5775 	DATA 	Trial complete
307.5775 	DATA 	Waiting for VASO trigger to start next trial
307.5775 	DATA 	
307.6448 	DATA 	Keypress: 5
307.6606 	DATA 	TR 198 | TR1 99 | TR2 99
309.2275 	DATA 	Keypress: 5
309.2275 	DATA 	Waited 1.6499888896942139 seconds for trigger
309.2283 	DATA 	
309.2283 	DATA 	Trial 8
309.2283 	DATA 	stimDur = 4.0
309.2283 	DATA 	jitter = 0.78525
309.2283 	DATA 	restDur = 24.0

309.2283 	DATA 	
309.2283 	DATA 	TR 199 | TR1 100 | TR2 99
310.0274 	DATA 	
310.0274 	DATA 	stimulation started
310.0274 	DATA 	
310.7775 	DATA 	Keypress: 5
310.7775 	DATA 	TR 200 | TR1 100 | TR2 100
312.3441 	DATA 	Keypress: 5
312.3441 	DATA 	TR 201 | TR1 101 | TR2 100
313.8941 	DATA 	Keypress: 5
313.8941 	DATA 	TR 202 | TR1 101 | TR2 101
314.0273 	DATA 	
314.0273 	DATA 	stimulation stopped
314.0273 	DATA 	
315.4773 	DATA 	Keypress: 5
315.4773 	DATA 	TR 203 | TR1 102 | TR2 101
317.0273 	DATA 	Keypress: 5
317.0273 	DATA 	TR 204 | TR1 102 | TR2 102
318.5938 	DATA 	Keypress: 5
318.5939 	DATA 	TR 205 | TR1 103 | TR2 102
320.1438 	DATA 	Keypress: 5
320.1439 	DATA 	TR 206 | TR1 103 | TR2 103
321.7110 	DATA 	Keypress: 5
321.7271 	DATA 	TR 207 | TR1 104 | TR2 103
323.2771 	DATA 	Keypress: 5
323.2771 	DATA 	TR 208 | TR1 104 | TR2 104
324.6937 	DATA 	Target presented
324.8437 	DATA 	Keypress: 5
324.8437 	DATA 	TR 209 | TR1 105 | TR2 104
325.2270 	DATA 	Keypress: 1
325.2270 	DATA 	Key1 pressed
325.2270 	DATA 	Target detected
326.3936 	DATA 	Keypress: 5
326.3937 	DATA 	TR 210 | TR1 105 | TR2 105
327.9602 	DATA 	Keypress: 5
327.9603 	DATA 	TR 211 | TR1 106 | TR2 105
329.5102 	DATA 	Keypress: 5
329.5102 	DATA 	TR 212 | TR1 106 | TR2 106
331.0935 	DATA 	Keypress: 5
331.0935 	DATA 	TR 213 | TR1 107 | TR2 106
332.6435 	DATA 	Keypress: 5
332.6435 	DATA 	TR 214 | TR1 107 | TR2 107
334.2101 	DATA 	Keypress: 5
334.2101 	DATA 	TR 215 | TR1 108 | TR2 107
335.7602 	DATA 	Keypress: 5
335.7602 	DATA 	TR 216 | TR1 108 | TR2 108
337.3433 	DATA 	Keypress: 5
337.3433 	DATA 	TR 217 | TR1 109 | TR2 108
338.0266 	DATA 	
338.0266 	DATA 	Trial complete
338.0267 	DATA 	Waiting for VASO trigger to start next trial
338.0267 	DATA 	
338.8933 	DATA 	Keypress: 5
338.8933 	DATA 	TR 218 | TR1 109 | TR2 109
340.4599 	DATA 	Keypress: 5
340.4600 	DATA 	Waited 2.4332878589630127 seconds for trigger
340.4607 	DATA 	
340.4607 	DATA 	Trial 9
340.4607 	DATA 	stimDur = 2.0
340.4607 	DATA 	jitter = 0.0
340.4607 	DATA 	restDur = 22.0

340.4607 	DATA 	
340.4607 	DATA 	TR 219 | TR1 110 | TR2 109
340.4608 	DATA 	
340.4608 	DATA 	stimulation started
340.4608 	DATA 	
342.0100 	DATA 	Keypress: 5
342.0100 	DATA 	TR 220 | TR1 110 | TR2 110
342.4765 	DATA 	
342.4766 	DATA 	stimulation stopped
342.4766 	DATA 	
343.5765 	DATA 	Keypress: 5
343.5765 	DATA 	TR 221 | TR1 111 | TR2 110
345.1431 	DATA 	Keypress: 5
345.1432 	DATA 	TR 222 | TR1 111 | TR2 111
346.7097 	DATA 	Keypress: 5
346.7098 	DATA 	TR 223 | TR1 112 | TR2 111
348.2597 	DATA 	Keypress: 5
348.2598 	DATA 	TR 224 | TR1 112 | TR2 112
349.8264 	DATA 	Keypress: 5
349.8264 	DATA 	TR 225 | TR1 113 | TR2 112
351.3763 	DATA 	Keypress: 5
351.3763 	DATA 	TR 226 | TR1 113 | TR2 113
352.9596 	DATA 	Keypress: 5
352.9597 	DATA 	TR 227 | TR1 114 | TR2 113
354.5096 	DATA 	Keypress: 5
354.5096 	DATA 	TR 228 | TR1 114 | TR2 114
356.0762 	DATA 	Keypress: 5
356.0762 	DATA 	TR 229 | TR1 115 | TR2 114
357.6262 	DATA 	Keypress: 5
357.6262 	DATA 	TR 230 | TR1 115 | TR2 115
359.1934 	DATA 	Keypress: 5
359.2094 	DATA 	TR 231 | TR1 116 | TR2 115
360.7595 	DATA 	Keypress: 5
360.7595 	DATA 	TR 232 | TR1 116 | TR2 116
362.3261 	DATA 	Keypress: 5
362.3261 	DATA 	TR 233 | TR1 117 | TR2 116
363.8760 	DATA 	Keypress: 5
363.8761 	DATA 	TR 234 | TR1 117 | TR2 117
364.4760 	DATA 	
364.4760 	DATA 	Trial complete
364.4760 	DATA 	Waiting for VASO trigger to start next trial
364.4760 	DATA 	
365.4427 	DATA 	Keypress: 5
365.4427 	DATA 	Waited 0.9666969776153564 seconds for trigger
365.4435 	DATA 	
365.4435 	DATA 	Trial 10
365.4435 	DATA 	stimDur = 4.0
365.4435 	DATA 	jitter = 0.0
365.4435 	DATA 	restDur = 24.0

365.4435 	DATA 	
365.4435 	DATA 	TR 235 | TR1 118 | TR2 117
365.4435 	DATA 	
365.4435 	DATA 	stimulation started
365.4435 	DATA 	
366.9927 	DATA 	Keypress: 5
366.9928 	DATA 	TR 236 | TR1 118 | TR2 118
368.5760 	DATA 	Keypress: 5
368.5760 	DATA 	TR 237 | TR1 119 | TR2 118
369.4592 	DATA 	
369.4592 	DATA 	stimulation stopped
369.4592 	DATA 	
370.1259 	DATA 	Keypress: 5
370.1260 	DATA 	TR 238 | TR1 119 | TR2 119
371.6925 	DATA 	Keypress: 5
371.6925 	DATA 	TR 239 | TR1 120 | TR2 119
373.2425 	DATA 	Keypress: 5
373.2425 	DATA 	TR 240 | TR1 120 | TR2 120
374.8258 	DATA 	Keypress: 5
374.8258 	DATA 	TR 241 | TR1 121 | TR2 120
376.3758 	DATA 	Keypress: 5
376.3758 	DATA 	TR 242 | TR1 121 | TR2 121
377.9424 	DATA 	Keypress: 5
377.9424 	DATA 	TR 243 | TR1 122 | TR2 121
379.4924 	DATA 	Keypress: 5
379.4924 	DATA 	TR 244 | TR1 122 | TR2 122
381.0589 	DATA 	Keypress: 5
381.0590 	DATA 	TR 245 | TR1 123 | TR2 122
382.6096 	DATA 	Keypress: 5
382.6256 	DATA 	TR 246 | TR1 123 | TR2 123
384.1922 	DATA 	Keypress: 5
384.1923 	DATA 	TR 247 | TR1 124 | TR2 123
385.7422 	DATA 	Keypress: 5
385.7423 	DATA 	TR 248 | TR1 124 | TR2 124
387.3089 	DATA 	Keypress: 5
387.3089 	DATA 	TR 249 | TR1 125 | TR2 124
388.8589 	DATA 	Keypress: 5
388.8589 	DATA 	TR 250 | TR1 125 | TR2 125
390.4421 	DATA 	Keypress: 5
390.4422 	DATA 	TR 251 | TR1 126 | TR2 125
391.9921 	DATA 	Keypress: 5
391.9922 	DATA 	TR 252 | TR1 126 | TR2 126
393.4587 	DATA 	
393.4587 	DATA 	Trial complete
393.4588 	DATA 	Waiting for VASO trigger to start next trial
393.4588 	DATA 	
393.5588 	DATA 	Keypress: 5
393.5588 	DATA 	Waited 0.1000368595123291 seconds for trigger
393.5596 	DATA 	
393.5596 	DATA 	Trial 11
393.5596 	DATA 	stimDur = 4.0
393.5596 	DATA 	jitter = 2.35575
393.5596 	DATA 	restDur = 24.0

393.5596 	DATA 	
393.5596 	DATA 	TR 253 | TR1 127 | TR2 126
395.1087 	DATA 	Keypress: 5
395.1088 	DATA 	TR 254 | TR1 127 | TR2 127
395.9253 	DATA 	
395.9253 	DATA 	stimulation started
395.9253 	DATA 	
396.6922 	DATA 	Keypress: 5
396.6922 	DATA 	TR 255 | TR1 128 | TR2 127
398.2421 	DATA 	Keypress: 5
398.2421 	DATA 	TR 256 | TR1 128 | TR2 128
399.8087 	DATA 	Keypress: 5
399.8087 	DATA 	TR 257 | TR1 129 | TR2 128
399.9253 	DATA 	
399.9253 	DATA 	stimulation stopped
399.9253 	DATA 	
401.3586 	DATA 	Keypress: 5
401.3587 	DATA 	TR 258 | TR1 129 | TR2 129
402.9252 	DATA 	Keypress: 5
402.9253 	DATA 	TR 259 | TR1 130 | TR2 129
404.3085 	DATA 	Target presented
404.4752 	DATA 	Keypress: 5
404.4753 	DATA 	TR 260 | TR1 130 | TR2 130
404.8251 	DATA 	Keypress: 1
404.8251 	DATA 	Key1 pressed
404.8251 	DATA 	Target detected
406.0585 	DATA 	Keypress: 5
406.0586 	DATA 	TR 261 | TR1 131 | TR2 130
407.6085 	DATA 	Keypress: 5
407.6086 	DATA 	TR 262 | TR1 131 | TR2 131
409.1751 	DATA 	Keypress: 5
409.1752 	DATA 	TR 263 | TR1 132 | TR2 131
410.7251 	DATA 	Keypress: 5
410.7252 	DATA 	TR 264 | TR1 132 | TR2 132
412.3085 	DATA 	Keypress: 5
412.3086 	DATA 	TR 265 | TR1 133 | TR2 132
413.8584 	DATA 	Keypress: 5
413.8585 	DATA 	TR 266 | TR1 133 | TR2 133
415.4250 	DATA 	Keypress: 5
415.4251 	DATA 	TR 267 | TR1 134 | TR2 133
416.9750 	DATA 	Keypress: 5
416.9751 	DATA 	TR 268 | TR1 134 | TR2 134
418.5417 	DATA 	Keypress: 5
418.5417 	DATA 	TR 269 | TR1 135 | TR2 134
420.1083 	DATA 	Keypress: 5
420.1083 	DATA 	TR 270 | TR1 135 | TR2 135
421.6750 	DATA 	Keypress: 5
421.6750 	DATA 	TR 271 | TR1 136 | TR2 135
423.2249 	DATA 	Keypress: 5
423.2250 	DATA 	TR 272 | TR1 136 | TR2 136
423.9249 	DATA 	
423.9249 	DATA 	Trial complete
423.9249 	DATA 	Waiting for VASO trigger to start next trial
423.9249 	DATA 	
424.7916 	DATA 	Keypress: 5
424.7916 	DATA 	Waited 0.8667359352111816 seconds for trigger
424.7924 	DATA 	
424.7924 	DATA 	Trial 12
424.7924 	DATA 	stimDur = 2.0
424.7924 	DATA 	jitter = 2.35575
424.7924 	DATA 	restDur = 22.0

424.7924 	DATA 	
424.7924 	DATA 	TR 273 | TR1 137 | TR2 136
426.3416 	DATA 	Keypress: 5
426.3417 	DATA 	TR 274 | TR1 137 | TR2 137
427.1582 	DATA 	
427.1582 	DATA 	stimulation started
427.1582 	DATA 	
427.9249 	DATA 	Keypress: 5
427.9249 	DATA 	TR 275 | TR1 138 | TR2 137
429.1582 	DATA 	
429.1582 	DATA 	stimulation stopped
429.1582 	DATA 	
429.4748 	DATA 	Keypress: 5
429.4749 	DATA 	TR 276 | TR1 138 | TR2 138
431.0415 	DATA 	Keypress: 5
431.0415 	DATA 	TR 277 | TR1 139 | TR2 138
432.5915 	DATA 	Keypress: 5
432.5916 	DATA 	TR 278 | TR1 139 | TR2 139
434.1748 	DATA 	Keypress: 5
434.1748 	DATA 	TR 279 | TR1 140 | TR2 139
435.7247 	DATA 	Keypress: 5
435.7248 	DATA 	TR 280 | TR1 140 | TR2 140
437.2914 	DATA 	Keypress: 5
437.2914 	DATA 	TR 281 | TR1 141 | TR2 140
438.8414 	DATA 	Keypress: 5
438.8414 	DATA 	TR 282 | TR1 141 | TR2 141
440.4080 	DATA 	Keypress: 5
440.4080 	DATA 	TR 283 | TR1 142 | TR2 141
441.9586 	DATA 	Keypress: 5
441.9746 	DATA 	TR 284 | TR1 142 | TR2 142
443.5413 	DATA 	Keypress: 5
443.5413 	DATA 	TR 285 | TR1 143 | TR2 142
445.0913 	DATA 	Keypress: 5
445.0913 	DATA 	TR 286 | TR1 143 | TR2 143
446.6579 	DATA 	Keypress: 5
446.6579 	DATA 	TR 287 | TR1 144 | TR2 143
448.2079 	DATA 	Keypress: 5
448.2080 	DATA 	TR 288 | TR1 144 | TR2 144
449.7912 	DATA 	Keypress: 5
449.7912 	DATA 	TR 289 | TR1 145 | TR2 144
451.1578 	DATA 	
451.1578 	DATA 	Trial complete
451.1578 	DATA 	Waiting for VASO trigger to start next trial
451.1578 	DATA 	
451.3412 	DATA 	Keypress: 5
451.3412 	DATA 	TR 290 | TR1 145 | TR2 145
452.9079 	DATA 	Keypress: 5
452.9079 	DATA 	Waited 1.7500579357147217 seconds for trigger
452.9087 	DATA 	
452.9087 	DATA 	Trial 13
452.9087 	DATA 	stimDur = 2.0
452.9087 	DATA 	jitter = 1.5705
452.9087 	DATA 	restDur = 22.0

452.9087 	DATA 	
452.9087 	DATA 	TR 291 | TR1 146 | TR2 145
454.4578 	DATA 	Keypress: 5
454.4579 	DATA 	TR 292 | TR1 146 | TR2 146
454.4911 	DATA 	
454.4911 	DATA 	stimulation started
454.4911 	DATA 	
456.0246 	DATA 	Keypress: 5
456.0247 	DATA 	TR 293 | TR1 147 | TR2 146
456.4911 	DATA 	
456.4911 	DATA 	stimulation stopped
456.4911 	DATA 	
457.5911 	DATA 	Keypress: 5
457.5912 	DATA 	TR 294 | TR1 147 | TR2 147
459.1577 	DATA 	Keypress: 5
459.1578 	DATA 	TR 295 | TR1 148 | TR2 147
460.7078 	DATA 	Keypress: 5
460.7078 	DATA 	TR 296 | TR1 148 | TR2 148
462.2744 	DATA 	Keypress: 5
462.2744 	DATA 	TR 297 | TR1 149 | TR2 148
463.8244 	DATA 	Keypress: 5
463.8244 	DATA 	TR 298 | TR1 149 | TR2 149
465.4077 	DATA 	Keypress: 5
465.4077 	DATA 	TR 299 | TR1 150 | TR2 149
466.9577 	DATA 	Keypress: 5
466.9577 	DATA 	TR 300 | TR1 150 | TR2 150
468.5243 	DATA 	Keypress: 5
468.5243 	DATA 	TR 301 | TR1 151 | TR2 150
470.0743 	DATA 	Keypress: 5
470.0744 	DATA 	TR 302 | TR1 151 | TR2 151
471.6576 	DATA 	Keypress: 5
471.6577 	DATA 	TR 303 | TR1 152 | TR2 151
473.2076 	DATA 	Keypress: 5
473.2077 	DATA 	TR 304 | TR1 152 | TR2 152
474.7742 	DATA 	Keypress: 5
474.7743 	DATA 	TR 305 | TR1 153 | TR2 152
476.3242 	DATA 	Keypress: 5
476.3243 	DATA 	TR 306 | TR1 153 | TR2 153
477.8910 	DATA 	Keypress: 5
477.8910 	DATA 	TR 307 | TR1 154 | TR2 153
478.2742 	DATA 	Target presented
478.4908 	DATA 	
478.4908 	DATA 	Trial complete
478.4909 	DATA 	Waiting for VASO trigger to start next trial
478.4909 	DATA 	
478.7909 	DATA 	Keypress: 1
478.7910 	DATA 	Key1 pressed
478.7910 	DATA 	Target detected
479.4575 	DATA 	Keypress: 5
479.4576 	DATA 	TR 308 | TR1 154 | TR2 154
481.0242 	DATA 	Keypress: 5
481.0242 	DATA 	Waited 2.5333540439605713 seconds for trigger
481.0250 	DATA 	
481.0250 	DATA 	Trial 14
481.0250 	DATA 	stimDur = 24.0
481.0250 	DATA 	jitter = 2.35575
481.0250 	DATA 	restDur = 40.0

481.0250 	DATA 	
481.0250 	DATA 	TR 309 | TR1 155 | TR2 154
482.5742 	DATA 	Keypress: 5
482.5742 	DATA 	TR 310 | TR1 155 | TR2 155
483.3908 	DATA 	
483.3908 	DATA 	stimulation started
483.3908 	DATA 	
484.1409 	DATA 	Keypress: 5
484.1409 	DATA 	TR 311 | TR1 156 | TR2 155
485.6909 	DATA 	Keypress: 5
485.6910 	DATA 	TR 312 | TR1 156 | TR2 156
487.2742 	DATA 	Keypress: 5
487.2742 	DATA 	TR 313 | TR1 157 | TR2 156
488.8242 	DATA 	Keypress: 5
488.8242 	DATA 	TR 314 | TR1 157 | TR2 157
490.3908 	DATA 	Keypress: 5
490.3908 	DATA 	TR 315 | TR1 158 | TR2 157
491.9408 	DATA 	Keypress: 5
491.9409 	DATA 	TR 316 | TR1 158 | TR2 158
493.5082 	DATA 	Keypress: 5
493.5241 	DATA 	TR 317 | TR1 159 | TR2 158
495.0741 	DATA 	Keypress: 5
495.0741 	DATA 	TR 318 | TR1 159 | TR2 159
496.6408 	DATA 	Keypress: 5
496.6409 	DATA 	TR 319 | TR1 160 | TR2 159
498.1907 	DATA 	Keypress: 5
498.1908 	DATA 	TR 320 | TR1 160 | TR2 160
499.7574 	DATA 	Keypress: 5
499.7574 	DATA 	TR 321 | TR1 161 | TR2 160
501.3074 	DATA 	Keypress: 5
501.3074 	DATA 	TR 322 | TR1 161 | TR2 161
502.8907 	DATA 	Keypress: 5
502.8907 	DATA 	TR 323 | TR1 162 | TR2 161
504.4407 	DATA 	Keypress: 5
504.4408 	DATA 	TR 324 | TR1 162 | TR2 162
506.0073 	DATA 	Keypress: 5
506.0074 	DATA 	TR 325 | TR1 163 | TR2 162
507.3906 	DATA 	
507.3906 	DATA 	stimulation stopped
507.3906 	DATA 	
507.5573 	DATA 	Keypress: 5
507.5574 	DATA 	TR 326 | TR1 163 | TR2 163
509.1406 	DATA 	Keypress: 5
509.1407 	DATA 	TR 327 | TR1 164 | TR2 163
510.6906 	DATA 	Keypress: 5
510.6906 	DATA 	TR 328 | TR1 164 | TR2 164
512.2572 	DATA 	Keypress: 5
512.2573 	DATA 	TR 329 | TR1 165 | TR2 164
513.8072 	DATA 	Keypress: 5
513.8072 	DATA 	TR 330 | TR1 165 | TR2 165
515.3739 	DATA 	Keypress: 5
515.3740 	DATA 	TR 331 | TR1 166 | TR2 165
516.9245 	DATA 	Keypress: 5
516.9405 	DATA 	TR 332 | TR1 166 | TR2 166
518.5073 	DATA 	Keypress: 5
518.5073 	DATA 	TR 333 | TR1 167 | TR2 166
520.0572 	DATA 	Keypress: 5
520.0572 	DATA 	TR 334 | TR1 167 | TR2 167
521.6239 	DATA 	Keypress: 5
521.6240 	DATA 	TR 335 | TR1 168 | TR2 167
523.1738 	DATA 	Keypress: 5
523.1739 	DATA 	TR 336 | TR1 168 | TR2 168
524.7572 	DATA 	Keypress: 5
524.7573 	DATA 	TR 337 | TR1 169 | TR2 168
526.3071 	DATA 	Keypress: 5
526.3072 	DATA 	TR 338 | TR1 169 | TR2 169
527.8738 	DATA 	Keypress: 5
527.8739 	DATA 	TR 339 | TR1 170 | TR2 169
529.4238 	DATA 	Keypress: 5
529.4238 	DATA 	TR 340 | TR1 170 | TR2 170
531.0072 	DATA 	Keypress: 5
531.0073 	DATA 	TR 341 | TR1 171 | TR2 170
532.5571 	DATA 	Keypress: 5
532.5571 	DATA 	TR 342 | TR1 171 | TR2 171
534.1238 	DATA 	Keypress: 5
534.1239 	DATA 	TR 343 | TR1 172 | TR2 171
535.6737 	DATA 	Keypress: 5
535.6738 	DATA 	TR 344 | TR1 172 | TR2 172
537.2404 	DATA 	Keypress: 5
537.2405 	DATA 	TR 345 | TR1 173 | TR2 172
538.7905 	DATA 	Keypress: 5
538.7905 	DATA 	TR 346 | TR1 173 | TR2 173
540.3738 	DATA 	Keypress: 5
540.3739 	DATA 	TR 347 | TR1 174 | TR2 173
541.9237 	DATA 	Keypress: 5
541.9238 	DATA 	TR 348 | TR1 174 | TR2 174
543.4904 	DATA 	Keypress: 5
543.4905 	DATA 	TR 349 | TR1 175 | TR2 174
543.9737 	DATA 	Target presented
544.4737 	DATA 	Keypress: 1
544.4737 	DATA 	Key1 pressed
544.4737 	DATA 	Target detected
545.0404 	DATA 	Keypress: 5
545.0404 	DATA 	TR 350 | TR1 175 | TR2 175
546.6237 	DATA 	Keypress: 5
546.6238 	DATA 	TR 351 | TR1 176 | TR2 175
547.3903 	DATA 	
547.3903 	DATA 	Trial complete
547.3903 	DATA 	Waiting for VASO trigger to start next trial
547.3903 	DATA 	
548.1737 	DATA 	Keypress: 5
548.1737 	DATA 	TR 352 | TR1 176 | TR2 176
549.7404 	DATA 	Keypress: 5
549.7404 	DATA 	Waited 2.3500630855560303 seconds for trigger
549.7412 	DATA 	
549.7412 	DATA 	Trial 15
549.7412 	DATA 	stimDur = 1.0
549.7412 	DATA 	jitter = 2.35575
549.7412 	DATA 	restDur = 20.0

549.7412 	DATA 	
549.7412 	DATA 	TR 353 | TR1 177 | TR2 176
551.2903 	DATA 	Keypress: 5
551.2904 	DATA 	TR 354 | TR1 177 | TR2 177
552.1070 	DATA 	
552.1070 	DATA 	stimulation started
552.1070 	DATA 	
552.8578 	DATA 	Keypress: 5
552.8737 	DATA 	TR 355 | TR1 178 | TR2 177
553.1070 	DATA 	
553.1070 	DATA 	stimulation stopped
553.1070 	DATA 	
554.4236 	DATA 	Keypress: 5
554.4237 	DATA 	TR 356 | TR1 178 | TR2 178
555.9903 	DATA 	Keypress: 5
555.9904 	DATA 	TR 357 | TR1 179 | TR2 178
557.5403 	DATA 	Keypress: 5
557.5403 	DATA 	TR 358 | TR1 179 | TR2 179
559.1070 	DATA 	Keypress: 5
559.1070 	DATA 	TR 359 | TR1 180 | TR2 179
560.6569 	DATA 	Keypress: 5
560.6570 	DATA 	TR 360 | TR1 180 | TR2 180
562.2403 	DATA 	Keypress: 5
562.2403 	DATA 	TR 361 | TR1 181 | TR2 180
563.7903 	DATA 	Keypress: 5
563.7903 	DATA 	TR 362 | TR1 181 | TR2 181
565.3569 	DATA 	Keypress: 5
565.3570 	DATA 	TR 363 | TR1 182 | TR2 181
566.9069 	DATA 	Keypress: 5
566.9070 	DATA 	TR 364 | TR1 182 | TR2 182
568.4903 	DATA 	Keypress: 5
568.4904 	DATA 	TR 365 | TR1 183 | TR2 182
570.0402 	DATA 	Keypress: 5
570.0403 	DATA 	TR 366 | TR1 183 | TR2 183
571.6070 	DATA 	Keypress: 5
571.6070 	DATA 	TR 367 | TR1 184 | TR2 183
573.1068 	DATA 	
573.1068 	DATA 	Trial complete
573.1069 	DATA 	Waiting for VASO trigger to start next trial
573.1069 	DATA 	
573.1569 	DATA 	Keypress: 5
573.1569 	DATA 	TR 368 | TR1 184 | TR2 184
574.7236 	DATA 	Keypress: 5
574.7236 	DATA 	Waited 1.616758108139038 seconds for trigger
574.7244 	DATA 	
574.7244 	DATA 	Trial 16
574.7244 	DATA 	stimDur = 12.0
574.7244 	DATA 	jitter = 0.0
574.7244 	DATA 	restDur = 30.0

574.7244 	DATA 	
574.7244 	DATA 	TR 369 | TR1 185 | TR2 184
574.7244 	DATA 	
574.7244 	DATA 	stimulation started
574.7244 	DATA 	
576.2744 	DATA 	Keypress: 5
576.2902 	DATA 	TR 370 | TR1 185 | TR2 185
577.8570 	DATA 	Keypress: 5
577.8570 	DATA 	TR 371 | TR1 186 | TR2 185
579.4069 	DATA 	Keypress: 5
579.4070 	DATA 	TR 372 | TR1 186 | TR2 186
580.9737 	DATA 	Keypress: 5
580.9737 	DATA 	TR 373 | TR1 187 | TR2 186
582.5236 	DATA 	Keypress: 5
582.5236 	DATA 	TR 374 | TR1 187 | TR2 187
584.1070 	DATA 	Keypress: 5
584.1070 	DATA 	TR 375 | TR1 188 | TR2 187
585.6569 	DATA 	Keypress: 5
585.6570 	DATA 	TR 376 | TR1 188 | TR2 188
586.7402 	DATA 	
586.7402 	DATA 	stimulation stopped
586.7402 	DATA 	
587.2235 	DATA 	Keypress: 5
587.2236 	DATA 	TR 377 | TR1 189 | TR2 188
588.7735 	DATA 	Keypress: 5
588.7735 	DATA 	TR 378 | TR1 189 | TR2 189
590.3401 	DATA 	Keypress: 5
590.3402 	DATA 	TR 379 | TR1 190 | TR2 189
591.9064 	DATA 	Keypress: 5
591.9064 	DATA 	TR 380 | TR1 190 | TR2 190
593.4729 	DATA 	Keypress: 5
593.4729 	DATA 	TR 381 | TR1 191 | TR2 190
595.0228 	DATA 	Keypress: 5
595.0228 	DATA 	TR 382 | TR1 191 | TR2 191
596.5891 	DATA 	Keypress: 5
596.5892 	DATA 	TR 383 | TR1 192 | TR2 191
598.1389 	DATA 	Keypress: 5
598.1389 	DATA 	TR 384 | TR1 192 | TR2 192
599.7220 	DATA 	Keypress: 5
599.7221 	DATA 	TR 385 | TR1 193 | TR2 192
601.2718 	DATA 	Keypress: 5
601.2719 	DATA 	TR 386 | TR1 193 | TR2 193
602.8383 	DATA 	Keypress: 5
602.8384 	DATA 	TR 387 | TR1 194 | TR2 193
604.3881 	DATA 	Keypress: 5
604.3881 	DATA 	TR 388 | TR1 194 | TR2 194
605.9712 	DATA 	Keypress: 5
605.9713 	DATA 	TR 389 | TR1 195 | TR2 194
607.5212 	DATA 	Keypress: 5
607.5212 	DATA 	TR 390 | TR1 195 | TR2 195
609.0875 	DATA 	Keypress: 5
609.0875 	DATA 	TR 391 | TR1 196 | TR2 195
610.6373 	DATA 	Keypress: 5
610.6373 	DATA 	TR 392 | TR1 196 | TR2 196
612.2038 	DATA 	Keypress: 5
612.2038 	DATA 	TR 393 | TR1 197 | TR2 196
613.7542 	DATA 	Keypress: 5
613.7702 	DATA 	TR 394 | TR1 197 | TR2 197
615.3367 	DATA 	Keypress: 5
615.3368 	DATA 	TR 395 | TR1 198 | TR2 197
616.7366 	DATA 	
616.7366 	DATA 	Trial complete
616.7366 	DATA 	Waiting for VASO trigger to start next trial
616.7366 	DATA 	
616.8865 	DATA 	Keypress: 5
616.8865 	DATA 	TR 396 | TR1 198 | TR2 198
618.4530 	DATA 	Keypress: 5
618.4530 	DATA 	Waited 1.716392993927002 seconds for trigger
618.4538 	DATA 	
618.4538 	DATA 	Trial 17
618.4538 	DATA 	stimDur = 12.0
618.4538 	DATA 	jitter = 0.78525
618.4538 	DATA 	restDur = 30.0

618.4538 	DATA 	
618.4538 	DATA 	TR 397 | TR1 199 | TR2 198
619.2528 	DATA 	
619.2528 	DATA 	stimulation started
619.2528 	DATA 	
620.0028 	DATA 	Keypress: 5
620.0029 	DATA 	TR 398 | TR1 199 | TR2 199
620.2363 	DATA 	Target presented
620.7361 	DATA 	Keypress: 1
620.7361 	DATA 	Key1 pressed
620.7361 	DATA 	Target detected
621.5860 	DATA 	Keypress: 5
621.5860 	DATA 	TR 399 | TR1 200 | TR2 199
623.1358 	DATA 	Keypress: 5
623.1358 	DATA 	TR 400 | TR1 200 | TR2 200
624.7023 	DATA 	Keypress: 5
624.7023 	DATA 	TR 401 | TR1 201 | TR2 200
626.2522 	DATA 	Keypress: 5
626.2522 	DATA 	TR 402 | TR1 201 | TR2 201
627.8193 	DATA 	Keypress: 5
627.8352 	DATA 	TR 403 | TR1 202 | TR2 201
629.3850 	DATA 	Keypress: 5
629.3851 	DATA 	TR 404 | TR1 202 | TR2 202
630.9515 	DATA 	Keypress: 5
630.9516 	DATA 	TR 405 | TR1 203 | TR2 202
631.2515 	DATA 	
631.2515 	DATA 	stimulation stopped
631.2515 	DATA 	
632.5013 	DATA 	Keypress: 5
632.5013 	DATA 	TR 406 | TR1 203 | TR2 203
634.0678 	DATA 	Keypress: 5
634.0678 	DATA 	TR 407 | TR1 204 | TR2 203
635.6175 	DATA 	Keypress: 5
635.6176 	DATA 	TR 408 | TR1 204 | TR2 204
637.2008 	DATA 	Keypress: 5
637.2008 	DATA 	TR 409 | TR1 205 | TR2 204
638.7506 	DATA 	Keypress: 5
638.7506 	DATA 	TR 410 | TR1 205 | TR2 205
640.3171 	DATA 	Keypress: 5
640.3171 	DATA 	TR 411 | TR1 206 | TR2 205
641.8670 	DATA 	Keypress: 5
641.8670 	DATA 	TR 412 | TR1 206 | TR2 206
643.4501 	DATA 	Keypress: 5
643.4501 	DATA 	TR 413 | TR1 207 | TR2 206
644.9999 	DATA 	Keypress: 5
644.9999 	DATA 	TR 414 | TR1 207 | TR2 207
646.5664 	DATA 	Keypress: 5
646.5664 	DATA 	TR 415 | TR1 208 | TR2 207
648.1162 	DATA 	Keypress: 5
648.1162 	DATA 	TR 416 | TR1 208 | TR2 208
649.6827 	DATA 	Keypress: 5
649.6827 	DATA 	TR 417 | TR1 209 | TR2 208
651.2492 	DATA 	Keypress: 5
651.2492 	DATA 	TR 418 | TR1 209 | TR2 209
652.8157 	DATA 	Keypress: 5
652.8157 	DATA 	TR 419 | TR1 210 | TR2 209
654.3655 	DATA 	Keypress: 5
654.3655 	DATA 	TR 420 | TR1 210 | TR2 210
655.9320 	DATA 	Keypress: 5
655.9320 	DATA 	TR 421 | TR1 211 | TR2 210
657.4818 	DATA 	Keypress: 5
657.4819 	DATA 	TR 422 | TR1 211 | TR2 211
659.0650 	DATA 	Keypress: 5
659.0651 	DATA 	TR 423 | TR1 212 | TR2 211
660.6148 	DATA 	Keypress: 5
660.6149 	DATA 	TR 424 | TR1 212 | TR2 212
661.2477 	DATA 	
661.2478 	DATA 	Trial complete
661.2478 	DATA 	Waiting for VASO trigger to start next trial
661.2478 	DATA 	
662.1813 	DATA 	Keypress: 5
662.1814 	DATA 	Waited 0.9336090087890625 seconds for trigger
662.1822 	DATA 	
662.1822 	DATA 	Trial 18
662.1822 	DATA 	stimDur = 12.0
662.1822 	DATA 	jitter = 2.35575
662.1822 	DATA 	restDur = 30.0

662.1822 	DATA 	
662.1822 	DATA 	TR 425 | TR1 213 | TR2 212
663.7311 	DATA 	Keypress: 5
663.7312 	DATA 	TR 426 | TR1 213 | TR2 213
664.5477 	DATA 	
664.5477 	DATA 	stimulation started
664.5477 	DATA 	
665.3144 	DATA 	Keypress: 5
665.3145 	DATA 	TR 427 | TR1 214 | TR2 213
666.8642 	DATA 	Keypress: 5
666.8643 	DATA 	TR 428 | TR1 214 | TR2 214
668.4307 	DATA 	Keypress: 5
668.4308 	DATA 	TR 429 | TR1 215 | TR2 214
669.9807 	DATA 	Keypress: 5
669.9808 	DATA 	TR 430 | TR1 215 | TR2 215
671.5472 	DATA 	Keypress: 5
671.5472 	DATA 	TR 431 | TR1 216 | TR2 215
673.0971 	DATA 	Keypress: 5
673.0971 	DATA 	TR 432 | TR1 216 | TR2 216
674.6801 	DATA 	Keypress: 5
674.6802 	DATA 	TR 433 | TR1 217 | TR2 216
676.2299 	DATA 	Keypress: 5
676.2300 	DATA 	TR 434 | TR1 217 | TR2 217
676.5465 	DATA 	
676.5465 	DATA 	stimulation stopped
676.5466 	DATA 	
677.7966 	DATA 	Keypress: 5
677.7966 	DATA 	TR 435 | TR1 218 | TR2 217
679.3462 	DATA 	Keypress: 5
679.3463 	DATA 	TR 436 | TR1 218 | TR2 218
680.0462 	DATA 	Target presented
680.5795 	DATA 	Keypress: 1
680.5795 	DATA 	Key1 pressed
680.5795 	DATA 	Target detected
680.9294 	DATA 	Keypress: 5
680.9295 	DATA 	TR 437 | TR1 219 | TR2 218
682.4792 	DATA 	Keypress: 5
682.4793 	DATA 	TR 438 | TR1 219 | TR2 219
684.0458 	DATA 	Keypress: 5
684.0459 	DATA 	TR 439 | TR1 220 | TR2 219
685.5956 	DATA 	Keypress: 5
685.5957 	DATA 	TR 440 | TR1 220 | TR2 220
687.1628 	DATA 	Keypress: 5
687.1788 	DATA 	TR 441 | TR1 221 | TR2 220
688.7287 	DATA 	Keypress: 5
688.7287 	DATA 	TR 442 | TR1 221 | TR2 221
690.2952 	DATA 	Keypress: 5
690.2953 	DATA 	TR 443 | TR1 222 | TR2 221
691.8450 	DATA 	Keypress: 5
691.8451 	DATA 	TR 444 | TR1 222 | TR2 222
693.4116 	DATA 	Keypress: 5
693.4116 	DATA 	TR 445 | TR1 223 | TR2 222
694.9614 	DATA 	Keypress: 5
694.9614 	DATA 	TR 446 | TR1 223 | TR2 223
696.5446 	DATA 	Keypress: 5
696.5447 	DATA 	TR 447 | TR1 224 | TR2 223
698.0945 	DATA 	Keypress: 5
698.0945 	DATA 	TR 448 | TR1 224 | TR2 224
699.6610 	DATA 	Keypress: 5
699.6611 	DATA 	TR 449 | TR1 225 | TR2 224
701.2108 	DATA 	Keypress: 5
701.2109 	DATA 	TR 450 | TR1 225 | TR2 225
702.7939 	DATA 	Keypress: 5
702.7940 	DATA 	TR 451 | TR1 226 | TR2 225
704.3436 	DATA 	Keypress: 5
704.3437 	DATA 	TR 452 | TR1 226 | TR2 226
705.9100 	DATA 	Keypress: 5
705.9101 	DATA 	TR 453 | TR1 227 | TR2 226
706.5432 	DATA 	
706.5432 	DATA 	Trial complete
706.5432 	DATA 	Waiting for VASO trigger to start next trial
706.5432 	DATA 	
707.4598 	DATA 	Keypress: 5
707.4598 	DATA 	TR 454 | TR1 227 | TR2 227
709.0261 	DATA 	Keypress: 5
709.0262 	DATA 	Waited 2.4829368591308594 seconds for trigger
709.0269 	DATA 	
709.0269 	DATA 	Trial 19
709.0269 	DATA 	stimDur = 2.0
709.0270 	DATA 	jitter = 0.78525
709.0270 	DATA 	restDur = 22.0

709.0270 	DATA 	
709.0270 	DATA 	TR 455 | TR1 228 | TR2 227
709.8259 	DATA 	
709.8259 	DATA 	stimulation started
709.8259 	DATA 	
710.5766 	DATA 	Keypress: 5
710.5925 	DATA 	TR 456 | TR1 228 | TR2 228
711.8256 	DATA 	
711.8256 	DATA 	stimulation stopped
711.8256 	DATA 	
712.1589 	DATA 	Keypress: 5
712.1590 	DATA 	TR 457 | TR1 229 | TR2 228
713.7086 	DATA 	Keypress: 5
713.7087 	DATA 	TR 458 | TR1 229 | TR2 229
715.2752 	DATA 	Keypress: 5
715.2752 	DATA 	TR 459 | TR1 230 | TR2 229
716.8247 	DATA 	Keypress: 5
716.8247 	DATA 	TR 460 | TR1 230 | TR2 230
718.4078 	DATA 	Keypress: 5
718.4078 	DATA 	TR 461 | TR1 231 | TR2 230
719.9575 	DATA 	Keypress: 5
719.9576 	DATA 	TR 462 | TR1 231 | TR2 231
721.5239 	DATA 	Keypress: 5
721.5240 	DATA 	TR 463 | TR1 232 | TR2 231
723.0736 	DATA 	Keypress: 5
723.0737 	DATA 	TR 464 | TR1 232 | TR2 232
724.6406 	DATA 	Keypress: 5
724.6566 	DATA 	TR 465 | TR1 233 | TR2 232
726.2064 	DATA 	Keypress: 5
726.2065 	DATA 	TR 466 | TR1 233 | TR2 233
727.7728 	DATA 	Keypress: 5
727.7728 	DATA 	TR 467 | TR1 234 | TR2 233
729.3226 	DATA 	Keypress: 5
729.3227 	DATA 	TR 468 | TR1 234 | TR2 234
730.8889 	DATA 	Keypress: 5
730.8890 	DATA 	TR 469 | TR1 235 | TR2 234
732.4387 	DATA 	Keypress: 5
732.4388 	DATA 	TR 470 | TR1 235 | TR2 235
733.4219 	DATA 	Target presented
733.8219 	DATA 	
733.8219 	DATA 	Trial complete
733.8219 	DATA 	
734.0218 	DATA 	Keypress: 5
734.0218 	DATA 	Waited 27.478582859039307 seconds for trigger
734.0226 	DATA 	
734.0226 	DATA 	Trial 20
734.0226 	DATA 	stimDur = 24.0
734.0226 	DATA 	jitter = 0.78525
734.0226 	DATA 	restDur = 40.0

734.0226 	DATA 	
734.0226 	DATA 	TR 471 | TR1 236 | TR2 235
734.0384 	DATA 	Keypress: 1
734.0385 	DATA 	Key1 pressed
734.0385 	DATA 	Target detected
734.8216 	DATA 	
734.8216 	DATA 	stimulation started
734.8216 	DATA 	
735.5716 	DATA 	Keypress: 5
735.5716 	DATA 	TR 472 | TR1 236 | TR2 236
737.1380 	DATA 	Keypress: 5
737.1380 	DATA 	TR 473 | TR1 237 | TR2 236
738.6877 	DATA 	Keypress: 5
738.6878 	DATA 	TR 474 | TR1 237 | TR2 237
740.2708 	DATA 	Keypress: 5
740.2709 	DATA 	TR 475 | TR1 238 | TR2 237
741.8205 	DATA 	Keypress: 5
741.8206 	DATA 	TR 476 | TR1 238 | TR2 238
743.3872 	DATA 	Keypress: 5
743.3872 	DATA 	TR 477 | TR1 239 | TR2 238
744.9367 	DATA 	Keypress: 5
744.9368 	DATA 	TR 478 | TR1 239 | TR2 239
746.5031 	DATA 	Keypress: 5
746.5032 	DATA 	TR 479 | TR1 240 | TR2 239
748.0536 	DATA 	Keypress: 5
748.0695 	DATA 	TR 480 | TR1 240 | TR2 240
749.6360 	DATA 	Keypress: 5
749.6360 	DATA 	TR 481 | TR1 241 | TR2 240
751.1857 	DATA 	Keypress: 5
751.1858 	DATA 	TR 482 | TR1 241 | TR2 241
752.7521 	DATA 	Keypress: 5
752.7522 	DATA 	TR 483 | TR1 242 | TR2 241
754.3019 	DATA 	Keypress: 5
754.3020 	DATA 	TR 484 | TR1 242 | TR2 242
755.8850 	DATA 	Keypress: 5
755.8850 	DATA 	TR 485 | TR1 243 | TR2 242
757.4348 	DATA 	Keypress: 5
757.4349 	DATA 	TR 486 | TR1 243 | TR2 243
758.8178 	DATA 	
758.8178 	DATA 	stimulation stopped
758.8178 	DATA 	
759.0011 	DATA 	Keypress: 5
759.0012 	DATA 	TR 487 | TR1 244 | TR2 243
760.5509 	DATA 	Keypress: 5
760.5510 	DATA 	TR 488 | TR1 244 | TR2 244
762.1179 	DATA 	Keypress: 5
762.1339 	DATA 	TR 489 | TR1 245 | TR2 244
763.6838 	DATA 	Keypress: 5
763.6838 	DATA 	TR 490 | TR1 245 | TR2 245
765.2502 	DATA 	Keypress: 5
765.2502 	DATA 	TR 491 | TR1 246 | TR2 245
766.8000 	DATA 	Keypress: 5
766.8000 	DATA 	TR 492 | TR1 246 | TR2 246
768.3664 	DATA 	Keypress: 5
768.3664 	DATA 	TR 493 | TR1 247 | TR2 246
769.9162 	DATA 	Keypress: 5
769.9163 	DATA 	TR 494 | TR1 247 | TR2 247
771.4992 	DATA 	Keypress: 5
771.4992 	DATA 	TR 495 | TR1 248 | TR2 247
773.0491 	DATA 	Keypress: 5
773.0491 	DATA 	TR 496 | TR1 248 | TR2 248
774.6155 	DATA 	Keypress: 5
774.6155 	DATA 	TR 497 | TR1 249 | TR2 248
776.1653 	DATA 	Keypress: 5
776.1653 	DATA 	TR 498 | TR1 249 | TR2 249
777.7484 	DATA 	Keypress: 5
777.7484 	DATA 	TR 499 | TR1 250 | TR2 249
779.2982 	DATA 	Keypress: 5
779.2982 	DATA 	TR 500 | TR1 250 | TR2 250
780.8646 	DATA 	Keypress: 5
780.8647 	DATA 	TR 501 | TR1 251 | TR2 250
782.4144 	DATA 	Keypress: 5
782.4145 	DATA 	TR 502 | TR1 251 | TR2 251
783.9808 	DATA 	Keypress: 5
783.9809 	DATA 	TR 503 | TR1 252 | TR2 251
785.5473 	DATA 	Keypress: 5
785.5474 	DATA 	TR 504 | TR1 252 | TR2 252
787.1137 	DATA 	Keypress: 5
787.1138 	DATA 	TR 505 | TR1 253 | TR2 252
788.6636 	DATA 	Keypress: 5
788.6636 	DATA 	TR 506 | TR1 253 | TR2 253
790.2300 	DATA 	Keypress: 5
790.2300 	DATA 	TR 507 | TR1 254 | TR2 253
791.7798 	DATA 	Keypress: 5
791.7799 	DATA 	TR 508 | TR1 254 | TR2 254
793.3629 	DATA 	Keypress: 5
793.3629 	DATA 	TR 509 | TR1 255 | TR2 254
794.9127 	DATA 	Keypress: 5
794.9128 	DATA 	TR 510 | TR1 255 | TR2 255
796.4792 	DATA 	Keypress: 5
796.4792 	DATA 	TR 511 | TR1 256 | TR2 255
798.0290 	DATA 	Keypress: 5
798.0290 	DATA 	TR 512 | TR1 256 | TR2 256
798.7955 	DATA 	Target presented
798.8121 	DATA 	
798.8121 	DATA 	Trial complete
798.8122 	DATA 	
799.3456 	DATA 	Keypress: 1
799.3457 	DATA 	Key1 pressed
799.3457 	DATA 	Target detected
799.6120 	DATA 	Keypress: 5
799.6121 	DATA 	TR 513 | TR1 257 | TR2 256
801.1619 	DATA 	Keypress: 5
801.1619 	DATA 	TR 514 | TR1 257 | TR2 257
802.7283 	DATA 	Keypress: 5
802.7284 	DATA 	TR 515 | TR1 258 | TR2 257
804.2782 	DATA 	Keypress: 5
804.2782 	DATA 	TR 516 | TR1 258 | TR2 258
805.8446 	DATA 	Keypress: 5
805.8447 	DATA 	TR 517 | TR1 259 | TR2 258
807.3944 	DATA 	Keypress: 5
807.3945 	DATA 	TR 518 | TR1 259 | TR2 259
808.9775 	DATA 	Keypress: 5
808.9776 	DATA 	TR 519 | TR1 260 | TR2 259
810.5274 	DATA 	Keypress: 5
810.5274 	DATA 	TR 520 | TR1 260 | TR2 260
812.0938 	DATA 	Keypress: 5
812.0939 	DATA 	TR 521 | TR1 261 | TR2 260
813.6436 	DATA 	Keypress: 5
813.6437 	DATA 	TR 522 | TR1 261 | TR2 261
815.2268 	DATA 	Keypress: 5
815.2268 	DATA 	TR 523 | TR1 262 | TR2 261
816.7766 	DATA 	Keypress: 5
816.7766 	DATA 	TR 524 | TR1 262 | TR2 262
826.8753 	DATA 	EndOfRun sub-05_ses-05_run-01

826.8753 	DATA 	We spent 56.30824041366577 seconds waiting for triggers
826.8753 	DATA 	RatioOfDetectedTargets 1.0
826.8754 	DATA 	You have detected 12 out of 12 targets.
831.9076 	EXP 	window1: mouseVisible = True
