MonitorDistance=99cm
MonitorWidth=30cm
PixelWidth=1024.0
PixelHeight=768.0
You have detected 12 out of 12 targets.
Excellent! Keep up the good work
6.7910 	INFO 	Loaded monitor calibration from ['2021_05_26 17:55']
7.2448 	EXP 	Created window1 = Window(allowGUI=False, allowStencil=False, autoLog=True, backendConf=UNKNOWN, bitsMode=UNKNOWN, blendMode='avg', bpc=(8, 8, 8), color=array([-0.5, -0.5, -0.5]), colorSpace='rgb', depthBits=8, fullscr=<method-wrapper '__getattribute__' of attributeSetter object at 0x7fd7be0c2400>, gamma=None, gammaErrorPolicy='raise', lms=UNKNOWN, monitor=<psychopy.monitors.calibTools.Monitor object at 0x7fd7b3edf0f0>, multiSample=False, name='window1', numSamples=2, pos=[0.0, 0.0], screen=0, size=array([1024,  768]), stencilBits=0, stereo=False, units='deg', useFBO=False, useRetina=False, viewOri=0.0, viewPos=None, viewScale=None, waitBlanking=True, winType='pyglet')
7.2449 	EXP 	window1: mouseVisible = True
7.3095 	EXP 	Created unnamed TextStim = TextStim(__class__=<class 'psychopy.visual.text.TextStim'>, alignHoriz=method-wrapper(...), alignText='center', alignVert=method-wrapper(...), anchorHoriz='center', anchorVert='center', antialias=True, autoLog=True, bold=False, color=array([1., 1., 1.]), colorSpace='rgb', contrast=1.0, depth=0, flipHoriz=False, flipVert=False, font='', fontFiles=[], height=0.5, italic=False, languageStyle='LTR', name='unnamed TextStim', opacity=1.0, ori=0.0, pos=array([0., 0.]), rgb=UNKNOWN, text=str(...), units='deg', win=Window(...), wrapWidth=15.0)
7.3393 	EXP 	Created Movie Frame 0 = ImageStim(__class__=<class 'psychopy.visual.image.ImageStim'>, autoLog=True, color=array([0.8, 0.8, 0.8]), colorSpace='rgb', contrast=0.8, depth=0, flipHoriz=False, flipVert=False, image='visual_0.png', interpolate=False, mask=None, maskParams=None, name='Movie Frame 0', opacity=1, ori=0.0, pos=array([0., 0.]), size=array([1024,  768]), texRes=128, units='pix', win=Window(...))
7.3623 	EXP 	Created Movie Frame 1 = ImageStim(__class__=<class 'psychopy.visual.image.ImageStim'>, autoLog=True, color=array([0.8, 0.8, 0.8]), colorSpace='rgb', contrast=0.8, depth=0, flipHoriz=False, flipVert=False, image='visual_1.png', interpolate=False, mask=None, maskParams=None, name='Movie Frame 1', opacity=1, ori=0.0, pos=array([0., 0.]), size=array([1024,  768]), texRes=128, units='pix', win=Window(...))
42.2975 	DATA 	Keypress: 5
0.0000 	DATA 	StartOfRun sub-05_ses-05_run-04
0.0000 	DATA 	TR 1 | TR1 1 | TR2 0
0.0098 	DATA 	Initial baseline

1.5502 	DATA 	Keypress: 5
1.5502 	DATA 	TR 2 | TR1 1 | TR2 1
3.1224 	DATA 	Keypress: 5
3.1224 	DATA 	TR 3 | TR1 2 | TR2 1
4.6736 	DATA 	Keypress: 5
4.6736 	DATA 	TR 4 | TR1 2 | TR2 2
6.2458 	DATA 	Keypress: 5
6.2459 	DATA 	TR 5 | TR1 3 | TR2 2
7.7970 	DATA 	Keypress: 5
7.7971 	DATA 	TR 6 | TR1 3 | TR2 3
9.3692 	DATA 	Keypress: 5
9.3693 	DATA 	TR 7 | TR1 4 | TR2 3
10.9204 	DATA 	Keypress: 5
10.9205 	DATA 	TR 8 | TR1 4 | TR2 4
12.4926 	DATA 	Keypress: 5
12.4927 	DATA 	TR 9 | TR1 5 | TR2 4
14.0438 	DATA 	Keypress: 5
14.0439 	DATA 	TR 10 | TR1 5 | TR2 5
15.6161 	DATA 	Keypress: 5
15.6161 	DATA 	TR 11 | TR1 6 | TR2 5
17.1673 	DATA 	Keypress: 5
17.1673 	DATA 	TR 12 | TR1 6 | TR2 6
18.7395 	DATA 	Keypress: 5
18.7395 	DATA 	TR 13 | TR1 7 | TR2 6
20.2906 	DATA 	Keypress: 5
20.2907 	DATA 	TR 14 | TR1 7 | TR2 7
21.8629 	DATA 	Keypress: 5
21.8630 	DATA 	TR 15 | TR1 8 | TR2 7
23.4141 	DATA 	Keypress: 5
23.4142 	DATA 	TR 16 | TR1 8 | TR2 8
24.9864 	DATA 	Keypress: 5
24.9864 	DATA 	TR 17 | TR1 9 | TR2 8
26.5376 	DATA 	Keypress: 5
26.5376 	DATA 	TR 18 | TR1 9 | TR2 9
28.1088 	DATA 	Keypress: 5
28.1088 	DATA 	TR 19 | TR1 10 | TR2 9
29.6610 	DATA 	Keypress: 5
29.6610 	DATA 	TR 20 | TR1 10 | TR2 10
31.2409 	DATA 	Keypress: 5
31.2410 	DATA 	Waited 1.2410011291503906 seconds for trigger
31.2425 	DATA 	
31.2425 	DATA 	Trial 1
31.2425 	DATA 	stimDur = 1.0
31.2425 	DATA 	jitter = 0.0
31.2425 	DATA 	restDur = 20.0

31.2425 	DATA 	
31.2425 	DATA 	TR 21 | TR1 11 | TR2 10
31.2425 	DATA 	
31.2425 	DATA 	stimulation started
31.2425 	DATA 	
32.2414 	DATA 	
32.2414 	DATA 	stimulation stopped
32.2414 	DATA 	
32.7912 	DATA 	Keypress: 5
32.7913 	DATA 	TR 22 | TR1 11 | TR2 11
34.3577 	DATA 	Keypress: 5
34.3577 	DATA 	TR 23 | TR1 12 | TR2 11
35.9084 	DATA 	Keypress: 5
35.9242 	DATA 	TR 24 | TR1 12 | TR2 12
37.4908 	DATA 	Keypress: 5
37.4909 	DATA 	TR 25 | TR1 13 | TR2 12
39.0407 	DATA 	Keypress: 5
39.0408 	DATA 	TR 26 | TR1 13 | TR2 13
40.6072 	DATA 	Keypress: 5
40.6073 	DATA 	TR 27 | TR1 14 | TR2 13
42.1571 	DATA 	Keypress: 5
42.1572 	DATA 	TR 28 | TR1 14 | TR2 14
43.7403 	DATA 	Keypress: 5
43.7404 	DATA 	TR 29 | TR1 15 | TR2 14
45.2902 	DATA 	Keypress: 5
45.2903 	DATA 	TR 30 | TR1 15 | TR2 15
46.8568 	DATA 	Keypress: 5
46.8568 	DATA 	TR 31 | TR1 16 | TR2 15
48.4067 	DATA 	Keypress: 5
48.4067 	DATA 	TR 32 | TR1 16 | TR2 16
49.9733 	DATA 	Keypress: 5
49.9734 	DATA 	TR 33 | TR1 17 | TR2 16
51.5398 	DATA 	Keypress: 5
51.5398 	DATA 	TR 34 | TR1 17 | TR2 17
52.2563 	DATA 	
52.2563 	DATA 	Trial complete
52.2563 	DATA 	Waiting for VASO trigger to start next trial
52.2563 	DATA 	
53.1063 	DATA 	Keypress: 5
53.1063 	DATA 	Waited 0.8499760627746582 seconds for trigger
53.1072 	DATA 	
53.1072 	DATA 	Trial 2
53.1072 	DATA 	stimDur = 1.0
53.1072 	DATA 	jitter = 1.5705
53.1072 	DATA 	restDur = 20.0

53.1072 	DATA 	
53.1072 	DATA 	TR 35 | TR1 18 | TR2 17
54.6562 	DATA 	Keypress: 5
54.6562 	DATA 	TR 36 | TR1 18 | TR2 18
54.6895 	DATA 	
54.6895 	DATA 	stimulation started
54.6895 	DATA 	
55.6894 	DATA 	
55.6894 	DATA 	stimulation stopped
55.6894 	DATA 	
56.2227 	DATA 	Keypress: 5
56.2228 	DATA 	TR 37 | TR1 19 | TR2 18
57.7726 	DATA 	Keypress: 5
57.7726 	DATA 	TR 38 | TR1 19 | TR2 19
59.3558 	DATA 	Keypress: 5
59.3559 	DATA 	TR 39 | TR1 20 | TR2 19
60.9057 	DATA 	Keypress: 5
60.9057 	DATA 	TR 40 | TR1 20 | TR2 20
62.4723 	DATA 	Keypress: 5
62.4723 	DATA 	TR 41 | TR1 21 | TR2 20
64.0221 	DATA 	Keypress: 5
64.0222 	DATA 	TR 42 | TR1 21 | TR2 21
65.6054 	DATA 	Keypress: 5
65.6054 	DATA 	TR 43 | TR1 22 | TR2 21
67.1552 	DATA 	Keypress: 5
67.1552 	DATA 	TR 44 | TR1 22 | TR2 22
68.7218 	DATA 	Keypress: 5
68.7218 	DATA 	TR 45 | TR1 23 | TR2 22
70.2716 	DATA 	Keypress: 5
70.2717 	DATA 	TR 46 | TR1 23 | TR2 23
71.8383 	DATA 	Keypress: 5
71.8384 	DATA 	TR 47 | TR1 24 | TR2 23
73.3881 	DATA 	Keypress: 5
73.3881 	DATA 	TR 48 | TR1 24 | TR2 24
74.9714 	DATA 	Keypress: 5
74.9715 	DATA 	TR 49 | TR1 25 | TR2 24
75.6879 	DATA 	
75.6880 	DATA 	Trial complete
75.6880 	DATA 	Waiting for VASO trigger to start next trial
75.6880 	DATA 	
76.5212 	DATA 	Keypress: 5
76.5212 	DATA 	TR 50 | TR1 25 | TR2 25
78.0877 	DATA 	Keypress: 5
78.0878 	DATA 	Waited 2.399813175201416 seconds for trigger
78.0886 	DATA 	
78.0886 	DATA 	Trial 3
78.0886 	DATA 	stimDur = 12.0
78.0886 	DATA 	jitter = 1.5705
78.0886 	DATA 	restDur = 30.0

78.0886 	DATA 	
78.0886 	DATA 	TR 51 | TR1 26 | TR2 25
79.6376 	DATA 	Keypress: 5
79.6376 	DATA 	TR 52 | TR1 26 | TR2 26
79.6709 	DATA 	
79.6709 	DATA 	stimulation started
79.6709 	DATA 	
81.2209 	DATA 	Keypress: 5
81.2209 	DATA 	TR 53 | TR1 27 | TR2 26
82.7708 	DATA 	Keypress: 5
82.7708 	DATA 	TR 54 | TR1 27 | TR2 27
83.6207 	DATA 	Target presented
84.2707 	DATA 	Keypress: 1
84.2708 	DATA 	Key1 pressed
84.2708 	DATA 	Target detected
84.3373 	DATA 	Keypress: 5
84.3373 	DATA 	TR 55 | TR1 28 | TR2 27
85.8872 	DATA 	Keypress: 5
85.8872 	DATA 	TR 56 | TR1 28 | TR2 28
87.4545 	DATA 	Keypress: 5
87.4703 	DATA 	TR 57 | TR1 29 | TR2 28
89.0203 	DATA 	Keypress: 5
89.0203 	DATA 	TR 58 | TR1 29 | TR2 29
90.5868 	DATA 	Keypress: 5
90.5869 	DATA 	TR 59 | TR1 30 | TR2 29
91.6700 	DATA 	
91.6700 	DATA 	stimulation stopped
91.6700 	DATA 	
92.1366 	DATA 	Keypress: 5
92.1367 	DATA 	TR 60 | TR1 30 | TR2 30
93.7032 	DATA 	Keypress: 5
93.7033 	DATA 	TR 61 | TR1 31 | TR2 30
95.2531 	DATA 	Keypress: 5
95.2531 	DATA 	TR 62 | TR1 31 | TR2 31
96.8363 	DATA 	Keypress: 5
96.8364 	DATA 	TR 63 | TR1 32 | TR2 31
98.3862 	DATA 	Keypress: 5
98.3863 	DATA 	TR 64 | TR1 32 | TR2 32
99.9528 	DATA 	Keypress: 5
99.9528 	DATA 	TR 65 | TR1 33 | TR2 32
101.5026 	DATA 	Keypress: 5
101.5027 	DATA 	TR 66 | TR1 33 | TR2 33
103.0859 	DATA 	Keypress: 5
103.0859 	DATA 	TR 67 | TR1 34 | TR2 33
104.6357 	DATA 	Keypress: 5
104.6358 	DATA 	TR 68 | TR1 34 | TR2 34
106.2023 	DATA 	Keypress: 5
106.2023 	DATA 	TR 69 | TR1 35 | TR2 34
107.7522 	DATA 	Keypress: 5
107.7522 	DATA 	TR 70 | TR1 35 | TR2 35
109.3187 	DATA 	Keypress: 5
109.3188 	DATA 	TR 71 | TR1 36 | TR2 35
110.8692 	DATA 	Keypress: 5
110.8852 	DATA 	TR 72 | TR1 36 | TR2 36
112.4518 	DATA 	Keypress: 5
112.4519 	DATA 	TR 73 | TR1 37 | TR2 36
114.0017 	DATA 	Keypress: 5
114.0018 	DATA 	TR 74 | TR1 37 | TR2 37
115.5683 	DATA 	Keypress: 5
115.5683 	DATA 	TR 75 | TR1 38 | TR2 37
117.1181 	DATA 	Keypress: 5
117.1182 	DATA 	TR 76 | TR1 38 | TR2 38
118.7014 	DATA 	Keypress: 5
118.7014 	DATA 	TR 77 | TR1 39 | TR2 38
120.2512 	DATA 	Keypress: 5
120.2513 	DATA 	TR 78 | TR1 39 | TR2 39
121.6678 	DATA 	
121.6678 	DATA 	Trial complete
121.6678 	DATA 	Waiting for VASO trigger to start next trial
121.6678 	DATA 	
121.8178 	DATA 	Keypress: 5
121.8179 	DATA 	Waited 0.15007615089416504 seconds for trigger
121.8186 	DATA 	
121.8186 	DATA 	Trial 4
121.8187 	DATA 	stimDur = 1.0
121.8187 	DATA 	jitter = 0.78525
121.8187 	DATA 	restDur = 20.0

121.8187 	DATA 	
121.8187 	DATA 	TR 79 | TR1 40 | TR2 39
122.6177 	DATA 	
122.6177 	DATA 	stimulation started
122.6177 	DATA 	
123.3679 	DATA 	Keypress: 5
123.3679 	DATA 	TR 80 | TR1 40 | TR2 40
123.6177 	DATA 	
123.6177 	DATA 	stimulation stopped
123.6177 	DATA 	
124.9510 	DATA 	Keypress: 5
124.9510 	DATA 	TR 81 | TR1 41 | TR2 40
126.5008 	DATA 	Keypress: 5
126.5008 	DATA 	TR 82 | TR1 41 | TR2 41
128.0674 	DATA 	Keypress: 5
128.0674 	DATA 	TR 83 | TR1 42 | TR2 41
129.6172 	DATA 	Keypress: 5
129.6173 	DATA 	TR 84 | TR1 42 | TR2 42
131.1838 	DATA 	Keypress: 5
131.1838 	DATA 	TR 85 | TR1 43 | TR2 42
132.7337 	DATA 	Keypress: 5
132.7338 	DATA 	TR 86 | TR1 43 | TR2 43
133.8336 	DATA 	Target presented
134.3169 	DATA 	Keypress: 5
134.3170 	DATA 	TR 87 | TR1 44 | TR2 43
134.7334 	DATA 	Keypress: 1
134.7335 	DATA 	Key1 pressed
134.7335 	DATA 	Target detected
135.8667 	DATA 	Keypress: 5
135.8668 	DATA 	TR 88 | TR1 44 | TR2 44
137.4333 	DATA 	Keypress: 5
137.4334 	DATA 	TR 89 | TR1 45 | TR2 44
138.9832 	DATA 	Keypress: 5
138.9833 	DATA 	TR 90 | TR1 45 | TR2 45
140.5664 	DATA 	Keypress: 5
140.5665 	DATA 	TR 91 | TR1 46 | TR2 45
142.1163 	DATA 	Keypress: 5
142.1163 	DATA 	TR 92 | TR1 46 | TR2 46
143.6161 	DATA 	
143.6162 	DATA 	Trial complete
143.6162 	DATA 	Waiting for VASO trigger to start next trial
143.6162 	DATA 	
143.6829 	DATA 	Keypress: 5
143.6829 	DATA 	Waited 0.06672787666320801 seconds for trigger
143.6837 	DATA 	
143.6837 	DATA 	Trial 5
143.6837 	DATA 	stimDur = 24.0
143.6837 	DATA 	jitter = 1.5705
143.6837 	DATA 	restDur = 40.0

143.6837 	DATA 	
143.6837 	DATA 	TR 93 | TR1 47 | TR2 46
145.2327 	DATA 	Keypress: 5
145.2328 	DATA 	TR 94 | TR1 47 | TR2 47
145.2660 	DATA 	
145.2660 	DATA 	stimulation started
145.2660 	DATA 	
146.8001 	DATA 	Keypress: 5
146.8160 	DATA 	TR 95 | TR1 48 | TR2 47
148.3659 	DATA 	Keypress: 5
148.3659 	DATA 	TR 96 | TR1 48 | TR2 48
149.9325 	DATA 	Keypress: 5
149.9325 	DATA 	TR 97 | TR1 49 | TR2 48
151.4824 	DATA 	Keypress: 5
151.4824 	DATA 	TR 98 | TR1 49 | TR2 49
153.0489 	DATA 	Keypress: 5
153.0490 	DATA 	TR 99 | TR1 50 | TR2 49
154.5990 	DATA 	Keypress: 5
154.5991 	DATA 	TR 100 | TR1 50 | TR2 50
156.1821 	DATA 	Keypress: 5
156.1821 	DATA 	TR 101 | TR1 51 | TR2 50
157.7319 	DATA 	Keypress: 5
157.7319 	DATA 	TR 102 | TR1 51 | TR2 51
159.2985 	DATA 	Keypress: 5
159.2985 	DATA 	TR 103 | TR1 52 | TR2 51
160.8483 	DATA 	Keypress: 5
160.8484 	DATA 	TR 104 | TR1 52 | TR2 52
162.4156 	DATA 	Keypress: 5
162.4316 	DATA 	TR 105 | TR1 53 | TR2 52
163.9814 	DATA 	Keypress: 5
163.9815 	DATA 	TR 106 | TR1 53 | TR2 53
165.5480 	DATA 	Keypress: 5
165.5480 	DATA 	TR 107 | TR1 54 | TR2 53
167.0979 	DATA 	Keypress: 5
167.0979 	DATA 	TR 108 | TR1 54 | TR2 54
168.6644 	DATA 	Keypress: 5
168.6645 	DATA 	TR 109 | TR1 55 | TR2 54
169.2643 	DATA 	
169.2644 	DATA 	stimulation stopped
169.2644 	DATA 	
170.2148 	DATA 	Keypress: 5
170.2309 	DATA 	TR 110 | TR1 55 | TR2 55
171.7975 	DATA 	Keypress: 5
171.7975 	DATA 	TR 111 | TR1 56 | TR2 55
173.3474 	DATA 	Keypress: 5
173.3474 	DATA 	TR 112 | TR1 56 | TR2 56
174.9140 	DATA 	Keypress: 5
174.9140 	DATA 	TR 113 | TR1 57 | TR2 56
176.4638 	DATA 	Keypress: 5
176.4638 	DATA 	TR 114 | TR1 57 | TR2 57
178.0470 	DATA 	Keypress: 5
178.0471 	DATA 	TR 115 | TR1 58 | TR2 57
179.5969 	DATA 	Keypress: 5
179.5969 	DATA 	TR 116 | TR1 58 | TR2 58
181.1635 	DATA 	Keypress: 5
181.1635 	DATA 	TR 117 | TR1 59 | TR2 58
182.7134 	DATA 	Keypress: 5
182.7134 	DATA 	TR 118 | TR1 59 | TR2 59
183.9133 	DATA 	Target presented
184.2801 	DATA 	Keypress: 5
184.2801 	DATA 	TR 119 | TR1 60 | TR2 59
184.4465 	DATA 	Keypress: 1
184.4466 	DATA 	Key1 pressed
184.4466 	DATA 	Target detected
185.8465 	DATA 	Keypress: 5
185.8465 	DATA 	TR 120 | TR1 60 | TR2 60
187.4130 	DATA 	Keypress: 5
187.4131 	DATA 	TR 121 | TR1 61 | TR2 60
188.9629 	DATA 	Keypress: 5
188.9629 	DATA 	TR 122 | TR1 61 | TR2 61
190.5295 	DATA 	Keypress: 5
190.5295 	DATA 	TR 123 | TR1 62 | TR2 61
192.0793 	DATA 	Keypress: 5
192.0794 	DATA 	TR 124 | TR1 62 | TR2 62
193.6626 	DATA 	Keypress: 5
193.6627 	DATA 	TR 125 | TR1 63 | TR2 62
195.2125 	DATA 	Keypress: 5
195.2125 	DATA 	TR 126 | TR1 63 | TR2 63
196.7791 	DATA 	Keypress: 5
196.7791 	DATA 	TR 127 | TR1 64 | TR2 63
198.3289 	DATA 	Keypress: 5
198.3289 	DATA 	TR 128 | TR1 64 | TR2 64
199.9121 	DATA 	Keypress: 5
199.9122 	DATA 	TR 129 | TR1 65 | TR2 64
201.4619 	DATA 	Keypress: 5
201.4620 	DATA 	TR 130 | TR1 65 | TR2 65
203.0286 	DATA 	Keypress: 5
203.0287 	DATA 	TR 131 | TR1 66 | TR2 65
204.5784 	DATA 	Keypress: 5
204.5785 	DATA 	TR 132 | TR1 66 | TR2 66
206.1450 	DATA 	Keypress: 5
206.1450 	DATA 	TR 133 | TR1 67 | TR2 66
207.6955 	DATA 	Keypress: 5
207.7115 	DATA 	TR 134 | TR1 67 | TR2 67
209.2614 	DATA 	
209.2614 	DATA 	Trial complete
209.2614 	DATA 	Waiting for VASO trigger to start next trial
209.2614 	DATA 	
209.2781 	DATA 	Keypress: 5
209.2782 	DATA 	Waited 0.016740083694458008 seconds for trigger
209.2790 	DATA 	
209.2790 	DATA 	Trial 6
209.2790 	DATA 	stimDur = 24.0
209.2790 	DATA 	jitter = 0.0
209.2790 	DATA 	restDur = 40.0

209.2790 	DATA 	
209.2790 	DATA 	TR 135 | TR1 68 | TR2 67
209.2790 	DATA 	
209.2790 	DATA 	stimulation started
209.2790 	DATA 	
210.8280 	DATA 	Keypress: 5
210.8281 	DATA 	TR 136 | TR1 68 | TR2 68
212.3947 	DATA 	Keypress: 5
212.3947 	DATA 	TR 137 | TR1 69 | TR2 68
213.9445 	DATA 	Keypress: 5
213.9445 	DATA 	TR 138 | TR1 69 | TR2 69
215.5277 	DATA 	Keypress: 5
215.5278 	DATA 	TR 139 | TR1 70 | TR2 69
217.0776 	DATA 	Keypress: 5
217.0777 	DATA 	TR 140 | TR1 70 | TR2 70
218.6442 	DATA 	Keypress: 5
218.6442 	DATA 	TR 141 | TR1 71 | TR2 70
220.1941 	DATA 	Keypress: 5
220.1941 	DATA 	TR 142 | TR1 71 | TR2 71
221.7614 	DATA 	Keypress: 5
221.7772 	DATA 	TR 143 | TR1 72 | TR2 71
223.3272 	DATA 	Keypress: 5
223.3272 	DATA 	TR 144 | TR1 72 | TR2 72
224.8937 	DATA 	Keypress: 5
224.8938 	DATA 	TR 145 | TR1 73 | TR2 72
226.4436 	DATA 	Keypress: 5
226.4436 	DATA 	TR 146 | TR1 73 | TR2 73
228.0102 	DATA 	Keypress: 5
228.0102 	DATA 	TR 147 | TR1 74 | TR2 73
229.5600 	DATA 	Keypress: 5
229.5601 	DATA 	TR 148 | TR1 74 | TR2 74
230.8433 	DATA 	Target presented
231.1433 	DATA 	Keypress: 5
231.1434 	DATA 	TR 149 | TR1 75 | TR2 74
231.4932 	DATA 	Keypress: 1
231.4933 	DATA 	Key1 pressed
231.4933 	DATA 	Target detected
232.6932 	DATA 	Keypress: 5
232.6932 	DATA 	TR 150 | TR1 75 | TR2 75
233.2931 	DATA 	
233.2931 	DATA 	stimulation stopped
233.2931 	DATA 	
234.2597 	DATA 	Keypress: 5
234.2597 	DATA 	TR 151 | TR1 76 | TR2 75
235.8096 	DATA 	Keypress: 5
235.8096 	DATA 	TR 152 | TR1 76 | TR2 76
237.3930 	DATA 	Keypress: 5
237.3930 	DATA 	TR 153 | TR1 77 | TR2 76
238.9427 	DATA 	Keypress: 5
238.9427 	DATA 	TR 154 | TR1 77 | TR2 77
240.5092 	DATA 	Keypress: 5
240.5093 	DATA 	TR 155 | TR1 78 | TR2 77
242.0591 	DATA 	Keypress: 5
242.0591 	DATA 	TR 156 | TR1 78 | TR2 78
243.6257 	DATA 	Keypress: 5
243.6257 	DATA 	TR 157 | TR1 79 | TR2 78
245.1922 	DATA 	Keypress: 5
245.1923 	DATA 	TR 158 | TR1 79 | TR2 79
246.7588 	DATA 	Keypress: 5
246.7589 	DATA 	TR 159 | TR1 80 | TR2 79
248.3087 	DATA 	Keypress: 5
248.3087 	DATA 	TR 160 | TR1 80 | TR2 80
249.8753 	DATA 	Keypress: 5
249.8753 	DATA 	TR 161 | TR1 81 | TR2 80
251.4251 	DATA 	Keypress: 5
251.4252 	DATA 	TR 162 | TR1 81 | TR2 81
253.0084 	DATA 	Keypress: 5
253.0084 	DATA 	TR 163 | TR1 82 | TR2 81
254.5582 	DATA 	Keypress: 5
254.5583 	DATA 	TR 164 | TR1 82 | TR2 82
256.1248 	DATA 	Keypress: 5
256.1249 	DATA 	TR 165 | TR1 83 | TR2 82
257.6747 	DATA 	Keypress: 5
257.6747 	DATA 	TR 166 | TR1 83 | TR2 83
259.2580 	DATA 	Keypress: 5
259.2580 	DATA 	TR 167 | TR1 84 | TR2 83
260.8078 	DATA 	Keypress: 5
260.8079 	DATA 	TR 168 | TR1 84 | TR2 84
262.3745 	DATA 	Keypress: 5
262.3746 	DATA 	TR 169 | TR1 85 | TR2 84
263.9242 	DATA 	Keypress: 5
263.9243 	DATA 	TR 170 | TR1 85 | TR2 85
265.4908 	DATA 	Keypress: 5
265.4909 	DATA 	TR 171 | TR1 86 | TR2 85
267.0409 	DATA 	Keypress: 5
267.0410 	DATA 	TR 172 | TR1 86 | TR2 86
268.6239 	DATA 	Keypress: 5
268.6240 	DATA 	TR 173 | TR1 87 | TR2 86
270.1738 	DATA 	Keypress: 5
270.1739 	DATA 	TR 174 | TR1 87 | TR2 87
271.7404 	DATA 	Keypress: 5
271.7404 	DATA 	TR 175 | TR1 88 | TR2 87
273.2903 	DATA 	Keypress: 5
273.2903 	DATA 	TR 176 | TR1 88 | TR2 88
273.2903 	DATA 	
273.2903 	DATA 	Trial complete
273.2903 	DATA 	Waiting for VASO trigger to start next trial
273.2903 	DATA 	
274.8735 	DATA 	Keypress: 5
274.8736 	DATA 	Waited 1.5832409858703613 seconds for trigger
274.8744 	DATA 	
274.8744 	DATA 	Trial 7
274.8744 	DATA 	stimDur = 4.0
274.8744 	DATA 	jitter = 1.5705
274.8744 	DATA 	restDur = 24.0

274.8744 	DATA 	
274.8744 	DATA 	TR 177 | TR1 89 | TR2 88
276.4234 	DATA 	Keypress: 5
276.4234 	DATA 	TR 178 | TR1 89 | TR2 89
276.4568 	DATA 	
276.4568 	DATA 	stimulation started
276.4568 	DATA 	
277.9900 	DATA 	Keypress: 5
277.9901 	DATA 	TR 179 | TR1 90 | TR2 89
279.5399 	DATA 	Keypress: 5
279.5399 	DATA 	TR 180 | TR1 90 | TR2 90
280.4564 	DATA 	
280.4564 	DATA 	stimulation stopped
280.4564 	DATA 	
281.1063 	DATA 	Keypress: 5
281.1063 	DATA 	TR 181 | TR1 91 | TR2 90
282.6729 	DATA 	Keypress: 5
282.6730 	DATA 	TR 182 | TR1 91 | TR2 91
284.2394 	DATA 	Keypress: 5
284.2394 	DATA 	TR 183 | TR1 92 | TR2 91
285.7892 	DATA 	Keypress: 5
285.7893 	DATA 	TR 184 | TR1 92 | TR2 92
287.3557 	DATA 	Keypress: 5
287.3558 	DATA 	TR 185 | TR1 93 | TR2 92
288.9056 	DATA 	Keypress: 5
288.9057 	DATA 	TR 186 | TR1 93 | TR2 93
290.4887 	DATA 	Keypress: 5
290.4888 	DATA 	TR 187 | TR1 94 | TR2 93
292.0387 	DATA 	Keypress: 5
292.0387 	DATA 	TR 188 | TR1 94 | TR2 94
293.6051 	DATA 	Keypress: 5
293.6052 	DATA 	TR 189 | TR1 95 | TR2 94
295.1550 	DATA 	Keypress: 5
295.1551 	DATA 	TR 190 | TR1 95 | TR2 95
296.7381 	DATA 	Keypress: 5
296.7382 	DATA 	TR 191 | TR1 96 | TR2 95
296.9881 	DATA 	Target presented
297.5547 	DATA 	Keypress: 1
297.5548 	DATA 	Key1 pressed
297.5548 	DATA 	Target detected
298.2880 	DATA 	Keypress: 5
298.2881 	DATA 	TR 192 | TR1 96 | TR2 96
299.8545 	DATA 	Keypress: 5
299.8545 	DATA 	TR 193 | TR1 97 | TR2 96
301.4045 	DATA 	Keypress: 5
301.4046 	DATA 	TR 194 | TR1 97 | TR2 97
302.9708 	DATA 	Keypress: 5
302.9709 	DATA 	TR 195 | TR1 98 | TR2 97
304.4540 	DATA 	
304.4540 	DATA 	Trial complete
304.4540 	DATA 	Waiting for VASO trigger to start next trial
304.4541 	DATA 	
304.5214 	DATA 	Keypress: 5
304.5374 	DATA 	TR 196 | TR1 98 | TR2 98
306.1039 	DATA 	Keypress: 5
306.1040 	DATA 	Waited 1.6499269008636475 seconds for trigger
306.1048 	DATA 	
306.1048 	DATA 	Trial 8
306.1048 	DATA 	stimDur = 4.0
306.1048 	DATA 	jitter = 0.78525
306.1048 	DATA 	restDur = 24.0

306.1048 	DATA 	
306.1048 	DATA 	TR 197 | TR1 99 | TR2 98
306.9039 	DATA 	
306.9039 	DATA 	stimulation started
306.9039 	DATA 	
307.6538 	DATA 	Keypress: 5
307.6539 	DATA 	TR 198 | TR1 99 | TR2 99
309.2203 	DATA 	Keypress: 5
309.2204 	DATA 	TR 199 | TR1 100 | TR2 99
310.7702 	DATA 	Keypress: 5
310.7703 	DATA 	TR 200 | TR1 100 | TR2 100
310.9035 	DATA 	
310.9035 	DATA 	stimulation stopped
310.9035 	DATA 	
312.3533 	DATA 	Keypress: 5
312.3534 	DATA 	TR 201 | TR1 101 | TR2 100
313.9032 	DATA 	Keypress: 5
313.9032 	DATA 	TR 202 | TR1 101 | TR2 101
315.4698 	DATA 	Keypress: 5
315.4699 	DATA 	TR 203 | TR1 102 | TR2 101
317.0197 	DATA 	Keypress: 5
317.0197 	DATA 	TR 204 | TR1 102 | TR2 102
318.5861 	DATA 	Keypress: 5
318.5861 	DATA 	TR 205 | TR1 103 | TR2 102
320.1526 	DATA 	Keypress: 5
320.1527 	DATA 	TR 206 | TR1 103 | TR2 103
321.7191 	DATA 	Keypress: 5
321.7192 	DATA 	TR 207 | TR1 104 | TR2 103
323.2690 	DATA 	Keypress: 5
323.2690 	DATA 	TR 208 | TR1 104 | TR2 104
324.8355 	DATA 	Keypress: 5
324.8355 	DATA 	TR 209 | TR1 105 | TR2 104
326.3854 	DATA 	Keypress: 5
326.3854 	DATA 	TR 210 | TR1 105 | TR2 105
327.9685 	DATA 	Keypress: 5
327.9686 	DATA 	TR 211 | TR1 106 | TR2 105
329.5184 	DATA 	Keypress: 5
329.5185 	DATA 	TR 212 | TR1 106 | TR2 106
331.0849 	DATA 	Keypress: 5
331.0850 	DATA 	TR 213 | TR1 107 | TR2 106
332.6347 	DATA 	Keypress: 5
332.6348 	DATA 	TR 214 | TR1 107 | TR2 107
334.2179 	DATA 	Keypress: 5
334.2180 	DATA 	TR 215 | TR1 108 | TR2 107
334.9012 	DATA 	
334.9012 	DATA 	Trial complete
334.9012 	DATA 	Waiting for VASO trigger to start next trial
334.9012 	DATA 	
335.7679 	DATA 	Keypress: 5
335.7679 	DATA 	TR 216 | TR1 108 | TR2 108
337.3343 	DATA 	Keypress: 5
337.3344 	DATA 	Waited 2.4331719875335693 seconds for trigger
337.3351 	DATA 	
337.3352 	DATA 	Trial 9
337.3352 	DATA 	stimDur = 2.0
337.3352 	DATA 	jitter = 0.0
337.3352 	DATA 	restDur = 22.0

337.3352 	DATA 	
337.3352 	DATA 	TR 217 | TR1 109 | TR2 108
337.3352 	DATA 	
337.3352 	DATA 	stimulation started
337.3352 	DATA 	
338.8843 	DATA 	Keypress: 5
338.8843 	DATA 	TR 218 | TR1 109 | TR2 109
339.3508 	DATA 	
339.3508 	DATA 	stimulation stopped
339.3508 	DATA 	
340.4507 	DATA 	Keypress: 5
340.4507 	DATA 	TR 219 | TR1 110 | TR2 109
342.0011 	DATA 	Keypress: 5
342.0172 	DATA 	TR 220 | TR1 110 | TR2 110
343.5837 	DATA 	Keypress: 5
343.5838 	DATA 	TR 221 | TR1 111 | TR2 110
345.1336 	DATA 	Keypress: 5
345.1336 	DATA 	TR 222 | TR1 111 | TR2 111
346.7001 	DATA 	Keypress: 5
346.7001 	DATA 	TR 223 | TR1 112 | TR2 111
348.2500 	DATA 	Keypress: 5
348.2501 	DATA 	TR 224 | TR1 112 | TR2 112
349.8332 	DATA 	Keypress: 5
349.8332 	DATA 	TR 225 | TR1 113 | TR2 112
351.3832 	DATA 	Keypress: 5
351.3832 	DATA 	TR 226 | TR1 113 | TR2 113
352.9496 	DATA 	Keypress: 5
352.9496 	DATA 	TR 227 | TR1 114 | TR2 113
354.4994 	DATA 	Keypress: 5
354.4995 	DATA 	TR 228 | TR1 114 | TR2 114
356.0665 	DATA 	Keypress: 5
356.0826 	DATA 	TR 229 | TR1 115 | TR2 114
357.6325 	DATA 	Keypress: 5
357.6325 	DATA 	TR 230 | TR1 115 | TR2 115
359.1990 	DATA 	Keypress: 5
359.1990 	DATA 	TR 231 | TR1 116 | TR2 115
360.7489 	DATA 	Keypress: 5
360.7489 	DATA 	TR 232 | TR1 116 | TR2 116
361.3488 	DATA 	
361.3488 	DATA 	Trial complete
361.3488 	DATA 	Waiting for VASO trigger to start next trial
361.3488 	DATA 	
362.3154 	DATA 	Keypress: 5
362.3154 	DATA 	Waited 0.9666311740875244 seconds for trigger
362.3162 	DATA 	
362.3162 	DATA 	Trial 10
362.3162 	DATA 	stimDur = 4.0
362.3162 	DATA 	jitter = 0.0
362.3162 	DATA 	restDur = 24.0

362.3162 	DATA 	
362.3162 	DATA 	TR 233 | TR1 117 | TR2 116
362.3162 	DATA 	
362.3162 	DATA 	stimulation started
362.3162 	DATA 	
363.8653 	DATA 	Keypress: 5
363.8654 	DATA 	TR 234 | TR1 117 | TR2 117
365.4485 	DATA 	Keypress: 5
365.4486 	DATA 	TR 235 | TR1 118 | TR2 117
366.3317 	DATA 	
366.3317 	DATA 	stimulation stopped
366.3317 	DATA 	
366.9984 	DATA 	Keypress: 5
366.9984 	DATA 	TR 236 | TR1 118 | TR2 118
368.5648 	DATA 	Keypress: 5
368.5649 	DATA 	TR 237 | TR1 119 | TR2 118
370.1147 	DATA 	Keypress: 5
370.1148 	DATA 	TR 238 | TR1 119 | TR2 119
371.6979 	DATA 	Keypress: 5
371.6979 	DATA 	TR 239 | TR1 120 | TR2 119
373.2479 	DATA 	Keypress: 5
373.2480 	DATA 	TR 240 | TR1 120 | TR2 120
374.8144 	DATA 	Keypress: 5
374.8145 	DATA 	TR 241 | TR1 121 | TR2 120
375.5309 	DATA 	Target presented
376.0477 	DATA 	Keypress: 1
376.0477 	DATA 	Key1 pressed
376.0477 	DATA 	Target detected
376.3642 	DATA 	Keypress: 5
376.3642 	DATA 	TR 242 | TR1 121 | TR2 121
377.9307 	DATA 	Keypress: 5
377.9307 	DATA 	TR 243 | TR1 122 | TR2 121
379.4972 	DATA 	Keypress: 5
379.4973 	DATA 	TR 244 | TR1 122 | TR2 122
381.0637 	DATA 	Keypress: 5
381.0638 	DATA 	TR 245 | TR1 123 | TR2 122
382.6136 	DATA 	Keypress: 5
382.6137 	DATA 	TR 246 | TR1 123 | TR2 123
384.1801 	DATA 	Keypress: 5
384.1802 	DATA 	TR 247 | TR1 124 | TR2 123
385.7300 	DATA 	Keypress: 5
385.7301 	DATA 	TR 248 | TR1 124 | TR2 124
387.3132 	DATA 	Keypress: 5
387.3132 	DATA 	TR 249 | TR1 125 | TR2 124
388.8631 	DATA 	Keypress: 5
388.8631 	DATA 	TR 250 | TR1 125 | TR2 125
390.3296 	DATA 	
390.3296 	DATA 	Trial complete
390.3296 	DATA 	Waiting for VASO trigger to start next trial
390.3296 	DATA 	
390.4296 	DATA 	Keypress: 5
390.4296 	DATA 	Waited 0.10004091262817383 seconds for trigger
390.4304 	DATA 	
390.4304 	DATA 	Trial 11
390.4304 	DATA 	stimDur = 4.0
390.4304 	DATA 	jitter = 2.35575
390.4304 	DATA 	restDur = 24.0

390.4304 	DATA 	
390.4304 	DATA 	TR 251 | TR1 126 | TR2 125
391.9795 	DATA 	Keypress: 5
391.9795 	DATA 	TR 252 | TR1 126 | TR2 126
392.7960 	DATA 	
392.7960 	DATA 	stimulation started
392.7960 	DATA 	
393.5468 	DATA 	Keypress: 5
393.5626 	DATA 	TR 253 | TR1 127 | TR2 126
395.1126 	DATA 	Keypress: 5
395.1126 	DATA 	TR 254 | TR1 127 | TR2 127
396.6791 	DATA 	Keypress: 5
396.6791 	DATA 	TR 255 | TR1 128 | TR2 127
396.7957 	DATA 	
396.7957 	DATA 	stimulation stopped
396.7957 	DATA 	
398.2288 	DATA 	Keypress: 5
398.2288 	DATA 	TR 256 | TR1 128 | TR2 128
399.7954 	DATA 	Keypress: 5
399.7955 	DATA 	TR 257 | TR1 129 | TR2 128
401.3453 	DATA 	Keypress: 5
401.3454 	DATA 	TR 258 | TR1 129 | TR2 129
402.9285 	DATA 	Keypress: 5
402.9285 	DATA 	TR 259 | TR1 130 | TR2 129
404.4784 	DATA 	Keypress: 5
404.4784 	DATA 	TR 260 | TR1 130 | TR2 130
406.0449 	DATA 	Keypress: 5
406.0449 	DATA 	TR 261 | TR1 131 | TR2 130
407.5948 	DATA 	Keypress: 5
407.5948 	DATA 	TR 262 | TR1 131 | TR2 131
409.1779 	DATA 	Keypress: 5
409.1780 	DATA 	TR 263 | TR1 132 | TR2 131
410.7278 	DATA 	Keypress: 5
410.7279 	DATA 	TR 264 | TR1 132 | TR2 132
412.2944 	DATA 	Keypress: 5
412.2944 	DATA 	TR 265 | TR1 133 | TR2 132
413.8442 	DATA 	Keypress: 5
413.8443 	DATA 	TR 266 | TR1 133 | TR2 133
415.4107 	DATA 	Keypress: 5
415.4107 	DATA 	TR 267 | TR1 134 | TR2 133
416.9773 	DATA 	Keypress: 5
416.9773 	DATA 	TR 268 | TR1 134 | TR2 134
418.5438 	DATA 	Keypress: 5
418.5438 	DATA 	TR 269 | TR1 135 | TR2 134
420.0938 	DATA 	Keypress: 5
420.0938 	DATA 	TR 270 | TR1 135 | TR2 135
420.7935 	DATA 	
420.7935 	DATA 	Trial complete
420.7935 	DATA 	Waiting for VASO trigger to start next trial
420.7935 	DATA 	
421.6601 	DATA 	Keypress: 5
421.6602 	DATA 	Waited 0.8666501045227051 seconds for trigger
421.6610 	DATA 	
421.6610 	DATA 	Trial 12
421.6610 	DATA 	stimDur = 2.0
421.6610 	DATA 	jitter = 2.35575
421.6610 	DATA 	restDur = 22.0

421.6610 	DATA 	
421.6610 	DATA 	TR 271 | TR1 136 | TR2 135
423.2101 	DATA 	Keypress: 5
423.2101 	DATA 	TR 272 | TR1 136 | TR2 136
424.0265 	DATA 	
424.0265 	DATA 	stimulation started
424.0266 	DATA 	
424.7932 	DATA 	Keypress: 5
424.7933 	DATA 	TR 273 | TR1 137 | TR2 136
426.0264 	DATA 	
426.0264 	DATA 	stimulation stopped
426.0264 	DATA 	
426.3431 	DATA 	Keypress: 5
426.3431 	DATA 	TR 274 | TR1 137 | TR2 137
427.9095 	DATA 	Keypress: 5
427.9096 	DATA 	TR 275 | TR1 138 | TR2 137
429.4596 	DATA 	Keypress: 5
429.4597 	DATA 	TR 276 | TR1 138 | TR2 138
431.0426 	DATA 	Keypress: 5
431.0426 	DATA 	TR 277 | TR1 139 | TR2 138
432.5925 	DATA 	Keypress: 5
432.5925 	DATA 	TR 278 | TR1 139 | TR2 139
434.1590 	DATA 	Keypress: 5
434.1590 	DATA 	TR 279 | TR1 140 | TR2 139
435.6588 	DATA 	Target presented
435.7089 	DATA 	Keypress: 5
435.7089 	DATA 	TR 280 | TR1 140 | TR2 140
436.1588 	DATA 	Keypress: 1
436.1588 	DATA 	Key1 pressed
436.1588 	DATA 	Target detected
437.2754 	DATA 	Keypress: 5
437.2754 	DATA 	TR 281 | TR1 141 | TR2 140
438.8253 	DATA 	Keypress: 5
438.8253 	DATA 	TR 282 | TR1 141 | TR2 141
440.4084 	DATA 	Keypress: 5
440.4084 	DATA 	TR 283 | TR1 142 | TR2 141
441.9583 	DATA 	Keypress: 5
441.9583 	DATA 	TR 284 | TR1 142 | TR2 142
443.5248 	DATA 	Keypress: 5
443.5248 	DATA 	TR 285 | TR1 143 | TR2 142
445.0746 	DATA 	Keypress: 5
445.0747 	DATA 	TR 286 | TR1 143 | TR2 143
446.6578 	DATA 	Keypress: 5
446.6579 	DATA 	TR 287 | TR1 144 | TR2 143
448.0243 	DATA 	
448.0243 	DATA 	Trial complete
448.0243 	DATA 	Waiting for VASO trigger to start next trial
448.0243 	DATA 	
448.2078 	DATA 	Keypress: 5
448.2078 	DATA 	TR 288 | TR1 144 | TR2 144
449.7743 	DATA 	Keypress: 5
449.7744 	DATA 	Waited 1.7500340938568115 seconds for trigger
449.7751 	DATA 	
449.7752 	DATA 	Trial 13
449.7752 	DATA 	stimDur = 2.0
449.7752 	DATA 	jitter = 1.5705
449.7752 	DATA 	restDur = 22.0

449.7752 	DATA 	
449.7752 	DATA 	TR 289 | TR1 145 | TR2 144
451.3241 	DATA 	Keypress: 5
451.3241 	DATA 	TR 290 | TR1 145 | TR2 145
451.3572 	DATA 	
451.3572 	DATA 	stimulation started
451.3572 	DATA 	
452.8906 	DATA 	Keypress: 5
452.8907 	DATA 	TR 291 | TR1 146 | TR2 145
453.3572 	DATA 	
453.3572 	DATA 	stimulation stopped
453.3572 	DATA 	
454.4571 	DATA 	Keypress: 5
454.4572 	DATA 	TR 292 | TR1 146 | TR2 146
456.0236 	DATA 	Keypress: 5
456.0237 	DATA 	TR 293 | TR1 147 | TR2 146
457.5735 	DATA 	Keypress: 5
457.5735 	DATA 	TR 294 | TR1 147 | TR2 147
459.1400 	DATA 	Keypress: 5
459.1400 	DATA 	TR 295 | TR1 148 | TR2 147
460.6900 	DATA 	Keypress: 5
460.6900 	DATA 	TR 296 | TR1 148 | TR2 148
462.2730 	DATA 	Keypress: 5
462.2731 	DATA 	TR 297 | TR1 149 | TR2 148
463.8229 	DATA 	Keypress: 5
463.8230 	DATA 	TR 298 | TR1 149 | TR2 149
465.3894 	DATA 	Keypress: 5
465.3895 	DATA 	TR 299 | TR1 150 | TR2 149
466.9394 	DATA 	Keypress: 5
466.9395 	DATA 	TR 300 | TR1 150 | TR2 150
468.5225 	DATA 	Keypress: 5
468.5225 	DATA 	TR 301 | TR1 151 | TR2 150
470.0724 	DATA 	Keypress: 5
470.0724 	DATA 	TR 302 | TR1 151 | TR2 151
471.6389 	DATA 	Keypress: 5
471.6389 	DATA 	TR 303 | TR1 152 | TR2 151
473.1888 	DATA 	Keypress: 5
473.1888 	DATA 	TR 304 | TR1 152 | TR2 152
474.7552 	DATA 	Keypress: 5
474.7553 	DATA 	TR 305 | TR1 153 | TR2 152
475.3552 	DATA 	
475.3552 	DATA 	Trial complete
475.3552 	DATA 	Waiting for VASO trigger to start next trial
475.3552 	DATA 	
476.3058 	DATA 	Keypress: 5
476.3217 	DATA 	TR 306 | TR1 153 | TR2 153
477.8883 	DATA 	Keypress: 5
477.8884 	DATA 	Waited 2.533133029937744 seconds for trigger
477.8891 	DATA 	
477.8891 	DATA 	Trial 14
477.8891 	DATA 	stimDur = 24.0
477.8891 	DATA 	jitter = 2.35575
477.8891 	DATA 	restDur = 40.0

477.8891 	DATA 	
477.8891 	DATA 	TR 307 | TR1 154 | TR2 153
479.4382 	DATA 	Keypress: 5
479.4382 	DATA 	TR 308 | TR1 154 | TR2 154
480.2547 	DATA 	
480.2547 	DATA 	stimulation started
480.2547 	DATA 	
481.0047 	DATA 	Keypress: 5
481.0048 	DATA 	TR 309 | TR1 155 | TR2 154
482.5546 	DATA 	Keypress: 5
482.5546 	DATA 	TR 310 | TR1 155 | TR2 155
484.1378 	DATA 	Keypress: 5
484.1378 	DATA 	TR 311 | TR1 156 | TR2 155
485.6877 	DATA 	Keypress: 5
485.6877 	DATA 	TR 312 | TR1 156 | TR2 156
487.2542 	DATA 	Keypress: 5
487.2542 	DATA 	TR 313 | TR1 157 | TR2 156
488.8041 	DATA 	Keypress: 5
488.8041 	DATA 	TR 314 | TR1 157 | TR2 157
490.3713 	DATA 	Keypress: 5
490.3872 	DATA 	TR 315 | TR1 158 | TR2 157
490.6705 	DATA 	Target presented
491.4205 	DATA 	Keypress: 1
491.4205 	DATA 	Key1 pressed
491.4205 	DATA 	Target detected
491.9371 	DATA 	Keypress: 5
491.9371 	DATA 	TR 316 | TR1 158 | TR2 158
493.5037 	DATA 	Keypress: 5
493.5039 	DATA 	TR 317 | TR1 159 | TR2 158
495.0536 	DATA 	Keypress: 5
495.0536 	DATA 	TR 318 | TR1 159 | TR2 159
496.6200 	DATA 	Keypress: 5
496.6201 	DATA 	TR 319 | TR1 160 | TR2 159
498.1698 	DATA 	Keypress: 5
498.1699 	DATA 	TR 320 | TR1 160 | TR2 160
499.7531 	DATA 	Keypress: 5
499.7532 	DATA 	TR 321 | TR1 161 | TR2 160
501.3029 	DATA 	Keypress: 5
501.3029 	DATA 	TR 322 | TR1 161 | TR2 161
502.8694 	DATA 	Keypress: 5
502.8695 	DATA 	TR 323 | TR1 162 | TR2 161
504.2526 	DATA 	
504.2526 	DATA 	stimulation stopped
504.2526 	DATA 	
504.4193 	DATA 	Keypress: 5
504.4193 	DATA 	TR 324 | TR1 162 | TR2 162
506.0026 	DATA 	Keypress: 5
506.0026 	DATA 	TR 325 | TR1 163 | TR2 162
507.5523 	DATA 	Keypress: 5
507.5523 	DATA 	TR 326 | TR1 163 | TR2 163
509.1187 	DATA 	Keypress: 5
509.1187 	DATA 	TR 327 | TR1 164 | TR2 163
510.6687 	DATA 	Keypress: 5
510.6687 	DATA 	TR 328 | TR1 164 | TR2 164
512.2352 	DATA 	Keypress: 5
512.2352 	DATA 	TR 329 | TR1 165 | TR2 164
513.8017 	DATA 	Keypress: 5
513.8018 	DATA 	TR 330 | TR1 165 | TR2 165
515.3683 	DATA 	Keypress: 5
515.3684 	DATA 	TR 331 | TR1 166 | TR2 165
516.9181 	DATA 	Keypress: 5
516.9182 	DATA 	TR 332 | TR1 166 | TR2 166
518.4847 	DATA 	Keypress: 5
518.4847 	DATA 	TR 333 | TR1 167 | TR2 166
520.0345 	DATA 	Keypress: 5
520.0345 	DATA 	TR 334 | TR1 167 | TR2 167
521.6177 	DATA 	Keypress: 5
521.6178 	DATA 	TR 335 | TR1 168 | TR2 167
523.1676 	DATA 	Keypress: 5
523.1676 	DATA 	TR 336 | TR1 168 | TR2 168
524.7341 	DATA 	Keypress: 5
524.7342 	DATA 	TR 337 | TR1 169 | TR2 168
526.2840 	DATA 	Keypress: 5
526.2841 	DATA 	TR 338 | TR1 169 | TR2 169
527.8512 	DATA 	Keypress: 5
527.8671 	DATA 	TR 339 | TR1 170 | TR2 169
529.4170 	DATA 	Keypress: 5
529.4170 	DATA 	TR 340 | TR1 170 | TR2 170
530.9836 	DATA 	Keypress: 5
530.9836 	DATA 	TR 341 | TR1 171 | TR2 170
532.5334 	DATA 	Keypress: 5
532.5334 	DATA 	TR 342 | TR1 171 | TR2 171
534.0999 	DATA 	Keypress: 5
534.1000 	DATA 	TR 343 | TR1 172 | TR2 171
535.6504 	DATA 	Keypress: 5
535.6665 	DATA 	TR 344 | TR1 172 | TR2 172
536.6831 	DATA 	Target presented
537.2164 	DATA 	Keypress: 1
537.2164 	DATA 	Key1 pressed
537.2164 	DATA 	Target detected
537.2330 	DATA 	Keypress: 5
537.2330 	DATA 	TR 345 | TR1 173 | TR2 172
538.7828 	DATA 	Keypress: 5
538.7829 	DATA 	TR 346 | TR1 173 | TR2 173
540.3494 	DATA 	Keypress: 5
540.3494 	DATA 	TR 347 | TR1 174 | TR2 173
541.8993 	DATA 	Keypress: 5
541.8993 	DATA 	TR 348 | TR1 174 | TR2 174
543.4825 	DATA 	Keypress: 5
543.4825 	DATA 	TR 349 | TR1 175 | TR2 174
544.2490 	DATA 	
544.2490 	DATA 	Trial complete
544.2490 	DATA 	Waiting for VASO trigger to start next trial
544.2490 	DATA 	
545.0323 	DATA 	Keypress: 5
545.0323 	DATA 	TR 350 | TR1 175 | TR2 175
546.5988 	DATA 	Keypress: 5
546.5989 	DATA 	Waited 2.349877119064331 seconds for trigger
546.5997 	DATA 	
546.5997 	DATA 	Trial 15
546.5997 	DATA 	stimDur = 1.0
546.5997 	DATA 	jitter = 2.35575
546.5997 	DATA 	restDur = 20.0

546.5997 	DATA 	
546.5997 	DATA 	TR 351 | TR1 176 | TR2 175
548.1487 	DATA 	Keypress: 5
548.1487 	DATA 	TR 352 | TR1 176 | TR2 176
548.9652 	DATA 	
548.9652 	DATA 	stimulation started
548.9653 	DATA 	
549.7153 	DATA 	Keypress: 5
549.7153 	DATA 	TR 353 | TR1 177 | TR2 176
549.9652 	DATA 	
549.9652 	DATA 	stimulation stopped
549.9652 	DATA 	
551.2817 	DATA 	Keypress: 5
551.2818 	DATA 	TR 354 | TR1 177 | TR2 177
552.8483 	DATA 	Keypress: 5
552.8483 	DATA 	TR 355 | TR1 178 | TR2 177
554.3981 	DATA 	Keypress: 5
554.3982 	DATA 	TR 356 | TR1 178 | TR2 178
555.9647 	DATA 	Keypress: 5
555.9647 	DATA 	TR 357 | TR1 179 | TR2 178
557.5145 	DATA 	Keypress: 5
557.5146 	DATA 	TR 358 | TR1 179 | TR2 179
559.0977 	DATA 	Keypress: 5
559.0978 	DATA 	TR 359 | TR1 180 | TR2 179
560.6476 	DATA 	Keypress: 5
560.6476 	DATA 	TR 360 | TR1 180 | TR2 180
562.2142 	DATA 	Keypress: 5
562.2142 	DATA 	TR 361 | TR1 181 | TR2 180
563.7640 	DATA 	Keypress: 5
563.7640 	DATA 	TR 362 | TR1 181 | TR2 181
565.3472 	DATA 	Keypress: 5
565.3473 	DATA 	TR 363 | TR1 182 | TR2 181
566.8970 	DATA 	Keypress: 5
566.8971 	DATA 	TR 364 | TR1 182 | TR2 182
568.4636 	DATA 	Keypress: 5
568.4636 	DATA 	TR 365 | TR1 183 | TR2 182
569.9634 	DATA 	
569.9634 	DATA 	Trial complete
569.9634 	DATA 	Waiting for VASO trigger to start next trial
569.9634 	DATA 	
570.0134 	DATA 	Keypress: 5
570.0135 	DATA 	TR 366 | TR1 183 | TR2 183
571.5800 	DATA 	Keypress: 5
571.5800 	DATA 	Waited 1.616624116897583 seconds for trigger
571.5808 	DATA 	
571.5808 	DATA 	Trial 16
571.5808 	DATA 	stimDur = 12.0
571.5808 	DATA 	jitter = 0.0
571.5808 	DATA 	restDur = 30.0

571.5808 	DATA 	
571.5808 	DATA 	TR 367 | TR1 184 | TR2 183
571.5809 	DATA 	
571.5809 	DATA 	stimulation started
571.5809 	DATA 	
573.1300 	DATA 	Keypress: 5
573.1300 	DATA 	TR 368 | TR1 184 | TR2 184
574.7131 	DATA 	Keypress: 5
574.7131 	DATA 	TR 369 | TR1 185 | TR2 184
576.2630 	DATA 	Keypress: 5
576.2630 	DATA 	TR 370 | TR1 185 | TR2 185
577.8295 	DATA 	Keypress: 5
577.8295 	DATA 	TR 371 | TR1 186 | TR2 185
579.3794 	DATA 	Keypress: 5
579.3794 	DATA 	TR 372 | TR1 186 | TR2 186
580.9625 	DATA 	Keypress: 5
580.9626 	DATA 	TR 373 | TR1 187 | TR2 186
582.5124 	DATA 	Keypress: 5
582.5125 	DATA 	TR 374 | TR1 187 | TR2 187
583.5957 	DATA 	
583.5957 	DATA 	stimulation stopped
583.5957 	DATA 	
584.0788 	DATA 	Keypress: 5
584.0788 	DATA 	TR 375 | TR1 188 | TR2 187
585.6287 	DATA 	Keypress: 5
585.6288 	DATA 	TR 376 | TR1 188 | TR2 188
587.1954 	DATA 	Keypress: 5
587.1955 	DATA 	TR 377 | TR1 189 | TR2 188
588.7618 	DATA 	Keypress: 5
588.7619 	DATA 	TR 378 | TR1 189 | TR2 189
590.1283 	DATA 	Target presented
590.3284 	DATA 	Keypress: 5
590.3284 	DATA 	TR 379 | TR1 190 | TR2 189
590.8616 	DATA 	Keypress: 1
590.8617 	DATA 	Key1 pressed
590.8617 	DATA 	Target detected
591.8782 	DATA 	Keypress: 5
591.8782 	DATA 	TR 380 | TR1 190 | TR2 190
593.4448 	DATA 	Keypress: 5
593.4448 	DATA 	TR 381 | TR1 191 | TR2 190
594.9946 	DATA 	Keypress: 5
594.9946 	DATA 	TR 382 | TR1 191 | TR2 191
596.5778 	DATA 	Keypress: 5
596.5779 	DATA 	TR 383 | TR1 192 | TR2 191
598.1277 	DATA 	Keypress: 5
598.1277 	DATA 	TR 384 | TR1 192 | TR2 192
599.6942 	DATA 	Keypress: 5
599.6943 	DATA 	TR 385 | TR1 193 | TR2 192
601.2441 	DATA 	Keypress: 5
601.2441 	DATA 	TR 386 | TR1 193 | TR2 193
602.8273 	DATA 	Keypress: 5
602.8273 	DATA 	TR 387 | TR1 194 | TR2 193
604.3771 	DATA 	Keypress: 5
604.3772 	DATA 	TR 388 | TR1 194 | TR2 194
605.9437 	DATA 	Keypress: 5
605.9437 	DATA 	TR 389 | TR1 195 | TR2 194
607.4935 	DATA 	Keypress: 5
607.4936 	DATA 	TR 390 | TR1 195 | TR2 195
609.0601 	DATA 	Keypress: 5
609.0601 	DATA 	TR 391 | TR1 196 | TR2 195
610.6105 	DATA 	Keypress: 5
610.6265 	DATA 	TR 392 | TR1 196 | TR2 196
612.1932 	DATA 	Keypress: 5
612.1932 	DATA 	TR 393 | TR1 197 | TR2 196
613.5930 	DATA 	
613.5930 	DATA 	Trial complete
613.5930 	DATA 	Waiting for VASO trigger to start next trial
613.5930 	DATA 	
613.7430 	DATA 	Keypress: 5
613.7430 	DATA 	TR 394 | TR1 197 | TR2 197
615.3095 	DATA 	Keypress: 5
615.3096 	DATA 	Waited 1.716547966003418 seconds for trigger
615.3104 	DATA 	
615.3104 	DATA 	Trial 17
615.3104 	DATA 	stimDur = 12.0
615.3104 	DATA 	jitter = 0.78525
615.3104 	DATA 	restDur = 30.0

615.3104 	DATA 	
615.3104 	DATA 	TR 395 | TR1 198 | TR2 197
616.1094 	DATA 	
616.1094 	DATA 	stimulation started
616.1094 	DATA 	
616.8594 	DATA 	Keypress: 5
616.8595 	DATA 	TR 396 | TR1 198 | TR2 198
618.4427 	DATA 	Keypress: 5
618.4427 	DATA 	TR 397 | TR1 199 | TR2 198
619.9925 	DATA 	Keypress: 5
619.9926 	DATA 	TR 398 | TR1 199 | TR2 199
621.5591 	DATA 	Keypress: 5
621.5591 	DATA 	TR 399 | TR1 200 | TR2 199
623.1089 	DATA 	Keypress: 5
623.1090 	DATA 	TR 400 | TR1 200 | TR2 200
624.6762 	DATA 	Keypress: 5
624.6921 	DATA 	TR 401 | TR1 201 | TR2 200
626.2420 	DATA 	Keypress: 5
626.2420 	DATA 	TR 402 | TR1 201 | TR2 201
627.8086 	DATA 	Keypress: 5
627.8086 	DATA 	TR 403 | TR1 202 | TR2 201
628.1084 	DATA 	
628.1084 	DATA 	stimulation stopped
628.1084 	DATA 	
629.3583 	DATA 	Keypress: 5
629.3584 	DATA 	TR 404 | TR1 202 | TR2 202
630.9249 	DATA 	Keypress: 5
630.9249 	DATA 	TR 405 | TR1 203 | TR2 202
632.4747 	DATA 	Keypress: 5
632.4747 	DATA 	TR 406 | TR1 203 | TR2 203
634.0579 	DATA 	Keypress: 5
634.0580 	DATA 	TR 407 | TR1 204 | TR2 203
635.6078 	DATA 	Keypress: 5
635.6078 	DATA 	TR 408 | TR1 204 | TR2 204
637.1744 	DATA 	Keypress: 5
637.1744 	DATA 	TR 409 | TR1 205 | TR2 204
638.7242 	DATA 	Keypress: 5
638.7242 	DATA 	TR 410 | TR1 205 | TR2 205
640.3074 	DATA 	Keypress: 5
640.3075 	DATA 	TR 411 | TR1 206 | TR2 205
641.8573 	DATA 	Keypress: 5
641.8573 	DATA 	TR 412 | TR1 206 | TR2 206
643.4240 	DATA 	Keypress: 5
643.4240 	DATA 	TR 413 | TR1 207 | TR2 206
644.9737 	DATA 	Keypress: 5
644.9737 	DATA 	TR 414 | TR1 207 | TR2 207
646.5402 	DATA 	Keypress: 5
646.5403 	DATA 	TR 415 | TR1 208 | TR2 207
648.1067 	DATA 	Keypress: 5
648.1068 	DATA 	TR 416 | TR1 208 | TR2 208
649.6733 	DATA 	Keypress: 5
649.6733 	DATA 	TR 417 | TR1 209 | TR2 208
651.2231 	DATA 	Keypress: 5
651.2232 	DATA 	TR 418 | TR1 209 | TR2 209
652.7897 	DATA 	Keypress: 5
652.7897 	DATA 	TR 419 | TR1 210 | TR2 209
654.3395 	DATA 	Keypress: 5
654.3396 	DATA 	TR 420 | TR1 210 | TR2 210
655.9228 	DATA 	Keypress: 5
655.9228 	DATA 	TR 421 | TR1 211 | TR2 210
657.4726 	DATA 	Keypress: 5
657.4727 	DATA 	TR 422 | TR1 211 | TR2 211
658.1059 	DATA 	
658.1059 	DATA 	Trial complete
658.1059 	DATA 	Waiting for VASO trigger to start next trial
658.1059 	DATA 	
659.0392 	DATA 	Keypress: 5
659.0392 	DATA 	Waited 0.933323860168457 seconds for trigger
659.0400 	DATA 	
659.0400 	DATA 	Trial 18
659.0400 	DATA 	stimDur = 12.0
659.0400 	DATA 	jitter = 2.35575
659.0400 	DATA 	restDur = 30.0

659.0400 	DATA 	
659.0400 	DATA 	TR 423 | TR1 212 | TR2 211
660.5888 	DATA 	Keypress: 5
660.5888 	DATA 	TR 424 | TR1 212 | TR2 212
661.4056 	DATA 	
661.4056 	DATA 	stimulation started
661.4056 	DATA 	
662.1563 	DATA 	Keypress: 5
662.1722 	DATA 	TR 425 | TR1 213 | TR2 212
663.7221 	DATA 	Keypress: 5
663.7222 	DATA 	TR 426 | TR1 213 | TR2 213
665.2887 	DATA 	Keypress: 5
665.2887 	DATA 	TR 427 | TR1 214 | TR2 213
666.1386 	DATA 	Target presented
666.6559 	DATA 	Keypress: 1
666.6719 	DATA 	Key1 pressed
666.6719 	DATA 	Target detected
666.8385 	DATA 	Keypress: 5
666.8386 	DATA 	TR 428 | TR1 214 | TR2 214
668.4051 	DATA 	Keypress: 5
668.4051 	DATA 	TR 429 | TR1 215 | TR2 214
669.9549 	DATA 	Keypress: 5
669.9550 	DATA 	TR 430 | TR1 215 | TR2 215
671.5382 	DATA 	Keypress: 5
671.5382 	DATA 	TR 431 | TR1 216 | TR2 215
673.0880 	DATA 	Keypress: 5
673.0880 	DATA 	TR 432 | TR1 216 | TR2 216
673.4046 	DATA 	
673.4046 	DATA 	stimulation stopped
673.4046 	DATA 	
674.6545 	DATA 	Keypress: 5
674.6545 	DATA 	TR 433 | TR1 217 | TR2 216
676.2043 	DATA 	Keypress: 5
676.2044 	DATA 	TR 434 | TR1 217 | TR2 217
677.7877 	DATA 	Keypress: 5
677.7877 	DATA 	TR 435 | TR1 218 | TR2 217
679.3374 	DATA 	Keypress: 5
679.3375 	DATA 	TR 436 | TR1 218 | TR2 218
680.9040 	DATA 	Keypress: 5
680.9040 	DATA 	TR 437 | TR1 219 | TR2 218
682.4538 	DATA 	Keypress: 5
682.4539 	DATA 	TR 438 | TR1 219 | TR2 219
684.0204 	DATA 	Keypress: 5
684.0204 	DATA 	TR 439 | TR1 220 | TR2 219
685.5869 	DATA 	Keypress: 5
685.5870 	DATA 	TR 440 | TR1 220 | TR2 220
687.1535 	DATA 	Keypress: 5
687.1535 	DATA 	TR 441 | TR1 221 | TR2 220
688.7033 	DATA 	Keypress: 5
688.7034 	DATA 	TR 442 | TR1 221 | TR2 221
690.2699 	DATA 	Keypress: 5
690.2699 	DATA 	TR 443 | TR1 222 | TR2 221
691.8197 	DATA 	Keypress: 5
691.8197 	DATA 	TR 444 | TR1 222 | TR2 222
693.4030 	DATA 	Keypress: 5
693.4030 	DATA 	TR 445 | TR1 223 | TR2 222
694.9528 	DATA 	Keypress: 5
694.9528 	DATA 	TR 446 | TR1 223 | TR2 223
696.5195 	DATA 	Keypress: 5
696.5196 	DATA 	TR 447 | TR1 224 | TR2 223
698.0692 	DATA 	Keypress: 5
698.0692 	DATA 	TR 448 | TR1 224 | TR2 224
699.6524 	DATA 	Keypress: 5
699.6525 	DATA 	TR 449 | TR1 225 | TR2 224
701.2023 	DATA 	Keypress: 5
701.2023 	DATA 	TR 450 | TR1 225 | TR2 225
702.7688 	DATA 	Keypress: 5
702.7689 	DATA 	TR 451 | TR1 226 | TR2 225
703.4021 	DATA 	
703.4021 	DATA 	Trial complete
703.4021 	DATA 	Waiting for VASO trigger to start next trial
703.4021 	DATA 	
704.3187 	DATA 	Keypress: 5
704.3187 	DATA 	TR 452 | TR1 226 | TR2 226
705.8852 	DATA 	Keypress: 5
705.8853 	DATA 	Waited 2.4832029342651367 seconds for trigger
705.8861 	DATA 	
705.8861 	DATA 	Trial 19
705.8861 	DATA 	stimDur = 2.0
705.8861 	DATA 	jitter = 0.78525
705.8861 	DATA 	restDur = 22.0

705.8861 	DATA 	
705.8861 	DATA 	TR 453 | TR1 227 | TR2 226
706.6851 	DATA 	
706.6851 	DATA 	stimulation started
706.6851 	DATA 	
707.4351 	DATA 	Keypress: 5
707.4352 	DATA 	TR 454 | TR1 227 | TR2 227
708.6850 	DATA 	
708.6850 	DATA 	stimulation stopped
708.6850 	DATA 	
709.0183 	DATA 	Keypress: 5
709.0183 	DATA 	TR 455 | TR1 228 | TR2 227
710.5681 	DATA 	Keypress: 5
710.5682 	DATA 	TR 456 | TR1 228 | TR2 228
712.1347 	DATA 	Keypress: 5
712.1348 	DATA 	TR 457 | TR1 229 | TR2 228
713.6846 	DATA 	Keypress: 5
713.6846 	DATA 	TR 458 | TR1 229 | TR2 229
713.6847 	DATA 	Target presented
714.1680 	DATA 	Keypress: 1
714.1680 	DATA 	Key1 pressed
714.1681 	DATA 	Target detected
715.2678 	DATA 	Keypress: 5
715.2678 	DATA 	TR 459 | TR1 230 | TR2 229
716.8176 	DATA 	Keypress: 5
716.8177 	DATA 	TR 460 | TR1 230 | TR2 230
718.3842 	DATA 	Keypress: 5
718.3843 	DATA 	TR 461 | TR1 231 | TR2 230
719.9340 	DATA 	Keypress: 5
719.9341 	DATA 	TR 462 | TR1 231 | TR2 231
721.5012 	DATA 	Keypress: 5
721.5173 	DATA 	TR 463 | TR1 232 | TR2 231
723.0670 	DATA 	Keypress: 5
723.0671 	DATA 	TR 464 | TR1 232 | TR2 232
724.6337 	DATA 	Keypress: 5
724.6337 	DATA 	TR 465 | TR1 233 | TR2 232
726.1836 	DATA 	Keypress: 5
726.1836 	DATA 	TR 466 | TR1 233 | TR2 233
727.7501 	DATA 	Keypress: 5
727.7501 	DATA 	TR 467 | TR1 234 | TR2 233
729.2999 	DATA 	Keypress: 5
729.3000 	DATA 	TR 468 | TR1 234 | TR2 234
730.6831 	DATA 	
730.6831 	DATA 	Trial complete
730.6832 	DATA 	
730.8831 	DATA 	Keypress: 5
730.8832 	DATA 	Waited 27.481079816818237 seconds for trigger
730.8840 	DATA 	
730.8840 	DATA 	Trial 20
730.8840 	DATA 	stimDur = 24.0
730.8840 	DATA 	jitter = 0.78525
730.8840 	DATA 	restDur = 40.0

730.8840 	DATA 	
730.8840 	DATA 	TR 469 | TR1 235 | TR2 234
731.6830 	DATA 	
731.6830 	DATA 	stimulation started
731.6830 	DATA 	
732.4331 	DATA 	Keypress: 5
732.4332 	DATA 	TR 470 | TR1 235 | TR2 235
733.9997 	DATA 	Keypress: 5
733.9998 	DATA 	TR 471 | TR1 236 | TR2 235
735.5495 	DATA 	Keypress: 5
735.5495 	DATA 	TR 472 | TR1 236 | TR2 236
737.1327 	DATA 	Keypress: 5
737.1327 	DATA 	TR 473 | TR1 237 | TR2 236
738.6826 	DATA 	Keypress: 5
738.6826 	DATA 	TR 474 | TR1 237 | TR2 237
740.2491 	DATA 	Keypress: 5
740.2491 	DATA 	TR 475 | TR1 238 | TR2 237
741.7990 	DATA 	Keypress: 5
741.7990 	DATA 	TR 476 | TR1 238 | TR2 238
743.3655 	DATA 	Keypress: 5
743.3656 	DATA 	TR 477 | TR1 239 | TR2 238
744.9161 	DATA 	Keypress: 5
744.9320 	DATA 	TR 478 | TR1 239 | TR2 239
746.4986 	DATA 	Keypress: 5
746.4986 	DATA 	TR 479 | TR1 240 | TR2 239
748.0485 	DATA 	Keypress: 5
748.0485 	DATA 	TR 480 | TR1 240 | TR2 240
749.6150 	DATA 	Keypress: 5
749.6150 	DATA 	TR 481 | TR1 241 | TR2 240
751.1649 	DATA 	Keypress: 5
751.1649 	DATA 	TR 482 | TR1 241 | TR2 241
752.7481 	DATA 	Keypress: 5
752.7481 	DATA 	TR 483 | TR1 242 | TR2 241
754.2980 	DATA 	Keypress: 5
754.2980 	DATA 	TR 484 | TR1 242 | TR2 242
755.6811 	DATA 	
755.6811 	DATA 	stimulation stopped
755.6811 	DATA 	
755.8644 	DATA 	Keypress: 5
755.8645 	DATA 	TR 485 | TR1 243 | TR2 242
757.4143 	DATA 	Keypress: 5
757.4144 	DATA 	TR 486 | TR1 243 | TR2 243
758.9814 	DATA 	Keypress: 5
758.9975 	DATA 	TR 487 | TR1 244 | TR2 243
760.5474 	DATA 	Keypress: 5
760.5475 	DATA 	TR 488 | TR1 244 | TR2 244
762.1139 	DATA 	Keypress: 5
762.1139 	DATA 	TR 489 | TR1 245 | TR2 244
763.6639 	DATA 	Keypress: 5
763.6640 	DATA 	TR 490 | TR1 245 | TR2 245
765.2301 	DATA 	Keypress: 5
765.2302 	DATA 	TR 491 | TR1 246 | TR2 245
766.7802 	DATA 	Keypress: 5
766.7803 	DATA 	TR 492 | TR1 246 | TR2 246
768.3634 	DATA 	Keypress: 5
768.3634 	DATA 	TR 493 | TR1 247 | TR2 246
769.9133 	DATA 	Keypress: 5
769.9133 	DATA 	TR 494 | TR1 247 | TR2 247
771.4800 	DATA 	Keypress: 5
771.4800 	DATA 	TR 495 | TR1 248 | TR2 247
773.0297 	DATA 	Keypress: 5
773.0298 	DATA 	TR 496 | TR1 248 | TR2 248
774.6129 	DATA 	Keypress: 5
774.6129 	DATA 	TR 497 | TR1 249 | TR2 248
776.1628 	DATA 	Keypress: 5
776.1628 	DATA 	TR 498 | TR1 249 | TR2 249
777.7293 	DATA 	Keypress: 5
777.7293 	DATA 	TR 499 | TR1 250 | TR2 249
779.2792 	DATA 	Keypress: 5
779.2792 	DATA 	TR 500 | TR1 250 | TR2 250
780.8457 	DATA 	Keypress: 5
780.8457 	DATA 	TR 501 | TR1 251 | TR2 250
782.4123 	DATA 	Keypress: 5
782.4123 	DATA 	TR 502 | TR1 251 | TR2 251
783.9788 	DATA 	Keypress: 5
783.9788 	DATA 	TR 503 | TR1 252 | TR2 251
785.5287 	DATA 	Keypress: 5
785.5287 	DATA 	TR 504 | TR1 252 | TR2 252
787.0952 	DATA 	Keypress: 5
787.0952 	DATA 	TR 505 | TR1 253 | TR2 252
788.6452 	DATA 	Keypress: 5
788.6452 	DATA 	TR 506 | TR1 253 | TR2 253
790.2283 	DATA 	Keypress: 5
790.2283 	DATA 	TR 507 | TR1 254 | TR2 253
791.7782 	DATA 	Keypress: 5
791.7783 	DATA 	TR 508 | TR1 254 | TR2 254
793.3447 	DATA 	Keypress: 5
793.3447 	DATA 	TR 509 | TR1 255 | TR2 254
794.8946 	DATA 	Keypress: 5
794.8946 	DATA 	TR 510 | TR1 255 | TR2 255
795.6778 	DATA 	
795.6778 	DATA 	Trial complete
795.6778 	DATA 	
796.4617 	DATA 	Keypress: 5
796.4777 	DATA 	TR 511 | TR1 256 | TR2 255
798.0277 	DATA 	Keypress: 5
798.0277 	DATA 	TR 512 | TR1 256 | TR2 256
799.5942 	DATA 	Keypress: 5
799.5942 	DATA 	TR 513 | TR1 257 | TR2 256
801.1441 	DATA 	Keypress: 5
801.1441 	DATA 	TR 514 | TR1 257 | TR2 257
802.7106 	DATA 	Keypress: 5
802.7106 	DATA 	TR 515 | TR1 258 | TR2 257
804.2605 	DATA 	Keypress: 5
804.2605 	DATA 	TR 516 | TR1 258 | TR2 258
805.8437 	DATA 	Keypress: 5
805.8437 	DATA 	TR 517 | TR1 259 | TR2 258
807.3936 	DATA 	Keypress: 5
807.3936 	DATA 	TR 518 | TR1 259 | TR2 259
808.9601 	DATA 	Keypress: 5
808.9601 	DATA 	TR 519 | TR1 260 | TR2 259
810.5100 	DATA 	Keypress: 5
810.5101 	DATA 	TR 520 | TR1 260 | TR2 260
812.0934 	DATA 	Keypress: 5
812.0935 	DATA 	TR 521 | TR1 261 | TR2 260
813.6431 	DATA 	Keypress: 5
813.6431 	DATA 	TR 522 | TR1 261 | TR2 261
815.2096 	DATA 	Keypress: 5
815.2097 	DATA 	TR 523 | TR1 262 | TR2 261
816.7595 	DATA 	Keypress: 5
816.7595 	DATA 	TR 524 | TR1 262 | TR2 262
823.7589 	DATA 	EndOfRun sub-05_ses-05_run-04

823.7589 	DATA 	We spent 53.18803071975708 seconds waiting for triggers
823.7589 	DATA 	RatioOfDetectedTargets 1.0
823.7589 	DATA 	You have detected 12 out of 12 targets.
828.7880 	EXP 	window1: mouseVisible = True
