MonitorDistance=99cm
MonitorWidth=30cm
PixelWidth=1024.0
PixelHeight=768.0
You have detected 11 out of 12 targets.
Well done! Keep up the good work
7.1636 	INFO 	Loaded monitor calibration from ['2021_05_26 17:55']
7.6369 	EXP 	Created window1 = Window(allowGUI=False, allowStencil=False, autoLog=True, backendConf=UNKNOWN, bitsMode=UNKNOWN, blendMode='avg', bpc=(8, 8, 8), color=array([-0.5, -0.5, -0.5]), colorSpace='rgb', depthBits=8, fullscr=<method-wrapper '__getattribute__' of attributeSetter object at 0x7f0b76158400>, gamma=None, gammaErrorPolicy='raise', lms=UNKNOWN, monitor=<psychopy.monitors.calibTools.Monitor object at 0x7f0b6bf7b048>, multiSample=False, name='window1', numSamples=2, pos=[0.0, 0.0], screen=0, size=array([1024,  768]), stencilBits=0, stereo=False, units='deg', useFBO=False, useRetina=False, viewOri=0.0, viewPos=None, viewScale=None, waitBlanking=True, winType='pyglet')
7.6370 	EXP 	window1: mouseVisible = True
7.7075 	EXP 	Created unnamed TextStim = TextStim(__class__=<class 'psychopy.visual.text.TextStim'>, alignHoriz=method-wrapper(...), alignText='center', alignVert=method-wrapper(...), anchorHoriz='center', anchorVert='center', antialias=True, autoLog=True, bold=False, color=array([1., 1., 1.]), colorSpace='rgb', contrast=1.0, depth=0, flipHoriz=False, flipVert=False, font='', fontFiles=[], height=0.5, italic=False, languageStyle='LTR', name='unnamed TextStim', opacity=1.0, ori=0.0, pos=array([0., 0.]), rgb=UNKNOWN, text=str(...), units='deg', win=Window(...), wrapWidth=15.0)
7.7376 	EXP 	Created Movie Frame 0 = ImageStim(__class__=<class 'psychopy.visual.image.ImageStim'>, autoLog=True, color=array([0.8, 0.8, 0.8]), colorSpace='rgb', contrast=0.8, depth=0, flipHoriz=False, flipVert=False, image='visual_0.png', interpolate=False, mask=None, maskParams=None, name='Movie Frame 0', opacity=1, ori=0.0, pos=array([0., 0.]), size=array([1024,  768]), texRes=128, units='pix', win=Window(...))
7.7617 	EXP 	Created Movie Frame 1 = ImageStim(__class__=<class 'psychopy.visual.image.ImageStim'>, autoLog=True, color=array([0.8, 0.8, 0.8]), colorSpace='rgb', contrast=0.8, depth=0, flipHoriz=False, flipVert=False, image='visual_1.png', interpolate=False, mask=None, maskParams=None, name='Movie Frame 1', opacity=1, ori=0.0, pos=array([0., 0.]), size=array([1024,  768]), texRes=128, units='pix', win=Window(...))
234.4335 	DATA 	Keypress: 5
0.0000 	DATA 	StartOfRun sub-08_ses-03_run-05
0.0000 	DATA 	TR 1 | TR1 1 | TR2 0
0.0143 	DATA 	Initial baseline

1.5507 	DATA 	Keypress: 5
1.5507 	DATA 	TR 2 | TR1 1 | TR2 1
3.1228 	DATA 	Keypress: 5
3.1229 	DATA 	TR 3 | TR1 2 | TR2 1
4.6740 	DATA 	Keypress: 5
4.6740 	DATA 	TR 4 | TR1 2 | TR2 2
6.2462 	DATA 	Keypress: 5
6.2463 	DATA 	TR 5 | TR1 3 | TR2 2
7.7974 	DATA 	Keypress: 5
7.7974 	DATA 	TR 6 | TR1 3 | TR2 3
9.3696 	DATA 	Keypress: 5
9.3696 	DATA 	TR 7 | TR1 4 | TR2 3
10.9208 	DATA 	Keypress: 5
10.9208 	DATA 	TR 8 | TR1 4 | TR2 4
12.4930 	DATA 	Keypress: 5
12.4930 	DATA 	TR 9 | TR1 5 | TR2 4
14.0441 	DATA 	Keypress: 5
14.0442 	DATA 	TR 10 | TR1 5 | TR2 5
15.6164 	DATA 	Keypress: 5
15.6165 	DATA 	TR 11 | TR1 6 | TR2 5
17.1675 	DATA 	Keypress: 5
17.1676 	DATA 	TR 12 | TR1 6 | TR2 6
18.7397 	DATA 	Keypress: 5
18.7398 	DATA 	TR 13 | TR1 7 | TR2 6
20.2909 	DATA 	Keypress: 5
20.2909 	DATA 	TR 14 | TR1 7 | TR2 7
21.8631 	DATA 	Keypress: 5
21.8632 	DATA 	TR 15 | TR1 8 | TR2 7
23.4143 	DATA 	Keypress: 5
23.4144 	DATA 	TR 16 | TR1 8 | TR2 8
24.9865 	DATA 	Keypress: 5
24.9865 	DATA 	TR 17 | TR1 9 | TR2 8
26.5378 	DATA 	Keypress: 5
26.5379 	DATA 	TR 18 | TR1 9 | TR2 9
28.1099 	DATA 	Keypress: 5
28.1099 	DATA 	TR 19 | TR1 10 | TR2 9
29.6611 	DATA 	Keypress: 5
29.6611 	DATA 	TR 20 | TR1 10 | TR2 10
31.2453 	DATA 	Keypress: 5
31.2454 	DATA 	Waited 1.2453842163085938 seconds for trigger
31.2468 	DATA 	
31.2468 	DATA 	Trial 1
31.2468 	DATA 	stimDur = 4.0
31.2468 	DATA 	jitter = 1.5705
31.2468 	DATA 	restDur = 24.0

31.2468 	DATA 	
31.2468 	DATA 	TR 21 | TR1 11 | TR2 10
32.7952 	DATA 	Keypress: 5
32.7953 	DATA 	TR 22 | TR1 11 | TR2 11
32.8285 	DATA 	
32.8285 	DATA 	stimulation started
32.8285 	DATA 	
34.3618 	DATA 	Keypress: 5
34.3618 	DATA 	TR 23 | TR1 12 | TR2 11
35.9116 	DATA 	Keypress: 5
35.9117 	DATA 	TR 24 | TR1 12 | TR2 12
36.8282 	DATA 	
36.8282 	DATA 	stimulation stopped
36.8282 	DATA 	
37.4448 	DATA 	Keypress: 1
37.4448 	DATA 	Key1 pressed
37.4948 	DATA 	Keypress: 5
37.4948 	DATA 	TR 25 | TR1 13 | TR2 12
39.0446 	DATA 	Keypress: 5
39.0447 	DATA 	TR 26 | TR1 13 | TR2 13
40.6111 	DATA 	Keypress: 5
40.6112 	DATA 	TR 27 | TR1 14 | TR2 13
42.1610 	DATA 	Keypress: 5
42.1611 	DATA 	TR 28 | TR1 14 | TR2 14
43.7276 	DATA 	Keypress: 5
43.7276 	DATA 	TR 29 | TR1 15 | TR2 14
45.2780 	DATA 	Keypress: 5
45.2940 	DATA 	TR 30 | TR1 15 | TR2 15
46.8605 	DATA 	Keypress: 5
46.8606 	DATA 	TR 31 | TR1 16 | TR2 15
48.4105 	DATA 	Keypress: 5
48.4105 	DATA 	TR 32 | TR1 16 | TR2 16
49.9769 	DATA 	Keypress: 5
49.9770 	DATA 	TR 33 | TR1 17 | TR2 16
51.5268 	DATA 	Keypress: 5
51.5269 	DATA 	TR 34 | TR1 17 | TR2 17
53.1100 	DATA 	Keypress: 5
53.1101 	DATA 	TR 35 | TR1 18 | TR2 17
54.6599 	DATA 	Keypress: 5
54.6600 	DATA 	TR 36 | TR1 18 | TR2 18
56.2263 	DATA 	Keypress: 5
56.2264 	DATA 	TR 37 | TR1 19 | TR2 18
57.7763 	DATA 	Keypress: 5
57.7763 	DATA 	TR 38 | TR1 19 | TR2 19
59.3595 	DATA 	Keypress: 5
59.3596 	DATA 	TR 39 | TR1 20 | TR2 19
60.8259 	DATA 	
60.8259 	DATA 	Trial complete
60.8260 	DATA 	Waiting for VASO trigger to start next trial
60.8260 	DATA 	
60.9093 	DATA 	Keypress: 5
60.9093 	DATA 	TR 40 | TR1 20 | TR2 20
62.4758 	DATA 	Keypress: 5
62.4759 	DATA 	Waited 1.6498830318450928 seconds for trigger
62.4767 	DATA 	
62.4767 	DATA 	Trial 2
62.4767 	DATA 	stimDur = 12.0
62.4767 	DATA 	jitter = 2.35575
62.4767 	DATA 	restDur = 30.0

62.4767 	DATA 	
62.4767 	DATA 	TR 41 | TR1 21 | TR2 20
64.0257 	DATA 	Keypress: 5
64.0257 	DATA 	TR 42 | TR1 21 | TR2 21
64.8422 	DATA 	
64.8422 	DATA 	stimulation started
64.8422 	DATA 	
65.5923 	DATA 	Keypress: 5
65.5923 	DATA 	TR 43 | TR1 22 | TR2 21
67.1421 	DATA 	Keypress: 5
67.1421 	DATA 	TR 44 | TR1 22 | TR2 22
68.7253 	DATA 	Keypress: 5
68.7254 	DATA 	TR 45 | TR1 23 | TR2 22
70.2751 	DATA 	Keypress: 5
70.2752 	DATA 	TR 46 | TR1 23 | TR2 23
71.8417 	DATA 	Keypress: 5
71.8417 	DATA 	TR 47 | TR1 24 | TR2 23
73.3915 	DATA 	Keypress: 5
73.3915 	DATA 	TR 48 | TR1 24 | TR2 24
74.9747 	DATA 	Keypress: 5
74.9748 	DATA 	TR 49 | TR1 25 | TR2 24
76.5245 	DATA 	Keypress: 5
76.5246 	DATA 	TR 50 | TR1 25 | TR2 25
76.8412 	DATA 	
76.8412 	DATA 	stimulation stopped
76.8412 	DATA 	
78.0911 	DATA 	Keypress: 5
78.0911 	DATA 	TR 51 | TR1 26 | TR2 25
79.6409 	DATA 	Keypress: 5
79.6409 	DATA 	TR 52 | TR1 26 | TR2 26
81.2074 	DATA 	Keypress: 5
81.2075 	DATA 	TR 53 | TR1 27 | TR2 26
82.7739 	DATA 	Keypress: 5
82.7740 	DATA 	TR 54 | TR1 27 | TR2 27
84.3405 	DATA 	Keypress: 5
84.3405 	DATA 	TR 55 | TR1 28 | TR2 27
85.8903 	DATA 	Keypress: 5
85.8903 	DATA 	TR 56 | TR1 28 | TR2 28
87.4569 	DATA 	Keypress: 5
87.4569 	DATA 	TR 57 | TR1 29 | TR2 28
89.0068 	DATA 	Keypress: 5
89.0069 	DATA 	TR 58 | TR1 29 | TR2 29
90.5899 	DATA 	Keypress: 5
90.5900 	DATA 	TR 59 | TR1 30 | TR2 29
92.1397 	DATA 	Keypress: 5
92.1398 	DATA 	TR 60 | TR1 30 | TR2 30
93.7063 	DATA 	Keypress: 5
93.7063 	DATA 	TR 61 | TR1 31 | TR2 30
95.2561 	DATA 	Keypress: 5
95.2562 	DATA 	TR 62 | TR1 31 | TR2 31
96.8233 	DATA 	Keypress: 5
96.8394 	DATA 	TR 63 | TR1 32 | TR2 31
98.3892 	DATA 	Keypress: 5
98.3892 	DATA 	TR 64 | TR1 32 | TR2 32
99.9557 	DATA 	Keypress: 5
99.9558 	DATA 	TR 65 | TR1 33 | TR2 32
101.5055 	DATA 	Keypress: 5
101.5056 	DATA 	TR 66 | TR1 33 | TR2 33
103.0721 	DATA 	Keypress: 5
103.0721 	DATA 	TR 67 | TR1 34 | TR2 33
104.6225 	DATA 	Keypress: 5
104.6386 	DATA 	TR 68 | TR1 34 | TR2 34
104.7886 	DATA 	Target presented
105.6385 	DATA 	Keypress: 1
105.6386 	DATA 	Key1 pressed
105.6386 	DATA 	Target detected
106.2051 	DATA 	Keypress: 5
106.2052 	DATA 	TR 69 | TR1 35 | TR2 34
106.8383 	DATA 	
106.8383 	DATA 	Trial complete
106.8384 	DATA 	Waiting for VASO trigger to start next trial
106.8384 	DATA 	
107.7550 	DATA 	Keypress: 5
107.7550 	DATA 	TR 70 | TR1 35 | TR2 35
109.3215 	DATA 	Keypress: 5
109.3216 	DATA 	Waited 2.483222007751465 seconds for trigger
109.3223 	DATA 	
109.3224 	DATA 	Trial 3
109.3224 	DATA 	stimDur = 24.0
109.3224 	DATA 	jitter = 0.78525
109.3224 	DATA 	restDur = 40.0

109.3224 	DATA 	
109.3224 	DATA 	TR 71 | TR1 36 | TR2 35
110.1214 	DATA 	
110.1214 	DATA 	stimulation started
110.1214 	DATA 	
110.8714 	DATA 	Keypress: 5
110.8714 	DATA 	TR 72 | TR1 36 | TR2 36
112.4547 	DATA 	Keypress: 5
112.4547 	DATA 	TR 73 | TR1 37 | TR2 36
114.0045 	DATA 	Keypress: 5
114.0045 	DATA 	TR 74 | TR1 37 | TR2 37
115.5710 	DATA 	Keypress: 5
115.5711 	DATA 	TR 75 | TR1 38 | TR2 37
117.1208 	DATA 	Keypress: 5
117.1209 	DATA 	TR 76 | TR1 38 | TR2 38
118.6876 	DATA 	Keypress: 5
118.6876 	DATA 	TR 77 | TR1 39 | TR2 38
120.2539 	DATA 	Keypress: 5
120.2539 	DATA 	TR 78 | TR1 39 | TR2 39
121.8204 	DATA 	Keypress: 5
121.8205 	DATA 	TR 79 | TR1 40 | TR2 39
123.3703 	DATA 	Keypress: 5
123.3703 	DATA 	TR 80 | TR1 40 | TR2 40
124.9368 	DATA 	Keypress: 5
124.9369 	DATA 	TR 81 | TR1 41 | TR2 40
126.4867 	DATA 	Keypress: 5
126.4867 	DATA 	TR 82 | TR1 41 | TR2 41
128.0699 	DATA 	Keypress: 5
128.0699 	DATA 	TR 83 | TR1 42 | TR2 41
129.6198 	DATA 	Keypress: 5
129.6199 	DATA 	TR 84 | TR1 42 | TR2 42
131.1862 	DATA 	Keypress: 5
131.1863 	DATA 	TR 85 | TR1 43 | TR2 42
132.7361 	DATA 	Keypress: 5
132.7361 	DATA 	TR 86 | TR1 43 | TR2 43
134.1192 	DATA 	
134.1193 	DATA 	stimulation stopped
134.1193 	DATA 	
134.3192 	DATA 	Keypress: 5
134.3193 	DATA 	TR 87 | TR1 44 | TR2 43
135.8691 	DATA 	Keypress: 5
135.8691 	DATA 	TR 88 | TR1 44 | TR2 44
137.4358 	DATA 	Keypress: 5
137.4359 	DATA 	TR 89 | TR1 45 | TR2 44
138.9854 	DATA 	Keypress: 5
138.9855 	DATA 	TR 90 | TR1 45 | TR2 45
140.5520 	DATA 	Keypress: 5
140.5520 	DATA 	TR 91 | TR1 46 | TR2 45
142.1023 	DATA 	Keypress: 5
142.1185 	DATA 	TR 92 | TR1 46 | TR2 46
143.6851 	DATA 	Keypress: 5
143.6851 	DATA 	TR 93 | TR1 47 | TR2 46
145.2349 	DATA 	Keypress: 5
145.2349 	DATA 	TR 94 | TR1 47 | TR2 47
146.8014 	DATA 	Keypress: 5
146.8015 	DATA 	TR 95 | TR1 48 | TR2 47
148.3513 	DATA 	Keypress: 5
148.3513 	DATA 	TR 96 | TR1 48 | TR2 48
149.9345 	DATA 	Keypress: 5
149.9345 	DATA 	TR 97 | TR1 49 | TR2 48
151.4843 	DATA 	Keypress: 5
151.4844 	DATA 	TR 98 | TR1 49 | TR2 49
153.0509 	DATA 	Keypress: 5
153.0509 	DATA 	TR 99 | TR1 50 | TR2 49
154.6007 	DATA 	Keypress: 5
154.6007 	DATA 	TR 100 | TR1 50 | TR2 50
156.1678 	DATA 	Keypress: 5
156.1838 	DATA 	TR 101 | TR1 51 | TR2 50
157.7337 	DATA 	Keypress: 5
157.7338 	DATA 	TR 102 | TR1 51 | TR2 51
159.3003 	DATA 	Keypress: 5
159.3003 	DATA 	TR 103 | TR1 52 | TR2 51
160.8501 	DATA 	Keypress: 5
160.8502 	DATA 	TR 104 | TR1 52 | TR2 52
162.4166 	DATA 	Keypress: 5
162.4167 	DATA 	TR 105 | TR1 53 | TR2 52
163.9665 	DATA 	Keypress: 5
163.9665 	DATA 	TR 106 | TR1 53 | TR2 53
165.5497 	DATA 	Keypress: 5
165.5498 	DATA 	TR 107 | TR1 54 | TR2 53
166.5496 	DATA 	Target presented
167.0997 	DATA 	Keypress: 5
167.0997 	DATA 	TR 108 | TR1 54 | TR2 54
168.6661 	DATA 	Keypress: 5
168.6662 	DATA 	TR 109 | TR1 55 | TR2 54
170.2159 	DATA 	Keypress: 5
170.2159 	DATA 	TR 110 | TR1 55 | TR2 55
171.7991 	DATA 	Keypress: 5
171.7992 	DATA 	TR 111 | TR1 56 | TR2 55
173.3490 	DATA 	Keypress: 5
173.3490 	DATA 	TR 112 | TR1 56 | TR2 56
174.1155 	DATA 	
174.1156 	DATA 	Trial complete
174.1156 	DATA 	Waiting for VASO trigger to start next trial
174.1156 	DATA 	
174.9155 	DATA 	Keypress: 5
174.9156 	DATA 	Waited 0.8000199794769287 seconds for trigger
174.9164 	DATA 	
174.9164 	DATA 	Trial 4
174.9164 	DATA 	stimDur = 24.0
174.9164 	DATA 	jitter = 1.5705
174.9164 	DATA 	restDur = 40.0

174.9164 	DATA 	
174.9164 	DATA 	TR 113 | TR1 57 | TR2 56
176.4653 	DATA 	Keypress: 5
176.4654 	DATA 	TR 114 | TR1 57 | TR2 57
176.4987 	DATA 	
176.4987 	DATA 	stimulation started
176.4987 	DATA 	
178.0320 	DATA 	Keypress: 5
178.0321 	DATA 	TR 115 | TR1 58 | TR2 57
179.5825 	DATA 	Keypress: 5
179.5984 	DATA 	TR 116 | TR1 58 | TR2 58
181.1650 	DATA 	Keypress: 5
181.1651 	DATA 	TR 117 | TR1 59 | TR2 58
182.7149 	DATA 	Keypress: 5
182.7149 	DATA 	TR 118 | TR1 59 | TR2 59
184.2814 	DATA 	Keypress: 5
184.2814 	DATA 	TR 119 | TR1 60 | TR2 59
185.8312 	DATA 	Keypress: 5
185.8313 	DATA 	TR 120 | TR1 60 | TR2 60
187.4145 	DATA 	Keypress: 5
187.4145 	DATA 	TR 121 | TR1 61 | TR2 60
188.9643 	DATA 	Keypress: 5
188.9643 	DATA 	TR 122 | TR1 61 | TR2 61
190.5308 	DATA 	Keypress: 5
190.5309 	DATA 	TR 123 | TR1 62 | TR2 61
192.0807 	DATA 	Keypress: 5
192.0807 	DATA 	TR 124 | TR1 62 | TR2 62
193.6479 	DATA 	Keypress: 5
193.6638 	DATA 	TR 125 | TR1 63 | TR2 62
195.2138 	DATA 	Keypress: 5
195.2139 	DATA 	TR 126 | TR1 63 | TR2 63
196.7803 	DATA 	Keypress: 5
196.7803 	DATA 	TR 127 | TR1 64 | TR2 63
198.3301 	DATA 	Keypress: 5
198.3301 	DATA 	TR 128 | TR1 64 | TR2 64
199.8966 	DATA 	Keypress: 5
199.8967 	DATA 	TR 129 | TR1 65 | TR2 64
200.4965 	DATA 	
200.4965 	DATA 	stimulation stopped
200.4965 	DATA 	
201.4465 	DATA 	Keypress: 5
201.4466 	DATA 	TR 130 | TR1 65 | TR2 65
203.0296 	DATA 	Keypress: 5
203.0297 	DATA 	TR 131 | TR1 66 | TR2 65
204.5795 	DATA 	Keypress: 5
204.5795 	DATA 	TR 132 | TR1 66 | TR2 66
206.1460 	DATA 	Keypress: 5
206.1461 	DATA 	TR 133 | TR1 67 | TR2 66
207.6958 	DATA 	Keypress: 5
207.6959 	DATA 	TR 134 | TR1 67 | TR2 67
209.2792 	DATA 	Keypress: 5
209.2792 	DATA 	TR 135 | TR1 68 | TR2 67
210.8289 	DATA 	Keypress: 5
210.8289 	DATA 	TR 136 | TR1 68 | TR2 68
212.3954 	DATA 	Keypress: 5
212.3955 	DATA 	TR 137 | TR1 69 | TR2 68
213.9453 	DATA 	Keypress: 5
213.9453 	DATA 	TR 138 | TR1 69 | TR2 69
215.5118 	DATA 	Keypress: 5
215.5118 	DATA 	TR 139 | TR1 70 | TR2 69
217.0783 	DATA 	Keypress: 5
217.0784 	DATA 	TR 140 | TR1 70 | TR2 70
218.6449 	DATA 	Keypress: 5
218.6449 	DATA 	TR 141 | TR1 71 | TR2 70
220.1947 	DATA 	Keypress: 5
220.1947 	DATA 	TR 142 | TR1 71 | TR2 71
221.7612 	DATA 	Keypress: 5
221.7613 	DATA 	TR 143 | TR1 72 | TR2 71
223.3111 	DATA 	Keypress: 5
223.3111 	DATA 	TR 144 | TR1 72 | TR2 72
224.8944 	DATA 	Keypress: 5
224.8945 	DATA 	TR 145 | TR1 73 | TR2 72
226.4441 	DATA 	Keypress: 5
226.4442 	DATA 	TR 146 | TR1 73 | TR2 73
228.0107 	DATA 	Keypress: 5
228.0107 	DATA 	TR 147 | TR1 74 | TR2 73
229.5605 	DATA 	Keypress: 5
229.5606 	DATA 	TR 148 | TR1 74 | TR2 74
231.1437 	DATA 	Keypress: 5
231.1438 	DATA 	TR 149 | TR1 75 | TR2 74
232.6936 	DATA 	Keypress: 5
232.6936 	DATA 	TR 150 | TR1 75 | TR2 75
234.2601 	DATA 	Keypress: 5
234.2602 	DATA 	TR 151 | TR1 76 | TR2 75
235.8099 	DATA 	Keypress: 5
235.8100 	DATA 	TR 152 | TR1 76 | TR2 76
237.3765 	DATA 	Keypress: 5
237.3765 	DATA 	TR 153 | TR1 77 | TR2 76
237.6431 	DATA 	Target presented
238.2436 	DATA 	Keypress: 1
238.2597 	DATA 	Key1 pressed
238.2597 	DATA 	Target detected
238.9263 	DATA 	Keypress: 5
238.9264 	DATA 	TR 154 | TR1 77 | TR2 77
240.4928 	DATA 	
240.4928 	DATA 	Trial complete
240.4928 	DATA 	Waiting for VASO trigger to start next trial
240.4928 	DATA 	
240.5095 	DATA 	Keypress: 5
240.5096 	DATA 	Waited 0.016742944717407227 seconds for trigger
240.5103 	DATA 	
240.5104 	DATA 	Trial 5
240.5104 	DATA 	stimDur = 1.0
240.5104 	DATA 	jitter = 0.78525
240.5104 	DATA 	restDur = 20.0

240.5104 	DATA 	
240.5104 	DATA 	TR 155 | TR1 78 | TR2 77
241.3094 	DATA 	
241.3094 	DATA 	stimulation started
241.3094 	DATA 	
242.0594 	DATA 	Keypress: 5
242.0595 	DATA 	TR 156 | TR1 78 | TR2 78
242.3094 	DATA 	
242.3094 	DATA 	stimulation stopped
242.3094 	DATA 	
243.6259 	DATA 	Keypress: 5
243.6260 	DATA 	TR 157 | TR1 79 | TR2 78
245.1758 	DATA 	Keypress: 5
245.1758 	DATA 	TR 158 | TR1 79 | TR2 79
246.7590 	DATA 	Keypress: 5
246.7590 	DATA 	TR 159 | TR1 80 | TR2 79
248.3088 	DATA 	Keypress: 5
248.3089 	DATA 	TR 160 | TR1 80 | TR2 80
249.8753 	DATA 	Keypress: 5
249.8754 	DATA 	TR 161 | TR1 81 | TR2 80
251.4252 	DATA 	Keypress: 5
251.4252 	DATA 	TR 162 | TR1 81 | TR2 81
252.9917 	DATA 	Keypress: 5
252.9918 	DATA 	TR 163 | TR1 82 | TR2 81
254.5582 	DATA 	Keypress: 5
254.5583 	DATA 	TR 164 | TR1 82 | TR2 82
256.1248 	DATA 	Keypress: 5
256.1248 	DATA 	TR 165 | TR1 83 | TR2 82
257.6746 	DATA 	Keypress: 5
257.6747 	DATA 	TR 166 | TR1 83 | TR2 83
259.2412 	DATA 	Keypress: 5
259.2412 	DATA 	TR 167 | TR1 84 | TR2 83
260.7910 	DATA 	Keypress: 5
260.7910 	DATA 	TR 168 | TR1 84 | TR2 84
262.3075 	DATA 	
262.3075 	DATA 	Trial complete
262.3075 	DATA 	Waiting for VASO trigger to start next trial
262.3075 	DATA 	
262.3742 	DATA 	Keypress: 5
262.3743 	DATA 	Waited 0.06677389144897461 seconds for trigger
262.3750 	DATA 	
262.3750 	DATA 	Trial 6
262.3750 	DATA 	stimDur = 2.0
262.3750 	DATA 	jitter = 0.78525
262.3750 	DATA 	restDur = 22.0

262.3751 	DATA 	
262.3751 	DATA 	TR 169 | TR1 85 | TR2 84
263.1741 	DATA 	
263.1741 	DATA 	stimulation started
263.1741 	DATA 	
263.9241 	DATA 	Keypress: 5
263.9241 	DATA 	TR 170 | TR1 85 | TR2 85
265.1739 	DATA 	
265.1739 	DATA 	stimulation stopped
265.1740 	DATA 	
265.4906 	DATA 	Keypress: 5
265.4906 	DATA 	TR 171 | TR1 86 | TR2 85
267.0404 	DATA 	Keypress: 5
267.0405 	DATA 	TR 172 | TR1 86 | TR2 86
268.6236 	DATA 	Keypress: 5
268.6237 	DATA 	TR 173 | TR1 87 | TR2 86
270.1734 	DATA 	Keypress: 5
270.1735 	DATA 	TR 174 | TR1 87 | TR2 87
271.7400 	DATA 	Keypress: 5
271.7400 	DATA 	TR 175 | TR1 88 | TR2 87
273.2898 	DATA 	Keypress: 5
273.2899 	DATA 	TR 176 | TR1 88 | TR2 88
274.8564 	DATA 	Keypress: 5
274.8564 	DATA 	TR 177 | TR1 89 | TR2 88
276.4068 	DATA 	Keypress: 5
276.4228 	DATA 	TR 178 | TR1 89 | TR2 89
277.9894 	DATA 	Keypress: 5
277.9895 	DATA 	TR 179 | TR1 90 | TR2 89
279.5394 	DATA 	Keypress: 5
279.5394 	DATA 	TR 180 | TR1 90 | TR2 90
281.1058 	DATA 	Keypress: 5
281.1059 	DATA 	TR 181 | TR1 91 | TR2 90
282.6557 	DATA 	Keypress: 5
282.6557 	DATA 	TR 182 | TR1 91 | TR2 91
284.2389 	DATA 	Keypress: 5
284.2389 	DATA 	TR 183 | TR1 92 | TR2 91
285.7887 	DATA 	Keypress: 5
285.7887 	DATA 	TR 184 | TR1 92 | TR2 92
287.1719 	DATA 	
287.1719 	DATA 	Trial complete
287.1719 	DATA 	Waiting for VASO trigger to start next trial
287.1719 	DATA 	
287.3552 	DATA 	Keypress: 5
287.3553 	DATA 	Waited 0.18336892127990723 seconds for trigger
287.3561 	DATA 	
287.3561 	DATA 	Trial 7
287.3561 	DATA 	stimDur = 4.0
287.3561 	DATA 	jitter = 2.35575
287.3561 	DATA 	restDur = 24.0

287.3561 	DATA 	
287.3561 	DATA 	TR 185 | TR1 93 | TR2 92
288.9051 	DATA 	Keypress: 5
288.9051 	DATA 	TR 186 | TR1 93 | TR2 93
289.7216 	DATA 	
289.7217 	DATA 	stimulation started
289.7217 	DATA 	
290.4724 	DATA 	Keypress: 5
290.4883 	DATA 	TR 187 | TR1 94 | TR2 93
292.0382 	DATA 	Keypress: 5
292.0382 	DATA 	TR 188 | TR1 94 | TR2 94
293.6047 	DATA 	Keypress: 5
293.6048 	DATA 	TR 189 | TR1 95 | TR2 94
293.7213 	DATA 	
293.7213 	DATA 	stimulation stopped
293.7213 	DATA 	
295.1545 	DATA 	Keypress: 5
295.1545 	DATA 	TR 190 | TR1 95 | TR2 95
296.7211 	DATA 	Keypress: 5
296.7211 	DATA 	TR 191 | TR1 96 | TR2 95
298.2709 	DATA 	Keypress: 5
298.2709 	DATA 	TR 192 | TR1 96 | TR2 96
299.8541 	DATA 	Keypress: 5
299.8541 	DATA 	TR 193 | TR1 97 | TR2 96
301.4039 	DATA 	Keypress: 5
301.4040 	DATA 	TR 194 | TR1 97 | TR2 97
302.9705 	DATA 	Keypress: 5
302.9705 	DATA 	TR 195 | TR1 98 | TR2 97
303.2704 	DATA 	Target presented
303.8204 	DATA 	Keypress: 1
303.8204 	DATA 	Key1 pressed
303.8204 	DATA 	Target detected
304.5203 	DATA 	Keypress: 5
304.5204 	DATA 	TR 196 | TR1 98 | TR2 98
306.1035 	DATA 	Keypress: 5
306.1035 	DATA 	TR 197 | TR1 99 | TR2 98
307.6535 	DATA 	Keypress: 5
307.6535 	DATA 	TR 198 | TR1 99 | TR2 99
309.2199 	DATA 	Keypress: 5
309.2199 	DATA 	TR 199 | TR1 100 | TR2 99
310.7697 	DATA 	Keypress: 5
310.7699 	DATA 	TR 200 | TR1 100 | TR2 100
312.3364 	DATA 	Keypress: 5
312.3364 	DATA 	TR 201 | TR1 101 | TR2 100
313.9029 	DATA 	Keypress: 5
313.9029 	DATA 	TR 202 | TR1 101 | TR2 101
315.4693 	DATA 	Keypress: 5
315.4694 	DATA 	TR 203 | TR1 102 | TR2 101
317.0192 	DATA 	Keypress: 5
317.0193 	DATA 	TR 204 | TR1 102 | TR2 102
317.7191 	DATA 	
317.7191 	DATA 	Trial complete
317.7191 	DATA 	Waiting for VASO trigger to start next trial
317.7191 	DATA 	
318.5857 	DATA 	Keypress: 5
318.5858 	DATA 	Waited 0.8666539192199707 seconds for trigger
318.5865 	DATA 	
318.5865 	DATA 	Trial 8
318.5865 	DATA 	stimDur = 12.0
318.5865 	DATA 	jitter = 0.0
318.5865 	DATA 	restDur = 30.0

318.5866 	DATA 	
318.5866 	DATA 	TR 205 | TR1 103 | TR2 102
318.5866 	DATA 	
318.5866 	DATA 	stimulation started
318.5866 	DATA 	
320.1356 	DATA 	Keypress: 5
320.1357 	DATA 	TR 206 | TR1 103 | TR2 103
321.7188 	DATA 	Keypress: 5
321.7189 	DATA 	TR 207 | TR1 104 | TR2 103
323.2687 	DATA 	Keypress: 5
323.2687 	DATA 	TR 208 | TR1 104 | TR2 104
324.8352 	DATA 	Keypress: 5
324.8352 	DATA 	TR 209 | TR1 105 | TR2 104
326.3851 	DATA 	Keypress: 5
326.3851 	DATA 	TR 210 | TR1 105 | TR2 105
327.9523 	DATA 	Keypress: 5
327.9682 	DATA 	TR 211 | TR1 106 | TR2 105
329.5181 	DATA 	Keypress: 5
329.5182 	DATA 	TR 212 | TR1 106 | TR2 106
330.6013 	DATA 	
330.6013 	DATA 	stimulation stopped
330.6013 	DATA 	
331.0845 	DATA 	Keypress: 5
331.0846 	DATA 	TR 213 | TR1 107 | TR2 106
332.6345 	DATA 	Keypress: 5
332.6345 	DATA 	TR 214 | TR1 107 | TR2 107
334.2009 	DATA 	Keypress: 5
334.2010 	DATA 	TR 215 | TR1 108 | TR2 107
335.7514 	DATA 	Keypress: 5
335.7674 	DATA 	TR 216 | TR1 108 | TR2 108
337.3340 	DATA 	Keypress: 5
337.3340 	DATA 	TR 217 | TR1 109 | TR2 108
338.8839 	DATA 	Keypress: 5
338.8839 	DATA 	TR 218 | TR1 109 | TR2 109
340.4505 	DATA 	Keypress: 5
340.4505 	DATA 	TR 219 | TR1 110 | TR2 109
342.0002 	DATA 	Keypress: 5
342.0003 	DATA 	TR 220 | TR1 110 | TR2 110
343.5834 	DATA 	Keypress: 5
343.5835 	DATA 	TR 221 | TR1 111 | TR2 110
345.1333 	DATA 	Keypress: 5
345.1333 	DATA 	TR 222 | TR1 111 | TR2 111
346.6998 	DATA 	Keypress: 5
346.6998 	DATA 	TR 223 | TR1 112 | TR2 111
348.2497 	DATA 	Keypress: 5
348.2497 	DATA 	TR 224 | TR1 112 | TR2 112
349.8162 	DATA 	Keypress: 5
349.8162 	DATA 	TR 225 | TR1 113 | TR2 112
351.3827 	DATA 	Keypress: 5
351.3828 	DATA 	TR 226 | TR1 113 | TR2 113
352.9492 	DATA 	Keypress: 5
352.9493 	DATA 	TR 227 | TR1 114 | TR2 113
354.4991 	DATA 	Keypress: 5
354.4992 	DATA 	TR 228 | TR1 114 | TR2 114
356.0656 	DATA 	Keypress: 5
356.0657 	DATA 	TR 229 | TR1 115 | TR2 114
357.6155 	DATA 	Keypress: 5
357.6156 	DATA 	TR 230 | TR1 115 | TR2 115
359.1987 	DATA 	Keypress: 5
359.1987 	DATA 	TR 231 | TR1 116 | TR2 115
360.5985 	DATA 	
360.5985 	DATA 	Trial complete
360.5985 	DATA 	Waiting for VASO trigger to start next trial
360.5985 	DATA 	
360.7485 	DATA 	Keypress: 5
360.7486 	DATA 	TR 232 | TR1 116 | TR2 116
362.3151 	DATA 	Keypress: 5
362.3151 	DATA 	Waited 1.716597080230713 seconds for trigger
362.3159 	DATA 	
362.3159 	DATA 	Trial 9
362.3159 	DATA 	stimDur = 2.0
362.3159 	DATA 	jitter = 1.5705
362.3159 	DATA 	restDur = 22.0

362.3159 	DATA 	
362.3159 	DATA 	TR 233 | TR1 117 | TR2 116
363.8649 	DATA 	Keypress: 5
363.8650 	DATA 	TR 234 | TR1 117 | TR2 117
363.8984 	DATA 	
363.8984 	DATA 	stimulation started
363.8984 	DATA 	
365.4481 	DATA 	Keypress: 5
365.4482 	DATA 	TR 235 | TR1 118 | TR2 117
365.8982 	DATA 	
365.8982 	DATA 	stimulation stopped
365.8982 	DATA 	
366.9980 	DATA 	Keypress: 5
366.9980 	DATA 	TR 236 | TR1 118 | TR2 118
368.5645 	DATA 	Keypress: 5
368.5645 	DATA 	TR 237 | TR1 119 | TR2 118
370.1144 	DATA 	Keypress: 5
370.1145 	DATA 	TR 238 | TR1 119 | TR2 119
371.6809 	DATA 	Keypress: 5
371.6809 	DATA 	TR 239 | TR1 120 | TR2 119
373.2308 	DATA 	Keypress: 5
373.2308 	DATA 	TR 240 | TR1 120 | TR2 120
374.8139 	DATA 	Keypress: 5
374.8139 	DATA 	TR 241 | TR1 121 | TR2 120
376.3638 	DATA 	Keypress: 5
376.3638 	DATA 	TR 242 | TR1 121 | TR2 121
377.9305 	DATA 	Keypress: 5
377.9306 	DATA 	TR 243 | TR1 122 | TR2 121
379.4802 	DATA 	Keypress: 5
379.4802 	DATA 	TR 244 | TR1 122 | TR2 122
381.0633 	DATA 	Keypress: 5
381.0634 	DATA 	TR 245 | TR1 123 | TR2 122
382.6132 	DATA 	Keypress: 5
382.6133 	DATA 	TR 246 | TR1 123 | TR2 123
383.4464 	DATA 	Target presented
384.0964 	DATA 	Keypress: 1
384.0964 	DATA 	Key1 pressed
384.0964 	DATA 	Target detected
384.1797 	DATA 	Keypress: 5
384.1797 	DATA 	TR 247 | TR1 124 | TR2 123
385.7296 	DATA 	Keypress: 5
385.7296 	DATA 	TR 248 | TR1 124 | TR2 124
387.2967 	DATA 	Keypress: 5
387.3127 	DATA 	TR 249 | TR1 125 | TR2 124
387.8960 	DATA 	
387.8960 	DATA 	Trial complete
387.8960 	DATA 	Waiting for VASO trigger to start next trial
387.8960 	DATA 	
388.8626 	DATA 	Keypress: 5
388.8627 	DATA 	TR 250 | TR1 125 | TR2 125
390.4291 	DATA 	Keypress: 5
390.4292 	DATA 	Waited 2.5331671237945557 seconds for trigger
390.4300 	DATA 	
390.4300 	DATA 	Trial 10
390.4300 	DATA 	stimDur = 4.0
390.4300 	DATA 	jitter = 0.0
390.4300 	DATA 	restDur = 24.0

390.4300 	DATA 	
390.4300 	DATA 	TR 251 | TR1 126 | TR2 125
390.4300 	DATA 	
390.4300 	DATA 	stimulation started
390.4300 	DATA 	
391.9791 	DATA 	Keypress: 5
391.9791 	DATA 	TR 252 | TR1 126 | TR2 126
393.5456 	DATA 	Keypress: 5
393.5456 	DATA 	TR 253 | TR1 127 | TR2 126
394.4455 	DATA 	
394.4455 	DATA 	stimulation stopped
394.4455 	DATA 	
395.0956 	DATA 	Keypress: 5
395.0957 	DATA 	TR 254 | TR1 127 | TR2 127
396.6785 	DATA 	Keypress: 5
396.6786 	DATA 	TR 255 | TR1 128 | TR2 127
398.2284 	DATA 	Keypress: 5
398.2285 	DATA 	TR 256 | TR1 128 | TR2 128
399.7950 	DATA 	Keypress: 5
399.7950 	DATA 	TR 257 | TR1 129 | TR2 128
401.3448 	DATA 	Keypress: 5
401.3449 	DATA 	TR 258 | TR1 129 | TR2 129
402.9280 	DATA 	Keypress: 5
402.9280 	DATA 	TR 259 | TR1 130 | TR2 129
404.4779 	DATA 	Keypress: 5
404.4779 	DATA 	TR 260 | TR1 130 | TR2 130
406.0444 	DATA 	Keypress: 5
406.0444 	DATA 	TR 261 | TR1 131 | TR2 130
407.5943 	DATA 	Keypress: 5
407.5943 	DATA 	TR 262 | TR1 131 | TR2 131
409.1606 	DATA 	Keypress: 5
409.1606 	DATA 	TR 263 | TR1 132 | TR2 131
410.7112 	DATA 	Keypress: 5
410.7272 	DATA 	TR 264 | TR1 132 | TR2 132
412.2938 	DATA 	Keypress: 5
412.2939 	DATA 	TR 265 | TR1 133 | TR2 132
413.8439 	DATA 	Keypress: 5
413.8439 	DATA 	TR 266 | TR1 133 | TR2 133
415.4103 	DATA 	Keypress: 5
415.4104 	DATA 	TR 267 | TR1 134 | TR2 133
416.9601 	DATA 	Keypress: 5
416.9601 	DATA 	TR 268 | TR1 134 | TR2 134
418.4432 	DATA 	
418.4432 	DATA 	Trial complete
418.4432 	DATA 	Waiting for VASO trigger to start next trial
418.4432 	DATA 	
418.5432 	DATA 	Keypress: 5
418.5433 	DATA 	Waited 0.1000511646270752 seconds for trigger
418.5441 	DATA 	
418.5441 	DATA 	Trial 11
418.5441 	DATA 	stimDur = 12.0
418.5441 	DATA 	jitter = 0.78525
418.5441 	DATA 	restDur = 30.0

418.5441 	DATA 	
418.5441 	DATA 	TR 269 | TR1 135 | TR2 134
419.3431 	DATA 	
419.3431 	DATA 	stimulation started
419.3431 	DATA 	
420.0932 	DATA 	Keypress: 5
420.0932 	DATA 	TR 270 | TR1 135 | TR2 135
421.6597 	DATA 	Keypress: 5
421.6597 	DATA 	TR 271 | TR1 136 | TR2 135
423.2096 	DATA 	Keypress: 5
423.2096 	DATA 	TR 272 | TR1 136 | TR2 136
424.7768 	DATA 	Keypress: 5
424.7927 	DATA 	TR 273 | TR1 137 | TR2 136
426.3426 	DATA 	Keypress: 5
426.3427 	DATA 	TR 274 | TR1 137 | TR2 137
427.9091 	DATA 	Keypress: 5
427.9091 	DATA 	TR 275 | TR1 138 | TR2 137
429.4590 	DATA 	Keypress: 5
429.4590 	DATA 	TR 276 | TR1 138 | TR2 138
431.0255 	DATA 	Keypress: 5
431.0255 	DATA 	TR 277 | TR1 139 | TR2 138
431.3421 	DATA 	
431.3421 	DATA 	stimulation stopped
431.3421 	DATA 	
432.5753 	DATA 	Keypress: 5
432.5754 	DATA 	TR 278 | TR1 139 | TR2 139
434.1585 	DATA 	Keypress: 5
434.1585 	DATA 	TR 279 | TR1 140 | TR2 139
435.7084 	DATA 	Keypress: 5
435.7084 	DATA 	TR 280 | TR1 140 | TR2 140
437.2749 	DATA 	Keypress: 5
437.2749 	DATA 	TR 281 | TR1 141 | TR2 140
438.8247 	DATA 	Keypress: 5
438.8248 	DATA 	TR 282 | TR1 141 | TR2 141
440.4079 	DATA 	Keypress: 5
440.4080 	DATA 	TR 283 | TR1 142 | TR2 141
441.9578 	DATA 	Keypress: 5
441.9579 	DATA 	TR 284 | TR1 142 | TR2 142
443.5243 	DATA 	Keypress: 5
443.5243 	DATA 	TR 285 | TR1 143 | TR2 142
444.0910 	DATA 	Target presented
444.8742 	DATA 	Keypress: 1
444.8743 	DATA 	Key1 pressed
444.8743 	DATA 	Target detected
445.0741 	DATA 	Keypress: 5
445.0742 	DATA 	TR 286 | TR1 143 | TR2 143
446.6406 	DATA 	Keypress: 5
446.6407 	DATA 	TR 287 | TR1 144 | TR2 143
448.2074 	DATA 	Keypress: 5
448.2074 	DATA 	TR 288 | TR1 144 | TR2 144
449.7737 	DATA 	Keypress: 5
449.7738 	DATA 	TR 289 | TR1 145 | TR2 144
451.3236 	DATA 	Keypress: 5
451.3237 	DATA 	TR 290 | TR1 145 | TR2 145
452.8901 	DATA 	Keypress: 5
452.8901 	DATA 	TR 291 | TR1 146 | TR2 145
454.4400 	DATA 	Keypress: 5
454.4400 	DATA 	TR 292 | TR1 146 | TR2 146
456.0231 	DATA 	Keypress: 5
456.0232 	DATA 	TR 293 | TR1 147 | TR2 146
457.5730 	DATA 	Keypress: 5
457.5731 	DATA 	TR 294 | TR1 147 | TR2 147
459.1395 	DATA 	Keypress: 5
459.1396 	DATA 	TR 295 | TR1 148 | TR2 147
460.6894 	DATA 	Keypress: 5
460.6895 	DATA 	TR 296 | TR1 148 | TR2 148
461.3393 	DATA 	
461.3393 	DATA 	Trial complete
461.3393 	DATA 	Waiting for VASO trigger to start next trial
461.3393 	DATA 	
462.2565 	DATA 	Keypress: 5
462.2725 	DATA 	Waited 0.933203935623169 seconds for trigger
462.2733 	DATA 	
462.2733 	DATA 	Trial 12
462.2733 	DATA 	stimDur = 4.0
462.2733 	DATA 	jitter = 0.78525
462.2733 	DATA 	restDur = 24.0

462.2733 	DATA 	
462.2733 	DATA 	TR 297 | TR1 149 | TR2 148
463.0725 	DATA 	
463.0725 	DATA 	stimulation started
463.0725 	DATA 	
463.8225 	DATA 	Keypress: 5
463.8226 	DATA 	TR 298 | TR1 149 | TR2 149
465.3890 	DATA 	Keypress: 5
465.3891 	DATA 	TR 299 | TR1 150 | TR2 149
466.9390 	DATA 	Keypress: 5
466.9390 	DATA 	TR 300 | TR1 150 | TR2 150
467.0722 	DATA 	
467.0722 	DATA 	stimulation stopped
467.0722 	DATA 	
468.5053 	DATA 	Keypress: 5
468.5054 	DATA 	TR 301 | TR1 151 | TR2 150
470.0553 	DATA 	Keypress: 5
470.0554 	DATA 	TR 302 | TR1 151 | TR2 151
471.6384 	DATA 	Keypress: 5
471.6384 	DATA 	TR 303 | TR1 152 | TR2 151
473.1884 	DATA 	Keypress: 5
473.1885 	DATA 	TR 304 | TR1 152 | TR2 152
474.7548 	DATA 	Keypress: 5
474.7548 	DATA 	TR 305 | TR1 153 | TR2 152
476.3047 	DATA 	Keypress: 5
476.3047 	DATA 	TR 306 | TR1 153 | TR2 153
477.8879 	DATA 	Keypress: 5
477.8879 	DATA 	TR 307 | TR1 154 | TR2 153
479.4377 	DATA 	Keypress: 5
479.4378 	DATA 	TR 308 | TR1 154 | TR2 154
481.0042 	DATA 	Keypress: 5
481.0042 	DATA 	TR 309 | TR1 155 | TR2 154
482.5541 	DATA 	Keypress: 5
482.5542 	DATA 	TR 310 | TR1 155 | TR2 155
484.1206 	DATA 	Keypress: 5
484.1206 	DATA 	TR 311 | TR1 156 | TR2 155
485.6871 	DATA 	Keypress: 5
485.6872 	DATA 	TR 312 | TR1 156 | TR2 156
487.2536 	DATA 	Keypress: 5
487.2537 	DATA 	TR 313 | TR1 157 | TR2 156
488.8036 	DATA 	Keypress: 5
488.8037 	DATA 	TR 314 | TR1 157 | TR2 157
490.3700 	DATA 	Keypress: 5
490.3701 	DATA 	TR 315 | TR1 158 | TR2 157
490.8866 	DATA 	Target presented
491.0699 	DATA 	
491.0699 	DATA 	Trial complete
491.0699 	DATA 	Waiting for VASO trigger to start next trial
491.0699 	DATA 	
491.8532 	DATA 	Keypress: 1
491.8533 	DATA 	Key1 pressed
491.8533 	DATA 	Target detected
491.9198 	DATA 	Keypress: 5
491.9199 	DATA 	TR 316 | TR1 158 | TR2 158
493.5030 	DATA 	Keypress: 5
493.5031 	DATA 	Waited 2.433159112930298 seconds for trigger
493.5039 	DATA 	
493.5039 	DATA 	Trial 13
493.5039 	DATA 	stimDur = 2.0
493.5039 	DATA 	jitter = 2.35575
493.5039 	DATA 	restDur = 22.0

493.5039 	DATA 	
493.5039 	DATA 	TR 317 | TR1 159 | TR2 158
495.0529 	DATA 	Keypress: 5
495.0530 	DATA 	TR 318 | TR1 159 | TR2 159
495.8695 	DATA 	
495.8695 	DATA 	stimulation started
495.8695 	DATA 	
496.6196 	DATA 	Keypress: 5
496.6197 	DATA 	TR 319 | TR1 160 | TR2 159
497.8693 	DATA 	
497.8694 	DATA 	stimulation stopped
497.8694 	DATA 	
498.1693 	DATA 	Keypress: 5
498.1694 	DATA 	TR 320 | TR1 160 | TR2 160
499.7525 	DATA 	Keypress: 5
499.7525 	DATA 	TR 321 | TR1 161 | TR2 160
501.3024 	DATA 	Keypress: 5
501.3024 	DATA 	TR 322 | TR1 161 | TR2 161
502.8689 	DATA 	Keypress: 5
502.8689 	DATA 	TR 323 | TR1 162 | TR2 161
504.4187 	DATA 	Keypress: 5
504.4188 	DATA 	TR 324 | TR1 162 | TR2 162
505.9852 	DATA 	Keypress: 5
505.9853 	DATA 	TR 325 | TR1 163 | TR2 162
507.5352 	DATA 	Keypress: 5
507.5352 	DATA 	TR 326 | TR1 163 | TR2 163
509.1185 	DATA 	Keypress: 5
509.1185 	DATA 	TR 327 | TR1 164 | TR2 163
510.6682 	DATA 	Keypress: 5
510.6682 	DATA 	TR 328 | TR1 164 | TR2 164
512.2347 	DATA 	Keypress: 5
512.2348 	DATA 	TR 329 | TR1 165 | TR2 164
513.7846 	DATA 	Keypress: 5
513.7846 	DATA 	TR 330 | TR1 165 | TR2 165
515.3678 	DATA 	Keypress: 5
515.3679 	DATA 	TR 331 | TR1 166 | TR2 165
516.9176 	DATA 	Keypress: 5
516.9177 	DATA 	TR 332 | TR1 166 | TR2 166
518.4841 	DATA 	Keypress: 5
518.4842 	DATA 	TR 333 | TR1 167 | TR2 166
519.8673 	DATA 	
519.8673 	DATA 	Trial complete
519.8673 	DATA 	Waiting for VASO trigger to start next trial
519.8673 	DATA 	
520.0341 	DATA 	Keypress: 5
520.0342 	DATA 	TR 334 | TR1 167 | TR2 167
521.6011 	DATA 	Keypress: 5
521.6171 	DATA 	Waited 1.7498118877410889 seconds for trigger
521.6179 	DATA 	
521.6179 	DATA 	Trial 14
521.6179 	DATA 	stimDur = 1.0
521.6179 	DATA 	jitter = 1.5705
521.6179 	DATA 	restDur = 20.0

521.6179 	DATA 	
521.6179 	DATA 	TR 335 | TR1 168 | TR2 167
523.1671 	DATA 	Keypress: 5
523.1671 	DATA 	TR 336 | TR1 168 | TR2 168
523.2003 	DATA 	
523.2003 	DATA 	stimulation started
523.2003 	DATA 	
524.2003 	DATA 	
524.2003 	DATA 	stimulation stopped
524.2003 	DATA 	
524.7336 	DATA 	Keypress: 5
524.7337 	DATA 	TR 337 | TR1 169 | TR2 168
526.2834 	DATA 	Keypress: 5
526.2834 	DATA 	TR 338 | TR1 169 | TR2 169
527.8500 	DATA 	Keypress: 5
527.8501 	DATA 	TR 339 | TR1 170 | TR2 169
529.3998 	DATA 	Keypress: 5
529.3998 	DATA 	TR 340 | TR1 170 | TR2 170
530.9831 	DATA 	Keypress: 5
530.9831 	DATA 	TR 341 | TR1 171 | TR2 170
532.5328 	DATA 	Keypress: 5
532.5329 	DATA 	TR 342 | TR1 171 | TR2 171
534.0995 	DATA 	Keypress: 5
534.0996 	DATA 	TR 343 | TR1 172 | TR2 171
535.6492 	DATA 	Keypress: 5
535.6492 	DATA 	TR 344 | TR1 172 | TR2 172
537.2325 	DATA 	Keypress: 5
537.2325 	DATA 	TR 345 | TR1 173 | TR2 172
538.7824 	DATA 	Keypress: 5
538.7824 	DATA 	TR 346 | TR1 173 | TR2 173
540.3488 	DATA 	Keypress: 5
540.3489 	DATA 	TR 347 | TR1 174 | TR2 173
541.8986 	DATA 	Keypress: 5
541.8987 	DATA 	TR 348 | TR1 174 | TR2 174
543.4652 	DATA 	Keypress: 5
543.4653 	DATA 	TR 349 | TR1 175 | TR2 174
544.1984 	DATA 	
544.1984 	DATA 	Trial complete
544.1984 	DATA 	Waiting for VASO trigger to start next trial
544.1984 	DATA 	
545.0156 	DATA 	Keypress: 5
545.0318 	DATA 	TR 350 | TR1 175 | TR2 175
546.5984 	DATA 	Keypress: 5
546.5984 	DATA 	Waited 2.3999950885772705 seconds for trigger
546.5992 	DATA 	
546.5992 	DATA 	Trial 15
546.5992 	DATA 	stimDur = 24.0
546.5992 	DATA 	jitter = 0.0
546.5992 	DATA 	restDur = 40.0

546.5992 	DATA 	
546.5992 	DATA 	TR 351 | TR1 176 | TR2 175
546.5992 	DATA 	
546.5992 	DATA 	stimulation started
546.5992 	DATA 	
548.1481 	DATA 	Keypress: 5
548.1482 	DATA 	TR 352 | TR1 176 | TR2 176
549.7147 	DATA 	Keypress: 5
549.7147 	DATA 	TR 353 | TR1 177 | TR2 176
551.2645 	DATA 	Keypress: 5
551.2645 	DATA 	TR 354 | TR1 177 | TR2 177
552.8479 	DATA 	Keypress: 5
552.8479 	DATA 	TR 355 | TR1 178 | TR2 177
554.3975 	DATA 	Keypress: 5
554.3976 	DATA 	TR 356 | TR1 178 | TR2 178
555.9641 	DATA 	Keypress: 5
555.9641 	DATA 	TR 357 | TR1 179 | TR2 178
557.5140 	DATA 	Keypress: 5
557.5140 	DATA 	TR 358 | TR1 179 | TR2 179
558.3972 	DATA 	Target presented
558.8645 	DATA 	Keypress: 1
558.8806 	DATA 	Key1 pressed
558.8806 	DATA 	Target detected
559.0806 	DATA 	Keypress: 5
559.0806 	DATA 	TR 359 | TR1 180 | TR2 179
560.6470 	DATA 	Keypress: 5
560.6470 	DATA 	TR 360 | TR1 180 | TR2 180
562.2135 	DATA 	Keypress: 5
562.2136 	DATA 	TR 361 | TR1 181 | TR2 180
563.7634 	DATA 	Keypress: 5
563.7634 	DATA 	TR 362 | TR1 181 | TR2 181
565.3299 	DATA 	Keypress: 5
565.3300 	DATA 	TR 363 | TR1 182 | TR2 181
566.8797 	DATA 	Keypress: 5
566.8798 	DATA 	TR 364 | TR1 182 | TR2 182
568.4629 	DATA 	Keypress: 5
568.4630 	DATA 	TR 365 | TR1 183 | TR2 182
570.0128 	DATA 	Keypress: 5
570.0128 	DATA 	TR 366 | TR1 183 | TR2 183
570.6127 	DATA 	
570.6127 	DATA 	stimulation stopped
570.6127 	DATA 	
571.5794 	DATA 	Keypress: 5
571.5795 	DATA 	TR 367 | TR1 184 | TR2 183
573.1291 	DATA 	Keypress: 5
573.1292 	DATA 	TR 368 | TR1 184 | TR2 184
574.7123 	DATA 	Keypress: 5
574.7124 	DATA 	TR 369 | TR1 185 | TR2 184
576.2622 	DATA 	Keypress: 5
576.2622 	DATA 	TR 370 | TR1 185 | TR2 185
577.8287 	DATA 	Keypress: 5
577.8288 	DATA 	TR 371 | TR1 186 | TR2 185
579.3785 	DATA 	Keypress: 5
579.3786 	DATA 	TR 372 | TR1 186 | TR2 186
580.9451 	DATA 	Keypress: 5
580.9451 	DATA 	TR 373 | TR1 187 | TR2 186
582.5116 	DATA 	Keypress: 5
582.5116 	DATA 	TR 374 | TR1 187 | TR2 187
584.0781 	DATA 	Keypress: 5
584.0782 	DATA 	TR 375 | TR1 188 | TR2 187
585.6280 	DATA 	Keypress: 5
585.6280 	DATA 	TR 376 | TR1 188 | TR2 188
587.1945 	DATA 	Keypress: 5
587.1946 	DATA 	TR 377 | TR1 189 | TR2 188
588.7444 	DATA 	Keypress: 5
588.7445 	DATA 	TR 378 | TR1 189 | TR2 189
590.3276 	DATA 	Keypress: 5
590.3276 	DATA 	TR 379 | TR1 190 | TR2 189
591.8774 	DATA 	Keypress: 5
591.8774 	DATA 	TR 380 | TR1 190 | TR2 190
593.4439 	DATA 	Keypress: 5
593.4440 	DATA 	TR 381 | TR1 191 | TR2 190
594.9938 	DATA 	Keypress: 5
594.9938 	DATA 	TR 382 | TR1 191 | TR2 191
596.5609 	DATA 	Keypress: 5
596.5771 	DATA 	TR 383 | TR1 192 | TR2 191
598.1268 	DATA 	Keypress: 5
598.1269 	DATA 	TR 384 | TR1 192 | TR2 192
599.6934 	DATA 	Keypress: 5
599.6934 	DATA 	TR 385 | TR1 193 | TR2 192
601.2432 	DATA 	Keypress: 5
601.2432 	DATA 	TR 386 | TR1 193 | TR2 193
602.8098 	DATA 	Keypress: 5
602.8098 	DATA 	TR 387 | TR1 194 | TR2 193
604.3596 	DATA 	Keypress: 5
604.3596 	DATA 	TR 388 | TR1 194 | TR2 194
605.9428 	DATA 	Keypress: 5
605.9429 	DATA 	TR 389 | TR1 195 | TR2 194
607.4926 	DATA 	Keypress: 5
607.4927 	DATA 	TR 390 | TR1 195 | TR2 195
609.0592 	DATA 	Keypress: 5
609.0592 	DATA 	TR 391 | TR1 196 | TR2 195
610.6090 	DATA 	Keypress: 5
610.6091 	DATA 	TR 392 | TR1 196 | TR2 196
610.6091 	DATA 	
610.6091 	DATA 	Trial complete
610.6091 	DATA 	Waiting for VASO trigger to start next trial
610.6091 	DATA 	
612.1922 	DATA 	Keypress: 5
612.1923 	DATA 	Waited 1.5831918716430664 seconds for trigger
612.1931 	DATA 	
612.1931 	DATA 	Trial 16
612.1931 	DATA 	stimDur = 1.0
612.1931 	DATA 	jitter = 2.35575
612.1931 	DATA 	restDur = 20.0

612.1931 	DATA 	
612.1931 	DATA 	TR 393 | TR1 197 | TR2 196
612.9090 	DATA 	Target presented
613.3921 	DATA 	Keypress: 1
613.3921 	DATA 	Key1 pressed
613.3921 	DATA 	Target detected
613.7421 	DATA 	Keypress: 5
613.7421 	DATA 	TR 394 | TR1 197 | TR2 197
614.5586 	DATA 	
614.5586 	DATA 	stimulation started
614.5586 	DATA 	
615.3088 	DATA 	Keypress: 5
615.3089 	DATA 	TR 395 | TR1 198 | TR2 197
615.5586 	DATA 	
615.5586 	DATA 	stimulation stopped
615.5586 	DATA 	
616.8585 	DATA 	Keypress: 5
616.8585 	DATA 	TR 396 | TR1 198 | TR2 198
618.4250 	DATA 	Keypress: 5
618.4251 	DATA 	TR 397 | TR1 199 | TR2 198
619.9915 	DATA 	Keypress: 5
619.9915 	DATA 	TR 398 | TR1 199 | TR2 199
621.5580 	DATA 	Keypress: 5
621.5581 	DATA 	TR 399 | TR1 200 | TR2 199
623.1079 	DATA 	Keypress: 5
623.1079 	DATA 	TR 400 | TR1 200 | TR2 200
624.6744 	DATA 	Keypress: 5
624.6745 	DATA 	TR 401 | TR1 201 | TR2 200
626.2243 	DATA 	Keypress: 5
626.2243 	DATA 	TR 402 | TR1 201 | TR2 201
627.8075 	DATA 	Keypress: 5
627.8075 	DATA 	TR 403 | TR1 202 | TR2 201
629.3573 	DATA 	Keypress: 5
629.3574 	DATA 	TR 404 | TR1 202 | TR2 202
630.9239 	DATA 	Keypress: 5
630.9239 	DATA 	TR 405 | TR1 203 | TR2 202
632.4737 	DATA 	Keypress: 5
632.4738 	DATA 	TR 406 | TR1 203 | TR2 203
634.0569 	DATA 	Keypress: 5
634.0570 	DATA 	TR 407 | TR1 204 | TR2 203
635.5567 	DATA 	
635.5567 	DATA 	Trial complete
635.5567 	DATA 	Waiting for VASO trigger to start next trial
635.5567 	DATA 	
635.6067 	DATA 	Keypress: 5
635.6068 	DATA 	TR 408 | TR1 204 | TR2 204
637.1733 	DATA 	Keypress: 5
637.1733 	DATA 	Waited 1.6166088581085205 seconds for trigger
637.1741 	DATA 	
637.1741 	DATA 	Trial 17
637.1741 	DATA 	stimDur = 2.0
637.1741 	DATA 	jitter = 0.0
637.1741 	DATA 	restDur = 22.0

637.1741 	DATA 	
637.1742 	DATA 	TR 409 | TR1 205 | TR2 204
637.1742 	DATA 	
637.1742 	DATA 	stimulation started
637.1742 	DATA 	
638.7232 	DATA 	Keypress: 5
638.7232 	DATA 	TR 410 | TR1 205 | TR2 205
639.1898 	DATA 	
639.1898 	DATA 	stimulation stopped
639.1898 	DATA 	
640.2898 	DATA 	Keypress: 5
640.2899 	DATA 	TR 411 | TR1 206 | TR2 205
641.8396 	DATA 	Keypress: 5
641.8397 	DATA 	TR 412 | TR1 206 | TR2 206
643.4227 	DATA 	Keypress: 5
643.4228 	DATA 	TR 413 | TR1 207 | TR2 206
644.9725 	DATA 	Keypress: 5
644.9726 	DATA 	TR 414 | TR1 207 | TR2 207
646.5391 	DATA 	Keypress: 5
646.5392 	DATA 	TR 415 | TR1 208 | TR2 207
648.0889 	DATA 	Keypress: 5
648.0890 	DATA 	TR 416 | TR1 208 | TR2 208
649.6722 	DATA 	Keypress: 5
649.6722 	DATA 	TR 417 | TR1 209 | TR2 208
651.2220 	DATA 	Keypress: 5
651.2221 	DATA 	TR 418 | TR1 209 | TR2 209
652.7885 	DATA 	Keypress: 5
652.7886 	DATA 	TR 419 | TR1 210 | TR2 209
654.3384 	DATA 	Keypress: 5
654.3384 	DATA 	TR 420 | TR1 210 | TR2 210
655.9055 	DATA 	Keypress: 5
655.9215 	DATA 	TR 421 | TR1 211 | TR2 210
657.4716 	DATA 	Keypress: 5
657.4716 	DATA 	TR 422 | TR1 211 | TR2 211
659.0380 	DATA 	Keypress: 5
659.0380 	DATA 	TR 423 | TR1 212 | TR2 211
660.5878 	DATA 	Keypress: 5
660.5878 	DATA 	TR 424 | TR1 212 | TR2 212
661.1876 	DATA 	
661.1876 	DATA 	Trial complete
661.1876 	DATA 	Waiting for VASO trigger to start next trial
661.1876 	DATA 	
662.1544 	DATA 	Keypress: 5
662.1544 	DATA 	Waited 0.9668478965759277 seconds for trigger
662.1552 	DATA 	
662.1552 	DATA 	Trial 18
662.1552 	DATA 	stimDur = 1.0
662.1552 	DATA 	jitter = 0.0
662.1552 	DATA 	restDur = 20.0

662.1552 	DATA 	
662.1552 	DATA 	TR 425 | TR1 213 | TR2 212
662.1552 	DATA 	
662.1552 	DATA 	stimulation started
662.1552 	DATA 	
663.1709 	DATA 	
663.1709 	DATA 	stimulation stopped
663.1709 	DATA 	
663.7042 	DATA 	Keypress: 5
663.7042 	DATA 	TR 426 | TR1 213 | TR2 213
665.2874 	DATA 	Keypress: 5
665.2874 	DATA 	TR 427 | TR1 214 | TR2 213
666.8370 	DATA 	Keypress: 5
666.8371 	DATA 	TR 428 | TR1 214 | TR2 214
668.4038 	DATA 	Keypress: 5
668.4038 	DATA 	TR 429 | TR1 215 | TR2 214
669.9536 	DATA 	Keypress: 5
669.9536 	DATA 	TR 430 | TR1 215 | TR2 215
671.5368 	DATA 	Keypress: 5
671.5369 	DATA 	TR 431 | TR1 216 | TR2 215
673.0867 	DATA 	Keypress: 5
673.0868 	DATA 	TR 432 | TR1 216 | TR2 216
674.6532 	DATA 	Keypress: 5
674.6533 	DATA 	TR 433 | TR1 217 | TR2 216
676.2030 	DATA 	Keypress: 5
676.2031 	DATA 	TR 434 | TR1 217 | TR2 217
677.7696 	DATA 	Keypress: 5
677.7696 	DATA 	TR 435 | TR1 218 | TR2 217
679.3200 	DATA 	Keypress: 5
679.3360 	DATA 	TR 436 | TR1 218 | TR2 218
680.9026 	DATA 	Keypress: 5
680.9027 	DATA 	TR 437 | TR1 219 | TR2 218
682.4525 	DATA 	Keypress: 5
682.4525 	DATA 	TR 438 | TR1 219 | TR2 219
683.1690 	DATA 	
683.1690 	DATA 	Trial complete
683.1690 	DATA 	Waiting for VASO trigger to start next trial
683.1691 	DATA 	
684.0190 	DATA 	Keypress: 5
684.0191 	DATA 	Waited 0.8500320911407471 seconds for trigger
684.0198 	DATA 	
684.0199 	DATA 	Trial 19
684.0199 	DATA 	stimDur = 24.0
684.0199 	DATA 	jitter = 2.35575
684.0199 	DATA 	restDur = 40.0

684.0199 	DATA 	
684.0199 	DATA 	TR 439 | TR1 220 | TR2 219
685.5688 	DATA 	Keypress: 5
685.5689 	DATA 	TR 440 | TR1 220 | TR2 220
686.3854 	DATA 	
686.3854 	DATA 	stimulation started
686.3854 	DATA 	
687.1521 	DATA 	Keypress: 5
687.1522 	DATA 	TR 441 | TR1 221 | TR2 220
688.7019 	DATA 	Keypress: 5
688.7020 	DATA 	TR 442 | TR1 221 | TR2 221
690.2687 	DATA 	Keypress: 5
690.2688 	DATA 	TR 443 | TR1 222 | TR2 221
690.8184 	DATA 	Target presented
691.3517 	DATA 	Keypress: 1
691.3518 	DATA 	Key1 pressed
691.3518 	DATA 	Target detected
691.8183 	DATA 	Keypress: 5
691.8184 	DATA 	TR 444 | TR1 222 | TR2 222
693.3849 	DATA 	Keypress: 5
693.3849 	DATA 	TR 445 | TR1 223 | TR2 222
694.9514 	DATA 	Keypress: 5
694.9514 	DATA 	TR 446 | TR1 223 | TR2 223
696.5179 	DATA 	Keypress: 5
696.5180 	DATA 	TR 447 | TR1 224 | TR2 223
698.0679 	DATA 	Keypress: 5
698.0679 	DATA 	TR 448 | TR1 224 | TR2 224
699.6343 	DATA 	Keypress: 5
699.6344 	DATA 	TR 449 | TR1 225 | TR2 224
701.1842 	DATA 	Keypress: 5
701.1842 	DATA 	TR 450 | TR1 225 | TR2 225
702.7675 	DATA 	Keypress: 5
702.7675 	DATA 	TR 451 | TR1 226 | TR2 225
704.3172 	DATA 	Keypress: 5
704.3172 	DATA 	TR 452 | TR1 226 | TR2 226
705.8837 	DATA 	Keypress: 5
705.8838 	DATA 	TR 453 | TR1 227 | TR2 226
707.4335 	DATA 	Keypress: 5
707.4336 	DATA 	TR 454 | TR1 227 | TR2 227
709.0168 	DATA 	Keypress: 5
709.0168 	DATA 	TR 455 | TR1 228 | TR2 227
710.3834 	DATA 	
710.3834 	DATA 	stimulation stopped
710.3834 	DATA 	
710.5665 	DATA 	Keypress: 5
710.5666 	DATA 	TR 456 | TR1 228 | TR2 228
712.1331 	DATA 	Keypress: 5
712.1332 	DATA 	TR 457 | TR1 229 | TR2 228
713.6830 	DATA 	Keypress: 5
713.6830 	DATA 	TR 458 | TR1 229 | TR2 229
715.2495 	DATA 	Keypress: 5
715.2495 	DATA 	TR 459 | TR1 230 | TR2 229
716.7997 	DATA 	Keypress: 5
716.8159 	DATA 	TR 460 | TR1 230 | TR2 230
718.3826 	DATA 	Keypress: 5
718.3826 	DATA 	TR 461 | TR1 231 | TR2 230
719.9324 	DATA 	Keypress: 5
719.9324 	DATA 	TR 462 | TR1 231 | TR2 231
721.4989 	DATA 	Keypress: 5
721.4990 	DATA 	TR 463 | TR1 232 | TR2 231
723.0488 	DATA 	Keypress: 5
723.0488 	DATA 	TR 464 | TR1 232 | TR2 232
724.6319 	DATA 	Keypress: 5
724.6320 	DATA 	TR 465 | TR1 233 | TR2 232
726.1818 	DATA 	Keypress: 5
726.1819 	DATA 	TR 466 | TR1 233 | TR2 233
727.7483 	DATA 	Keypress: 5
727.7484 	DATA 	TR 467 | TR1 234 | TR2 233
729.2982 	DATA 	Keypress: 5
729.2982 	DATA 	TR 468 | TR1 234 | TR2 234
730.8653 	DATA 	Keypress: 5
730.8813 	DATA 	TR 469 | TR1 235 | TR2 234
732.4314 	DATA 	Keypress: 5
732.4314 	DATA 	TR 470 | TR1 235 | TR2 235
733.9144 	DATA 	Target presented
733.9977 	DATA 	Keypress: 5
733.9978 	DATA 	TR 471 | TR1 236 | TR2 235
734.3977 	DATA 	Keypress: 1
734.3977 	DATA 	Key1 pressed
734.3978 	DATA 	Target detected
735.5476 	DATA 	Keypress: 5
735.5477 	DATA 	TR 472 | TR1 236 | TR2 236
737.1141 	DATA 	Keypress: 5
737.1142 	DATA 	TR 473 | TR1 237 | TR2 236
738.6640 	DATA 	Keypress: 5
738.6641 	DATA 	TR 474 | TR1 237 | TR2 237
740.2472 	DATA 	Keypress: 5
740.2472 	DATA 	TR 475 | TR1 238 | TR2 237
741.7971 	DATA 	Keypress: 5
741.7971 	DATA 	TR 476 | TR1 238 | TR2 238
743.3636 	DATA 	Keypress: 5
743.3636 	DATA 	TR 477 | TR1 239 | TR2 238
744.9135 	DATA 	Keypress: 5
744.9135 	DATA 	TR 478 | TR1 239 | TR2 239
746.4966 	DATA 	Keypress: 5
746.4967 	DATA 	TR 479 | TR1 240 | TR2 239
748.0465 	DATA 	Keypress: 5
748.0465 	DATA 	TR 480 | TR1 240 | TR2 240
749.6130 	DATA 	Keypress: 5
749.6130 	DATA 	TR 481 | TR1 241 | TR2 240
750.3795 	DATA 	
750.3796 	DATA 	Trial complete
750.3796 	DATA 	
751.1629 	DATA 	Keypress: 5
751.1629 	DATA 	TR 482 | TR1 241 | TR2 241
752.7295 	DATA 	Keypress: 5
752.7296 	DATA 	Waited 69.56051206588745 seconds for trigger
752.7304 	DATA 	
752.7304 	DATA 	Trial 20
752.7304 	DATA 	stimDur = 12.0
752.7304 	DATA 	jitter = 1.5705
752.7304 	DATA 	restDur = 30.0

752.7304 	DATA 	
752.7304 	DATA 	TR 483 | TR1 242 | TR2 241
754.2959 	DATA 	Keypress: 5
754.2960 	DATA 	TR 484 | TR1 242 | TR2 242
754.3124 	DATA 	
754.3124 	DATA 	stimulation started
754.3124 	DATA 	
755.8625 	DATA 	Keypress: 5
755.8625 	DATA 	TR 485 | TR1 243 | TR2 242
757.4124 	DATA 	Keypress: 5
757.4124 	DATA 	TR 486 | TR1 243 | TR2 243
758.9789 	DATA 	Keypress: 5
758.9789 	DATA 	TR 487 | TR1 244 | TR2 243
760.5287 	DATA 	Keypress: 5
760.5288 	DATA 	TR 488 | TR1 244 | TR2 244
762.1119 	DATA 	Keypress: 5
762.1120 	DATA 	TR 489 | TR1 245 | TR2 244
763.6618 	DATA 	Keypress: 5
763.6618 	DATA 	TR 490 | TR1 245 | TR2 245
765.2283 	DATA 	Keypress: 5
765.2283 	DATA 	TR 491 | TR1 246 | TR2 245
766.3115 	DATA 	
766.3115 	DATA 	stimulation stopped
766.3115 	DATA 	
766.7783 	DATA 	Keypress: 5
766.7783 	DATA 	TR 492 | TR1 246 | TR2 246
768.3613 	DATA 	Keypress: 5
768.3613 	DATA 	TR 493 | TR1 247 | TR2 246
769.9112 	DATA 	Keypress: 5
769.9112 	DATA 	TR 494 | TR1 247 | TR2 247
771.4777 	DATA 	Keypress: 5
771.4777 	DATA 	TR 495 | TR1 248 | TR2 247
773.0275 	DATA 	Keypress: 5
773.0276 	DATA 	TR 496 | TR1 248 | TR2 248
774.5940 	DATA 	Keypress: 5
774.5941 	DATA 	TR 497 | TR1 249 | TR2 248
776.1445 	DATA 	Keypress: 5
776.1605 	DATA 	TR 498 | TR1 249 | TR2 249
777.7271 	DATA 	Keypress: 5
777.7271 	DATA 	TR 499 | TR1 250 | TR2 249
779.2770 	DATA 	Keypress: 5
779.2770 	DATA 	TR 500 | TR1 250 | TR2 250
780.8435 	DATA 	Keypress: 5
780.8435 	DATA 	TR 501 | TR1 251 | TR2 250
782.3934 	DATA 	Keypress: 5
782.3934 	DATA 	TR 502 | TR1 251 | TR2 251
783.9765 	DATA 	Keypress: 5
783.9766 	DATA 	TR 503 | TR1 252 | TR2 251
785.5264 	DATA 	Keypress: 5
785.5265 	DATA 	TR 504 | TR1 252 | TR2 252
787.0929 	DATA 	Keypress: 5
787.0929 	DATA 	TR 505 | TR1 253 | TR2 252
788.6428 	DATA 	Keypress: 5
788.6428 	DATA 	TR 506 | TR1 253 | TR2 253
790.2099 	DATA 	Keypress: 5
790.2259 	DATA 	TR 507 | TR1 254 | TR2 253
791.7758 	DATA 	Keypress: 5
791.7759 	DATA 	TR 508 | TR1 254 | TR2 254
793.3423 	DATA 	Keypress: 5
793.3423 	DATA 	TR 509 | TR1 255 | TR2 254
794.8922 	DATA 	Keypress: 5
794.8923 	DATA 	TR 510 | TR1 255 | TR2 255
796.3087 	DATA 	
796.3087 	DATA 	Trial complete
796.3087 	DATA 	
796.4587 	DATA 	Keypress: 5
796.4588 	DATA 	TR 511 | TR1 256 | TR2 255
798.0086 	DATA 	Keypress: 5
798.0087 	DATA 	TR 512 | TR1 256 | TR2 256
799.5919 	DATA 	Keypress: 5
799.5919 	DATA 	TR 513 | TR1 257 | TR2 256
801.1415 	DATA 	Keypress: 5
801.1416 	DATA 	TR 514 | TR1 257 | TR2 257
802.7081 	DATA 	Keypress: 5
802.7082 	DATA 	TR 515 | TR1 258 | TR2 257
804.2580 	DATA 	Keypress: 5
804.2581 	DATA 	TR 516 | TR1 258 | TR2 258
805.8413 	DATA 	Keypress: 5
805.8414 	DATA 	TR 517 | TR1 259 | TR2 258
807.3911 	DATA 	Keypress: 5
807.3911 	DATA 	TR 518 | TR1 259 | TR2 259
808.9576 	DATA 	Keypress: 5
808.9576 	DATA 	TR 519 | TR1 260 | TR2 259
810.5074 	DATA 	Keypress: 5
810.5075 	DATA 	TR 520 | TR1 260 | TR2 260
812.0739 	DATA 	Keypress: 5
812.0740 	DATA 	TR 521 | TR1 261 | TR2 260
812.7072 	DATA 	Target presented
813.3905 	DATA 	Keypress: 1
813.3906 	DATA 	Key1 pressed
813.3906 	DATA 	Target detected
813.6404 	DATA 	Keypress: 5
813.6405 	DATA 	TR 522 | TR1 261 | TR2 261
815.2070 	DATA 	Keypress: 5
815.2070 	DATA 	TR 523 | TR1 262 | TR2 261
816.7569 	DATA 	Keypress: 5
816.7569 	DATA 	TR 524 | TR1 262 | TR2 262
818.3234 	DATA 	Keypress: 5
818.3234 	DATA 	TR 525 | TR1 263 | TR2 262
819.8733 	DATA 	Keypress: 5
819.8733 	DATA 	TR 526 | TR1 263 | TR2 263
821.4564 	DATA 	Keypress: 5
821.4565 	DATA 	TR 527 | TR1 264 | TR2 263
823.0063 	DATA 	Keypress: 5
823.0064 	DATA 	TR 528 | TR1 264 | TR2 264
824.5728 	DATA 	Keypress: 5
824.5729 	DATA 	TR 529 | TR1 265 | TR2 264
826.1227 	DATA 	Keypress: 5
826.1227 	DATA 	TR 530 | TR1 265 | TR2 265
827.6898 	DATA 	Keypress: 5
827.7058 	DATA 	TR 531 | TR1 266 | TR2 265
829.2557 	DATA 	Keypress: 5
829.2558 	DATA 	TR 532 | TR1 266 | TR2 266
830.8222 	DATA 	Keypress: 5
830.8223 	DATA 	TR 533 | TR1 267 | TR2 266
832.3721 	DATA 	Keypress: 5
832.3722 	DATA 	TR 534 | TR1 267 | TR2 267
833.9386 	DATA 	Keypress: 5
833.9386 	DATA 	TR 535 | TR1 268 | TR2 267
835.4885 	DATA 	Keypress: 5
835.4886 	DATA 	TR 536 | TR1 268 | TR2 268
837.0717 	DATA 	Keypress: 5
837.0718 	DATA 	TR 537 | TR1 269 | TR2 268
838.6216 	DATA 	Keypress: 5
838.6216 	DATA 	TR 538 | TR1 269 | TR2 269
840.1881 	DATA 	Keypress: 5
840.1881 	DATA 	TR 539 | TR1 270 | TR2 269
841.7380 	DATA 	Keypress: 5
841.7380 	DATA 	TR 540 | TR1 270 | TR2 270
843.3211 	DATA 	Keypress: 5
843.3212 	DATA 	TR 541 | TR1 271 | TR2 270
844.8710 	DATA 	Keypress: 5
844.8710 	DATA 	TR 542 | TR1 271 | TR2 271
846.4375 	DATA 	Keypress: 5
846.4375 	DATA 	TR 543 | TR1 272 | TR2 271
847.9874 	DATA 	Keypress: 5
847.9874 	DATA 	TR 544 | TR1 272 | TR2 272
849.5539 	DATA 	Keypress: 5
849.5539 	DATA 	TR 545 | TR1 273 | TR2 272
851.1043 	DATA 	Keypress: 5
851.1203 	DATA 	TR 546 | TR1 273 | TR2 273
852.6869 	DATA 	Keypress: 5
852.6870 	DATA 	TR 547 | TR1 274 | TR2 273
854.2368 	DATA 	Keypress: 5
854.2369 	DATA 	TR 548 | TR1 274 | TR2 274
855.8033 	DATA 	Keypress: 5
855.8033 	DATA 	TR 549 | TR1 275 | TR2 274
857.3532 	DATA 	Keypress: 5
857.3533 	DATA 	TR 550 | TR1 275 | TR2 275
858.9363 	DATA 	Keypress: 5
858.9364 	DATA 	TR 551 | TR1 276 | TR2 275
860.4861 	DATA 	Keypress: 5
860.4861 	DATA 	TR 552 | TR1 276 | TR2 276
862.0527 	DATA 	Keypress: 5
862.0528 	DATA 	TR 553 | TR1 277 | TR2 276
863.6026 	DATA 	Keypress: 5
863.6027 	DATA 	TR 554 | TR1 277 | TR2 277
864.3192 	DATA 	EndOfRun sub-08_ses-03_run-05

864.3192 	DATA 	We spent 93.75543999671936 seconds waiting for triggers
864.3192 	DATA 	RatioOfDetectedTargets 0.9166666666666666
864.3192 	DATA 	You have detected 11 out of 12 targets.
869.1415 	DATA 	Keypress: 5
869.1417 	DATA 	Keypress: 5
869.3490 	EXP 	window1: mouseVisible = True
