MonitorDistance=99cm
MonitorWidth=30cm
PixelWidth=1024.0
PixelHeight=768.0
You have detected 12 out of 12 targets.
Excellent! Keep up the good work
7.1338 	INFO 	Loaded monitor calibration from ['2021_05_26 17:55']
7.5964 	EXP 	Created window1 = Window(allowGUI=False, allowStencil=False, autoLog=True, backendConf=UNKNOWN, bitsMode=UNKNOWN, blendMode='avg', bpc=(8, 8, 8), color=array([-0.5, -0.5, -0.5]), colorSpace='rgb', depthBits=8, fullscr=<method-wrapper '__getattribute__' of attributeSetter object at 0x7f5f0be76400>, gamma=None, gammaErrorPolicy='raise', lms=UNKNOWN, monitor=<psychopy.monitors.calibTools.Monitor object at 0x7f5f01c98048>, multiSample=False, name='window1', numSamples=2, pos=[0.0, 0.0], screen=0, size=array([1024,  768]), stencilBits=0, stereo=False, units='deg', useFBO=False, useRetina=False, viewOri=0.0, viewPos=None, viewScale=None, waitBlanking=True, winType='pyglet')
7.5964 	EXP 	window1: mouseVisible = True
7.6697 	EXP 	Created unnamed TextStim = TextStim(__class__=<class 'psychopy.visual.text.TextStim'>, alignHoriz=method-wrapper(...), alignText='center', alignVert=method-wrapper(...), anchorHoriz='center', anchorVert='center', antialias=True, autoLog=True, bold=False, color=array([1., 1., 1.]), colorSpace='rgb', contrast=1.0, depth=0, flipHoriz=False, flipVert=False, font='', fontFiles=[], height=0.5, italic=False, languageStyle='LTR', name='unnamed TextStim', opacity=1.0, ori=0.0, pos=array([0., 0.]), rgb=UNKNOWN, text=str(...), units='deg', win=Window(...), wrapWidth=15.0)
7.7002 	EXP 	Created Movie Frame 0 = ImageStim(__class__=<class 'psychopy.visual.image.ImageStim'>, autoLog=True, color=array([0.8, 0.8, 0.8]), colorSpace='rgb', contrast=0.8, depth=0, flipHoriz=False, flipVert=False, image='visual_0.png', interpolate=False, mask=None, maskParams=None, name='Movie Frame 0', opacity=1, ori=0.0, pos=array([0., 0.]), size=array([1024,  768]), texRes=128, units='pix', win=Window(...))
7.7240 	EXP 	Created Movie Frame 1 = ImageStim(__class__=<class 'psychopy.visual.image.ImageStim'>, autoLog=True, color=array([0.8, 0.8, 0.8]), colorSpace='rgb', contrast=0.8, depth=0, flipHoriz=False, flipVert=False, image='visual_1.png', interpolate=False, mask=None, maskParams=None, name='Movie Frame 1', opacity=1, ori=0.0, pos=array([0., 0.]), size=array([1024,  768]), texRes=128, units='pix', win=Window(...))
37.0354 	DATA 	Keypress: 5
0.0000 	DATA 	StartOfRun sub-08_ses-03_run-02
0.0000 	DATA 	TR 1 | TR1 1 | TR2 0
0.0110 	DATA 	Initial baseline

1.5512 	DATA 	Keypress: 5
1.5512 	DATA 	TR 2 | TR1 1 | TR2 1
3.1224 	DATA 	Keypress: 5
3.1224 	DATA 	TR 3 | TR1 2 | TR2 1
4.6745 	DATA 	Keypress: 5
4.6746 	DATA 	TR 4 | TR1 2 | TR2 2
6.2456 	DATA 	Keypress: 5
6.2456 	DATA 	TR 5 | TR1 3 | TR2 2
7.7979 	DATA 	Keypress: 5
7.7980 	DATA 	TR 6 | TR1 3 | TR2 3
9.3691 	DATA 	Keypress: 5
9.3691 	DATA 	TR 7 | TR1 4 | TR2 3
10.9213 	DATA 	Keypress: 5
10.9213 	DATA 	TR 8 | TR1 4 | TR2 4
12.4925 	DATA 	Keypress: 5
12.4925 	DATA 	TR 9 | TR1 5 | TR2 4
14.0448 	DATA 	Keypress: 5
14.0448 	DATA 	TR 10 | TR1 5 | TR2 5
15.6159 	DATA 	Keypress: 5
15.6159 	DATA 	TR 11 | TR1 6 | TR2 5
17.1681 	DATA 	Keypress: 5
17.1681 	DATA 	TR 12 | TR1 6 | TR2 6
18.7393 	DATA 	Keypress: 5
18.7393 	DATA 	TR 13 | TR1 7 | TR2 6
20.2915 	DATA 	Keypress: 5
20.2915 	DATA 	TR 14 | TR1 7 | TR2 7
21.8627 	DATA 	Keypress: 5
21.8627 	DATA 	TR 15 | TR1 8 | TR2 7
23.4149 	DATA 	Keypress: 5
23.4150 	DATA 	TR 16 | TR1 8 | TR2 8
24.9861 	DATA 	Keypress: 5
24.9861 	DATA 	TR 17 | TR1 9 | TR2 8
26.5382 	DATA 	Keypress: 5
26.5383 	DATA 	TR 18 | TR1 9 | TR2 9
28.1094 	DATA 	Keypress: 5
28.1095 	DATA 	TR 19 | TR1 10 | TR2 9
29.6616 	DATA 	Keypress: 5
29.6617 	DATA 	TR 20 | TR1 10 | TR2 10
31.2421 	DATA 	Keypress: 5
31.2422 	DATA 	Waited 1.2421598434448242 seconds for trigger
31.2436 	DATA 	
31.2436 	DATA 	Trial 1
31.2436 	DATA 	stimDur = 4.0
31.2436 	DATA 	jitter = 1.5705
31.2436 	DATA 	restDur = 24.0

31.2436 	DATA 	
31.2436 	DATA 	TR 21 | TR1 11 | TR2 10
32.7919 	DATA 	Keypress: 5
32.7920 	DATA 	TR 22 | TR1 11 | TR2 11
32.8252 	DATA 	
32.8252 	DATA 	stimulation started
32.8252 	DATA 	
34.3584 	DATA 	Keypress: 5
34.3585 	DATA 	TR 23 | TR1 12 | TR2 11
35.9084 	DATA 	Keypress: 5
35.9084 	DATA 	TR 24 | TR1 12 | TR2 12
36.8248 	DATA 	
36.8248 	DATA 	stimulation stopped
36.8248 	DATA 	
37.4914 	DATA 	Keypress: 5
37.4915 	DATA 	TR 25 | TR1 13 | TR2 12
39.0413 	DATA 	Keypress: 5
39.0414 	DATA 	TR 26 | TR1 13 | TR2 13
40.6077 	DATA 	Keypress: 5
40.6078 	DATA 	TR 27 | TR1 14 | TR2 13
42.1577 	DATA 	Keypress: 5
42.1578 	DATA 	TR 28 | TR1 14 | TR2 14
43.7409 	DATA 	Keypress: 5
43.7409 	DATA 	TR 29 | TR1 15 | TR2 14
45.2907 	DATA 	Keypress: 5
45.2908 	DATA 	TR 30 | TR1 15 | TR2 15
46.8572 	DATA 	Keypress: 5
46.8573 	DATA 	TR 31 | TR1 16 | TR2 15
48.4070 	DATA 	Keypress: 5
48.4070 	DATA 	TR 32 | TR1 16 | TR2 16
49.9736 	DATA 	Keypress: 5
49.9737 	DATA 	TR 33 | TR1 17 | TR2 16
51.5402 	DATA 	Keypress: 5
51.5402 	DATA 	TR 34 | TR1 17 | TR2 17
53.1067 	DATA 	Keypress: 5
53.1067 	DATA 	TR 35 | TR1 18 | TR2 17
54.6566 	DATA 	Keypress: 5
54.6566 	DATA 	TR 36 | TR1 18 | TR2 18
56.2230 	DATA 	Keypress: 5
56.2231 	DATA 	TR 37 | TR1 19 | TR2 18
57.7729 	DATA 	Keypress: 5
57.7730 	DATA 	TR 38 | TR1 19 | TR2 19
59.3561 	DATA 	Keypress: 5
59.3561 	DATA 	TR 39 | TR1 20 | TR2 19
60.8226 	DATA 	
60.8226 	DATA 	Trial complete
60.8226 	DATA 	Waiting for VASO trigger to start next trial
60.8226 	DATA 	
60.9060 	DATA 	Keypress: 5
60.9060 	DATA 	TR 40 | TR1 20 | TR2 20
62.4725 	DATA 	Keypress: 5
62.4726 	DATA 	Waited 1.6499440670013428 seconds for trigger
62.4733 	DATA 	
62.4734 	DATA 	Trial 2
62.4734 	DATA 	stimDur = 12.0
62.4734 	DATA 	jitter = 2.35575
62.4734 	DATA 	restDur = 30.0

62.4734 	DATA 	
62.4734 	DATA 	TR 41 | TR1 21 | TR2 20
64.0223 	DATA 	Keypress: 5
64.0224 	DATA 	TR 42 | TR1 21 | TR2 21
64.8389 	DATA 	
64.8389 	DATA 	stimulation started
64.8389 	DATA 	
65.6056 	DATA 	Keypress: 5
65.6057 	DATA 	TR 43 | TR1 22 | TR2 21
67.1554 	DATA 	Keypress: 5
67.1555 	DATA 	TR 44 | TR1 22 | TR2 22
68.7220 	DATA 	Keypress: 5
68.7220 	DATA 	TR 45 | TR1 23 | TR2 22
70.2718 	DATA 	Keypress: 5
70.2719 	DATA 	TR 46 | TR1 23 | TR2 23
71.8384 	DATA 	Keypress: 5
71.8384 	DATA 	TR 47 | TR1 24 | TR2 23
73.3883 	DATA 	Keypress: 5
73.3884 	DATA 	TR 48 | TR1 24 | TR2 24
74.9716 	DATA 	Keypress: 5
74.9716 	DATA 	TR 49 | TR1 25 | TR2 24
76.5212 	DATA 	Keypress: 5
76.5213 	DATA 	TR 50 | TR1 25 | TR2 25
76.8378 	DATA 	
76.8378 	DATA 	stimulation stopped
76.8378 	DATA 	
78.0877 	DATA 	Keypress: 5
78.0878 	DATA 	TR 51 | TR1 26 | TR2 25
79.6376 	DATA 	Keypress: 5
79.6376 	DATA 	TR 52 | TR1 26 | TR2 26
81.2208 	DATA 	Keypress: 5
81.2208 	DATA 	TR 53 | TR1 27 | TR2 26
82.7706 	DATA 	Keypress: 5
82.7707 	DATA 	TR 54 | TR1 27 | TR2 27
84.3371 	DATA 	Keypress: 5
84.3372 	DATA 	TR 55 | TR1 28 | TR2 27
85.8870 	DATA 	Keypress: 5
85.8870 	DATA 	TR 56 | TR1 28 | TR2 28
87.4542 	DATA 	Keypress: 5
87.4701 	DATA 	TR 57 | TR1 29 | TR2 28
89.0200 	DATA 	Keypress: 5
89.0201 	DATA 	TR 58 | TR1 29 | TR2 29
90.5866 	DATA 	Keypress: 5
90.5866 	DATA 	TR 59 | TR1 30 | TR2 29
92.1364 	DATA 	Keypress: 5
92.1365 	DATA 	TR 60 | TR1 30 | TR2 30
93.7030 	DATA 	Keypress: 5
93.7030 	DATA 	TR 61 | TR1 31 | TR2 30
95.2528 	DATA 	Keypress: 5
95.2528 	DATA 	TR 62 | TR1 31 | TR2 31
96.8360 	DATA 	Keypress: 5
96.8361 	DATA 	TR 63 | TR1 32 | TR2 31
98.3858 	DATA 	Keypress: 5
98.3859 	DATA 	TR 64 | TR1 32 | TR2 32
99.9524 	DATA 	Keypress: 5
99.9525 	DATA 	TR 65 | TR1 33 | TR2 32
101.5022 	DATA 	Keypress: 5
101.5023 	DATA 	TR 66 | TR1 33 | TR2 33
103.0355 	DATA 	Target presented
103.0854 	DATA 	Keypress: 5
103.0855 	DATA 	TR 67 | TR1 34 | TR2 33
103.9353 	DATA 	Keypress: 1
103.9354 	DATA 	Key1 pressed
103.9354 	DATA 	Target detected
104.6352 	DATA 	Keypress: 5
104.6353 	DATA 	TR 68 | TR1 34 | TR2 34
106.2020 	DATA 	Keypress: 5
106.2020 	DATA 	TR 69 | TR1 35 | TR2 34
106.8350 	DATA 	
106.8350 	DATA 	Trial complete
106.8350 	DATA 	Waiting for VASO trigger to start next trial
106.8350 	DATA 	
107.7516 	DATA 	Keypress: 5
107.7517 	DATA 	TR 70 | TR1 35 | TR2 35
109.3182 	DATA 	Keypress: 5
109.3182 	DATA 	Waited 2.4831769466400146 seconds for trigger
109.3190 	DATA 	
109.3190 	DATA 	Trial 3
109.3190 	DATA 	stimDur = 24.0
109.3190 	DATA 	jitter = 0.78525
109.3190 	DATA 	restDur = 40.0

109.3190 	DATA 	
109.3190 	DATA 	TR 71 | TR1 36 | TR2 35
110.1180 	DATA 	
110.1181 	DATA 	stimulation started
110.1181 	DATA 	
110.8689 	DATA 	Keypress: 5
110.8848 	DATA 	TR 72 | TR1 36 | TR2 36
112.4513 	DATA 	Keypress: 5
112.4513 	DATA 	TR 73 | TR1 37 | TR2 36
114.0011 	DATA 	Keypress: 5
114.0012 	DATA 	TR 74 | TR1 37 | TR2 37
115.5677 	DATA 	Keypress: 5
115.5678 	DATA 	TR 75 | TR1 38 | TR2 37
117.1175 	DATA 	Keypress: 5
117.1176 	DATA 	TR 76 | TR1 38 | TR2 38
118.7007 	DATA 	Keypress: 5
118.7008 	DATA 	TR 77 | TR1 39 | TR2 38
120.2506 	DATA 	Keypress: 5
120.2506 	DATA 	TR 78 | TR1 39 | TR2 39
121.8171 	DATA 	Keypress: 5
121.8171 	DATA 	TR 79 | TR1 40 | TR2 39
123.3669 	DATA 	Keypress: 5
123.3670 	DATA 	TR 80 | TR1 40 | TR2 40
124.9335 	DATA 	Keypress: 5
124.9336 	DATA 	TR 81 | TR1 41 | TR2 40
126.5000 	DATA 	Keypress: 5
126.5000 	DATA 	TR 82 | TR1 41 | TR2 41
128.0666 	DATA 	Keypress: 5
128.0666 	DATA 	TR 83 | TR1 42 | TR2 41
129.6164 	DATA 	Keypress: 5
129.6164 	DATA 	TR 84 | TR1 42 | TR2 42
131.1829 	DATA 	Keypress: 5
131.1830 	DATA 	TR 85 | TR1 43 | TR2 42
132.7327 	DATA 	Keypress: 5
132.7328 	DATA 	TR 86 | TR1 43 | TR2 43
134.1159 	DATA 	
134.1159 	DATA 	stimulation stopped
134.1159 	DATA 	
134.3159 	DATA 	Keypress: 5
134.3160 	DATA 	TR 87 | TR1 44 | TR2 43
135.8658 	DATA 	Keypress: 5
135.8658 	DATA 	TR 88 | TR1 44 | TR2 44
137.4323 	DATA 	Keypress: 5
137.4323 	DATA 	TR 89 | TR1 45 | TR2 44
138.9821 	DATA 	Keypress: 5
138.9821 	DATA 	TR 90 | TR1 45 | TR2 45
140.5653 	DATA 	Keypress: 5
140.5654 	DATA 	TR 91 | TR1 46 | TR2 45
142.1151 	DATA 	Keypress: 5
142.1152 	DATA 	TR 92 | TR1 46 | TR2 46
143.6817 	DATA 	Keypress: 5
143.6818 	DATA 	TR 93 | TR1 47 | TR2 46
145.2315 	DATA 	Keypress: 5
145.2316 	DATA 	TR 94 | TR1 47 | TR2 47
146.7981 	DATA 	Keypress: 5
146.7982 	DATA 	TR 95 | TR1 48 | TR2 47
148.3646 	DATA 	Keypress: 5
148.3646 	DATA 	TR 96 | TR1 48 | TR2 48
149.9311 	DATA 	Keypress: 5
149.9312 	DATA 	TR 97 | TR1 49 | TR2 48
151.4810 	DATA 	Keypress: 5
151.4810 	DATA 	TR 98 | TR1 49 | TR2 49
153.0475 	DATA 	Keypress: 5
153.0476 	DATA 	TR 99 | TR1 50 | TR2 49
154.5973 	DATA 	Keypress: 5
154.5974 	DATA 	TR 100 | TR1 50 | TR2 50
156.1806 	DATA 	Keypress: 5
156.1806 	DATA 	TR 101 | TR1 51 | TR2 50
157.7304 	DATA 	Keypress: 5
157.7305 	DATA 	TR 102 | TR1 51 | TR2 51
159.2970 	DATA 	Keypress: 5
159.2970 	DATA 	TR 103 | TR1 52 | TR2 51
160.8468 	DATA 	Keypress: 5
160.8468 	DATA 	TR 104 | TR1 52 | TR2 52
162.4140 	DATA 	Keypress: 5
162.4299 	DATA 	TR 105 | TR1 53 | TR2 52
163.9798 	DATA 	Keypress: 5
163.9799 	DATA 	TR 106 | TR1 53 | TR2 53
165.5464 	DATA 	Keypress: 5
165.5464 	DATA 	TR 107 | TR1 54 | TR2 53
167.0962 	DATA 	Keypress: 5
167.0963 	DATA 	TR 108 | TR1 54 | TR2 54
167.9961 	DATA 	Target presented
168.6628 	DATA 	Keypress: 1
168.6628 	DATA 	Keypress: 5
168.6629 	DATA 	Key1 pressed
168.6629 	DATA 	Target detected
168.6629 	DATA 	TR 109 | TR1 55 | TR2 54
170.2126 	DATA 	Keypress: 5
170.2126 	DATA 	TR 110 | TR1 55 | TR2 55
171.7958 	DATA 	Keypress: 5
171.7959 	DATA 	TR 111 | TR1 56 | TR2 55
173.3456 	DATA 	Keypress: 5
173.3457 	DATA 	TR 112 | TR1 56 | TR2 56
174.1122 	DATA 	
174.1122 	DATA 	Trial complete
174.1122 	DATA 	Waiting for VASO trigger to start next trial
174.1122 	DATA 	
174.9122 	DATA 	Keypress: 5
174.9122 	DATA 	Waited 0.8000099658966064 seconds for trigger
174.9130 	DATA 	
174.9130 	DATA 	Trial 4
174.9130 	DATA 	stimDur = 24.0
174.9130 	DATA 	jitter = 1.5705
174.9130 	DATA 	restDur = 40.0

174.9130 	DATA 	
174.9130 	DATA 	TR 113 | TR1 57 | TR2 56
176.4620 	DATA 	Keypress: 5
176.4621 	DATA 	TR 114 | TR1 57 | TR2 57
176.4953 	DATA 	
176.4953 	DATA 	stimulation started
176.4953 	DATA 	
178.0453 	DATA 	Keypress: 5
178.0453 	DATA 	TR 115 | TR1 58 | TR2 57
179.5951 	DATA 	Keypress: 5
179.5952 	DATA 	TR 116 | TR1 58 | TR2 58
181.1617 	DATA 	Keypress: 5
181.1617 	DATA 	TR 117 | TR1 59 | TR2 58
182.7115 	DATA 	Keypress: 5
182.7115 	DATA 	TR 118 | TR1 59 | TR2 59
184.2780 	DATA 	Keypress: 5
184.2781 	DATA 	TR 119 | TR1 60 | TR2 59
185.8446 	DATA 	Keypress: 5
185.8446 	DATA 	TR 120 | TR1 60 | TR2 60
187.4111 	DATA 	Keypress: 5
187.4112 	DATA 	TR 121 | TR1 61 | TR2 60
188.9609 	DATA 	Keypress: 5
188.9610 	DATA 	TR 122 | TR1 61 | TR2 61
190.5275 	DATA 	Keypress: 5
190.5275 	DATA 	TR 123 | TR1 62 | TR2 61
192.0773 	DATA 	Keypress: 5
192.0774 	DATA 	TR 124 | TR1 62 | TR2 62
193.6605 	DATA 	Keypress: 5
193.6606 	DATA 	TR 125 | TR1 63 | TR2 62
195.2103 	DATA 	Keypress: 5
195.2104 	DATA 	TR 126 | TR1 63 | TR2 63
196.7769 	DATA 	Keypress: 5
196.7770 	DATA 	TR 127 | TR1 64 | TR2 63
198.3267 	DATA 	Keypress: 5
198.3268 	DATA 	TR 128 | TR1 64 | TR2 64
199.9099 	DATA 	Keypress: 5
199.9100 	DATA 	TR 129 | TR1 65 | TR2 64
200.4931 	DATA 	
200.4931 	DATA 	stimulation stopped
200.4931 	DATA 	
201.4597 	DATA 	Keypress: 5
201.4598 	DATA 	TR 130 | TR1 65 | TR2 65
203.0263 	DATA 	Keypress: 5
203.0263 	DATA 	TR 131 | TR1 66 | TR2 65
204.5761 	DATA 	Keypress: 5
204.5762 	DATA 	TR 132 | TR1 66 | TR2 66
206.1427 	DATA 	Keypress: 5
206.1428 	DATA 	TR 133 | TR1 67 | TR2 66
207.6925 	DATA 	Keypress: 5
207.6926 	DATA 	TR 134 | TR1 67 | TR2 67
209.2757 	DATA 	Keypress: 5
209.2757 	DATA 	TR 135 | TR1 68 | TR2 67
210.8255 	DATA 	Keypress: 5
210.8256 	DATA 	TR 136 | TR1 68 | TR2 68
212.3921 	DATA 	Keypress: 5
212.3921 	DATA 	TR 137 | TR1 69 | TR2 68
212.9920 	DATA 	Target presented
213.4753 	DATA 	Keypress: 1
213.4753 	DATA 	Key1 pressed
213.4753 	DATA 	Target detected
213.9419 	DATA 	Keypress: 5
213.9419 	DATA 	TR 138 | TR1 69 | TR2 69
215.5251 	DATA 	Keypress: 5
215.5252 	DATA 	TR 139 | TR1 70 | TR2 69
217.0750 	DATA 	Keypress: 5
217.0750 	DATA 	TR 140 | TR1 70 | TR2 70
218.6415 	DATA 	Keypress: 5
218.6416 	DATA 	TR 141 | TR1 71 | TR2 70
220.1913 	DATA 	Keypress: 5
220.1914 	DATA 	TR 142 | TR1 71 | TR2 71
221.7586 	DATA 	Keypress: 5
221.7745 	DATA 	TR 143 | TR1 72 | TR2 71
223.3244 	DATA 	Keypress: 5
223.3245 	DATA 	TR 144 | TR1 72 | TR2 72
224.8909 	DATA 	Keypress: 5
224.8910 	DATA 	TR 145 | TR1 73 | TR2 72
226.4408 	DATA 	Keypress: 5
226.4408 	DATA 	TR 146 | TR1 73 | TR2 73
228.0073 	DATA 	Keypress: 5
228.0073 	DATA 	TR 147 | TR1 74 | TR2 73
229.5571 	DATA 	Keypress: 5
229.5572 	DATA 	TR 148 | TR1 74 | TR2 74
231.1403 	DATA 	Keypress: 5
231.1404 	DATA 	TR 149 | TR1 75 | TR2 74
232.6903 	DATA 	Keypress: 5
232.6904 	DATA 	TR 150 | TR1 75 | TR2 75
234.2567 	DATA 	Keypress: 5
234.2568 	DATA 	TR 151 | TR1 76 | TR2 75
235.8066 	DATA 	Keypress: 5
235.8066 	DATA 	TR 152 | TR1 76 | TR2 76
237.3898 	DATA 	Keypress: 5
237.3898 	DATA 	TR 153 | TR1 77 | TR2 76
238.9396 	DATA 	Keypress: 5
238.9397 	DATA 	TR 154 | TR1 77 | TR2 77
240.4894 	DATA 	
240.4894 	DATA 	Trial complete
240.4895 	DATA 	Waiting for VASO trigger to start next trial
240.4895 	DATA 	
240.5061 	DATA 	Keypress: 5
240.5062 	DATA 	Waited 0.01673293113708496 seconds for trigger
240.5070 	DATA 	
240.5070 	DATA 	Trial 5
240.5070 	DATA 	stimDur = 1.0
240.5070 	DATA 	jitter = 0.78525
240.5070 	DATA 	restDur = 20.0

240.5070 	DATA 	
240.5070 	DATA 	TR 155 | TR1 78 | TR2 77
241.3062 	DATA 	
241.3062 	DATA 	stimulation started
241.3062 	DATA 	
242.0561 	DATA 	Keypress: 5
242.0561 	DATA 	TR 156 | TR1 78 | TR2 78
242.3060 	DATA 	
242.3060 	DATA 	stimulation stopped
242.3060 	DATA 	
243.6226 	DATA 	Keypress: 5
243.6226 	DATA 	TR 157 | TR1 79 | TR2 78
245.1730 	DATA 	Keypress: 5
245.1890 	DATA 	TR 158 | TR1 79 | TR2 79
246.7556 	DATA 	Keypress: 5
246.7557 	DATA 	TR 159 | TR1 80 | TR2 79
248.3054 	DATA 	Keypress: 5
248.3055 	DATA 	TR 160 | TR1 80 | TR2 80
249.8720 	DATA 	Keypress: 5
249.8720 	DATA 	TR 161 | TR1 81 | TR2 80
251.4218 	DATA 	Keypress: 5
251.4218 	DATA 	TR 162 | TR1 81 | TR2 81
253.0050 	DATA 	Keypress: 5
253.0051 	DATA 	TR 163 | TR1 82 | TR2 81
254.5548 	DATA 	Keypress: 5
254.5549 	DATA 	TR 164 | TR1 82 | TR2 82
256.1214 	DATA 	Keypress: 5
256.1215 	DATA 	TR 165 | TR1 83 | TR2 82
257.6712 	DATA 	Keypress: 5
257.6713 	DATA 	TR 166 | TR1 83 | TR2 83
259.2384 	DATA 	Keypress: 5
259.2544 	DATA 	TR 167 | TR1 84 | TR2 83
260.8043 	DATA 	Keypress: 5
260.8043 	DATA 	TR 168 | TR1 84 | TR2 84
262.3041 	DATA 	
262.3041 	DATA 	Trial complete
262.3041 	DATA 	Waiting for VASO trigger to start next trial
262.3041 	DATA 	
262.3708 	DATA 	Keypress: 5
262.3709 	DATA 	Waited 0.06673502922058105 seconds for trigger
262.3716 	DATA 	
262.3716 	DATA 	Trial 6
262.3716 	DATA 	stimDur = 2.0
262.3717 	DATA 	jitter = 0.78525
262.3717 	DATA 	restDur = 22.0

262.3717 	DATA 	
262.3717 	DATA 	TR 169 | TR1 85 | TR2 84
263.1707 	DATA 	
263.1707 	DATA 	stimulation started
263.1707 	DATA 	
263.9207 	DATA 	Keypress: 5
263.9208 	DATA 	TR 170 | TR1 85 | TR2 85
265.1706 	DATA 	
265.1706 	DATA 	stimulation stopped
265.1706 	DATA 	
265.4872 	DATA 	Keypress: 5
265.4873 	DATA 	TR 171 | TR1 86 | TR2 85
267.0371 	DATA 	Keypress: 5
267.0372 	DATA 	TR 172 | TR1 86 | TR2 86
268.6203 	DATA 	Keypress: 5
268.6203 	DATA 	TR 173 | TR1 87 | TR2 86
270.1701 	DATA 	Keypress: 5
270.1701 	DATA 	TR 174 | TR1 87 | TR2 87
271.7367 	DATA 	Keypress: 5
271.7367 	DATA 	TR 175 | TR1 88 | TR2 87
273.2864 	DATA 	Keypress: 5
273.2865 	DATA 	TR 176 | TR1 88 | TR2 88
274.8697 	DATA 	Keypress: 5
274.8697 	DATA 	TR 177 | TR1 89 | TR2 88
276.4195 	DATA 	Keypress: 5
276.4196 	DATA 	TR 178 | TR1 89 | TR2 89
277.9861 	DATA 	Keypress: 5
277.9861 	DATA 	TR 179 | TR1 90 | TR2 89
279.5359 	DATA 	Keypress: 5
279.5359 	DATA 	TR 180 | TR1 90 | TR2 90
281.1025 	DATA 	Keypress: 5
281.1025 	DATA 	TR 181 | TR1 91 | TR2 90
282.6529 	DATA 	Keypress: 5
282.6689 	DATA 	TR 182 | TR1 91 | TR2 91
284.2355 	DATA 	Keypress: 5
284.2355 	DATA 	TR 183 | TR1 92 | TR2 91
285.7853 	DATA 	Keypress: 5
285.7854 	DATA 	TR 184 | TR1 92 | TR2 92
286.8019 	DATA 	Target presented
287.1685 	DATA 	
287.1685 	DATA 	Trial complete
287.1685 	DATA 	Waiting for VASO trigger to start next trial
287.1685 	DATA 	
287.2852 	DATA 	Keypress: 1
287.2852 	DATA 	Key1 pressed
287.2852 	DATA 	Target detected
287.3518 	DATA 	Keypress: 5
287.3519 	DATA 	Waited 0.18332695960998535 seconds for trigger
287.3526 	DATA 	
287.3526 	DATA 	Trial 7
287.3526 	DATA 	stimDur = 4.0
287.3526 	DATA 	jitter = 2.35575
287.3527 	DATA 	restDur = 24.0

287.3527 	DATA 	
287.3527 	DATA 	TR 185 | TR1 93 | TR2 92
288.9017 	DATA 	Keypress: 5
288.9017 	DATA 	TR 186 | TR1 93 | TR2 93
289.7184 	DATA 	
289.7184 	DATA 	stimulation started
289.7184 	DATA 	
290.4850 	DATA 	Keypress: 5
290.4850 	DATA 	TR 187 | TR1 94 | TR2 93
292.0348 	DATA 	Keypress: 5
292.0349 	DATA 	TR 188 | TR1 94 | TR2 94
293.6014 	DATA 	Keypress: 5
293.6014 	DATA 	TR 189 | TR1 95 | TR2 94
293.7180 	DATA 	
293.7180 	DATA 	stimulation stopped
293.7180 	DATA 	
295.1511 	DATA 	Keypress: 5
295.1512 	DATA 	TR 190 | TR1 95 | TR2 95
296.7183 	DATA 	Keypress: 5
296.7343 	DATA 	TR 191 | TR1 96 | TR2 95
298.2842 	DATA 	Keypress: 5
298.2842 	DATA 	TR 192 | TR1 96 | TR2 96
299.8507 	DATA 	Keypress: 5
299.8508 	DATA 	TR 193 | TR1 97 | TR2 96
301.4005 	DATA 	Keypress: 5
301.4006 	DATA 	TR 194 | TR1 97 | TR2 97
302.9671 	DATA 	Keypress: 5
302.9672 	DATA 	TR 195 | TR1 98 | TR2 97
304.5169 	DATA 	Keypress: 5
304.5170 	DATA 	TR 196 | TR1 98 | TR2 98
306.1001 	DATA 	Keypress: 5
306.1002 	DATA 	TR 197 | TR1 99 | TR2 98
307.6500 	DATA 	Keypress: 5
307.6500 	DATA 	TR 198 | TR1 99 | TR2 99
309.2166 	DATA 	Keypress: 5
309.2166 	DATA 	TR 199 | TR1 100 | TR2 99
310.7664 	DATA 	Keypress: 5
310.7664 	DATA 	TR 200 | TR1 100 | TR2 100
312.3496 	DATA 	Keypress: 5
312.3496 	DATA 	TR 201 | TR1 101 | TR2 100
313.8994 	DATA 	Keypress: 5
313.8995 	DATA 	TR 202 | TR1 101 | TR2 101
315.4660 	DATA 	Keypress: 5
315.4660 	DATA 	TR 203 | TR1 102 | TR2 101
317.0159 	DATA 	Keypress: 5
317.0160 	DATA 	TR 204 | TR1 102 | TR2 102
317.7157 	DATA 	
317.7157 	DATA 	Trial complete
317.7158 	DATA 	Waiting for VASO trigger to start next trial
317.7158 	DATA 	
318.5825 	DATA 	Keypress: 5
318.5825 	DATA 	Waited 0.8667681217193604 seconds for trigger
318.5833 	DATA 	
318.5833 	DATA 	Trial 8
318.5833 	DATA 	stimDur = 12.0
318.5833 	DATA 	jitter = 0.0
318.5833 	DATA 	restDur = 30.0

318.5833 	DATA 	
318.5833 	DATA 	TR 205 | TR1 103 | TR2 102
318.5833 	DATA 	
318.5833 	DATA 	stimulation started
318.5833 	DATA 	
320.1490 	DATA 	Keypress: 5
320.1491 	DATA 	TR 206 | TR1 103 | TR2 103
321.7154 	DATA 	Keypress: 5
321.7155 	DATA 	TR 207 | TR1 104 | TR2 103
323.2654 	DATA 	Keypress: 5
323.2655 	DATA 	TR 208 | TR1 104 | TR2 104
324.8318 	DATA 	Keypress: 5
324.8319 	DATA 	TR 209 | TR1 105 | TR2 104
326.3816 	DATA 	Keypress: 5
326.3818 	DATA 	TR 210 | TR1 105 | TR2 105
327.9649 	DATA 	Keypress: 5
327.9649 	DATA 	TR 211 | TR1 106 | TR2 105
329.5148 	DATA 	Keypress: 5
329.5149 	DATA 	TR 212 | TR1 106 | TR2 106
330.5979 	DATA 	
330.5979 	DATA 	stimulation stopped
330.5979 	DATA 	
331.0812 	DATA 	Keypress: 5
331.0812 	DATA 	TR 213 | TR1 107 | TR2 106
332.6311 	DATA 	Keypress: 5
332.6311 	DATA 	TR 214 | TR1 107 | TR2 107
334.2142 	DATA 	Keypress: 5
334.2143 	DATA 	TR 215 | TR1 108 | TR2 107
335.7641 	DATA 	Keypress: 5
335.7641 	DATA 	TR 216 | TR1 108 | TR2 108
337.3306 	DATA 	Keypress: 5
337.3307 	DATA 	TR 217 | TR1 109 | TR2 108
338.8805 	DATA 	Keypress: 5
338.8806 	DATA 	TR 218 | TR1 109 | TR2 109
340.4470 	DATA 	Keypress: 5
340.4470 	DATA 	TR 219 | TR1 110 | TR2 109
341.9975 	DATA 	Keypress: 5
342.0135 	DATA 	TR 220 | TR1 110 | TR2 110
343.5800 	DATA 	Keypress: 5
343.5801 	DATA 	TR 221 | TR1 111 | TR2 110
345.1299 	DATA 	Keypress: 5
345.1300 	DATA 	TR 222 | TR1 111 | TR2 111
346.6964 	DATA 	Keypress: 5
346.6965 	DATA 	TR 223 | TR1 112 | TR2 111
348.2463 	DATA 	Keypress: 5
348.2463 	DATA 	TR 224 | TR1 112 | TR2 112
349.8295 	DATA 	Keypress: 5
349.8295 	DATA 	TR 225 | TR1 113 | TR2 112
351.3793 	DATA 	Keypress: 5
351.3794 	DATA 	TR 226 | TR1 113 | TR2 113
352.9458 	DATA 	Keypress: 5
352.9459 	DATA 	TR 227 | TR1 114 | TR2 113
354.4957 	DATA 	Keypress: 5
354.4958 	DATA 	TR 228 | TR1 114 | TR2 114
356.0630 	DATA 	Keypress: 5
356.0788 	DATA 	TR 229 | TR1 115 | TR2 114
357.6288 	DATA 	Keypress: 5
357.6288 	DATA 	TR 230 | TR1 115 | TR2 115
359.1953 	DATA 	Keypress: 5
359.1953 	DATA 	TR 231 | TR1 116 | TR2 115
360.5951 	DATA 	
360.5951 	DATA 	Trial complete
360.5951 	DATA 	Waiting for VASO trigger to start next trial
360.5951 	DATA 	
360.7452 	DATA 	Keypress: 5
360.7452 	DATA 	TR 232 | TR1 116 | TR2 116
362.3116 	DATA 	Keypress: 5
362.3117 	DATA 	Waited 1.7165658473968506 seconds for trigger
362.3125 	DATA 	
362.3125 	DATA 	Trial 9
362.3125 	DATA 	stimDur = 2.0
362.3125 	DATA 	jitter = 1.5705
362.3125 	DATA 	restDur = 22.0

362.3125 	DATA 	
362.3125 	DATA 	TR 233 | TR1 117 | TR2 116
363.8615 	DATA 	Keypress: 5
363.8616 	DATA 	TR 234 | TR1 117 | TR2 117
363.8950 	DATA 	
363.8950 	DATA 	stimulation started
363.8950 	DATA 	
365.4448 	DATA 	Keypress: 5
365.4448 	DATA 	TR 235 | TR1 118 | TR2 117
365.8947 	DATA 	
365.8947 	DATA 	stimulation stopped
365.8947 	DATA 	
366.9946 	DATA 	Keypress: 5
366.9946 	DATA 	TR 236 | TR1 118 | TR2 118
367.1612 	DATA 	Target presented
367.6445 	DATA 	Keypress: 1
367.6446 	DATA 	Key1 pressed
367.6446 	DATA 	Target detected
368.5611 	DATA 	Keypress: 5
368.5611 	DATA 	TR 237 | TR1 119 | TR2 118
370.1110 	DATA 	Keypress: 5
370.1110 	DATA 	TR 238 | TR1 119 | TR2 119
371.6941 	DATA 	Keypress: 5
371.6942 	DATA 	TR 239 | TR1 120 | TR2 119
373.2440 	DATA 	Keypress: 5
373.2441 	DATA 	TR 240 | TR1 120 | TR2 120
374.8105 	DATA 	Keypress: 5
374.8106 	DATA 	TR 241 | TR1 121 | TR2 120
376.3604 	DATA 	Keypress: 5
376.3605 	DATA 	TR 242 | TR1 121 | TR2 121
377.9269 	DATA 	Keypress: 5
377.9269 	DATA 	TR 243 | TR1 122 | TR2 121
379.4935 	DATA 	Keypress: 5
379.4935 	DATA 	TR 244 | TR1 122 | TR2 122
381.0599 	DATA 	Keypress: 5
381.0600 	DATA 	TR 245 | TR1 123 | TR2 122
382.6100 	DATA 	Keypress: 5
382.6100 	DATA 	TR 246 | TR1 123 | TR2 123
384.1763 	DATA 	Keypress: 5
384.1764 	DATA 	TR 247 | TR1 124 | TR2 123
385.7262 	DATA 	Keypress: 5
385.7262 	DATA 	TR 248 | TR1 124 | TR2 124
387.3095 	DATA 	Keypress: 5
387.3096 	DATA 	TR 249 | TR1 125 | TR2 124
387.8926 	DATA 	
387.8926 	DATA 	Trial complete
387.8927 	DATA 	Waiting for VASO trigger to start next trial
387.8927 	DATA 	
388.8592 	DATA 	Keypress: 5
388.8593 	DATA 	TR 250 | TR1 125 | TR2 125
390.4257 	DATA 	Keypress: 5
390.4258 	DATA 	Waited 2.533133029937744 seconds for trigger
390.4266 	DATA 	
390.4266 	DATA 	Trial 10
390.4266 	DATA 	stimDur = 4.0
390.4266 	DATA 	jitter = 0.0
390.4266 	DATA 	restDur = 24.0

390.4266 	DATA 	
390.4266 	DATA 	TR 251 | TR1 126 | TR2 125
390.4266 	DATA 	
390.4266 	DATA 	stimulation started
390.4266 	DATA 	
391.9757 	DATA 	Keypress: 5
391.9757 	DATA 	TR 252 | TR1 126 | TR2 126
393.5422 	DATA 	Keypress: 5
393.5422 	DATA 	TR 253 | TR1 127 | TR2 126
394.4422 	DATA 	
394.4422 	DATA 	stimulation stopped
394.4422 	DATA 	
395.1087 	DATA 	Keypress: 5
395.1087 	DATA 	TR 254 | TR1 127 | TR2 127
396.6752 	DATA 	Keypress: 5
396.6752 	DATA 	TR 255 | TR1 128 | TR2 127
398.2250 	DATA 	Keypress: 5
398.2251 	DATA 	TR 256 | TR1 128 | TR2 128
399.7916 	DATA 	Keypress: 5
399.7916 	DATA 	TR 257 | TR1 129 | TR2 128
401.3414 	DATA 	Keypress: 5
401.3415 	DATA 	TR 258 | TR1 129 | TR2 129
402.9246 	DATA 	Keypress: 5
402.9247 	DATA 	TR 259 | TR1 130 | TR2 129
404.4745 	DATA 	Keypress: 5
404.4746 	DATA 	TR 260 | TR1 130 | TR2 130
406.0410 	DATA 	Keypress: 5
406.0410 	DATA 	TR 261 | TR1 131 | TR2 130
407.5909 	DATA 	Keypress: 5
407.5909 	DATA 	TR 262 | TR1 131 | TR2 131
409.1742 	DATA 	Keypress: 5
409.1742 	DATA 	TR 263 | TR1 132 | TR2 131
410.7239 	DATA 	Keypress: 5
410.7240 	DATA 	TR 264 | TR1 132 | TR2 132
412.0571 	DATA 	Target presented
412.2904 	DATA 	Keypress: 5
412.2905 	DATA 	TR 265 | TR1 133 | TR2 132
412.7070 	DATA 	Keypress: 1
412.7071 	DATA 	Key1 pressed
412.7071 	DATA 	Target detected
413.8403 	DATA 	Keypress: 5
413.8403 	DATA 	TR 266 | TR1 133 | TR2 133
415.4068 	DATA 	Keypress: 5
415.4068 	DATA 	TR 267 | TR1 134 | TR2 133
416.9573 	DATA 	Keypress: 5
416.9733 	DATA 	TR 268 | TR1 134 | TR2 134
418.4398 	DATA 	
418.4398 	DATA 	Trial complete
418.4398 	DATA 	Waiting for VASO trigger to start next trial
418.4398 	DATA 	
418.5398 	DATA 	Keypress: 5
418.5399 	DATA 	Waited 0.10003900527954102 seconds for trigger
418.5407 	DATA 	
418.5407 	DATA 	Trial 11
418.5407 	DATA 	stimDur = 12.0
418.5407 	DATA 	jitter = 0.78525
418.5407 	DATA 	restDur = 30.0

418.5407 	DATA 	
418.5407 	DATA 	TR 269 | TR1 135 | TR2 134
419.3397 	DATA 	
419.3397 	DATA 	stimulation started
419.3397 	DATA 	
420.0898 	DATA 	Keypress: 5
420.0898 	DATA 	TR 270 | TR1 135 | TR2 135
421.6563 	DATA 	Keypress: 5
421.6563 	DATA 	TR 271 | TR1 136 | TR2 135
423.2062 	DATA 	Keypress: 5
423.2062 	DATA 	TR 272 | TR1 136 | TR2 136
424.7893 	DATA 	Keypress: 5
424.7894 	DATA 	TR 273 | TR1 137 | TR2 136
426.3392 	DATA 	Keypress: 5
426.3393 	DATA 	TR 274 | TR1 137 | TR2 137
427.9057 	DATA 	Keypress: 5
427.9057 	DATA 	TR 275 | TR1 138 | TR2 137
429.4556 	DATA 	Keypress: 5
429.4556 	DATA 	TR 276 | TR1 138 | TR2 138
431.0228 	DATA 	Keypress: 5
431.0387 	DATA 	TR 277 | TR1 139 | TR2 138
431.3387 	DATA 	
431.3387 	DATA 	stimulation stopped
431.3387 	DATA 	
432.5886 	DATA 	Keypress: 5
432.5886 	DATA 	TR 278 | TR1 139 | TR2 139
434.1550 	DATA 	Keypress: 5
434.1551 	DATA 	TR 279 | TR1 140 | TR2 139
435.7049 	DATA 	Keypress: 5
435.7050 	DATA 	TR 280 | TR1 140 | TR2 140
437.2714 	DATA 	Keypress: 5
437.2715 	DATA 	TR 281 | TR1 141 | TR2 140
438.8214 	DATA 	Keypress: 5
438.8214 	DATA 	TR 282 | TR1 141 | TR2 141
440.4045 	DATA 	Keypress: 5
440.4046 	DATA 	TR 283 | TR1 142 | TR2 141
441.9544 	DATA 	Keypress: 5
441.9544 	DATA 	TR 284 | TR1 142 | TR2 142
443.5211 	DATA 	Keypress: 5
443.5212 	DATA 	TR 285 | TR1 143 | TR2 142
445.0708 	DATA 	Keypress: 5
445.0708 	DATA 	TR 286 | TR1 143 | TR2 143
446.6540 	DATA 	Keypress: 5
446.6540 	DATA 	TR 287 | TR1 144 | TR2 143
448.2038 	DATA 	Keypress: 5
448.2039 	DATA 	TR 288 | TR1 144 | TR2 144
449.7703 	DATA 	Keypress: 5
449.7703 	DATA 	TR 289 | TR1 145 | TR2 144
451.3202 	DATA 	Keypress: 5
451.3202 	DATA 	TR 290 | TR1 145 | TR2 145
452.8867 	DATA 	Keypress: 5
452.8867 	DATA 	TR 291 | TR1 146 | TR2 145
454.4532 	DATA 	Keypress: 5
454.4533 	DATA 	TR 292 | TR1 146 | TR2 146
456.0198 	DATA 	Keypress: 5
456.0198 	DATA 	TR 293 | TR1 147 | TR2 146
457.5696 	DATA 	Keypress: 5
457.5697 	DATA 	TR 294 | TR1 147 | TR2 147
459.1361 	DATA 	Keypress: 5
459.1362 	DATA 	TR 295 | TR1 148 | TR2 147
460.6860 	DATA 	Keypress: 5
460.6861 	DATA 	TR 296 | TR1 148 | TR2 148
461.3359 	DATA 	
461.3359 	DATA 	Trial complete
461.3359 	DATA 	Waiting for VASO trigger to start next trial
461.3359 	DATA 	
462.2691 	DATA 	Keypress: 5
462.2692 	DATA 	Waited 0.9332818984985352 seconds for trigger
462.2700 	DATA 	
462.2700 	DATA 	Trial 12
462.2700 	DATA 	stimDur = 4.0
462.2700 	DATA 	jitter = 0.78525
462.2700 	DATA 	restDur = 24.0

462.2700 	DATA 	
462.2700 	DATA 	TR 297 | TR1 149 | TR2 148
463.0691 	DATA 	
463.0691 	DATA 	stimulation started
463.0691 	DATA 	
463.8191 	DATA 	Keypress: 5
463.8192 	DATA 	TR 298 | TR1 149 | TR2 149
465.3856 	DATA 	Keypress: 5
465.3856 	DATA 	TR 299 | TR1 150 | TR2 149
466.9356 	DATA 	Keypress: 5
466.9357 	DATA 	TR 300 | TR1 150 | TR2 150
467.0687 	DATA 	
467.0687 	DATA 	stimulation stopped
467.0687 	DATA 	
468.5186 	DATA 	Keypress: 5
468.5186 	DATA 	TR 301 | TR1 151 | TR2 150
470.0685 	DATA 	Keypress: 5
470.0685 	DATA 	TR 302 | TR1 151 | TR2 151
471.6350 	DATA 	Keypress: 5
471.6350 	DATA 	TR 303 | TR1 152 | TR2 151
473.1848 	DATA 	Keypress: 5
473.1849 	DATA 	TR 304 | TR1 152 | TR2 152
474.7513 	DATA 	Keypress: 5
474.7514 	DATA 	TR 305 | TR1 153 | TR2 152
476.3018 	DATA 	Keypress: 5
476.3179 	DATA 	TR 306 | TR1 153 | TR2 153
477.8844 	DATA 	Keypress: 5
477.8845 	DATA 	TR 307 | TR1 154 | TR2 153
478.3177 	DATA 	Target presented
478.9510 	DATA 	Keypress: 1
478.9511 	DATA 	Key1 pressed
478.9511 	DATA 	Target detected
479.4342 	DATA 	Keypress: 5
479.4343 	DATA 	TR 308 | TR1 154 | TR2 154
481.0009 	DATA 	Keypress: 5
481.0010 	DATA 	TR 309 | TR1 155 | TR2 154
482.5507 	DATA 	Keypress: 5
482.5507 	DATA 	TR 310 | TR1 155 | TR2 155
484.1338 	DATA 	Keypress: 5
484.1339 	DATA 	TR 311 | TR1 156 | TR2 155
485.6837 	DATA 	Keypress: 5
485.6838 	DATA 	TR 312 | TR1 156 | TR2 156
487.2502 	DATA 	Keypress: 5
487.2503 	DATA 	TR 313 | TR1 157 | TR2 156
488.8001 	DATA 	Keypress: 5
488.8002 	DATA 	TR 314 | TR1 157 | TR2 157
490.3666 	DATA 	Keypress: 5
490.3667 	DATA 	TR 315 | TR1 158 | TR2 157
491.0665 	DATA 	
491.0665 	DATA 	Trial complete
491.0665 	DATA 	Waiting for VASO trigger to start next trial
491.0665 	DATA 	
491.9331 	DATA 	Keypress: 5
491.9332 	DATA 	TR 316 | TR1 158 | TR2 158
493.4996 	DATA 	Keypress: 5
493.4997 	DATA 	Waited 2.433152914047241 seconds for trigger
493.5005 	DATA 	
493.5005 	DATA 	Trial 13
493.5005 	DATA 	stimDur = 2.0
493.5005 	DATA 	jitter = 2.35575
493.5005 	DATA 	restDur = 22.0

493.5005 	DATA 	
493.5005 	DATA 	TR 317 | TR1 159 | TR2 158
495.0495 	DATA 	Keypress: 5
495.0496 	DATA 	TR 318 | TR1 159 | TR2 159
495.8661 	DATA 	
495.8661 	DATA 	stimulation started
495.8661 	DATA 	
496.6161 	DATA 	Keypress: 5
496.6161 	DATA 	TR 319 | TR1 160 | TR2 159
497.8661 	DATA 	
497.8661 	DATA 	stimulation stopped
497.8661 	DATA 	
498.1660 	DATA 	Keypress: 5
498.1660 	DATA 	TR 320 | TR1 160 | TR2 160
499.7490 	DATA 	Keypress: 5
499.7490 	DATA 	TR 321 | TR1 161 | TR2 160
501.2990 	DATA 	Keypress: 5
501.2990 	DATA 	TR 322 | TR1 161 | TR2 161
502.8654 	DATA 	Keypress: 5
502.8655 	DATA 	TR 323 | TR1 162 | TR2 161
504.4153 	DATA 	Keypress: 5
504.4154 	DATA 	TR 324 | TR1 162 | TR2 162
505.9985 	DATA 	Keypress: 5
505.9985 	DATA 	TR 325 | TR1 163 | TR2 162
507.5484 	DATA 	Keypress: 5
507.5484 	DATA 	TR 326 | TR1 163 | TR2 163
509.1149 	DATA 	Keypress: 5
509.1149 	DATA 	TR 327 | TR1 164 | TR2 163
510.6648 	DATA 	Keypress: 5
510.6648 	DATA 	TR 328 | TR1 164 | TR2 164
512.2314 	DATA 	Keypress: 5
512.2314 	DATA 	TR 329 | TR1 165 | TR2 164
513.7978 	DATA 	Keypress: 5
513.7979 	DATA 	TR 330 | TR1 165 | TR2 165
515.3643 	DATA 	Keypress: 5
515.3643 	DATA 	TR 331 | TR1 166 | TR2 165
516.9142 	DATA 	Keypress: 5
516.9142 	DATA 	TR 332 | TR1 166 | TR2 166
518.4807 	DATA 	Keypress: 5
518.4807 	DATA 	TR 333 | TR1 167 | TR2 166
519.8638 	DATA 	
519.8639 	DATA 	Trial complete
519.8639 	DATA 	Waiting for VASO trigger to start next trial
519.8639 	DATA 	
520.0306 	DATA 	Keypress: 5
520.0306 	DATA 	TR 334 | TR1 167 | TR2 167
521.6137 	DATA 	Keypress: 5
521.6138 	DATA 	Waited 1.7499120235443115 seconds for trigger
521.6146 	DATA 	
521.6146 	DATA 	Trial 14
521.6146 	DATA 	stimDur = 1.0
521.6146 	DATA 	jitter = 1.5705
521.6146 	DATA 	restDur = 20.0

521.6146 	DATA 	
521.6146 	DATA 	TR 335 | TR1 168 | TR2 167
523.1636 	DATA 	Keypress: 5
523.1637 	DATA 	TR 336 | TR1 168 | TR2 168
523.1970 	DATA 	
523.1970 	DATA 	stimulation started
523.1970 	DATA 	
524.1968 	DATA 	
524.1969 	DATA 	stimulation stopped
524.1969 	DATA 	
524.7301 	DATA 	Keypress: 5
524.7302 	DATA 	TR 337 | TR1 169 | TR2 168
526.2800 	DATA 	Keypress: 5
526.2800 	DATA 	TR 338 | TR1 169 | TR2 169
527.8471 	DATA 	Keypress: 5
527.8631 	DATA 	TR 339 | TR1 170 | TR2 169
529.4130 	DATA 	Keypress: 5
529.4131 	DATA 	TR 340 | TR1 170 | TR2 170
530.9795 	DATA 	Keypress: 5
530.9796 	DATA 	TR 341 | TR1 171 | TR2 170
531.5128 	DATA 	Target presented
532.0296 	DATA 	Keypress: 1
532.0297 	DATA 	Key1 pressed
532.0297 	DATA 	Target detected
532.5294 	DATA 	Keypress: 5
532.5294 	DATA 	TR 342 | TR1 171 | TR2 171
534.0959 	DATA 	Keypress: 5
534.0960 	DATA 	TR 343 | TR1 172 | TR2 171
535.6458 	DATA 	Keypress: 5
535.6459 	DATA 	TR 344 | TR1 172 | TR2 172
537.2290 	DATA 	Keypress: 5
537.2291 	DATA 	TR 345 | TR1 173 | TR2 172
538.7788 	DATA 	Keypress: 5
538.7789 	DATA 	TR 346 | TR1 173 | TR2 173
540.3453 	DATA 	Keypress: 5
540.3454 	DATA 	TR 347 | TR1 174 | TR2 173
541.8954 	DATA 	Keypress: 5
541.8954 	DATA 	TR 348 | TR1 174 | TR2 174
543.4785 	DATA 	Keypress: 5
543.4785 	DATA 	TR 349 | TR1 175 | TR2 174
544.1950 	DATA 	
544.1950 	DATA 	Trial complete
544.1950 	DATA 	Waiting for VASO trigger to start next trial
544.1950 	DATA 	
545.0283 	DATA 	Keypress: 5
545.0283 	DATA 	TR 350 | TR1 175 | TR2 175
546.5948 	DATA 	Keypress: 5
546.5948 	DATA 	Waited 2.3998401165008545 seconds for trigger
546.5957 	DATA 	
546.5957 	DATA 	Trial 15
546.5957 	DATA 	stimDur = 24.0
546.5957 	DATA 	jitter = 0.0
546.5957 	DATA 	restDur = 40.0

546.5957 	DATA 	
546.5957 	DATA 	TR 351 | TR1 176 | TR2 175
546.5957 	DATA 	
546.5957 	DATA 	stimulation started
546.5957 	DATA 	
548.1447 	DATA 	Keypress: 5
548.1447 	DATA 	TR 352 | TR1 176 | TR2 176
549.7112 	DATA 	Keypress: 5
549.7113 	DATA 	TR 353 | TR1 177 | TR2 176
551.2618 	DATA 	Keypress: 5
551.2777 	DATA 	TR 354 | TR1 177 | TR2 177
552.8443 	DATA 	Keypress: 5
552.8443 	DATA 	TR 355 | TR1 178 | TR2 177
554.3941 	DATA 	Keypress: 5
554.3942 	DATA 	TR 356 | TR1 178 | TR2 178
555.9607 	DATA 	Keypress: 5
555.9608 	DATA 	TR 357 | TR1 179 | TR2 178
557.5105 	DATA 	Keypress: 5
557.5106 	DATA 	TR 358 | TR1 179 | TR2 179
559.0937 	DATA 	Keypress: 5
559.0938 	DATA 	TR 359 | TR1 180 | TR2 179
560.6435 	DATA 	Keypress: 5
560.6436 	DATA 	TR 360 | TR1 180 | TR2 180
562.2101 	DATA 	Keypress: 5
562.2102 	DATA 	TR 361 | TR1 181 | TR2 180
563.7599 	DATA 	Keypress: 5
563.7600 	DATA 	TR 362 | TR1 181 | TR2 181
565.3431 	DATA 	Keypress: 5
565.3432 	DATA 	TR 363 | TR1 182 | TR2 181
566.8930 	DATA 	Keypress: 5
566.8930 	DATA 	TR 364 | TR1 182 | TR2 182
568.4595 	DATA 	Keypress: 5
568.4596 	DATA 	TR 365 | TR1 183 | TR2 182
570.0094 	DATA 	Keypress: 5
570.0094 	DATA 	TR 366 | TR1 183 | TR2 183
570.6093 	DATA 	
570.6093 	DATA 	stimulation stopped
570.6093 	DATA 	
571.5759 	DATA 	Keypress: 5
571.5759 	DATA 	TR 367 | TR1 184 | TR2 183
573.1257 	DATA 	Keypress: 5
573.1257 	DATA 	TR 368 | TR1 184 | TR2 184
574.7089 	DATA 	Keypress: 5
574.7090 	DATA 	TR 369 | TR1 185 | TR2 184
576.2588 	DATA 	Keypress: 5
576.2589 	DATA 	TR 370 | TR1 185 | TR2 185
577.8253 	DATA 	Keypress: 5
577.8253 	DATA 	TR 371 | TR1 186 | TR2 185
579.3751 	DATA 	Keypress: 5
579.3751 	DATA 	TR 372 | TR1 186 | TR2 186
580.9583 	DATA 	Keypress: 5
580.9584 	DATA 	TR 373 | TR1 187 | TR2 186
582.5081 	DATA 	Keypress: 5
582.5082 	DATA 	TR 374 | TR1 187 | TR2 187
584.0747 	DATA 	Keypress: 5
584.0747 	DATA 	TR 375 | TR1 188 | TR2 187
585.6245 	DATA 	Keypress: 5
585.6246 	DATA 	TR 376 | TR1 188 | TR2 188
587.1917 	DATA 	Keypress: 5
587.2077 	DATA 	TR 377 | TR1 189 | TR2 188
588.7576 	DATA 	Keypress: 5
588.7576 	DATA 	TR 378 | TR1 189 | TR2 189
590.3241 	DATA 	Keypress: 5
590.3242 	DATA 	TR 379 | TR1 190 | TR2 189
591.8741 	DATA 	Keypress: 5
591.8741 	DATA 	TR 380 | TR1 190 | TR2 190
593.4405 	DATA 	Keypress: 5
593.4406 	DATA 	TR 381 | TR1 191 | TR2 190
594.9905 	DATA 	Keypress: 5
594.9905 	DATA 	TR 382 | TR1 191 | TR2 191
596.5736 	DATA 	Keypress: 5
596.5736 	DATA 	TR 383 | TR1 192 | TR2 191
598.1234 	DATA 	Keypress: 5
598.1234 	DATA 	TR 384 | TR1 192 | TR2 192
599.6901 	DATA 	Keypress: 5
599.6901 	DATA 	TR 385 | TR1 193 | TR2 192
601.2398 	DATA 	Keypress: 5
601.2398 	DATA 	TR 386 | TR1 193 | TR2 193
602.8069 	DATA 	Keypress: 5
602.8229 	DATA 	TR 387 | TR1 194 | TR2 193
604.3728 	DATA 	Keypress: 5
604.3729 	DATA 	TR 388 | TR1 194 | TR2 194
604.8061 	DATA 	Target presented
605.3394 	DATA 	Keypress: 1
605.3394 	DATA 	Key1 pressed
605.3395 	DATA 	Target detected
605.9396 	DATA 	Keypress: 5
605.9396 	DATA 	TR 389 | TR1 195 | TR2 194
607.4892 	DATA 	Keypress: 5
607.4892 	DATA 	TR 390 | TR1 195 | TR2 195
609.0558 	DATA 	Keypress: 5
609.0558 	DATA 	TR 391 | TR1 196 | TR2 195
610.6056 	DATA 	
610.6056 	DATA 	Trial complete
610.6056 	DATA 	Waiting for VASO trigger to start next trial
610.6056 	DATA 	
610.6062 	DATA 	Keypress: 5
610.6222 	DATA 	TR 392 | TR1 196 | TR2 196
612.1888 	DATA 	Keypress: 5
612.1889 	DATA 	Waited 1.5832641124725342 seconds for trigger
612.1896 	DATA 	
612.1896 	DATA 	Trial 16
612.1896 	DATA 	stimDur = 1.0
612.1896 	DATA 	jitter = 2.35575
612.1896 	DATA 	restDur = 20.0

612.1897 	DATA 	
612.1897 	DATA 	TR 393 | TR1 197 | TR2 196
613.7386 	DATA 	Keypress: 5
613.7387 	DATA 	TR 394 | TR1 197 | TR2 197
614.5552 	DATA 	
614.5552 	DATA 	stimulation started
614.5552 	DATA 	
615.3052 	DATA 	Keypress: 5
615.3053 	DATA 	TR 395 | TR1 198 | TR2 197
615.5552 	DATA 	
615.5552 	DATA 	stimulation stopped
615.5552 	DATA 	
616.8550 	DATA 	Keypress: 5
616.8551 	DATA 	TR 396 | TR1 198 | TR2 198
618.4384 	DATA 	Keypress: 5
618.4384 	DATA 	TR 397 | TR1 199 | TR2 198
619.9880 	DATA 	Keypress: 5
619.9881 	DATA 	TR 398 | TR1 199 | TR2 199
621.5546 	DATA 	Keypress: 5
621.5547 	DATA 	TR 399 | TR1 200 | TR2 199
623.1044 	DATA 	Keypress: 5
623.1045 	DATA 	TR 400 | TR1 200 | TR2 200
624.6711 	DATA 	Keypress: 5
624.6712 	DATA 	TR 401 | TR1 201 | TR2 200
626.2375 	DATA 	Keypress: 5
626.2375 	DATA 	TR 402 | TR1 201 | TR2 201
627.8040 	DATA 	Keypress: 5
627.8041 	DATA 	TR 403 | TR1 202 | TR2 201
629.3540 	DATA 	Keypress: 5
629.3540 	DATA 	TR 404 | TR1 202 | TR2 202
630.9204 	DATA 	Keypress: 5
630.9205 	DATA 	TR 405 | TR1 203 | TR2 202
632.4704 	DATA 	Keypress: 5
632.4705 	DATA 	TR 406 | TR1 203 | TR2 203
634.0535 	DATA 	Keypress: 5
634.0535 	DATA 	TR 407 | TR1 204 | TR2 203
635.5533 	DATA 	
635.5533 	DATA 	Trial complete
635.5533 	DATA 	Waiting for VASO trigger to start next trial
635.5533 	DATA 	
635.6033 	DATA 	Keypress: 5
635.6033 	DATA 	TR 408 | TR1 204 | TR2 204
637.1698 	DATA 	Keypress: 5
637.1699 	DATA 	Waited 1.6165950298309326 seconds for trigger
637.1707 	DATA 	
637.1707 	DATA 	Trial 17
637.1707 	DATA 	stimDur = 2.0
637.1707 	DATA 	jitter = 0.0
637.1707 	DATA 	restDur = 22.0

637.1707 	DATA 	
637.1707 	DATA 	TR 409 | TR1 205 | TR2 204
637.1707 	DATA 	
637.1707 	DATA 	stimulation started
637.1707 	DATA 	
638.7197 	DATA 	Keypress: 5
638.7198 	DATA 	TR 410 | TR1 205 | TR2 205
639.1863 	DATA 	
639.1863 	DATA 	stimulation stopped
639.1863 	DATA 	
640.3029 	DATA 	Keypress: 5
640.3029 	DATA 	TR 411 | TR1 206 | TR2 205
641.8528 	DATA 	Keypress: 5
641.8528 	DATA 	TR 412 | TR1 206 | TR2 206
643.4193 	DATA 	Keypress: 5
643.4193 	DATA 	TR 413 | TR1 207 | TR2 206
644.9691 	DATA 	Keypress: 5
644.9692 	DATA 	TR 414 | TR1 207 | TR2 207
646.5357 	DATA 	Keypress: 5
646.5357 	DATA 	TR 415 | TR1 208 | TR2 207
648.0857 	DATA 	Keypress: 5
648.0857 	DATA 	TR 416 | TR1 208 | TR2 208
649.6687 	DATA 	Keypress: 5
649.6688 	DATA 	TR 417 | TR1 209 | TR2 208
651.2185 	DATA 	Keypress: 5
651.2186 	DATA 	TR 418 | TR1 209 | TR2 209
652.7851 	DATA 	Keypress: 5
652.7852 	DATA 	TR 419 | TR1 210 | TR2 209
654.3349 	DATA 	Keypress: 5
654.3350 	DATA 	TR 420 | TR1 210 | TR2 210
655.9182 	DATA 	Keypress: 5
655.9182 	DATA 	TR 421 | TR1 211 | TR2 210
657.4680 	DATA 	Keypress: 5
657.4680 	DATA 	TR 422 | TR1 211 | TR2 211
659.0345 	DATA 	Keypress: 5
659.0346 	DATA 	TR 423 | TR1 212 | TR2 211
660.5843 	DATA 	Keypress: 5
660.5844 	DATA 	TR 424 | TR1 212 | TR2 212
661.1843 	DATA 	
661.1843 	DATA 	Trial complete
661.1843 	DATA 	Waiting for VASO trigger to start next trial
661.1843 	DATA 	
662.1513 	DATA 	Keypress: 5
662.1675 	DATA 	Waited 0.98319411277771 seconds for trigger
662.1683 	DATA 	
662.1683 	DATA 	Trial 18
662.1683 	DATA 	stimDur = 1.0
662.1683 	DATA 	jitter = 0.0
662.1683 	DATA 	restDur = 20.0

662.1683 	DATA 	
662.1683 	DATA 	TR 425 | TR1 213 | TR2 212
662.1683 	DATA 	
662.1683 	DATA 	stimulation started
662.1683 	DATA 	
663.1841 	DATA 	
663.1841 	DATA 	stimulation stopped
663.1842 	DATA 	
663.7174 	DATA 	Keypress: 5
663.7174 	DATA 	TR 426 | TR1 213 | TR2 213
665.2839 	DATA 	Keypress: 5
665.2840 	DATA 	TR 427 | TR1 214 | TR2 213
666.8337 	DATA 	Keypress: 5
666.8338 	DATA 	TR 428 | TR1 214 | TR2 214
668.4003 	DATA 	Keypress: 5
668.4004 	DATA 	TR 429 | TR1 215 | TR2 214
669.9501 	DATA 	Keypress: 5
669.9502 	DATA 	TR 430 | TR1 215 | TR2 215
671.5334 	DATA 	Keypress: 5
671.5334 	DATA 	TR 431 | TR1 216 | TR2 215
673.0832 	DATA 	Keypress: 5
673.0832 	DATA 	TR 432 | TR1 216 | TR2 216
674.6498 	DATA 	Keypress: 5
674.6498 	DATA 	TR 433 | TR1 217 | TR2 216
676.1996 	DATA 	Keypress: 5
676.1996 	DATA 	TR 434 | TR1 217 | TR2 217
677.7828 	DATA 	Keypress: 5
677.7828 	DATA 	TR 435 | TR1 218 | TR2 217
679.3326 	DATA 	Keypress: 5
679.3327 	DATA 	TR 436 | TR1 218 | TR2 218
680.8992 	DATA 	Keypress: 5
680.8992 	DATA 	TR 437 | TR1 219 | TR2 218
680.9492 	DATA 	Target presented
681.6158 	DATA 	Keypress: 1
681.6158 	DATA 	Key1 pressed
681.6158 	DATA 	Target detected
682.4490 	DATA 	Keypress: 5
682.4490 	DATA 	TR 438 | TR1 219 | TR2 219
683.1824 	DATA 	
683.1824 	DATA 	Trial complete
683.1824 	DATA 	Waiting for VASO trigger to start next trial
683.1824 	DATA 	
684.0155 	DATA 	Keypress: 5
684.0156 	DATA 	Waited 0.8331828117370605 seconds for trigger
684.0164 	DATA 	
684.0164 	DATA 	Trial 19
684.0164 	DATA 	stimDur = 24.0
684.0164 	DATA 	jitter = 2.35575
684.0164 	DATA 	restDur = 40.0

684.0164 	DATA 	
684.0164 	DATA 	TR 439 | TR1 220 | TR2 219
685.5820 	DATA 	Keypress: 5
685.5821 	DATA 	TR 440 | TR1 220 | TR2 220
686.3819 	DATA 	
686.3820 	DATA 	stimulation started
686.3820 	DATA 	
687.1487 	DATA 	Keypress: 5
687.1488 	DATA 	TR 441 | TR1 221 | TR2 220
688.6985 	DATA 	Keypress: 5
688.6985 	DATA 	TR 442 | TR1 221 | TR2 221
690.2651 	DATA 	Keypress: 5
690.2651 	DATA 	TR 443 | TR1 222 | TR2 221
691.8149 	DATA 	Keypress: 5
691.8149 	DATA 	TR 444 | TR1 222 | TR2 222
693.3981 	DATA 	Keypress: 5
693.3982 	DATA 	TR 445 | TR1 223 | TR2 222
694.9479 	DATA 	Keypress: 5
694.9480 	DATA 	TR 446 | TR1 223 | TR2 223
696.5146 	DATA 	Keypress: 5
696.5146 	DATA 	TR 447 | TR1 224 | TR2 223
698.0643 	DATA 	Keypress: 5
698.0644 	DATA 	TR 448 | TR1 224 | TR2 224
699.6475 	DATA 	Keypress: 5
699.6476 	DATA 	TR 449 | TR1 225 | TR2 224
701.1973 	DATA 	Keypress: 5
701.1974 	DATA 	TR 450 | TR1 225 | TR2 225
702.7639 	DATA 	Keypress: 5
702.7639 	DATA 	TR 451 | TR1 226 | TR2 225
704.3137 	DATA 	Keypress: 5
704.3138 	DATA 	TR 452 | TR1 226 | TR2 226
705.8803 	DATA 	Keypress: 5
705.8804 	DATA 	TR 453 | TR1 227 | TR2 226
707.4302 	DATA 	Keypress: 5
707.4303 	DATA 	TR 454 | TR1 227 | TR2 227
709.0133 	DATA 	Keypress: 5
709.0134 	DATA 	TR 455 | TR1 228 | TR2 227
710.3798 	DATA 	
710.3798 	DATA 	stimulation stopped
710.3798 	DATA 	
710.5631 	DATA 	Keypress: 5
710.5632 	DATA 	TR 456 | TR1 228 | TR2 228
712.1297 	DATA 	Keypress: 5
712.1297 	DATA 	TR 457 | TR1 229 | TR2 228
713.6795 	DATA 	Keypress: 5
713.6795 	DATA 	TR 458 | TR1 229 | TR2 229
715.2627 	DATA 	Keypress: 5
715.2627 	DATA 	TR 459 | TR1 230 | TR2 229
716.8125 	DATA 	Keypress: 5
716.8126 	DATA 	TR 460 | TR1 230 | TR2 230
718.3791 	DATA 	Keypress: 5
718.3791 	DATA 	TR 461 | TR1 231 | TR2 230
719.9288 	DATA 	Keypress: 5
719.9289 	DATA 	TR 462 | TR1 231 | TR2 231
721.4955 	DATA 	Keypress: 5
721.4955 	DATA 	TR 463 | TR1 232 | TR2 231
723.0620 	DATA 	Keypress: 5
723.0620 	DATA 	TR 464 | TR1 232 | TR2 232
723.3786 	DATA 	Target presented
723.8952 	DATA 	Keypress: 1
723.8953 	DATA 	Key1 pressed
723.8953 	DATA 	Target detected
724.6285 	DATA 	Keypress: 5
724.6285 	DATA 	TR 465 | TR1 233 | TR2 232
726.1784 	DATA 	Keypress: 5
726.1784 	DATA 	TR 466 | TR1 233 | TR2 233
727.7450 	DATA 	Keypress: 5
727.7450 	DATA 	TR 467 | TR1 234 | TR2 233
729.2947 	DATA 	Keypress: 5
729.2948 	DATA 	TR 468 | TR1 234 | TR2 234
730.8780 	DATA 	Keypress: 5
730.8781 	DATA 	TR 469 | TR1 235 | TR2 234
732.4278 	DATA 	Keypress: 5
732.4278 	DATA 	TR 470 | TR1 235 | TR2 235
733.9943 	DATA 	Keypress: 5
733.9943 	DATA 	TR 471 | TR1 236 | TR2 235
735.5442 	DATA 	Keypress: 5
735.5442 	DATA 	TR 472 | TR1 236 | TR2 236
737.1273 	DATA 	Keypress: 5
737.1274 	DATA 	TR 473 | TR1 237 | TR2 236
738.6772 	DATA 	Keypress: 5
738.6773 	DATA 	TR 474 | TR1 237 | TR2 237
740.2437 	DATA 	Keypress: 5
740.2437 	DATA 	TR 475 | TR1 238 | TR2 237
741.7936 	DATA 	Keypress: 5
741.7937 	DATA 	TR 476 | TR1 238 | TR2 238
743.3601 	DATA 	Keypress: 5
743.3602 	DATA 	TR 477 | TR1 239 | TR2 238
744.9106 	DATA 	Keypress: 5
744.9266 	DATA 	TR 478 | TR1 239 | TR2 239
746.4931 	DATA 	Keypress: 5
746.4932 	DATA 	TR 479 | TR1 240 | TR2 239
748.0430 	DATA 	Keypress: 5
748.0431 	DATA 	TR 480 | TR1 240 | TR2 240
749.6095 	DATA 	Keypress: 5
749.6096 	DATA 	TR 481 | TR1 241 | TR2 240
750.3761 	DATA 	
750.3761 	DATA 	Trial complete
750.3761 	DATA 	
751.1594 	DATA 	Keypress: 5
751.1595 	DATA 	TR 482 | TR1 241 | TR2 241
752.7426 	DATA 	Keypress: 5
752.7426 	DATA 	Waited 69.56022000312805 seconds for trigger
752.7434 	DATA 	
752.7434 	DATA 	Trial 20
752.7434 	DATA 	stimDur = 12.0
752.7434 	DATA 	jitter = 1.5705
752.7434 	DATA 	restDur = 30.0

752.7434 	DATA 	
752.7434 	DATA 	TR 483 | TR1 242 | TR2 241
754.2925 	DATA 	Keypress: 5
754.2925 	DATA 	TR 484 | TR1 242 | TR2 242
754.3257 	DATA 	
754.3257 	DATA 	stimulation started
754.3257 	DATA 	
755.8590 	DATA 	Keypress: 5
755.8591 	DATA 	TR 485 | TR1 243 | TR2 242
757.4090 	DATA 	Keypress: 5
757.4091 	DATA 	TR 486 | TR1 243 | TR2 243
758.9756 	DATA 	Keypress: 5
758.9756 	DATA 	TR 487 | TR1 244 | TR2 243
760.5420 	DATA 	Keypress: 5
760.5420 	DATA 	TR 488 | TR1 244 | TR2 244
762.1084 	DATA 	Keypress: 5
762.1085 	DATA 	TR 489 | TR1 245 | TR2 244
763.6583 	DATA 	Keypress: 5
763.6584 	DATA 	TR 490 | TR1 245 | TR2 245
765.2250 	DATA 	Keypress: 5
765.2250 	DATA 	TR 491 | TR1 246 | TR2 245
766.3247 	DATA 	
766.3247 	DATA 	stimulation stopped
766.3247 	DATA 	
766.7748 	DATA 	Keypress: 5
766.7748 	DATA 	TR 492 | TR1 246 | TR2 246
768.3578 	DATA 	Keypress: 5
768.3579 	DATA 	TR 493 | TR1 247 | TR2 246
769.9077 	DATA 	Keypress: 5
769.9077 	DATA 	TR 494 | TR1 247 | TR2 247
771.4742 	DATA 	Keypress: 5
771.4742 	DATA 	TR 495 | TR1 248 | TR2 247
773.0242 	DATA 	Keypress: 5
773.0243 	DATA 	TR 496 | TR1 248 | TR2 248
774.6072 	DATA 	Keypress: 5
774.6073 	DATA 	TR 497 | TR1 249 | TR2 248
776.1571 	DATA 	Keypress: 5
776.1572 	DATA 	TR 498 | TR1 249 | TR2 249
777.7236 	DATA 	Keypress: 5
777.7237 	DATA 	TR 499 | TR1 250 | TR2 249
779.2737 	DATA 	Keypress: 5
779.2738 	DATA 	TR 500 | TR1 250 | TR2 250
780.8400 	DATA 	Keypress: 5
780.8401 	DATA 	TR 501 | TR1 251 | TR2 250
782.3900 	DATA 	Keypress: 5
782.3900 	DATA 	TR 502 | TR1 251 | TR2 251
783.9731 	DATA 	Keypress: 5
783.9731 	DATA 	TR 503 | TR1 252 | TR2 251
785.5229 	DATA 	Keypress: 5
785.5230 	DATA 	TR 504 | TR1 252 | TR2 252
787.0894 	DATA 	Keypress: 5
787.0895 	DATA 	TR 505 | TR1 253 | TR2 252
788.6393 	DATA 	Keypress: 5
788.6394 	DATA 	TR 506 | TR1 253 | TR2 253
790.2225 	DATA 	Keypress: 5
790.2225 	DATA 	TR 507 | TR1 254 | TR2 253
791.1224 	DATA 	Target presented
791.6390 	DATA 	Keypress: 1
791.6391 	DATA 	Key1 pressed
791.6391 	DATA 	Target detected
791.7723 	DATA 	Keypress: 5
791.7724 	DATA 	TR 508 | TR1 254 | TR2 254
793.3388 	DATA 	Keypress: 5
793.3389 	DATA 	TR 509 | TR1 255 | TR2 254
794.8888 	DATA 	Keypress: 5
794.8888 	DATA 	TR 510 | TR1 255 | TR2 255
796.3219 	DATA 	
796.3219 	DATA 	Trial complete
796.3219 	DATA 	
796.4558 	DATA 	Keypress: 5
796.4719 	DATA 	TR 511 | TR1 256 | TR2 255
798.0218 	DATA 	Keypress: 5
798.0218 	DATA 	TR 512 | TR1 256 | TR2 256
799.5883 	DATA 	Keypress: 5
799.5884 	DATA 	TR 513 | TR1 257 | TR2 256
801.1383 	DATA 	Keypress: 5
801.1383 	DATA 	TR 514 | TR1 257 | TR2 257
802.7046 	DATA 	Keypress: 5
802.7047 	DATA 	TR 515 | TR1 258 | TR2 257
804.2545 	DATA 	Keypress: 5
804.2546 	DATA 	TR 516 | TR1 258 | TR2 258
805.8377 	DATA 	Keypress: 5
805.8378 	DATA 	TR 517 | TR1 259 | TR2 258
807.3876 	DATA 	Keypress: 5
807.3876 	DATA 	TR 518 | TR1 259 | TR2 259
808.9540 	DATA 	Keypress: 5
808.9540 	DATA 	TR 519 | TR1 260 | TR2 259
810.5040 	DATA 	Keypress: 5
810.5040 	DATA 	TR 520 | TR1 260 | TR2 260
812.0871 	DATA 	Keypress: 5
812.0872 	DATA 	TR 521 | TR1 261 | TR2 260
813.6370 	DATA 	Keypress: 5
813.6371 	DATA 	TR 522 | TR1 261 | TR2 261
815.2035 	DATA 	Keypress: 5
815.2036 	DATA 	TR 523 | TR1 262 | TR2 261
816.7534 	DATA 	Keypress: 5
816.7535 	DATA 	TR 524 | TR1 262 | TR2 262
818.3199 	DATA 	Keypress: 5
818.3200 	DATA 	TR 525 | TR1 263 | TR2 262
819.8864 	DATA 	Keypress: 5
819.8865 	DATA 	TR 526 | TR1 263 | TR2 263
821.4526 	DATA 	Keypress: 5
821.4527 	DATA 	TR 527 | TR1 264 | TR2 263
823.0029 	DATA 	Keypress: 5
823.0029 	DATA 	TR 528 | TR1 264 | TR2 264
824.5693 	DATA 	Keypress: 5
824.5694 	DATA 	TR 529 | TR1 265 | TR2 264
826.1192 	DATA 	Keypress: 5
826.1193 	DATA 	TR 530 | TR1 265 | TR2 265
827.7024 	DATA 	Keypress: 5
827.7024 	DATA 	TR 531 | TR1 266 | TR2 265
829.2523 	DATA 	Keypress: 5
829.2523 	DATA 	TR 532 | TR1 266 | TR2 266
830.8188 	DATA 	Keypress: 5
830.8188 	DATA 	TR 533 | TR1 267 | TR2 266
832.3687 	DATA 	Keypress: 5
832.3687 	DATA 	TR 534 | TR1 267 | TR2 267
833.9518 	DATA 	Keypress: 5
833.9519 	DATA 	TR 535 | TR1 268 | TR2 267
835.5018 	DATA 	Keypress: 5
835.5019 	DATA 	TR 536 | TR1 268 | TR2 268
837.0682 	DATA 	Keypress: 5
837.0683 	DATA 	TR 537 | TR1 269 | TR2 268
838.6181 	DATA 	Keypress: 5
838.6181 	DATA 	TR 538 | TR1 269 | TR2 269
840.1846 	DATA 	Keypress: 5
840.1847 	DATA 	TR 539 | TR1 270 | TR2 269
841.7345 	DATA 	Keypress: 5
841.7345 	DATA 	TR 540 | TR1 270 | TR2 270
843.3176 	DATA 	Keypress: 5
843.3177 	DATA 	TR 541 | TR1 271 | TR2 270
844.8675 	DATA 	Keypress: 5
844.8675 	DATA 	TR 542 | TR1 271 | TR2 271
846.4340 	DATA 	Keypress: 5
846.4341 	DATA 	TR 543 | TR1 272 | TR2 271
847.9839 	DATA 	Keypress: 5
847.9839 	DATA 	TR 544 | TR1 272 | TR2 272
849.5670 	DATA 	Keypress: 5
849.5671 	DATA 	TR 545 | TR1 273 | TR2 272
851.1169 	DATA 	Keypress: 5
851.1170 	DATA 	TR 546 | TR1 273 | TR2 273
852.6834 	DATA 	Keypress: 5
852.6835 	DATA 	TR 547 | TR1 274 | TR2 273
854.2333 	DATA 	Keypress: 5
854.2334 	DATA 	TR 548 | TR1 274 | TR2 274
855.7998 	DATA 	Keypress: 5
855.7999 	DATA 	TR 549 | TR1 275 | TR2 274
857.3664 	DATA 	Keypress: 5
857.3664 	DATA 	TR 550 | TR1 275 | TR2 275
858.9328 	DATA 	Keypress: 5
858.9329 	DATA 	TR 551 | TR1 276 | TR2 275
860.4827 	DATA 	Keypress: 5
860.4828 	DATA 	TR 552 | TR1 276 | TR2 276
862.0492 	DATA 	Keypress: 5
862.0493 	DATA 	TR 553 | TR1 277 | TR2 276
863.5991 	DATA 	Keypress: 5
863.5992 	DATA 	TR 554 | TR1 277 | TR2 277
864.3156 	DATA 	EndOfRun sub-08_ses-03_run-02

864.3157 	DATA 	We spent 93.7514443397522 seconds waiting for triggers
864.3157 	DATA 	RatioOfDetectedTargets 1.0
864.3157 	DATA 	You have detected 12 out of 12 targets.
869.1371 	DATA 	Keypress: 5
869.1373 	DATA 	Keypress: 5
869.3445 	EXP 	window1: mouseVisible = True
