MonitorDistance=99cm
MonitorWidth=30cm
PixelWidth=1024.0
PixelHeight=768.0
You have detected 12 out of 12 targets.
Excellent! Keep up the good work
7.1778 	INFO 	Loaded monitor calibration from ['2021_05_26 17:55']
7.6508 	EXP 	Created window1 = Window(allowGUI=False, allowStencil=False, autoLog=True, backendConf=UNKNOWN, bitsMode=UNKNOWN, blendMode='avg', bpc=(8, 8, 8), color=array([-0.5, -0.5, -0.5]), colorSpace='rgb', depthBits=8, fullscr=<method-wrapper '__getattribute__' of attributeSetter object at 0x7f56ae2c2390>, gamma=None, gammaErrorPolicy='raise', lms=UNKNOWN, monitor=<psychopy.monitors.calibTools.Monitor object at 0x7f56a40c9fd0>, multiSample=False, name='window1', numSamples=2, pos=[0.0, 0.0], screen=0, size=array([1024,  768]), stencilBits=0, stereo=False, units='deg', useFBO=False, useRetina=False, viewOri=0.0, viewPos=None, viewScale=None, waitBlanking=True, winType='pyglet')
7.6509 	EXP 	window1: mouseVisible = True
7.7208 	EXP 	Created unnamed TextStim = TextStim(__class__=<class 'psychopy.visual.text.TextStim'>, alignHoriz=method-wrapper(...), alignText='center', alignVert=method-wrapper(...), anchorHoriz='center', anchorVert='center', antialias=True, autoLog=True, bold=False, color=array([1., 1., 1.]), colorSpace='rgb', contrast=1.0, depth=0, flipHoriz=False, flipVert=False, font='', fontFiles=[], height=0.5, italic=False, languageStyle='LTR', name='unnamed TextStim', opacity=1.0, ori=0.0, pos=array([0., 0.]), rgb=UNKNOWN, text=str(...), units='deg', win=Window(...), wrapWidth=15.0)
7.7518 	EXP 	Created Movie Frame 0 = ImageStim(__class__=<class 'psychopy.visual.image.ImageStim'>, autoLog=True, color=array([0.8, 0.8, 0.8]), colorSpace='rgb', contrast=0.8, depth=0, flipHoriz=False, flipVert=False, image='visual_0.png', interpolate=False, mask=None, maskParams=None, name='Movie Frame 0', opacity=1, ori=0.0, pos=array([0., 0.]), size=array([1024,  768]), texRes=128, units='pix', win=Window(...))
7.7753 	EXP 	Created Movie Frame 1 = ImageStim(__class__=<class 'psychopy.visual.image.ImageStim'>, autoLog=True, color=array([0.8, 0.8, 0.8]), colorSpace='rgb', contrast=0.8, depth=0, flipHoriz=False, flipVert=False, image='visual_1.png', interpolate=False, mask=None, maskParams=None, name='Movie Frame 1', opacity=1, ori=0.0, pos=array([0., 0.]), size=array([1024,  768]), texRes=128, units='pix', win=Window(...))
33.4484 	DATA 	Keypress: 5
0.0000 	DATA 	StartOfRun sub-08_ses-03_run-03
0.0000 	DATA 	TR 1 | TR1 1 | TR2 0
0.0184 	DATA 	Initial baseline

1.5507 	DATA 	Keypress: 5
1.5507 	DATA 	TR 2 | TR1 1 | TR2 1
3.1228 	DATA 	Keypress: 5
3.1229 	DATA 	TR 3 | TR1 2 | TR2 1
4.6740 	DATA 	Keypress: 5
4.6741 	DATA 	TR 4 | TR1 2 | TR2 2
6.2462 	DATA 	Keypress: 5
6.2463 	DATA 	TR 5 | TR1 3 | TR2 2
7.7974 	DATA 	Keypress: 5
7.7974 	DATA 	TR 6 | TR1 3 | TR2 3
9.3696 	DATA 	Keypress: 5
9.3696 	DATA 	TR 7 | TR1 4 | TR2 3
10.9208 	DATA 	Keypress: 5
10.9209 	DATA 	TR 8 | TR1 4 | TR2 4
12.4930 	DATA 	Keypress: 5
12.4930 	DATA 	TR 9 | TR1 5 | TR2 4
14.0441 	DATA 	Keypress: 5
14.0442 	DATA 	TR 10 | TR1 5 | TR2 5
15.6164 	DATA 	Keypress: 5
15.6165 	DATA 	TR 11 | TR1 6 | TR2 5
17.1675 	DATA 	Keypress: 5
17.1676 	DATA 	TR 12 | TR1 6 | TR2 6
18.7397 	DATA 	Keypress: 5
18.7398 	DATA 	TR 13 | TR1 7 | TR2 6
20.2909 	DATA 	Keypress: 5
20.2909 	DATA 	TR 14 | TR1 7 | TR2 7
21.8631 	DATA 	Keypress: 5
21.8632 	DATA 	TR 15 | TR1 8 | TR2 7
23.4143 	DATA 	Keypress: 5
23.4144 	DATA 	TR 16 | TR1 8 | TR2 8
24.9865 	DATA 	Keypress: 5
24.9865 	DATA 	TR 17 | TR1 9 | TR2 8
26.5377 	DATA 	Keypress: 5
26.5377 	DATA 	TR 18 | TR1 9 | TR2 9
28.1099 	DATA 	Keypress: 5
28.1099 	DATA 	TR 19 | TR1 10 | TR2 9
29.6611 	DATA 	Keypress: 5
29.6611 	DATA 	TR 20 | TR1 10 | TR2 10
31.2337 	DATA 	Keypress: 5
31.2495 	DATA 	Waited 1.2495059967041016 seconds for trigger
31.2509 	DATA 	
31.2509 	DATA 	Trial 1
31.2509 	DATA 	stimDur = 4.0
31.2509 	DATA 	jitter = 1.5705
31.2509 	DATA 	restDur = 24.0

31.2509 	DATA 	
31.2510 	DATA 	TR 21 | TR1 11 | TR2 10
32.7997 	DATA 	Keypress: 5
32.7997 	DATA 	TR 22 | TR1 11 | TR2 11
32.8329 	DATA 	
32.8329 	DATA 	stimulation started
32.8329 	DATA 	
34.3662 	DATA 	Keypress: 5
34.3662 	DATA 	TR 23 | TR1 12 | TR2 11
35.9161 	DATA 	Keypress: 5
35.9161 	DATA 	TR 24 | TR1 12 | TR2 12
36.8326 	DATA 	
36.8326 	DATA 	stimulation stopped
36.8326 	DATA 	
37.4825 	DATA 	Keypress: 5
37.4826 	DATA 	TR 25 | TR1 13 | TR2 12
39.0324 	DATA 	Keypress: 5
39.0324 	DATA 	TR 26 | TR1 13 | TR2 13
40.6156 	DATA 	Keypress: 5
40.6156 	DATA 	TR 27 | TR1 14 | TR2 13
42.1656 	DATA 	Keypress: 5
42.1656 	DATA 	TR 28 | TR1 14 | TR2 14
43.7319 	DATA 	Keypress: 5
43.7320 	DATA 	TR 29 | TR1 15 | TR2 14
45.2818 	DATA 	Keypress: 5
45.2819 	DATA 	TR 30 | TR1 15 | TR2 15
46.8650 	DATA 	Keypress: 5
46.8650 	DATA 	TR 31 | TR1 16 | TR2 15
48.4149 	DATA 	Keypress: 5
48.4149 	DATA 	TR 32 | TR1 16 | TR2 16
49.9814 	DATA 	Keypress: 5
49.9814 	DATA 	TR 33 | TR1 17 | TR2 16
51.5313 	DATA 	Keypress: 5
51.5313 	DATA 	TR 34 | TR1 17 | TR2 17
53.0978 	DATA 	Keypress: 5
53.0978 	DATA 	TR 35 | TR1 18 | TR2 17
54.6482 	DATA 	Keypress: 5
54.6642 	DATA 	TR 36 | TR1 18 | TR2 18
56.2308 	DATA 	Keypress: 5
56.2308 	DATA 	TR 37 | TR1 19 | TR2 18
57.7807 	DATA 	Keypress: 5
57.7807 	DATA 	TR 38 | TR1 19 | TR2 19
59.3472 	DATA 	Keypress: 5
59.3472 	DATA 	TR 39 | TR1 20 | TR2 19
60.8303 	DATA 	
60.8304 	DATA 	Trial complete
60.8304 	DATA 	Waiting for VASO trigger to start next trial
60.8304 	DATA 	
60.8971 	DATA 	Keypress: 5
60.8971 	DATA 	TR 40 | TR1 20 | TR2 20
62.4802 	DATA 	Keypress: 5
62.4803 	DATA 	Waited 1.6498899459838867 seconds for trigger
62.4810 	DATA 	
62.4810 	DATA 	Trial 2
62.4811 	DATA 	stimDur = 12.0
62.4811 	DATA 	jitter = 2.35575
62.4811 	DATA 	restDur = 30.0

62.4811 	DATA 	
62.4811 	DATA 	TR 41 | TR1 21 | TR2 20
64.0301 	DATA 	Keypress: 5
64.0301 	DATA 	TR 42 | TR1 21 | TR2 21
64.8466 	DATA 	
64.8466 	DATA 	stimulation started
64.8467 	DATA 	
65.5967 	DATA 	Keypress: 5
65.5967 	DATA 	TR 43 | TR1 22 | TR2 21
67.1465 	DATA 	Keypress: 5
67.1466 	DATA 	TR 44 | TR1 22 | TR2 22
68.7297 	DATA 	Keypress: 5
68.7297 	DATA 	TR 45 | TR1 23 | TR2 22
70.2796 	DATA 	Keypress: 5
70.2796 	DATA 	TR 46 | TR1 23 | TR2 23
71.8461 	DATA 	Keypress: 5
71.8462 	DATA 	TR 47 | TR1 24 | TR2 23
73.3962 	DATA 	Keypress: 5
73.3962 	DATA 	TR 48 | TR1 24 | TR2 24
74.9625 	DATA 	Keypress: 5
74.9626 	DATA 	TR 49 | TR1 25 | TR2 24
76.5123 	DATA 	Keypress: 5
76.5124 	DATA 	TR 50 | TR1 25 | TR2 25
76.8456 	DATA 	
76.8456 	DATA 	stimulation stopped
76.8456 	DATA 	
78.0955 	DATA 	Keypress: 5
78.0955 	DATA 	TR 51 | TR1 26 | TR2 25
79.6453 	DATA 	Keypress: 5
79.6454 	DATA 	TR 52 | TR1 26 | TR2 26
81.2119 	DATA 	Keypress: 5
81.2120 	DATA 	TR 53 | TR1 27 | TR2 26
82.7617 	DATA 	Keypress: 5
82.7617 	DATA 	TR 54 | TR1 27 | TR2 27
84.3449 	DATA 	Keypress: 5
84.3450 	DATA 	TR 55 | TR1 28 | TR2 27
85.8948 	DATA 	Keypress: 5
85.8948 	DATA 	TR 56 | TR1 28 | TR2 28
87.4613 	DATA 	Keypress: 5
87.4613 	DATA 	TR 57 | TR1 29 | TR2 28
89.0111 	DATA 	Keypress: 5
89.0112 	DATA 	TR 58 | TR1 29 | TR2 29
89.5611 	DATA 	Target presented
90.1944 	DATA 	Keypress: 1
90.1944 	DATA 	Key1 pressed
90.1944 	DATA 	Target detected
90.5777 	DATA 	Keypress: 5
90.5777 	DATA 	TR 59 | TR1 30 | TR2 29
92.1442 	DATA 	Keypress: 5
92.1442 	DATA 	TR 60 | TR1 30 | TR2 30
93.7107 	DATA 	Keypress: 5
93.7108 	DATA 	TR 61 | TR1 31 | TR2 30
95.2606 	DATA 	Keypress: 5
95.2606 	DATA 	TR 62 | TR1 31 | TR2 31
96.8271 	DATA 	Keypress: 5
96.8272 	DATA 	TR 63 | TR1 32 | TR2 31
98.3769 	DATA 	Keypress: 5
98.3770 	DATA 	TR 64 | TR1 32 | TR2 32
99.9602 	DATA 	Keypress: 5
99.9602 	DATA 	TR 65 | TR1 33 | TR2 32
101.5100 	DATA 	Keypress: 5
101.5100 	DATA 	TR 66 | TR1 33 | TR2 33
103.0765 	DATA 	Keypress: 5
103.0766 	DATA 	TR 67 | TR1 34 | TR2 33
104.6264 	DATA 	Keypress: 5
104.6264 	DATA 	TR 68 | TR1 34 | TR2 34
106.1935 	DATA 	Keypress: 5
106.2093 	DATA 	TR 69 | TR1 35 | TR2 34
106.8428 	DATA 	
106.8428 	DATA 	Trial complete
106.8428 	DATA 	Waiting for VASO trigger to start next trial
106.8428 	DATA 	
107.7595 	DATA 	Keypress: 5
107.7595 	DATA 	TR 70 | TR1 35 | TR2 35
109.3260 	DATA 	Keypress: 5
109.3260 	DATA 	Waited 2.4831950664520264 seconds for trigger
109.3268 	DATA 	
109.3268 	DATA 	Trial 3
109.3268 	DATA 	stimDur = 24.0
109.3268 	DATA 	jitter = 0.78525
109.3268 	DATA 	restDur = 40.0

109.3268 	DATA 	
109.3268 	DATA 	TR 71 | TR1 36 | TR2 35
110.1258 	DATA 	
110.1258 	DATA 	stimulation started
110.1258 	DATA 	
110.8759 	DATA 	Keypress: 5
110.8759 	DATA 	TR 72 | TR1 36 | TR2 36
112.4424 	DATA 	Keypress: 5
112.4424 	DATA 	TR 73 | TR1 37 | TR2 36
113.9922 	DATA 	Keypress: 5
113.9923 	DATA 	TR 74 | TR1 37 | TR2 37
115.5754 	DATA 	Keypress: 5
115.5755 	DATA 	TR 75 | TR1 38 | TR2 37
117.1255 	DATA 	Keypress: 5
117.1255 	DATA 	TR 76 | TR1 38 | TR2 38
118.6918 	DATA 	Keypress: 5
118.6919 	DATA 	TR 77 | TR1 39 | TR2 38
120.2416 	DATA 	Keypress: 5
120.2417 	DATA 	TR 78 | TR1 39 | TR2 39
121.8249 	DATA 	Keypress: 5
121.8249 	DATA 	TR 79 | TR1 40 | TR2 39
123.3747 	DATA 	Keypress: 5
123.3747 	DATA 	TR 80 | TR1 40 | TR2 40
124.9412 	DATA 	Keypress: 5
124.9413 	DATA 	TR 81 | TR1 41 | TR2 40
126.4911 	DATA 	Keypress: 5
126.4911 	DATA 	TR 82 | TR1 41 | TR2 41
128.0576 	DATA 	Keypress: 5
128.0577 	DATA 	TR 83 | TR1 42 | TR2 41
129.6241 	DATA 	Keypress: 5
129.6242 	DATA 	TR 84 | TR1 42 | TR2 42
131.1907 	DATA 	Keypress: 5
131.1907 	DATA 	TR 85 | TR1 43 | TR2 42
132.7405 	DATA 	Keypress: 5
132.7406 	DATA 	TR 86 | TR1 43 | TR2 43
134.1237 	DATA 	
134.1237 	DATA 	stimulation stopped
134.1237 	DATA 	
134.3070 	DATA 	Keypress: 5
134.3071 	DATA 	TR 87 | TR1 44 | TR2 43
135.8568 	DATA 	Keypress: 5
135.8569 	DATA 	TR 88 | TR1 44 | TR2 44
137.4401 	DATA 	Keypress: 5
137.4401 	DATA 	TR 89 | TR1 45 | TR2 44
138.9899 	DATA 	Keypress: 5
138.9899 	DATA 	TR 90 | TR1 45 | TR2 45
140.5564 	DATA 	Keypress: 5
140.5565 	DATA 	TR 91 | TR1 46 | TR2 45
142.1063 	DATA 	Keypress: 5
142.1063 	DATA 	TR 92 | TR1 46 | TR2 46
143.6895 	DATA 	Keypress: 5
143.6895 	DATA 	TR 93 | TR1 47 | TR2 46
145.2393 	DATA 	Keypress: 5
145.2394 	DATA 	TR 94 | TR1 47 | TR2 47
146.8059 	DATA 	Keypress: 5
146.8059 	DATA 	TR 95 | TR1 48 | TR2 47
148.3557 	DATA 	Keypress: 5
148.3558 	DATA 	TR 96 | TR1 48 | TR2 48
148.8223 	DATA 	Target presented
149.4723 	DATA 	Keypress: 1
149.4723 	DATA 	Key1 pressed
149.4723 	DATA 	Target detected
149.9223 	DATA 	Keypress: 5
149.9223 	DATA 	TR 97 | TR1 49 | TR2 48
151.4721 	DATA 	Keypress: 5
151.4721 	DATA 	TR 98 | TR1 49 | TR2 49
153.0553 	DATA 	Keypress: 5
153.0553 	DATA 	TR 99 | TR1 50 | TR2 49
154.6051 	DATA 	Keypress: 5
154.6052 	DATA 	TR 100 | TR1 50 | TR2 50
156.1717 	DATA 	Keypress: 5
156.1717 	DATA 	TR 101 | TR1 51 | TR2 50
157.7215 	DATA 	Keypress: 5
157.7215 	DATA 	TR 102 | TR1 51 | TR2 51
159.3047 	DATA 	Keypress: 5
159.3048 	DATA 	TR 103 | TR1 52 | TR2 51
160.8545 	DATA 	Keypress: 5
160.8546 	DATA 	TR 104 | TR1 52 | TR2 52
162.4211 	DATA 	Keypress: 5
162.4211 	DATA 	TR 105 | TR1 53 | TR2 52
163.9709 	DATA 	Keypress: 5
163.9710 	DATA 	TR 106 | TR1 53 | TR2 53
165.5380 	DATA 	Keypress: 5
165.5541 	DATA 	TR 107 | TR1 54 | TR2 53
167.1040 	DATA 	Keypress: 5
167.1040 	DATA 	TR 108 | TR1 54 | TR2 54
168.6704 	DATA 	Keypress: 5
168.6705 	DATA 	TR 109 | TR1 55 | TR2 54
170.2204 	DATA 	Keypress: 5
170.2204 	DATA 	TR 110 | TR1 55 | TR2 55
171.7869 	DATA 	Keypress: 5
171.7870 	DATA 	TR 111 | TR1 56 | TR2 55
173.3367 	DATA 	Keypress: 5
173.3368 	DATA 	TR 112 | TR1 56 | TR2 56
174.1200 	DATA 	
174.1200 	DATA 	Trial complete
174.1200 	DATA 	Waiting for VASO trigger to start next trial
174.1200 	DATA 	
174.9201 	DATA 	Keypress: 5
174.9201 	DATA 	Waited 0.8001368045806885 seconds for trigger
174.9209 	DATA 	
174.9209 	DATA 	Trial 4
174.9209 	DATA 	stimDur = 24.0
174.9209 	DATA 	jitter = 1.5705
174.9209 	DATA 	restDur = 40.0

174.9209 	DATA 	
174.9210 	DATA 	TR 113 | TR1 57 | TR2 56
176.4698 	DATA 	Keypress: 5
176.4698 	DATA 	TR 114 | TR1 57 | TR2 57
176.5031 	DATA 	
176.5031 	DATA 	stimulation started
176.5031 	DATA 	
178.0364 	DATA 	Keypress: 5
178.0365 	DATA 	TR 115 | TR1 58 | TR2 57
179.5862 	DATA 	Keypress: 5
179.5863 	DATA 	TR 116 | TR1 58 | TR2 58
181.1694 	DATA 	Keypress: 5
181.1695 	DATA 	TR 117 | TR1 59 | TR2 58
182.7194 	DATA 	Keypress: 5
182.7194 	DATA 	TR 118 | TR1 59 | TR2 59
184.2858 	DATA 	Keypress: 5
184.2859 	DATA 	TR 119 | TR1 60 | TR2 59
185.8357 	DATA 	Keypress: 5
185.8357 	DATA 	TR 120 | TR1 60 | TR2 60
187.4022 	DATA 	Keypress: 5
187.4023 	DATA 	TR 121 | TR1 61 | TR2 60
188.9527 	DATA 	Keypress: 5
188.9687 	DATA 	TR 122 | TR1 61 | TR2 61
190.5352 	DATA 	Keypress: 5
190.5353 	DATA 	TR 123 | TR1 62 | TR2 61
192.0851 	DATA 	Keypress: 5
192.0851 	DATA 	TR 124 | TR1 62 | TR2 62
193.6517 	DATA 	Keypress: 5
193.6517 	DATA 	TR 125 | TR1 63 | TR2 62
195.2014 	DATA 	Keypress: 5
195.2015 	DATA 	TR 126 | TR1 63 | TR2 63
196.7847 	DATA 	Keypress: 5
196.7848 	DATA 	TR 127 | TR1 64 | TR2 63
198.3345 	DATA 	Keypress: 5
198.3346 	DATA 	TR 128 | TR1 64 | TR2 64
199.9011 	DATA 	Keypress: 5
199.9011 	DATA 	TR 129 | TR1 65 | TR2 64
200.5009 	DATA 	
200.5010 	DATA 	stimulation stopped
200.5010 	DATA 	
201.4508 	DATA 	Keypress: 5
201.4509 	DATA 	TR 130 | TR1 65 | TR2 65
203.0180 	DATA 	Keypress: 5
203.0340 	DATA 	TR 131 | TR1 66 | TR2 65
204.5172 	DATA 	Target presented
204.5839 	DATA 	Keypress: 5
204.5839 	DATA 	TR 132 | TR1 66 | TR2 66
205.0505 	DATA 	Keypress: 1
205.0506 	DATA 	Key1 pressed
205.0506 	DATA 	Target detected
206.1504 	DATA 	Keypress: 5
206.1505 	DATA 	TR 133 | TR1 67 | TR2 66
207.7002 	DATA 	Keypress: 5
207.7003 	DATA 	TR 134 | TR1 67 | TR2 67
209.2668 	DATA 	Keypress: 5
209.2669 	DATA 	TR 135 | TR1 68 | TR2 67
210.8167 	DATA 	Keypress: 5
210.8167 	DATA 	TR 136 | TR1 68 | TR2 68
212.3998 	DATA 	Keypress: 5
212.3999 	DATA 	TR 137 | TR1 69 | TR2 68
213.9497 	DATA 	Keypress: 5
213.9497 	DATA 	TR 138 | TR1 69 | TR2 69
215.5164 	DATA 	Keypress: 5
215.5164 	DATA 	TR 139 | TR1 70 | TR2 69
217.0661 	DATA 	Keypress: 5
217.0661 	DATA 	TR 140 | TR1 70 | TR2 70
218.6493 	DATA 	Keypress: 5
218.6493 	DATA 	TR 141 | TR1 71 | TR2 70
220.1991 	DATA 	Keypress: 5
220.1992 	DATA 	TR 142 | TR1 71 | TR2 71
221.7657 	DATA 	Keypress: 5
221.7657 	DATA 	TR 143 | TR1 72 | TR2 71
223.3155 	DATA 	Keypress: 5
223.3155 	DATA 	TR 144 | TR1 72 | TR2 72
224.8820 	DATA 	Keypress: 5
224.8821 	DATA 	TR 145 | TR1 73 | TR2 72
226.4485 	DATA 	Keypress: 5
226.4486 	DATA 	TR 146 | TR1 73 | TR2 73
228.0151 	DATA 	Keypress: 5
228.0151 	DATA 	TR 147 | TR1 74 | TR2 73
229.5650 	DATA 	Keypress: 5
229.5651 	DATA 	TR 148 | TR1 74 | TR2 74
231.1315 	DATA 	Keypress: 5
231.1316 	DATA 	TR 149 | TR1 75 | TR2 74
232.6814 	DATA 	Keypress: 5
232.6815 	DATA 	TR 150 | TR1 75 | TR2 75
234.2646 	DATA 	Keypress: 5
234.2647 	DATA 	TR 151 | TR1 76 | TR2 75
235.8143 	DATA 	Keypress: 5
235.8144 	DATA 	TR 152 | TR1 76 | TR2 76
237.3809 	DATA 	Keypress: 5
237.3809 	DATA 	TR 153 | TR1 77 | TR2 76
238.9307 	DATA 	Keypress: 5
238.9308 	DATA 	TR 154 | TR1 77 | TR2 77
240.4972 	DATA 	
240.4972 	DATA 	Trial complete
240.4972 	DATA 	Waiting for VASO trigger to start next trial
240.4973 	DATA 	
240.4979 	DATA 	Keypress: 5
240.5139 	DATA 	Waited 0.016630172729492188 seconds for trigger
240.5147 	DATA 	
240.5147 	DATA 	Trial 5
240.5147 	DATA 	stimDur = 1.0
240.5147 	DATA 	jitter = 0.78525
240.5147 	DATA 	restDur = 20.0

240.5147 	DATA 	
240.5147 	DATA 	TR 155 | TR1 78 | TR2 77
241.3138 	DATA 	
241.3138 	DATA 	stimulation started
241.3138 	DATA 	
242.0638 	DATA 	Keypress: 5
242.0639 	DATA 	TR 156 | TR1 78 | TR2 78
242.3138 	DATA 	
242.3138 	DATA 	stimulation stopped
242.3138 	DATA 	
243.6303 	DATA 	Keypress: 5
243.6304 	DATA 	TR 157 | TR1 79 | TR2 78
245.1802 	DATA 	Keypress: 5
245.1803 	DATA 	TR 158 | TR1 79 | TR2 79
246.7467 	DATA 	Keypress: 5
246.7468 	DATA 	TR 159 | TR1 80 | TR2 79
248.2965 	DATA 	Keypress: 5
248.2966 	DATA 	TR 160 | TR1 80 | TR2 80
249.8798 	DATA 	Keypress: 5
249.8798 	DATA 	TR 161 | TR1 81 | TR2 80
251.4296 	DATA 	Keypress: 5
251.4297 	DATA 	TR 162 | TR1 81 | TR2 81
252.9961 	DATA 	Keypress: 5
252.9961 	DATA 	TR 163 | TR1 82 | TR2 81
254.5460 	DATA 	Keypress: 5
254.5460 	DATA 	TR 164 | TR1 82 | TR2 82
256.1292 	DATA 	Keypress: 5
256.1292 	DATA 	TR 165 | TR1 83 | TR2 82
257.0958 	DATA 	Target presented
257.6790 	DATA 	Keypress: 5
257.6791 	DATA 	TR 166 | TR1 83 | TR2 83
257.7123 	DATA 	Keypress: 1
257.7124 	DATA 	Key1 pressed
257.7124 	DATA 	Target detected
259.2456 	DATA 	Keypress: 5
259.2456 	DATA 	TR 167 | TR1 84 | TR2 83
260.7954 	DATA 	Keypress: 5
260.7955 	DATA 	TR 168 | TR1 84 | TR2 84
262.3119 	DATA 	
262.3119 	DATA 	Trial complete
262.3119 	DATA 	Waiting for VASO trigger to start next trial
262.3119 	DATA 	
262.3620 	DATA 	Keypress: 5
262.3621 	DATA 	Waited 0.050147056579589844 seconds for trigger
262.3629 	DATA 	
262.3629 	DATA 	Trial 6
262.3629 	DATA 	stimDur = 2.0
262.3629 	DATA 	jitter = 0.78525
262.3629 	DATA 	restDur = 22.0

262.3629 	DATA 	
262.3629 	DATA 	TR 169 | TR1 85 | TR2 84
263.1618 	DATA 	
263.1618 	DATA 	stimulation started
263.1618 	DATA 	
263.9285 	DATA 	Keypress: 5
263.9286 	DATA 	TR 170 | TR1 85 | TR2 85
265.1617 	DATA 	
265.1617 	DATA 	stimulation stopped
265.1617 	DATA 	
265.4950 	DATA 	Keypress: 5
265.4951 	DATA 	TR 171 | TR1 86 | TR2 85
267.0448 	DATA 	Keypress: 5
267.0449 	DATA 	TR 172 | TR1 86 | TR2 86
268.6114 	DATA 	Keypress: 5
268.6114 	DATA 	TR 173 | TR1 87 | TR2 86
270.1612 	DATA 	Keypress: 5
270.1612 	DATA 	TR 174 | TR1 87 | TR2 87
271.7444 	DATA 	Keypress: 5
271.7445 	DATA 	TR 175 | TR1 88 | TR2 87
273.2943 	DATA 	Keypress: 5
273.2943 	DATA 	TR 176 | TR1 88 | TR2 88
274.8608 	DATA 	Keypress: 5
274.8609 	DATA 	TR 177 | TR1 89 | TR2 88
276.4106 	DATA 	Keypress: 5
276.4107 	DATA 	TR 178 | TR1 89 | TR2 89
277.9939 	DATA 	Keypress: 5
277.9939 	DATA 	TR 179 | TR1 90 | TR2 89
279.5437 	DATA 	Keypress: 5
279.5437 	DATA 	TR 180 | TR1 90 | TR2 90
281.1102 	DATA 	Keypress: 5
281.1103 	DATA 	TR 181 | TR1 91 | TR2 90
282.6600 	DATA 	Keypress: 5
282.6601 	DATA 	TR 182 | TR1 91 | TR2 91
284.2266 	DATA 	Keypress: 5
284.2267 	DATA 	TR 183 | TR1 92 | TR2 91
285.7770 	DATA 	Keypress: 5
285.7931 	DATA 	TR 184 | TR1 92 | TR2 92
287.1596 	DATA 	
287.1596 	DATA 	Trial complete
287.1597 	DATA 	Waiting for VASO trigger to start next trial
287.1597 	DATA 	
287.3597 	DATA 	Keypress: 5
287.3597 	DATA 	Waited 0.2000739574432373 seconds for trigger
287.3605 	DATA 	
287.3605 	DATA 	Trial 7
287.3605 	DATA 	stimDur = 4.0
287.3605 	DATA 	jitter = 2.35575
287.3605 	DATA 	restDur = 24.0

287.3605 	DATA 	
287.3605 	DATA 	TR 185 | TR1 93 | TR2 92
288.9093 	DATA 	Keypress: 5
288.9094 	DATA 	TR 186 | TR1 93 | TR2 93
289.7260 	DATA 	
289.7261 	DATA 	stimulation started
289.7261 	DATA 	
290.4761 	DATA 	Keypress: 5
290.4762 	DATA 	TR 187 | TR1 94 | TR2 93
292.0259 	DATA 	Keypress: 5
292.0260 	DATA 	TR 188 | TR1 94 | TR2 94
293.6092 	DATA 	Keypress: 5
293.6092 	DATA 	TR 189 | TR1 95 | TR2 94
293.7257 	DATA 	
293.7258 	DATA 	stimulation stopped
293.7258 	DATA 	
295.1589 	DATA 	Keypress: 5
295.1590 	DATA 	TR 190 | TR1 95 | TR2 95
296.7255 	DATA 	Keypress: 5
296.7255 	DATA 	TR 191 | TR1 96 | TR2 95
298.2753 	DATA 	Keypress: 5
298.2753 	DATA 	TR 192 | TR1 96 | TR2 96
299.8424 	DATA 	Keypress: 5
299.8586 	DATA 	TR 193 | TR1 97 | TR2 96
301.4083 	DATA 	Keypress: 5
301.4084 	DATA 	TR 194 | TR1 97 | TR2 97
302.9749 	DATA 	Keypress: 5
302.9750 	DATA 	TR 195 | TR1 98 | TR2 97
304.5247 	DATA 	Keypress: 5
304.5248 	DATA 	TR 196 | TR1 98 | TR2 98
306.0913 	DATA 	Keypress: 5
306.0914 	DATA 	TR 197 | TR1 99 | TR2 98
307.6411 	DATA 	Keypress: 5
307.6412 	DATA 	TR 198 | TR1 99 | TR2 99
309.2243 	DATA 	Keypress: 5
309.2244 	DATA 	TR 199 | TR1 100 | TR2 99
310.7742 	DATA 	Keypress: 5
310.7742 	DATA 	TR 200 | TR1 100 | TR2 100
312.3407 	DATA 	Keypress: 5
312.3408 	DATA 	TR 201 | TR1 101 | TR2 100
313.8905 	DATA 	Keypress: 5
313.8906 	DATA 	TR 202 | TR1 101 | TR2 101
314.2572 	DATA 	Target presented
314.8238 	DATA 	Keypress: 1
314.8239 	DATA 	Key1 pressed
314.8239 	DATA 	Target detected
315.4737 	DATA 	Keypress: 5
315.4738 	DATA 	TR 203 | TR1 102 | TR2 101
317.0236 	DATA 	Keypress: 5
317.0237 	DATA 	TR 204 | TR1 102 | TR2 102
317.7235 	DATA 	
317.7235 	DATA 	Trial complete
317.7235 	DATA 	Waiting for VASO trigger to start next trial
317.7235 	DATA 	
318.5901 	DATA 	Keypress: 5
318.5902 	DATA 	Waited 0.8666720390319824 seconds for trigger
318.5910 	DATA 	
318.5910 	DATA 	Trial 8
318.5910 	DATA 	stimDur = 12.0
318.5910 	DATA 	jitter = 0.0
318.5910 	DATA 	restDur = 30.0

318.5910 	DATA 	
318.5910 	DATA 	TR 205 | TR1 103 | TR2 102
318.5910 	DATA 	
318.5910 	DATA 	stimulation started
318.5910 	DATA 	
320.1401 	DATA 	Keypress: 5
320.1401 	DATA 	TR 206 | TR1 103 | TR2 103
321.7066 	DATA 	Keypress: 5
321.7066 	DATA 	TR 207 | TR1 104 | TR2 103
323.2571 	DATA 	Keypress: 5
323.2730 	DATA 	TR 208 | TR1 104 | TR2 104
324.8396 	DATA 	Keypress: 5
324.8397 	DATA 	TR 209 | TR1 105 | TR2 104
326.3895 	DATA 	Keypress: 5
326.3896 	DATA 	TR 210 | TR1 105 | TR2 105
327.9561 	DATA 	Keypress: 5
327.9562 	DATA 	TR 211 | TR1 106 | TR2 105
329.5059 	DATA 	Keypress: 5
329.5059 	DATA 	TR 212 | TR1 106 | TR2 106
330.6057 	DATA 	
330.6057 	DATA 	stimulation stopped
330.6057 	DATA 	
331.0890 	DATA 	Keypress: 5
331.0891 	DATA 	TR 213 | TR1 107 | TR2 106
332.6389 	DATA 	Keypress: 5
332.6389 	DATA 	TR 214 | TR1 107 | TR2 107
334.2053 	DATA 	Keypress: 5
334.2054 	DATA 	TR 215 | TR1 108 | TR2 107
335.7552 	DATA 	Keypress: 5
335.7553 	DATA 	TR 216 | TR1 108 | TR2 108
337.3223 	DATA 	Keypress: 5
337.3384 	DATA 	TR 217 | TR1 109 | TR2 108
338.8883 	DATA 	Keypress: 5
338.8883 	DATA 	TR 218 | TR1 109 | TR2 109
340.4548 	DATA 	Keypress: 5
340.4548 	DATA 	TR 219 | TR1 110 | TR2 109
342.0047 	DATA 	Keypress: 5
342.0047 	DATA 	TR 220 | TR1 110 | TR2 110
343.5712 	DATA 	Keypress: 5
343.5712 	DATA 	TR 221 | TR1 111 | TR2 110
345.1212 	DATA 	Keypress: 5
345.1212 	DATA 	TR 222 | TR1 111 | TR2 111
346.7042 	DATA 	Keypress: 5
346.7042 	DATA 	TR 223 | TR1 112 | TR2 111
348.2541 	DATA 	Keypress: 5
348.2541 	DATA 	TR 224 | TR1 112 | TR2 112
349.8206 	DATA 	Keypress: 5
349.8206 	DATA 	TR 225 | TR1 113 | TR2 112
351.3705 	DATA 	Keypress: 5
351.3705 	DATA 	TR 226 | TR1 113 | TR2 113
352.9536 	DATA 	Keypress: 5
352.9537 	DATA 	TR 227 | TR1 114 | TR2 113
354.5035 	DATA 	Keypress: 5
354.5036 	DATA 	TR 228 | TR1 114 | TR2 114
356.0702 	DATA 	Keypress: 5
356.0702 	DATA 	TR 229 | TR1 115 | TR2 114
357.6201 	DATA 	Keypress: 5
357.6202 	DATA 	TR 230 | TR1 115 | TR2 115
357.6699 	DATA 	Target presented
358.1865 	DATA 	Keypress: 1
358.1865 	DATA 	Key1 pressed
358.1865 	DATA 	Target detected
359.1864 	DATA 	Keypress: 5
359.1864 	DATA 	TR 231 | TR1 116 | TR2 115
360.6029 	DATA 	
360.6029 	DATA 	Trial complete
360.6029 	DATA 	Waiting for VASO trigger to start next trial
360.6029 	DATA 	
360.7369 	DATA 	Keypress: 5
360.7529 	DATA 	TR 232 | TR1 116 | TR2 116
362.3195 	DATA 	Keypress: 5
362.3196 	DATA 	Waited 1.7166390419006348 seconds for trigger
362.3203 	DATA 	
362.3204 	DATA 	Trial 9
362.3204 	DATA 	stimDur = 2.0
362.3204 	DATA 	jitter = 1.5705
362.3204 	DATA 	restDur = 22.0

362.3204 	DATA 	
362.3204 	DATA 	TR 233 | TR1 117 | TR2 116
363.8693 	DATA 	Keypress: 5
363.8694 	DATA 	TR 234 | TR1 117 | TR2 117
363.9026 	DATA 	
363.9026 	DATA 	stimulation started
363.9026 	DATA 	
365.4359 	DATA 	Keypress: 5
365.4359 	DATA 	TR 235 | TR1 118 | TR2 117
365.9025 	DATA 	
365.9025 	DATA 	stimulation stopped
365.9025 	DATA 	
366.9857 	DATA 	Keypress: 5
366.9858 	DATA 	TR 236 | TR1 118 | TR2 118
368.5689 	DATA 	Keypress: 5
368.5689 	DATA 	TR 237 | TR1 119 | TR2 118
370.1188 	DATA 	Keypress: 5
370.1188 	DATA 	TR 238 | TR1 119 | TR2 119
371.6853 	DATA 	Keypress: 5
371.6853 	DATA 	TR 239 | TR1 120 | TR2 119
373.2352 	DATA 	Keypress: 5
373.2352 	DATA 	TR 240 | TR1 120 | TR2 120
374.8183 	DATA 	Keypress: 5
374.8184 	DATA 	TR 241 | TR1 121 | TR2 120
376.3684 	DATA 	Keypress: 5
376.3684 	DATA 	TR 242 | TR1 121 | TR2 121
377.9347 	DATA 	Keypress: 5
377.9347 	DATA 	TR 243 | TR1 122 | TR2 121
379.4846 	DATA 	Keypress: 5
379.4846 	DATA 	TR 244 | TR1 122 | TR2 122
381.0511 	DATA 	Keypress: 5
381.0511 	DATA 	TR 245 | TR1 123 | TR2 122
382.6010 	DATA 	Keypress: 5
382.6010 	DATA 	TR 246 | TR1 123 | TR2 123
384.1841 	DATA 	Keypress: 5
384.1842 	DATA 	TR 247 | TR1 124 | TR2 123
385.7340 	DATA 	Keypress: 5
385.7340 	DATA 	TR 248 | TR1 124 | TR2 124
387.3005 	DATA 	Keypress: 5
387.3005 	DATA 	TR 249 | TR1 125 | TR2 124
387.9004 	DATA 	
387.9004 	DATA 	Trial complete
387.9004 	DATA 	Waiting for VASO trigger to start next trial
387.9004 	DATA 	
388.8504 	DATA 	Keypress: 5
388.8504 	DATA 	TR 250 | TR1 125 | TR2 125
390.4335 	DATA 	Keypress: 5
390.4336 	DATA 	Waited 2.5331661701202393 seconds for trigger
390.4344 	DATA 	
390.4344 	DATA 	Trial 10
390.4344 	DATA 	stimDur = 4.0
390.4344 	DATA 	jitter = 0.0
390.4344 	DATA 	restDur = 24.0

390.4344 	DATA 	
390.4344 	DATA 	TR 251 | TR1 126 | TR2 125
390.4344 	DATA 	
390.4344 	DATA 	stimulation started
390.4344 	DATA 	
391.9835 	DATA 	Keypress: 5
391.9836 	DATA 	TR 252 | TR1 126 | TR2 126
393.5500 	DATA 	Keypress: 5
393.5500 	DATA 	TR 253 | TR1 127 | TR2 126
394.4499 	DATA 	
394.4499 	DATA 	stimulation stopped
394.4499 	DATA 	
395.0998 	DATA 	Keypress: 5
395.0999 	DATA 	TR 254 | TR1 127 | TR2 127
396.6663 	DATA 	Keypress: 5
396.6664 	DATA 	TR 255 | TR1 128 | TR2 127
398.2329 	DATA 	Keypress: 5
398.2329 	DATA 	TR 256 | TR1 128 | TR2 128
399.7993 	DATA 	Keypress: 5
399.7993 	DATA 	TR 257 | TR1 129 | TR2 128
401.3492 	DATA 	Keypress: 5
401.3493 	DATA 	TR 258 | TR1 129 | TR2 129
402.9159 	DATA 	Keypress: 5
402.9159 	DATA 	TR 259 | TR1 130 | TR2 129
404.4656 	DATA 	Keypress: 5
404.4657 	DATA 	TR 260 | TR1 130 | TR2 130
406.0489 	DATA 	Keypress: 5
406.0489 	DATA 	TR 261 | TR1 131 | TR2 130
407.5987 	DATA 	Keypress: 5
407.5987 	DATA 	TR 262 | TR1 131 | TR2 131
409.1652 	DATA 	Keypress: 5
409.1652 	DATA 	TR 263 | TR1 132 | TR2 131
410.7152 	DATA 	Keypress: 5
410.7152 	DATA 	TR 264 | TR1 132 | TR2 132
412.2982 	DATA 	Keypress: 5
412.2983 	DATA 	TR 265 | TR1 133 | TR2 132
413.8481 	DATA 	Keypress: 5
413.8481 	DATA 	TR 266 | TR1 133 | TR2 133
415.4146 	DATA 	Keypress: 5
415.4146 	DATA 	TR 267 | TR1 134 | TR2 133
416.9645 	DATA 	Keypress: 5
416.9645 	DATA 	TR 268 | TR1 134 | TR2 134
418.4476 	DATA 	
418.4476 	DATA 	Trial complete
418.4476 	DATA 	Waiting for VASO trigger to start next trial
418.4476 	DATA 	
418.5310 	DATA 	Keypress: 5
418.5310 	DATA 	Waited 0.08336806297302246 seconds for trigger
418.5318 	DATA 	
418.5318 	DATA 	Trial 11
418.5318 	DATA 	stimDur = 12.0
418.5318 	DATA 	jitter = 0.78525
418.5318 	DATA 	restDur = 30.0

418.5318 	DATA 	
418.5318 	DATA 	TR 269 | TR1 135 | TR2 134
419.3309 	DATA 	
419.3309 	DATA 	stimulation started
419.3309 	DATA 	
420.0816 	DATA 	Keypress: 5
420.0975 	DATA 	TR 270 | TR1 135 | TR2 135
421.6641 	DATA 	Keypress: 5
421.6641 	DATA 	TR 271 | TR1 136 | TR2 135
423.2140 	DATA 	Keypress: 5
423.2140 	DATA 	TR 272 | TR1 136 | TR2 136
424.7804 	DATA 	Keypress: 5
424.7805 	DATA 	TR 273 | TR1 137 | TR2 136
426.3303 	DATA 	Keypress: 5
426.3304 	DATA 	TR 274 | TR1 137 | TR2 137
427.9135 	DATA 	Keypress: 5
427.9135 	DATA 	TR 275 | TR1 138 | TR2 137
429.4634 	DATA 	Keypress: 5
429.4634 	DATA 	TR 276 | TR1 138 | TR2 138
431.0299 	DATA 	Keypress: 5
431.0299 	DATA 	TR 277 | TR1 139 | TR2 138
431.3298 	DATA 	
431.3298 	DATA 	stimulation stopped
431.3298 	DATA 	
432.5797 	DATA 	Keypress: 5
432.5798 	DATA 	TR 278 | TR1 139 | TR2 139
434.1468 	DATA 	Keypress: 5
434.1628 	DATA 	TR 279 | TR1 140 | TR2 139
435.7128 	DATA 	Keypress: 5
435.7128 	DATA 	TR 280 | TR1 140 | TR2 140
437.2793 	DATA 	Keypress: 5
437.2793 	DATA 	TR 281 | TR1 141 | TR2 140
437.3793 	DATA 	Target presented
437.9125 	DATA 	Keypress: 1
437.9126 	DATA 	Key1 pressed
437.9126 	DATA 	Target detected
438.8292 	DATA 	Keypress: 5
438.8292 	DATA 	TR 282 | TR1 141 | TR2 141
440.3956 	DATA 	Keypress: 5
440.3957 	DATA 	TR 283 | TR1 142 | TR2 141
441.9457 	DATA 	Keypress: 5
441.9457 	DATA 	TR 284 | TR1 142 | TR2 142
443.5287 	DATA 	Keypress: 5
443.5287 	DATA 	TR 285 | TR1 143 | TR2 142
445.0786 	DATA 	Keypress: 5
445.0786 	DATA 	TR 286 | TR1 143 | TR2 143
446.6452 	DATA 	Keypress: 5
446.6452 	DATA 	TR 287 | TR1 144 | TR2 143
448.1949 	DATA 	Keypress: 5
448.1950 	DATA 	TR 288 | TR1 144 | TR2 144
449.7781 	DATA 	Keypress: 5
449.7781 	DATA 	TR 289 | TR1 145 | TR2 144
451.3280 	DATA 	Keypress: 5
451.3280 	DATA 	TR 290 | TR1 145 | TR2 145
452.8945 	DATA 	Keypress: 5
452.8946 	DATA 	TR 291 | TR1 146 | TR2 145
454.4444 	DATA 	Keypress: 5
454.4444 	DATA 	TR 292 | TR1 146 | TR2 146
456.0110 	DATA 	Keypress: 5
456.0110 	DATA 	TR 293 | TR1 147 | TR2 146
457.5774 	DATA 	Keypress: 5
457.5775 	DATA 	TR 294 | TR1 147 | TR2 147
459.1440 	DATA 	Keypress: 5
459.1441 	DATA 	TR 295 | TR1 148 | TR2 147
460.6938 	DATA 	Keypress: 5
460.6938 	DATA 	TR 296 | TR1 148 | TR2 148
461.3270 	DATA 	
461.3270 	DATA 	Trial complete
461.3270 	DATA 	Waiting for VASO trigger to start next trial
461.3271 	DATA 	
462.2603 	DATA 	Keypress: 5
462.2603 	DATA 	Waited 0.9332771301269531 seconds for trigger
462.2611 	DATA 	
462.2611 	DATA 	Trial 12
462.2611 	DATA 	stimDur = 4.0
462.2611 	DATA 	jitter = 0.78525
462.2611 	DATA 	restDur = 24.0

462.2611 	DATA 	
462.2611 	DATA 	TR 297 | TR1 149 | TR2 148
463.0602 	DATA 	
463.0602 	DATA 	stimulation started
463.0602 	DATA 	
463.8102 	DATA 	Keypress: 5
463.8103 	DATA 	TR 298 | TR1 149 | TR2 149
465.3935 	DATA 	Keypress: 5
465.3935 	DATA 	TR 299 | TR1 150 | TR2 149
466.9433 	DATA 	Keypress: 5
466.9433 	DATA 	TR 300 | TR1 150 | TR2 150
467.0599 	DATA 	
467.0599 	DATA 	stimulation stopped
467.0599 	DATA 	
468.5097 	DATA 	Keypress: 5
468.5098 	DATA 	TR 301 | TR1 151 | TR2 150
470.0596 	DATA 	Keypress: 5
470.0597 	DATA 	TR 302 | TR1 151 | TR2 151
471.6267 	DATA 	Keypress: 5
471.6427 	DATA 	TR 303 | TR1 152 | TR2 151
473.1926 	DATA 	Keypress: 5
473.1927 	DATA 	TR 304 | TR1 152 | TR2 152
474.7592 	DATA 	Keypress: 5
474.7592 	DATA 	TR 305 | TR1 153 | TR2 152
476.3090 	DATA 	Keypress: 5
476.3091 	DATA 	TR 306 | TR1 153 | TR2 153
477.8755 	DATA 	Keypress: 5
477.8756 	DATA 	TR 307 | TR1 154 | TR2 153
479.4254 	DATA 	Keypress: 5
479.4254 	DATA 	TR 308 | TR1 154 | TR2 154
481.0086 	DATA 	Keypress: 5
481.0086 	DATA 	TR 309 | TR1 155 | TR2 154
482.5585 	DATA 	Keypress: 5
482.5585 	DATA 	TR 310 | TR1 155 | TR2 155
484.1249 	DATA 	Keypress: 5
484.1250 	DATA 	TR 311 | TR1 156 | TR2 155
485.6748 	DATA 	Keypress: 5
485.6749 	DATA 	TR 312 | TR1 156 | TR2 156
487.2580 	DATA 	Keypress: 5
487.2581 	DATA 	TR 313 | TR1 157 | TR2 156
488.8079 	DATA 	Keypress: 5
488.8079 	DATA 	TR 314 | TR1 157 | TR2 157
490.3744 	DATA 	Keypress: 5
490.3744 	DATA 	TR 315 | TR1 158 | TR2 157
491.0576 	DATA 	
491.0576 	DATA 	Trial complete
491.0576 	DATA 	Waiting for VASO trigger to start next trial
491.0577 	DATA 	
491.9243 	DATA 	Keypress: 5
491.9243 	DATA 	TR 316 | TR1 158 | TR2 158
493.4908 	DATA 	Keypress: 5
493.4908 	DATA 	Waited 2.433177947998047 seconds for trigger
493.4916 	DATA 	
493.4916 	DATA 	Trial 13
493.4916 	DATA 	stimDur = 2.0
493.4916 	DATA 	jitter = 2.35575
493.4916 	DATA 	restDur = 22.0

493.4916 	DATA 	
493.4916 	DATA 	TR 317 | TR1 159 | TR2 158
495.0413 	DATA 	Keypress: 5
495.0573 	DATA 	TR 318 | TR1 159 | TR2 159
495.8572 	DATA 	
495.8572 	DATA 	stimulation started
495.8572 	DATA 	
496.6239 	DATA 	Keypress: 5
496.6239 	DATA 	TR 319 | TR1 160 | TR2 159
497.8571 	DATA 	
497.8571 	DATA 	stimulation stopped
497.8571 	DATA 	
498.1737 	DATA 	Keypress: 5
498.1737 	DATA 	TR 320 | TR1 160 | TR2 160
499.7402 	DATA 	Keypress: 5
499.7403 	DATA 	TR 321 | TR1 161 | TR2 160
501.2901 	DATA 	Keypress: 5
501.2901 	DATA 	TR 322 | TR1 161 | TR2 161
502.8732 	DATA 	Keypress: 5
502.8733 	DATA 	TR 323 | TR1 162 | TR2 161
504.4231 	DATA 	Keypress: 5
504.4232 	DATA 	TR 324 | TR1 162 | TR2 162
505.9896 	DATA 	Keypress: 5
505.9897 	DATA 	TR 325 | TR1 163 | TR2 162
507.5395 	DATA 	Keypress: 5
507.5396 	DATA 	TR 326 | TR1 163 | TR2 163
509.1227 	DATA 	Keypress: 5
509.1227 	DATA 	TR 327 | TR1 164 | TR2 163
510.6726 	DATA 	Keypress: 5
510.6726 	DATA 	TR 328 | TR1 164 | TR2 164
512.2391 	DATA 	Keypress: 5
512.2391 	DATA 	TR 329 | TR1 165 | TR2 164
512.2558 	DATA 	Target presented
512.9557 	DATA 	Keypress: 1
512.9558 	DATA 	Key1 pressed
512.9558 	DATA 	Target detected
513.7889 	DATA 	Keypress: 5
513.7889 	DATA 	TR 330 | TR1 165 | TR2 165
515.3555 	DATA 	Keypress: 5
515.3555 	DATA 	TR 331 | TR1 166 | TR2 165
516.9054 	DATA 	Keypress: 5
516.9055 	DATA 	TR 332 | TR1 166 | TR2 166
518.4885 	DATA 	Keypress: 5
518.4885 	DATA 	TR 333 | TR1 167 | TR2 166
519.8550 	DATA 	
519.8550 	DATA 	Trial complete
519.8550 	DATA 	Waiting for VASO trigger to start next trial
519.8550 	DATA 	
520.0384 	DATA 	Keypress: 5
520.0384 	DATA 	TR 334 | TR1 167 | TR2 167
521.6050 	DATA 	Keypress: 5
521.6051 	DATA 	Waited 1.7500300407409668 seconds for trigger
521.6058 	DATA 	
521.6058 	DATA 	Trial 14
521.6058 	DATA 	stimDur = 1.0
521.6059 	DATA 	jitter = 1.5705
521.6059 	DATA 	restDur = 20.0

521.6059 	DATA 	
521.6059 	DATA 	TR 335 | TR1 168 | TR2 167
523.1548 	DATA 	Keypress: 5
523.1548 	DATA 	TR 336 | TR1 168 | TR2 168
523.1880 	DATA 	
523.1880 	DATA 	stimulation started
523.1880 	DATA 	
524.1880 	DATA 	
524.1880 	DATA 	stimulation stopped
524.1880 	DATA 	
524.7379 	DATA 	Keypress: 5
524.7380 	DATA 	TR 337 | TR1 169 | TR2 168
526.2878 	DATA 	Keypress: 5
526.2878 	DATA 	TR 338 | TR1 169 | TR2 169
527.8543 	DATA 	Keypress: 5
527.8544 	DATA 	TR 339 | TR1 170 | TR2 169
529.4042 	DATA 	Keypress: 5
529.4042 	DATA 	TR 340 | TR1 170 | TR2 170
530.9713 	DATA 	Keypress: 5
530.9873 	DATA 	TR 341 | TR1 171 | TR2 170
532.5373 	DATA 	Keypress: 5
532.5373 	DATA 	TR 342 | TR1 171 | TR2 171
534.1039 	DATA 	Keypress: 5
534.1039 	DATA 	TR 343 | TR1 172 | TR2 171
535.6536 	DATA 	Keypress: 5
535.6537 	DATA 	TR 344 | TR1 172 | TR2 172
537.2201 	DATA 	Keypress: 5
537.2201 	DATA 	TR 345 | TR1 173 | TR2 172
538.7702 	DATA 	Keypress: 5
538.7702 	DATA 	TR 346 | TR1 173 | TR2 173
540.3533 	DATA 	Keypress: 5
540.3533 	DATA 	TR 347 | TR1 174 | TR2 173
541.9030 	DATA 	Keypress: 5
541.9031 	DATA 	TR 348 | TR1 174 | TR2 174
543.4695 	DATA 	Keypress: 5
543.4696 	DATA 	TR 349 | TR1 175 | TR2 174
544.1861 	DATA 	
544.1861 	DATA 	Trial complete
544.1861 	DATA 	Waiting for VASO trigger to start next trial
544.1861 	DATA 	
545.0194 	DATA 	Keypress: 5
545.0195 	DATA 	TR 350 | TR1 175 | TR2 175
546.6027 	DATA 	Keypress: 5
546.6028 	DATA 	Waited 2.416684865951538 seconds for trigger
546.6036 	DATA 	
546.6036 	DATA 	Trial 15
546.6036 	DATA 	stimDur = 24.0
546.6036 	DATA 	jitter = 0.0
546.6036 	DATA 	restDur = 40.0

546.6036 	DATA 	
546.6036 	DATA 	TR 351 | TR1 176 | TR2 175
546.6036 	DATA 	
546.6036 	DATA 	stimulation started
546.6036 	DATA 	
548.1525 	DATA 	Keypress: 5
548.1525 	DATA 	TR 352 | TR1 176 | TR2 176
549.7191 	DATA 	Keypress: 5
549.7191 	DATA 	TR 353 | TR1 177 | TR2 176
551.2690 	DATA 	Keypress: 5
551.2691 	DATA 	TR 354 | TR1 177 | TR2 177
552.8354 	DATA 	Keypress: 5
552.8355 	DATA 	TR 355 | TR1 178 | TR2 177
554.3860 	DATA 	Keypress: 5
554.4019 	DATA 	TR 356 | TR1 178 | TR2 178
555.9685 	DATA 	Keypress: 5
555.9685 	DATA 	TR 357 | TR1 179 | TR2 178
557.5183 	DATA 	Keypress: 5
557.5183 	DATA 	TR 358 | TR1 179 | TR2 179
559.0849 	DATA 	Keypress: 5
559.0849 	DATA 	TR 359 | TR1 180 | TR2 179
560.6347 	DATA 	Keypress: 5
560.6347 	DATA 	TR 360 | TR1 180 | TR2 180
562.2179 	DATA 	Keypress: 5
562.2180 	DATA 	TR 361 | TR1 181 | TR2 180
563.7677 	DATA 	Keypress: 5
563.7678 	DATA 	TR 362 | TR1 181 | TR2 181
565.3343 	DATA 	Keypress: 5
565.3343 	DATA 	TR 363 | TR1 182 | TR2 181
566.8841 	DATA 	Keypress: 5
566.8842 	DATA 	TR 364 | TR1 182 | TR2 182
568.4507 	DATA 	Keypress: 5
568.4507 	DATA 	TR 365 | TR1 183 | TR2 182
570.0173 	DATA 	Keypress: 5
570.0173 	DATA 	TR 366 | TR1 183 | TR2 183
570.6172 	DATA 	
570.6172 	DATA 	stimulation stopped
570.6172 	DATA 	
571.5837 	DATA 	Keypress: 5
571.5837 	DATA 	TR 367 | TR1 184 | TR2 183
573.1335 	DATA 	Keypress: 5
573.1335 	DATA 	TR 368 | TR1 184 | TR2 184
574.7001 	DATA 	Keypress: 5
574.7001 	DATA 	TR 369 | TR1 185 | TR2 184
576.2499 	DATA 	Keypress: 5
576.2499 	DATA 	TR 370 | TR1 185 | TR2 185
577.8331 	DATA 	Keypress: 5
577.8331 	DATA 	TR 371 | TR1 186 | TR2 185
579.3829 	DATA 	Keypress: 5
579.3830 	DATA 	TR 372 | TR1 186 | TR2 186
579.5662 	DATA 	Target presented
580.0162 	DATA 	Keypress: 1
580.0162 	DATA 	Key1 pressed
580.0163 	DATA 	Target detected
580.9495 	DATA 	Keypress: 5
580.9495 	DATA 	TR 373 | TR1 187 | TR2 186
582.4993 	DATA 	Keypress: 5
582.4993 	DATA 	TR 374 | TR1 187 | TR2 187
584.0825 	DATA 	Keypress: 5
584.0826 	DATA 	TR 375 | TR1 188 | TR2 187
585.6323 	DATA 	Keypress: 5
585.6324 	DATA 	TR 376 | TR1 188 | TR2 188
587.1989 	DATA 	Keypress: 5
587.1990 	DATA 	TR 377 | TR1 189 | TR2 188
588.7487 	DATA 	Keypress: 5
588.7488 	DATA 	TR 378 | TR1 189 | TR2 189
590.3153 	DATA 	Keypress: 5
590.3153 	DATA 	TR 379 | TR1 190 | TR2 189
591.8818 	DATA 	Keypress: 5
591.8818 	DATA 	TR 380 | TR1 190 | TR2 190
593.4483 	DATA 	Keypress: 5
593.4484 	DATA 	TR 381 | TR1 191 | TR2 190
594.9981 	DATA 	Keypress: 5
594.9982 	DATA 	TR 382 | TR1 191 | TR2 191
596.5647 	DATA 	Keypress: 5
596.5648 	DATA 	TR 383 | TR1 192 | TR2 191
598.1145 	DATA 	Keypress: 5
598.1146 	DATA 	TR 384 | TR1 192 | TR2 192
599.6978 	DATA 	Keypress: 5
599.6978 	DATA 	TR 385 | TR1 193 | TR2 192
601.2476 	DATA 	Keypress: 5
601.2477 	DATA 	TR 386 | TR1 193 | TR2 193
602.8141 	DATA 	Keypress: 5
602.8142 	DATA 	TR 387 | TR1 194 | TR2 193
604.3640 	DATA 	Keypress: 5
604.3640 	DATA 	TR 388 | TR1 194 | TR2 194
605.9311 	DATA 	Keypress: 5
605.9471 	DATA 	TR 389 | TR1 195 | TR2 194
607.4970 	DATA 	Keypress: 5
607.4971 	DATA 	TR 390 | TR1 195 | TR2 195
609.0636 	DATA 	Keypress: 5
609.0636 	DATA 	TR 391 | TR1 196 | TR2 195
610.6134 	DATA 	Keypress: 5
610.6134 	DATA 	TR 392 | TR1 196 | TR2 196
610.6135 	DATA 	
610.6135 	DATA 	Trial complete
610.6135 	DATA 	Waiting for VASO trigger to start next trial
610.6135 	DATA 	
612.1800 	DATA 	Keypress: 5
612.1800 	DATA 	Waited 1.566533088684082 seconds for trigger
612.1808 	DATA 	
612.1808 	DATA 	Trial 16
612.1808 	DATA 	stimDur = 1.0
612.1808 	DATA 	jitter = 2.35575
612.1808 	DATA 	restDur = 20.0

612.1808 	DATA 	
612.1808 	DATA 	TR 393 | TR1 197 | TR2 196
613.7298 	DATA 	Keypress: 5
613.7298 	DATA 	TR 394 | TR1 197 | TR2 197
614.5463 	DATA 	
614.5464 	DATA 	stimulation started
614.5464 	DATA 	
615.3130 	DATA 	Keypress: 5
615.3131 	DATA 	TR 395 | TR1 198 | TR2 197
615.5463 	DATA 	
615.5463 	DATA 	stimulation stopped
615.5463 	DATA 	
616.8628 	DATA 	Keypress: 5
616.8629 	DATA 	TR 396 | TR1 198 | TR2 198
618.4294 	DATA 	Keypress: 5
618.4294 	DATA 	TR 397 | TR1 199 | TR2 198
619.9792 	DATA 	Keypress: 5
619.9792 	DATA 	TR 398 | TR1 199 | TR2 199
621.5624 	DATA 	Keypress: 5
621.5625 	DATA 	TR 399 | TR1 200 | TR2 199
623.1122 	DATA 	Keypress: 5
623.1123 	DATA 	TR 400 | TR1 200 | TR2 200
624.6788 	DATA 	Keypress: 5
624.6789 	DATA 	TR 401 | TR1 201 | TR2 200
626.2286 	DATA 	Keypress: 5
626.2287 	DATA 	TR 402 | TR1 201 | TR2 201
627.7952 	DATA 	Keypress: 5
627.7952 	DATA 	TR 403 | TR1 202 | TR2 201
629.3457 	DATA 	Keypress: 5
629.3616 	DATA 	TR 404 | TR1 202 | TR2 202
630.9283 	DATA 	Keypress: 5
630.9283 	DATA 	TR 405 | TR1 203 | TR2 202
632.4780 	DATA 	Keypress: 5
632.4781 	DATA 	TR 406 | TR1 203 | TR2 203
634.0448 	DATA 	Keypress: 5
634.0448 	DATA 	TR 407 | TR1 204 | TR2 203
635.5444 	DATA 	
635.5444 	DATA 	Trial complete
635.5444 	DATA 	Waiting for VASO trigger to start next trial
635.5444 	DATA 	
635.5944 	DATA 	Keypress: 5
635.5945 	DATA 	TR 408 | TR1 204 | TR2 204
637.1777 	DATA 	Keypress: 5
637.1777 	DATA 	Waited 1.6332859992980957 seconds for trigger
637.1785 	DATA 	
637.1785 	DATA 	Trial 17
637.1785 	DATA 	stimDur = 2.0
637.1785 	DATA 	jitter = 0.0
637.1785 	DATA 	restDur = 22.0

637.1785 	DATA 	
637.1785 	DATA 	TR 409 | TR1 205 | TR2 204
637.1786 	DATA 	
637.1786 	DATA 	stimulation started
637.1786 	DATA 	
638.7276 	DATA 	Keypress: 5
638.7276 	DATA 	TR 410 | TR1 205 | TR2 205
639.1941 	DATA 	
639.1941 	DATA 	stimulation stopped
639.1941 	DATA 	
640.2940 	DATA 	Keypress: 5
640.2941 	DATA 	TR 411 | TR1 206 | TR2 205
641.8439 	DATA 	Keypress: 5
641.8439 	DATA 	TR 412 | TR1 206 | TR2 206
643.4271 	DATA 	Keypress: 5
643.4271 	DATA 	TR 413 | TR1 207 | TR2 206
644.9769 	DATA 	Keypress: 5
644.9770 	DATA 	TR 414 | TR1 207 | TR2 207
646.1436 	DATA 	Target presented
646.5435 	DATA 	Keypress: 5
646.5435 	DATA 	TR 415 | TR1 208 | TR2 207
646.7601 	DATA 	Keypress: 1
646.7601 	DATA 	Key1 pressed
646.7601 	DATA 	Target detected
648.0933 	DATA 	Keypress: 5
648.0933 	DATA 	TR 416 | TR1 208 | TR2 208
649.6599 	DATA 	Keypress: 5
649.6599 	DATA 	TR 417 | TR1 209 | TR2 208
651.2098 	DATA 	Keypress: 5
651.2099 	DATA 	TR 418 | TR1 209 | TR2 209
652.7929 	DATA 	Keypress: 5
652.7929 	DATA 	TR 419 | TR1 210 | TR2 209
654.3427 	DATA 	Keypress: 5
654.3428 	DATA 	TR 420 | TR1 210 | TR2 210
655.9093 	DATA 	Keypress: 5
655.9093 	DATA 	TR 421 | TR1 211 | TR2 210
657.4591 	DATA 	Keypress: 5
657.4592 	DATA 	TR 422 | TR1 211 | TR2 211
659.0423 	DATA 	Keypress: 5
659.0424 	DATA 	TR 423 | TR1 212 | TR2 211
660.5923 	DATA 	Keypress: 5
660.5923 	DATA 	TR 424 | TR1 212 | TR2 212
661.1921 	DATA 	
661.1921 	DATA 	Trial complete
661.1921 	DATA 	Waiting for VASO trigger to start next trial
661.1921 	DATA 	
662.1587 	DATA 	Keypress: 5
662.1588 	DATA 	Waited 0.9666531085968018 seconds for trigger
662.1595 	DATA 	
662.1595 	DATA 	Trial 18
662.1595 	DATA 	stimDur = 1.0
662.1596 	DATA 	jitter = 0.0
662.1596 	DATA 	restDur = 20.0

662.1596 	DATA 	
662.1596 	DATA 	TR 425 | TR1 213 | TR2 212
662.1596 	DATA 	
662.1596 	DATA 	stimulation started
662.1596 	DATA 	
663.1753 	DATA 	
663.1753 	DATA 	stimulation stopped
663.1753 	DATA 	
663.7085 	DATA 	Keypress: 5
663.7086 	DATA 	TR 426 | TR1 213 | TR2 213
665.2757 	DATA 	Keypress: 5
665.2917 	DATA 	TR 427 | TR1 214 | TR2 213
666.8416 	DATA 	Keypress: 5
666.8416 	DATA 	TR 428 | TR1 214 | TR2 214
668.4082 	DATA 	Keypress: 5
668.4082 	DATA 	TR 429 | TR1 215 | TR2 214
669.9580 	DATA 	Keypress: 5
669.9580 	DATA 	TR 430 | TR1 215 | TR2 215
671.5245 	DATA 	Keypress: 5
671.5246 	DATA 	TR 431 | TR1 216 | TR2 215
673.0743 	DATA 	Keypress: 5
673.0744 	DATA 	TR 432 | TR1 216 | TR2 216
674.6576 	DATA 	Keypress: 5
674.6576 	DATA 	TR 433 | TR1 217 | TR2 216
676.2074 	DATA 	Keypress: 5
676.2075 	DATA 	TR 434 | TR1 217 | TR2 217
677.7739 	DATA 	Keypress: 5
677.7740 	DATA 	TR 435 | TR1 218 | TR2 217
679.3238 	DATA 	Keypress: 5
679.3239 	DATA 	TR 436 | TR1 218 | TR2 218
680.9070 	DATA 	Keypress: 5
680.9071 	DATA 	TR 437 | TR1 219 | TR2 218
682.4568 	DATA 	Keypress: 5
682.4569 	DATA 	TR 438 | TR1 219 | TR2 219
683.1734 	DATA 	
683.1734 	DATA 	Trial complete
683.1734 	DATA 	Waiting for VASO trigger to start next trial
683.1734 	DATA 	
684.0234 	DATA 	Keypress: 5
684.0234 	DATA 	Waited 0.8500089645385742 seconds for trigger
684.0242 	DATA 	
684.0242 	DATA 	Trial 19
684.0242 	DATA 	stimDur = 24.0
684.0242 	DATA 	jitter = 2.35575
684.0242 	DATA 	restDur = 40.0

684.0242 	DATA 	
684.0242 	DATA 	TR 439 | TR1 220 | TR2 219
685.5733 	DATA 	Keypress: 5
685.5734 	DATA 	TR 440 | TR1 220 | TR2 220
686.3898 	DATA 	
686.3898 	DATA 	stimulation started
686.3898 	DATA 	
687.1398 	DATA 	Keypress: 5
687.1399 	DATA 	TR 441 | TR1 221 | TR2 220
688.6904 	DATA 	Keypress: 5
688.7063 	DATA 	TR 442 | TR1 221 | TR2 221
690.2730 	DATA 	Keypress: 5
690.2730 	DATA 	TR 443 | TR1 222 | TR2 221
690.6228 	DATA 	Target presented
691.1395 	DATA 	Keypress: 1
691.1395 	DATA 	Key1 pressed
691.1395 	DATA 	Target detected
691.8227 	DATA 	Keypress: 5
691.8227 	DATA 	TR 444 | TR1 222 | TR2 222
693.3894 	DATA 	Keypress: 5
693.3894 	DATA 	TR 445 | TR1 223 | TR2 222
694.9391 	DATA 	Keypress: 5
694.9391 	DATA 	TR 446 | TR1 223 | TR2 223
696.5223 	DATA 	Keypress: 5
696.5223 	DATA 	TR 447 | TR1 224 | TR2 223
698.0721 	DATA 	Keypress: 5
698.0722 	DATA 	TR 448 | TR1 224 | TR2 224
699.6387 	DATA 	Keypress: 5
699.6387 	DATA 	TR 449 | TR1 225 | TR2 224
701.1885 	DATA 	Keypress: 5
701.1886 	DATA 	TR 450 | TR1 225 | TR2 225
702.7552 	DATA 	Keypress: 5
702.7553 	DATA 	TR 451 | TR1 226 | TR2 225
704.3215 	DATA 	Keypress: 5
704.3216 	DATA 	TR 452 | TR1 226 | TR2 226
705.8881 	DATA 	Keypress: 5
705.8882 	DATA 	TR 453 | TR1 227 | TR2 226
707.4379 	DATA 	Keypress: 5
707.4380 	DATA 	TR 454 | TR1 227 | TR2 227
709.0045 	DATA 	Keypress: 5
709.0046 	DATA 	TR 455 | TR1 228 | TR2 227
710.3876 	DATA 	
710.3876 	DATA 	stimulation stopped
710.3877 	DATA 	
710.5543 	DATA 	Keypress: 5
710.5543 	DATA 	TR 456 | TR1 228 | TR2 228
712.1375 	DATA 	Keypress: 5
712.1375 	DATA 	TR 457 | TR1 229 | TR2 228
713.6873 	DATA 	Keypress: 5
713.6873 	DATA 	TR 458 | TR1 229 | TR2 229
715.2540 	DATA 	Keypress: 5
715.2540 	DATA 	TR 459 | TR1 230 | TR2 229
716.8039 	DATA 	Keypress: 5
716.8039 	DATA 	TR 460 | TR1 230 | TR2 230
718.3869 	DATA 	Keypress: 5
718.3869 	DATA 	TR 461 | TR1 231 | TR2 230
719.9367 	DATA 	Keypress: 5
719.9368 	DATA 	TR 462 | TR1 231 | TR2 231
721.5033 	DATA 	Keypress: 5
721.5034 	DATA 	TR 463 | TR1 232 | TR2 231
723.0532 	DATA 	Keypress: 5
723.0532 	DATA 	TR 464 | TR1 232 | TR2 232
724.6197 	DATA 	Keypress: 5
724.6197 	DATA 	TR 465 | TR1 233 | TR2 232
726.1701 	DATA 	Keypress: 5
726.1861 	DATA 	TR 466 | TR1 233 | TR2 233
727.7527 	DATA 	Keypress: 5
727.7527 	DATA 	TR 467 | TR1 234 | TR2 233
729.3026 	DATA 	Keypress: 5
729.3026 	DATA 	TR 468 | TR1 234 | TR2 234
730.8691 	DATA 	Keypress: 5
730.8691 	DATA 	TR 469 | TR1 235 | TR2 234
732.4189 	DATA 	Keypress: 5
732.4190 	DATA 	TR 470 | TR1 235 | TR2 235
734.0021 	DATA 	Keypress: 5
734.0021 	DATA 	TR 471 | TR1 236 | TR2 235
735.5520 	DATA 	Keypress: 5
735.5520 	DATA 	TR 472 | TR1 236 | TR2 236
737.1185 	DATA 	Keypress: 5
737.1185 	DATA 	TR 473 | TR1 237 | TR2 236
738.6684 	DATA 	Keypress: 5
738.6684 	DATA 	TR 474 | TR1 237 | TR2 237
740.2355 	DATA 	Keypress: 5
740.2515 	DATA 	TR 475 | TR1 238 | TR2 237
741.8014 	DATA 	Keypress: 5
741.8015 	DATA 	TR 476 | TR1 238 | TR2 238
743.3679 	DATA 	Keypress: 5
743.3680 	DATA 	TR 477 | TR1 239 | TR2 238
744.9178 	DATA 	Keypress: 5
744.9178 	DATA 	TR 478 | TR1 239 | TR2 239
746.4843 	DATA 	Keypress: 5
746.4843 	DATA 	TR 479 | TR1 240 | TR2 239
748.0342 	DATA 	Keypress: 5
748.0342 	DATA 	TR 480 | TR1 240 | TR2 240
749.6173 	DATA 	Keypress: 5
749.6174 	DATA 	TR 481 | TR1 241 | TR2 240
750.3839 	DATA 	
750.3839 	DATA 	Trial complete
750.3839 	DATA 	
751.1672 	DATA 	Keypress: 5
751.1673 	DATA 	TR 482 | TR1 241 | TR2 241
752.7337 	DATA 	Keypress: 5
752.7338 	DATA 	Waited 69.5603518486023 seconds for trigger
752.7346 	DATA 	
752.7346 	DATA 	Trial 20
752.7346 	DATA 	stimDur = 12.0
752.7346 	DATA 	jitter = 1.5705
752.7346 	DATA 	restDur = 30.0

752.7346 	DATA 	
752.7346 	DATA 	TR 483 | TR1 242 | TR2 241
754.2836 	DATA 	Keypress: 5
754.2837 	DATA 	TR 484 | TR1 242 | TR2 242
754.3171 	DATA 	
754.3171 	DATA 	stimulation started
754.3171 	DATA 	
755.8668 	DATA 	Keypress: 5
755.8669 	DATA 	TR 485 | TR1 243 | TR2 242
757.4167 	DATA 	Keypress: 5
757.4168 	DATA 	TR 486 | TR1 243 | TR2 243
758.9834 	DATA 	Keypress: 5
758.9834 	DATA 	TR 487 | TR1 244 | TR2 243
760.5332 	DATA 	Keypress: 5
760.5333 	DATA 	TR 488 | TR1 244 | TR2 244
762.0996 	DATA 	Keypress: 5
762.0997 	DATA 	TR 489 | TR1 245 | TR2 244
763.6662 	DATA 	Keypress: 5
763.6662 	DATA 	TR 490 | TR1 245 | TR2 245
765.2326 	DATA 	Keypress: 5
765.2327 	DATA 	TR 491 | TR1 246 | TR2 245
766.3158 	DATA 	
766.3158 	DATA 	stimulation stopped
766.3158 	DATA 	
766.7825 	DATA 	Keypress: 5
766.7825 	DATA 	TR 492 | TR1 246 | TR2 246
768.3489 	DATA 	Keypress: 5
768.3490 	DATA 	TR 493 | TR1 247 | TR2 246
769.3989 	DATA 	Target presented
769.8155 	DATA 	Keypress: 1
769.8156 	DATA 	Key1 pressed
769.8156 	DATA 	Target detected
769.8988 	DATA 	Keypress: 5
769.8988 	DATA 	TR 494 | TR1 247 | TR2 247
771.4820 	DATA 	Keypress: 5
771.4821 	DATA 	TR 495 | TR1 248 | TR2 247
773.0321 	DATA 	Keypress: 5
773.0321 	DATA 	TR 496 | TR1 248 | TR2 248
774.5984 	DATA 	Keypress: 5
774.5984 	DATA 	TR 497 | TR1 249 | TR2 248
776.1483 	DATA 	Keypress: 5
776.1483 	DATA 	TR 498 | TR1 249 | TR2 249
777.7314 	DATA 	Keypress: 5
777.7315 	DATA 	TR 499 | TR1 250 | TR2 249
779.2813 	DATA 	Keypress: 5
779.2814 	DATA 	TR 500 | TR1 250 | TR2 250
780.8478 	DATA 	Keypress: 5
780.8479 	DATA 	TR 501 | TR1 251 | TR2 250
782.3976 	DATA 	Keypress: 5
782.3976 	DATA 	TR 502 | TR1 251 | TR2 251
783.9643 	DATA 	Keypress: 5
783.9643 	DATA 	TR 503 | TR1 252 | TR2 251
785.5141 	DATA 	Keypress: 5
785.5142 	DATA 	TR 504 | TR1 252 | TR2 252
787.0972 	DATA 	Keypress: 5
787.0973 	DATA 	TR 505 | TR1 253 | TR2 252
788.6471 	DATA 	Keypress: 5
788.6472 	DATA 	TR 506 | TR1 253 | TR2 253
790.2136 	DATA 	Keypress: 5
790.2137 	DATA 	TR 507 | TR1 254 | TR2 253
791.7635 	DATA 	Keypress: 5
791.7636 	DATA 	TR 508 | TR1 254 | TR2 254
793.3467 	DATA 	Keypress: 5
793.3467 	DATA 	TR 509 | TR1 255 | TR2 254
794.8966 	DATA 	Keypress: 5
794.8966 	DATA 	TR 510 | TR1 255 | TR2 255
796.3130 	DATA 	
796.3130 	DATA 	Trial complete
796.3131 	DATA 	
796.4631 	DATA 	Keypress: 5
796.4631 	DATA 	TR 511 | TR1 256 | TR2 255
798.0131 	DATA 	Keypress: 5
798.0131 	DATA 	TR 512 | TR1 256 | TR2 256
799.5795 	DATA 	Keypress: 5
799.5795 	DATA 	TR 513 | TR1 257 | TR2 256
801.1460 	DATA 	Keypress: 5
801.1460 	DATA 	TR 514 | TR1 257 | TR2 257
802.7125 	DATA 	Keypress: 5
802.7125 	DATA 	TR 515 | TR1 258 | TR2 257
804.2624 	DATA 	Keypress: 5
804.2624 	DATA 	TR 516 | TR1 258 | TR2 258
805.8289 	DATA 	Keypress: 5
805.8289 	DATA 	TR 517 | TR1 259 | TR2 258
807.3788 	DATA 	Keypress: 5
807.3788 	DATA 	TR 518 | TR1 259 | TR2 259
808.9619 	DATA 	Keypress: 5
808.9620 	DATA 	TR 519 | TR1 260 | TR2 259
810.5118 	DATA 	Keypress: 5
810.5119 	DATA 	TR 520 | TR1 260 | TR2 260
812.0783 	DATA 	Keypress: 5
812.0784 	DATA 	TR 521 | TR1 261 | TR2 260
813.6282 	DATA 	Keypress: 5
813.6282 	DATA 	TR 522 | TR1 261 | TR2 261
815.2114 	DATA 	Keypress: 5
815.2114 	DATA 	TR 523 | TR1 262 | TR2 261
816.7612 	DATA 	Keypress: 5
816.7613 	DATA 	TR 524 | TR1 262 | TR2 262
818.3279 	DATA 	Keypress: 5
818.3279 	DATA 	TR 525 | TR1 263 | TR2 262
819.8776 	DATA 	Keypress: 5
819.8777 	DATA 	TR 526 | TR1 263 | TR2 263
821.4441 	DATA 	Keypress: 5
821.4442 	DATA 	TR 527 | TR1 264 | TR2 263
822.9946 	DATA 	Keypress: 5
823.0106 	DATA 	TR 528 | TR1 264 | TR2 264
824.5771 	DATA 	Keypress: 5
824.5772 	DATA 	TR 529 | TR1 265 | TR2 264
826.1270 	DATA 	Keypress: 5
826.1271 	DATA 	TR 530 | TR1 265 | TR2 265
827.6935 	DATA 	Keypress: 5
827.6936 	DATA 	TR 531 | TR1 266 | TR2 265
829.2434 	DATA 	Keypress: 5
829.2434 	DATA 	TR 532 | TR1 266 | TR2 266
830.8267 	DATA 	Keypress: 5
830.8268 	DATA 	TR 533 | TR1 267 | TR2 266
832.3765 	DATA 	Keypress: 5
832.3765 	DATA 	TR 534 | TR1 267 | TR2 267
833.9429 	DATA 	Keypress: 5
833.9430 	DATA 	TR 535 | TR1 268 | TR2 267
835.4930 	DATA 	Keypress: 5
835.4930 	DATA 	TR 536 | TR1 268 | TR2 268
837.0599 	DATA 	Keypress: 5
837.0760 	DATA 	TR 537 | TR1 269 | TR2 268
838.6259 	DATA 	Keypress: 5
838.6259 	DATA 	TR 538 | TR1 269 | TR2 269
840.1923 	DATA 	Keypress: 5
840.1924 	DATA 	TR 539 | TR1 270 | TR2 269
841.7423 	DATA 	Keypress: 5
841.7423 	DATA 	TR 540 | TR1 270 | TR2 270
843.3088 	DATA 	Keypress: 5
843.3088 	DATA 	TR 541 | TR1 271 | TR2 270
844.8588 	DATA 	Keypress: 5
844.8588 	DATA 	TR 542 | TR1 271 | TR2 271
846.4418 	DATA 	Keypress: 5
846.4419 	DATA 	TR 543 | TR1 272 | TR2 271
847.9914 	DATA 	Keypress: 5
847.9914 	DATA 	TR 544 | TR1 272 | TR2 272
849.5583 	DATA 	Keypress: 5
849.5584 	DATA 	TR 545 | TR1 273 | TR2 272
851.1081 	DATA 	Keypress: 5
851.1082 	DATA 	TR 546 | TR1 273 | TR2 273
852.6913 	DATA 	Keypress: 5
852.6913 	DATA 	TR 547 | TR1 274 | TR2 273
854.2413 	DATA 	Keypress: 5
854.2413 	DATA 	TR 548 | TR1 274 | TR2 274
855.8076 	DATA 	Keypress: 5
855.8077 	DATA 	TR 549 | TR1 275 | TR2 274
857.3575 	DATA 	Keypress: 5
857.3576 	DATA 	TR 550 | TR1 275 | TR2 275
858.9241 	DATA 	Keypress: 5
858.9241 	DATA 	TR 551 | TR1 276 | TR2 275
860.4745 	DATA 	Keypress: 5
860.4906 	DATA 	TR 552 | TR1 276 | TR2 276
862.0572 	DATA 	Keypress: 5
862.0573 	DATA 	TR 553 | TR1 277 | TR2 276
863.6069 	DATA 	Keypress: 5
863.6070 	DATA 	TR 554 | TR1 277 | TR2 277
864.3235 	DATA 	EndOfRun sub-08_ses-03_run-03

864.3235 	DATA 	We spent 93.75964546203613 seconds waiting for triggers
864.3235 	DATA 	RatioOfDetectedTargets 1.0
864.3235 	DATA 	You have detected 12 out of 12 targets.
869.1458 	DATA 	Keypress: 5
869.1460 	DATA 	Keypress: 5
869.3534 	EXP 	window1: mouseVisible = True
