MonitorDistance=99cm
MonitorWidth=30cm
PixelWidth=1920.0
PixelHeight=1200.0
You have detected 9 out of 10 targets.
Well done! Keep up the good work
9.2049 	INFO 	Loaded monitor calibration from ['2022_07_20 19:17']
10.4142 	EXP 	Created window1 = Window(allowGUI=False, allowStencil=False, autoLog=True, backendConf=UNKNOWN, bitsMode=UNKNOWN, blendMode='avg', bpc=(8, 8, 8), color=array([-0.5, -0.5, -0.5]), colorSpace='rgb', depthBits=8, fullscr=<method-wrapper '__getattribute__' of attributeSetter object at 0x7fbda253c880>, gamma=None, gammaErrorPolicy='raise', lms=UNKNOWN, monitor=<psychopy.monitors.calibTools.Monitor object at 0x7fbd57d73d60>, multiSample=False, name='window1', numSamples=2, pos=[0.0, 0.0], screen=0, size=array([1920, 1200]), stencilBits=0, stereo=False, units='deg', useFBO=False, useRetina=False, viewOri=0.0, viewPos=None, viewScale=None, waitBlanking=True, winType='pyglet')
10.4143 	EXP 	window1: mouseVisible = True
10.4545 	EXP 	Created unnamed TextStim = TextStim(__class__=<class 'psychopy.visual.text.TextStim'>, alignHoriz=method-wrapper(...), alignText='center', alignVert=method-wrapper(...), anchorHoriz='center', anchorVert='center', antialias=True, autoDraw=False, autoLog=True, bold=False, color=array([1., 1., 1.]), colorSpace='rgb', contrast=1.0, depth=0, flipHoriz=False, flipVert=False, font='', fontFiles=[], height=0.49999999999999994, italic=False, languageStyle='LTR', name='unnamed TextStim', opacity=1.0, ori=0.0, pos=array([0., 0.]), rgb=UNKNOWN, text=str(...), units='deg', win=Window(...), wrapWidth=15.0)
10.4799 	EXP 	Created Movie Frame 0 = ImageStim(__class__=<class 'psychopy.visual.image.ImageStim'>, anchor=('center', 'center'), autoLog=True, color=array([1., 1., 1.]), colorSpace='rgb', contrast=1.0, depth=0, flipHoriz=False, flipVert=False, image='visual_0.png', interpolate=False, mask=None, maskParams=None, name='Movie Frame 0', opacity=1.0, ori=0.0, pos=array([0., 0.]), size=array([1024.,  768.]), texRes=128, units='pix', win=Window(...))
10.4972 	EXP 	Created Movie Frame 1 = ImageStim(__class__=<class 'psychopy.visual.image.ImageStim'>, anchor=('center', 'center'), autoLog=True, color=array([1., 1., 1.]), colorSpace='rgb', contrast=1.0, depth=0, flipHoriz=False, flipVert=False, image='visual_1.png', interpolate=False, mask=None, maskParams=None, name='Movie Frame 1', opacity=1.0, ori=0.0, pos=array([0., 0.]), size=array([1024.,  768.]), texRes=128, units='pix', win=Window(...))
28.1340 	DATA 	Keypress: 5
0.0000 	DATA 	StartOfRun sub-02_ses-01_run-03
0.0000 	DATA 	TR 1 | TR1 1 | TR2 0
0.0158 	DATA 	Initial baseline

0.5134 	DATA 	Keypress: 5
0.5138 	DATA 	TR 2 | TR1 1 | TR2 1
3.3951 	DATA 	Keypress: 5
3.3956 	DATA 	TR 3 | TR1 2 | TR2 1
3.9092 	DATA 	Keypress: 5
3.9096 	DATA 	TR 4 | TR1 2 | TR2 2
6.7928 	DATA 	Keypress: 5
6.7930 	DATA 	TR 5 | TR1 3 | TR2 2
7.3067 	DATA 	Keypress: 5
7.3070 	DATA 	TR 6 | TR1 3 | TR2 3
10.1922 	DATA 	Keypress: 5
10.1926 	DATA 	TR 7 | TR1 4 | TR2 3
10.7064 	DATA 	Keypress: 5
10.7068 	DATA 	TR 8 | TR1 4 | TR2 4
13.5911 	DATA 	Keypress: 5
13.5914 	DATA 	TR 9 | TR1 5 | TR2 4
14.1052 	DATA 	Keypress: 5
14.1055 	DATA 	TR 10 | TR1 5 | TR2 5
16.9970 	DATA 	Keypress: 5
16.9990 	DATA 	
16.9990 	DATA 	Trial 1
16.9991 	DATA 	stimDur = 12.0
16.9991 	DATA 	jitter = 0.86175
16.9991 	DATA 	restDur = 20.0

16.9991 	DATA 	
16.9991 	DATA 	TR 11 | TR1 6 | TR2 5
17.5168 	DATA 	Keypress: 5
17.5172 	DATA 	TR 12 | TR1 6 | TR2 6
17.8643 	DATA 	
17.8643 	DATA 	stimulation started
17.8643 	DATA 	
20.3957 	DATA 	Keypress: 5
20.3960 	DATA 	TR 13 | TR1 7 | TR2 6
20.9153 	DATA 	Keypress: 5
20.9157 	DATA 	TR 14 | TR1 7 | TR2 7
23.7990 	DATA 	Keypress: 5
23.7994 	DATA 	TR 15 | TR1 8 | TR2 7
24.3189 	DATA 	Keypress: 5
24.3193 	DATA 	TR 16 | TR1 8 | TR2 8
27.1971 	DATA 	Keypress: 5
27.1974 	DATA 	TR 17 | TR1 9 | TR2 8
27.7172 	DATA 	Keypress: 5
27.7177 	DATA 	TR 18 | TR1 9 | TR2 9
29.8636 	DATA 	
29.8637 	DATA 	stimulation stopped
29.8637 	DATA 	
30.5978 	DATA 	Keypress: 5
30.5982 	DATA 	TR 19 | TR1 10 | TR2 9
31.1159 	DATA 	Keypress: 5
31.1163 	DATA 	TR 20 | TR1 10 | TR2 10
33.9829 	DATA 	Keypress: 5
33.9832 	DATA 	TR 21 | TR1 11 | TR2 10
34.4990 	DATA 	Keypress: 5
34.4994 	DATA 	TR 22 | TR1 11 | TR2 11
37.3827 	DATA 	Keypress: 5
37.3966 	DATA 	TR 23 | TR1 12 | TR2 11
37.8977 	DATA 	Keypress: 5
37.8979 	DATA 	TR 24 | TR1 12 | TR2 12
40.7819 	DATA 	Keypress: 5
40.7822 	DATA 	TR 25 | TR1 13 | TR2 12
41.2963 	DATA 	Keypress: 5
41.2967 	DATA 	TR 26 | TR1 13 | TR2 13
44.1823 	DATA 	Keypress: 5
44.1826 	DATA 	TR 27 | TR1 14 | TR2 13
44.6951 	DATA 	Keypress: 5
44.6954 	DATA 	TR 28 | TR1 14 | TR2 14
47.5804 	DATA 	Keypress: 5
47.5807 	DATA 	TR 29 | TR1 15 | TR2 14
48.0979 	DATA 	Keypress: 5
48.0982 	DATA 	TR 30 | TR1 15 | TR2 15
49.8620 	DATA 	
49.8620 	DATA 	Trial complete
49.8620 	DATA 	Waiting for VASO trigger to start next trial
49.8620 	DATA 	
50.9796 	DATA 	Keypress: 5
50.9807 	DATA 	
50.9807 	DATA 	Trial 2
50.9807 	DATA 	stimDur = 4.0
50.9807 	DATA 	jitter = 0.86175
50.9807 	DATA 	restDur = 16.0

50.9807 	DATA 	
50.9807 	DATA 	TR 31 | TR1 16 | TR2 15
51.4983 	DATA 	Keypress: 5
51.4986 	DATA 	TR 32 | TR1 16 | TR2 16
51.8484 	DATA 	
51.8484 	DATA 	stimulation started
51.8484 	DATA 	
54.3830 	DATA 	Keypress: 5
54.3834 	DATA 	TR 33 | TR1 17 | TR2 16
54.8953 	DATA 	Keypress: 5
54.8956 	DATA 	TR 34 | TR1 17 | TR2 17
55.8455 	DATA 	
55.8456 	DATA 	stimulation stopped
55.8456 	DATA 	
57.7812 	DATA 	Keypress: 5
57.7815 	DATA 	TR 35 | TR1 18 | TR2 17
58.2998 	DATA 	Keypress: 5
58.3002 	DATA 	TR 36 | TR1 18 | TR2 18
61.1799 	DATA 	Keypress: 5
61.1802 	DATA 	TR 37 | TR1 19 | TR2 18
61.6985 	DATA 	Keypress: 5
61.6988 	DATA 	TR 38 | TR1 19 | TR2 19
64.5849 	DATA 	Keypress: 5
64.5852 	DATA 	TR 39 | TR1 20 | TR2 19
65.0984 	DATA 	Keypress: 5
65.0989 	DATA 	TR 40 | TR1 20 | TR2 20
67.9826 	DATA 	Keypress: 5
67.9831 	DATA 	TR 41 | TR1 21 | TR2 20
68.5002 	DATA 	Keypress: 5
68.5005 	DATA 	TR 42 | TR1 21 | TR2 21
71.3805 	DATA 	Keypress: 5
71.3808 	DATA 	TR 43 | TR1 22 | TR2 21
71.8468 	DATA 	
71.8468 	DATA 	Trial complete
71.8468 	DATA 	Waiting for VASO trigger to start next trial
71.8468 	DATA 	
71.8999 	DATA 	Keypress: 5
71.9003 	DATA 	TR 44 | TR1 22 | TR2 22
74.7801 	DATA 	Keypress: 5
74.7815 	DATA 	
74.7815 	DATA 	Trial 3
74.7815 	DATA 	stimDur = 1.0
74.7815 	DATA 	jitter = 2.5852500000000003
74.7815 	DATA 	restDur = 12.0

74.7815 	DATA 	
74.7816 	DATA 	TR 45 | TR1 23 | TR2 22
75.2813 	DATA 	Keypress: 5
75.2960 	DATA 	TR 46 | TR1 23 | TR2 23
76.8971 	DATA 	Target presented
77.3657 	DATA 	Keypress: 1
77.3665 	DATA 	Key1 pressed
77.3665 	DATA 	Target detected
77.3665 	DATA 	
77.3665 	DATA 	stimulation started
77.3665 	DATA 	
78.1652 	DATA 	Keypress: 5
78.1655 	DATA 	TR 47 | TR1 24 | TR2 23
78.3832 	DATA 	
78.3833 	DATA 	stimulation stopped
78.3833 	DATA 	
78.6844 	DATA 	Keypress: 5
78.6848 	DATA 	TR 48 | TR1 24 | TR2 24
81.5657 	DATA 	Keypress: 5
81.5660 	DATA 	TR 49 | TR1 25 | TR2 24
82.0806 	DATA 	Keypress: 5
82.0808 	DATA 	TR 50 | TR1 25 | TR2 25
84.9646 	DATA 	Keypress: 5
84.9648 	DATA 	TR 51 | TR1 26 | TR2 25
85.4798 	DATA 	Keypress: 5
85.4801 	DATA 	TR 52 | TR1 26 | TR2 26
88.3659 	DATA 	Keypress: 5
88.3663 	DATA 	TR 53 | TR1 27 | TR2 26
88.8823 	DATA 	Keypress: 5
88.8826 	DATA 	TR 54 | TR1 27 | TR2 27
90.3791 	DATA 	
90.3791 	DATA 	Trial complete
90.3791 	DATA 	Waiting for VASO trigger to start next trial
90.3792 	DATA 	
91.7640 	DATA 	Keypress: 5
91.7650 	DATA 	
91.7650 	DATA 	Trial 4
91.7650 	DATA 	stimDur = 4.0
91.7650 	DATA 	jitter = 2.5852500000000003
91.7650 	DATA 	restDur = 16.0

91.7650 	DATA 	
91.7650 	DATA 	TR 55 | TR1 28 | TR2 27
92.2813 	DATA 	Keypress: 5
92.2816 	DATA 	TR 56 | TR1 28 | TR2 28
94.3500 	DATA 	
94.3500 	DATA 	stimulation started
94.3500 	DATA 	
95.1629 	DATA 	Keypress: 5
95.1632 	DATA 	TR 57 | TR1 29 | TR2 28
95.6815 	DATA 	Keypress: 5
95.6819 	DATA 	TR 58 | TR1 29 | TR2 29
98.3669 	DATA 	
98.3669 	DATA 	stimulation stopped
98.3669 	DATA 	
98.5675 	DATA 	Keypress: 5
98.5678 	DATA 	TR 59 | TR1 30 | TR2 29
99.0826 	DATA 	Keypress: 5
99.0829 	DATA 	TR 60 | TR1 30 | TR2 30
101.9669 	DATA 	Keypress: 5
101.9673 	DATA 	TR 61 | TR1 31 | TR2 30
102.4844 	DATA 	Keypress: 5
102.4849 	DATA 	TR 62 | TR1 31 | TR2 31
105.3643 	DATA 	Keypress: 5
105.3647 	DATA 	TR 63 | TR1 32 | TR2 31
105.8814 	DATA 	Keypress: 5
105.8820 	DATA 	TR 64 | TR1 32 | TR2 32
108.7656 	DATA 	Keypress: 5
108.7660 	DATA 	TR 65 | TR1 33 | TR2 32
109.2683 	DATA 	Keypress: 5
109.2685 	DATA 	TR 66 | TR1 33 | TR2 33
112.1659 	DATA 	Keypress: 5
112.1663 	DATA 	TR 67 | TR1 34 | TR2 33
112.6841 	DATA 	Keypress: 5
112.6844 	DATA 	TR 68 | TR1 34 | TR2 34
114.3678 	DATA 	
114.3678 	DATA 	Trial complete
114.3678 	DATA 	Waiting for VASO trigger to start next trial
114.3678 	DATA 	
115.5636 	DATA 	Keypress: 5
115.5647 	DATA 	
115.5647 	DATA 	Trial 5
115.5647 	DATA 	stimDur = 2.0
115.5647 	DATA 	jitter = 0.0
115.5647 	DATA 	restDur = 14.0

115.5647 	DATA 	
115.5647 	DATA 	TR 69 | TR1 35 | TR2 34
115.5648 	DATA 	
115.5648 	DATA 	stimulation started
115.5648 	DATA 	
116.0653 	DATA 	Keypress: 5
116.0658 	DATA 	TR 70 | TR1 35 | TR2 35
117.5663 	DATA 	
117.5663 	DATA 	stimulation stopped
117.5663 	DATA 	
118.9511 	DATA 	Keypress: 5
118.9514 	DATA 	TR 71 | TR1 36 | TR2 35
119.4666 	DATA 	Keypress: 5
119.4669 	DATA 	TR 72 | TR1 36 | TR2 36
122.3510 	DATA 	Keypress: 5
122.3514 	DATA 	TR 73 | TR1 37 | TR2 36
122.8655 	DATA 	Keypress: 5
122.8658 	DATA 	TR 74 | TR1 37 | TR2 37
125.7488 	DATA 	Keypress: 5
125.7491 	DATA 	TR 75 | TR1 38 | TR2 37
126.2640 	DATA 	Keypress: 5
126.2643 	DATA 	TR 76 | TR1 38 | TR2 38
127.8815 	DATA 	Target presented
128.3155 	DATA 	Keypress: 1
128.3161 	DATA 	Key1 pressed
128.3161 	DATA 	Target detected
129.1525 	DATA 	Keypress: 5
129.1528 	DATA 	TR 77 | TR1 39 | TR2 38
129.6670 	DATA 	Keypress: 5
129.6674 	DATA 	TR 78 | TR1 39 | TR2 39
131.5656 	DATA 	
131.5656 	DATA 	Trial complete
131.5657 	DATA 	Waiting for VASO trigger to start next trial
131.5657 	DATA 	
132.5504 	DATA 	Keypress: 5
132.5516 	DATA 	
132.5516 	DATA 	Trial 6
132.5516 	DATA 	stimDur = 1.0
132.5516 	DATA 	jitter = 0.0
132.5516 	DATA 	restDur = 12.0

132.5516 	DATA 	
132.5516 	DATA 	TR 79 | TR1 40 | TR2 39
132.5516 	DATA 	
132.5516 	DATA 	stimulation started
132.5516 	DATA 	
133.0661 	DATA 	Keypress: 5
133.0666 	DATA 	TR 80 | TR1 40 | TR2 40
133.5509 	DATA 	
133.5509 	DATA 	stimulation stopped
133.5509 	DATA 	
135.9472 	DATA 	Keypress: 5
135.9475 	DATA 	TR 81 | TR1 41 | TR2 40
136.4671 	DATA 	Keypress: 5
136.4675 	DATA 	TR 82 | TR1 41 | TR2 41
139.3507 	DATA 	Keypress: 5
139.3511 	DATA 	TR 83 | TR1 42 | TR2 41
139.8695 	DATA 	Keypress: 5
139.8698 	DATA 	TR 84 | TR1 42 | TR2 42
142.7507 	DATA 	Keypress: 5
142.7510 	DATA 	TR 85 | TR1 43 | TR2 42
143.2671 	DATA 	Keypress: 5
143.2675 	DATA 	TR 86 | TR1 43 | TR2 43
145.5635 	DATA 	
145.5635 	DATA 	Trial complete
145.5635 	DATA 	Waiting for VASO trigger to start next trial
145.5635 	DATA 	
146.1493 	DATA 	Keypress: 5
146.1507 	DATA 	
146.1507 	DATA 	Trial 7
146.1508 	DATA 	stimDur = 12.0
146.1508 	DATA 	jitter = 0.0
146.1508 	DATA 	restDur = 20.0

146.1508 	DATA 	
146.1508 	DATA 	TR 87 | TR1 44 | TR2 43
146.1508 	DATA 	
146.1508 	DATA 	stimulation started
146.1508 	DATA 	
146.6670 	DATA 	Keypress: 5
146.6673 	DATA 	TR 88 | TR1 44 | TR2 44
149.5533 	DATA 	Keypress: 5
149.5538 	DATA 	TR 89 | TR1 45 | TR2 44
150.0665 	DATA 	Keypress: 5
150.0670 	DATA 	TR 90 | TR1 45 | TR2 45
152.9513 	DATA 	Keypress: 5
152.9516 	DATA 	TR 91 | TR1 46 | TR2 45
153.4518 	DATA 	Keypress: 5
153.4520 	DATA 	TR 92 | TR1 46 | TR2 46
156.3490 	DATA 	Keypress: 5
156.3493 	DATA 	TR 93 | TR1 47 | TR2 46
156.8504 	DATA 	Keypress: 5
156.8507 	DATA 	TR 94 | TR1 47 | TR2 47
158.1509 	DATA 	
158.1509 	DATA 	stimulation stopped
158.1509 	DATA 	
159.7340 	DATA 	Keypress: 5
159.7342 	DATA 	TR 95 | TR1 48 | TR2 47
160.2473 	DATA 	Keypress: 5
160.2476 	DATA 	TR 96 | TR1 48 | TR2 48
163.1347 	DATA 	Keypress: 5
163.1350 	DATA 	TR 97 | TR1 49 | TR2 48
163.6516 	DATA 	Keypress: 5
163.6519 	DATA 	TR 98 | TR1 49 | TR2 49
166.5334 	DATA 	Keypress: 5
166.5337 	DATA 	TR 99 | TR1 50 | TR2 49
167.0503 	DATA 	Keypress: 5
167.0505 	DATA 	TR 100 | TR1 50 | TR2 50
169.9341 	DATA 	Keypress: 5
169.9343 	DATA 	TR 101 | TR1 51 | TR2 50
170.4483 	DATA 	Keypress: 5
170.4488 	DATA 	TR 102 | TR1 51 | TR2 51
173.3357 	DATA 	Keypress: 5
173.3360 	DATA 	TR 103 | TR1 52 | TR2 51
173.8526 	DATA 	Keypress: 5
173.8530 	DATA 	TR 104 | TR1 52 | TR2 52
176.7000 	DATA 	Target presented
176.7334 	DATA 	Keypress: 5
176.7337 	DATA 	TR 105 | TR1 53 | TR2 52
177.0820 	DATA 	Keypress: 1
177.0827 	DATA 	Key1 pressed
177.0828 	DATA 	Target detected
177.2506 	DATA 	Keypress: 5
177.2509 	DATA 	TR 106 | TR1 53 | TR2 53
178.1511 	DATA 	
178.1511 	DATA 	Trial complete
178.1511 	DATA 	Waiting for VASO trigger to start next trial
178.1511 	DATA 	
180.1323 	DATA 	Keypress: 5
180.1334 	DATA 	
180.1335 	DATA 	Trial 8
180.1335 	DATA 	stimDur = 2.0
180.1335 	DATA 	jitter = 0.86175
180.1335 	DATA 	restDur = 14.0

180.1335 	DATA 	
180.1335 	DATA 	TR 107 | TR1 54 | TR2 53
180.6498 	DATA 	Keypress: 5
180.6502 	DATA 	TR 108 | TR1 54 | TR2 54
180.9972 	DATA 	
180.9972 	DATA 	stimulation started
180.9972 	DATA 	
183.0009 	DATA 	
183.0010 	DATA 	stimulation stopped
183.0010 	DATA 	
183.5334 	DATA 	Keypress: 5
183.5337 	DATA 	TR 109 | TR1 55 | TR2 54
184.0504 	DATA 	Keypress: 5
184.0507 	DATA 	TR 110 | TR1 55 | TR2 55
186.9324 	DATA 	Keypress: 5
186.9328 	DATA 	TR 111 | TR1 56 | TR2 55
187.4507 	DATA 	Keypress: 5
187.4509 	DATA 	TR 112 | TR1 56 | TR2 56
190.3338 	DATA 	Keypress: 5
190.3343 	DATA 	TR 113 | TR1 57 | TR2 56
190.8485 	DATA 	Keypress: 5
190.8489 	DATA 	TR 114 | TR1 57 | TR2 57
193.7191 	DATA 	Keypress: 5
193.7194 	DATA 	TR 115 | TR1 58 | TR2 57
194.2361 	DATA 	Keypress: 5
194.2364 	DATA 	TR 116 | TR1 58 | TR2 58
197.0001 	DATA 	
197.0001 	DATA 	Trial complete
197.0002 	DATA 	Waiting for VASO trigger to start next trial
197.0002 	DATA 	
197.1349 	DATA 	Keypress: 5
197.1359 	DATA 	
197.1359 	DATA 	Trial 9
197.1359 	DATA 	stimDur = 24.0
197.1359 	DATA 	jitter = 2.5852500000000003
197.1359 	DATA 	restDur = 24.0

197.1359 	DATA 	
197.1359 	DATA 	TR 117 | TR1 59 | TR2 58
197.6329 	DATA 	Keypress: 5
197.6332 	DATA 	TR 118 | TR1 59 | TR2 59
199.7351 	DATA 	
199.7351 	DATA 	stimulation started
199.7351 	DATA 	
200.5168 	DATA 	Keypress: 5
200.5171 	DATA 	TR 119 | TR1 60 | TR2 59
201.0332 	DATA 	Keypress: 5
201.0335 	DATA 	TR 120 | TR1 60 | TR2 60
203.9173 	DATA 	Keypress: 5
203.9176 	DATA 	TR 121 | TR1 61 | TR2 60
204.4376 	DATA 	Keypress: 5
204.4379 	DATA 	TR 122 | TR1 61 | TR2 61
207.3172 	DATA 	Keypress: 5
207.3177 	DATA 	TR 123 | TR1 62 | TR2 61
207.8329 	DATA 	Keypress: 5
207.8332 	DATA 	TR 124 | TR1 62 | TR2 62
210.7156 	DATA 	Keypress: 5
210.7160 	DATA 	TR 125 | TR1 63 | TR2 62
211.2317 	DATA 	Keypress: 5
211.2320 	DATA 	TR 126 | TR1 63 | TR2 63
214.1177 	DATA 	Keypress: 5
214.1180 	DATA 	TR 127 | TR1 64 | TR2 63
214.6346 	DATA 	Keypress: 5
214.6350 	DATA 	TR 128 | TR1 64 | TR2 64
217.5163 	DATA 	Keypress: 5
217.5166 	DATA 	TR 129 | TR1 65 | TR2 64
218.0340 	DATA 	Keypress: 5
218.0343 	DATA 	TR 130 | TR1 65 | TR2 65
220.9173 	DATA 	Keypress: 5
220.9176 	DATA 	TR 131 | TR1 66 | TR2 65
221.4350 	DATA 	Keypress: 5
221.4354 	DATA 	TR 132 | TR1 66 | TR2 66
223.7339 	DATA 	
223.7339 	DATA 	stimulation stopped
223.7339 	DATA 	
224.3183 	DATA 	Keypress: 5
224.3186 	DATA 	TR 133 | TR1 67 | TR2 66
224.8213 	DATA 	Keypress: 5
224.8343 	DATA 	TR 134 | TR1 67 | TR2 67
227.7185 	DATA 	Keypress: 5
227.7189 	DATA 	TR 135 | TR1 68 | TR2 67
228.2200 	DATA 	Keypress: 5
228.2342 	DATA 	TR 136 | TR1 68 | TR2 68
231.1170 	DATA 	Keypress: 5
231.1173 	DATA 	TR 137 | TR1 69 | TR2 68
231.6354 	DATA 	Keypress: 5
231.6359 	DATA 	TR 138 | TR1 69 | TR2 69
234.5201 	DATA 	Keypress: 5
234.5204 	DATA 	TR 139 | TR1 70 | TR2 69
235.0185 	DATA 	Keypress: 5
235.0188 	DATA 	TR 140 | TR1 70 | TR2 70
237.9195 	DATA 	Keypress: 5
237.9198 	DATA 	TR 141 | TR1 71 | TR2 70
238.4191 	DATA 	Keypress: 5
238.4193 	DATA 	TR 142 | TR1 71 | TR2 71
241.3002 	DATA 	Keypress: 5
241.3190 	DATA 	TR 143 | TR1 72 | TR2 71
241.8188 	DATA 	Keypress: 5
241.8192 	DATA 	TR 144 | TR1 72 | TR2 72
244.7035 	DATA 	Keypress: 5
244.7038 	DATA 	TR 145 | TR1 73 | TR2 72
245.2189 	DATA 	Keypress: 5
245.2192 	DATA 	TR 146 | TR1 73 | TR2 73
247.7349 	DATA 	
247.7350 	DATA 	Trial complete
247.7350 	DATA 	Waiting for VASO trigger to start next trial
247.7350 	DATA 	
248.1006 	DATA 	Keypress: 5
248.1016 	DATA 	
248.1016 	DATA 	Trial 10
248.1016 	DATA 	stimDur = 4.0
248.1016 	DATA 	jitter = 0.0
248.1016 	DATA 	restDur = 16.0

248.1016 	DATA 	
248.1016 	DATA 	TR 147 | TR1 74 | TR2 73
248.1017 	DATA 	
248.1017 	DATA 	stimulation started
248.1017 	DATA 	
248.6177 	DATA 	Keypress: 5
248.6180 	DATA 	TR 148 | TR1 74 | TR2 74
251.4992 	DATA 	Keypress: 5
251.4994 	DATA 	TR 149 | TR1 75 | TR2 74
252.0180 	DATA 	Keypress: 5
252.0183 	DATA 	TR 150 | TR1 75 | TR2 75
252.1181 	DATA 	
252.1181 	DATA 	stimulation stopped
252.1181 	DATA 	
253.0666 	DATA 	Target presented
253.4869 	DATA 	Keypress: 1
253.4877 	DATA 	Key1 pressed
253.4877 	DATA 	Target detected
254.9021 	DATA 	Keypress: 5
254.9024 	DATA 	TR 151 | TR1 76 | TR2 75
255.4150 	DATA 	Keypress: 5
255.4153 	DATA 	TR 152 | TR1 76 | TR2 76
258.3025 	DATA 	Keypress: 5
258.3028 	DATA 	TR 153 | TR1 77 | TR2 76
258.8196 	DATA 	Keypress: 5
258.8198 	DATA 	TR 154 | TR1 77 | TR2 77
261.7015 	DATA 	Keypress: 5
261.7017 	DATA 	TR 155 | TR1 78 | TR2 77
262.2173 	DATA 	Keypress: 5
262.2177 	DATA 	TR 156 | TR1 78 | TR2 78
265.1042 	DATA 	Keypress: 5
265.1045 	DATA 	TR 157 | TR1 79 | TR2 78
265.6154 	DATA 	Keypress: 5
265.6157 	DATA 	TR 158 | TR1 79 | TR2 79
268.1022 	DATA 	
268.1022 	DATA 	Trial complete
268.1022 	DATA 	Waiting for VASO trigger to start next trial
268.1023 	DATA 	
268.5017 	DATA 	Keypress: 5
268.5028 	DATA 	
268.5028 	DATA 	Trial 11
268.5029 	DATA 	stimDur = 24.0
268.5029 	DATA 	jitter = 0.86175
268.5029 	DATA 	restDur = 24.0

268.5029 	DATA 	
268.5029 	DATA 	TR 159 | TR1 80 | TR2 79
269.0182 	DATA 	Keypress: 5
269.0185 	DATA 	TR 160 | TR1 80 | TR2 80
269.3700 	DATA 	
269.3700 	DATA 	stimulation started
269.3700 	DATA 	
271.9007 	DATA 	Keypress: 5
271.9011 	DATA 	TR 161 | TR1 81 | TR2 80
272.4182 	DATA 	Keypress: 5
272.4188 	DATA 	TR 162 | TR1 81 | TR2 81
275.3049 	DATA 	Keypress: 5
275.3052 	DATA 	TR 163 | TR1 82 | TR2 81
275.8187 	DATA 	Keypress: 5
275.8191 	DATA 	TR 164 | TR1 82 | TR2 82
278.7044 	DATA 	Keypress: 5
278.7049 	DATA 	TR 165 | TR1 83 | TR2 82
279.2017 	DATA 	Keypress: 5
279.2021 	DATA 	TR 166 | TR1 83 | TR2 83
282.0855 	DATA 	Keypress: 5
282.0997 	DATA 	TR 167 | TR1 84 | TR2 83
282.6017 	DATA 	Keypress: 5
282.6020 	DATA 	TR 168 | TR1 84 | TR2 84
285.4848 	DATA 	Keypress: 5
285.4852 	DATA 	TR 169 | TR1 85 | TR2 84
286.0013 	DATA 	Keypress: 5
286.0015 	DATA 	TR 170 | TR1 85 | TR2 85
288.8871 	DATA 	Keypress: 5
288.8874 	DATA 	TR 171 | TR1 86 | TR2 85
289.4046 	DATA 	Keypress: 5
289.4050 	DATA 	TR 172 | TR1 86 | TR2 86
292.2839 	DATA 	Keypress: 5
292.2842 	DATA 	TR 173 | TR1 87 | TR2 86
292.8009 	DATA 	Keypress: 5
292.8012 	DATA 	TR 174 | TR1 87 | TR2 87
293.3677 	DATA 	
293.3677 	DATA 	stimulation stopped
293.3677 	DATA 	
295.6854 	DATA 	Keypress: 5
295.6858 	DATA 	TR 175 | TR1 88 | TR2 87
296.1996 	DATA 	Keypress: 5
296.2000 	DATA 	TR 176 | TR1 88 | TR2 88
299.0870 	DATA 	Keypress: 5
299.0873 	DATA 	TR 177 | TR1 89 | TR2 88
299.6047 	DATA 	Keypress: 5
299.6050 	DATA 	TR 178 | TR1 89 | TR2 89
302.4839 	DATA 	Keypress: 5
302.4842 	DATA 	TR 179 | TR1 90 | TR2 89
303.0031 	DATA 	Keypress: 5
303.0035 	DATA 	TR 180 | TR1 90 | TR2 90
305.8847 	DATA 	Keypress: 5
305.8850 	DATA 	TR 181 | TR1 91 | TR2 90
306.4026 	DATA 	Keypress: 5
306.4030 	DATA 	TR 182 | TR1 91 | TR2 91
308.1194 	DATA 	Target presented
308.5200 	DATA 	Keypress: 1
308.5206 	DATA 	Key1 pressed
308.5206 	DATA 	Target detected
309.2886 	DATA 	Keypress: 5
309.2890 	DATA 	TR 183 | TR1 92 | TR2 91
309.8052 	DATA 	Keypress: 5
309.8056 	DATA 	TR 184 | TR1 92 | TR2 92
312.6845 	DATA 	Keypress: 5
312.6848 	DATA 	TR 185 | TR1 93 | TR2 92
313.1869 	DATA 	Keypress: 5
313.1872 	DATA 	TR 186 | TR1 93 | TR2 93
316.0861 	DATA 	Keypress: 5
316.0866 	DATA 	TR 187 | TR1 94 | TR2 93
316.5873 	DATA 	Keypress: 5
316.6007 	DATA 	TR 188 | TR1 94 | TR2 94
317.3674 	DATA 	
317.3674 	DATA 	Trial complete
317.3675 	DATA 	Waiting for VASO trigger to start next trial
317.3675 	DATA 	
319.4714 	DATA 	Keypress: 5
319.4724 	DATA 	
319.4725 	DATA 	Trial 12
319.4725 	DATA 	stimDur = 1.0
319.4725 	DATA 	jitter = 0.86175
319.4725 	DATA 	restDur = 12.0

319.4725 	DATA 	
319.4725 	DATA 	TR 189 | TR1 95 | TR2 94
319.9883 	DATA 	Keypress: 5
319.9886 	DATA 	TR 190 | TR1 95 | TR2 95
320.3364 	DATA 	
320.3365 	DATA 	stimulation started
320.3365 	DATA 	
321.3516 	DATA 	
321.3516 	DATA 	stimulation stopped
321.3516 	DATA 	
322.8686 	DATA 	Keypress: 5
322.8688 	DATA 	TR 191 | TR1 96 | TR2 95
323.3869 	DATA 	Keypress: 5
323.3872 	DATA 	TR 192 | TR1 96 | TR2 96
326.2672 	DATA 	Keypress: 5
326.2675 	DATA 	TR 193 | TR1 97 | TR2 96
326.7839 	DATA 	Keypress: 5
326.7842 	DATA 	TR 194 | TR1 97 | TR2 97
329.6697 	DATA 	Keypress: 5
329.6700 	DATA 	TR 195 | TR1 98 | TR2 97
330.1886 	DATA 	Keypress: 5
330.1889 	DATA 	TR 196 | TR1 98 | TR2 98
333.0685 	DATA 	Keypress: 5
333.0688 	DATA 	TR 197 | TR1 99 | TR2 98
333.3347 	DATA 	
333.3347 	DATA 	Trial complete
333.3347 	DATA 	Waiting for VASO trigger to start next trial
333.3347 	DATA 	
333.5857 	DATA 	Keypress: 5
333.5860 	DATA 	TR 198 | TR1 99 | TR2 99
336.4695 	DATA 	Keypress: 5
336.4709 	DATA 	
336.4709 	DATA 	Trial 13
336.4709 	DATA 	stimDur = 4.0
336.4709 	DATA 	jitter = 1.7235
336.4709 	DATA 	restDur = 16.0

336.4710 	DATA 	
336.4710 	DATA 	TR 199 | TR1 100 | TR2 99
336.9841 	DATA 	Keypress: 5
336.9844 	DATA 	TR 200 | TR1 100 | TR2 100
338.2015 	DATA 	
338.2016 	DATA 	stimulation started
338.2016 	DATA 	
339.8711 	DATA 	Keypress: 5
339.8716 	DATA 	TR 201 | TR1 101 | TR2 100
340.3889 	DATA 	Keypress: 5
340.3892 	DATA 	TR 202 | TR1 101 | TR2 101
342.2004 	DATA 	
342.2005 	DATA 	stimulation stopped
342.2005 	DATA 	
343.2687 	DATA 	Keypress: 5
343.2690 	DATA 	TR 203 | TR1 102 | TR2 101
343.7855 	DATA 	Keypress: 5
343.7858 	DATA 	TR 204 | TR1 102 | TR2 102
346.6675 	DATA 	Keypress: 5
346.6678 	DATA 	TR 205 | TR1 103 | TR2 102
347.1848 	DATA 	Keypress: 5
347.1851 	DATA 	TR 206 | TR1 103 | TR2 103
350.0722 	DATA 	Keypress: 5
350.0725 	DATA 	TR 207 | TR1 104 | TR2 103
350.5846 	DATA 	Keypress: 5
350.5851 	DATA 	TR 208 | TR1 104 | TR2 104
353.4687 	DATA 	Keypress: 5
353.4691 	DATA 	TR 209 | TR1 105 | TR2 104
353.9713 	DATA 	Keypress: 5
353.9716 	DATA 	TR 210 | TR1 105 | TR2 105
356.8706 	DATA 	Keypress: 5
356.8710 	DATA 	TR 211 | TR1 106 | TR2 105
357.3694 	DATA 	Keypress: 5
357.3871 	DATA 	TR 212 | TR1 106 | TR2 106
358.2032 	DATA 	
358.2032 	DATA 	Trial complete
358.2032 	DATA 	Waiting for VASO trigger to start next trial
358.2032 	DATA 	
360.2557 	DATA 	Keypress: 5
360.2719 	DATA 	
360.2719 	DATA 	Trial 14
360.2719 	DATA 	stimDur = 24.0
360.2719 	DATA 	jitter = 1.7235
360.2719 	DATA 	restDur = 24.0

360.2719 	DATA 	
360.2719 	DATA 	TR 213 | TR1 107 | TR2 106
360.7684 	DATA 	Keypress: 5
360.7687 	DATA 	TR 214 | TR1 107 | TR2 107
362.0005 	DATA 	
362.0005 	DATA 	stimulation started
362.0005 	DATA 	
363.6544 	DATA 	Keypress: 5
363.6547 	DATA 	TR 215 | TR1 108 | TR2 107
364.1696 	DATA 	Keypress: 5
364.1699 	DATA 	TR 216 | TR1 108 | TR2 108
367.0518 	DATA 	Keypress: 5
367.0520 	DATA 	TR 217 | TR1 109 | TR2 108
367.5683 	DATA 	Keypress: 5
367.5686 	DATA 	TR 218 | TR1 109 | TR2 109
370.1035 	DATA 	Target presented
370.4542 	DATA 	Keypress: 5
370.4544 	DATA 	TR 219 | TR1 110 | TR2 109
370.4709 	DATA 	Keypress: 1
370.4727 	DATA 	Key1 pressed
370.4727 	DATA 	Target detected
370.9684 	DATA 	Keypress: 5
370.9689 	DATA 	TR 220 | TR1 110 | TR2 110
373.8528 	DATA 	Keypress: 5
373.8531 	DATA 	TR 221 | TR1 111 | TR2 110
374.3700 	DATA 	Keypress: 5
374.3703 	DATA 	TR 222 | TR1 111 | TR2 111
377.2518 	DATA 	Keypress: 5
377.2521 	DATA 	TR 223 | TR1 112 | TR2 111
377.7696 	DATA 	Keypress: 5
377.7700 	DATA 	TR 224 | TR1 112 | TR2 112
380.6564 	DATA 	Keypress: 5
380.6568 	DATA 	TR 225 | TR1 113 | TR2 112
381.1673 	DATA 	Keypress: 5
381.1676 	DATA 	TR 226 | TR1 113 | TR2 113
384.0534 	DATA 	Keypress: 5
384.0537 	DATA 	TR 227 | TR1 114 | TR2 113
384.5724 	DATA 	Keypress: 5
384.5727 	DATA 	TR 228 | TR1 114 | TR2 114
386.0021 	DATA 	
386.0022 	DATA 	stimulation stopped
386.0022 	DATA 	
387.4522 	DATA 	Keypress: 5
387.4525 	DATA 	TR 229 | TR1 115 | TR2 114
387.9705 	DATA 	Keypress: 5
387.9708 	DATA 	TR 230 | TR1 115 | TR2 115
390.8524 	DATA 	Keypress: 5
390.8527 	DATA 	TR 231 | TR1 116 | TR2 115
391.3691 	DATA 	Keypress: 5
391.3697 	DATA 	TR 232 | TR1 116 | TR2 116
394.2559 	DATA 	Keypress: 5
394.2563 	DATA 	TR 233 | TR1 117 | TR2 116
394.7543 	DATA 	Keypress: 5
394.7546 	DATA 	TR 234 | TR1 117 | TR2 117
397.6556 	DATA 	Keypress: 5
397.6560 	DATA 	TR 235 | TR1 118 | TR2 117
398.1550 	DATA 	Keypress: 5
398.1553 	DATA 	TR 236 | TR1 118 | TR2 118
401.0538 	DATA 	Keypress: 5
401.0542 	DATA 	TR 237 | TR1 119 | TR2 118
401.5534 	DATA 	Keypress: 5
401.5537 	DATA 	TR 238 | TR1 119 | TR2 119
404.4372 	DATA 	Keypress: 5
404.4375 	DATA 	TR 239 | TR1 120 | TR2 119
404.9543 	DATA 	Keypress: 5
404.9546 	DATA 	TR 240 | TR1 120 | TR2 120
407.8382 	DATA 	Keypress: 5
407.8386 	DATA 	TR 241 | TR1 121 | TR2 120
408.3532 	DATA 	Keypress: 5
408.3535 	DATA 	TR 242 | TR1 121 | TR2 121
410.0057 	DATA 	
410.0058 	DATA 	Trial complete
410.0058 	DATA 	Waiting for VASO trigger to start next trial
410.0058 	DATA 	
411.2351 	DATA 	Keypress: 5
411.2361 	DATA 	
411.2361 	DATA 	Trial 15
411.2361 	DATA 	stimDur = 12.0
411.2361 	DATA 	jitter = 2.5852500000000003
411.2361 	DATA 	restDur = 20.0

411.2361 	DATA 	
411.2361 	DATA 	TR 243 | TR1 122 | TR2 121
411.7534 	DATA 	Keypress: 5
411.7537 	DATA 	TR 244 | TR1 122 | TR2 122
413.8378 	DATA 	
413.8378 	DATA 	stimulation started
413.8379 	DATA 	
414.6391 	DATA 	Keypress: 5
414.6394 	DATA 	TR 245 | TR1 123 | TR2 122
415.1569 	DATA 	Keypress: 5
415.1572 	DATA 	TR 246 | TR1 123 | TR2 123
418.0366 	DATA 	Keypress: 5
418.0369 	DATA 	TR 247 | TR1 124 | TR2 123
418.5530 	DATA 	Keypress: 5
418.5533 	DATA 	TR 248 | TR1 124 | TR2 124
421.4377 	DATA 	Keypress: 5
421.4381 	DATA 	TR 249 | TR1 125 | TR2 124
421.9517 	DATA 	Keypress: 5
421.9521 	DATA 	TR 250 | TR1 125 | TR2 125
424.8374 	DATA 	Keypress: 5
424.8376 	DATA 	TR 251 | TR1 126 | TR2 125
425.3573 	DATA 	Keypress: 5
425.3578 	DATA 	TR 252 | TR1 126 | TR2 126
425.8213 	DATA 	
425.8213 	DATA 	stimulation stopped
425.8213 	DATA 	
428.2365 	DATA 	Keypress: 5
428.2368 	DATA 	TR 253 | TR1 127 | TR2 126
428.7545 	DATA 	Keypress: 5
428.7549 	DATA 	TR 254 | TR1 127 | TR2 127
429.1703 	DATA 	Target presented
429.5568 	DATA 	Keypress: 1
429.5717 	DATA 	Key1 pressed
429.5717 	DATA 	Target detected
431.6353 	DATA 	Keypress: 5
431.6356 	DATA 	TR 255 | TR1 128 | TR2 127
432.1556 	DATA 	Keypress: 5
432.1560 	DATA 	TR 256 | TR1 128 | TR2 128
435.0407 	DATA 	Keypress: 5
435.0412 	DATA 	TR 257 | TR1 129 | TR2 128
435.5389 	DATA 	Keypress: 5
435.5392 	DATA 	TR 258 | TR1 129 | TR2 129
438.4224 	DATA 	Keypress: 5
438.4370 	DATA 	TR 259 | TR1 130 | TR2 129
438.9374 	DATA 	Keypress: 5
438.9377 	DATA 	TR 260 | TR1 130 | TR2 130
441.8209 	DATA 	Keypress: 5
441.8212 	DATA 	TR 261 | TR1 131 | TR2 130
442.3364 	DATA 	Keypress: 5
442.3367 	DATA 	TR 262 | TR1 131 | TR2 131
445.2216 	DATA 	Keypress: 5
445.2219 	DATA 	TR 263 | TR1 132 | TR2 131
445.7387 	DATA 	Keypress: 5
445.7390 	DATA 	TR 264 | TR1 132 | TR2 132
445.8232 	DATA 	
445.8232 	DATA 	Trial complete
445.8232 	DATA 	Waiting for VASO trigger to start next trial
445.8232 	DATA 	
448.6226 	DATA 	Keypress: 5
448.6241 	DATA 	
448.6241 	DATA 	Trial 16
448.6241 	DATA 	stimDur = 2.0
448.6241 	DATA 	jitter = 1.7235
448.6241 	DATA 	restDur = 14.0

448.6241 	DATA 	
448.6241 	DATA 	TR 265 | TR1 133 | TR2 132
449.1392 	DATA 	Keypress: 5
449.1395 	DATA 	TR 266 | TR1 133 | TR2 133
450.3565 	DATA 	
450.3565 	DATA 	stimulation started
450.3565 	DATA 	
452.0190 	DATA 	Keypress: 5
452.0192 	DATA 	TR 267 | TR1 134 | TR2 133
452.3525 	DATA 	
452.3525 	DATA 	stimulation stopped
452.3525 	DATA 	
452.5388 	DATA 	Keypress: 5
452.5393 	DATA 	TR 268 | TR1 134 | TR2 134
455.4237 	DATA 	Keypress: 5
455.4240 	DATA 	TR 269 | TR1 135 | TR2 134
455.9391 	DATA 	Keypress: 5
455.9393 	DATA 	TR 270 | TR1 135 | TR2 135
458.8206 	DATA 	Keypress: 5
458.8209 	DATA 	TR 271 | TR1 136 | TR2 135
459.3402 	DATA 	Keypress: 5
459.3406 	DATA 	TR 272 | TR1 136 | TR2 136
462.2196 	DATA 	Keypress: 5
462.2199 	DATA 	TR 273 | TR1 137 | TR2 136
462.7387 	DATA 	Keypress: 5
462.7390 	DATA 	TR 274 | TR1 137 | TR2 137
465.6241 	DATA 	Keypress: 5
465.6244 	DATA 	TR 275 | TR1 138 | TR2 137
466.1374 	DATA 	Keypress: 5
466.1378 	DATA 	TR 276 | TR1 138 | TR2 138
466.3518 	DATA 	
466.3518 	DATA 	Trial complete
466.3518 	DATA 	Waiting for VASO trigger to start next trial
466.3518 	DATA 	
469.0223 	DATA 	Keypress: 5
469.0237 	DATA 	
469.0237 	DATA 	Trial 17
469.0237 	DATA 	stimDur = 12.0
469.0237 	DATA 	jitter = 1.7235
469.0237 	DATA 	restDur = 20.0

469.0237 	DATA 	
469.0238 	DATA 	TR 277 | TR1 139 | TR2 138
469.5416 	DATA 	Keypress: 5
469.5420 	DATA 	TR 278 | TR1 139 | TR2 139
470.7553 	DATA 	
470.7554 	DATA 	stimulation started
470.7554 	DATA 	
472.4198 	DATA 	Keypress: 5
472.4201 	DATA 	TR 279 | TR1 140 | TR2 139
472.9377 	DATA 	Keypress: 5
472.9382 	DATA 	TR 280 | TR1 140 | TR2 140
475.8088 	DATA 	Keypress: 5
475.8227 	DATA 	TR 281 | TR1 141 | TR2 140
476.3368 	DATA 	Keypress: 5
476.3373 	DATA 	TR 282 | TR1 141 | TR2 141
479.2066 	DATA 	Keypress: 5
479.2068 	DATA 	TR 283 | TR1 142 | TR2 141
479.7241 	DATA 	Keypress: 5
479.7245 	DATA 	TR 284 | TR1 142 | TR2 142
482.6227 	DATA 	Keypress: 5
482.6231 	DATA 	TR 285 | TR1 143 | TR2 142
482.7549 	DATA 	
482.7550 	DATA 	stimulation stopped
482.7550 	DATA 	
483.1222 	DATA 	Keypress: 5
483.1225 	DATA 	TR 286 | TR1 143 | TR2 143
486.0082 	DATA 	Keypress: 5
486.0086 	DATA 	TR 287 | TR1 144 | TR2 143
486.5211 	DATA 	Keypress: 5
486.5214 	DATA 	TR 288 | TR1 144 | TR2 144
489.4060 	DATA 	Keypress: 5
489.4064 	DATA 	TR 289 | TR1 145 | TR2 144
489.9226 	DATA 	Keypress: 5
489.9230 	DATA 	TR 290 | TR1 145 | TR2 145
492.6548 	DATA 	Target presented
492.8037 	DATA 	Keypress: 5
492.8039 	DATA 	TR 291 | TR1 146 | TR2 145
493.0871 	DATA 	Keypress: 1
493.0877 	DATA 	Key1 pressed
493.0877 	DATA 	Target detected
493.3226 	DATA 	Keypress: 5
493.3230 	DATA 	TR 292 | TR1 146 | TR2 146
496.2049 	DATA 	Keypress: 5
496.2053 	DATA 	TR 293 | TR1 147 | TR2 146
496.7204 	DATA 	Keypress: 5
496.7209 	DATA 	TR 294 | TR1 147 | TR2 147
499.6052 	DATA 	Keypress: 5
499.6055 	DATA 	TR 295 | TR1 148 | TR2 147
500.1243 	DATA 	Keypress: 5
500.1246 	DATA 	TR 296 | TR1 148 | TR2 148
502.7549 	DATA 	
502.7549 	DATA 	Trial complete
502.7549 	DATA 	Waiting for VASO trigger to start next trial
502.7549 	DATA 	
503.0059 	DATA 	Keypress: 5
503.0070 	DATA 	
503.0070 	DATA 	Trial 18
503.0070 	DATA 	stimDur = 2.0
503.0070 	DATA 	jitter = 2.5852500000000003
503.0070 	DATA 	restDur = 14.0

503.0070 	DATA 	
503.0070 	DATA 	TR 297 | TR1 149 | TR2 148
503.5233 	DATA 	Keypress: 5
503.5237 	DATA 	TR 298 | TR1 149 | TR2 149
505.6050 	DATA 	
505.6050 	DATA 	stimulation started
505.6050 	DATA 	
506.4026 	DATA 	Keypress: 5
506.4029 	DATA 	TR 299 | TR1 150 | TR2 149
506.9198 	DATA 	Keypress: 5
506.9201 	DATA 	TR 300 | TR1 150 | TR2 150
507.6046 	DATA 	
507.6046 	DATA 	stimulation stopped
507.6046 	DATA 	
509.8077 	DATA 	Keypress: 5
509.8081 	DATA 	TR 301 | TR1 151 | TR2 150
510.3253 	DATA 	Keypress: 5
510.3258 	DATA 	TR 302 | TR1 151 | TR2 151
513.2044 	DATA 	Keypress: 5
513.2046 	DATA 	TR 303 | TR1 152 | TR2 151
513.7239 	DATA 	Keypress: 5
513.7245 	DATA 	TR 304 | TR1 152 | TR2 152
516.6051 	DATA 	Keypress: 5
516.6055 	DATA 	TR 305 | TR1 153 | TR2 152
517.1063 	DATA 	Keypress: 5
517.1202 	DATA 	TR 306 | TR1 153 | TR2 153
520.0080 	DATA 	Keypress: 5
520.0083 	DATA 	TR 307 | TR1 154 | TR2 153
520.5080 	DATA 	Keypress: 5
520.5083 	DATA 	TR 308 | TR1 154 | TR2 154
521.6029 	DATA 	
521.6029 	DATA 	Trial complete
521.6029 	DATA 	Waiting for VASO trigger to start next trial
521.6030 	DATA 	
523.4073 	DATA 	Keypress: 5
523.4084 	DATA 	
523.4084 	DATA 	Trial 19
523.4084 	DATA 	stimDur = 24.0
523.4084 	DATA 	jitter = 0.0
523.4084 	DATA 	restDur = 24.0

523.4084 	DATA 	
523.4084 	DATA 	TR 309 | TR1 155 | TR2 154
523.4085 	DATA 	
523.4085 	DATA 	stimulation started
523.4085 	DATA 	
523.9047 	DATA 	Keypress: 5
523.9050 	DATA 	TR 310 | TR1 155 | TR2 155
526.8057 	DATA 	Keypress: 5
526.8060 	DATA 	TR 311 | TR1 156 | TR2 155
527.3052 	DATA 	Keypress: 5
527.3055 	DATA 	TR 312 | TR1 156 | TR2 156
530.1895 	DATA 	Keypress: 5
530.1897 	DATA 	TR 313 | TR1 157 | TR2 156
530.7072 	DATA 	Keypress: 5
530.7076 	DATA 	TR 314 | TR1 157 | TR2 157
533.5880 	DATA 	Keypress: 5
533.5883 	DATA 	TR 315 | TR1 158 | TR2 157
534.1052 	DATA 	Keypress: 5
534.1055 	DATA 	TR 316 | TR1 158 | TR2 158
536.9873 	DATA 	Keypress: 5
536.9876 	DATA 	TR 317 | TR1 159 | TR2 158
537.5058 	DATA 	Keypress: 5
537.5061 	DATA 	TR 318 | TR1 159 | TR2 159
540.3917 	DATA 	Keypress: 5
540.3921 	DATA 	TR 319 | TR1 160 | TR2 159
540.9097 	DATA 	Keypress: 5
540.9101 	DATA 	TR 320 | TR1 160 | TR2 160
543.7884 	DATA 	Keypress: 5
543.7887 	DATA 	TR 321 | TR1 161 | TR2 160
544.3052 	DATA 	Keypress: 5
544.3055 	DATA 	TR 322 | TR1 161 | TR2 161
547.1889 	DATA 	Keypress: 5
547.1892 	DATA 	TR 323 | TR1 162 | TR2 161
547.4222 	DATA 	
547.4222 	DATA 	stimulation stopped
547.4222 	DATA 	
547.7048 	DATA 	Keypress: 5
547.7051 	DATA 	TR 324 | TR1 162 | TR2 162
550.5918 	DATA 	Keypress: 5
550.5921 	DATA 	TR 325 | TR1 163 | TR2 162
551.1083 	DATA 	Keypress: 5
551.1088 	DATA 	TR 326 | TR1 163 | TR2 163
553.9910 	DATA 	Keypress: 5
553.9913 	DATA 	TR 327 | TR1 164 | TR2 163
554.4917 	DATA 	Keypress: 5
554.5066 	DATA 	TR 328 | TR1 164 | TR2 164
557.3878 	DATA 	Keypress: 5
557.3881 	DATA 	TR 329 | TR1 165 | TR2 164
557.9073 	DATA 	Keypress: 5
557.9078 	DATA 	TR 330 | TR1 165 | TR2 165
558.6731 	DATA 	Target presented
559.0406 	DATA 	Keypress: 1
559.0412 	DATA 	Key1 pressed
559.0412 	DATA 	Target detected
560.7753 	DATA 	Keypress: 5
560.7940 	DATA 	TR 331 | TR1 166 | TR2 165
561.2927 	DATA 	Keypress: 5
561.2930 	DATA 	TR 332 | TR1 166 | TR2 166
564.1735 	DATA 	Keypress: 5
564.1914 	DATA 	TR 333 | TR1 167 | TR2 166
564.6904 	DATA 	Keypress: 5
564.6908 	DATA 	TR 334 | TR1 167 | TR2 167
567.5722 	DATA 	Keypress: 5
567.5901 	DATA 	TR 335 | TR1 168 | TR2 167
568.0882 	DATA 	Keypress: 5
568.0885 	DATA 	TR 336 | TR1 168 | TR2 168
570.9759 	DATA 	Keypress: 5
570.9762 	DATA 	TR 337 | TR1 169 | TR2 168
571.4218 	DATA 	
571.4218 	DATA 	Trial complete
571.4218 	DATA 	
571.4887 	DATA 	Keypress: 5
571.4890 	DATA 	TR 338 | TR1 169 | TR2 169
574.3728 	DATA 	Keypress: 5
574.3739 	DATA 	
574.3739 	DATA 	Trial 20
574.3739 	DATA 	stimDur = 1.0
574.3739 	DATA 	jitter = 1.7235
574.3739 	DATA 	restDur = 12.0

574.3739 	DATA 	
574.3739 	DATA 	TR 339 | TR1 170 | TR2 169
574.8898 	DATA 	Keypress: 5
574.8901 	DATA 	TR 340 | TR1 170 | TR2 170
576.1082 	DATA 	
576.1082 	DATA 	stimulation started
576.1082 	DATA 	
577.1056 	DATA 	
577.1056 	DATA 	stimulation stopped
577.1056 	DATA 	
577.7735 	DATA 	Keypress: 5
577.7737 	DATA 	TR 341 | TR1 171 | TR2 170
578.2903 	DATA 	Keypress: 5
578.2906 	DATA 	TR 342 | TR1 171 | TR2 171
581.1742 	DATA 	Keypress: 5
581.1745 	DATA 	TR 343 | TR1 172 | TR2 171
581.6873 	DATA 	Keypress: 5
581.6876 	DATA 	TR 344 | TR1 172 | TR2 172
584.5732 	DATA 	Keypress: 5
584.5735 	DATA 	TR 345 | TR1 173 | TR2 172
585.0930 	DATA 	Keypress: 5
585.0935 	DATA 	TR 346 | TR1 173 | TR2 173
587.9739 	DATA 	Keypress: 5
587.9743 	DATA 	TR 347 | TR1 174 | TR2 173
588.4910 	DATA 	Keypress: 5
588.4915 	DATA 	TR 348 | TR1 174 | TR2 174
589.1071 	DATA 	
589.1072 	DATA 	Trial complete
589.1072 	DATA 	
591.3750 	DATA 	Keypress: 5
591.3754 	DATA 	TR 349 | TR1 175 | TR2 174
591.8881 	DATA 	Keypress: 5
591.8886 	DATA 	TR 350 | TR1 175 | TR2 175
594.7745 	DATA 	Keypress: 5
594.7750 	DATA 	TR 351 | TR1 176 | TR2 175
595.2934 	DATA 	Keypress: 5
595.2937 	DATA 	TR 352 | TR1 176 | TR2 176
598.1719 	DATA 	Keypress: 5
598.1723 	DATA 	TR 353 | TR1 177 | TR2 176
598.6743 	DATA 	Keypress: 5
598.6746 	DATA 	TR 354 | TR1 177 | TR2 177
601.5739 	DATA 	Keypress: 5
601.5744 	DATA 	TR 355 | TR1 178 | TR2 177
602.0754 	DATA 	Keypress: 5
602.0883 	DATA 	TR 356 | TR1 178 | TR2 178
604.9574 	DATA 	Keypress: 5
604.9577 	DATA 	TR 357 | TR1 179 | TR2 178
605.4759 	DATA 	Keypress: 5
605.4764 	DATA 	TR 358 | TR1 179 | TR2 179
606.8536 	DATA 	EndOfRun sub-02_ses-01_run-03

606.8537 	DATA 	RatioOfDetectedTargets 0.9
606.8537 	DATA 	You have detected 9 out of 10 targets.
611.6796 	DATA 	Keypress: 5
611.6817 	DATA 	Keypress: 5
612.4219 	EXP 	window1: mouseVisible = True
