MonitorDistance=99cm
MonitorWidth=30cm
PixelWidth=1920.0
PixelHeight=1200.0
2127.7217 	INFO 	Loaded monitor calibration from ['2022_07_20 19:17']
2128.9293 	EXP 	Created window1 = Window(allowGUI=False, allowStencil=False, autoLog=True, backendConf=UNKNOWN, bitsMode=UNKNOWN, blendMode='avg', bpc=(8, 8, 8), color=array([-0.5, -0.5, -0.5]), colorSpace='rgb', depthBits=8, fullscr=<method-wrapper '__getattribute__' of attributeSetter object at 0x7fd6c8d5c8b0>, gamma=None, gammaErrorPolicy='raise', lms=UNKNOWN, monitor=<psychopy.monitors.calibTools.Monitor object at 0x7fd68bc6ea60>, multiSample=False, name='window1', numSamples=2, pos=[0.0, 0.0], screen=0, size=array([1920, 1200]), stencilBits=0, stereo=False, units='deg', useFBO=False, useRetina=False, viewOri=0.0, viewPos=None, viewScale=None, waitBlanking=True, winType='pyglet')
2128.9294 	EXP 	window1: mouseVisible = True
2128.9635 	EXP 	Created unnamed TextStim = TextStim(__class__=<class 'psychopy.visual.text.TextStim'>, alignHoriz=method-wrapper(...), alignText='center', alignVert=method-wrapper(...), anchorHoriz='center', anchorVert='center', antialias=True, autoDraw=False, autoLog=True, bold=False, color=array([1., 1., 1.]), colorSpace='rgb', contrast=1.0, depth=0, flipHoriz=False, flipVert=False, font='', fontFiles=[], height=0.49999999999999994, italic=False, languageStyle='LTR', name='unnamed TextStim', opacity=1.0, ori=0.0, pos=array([0., 0.]), rgb=UNKNOWN, text=str(...), units='deg', win=Window(...), wrapWidth=15.0)
2128.9962 	EXP 	Created Movie Frame 0 = ImageStim(__class__=<class 'psychopy.visual.image.ImageStim'>, anchor=('center', 'center'), autoLog=True, color=array([1., 1., 1.]), colorSpace='rgb', contrast=1.0, depth=0, flipHoriz=False, flipVert=False, image='visual_0.png', interpolate=False, mask=None, maskParams=None, name='Movie Frame 0', opacity=1.0, ori=0.0, pos=array([0., 0.]), size=array([1024.,  768.]), texRes=128, units='pix', win=Window(...))
2129.0232 	EXP 	Created Movie Frame 1 = ImageStim(__class__=<class 'psychopy.visual.image.ImageStim'>, anchor=('center', 'center'), autoLog=True, color=array([1., 1., 1.]), colorSpace='rgb', contrast=1.0, depth=0, flipHoriz=False, flipVert=False, image='visual_1.png', interpolate=False, mask=None, maskParams=None, name='Movie Frame 1', opacity=1.0, ori=0.0, pos=array([0., 0.]), size=array([1024.,  768.]), texRes=128, units='pix', win=Window(...))
32.1051 	DATA 	Keypress: 5
0.0000 	DATA 	StartOfRun sub-02_ses-01_run-04
0.0000 	DATA 	TR 1 | TR1 1 | TR2 0
0.0155 	DATA 	Initial baseline

0.5136 	DATA 	Keypress: 5
0.5141 	DATA 	TR 2 | TR1 1 | TR2 1
3.3965 	DATA 	Keypress: 5
3.3970 	DATA 	TR 3 | TR1 2 | TR2 1
3.9104 	DATA 	Keypress: 5
3.9108 	DATA 	TR 4 | TR1 2 | TR2 2
6.7958 	DATA 	Keypress: 5
6.7961 	DATA 	TR 5 | TR1 3 | TR2 2
7.3085 	DATA 	Keypress: 5
7.3089 	DATA 	TR 6 | TR1 3 | TR2 3
10.1946 	DATA 	Keypress: 5
10.1950 	DATA 	TR 7 | TR1 4 | TR2 3
10.7085 	DATA 	Keypress: 5
10.7090 	DATA 	TR 8 | TR1 4 | TR2 4
13.5935 	DATA 	Keypress: 5
13.5938 	DATA 	TR 9 | TR1 5 | TR2 4
14.1056 	DATA 	Keypress: 5
14.1060 	DATA 	TR 10 | TR1 5 | TR2 5
17.0012 	DATA 	Keypress: 5
17.0038 	DATA 	
17.0038 	DATA 	Trial 1
17.0038 	DATA 	stimDur = 12.0
17.0038 	DATA 	jitter = 0.86175
17.0038 	DATA 	restDur = 20.0

17.0038 	DATA 	
17.0038 	DATA 	TR 11 | TR1 6 | TR2 5
17.5206 	DATA 	Keypress: 5
17.5211 	DATA 	TR 12 | TR1 6 | TR2 6
17.8648 	DATA 	
17.8648 	DATA 	stimulation started
17.8648 	DATA 	
20.3989 	DATA 	Keypress: 5
20.3993 	DATA 	TR 13 | TR1 7 | TR2 6
20.9170 	DATA 	Keypress: 5
20.9175 	DATA 	TR 14 | TR1 7 | TR2 7
23.7974 	DATA 	Keypress: 5
23.7977 	DATA 	TR 15 | TR1 8 | TR2 7
24.3181 	DATA 	Keypress: 5
24.3187 	DATA 	TR 16 | TR1 8 | TR2 8
27.2001 	DATA 	Keypress: 5
27.2005 	DATA 	TR 17 | TR1 9 | TR2 8
27.7166 	DATA 	Keypress: 5
27.7171 	DATA 	TR 18 | TR1 9 | TR2 9
29.8648 	DATA 	
29.8649 	DATA 	stimulation stopped
29.8649 	DATA 	
30.5862 	DATA 	Keypress: 5
30.5992 	DATA 	TR 19 | TR1 10 | TR2 9
31.1004 	DATA 	Keypress: 5
31.1189 	DATA 	TR 20 | TR1 10 | TR2 10
33.9850 	DATA 	Keypress: 5
33.9979 	DATA 	TR 21 | TR1 11 | TR2 10
34.4984 	DATA 	Keypress: 5
34.4987 	DATA 	TR 22 | TR1 11 | TR2 11
37.3843 	DATA 	Keypress: 5
37.3847 	DATA 	TR 23 | TR1 12 | TR2 11
37.8993 	DATA 	Keypress: 5
37.8997 	DATA 	TR 24 | TR1 12 | TR2 12
40.7823 	DATA 	Keypress: 5
40.7826 	DATA 	TR 25 | TR1 13 | TR2 12
41.3003 	DATA 	Keypress: 5
41.3007 	DATA 	TR 26 | TR1 13 | TR2 13
44.1813 	DATA 	Keypress: 5
44.1816 	DATA 	TR 27 | TR1 14 | TR2 13
44.7009 	DATA 	Keypress: 5
44.7014 	DATA 	TR 28 | TR1 14 | TR2 14
47.5842 	DATA 	Keypress: 5
47.5845 	DATA 	TR 29 | TR1 15 | TR2 14
48.0991 	DATA 	Keypress: 5
48.0994 	DATA 	TR 30 | TR1 15 | TR2 15
49.8671 	DATA 	
49.8671 	DATA 	Trial complete
49.8671 	DATA 	Waiting for VASO trigger to start next trial
49.8671 	DATA 	
50.9830 	DATA 	Keypress: 5
50.9842 	DATA 	
50.9842 	DATA 	Trial 2
50.9843 	DATA 	stimDur = 4.0
50.9843 	DATA 	jitter = 0.86175
50.9843 	DATA 	restDur = 16.0

50.9843 	DATA 	
50.9843 	DATA 	TR 31 | TR1 16 | TR2 15
51.5024 	DATA 	Keypress: 5
51.5028 	DATA 	TR 32 | TR1 16 | TR2 16
51.8519 	DATA 	
51.8519 	DATA 	stimulation started
51.8519 	DATA 	
54.3815 	DATA 	Keypress: 5
54.3819 	DATA 	TR 33 | TR1 17 | TR2 16
54.8982 	DATA 	Keypress: 5
54.8985 	DATA 	TR 34 | TR1 17 | TR2 17
55.8487 	DATA 	
55.8487 	DATA 	stimulation stopped
55.8487 	DATA 	
57.7800 	DATA 	Keypress: 5
57.7803 	DATA 	TR 35 | TR1 18 | TR2 17
58.2999 	DATA 	Keypress: 5
58.3004 	DATA 	TR 36 | TR1 18 | TR2 18
61.1862 	DATA 	Keypress: 5
61.1865 	DATA 	TR 37 | TR1 19 | TR2 18
61.7035 	DATA 	Keypress: 5
61.7040 	DATA 	TR 38 | TR1 19 | TR2 19
64.5817 	DATA 	Keypress: 5
64.5819 	DATA 	TR 39 | TR1 20 | TR2 19
65.1003 	DATA 	Keypress: 5
65.1006 	DATA 	TR 40 | TR1 20 | TR2 20
67.9815 	DATA 	Keypress: 5
67.9820 	DATA 	TR 41 | TR1 21 | TR2 20
68.4995 	DATA 	Keypress: 5
68.5000 	DATA 	TR 42 | TR1 21 | TR2 21
71.3855 	DATA 	Keypress: 5
71.3859 	DATA 	TR 43 | TR1 22 | TR2 21
71.8497 	DATA 	
71.8497 	DATA 	Trial complete
71.8498 	DATA 	Waiting for VASO trigger to start next trial
71.8498 	DATA 	
71.8837 	DATA 	Keypress: 5
71.8840 	DATA 	TR 44 | TR1 22 | TR2 22
74.7826 	DATA 	Keypress: 5
74.7840 	DATA 	
74.7840 	DATA 	Trial 3
74.7840 	DATA 	stimDur = 1.0
74.7840 	DATA 	jitter = 2.5852500000000003
74.7840 	DATA 	restDur = 12.0

74.7841 	DATA 	
74.7841 	DATA 	TR 45 | TR1 23 | TR2 22
75.2848 	DATA 	Keypress: 5
75.2853 	DATA 	TR 46 | TR1 23 | TR2 23
77.3853 	DATA 	
77.3853 	DATA 	stimulation started
77.3853 	DATA 	
78.1821 	DATA 	Keypress: 5
78.1824 	DATA 	TR 47 | TR1 24 | TR2 23
78.3819 	DATA 	
78.3819 	DATA 	stimulation stopped
78.3820 	DATA 	
78.6830 	DATA 	Keypress: 5
78.6833 	DATA 	TR 48 | TR1 24 | TR2 24
81.5690 	DATA 	Keypress: 5
81.5694 	DATA 	TR 49 | TR1 25 | TR2 24
82.0859 	DATA 	Keypress: 5
82.0863 	DATA 	TR 50 | TR1 25 | TR2 25
84.9671 	DATA 	Keypress: 5
84.9674 	DATA 	TR 51 | TR1 26 | TR2 25
85.4842 	DATA 	Keypress: 5
85.4846 	DATA 	TR 52 | TR1 26 | TR2 26
86.6683 	DATA 	Target presented
87.0366 	DATA 	Keypress: 1
87.0372 	DATA 	Key1 pressed
87.0372 	DATA 	Target detected
88.3658 	DATA 	Keypress: 5
88.3660 	DATA 	TR 53 | TR1 27 | TR2 26
88.8813 	DATA 	Keypress: 5
88.8817 	DATA 	TR 54 | TR1 27 | TR2 27
90.3839 	DATA 	
90.3839 	DATA 	Trial complete
90.3840 	DATA 	Waiting for VASO trigger to start next trial
90.3840 	DATA 	
91.7676 	DATA 	Keypress: 5
91.7691 	DATA 	
91.7691 	DATA 	Trial 4
91.7691 	DATA 	stimDur = 4.0
91.7691 	DATA 	jitter = 2.5852500000000003
91.7691 	DATA 	restDur = 16.0

91.7691 	DATA 	
91.7691 	DATA 	TR 55 | TR1 28 | TR2 27
92.2846 	DATA 	Keypress: 5
92.2850 	DATA 	TR 56 | TR1 28 | TR2 28
94.3645 	DATA 	
94.3646 	DATA 	stimulation started
94.3646 	DATA 	
95.1655 	DATA 	Keypress: 5
95.1658 	DATA 	TR 57 | TR1 29 | TR2 28
95.6857 	DATA 	Keypress: 5
95.6862 	DATA 	TR 58 | TR1 29 | TR2 29
98.3639 	DATA 	
98.3639 	DATA 	stimulation stopped
98.3639 	DATA 	
98.5645 	DATA 	Keypress: 5
98.5648 	DATA 	TR 59 | TR1 30 | TR2 29
99.0832 	DATA 	Keypress: 5
99.0835 	DATA 	TR 60 | TR1 30 | TR2 30
101.9692 	DATA 	Keypress: 5
101.9695 	DATA 	TR 61 | TR1 31 | TR2 30
102.4857 	DATA 	Keypress: 5
102.4862 	DATA 	TR 62 | TR1 31 | TR2 31
105.3666 	DATA 	Keypress: 5
105.3670 	DATA 	TR 63 | TR1 32 | TR2 31
105.8841 	DATA 	Keypress: 5
105.8846 	DATA 	TR 64 | TR1 32 | TR2 32
108.7647 	DATA 	Keypress: 5
108.7650 	DATA 	TR 65 | TR1 33 | TR2 32
109.2847 	DATA 	Keypress: 5
109.2852 	DATA 	TR 66 | TR1 33 | TR2 33
112.1531 	DATA 	Keypress: 5
112.1534 	DATA 	TR 67 | TR1 34 | TR2 33
112.6697 	DATA 	Keypress: 5
112.6700 	DATA 	TR 68 | TR1 34 | TR2 34
114.3650 	DATA 	
114.3650 	DATA 	Trial complete
114.3650 	DATA 	Waiting for VASO trigger to start next trial
114.3651 	DATA 	
115.5518 	DATA 	Keypress: 5
115.5528 	DATA 	
115.5528 	DATA 	Trial 5
115.5529 	DATA 	stimDur = 2.0
115.5529 	DATA 	jitter = 0.0
115.5529 	DATA 	restDur = 14.0

115.5529 	DATA 	
115.5529 	DATA 	TR 69 | TR1 35 | TR2 34
115.5529 	DATA 	
115.5529 	DATA 	stimulation started
115.5529 	DATA 	
116.0672 	DATA 	Keypress: 5
116.0676 	DATA 	TR 70 | TR1 35 | TR2 35
117.5690 	DATA 	
117.5690 	DATA 	stimulation stopped
117.5690 	DATA 	
118.9681 	DATA 	Keypress: 5
118.9686 	DATA 	TR 71 | TR1 36 | TR2 35
119.4676 	DATA 	Keypress: 5
119.4679 	DATA 	TR 72 | TR1 36 | TR2 36
122.3530 	DATA 	Keypress: 5
122.3533 	DATA 	TR 73 | TR1 37 | TR2 36
122.8684 	DATA 	Keypress: 5
122.8688 	DATA 	TR 74 | TR1 37 | TR2 37
125.7518 	DATA 	Keypress: 5
125.7521 	DATA 	TR 75 | TR1 38 | TR2 37
126.2679 	DATA 	Keypress: 5
126.2684 	DATA 	TR 76 | TR1 38 | TR2 38
129.1489 	DATA 	Keypress: 5
129.1491 	DATA 	TR 77 | TR1 39 | TR2 38
129.6674 	DATA 	Keypress: 5
129.6678 	DATA 	TR 78 | TR1 39 | TR2 39
131.5688 	DATA 	
131.5688 	DATA 	Trial complete
131.5688 	DATA 	Waiting for VASO trigger to start next trial
131.5689 	DATA 	
132.5531 	DATA 	Keypress: 5
132.5541 	DATA 	
132.5541 	DATA 	Trial 6
132.5541 	DATA 	stimDur = 1.0
132.5541 	DATA 	jitter = 0.0
132.5542 	DATA 	restDur = 12.0

132.5542 	DATA 	
132.5542 	DATA 	TR 79 | TR1 40 | TR2 39
132.5542 	DATA 	
132.5542 	DATA 	stimulation started
132.5542 	DATA 	
133.0649 	DATA 	Keypress: 5
133.0653 	DATA 	TR 80 | TR1 40 | TR2 40
133.5645 	DATA 	
133.5645 	DATA 	stimulation stopped
133.5645 	DATA 	
135.9520 	DATA 	Keypress: 5
135.9523 	DATA 	TR 81 | TR1 41 | TR2 40
136.4692 	DATA 	Keypress: 5
136.4695 	DATA 	TR 82 | TR1 41 | TR2 41
139.3499 	DATA 	Keypress: 5
139.3504 	DATA 	TR 83 | TR1 42 | TR2 41
139.8668 	DATA 	Keypress: 5
139.8673 	DATA 	TR 84 | TR1 42 | TR2 42
142.7520 	DATA 	Keypress: 5
142.7522 	DATA 	TR 85 | TR1 43 | TR2 42
143.2662 	DATA 	Keypress: 5
143.2667 	DATA 	TR 86 | TR1 43 | TR2 43
145.5679 	DATA 	
145.5679 	DATA 	Trial complete
145.5679 	DATA 	Waiting for VASO trigger to start next trial
145.5679 	DATA 	
146.1515 	DATA 	Keypress: 5
146.1529 	DATA 	
146.1529 	DATA 	Trial 7
146.1529 	DATA 	stimDur = 12.0
146.1529 	DATA 	jitter = 0.0
146.1529 	DATA 	restDur = 20.0

146.1529 	DATA 	
146.1529 	DATA 	TR 87 | TR1 44 | TR2 43
146.1530 	DATA 	
146.1530 	DATA 	stimulation started
146.1530 	DATA 	
146.6706 	DATA 	Keypress: 5
146.6710 	DATA 	TR 88 | TR1 44 | TR2 44
149.5497 	DATA 	Keypress: 5
149.5500 	DATA 	TR 89 | TR1 45 | TR2 44
150.0687 	DATA 	Keypress: 5
150.0691 	DATA 	TR 90 | TR1 45 | TR2 45
152.9393 	DATA 	Keypress: 5
152.9526 	DATA 	TR 91 | TR1 46 | TR2 45
153.4507 	DATA 	Keypress: 5
153.4510 	DATA 	TR 92 | TR1 46 | TR2 46
156.3370 	DATA 	Keypress: 5
156.3512 	DATA 	TR 93 | TR1 47 | TR2 46
156.8513 	DATA 	Keypress: 5
156.8517 	DATA 	TR 94 | TR1 47 | TR2 47
158.1667 	DATA 	
158.1667 	DATA 	stimulation stopped
158.1667 	DATA 	
159.7340 	DATA 	Keypress: 5
159.7520 	DATA 	TR 95 | TR1 48 | TR2 47
160.2500 	DATA 	Keypress: 5
160.2503 	DATA 	TR 96 | TR1 48 | TR2 48
161.1855 	DATA 	Target presented
161.6188 	DATA 	Keypress: 1
161.6195 	DATA 	Key1 pressed
161.6195 	DATA 	Target detected
163.1330 	DATA 	Keypress: 5
163.1508 	DATA 	TR 97 | TR1 49 | TR2 48
163.6504 	DATA 	Keypress: 5
163.6507 	DATA 	TR 98 | TR1 49 | TR2 49
166.5349 	DATA 	Keypress: 5
166.5352 	DATA 	TR 99 | TR1 50 | TR2 49
167.0544 	DATA 	Keypress: 5
167.0549 	DATA 	TR 100 | TR1 50 | TR2 50
169.9362 	DATA 	Keypress: 5
169.9366 	DATA 	TR 101 | TR1 51 | TR2 50
170.4504 	DATA 	Keypress: 5
170.4507 	DATA 	TR 102 | TR1 51 | TR2 51
173.3319 	DATA 	Keypress: 5
173.3322 	DATA 	TR 103 | TR1 52 | TR2 51
173.8509 	DATA 	Keypress: 5
173.8512 	DATA 	TR 104 | TR1 52 | TR2 52
176.7367 	DATA 	Keypress: 5
176.7370 	DATA 	TR 105 | TR1 53 | TR2 52
177.2541 	DATA 	Keypress: 5
177.2545 	DATA 	TR 106 | TR1 53 | TR2 53
178.1664 	DATA 	
178.1664 	DATA 	Trial complete
178.1664 	DATA 	Waiting for VASO trigger to start next trial
178.1664 	DATA 	
180.1352 	DATA 	Keypress: 5
180.1362 	DATA 	
180.1362 	DATA 	Trial 8
180.1362 	DATA 	stimDur = 2.0
180.1362 	DATA 	jitter = 0.86175
180.1362 	DATA 	restDur = 14.0

180.1362 	DATA 	
180.1362 	DATA 	TR 107 | TR1 54 | TR2 53
180.6527 	DATA 	Keypress: 5
180.6529 	DATA 	TR 108 | TR1 54 | TR2 54
181.0004 	DATA 	
181.0004 	DATA 	stimulation started
181.0004 	DATA 	
183.0023 	DATA 	
183.0023 	DATA 	stimulation stopped
183.0023 	DATA 	
183.5340 	DATA 	Keypress: 5
183.5342 	DATA 	TR 109 | TR1 55 | TR2 54
184.0495 	DATA 	Keypress: 5
184.0498 	DATA 	TR 110 | TR1 55 | TR2 55
186.9371 	DATA 	Keypress: 5
186.9374 	DATA 	TR 111 | TR1 56 | TR2 55
187.4549 	DATA 	Keypress: 5
187.4552 	DATA 	TR 112 | TR1 56 | TR2 56
190.3349 	DATA 	Keypress: 5
190.3354 	DATA 	TR 113 | TR1 57 | TR2 56
190.8371 	DATA 	Keypress: 5
190.8512 	DATA 	TR 114 | TR1 57 | TR2 57
193.7338 	DATA 	Keypress: 5
193.7343 	DATA 	TR 115 | TR1 58 | TR2 57
194.2523 	DATA 	Keypress: 5
194.2526 	DATA 	TR 116 | TR1 58 | TR2 58
197.0032 	DATA 	
197.0033 	DATA 	Trial complete
197.0033 	DATA 	Waiting for VASO trigger to start next trial
197.0033 	DATA 	
197.1192 	DATA 	Keypress: 5
197.1202 	DATA 	
197.1203 	DATA 	Trial 9
197.1203 	DATA 	stimDur = 24.0
197.1203 	DATA 	jitter = 2.5852500000000003
197.1203 	DATA 	restDur = 24.0

197.1203 	DATA 	
197.1203 	DATA 	TR 117 | TR1 59 | TR2 58
197.6376 	DATA 	Keypress: 5
197.6379 	DATA 	TR 118 | TR1 59 | TR2 59
199.7179 	DATA 	
199.7179 	DATA 	stimulation started
199.7179 	DATA 	
200.5184 	DATA 	Keypress: 5
200.5342 	DATA 	TR 119 | TR1 60 | TR2 59
201.0348 	DATA 	Keypress: 5
201.0353 	DATA 	TR 120 | TR1 60 | TR2 60
203.9183 	DATA 	Keypress: 5
203.9186 	DATA 	TR 121 | TR1 61 | TR2 60
204.4333 	DATA 	Keypress: 5
204.4336 	DATA 	TR 122 | TR1 61 | TR2 61
207.3209 	DATA 	Keypress: 5
207.3212 	DATA 	TR 123 | TR1 62 | TR2 61
207.8361 	DATA 	Keypress: 5
207.8364 	DATA 	TR 124 | TR1 62 | TR2 62
210.7202 	DATA 	Keypress: 5
210.7206 	DATA 	TR 125 | TR1 63 | TR2 62
211.2353 	DATA 	Keypress: 5
211.2357 	DATA 	TR 126 | TR1 63 | TR2 63
214.1167 	DATA 	Keypress: 5
214.1170 	DATA 	TR 127 | TR1 64 | TR2 63
214.6342 	DATA 	Keypress: 5
214.6347 	DATA 	TR 128 | TR1 64 | TR2 64
217.5195 	DATA 	Keypress: 5
217.5198 	DATA 	TR 129 | TR1 65 | TR2 64
218.0366 	DATA 	Keypress: 5
218.0369 	DATA 	TR 130 | TR1 65 | TR2 65
220.9181 	DATA 	Keypress: 5
220.9184 	DATA 	TR 131 | TR1 66 | TR2 65
221.4377 	DATA 	Keypress: 5
221.4381 	DATA 	TR 132 | TR1 66 | TR2 66
223.7160 	DATA 	
223.7161 	DATA 	stimulation stopped
223.7161 	DATA 	
224.3168 	DATA 	Keypress: 5
224.3171 	DATA 	TR 133 | TR1 67 | TR2 66
224.8368 	DATA 	Keypress: 5
224.8374 	DATA 	TR 134 | TR1 67 | TR2 67
227.7211 	DATA 	Keypress: 5
227.7215 	DATA 	TR 135 | TR1 68 | TR2 67
228.2242 	DATA 	Keypress: 5
228.2361 	DATA 	TR 136 | TR1 68 | TR2 68
231.1211 	DATA 	Keypress: 5
231.1215 	DATA 	TR 137 | TR1 69 | TR2 68
231.6383 	DATA 	Keypress: 5
231.6387 	DATA 	TR 138 | TR1 69 | TR2 69
234.5193 	DATA 	Keypress: 5
234.5196 	DATA 	TR 139 | TR1 70 | TR2 69
235.0372 	DATA 	Keypress: 5
235.0377 	DATA 	TR 140 | TR1 70 | TR2 70
235.5026 	DATA 	Target presented
235.9040 	DATA 	Keypress: 1
235.9048 	DATA 	Key1 pressed
235.9048 	DATA 	Target detected
237.9035 	DATA 	Keypress: 5
237.9037 	DATA 	TR 141 | TR1 71 | TR2 70
238.4362 	DATA 	Keypress: 5
238.4366 	DATA 	TR 142 | TR1 71 | TR2 71
241.3023 	DATA 	Keypress: 5
241.3026 	DATA 	TR 143 | TR1 72 | TR2 71
241.8209 	DATA 	Keypress: 5
241.8212 	DATA 	TR 144 | TR1 72 | TR2 72
244.7008 	DATA 	Keypress: 5
244.7011 	DATA 	TR 145 | TR1 73 | TR2 72
245.2199 	DATA 	Keypress: 5
245.2203 	DATA 	TR 146 | TR1 73 | TR2 73
247.7214 	DATA 	
247.7215 	DATA 	Trial complete
247.7215 	DATA 	Waiting for VASO trigger to start next trial
247.7215 	DATA 	
248.1042 	DATA 	Keypress: 5
248.1057 	DATA 	
248.1057 	DATA 	Trial 10
248.1057 	DATA 	stimDur = 4.0
248.1057 	DATA 	jitter = 0.0
248.1057 	DATA 	restDur = 16.0

248.1057 	DATA 	
248.1057 	DATA 	TR 147 | TR1 74 | TR2 73
248.1057 	DATA 	
248.1057 	DATA 	stimulation started
248.1058 	DATA 	
248.6165 	DATA 	Keypress: 5
248.6169 	DATA 	TR 148 | TR1 74 | TR2 74
251.5022 	DATA 	Keypress: 5
251.5025 	DATA 	TR 149 | TR1 75 | TR2 74
252.0194 	DATA 	Keypress: 5
252.0197 	DATA 	TR 150 | TR1 75 | TR2 75
252.1188 	DATA 	
252.1188 	DATA 	stimulation stopped
252.1188 	DATA 	
254.9010 	DATA 	Keypress: 5
254.9013 	DATA 	TR 151 | TR1 76 | TR2 75
255.4182 	DATA 	Keypress: 5
255.4185 	DATA 	TR 152 | TR1 76 | TR2 76
258.3059 	DATA 	Keypress: 5
258.3063 	DATA 	TR 153 | TR1 77 | TR2 76
258.8175 	DATA 	Keypress: 5
258.8179 	DATA 	TR 154 | TR1 77 | TR2 77
261.7043 	DATA 	Keypress: 5
261.7046 	DATA 	TR 155 | TR1 78 | TR2 77
262.2221 	DATA 	Keypress: 5
262.2225 	DATA 	TR 156 | TR1 78 | TR2 78
265.1014 	DATA 	Keypress: 5
265.1017 	DATA 	TR 157 | TR1 79 | TR2 78
265.6210 	DATA 	Keypress: 5
265.6216 	DATA 	TR 158 | TR1 79 | TR2 79
268.1217 	DATA 	
268.1217 	DATA 	Trial complete
268.1218 	DATA 	Waiting for VASO trigger to start next trial
268.1218 	DATA 	
268.5025 	DATA 	Keypress: 5
268.5039 	DATA 	
268.5039 	DATA 	Trial 11
268.5039 	DATA 	stimDur = 24.0
268.5039 	DATA 	jitter = 0.86175
268.5040 	DATA 	restDur = 24.0

268.5040 	DATA 	
268.5040 	DATA 	TR 159 | TR1 80 | TR2 79
269.0177 	DATA 	Keypress: 5
269.0182 	DATA 	TR 160 | TR1 80 | TR2 80
269.3681 	DATA 	
269.3681 	DATA 	stimulation started
269.3681 	DATA 	
271.9046 	DATA 	Keypress: 5
271.9048 	DATA 	TR 161 | TR1 81 | TR2 80
272.4055 	DATA 	Keypress: 5
272.4058 	DATA 	TR 162 | TR1 81 | TR2 81
275.3047 	DATA 	Keypress: 5
275.3051 	DATA 	TR 163 | TR1 82 | TR2 81
275.8032 	DATA 	Keypress: 5
275.8189 	DATA 	TR 164 | TR1 82 | TR2 82
278.7018 	DATA 	Keypress: 5
278.7021 	DATA 	TR 165 | TR1 83 | TR2 82
279.2028 	DATA 	Keypress: 5
279.2031 	DATA 	TR 166 | TR1 83 | TR2 83
282.0884 	DATA 	Keypress: 5
282.0887 	DATA 	TR 167 | TR1 84 | TR2 83
282.6034 	DATA 	Keypress: 5
282.6037 	DATA 	TR 168 | TR1 84 | TR2 84
285.4875 	DATA 	Keypress: 5
285.4878 	DATA 	TR 169 | TR1 85 | TR2 84
286.0023 	DATA 	Keypress: 5
286.0026 	DATA 	TR 170 | TR1 85 | TR2 85
288.8839 	DATA 	Keypress: 5
288.8842 	DATA 	TR 171 | TR1 86 | TR2 85
289.4035 	DATA 	Keypress: 5
289.4039 	DATA 	TR 172 | TR1 86 | TR2 86
292.2869 	DATA 	Keypress: 5
292.2872 	DATA 	TR 173 | TR1 87 | TR2 86
292.8040 	DATA 	Keypress: 5
292.8044 	DATA 	TR 174 | TR1 87 | TR2 87
293.3720 	DATA 	
293.3720 	DATA 	stimulation stopped
293.3720 	DATA 	
295.6856 	DATA 	Keypress: 5
295.6859 	DATA 	TR 175 | TR1 88 | TR2 87
296.2049 	DATA 	Keypress: 5
296.2053 	DATA 	TR 176 | TR1 88 | TR2 88
299.0863 	DATA 	Keypress: 5
299.0865 	DATA 	TR 177 | TR1 89 | TR2 88
299.6032 	DATA 	Keypress: 5
299.6035 	DATA 	TR 178 | TR1 89 | TR2 89
300.0701 	DATA 	Target presented
300.5523 	DATA 	Keypress: 1
300.5529 	DATA 	Key1 pressed
300.5529 	DATA 	Target detected
302.4879 	DATA 	Keypress: 5
302.4883 	DATA 	TR 179 | TR1 90 | TR2 89
303.0060 	DATA 	Keypress: 5
303.0063 	DATA 	TR 180 | TR1 90 | TR2 90
305.8876 	DATA 	Keypress: 5
305.8879 	DATA 	TR 181 | TR1 91 | TR2 90
306.4031 	DATA 	Keypress: 5
306.4034 	DATA 	TR 182 | TR1 91 | TR2 91
309.2856 	DATA 	Keypress: 5
309.2860 	DATA 	TR 183 | TR1 92 | TR2 91
309.8030 	DATA 	Keypress: 5
309.8036 	DATA 	TR 184 | TR1 92 | TR2 92
312.6905 	DATA 	Keypress: 5
312.6909 	DATA 	TR 185 | TR1 93 | TR2 92
313.1878 	DATA 	Keypress: 5
313.1881 	DATA 	TR 186 | TR1 93 | TR2 93
316.0892 	DATA 	Keypress: 5
316.0896 	DATA 	TR 187 | TR1 94 | TR2 93
316.5872 	DATA 	Keypress: 5
316.5875 	DATA 	TR 188 | TR1 94 | TR2 94
317.3703 	DATA 	
317.3703 	DATA 	Trial complete
317.3703 	DATA 	Waiting for VASO trigger to start next trial
317.3703 	DATA 	
319.4711 	DATA 	Keypress: 5
319.4859 	DATA 	
319.4859 	DATA 	Trial 12
319.4859 	DATA 	stimDur = 1.0
319.4859 	DATA 	jitter = 0.86175
319.4859 	DATA 	restDur = 12.0

319.4859 	DATA 	
319.4859 	DATA 	TR 189 | TR1 95 | TR2 94
319.9880 	DATA 	Keypress: 5
319.9884 	DATA 	TR 190 | TR1 95 | TR2 95
320.3530 	DATA 	
320.3530 	DATA 	stimulation started
320.3530 	DATA 	
321.3544 	DATA 	
321.3545 	DATA 	stimulation stopped
321.3545 	DATA 	
322.8710 	DATA 	Keypress: 5
322.8713 	DATA 	TR 191 | TR1 96 | TR2 95
323.3891 	DATA 	Keypress: 5
323.3895 	DATA 	TR 192 | TR1 96 | TR2 96
326.2715 	DATA 	Keypress: 5
326.2719 	DATA 	TR 193 | TR1 97 | TR2 96
326.7876 	DATA 	Keypress: 5
326.7880 	DATA 	TR 194 | TR1 97 | TR2 97
329.6687 	DATA 	Keypress: 5
329.6689 	DATA 	TR 195 | TR1 98 | TR2 97
330.1879 	DATA 	Keypress: 5
330.1884 	DATA 	TR 196 | TR1 98 | TR2 98
333.0720 	DATA 	Keypress: 5
333.0724 	DATA 	TR 197 | TR1 99 | TR2 98
333.3544 	DATA 	
333.3544 	DATA 	Trial complete
333.3544 	DATA 	Waiting for VASO trigger to start next trial
333.3544 	DATA 	
333.5887 	DATA 	Keypress: 5
333.5890 	DATA 	TR 198 | TR1 99 | TR2 99
336.4726 	DATA 	Keypress: 5
336.4740 	DATA 	
336.4740 	DATA 	Trial 13
336.4741 	DATA 	stimDur = 4.0
336.4741 	DATA 	jitter = 1.7235
336.4741 	DATA 	restDur = 16.0

336.4741 	DATA 	
336.4741 	DATA 	TR 199 | TR1 100 | TR2 99
336.9889 	DATA 	Keypress: 5
336.9892 	DATA 	TR 200 | TR1 100 | TR2 100
338.2061 	DATA 	
338.2061 	DATA 	stimulation started
338.2061 	DATA 	
339.8700 	DATA 	Keypress: 5
339.8704 	DATA 	TR 201 | TR1 101 | TR2 100
340.3879 	DATA 	Keypress: 5
340.3885 	DATA 	TR 202 | TR1 101 | TR2 101
342.2054 	DATA 	
342.2054 	DATA 	stimulation stopped
342.2054 	DATA 	
343.2717 	DATA 	Keypress: 5
343.2720 	DATA 	TR 203 | TR1 102 | TR2 101
343.7876 	DATA 	Keypress: 5
343.7881 	DATA 	TR 204 | TR1 102 | TR2 102
346.6724 	DATA 	Keypress: 5
346.6727 	DATA 	TR 205 | TR1 103 | TR2 102
347.1888 	DATA 	Keypress: 5
347.1892 	DATA 	TR 206 | TR1 103 | TR2 103
350.0706 	DATA 	Keypress: 5
350.0708 	DATA 	TR 207 | TR1 104 | TR2 103
350.5873 	DATA 	Keypress: 5
350.5878 	DATA 	TR 208 | TR1 104 | TR2 104
352.6727 	DATA 	Target presented
353.0883 	DATA 	Keypress: 1
353.0889 	DATA 	Key1 pressed
353.0889 	DATA 	Target detected
353.4747 	DATA 	Keypress: 5
353.4752 	DATA 	TR 209 | TR1 105 | TR2 104
353.9863 	DATA 	Keypress: 5
353.9868 	DATA 	TR 210 | TR1 105 | TR2 105
356.8582 	DATA 	Keypress: 5
356.8711 	DATA 	TR 211 | TR1 106 | TR2 105
357.3730 	DATA 	Keypress: 5
357.3733 	DATA 	TR 212 | TR1 106 | TR2 106
358.2048 	DATA 	
358.2048 	DATA 	Trial complete
358.2048 	DATA 	Waiting for VASO trigger to start next trial
358.2048 	DATA 	
360.2566 	DATA 	Keypress: 5
360.2704 	DATA 	
360.2704 	DATA 	Trial 14
360.2705 	DATA 	stimDur = 24.0
360.2705 	DATA 	jitter = 1.7235
360.2705 	DATA 	restDur = 24.0

360.2705 	DATA 	
360.2705 	DATA 	TR 213 | TR1 107 | TR2 106
360.7718 	DATA 	Keypress: 5
360.7721 	DATA 	TR 214 | TR1 107 | TR2 107
362.0052 	DATA 	
362.0052 	DATA 	stimulation started
362.0052 	DATA 	
363.6708 	DATA 	Keypress: 5
363.6713 	DATA 	TR 215 | TR1 108 | TR2 107
364.1686 	DATA 	Keypress: 5
364.1689 	DATA 	TR 216 | TR1 108 | TR2 108
367.0552 	DATA 	Keypress: 5
367.0556 	DATA 	TR 217 | TR1 109 | TR2 108
367.5735 	DATA 	Keypress: 5
367.5738 	DATA 	TR 218 | TR1 109 | TR2 109
370.4550 	DATA 	Keypress: 5
370.4554 	DATA 	TR 219 | TR1 110 | TR2 109
370.9722 	DATA 	Keypress: 5
370.9725 	DATA 	TR 220 | TR1 110 | TR2 110
373.8518 	DATA 	Keypress: 5
373.8521 	DATA 	TR 221 | TR1 111 | TR2 110
374.3718 	DATA 	Keypress: 5
374.3723 	DATA 	TR 222 | TR1 111 | TR2 111
377.2552 	DATA 	Keypress: 5
377.2556 	DATA 	TR 223 | TR1 112 | TR2 111
377.7726 	DATA 	Keypress: 5
377.7731 	DATA 	TR 224 | TR1 112 | TR2 112
380.6554 	DATA 	Keypress: 5
380.6556 	DATA 	TR 225 | TR1 113 | TR2 112
381.1735 	DATA 	Keypress: 5
381.1739 	DATA 	TR 226 | TR1 113 | TR2 113
384.0537 	DATA 	Keypress: 5
384.0540 	DATA 	TR 227 | TR1 114 | TR2 113
384.5698 	DATA 	Keypress: 5
384.5702 	DATA 	TR 228 | TR1 114 | TR2 114
386.0051 	DATA 	
386.0051 	DATA 	stimulation stopped
386.0052 	DATA 	
387.4575 	DATA 	Keypress: 5
387.4579 	DATA 	TR 229 | TR1 115 | TR2 114
387.9733 	DATA 	Keypress: 5
387.9739 	DATA 	TR 230 | TR1 115 | TR2 115
390.8547 	DATA 	Keypress: 5
390.8551 	DATA 	TR 231 | TR1 116 | TR2 115
391.3736 	DATA 	Keypress: 5
391.3740 	DATA 	TR 232 | TR1 116 | TR2 116
394.2541 	DATA 	Keypress: 5
394.2544 	DATA 	TR 233 | TR1 117 | TR2 116
394.7724 	DATA 	Keypress: 5
394.7728 	DATA 	TR 234 | TR1 117 | TR2 117
397.6400 	DATA 	Keypress: 5
397.6556 	DATA 	TR 235 | TR1 118 | TR2 117
398.1557 	DATA 	Keypress: 5
398.1560 	DATA 	TR 236 | TR1 118 | TR2 118
401.0395 	DATA 	Keypress: 5
401.0398 	DATA 	TR 237 | TR1 119 | TR2 118
401.5573 	DATA 	Keypress: 5
401.5577 	DATA 	TR 238 | TR1 119 | TR2 119
404.4558 	DATA 	Keypress: 5
404.4562 	DATA 	TR 239 | TR1 120 | TR2 119
404.9550 	DATA 	Keypress: 5
404.9553 	DATA 	TR 240 | TR1 120 | TR2 120
407.8390 	DATA 	Keypress: 5
407.8392 	DATA 	TR 241 | TR1 121 | TR2 120
408.3577 	DATA 	Keypress: 5
408.3580 	DATA 	TR 242 | TR1 121 | TR2 121
410.0030 	DATA 	
410.0030 	DATA 	Trial complete
410.0031 	DATA 	Waiting for VASO trigger to start next trial
410.0031 	DATA 	
411.2395 	DATA 	Keypress: 5
411.2406 	DATA 	
411.2406 	DATA 	Trial 15
411.2406 	DATA 	stimDur = 12.0
411.2406 	DATA 	jitter = 2.5852500000000003
411.2406 	DATA 	restDur = 20.0

411.2406 	DATA 	
411.2406 	DATA 	TR 243 | TR1 122 | TR2 121
411.7549 	DATA 	Keypress: 5
411.7553 	DATA 	TR 244 | TR1 122 | TR2 122
413.8354 	DATA 	
413.8354 	DATA 	stimulation started
413.8354 	DATA 	
414.6363 	DATA 	Keypress: 5
414.6366 	DATA 	TR 245 | TR1 123 | TR2 122
415.1554 	DATA 	Keypress: 5
415.1557 	DATA 	TR 246 | TR1 123 | TR2 123
418.0421 	DATA 	Keypress: 5
418.0425 	DATA 	TR 247 | TR1 124 | TR2 123
418.5576 	DATA 	Keypress: 5
418.5579 	DATA 	TR 248 | TR1 124 | TR2 124
421.4379 	DATA 	Keypress: 5
421.4382 	DATA 	TR 249 | TR1 125 | TR2 124
421.9551 	DATA 	Keypress: 5
421.9555 	DATA 	TR 250 | TR1 125 | TR2 125
424.8366 	DATA 	Keypress: 5
424.8369 	DATA 	TR 251 | TR1 126 | TR2 125
425.3566 	DATA 	Keypress: 5
425.3571 	DATA 	TR 252 | TR1 126 | TR2 126
425.8389 	DATA 	
425.8390 	DATA 	stimulation stopped
425.8390 	DATA 	
428.2397 	DATA 	Keypress: 5
428.2400 	DATA 	TR 253 | TR1 127 | TR2 126
428.7595 	DATA 	Keypress: 5
428.7600 	DATA 	TR 254 | TR1 127 | TR2 127
431.2559 	DATA 	Target presented
431.6389 	DATA 	Keypress: 5
431.6399 	DATA 	Keypress: 1
431.6409 	DATA 	TR 255 | TR1 128 | TR2 127
431.6409 	DATA 	Key1 pressed
431.6409 	DATA 	Target detected
432.1413 	DATA 	Keypress: 5
432.1552 	DATA 	TR 256 | TR1 128 | TR2 128
435.0384 	DATA 	Keypress: 5
435.0389 	DATA 	TR 257 | TR1 129 | TR2 128
435.5562 	DATA 	Keypress: 5
435.5566 	DATA 	TR 258 | TR1 129 | TR2 129
438.4252 	DATA 	Keypress: 5
438.4255 	DATA 	TR 259 | TR1 130 | TR2 129
438.9390 	DATA 	Keypress: 5
438.9520 	DATA 	TR 260 | TR1 130 | TR2 130
441.8228 	DATA 	Keypress: 5
441.8407 	DATA 	TR 261 | TR1 131 | TR2 130
442.3407 	DATA 	Keypress: 5
442.3409 	DATA 	TR 262 | TR1 131 | TR2 131
445.2219 	DATA 	Keypress: 5
445.2376 	DATA 	TR 263 | TR1 132 | TR2 131
445.7403 	DATA 	Keypress: 5
445.7407 	DATA 	TR 264 | TR1 132 | TR2 132
445.8385 	DATA 	
445.8385 	DATA 	Trial complete
445.8385 	DATA 	Waiting for VASO trigger to start next trial
445.8385 	DATA 	
448.6236 	DATA 	Keypress: 5
448.6246 	DATA 	
448.6246 	DATA 	Trial 16
448.6246 	DATA 	stimDur = 2.0
448.6246 	DATA 	jitter = 1.7235
448.6246 	DATA 	restDur = 14.0

448.6246 	DATA 	
448.6246 	DATA 	TR 265 | TR1 133 | TR2 132
449.1380 	DATA 	Keypress: 5
449.1383 	DATA 	TR 266 | TR1 133 | TR2 133
450.3537 	DATA 	
450.3537 	DATA 	stimulation started
450.3537 	DATA 	
452.0222 	DATA 	Keypress: 5
452.0225 	DATA 	TR 267 | TR1 134 | TR2 133
452.3553 	DATA 	
452.3553 	DATA 	stimulation stopped
452.3554 	DATA 	
452.5420 	DATA 	Keypress: 5
452.5423 	DATA 	TR 268 | TR1 134 | TR2 134
455.4219 	DATA 	Keypress: 5
455.4223 	DATA 	TR 269 | TR1 135 | TR2 134
455.9385 	DATA 	Keypress: 5
455.9389 	DATA 	TR 270 | TR1 135 | TR2 135
458.8254 	DATA 	Keypress: 5
458.8257 	DATA 	TR 271 | TR1 136 | TR2 135
459.3395 	DATA 	Keypress: 5
459.3399 	DATA 	TR 272 | TR1 136 | TR2 136
462.2240 	DATA 	Keypress: 5
462.2243 	DATA 	TR 273 | TR1 137 | TR2 136
462.7406 	DATA 	Keypress: 5
462.7411 	DATA 	TR 274 | TR1 137 | TR2 137
465.6213 	DATA 	Keypress: 5
465.6216 	DATA 	TR 275 | TR1 138 | TR2 137
466.1410 	DATA 	Keypress: 5
466.1416 	DATA 	TR 276 | TR1 138 | TR2 138
466.3563 	DATA 	
466.3564 	DATA 	Trial complete
466.3564 	DATA 	Waiting for VASO trigger to start next trial
466.3564 	DATA 	
469.0203 	DATA 	Keypress: 5
469.0217 	DATA 	
469.0217 	DATA 	Trial 17
469.0217 	DATA 	stimDur = 12.0
469.0217 	DATA 	jitter = 1.7235
469.0217 	DATA 	restDur = 20.0

469.0217 	DATA 	
469.0217 	DATA 	TR 277 | TR1 139 | TR2 138
469.5369 	DATA 	Keypress: 5
469.5373 	DATA 	TR 278 | TR1 139 | TR2 139
470.7559 	DATA 	
470.7560 	DATA 	stimulation started
470.7560 	DATA 	
472.4227 	DATA 	Keypress: 5
472.4230 	DATA 	TR 279 | TR1 140 | TR2 139
472.9253 	DATA 	Keypress: 5
472.9256 	DATA 	TR 280 | TR1 140 | TR2 140
475.8245 	DATA 	Keypress: 5
475.8249 	DATA 	TR 281 | TR1 141 | TR2 140
476.3414 	DATA 	Keypress: 5
476.3417 	DATA 	TR 282 | TR1 141 | TR2 141
477.4744 	DATA 	Target presented
477.8732 	DATA 	Keypress: 1
477.8738 	DATA 	Key1 pressed
477.8738 	DATA 	Target detected
479.2232 	DATA 	Keypress: 5
479.2237 	DATA 	TR 283 | TR1 142 | TR2 141
479.7228 	DATA 	Keypress: 5
479.7231 	DATA 	TR 284 | TR1 142 | TR2 142
482.6066 	DATA 	Keypress: 5
482.6069 	DATA 	TR 285 | TR1 143 | TR2 142
482.7572 	DATA 	
482.7572 	DATA 	stimulation stopped
482.7573 	DATA 	
483.1262 	DATA 	Keypress: 5
483.1266 	DATA 	TR 286 | TR1 143 | TR2 143
486.0072 	DATA 	Keypress: 5
486.0075 	DATA 	TR 287 | TR1 144 | TR2 143
486.5242 	DATA 	Keypress: 5
486.5245 	DATA 	TR 288 | TR1 144 | TR2 144
489.4056 	DATA 	Keypress: 5
489.4058 	DATA 	TR 289 | TR1 145 | TR2 144
489.9211 	DATA 	Keypress: 5
489.9214 	DATA 	TR 290 | TR1 145 | TR2 145
492.8067 	DATA 	Keypress: 5
492.8070 	DATA 	TR 291 | TR1 146 | TR2 145
493.3268 	DATA 	Keypress: 5
493.3271 	DATA 	TR 292 | TR1 146 | TR2 146
496.2053 	DATA 	Keypress: 5
496.2056 	DATA 	TR 293 | TR1 147 | TR2 146
496.7226 	DATA 	Keypress: 5
496.7229 	DATA 	TR 294 | TR1 147 | TR2 147
499.6059 	DATA 	Keypress: 5
499.6062 	DATA 	TR 295 | TR1 148 | TR2 147
500.1213 	DATA 	Keypress: 5
500.1217 	DATA 	TR 296 | TR1 148 | TR2 148
502.7564 	DATA 	
502.7564 	DATA 	Trial complete
502.7564 	DATA 	Waiting for VASO trigger to start next trial
502.7564 	DATA 	
503.0095 	DATA 	Keypress: 5
503.0106 	DATA 	
503.0106 	DATA 	Trial 18
503.0106 	DATA 	stimDur = 2.0
503.0106 	DATA 	jitter = 2.5852500000000003
503.0106 	DATA 	restDur = 14.0

503.0106 	DATA 	
503.0106 	DATA 	TR 297 | TR1 149 | TR2 148
503.5259 	DATA 	Keypress: 5
503.5261 	DATA 	TR 298 | TR1 149 | TR2 149
505.6047 	DATA 	
505.6047 	DATA 	stimulation started
505.6047 	DATA 	
506.4057 	DATA 	Keypress: 5
506.4060 	DATA 	TR 299 | TR1 150 | TR2 149
506.9230 	DATA 	Keypress: 5
506.9233 	DATA 	TR 300 | TR1 150 | TR2 150
507.6080 	DATA 	
507.6081 	DATA 	stimulation stopped
507.6081 	DATA 	
509.8074 	DATA 	Keypress: 5
509.8079 	DATA 	TR 301 | TR1 151 | TR2 150
510.3243 	DATA 	Keypress: 5
510.3247 	DATA 	TR 302 | TR1 151 | TR2 151
513.2076 	DATA 	Keypress: 5
513.2079 	DATA 	TR 303 | TR1 152 | TR2 151
513.7099 	DATA 	Keypress: 5
513.7102 	DATA 	TR 304 | TR1 152 | TR2 152
516.6069 	DATA 	Keypress: 5
516.6073 	DATA 	TR 305 | TR1 153 | TR2 152
517.1083 	DATA 	Keypress: 5
517.1086 	DATA 	TR 306 | TR1 153 | TR2 153
520.0081 	DATA 	Keypress: 5
520.0085 	DATA 	TR 307 | TR1 154 | TR2 153
520.5243 	DATA 	Keypress: 5
520.5247 	DATA 	TR 308 | TR1 154 | TR2 154
521.6072 	DATA 	
521.6072 	DATA 	Trial complete
521.6072 	DATA 	Waiting for VASO trigger to start next trial
521.6072 	DATA 	
523.3925 	DATA 	Keypress: 5
523.3936 	DATA 	
523.3936 	DATA 	Trial 19
523.3936 	DATA 	stimDur = 24.0
523.3936 	DATA 	jitter = 0.0
523.3936 	DATA 	restDur = 24.0

523.3937 	DATA 	
523.3937 	DATA 	TR 309 | TR1 155 | TR2 154
523.3937 	DATA 	
523.3937 	DATA 	stimulation started
523.3937 	DATA 	
523.9108 	DATA 	Keypress: 5
523.9113 	DATA 	TR 310 | TR1 155 | TR2 155
526.7897 	DATA 	Keypress: 5
526.7900 	DATA 	TR 311 | TR1 156 | TR2 155
527.3069 	DATA 	Keypress: 5
527.3072 	DATA 	TR 312 | TR1 156 | TR2 156
530.1904 	DATA 	Keypress: 5
530.1907 	DATA 	TR 313 | TR1 157 | TR2 156
530.7052 	DATA 	Keypress: 5
530.7055 	DATA 	TR 314 | TR1 157 | TR2 157
531.7079 	DATA 	Target presented
532.2921 	DATA 	Keypress: 1
532.2928 	DATA 	Key1 pressed
532.2928 	DATA 	Target detected
533.5910 	DATA 	Keypress: 5
533.5912 	DATA 	TR 315 | TR1 158 | TR2 157
534.1084 	DATA 	Keypress: 5
534.1087 	DATA 	TR 316 | TR1 158 | TR2 158
536.9916 	DATA 	Keypress: 5
536.9919 	DATA 	TR 317 | TR1 159 | TR2 158
537.5070 	DATA 	Keypress: 5
537.5073 	DATA 	TR 318 | TR1 159 | TR2 159
540.3909 	DATA 	Keypress: 5
540.3912 	DATA 	TR 319 | TR1 160 | TR2 159
540.9082 	DATA 	Keypress: 5
540.9086 	DATA 	TR 320 | TR1 160 | TR2 160
543.7919 	DATA 	Keypress: 5
543.7923 	DATA 	TR 321 | TR1 161 | TR2 160
544.3061 	DATA 	Keypress: 5
544.3064 	DATA 	TR 322 | TR1 161 | TR2 161
547.1903 	DATA 	Keypress: 5
547.1906 	DATA 	TR 323 | TR1 162 | TR2 161
547.4066 	DATA 	
547.4067 	DATA 	stimulation stopped
547.4067 	DATA 	
547.7085 	DATA 	Keypress: 5
547.7091 	DATA 	TR 324 | TR1 162 | TR2 162
550.5891 	DATA 	Keypress: 5
550.5894 	DATA 	TR 325 | TR1 163 | TR2 162
551.1090 	DATA 	Keypress: 5
551.1095 	DATA 	TR 326 | TR1 163 | TR2 163
553.9947 	DATA 	Keypress: 5
553.9951 	DATA 	TR 327 | TR1 164 | TR2 163
554.5074 	DATA 	Keypress: 5
554.5078 	DATA 	TR 328 | TR1 164 | TR2 164
557.3934 	DATA 	Keypress: 5
557.3938 	DATA 	TR 329 | TR1 165 | TR2 164
557.8937 	DATA 	Keypress: 5
557.8941 	DATA 	TR 330 | TR1 165 | TR2 165
560.7911 	DATA 	Keypress: 5
560.7914 	DATA 	TR 331 | TR1 166 | TR2 165
561.2902 	DATA 	Keypress: 5
561.2905 	DATA 	TR 332 | TR1 166 | TR2 166
564.1754 	DATA 	Keypress: 5
564.1757 	DATA 	TR 333 | TR1 167 | TR2 166
564.6885 	DATA 	Keypress: 5
564.6888 	DATA 	TR 334 | TR1 167 | TR2 167
567.5756 	DATA 	Keypress: 5
567.5759 	DATA 	TR 335 | TR1 168 | TR2 167
568.0932 	DATA 	Keypress: 5
568.0935 	DATA 	TR 336 | TR1 168 | TR2 168
570.9744 	DATA 	Keypress: 5
570.9747 	DATA 	TR 337 | TR1 169 | TR2 168
571.4077 	DATA 	
571.4077 	DATA 	Trial complete
571.4077 	DATA 	
571.4906 	DATA 	Keypress: 5
571.4911 	DATA 	TR 338 | TR1 169 | TR2 169
574.3734 	DATA 	Keypress: 5
574.3744 	DATA 	
574.3744 	DATA 	Trial 20
574.3744 	DATA 	stimDur = 1.0
574.3744 	DATA 	jitter = 1.7235
574.3744 	DATA 	restDur = 12.0

574.3744 	DATA 	
574.3744 	DATA 	TR 339 | TR1 170 | TR2 169
574.8908 	DATA 	Keypress: 5
574.8912 	DATA 	TR 340 | TR1 170 | TR2 170
576.1076 	DATA 	
576.1077 	DATA 	stimulation started
576.1077 	DATA 	
577.1086 	DATA 	
577.1086 	DATA 	stimulation stopped
577.1086 	DATA 	
577.7761 	DATA 	Keypress: 5
577.7764 	DATA 	TR 341 | TR1 171 | TR2 170
578.2917 	DATA 	Keypress: 5
578.2920 	DATA 	TR 342 | TR1 171 | TR2 171
581.1748 	DATA 	Keypress: 5
581.1750 	DATA 	TR 343 | TR1 172 | TR2 171
581.6929 	DATA 	Keypress: 5
581.6933 	DATA 	TR 344 | TR1 172 | TR2 172
583.0427 	DATA 	Target presented
583.4104 	DATA 	Keypress: 1
583.4110 	DATA 	Key1 pressed
583.4110 	DATA 	Target detected
584.5733 	DATA 	Keypress: 5
584.5736 	DATA 	TR 345 | TR1 173 | TR2 172
585.0909 	DATA 	Keypress: 5
585.0911 	DATA 	TR 346 | TR1 173 | TR2 173
587.9765 	DATA 	Keypress: 5
587.9768 	DATA 	TR 347 | TR1 174 | TR2 173
588.4920 	DATA 	Keypress: 5
588.4923 	DATA 	TR 348 | TR1 174 | TR2 174
589.1105 	DATA 	
589.1105 	DATA 	Trial complete
589.1105 	DATA 	
591.3757 	DATA 	Keypress: 5
591.3761 	DATA 	TR 349 | TR1 175 | TR2 174
591.8912 	DATA 	Keypress: 5
591.8917 	DATA 	TR 350 | TR1 175 | TR2 175
594.7744 	DATA 	Keypress: 5
594.7748 	DATA 	TR 351 | TR1 176 | TR2 175
595.2923 	DATA 	Keypress: 5
595.2928 	DATA 	TR 352 | TR1 176 | TR2 176
598.1611 	DATA 	Keypress: 5
598.1755 	DATA 	TR 353 | TR1 177 | TR2 176
598.6755 	DATA 	Keypress: 5
598.6758 	DATA 	TR 354 | TR1 177 | TR2 177
601.5747 	DATA 	Keypress: 5
601.5751 	DATA 	TR 355 | TR1 178 | TR2 177
602.0754 	DATA 	Keypress: 5
602.0757 	DATA 	TR 356 | TR1 178 | TR2 178
604.9755 	DATA 	Keypress: 5
604.9760 	DATA 	TR 357 | TR1 179 | TR2 178
605.4732 	DATA 	Keypress: 5
605.4735 	DATA 	TR 358 | TR1 179 | TR2 179
608.3587 	DATA 	Keypress: 5
608.3590 	DATA 	TR 359 | TR1 180 | TR2 179
608.8773 	DATA 	Keypress: 5
608.8776 	DATA 	TR 360 | TR1 180 | TR2 180
623.7944 	DATA 	Keypress: 5
623.7948 	DATA 	TR 361 | TR1 181 | TR2 180
625.7945 	DATA 	Keypress: 5
625.7948 	DATA 	TR 362 | TR1 181 | TR2 181
627.7937 	DATA 	Keypress: q
628.3366 	EXP 	window1: mouseVisible = True
