MonitorDistance=99cm
MonitorWidth=30cm
PixelWidth=1024.0
PixelHeight=768.0
You have detected 11 out of 11 targets.
Well done! Keep up the good work
16.4302 	INFO 	Loaded monitor calibration from ['2021_05_26 17:55']
16.9095 	EXP 	Created window1 = Window(allowGUI=False, allowStencil=False, autoLog=True, backendConf=UNKNOWN, bitsMode=UNKNOWN, blendMode='avg', bpc=(8, 8, 8), color=array([-0.5, -0.5, -0.5]), colorSpace='rgb', depthBits=8, fullscr=<method-wrapper '__getattribute__' of attributeSetter object at 0x7fd5f4b71400>, gamma=None, gammaErrorPolicy='raise', lms=UNKNOWN, monitor=<psychopy.monitors.calibTools.Monitor object at 0x7fd5ea993048>, multiSample=False, name='window1', numSamples=2, pos=[0.0, 0.0], screen=0, size=array([1024,  768]), stencilBits=0, stereo=False, units='deg', useFBO=False, useRetina=False, viewOri=0.0, viewPos=None, viewScale=None, waitBlanking=True, winType='pyglet')
16.9096 	EXP 	window1: mouseVisible = True
16.9756 	EXP 	Created unnamed TextStim = TextStim(__class__=<class 'psychopy.visual.text.TextStim'>, alignHoriz=method-wrapper(...), alignText='center', alignVert=method-wrapper(...), anchorHoriz='center', anchorVert='center', antialias=True, autoLog=True, bold=False, color=array([1., 1., 1.]), colorSpace='rgb', contrast=1.0, depth=0, flipHoriz=False, flipVert=False, font='', fontFiles=[], height=0.5, italic=False, languageStyle='LTR', name='unnamed TextStim', opacity=1.0, ori=0.0, pos=array([0., 0.]), rgb=UNKNOWN, text=str(...), units='deg', win=Window(...), wrapWidth=15.0)
17.0061 	EXP 	Created Movie Frame 0 = ImageStim(__class__=<class 'psychopy.visual.image.ImageStim'>, autoLog=True, color=array([0.8, 0.8, 0.8]), colorSpace='rgb', contrast=0.8, depth=0, flipHoriz=False, flipVert=False, image='visual_0.png', interpolate=False, mask=None, maskParams=None, name='Movie Frame 0', opacity=1, ori=0.0, pos=array([0., 0.]), size=array([1024,  768]), texRes=128, units='pix', win=Window(...))
17.0301 	EXP 	Created Movie Frame 1 = ImageStim(__class__=<class 'psychopy.visual.image.ImageStim'>, autoLog=True, color=array([0.8, 0.8, 0.8]), colorSpace='rgb', contrast=0.8, depth=0, flipHoriz=False, flipVert=False, image='visual_1.png', interpolate=False, mask=None, maskParams=None, name='Movie Frame 1', opacity=1, ori=0.0, pos=array([0., 0.]), size=array([1024,  768]), texRes=128, units='pix', win=Window(...))
113.0441 	DATA 	Keypress: 5
0.0000 	DATA 	StartOfRun sub-07_ses-02_run-04
0.0000 	DATA 	TR 1 | TR1 1 | TR2 0
0.0199 	DATA 	Initial baseline

1.5511 	DATA 	Keypress: 5
1.5512 	DATA 	TR 2 | TR1 1 | TR2 1
3.1221 	DATA 	Keypress: 5
3.1222 	DATA 	TR 3 | TR1 2 | TR2 1
4.6743 	DATA 	Keypress: 5
4.6744 	DATA 	TR 4 | TR1 2 | TR2 2
6.2455 	DATA 	Keypress: 5
6.2456 	DATA 	TR 5 | TR1 3 | TR2 2
7.7977 	DATA 	Keypress: 5
7.7978 	DATA 	TR 6 | TR1 3 | TR2 3
9.3689 	DATA 	Keypress: 5
9.3689 	DATA 	TR 7 | TR1 4 | TR2 3
10.9211 	DATA 	Keypress: 5
10.9211 	DATA 	TR 8 | TR1 4 | TR2 4
12.4923 	DATA 	Keypress: 5
12.4923 	DATA 	TR 9 | TR1 5 | TR2 4
14.0445 	DATA 	Keypress: 5
14.0445 	DATA 	TR 10 | TR1 5 | TR2 5
15.6157 	DATA 	Keypress: 5
15.6157 	DATA 	TR 11 | TR1 6 | TR2 5
17.1679 	DATA 	Keypress: 5
17.1679 	DATA 	TR 12 | TR1 6 | TR2 6
18.7392 	DATA 	Keypress: 5
18.7392 	DATA 	TR 13 | TR1 7 | TR2 6
20.2913 	DATA 	Keypress: 5
20.2913 	DATA 	TR 14 | TR1 7 | TR2 7
21.8625 	DATA 	Keypress: 5
21.8625 	DATA 	TR 15 | TR1 8 | TR2 7
23.4147 	DATA 	Keypress: 5
23.4147 	DATA 	TR 16 | TR1 8 | TR2 8
24.9858 	DATA 	Keypress: 5
24.9859 	DATA 	TR 17 | TR1 9 | TR2 8
26.5380 	DATA 	Keypress: 5
26.5381 	DATA 	TR 18 | TR1 9 | TR2 9
28.1092 	DATA 	Keypress: 5
28.1092 	DATA 	TR 19 | TR1 10 | TR2 9
29.6614 	DATA 	Keypress: 5
29.6614 	DATA 	TR 20 | TR1 10 | TR2 10
31.2343 	DATA 	Keypress: 5
31.2344 	DATA 	Waited 1.2343649864196777 seconds for trigger
31.2358 	DATA 	
31.2358 	DATA 	Trial 1
31.2358 	DATA 	stimDur = 24.0
31.2358 	DATA 	jitter = 2.35575
31.2358 	DATA 	restDur = 40.0

31.2358 	DATA 	
31.2358 	DATA 	TR 21 | TR1 11 | TR2 10
32.8007 	DATA 	Keypress: 5
32.8008 	DATA 	TR 22 | TR1 11 | TR2 11
33.6008 	DATA 	
33.6008 	DATA 	stimulation started
33.6008 	DATA 	
34.3674 	DATA 	Keypress: 5
34.3674 	DATA 	TR 23 | TR1 12 | TR2 11
35.9173 	DATA 	Keypress: 5
35.9173 	DATA 	TR 24 | TR1 12 | TR2 12
37.4837 	DATA 	Keypress: 5
37.4838 	DATA 	TR 25 | TR1 13 | TR2 12
39.0336 	DATA 	Keypress: 5
39.0337 	DATA 	TR 26 | TR1 13 | TR2 13
40.6168 	DATA 	Keypress: 5
40.6168 	DATA 	TR 27 | TR1 14 | TR2 13
42.1667 	DATA 	Keypress: 5
42.1667 	DATA 	TR 28 | TR1 14 | TR2 14
43.7332 	DATA 	Keypress: 5
43.7333 	DATA 	TR 29 | TR1 15 | TR2 14
45.2831 	DATA 	Keypress: 5
45.2831 	DATA 	TR 30 | TR1 15 | TR2 15
46.8503 	DATA 	Keypress: 5
46.8662 	DATA 	TR 31 | TR1 16 | TR2 15
48.4162 	DATA 	Keypress: 5
48.4162 	DATA 	TR 32 | TR1 16 | TR2 16
49.9826 	DATA 	Keypress: 5
49.9827 	DATA 	TR 33 | TR1 17 | TR2 16
51.5325 	DATA 	Keypress: 5
51.5325 	DATA 	TR 34 | TR1 17 | TR2 17
53.0990 	DATA 	Keypress: 5
53.0990 	DATA 	TR 35 | TR1 18 | TR2 17
54.6489 	DATA 	Keypress: 5
54.6489 	DATA 	TR 36 | TR1 18 | TR2 18
56.2320 	DATA 	Keypress: 5
56.2321 	DATA 	TR 37 | TR1 19 | TR2 18
57.5985 	DATA 	
57.5985 	DATA 	stimulation stopped
57.5986 	DATA 	
57.7819 	DATA 	Keypress: 5
57.7819 	DATA 	TR 38 | TR1 19 | TR2 19
59.3485 	DATA 	Keypress: 5
59.3485 	DATA 	TR 39 | TR1 20 | TR2 19
60.8982 	DATA 	Keypress: 5
60.8983 	DATA 	TR 40 | TR1 20 | TR2 20
62.4814 	DATA 	Keypress: 5
62.4815 	DATA 	TR 41 | TR1 21 | TR2 20
64.0314 	DATA 	Keypress: 5
64.0315 	DATA 	TR 42 | TR1 21 | TR2 21
65.5978 	DATA 	Keypress: 5
65.5978 	DATA 	TR 43 | TR1 22 | TR2 21
67.1477 	DATA 	Keypress: 5
67.1477 	DATA 	TR 44 | TR1 22 | TR2 22
68.7141 	DATA 	Keypress: 5
68.7142 	DATA 	TR 45 | TR1 23 | TR2 22
70.2647 	DATA 	Keypress: 5
70.2808 	DATA 	TR 46 | TR1 23 | TR2 23
71.8472 	DATA 	Keypress: 5
71.8473 	DATA 	TR 47 | TR1 24 | TR2 23
73.3971 	DATA 	Keypress: 5
73.3971 	DATA 	TR 48 | TR1 24 | TR2 24
74.9636 	DATA 	Keypress: 5
74.9636 	DATA 	TR 49 | TR1 25 | TR2 24
76.5135 	DATA 	Keypress: 5
76.5135 	DATA 	TR 50 | TR1 25 | TR2 25
78.0966 	DATA 	Keypress: 5
78.0967 	DATA 	TR 51 | TR1 26 | TR2 25
79.6465 	DATA 	Keypress: 5
79.6466 	DATA 	TR 52 | TR1 26 | TR2 26
81.2130 	DATA 	Keypress: 5
81.2131 	DATA 	TR 53 | TR1 27 | TR2 26
82.7629 	DATA 	Keypress: 5
82.7630 	DATA 	TR 54 | TR1 27 | TR2 27
84.3461 	DATA 	Keypress: 5
84.3461 	DATA 	TR 55 | TR1 28 | TR2 27
85.8959 	DATA 	Keypress: 5
85.8960 	DATA 	TR 56 | TR1 28 | TR2 28
87.4624 	DATA 	Keypress: 5
87.4625 	DATA 	TR 57 | TR1 29 | TR2 28
89.0123 	DATA 	Keypress: 5
89.0124 	DATA 	TR 58 | TR1 29 | TR2 29
90.5788 	DATA 	Keypress: 5
90.5789 	DATA 	TR 59 | TR1 30 | TR2 29
92.1287 	DATA 	Keypress: 5
92.1287 	DATA 	TR 60 | TR1 30 | TR2 30
93.7119 	DATA 	Keypress: 5
93.7119 	DATA 	TR 61 | TR1 31 | TR2 30
95.2618 	DATA 	Keypress: 5
95.2618 	DATA 	TR 62 | TR1 31 | TR2 31
96.8284 	DATA 	Keypress: 5
96.8284 	DATA 	TR 63 | TR1 32 | TR2 31
97.5948 	DATA 	
97.5948 	DATA 	Trial complete
97.5949 	DATA 	Waiting for VASO trigger to start next trial
97.5949 	DATA 	
98.3781 	DATA 	Keypress: 5
98.3782 	DATA 	TR 64 | TR1 32 | TR2 32
99.9614 	DATA 	Keypress: 5
99.9614 	DATA 	Waited 2.3665738105773926 seconds for trigger
99.9622 	DATA 	
99.9622 	DATA 	Trial 2
99.9622 	DATA 	stimDur = 12.0
99.9622 	DATA 	jitter = 0.0
99.9622 	DATA 	restDur = 30.0

99.9623 	DATA 	
99.9623 	DATA 	TR 65 | TR1 33 | TR2 32
99.9623 	DATA 	
99.9623 	DATA 	stimulation started
99.9623 	DATA 	
101.5112 	DATA 	Keypress: 5
101.5113 	DATA 	TR 66 | TR1 33 | TR2 33
103.0778 	DATA 	Keypress: 5
103.0778 	DATA 	TR 67 | TR1 34 | TR2 33
104.2110 	DATA 	Target presented
104.6276 	DATA 	Keypress: 5
104.6276 	DATA 	TR 68 | TR1 34 | TR2 34
104.7776 	DATA 	Keypress: 1
104.7776 	DATA 	Key1 pressed
104.7776 	DATA 	Target detected
106.1942 	DATA 	Keypress: 5
106.1942 	DATA 	TR 69 | TR1 35 | TR2 34
107.7606 	DATA 	Keypress: 5
107.7607 	DATA 	TR 70 | TR1 35 | TR2 35
109.3273 	DATA 	Keypress: 5
109.3274 	DATA 	TR 71 | TR1 36 | TR2 35
110.8770 	DATA 	Keypress: 5
110.8771 	DATA 	TR 72 | TR1 36 | TR2 36
111.9770 	DATA 	
111.9770 	DATA 	stimulation stopped
111.9770 	DATA 	
112.4435 	DATA 	Keypress: 5
112.4436 	DATA 	TR 73 | TR1 37 | TR2 36
113.9934 	DATA 	Keypress: 5
113.9934 	DATA 	TR 74 | TR1 37 | TR2 37
115.5766 	DATA 	Keypress: 5
115.5766 	DATA 	TR 75 | TR1 38 | TR2 37
117.1264 	DATA 	Keypress: 5
117.1264 	DATA 	TR 76 | TR1 38 | TR2 38
118.6929 	DATA 	Keypress: 5
118.6930 	DATA 	TR 77 | TR1 39 | TR2 38
120.2428 	DATA 	Keypress: 5
120.2428 	DATA 	TR 78 | TR1 39 | TR2 39
121.8099 	DATA 	Keypress: 5
121.8259 	DATA 	TR 79 | TR1 40 | TR2 39
123.3758 	DATA 	Keypress: 5
123.3759 	DATA 	TR 80 | TR1 40 | TR2 40
124.9424 	DATA 	Keypress: 5
124.9424 	DATA 	TR 81 | TR1 41 | TR2 40
126.4922 	DATA 	Keypress: 5
126.4922 	DATA 	TR 82 | TR1 41 | TR2 41
128.0588 	DATA 	Keypress: 5
128.0588 	DATA 	TR 83 | TR1 42 | TR2 41
129.6093 	DATA 	Keypress: 5
129.6252 	DATA 	TR 84 | TR1 42 | TR2 42
131.1918 	DATA 	Keypress: 5
131.1918 	DATA 	TR 85 | TR1 43 | TR2 42
132.7416 	DATA 	Keypress: 5
132.7417 	DATA 	TR 86 | TR1 43 | TR2 43
134.3082 	DATA 	Keypress: 5
134.3082 	DATA 	TR 87 | TR1 44 | TR2 43
135.8580 	DATA 	Keypress: 5
135.8581 	DATA 	TR 88 | TR1 44 | TR2 44
137.4412 	DATA 	Keypress: 5
137.4413 	DATA 	TR 89 | TR1 45 | TR2 44
138.9911 	DATA 	Keypress: 5
138.9911 	DATA 	TR 90 | TR1 45 | TR2 45
140.5576 	DATA 	Keypress: 5
140.5576 	DATA 	TR 91 | TR1 46 | TR2 45
141.9742 	DATA 	
141.9742 	DATA 	Trial complete
141.9742 	DATA 	Waiting for VASO trigger to start next trial
141.9742 	DATA 	
142.1076 	DATA 	Keypress: 5
142.1076 	DATA 	TR 92 | TR1 46 | TR2 46
143.6740 	DATA 	Keypress: 5
143.6741 	DATA 	Waited 1.6998069286346436 seconds for trigger
143.6748 	DATA 	
143.6748 	DATA 	Trial 3
143.6748 	DATA 	stimDur = 24.0
143.6748 	DATA 	jitter = 1.5705
143.6748 	DATA 	restDur = 40.0

143.6749 	DATA 	
143.6749 	DATA 	TR 93 | TR1 47 | TR2 46
145.2406 	DATA 	Keypress: 5
145.2407 	DATA 	TR 94 | TR1 47 | TR2 47
145.2571 	DATA 	
145.2571 	DATA 	stimulation started
145.2571 	DATA 	
146.8071 	DATA 	Keypress: 5
146.8071 	DATA 	TR 95 | TR1 48 | TR2 47
148.3569 	DATA 	Keypress: 5
148.3570 	DATA 	TR 96 | TR1 48 | TR2 48
149.9234 	DATA 	Keypress: 5
149.9235 	DATA 	TR 97 | TR1 49 | TR2 48
151.4733 	DATA 	Keypress: 5
151.4733 	DATA 	TR 98 | TR1 49 | TR2 49
153.0565 	DATA 	Keypress: 5
153.0566 	DATA 	TR 99 | TR1 50 | TR2 49
154.6063 	DATA 	Keypress: 5
154.6064 	DATA 	TR 100 | TR1 50 | TR2 50
156.1730 	DATA 	Keypress: 5
156.1731 	DATA 	TR 101 | TR1 51 | TR2 50
157.7227 	DATA 	Keypress: 5
157.7228 	DATA 	TR 102 | TR1 51 | TR2 51
159.3059 	DATA 	Keypress: 5
159.3059 	DATA 	TR 103 | TR1 52 | TR2 51
160.8558 	DATA 	Keypress: 5
160.8558 	DATA 	TR 104 | TR1 52 | TR2 52
162.4223 	DATA 	Keypress: 5
162.4223 	DATA 	TR 105 | TR1 53 | TR2 52
163.9721 	DATA 	Keypress: 5
163.9722 	DATA 	TR 106 | TR1 53 | TR2 53
165.5388 	DATA 	Keypress: 5
165.5389 	DATA 	TR 107 | TR1 54 | TR2 53
167.0887 	DATA 	Keypress: 5
167.0888 	DATA 	TR 108 | TR1 54 | TR2 54
168.6718 	DATA 	Keypress: 5
168.6718 	DATA 	TR 109 | TR1 55 | TR2 54
169.2550 	DATA 	
169.2550 	DATA 	stimulation stopped
169.2550 	DATA 	
170.2215 	DATA 	Keypress: 5
170.2216 	DATA 	TR 110 | TR1 55 | TR2 55
171.7881 	DATA 	Keypress: 5
171.7881 	DATA 	TR 111 | TR1 56 | TR2 55
173.3379 	DATA 	Keypress: 5
173.3380 	DATA 	TR 112 | TR1 56 | TR2 56
174.9211 	DATA 	Keypress: 5
174.9212 	DATA 	TR 113 | TR1 57 | TR2 56
176.4709 	DATA 	Keypress: 5
176.4710 	DATA 	TR 114 | TR1 57 | TR2 57
178.0375 	DATA 	Keypress: 5
178.0375 	DATA 	TR 115 | TR1 58 | TR2 57
179.5875 	DATA 	Keypress: 5
179.5875 	DATA 	TR 116 | TR1 58 | TR2 58
181.1538 	DATA 	Target presented
181.1545 	DATA 	Keypress: 5
181.1705 	DATA 	TR 117 | TR1 59 | TR2 58
181.8204 	DATA 	Keypress: 1
181.8205 	DATA 	Key1 pressed
181.8205 	DATA 	Target detected
182.7205 	DATA 	Keypress: 5
182.7205 	DATA 	TR 118 | TR1 59 | TR2 59
184.2870 	DATA 	Keypress: 5
184.2870 	DATA 	TR 119 | TR1 60 | TR2 59
185.8367 	DATA 	Keypress: 5
185.8368 	DATA 	TR 120 | TR1 60 | TR2 60
187.4033 	DATA 	Keypress: 5
187.4034 	DATA 	TR 121 | TR1 61 | TR2 60
188.9531 	DATA 	Keypress: 5
188.9531 	DATA 	TR 122 | TR1 61 | TR2 61
190.5363 	DATA 	Keypress: 5
190.5364 	DATA 	TR 123 | TR1 62 | TR2 61
192.0860 	DATA 	Keypress: 5
192.0861 	DATA 	TR 124 | TR1 62 | TR2 62
193.6527 	DATA 	Keypress: 5
193.6528 	DATA 	TR 125 | TR1 63 | TR2 62
195.2026 	DATA 	Keypress: 5
195.2026 	DATA 	TR 126 | TR1 63 | TR2 63
196.7858 	DATA 	Keypress: 5
196.7858 	DATA 	TR 127 | TR1 64 | TR2 63
198.3356 	DATA 	Keypress: 5
198.3356 	DATA 	TR 128 | TR1 64 | TR2 64
199.9021 	DATA 	Keypress: 5
199.9022 	DATA 	TR 129 | TR1 65 | TR2 64
201.4520 	DATA 	Keypress: 5
201.4520 	DATA 	TR 130 | TR1 65 | TR2 65
203.0185 	DATA 	Keypress: 5
203.0186 	DATA 	TR 131 | TR1 66 | TR2 65
204.5689 	DATA 	Keypress: 5
204.5850 	DATA 	TR 132 | TR1 66 | TR2 66
206.1516 	DATA 	Keypress: 5
206.1516 	DATA 	TR 133 | TR1 67 | TR2 66
207.7014 	DATA 	Keypress: 5
207.7015 	DATA 	TR 134 | TR1 67 | TR2 67
209.2512 	DATA 	
209.2512 	DATA 	Trial complete
209.2513 	DATA 	Waiting for VASO trigger to start next trial
209.2513 	DATA 	
209.2679 	DATA 	Keypress: 5
209.2680 	DATA 	Waited 0.016721010208129883 seconds for trigger
209.2688 	DATA 	
209.2688 	DATA 	Trial 4
209.2688 	DATA 	stimDur = 1.0
209.2688 	DATA 	jitter = 2.35575
209.2688 	DATA 	restDur = 20.0

209.2688 	DATA 	
209.2688 	DATA 	TR 135 | TR1 68 | TR2 67
210.8178 	DATA 	Keypress: 5
210.8178 	DATA 	TR 136 | TR1 68 | TR2 68
211.6343 	DATA 	
211.6343 	DATA 	stimulation started
211.6344 	DATA 	
212.4011 	DATA 	Keypress: 5
212.4011 	DATA 	TR 137 | TR1 69 | TR2 68
212.6343 	DATA 	
212.6343 	DATA 	stimulation stopped
212.6343 	DATA 	
213.9508 	DATA 	Keypress: 5
213.9509 	DATA 	TR 138 | TR1 69 | TR2 69
215.5174 	DATA 	Keypress: 5
215.5174 	DATA 	TR 139 | TR1 70 | TR2 69
217.0672 	DATA 	Keypress: 5
217.0672 	DATA 	TR 140 | TR1 70 | TR2 70
218.6504 	DATA 	Keypress: 5
218.6505 	DATA 	TR 141 | TR1 71 | TR2 70
220.2004 	DATA 	Keypress: 5
220.2004 	DATA 	TR 142 | TR1 71 | TR2 71
221.7668 	DATA 	Keypress: 5
221.7669 	DATA 	TR 143 | TR1 72 | TR2 71
223.3166 	DATA 	Keypress: 5
223.3167 	DATA 	TR 144 | TR1 72 | TR2 72
224.8832 	DATA 	Keypress: 5
224.8832 	DATA 	TR 145 | TR1 73 | TR2 72
226.4331 	DATA 	Keypress: 5
226.4332 	DATA 	TR 146 | TR1 73 | TR2 73
228.0162 	DATA 	Keypress: 5
228.0163 	DATA 	TR 147 | TR1 74 | TR2 73
229.2828 	DATA 	Target presented
229.5661 	DATA 	Keypress: 5
229.5661 	DATA 	TR 148 | TR1 74 | TR2 74
229.8995 	DATA 	Keypress: 1
229.8995 	DATA 	Key1 pressed
229.8996 	DATA 	Target detected
231.1327 	DATA 	Keypress: 5
231.1328 	DATA 	TR 149 | TR1 75 | TR2 74
232.6324 	DATA 	
232.6324 	DATA 	Trial complete
232.6324 	DATA 	Waiting for VASO trigger to start next trial
232.6324 	DATA 	
232.6824 	DATA 	Keypress: 5
232.6825 	DATA 	TR 150 | TR1 75 | TR2 75
234.2656 	DATA 	Keypress: 5
234.2657 	DATA 	Waited 1.6332240104675293 seconds for trigger
234.2664 	DATA 	
234.2664 	DATA 	Trial 5
234.2664 	DATA 	stimDur = 12.0
234.2664 	DATA 	jitter = 0.78525
234.2665 	DATA 	restDur = 30.0

234.2665 	DATA 	
234.2665 	DATA 	TR 151 | TR1 76 | TR2 75
235.0655 	DATA 	
235.0655 	DATA 	stimulation started
235.0655 	DATA 	
235.8156 	DATA 	Keypress: 5
235.8156 	DATA 	TR 152 | TR1 76 | TR2 76
237.3821 	DATA 	Keypress: 5
237.3821 	DATA 	TR 153 | TR1 77 | TR2 76
238.9319 	DATA 	Keypress: 5
238.9320 	DATA 	TR 154 | TR1 77 | TR2 77
240.4992 	DATA 	Keypress: 5
240.5151 	DATA 	TR 155 | TR1 78 | TR2 77
242.0650 	DATA 	Keypress: 5
242.0650 	DATA 	TR 156 | TR1 78 | TR2 78
243.6315 	DATA 	Keypress: 5
243.6315 	DATA 	TR 157 | TR1 79 | TR2 78
245.1814 	DATA 	Keypress: 5
245.1814 	DATA 	TR 158 | TR1 79 | TR2 79
246.7479 	DATA 	Keypress: 5
246.7480 	DATA 	TR 159 | TR1 80 | TR2 79
247.0645 	DATA 	
247.0645 	DATA 	stimulation stopped
247.0645 	DATA 	
248.2977 	DATA 	Keypress: 5
248.2977 	DATA 	TR 160 | TR1 80 | TR2 80
249.8811 	DATA 	Keypress: 5
249.8811 	DATA 	TR 161 | TR1 81 | TR2 80
251.4307 	DATA 	Keypress: 5
251.4308 	DATA 	TR 162 | TR1 81 | TR2 81
252.9973 	DATA 	Keypress: 5
252.9973 	DATA 	TR 163 | TR1 82 | TR2 81
254.5471 	DATA 	Keypress: 5
254.5471 	DATA 	TR 164 | TR1 82 | TR2 82
256.1303 	DATA 	Keypress: 5
256.1304 	DATA 	TR 165 | TR1 83 | TR2 82
257.6802 	DATA 	Keypress: 5
257.6802 	DATA 	TR 166 | TR1 83 | TR2 83
259.2467 	DATA 	Keypress: 5
259.2468 	DATA 	TR 167 | TR1 84 | TR2 83
260.7967 	DATA 	Keypress: 5
260.7967 	DATA 	TR 168 | TR1 84 | TR2 84
262.3631 	DATA 	Keypress: 5
262.3631 	DATA 	TR 169 | TR1 85 | TR2 84
263.9136 	DATA 	Keypress: 5
263.9295 	DATA 	TR 170 | TR1 85 | TR2 85
265.4961 	DATA 	Keypress: 5
265.4962 	DATA 	TR 171 | TR1 86 | TR2 85
267.0460 	DATA 	Keypress: 5
267.0460 	DATA 	TR 172 | TR1 86 | TR2 86
268.6125 	DATA 	Keypress: 5
268.6126 	DATA 	TR 173 | TR1 87 | TR2 86
270.1623 	DATA 	Keypress: 5
270.1624 	DATA 	TR 174 | TR1 87 | TR2 87
271.7456 	DATA 	Keypress: 5
271.7456 	DATA 	TR 175 | TR1 88 | TR2 87
273.2954 	DATA 	Keypress: 5
273.2954 	DATA 	TR 176 | TR1 88 | TR2 88
274.8619 	DATA 	Keypress: 5
274.8620 	DATA 	TR 177 | TR1 89 | TR2 88
276.4118 	DATA 	Keypress: 5
276.4118 	DATA 	TR 178 | TR1 89 | TR2 89
277.0617 	DATA 	
277.0617 	DATA 	Trial complete
277.0617 	DATA 	Waiting for VASO trigger to start next trial
277.0617 	DATA 	
277.9783 	DATA 	Keypress: 5
277.9784 	DATA 	Waited 0.9166491031646729 seconds for trigger
277.9791 	DATA 	
277.9791 	DATA 	Trial 6
277.9791 	DATA 	stimDur = 2.0
277.9792 	DATA 	jitter = 0.78525
277.9792 	DATA 	restDur = 22.0

277.9792 	DATA 	
277.9792 	DATA 	TR 179 | TR1 90 | TR2 89
278.7782 	DATA 	
278.7782 	DATA 	stimulation started
278.7782 	DATA 	
279.5449 	DATA 	Keypress: 5
279.5449 	DATA 	TR 180 | TR1 90 | TR2 90
280.7781 	DATA 	
280.7781 	DATA 	stimulation stopped
280.7781 	DATA 	
281.1114 	DATA 	Keypress: 5
281.1114 	DATA 	TR 181 | TR1 91 | TR2 90
282.6612 	DATA 	Keypress: 5
282.6612 	DATA 	TR 182 | TR1 91 | TR2 91
284.2278 	DATA 	Keypress: 5
284.2278 	DATA 	TR 183 | TR1 92 | TR2 91
285.7776 	DATA 	Keypress: 5
285.7776 	DATA 	TR 184 | TR1 92 | TR2 92
287.3609 	DATA 	Keypress: 5
287.3610 	DATA 	TR 185 | TR1 93 | TR2 92
288.9106 	DATA 	Keypress: 5
288.9107 	DATA 	TR 186 | TR1 93 | TR2 93
290.4772 	DATA 	Keypress: 5
290.4772 	DATA 	TR 187 | TR1 94 | TR2 93
292.0270 	DATA 	Keypress: 5
292.0271 	DATA 	TR 188 | TR1 94 | TR2 94
293.6102 	DATA 	Keypress: 5
293.6103 	DATA 	TR 189 | TR1 95 | TR2 94
295.1600 	DATA 	Keypress: 5
295.1601 	DATA 	TR 190 | TR1 95 | TR2 95
296.7266 	DATA 	Keypress: 5
296.7266 	DATA 	TR 191 | TR1 96 | TR2 95
298.2764 	DATA 	Keypress: 5
298.2765 	DATA 	TR 192 | TR1 96 | TR2 96
299.8429 	DATA 	Keypress: 5
299.8430 	DATA 	TR 193 | TR1 97 | TR2 96
301.3934 	DATA 	Keypress: 5
301.4094 	DATA 	TR 194 | TR1 97 | TR2 97
302.7760 	DATA 	
302.7760 	DATA 	Trial complete
302.7760 	DATA 	Waiting for VASO trigger to start next trial
302.7760 	DATA 	
302.9760 	DATA 	Keypress: 5
302.9761 	DATA 	Waited 0.2000579833984375 seconds for trigger
302.9768 	DATA 	
302.9768 	DATA 	Trial 7
302.9768 	DATA 	stimDur = 2.0
302.9769 	DATA 	jitter = 0.0
302.9769 	DATA 	restDur = 22.0

302.9769 	DATA 	
302.9769 	DATA 	TR 195 | TR1 98 | TR2 97
302.9769 	DATA 	
302.9769 	DATA 	stimulation started
302.9769 	DATA 	
304.5259 	DATA 	Keypress: 5
304.5260 	DATA 	TR 196 | TR1 98 | TR2 98
304.9925 	DATA 	
304.9925 	DATA 	stimulation stopped
304.9925 	DATA 	
306.0924 	DATA 	Keypress: 5
306.0924 	DATA 	TR 197 | TR1 99 | TR2 98
306.7090 	DATA 	Target presented
307.1756 	DATA 	Keypress: 1
307.1756 	DATA 	Key1 pressed
307.1756 	DATA 	Target detected
307.6422 	DATA 	Keypress: 5
307.6423 	DATA 	TR 198 | TR1 99 | TR2 99
309.2254 	DATA 	Keypress: 5
309.2255 	DATA 	TR 199 | TR1 100 | TR2 99
310.7753 	DATA 	Keypress: 5
310.7753 	DATA 	TR 200 | TR1 100 | TR2 100
312.3418 	DATA 	Keypress: 5
312.3419 	DATA 	TR 201 | TR1 101 | TR2 100
313.8917 	DATA 	Keypress: 5
313.8917 	DATA 	TR 202 | TR1 101 | TR2 101
315.4588 	DATA 	Keypress: 5
315.4748 	DATA 	TR 203 | TR1 102 | TR2 101
317.0247 	DATA 	Keypress: 5
317.0247 	DATA 	TR 204 | TR1 102 | TR2 102
318.5913 	DATA 	Keypress: 5
318.5913 	DATA 	TR 205 | TR1 103 | TR2 102
320.1412 	DATA 	Keypress: 5
320.1413 	DATA 	TR 206 | TR1 103 | TR2 103
321.7076 	DATA 	Keypress: 5
321.7077 	DATA 	TR 207 | TR1 104 | TR2 103
323.2574 	DATA 	Keypress: 5
323.2575 	DATA 	TR 208 | TR1 104 | TR2 104
324.8407 	DATA 	Keypress: 5
324.8407 	DATA 	TR 209 | TR1 105 | TR2 104
326.3905 	DATA 	Keypress: 5
326.3905 	DATA 	TR 210 | TR1 105 | TR2 105
326.9904 	DATA 	
326.9904 	DATA 	Trial complete
326.9905 	DATA 	Waiting for VASO trigger to start next trial
326.9905 	DATA 	
327.9571 	DATA 	Keypress: 5
327.9571 	DATA 	Waited 0.9666509628295898 seconds for trigger
327.9579 	DATA 	
327.9579 	DATA 	Trial 8
327.9579 	DATA 	stimDur = 2.0
327.9579 	DATA 	jitter = 1.5705
327.9579 	DATA 	restDur = 22.0

327.9579 	DATA 	
327.9579 	DATA 	TR 211 | TR1 106 | TR2 105
329.5069 	DATA 	Keypress: 5
329.5070 	DATA 	TR 212 | TR1 106 | TR2 106
329.5401 	DATA 	
329.5401 	DATA 	stimulation started
329.5401 	DATA 	
331.0901 	DATA 	Keypress: 5
331.0902 	DATA 	TR 213 | TR1 107 | TR2 106
331.5401 	DATA 	
331.5401 	DATA 	stimulation stopped
331.5401 	DATA 	
332.6400 	DATA 	Keypress: 5
332.6400 	DATA 	TR 214 | TR1 107 | TR2 107
334.2064 	DATA 	Keypress: 5
334.2065 	DATA 	TR 215 | TR1 108 | TR2 107
335.7564 	DATA 	Keypress: 5
335.7565 	DATA 	TR 216 | TR1 108 | TR2 108
337.3229 	DATA 	Keypress: 5
337.3229 	DATA 	TR 217 | TR1 109 | TR2 108
338.8894 	DATA 	Keypress: 5
338.8894 	DATA 	TR 218 | TR1 109 | TR2 109
340.4559 	DATA 	Keypress: 5
340.4559 	DATA 	TR 219 | TR1 110 | TR2 109
342.0058 	DATA 	Keypress: 5
342.0058 	DATA 	TR 220 | TR1 110 | TR2 110
343.5723 	DATA 	Keypress: 5
343.5723 	DATA 	TR 221 | TR1 111 | TR2 110
345.1221 	DATA 	Keypress: 5
345.1222 	DATA 	TR 222 | TR1 111 | TR2 111
346.7053 	DATA 	Keypress: 5
346.7053 	DATA 	TR 223 | TR1 112 | TR2 111
348.2552 	DATA 	Keypress: 5
348.2552 	DATA 	TR 224 | TR1 112 | TR2 112
349.8217 	DATA 	Keypress: 5
349.8217 	DATA 	TR 225 | TR1 113 | TR2 112
351.3716 	DATA 	Keypress: 5
351.3716 	DATA 	TR 226 | TR1 113 | TR2 113
352.9547 	DATA 	Keypress: 5
352.9548 	DATA 	TR 227 | TR1 114 | TR2 113
353.5378 	DATA 	
353.5378 	DATA 	Trial complete
353.5379 	DATA 	Waiting for VASO trigger to start next trial
353.5379 	DATA 	
354.5046 	DATA 	Keypress: 5
354.5047 	DATA 	TR 228 | TR1 114 | TR2 114
356.0711 	DATA 	Keypress: 5
356.0712 	DATA 	Waited 2.5333099365234375 seconds for trigger
356.0720 	DATA 	
356.0720 	DATA 	Trial 9
356.0720 	DATA 	stimDur = 12.0
356.0720 	DATA 	jitter = 1.5705
356.0720 	DATA 	restDur = 30.0

356.0720 	DATA 	
356.0720 	DATA 	TR 229 | TR1 115 | TR2 114
357.6210 	DATA 	Keypress: 5
357.6211 	DATA 	TR 230 | TR1 115 | TR2 115
357.6543 	DATA 	
357.6543 	DATA 	stimulation started
357.6543 	DATA 	
359.1876 	DATA 	Keypress: 5
359.1876 	DATA 	TR 231 | TR1 116 | TR2 115
360.7375 	DATA 	Keypress: 5
360.7375 	DATA 	TR 232 | TR1 116 | TR2 116
362.3206 	DATA 	Keypress: 5
362.3207 	DATA 	TR 233 | TR1 117 | TR2 116
363.8705 	DATA 	Keypress: 5
363.8705 	DATA 	TR 234 | TR1 117 | TR2 117
365.4370 	DATA 	Keypress: 5
365.4370 	DATA 	TR 235 | TR1 118 | TR2 117
366.9869 	DATA 	Keypress: 5
366.9869 	DATA 	TR 236 | TR1 118 | TR2 118
368.5700 	DATA 	Keypress: 5
368.5701 	DATA 	TR 237 | TR1 119 | TR2 118
369.6532 	DATA 	
369.6532 	DATA 	stimulation stopped
369.6533 	DATA 	
370.1199 	DATA 	Keypress: 5
370.1199 	DATA 	TR 238 | TR1 119 | TR2 119
371.6863 	DATA 	Keypress: 5
371.6864 	DATA 	TR 239 | TR1 120 | TR2 119
373.2362 	DATA 	Keypress: 5
373.2363 	DATA 	TR 240 | TR1 120 | TR2 120
374.8027 	DATA 	Keypress: 5
374.8027 	DATA 	TR 241 | TR1 121 | TR2 120
376.3693 	DATA 	Keypress: 5
376.3693 	DATA 	TR 242 | TR1 121 | TR2 121
377.9358 	DATA 	Keypress: 5
377.9358 	DATA 	TR 243 | TR1 122 | TR2 121
379.4857 	DATA 	Keypress: 5
379.4857 	DATA 	TR 244 | TR1 122 | TR2 122
380.9355 	DATA 	Target presented
381.0522 	DATA 	Keypress: 5
381.0522 	DATA 	TR 245 | TR1 123 | TR2 122
381.5354 	DATA 	Keypress: 1
381.5355 	DATA 	Key1 pressed
381.5355 	DATA 	Target detected
382.6020 	DATA 	Keypress: 5
382.6021 	DATA 	TR 246 | TR1 123 | TR2 123
384.1852 	DATA 	Keypress: 5
384.1853 	DATA 	TR 247 | TR1 124 | TR2 123
385.7351 	DATA 	Keypress: 5
385.7351 	DATA 	TR 248 | TR1 124 | TR2 124
387.3016 	DATA 	Keypress: 5
387.3016 	DATA 	TR 249 | TR1 125 | TR2 124
388.8515 	DATA 	Keypress: 5
388.8515 	DATA 	TR 250 | TR1 125 | TR2 125
390.4346 	DATA 	Keypress: 5
390.4347 	DATA 	TR 251 | TR1 126 | TR2 125
391.9845 	DATA 	Keypress: 5
391.9846 	DATA 	TR 252 | TR1 126 | TR2 126
393.5510 	DATA 	Keypress: 5
393.5511 	DATA 	TR 253 | TR1 127 | TR2 126
395.1009 	DATA 	Keypress: 5
395.1010 	DATA 	TR 254 | TR1 127 | TR2 127
396.6674 	DATA 	Keypress: 5
396.6674 	DATA 	TR 255 | TR1 128 | TR2 127
398.2179 	DATA 	Keypress: 5
398.2339 	DATA 	TR 256 | TR1 128 | TR2 128
399.6504 	DATA 	
399.6504 	DATA 	Trial complete
399.6504 	DATA 	Waiting for VASO trigger to start next trial
399.6504 	DATA 	
399.8004 	DATA 	Keypress: 5
399.8005 	DATA 	Waited 0.15003395080566406 seconds for trigger
399.8012 	DATA 	
399.8013 	DATA 	Trial 10
399.8013 	DATA 	stimDur = 4.0
399.8013 	DATA 	jitter = 0.78525
399.8013 	DATA 	restDur = 24.0

399.8013 	DATA 	
399.8013 	DATA 	TR 257 | TR1 129 | TR2 128
400.6003 	DATA 	
400.6003 	DATA 	stimulation started
400.6003 	DATA 	
401.3504 	DATA 	Keypress: 5
401.3505 	DATA 	TR 258 | TR1 129 | TR2 129
402.9170 	DATA 	Keypress: 5
402.9170 	DATA 	TR 259 | TR1 130 | TR2 129
404.4667 	DATA 	Keypress: 5
404.4668 	DATA 	TR 260 | TR1 130 | TR2 130
404.6000 	DATA 	
404.6000 	DATA 	stimulation stopped
404.6000 	DATA 	
406.0499 	DATA 	Keypress: 5
406.0499 	DATA 	TR 261 | TR1 131 | TR2 130
407.5998 	DATA 	Keypress: 5
407.5998 	DATA 	TR 262 | TR1 131 | TR2 131
409.1662 	DATA 	Keypress: 5
409.1663 	DATA 	TR 263 | TR1 132 | TR2 131
410.7161 	DATA 	Keypress: 5
410.7162 	DATA 	TR 264 | TR1 132 | TR2 132
412.2832 	DATA 	Keypress: 5
412.2992 	DATA 	TR 265 | TR1 133 | TR2 132
413.8492 	DATA 	Keypress: 5
413.8492 	DATA 	TR 266 | TR1 133 | TR2 133
415.4157 	DATA 	Keypress: 5
415.4157 	DATA 	TR 267 | TR1 134 | TR2 133
416.9655 	DATA 	Keypress: 5
416.9656 	DATA 	TR 268 | TR1 134 | TR2 134
418.5320 	DATA 	Keypress: 5
418.5321 	DATA 	TR 269 | TR1 135 | TR2 134
420.0821 	DATA 	Keypress: 5
420.0821 	DATA 	TR 270 | TR1 135 | TR2 135
421.6651 	DATA 	Keypress: 5
421.6651 	DATA 	TR 271 | TR1 136 | TR2 135
423.2150 	DATA 	Keypress: 5
423.2150 	DATA 	TR 272 | TR1 136 | TR2 136
424.7815 	DATA 	Keypress: 5
424.7815 	DATA 	TR 273 | TR1 137 | TR2 136
426.3313 	DATA 	Keypress: 5
426.3314 	DATA 	TR 274 | TR1 137 | TR2 137
427.9145 	DATA 	Keypress: 5
427.9146 	DATA 	TR 275 | TR1 138 | TR2 137
428.5978 	DATA 	
428.5978 	DATA 	Trial complete
428.5978 	DATA 	Waiting for VASO trigger to start next trial
428.5978 	DATA 	
429.4644 	DATA 	Keypress: 5
429.4644 	DATA 	TR 276 | TR1 138 | TR2 138
431.0309 	DATA 	Keypress: 5
431.0310 	DATA 	Waited 2.4331648349761963 seconds for trigger
431.0317 	DATA 	
431.0317 	DATA 	Trial 11
431.0317 	DATA 	stimDur = 4.0
431.0317 	DATA 	jitter = 2.35575
431.0318 	DATA 	restDur = 24.0

431.0318 	DATA 	
431.0318 	DATA 	TR 277 | TR1 139 | TR2 138
432.5808 	DATA 	Keypress: 5
432.5808 	DATA 	TR 278 | TR1 139 | TR2 139
433.3973 	DATA 	
433.3973 	DATA 	stimulation started
433.3973 	DATA 	
434.1473 	DATA 	Keypress: 5
434.1474 	DATA 	TR 279 | TR1 140 | TR2 139
435.6979 	DATA 	Keypress: 5
435.7138 	DATA 	TR 280 | TR1 140 | TR2 140
437.2804 	DATA 	Keypress: 5
437.2804 	DATA 	TR 281 | TR1 141 | TR2 140
437.3970 	DATA 	
437.3970 	DATA 	stimulation stopped
437.3970 	DATA 	
438.8302 	DATA 	Keypress: 5
438.8303 	DATA 	TR 282 | TR1 141 | TR2 141
440.3967 	DATA 	Keypress: 5
440.3968 	DATA 	TR 283 | TR1 142 | TR2 141
441.9466 	DATA 	Keypress: 5
441.9467 	DATA 	TR 284 | TR1 142 | TR2 142
443.5298 	DATA 	Keypress: 5
443.5298 	DATA 	TR 285 | TR1 143 | TR2 142
445.0796 	DATA 	Keypress: 5
445.0796 	DATA 	TR 286 | TR1 143 | TR2 143
446.6461 	DATA 	Keypress: 5
446.6462 	DATA 	TR 287 | TR1 144 | TR2 143
448.1960 	DATA 	Keypress: 5
448.1961 	DATA 	TR 288 | TR1 144 | TR2 144
449.7631 	DATA 	Keypress: 5
449.7791 	DATA 	TR 289 | TR1 145 | TR2 144
450.5124 	DATA 	Target presented
450.9124 	DATA 	Keypress: 1
450.9125 	DATA 	Key1 pressed
450.9125 	DATA 	Target detected
451.3290 	DATA 	Keypress: 5
451.3291 	DATA 	TR 290 | TR1 145 | TR2 145
452.8956 	DATA 	Keypress: 5
452.8956 	DATA 	TR 291 | TR1 146 | TR2 145
454.4454 	DATA 	Keypress: 5
454.4455 	DATA 	TR 292 | TR1 146 | TR2 146
456.0118 	DATA 	Keypress: 5
456.0118 	DATA 	TR 293 | TR1 147 | TR2 146
457.5618 	DATA 	Keypress: 5
457.5618 	DATA 	TR 294 | TR1 147 | TR2 147
459.1450 	DATA 	Keypress: 5
459.1450 	DATA 	TR 295 | TR1 148 | TR2 147
460.6949 	DATA 	Keypress: 5
460.6949 	DATA 	TR 296 | TR1 148 | TR2 148
461.3947 	DATA 	
461.3948 	DATA 	Trial complete
461.3948 	DATA 	Waiting for VASO trigger to start next trial
461.3948 	DATA 	
462.2614 	DATA 	Keypress: 5
462.2614 	DATA 	Waited 0.8666319847106934 seconds for trigger
462.2622 	DATA 	
462.2622 	DATA 	Trial 12
462.2622 	DATA 	stimDur = 24.0
462.2622 	DATA 	jitter = 0.0
462.2622 	DATA 	restDur = 40.0

462.2622 	DATA 	
462.2622 	DATA 	TR 297 | TR1 149 | TR2 148
462.2622 	DATA 	
462.2622 	DATA 	stimulation started
462.2622 	DATA 	
463.8113 	DATA 	Keypress: 5
463.8114 	DATA 	TR 298 | TR1 149 | TR2 149
465.3945 	DATA 	Keypress: 5
465.3945 	DATA 	TR 299 | TR1 150 | TR2 149
466.9443 	DATA 	Keypress: 5
466.9444 	DATA 	TR 300 | TR1 150 | TR2 150
468.5109 	DATA 	Keypress: 5
468.5109 	DATA 	TR 301 | TR1 151 | TR2 150
470.0607 	DATA 	Keypress: 5
470.0607 	DATA 	TR 302 | TR1 151 | TR2 151
471.6273 	DATA 	Keypress: 5
471.6274 	DATA 	TR 303 | TR1 152 | TR2 151
473.1938 	DATA 	Keypress: 5
473.1938 	DATA 	TR 304 | TR1 152 | TR2 152
474.7603 	DATA 	Keypress: 5
474.7603 	DATA 	TR 305 | TR1 153 | TR2 152
476.3102 	DATA 	Keypress: 5
476.3102 	DATA 	TR 306 | TR1 153 | TR2 153
477.8767 	DATA 	Keypress: 5
477.8767 	DATA 	TR 307 | TR1 154 | TR2 153
479.4265 	DATA 	Keypress: 5
479.4266 	DATA 	TR 308 | TR1 154 | TR2 154
481.0097 	DATA 	Keypress: 5
481.0097 	DATA 	TR 309 | TR1 155 | TR2 154
482.5596 	DATA 	Keypress: 5
482.5596 	DATA 	TR 310 | TR1 155 | TR2 155
484.1261 	DATA 	Keypress: 5
484.1261 	DATA 	TR 311 | TR1 156 | TR2 155
485.6760 	DATA 	Keypress: 5
485.6760 	DATA 	TR 312 | TR1 156 | TR2 156
486.2758 	DATA 	
486.2759 	DATA 	stimulation stopped
486.2759 	DATA 	
487.2591 	DATA 	Keypress: 5
487.2591 	DATA 	TR 313 | TR1 157 | TR2 156
488.8090 	DATA 	Keypress: 5
488.8090 	DATA 	TR 314 | TR1 157 | TR2 157
490.3754 	DATA 	Keypress: 5
490.3755 	DATA 	TR 315 | TR1 158 | TR2 157
491.9253 	DATA 	Keypress: 5
491.9254 	DATA 	TR 316 | TR1 158 | TR2 158
493.4918 	DATA 	Keypress: 5
493.4918 	DATA 	TR 317 | TR1 159 | TR2 158
495.0423 	DATA 	Keypress: 5
495.0583 	DATA 	TR 318 | TR1 159 | TR2 159
496.6249 	DATA 	Keypress: 5
496.6249 	DATA 	TR 319 | TR1 160 | TR2 159
498.1748 	DATA 	Keypress: 5
498.1749 	DATA 	TR 320 | TR1 160 | TR2 160
499.7413 	DATA 	Keypress: 5
499.7413 	DATA 	TR 321 | TR1 161 | TR2 160
501.2912 	DATA 	Keypress: 5
501.2912 	DATA 	TR 322 | TR1 161 | TR2 161
502.5410 	DATA 	Target presented
502.8743 	DATA 	Keypress: 5
502.8743 	DATA 	TR 323 | TR1 162 | TR2 161
503.1909 	DATA 	Keypress: 1
503.1910 	DATA 	Key1 pressed
503.1910 	DATA 	Target detected
504.4242 	DATA 	Keypress: 5
504.4242 	DATA 	TR 324 | TR1 162 | TR2 162
505.9907 	DATA 	Keypress: 5
505.9907 	DATA 	TR 325 | TR1 163 | TR2 162
507.5406 	DATA 	Keypress: 5
507.5406 	DATA 	TR 326 | TR1 163 | TR2 163
509.1071 	DATA 	Keypress: 5
509.1071 	DATA 	TR 327 | TR1 164 | TR2 163
510.6736 	DATA 	Keypress: 5
510.6736 	DATA 	TR 328 | TR1 164 | TR2 164
512.2401 	DATA 	Keypress: 5
512.2401 	DATA 	TR 329 | TR1 165 | TR2 164
513.7900 	DATA 	Keypress: 5
513.7900 	DATA 	TR 330 | TR1 165 | TR2 165
515.3565 	DATA 	Keypress: 5
515.3565 	DATA 	TR 331 | TR1 166 | TR2 165
516.9063 	DATA 	Keypress: 5
516.9064 	DATA 	TR 332 | TR1 166 | TR2 166
518.4895 	DATA 	Keypress: 5
518.4896 	DATA 	TR 333 | TR1 167 | TR2 166
520.0395 	DATA 	Keypress: 5
520.0396 	DATA 	TR 334 | TR1 167 | TR2 167
521.6059 	DATA 	Keypress: 5
521.6060 	DATA 	TR 335 | TR1 168 | TR2 167
523.1558 	DATA 	Keypress: 5
523.1559 	DATA 	TR 336 | TR1 168 | TR2 168
524.7390 	DATA 	Keypress: 5
524.7390 	DATA 	TR 337 | TR1 169 | TR2 168
526.2721 	DATA 	
526.2721 	DATA 	Trial complete
526.2722 	DATA 	Waiting for VASO trigger to start next trial
526.2722 	DATA 	
526.2890 	DATA 	Keypress: 5
526.2890 	DATA 	TR 338 | TR1 169 | TR2 169
527.8553 	DATA 	Keypress: 5
527.8554 	DATA 	Waited 1.5832409858703613 seconds for trigger
527.8562 	DATA 	
527.8562 	DATA 	Trial 13
527.8562 	DATA 	stimDur = 4.0
527.8562 	DATA 	jitter = 1.5705
527.8562 	DATA 	restDur = 24.0

527.8562 	DATA 	
527.8562 	DATA 	TR 339 | TR1 170 | TR2 169
529.4052 	DATA 	Keypress: 5
529.4053 	DATA 	TR 340 | TR1 170 | TR2 170
529.4385 	DATA 	
529.4385 	DATA 	stimulation started
529.4385 	DATA 	
530.2885 	DATA 	Keypress: 1
530.2886 	DATA 	Key1 pressed
530.9718 	DATA 	Keypress: 5
530.9718 	DATA 	TR 341 | TR1 171 | TR2 170
532.5218 	DATA 	Keypress: 5
532.5218 	DATA 	TR 342 | TR1 171 | TR2 171
533.4382 	DATA 	
533.4382 	DATA 	stimulation stopped
533.4382 	DATA 	
534.1047 	DATA 	Keypress: 5
534.1048 	DATA 	TR 343 | TR1 172 | TR2 171
535.6547 	DATA 	Keypress: 5
535.6547 	DATA 	TR 344 | TR1 172 | TR2 172
537.2211 	DATA 	Keypress: 5
537.2212 	DATA 	TR 345 | TR1 173 | TR2 172
538.7710 	DATA 	Keypress: 5
538.7711 	DATA 	TR 346 | TR1 173 | TR2 173
540.3542 	DATA 	Keypress: 5
540.3542 	DATA 	TR 347 | TR1 174 | TR2 173
541.9041 	DATA 	Keypress: 5
541.9041 	DATA 	TR 348 | TR1 174 | TR2 174
543.4706 	DATA 	Keypress: 5
543.4706 	DATA 	TR 349 | TR1 175 | TR2 174
545.0204 	DATA 	Keypress: 5
545.0205 	DATA 	TR 350 | TR1 175 | TR2 175
546.5875 	DATA 	Keypress: 5
546.6036 	DATA 	TR 351 | TR1 176 | TR2 175
548.1535 	DATA 	Keypress: 5
548.1535 	DATA 	TR 352 | TR1 176 | TR2 176
549.7200 	DATA 	Keypress: 5
549.7200 	DATA 	TR 353 | TR1 177 | TR2 176
551.2699 	DATA 	Keypress: 5
551.2699 	DATA 	TR 354 | TR1 177 | TR2 177
552.8363 	DATA 	Keypress: 5
552.8364 	DATA 	TR 355 | TR1 178 | TR2 177
554.3862 	DATA 	Keypress: 5
554.3863 	DATA 	TR 356 | TR1 178 | TR2 178
555.9694 	DATA 	Keypress: 5
555.9695 	DATA 	TR 357 | TR1 179 | TR2 178
557.4359 	DATA 	
557.4359 	DATA 	Trial complete
557.4359 	DATA 	Waiting for VASO trigger to start next trial
557.4360 	DATA 	
557.5194 	DATA 	Keypress: 5
557.5195 	DATA 	TR 358 | TR1 179 | TR2 179
559.0858 	DATA 	Keypress: 5
559.0859 	DATA 	Waited 1.6499240398406982 seconds for trigger
559.0867 	DATA 	
559.0867 	DATA 	Trial 14
559.0867 	DATA 	stimDur = 2.0
559.0867 	DATA 	jitter = 2.35575
559.0867 	DATA 	restDur = 22.0

559.0867 	DATA 	
559.0867 	DATA 	TR 359 | TR1 180 | TR2 179
560.6357 	DATA 	Keypress: 5
560.6357 	DATA 	TR 360 | TR1 180 | TR2 180
561.4522 	DATA 	
561.4522 	DATA 	stimulation started
561.4522 	DATA 	
562.2190 	DATA 	Keypress: 5
562.2191 	DATA 	TR 361 | TR1 181 | TR2 180
563.4521 	DATA 	
563.4521 	DATA 	stimulation stopped
563.4521 	DATA 	
563.7689 	DATA 	Keypress: 5
563.7689 	DATA 	TR 362 | TR1 181 | TR2 181
565.3355 	DATA 	Keypress: 5
565.3355 	DATA 	TR 363 | TR1 182 | TR2 181
566.8851 	DATA 	Keypress: 5
566.8852 	DATA 	TR 364 | TR1 182 | TR2 182
568.4517 	DATA 	Keypress: 5
568.4517 	DATA 	TR 365 | TR1 183 | TR2 182
570.0021 	DATA 	Keypress: 5
570.0181 	DATA 	TR 366 | TR1 183 | TR2 183
571.5849 	DATA 	Keypress: 5
571.5849 	DATA 	TR 367 | TR1 184 | TR2 183
573.1346 	DATA 	Keypress: 5
573.1346 	DATA 	TR 368 | TR1 184 | TR2 184
574.2178 	DATA 	Target presented
574.7011 	DATA 	Keypress: 5
574.7012 	DATA 	TR 369 | TR1 185 | TR2 184
575.1011 	DATA 	Keypress: 1
575.1011 	DATA 	Key1 pressed
575.1011 	DATA 	Target detected
576.2510 	DATA 	Keypress: 5
576.2510 	DATA 	TR 370 | TR1 185 | TR2 185
577.8342 	DATA 	Keypress: 5
577.8342 	DATA 	TR 371 | TR1 186 | TR2 185
579.3841 	DATA 	Keypress: 5
579.3841 	DATA 	TR 372 | TR1 186 | TR2 186
580.9506 	DATA 	Keypress: 5
580.9506 	DATA 	TR 373 | TR1 187 | TR2 186
582.5004 	DATA 	Keypress: 5
582.5005 	DATA 	TR 374 | TR1 187 | TR2 187
584.0836 	DATA 	Keypress: 5
584.0837 	DATA 	TR 375 | TR1 188 | TR2 187
585.4501 	DATA 	
585.4501 	DATA 	Trial complete
585.4502 	DATA 	Waiting for VASO trigger to start next trial
585.4502 	DATA 	
585.6335 	DATA 	Keypress: 5
585.6335 	DATA 	TR 376 | TR1 188 | TR2 188
587.2000 	DATA 	Keypress: 5
587.2001 	DATA 	Waited 1.7499239444732666 seconds for trigger
587.2008 	DATA 	
587.2009 	DATA 	Trial 15
587.2009 	DATA 	stimDur = 4.0
587.2009 	DATA 	jitter = 0.0
587.2009 	DATA 	restDur = 24.0

587.2009 	DATA 	
587.2009 	DATA 	TR 377 | TR1 189 | TR2 188
587.2009 	DATA 	
587.2009 	DATA 	stimulation started
587.2009 	DATA 	
588.7499 	DATA 	Keypress: 5
588.7500 	DATA 	TR 378 | TR1 189 | TR2 189
590.3165 	DATA 	Keypress: 5
590.3165 	DATA 	TR 379 | TR1 190 | TR2 189
591.2163 	DATA 	
591.2163 	DATA 	stimulation stopped
591.2163 	DATA 	
591.8663 	DATA 	Keypress: 5
591.8663 	DATA 	TR 380 | TR1 190 | TR2 190
593.4495 	DATA 	Keypress: 5
593.4495 	DATA 	TR 381 | TR1 191 | TR2 190
594.9993 	DATA 	Keypress: 5
594.9994 	DATA 	TR 382 | TR1 191 | TR2 191
596.5659 	DATA 	Keypress: 5
596.5659 	DATA 	TR 383 | TR1 192 | TR2 191
598.1157 	DATA 	Keypress: 5
598.1158 	DATA 	TR 384 | TR1 192 | TR2 192
599.6989 	DATA 	Keypress: 5
599.6990 	DATA 	TR 385 | TR1 193 | TR2 192
601.2487 	DATA 	Keypress: 5
601.2488 	DATA 	TR 386 | TR1 193 | TR2 193
602.8153 	DATA 	Keypress: 5
602.8154 	DATA 	TR 387 | TR1 194 | TR2 193
604.3652 	DATA 	Keypress: 5
604.3652 	DATA 	TR 388 | TR1 194 | TR2 194
605.9317 	DATA 	Keypress: 5
605.9318 	DATA 	TR 389 | TR1 195 | TR2 194
607.4982 	DATA 	Keypress: 5
607.4983 	DATA 	TR 390 | TR1 195 | TR2 195
609.0648 	DATA 	Keypress: 5
609.0648 	DATA 	TR 391 | TR1 196 | TR2 195
610.6146 	DATA 	Keypress: 5
610.6147 	DATA 	TR 392 | TR1 196 | TR2 196
612.1812 	DATA 	Keypress: 5
612.1812 	DATA 	TR 393 | TR1 197 | TR2 196
613.7311 	DATA 	Keypress: 5
613.7312 	DATA 	TR 394 | TR1 197 | TR2 197
615.2142 	DATA 	
615.2142 	DATA 	Trial complete
615.2142 	DATA 	Waiting for VASO trigger to start next trial
615.2142 	DATA 	
615.3142 	DATA 	Keypress: 5
615.3143 	DATA 	Waited 0.10007309913635254 seconds for trigger
615.3151 	DATA 	
615.3151 	DATA 	Trial 16
615.3151 	DATA 	stimDur = 1.0
615.3151 	DATA 	jitter = 1.5705
615.3151 	DATA 	restDur = 20.0

615.3151 	DATA 	
615.3151 	DATA 	TR 395 | TR1 198 | TR2 197
616.8641 	DATA 	Keypress: 5
616.8641 	DATA 	TR 396 | TR1 198 | TR2 198
616.8974 	DATA 	
616.8974 	DATA 	stimulation started
616.8974 	DATA 	
617.8973 	DATA 	
617.8974 	DATA 	stimulation stopped
617.8974 	DATA 	
618.4306 	DATA 	Keypress: 5
618.4307 	DATA 	TR 397 | TR1 199 | TR2 198
619.9806 	DATA 	Keypress: 5
619.9806 	DATA 	TR 398 | TR1 199 | TR2 199
621.5476 	DATA 	Keypress: 5
621.5636 	DATA 	TR 399 | TR1 200 | TR2 199
623.1135 	DATA 	Keypress: 5
623.1136 	DATA 	TR 400 | TR1 200 | TR2 200
624.6801 	DATA 	Keypress: 5
624.6801 	DATA 	TR 401 | TR1 201 | TR2 200
626.2299 	DATA 	Keypress: 5
626.2300 	DATA 	TR 402 | TR1 201 | TR2 201
627.7965 	DATA 	Keypress: 5
627.7965 	DATA 	TR 403 | TR1 202 | TR2 201
629.3469 	DATA 	Keypress: 5
629.3629 	DATA 	TR 404 | TR1 202 | TR2 202
630.9295 	DATA 	Keypress: 5
630.9296 	DATA 	TR 405 | TR1 203 | TR2 202
632.4794 	DATA 	Keypress: 5
632.4794 	DATA 	TR 406 | TR1 203 | TR2 203
634.0459 	DATA 	Keypress: 5
634.0460 	DATA 	TR 407 | TR1 204 | TR2 203
635.5957 	DATA 	Keypress: 5
635.5958 	DATA 	TR 408 | TR1 204 | TR2 204
637.1790 	DATA 	Keypress: 5
637.1790 	DATA 	TR 409 | TR1 205 | TR2 204
637.8955 	DATA 	
637.8955 	DATA 	Trial complete
637.8955 	DATA 	Waiting for VASO trigger to start next trial
637.8955 	DATA 	
638.3455 	DATA 	Keypress: 1
638.3456 	DATA 	Key1 pressed
638.7288 	DATA 	Keypress: 5
638.7288 	DATA 	TR 410 | TR1 205 | TR2 205
640.2954 	DATA 	Keypress: 5
640.2954 	DATA 	Waited 2.399888038635254 seconds for trigger
640.2962 	DATA 	
640.2962 	DATA 	Trial 17
640.2962 	DATA 	stimDur = 1.0
640.2962 	DATA 	jitter = 0.0
640.2962 	DATA 	restDur = 20.0

640.2962 	DATA 	
640.2962 	DATA 	TR 411 | TR1 206 | TR2 205
640.2962 	DATA 	
640.2962 	DATA 	stimulation started
640.2962 	DATA 	
641.3119 	DATA 	
641.3119 	DATA 	stimulation stopped
641.3119 	DATA 	
641.8452 	DATA 	Keypress: 5
641.8452 	DATA 	TR 412 | TR1 206 | TR2 206
643.4117 	DATA 	Keypress: 5
643.4118 	DATA 	TR 413 | TR1 207 | TR2 206
644.9782 	DATA 	Keypress: 5
644.9783 	DATA 	TR 414 | TR1 207 | TR2 207
646.5448 	DATA 	Keypress: 5
646.5449 	DATA 	TR 415 | TR1 208 | TR2 207
648.0947 	DATA 	Keypress: 5
648.0947 	DATA 	TR 416 | TR1 208 | TR2 208
649.5779 	DATA 	Target presented
649.6612 	DATA 	Keypress: 5
649.6612 	DATA 	TR 417 | TR1 209 | TR2 208
650.0778 	DATA 	Keypress: 1
650.0778 	DATA 	Key1 pressed
650.0779 	DATA 	Target detected
651.2110 	DATA 	Keypress: 5
651.2111 	DATA 	TR 418 | TR1 209 | TR2 209
652.7943 	DATA 	Keypress: 5
652.7943 	DATA 	TR 419 | TR1 210 | TR2 209
654.3441 	DATA 	Keypress: 5
654.3441 	DATA 	TR 420 | TR1 210 | TR2 210
655.9107 	DATA 	Keypress: 5
655.9107 	DATA 	TR 421 | TR1 211 | TR2 210
657.4605 	DATA 	Keypress: 5
657.4605 	DATA 	TR 422 | TR1 211 | TR2 211
659.0437 	DATA 	Keypress: 5
659.0438 	DATA 	TR 423 | TR1 212 | TR2 211
660.5935 	DATA 	Keypress: 5
660.5936 	DATA 	TR 424 | TR1 212 | TR2 212
661.3101 	DATA 	
661.3101 	DATA 	Trial complete
661.3101 	DATA 	Waiting for VASO trigger to start next trial
661.3102 	DATA 	
662.1601 	DATA 	Keypress: 5
662.1602 	DATA 	Waited 0.8499939441680908 seconds for trigger
662.1609 	DATA 	
662.1609 	DATA 	Trial 18
662.1609 	DATA 	stimDur = 12.0
662.1609 	DATA 	jitter = 2.35575
662.1609 	DATA 	restDur = 30.0

662.1609 	DATA 	
662.1609 	DATA 	TR 425 | TR1 213 | TR2 212
663.7101 	DATA 	Keypress: 5
663.7101 	DATA 	TR 426 | TR1 213 | TR2 213
664.5265 	DATA 	
664.5265 	DATA 	stimulation started
664.5265 	DATA 	
665.2767 	DATA 	Keypress: 5
665.2768 	DATA 	TR 427 | TR1 214 | TR2 213
666.8264 	DATA 	Keypress: 5
666.8264 	DATA 	TR 428 | TR1 214 | TR2 214
668.4096 	DATA 	Keypress: 5
668.4097 	DATA 	TR 429 | TR1 215 | TR2 214
669.9594 	DATA 	Keypress: 5
669.9595 	DATA 	TR 430 | TR1 215 | TR2 215
671.5260 	DATA 	Keypress: 5
671.5260 	DATA 	TR 431 | TR1 216 | TR2 215
673.0758 	DATA 	Keypress: 5
673.0759 	DATA 	TR 432 | TR1 216 | TR2 216
674.6591 	DATA 	Keypress: 5
674.6591 	DATA 	TR 433 | TR1 217 | TR2 216
676.2089 	DATA 	Keypress: 5
676.2089 	DATA 	TR 434 | TR1 217 | TR2 217
676.5255 	DATA 	
676.5255 	DATA 	stimulation stopped
676.5255 	DATA 	
677.7754 	DATA 	Keypress: 5
677.7754 	DATA 	TR 435 | TR1 218 | TR2 217
679.3252 	DATA 	Keypress: 5
679.3253 	DATA 	TR 436 | TR1 218 | TR2 218
680.8924 	DATA 	Keypress: 5
680.9084 	DATA 	TR 437 | TR1 219 | TR2 218
682.4583 	DATA 	Keypress: 5
682.4583 	DATA 	TR 438 | TR1 219 | TR2 219
684.0248 	DATA 	Keypress: 5
684.0249 	DATA 	TR 439 | TR1 220 | TR2 219
685.5747 	DATA 	Keypress: 5
685.5747 	DATA 	TR 440 | TR1 220 | TR2 220
687.1412 	DATA 	Keypress: 5
687.1413 	DATA 	TR 441 | TR1 221 | TR2 220
688.6910 	DATA 	Keypress: 5
688.6911 	DATA 	TR 442 | TR1 221 | TR2 221
690.2743 	DATA 	Keypress: 5
690.2743 	DATA 	TR 443 | TR1 222 | TR2 221
691.8241 	DATA 	Keypress: 5
691.8242 	DATA 	TR 444 | TR1 222 | TR2 222
693.3907 	DATA 	Keypress: 5
693.3907 	DATA 	TR 445 | TR1 223 | TR2 222
694.9405 	DATA 	Keypress: 5
694.9405 	DATA 	TR 446 | TR1 223 | TR2 223
696.5237 	DATA 	Keypress: 5
696.5237 	DATA 	TR 447 | TR1 224 | TR2 223
697.2070 	DATA 	Target presented
698.0736 	DATA 	Keypress: 5
698.0736 	DATA 	TR 448 | TR1 224 | TR2 224
698.2069 	DATA 	Keypress: 1
698.2070 	DATA 	Key1 pressed
698.2070 	DATA 	Target detected
699.6401 	DATA 	Keypress: 5
699.6401 	DATA 	TR 449 | TR1 225 | TR2 224
701.1900 	DATA 	Keypress: 5
701.1900 	DATA 	TR 450 | TR1 225 | TR2 225
702.7566 	DATA 	Keypress: 5
702.7567 	DATA 	TR 451 | TR1 226 | TR2 225
704.3069 	DATA 	Keypress: 5
704.3230 	DATA 	TR 452 | TR1 226 | TR2 226
705.8895 	DATA 	Keypress: 5
705.8896 	DATA 	TR 453 | TR1 227 | TR2 226
706.5228 	DATA 	
706.5228 	DATA 	Trial complete
706.5228 	DATA 	Waiting for VASO trigger to start next trial
706.5228 	DATA 	
707.4395 	DATA 	Keypress: 5
707.4396 	DATA 	TR 454 | TR1 227 | TR2 227
709.0059 	DATA 	Keypress: 5
709.0060 	DATA 	Waited 2.483164072036743 seconds for trigger
709.0068 	DATA 	
709.0068 	DATA 	Trial 19
709.0068 	DATA 	stimDur = 1.0
709.0068 	DATA 	jitter = 0.78525
709.0068 	DATA 	restDur = 20.0

709.0068 	DATA 	
709.0068 	DATA 	TR 455 | TR1 228 | TR2 227
709.8058 	DATA 	
709.8058 	DATA 	stimulation started
709.8058 	DATA 	
710.5559 	DATA 	Keypress: 5
710.5559 	DATA 	TR 456 | TR1 228 | TR2 228
710.8058 	DATA 	
710.8058 	DATA 	stimulation stopped
710.8058 	DATA 	
712.1390 	DATA 	Keypress: 5
712.1390 	DATA 	TR 457 | TR1 229 | TR2 228
713.6889 	DATA 	Keypress: 5
713.6889 	DATA 	TR 458 | TR1 229 | TR2 229
715.2554 	DATA 	Keypress: 5
715.2554 	DATA 	TR 459 | TR1 230 | TR2 229
716.8052 	DATA 	Keypress: 5
716.8053 	DATA 	TR 460 | TR1 230 | TR2 230
718.3884 	DATA 	Keypress: 5
718.3885 	DATA 	TR 461 | TR1 231 | TR2 230
719.9383 	DATA 	Keypress: 5
719.9384 	DATA 	TR 462 | TR1 231 | TR2 231
721.5049 	DATA 	Keypress: 5
721.5050 	DATA 	TR 463 | TR1 232 | TR2 231
723.0548 	DATA 	Keypress: 5
723.0549 	DATA 	TR 464 | TR1 232 | TR2 232
724.6212 	DATA 	Keypress: 5
724.6213 	DATA 	TR 465 | TR1 233 | TR2 232
726.1712 	DATA 	Keypress: 5
726.1713 	DATA 	TR 466 | TR1 233 | TR2 233
727.7542 	DATA 	Keypress: 5
727.7543 	DATA 	TR 467 | TR1 234 | TR2 233
729.3042 	DATA 	Keypress: 5
729.3042 	DATA 	TR 468 | TR1 234 | TR2 234
730.8040 	DATA 	
730.8040 	DATA 	Trial complete
730.8040 	DATA 	
730.8706 	DATA 	Keypress: 5
730.8707 	DATA 	Waited 24.34787917137146 seconds for trigger
730.8715 	DATA 	
730.8715 	DATA 	Trial 20
730.8715 	DATA 	stimDur = 24.0
730.8715 	DATA 	jitter = 0.78525
730.8715 	DATA 	restDur = 40.0

730.8715 	DATA 	
730.8715 	DATA 	TR 469 | TR1 235 | TR2 234
731.6705 	DATA 	
731.6706 	DATA 	stimulation started
731.6706 	DATA 	
732.4206 	DATA 	Keypress: 5
732.4207 	DATA 	TR 470 | TR1 235 | TR2 235
734.0037 	DATA 	Keypress: 5
734.0038 	DATA 	TR 471 | TR1 236 | TR2 235
735.5537 	DATA 	Keypress: 5
735.5537 	DATA 	TR 472 | TR1 236 | TR2 236
737.1202 	DATA 	Keypress: 5
737.1202 	DATA 	TR 473 | TR1 237 | TR2 236
738.6700 	DATA 	Keypress: 5
738.6701 	DATA 	TR 474 | TR1 237 | TR2 237
740.2366 	DATA 	Keypress: 5
740.2366 	DATA 	TR 475 | TR1 238 | TR2 237
741.8031 	DATA 	Keypress: 5
741.8031 	DATA 	TR 476 | TR1 238 | TR2 238
743.3696 	DATA 	Keypress: 5
743.3696 	DATA 	TR 477 | TR1 239 | TR2 238
744.9195 	DATA 	Keypress: 5
744.9195 	DATA 	TR 478 | TR1 239 | TR2 239
746.4860 	DATA 	Keypress: 5
746.4860 	DATA 	TR 479 | TR1 240 | TR2 239
748.0359 	DATA 	Keypress: 5
748.0359 	DATA 	TR 480 | TR1 240 | TR2 240
749.6190 	DATA 	Keypress: 5
749.6191 	DATA 	TR 481 | TR1 241 | TR2 240
751.1689 	DATA 	Keypress: 5
751.1690 	DATA 	TR 482 | TR1 241 | TR2 241
752.7354 	DATA 	Keypress: 5
752.7355 	DATA 	TR 483 | TR1 242 | TR2 241
754.2853 	DATA 	Keypress: 5
754.2854 	DATA 	TR 484 | TR1 242 | TR2 242
755.6685 	DATA 	
755.6685 	DATA 	stimulation stopped
755.6685 	DATA 	
755.8684 	DATA 	Keypress: 5
755.8685 	DATA 	TR 485 | TR1 243 | TR2 242
757.4183 	DATA 	Keypress: 5
757.4184 	DATA 	TR 486 | TR1 243 | TR2 243
758.9848 	DATA 	Keypress: 5
758.9849 	DATA 	TR 487 | TR1 244 | TR2 243
760.5347 	DATA 	Keypress: 5
760.5347 	DATA 	TR 488 | TR1 244 | TR2 244
762.1012 	DATA 	Keypress: 5
762.1012 	DATA 	TR 489 | TR1 245 | TR2 244
763.6517 	DATA 	Keypress: 5
763.6677 	DATA 	TR 490 | TR1 245 | TR2 245
765.2342 	DATA 	Keypress: 5
765.2343 	DATA 	TR 491 | TR1 246 | TR2 245
766.7842 	DATA 	Keypress: 5
766.7842 	DATA 	TR 492 | TR1 246 | TR2 246
768.1507 	DATA 	Target presented
768.3506 	DATA 	Keypress: 5
768.3507 	DATA 	TR 493 | TR1 247 | TR2 246
768.6012 	DATA 	Keypress: 1
768.6173 	DATA 	Key1 pressed
768.6173 	DATA 	Target detected
769.9005 	DATA 	Keypress: 5
769.9006 	DATA 	TR 494 | TR1 247 | TR2 247
771.4837 	DATA 	Keypress: 5
771.4838 	DATA 	TR 495 | TR1 248 | TR2 247
773.0336 	DATA 	Keypress: 5
773.0336 	DATA 	TR 496 | TR1 248 | TR2 248
774.6001 	DATA 	Keypress: 5
774.6001 	DATA 	TR 497 | TR1 249 | TR2 248
776.1500 	DATA 	Keypress: 5
776.1500 	DATA 	TR 498 | TR1 249 | TR2 249
777.7167 	DATA 	Keypress: 5
777.7167 	DATA 	TR 499 | TR1 250 | TR2 249
779.2830 	DATA 	Keypress: 5
779.2831 	DATA 	TR 500 | TR1 250 | TR2 250
780.8495 	DATA 	Keypress: 5
780.8496 	DATA 	TR 501 | TR1 251 | TR2 250
782.3994 	DATA 	Keypress: 5
782.3995 	DATA 	TR 502 | TR1 251 | TR2 251
783.9659 	DATA 	Keypress: 5
783.9660 	DATA 	TR 503 | TR1 252 | TR2 251
785.5158 	DATA 	Keypress: 5
785.5158 	DATA 	TR 504 | TR1 252 | TR2 252
787.0991 	DATA 	Keypress: 5
787.0992 	DATA 	TR 505 | TR1 253 | TR2 252
788.6488 	DATA 	Keypress: 5
788.6489 	DATA 	TR 506 | TR1 253 | TR2 253
790.2153 	DATA 	Keypress: 5
790.2154 	DATA 	TR 507 | TR1 254 | TR2 253
791.7652 	DATA 	Keypress: 5
791.7653 	DATA 	TR 508 | TR1 254 | TR2 254
793.3484 	DATA 	Keypress: 5
793.3485 	DATA 	TR 509 | TR1 255 | TR2 254
794.8983 	DATA 	Keypress: 5
794.8983 	DATA 	TR 510 | TR1 255 | TR2 255
795.6648 	DATA 	
795.6648 	DATA 	Trial complete
795.6649 	DATA 	
796.4648 	DATA 	Keypress: 5
796.4648 	DATA 	TR 511 | TR1 256 | TR2 255
798.0147 	DATA 	Keypress: 5
798.0148 	DATA 	TR 512 | TR1 256 | TR2 256
799.5812 	DATA 	Keypress: 5
799.5812 	DATA 	TR 513 | TR1 257 | TR2 256
801.1317 	DATA 	Keypress: 5
801.1477 	DATA 	TR 514 | TR1 257 | TR2 257
802.7142 	DATA 	Keypress: 5
802.7143 	DATA 	TR 515 | TR1 258 | TR2 257
804.2641 	DATA 	Keypress: 5
804.2642 	DATA 	TR 516 | TR1 258 | TR2 258
805.8306 	DATA 	Keypress: 5
805.8307 	DATA 	TR 517 | TR1 259 | TR2 258
807.3805 	DATA 	Keypress: 5
807.3806 	DATA 	TR 518 | TR1 259 | TR2 259
808.9637 	DATA 	Keypress: 5
808.9637 	DATA 	TR 519 | TR1 260 | TR2 259
810.5136 	DATA 	Keypress: 5
810.5136 	DATA 	TR 520 | TR1 260 | TR2 260
812.0801 	DATA 	Keypress: 5
812.0801 	DATA 	TR 521 | TR1 261 | TR2 260
813.6299 	DATA 	Keypress: 5
813.6300 	DATA 	TR 522 | TR1 261 | TR2 261
815.1970 	DATA 	Keypress: 5
815.2131 	DATA 	TR 523 | TR1 262 | TR2 261
816.7630 	DATA 	Keypress: 5
816.7631 	DATA 	TR 524 | TR1 262 | TR2 262
818.3295 	DATA 	Keypress: 5
818.3296 	DATA 	TR 525 | TR1 263 | TR2 262
819.8794 	DATA 	Keypress: 5
819.8794 	DATA 	TR 526 | TR1 263 | TR2 263
820.7459 	DATA 	EndOfRun sub-07_ses-02_run-04

820.7459 	DATA 	We spent 50.181488037109375 seconds waiting for triggers
820.7460 	DATA 	RatioOfDetectedTargets 0.9166666666666666
820.7460 	DATA 	You have detected 11 out of 11 targets.
825.5679 	DATA 	Keypress: 5
825.5681 	DATA 	Keypress: 5
825.7751 	EXP 	window1: mouseVisible = True
