MonitorDistance=99cm
MonitorWidth=30cm
PixelWidth=1024.0
PixelHeight=768.0
You have detected 12 out of 12 targets.
Excellent! Keep up the good work
5.9677 	INFO 	Loaded monitor calibration from ['2021_05_26 17:55']
6.4373 	EXP 	Created window1 = Window(allowGUI=False, allowStencil=False, autoLog=True, backendConf=UNKNOWN, bitsMode=UNKNOWN, blendMode='avg', bpc=(8, 8, 8), color=array([-0.5, -0.5, -0.5]), colorSpace='rgb', depthBits=8, fullscr=<method-wrapper '__getattribute__' of attributeSetter object at 0x7f3fc19e2400>, gamma=None, gammaErrorPolicy='raise', lms=UNKNOWN, monitor=<psychopy.monitors.calibTools.Monitor object at 0x7f3fb7805080>, multiSample=False, name='window1', numSamples=2, pos=[0.0, 0.0], screen=0, size=array([1024,  768]), stencilBits=0, stereo=False, units='deg', useFBO=False, useRetina=False, viewOri=0.0, viewPos=None, viewScale=None, waitBlanking=True, winType='pyglet')
6.4373 	EXP 	window1: mouseVisible = True
6.5150 	EXP 	Created unnamed TextStim = TextStim(__class__=<class 'psychopy.visual.text.TextStim'>, alignHoriz=method-wrapper(...), alignText='center', alignVert=method-wrapper(...), anchorHoriz='center', anchorVert='center', antialias=True, autoLog=True, bold=False, color=array([1., 1., 1.]), colorSpace='rgb', contrast=1.0, depth=0, flipHoriz=False, flipVert=False, font='', fontFiles=[], height=0.5, italic=False, languageStyle='LTR', name='unnamed TextStim', opacity=1.0, ori=0.0, pos=array([0., 0.]), rgb=UNKNOWN, text=str(...), units='deg', win=Window(...), wrapWidth=15.0)
6.5444 	EXP 	Created Movie Frame 0 = ImageStim(__class__=<class 'psychopy.visual.image.ImageStim'>, autoLog=True, color=array([0.8, 0.8, 0.8]), colorSpace='rgb', contrast=0.8, depth=0, flipHoriz=False, flipVert=False, image='visual_0.png', interpolate=False, mask=None, maskParams=None, name='Movie Frame 0', opacity=1, ori=0.0, pos=array([0., 0.]), size=array([1024,  768]), texRes=128, units='pix', win=Window(...))
6.5678 	EXP 	Created Movie Frame 1 = ImageStim(__class__=<class 'psychopy.visual.image.ImageStim'>, autoLog=True, color=array([0.8, 0.8, 0.8]), colorSpace='rgb', contrast=0.8, depth=0, flipHoriz=False, flipVert=False, image='visual_1.png', interpolate=False, mask=None, maskParams=None, name='Movie Frame 1', opacity=1, ori=0.0, pos=array([0., 0.]), size=array([1024,  768]), texRes=128, units='pix', win=Window(...))
26.5361 	DATA 	Keypress: 5
0.0000 	DATA 	StartOfRun sub-07_ses-02_run-06
0.0000 	DATA 	TR 1 | TR1 1 | TR2 0
0.0094 	DATA 	Initial baseline

1.5503 	DATA 	Keypress: 5
1.5503 	DATA 	TR 2 | TR1 1 | TR2 1
3.1224 	DATA 	Keypress: 5
3.1225 	DATA 	TR 3 | TR1 2 | TR2 1
4.6736 	DATA 	Keypress: 5
4.6737 	DATA 	TR 4 | TR1 2 | TR2 2
6.2458 	DATA 	Keypress: 5
6.2459 	DATA 	TR 5 | TR1 3 | TR2 2
7.7970 	DATA 	Keypress: 5
7.7970 	DATA 	TR 6 | TR1 3 | TR2 3
9.3692 	DATA 	Keypress: 5
9.3692 	DATA 	TR 7 | TR1 4 | TR2 3
10.9205 	DATA 	Keypress: 5
10.9205 	DATA 	TR 8 | TR1 4 | TR2 4
12.4926 	DATA 	Keypress: 5
12.4926 	DATA 	TR 9 | TR1 5 | TR2 4
14.0437 	DATA 	Keypress: 5
14.0438 	DATA 	TR 10 | TR1 5 | TR2 5
15.6160 	DATA 	Keypress: 5
15.6160 	DATA 	TR 11 | TR1 6 | TR2 5
17.1672 	DATA 	Keypress: 5
17.1672 	DATA 	TR 12 | TR1 6 | TR2 6
18.7384 	DATA 	Keypress: 5
18.7384 	DATA 	TR 13 | TR1 7 | TR2 6
20.2906 	DATA 	Keypress: 5
20.2906 	DATA 	TR 14 | TR1 7 | TR2 7
21.8617 	DATA 	Keypress: 5
21.8618 	DATA 	TR 15 | TR1 8 | TR2 7
23.4139 	DATA 	Keypress: 5
23.4140 	DATA 	TR 16 | TR1 8 | TR2 8
24.9850 	DATA 	Keypress: 5
24.9850 	DATA 	TR 17 | TR1 9 | TR2 8
26.5372 	DATA 	Keypress: 5
26.5372 	DATA 	TR 18 | TR1 9 | TR2 9
28.1086 	DATA 	Keypress: 5
28.1086 	DATA 	TR 19 | TR1 10 | TR2 9
29.6607 	DATA 	Keypress: 5
29.6608 	DATA 	TR 20 | TR1 10 | TR2 10
31.2404 	DATA 	Keypress: 5
31.2405 	DATA 	Waited 1.2404789924621582 seconds for trigger
31.2419 	DATA 	
31.2419 	DATA 	Trial 1
31.2419 	DATA 	stimDur = 24.0
31.2419 	DATA 	jitter = 2.35575
31.2419 	DATA 	restDur = 40.0

31.2419 	DATA 	
31.2419 	DATA 	TR 21 | TR1 11 | TR2 10
32.7903 	DATA 	Keypress: 5
32.7904 	DATA 	TR 22 | TR1 11 | TR2 11
33.6068 	DATA 	
33.6068 	DATA 	stimulation started
33.6068 	DATA 	
34.3568 	DATA 	Keypress: 5
34.3569 	DATA 	TR 23 | TR1 12 | TR2 11
35.9074 	DATA 	Keypress: 5
35.9233 	DATA 	TR 24 | TR1 12 | TR2 12
37.4899 	DATA 	Keypress: 5
37.4899 	DATA 	TR 25 | TR1 13 | TR2 12
39.0398 	DATA 	Keypress: 5
39.0398 	DATA 	TR 26 | TR1 13 | TR2 13
40.6064 	DATA 	Keypress: 5
40.6064 	DATA 	TR 27 | TR1 14 | TR2 13
42.1561 	DATA 	Keypress: 5
42.1562 	DATA 	TR 28 | TR1 14 | TR2 14
43.7393 	DATA 	Keypress: 5
43.7394 	DATA 	TR 29 | TR1 15 | TR2 14
45.2894 	DATA 	Keypress: 5
45.2894 	DATA 	TR 30 | TR1 15 | TR2 15
46.8557 	DATA 	Keypress: 5
46.8558 	DATA 	TR 31 | TR1 16 | TR2 15
48.4056 	DATA 	Keypress: 5
48.4056 	DATA 	TR 32 | TR1 16 | TR2 16
49.9728 	DATA 	Keypress: 5
49.9887 	DATA 	TR 33 | TR1 17 | TR2 16
51.5386 	DATA 	Keypress: 5
51.5387 	DATA 	TR 34 | TR1 17 | TR2 17
53.1051 	DATA 	Keypress: 5
53.1052 	DATA 	TR 35 | TR1 18 | TR2 17
54.6550 	DATA 	Keypress: 5
54.6550 	DATA 	TR 36 | TR1 18 | TR2 18
56.2215 	DATA 	Keypress: 5
56.2215 	DATA 	TR 37 | TR1 19 | TR2 18
57.6047 	DATA 	
57.6047 	DATA 	stimulation stopped
57.6047 	DATA 	
57.7713 	DATA 	Keypress: 5
57.7713 	DATA 	TR 38 | TR1 19 | TR2 19
59.3545 	DATA 	Keypress: 5
59.3545 	DATA 	TR 39 | TR1 20 | TR2 19
60.9044 	DATA 	Keypress: 5
60.9044 	DATA 	TR 40 | TR1 20 | TR2 20
62.4709 	DATA 	Keypress: 5
62.4709 	DATA 	TR 41 | TR1 21 | TR2 20
64.0208 	DATA 	Keypress: 5
64.0208 	DATA 	TR 42 | TR1 21 | TR2 21
65.6039 	DATA 	Keypress: 5
65.6040 	DATA 	TR 43 | TR1 22 | TR2 21
67.1538 	DATA 	Keypress: 5
67.1538 	DATA 	TR 44 | TR1 22 | TR2 22
68.7203 	DATA 	Keypress: 5
68.7204 	DATA 	TR 45 | TR1 23 | TR2 22
70.1035 	DATA 	Target presented
70.2702 	DATA 	Keypress: 5
70.2702 	DATA 	TR 46 | TR1 23 | TR2 23
70.5208 	DATA 	Keypress: 1
70.5368 	DATA 	Key1 pressed
70.5368 	DATA 	Target detected
71.8367 	DATA 	Keypress: 5
71.8367 	DATA 	TR 47 | TR1 24 | TR2 23
73.3871 	DATA 	Keypress: 5
73.4032 	DATA 	TR 48 | TR1 24 | TR2 24
74.9697 	DATA 	Keypress: 5
74.9698 	DATA 	TR 49 | TR1 25 | TR2 24
76.5196 	DATA 	Keypress: 5
76.5196 	DATA 	TR 50 | TR1 25 | TR2 25
78.0858 	DATA 	Keypress: 5
78.0859 	DATA 	TR 51 | TR1 26 | TR2 25
79.6360 	DATA 	Keypress: 5
79.6360 	DATA 	TR 52 | TR1 26 | TR2 26
81.2192 	DATA 	Keypress: 5
81.2193 	DATA 	TR 53 | TR1 27 | TR2 26
82.7691 	DATA 	Keypress: 5
82.7692 	DATA 	TR 54 | TR1 27 | TR2 27
84.3355 	DATA 	Keypress: 5
84.3356 	DATA 	TR 55 | TR1 28 | TR2 27
85.8854 	DATA 	Keypress: 5
85.8854 	DATA 	TR 56 | TR1 28 | TR2 28
87.4687 	DATA 	Keypress: 5
87.4687 	DATA 	TR 57 | TR1 29 | TR2 28
89.0184 	DATA 	Keypress: 5
89.0185 	DATA 	TR 58 | TR1 29 | TR2 29
90.5849 	DATA 	Keypress: 5
90.5851 	DATA 	TR 59 | TR1 30 | TR2 29
92.1348 	DATA 	Keypress: 5
92.1348 	DATA 	TR 60 | TR1 30 | TR2 30
93.7013 	DATA 	Keypress: 5
93.7015 	DATA 	TR 61 | TR1 31 | TR2 30
95.2512 	DATA 	Keypress: 5
95.2513 	DATA 	TR 62 | TR1 31 | TR2 31
96.8345 	DATA 	Keypress: 5
96.8345 	DATA 	TR 63 | TR1 32 | TR2 31
97.6010 	DATA 	
97.6010 	DATA 	Trial complete
97.6010 	DATA 	Waiting for VASO trigger to start next trial
97.6010 	DATA 	
98.3845 	DATA 	Keypress: 5
98.3845 	DATA 	TR 64 | TR1 32 | TR2 32
99.9508 	DATA 	Keypress: 5
99.9508 	DATA 	Waited 2.349860191345215 seconds for trigger
99.9516 	DATA 	
99.9516 	DATA 	Trial 2
99.9516 	DATA 	stimDur = 12.0
99.9516 	DATA 	jitter = 0.0
99.9517 	DATA 	restDur = 30.0

99.9517 	DATA 	
99.9517 	DATA 	TR 65 | TR1 33 | TR2 32
99.9517 	DATA 	
99.9517 	DATA 	stimulation started
99.9517 	DATA 	
101.5007 	DATA 	Keypress: 5
101.5007 	DATA 	TR 66 | TR1 33 | TR2 33
103.0839 	DATA 	Keypress: 5
103.0840 	DATA 	TR 67 | TR1 34 | TR2 33
104.6337 	DATA 	Keypress: 5
104.6338 	DATA 	TR 68 | TR1 34 | TR2 34
106.2003 	DATA 	Keypress: 5
106.2003 	DATA 	TR 69 | TR1 35 | TR2 34
107.7501 	DATA 	Keypress: 5
107.7502 	DATA 	TR 70 | TR1 35 | TR2 35
109.3167 	DATA 	Keypress: 5
109.3167 	DATA 	TR 71 | TR1 36 | TR2 35
110.8832 	DATA 	Keypress: 5
110.8832 	DATA 	TR 72 | TR1 36 | TR2 36
111.5331 	DATA 	Target presented
111.9664 	DATA 	
111.9664 	DATA 	stimulation stopped
111.9664 	DATA 	
112.1163 	DATA 	Keypress: 1
112.1164 	DATA 	Key1 pressed
112.1164 	DATA 	Target detected
112.4498 	DATA 	Keypress: 5
112.4498 	DATA 	TR 73 | TR1 37 | TR2 36
113.9995 	DATA 	Keypress: 5
113.9995 	DATA 	TR 74 | TR1 37 | TR2 37
115.5660 	DATA 	Keypress: 5
115.5661 	DATA 	TR 75 | TR1 38 | TR2 37
117.1160 	DATA 	Keypress: 5
117.1160 	DATA 	TR 76 | TR1 38 | TR2 38
118.6991 	DATA 	Keypress: 5
118.6991 	DATA 	TR 77 | TR1 39 | TR2 38
120.2489 	DATA 	Keypress: 5
120.2490 	DATA 	TR 78 | TR1 39 | TR2 39
121.8155 	DATA 	Keypress: 5
121.8155 	DATA 	TR 79 | TR1 40 | TR2 39
123.3653 	DATA 	Keypress: 5
123.3653 	DATA 	TR 80 | TR1 40 | TR2 40
124.9485 	DATA 	Keypress: 5
124.9486 	DATA 	TR 81 | TR1 41 | TR2 40
126.4983 	DATA 	Keypress: 5
126.4984 	DATA 	TR 82 | TR1 41 | TR2 41
128.0650 	DATA 	Keypress: 5
128.0651 	DATA 	TR 83 | TR1 42 | TR2 41
129.6147 	DATA 	Keypress: 5
129.6148 	DATA 	TR 84 | TR1 42 | TR2 42
131.1813 	DATA 	Keypress: 5
131.1813 	DATA 	TR 85 | TR1 43 | TR2 42
132.7317 	DATA 	Keypress: 5
132.7477 	DATA 	TR 86 | TR1 43 | TR2 43
134.3143 	DATA 	Keypress: 5
134.3144 	DATA 	TR 87 | TR1 44 | TR2 43
135.8641 	DATA 	Keypress: 5
135.8642 	DATA 	TR 88 | TR1 44 | TR2 44
137.4307 	DATA 	Keypress: 5
137.4307 	DATA 	TR 89 | TR1 45 | TR2 44
138.9805 	DATA 	Keypress: 5
138.9806 	DATA 	TR 90 | TR1 45 | TR2 45
140.5638 	DATA 	Keypress: 5
140.5638 	DATA 	TR 91 | TR1 46 | TR2 45
141.9636 	DATA 	
141.9636 	DATA 	Trial complete
141.9636 	DATA 	Waiting for VASO trigger to start next trial
141.9636 	DATA 	
142.1136 	DATA 	Keypress: 5
142.1136 	DATA 	TR 92 | TR1 46 | TR2 46
143.6801 	DATA 	Keypress: 5
143.6802 	DATA 	Waited 1.7165989875793457 seconds for trigger
143.6810 	DATA 	
143.6810 	DATA 	Trial 3
143.6810 	DATA 	stimDur = 24.0
143.6810 	DATA 	jitter = 1.5705
143.6810 	DATA 	restDur = 40.0

143.6810 	DATA 	
143.6810 	DATA 	TR 93 | TR1 47 | TR2 46
145.2299 	DATA 	Keypress: 5
145.2299 	DATA 	TR 94 | TR1 47 | TR2 47
145.2632 	DATA 	
145.2632 	DATA 	stimulation started
145.2633 	DATA 	
146.7966 	DATA 	Keypress: 5
146.7966 	DATA 	TR 95 | TR1 48 | TR2 47
148.3631 	DATA 	Keypress: 5
148.3631 	DATA 	TR 96 | TR1 48 | TR2 48
149.9296 	DATA 	Keypress: 5
149.9297 	DATA 	TR 97 | TR1 49 | TR2 48
151.4794 	DATA 	Keypress: 5
151.4795 	DATA 	TR 98 | TR1 49 | TR2 49
153.0460 	DATA 	Keypress: 5
153.0460 	DATA 	TR 99 | TR1 50 | TR2 49
154.5958 	DATA 	Keypress: 5
154.5959 	DATA 	TR 100 | TR1 50 | TR2 50
156.1790 	DATA 	Keypress: 5
156.1791 	DATA 	TR 101 | TR1 51 | TR2 50
157.7288 	DATA 	Keypress: 5
157.7289 	DATA 	TR 102 | TR1 51 | TR2 51
159.2954 	DATA 	Keypress: 5
159.2955 	DATA 	TR 103 | TR1 52 | TR2 51
160.8452 	DATA 	Keypress: 5
160.8453 	DATA 	TR 104 | TR1 52 | TR2 52
162.4285 	DATA 	Keypress: 5
162.4285 	DATA 	TR 105 | TR1 53 | TR2 52
163.9783 	DATA 	Keypress: 5
163.9783 	DATA 	TR 106 | TR1 53 | TR2 53
165.5449 	DATA 	Keypress: 5
165.5449 	DATA 	TR 107 | TR1 54 | TR2 53
167.0947 	DATA 	Keypress: 5
167.0947 	DATA 	TR 108 | TR1 54 | TR2 54
168.6614 	DATA 	Keypress: 5
168.6614 	DATA 	TR 109 | TR1 55 | TR2 54
169.2611 	DATA 	
169.2611 	DATA 	stimulation stopped
169.2611 	DATA 	
170.2276 	DATA 	Keypress: 5
170.2277 	DATA 	TR 110 | TR1 55 | TR2 55
171.7942 	DATA 	Keypress: 5
171.7943 	DATA 	TR 111 | TR1 56 | TR2 55
173.3440 	DATA 	Keypress: 5
173.3441 	DATA 	TR 112 | TR1 56 | TR2 56
174.9106 	DATA 	Keypress: 5
174.9106 	DATA 	TR 113 | TR1 57 | TR2 56
176.4603 	DATA 	Keypress: 5
176.4604 	DATA 	TR 114 | TR1 57 | TR2 57
178.0437 	DATA 	Keypress: 5
178.0437 	DATA 	TR 115 | TR1 58 | TR2 57
179.5935 	DATA 	Keypress: 5
179.5935 	DATA 	TR 116 | TR1 58 | TR2 58
181.1600 	DATA 	Keypress: 5
181.1601 	DATA 	TR 117 | TR1 59 | TR2 58
182.7099 	DATA 	Keypress: 5
182.7099 	DATA 	TR 118 | TR1 59 | TR2 59
184.2770 	DATA 	Keypress: 5
184.2930 	DATA 	TR 119 | TR1 60 | TR2 59
185.8429 	DATA 	Keypress: 5
185.8429 	DATA 	TR 120 | TR1 60 | TR2 60
187.4094 	DATA 	Keypress: 5
187.4095 	DATA 	TR 121 | TR1 61 | TR2 60
188.4427 	DATA 	Target presented
188.9093 	DATA 	Keypress: 1
188.9093 	DATA 	Key1 pressed
188.9093 	DATA 	Target detected
188.9593 	DATA 	Keypress: 5
188.9593 	DATA 	TR 122 | TR1 61 | TR2 61
190.5258 	DATA 	Keypress: 5
190.5259 	DATA 	TR 123 | TR1 62 | TR2 61
192.0756 	DATA 	Keypress: 5
192.0757 	DATA 	TR 124 | TR1 62 | TR2 62
193.6589 	DATA 	Keypress: 5
193.6589 	DATA 	TR 125 | TR1 63 | TR2 62
195.2088 	DATA 	Keypress: 5
195.2089 	DATA 	TR 126 | TR1 63 | TR2 63
196.7753 	DATA 	Keypress: 5
196.7753 	DATA 	TR 127 | TR1 64 | TR2 63
198.3250 	DATA 	Keypress: 5
198.3251 	DATA 	TR 128 | TR1 64 | TR2 64
199.9083 	DATA 	Keypress: 5
199.9084 	DATA 	TR 129 | TR1 65 | TR2 64
201.4583 	DATA 	Keypress: 5
201.4583 	DATA 	TR 130 | TR1 65 | TR2 65
203.0247 	DATA 	Keypress: 5
203.0247 	DATA 	TR 131 | TR1 66 | TR2 65
204.5745 	DATA 	Keypress: 5
204.5745 	DATA 	TR 132 | TR1 66 | TR2 66
206.1412 	DATA 	Keypress: 5
206.1412 	DATA 	TR 133 | TR1 67 | TR2 66
207.7076 	DATA 	Keypress: 5
207.7076 	DATA 	TR 134 | TR1 67 | TR2 67
209.2575 	DATA 	
209.2575 	DATA 	Trial complete
209.2575 	DATA 	Waiting for VASO trigger to start next trial
209.2575 	DATA 	
209.2741 	DATA 	Keypress: 5
209.2741 	DATA 	Waited 0.01660299301147461 seconds for trigger
209.2749 	DATA 	
209.2749 	DATA 	Trial 4
209.2749 	DATA 	stimDur = 1.0
209.2749 	DATA 	jitter = 2.35575
209.2749 	DATA 	restDur = 20.0

209.2749 	DATA 	
209.2749 	DATA 	TR 135 | TR1 68 | TR2 67
210.8240 	DATA 	Keypress: 5
210.8240 	DATA 	TR 136 | TR1 68 | TR2 68
211.6406 	DATA 	
211.6406 	DATA 	stimulation started
211.6406 	DATA 	
212.3905 	DATA 	Keypress: 5
212.3906 	DATA 	TR 137 | TR1 69 | TR2 68
212.6405 	DATA 	
212.6405 	DATA 	stimulation stopped
212.6405 	DATA 	
213.9403 	DATA 	Keypress: 5
213.9403 	DATA 	TR 138 | TR1 69 | TR2 69
215.5235 	DATA 	Keypress: 5
215.5236 	DATA 	TR 139 | TR1 70 | TR2 69
217.0734 	DATA 	Keypress: 5
217.0734 	DATA 	TR 140 | TR1 70 | TR2 70
218.6399 	DATA 	Keypress: 5
218.6400 	DATA 	TR 141 | TR1 71 | TR2 70
220.1898 	DATA 	Keypress: 5
220.1898 	DATA 	TR 142 | TR1 71 | TR2 71
221.7730 	DATA 	Keypress: 5
221.7730 	DATA 	TR 143 | TR1 72 | TR2 71
223.3228 	DATA 	Keypress: 5
223.3229 	DATA 	TR 144 | TR1 72 | TR2 72
224.8893 	DATA 	Keypress: 5
224.8894 	DATA 	TR 145 | TR1 73 | TR2 72
226.4392 	DATA 	Keypress: 5
226.4392 	DATA 	TR 146 | TR1 73 | TR2 73
228.0057 	DATA 	Keypress: 5
228.0058 	DATA 	TR 147 | TR1 74 | TR2 73
229.5555 	DATA 	Keypress: 5
229.5556 	DATA 	TR 148 | TR1 74 | TR2 74
231.1388 	DATA 	Keypress: 5
231.1388 	DATA 	TR 149 | TR1 75 | TR2 74
232.6386 	DATA 	
232.6386 	DATA 	Trial complete
232.6386 	DATA 	Waiting for VASO trigger to start next trial
232.6386 	DATA 	
232.6887 	DATA 	Keypress: 5
232.6888 	DATA 	TR 150 | TR1 75 | TR2 75
234.2552 	DATA 	Keypress: 5
234.2553 	DATA 	Waited 1.616642951965332 seconds for trigger
234.2560 	DATA 	
234.2560 	DATA 	Trial 5
234.2560 	DATA 	stimDur = 12.0
234.2560 	DATA 	jitter = 0.78525
234.2561 	DATA 	restDur = 30.0

234.2561 	DATA 	
234.2561 	DATA 	TR 151 | TR1 76 | TR2 75
235.0550 	DATA 	
235.0550 	DATA 	stimulation started
235.0550 	DATA 	
235.8051 	DATA 	Keypress: 5
235.8051 	DATA 	TR 152 | TR1 76 | TR2 76
237.3883 	DATA 	Keypress: 5
237.3883 	DATA 	TR 153 | TR1 77 | TR2 76
238.9381 	DATA 	Keypress: 5
238.9382 	DATA 	TR 154 | TR1 77 | TR2 77
240.5047 	DATA 	Keypress: 5
240.5047 	DATA 	TR 155 | TR1 78 | TR2 77
242.0545 	DATA 	Keypress: 5
242.0545 	DATA 	TR 156 | TR1 78 | TR2 78
243.6218 	DATA 	Keypress: 5
243.6376 	DATA 	TR 157 | TR1 79 | TR2 78
245.1875 	DATA 	Keypress: 5
245.1876 	DATA 	TR 158 | TR1 79 | TR2 79
246.7541 	DATA 	Keypress: 5
246.7541 	DATA 	TR 159 | TR1 80 | TR2 79
247.0540 	DATA 	
247.0540 	DATA 	stimulation stopped
247.0540 	DATA 	
248.3040 	DATA 	Keypress: 5
248.3040 	DATA 	TR 160 | TR1 80 | TR2 80
249.8704 	DATA 	Keypress: 5
249.8705 	DATA 	TR 161 | TR1 81 | TR2 80
251.4202 	DATA 	Keypress: 5
251.4203 	DATA 	TR 162 | TR1 81 | TR2 81
251.7035 	DATA 	Target presented
252.2868 	DATA 	Keypress: 1
252.2869 	DATA 	Key1 pressed
252.2869 	DATA 	Target detected
253.0034 	DATA 	Keypress: 5
253.0035 	DATA 	TR 163 | TR1 82 | TR2 81
254.5533 	DATA 	Keypress: 5
254.5533 	DATA 	TR 164 | TR1 82 | TR2 82
256.1198 	DATA 	Keypress: 5
256.1199 	DATA 	TR 165 | TR1 83 | TR2 82
257.6698 	DATA 	Keypress: 5
257.6698 	DATA 	TR 166 | TR1 83 | TR2 83
259.2529 	DATA 	Keypress: 5
259.2529 	DATA 	TR 167 | TR1 84 | TR2 83
260.8027 	DATA 	Keypress: 5
260.8027 	DATA 	TR 168 | TR1 84 | TR2 84
262.3693 	DATA 	Keypress: 5
262.3693 	DATA 	TR 169 | TR1 85 | TR2 84
263.9191 	DATA 	Keypress: 5
263.9191 	DATA 	TR 170 | TR1 85 | TR2 85
265.4857 	DATA 	Keypress: 5
265.4857 	DATA 	TR 171 | TR1 86 | TR2 85
267.0361 	DATA 	Keypress: 5
267.0522 	DATA 	TR 172 | TR1 86 | TR2 86
268.6187 	DATA 	Keypress: 5
268.6187 	DATA 	TR 173 | TR1 87 | TR2 86
270.1685 	DATA 	Keypress: 5
270.1685 	DATA 	TR 174 | TR1 87 | TR2 87
271.7351 	DATA 	Keypress: 5
271.7351 	DATA 	TR 175 | TR1 88 | TR2 87
273.2849 	DATA 	Keypress: 5
273.2850 	DATA 	TR 176 | TR1 88 | TR2 88
274.8681 	DATA 	Keypress: 5
274.8682 	DATA 	TR 177 | TR1 89 | TR2 88
276.4179 	DATA 	Keypress: 5
276.4180 	DATA 	TR 178 | TR1 89 | TR2 89
277.0512 	DATA 	
277.0512 	DATA 	Trial complete
277.0513 	DATA 	Waiting for VASO trigger to start next trial
277.0513 	DATA 	
277.9845 	DATA 	Keypress: 5
277.9846 	DATA 	Waited 0.9333009719848633 seconds for trigger
277.9853 	DATA 	
277.9853 	DATA 	Trial 6
277.9853 	DATA 	stimDur = 2.0
277.9854 	DATA 	jitter = 0.78525
277.9854 	DATA 	restDur = 22.0

277.9854 	DATA 	
277.9854 	DATA 	TR 179 | TR1 90 | TR2 89
278.7844 	DATA 	
278.7844 	DATA 	stimulation started
278.7844 	DATA 	
279.5344 	DATA 	Keypress: 5
279.5344 	DATA 	TR 180 | TR1 90 | TR2 90
280.7844 	DATA 	
280.7844 	DATA 	stimulation stopped
280.7844 	DATA 	
281.1009 	DATA 	Keypress: 5
281.1009 	DATA 	TR 181 | TR1 91 | TR2 90
282.6674 	DATA 	Keypress: 5
282.6674 	DATA 	TR 182 | TR1 91 | TR2 91
284.2339 	DATA 	Keypress: 5
284.2340 	DATA 	TR 183 | TR1 92 | TR2 91
285.7838 	DATA 	Keypress: 5
285.7838 	DATA 	TR 184 | TR1 92 | TR2 92
287.3503 	DATA 	Keypress: 5
287.3503 	DATA 	TR 185 | TR1 93 | TR2 92
288.9001 	DATA 	Keypress: 5
288.9002 	DATA 	TR 186 | TR1 93 | TR2 93
290.4832 	DATA 	Keypress: 5
290.4833 	DATA 	TR 187 | TR1 94 | TR2 93
292.0332 	DATA 	Keypress: 5
292.0333 	DATA 	TR 188 | TR1 94 | TR2 94
293.5998 	DATA 	Keypress: 5
293.5998 	DATA 	TR 189 | TR1 95 | TR2 94
295.1495 	DATA 	Keypress: 5
295.1496 	DATA 	TR 190 | TR1 95 | TR2 95
296.7329 	DATA 	Keypress: 5
296.7330 	DATA 	TR 191 | TR1 96 | TR2 95
298.2826 	DATA 	Keypress: 5
298.2827 	DATA 	TR 192 | TR1 96 | TR2 96
299.1492 	DATA 	Target presented
299.6658 	DATA 	Keypress: 1
299.6659 	DATA 	Key1 pressed
299.6659 	DATA 	Target detected
299.8491 	DATA 	Keypress: 5
299.8492 	DATA 	TR 193 | TR1 97 | TR2 96
301.3990 	DATA 	Keypress: 5
301.3990 	DATA 	TR 194 | TR1 97 | TR2 97
302.7822 	DATA 	
302.7822 	DATA 	Trial complete
302.7822 	DATA 	Waiting for VASO trigger to start next trial
302.7822 	DATA 	
302.9657 	DATA 	Keypress: 5
302.9657 	DATA 	Waited 0.18352913856506348 seconds for trigger
302.9665 	DATA 	
302.9665 	DATA 	Trial 7
302.9665 	DATA 	stimDur = 2.0
302.9665 	DATA 	jitter = 0.0
302.9665 	DATA 	restDur = 22.0

302.9665 	DATA 	
302.9665 	DATA 	TR 195 | TR1 98 | TR2 97
302.9665 	DATA 	
302.9665 	DATA 	stimulation started
302.9665 	DATA 	
304.5322 	DATA 	Keypress: 5
304.5323 	DATA 	TR 196 | TR1 98 | TR2 98
304.9820 	DATA 	
304.9820 	DATA 	stimulation stopped
304.9820 	DATA 	
306.0986 	DATA 	Keypress: 5
306.0986 	DATA 	TR 197 | TR1 99 | TR2 98
307.6484 	DATA 	Keypress: 5
307.6485 	DATA 	TR 198 | TR1 99 | TR2 99
309.2150 	DATA 	Keypress: 5
309.2150 	DATA 	TR 199 | TR1 100 | TR2 99
310.7648 	DATA 	Keypress: 5
310.7648 	DATA 	TR 200 | TR1 100 | TR2 100
312.3480 	DATA 	Keypress: 5
312.3481 	DATA 	TR 201 | TR1 101 | TR2 100
313.8978 	DATA 	Keypress: 5
313.8979 	DATA 	TR 202 | TR1 101 | TR2 101
315.4644 	DATA 	Keypress: 5
315.4644 	DATA 	TR 203 | TR1 102 | TR2 101
317.0142 	DATA 	Keypress: 5
317.0143 	DATA 	TR 204 | TR1 102 | TR2 102
318.5814 	DATA 	Keypress: 5
318.5974 	DATA 	TR 205 | TR1 103 | TR2 102
320.1473 	DATA 	Keypress: 5
320.1473 	DATA 	TR 206 | TR1 103 | TR2 103
321.7138 	DATA 	Keypress: 5
321.7138 	DATA 	TR 207 | TR1 104 | TR2 103
323.2636 	DATA 	Keypress: 5
323.2637 	DATA 	TR 208 | TR1 104 | TR2 104
324.8302 	DATA 	Keypress: 5
324.8302 	DATA 	TR 209 | TR1 105 | TR2 104
326.3800 	DATA 	Keypress: 5
326.3801 	DATA 	TR 210 | TR1 105 | TR2 105
326.9799 	DATA 	
326.9800 	DATA 	Trial complete
326.9800 	DATA 	Waiting for VASO trigger to start next trial
326.9800 	DATA 	
327.9632 	DATA 	Keypress: 5
327.9633 	DATA 	Waited 0.9832940101623535 seconds for trigger
327.9640 	DATA 	
327.9641 	DATA 	Trial 8
327.9641 	DATA 	stimDur = 2.0
327.9641 	DATA 	jitter = 1.5705
327.9641 	DATA 	restDur = 22.0

327.9641 	DATA 	
327.9641 	DATA 	TR 211 | TR1 106 | TR2 105
329.5133 	DATA 	Keypress: 5
329.5133 	DATA 	TR 212 | TR1 106 | TR2 106
329.5464 	DATA 	
329.5464 	DATA 	stimulation started
329.5464 	DATA 	
331.0796 	DATA 	Keypress: 5
331.0797 	DATA 	TR 213 | TR1 107 | TR2 106
331.5463 	DATA 	
331.5463 	DATA 	stimulation stopped
331.5463 	DATA 	
332.6295 	DATA 	Keypress: 5
332.6295 	DATA 	TR 214 | TR1 107 | TR2 107
334.2127 	DATA 	Keypress: 5
334.2127 	DATA 	TR 215 | TR1 108 | TR2 107
335.7626 	DATA 	Keypress: 5
335.7626 	DATA 	TR 216 | TR1 108 | TR2 108
337.3290 	DATA 	Keypress: 5
337.3291 	DATA 	TR 217 | TR1 109 | TR2 108
338.8791 	DATA 	Keypress: 5
338.8791 	DATA 	TR 218 | TR1 109 | TR2 109
340.4455 	DATA 	Keypress: 5
340.4456 	DATA 	TR 219 | TR1 110 | TR2 109
342.0120 	DATA 	Keypress: 5
342.0120 	DATA 	TR 220 | TR1 110 | TR2 110
343.5785 	DATA 	Keypress: 5
343.5785 	DATA 	TR 221 | TR1 111 | TR2 110
345.1284 	DATA 	Keypress: 5
345.1284 	DATA 	TR 222 | TR1 111 | TR2 111
346.6949 	DATA 	Keypress: 5
346.6949 	DATA 	TR 223 | TR1 112 | TR2 111
348.2447 	DATA 	Keypress: 5
348.2447 	DATA 	TR 224 | TR1 112 | TR2 112
349.8279 	DATA 	Keypress: 5
349.8280 	DATA 	TR 225 | TR1 113 | TR2 112
351.3778 	DATA 	Keypress: 5
351.3778 	DATA 	TR 226 | TR1 113 | TR2 113
352.9442 	DATA 	Keypress: 5
352.9443 	DATA 	TR 227 | TR1 114 | TR2 113
353.5442 	DATA 	
353.5442 	DATA 	Trial complete
353.5442 	DATA 	Waiting for VASO trigger to start next trial
353.5442 	DATA 	
354.4942 	DATA 	Keypress: 5
354.4942 	DATA 	TR 228 | TR1 114 | TR2 114
356.0774 	DATA 	Keypress: 5
356.0775 	DATA 	Waited 2.53328800201416 seconds for trigger
356.0783 	DATA 	
356.0783 	DATA 	Trial 9
356.0783 	DATA 	stimDur = 12.0
356.0783 	DATA 	jitter = 1.5705
356.0783 	DATA 	restDur = 30.0

356.0783 	DATA 	
356.0783 	DATA 	TR 229 | TR1 115 | TR2 114
357.6272 	DATA 	Keypress: 5
357.6272 	DATA 	TR 230 | TR1 115 | TR2 115
357.6605 	DATA 	
357.6605 	DATA 	stimulation started
357.6605 	DATA 	
359.1938 	DATA 	Keypress: 5
359.1938 	DATA 	TR 231 | TR1 116 | TR2 115
360.7438 	DATA 	Keypress: 5
360.7438 	DATA 	TR 232 | TR1 116 | TR2 116
362.3102 	DATA 	Keypress: 5
362.3103 	DATA 	TR 233 | TR1 117 | TR2 116
363.8600 	DATA 	Keypress: 5
363.8601 	DATA 	TR 234 | TR1 117 | TR2 117
365.4432 	DATA 	Keypress: 5
365.4432 	DATA 	TR 235 | TR1 118 | TR2 117
366.9931 	DATA 	Keypress: 5
366.9931 	DATA 	TR 236 | TR1 118 | TR2 118
368.5596 	DATA 	Keypress: 5
368.5596 	DATA 	TR 237 | TR1 119 | TR2 118
369.6594 	DATA 	
369.6594 	DATA 	stimulation stopped
369.6594 	DATA 	
370.1094 	DATA 	Keypress: 5
370.1094 	DATA 	TR 238 | TR1 119 | TR2 119
371.6925 	DATA 	Keypress: 5
371.6926 	DATA 	TR 239 | TR1 120 | TR2 119
373.2424 	DATA 	Keypress: 5
373.2425 	DATA 	TR 240 | TR1 120 | TR2 120
374.8089 	DATA 	Keypress: 5
374.8090 	DATA 	TR 241 | TR1 121 | TR2 120
375.9255 	DATA 	Target presented
376.3588 	DATA 	Keypress: 5
376.3589 	DATA 	TR 242 | TR1 121 | TR2 121
376.4421 	DATA 	Keypress: 1
376.4421 	DATA 	Key1 pressed
376.4422 	DATA 	Target detected
377.9259 	DATA 	Keypress: 5
377.9419 	DATA 	TR 243 | TR1 122 | TR2 121
379.4919 	DATA 	Keypress: 5
379.4919 	DATA 	TR 244 | TR1 122 | TR2 122
381.0583 	DATA 	Keypress: 5
381.0584 	DATA 	TR 245 | TR1 123 | TR2 122
382.6082 	DATA 	Keypress: 5
382.6083 	DATA 	TR 246 | TR1 123 | TR2 123
384.1747 	DATA 	Keypress: 5
384.1748 	DATA 	TR 247 | TR1 124 | TR2 123
385.7246 	DATA 	Keypress: 5
385.7247 	DATA 	TR 248 | TR1 124 | TR2 124
387.3078 	DATA 	Keypress: 5
387.3078 	DATA 	TR 249 | TR1 125 | TR2 124
388.8577 	DATA 	Keypress: 5
388.8577 	DATA 	TR 250 | TR1 125 | TR2 125
390.4242 	DATA 	Keypress: 5
390.4242 	DATA 	TR 251 | TR1 126 | TR2 125
391.9740 	DATA 	Keypress: 5
391.9741 	DATA 	TR 252 | TR1 126 | TR2 126
393.5574 	DATA 	Keypress: 5
393.5574 	DATA 	TR 253 | TR1 127 | TR2 126
395.1071 	DATA 	Keypress: 5
395.1071 	DATA 	TR 254 | TR1 127 | TR2 127
396.6736 	DATA 	Keypress: 5
396.6736 	DATA 	TR 255 | TR1 128 | TR2 127
398.2235 	DATA 	Keypress: 5
398.2235 	DATA 	TR 256 | TR1 128 | TR2 128
399.6566 	DATA 	
399.6566 	DATA 	Trial complete
399.6567 	DATA 	Waiting for VASO trigger to start next trial
399.6567 	DATA 	
399.7900 	DATA 	Keypress: 5
399.7900 	DATA 	Waited 0.1333630084991455 seconds for trigger
399.7908 	DATA 	
399.7908 	DATA 	Trial 10
399.7908 	DATA 	stimDur = 4.0
399.7908 	DATA 	jitter = 0.78525
399.7908 	DATA 	restDur = 24.0

399.7908 	DATA 	
399.7908 	DATA 	TR 257 | TR1 129 | TR2 128
400.5899 	DATA 	
400.5899 	DATA 	stimulation started
400.5899 	DATA 	
401.3406 	DATA 	Keypress: 5
401.3565 	DATA 	TR 258 | TR1 129 | TR2 129
402.9231 	DATA 	Keypress: 5
402.9231 	DATA 	TR 259 | TR1 130 | TR2 129
404.4730 	DATA 	Keypress: 5
404.4730 	DATA 	TR 260 | TR1 130 | TR2 130
404.5896 	DATA 	
404.5896 	DATA 	stimulation stopped
404.5896 	DATA 	
406.0394 	DATA 	Keypress: 5
406.0394 	DATA 	TR 261 | TR1 131 | TR2 130
407.5893 	DATA 	Keypress: 5
407.5893 	DATA 	TR 262 | TR1 131 | TR2 131
409.1725 	DATA 	Keypress: 5
409.1725 	DATA 	TR 263 | TR1 132 | TR2 131
410.7225 	DATA 	Keypress: 5
410.7225 	DATA 	TR 264 | TR1 132 | TR2 132
412.2888 	DATA 	Keypress: 5
412.2889 	DATA 	TR 265 | TR1 133 | TR2 132
413.8387 	DATA 	Keypress: 5
413.8388 	DATA 	TR 266 | TR1 133 | TR2 133
415.4052 	DATA 	Keypress: 5
415.4053 	DATA 	TR 267 | TR1 134 | TR2 133
416.9718 	DATA 	Keypress: 5
416.9718 	DATA 	TR 268 | TR1 134 | TR2 134
418.5383 	DATA 	Keypress: 5
418.5383 	DATA 	TR 269 | TR1 135 | TR2 134
420.0881 	DATA 	Keypress: 5
420.0882 	DATA 	TR 270 | TR1 135 | TR2 135
421.6546 	DATA 	Keypress: 5
421.6547 	DATA 	TR 271 | TR1 136 | TR2 135
423.2045 	DATA 	Keypress: 5
423.2045 	DATA 	TR 272 | TR1 136 | TR2 136
424.7879 	DATA 	Keypress: 5
424.7879 	DATA 	TR 273 | TR1 137 | TR2 136
426.3376 	DATA 	Keypress: 5
426.3376 	DATA 	TR 274 | TR1 137 | TR2 137
427.9041 	DATA 	Keypress: 5
427.9042 	DATA 	TR 275 | TR1 138 | TR2 137
428.5873 	DATA 	
428.5873 	DATA 	Trial complete
428.5873 	DATA 	Waiting for VASO trigger to start next trial
428.5873 	DATA 	
429.4540 	DATA 	Keypress: 5
429.4540 	DATA 	TR 276 | TR1 138 | TR2 138
431.0373 	DATA 	Keypress: 5
431.0373 	DATA 	Waited 2.4499659538269043 seconds for trigger
431.0381 	DATA 	
431.0381 	DATA 	Trial 11
431.0381 	DATA 	stimDur = 4.0
431.0381 	DATA 	jitter = 2.35575
431.0381 	DATA 	restDur = 24.0

431.0381 	DATA 	
431.0381 	DATA 	TR 277 | TR1 139 | TR2 138
432.5870 	DATA 	Keypress: 5
432.5871 	DATA 	TR 278 | TR1 139 | TR2 139
433.4035 	DATA 	
433.4036 	DATA 	stimulation started
433.4036 	DATA 	
434.1536 	DATA 	Keypress: 5
434.1536 	DATA 	TR 279 | TR1 140 | TR2 139
435.7034 	DATA 	Keypress: 5
435.7035 	DATA 	TR 280 | TR1 140 | TR2 140
437.2699 	DATA 	Keypress: 5
437.2700 	DATA 	TR 281 | TR1 141 | TR2 140
437.4032 	DATA 	
437.4032 	DATA 	stimulation stopped
437.4032 	DATA 	
438.8204 	DATA 	Keypress: 5
438.8363 	DATA 	TR 282 | TR1 141 | TR2 141
440.4030 	DATA 	Keypress: 5
440.4030 	DATA 	TR 283 | TR1 142 | TR2 141
441.9529 	DATA 	Keypress: 5
441.9530 	DATA 	TR 284 | TR1 142 | TR2 142
442.3027 	DATA 	Target presented
442.8027 	DATA 	Keypress: 1
442.8027 	DATA 	Key1 pressed
442.8028 	DATA 	Target detected
443.5193 	DATA 	Keypress: 5
443.5193 	DATA 	TR 285 | TR1 143 | TR2 142
445.0692 	DATA 	Keypress: 5
445.0692 	DATA 	TR 286 | TR1 143 | TR2 143
446.6523 	DATA 	Keypress: 5
446.6524 	DATA 	TR 287 | TR1 144 | TR2 143
448.2022 	DATA 	Keypress: 5
448.2023 	DATA 	TR 288 | TR1 144 | TR2 144
449.7687 	DATA 	Keypress: 5
449.7688 	DATA 	TR 289 | TR1 145 | TR2 144
451.3186 	DATA 	Keypress: 5
451.3187 	DATA 	TR 290 | TR1 145 | TR2 145
452.8857 	DATA 	Keypress: 5
452.9017 	DATA 	TR 291 | TR1 146 | TR2 145
454.4516 	DATA 	Keypress: 5
454.4516 	DATA 	TR 292 | TR1 146 | TR2 146
456.0182 	DATA 	Keypress: 5
456.0182 	DATA 	TR 293 | TR1 147 | TR2 146
457.5680 	DATA 	Keypress: 5
457.5681 	DATA 	TR 294 | TR1 147 | TR2 147
459.1345 	DATA 	Keypress: 5
459.1346 	DATA 	TR 295 | TR1 148 | TR2 147
460.6844 	DATA 	Keypress: 5
460.6845 	DATA 	TR 296 | TR1 148 | TR2 148
461.4010 	DATA 	
461.4010 	DATA 	Trial complete
461.4010 	DATA 	Waiting for VASO trigger to start next trial
461.4010 	DATA 	
462.2675 	DATA 	Keypress: 5
462.2676 	DATA 	Waited 0.8665518760681152 seconds for trigger
462.2683 	DATA 	
462.2683 	DATA 	Trial 12
462.2683 	DATA 	stimDur = 24.0
462.2683 	DATA 	jitter = 0.0
462.2683 	DATA 	restDur = 40.0

462.2683 	DATA 	
462.2684 	DATA 	TR 297 | TR1 149 | TR2 148
462.2684 	DATA 	
462.2684 	DATA 	stimulation started
462.2684 	DATA 	
463.8175 	DATA 	Keypress: 5
463.8176 	DATA 	TR 298 | TR1 149 | TR2 149
465.3840 	DATA 	Keypress: 5
465.3841 	DATA 	TR 299 | TR1 150 | TR2 149
466.9339 	DATA 	Keypress: 5
466.9340 	DATA 	TR 300 | TR1 150 | TR2 150
468.5171 	DATA 	Keypress: 5
468.5171 	DATA 	TR 301 | TR1 151 | TR2 150
470.0670 	DATA 	Keypress: 5
470.0670 	DATA 	TR 302 | TR1 151 | TR2 151
471.6334 	DATA 	Keypress: 5
471.6335 	DATA 	TR 303 | TR1 152 | TR2 151
473.1834 	DATA 	Keypress: 5
473.1834 	DATA 	TR 304 | TR1 152 | TR2 152
474.7499 	DATA 	Keypress: 5
474.7499 	DATA 	TR 305 | TR1 153 | TR2 152
476.3164 	DATA 	Keypress: 5
476.3164 	DATA 	TR 306 | TR1 153 | TR2 153
477.8829 	DATA 	Keypress: 5
477.8829 	DATA 	TR 307 | TR1 154 | TR2 153
479.4328 	DATA 	Keypress: 5
479.4328 	DATA 	TR 308 | TR1 154 | TR2 154
480.9993 	DATA 	Keypress: 5
480.9993 	DATA 	TR 309 | TR1 155 | TR2 154
482.5492 	DATA 	Keypress: 5
482.5492 	DATA 	TR 310 | TR1 155 | TR2 155
484.1323 	DATA 	Keypress: 5
484.1323 	DATA 	TR 311 | TR1 156 | TR2 155
485.6822 	DATA 	Keypress: 5
485.6822 	DATA 	TR 312 | TR1 156 | TR2 156
486.2821 	DATA 	
486.2821 	DATA 	stimulation stopped
486.2821 	DATA 	
487.2486 	DATA 	Keypress: 5
487.2486 	DATA 	TR 313 | TR1 157 | TR2 156
488.7985 	DATA 	Keypress: 5
488.7986 	DATA 	TR 314 | TR1 157 | TR2 157
490.3817 	DATA 	Keypress: 5
490.3817 	DATA 	TR 315 | TR1 158 | TR2 157
491.9316 	DATA 	Keypress: 5
491.9316 	DATA 	TR 316 | TR1 158 | TR2 158
493.4981 	DATA 	Keypress: 5
493.4981 	DATA 	TR 317 | TR1 159 | TR2 158
495.0479 	DATA 	Keypress: 5
495.0480 	DATA 	TR 318 | TR1 159 | TR2 159
496.6144 	DATA 	Keypress: 5
496.6145 	DATA 	TR 319 | TR1 160 | TR2 159
497.2477 	DATA 	Target presented
497.8478 	DATA 	Keypress: 1
497.8478 	DATA 	Key1 pressed
497.8478 	DATA 	Target detected
498.1649 	DATA 	Keypress: 5
498.1809 	DATA 	TR 320 | TR1 160 | TR2 160
499.7475 	DATA 	Keypress: 5
499.7475 	DATA 	TR 321 | TR1 161 | TR2 160
501.2974 	DATA 	Keypress: 5
501.2974 	DATA 	TR 322 | TR1 161 | TR2 161
502.8639 	DATA 	Keypress: 5
502.8639 	DATA 	TR 323 | TR1 162 | TR2 161
504.4138 	DATA 	Keypress: 5
504.4138 	DATA 	TR 324 | TR1 162 | TR2 162
505.9969 	DATA 	Keypress: 5
505.9970 	DATA 	TR 325 | TR1 163 | TR2 162
507.5468 	DATA 	Keypress: 5
507.5469 	DATA 	TR 326 | TR1 163 | TR2 163
509.1133 	DATA 	Keypress: 5
509.1133 	DATA 	TR 327 | TR1 164 | TR2 163
510.6632 	DATA 	Keypress: 5
510.6632 	DATA 	TR 328 | TR1 164 | TR2 164
512.2297 	DATA 	Keypress: 5
512.2297 	DATA 	TR 329 | TR1 165 | TR2 164
513.7962 	DATA 	Keypress: 5
513.7963 	DATA 	TR 330 | TR1 165 | TR2 165
515.3627 	DATA 	Keypress: 5
515.3628 	DATA 	TR 331 | TR1 166 | TR2 165
516.9126 	DATA 	Keypress: 5
516.9127 	DATA 	TR 332 | TR1 166 | TR2 166
518.4791 	DATA 	Keypress: 5
518.4792 	DATA 	TR 333 | TR1 167 | TR2 166
520.0290 	DATA 	Keypress: 5
520.0291 	DATA 	TR 334 | TR1 167 | TR2 167
521.6122 	DATA 	Keypress: 5
521.6122 	DATA 	TR 335 | TR1 168 | TR2 167
523.1620 	DATA 	Keypress: 5
523.1621 	DATA 	TR 336 | TR1 168 | TR2 168
524.7285 	DATA 	Keypress: 5
524.7285 	DATA 	TR 337 | TR1 169 | TR2 168
526.2784 	DATA 	Keypress: 5
526.2785 	DATA 	TR 338 | TR1 169 | TR2 169
526.2785 	DATA 	
526.2785 	DATA 	Trial complete
526.2785 	DATA 	Waiting for VASO trigger to start next trial
526.2785 	DATA 	
527.8617 	DATA 	Keypress: 5
527.8618 	DATA 	Waited 1.583272933959961 seconds for trigger
527.8626 	DATA 	
527.8626 	DATA 	Trial 13
527.8626 	DATA 	stimDur = 4.0
527.8626 	DATA 	jitter = 1.5705
527.8626 	DATA 	restDur = 24.0

527.8626 	DATA 	
527.8626 	DATA 	TR 339 | TR1 170 | TR2 169
529.4115 	DATA 	Keypress: 5
529.4115 	DATA 	TR 340 | TR1 170 | TR2 170
529.4447 	DATA 	
529.4447 	DATA 	stimulation started
529.4448 	DATA 	
530.9780 	DATA 	Keypress: 5
530.9781 	DATA 	TR 341 | TR1 171 | TR2 170
532.5279 	DATA 	Keypress: 5
532.5280 	DATA 	TR 342 | TR1 171 | TR2 171
533.4444 	DATA 	
533.4444 	DATA 	stimulation stopped
533.4444 	DATA 	
534.0943 	DATA 	Keypress: 5
534.0944 	DATA 	TR 343 | TR1 172 | TR2 171
535.6609 	DATA 	Keypress: 5
535.6609 	DATA 	TR 344 | TR1 172 | TR2 172
537.2274 	DATA 	Keypress: 5
537.2274 	DATA 	TR 345 | TR1 173 | TR2 172
538.7773 	DATA 	Keypress: 5
538.7773 	DATA 	TR 346 | TR1 173 | TR2 173
540.3438 	DATA 	Keypress: 5
540.3438 	DATA 	TR 347 | TR1 174 | TR2 173
541.8936 	DATA 	Keypress: 5
541.8937 	DATA 	TR 348 | TR1 174 | TR2 174
543.4768 	DATA 	Keypress: 5
543.4769 	DATA 	TR 349 | TR1 175 | TR2 174
545.0267 	DATA 	Keypress: 5
545.0267 	DATA 	TR 350 | TR1 175 | TR2 175
546.5932 	DATA 	Keypress: 5
546.5932 	DATA 	TR 351 | TR1 176 | TR2 175
548.1431 	DATA 	Keypress: 5
548.1431 	DATA 	TR 352 | TR1 176 | TR2 176
549.7103 	DATA 	Keypress: 5
549.7262 	DATA 	TR 353 | TR1 177 | TR2 176
551.2761 	DATA 	Keypress: 5
551.2762 	DATA 	TR 354 | TR1 177 | TR2 177
552.8426 	DATA 	Keypress: 5
552.8427 	DATA 	TR 355 | TR1 178 | TR2 177
554.3925 	DATA 	Keypress: 5
554.3925 	DATA 	TR 356 | TR1 178 | TR2 178
555.9590 	DATA 	Keypress: 5
555.9590 	DATA 	TR 357 | TR1 179 | TR2 178
557.4422 	DATA 	
557.4422 	DATA 	Trial complete
557.4422 	DATA 	Waiting for VASO trigger to start next trial
557.4422 	DATA 	
557.5089 	DATA 	Keypress: 5
557.5089 	DATA 	TR 358 | TR1 179 | TR2 179
559.0920 	DATA 	Keypress: 5
559.0921 	DATA 	Waited 1.6498689651489258 seconds for trigger
559.0928 	DATA 	
559.0928 	DATA 	Trial 14
559.0928 	DATA 	stimDur = 2.0
559.0929 	DATA 	jitter = 2.35575
559.0929 	DATA 	restDur = 22.0

559.0929 	DATA 	
559.0929 	DATA 	TR 359 | TR1 180 | TR2 179
559.8087 	DATA 	Target presented
560.3253 	DATA 	Keypress: 1
560.3254 	DATA 	Key1 pressed
560.3254 	DATA 	Target detected
560.6419 	DATA 	Keypress: 5
560.6419 	DATA 	TR 360 | TR1 180 | TR2 180
561.4585 	DATA 	
561.4585 	DATA 	stimulation started
561.4585 	DATA 	
562.2085 	DATA 	Keypress: 5
562.2086 	DATA 	TR 361 | TR1 181 | TR2 180
563.4583 	DATA 	
563.4583 	DATA 	stimulation stopped
563.4584 	DATA 	
563.7583 	DATA 	Keypress: 5
563.7583 	DATA 	TR 362 | TR1 181 | TR2 181
565.3415 	DATA 	Keypress: 5
565.3416 	DATA 	TR 363 | TR1 182 | TR2 181
566.8915 	DATA 	Keypress: 5
566.8915 	DATA 	TR 364 | TR1 182 | TR2 182
568.4579 	DATA 	Keypress: 5
568.4579 	DATA 	TR 365 | TR1 183 | TR2 182
570.0077 	DATA 	Keypress: 5
570.0078 	DATA 	TR 366 | TR1 183 | TR2 183
571.5743 	DATA 	Keypress: 5
571.5743 	DATA 	TR 367 | TR1 184 | TR2 183
573.1247 	DATA 	Keypress: 5
573.1409 	DATA 	TR 368 | TR1 184 | TR2 184
574.7073 	DATA 	Keypress: 5
574.7074 	DATA 	TR 369 | TR1 185 | TR2 184
576.2572 	DATA 	Keypress: 5
576.2573 	DATA 	TR 370 | TR1 185 | TR2 185
577.8237 	DATA 	Keypress: 5
577.8238 	DATA 	TR 371 | TR1 186 | TR2 185
579.3735 	DATA 	Keypress: 5
579.3736 	DATA 	TR 372 | TR1 186 | TR2 186
580.9567 	DATA 	Keypress: 5
580.9568 	DATA 	TR 373 | TR1 187 | TR2 186
582.5066 	DATA 	Keypress: 5
582.5066 	DATA 	TR 374 | TR1 187 | TR2 187
584.0731 	DATA 	Keypress: 5
584.0732 	DATA 	TR 375 | TR1 188 | TR2 187
585.4562 	DATA 	
585.4563 	DATA 	Trial complete
585.4563 	DATA 	Waiting for VASO trigger to start next trial
585.4563 	DATA 	
585.6230 	DATA 	Keypress: 5
585.6230 	DATA 	TR 376 | TR1 188 | TR2 188
587.2062 	DATA 	Keypress: 5
587.2062 	DATA 	Waited 1.7499399185180664 seconds for trigger
587.2070 	DATA 	
587.2070 	DATA 	Trial 15
587.2070 	DATA 	stimDur = 4.0
587.2070 	DATA 	jitter = 0.0
587.2070 	DATA 	restDur = 24.0

587.2070 	DATA 	
587.2070 	DATA 	TR 377 | TR1 189 | TR2 188
587.2070 	DATA 	
587.2070 	DATA 	stimulation started
587.2070 	DATA 	
588.7561 	DATA 	Keypress: 5
588.7561 	DATA 	TR 378 | TR1 189 | TR2 189
590.3226 	DATA 	Keypress: 5
590.3227 	DATA 	TR 379 | TR1 190 | TR2 189
591.2225 	DATA 	
591.2225 	DATA 	stimulation stopped
591.2225 	DATA 	
591.8724 	DATA 	Keypress: 5
591.8724 	DATA 	TR 380 | TR1 190 | TR2 190
593.4389 	DATA 	Keypress: 5
593.4390 	DATA 	TR 381 | TR1 191 | TR2 190
594.9888 	DATA 	Keypress: 5
594.9888 	DATA 	TR 382 | TR1 191 | TR2 191
596.5720 	DATA 	Keypress: 5
596.5720 	DATA 	TR 383 | TR1 192 | TR2 191
598.1218 	DATA 	Keypress: 5
598.1219 	DATA 	TR 384 | TR1 192 | TR2 192
599.6884 	DATA 	Keypress: 5
599.6884 	DATA 	TR 385 | TR1 193 | TR2 192
601.2382 	DATA 	Keypress: 5
601.2382 	DATA 	TR 386 | TR1 193 | TR2 193
602.8214 	DATA 	Keypress: 5
602.8215 	DATA 	TR 387 | TR1 194 | TR2 193
604.3712 	DATA 	Keypress: 5
604.3713 	DATA 	TR 388 | TR1 194 | TR2 194
605.9378 	DATA 	Keypress: 5
605.9378 	DATA 	TR 389 | TR1 195 | TR2 194
607.4876 	DATA 	Keypress: 5
607.4877 	DATA 	TR 390 | TR1 195 | TR2 195
609.0542 	DATA 	Keypress: 5
609.0542 	DATA 	TR 391 | TR1 196 | TR2 195
610.6207 	DATA 	Keypress: 5
610.6208 	DATA 	TR 392 | TR1 196 | TR2 196
610.8040 	DATA 	Target presented
611.6206 	DATA 	Keypress: 1
611.6207 	DATA 	Key1 pressed
611.6207 	DATA 	Target detected
612.1872 	DATA 	Keypress: 5
612.1873 	DATA 	TR 393 | TR1 197 | TR2 196
613.7370 	DATA 	Keypress: 5
613.7371 	DATA 	TR 394 | TR1 197 | TR2 197
615.2203 	DATA 	
615.2203 	DATA 	Trial complete
615.2203 	DATA 	Waiting for VASO trigger to start next trial
615.2203 	DATA 	
615.3036 	DATA 	Keypress: 5
615.3037 	DATA 	Waited 0.08331084251403809 seconds for trigger
615.3044 	DATA 	
615.3044 	DATA 	Trial 16
615.3044 	DATA 	stimDur = 1.0
615.3044 	DATA 	jitter = 1.5705
615.3044 	DATA 	restDur = 20.0

615.3045 	DATA 	
615.3045 	DATA 	TR 395 | TR1 198 | TR2 197
616.8534 	DATA 	Keypress: 5
616.8535 	DATA 	TR 396 | TR1 198 | TR2 198
616.8867 	DATA 	
616.8867 	DATA 	stimulation started
616.8867 	DATA 	
617.8867 	DATA 	
617.8867 	DATA 	stimulation stopped
617.8867 	DATA 	
618.4366 	DATA 	Keypress: 5
618.4367 	DATA 	TR 397 | TR1 199 | TR2 198
619.9865 	DATA 	Keypress: 5
619.9865 	DATA 	TR 398 | TR1 199 | TR2 199
621.5530 	DATA 	Keypress: 5
621.5531 	DATA 	TR 399 | TR1 200 | TR2 199
623.1028 	DATA 	Keypress: 5
623.1029 	DATA 	TR 400 | TR1 200 | TR2 200
624.6861 	DATA 	Keypress: 5
624.6861 	DATA 	TR 401 | TR1 201 | TR2 200
626.2359 	DATA 	Keypress: 5
626.2360 	DATA 	TR 402 | TR1 201 | TR2 201
627.8025 	DATA 	Keypress: 5
627.8025 	DATA 	TR 403 | TR1 202 | TR2 201
629.3523 	DATA 	Keypress: 5
629.3523 	DATA 	TR 404 | TR1 202 | TR2 202
630.9188 	DATA 	Keypress: 5
630.9189 	DATA 	TR 405 | TR1 203 | TR2 202
632.4692 	DATA 	Keypress: 5
632.4853 	DATA 	TR 406 | TR1 203 | TR2 203
634.0519 	DATA 	Keypress: 5
634.0519 	DATA 	TR 407 | TR1 204 | TR2 203
635.6016 	DATA 	Keypress: 5
635.6016 	DATA 	TR 408 | TR1 204 | TR2 204
636.0017 	DATA 	Keypress: 1
636.0017 	DATA 	Key1 pressed
637.1684 	DATA 	Keypress: 5
637.1685 	DATA 	TR 409 | TR1 205 | TR2 204
637.8848 	DATA 	
637.8848 	DATA 	Trial complete
637.8848 	DATA 	Waiting for VASO trigger to start next trial
637.8848 	DATA 	
638.7181 	DATA 	Keypress: 5
638.7181 	DATA 	TR 410 | TR1 205 | TR2 205
638.9015 	DATA 	Keypress: 1
638.9016 	DATA 	Key1 pressed
640.3013 	DATA 	Keypress: 5
640.3014 	DATA 	Waited 2.416550874710083 seconds for trigger
640.3021 	DATA 	
640.3021 	DATA 	Trial 17
640.3021 	DATA 	stimDur = 1.0
640.3021 	DATA 	jitter = 0.0
640.3021 	DATA 	restDur = 20.0

640.3021 	DATA 	
640.3022 	DATA 	TR 411 | TR1 206 | TR2 205
640.3022 	DATA 	
640.3022 	DATA 	stimulation started
640.3022 	DATA 	
641.3179 	DATA 	
641.3179 	DATA 	stimulation stopped
641.3179 	DATA 	
641.8511 	DATA 	Keypress: 5
641.8512 	DATA 	TR 412 | TR1 206 | TR2 206
643.4177 	DATA 	Keypress: 5
643.4178 	DATA 	TR 413 | TR1 207 | TR2 206
644.2342 	DATA 	Keypress: 1
644.2343 	DATA 	Key1 pressed
644.9675 	DATA 	Keypress: 5
644.9676 	DATA 	TR 414 | TR1 207 | TR2 207
645.5841 	DATA 	Keypress: 1
645.5842 	DATA 	Key1 pressed
646.5341 	DATA 	Keypress: 5
646.5342 	DATA 	TR 415 | TR1 208 | TR2 207
647.3840 	DATA 	Keypress: 1
647.3840 	DATA 	Key1 pressed
648.1006 	DATA 	Keypress: 5
648.1006 	DATA 	TR 416 | TR1 208 | TR2 208
649.6671 	DATA 	Keypress: 5
649.6672 	DATA 	TR 417 | TR1 209 | TR2 208
650.5003 	DATA 	Keypress: 1
650.5004 	DATA 	Key1 pressed
651.2169 	DATA 	Keypress: 5
651.2170 	DATA 	TR 418 | TR1 209 | TR2 209
652.7835 	DATA 	Keypress: 5
652.7835 	DATA 	TR 419 | TR1 210 | TR2 209
654.3335 	DATA 	Keypress: 5
654.3335 	DATA 	TR 420 | TR1 210 | TR2 210
655.9165 	DATA 	Keypress: 5
655.9166 	DATA 	TR 421 | TR1 211 | TR2 210
657.0331 	DATA 	Keypress: 1
657.0331 	DATA 	Key1 pressed
657.4664 	DATA 	Keypress: 5
657.4664 	DATA 	TR 422 | TR1 211 | TR2 211
658.0163 	DATA 	Keypress: 1
658.0164 	DATA 	Key1 pressed
659.0329 	DATA 	Keypress: 5
659.0330 	DATA 	TR 423 | TR1 212 | TR2 211
660.5827 	DATA 	Keypress: 5
660.5828 	DATA 	TR 424 | TR1 212 | TR2 212
661.3161 	DATA 	
661.3161 	DATA 	Trial complete
661.3161 	DATA 	Waiting for VASO trigger to start next trial
661.3161 	DATA 	
661.9161 	DATA 	Target presented
662.1660 	DATA 	Keypress: 5
662.1660 	DATA 	Waited 0.8498749732971191 seconds for trigger
662.1668 	DATA 	
662.1668 	DATA 	Trial 18
662.1668 	DATA 	stimDur = 12.0
662.1668 	DATA 	jitter = 2.35575
662.1668 	DATA 	restDur = 30.0

662.1668 	DATA 	
662.1668 	DATA 	TR 425 | TR1 213 | TR2 212
662.3992 	DATA 	Keypress: 1
662.3993 	DATA 	Key1 pressed
662.3993 	DATA 	Target detected
663.7159 	DATA 	Keypress: 5
663.7160 	DATA 	TR 426 | TR1 213 | TR2 213
664.5324 	DATA 	
664.5324 	DATA 	stimulation started
664.5324 	DATA 	
665.2824 	DATA 	Keypress: 5
665.2824 	DATA 	TR 427 | TR1 214 | TR2 213
666.8322 	DATA 	Keypress: 5
666.8322 	DATA 	TR 428 | TR1 214 | TR2 214
668.3990 	DATA 	Keypress: 5
668.3990 	DATA 	TR 429 | TR1 215 | TR2 214
669.9653 	DATA 	Keypress: 5
669.9653 	DATA 	TR 430 | TR1 215 | TR2 215
671.5318 	DATA 	Keypress: 5
671.5319 	DATA 	TR 431 | TR1 216 | TR2 215
673.0817 	DATA 	Keypress: 5
673.0817 	DATA 	TR 432 | TR1 216 | TR2 216
674.6482 	DATA 	Keypress: 5
674.6483 	DATA 	TR 433 | TR1 217 | TR2 216
676.1980 	DATA 	Keypress: 5
676.1981 	DATA 	TR 434 | TR1 217 | TR2 217
676.5315 	DATA 	
676.5315 	DATA 	stimulation stopped
676.5315 	DATA 	
677.7812 	DATA 	Keypress: 5
677.7813 	DATA 	TR 435 | TR1 218 | TR2 217
679.3310 	DATA 	Keypress: 5
679.3311 	DATA 	TR 436 | TR1 218 | TR2 218
680.8976 	DATA 	Keypress: 5
680.8976 	DATA 	TR 437 | TR1 219 | TR2 218
682.4474 	DATA 	Keypress: 5
682.4475 	DATA 	TR 438 | TR1 219 | TR2 219
684.0146 	DATA 	Keypress: 5
684.0306 	DATA 	TR 439 | TR1 220 | TR2 219
685.5805 	DATA 	Keypress: 5
685.5805 	DATA 	TR 440 | TR1 220 | TR2 220
687.1470 	DATA 	Keypress: 5
687.1470 	DATA 	TR 441 | TR1 221 | TR2 220
688.6968 	DATA 	Keypress: 5
688.6969 	DATA 	TR 442 | TR1 221 | TR2 221
690.2634 	DATA 	Keypress: 5
690.2634 	DATA 	TR 443 | TR1 222 | TR2 221
691.8132 	DATA 	Keypress: 5
691.8132 	DATA 	TR 444 | TR1 222 | TR2 222
693.3964 	DATA 	Keypress: 5
693.3965 	DATA 	TR 445 | TR1 223 | TR2 222
694.9464 	DATA 	Keypress: 5
694.9464 	DATA 	TR 446 | TR1 223 | TR2 223
696.5128 	DATA 	Keypress: 5
696.5128 	DATA 	TR 447 | TR1 224 | TR2 223
698.0627 	DATA 	Keypress: 5
698.0627 	DATA 	TR 448 | TR1 224 | TR2 224
699.6458 	DATA 	Keypress: 5
699.6459 	DATA 	TR 449 | TR1 225 | TR2 224
701.1958 	DATA 	Keypress: 5
701.1958 	DATA 	TR 450 | TR1 225 | TR2 225
702.7622 	DATA 	Keypress: 5
702.7623 	DATA 	TR 451 | TR1 226 | TR2 225
704.3122 	DATA 	Keypress: 5
704.3123 	DATA 	TR 452 | TR1 226 | TR2 226
705.8786 	DATA 	Keypress: 5
705.8787 	DATA 	TR 453 | TR1 227 | TR2 226
706.5285 	DATA 	
706.5285 	DATA 	Trial complete
706.5285 	DATA 	Waiting for VASO trigger to start next trial
706.5285 	DATA 	
707.4291 	DATA 	Keypress: 5
707.4452 	DATA 	TR 454 | TR1 227 | TR2 227
709.0116 	DATA 	Keypress: 5
709.0117 	DATA 	Waited 2.483138084411621 seconds for trigger
709.0125 	DATA 	
709.0125 	DATA 	Trial 19
709.0125 	DATA 	stimDur = 1.0
709.0125 	DATA 	jitter = 0.78525
709.0125 	DATA 	restDur = 20.0

709.0125 	DATA 	
709.0125 	DATA 	TR 455 | TR1 228 | TR2 227
709.8115 	DATA 	
709.8116 	DATA 	stimulation started
709.8116 	DATA 	
710.5616 	DATA 	Keypress: 5
710.5616 	DATA 	TR 456 | TR1 228 | TR2 228
710.8115 	DATA 	
710.8115 	DATA 	stimulation stopped
710.8115 	DATA 	
712.1280 	DATA 	Keypress: 5
712.1281 	DATA 	TR 457 | TR1 229 | TR2 228
713.6779 	DATA 	Keypress: 5
713.6780 	DATA 	TR 458 | TR1 229 | TR2 229
715.2611 	DATA 	Keypress: 5
715.2611 	DATA 	TR 459 | TR1 230 | TR2 229
716.8110 	DATA 	Keypress: 5
716.8110 	DATA 	TR 460 | TR1 230 | TR2 230
718.3776 	DATA 	Keypress: 5
718.3776 	DATA 	TR 461 | TR1 231 | TR2 230
719.9273 	DATA 	Keypress: 5
719.9274 	DATA 	TR 462 | TR1 231 | TR2 231
721.5105 	DATA 	Keypress: 5
721.5106 	DATA 	TR 463 | TR1 232 | TR2 231
723.0604 	DATA 	Keypress: 5
723.0604 	DATA 	TR 464 | TR1 232 | TR2 232
724.6269 	DATA 	Keypress: 5
724.6269 	DATA 	TR 465 | TR1 233 | TR2 232
726.1768 	DATA 	Keypress: 5
726.1768 	DATA 	TR 466 | TR1 233 | TR2 233
727.7433 	DATA 	Keypress: 5
727.7433 	DATA 	TR 467 | TR1 234 | TR2 233
729.2933 	DATA 	Keypress: 5
729.2934 	DATA 	TR 468 | TR1 234 | TR2 234
730.8096 	DATA 	
730.8096 	DATA 	Trial complete
730.8096 	DATA 	
730.8763 	DATA 	Keypress: 5
730.8764 	DATA 	Waited 24.347815990447998 seconds for trigger
730.8771 	DATA 	
730.8771 	DATA 	Trial 20
730.8771 	DATA 	stimDur = 24.0
730.8771 	DATA 	jitter = 0.78525
730.8772 	DATA 	restDur = 40.0

730.8772 	DATA 	
730.8772 	DATA 	TR 469 | TR1 235 | TR2 234
731.6762 	DATA 	
731.6762 	DATA 	stimulation started
731.6762 	DATA 	
732.3596 	DATA 	Target presented
732.4263 	DATA 	Keypress: 5
732.4263 	DATA 	TR 470 | TR1 235 | TR2 235
732.7269 	DATA 	Keypress: 1
732.7428 	DATA 	Key1 pressed
732.7428 	DATA 	Target detected
733.9929 	DATA 	Keypress: 5
733.9929 	DATA 	TR 471 | TR1 236 | TR2 235
735.5426 	DATA 	Keypress: 5
735.5427 	DATA 	TR 472 | TR1 236 | TR2 236
737.1258 	DATA 	Keypress: 5
737.1258 	DATA 	TR 473 | TR1 237 | TR2 236
738.6757 	DATA 	Keypress: 5
738.6757 	DATA 	TR 474 | TR1 237 | TR2 237
740.2422 	DATA 	Keypress: 5
740.2422 	DATA 	TR 475 | TR1 238 | TR2 237
741.7921 	DATA 	Keypress: 5
741.7921 	DATA 	TR 476 | TR1 238 | TR2 238
743.3593 	DATA 	Keypress: 5
743.3752 	DATA 	TR 477 | TR1 239 | TR2 238
744.9251 	DATA 	Keypress: 5
744.9252 	DATA 	TR 478 | TR1 239 | TR2 239
746.4916 	DATA 	Keypress: 5
746.4916 	DATA 	TR 479 | TR1 240 | TR2 239
748.0416 	DATA 	Keypress: 5
748.0417 	DATA 	TR 480 | TR1 240 | TR2 240
749.6080 	DATA 	Keypress: 5
749.6080 	DATA 	TR 481 | TR1 241 | TR2 240
751.1580 	DATA 	Keypress: 5
751.1580 	DATA 	TR 482 | TR1 241 | TR2 241
752.7410 	DATA 	Keypress: 5
752.7411 	DATA 	TR 483 | TR1 242 | TR2 241
754.2909 	DATA 	Keypress: 5
754.2910 	DATA 	TR 484 | TR1 242 | TR2 242
755.6741 	DATA 	
755.6741 	DATA 	stimulation stopped
755.6741 	DATA 	
755.8573 	DATA 	Keypress: 5
755.8574 	DATA 	TR 485 | TR1 243 | TR2 242
757.4069 	DATA 	Keypress: 5
757.4069 	DATA 	TR 486 | TR1 243 | TR2 243
758.9904 	DATA 	Keypress: 5
758.9904 	DATA 	TR 487 | TR1 244 | TR2 243
760.5403 	DATA 	Keypress: 5
760.5403 	DATA 	TR 488 | TR1 244 | TR2 244
762.1068 	DATA 	Keypress: 5
762.1068 	DATA 	TR 489 | TR1 245 | TR2 244
763.6566 	DATA 	Keypress: 5
763.6567 	DATA 	TR 490 | TR1 245 | TR2 245
765.2231 	DATA 	Keypress: 5
765.2232 	DATA 	TR 491 | TR1 246 | TR2 245
766.7736 	DATA 	Keypress: 5
766.7896 	DATA 	TR 492 | TR1 246 | TR2 246
768.3562 	DATA 	Keypress: 5
768.3563 	DATA 	TR 493 | TR1 247 | TR2 246
769.9061 	DATA 	Keypress: 5
769.9061 	DATA 	TR 494 | TR1 247 | TR2 247
771.4726 	DATA 	Keypress: 5
771.4726 	DATA 	TR 495 | TR1 248 | TR2 247
773.0225 	DATA 	Keypress: 5
773.0225 	DATA 	TR 496 | TR1 248 | TR2 248
774.6058 	DATA 	Keypress: 5
774.6058 	DATA 	TR 497 | TR1 249 | TR2 248
776.1555 	DATA 	Keypress: 5
776.1556 	DATA 	TR 498 | TR1 249 | TR2 249
777.7220 	DATA 	Keypress: 5
777.7221 	DATA 	TR 499 | TR1 250 | TR2 249
779.2718 	DATA 	Keypress: 5
779.2718 	DATA 	TR 500 | TR1 250 | TR2 250
780.8386 	DATA 	Keypress: 5
780.8386 	DATA 	TR 501 | TR1 251 | TR2 250
782.4049 	DATA 	Keypress: 5
782.4050 	DATA 	TR 502 | TR1 251 | TR2 251
783.9715 	DATA 	Keypress: 5
783.9715 	DATA 	TR 503 | TR1 252 | TR2 251
785.5213 	DATA 	Keypress: 5
785.5214 	DATA 	TR 504 | TR1 252 | TR2 252
787.0878 	DATA 	Keypress: 5
787.0879 	DATA 	TR 505 | TR1 253 | TR2 252
788.6377 	DATA 	Keypress: 5
788.6378 	DATA 	TR 506 | TR1 253 | TR2 253
790.2208 	DATA 	Keypress: 5
790.2209 	DATA 	TR 507 | TR1 254 | TR2 253
791.7707 	DATA 	Keypress: 5
791.7708 	DATA 	TR 508 | TR1 254 | TR2 254
793.3372 	DATA 	Keypress: 5
793.3373 	DATA 	TR 509 | TR1 255 | TR2 254
794.8872 	DATA 	Keypress: 5
794.8873 	DATA 	TR 510 | TR1 255 | TR2 255
795.6703 	DATA 	
795.6703 	DATA 	Trial complete
795.6703 	DATA 	
796.4703 	DATA 	Keypress: 5
796.4703 	DATA 	TR 511 | TR1 256 | TR2 255
798.0203 	DATA 	Keypress: 5
798.0203 	DATA 	TR 512 | TR1 256 | TR2 256
799.5867 	DATA 	Keypress: 5
799.5867 	DATA 	TR 513 | TR1 257 | TR2 256
801.1367 	DATA 	Keypress: 5
801.1368 	DATA 	TR 514 | TR1 257 | TR2 257
802.7031 	DATA 	Keypress: 5
802.7031 	DATA 	TR 515 | TR1 258 | TR2 257
804.2535 	DATA 	Keypress: 5
804.2695 	DATA 	TR 516 | TR1 258 | TR2 258
805.8362 	DATA 	Keypress: 5
805.8363 	DATA 	TR 517 | TR1 259 | TR2 258
807.3860 	DATA 	Keypress: 5
807.3860 	DATA 	TR 518 | TR1 259 | TR2 259
808.9525 	DATA 	Keypress: 5
808.9525 	DATA 	TR 519 | TR1 260 | TR2 259
810.5024 	DATA 	Keypress: 5
810.5024 	DATA 	TR 520 | TR1 260 | TR2 260
812.0856 	DATA 	Keypress: 5
812.0857 	DATA 	TR 521 | TR1 261 | TR2 260
813.6354 	DATA 	Keypress: 5
813.6355 	DATA 	TR 522 | TR1 261 | TR2 261
815.2017 	DATA 	Keypress: 5
815.2018 	DATA 	TR 523 | TR1 262 | TR2 261
816.7518 	DATA 	Keypress: 5
816.7518 	DATA 	TR 524 | TR1 262 | TR2 262
818.3189 	DATA 	Keypress: 5
818.3349 	DATA 	TR 525 | TR1 263 | TR2 262
819.8848 	DATA 	Keypress: 5
819.8849 	DATA 	TR 526 | TR1 263 | TR2 263
820.7514 	DATA 	EndOfRun sub-07_ses-02_run-06

820.7514 	DATA 	We spent 50.187453746795654 seconds waiting for triggers
820.7514 	DATA 	RatioOfDetectedTargets 1.0
820.7514 	DATA 	You have detected 12 out of 12 targets.
825.5737 	DATA 	Keypress: 5
825.5738 	DATA 	Keypress: 5
825.7812 	EXP 	window1: mouseVisible = True
