MonitorDistance=99cm
MonitorWidth=30cm
PixelWidth=1024.0
PixelHeight=768.0
You have detected 9 out of 12 targets.
Please try to focus more
7.2722 	INFO 	Loaded monitor calibration from ['2021_05_26 17:55']
7.7600 	EXP 	Created window1 = Window(allowGUI=False, allowStencil=False, autoLog=True, backendConf=UNKNOWN, bitsMode=UNKNOWN, blendMode='avg', bpc=(8, 8, 8), color=array([-0.5, -0.5, -0.5]), colorSpace='rgb', depthBits=8, fullscr=<method-wrapper '__getattribute__' of attributeSetter object at 0x7fb3a4731400>, gamma=None, gammaErrorPolicy='raise', lms=UNKNOWN, monitor=<psychopy.monitors.calibTools.Monitor object at 0x7fb39a589048>, multiSample=False, name='window1', numSamples=2, pos=[0.0, 0.0], screen=0, size=array([1024,  768]), stencilBits=0, stereo=False, units='deg', useFBO=False, useRetina=False, viewOri=0.0, viewPos=None, viewScale=None, waitBlanking=True, winType='pyglet')
7.7600 	EXP 	window1: mouseVisible = True
7.8270 	EXP 	Created unnamed TextStim = TextStim(__class__=<class 'psychopy.visual.text.TextStim'>, alignHoriz=method-wrapper(...), alignText='center', alignVert=method-wrapper(...), anchorHoriz='center', anchorVert='center', antialias=True, autoLog=True, bold=False, color=array([1., 1., 1.]), colorSpace='rgb', contrast=1.0, depth=0, flipHoriz=False, flipVert=False, font='', fontFiles=[], height=0.5, italic=False, languageStyle='LTR', name='unnamed TextStim', opacity=1.0, ori=0.0, pos=array([0., 0.]), rgb=UNKNOWN, text=str(...), units='deg', win=Window(...), wrapWidth=15.0)
7.8569 	EXP 	Created Movie Frame 0 = ImageStim(__class__=<class 'psychopy.visual.image.ImageStim'>, autoLog=True, color=array([0.8, 0.8, 0.8]), colorSpace='rgb', contrast=0.8, depth=0, flipHoriz=False, flipVert=False, image='visual_0.png', interpolate=False, mask=None, maskParams=None, name='Movie Frame 0', opacity=1, ori=0.0, pos=array([0., 0.]), size=array([1024,  768]), texRes=128, units='pix', win=Window(...))
7.8812 	EXP 	Created Movie Frame 1 = ImageStim(__class__=<class 'psychopy.visual.image.ImageStim'>, autoLog=True, color=array([0.8, 0.8, 0.8]), colorSpace='rgb', contrast=0.8, depth=0, flipHoriz=False, flipVert=False, image='visual_1.png', interpolate=False, mask=None, maskParams=None, name='Movie Frame 1', opacity=1, ori=0.0, pos=array([0., 0.]), size=array([1024,  768]), texRes=128, units='pix', win=Window(...))
193.5529 	DATA 	Keypress: 5
0.0000 	DATA 	StartOfRun sub-07_ses-02_run-02
0.0000 	DATA 	TR 1 | TR1 1 | TR2 0
0.0189 	DATA 	Initial baseline

1.5510 	DATA 	Keypress: 5
1.5510 	DATA 	TR 2 | TR1 1 | TR2 1
3.1221 	DATA 	Keypress: 5
3.1222 	DATA 	TR 3 | TR1 2 | TR2 1
4.6742 	DATA 	Keypress: 5
4.6742 	DATA 	TR 4 | TR1 2 | TR2 2
6.2455 	DATA 	Keypress: 5
6.2456 	DATA 	TR 5 | TR1 3 | TR2 2
7.7977 	DATA 	Keypress: 5
7.7977 	DATA 	TR 6 | TR1 3 | TR2 3
9.3689 	DATA 	Keypress: 5
9.3689 	DATA 	TR 7 | TR1 4 | TR2 3
10.9211 	DATA 	Keypress: 5
10.9211 	DATA 	TR 8 | TR1 4 | TR2 4
12.4923 	DATA 	Keypress: 5
12.4924 	DATA 	TR 9 | TR1 5 | TR2 4
14.0445 	DATA 	Keypress: 5
14.0445 	DATA 	TR 10 | TR1 5 | TR2 5
15.6157 	DATA 	Keypress: 5
15.6157 	DATA 	TR 11 | TR1 6 | TR2 5
17.1679 	DATA 	Keypress: 5
17.1679 	DATA 	TR 12 | TR1 6 | TR2 6
18.7391 	DATA 	Keypress: 5
18.7391 	DATA 	TR 13 | TR1 7 | TR2 6
20.2902 	DATA 	Keypress: 5
20.2903 	DATA 	TR 14 | TR1 7 | TR2 7
21.8623 	DATA 	Keypress: 5
21.8623 	DATA 	TR 15 | TR1 8 | TR2 7
23.4136 	DATA 	Keypress: 5
23.4136 	DATA 	TR 16 | TR1 8 | TR2 8
24.9859 	DATA 	Keypress: 5
24.9860 	DATA 	TR 17 | TR1 9 | TR2 8
26.5370 	DATA 	Keypress: 5
26.5370 	DATA 	TR 18 | TR1 9 | TR2 9
28.1092 	DATA 	Keypress: 5
28.1092 	DATA 	TR 19 | TR1 10 | TR2 9
29.6605 	DATA 	Keypress: 5
29.6605 	DATA 	TR 20 | TR1 10 | TR2 10
31.2333 	DATA 	Keypress: 5
31.2334 	DATA 	Waited 1.23335599899292 seconds for trigger
31.2348 	DATA 	
31.2348 	DATA 	Trial 1
31.2348 	DATA 	stimDur = 24.0
31.2348 	DATA 	jitter = 2.35575
31.2348 	DATA 	restDur = 40.0

31.2348 	DATA 	
31.2348 	DATA 	TR 21 | TR1 11 | TR2 10
32.7998 	DATA 	Keypress: 5
32.7999 	DATA 	TR 22 | TR1 11 | TR2 11
33.5997 	DATA 	
33.5997 	DATA 	stimulation started
33.5997 	DATA 	
34.3664 	DATA 	Keypress: 5
34.3664 	DATA 	TR 23 | TR1 12 | TR2 11
35.9163 	DATA 	Keypress: 5
35.9164 	DATA 	TR 24 | TR1 12 | TR2 12
37.4828 	DATA 	Keypress: 5
37.4828 	DATA 	TR 25 | TR1 13 | TR2 12
39.0326 	DATA 	Keypress: 5
39.0327 	DATA 	TR 26 | TR1 13 | TR2 13
40.6158 	DATA 	Keypress: 5
40.6158 	DATA 	TR 27 | TR1 14 | TR2 13
42.1657 	DATA 	Keypress: 5
42.1658 	DATA 	TR 28 | TR1 14 | TR2 14
43.7322 	DATA 	Keypress: 5
43.7322 	DATA 	TR 29 | TR1 15 | TR2 14
45.2821 	DATA 	Keypress: 5
45.2821 	DATA 	TR 30 | TR1 15 | TR2 15
46.8652 	DATA 	Keypress: 5
46.8653 	DATA 	TR 31 | TR1 16 | TR2 15
48.4153 	DATA 	Keypress: 5
48.4153 	DATA 	TR 32 | TR1 16 | TR2 16
49.9816 	DATA 	Keypress: 5
49.9817 	DATA 	TR 33 | TR1 17 | TR2 16
51.5315 	DATA 	Keypress: 5
51.5315 	DATA 	TR 34 | TR1 17 | TR2 17
53.0980 	DATA 	Keypress: 5
53.0980 	DATA 	TR 35 | TR1 18 | TR2 17
54.6479 	DATA 	Keypress: 5
54.6479 	DATA 	TR 36 | TR1 18 | TR2 18
56.2310 	DATA 	Keypress: 5
56.2311 	DATA 	TR 37 | TR1 19 | TR2 18
57.5975 	DATA 	
57.5976 	DATA 	stimulation stopped
57.5976 	DATA 	
57.7809 	DATA 	Keypress: 5
57.7809 	DATA 	TR 38 | TR1 19 | TR2 19
59.3473 	DATA 	Keypress: 5
59.3474 	DATA 	TR 39 | TR1 20 | TR2 19
60.8973 	DATA 	Keypress: 5
60.8973 	DATA 	TR 40 | TR1 20 | TR2 20
62.4804 	DATA 	Keypress: 5
62.4804 	DATA 	TR 41 | TR1 21 | TR2 20
64.0303 	DATA 	Keypress: 5
64.0303 	DATA 	TR 42 | TR1 21 | TR2 21
65.5968 	DATA 	Keypress: 5
65.5968 	DATA 	TR 43 | TR1 22 | TR2 21
67.1467 	DATA 	Keypress: 5
67.1467 	DATA 	TR 44 | TR1 22 | TR2 22
68.7138 	DATA 	Keypress: 5
68.7298 	DATA 	TR 45 | TR1 23 | TR2 22
70.2797 	DATA 	Keypress: 5
70.2797 	DATA 	TR 46 | TR1 23 | TR2 23
71.8462 	DATA 	Keypress: 5
71.8463 	DATA 	TR 47 | TR1 24 | TR2 23
73.3961 	DATA 	Keypress: 5
73.3961 	DATA 	TR 48 | TR1 24 | TR2 24
74.9626 	DATA 	Keypress: 5
74.9627 	DATA 	TR 49 | TR1 25 | TR2 24
76.5124 	DATA 	Keypress: 5
76.5125 	DATA 	TR 50 | TR1 25 | TR2 25
76.9791 	DATA 	Target presented
77.7120 	DATA 	Keypress: 1
77.7121 	DATA 	Key1 pressed
77.7121 	DATA 	Target detected
78.0956 	DATA 	Keypress: 5
78.0957 	DATA 	TR 51 | TR1 26 | TR2 25
79.6455 	DATA 	Keypress: 5
79.6455 	DATA 	TR 52 | TR1 26 | TR2 26
81.2120 	DATA 	Keypress: 5
81.2121 	DATA 	TR 53 | TR1 27 | TR2 26
82.7619 	DATA 	Keypress: 5
82.7619 	DATA 	TR 54 | TR1 27 | TR2 27
84.3451 	DATA 	Keypress: 5
84.3452 	DATA 	TR 55 | TR1 28 | TR2 27
85.8947 	DATA 	Keypress: 5
85.8948 	DATA 	TR 56 | TR1 28 | TR2 28
87.4614 	DATA 	Keypress: 5
87.4615 	DATA 	TR 57 | TR1 29 | TR2 28
89.0115 	DATA 	Keypress: 5
89.0115 	DATA 	TR 58 | TR1 29 | TR2 29
90.5778 	DATA 	Keypress: 5
90.5779 	DATA 	TR 59 | TR1 30 | TR2 29
92.1282 	DATA 	Keypress: 5
92.1443 	DATA 	TR 60 | TR1 30 | TR2 30
93.7110 	DATA 	Keypress: 5
93.7110 	DATA 	TR 61 | TR1 31 | TR2 30
95.2607 	DATA 	Keypress: 5
95.2608 	DATA 	TR 62 | TR1 31 | TR2 31
96.8272 	DATA 	Keypress: 5
96.8273 	DATA 	TR 63 | TR1 32 | TR2 31
97.5938 	DATA 	
97.5938 	DATA 	Trial complete
97.5938 	DATA 	Waiting for VASO trigger to start next trial
97.5938 	DATA 	
98.3771 	DATA 	Keypress: 5
98.3771 	DATA 	TR 64 | TR1 32 | TR2 32
99.9603 	DATA 	Keypress: 5
99.9603 	DATA 	Waited 2.3665249347686768 seconds for trigger
99.9611 	DATA 	
99.9611 	DATA 	Trial 2
99.9611 	DATA 	stimDur = 12.0
99.9611 	DATA 	jitter = 0.0
99.9611 	DATA 	restDur = 30.0

99.9611 	DATA 	
99.9612 	DATA 	TR 65 | TR1 33 | TR2 32
99.9612 	DATA 	
99.9612 	DATA 	stimulation started
99.9612 	DATA 	
101.5102 	DATA 	Keypress: 5
101.5102 	DATA 	TR 66 | TR1 33 | TR2 33
103.0768 	DATA 	Keypress: 5
103.0768 	DATA 	TR 67 | TR1 34 | TR2 33
104.6265 	DATA 	Keypress: 5
104.6266 	DATA 	TR 68 | TR1 34 | TR2 34
106.1938 	DATA 	Keypress: 5
106.2097 	DATA 	TR 69 | TR1 35 | TR2 34
107.7597 	DATA 	Keypress: 5
107.7598 	DATA 	TR 70 | TR1 35 | TR2 35
109.3262 	DATA 	Keypress: 5
109.3262 	DATA 	TR 71 | TR1 36 | TR2 35
110.8760 	DATA 	Keypress: 5
110.8760 	DATA 	TR 72 | TR1 36 | TR2 36
111.9758 	DATA 	
111.9758 	DATA 	stimulation stopped
111.9758 	DATA 	
112.4425 	DATA 	Keypress: 5
112.4425 	DATA 	TR 73 | TR1 37 | TR2 36
113.9923 	DATA 	Keypress: 5
113.9923 	DATA 	TR 74 | TR1 37 | TR2 37
115.5756 	DATA 	Keypress: 5
115.5757 	DATA 	TR 75 | TR1 38 | TR2 37
117.1254 	DATA 	Keypress: 5
117.1254 	DATA 	TR 76 | TR1 38 | TR2 38
118.6919 	DATA 	Keypress: 5
118.6919 	DATA 	TR 77 | TR1 39 | TR2 38
120.2417 	DATA 	Keypress: 5
120.2418 	DATA 	TR 78 | TR1 39 | TR2 39
121.8249 	DATA 	Keypress: 5
121.8250 	DATA 	TR 79 | TR1 40 | TR2 39
123.3748 	DATA 	Keypress: 5
123.3748 	DATA 	TR 80 | TR1 40 | TR2 40
124.9413 	DATA 	Keypress: 5
124.9414 	DATA 	TR 81 | TR1 41 | TR2 40
126.4913 	DATA 	Keypress: 5
126.4913 	DATA 	TR 82 | TR1 41 | TR2 41
128.0577 	DATA 	Keypress: 5
128.0577 	DATA 	TR 83 | TR1 42 | TR2 41
129.6242 	DATA 	Keypress: 5
129.6242 	DATA 	TR 84 | TR1 42 | TR2 42
131.1907 	DATA 	Keypress: 5
131.1908 	DATA 	TR 85 | TR1 43 | TR2 42
132.7406 	DATA 	Keypress: 5
132.7406 	DATA 	TR 86 | TR1 43 | TR2 43
134.3071 	DATA 	Keypress: 5
134.3072 	DATA 	TR 87 | TR1 44 | TR2 43
135.8569 	DATA 	Keypress: 5
135.8570 	DATA 	TR 88 | TR1 44 | TR2 44
137.4402 	DATA 	Keypress: 5
137.4402 	DATA 	TR 89 | TR1 45 | TR2 44
138.9900 	DATA 	Keypress: 5
138.9900 	DATA 	TR 90 | TR1 45 | TR2 45
140.5565 	DATA 	Keypress: 5
140.5566 	DATA 	TR 91 | TR1 46 | TR2 45
141.9730 	DATA 	
141.9730 	DATA 	Trial complete
141.9731 	DATA 	Waiting for VASO trigger to start next trial
141.9731 	DATA 	
142.1063 	DATA 	Keypress: 5
142.1064 	DATA 	TR 92 | TR1 46 | TR2 46
143.6735 	DATA 	Keypress: 5
143.6895 	DATA 	Waited 1.7164499759674072 seconds for trigger
143.6903 	DATA 	
143.6903 	DATA 	Trial 3
143.6903 	DATA 	stimDur = 24.0
143.6903 	DATA 	jitter = 1.5705
143.6903 	DATA 	restDur = 40.0

143.6903 	DATA 	
143.6903 	DATA 	TR 93 | TR1 47 | TR2 46
145.2394 	DATA 	Keypress: 5
145.2394 	DATA 	TR 94 | TR1 47 | TR2 47
145.2727 	DATA 	
145.2727 	DATA 	stimulation started
145.2727 	DATA 	
146.8060 	DATA 	Keypress: 5
146.8061 	DATA 	TR 95 | TR1 48 | TR2 47
148.3558 	DATA 	Keypress: 5
148.3559 	DATA 	TR 96 | TR1 48 | TR2 48
149.5557 	DATA 	Target presented
149.9224 	DATA 	Keypress: 5
149.9224 	DATA 	TR 97 | TR1 49 | TR2 48
150.0224 	DATA 	Keypress: 1
150.0224 	DATA 	Key1 pressed
150.0224 	DATA 	Target detected
151.4722 	DATA 	Keypress: 5
151.4722 	DATA 	TR 98 | TR1 49 | TR2 49
153.0554 	DATA 	Keypress: 5
153.0555 	DATA 	TR 99 | TR1 50 | TR2 49
154.6053 	DATA 	Keypress: 5
154.6053 	DATA 	TR 100 | TR1 50 | TR2 50
156.1718 	DATA 	Keypress: 5
156.1719 	DATA 	TR 101 | TR1 51 | TR2 50
157.7217 	DATA 	Keypress: 5
157.7217 	DATA 	TR 102 | TR1 51 | TR2 51
159.3049 	DATA 	Keypress: 5
159.3049 	DATA 	TR 103 | TR1 52 | TR2 51
160.8547 	DATA 	Keypress: 5
160.8547 	DATA 	TR 104 | TR1 52 | TR2 52
162.4212 	DATA 	Keypress: 5
162.4213 	DATA 	TR 105 | TR1 53 | TR2 52
163.9712 	DATA 	Keypress: 5
163.9713 	DATA 	TR 106 | TR1 53 | TR2 53
165.5377 	DATA 	Keypress: 5
165.5377 	DATA 	TR 107 | TR1 54 | TR2 53
167.0882 	DATA 	Keypress: 5
167.1041 	DATA 	TR 108 | TR1 54 | TR2 54
168.6707 	DATA 	Keypress: 5
168.6707 	DATA 	TR 109 | TR1 55 | TR2 54
169.2706 	DATA 	
169.2706 	DATA 	stimulation stopped
169.2706 	DATA 	
170.2204 	DATA 	Keypress: 5
170.2205 	DATA 	TR 110 | TR1 55 | TR2 55
171.7870 	DATA 	Keypress: 5
171.7870 	DATA 	TR 111 | TR1 56 | TR2 55
173.3368 	DATA 	Keypress: 5
173.3369 	DATA 	TR 112 | TR1 56 | TR2 56
174.9200 	DATA 	Keypress: 5
174.9201 	DATA 	TR 113 | TR1 57 | TR2 56
176.4698 	DATA 	Keypress: 5
176.4699 	DATA 	TR 114 | TR1 57 | TR2 57
178.0364 	DATA 	Keypress: 5
178.0365 	DATA 	TR 115 | TR1 58 | TR2 57
179.5862 	DATA 	Keypress: 5
179.5862 	DATA 	TR 116 | TR1 58 | TR2 58
181.1694 	DATA 	Keypress: 5
181.1695 	DATA 	TR 117 | TR1 59 | TR2 58
182.7193 	DATA 	Keypress: 5
182.7193 	DATA 	TR 118 | TR1 59 | TR2 59
184.2858 	DATA 	Keypress: 5
184.2859 	DATA 	TR 119 | TR1 60 | TR2 59
185.8357 	DATA 	Keypress: 5
185.8357 	DATA 	TR 120 | TR1 60 | TR2 60
187.4022 	DATA 	Keypress: 5
187.4022 	DATA 	TR 121 | TR1 61 | TR2 60
188.9520 	DATA 	Keypress: 5
188.9521 	DATA 	TR 122 | TR1 61 | TR2 61
190.5352 	DATA 	Keypress: 5
190.5353 	DATA 	TR 123 | TR1 62 | TR2 61
192.0851 	DATA 	Keypress: 5
192.0851 	DATA 	TR 124 | TR1 62 | TR2 62
193.6516 	DATA 	Keypress: 5
193.6517 	DATA 	TR 125 | TR1 63 | TR2 62
195.2015 	DATA 	Keypress: 5
195.2015 	DATA 	TR 126 | TR1 63 | TR2 63
196.7847 	DATA 	Keypress: 5
196.7847 	DATA 	TR 127 | TR1 64 | TR2 63
198.3345 	DATA 	Keypress: 5
198.3346 	DATA 	TR 128 | TR1 64 | TR2 64
199.9011 	DATA 	Keypress: 5
199.9011 	DATA 	TR 129 | TR1 65 | TR2 64
201.4509 	DATA 	Keypress: 5
201.4509 	DATA 	TR 130 | TR1 65 | TR2 65
203.0180 	DATA 	Keypress: 5
203.0340 	DATA 	TR 131 | TR1 66 | TR2 65
204.5839 	DATA 	Keypress: 5
204.5840 	DATA 	TR 132 | TR1 66 | TR2 66
206.1504 	DATA 	Keypress: 5
206.1505 	DATA 	TR 133 | TR1 67 | TR2 66
207.7003 	DATA 	Keypress: 5
207.7003 	DATA 	TR 134 | TR1 67 | TR2 67
209.2669 	DATA 	Keypress: 5
209.2669 	DATA 	TR 135 | TR1 68 | TR2 67
209.2669 	DATA 	
209.2669 	DATA 	Trial complete
209.2669 	DATA 	Waiting for VASO trigger to start next trial
209.2669 	DATA 	
210.8167 	DATA 	Keypress: 5
210.8167 	DATA 	TR 136 | TR1 68 | TR2 68
212.3999 	DATA 	Keypress: 5
212.4000 	DATA 	Waited 3.133021116256714 seconds for trigger
212.4007 	DATA 	
212.4008 	DATA 	Trial 4
212.4008 	DATA 	stimDur = 1.0
212.4008 	DATA 	jitter = 2.35575
212.4008 	DATA 	restDur = 20.0

212.4008 	DATA 	
212.4008 	DATA 	TR 137 | TR1 69 | TR2 68
213.9497 	DATA 	Keypress: 5
213.9498 	DATA 	TR 138 | TR1 69 | TR2 69
214.7664 	DATA 	
214.7664 	DATA 	stimulation started
214.7664 	DATA 	
215.5163 	DATA 	Keypress: 5
215.5164 	DATA 	TR 139 | TR1 70 | TR2 69
215.7662 	DATA 	
215.7662 	DATA 	stimulation stopped
215.7662 	DATA 	
217.0661 	DATA 	Keypress: 5
217.0662 	DATA 	TR 140 | TR1 70 | TR2 70
218.4994 	DATA 	Target presented
218.6493 	DATA 	Keypress: 5
218.6494 	DATA 	TR 141 | TR1 71 | TR2 70
219.1826 	DATA 	Keypress: 1
219.1826 	DATA 	Key1 pressed
219.1826 	DATA 	Target detected
220.1991 	DATA 	Keypress: 5
220.1992 	DATA 	TR 142 | TR1 71 | TR2 71
221.7657 	DATA 	Keypress: 5
221.7658 	DATA 	TR 143 | TR1 72 | TR2 71
223.3155 	DATA 	Keypress: 5
223.3156 	DATA 	TR 144 | TR1 72 | TR2 72
224.8821 	DATA 	Keypress: 5
224.8821 	DATA 	TR 145 | TR1 73 | TR2 72
226.4325 	DATA 	Keypress: 5
226.4486 	DATA 	TR 146 | TR1 73 | TR2 73
228.0151 	DATA 	Keypress: 5
228.0152 	DATA 	TR 147 | TR1 74 | TR2 73
229.5649 	DATA 	Keypress: 5
229.5650 	DATA 	TR 148 | TR1 74 | TR2 74
231.1316 	DATA 	Keypress: 5
231.1316 	DATA 	TR 149 | TR1 75 | TR2 74
232.6814 	DATA 	Keypress: 5
232.6814 	DATA 	TR 150 | TR1 75 | TR2 75
234.2646 	DATA 	Keypress: 5
234.2646 	DATA 	TR 151 | TR1 76 | TR2 75
235.7644 	DATA 	
235.7644 	DATA 	Trial complete
235.7644 	DATA 	Waiting for VASO trigger to start next trial
235.7644 	DATA 	
235.8144 	DATA 	Keypress: 5
235.8144 	DATA 	TR 152 | TR1 76 | TR2 76
237.3809 	DATA 	Keypress: 5
237.3810 	DATA 	Waited 1.6165969371795654 seconds for trigger
237.3818 	DATA 	
237.3818 	DATA 	Trial 5
237.3818 	DATA 	stimDur = 12.0
237.3818 	DATA 	jitter = 0.78525
237.3818 	DATA 	restDur = 30.0

237.3818 	DATA 	
237.3818 	DATA 	TR 153 | TR1 77 | TR2 76
238.1808 	DATA 	
238.1808 	DATA 	stimulation started
238.1808 	DATA 	
238.9308 	DATA 	Keypress: 5
238.9309 	DATA 	TR 154 | TR1 77 | TR2 77
240.4973 	DATA 	Keypress: 5
240.4974 	DATA 	TR 155 | TR1 78 | TR2 77
242.0638 	DATA 	Keypress: 5
242.0639 	DATA 	TR 156 | TR1 78 | TR2 78
243.6304 	DATA 	Keypress: 5
243.6305 	DATA 	TR 157 | TR1 79 | TR2 78
245.1803 	DATA 	Keypress: 5
245.1803 	DATA 	TR 158 | TR1 79 | TR2 79
246.7468 	DATA 	Keypress: 5
246.7469 	DATA 	TR 159 | TR1 80 | TR2 79
248.2966 	DATA 	Keypress: 5
248.2967 	DATA 	TR 160 | TR1 80 | TR2 80
249.8798 	DATA 	Keypress: 5
249.8799 	DATA 	TR 161 | TR1 81 | TR2 80
250.1798 	DATA 	
250.1798 	DATA 	stimulation stopped
250.1798 	DATA 	
251.4296 	DATA 	Keypress: 5
251.4297 	DATA 	TR 162 | TR1 81 | TR2 81
252.9963 	DATA 	Keypress: 5
252.9964 	DATA 	TR 163 | TR1 82 | TR2 81
254.5460 	DATA 	Keypress: 5
254.5460 	DATA 	TR 164 | TR1 82 | TR2 82
256.1292 	DATA 	Keypress: 5
256.1292 	DATA 	TR 165 | TR1 83 | TR2 82
257.6790 	DATA 	Keypress: 5
257.6791 	DATA 	TR 166 | TR1 83 | TR2 83
259.2456 	DATA 	Keypress: 5
259.2456 	DATA 	TR 167 | TR1 84 | TR2 83
260.7954 	DATA 	Keypress: 5
260.7954 	DATA 	TR 168 | TR1 84 | TR2 84
262.3620 	DATA 	Keypress: 5
262.3620 	DATA 	TR 169 | TR1 85 | TR2 84
263.9285 	DATA 	Keypress: 5
263.9285 	DATA 	TR 170 | TR1 85 | TR2 85
265.4950 	DATA 	Keypress: 5
265.4950 	DATA 	TR 171 | TR1 86 | TR2 85
267.0448 	DATA 	Keypress: 5
267.0449 	DATA 	TR 172 | TR1 86 | TR2 86
268.6114 	DATA 	Keypress: 5
268.6114 	DATA 	TR 173 | TR1 87 | TR2 86
270.1612 	DATA 	Keypress: 5
270.1613 	DATA 	TR 174 | TR1 87 | TR2 87
271.7444 	DATA 	Keypress: 5
271.7445 	DATA 	TR 175 | TR1 88 | TR2 87
273.2943 	DATA 	Keypress: 5
273.2943 	DATA 	TR 176 | TR1 88 | TR2 88
274.8608 	DATA 	Keypress: 5
274.8609 	DATA 	TR 177 | TR1 89 | TR2 88
276.4106 	DATA 	Keypress: 5
276.4107 	DATA 	TR 178 | TR1 89 | TR2 89
277.9778 	DATA 	Keypress: 5
277.9939 	DATA 	TR 179 | TR1 90 | TR2 89
279.5437 	DATA 	Keypress: 5
279.5437 	DATA 	TR 180 | TR1 90 | TR2 90
280.1769 	DATA 	
280.1769 	DATA 	Trial complete
280.1770 	DATA 	Waiting for VASO trigger to start next trial
280.1770 	DATA 	
281.1102 	DATA 	Keypress: 5
281.1103 	DATA 	Waited 0.9333310127258301 seconds for trigger
281.1111 	DATA 	
281.1111 	DATA 	Trial 6
281.1111 	DATA 	stimDur = 2.0
281.1111 	DATA 	jitter = 0.78525
281.1111 	DATA 	restDur = 22.0

281.1111 	DATA 	
281.1111 	DATA 	TR 181 | TR1 91 | TR2 90
281.9101 	DATA 	
281.9101 	DATA 	stimulation started
281.9101 	DATA 	
282.6601 	DATA 	Keypress: 5
282.6601 	DATA 	TR 182 | TR1 91 | TR2 91
283.9100 	DATA 	
283.9100 	DATA 	stimulation stopped
283.9100 	DATA 	
284.2266 	DATA 	Keypress: 5
284.2267 	DATA 	TR 183 | TR1 92 | TR2 91
285.7764 	DATA 	Keypress: 5
285.7765 	DATA 	TR 184 | TR1 92 | TR2 92
285.9264 	DATA 	Keypress: 1
285.9265 	DATA 	Key1 pressed
287.3596 	DATA 	Keypress: 5
287.3597 	DATA 	TR 185 | TR1 93 | TR2 92
288.9094 	DATA 	Keypress: 5
288.9095 	DATA 	TR 186 | TR1 93 | TR2 93
290.4760 	DATA 	Keypress: 5
290.4761 	DATA 	TR 187 | TR1 94 | TR2 93
291.4592 	DATA 	Target presented
292.0257 	DATA 	Keypress: 5
292.0257 	DATA 	TR 188 | TR1 94 | TR2 94
292.0759 	DATA 	Keypress: 1
292.0759 	DATA 	Key1 pressed
292.0759 	DATA 	Target detected
293.6091 	DATA 	Keypress: 5
293.6091 	DATA 	TR 189 | TR1 95 | TR2 94
295.1590 	DATA 	Keypress: 5
295.1591 	DATA 	TR 190 | TR1 95 | TR2 95
296.7255 	DATA 	Keypress: 5
296.7255 	DATA 	TR 191 | TR1 96 | TR2 95
298.2753 	DATA 	Keypress: 5
298.2753 	DATA 	TR 192 | TR1 96 | TR2 96
299.8419 	DATA 	Keypress: 5
299.8419 	DATA 	TR 193 | TR1 97 | TR2 96
301.4083 	DATA 	Keypress: 5
301.4084 	DATA 	TR 194 | TR1 97 | TR2 97
302.9749 	DATA 	Keypress: 5
302.9749 	DATA 	TR 195 | TR1 98 | TR2 97
304.5247 	DATA 	Keypress: 5
304.5247 	DATA 	TR 196 | TR1 98 | TR2 98
305.9079 	DATA 	
305.9079 	DATA 	Trial complete
305.9079 	DATA 	Waiting for VASO trigger to start next trial
305.9079 	DATA 	
306.0913 	DATA 	Keypress: 5
306.0913 	DATA 	Waited 0.1834089756011963 seconds for trigger
306.0921 	DATA 	
306.0921 	DATA 	Trial 7
306.0921 	DATA 	stimDur = 2.0
306.0921 	DATA 	jitter = 0.0
306.0921 	DATA 	restDur = 22.0

306.0921 	DATA 	
306.0921 	DATA 	TR 197 | TR1 99 | TR2 98
306.0921 	DATA 	
306.0921 	DATA 	stimulation started
306.0921 	DATA 	
307.6411 	DATA 	Keypress: 5
307.6412 	DATA 	TR 198 | TR1 99 | TR2 99
308.1077 	DATA 	
308.1077 	DATA 	stimulation stopped
308.1077 	DATA 	
309.2243 	DATA 	Keypress: 5
309.2243 	DATA 	TR 199 | TR1 100 | TR2 99
310.7741 	DATA 	Keypress: 5
310.7742 	DATA 	TR 200 | TR1 100 | TR2 100
312.3407 	DATA 	Keypress: 5
312.3407 	DATA 	TR 201 | TR1 101 | TR2 100
313.8905 	DATA 	Keypress: 5
313.8905 	DATA 	TR 202 | TR1 101 | TR2 101
315.4737 	DATA 	Keypress: 5
315.4738 	DATA 	TR 203 | TR1 102 | TR2 101
317.0235 	DATA 	Keypress: 5
317.0236 	DATA 	TR 204 | TR1 102 | TR2 102
318.5901 	DATA 	Keypress: 5
318.5901 	DATA 	TR 205 | TR1 103 | TR2 102
320.1399 	DATA 	Keypress: 5
320.1400 	DATA 	TR 206 | TR1 103 | TR2 103
321.7065 	DATA 	Keypress: 5
321.7065 	DATA 	TR 207 | TR1 104 | TR2 103
323.2569 	DATA 	Keypress: 5
323.2729 	DATA 	TR 208 | TR1 104 | TR2 104
324.8395 	DATA 	Keypress: 5
324.8395 	DATA 	TR 209 | TR1 105 | TR2 104
326.3894 	DATA 	Keypress: 5
326.3894 	DATA 	TR 210 | TR1 105 | TR2 105
327.9559 	DATA 	Keypress: 5
327.9559 	DATA 	TR 211 | TR1 106 | TR2 105
329.5057 	DATA 	Keypress: 5
329.5057 	DATA 	TR 212 | TR1 106 | TR2 106
330.1057 	DATA 	
330.1057 	DATA 	Trial complete
330.1057 	DATA 	Waiting for VASO trigger to start next trial
330.1057 	DATA 	
331.0889 	DATA 	Keypress: 5
331.0890 	DATA 	Waited 0.983281135559082 seconds for trigger
331.0898 	DATA 	
331.0898 	DATA 	Trial 8
331.0898 	DATA 	stimDur = 2.0
331.0898 	DATA 	jitter = 1.5705
331.0898 	DATA 	restDur = 22.0

331.0898 	DATA 	
331.0898 	DATA 	TR 213 | TR1 107 | TR2 106
332.6387 	DATA 	Keypress: 5
332.6387 	DATA 	TR 214 | TR1 107 | TR2 107
332.6721 	DATA 	
332.6721 	DATA 	stimulation started
332.6721 	DATA 	
334.2054 	DATA 	Keypress: 5
334.2055 	DATA 	TR 215 | TR1 108 | TR2 107
334.6720 	DATA 	
334.6720 	DATA 	stimulation stopped
334.6720 	DATA 	
335.7552 	DATA 	Keypress: 5
335.7552 	DATA 	TR 216 | TR1 108 | TR2 108
337.3222 	DATA 	Keypress: 5
337.3379 	DATA 	TR 217 | TR1 109 | TR2 108
338.8882 	DATA 	Keypress: 5
338.8883 	DATA 	TR 218 | TR1 109 | TR2 109
340.4547 	DATA 	Keypress: 5
340.4548 	DATA 	TR 219 | TR1 110 | TR2 109
342.0046 	DATA 	Keypress: 5
342.0046 	DATA 	TR 220 | TR1 110 | TR2 110
343.5711 	DATA 	Keypress: 5
343.5712 	DATA 	TR 221 | TR1 111 | TR2 110
345.1210 	DATA 	Keypress: 5
345.1210 	DATA 	TR 222 | TR1 111 | TR2 111
346.7041 	DATA 	Keypress: 5
346.7042 	DATA 	TR 223 | TR1 112 | TR2 111
348.0040 	DATA 	Target presented
348.2540 	DATA 	Keypress: 5
348.2541 	DATA 	TR 224 | TR1 112 | TR2 112
348.5873 	DATA 	Keypress: 1
348.5873 	DATA 	Key1 pressed
348.5873 	DATA 	Target detected
349.8205 	DATA 	Keypress: 5
349.8206 	DATA 	TR 225 | TR1 113 | TR2 112
351.3704 	DATA 	Keypress: 5
351.3704 	DATA 	TR 226 | TR1 113 | TR2 113
352.9536 	DATA 	Keypress: 5
352.9536 	DATA 	TR 227 | TR1 114 | TR2 113
354.5034 	DATA 	Keypress: 5
354.5035 	DATA 	TR 228 | TR1 114 | TR2 114
356.0699 	DATA 	Keypress: 5
356.0700 	DATA 	TR 229 | TR1 115 | TR2 114
356.6699 	DATA 	
356.6699 	DATA 	Trial complete
356.6699 	DATA 	Waiting for VASO trigger to start next trial
356.6699 	DATA 	
357.6198 	DATA 	Keypress: 5
357.6199 	DATA 	TR 230 | TR1 115 | TR2 115
359.1863 	DATA 	Keypress: 5
359.1864 	DATA 	Waited 2.516479015350342 seconds for trigger
359.1872 	DATA 	
359.1872 	DATA 	Trial 9
359.1872 	DATA 	stimDur = 12.0
359.1872 	DATA 	jitter = 1.5705
359.1872 	DATA 	restDur = 30.0

359.1872 	DATA 	
359.1872 	DATA 	TR 231 | TR1 116 | TR2 115
360.7529 	DATA 	Keypress: 5
360.7529 	DATA 	TR 232 | TR1 116 | TR2 116
360.7695 	DATA 	
360.7695 	DATA 	stimulation started
360.7695 	DATA 	
362.3194 	DATA 	Keypress: 5
362.3194 	DATA 	TR 233 | TR1 117 | TR2 116
363.8693 	DATA 	Keypress: 5
363.8694 	DATA 	TR 234 | TR1 117 | TR2 117
365.4358 	DATA 	Keypress: 5
365.4359 	DATA 	TR 235 | TR1 118 | TR2 117
366.9857 	DATA 	Keypress: 5
366.9857 	DATA 	TR 236 | TR1 118 | TR2 118
368.5688 	DATA 	Keypress: 5
368.5689 	DATA 	TR 237 | TR1 119 | TR2 118
370.1187 	DATA 	Keypress: 5
370.1188 	DATA 	TR 238 | TR1 119 | TR2 119
371.6852 	DATA 	Keypress: 5
371.6853 	DATA 	TR 239 | TR1 120 | TR2 119
372.7684 	DATA 	
372.7684 	DATA 	stimulation stopped
372.7684 	DATA 	
373.2350 	DATA 	Keypress: 5
373.2351 	DATA 	TR 240 | TR1 120 | TR2 120
374.8021 	DATA 	Keypress: 5
374.8181 	DATA 	TR 241 | TR1 121 | TR2 120
376.3681 	DATA 	Keypress: 5
376.3681 	DATA 	TR 242 | TR1 121 | TR2 121
377.9346 	DATA 	Keypress: 5
377.9346 	DATA 	TR 243 | TR1 122 | TR2 121
379.4845 	DATA 	Keypress: 5
379.4845 	DATA 	TR 244 | TR1 122 | TR2 122
381.0510 	DATA 	Keypress: 5
381.0510 	DATA 	TR 245 | TR1 123 | TR2 122
382.6009 	DATA 	Keypress: 5
382.6009 	DATA 	TR 246 | TR1 123 | TR2 123
384.1840 	DATA 	Keypress: 5
384.1841 	DATA 	TR 247 | TR1 124 | TR2 123
385.7339 	DATA 	Keypress: 5
385.7340 	DATA 	TR 248 | TR1 124 | TR2 124
387.3004 	DATA 	Keypress: 5
387.3004 	DATA 	TR 249 | TR1 125 | TR2 124
388.8503 	DATA 	Keypress: 5
388.8503 	DATA 	TR 250 | TR1 125 | TR2 125
390.4334 	DATA 	Keypress: 5
390.4335 	DATA 	TR 251 | TR1 126 | TR2 125
391.9833 	DATA 	Keypress: 5
391.9834 	DATA 	TR 252 | TR1 126 | TR2 126
393.5498 	DATA 	Keypress: 5
393.5499 	DATA 	TR 253 | TR1 127 | TR2 126
394.8164 	DATA 	Target presented
395.0997 	DATA 	Keypress: 5
395.0997 	DATA 	TR 254 | TR1 127 | TR2 127
395.3496 	DATA 	Keypress: 1
395.3497 	DATA 	Key1 pressed
395.3497 	DATA 	Target detected
396.6662 	DATA 	Keypress: 5
396.6662 	DATA 	TR 255 | TR1 128 | TR2 127
398.2167 	DATA 	Keypress: 5
398.2327 	DATA 	TR 256 | TR1 128 | TR2 128
399.7992 	DATA 	Keypress: 5
399.7993 	DATA 	TR 257 | TR1 129 | TR2 128
401.3491 	DATA 	Keypress: 5
401.3492 	DATA 	TR 258 | TR1 129 | TR2 129
402.7656 	DATA 	
402.7656 	DATA 	Trial complete
402.7656 	DATA 	Waiting for VASO trigger to start next trial
402.7657 	DATA 	
402.9156 	DATA 	Keypress: 5
402.9157 	DATA 	Waited 0.15003204345703125 seconds for trigger
402.9165 	DATA 	
402.9165 	DATA 	Trial 10
402.9165 	DATA 	stimDur = 4.0
402.9165 	DATA 	jitter = 0.78525
402.9165 	DATA 	restDur = 24.0

402.9165 	DATA 	
402.9165 	DATA 	TR 259 | TR1 130 | TR2 129
403.7155 	DATA 	
403.7155 	DATA 	stimulation started
403.7155 	DATA 	
404.4656 	DATA 	Keypress: 5
404.4656 	DATA 	TR 260 | TR1 130 | TR2 130
406.0487 	DATA 	Keypress: 5
406.0488 	DATA 	TR 261 | TR1 131 | TR2 130
407.5986 	DATA 	Keypress: 5
407.5986 	DATA 	TR 262 | TR1 131 | TR2 131
407.7152 	DATA 	
407.7152 	DATA 	stimulation stopped
407.7152 	DATA 	
409.1650 	DATA 	Keypress: 5
409.1651 	DATA 	TR 263 | TR1 132 | TR2 131
410.7151 	DATA 	Keypress: 5
410.7151 	DATA 	TR 264 | TR1 132 | TR2 132
412.2981 	DATA 	Keypress: 5
412.2981 	DATA 	TR 265 | TR1 133 | TR2 132
413.8480 	DATA 	Keypress: 5
413.8480 	DATA 	TR 266 | TR1 133 | TR2 133
415.4144 	DATA 	Keypress: 5
415.4145 	DATA 	TR 267 | TR1 134 | TR2 133
416.9644 	DATA 	Keypress: 5
416.9644 	DATA 	TR 268 | TR1 134 | TR2 134
418.5309 	DATA 	Keypress: 5
418.5309 	DATA 	TR 269 | TR1 135 | TR2 134
420.0808 	DATA 	Keypress: 5
420.0808 	DATA 	TR 270 | TR1 135 | TR2 135
421.6639 	DATA 	Keypress: 5
421.6639 	DATA 	TR 271 | TR1 136 | TR2 135
423.2138 	DATA 	Keypress: 5
423.2139 	DATA 	TR 272 | TR1 136 | TR2 136
424.7803 	DATA 	Keypress: 5
424.7803 	DATA 	TR 273 | TR1 137 | TR2 136
426.3302 	DATA 	Keypress: 5
426.3302 	DATA 	TR 274 | TR1 137 | TR2 137
427.9134 	DATA 	Keypress: 5
427.9134 	DATA 	TR 275 | TR1 138 | TR2 137
429.4634 	DATA 	Keypress: 5
429.4634 	DATA 	TR 276 | TR1 138 | TR2 138
431.0298 	DATA 	Keypress: 5
431.0298 	DATA 	TR 277 | TR1 139 | TR2 138
431.7131 	DATA 	
431.7131 	DATA 	Trial complete
431.7132 	DATA 	Waiting for VASO trigger to start next trial
431.7132 	DATA 	
432.5796 	DATA 	Keypress: 5
432.5797 	DATA 	TR 278 | TR1 139 | TR2 139
434.1462 	DATA 	Keypress: 5
434.1463 	DATA 	Waited 2.4330849647521973 seconds for trigger
434.1470 	DATA 	
434.1470 	DATA 	Trial 11
434.1470 	DATA 	stimDur = 4.0
434.1470 	DATA 	jitter = 2.35575
434.1470 	DATA 	restDur = 24.0

434.1471 	DATA 	
434.1471 	DATA 	TR 279 | TR1 140 | TR2 139
435.7127 	DATA 	Keypress: 5
435.7128 	DATA 	TR 280 | TR1 140 | TR2 140
436.5126 	DATA 	
436.5126 	DATA 	stimulation started
436.5126 	DATA 	
437.2792 	DATA 	Keypress: 5
437.2793 	DATA 	TR 281 | TR1 141 | TR2 140
438.8291 	DATA 	Keypress: 5
438.8292 	DATA 	TR 282 | TR1 141 | TR2 141
440.3957 	DATA 	Keypress: 5
440.3957 	DATA 	TR 283 | TR1 142 | TR2 141
440.5123 	DATA 	
440.5123 	DATA 	stimulation stopped
440.5123 	DATA 	
441.9455 	DATA 	Keypress: 5
441.9456 	DATA 	TR 284 | TR1 142 | TR2 142
443.5286 	DATA 	Keypress: 5
443.5287 	DATA 	TR 285 | TR1 143 | TR2 142
445.0786 	DATA 	Keypress: 5
445.0786 	DATA 	TR 286 | TR1 143 | TR2 143
446.6450 	DATA 	Keypress: 5
446.6451 	DATA 	TR 287 | TR1 144 | TR2 143
448.1951 	DATA 	Keypress: 5
448.1951 	DATA 	TR 288 | TR1 144 | TR2 144
449.7781 	DATA 	Keypress: 5
449.7781 	DATA 	TR 289 | TR1 145 | TR2 144
451.3280 	DATA 	Keypress: 5
451.3280 	DATA 	TR 290 | TR1 145 | TR2 145
452.8945 	DATA 	Keypress: 5
452.8945 	DATA 	TR 291 | TR1 146 | TR2 145
454.4444 	DATA 	Keypress: 5
454.4444 	DATA 	TR 292 | TR1 146 | TR2 146
456.0109 	DATA 	Keypress: 5
456.0109 	DATA 	TR 293 | TR1 147 | TR2 146
457.5614 	DATA 	Keypress: 5
457.5774 	DATA 	TR 294 | TR1 147 | TR2 147
459.1439 	DATA 	Keypress: 5
459.1440 	DATA 	TR 295 | TR1 148 | TR2 147
460.6938 	DATA 	Keypress: 5
460.6939 	DATA 	TR 296 | TR1 148 | TR2 148
462.2603 	DATA 	Keypress: 5
462.2604 	DATA 	TR 297 | TR1 149 | TR2 148
462.5603 	DATA 	Target presented
463.8102 	DATA 	Keypress: 5
463.8102 	DATA 	TR 298 | TR1 149 | TR2 149
464.5101 	DATA 	
464.5101 	DATA 	Trial complete
464.5101 	DATA 	Waiting for VASO trigger to start next trial
464.5101 	DATA 	
465.3933 	DATA 	Keypress: 5
465.3933 	DATA 	Waited 0.8832077980041504 seconds for trigger
465.3941 	DATA 	
465.3941 	DATA 	Trial 12
465.3941 	DATA 	stimDur = 24.0
465.3941 	DATA 	jitter = 0.0
465.3941 	DATA 	restDur = 40.0

465.3941 	DATA 	
465.3941 	DATA 	TR 299 | TR1 150 | TR2 149
465.3942 	DATA 	
465.3942 	DATA 	stimulation started
465.3942 	DATA 	
466.9433 	DATA 	Keypress: 5
466.9434 	DATA 	TR 300 | TR1 150 | TR2 150
468.5098 	DATA 	Keypress: 5
468.5099 	DATA 	TR 301 | TR1 151 | TR2 150
470.0597 	DATA 	Keypress: 5
470.0597 	DATA 	TR 302 | TR1 151 | TR2 151
471.6269 	DATA 	Keypress: 5
471.6429 	DATA 	TR 303 | TR1 152 | TR2 151
473.1928 	DATA 	Keypress: 5
473.1928 	DATA 	TR 304 | TR1 152 | TR2 152
474.7593 	DATA 	Keypress: 5
474.7593 	DATA 	TR 305 | TR1 153 | TR2 152
476.3092 	DATA 	Keypress: 5
476.3092 	DATA 	TR 306 | TR1 153 | TR2 153
477.8757 	DATA 	Keypress: 5
477.8757 	DATA 	TR 307 | TR1 154 | TR2 153
479.4256 	DATA 	Keypress: 5
479.4256 	DATA 	TR 308 | TR1 154 | TR2 154
481.0088 	DATA 	Keypress: 5
481.0088 	DATA 	TR 309 | TR1 155 | TR2 154
482.5586 	DATA 	Keypress: 5
482.5587 	DATA 	TR 310 | TR1 155 | TR2 155
484.1251 	DATA 	Keypress: 5
484.1252 	DATA 	TR 311 | TR1 156 | TR2 155
485.6750 	DATA 	Keypress: 5
485.6751 	DATA 	TR 312 | TR1 156 | TR2 156
487.2582 	DATA 	Keypress: 5
487.2582 	DATA 	TR 313 | TR1 157 | TR2 156
488.8081 	DATA 	Keypress: 5
488.8081 	DATA 	TR 314 | TR1 157 | TR2 157
489.4079 	DATA 	
489.4079 	DATA 	stimulation stopped
489.4079 	DATA 	
490.3745 	DATA 	Keypress: 5
490.3745 	DATA 	TR 315 | TR1 158 | TR2 157
491.9244 	DATA 	Keypress: 5
491.9244 	DATA 	TR 316 | TR1 158 | TR2 158
493.4910 	DATA 	Keypress: 5
493.4910 	DATA 	TR 317 | TR1 159 | TR2 158
495.0574 	DATA 	Keypress: 5
495.0575 	DATA 	TR 318 | TR1 159 | TR2 159
496.6239 	DATA 	Keypress: 5
496.6240 	DATA 	TR 319 | TR1 160 | TR2 159
498.1738 	DATA 	Keypress: 5
498.1739 	DATA 	TR 320 | TR1 160 | TR2 160
499.7403 	DATA 	Keypress: 5
499.7404 	DATA 	TR 321 | TR1 161 | TR2 160
501.2902 	DATA 	Keypress: 5
501.2902 	DATA 	TR 322 | TR1 161 | TR2 161
502.8734 	DATA 	Keypress: 5
502.8734 	DATA 	TR 323 | TR1 162 | TR2 161
504.4233 	DATA 	Keypress: 5
504.4233 	DATA 	TR 324 | TR1 162 | TR2 162
505.9898 	DATA 	Keypress: 5
505.9898 	DATA 	TR 325 | TR1 163 | TR2 162
507.5397 	DATA 	Keypress: 5
507.5397 	DATA 	TR 326 | TR1 163 | TR2 163
509.1068 	DATA 	Keypress: 5
509.1228 	DATA 	TR 327 | TR1 164 | TR2 163
510.6727 	DATA 	Keypress: 5
510.6728 	DATA 	TR 328 | TR1 164 | TR2 164
512.2392 	DATA 	Keypress: 5
512.2393 	DATA 	TR 329 | TR1 165 | TR2 164
513.7891 	DATA 	Keypress: 5
513.7892 	DATA 	TR 330 | TR1 165 | TR2 165
515.3556 	DATA 	Keypress: 5
515.3557 	DATA 	TR 331 | TR1 166 | TR2 165
516.9055 	DATA 	Keypress: 5
516.9056 	DATA 	TR 332 | TR1 166 | TR2 166
518.4887 	DATA 	Keypress: 5
518.4887 	DATA 	TR 333 | TR1 167 | TR2 166
520.0386 	DATA 	Keypress: 5
520.0386 	DATA 	TR 334 | TR1 167 | TR2 167
521.6051 	DATA 	Keypress: 5
521.6051 	DATA 	TR 335 | TR1 168 | TR2 167
523.1550 	DATA 	Keypress: 5
523.1550 	DATA 	TR 336 | TR1 168 | TR2 168
524.7381 	DATA 	Keypress: 5
524.7382 	DATA 	TR 337 | TR1 169 | TR2 168
526.2880 	DATA 	Keypress: 5
526.2880 	DATA 	TR 338 | TR1 169 | TR2 169
527.4379 	DATA 	Target presented
527.8545 	DATA 	Keypress: 5
527.8545 	DATA 	TR 339 | TR1 170 | TR2 169
529.4042 	DATA 	Keypress: 5
529.4043 	DATA 	TR 340 | TR1 170 | TR2 170
529.4043 	DATA 	
529.4043 	DATA 	Trial complete
529.4043 	DATA 	Waiting for VASO trigger to start next trial
529.4043 	DATA 	
530.9709 	DATA 	Keypress: 5
530.9709 	DATA 	Waited 1.5666038990020752 seconds for trigger
530.9717 	DATA 	
530.9717 	DATA 	Trial 13
530.9717 	DATA 	stimDur = 4.0
530.9717 	DATA 	jitter = 1.5705
530.9717 	DATA 	restDur = 24.0

530.9718 	DATA 	
530.9718 	DATA 	TR 341 | TR1 171 | TR2 170
532.5214 	DATA 	Keypress: 5
532.5374 	DATA 	TR 342 | TR1 171 | TR2 171
532.5541 	DATA 	
532.5541 	DATA 	stimulation started
532.5541 	DATA 	
534.1040 	DATA 	Keypress: 5
534.1040 	DATA 	TR 343 | TR1 172 | TR2 171
535.6539 	DATA 	Keypress: 5
535.6539 	DATA 	TR 344 | TR1 172 | TR2 172
536.5538 	DATA 	
536.5538 	DATA 	stimulation stopped
536.5538 	DATA 	
537.2203 	DATA 	Keypress: 5
537.2204 	DATA 	TR 345 | TR1 173 | TR2 172
538.7702 	DATA 	Keypress: 5
538.7703 	DATA 	TR 346 | TR1 173 | TR2 173
540.3534 	DATA 	Keypress: 5
540.3535 	DATA 	TR 347 | TR1 174 | TR2 173
541.9034 	DATA 	Keypress: 5
541.9035 	DATA 	TR 348 | TR1 174 | TR2 174
543.4698 	DATA 	Keypress: 5
543.4698 	DATA 	TR 349 | TR1 175 | TR2 174
545.0197 	DATA 	Keypress: 5
545.0197 	DATA 	TR 350 | TR1 175 | TR2 175
546.6028 	DATA 	Keypress: 5
546.6029 	DATA 	TR 351 | TR1 176 | TR2 175
548.1527 	DATA 	Keypress: 5
548.1528 	DATA 	TR 352 | TR1 176 | TR2 176
549.7194 	DATA 	Keypress: 5
549.7194 	DATA 	TR 353 | TR1 177 | TR2 176
551.2691 	DATA 	Keypress: 5
551.2692 	DATA 	TR 354 | TR1 177 | TR2 177
552.8356 	DATA 	Keypress: 5
552.8357 	DATA 	TR 355 | TR1 178 | TR2 177
554.3856 	DATA 	Keypress: 5
554.3856 	DATA 	TR 356 | TR1 178 | TR2 178
555.9687 	DATA 	Keypress: 5
555.9687 	DATA 	TR 357 | TR1 179 | TR2 178
557.5186 	DATA 	Keypress: 5
557.5186 	DATA 	TR 358 | TR1 179 | TR2 179
559.0851 	DATA 	Keypress: 5
559.0851 	DATA 	TR 359 | TR1 180 | TR2 179
560.5516 	DATA 	
560.5516 	DATA 	Trial complete
560.5516 	DATA 	Waiting for VASO trigger to start next trial
560.5516 	DATA 	
560.6349 	DATA 	Keypress: 5
560.6350 	DATA 	TR 360 | TR1 180 | TR2 180
562.2182 	DATA 	Keypress: 5
562.2183 	DATA 	Waited 1.6666951179504395 seconds for trigger
562.2191 	DATA 	
562.2191 	DATA 	Trial 14
562.2191 	DATA 	stimDur = 2.0
562.2191 	DATA 	jitter = 2.35575
562.2191 	DATA 	restDur = 22.0

562.2191 	DATA 	
562.2191 	DATA 	TR 361 | TR1 181 | TR2 180
563.7680 	DATA 	Keypress: 5
563.7681 	DATA 	TR 362 | TR1 181 | TR2 181
564.5845 	DATA 	
564.5845 	DATA 	stimulation started
564.5845 	DATA 	
565.3346 	DATA 	Keypress: 5
565.3346 	DATA 	TR 363 | TR1 182 | TR2 181
566.5845 	DATA 	
566.5846 	DATA 	stimulation stopped
566.5846 	DATA 	
566.8844 	DATA 	Keypress: 5
566.8844 	DATA 	TR 364 | TR1 182 | TR2 182
568.4515 	DATA 	Keypress: 5
568.4676 	DATA 	TR 365 | TR1 183 | TR2 182
570.0174 	DATA 	Keypress: 5
570.0175 	DATA 	TR 366 | TR1 183 | TR2 183
571.5839 	DATA 	Keypress: 5
571.5841 	DATA 	TR 367 | TR1 184 | TR2 183
573.1338 	DATA 	Keypress: 5
573.1339 	DATA 	TR 368 | TR1 184 | TR2 184
574.7003 	DATA 	Keypress: 5
574.7005 	DATA 	TR 369 | TR1 185 | TR2 184
575.2169 	DATA 	Target presented
576.2502 	DATA 	Keypress: 5
576.2503 	DATA 	TR 370 | TR1 185 | TR2 185
577.8334 	DATA 	Keypress: 5
577.8335 	DATA 	TR 371 | TR1 186 | TR2 185
579.3832 	DATA 	Keypress: 5
579.3833 	DATA 	TR 372 | TR1 186 | TR2 186
580.9498 	DATA 	Keypress: 5
580.9499 	DATA 	TR 373 | TR1 187 | TR2 186
582.4996 	DATA 	Keypress: 5
582.4997 	DATA 	TR 374 | TR1 187 | TR2 187
584.0829 	DATA 	Keypress: 5
584.0829 	DATA 	TR 375 | TR1 188 | TR2 187
585.6327 	DATA 	Keypress: 5
585.6327 	DATA 	TR 376 | TR1 188 | TR2 188
587.1992 	DATA 	Keypress: 5
587.1993 	DATA 	TR 377 | TR1 189 | TR2 188
588.5824 	DATA 	
588.5824 	DATA 	Trial complete
588.5824 	DATA 	Waiting for VASO trigger to start next trial
588.5824 	DATA 	
588.7491 	DATA 	Keypress: 5
588.7491 	DATA 	TR 378 | TR1 189 | TR2 189
590.3157 	DATA 	Keypress: 5
590.3157 	DATA 	Waited 1.7332830429077148 seconds for trigger
590.3165 	DATA 	
590.3165 	DATA 	Trial 15
590.3165 	DATA 	stimDur = 4.0
590.3165 	DATA 	jitter = 0.0
590.3165 	DATA 	restDur = 24.0

590.3165 	DATA 	
590.3165 	DATA 	TR 379 | TR1 190 | TR2 189
590.3165 	DATA 	
590.3165 	DATA 	stimulation started
590.3165 	DATA 	
591.8662 	DATA 	Keypress: 5
591.8821 	DATA 	TR 380 | TR1 190 | TR2 190
593.4487 	DATA 	Keypress: 5
593.4488 	DATA 	TR 381 | TR1 191 | TR2 190
594.3319 	DATA 	
594.3319 	DATA 	stimulation stopped
594.3319 	DATA 	
594.9985 	DATA 	Keypress: 5
594.9985 	DATA 	TR 382 | TR1 191 | TR2 191
596.5651 	DATA 	Keypress: 5
596.5651 	DATA 	TR 383 | TR1 192 | TR2 191
598.1149 	DATA 	Keypress: 5
598.1150 	DATA 	TR 384 | TR1 192 | TR2 192
599.6981 	DATA 	Keypress: 5
599.6981 	DATA 	TR 385 | TR1 193 | TR2 192
601.2480 	DATA 	Keypress: 5
601.2480 	DATA 	TR 386 | TR1 193 | TR2 193
602.8145 	DATA 	Keypress: 5
602.8146 	DATA 	TR 387 | TR1 194 | TR2 193
604.3643 	DATA 	Keypress: 5
604.3644 	DATA 	TR 388 | TR1 194 | TR2 194
605.9310 	DATA 	Keypress: 5
605.9311 	DATA 	TR 389 | TR1 195 | TR2 194
607.4974 	DATA 	Keypress: 5
607.4974 	DATA 	TR 390 | TR1 195 | TR2 195
609.0640 	DATA 	Keypress: 5
609.0640 	DATA 	TR 391 | TR1 196 | TR2 195
610.6138 	DATA 	Keypress: 5
610.6138 	DATA 	TR 392 | TR1 196 | TR2 196
612.1803 	DATA 	Keypress: 5
612.1804 	DATA 	TR 393 | TR1 197 | TR2 196
613.7301 	DATA 	Keypress: 5
613.7302 	DATA 	TR 394 | TR1 197 | TR2 197
615.3134 	DATA 	Keypress: 5
615.3134 	DATA 	TR 395 | TR1 198 | TR2 197
616.8632 	DATA 	Keypress: 5
616.8633 	DATA 	TR 396 | TR1 198 | TR2 198
618.3297 	DATA 	
618.3297 	DATA 	Trial complete
618.3298 	DATA 	Waiting for VASO trigger to start next trial
618.3298 	DATA 	
618.4298 	DATA 	Keypress: 5
618.4298 	DATA 	Waited 0.10007691383361816 seconds for trigger
618.4306 	DATA 	
618.4306 	DATA 	Trial 16
618.4306 	DATA 	stimDur = 1.0
618.4306 	DATA 	jitter = 1.5705
618.4306 	DATA 	restDur = 20.0

618.4306 	DATA 	
618.4306 	DATA 	TR 397 | TR1 199 | TR2 198
619.9796 	DATA 	Keypress: 5
619.9797 	DATA 	TR 398 | TR1 199 | TR2 199
620.0129 	DATA 	
620.0129 	DATA 	stimulation started
620.0129 	DATA 	
621.0129 	DATA 	
621.0129 	DATA 	stimulation stopped
621.0129 	DATA 	
621.5627 	DATA 	Keypress: 5
621.5627 	DATA 	TR 399 | TR1 200 | TR2 199
623.1127 	DATA 	Keypress: 5
623.1127 	DATA 	TR 400 | TR1 200 | TR2 200
624.6791 	DATA 	Keypress: 5
624.6792 	DATA 	TR 401 | TR1 201 | TR2 200
626.2291 	DATA 	Keypress: 5
626.2291 	DATA 	TR 402 | TR1 201 | TR2 201
627.7956 	DATA 	Keypress: 5
627.7957 	DATA 	TR 403 | TR1 202 | TR2 201
629.3621 	DATA 	Keypress: 5
629.3621 	DATA 	TR 404 | TR1 202 | TR2 202
630.9285 	DATA 	Keypress: 5
630.9286 	DATA 	TR 405 | TR1 203 | TR2 202
632.4785 	DATA 	Keypress: 5
632.4785 	DATA 	TR 406 | TR1 203 | TR2 203
634.0451 	DATA 	Keypress: 5
634.0451 	DATA 	TR 407 | TR1 204 | TR2 203
635.5949 	DATA 	Keypress: 5
635.5949 	DATA 	TR 408 | TR1 204 | TR2 204
637.1781 	DATA 	Keypress: 5
637.1782 	DATA 	TR 409 | TR1 205 | TR2 204
638.7279 	DATA 	Keypress: 5
638.7280 	DATA 	TR 410 | TR1 205 | TR2 205
640.2945 	DATA 	Keypress: 5
640.2945 	DATA 	TR 411 | TR1 206 | TR2 205
640.7778 	DATA 	Target presented
641.0110 	DATA 	
641.0110 	DATA 	Trial complete
641.0111 	DATA 	Waiting for VASO trigger to start next trial
641.0111 	DATA 	
641.8443 	DATA 	Keypress: 5
641.8444 	DATA 	Keypress: 1
641.8444 	DATA 	TR 412 | TR1 206 | TR2 206
641.8444 	DATA 	Key1 pressed
641.8445 	DATA 	Target detected
643.4115 	DATA 	Keypress: 5
643.4275 	DATA 	Waited 2.41641902923584 seconds for trigger
643.4283 	DATA 	
643.4283 	DATA 	Trial 17
643.4283 	DATA 	stimDur = 1.0
643.4283 	DATA 	jitter = 0.0
643.4283 	DATA 	restDur = 20.0

643.4283 	DATA 	
643.4283 	DATA 	TR 413 | TR1 207 | TR2 206
643.4283 	DATA 	
643.4283 	DATA 	stimulation started
643.4283 	DATA 	
644.4276 	DATA 	
644.4276 	DATA 	stimulation stopped
644.4276 	DATA 	
644.9774 	DATA 	Keypress: 5
644.9774 	DATA 	TR 414 | TR1 207 | TR2 207
646.5439 	DATA 	Keypress: 5
646.5440 	DATA 	TR 415 | TR1 208 | TR2 207
648.0938 	DATA 	Keypress: 5
648.0938 	DATA 	TR 416 | TR1 208 | TR2 208
649.6603 	DATA 	Keypress: 5
649.6603 	DATA 	TR 417 | TR1 209 | TR2 208
651.2101 	DATA 	Keypress: 5
651.2102 	DATA 	TR 418 | TR1 209 | TR2 209
652.7934 	DATA 	Keypress: 5
652.7934 	DATA 	TR 419 | TR1 210 | TR2 209
654.3433 	DATA 	Keypress: 5
654.3434 	DATA 	TR 420 | TR1 210 | TR2 210
655.9098 	DATA 	Keypress: 5
655.9098 	DATA 	TR 421 | TR1 211 | TR2 210
657.4596 	DATA 	Keypress: 5
657.4597 	DATA 	TR 422 | TR1 211 | TR2 211
659.0428 	DATA 	Keypress: 5
659.0429 	DATA 	TR 423 | TR1 212 | TR2 211
660.5927 	DATA 	Keypress: 5
660.5927 	DATA 	TR 424 | TR1 212 | TR2 212
662.1592 	DATA 	Keypress: 5
662.1593 	DATA 	TR 425 | TR1 213 | TR2 212
663.7090 	DATA 	Keypress: 5
663.7091 	DATA 	TR 426 | TR1 213 | TR2 213
664.4423 	DATA 	
664.4423 	DATA 	Trial complete
664.4423 	DATA 	Waiting for VASO trigger to start next trial
664.4423 	DATA 	
665.2756 	DATA 	Keypress: 5
665.2757 	DATA 	Waited 0.8333380222320557 seconds for trigger
665.2764 	DATA 	
665.2764 	DATA 	Trial 18
665.2764 	DATA 	stimDur = 12.0
665.2764 	DATA 	jitter = 2.35575
665.2764 	DATA 	restDur = 30.0

665.2764 	DATA 	
665.2764 	DATA 	TR 427 | TR1 214 | TR2 213
666.8262 	DATA 	Keypress: 5
666.8421 	DATA 	TR 428 | TR1 214 | TR2 214
667.6421 	DATA 	
667.6421 	DATA 	stimulation started
667.6421 	DATA 	
668.4087 	DATA 	Keypress: 5
668.4087 	DATA 	TR 429 | TR1 215 | TR2 214
669.9585 	DATA 	Keypress: 5
669.9586 	DATA 	TR 430 | TR1 215 | TR2 215
671.5251 	DATA 	Keypress: 5
671.5251 	DATA 	TR 431 | TR1 216 | TR2 215
673.0749 	DATA 	Keypress: 5
673.0749 	DATA 	TR 432 | TR1 216 | TR2 216
674.6581 	DATA 	Keypress: 5
674.6582 	DATA 	TR 433 | TR1 217 | TR2 216
676.2080 	DATA 	Keypress: 5
676.2080 	DATA 	TR 434 | TR1 217 | TR2 217
677.7745 	DATA 	Keypress: 5
677.7746 	DATA 	TR 435 | TR1 218 | TR2 217
679.3244 	DATA 	Keypress: 5
679.3244 	DATA 	TR 436 | TR1 218 | TR2 218
679.6410 	DATA 	
679.6410 	DATA 	stimulation stopped
679.6410 	DATA 	
680.9076 	DATA 	Keypress: 5
680.9076 	DATA 	TR 437 | TR1 219 | TR2 218
682.4574 	DATA 	Keypress: 5
682.4574 	DATA 	TR 438 | TR1 219 | TR2 219
684.0239 	DATA 	Keypress: 5
684.0240 	DATA 	TR 439 | TR1 220 | TR2 219
685.5737 	DATA 	Keypress: 5
685.5738 	DATA 	TR 440 | TR1 220 | TR2 220
687.1404 	DATA 	Keypress: 5
687.1404 	DATA 	TR 441 | TR1 221 | TR2 220
688.6901 	DATA 	Keypress: 5
688.6902 	DATA 	TR 442 | TR1 221 | TR2 221
689.8567 	DATA 	Target presented
690.2733 	DATA 	Keypress: 5
690.2734 	DATA 	TR 443 | TR1 222 | TR2 221
690.6399 	DATA 	Keypress: 1
690.6400 	DATA 	Key1 pressed
690.6400 	DATA 	Target detected
691.8232 	DATA 	Keypress: 5
691.8232 	DATA 	TR 444 | TR1 222 | TR2 222
693.3898 	DATA 	Keypress: 5
693.3898 	DATA 	TR 445 | TR1 223 | TR2 222
694.9395 	DATA 	Keypress: 5
694.9396 	DATA 	TR 446 | TR1 223 | TR2 223
696.5228 	DATA 	Keypress: 5
696.5228 	DATA 	TR 447 | TR1 224 | TR2 223
698.0726 	DATA 	Keypress: 5
698.0726 	DATA 	TR 448 | TR1 224 | TR2 224
699.6392 	DATA 	Keypress: 5
699.6392 	DATA 	TR 449 | TR1 225 | TR2 224
701.1890 	DATA 	Keypress: 5
701.1890 	DATA 	TR 450 | TR1 225 | TR2 225
702.7562 	DATA 	Keypress: 5
702.7722 	DATA 	TR 451 | TR1 226 | TR2 225
704.3221 	DATA 	Keypress: 5
704.3221 	DATA 	TR 452 | TR1 226 | TR2 226
705.8886 	DATA 	Keypress: 5
705.8887 	DATA 	TR 453 | TR1 227 | TR2 226
707.4384 	DATA 	Keypress: 5
707.4385 	DATA 	TR 454 | TR1 227 | TR2 227
709.0050 	DATA 	Keypress: 5
709.0050 	DATA 	TR 455 | TR1 228 | TR2 227
709.6382 	DATA 	
709.6382 	DATA 	Trial complete
709.6382 	DATA 	Waiting for VASO trigger to start next trial
709.6382 	DATA 	
710.5548 	DATA 	Keypress: 5
710.5549 	DATA 	TR 456 | TR1 228 | TR2 228
712.1380 	DATA 	Keypress: 5
712.1381 	DATA 	Waited 2.499837875366211 seconds for trigger
712.1389 	DATA 	
712.1389 	DATA 	Trial 19
712.1389 	DATA 	stimDur = 1.0
712.1389 	DATA 	jitter = 0.78525
712.1389 	DATA 	restDur = 20.0

712.1389 	DATA 	
712.1389 	DATA 	TR 457 | TR1 229 | TR2 228
712.9380 	DATA 	
712.9381 	DATA 	stimulation started
712.9381 	DATA 	
713.6880 	DATA 	Keypress: 5
713.6880 	DATA 	TR 458 | TR1 229 | TR2 229
713.9380 	DATA 	
713.9380 	DATA 	stimulation stopped
713.9380 	DATA 	
715.2544 	DATA 	Keypress: 5
715.2544 	DATA 	TR 459 | TR1 230 | TR2 229
716.8043 	DATA 	Keypress: 5
716.8043 	DATA 	TR 460 | TR1 230 | TR2 230
718.3876 	DATA 	Keypress: 5
718.3876 	DATA 	TR 461 | TR1 231 | TR2 230
719.9373 	DATA 	Keypress: 5
719.9374 	DATA 	TR 462 | TR1 231 | TR2 231
721.5038 	DATA 	Keypress: 5
721.5039 	DATA 	TR 463 | TR1 232 | TR2 231
723.0537 	DATA 	Keypress: 5
723.0538 	DATA 	TR 464 | TR1 232 | TR2 232
724.6202 	DATA 	Keypress: 5
724.6203 	DATA 	TR 465 | TR1 233 | TR2 232
726.1707 	DATA 	Keypress: 5
726.1867 	DATA 	TR 466 | TR1 233 | TR2 233
727.7533 	DATA 	Keypress: 5
727.7533 	DATA 	TR 467 | TR1 234 | TR2 233
729.3033 	DATA 	Keypress: 5
729.3033 	DATA 	TR 468 | TR1 234 | TR2 234
730.8698 	DATA 	Keypress: 5
730.8698 	DATA 	TR 469 | TR1 235 | TR2 234
732.4195 	DATA 	Keypress: 5
732.4196 	DATA 	TR 470 | TR1 235 | TR2 235
733.9360 	DATA 	
733.9360 	DATA 	Trial complete
733.9360 	DATA 	
734.0027 	DATA 	Keypress: 5
734.0028 	DATA 	Waited 24.364521026611328 seconds for trigger
734.0035 	DATA 	
734.0035 	DATA 	Trial 20
734.0036 	DATA 	stimDur = 24.0
734.0036 	DATA 	jitter = 0.78525
734.0036 	DATA 	restDur = 40.0

734.0036 	DATA 	
734.0036 	DATA 	TR 471 | TR1 236 | TR2 235
734.8026 	DATA 	
734.8026 	DATA 	stimulation started
734.8026 	DATA 	
735.5527 	DATA 	Keypress: 5
735.5527 	DATA 	TR 472 | TR1 236 | TR2 236
737.1192 	DATA 	Keypress: 5
737.1192 	DATA 	TR 473 | TR1 237 | TR2 236
738.6691 	DATA 	Keypress: 5
738.6691 	DATA 	TR 474 | TR1 237 | TR2 237
740.2355 	DATA 	Keypress: 5
740.2356 	DATA 	TR 475 | TR1 238 | TR2 237
741.8021 	DATA 	Keypress: 5
741.8021 	DATA 	TR 476 | TR1 238 | TR2 238
743.3686 	DATA 	Keypress: 5
743.3686 	DATA 	TR 477 | TR1 239 | TR2 238
744.9185 	DATA 	Keypress: 5
744.9185 	DATA 	TR 478 | TR1 239 | TR2 239
746.4850 	DATA 	Keypress: 5
746.4850 	DATA 	TR 479 | TR1 240 | TR2 239
748.0349 	DATA 	Keypress: 5
748.0349 	DATA 	TR 480 | TR1 240 | TR2 240
749.6182 	DATA 	Keypress: 5
749.6182 	DATA 	TR 481 | TR1 241 | TR2 240
751.1679 	DATA 	Keypress: 5
751.1680 	DATA 	TR 482 | TR1 241 | TR2 241
752.7346 	DATA 	Keypress: 5
752.7346 	DATA 	TR 483 | TR1 242 | TR2 241
754.2843 	DATA 	Keypress: 5
754.2844 	DATA 	TR 484 | TR1 242 | TR2 242
755.8675 	DATA 	Keypress: 5
755.8675 	DATA 	TR 485 | TR1 243 | TR2 242
757.4173 	DATA 	Keypress: 5
757.4174 	DATA 	TR 486 | TR1 243 | TR2 243
758.8005 	DATA 	
758.8005 	DATA 	stimulation stopped
758.8005 	DATA 	
758.9838 	DATA 	Keypress: 5
758.9838 	DATA 	TR 487 | TR1 244 | TR2 243
760.5337 	DATA 	Keypress: 5
760.5337 	DATA 	TR 488 | TR1 244 | TR2 244
762.1002 	DATA 	Keypress: 5
762.1002 	DATA 	TR 489 | TR1 245 | TR2 244
763.6507 	DATA 	Keypress: 5
763.6667 	DATA 	TR 490 | TR1 245 | TR2 245
765.2332 	DATA 	Keypress: 5
765.2333 	DATA 	TR 491 | TR1 246 | TR2 245
766.7831 	DATA 	Keypress: 5
766.7832 	DATA 	TR 492 | TR1 246 | TR2 246
766.9331 	DATA 	Target presented
767.4337 	DATA 	Keypress: 1
767.4497 	DATA 	Key1 pressed
767.4497 	DATA 	Target detected
768.3496 	DATA 	Keypress: 5
768.3497 	DATA 	TR 493 | TR1 247 | TR2 246
769.8995 	DATA 	Keypress: 5
769.8996 	DATA 	TR 494 | TR1 247 | TR2 247
771.4827 	DATA 	Keypress: 5
771.4827 	DATA 	TR 495 | TR1 248 | TR2 247
773.0326 	DATA 	Keypress: 5
773.0326 	DATA 	TR 496 | TR1 248 | TR2 248
774.5992 	DATA 	Keypress: 5
774.5992 	DATA 	TR 497 | TR1 249 | TR2 248
776.1489 	DATA 	Keypress: 5
776.1490 	DATA 	TR 498 | TR1 249 | TR2 249
777.7160 	DATA 	Keypress: 5
777.7321 	DATA 	TR 499 | TR1 250 | TR2 249
779.2820 	DATA 	Keypress: 5
779.2820 	DATA 	TR 500 | TR1 250 | TR2 250
780.8485 	DATA 	Keypress: 5
780.8485 	DATA 	TR 501 | TR1 251 | TR2 250
782.3984 	DATA 	Keypress: 5
782.3984 	DATA 	TR 502 | TR1 251 | TR2 251
783.9649 	DATA 	Keypress: 5
783.9649 	DATA 	TR 503 | TR1 252 | TR2 251
785.5147 	DATA 	Keypress: 5
785.5148 	DATA 	TR 504 | TR1 252 | TR2 252
787.0980 	DATA 	Keypress: 5
787.0980 	DATA 	TR 505 | TR1 253 | TR2 252
788.6478 	DATA 	Keypress: 5
788.6479 	DATA 	TR 506 | TR1 253 | TR2 253
790.2143 	DATA 	Keypress: 5
790.2143 	DATA 	TR 507 | TR1 254 | TR2 253
791.7642 	DATA 	Keypress: 5
791.7642 	DATA 	TR 508 | TR1 254 | TR2 254
793.3473 	DATA 	Keypress: 5
793.3474 	DATA 	TR 509 | TR1 255 | TR2 254
794.8972 	DATA 	Keypress: 5
794.8973 	DATA 	TR 510 | TR1 255 | TR2 255
796.4637 	DATA 	Keypress: 5
796.4638 	DATA 	TR 511 | TR1 256 | TR2 255
798.0136 	DATA 	Keypress: 5
798.0137 	DATA 	TR 512 | TR1 256 | TR2 256
798.7968 	DATA 	
798.7968 	DATA 	Trial complete
798.7968 	DATA 	
799.5803 	DATA 	Keypress: 5
799.5803 	DATA 	TR 513 | TR1 257 | TR2 256
801.1467 	DATA 	Keypress: 5
801.1467 	DATA 	TR 514 | TR1 257 | TR2 257
802.7132 	DATA 	Keypress: 5
802.7132 	DATA 	TR 515 | TR1 258 | TR2 257
804.2630 	DATA 	Keypress: 5
804.2631 	DATA 	TR 516 | TR1 258 | TR2 258
805.8295 	DATA 	Keypress: 5
805.8296 	DATA 	TR 517 | TR1 259 | TR2 258
807.3794 	DATA 	Keypress: 5
807.3795 	DATA 	TR 518 | TR1 259 | TR2 259
808.9626 	DATA 	Keypress: 5
808.9626 	DATA 	TR 519 | TR1 260 | TR2 259
810.5125 	DATA 	Keypress: 5
810.5125 	DATA 	TR 520 | TR1 260 | TR2 260
812.0790 	DATA 	Keypress: 5
812.0790 	DATA 	TR 521 | TR1 261 | TR2 260
813.6289 	DATA 	Keypress: 5
813.6289 	DATA 	TR 522 | TR1 261 | TR2 261
815.2120 	DATA 	Keypress: 5
815.2121 	DATA 	TR 523 | TR1 262 | TR2 261
816.7619 	DATA 	Keypress: 5
816.7619 	DATA 	TR 524 | TR1 262 | TR2 262
818.3284 	DATA 	Keypress: 5
818.3285 	DATA 	TR 525 | TR1 263 | TR2 262
819.8783 	DATA 	Keypress: 5
819.8783 	DATA 	TR 526 | TR1 263 | TR2 263
821.4449 	DATA 	Keypress: 5
821.4450 	DATA 	TR 527 | TR1 264 | TR2 263
822.9952 	DATA 	Keypress: 5
823.0113 	DATA 	TR 528 | TR1 264 | TR2 264
823.8945 	DATA 	EndOfRun sub-07_ses-02_run-02

823.8945 	DATA 	We spent 53.32975769042969 seconds waiting for triggers
823.8945 	DATA 	RatioOfDetectedTargets 0.75
823.8946 	DATA 	You have detected 9 out of 12 targets.
828.9240 	EXP 	window1: mouseVisible = True
