MonitorDistance=99cm
MonitorWidth=30cm
PixelWidth=1024.0
PixelHeight=768.0
You have detected 12 out of 12 targets.
Excellent! Keep up the good work
10.3315 	INFO 	Loaded monitor calibration from ['2021_05_26 17:55']
10.9205 	EXP 	Created window1 = Window(allowGUI=False, allowStencil=False, autoLog=True, backendConf=UNKNOWN, bitsMode=UNKNOWN, blendMode='avg', bpc=(8, 8, 8), color=array([-0.5, -0.5, -0.5]), colorSpace='rgb', depthBits=8, fullscr=<method-wrapper '__getattribute__' of attributeSetter object at 0x7feb09c52400>, gamma=None, gammaErrorPolicy='raise', lms=UNKNOWN, monitor=<psychopy.monitors.calibTools.Monitor object at 0x7feaffa70048>, multiSample=False, name='window1', numSamples=2, pos=[0.0, 0.0], screen=0, size=array([1024,  768]), stencilBits=0, stereo=False, units='deg', useFBO=False, useRetina=False, viewOri=0.0, viewPos=None, viewScale=None, waitBlanking=True, winType='pyglet')
10.9206 	EXP 	window1: mouseVisible = True
10.9875 	EXP 	Created unnamed TextStim = TextStim(__class__=<class 'psychopy.visual.text.TextStim'>, alignHoriz=method-wrapper(...), alignText='center', alignVert=method-wrapper(...), anchorHoriz='center', anchorVert='center', antialias=True, autoLog=True, bold=False, color=array([1., 1., 1.]), colorSpace='rgb', contrast=1.0, depth=0, flipHoriz=False, flipVert=False, font='', fontFiles=[], height=0.5, italic=False, languageStyle='LTR', name='unnamed TextStim', opacity=1.0, ori=0.0, pos=array([0., 0.]), rgb=UNKNOWN, text=str(...), units='deg', win=Window(...), wrapWidth=15.0)
11.0187 	EXP 	Created Movie Frame 0 = ImageStim(__class__=<class 'psychopy.visual.image.ImageStim'>, autoLog=True, color=array([0.8, 0.8, 0.8]), colorSpace='rgb', contrast=0.8, depth=0, flipHoriz=False, flipVert=False, image='visual_0.png', interpolate=False, mask=None, maskParams=None, name='Movie Frame 0', opacity=1, ori=0.0, pos=array([0., 0.]), size=array([1024,  768]), texRes=128, units='pix', win=Window(...))
11.0424 	EXP 	Created Movie Frame 1 = ImageStim(__class__=<class 'psychopy.visual.image.ImageStim'>, autoLog=True, color=array([0.8, 0.8, 0.8]), colorSpace='rgb', contrast=0.8, depth=0, flipHoriz=False, flipVert=False, image='visual_1.png', interpolate=False, mask=None, maskParams=None, name='Movie Frame 1', opacity=1, ori=0.0, pos=array([0., 0.]), size=array([1024,  768]), texRes=128, units='pix', win=Window(...))
45.8558 	DATA 	Keypress: 5
0.0000 	DATA 	StartOfRun sub-07_ses-02_run-05
0.0000 	DATA 	TR 1 | TR1 1 | TR2 0
0.0120 	DATA 	Initial baseline

1.5501 	DATA 	Keypress: 5
1.5501 	DATA 	TR 2 | TR1 1 | TR2 1
3.1224 	DATA 	Keypress: 5
3.1224 	DATA 	TR 3 | TR1 2 | TR2 1
4.6736 	DATA 	Keypress: 5
4.6736 	DATA 	TR 4 | TR1 2 | TR2 2
6.2457 	DATA 	Keypress: 5
6.2458 	DATA 	TR 5 | TR1 3 | TR2 2
7.7970 	DATA 	Keypress: 5
7.7971 	DATA 	TR 6 | TR1 3 | TR2 3
9.3691 	DATA 	Keypress: 5
9.3692 	DATA 	TR 7 | TR1 4 | TR2 3
10.9202 	DATA 	Keypress: 5
10.9202 	DATA 	TR 8 | TR1 4 | TR2 4
12.4925 	DATA 	Keypress: 5
12.4926 	DATA 	TR 9 | TR1 5 | TR2 4
14.0436 	DATA 	Keypress: 5
14.0436 	DATA 	TR 10 | TR1 5 | TR2 5
15.6159 	DATA 	Keypress: 5
15.6159 	DATA 	TR 11 | TR1 6 | TR2 5
17.1671 	DATA 	Keypress: 5
17.1672 	DATA 	TR 12 | TR1 6 | TR2 6
18.7393 	DATA 	Keypress: 5
18.7393 	DATA 	TR 13 | TR1 7 | TR2 6
20.2906 	DATA 	Keypress: 5
20.2906 	DATA 	TR 14 | TR1 7 | TR2 7
21.8627 	DATA 	Keypress: 5
21.8628 	DATA 	TR 15 | TR1 8 | TR2 7
23.4139 	DATA 	Keypress: 5
23.4139 	DATA 	TR 16 | TR1 8 | TR2 8
24.9861 	DATA 	Keypress: 5
24.9861 	DATA 	TR 17 | TR1 9 | TR2 8
26.5373 	DATA 	Keypress: 5
26.5373 	DATA 	TR 18 | TR1 9 | TR2 9
28.1095 	DATA 	Keypress: 5
28.1095 	DATA 	TR 19 | TR1 10 | TR2 9
29.6607 	DATA 	Keypress: 5
29.6607 	DATA 	TR 20 | TR1 10 | TR2 10
31.2428 	DATA 	Keypress: 5
31.2429 	DATA 	Waited 1.2428839206695557 seconds for trigger
31.2443 	DATA 	
31.2443 	DATA 	Trial 1
31.2444 	DATA 	stimDur = 24.0
31.2444 	DATA 	jitter = 2.35575
31.2444 	DATA 	restDur = 40.0

31.2444 	DATA 	
31.2444 	DATA 	TR 21 | TR1 11 | TR2 10
32.7931 	DATA 	Keypress: 5
32.7932 	DATA 	TR 22 | TR1 11 | TR2 11
33.6096 	DATA 	
33.6096 	DATA 	stimulation started
33.6096 	DATA 	
34.3597 	DATA 	Keypress: 5
34.3597 	DATA 	TR 23 | TR1 12 | TR2 11
35.9095 	DATA 	Keypress: 5
35.9096 	DATA 	TR 24 | TR1 12 | TR2 12
37.4927 	DATA 	Keypress: 5
37.4927 	DATA 	TR 25 | TR1 13 | TR2 12
39.0426 	DATA 	Keypress: 5
39.0426 	DATA 	TR 26 | TR1 13 | TR2 13
40.6091 	DATA 	Keypress: 5
40.6091 	DATA 	TR 27 | TR1 14 | TR2 13
42.1590 	DATA 	Keypress: 5
42.1590 	DATA 	TR 28 | TR1 14 | TR2 14
43.7421 	DATA 	Keypress: 5
43.7422 	DATA 	TR 29 | TR1 15 | TR2 14
45.2920 	DATA 	Keypress: 5
45.2921 	DATA 	TR 30 | TR1 15 | TR2 15
46.8585 	DATA 	Keypress: 5
46.8585 	DATA 	TR 31 | TR1 16 | TR2 15
48.4084 	DATA 	Keypress: 5
48.4085 	DATA 	TR 32 | TR1 16 | TR2 16
49.9749 	DATA 	Keypress: 5
49.9749 	DATA 	TR 33 | TR1 17 | TR2 16
51.5248 	DATA 	Keypress: 5
51.5249 	DATA 	TR 34 | TR1 17 | TR2 17
53.1079 	DATA 	Keypress: 5
53.1080 	DATA 	TR 35 | TR1 18 | TR2 17
54.6579 	DATA 	Keypress: 5
54.6579 	DATA 	TR 36 | TR1 18 | TR2 18
56.2244 	DATA 	Keypress: 5
56.2244 	DATA 	TR 37 | TR1 19 | TR2 18
57.6075 	DATA 	
57.6075 	DATA 	stimulation stopped
57.6075 	DATA 	
57.7742 	DATA 	Keypress: 5
57.7742 	DATA 	TR 38 | TR1 19 | TR2 19
59.3574 	DATA 	Keypress: 5
59.3574 	DATA 	TR 39 | TR1 20 | TR2 19
60.9072 	DATA 	Keypress: 5
60.9073 	DATA 	TR 40 | TR1 20 | TR2 20
62.4737 	DATA 	Keypress: 5
62.4738 	DATA 	TR 41 | TR1 21 | TR2 20
64.0236 	DATA 	Keypress: 5
64.0236 	DATA 	TR 42 | TR1 21 | TR2 21
65.5907 	DATA 	Keypress: 5
65.6067 	DATA 	TR 43 | TR1 22 | TR2 21
67.1567 	DATA 	Keypress: 5
67.1567 	DATA 	TR 44 | TR1 22 | TR2 22
68.7231 	DATA 	Keypress: 5
68.7232 	DATA 	TR 45 | TR1 23 | TR2 22
70.2730 	DATA 	Keypress: 5
70.2731 	DATA 	TR 46 | TR1 23 | TR2 23
71.8395 	DATA 	Keypress: 5
71.8396 	DATA 	TR 47 | TR1 24 | TR2 23
73.3894 	DATA 	Keypress: 5
73.3895 	DATA 	TR 48 | TR1 24 | TR2 24
74.9726 	DATA 	Keypress: 5
74.9726 	DATA 	TR 49 | TR1 25 | TR2 24
76.5225 	DATA 	Keypress: 5
76.5225 	DATA 	TR 50 | TR1 25 | TR2 25
78.0890 	DATA 	Keypress: 5
78.0890 	DATA 	TR 51 | TR1 26 | TR2 25
79.6387 	DATA 	Keypress: 5
79.6387 	DATA 	TR 52 | TR1 26 | TR2 26
81.2220 	DATA 	Keypress: 5
81.2221 	DATA 	TR 53 | TR1 27 | TR2 26
82.7719 	DATA 	Keypress: 5
82.7719 	DATA 	TR 54 | TR1 27 | TR2 27
84.3384 	DATA 	Keypress: 5
84.3385 	DATA 	TR 55 | TR1 28 | TR2 27
85.8883 	DATA 	Keypress: 5
85.8883 	DATA 	TR 56 | TR1 28 | TR2 28
87.4548 	DATA 	Keypress: 5
87.4548 	DATA 	TR 57 | TR1 29 | TR2 28
89.0052 	DATA 	Keypress: 5
89.0213 	DATA 	TR 58 | TR1 29 | TR2 29
90.5879 	DATA 	Keypress: 5
90.5879 	DATA 	TR 59 | TR1 30 | TR2 29
92.1378 	DATA 	Keypress: 5
92.1378 	DATA 	TR 60 | TR1 30 | TR2 30
93.7042 	DATA 	Keypress: 5
93.7043 	DATA 	TR 61 | TR1 31 | TR2 30
95.2541 	DATA 	Keypress: 5
95.2542 	DATA 	TR 62 | TR1 31 | TR2 31
96.8373 	DATA 	Keypress: 5
96.8373 	DATA 	TR 63 | TR1 32 | TR2 31
97.6040 	DATA 	
97.6040 	DATA 	Trial complete
97.6040 	DATA 	Waiting for VASO trigger to start next trial
97.6040 	DATA 	
98.3871 	DATA 	Keypress: 5
98.3872 	DATA 	TR 64 | TR1 32 | TR2 32
99.9537 	DATA 	Keypress: 5
99.9538 	DATA 	Waited 2.3497629165649414 seconds for trigger
99.9546 	DATA 	
99.9546 	DATA 	Trial 2
99.9546 	DATA 	stimDur = 12.0
99.9546 	DATA 	jitter = 0.0
99.9546 	DATA 	restDur = 30.0

99.9546 	DATA 	
99.9546 	DATA 	TR 65 | TR1 33 | TR2 32
99.9546 	DATA 	
99.9546 	DATA 	stimulation started
99.9546 	DATA 	
101.5037 	DATA 	Keypress: 5
101.5038 	DATA 	TR 66 | TR1 33 | TR2 33
103.0702 	DATA 	Keypress: 5
103.0703 	DATA 	TR 67 | TR1 34 | TR2 33
104.6366 	DATA 	Keypress: 5
104.6367 	DATA 	TR 68 | TR1 34 | TR2 34
106.1032 	DATA 	Target presented
106.2032 	DATA 	Keypress: 5
106.2032 	DATA 	TR 69 | TR1 35 | TR2 34
106.6365 	DATA 	Keypress: 1
106.6365 	DATA 	Key1 pressed
106.6365 	DATA 	Target detected
107.7530 	DATA 	Keypress: 5
107.7531 	DATA 	TR 70 | TR1 35 | TR2 35
109.3196 	DATA 	Keypress: 5
109.3196 	DATA 	TR 71 | TR1 36 | TR2 35
110.8694 	DATA 	Keypress: 5
110.8695 	DATA 	TR 72 | TR1 36 | TR2 36
111.9693 	DATA 	
111.9693 	DATA 	stimulation stopped
111.9693 	DATA 	
112.4526 	DATA 	Keypress: 5
112.4526 	DATA 	TR 73 | TR1 37 | TR2 36
114.0025 	DATA 	Keypress: 5
114.0025 	DATA 	TR 74 | TR1 37 | TR2 37
115.5689 	DATA 	Keypress: 5
115.5690 	DATA 	TR 75 | TR1 38 | TR2 37
117.1188 	DATA 	Keypress: 5
117.1188 	DATA 	TR 76 | TR1 38 | TR2 38
118.7020 	DATA 	Keypress: 5
118.7020 	DATA 	TR 77 | TR1 39 | TR2 38
120.2518 	DATA 	Keypress: 5
120.2519 	DATA 	TR 78 | TR1 39 | TR2 39
121.8184 	DATA 	Keypress: 5
121.8185 	DATA 	TR 79 | TR1 40 | TR2 39
123.3682 	DATA 	Keypress: 5
123.3683 	DATA 	TR 80 | TR1 40 | TR2 40
124.9348 	DATA 	Keypress: 5
124.9348 	DATA 	TR 81 | TR1 41 | TR2 40
126.4852 	DATA 	Keypress: 5
126.5012 	DATA 	TR 82 | TR1 41 | TR2 41
128.0678 	DATA 	Keypress: 5
128.0679 	DATA 	TR 83 | TR1 42 | TR2 41
129.6177 	DATA 	Keypress: 5
129.6177 	DATA 	TR 84 | TR1 42 | TR2 42
131.1842 	DATA 	Keypress: 5
131.1843 	DATA 	TR 85 | TR1 43 | TR2 42
132.7340 	DATA 	Keypress: 5
132.7341 	DATA 	TR 86 | TR1 43 | TR2 43
134.3173 	DATA 	Keypress: 5
134.3173 	DATA 	TR 87 | TR1 44 | TR2 43
135.8671 	DATA 	Keypress: 5
135.8671 	DATA 	TR 88 | TR1 44 | TR2 44
137.4337 	DATA 	Keypress: 5
137.4337 	DATA 	TR 89 | TR1 45 | TR2 44
138.9836 	DATA 	Keypress: 5
138.9836 	DATA 	TR 90 | TR1 45 | TR2 45
140.5506 	DATA 	Keypress: 5
140.5666 	DATA 	TR 91 | TR1 46 | TR2 45
141.9665 	DATA 	
141.9665 	DATA 	Trial complete
141.9665 	DATA 	Waiting for VASO trigger to start next trial
141.9665 	DATA 	
142.1165 	DATA 	Keypress: 5
142.1166 	DATA 	TR 92 | TR1 46 | TR2 46
143.6831 	DATA 	Keypress: 5
143.6831 	DATA 	Waited 1.7166030406951904 seconds for trigger
143.6839 	DATA 	
143.6839 	DATA 	Trial 3
143.6839 	DATA 	stimDur = 24.0
143.6839 	DATA 	jitter = 1.5705
143.6839 	DATA 	restDur = 40.0

143.6839 	DATA 	
143.6839 	DATA 	TR 93 | TR1 47 | TR2 46
145.2329 	DATA 	Keypress: 5
145.2330 	DATA 	TR 94 | TR1 47 | TR2 47
145.2662 	DATA 	
145.2662 	DATA 	stimulation started
145.2662 	DATA 	
146.7995 	DATA 	Keypress: 5
146.7995 	DATA 	TR 95 | TR1 48 | TR2 47
148.3494 	DATA 	Keypress: 5
148.3494 	DATA 	TR 96 | TR1 48 | TR2 48
149.9326 	DATA 	Keypress: 5
149.9326 	DATA 	TR 97 | TR1 49 | TR2 48
151.4824 	DATA 	Keypress: 5
151.4824 	DATA 	TR 98 | TR1 49 | TR2 49
153.0490 	DATA 	Keypress: 5
153.0490 	DATA 	TR 99 | TR1 50 | TR2 49
154.5988 	DATA 	Keypress: 5
154.5988 	DATA 	TR 100 | TR1 50 | TR2 50
155.4487 	DATA 	Target presented
155.8821 	DATA 	Keypress: 1
155.8821 	DATA 	Key1 pressed
155.8821 	DATA 	Target detected
156.1820 	DATA 	Keypress: 5
156.1820 	DATA 	TR 101 | TR1 51 | TR2 50
157.7318 	DATA 	Keypress: 5
157.7319 	DATA 	TR 102 | TR1 51 | TR2 51
159.2984 	DATA 	Keypress: 5
159.2984 	DATA 	TR 103 | TR1 52 | TR2 51
160.8482 	DATA 	Keypress: 5
160.8483 	DATA 	TR 104 | TR1 52 | TR2 52
162.4148 	DATA 	Keypress: 5
162.4148 	DATA 	TR 105 | TR1 53 | TR2 52
163.9653 	DATA 	Keypress: 5
163.9812 	DATA 	TR 106 | TR1 53 | TR2 53
165.5478 	DATA 	Keypress: 5
165.5479 	DATA 	TR 107 | TR1 54 | TR2 53
167.0977 	DATA 	Keypress: 5
167.0977 	DATA 	TR 108 | TR1 54 | TR2 54
168.6642 	DATA 	Keypress: 5
168.6642 	DATA 	TR 109 | TR1 55 | TR2 54
169.2641 	DATA 	
169.2641 	DATA 	stimulation stopped
169.2641 	DATA 	
170.2140 	DATA 	Keypress: 5
170.2140 	DATA 	TR 110 | TR1 55 | TR2 55
171.7972 	DATA 	Keypress: 5
171.7972 	DATA 	TR 111 | TR1 56 | TR2 55
173.3470 	DATA 	Keypress: 5
173.3471 	DATA 	TR 112 | TR1 56 | TR2 56
174.9136 	DATA 	Keypress: 5
174.9136 	DATA 	TR 113 | TR1 57 | TR2 56
176.4634 	DATA 	Keypress: 5
176.4635 	DATA 	TR 114 | TR1 57 | TR2 57
178.0466 	DATA 	Keypress: 5
178.0467 	DATA 	TR 115 | TR1 58 | TR2 57
179.5965 	DATA 	Keypress: 5
179.5965 	DATA 	TR 116 | TR1 58 | TR2 58
181.1630 	DATA 	Keypress: 5
181.1631 	DATA 	TR 117 | TR1 59 | TR2 58
182.7129 	DATA 	Keypress: 5
182.7129 	DATA 	TR 118 | TR1 59 | TR2 59
184.2796 	DATA 	Keypress: 5
184.2796 	DATA 	TR 119 | TR1 60 | TR2 59
185.8292 	DATA 	Keypress: 5
185.8293 	DATA 	TR 120 | TR1 60 | TR2 60
187.4125 	DATA 	Keypress: 5
187.4125 	DATA 	TR 121 | TR1 61 | TR2 60
188.9623 	DATA 	Keypress: 5
188.9623 	DATA 	TR 122 | TR1 61 | TR2 61
190.5288 	DATA 	Keypress: 5
190.5289 	DATA 	TR 123 | TR1 62 | TR2 61
192.0787 	DATA 	Keypress: 5
192.0787 	DATA 	TR 124 | TR1 62 | TR2 62
193.6619 	DATA 	Keypress: 5
193.6619 	DATA 	TR 125 | TR1 63 | TR2 62
195.2117 	DATA 	Keypress: 5
195.2118 	DATA 	TR 126 | TR1 63 | TR2 63
196.7783 	DATA 	Keypress: 5
196.7784 	DATA 	TR 127 | TR1 64 | TR2 63
197.8948 	DATA 	Target presented
198.3281 	DATA 	Keypress: 5
198.3282 	DATA 	TR 128 | TR1 64 | TR2 64
198.4948 	DATA 	Keypress: 1
198.4948 	DATA 	Key1 pressed
198.4948 	DATA 	Target detected
199.8952 	DATA 	Keypress: 5
199.9113 	DATA 	TR 129 | TR1 65 | TR2 64
201.4612 	DATA 	Keypress: 5
201.4612 	DATA 	TR 130 | TR1 65 | TR2 65
203.0277 	DATA 	Keypress: 5
203.0278 	DATA 	TR 131 | TR1 66 | TR2 65
204.5775 	DATA 	Keypress: 5
204.5776 	DATA 	TR 132 | TR1 66 | TR2 66
206.1441 	DATA 	Keypress: 5
206.1442 	DATA 	TR 133 | TR1 67 | TR2 66
207.6939 	DATA 	Keypress: 5
207.6940 	DATA 	TR 134 | TR1 67 | TR2 67
209.2604 	DATA 	
209.2605 	DATA 	Trial complete
209.2605 	DATA 	Waiting for VASO trigger to start next trial
209.2605 	DATA 	
209.2771 	DATA 	Keypress: 5
209.2772 	DATA 	Waited 0.0166928768157959 seconds for trigger
209.2780 	DATA 	
209.2780 	DATA 	Trial 4
209.2780 	DATA 	stimDur = 1.0
209.2780 	DATA 	jitter = 2.35575
209.2780 	DATA 	restDur = 20.0

209.2780 	DATA 	
209.2780 	DATA 	TR 135 | TR1 68 | TR2 67
210.8270 	DATA 	Keypress: 5
210.8270 	DATA 	TR 136 | TR1 68 | TR2 68
211.6435 	DATA 	
211.6435 	DATA 	stimulation started
211.6436 	DATA 	
212.3936 	DATA 	Keypress: 5
212.3937 	DATA 	TR 137 | TR1 69 | TR2 68
212.6435 	DATA 	
212.6435 	DATA 	stimulation stopped
212.6435 	DATA 	
213.9434 	DATA 	Keypress: 5
213.9434 	DATA 	TR 138 | TR1 69 | TR2 69
215.5267 	DATA 	Keypress: 5
215.5268 	DATA 	TR 139 | TR1 70 | TR2 69
217.0764 	DATA 	Keypress: 5
217.0765 	DATA 	TR 140 | TR1 70 | TR2 70
218.6430 	DATA 	Keypress: 5
218.6430 	DATA 	TR 141 | TR1 71 | TR2 70
220.1928 	DATA 	Keypress: 5
220.1929 	DATA 	TR 142 | TR1 71 | TR2 71
221.7593 	DATA 	Keypress: 5
221.7594 	DATA 	TR 143 | TR1 72 | TR2 71
223.3098 	DATA 	Keypress: 5
223.3258 	DATA 	TR 144 | TR1 72 | TR2 72
224.8924 	DATA 	Keypress: 5
224.8925 	DATA 	TR 145 | TR1 73 | TR2 72
226.4422 	DATA 	Keypress: 5
226.4423 	DATA 	TR 146 | TR1 73 | TR2 73
228.0088 	DATA 	Keypress: 5
228.0088 	DATA 	TR 147 | TR1 74 | TR2 73
229.5586 	DATA 	Keypress: 5
229.5586 	DATA 	TR 148 | TR1 74 | TR2 74
231.1419 	DATA 	Keypress: 5
231.1419 	DATA 	TR 149 | TR1 75 | TR2 74
232.6417 	DATA 	
232.6417 	DATA 	Trial complete
232.6417 	DATA 	Waiting for VASO trigger to start next trial
232.6417 	DATA 	
232.6917 	DATA 	Keypress: 5
232.6917 	DATA 	TR 150 | TR1 75 | TR2 75
234.2582 	DATA 	Keypress: 5
234.2583 	DATA 	Waited 1.616590976715088 seconds for trigger
234.2590 	DATA 	
234.2590 	DATA 	Trial 5
234.2591 	DATA 	stimDur = 12.0
234.2591 	DATA 	jitter = 0.78525
234.2591 	DATA 	restDur = 30.0

234.2591 	DATA 	
234.2591 	DATA 	TR 151 | TR1 76 | TR2 75
235.0581 	DATA 	
235.0581 	DATA 	stimulation started
235.0581 	DATA 	
235.8082 	DATA 	Keypress: 5
235.8082 	DATA 	TR 152 | TR1 76 | TR2 76
237.3747 	DATA 	Keypress: 5
237.3747 	DATA 	TR 153 | TR1 77 | TR2 76
238.9412 	DATA 	Keypress: 5
238.9412 	DATA 	TR 154 | TR1 77 | TR2 77
240.5077 	DATA 	Keypress: 5
240.5078 	DATA 	TR 155 | TR1 78 | TR2 77
242.0575 	DATA 	Keypress: 5
242.0576 	DATA 	TR 156 | TR1 78 | TR2 78
243.6241 	DATA 	Keypress: 5
243.6242 	DATA 	TR 157 | TR1 79 | TR2 78
245.1741 	DATA 	Keypress: 5
245.1741 	DATA 	TR 158 | TR1 79 | TR2 79
246.7572 	DATA 	Keypress: 5
246.7572 	DATA 	TR 159 | TR1 80 | TR2 79
247.0571 	DATA 	
247.0571 	DATA 	stimulation stopped
247.0571 	DATA 	
248.3069 	DATA 	Keypress: 5
248.3070 	DATA 	TR 160 | TR1 80 | TR2 80
249.8735 	DATA 	Keypress: 5
249.8735 	DATA 	TR 161 | TR1 81 | TR2 80
251.4233 	DATA 	Keypress: 5
251.4233 	DATA 	TR 162 | TR1 81 | TR2 81
253.0066 	DATA 	Keypress: 5
253.0066 	DATA 	TR 163 | TR1 82 | TR2 81
254.5564 	DATA 	Keypress: 5
254.5564 	DATA 	TR 164 | TR1 82 | TR2 82
256.1229 	DATA 	Keypress: 5
256.1230 	DATA 	TR 165 | TR1 83 | TR2 82
257.6727 	DATA 	Keypress: 5
257.6728 	DATA 	TR 166 | TR1 83 | TR2 83
259.2393 	DATA 	Keypress: 5
259.2393 	DATA 	TR 167 | TR1 84 | TR2 83
260.7897 	DATA 	Keypress: 5
260.8058 	DATA 	TR 168 | TR1 84 | TR2 84
262.3724 	DATA 	Keypress: 5
262.3724 	DATA 	TR 169 | TR1 85 | TR2 84
263.9222 	DATA 	Keypress: 5
263.9222 	DATA 	TR 170 | TR1 85 | TR2 85
264.0222 	DATA 	Target presented
264.5888 	DATA 	Keypress: 1
264.5889 	DATA 	Key1 pressed
264.5889 	DATA 	Target detected
265.4887 	DATA 	Keypress: 5
265.4887 	DATA 	TR 171 | TR1 86 | TR2 85
267.0386 	DATA 	Keypress: 5
267.0386 	DATA 	TR 172 | TR1 86 | TR2 86
268.6218 	DATA 	Keypress: 5
268.6218 	DATA 	TR 173 | TR1 87 | TR2 86
270.1716 	DATA 	Keypress: 5
270.1717 	DATA 	TR 174 | TR1 87 | TR2 87
271.7382 	DATA 	Keypress: 5
271.7382 	DATA 	TR 175 | TR1 88 | TR2 87
273.2880 	DATA 	Keypress: 5
273.2881 	DATA 	TR 176 | TR1 88 | TR2 88
274.8552 	DATA 	Keypress: 5
274.8712 	DATA 	TR 177 | TR1 89 | TR2 88
276.4210 	DATA 	Keypress: 5
276.4211 	DATA 	TR 178 | TR1 89 | TR2 89
277.0543 	DATA 	
277.0543 	DATA 	Trial complete
277.0543 	DATA 	Waiting for VASO trigger to start next trial
277.0543 	DATA 	
277.9877 	DATA 	Keypress: 5
277.9878 	DATA 	Waited 0.9334518909454346 seconds for trigger
277.9886 	DATA 	
277.9886 	DATA 	Trial 6
277.9886 	DATA 	stimDur = 2.0
277.9886 	DATA 	jitter = 0.78525
277.9886 	DATA 	restDur = 22.0

277.9886 	DATA 	
277.9886 	DATA 	TR 179 | TR1 90 | TR2 89
278.7876 	DATA 	
278.7876 	DATA 	stimulation started
278.7876 	DATA 	
279.5375 	DATA 	Keypress: 5
279.5375 	DATA 	TR 180 | TR1 90 | TR2 90
280.7874 	DATA 	
280.7874 	DATA 	stimulation stopped
280.7874 	DATA 	
281.1040 	DATA 	Keypress: 5
281.1040 	DATA 	TR 181 | TR1 91 | TR2 90
282.6538 	DATA 	Keypress: 5
282.6539 	DATA 	TR 182 | TR1 91 | TR2 91
284.2370 	DATA 	Keypress: 5
284.2371 	DATA 	TR 183 | TR1 92 | TR2 91
285.7870 	DATA 	Keypress: 5
285.7870 	DATA 	TR 184 | TR1 92 | TR2 92
287.3534 	DATA 	Keypress: 5
287.3535 	DATA 	TR 185 | TR1 93 | TR2 92
288.9032 	DATA 	Keypress: 5
288.9033 	DATA 	TR 186 | TR1 93 | TR2 93
290.4865 	DATA 	Keypress: 5
290.4866 	DATA 	TR 187 | TR1 94 | TR2 93
292.0363 	DATA 	Keypress: 5
292.0364 	DATA 	TR 188 | TR1 94 | TR2 94
293.6028 	DATA 	Keypress: 5
293.6029 	DATA 	TR 189 | TR1 95 | TR2 94
295.1527 	DATA 	Keypress: 5
295.1527 	DATA 	TR 190 | TR1 95 | TR2 95
296.7194 	DATA 	Keypress: 5
296.7194 	DATA 	TR 191 | TR1 96 | TR2 95
298.2857 	DATA 	Keypress: 5
298.2858 	DATA 	TR 192 | TR1 96 | TR2 96
299.8523 	DATA 	Keypress: 5
299.8523 	DATA 	TR 193 | TR1 97 | TR2 96
301.4021 	DATA 	Keypress: 5
301.4022 	DATA 	TR 194 | TR1 97 | TR2 97
302.7853 	DATA 	
302.7853 	DATA 	Trial complete
302.7853 	DATA 	Waiting for VASO trigger to start next trial
302.7853 	DATA 	
302.9687 	DATA 	Keypress: 5
302.9687 	DATA 	Waited 0.18336796760559082 seconds for trigger
302.9695 	DATA 	
302.9695 	DATA 	Trial 7
302.9695 	DATA 	stimDur = 2.0
302.9695 	DATA 	jitter = 0.0
302.9695 	DATA 	restDur = 22.0

302.9695 	DATA 	
302.9695 	DATA 	TR 195 | TR1 98 | TR2 97
302.9695 	DATA 	
302.9695 	DATA 	stimulation started
302.9695 	DATA 	
304.5185 	DATA 	Keypress: 5
304.5186 	DATA 	TR 196 | TR1 98 | TR2 98
304.9851 	DATA 	
304.9851 	DATA 	stimulation stopped
304.9851 	DATA 	
306.1017 	DATA 	Keypress: 5
306.1018 	DATA 	TR 197 | TR1 99 | TR2 98
307.6516 	DATA 	Keypress: 5
307.6516 	DATA 	TR 198 | TR1 99 | TR2 99
309.2181 	DATA 	Keypress: 5
309.2182 	DATA 	TR 199 | TR1 100 | TR2 99
310.7681 	DATA 	Keypress: 5
310.7681 	DATA 	TR 200 | TR1 100 | TR2 100
312.1845 	DATA 	Target presented
312.3512 	DATA 	Keypress: 5
312.3512 	DATA 	TR 201 | TR1 101 | TR2 100
312.6678 	DATA 	Keypress: 1
312.6678 	DATA 	Key1 pressed
312.6678 	DATA 	Target detected
313.9011 	DATA 	Keypress: 5
313.9011 	DATA 	TR 202 | TR1 101 | TR2 101
315.4677 	DATA 	Keypress: 5
315.4677 	DATA 	TR 203 | TR1 102 | TR2 101
317.0174 	DATA 	Keypress: 5
317.0175 	DATA 	TR 204 | TR1 102 | TR2 102
318.5839 	DATA 	Keypress: 5
318.5839 	DATA 	TR 205 | TR1 103 | TR2 102
320.1344 	DATA 	Keypress: 5
320.1504 	DATA 	TR 206 | TR1 103 | TR2 103
321.7169 	DATA 	Keypress: 5
321.7170 	DATA 	TR 207 | TR1 104 | TR2 103
323.2668 	DATA 	Keypress: 5
323.2669 	DATA 	TR 208 | TR1 104 | TR2 104
324.8333 	DATA 	Keypress: 5
324.8334 	DATA 	TR 209 | TR1 105 | TR2 104
326.3832 	DATA 	Keypress: 5
326.3833 	DATA 	TR 210 | TR1 105 | TR2 105
326.9830 	DATA 	
326.9831 	DATA 	Trial complete
326.9831 	DATA 	Waiting for VASO trigger to start next trial
326.9831 	DATA 	
327.9665 	DATA 	Keypress: 5
327.9665 	DATA 	Waited 0.9834609031677246 seconds for trigger
327.9673 	DATA 	
327.9673 	DATA 	Trial 8
327.9673 	DATA 	stimDur = 2.0
327.9673 	DATA 	jitter = 1.5705
327.9673 	DATA 	restDur = 22.0

327.9673 	DATA 	
327.9673 	DATA 	TR 211 | TR1 106 | TR2 105
329.5163 	DATA 	Keypress: 5
329.5163 	DATA 	TR 212 | TR1 106 | TR2 106
329.5495 	DATA 	
329.5495 	DATA 	stimulation started
329.5495 	DATA 	
331.0828 	DATA 	Keypress: 5
331.0829 	DATA 	TR 213 | TR1 107 | TR2 106
331.5494 	DATA 	
331.5494 	DATA 	stimulation stopped
331.5494 	DATA 	
332.6327 	DATA 	Keypress: 5
332.6327 	DATA 	TR 214 | TR1 107 | TR2 107
334.1992 	DATA 	Keypress: 5
334.1992 	DATA 	TR 215 | TR1 108 | TR2 107
335.7657 	DATA 	Keypress: 5
335.7657 	DATA 	TR 216 | TR1 108 | TR2 108
337.3322 	DATA 	Keypress: 5
337.3322 	DATA 	TR 217 | TR1 109 | TR2 108
338.8821 	DATA 	Keypress: 5
338.8821 	DATA 	TR 218 | TR1 109 | TR2 109
340.4486 	DATA 	Keypress: 5
340.4486 	DATA 	TR 219 | TR1 110 | TR2 109
341.9985 	DATA 	Keypress: 5
341.9985 	DATA 	TR 220 | TR1 110 | TR2 110
343.5816 	DATA 	Keypress: 5
343.5817 	DATA 	TR 221 | TR1 111 | TR2 110
345.1317 	DATA 	Keypress: 5
345.1317 	DATA 	TR 222 | TR1 111 | TR2 111
346.6980 	DATA 	Keypress: 5
346.6980 	DATA 	TR 223 | TR1 112 | TR2 111
348.2479 	DATA 	Keypress: 5
348.2479 	DATA 	TR 224 | TR1 112 | TR2 112
349.8311 	DATA 	Keypress: 5
349.8311 	DATA 	TR 225 | TR1 113 | TR2 112
351.3809 	DATA 	Keypress: 5
351.3810 	DATA 	TR 226 | TR1 113 | TR2 113
352.9474 	DATA 	Keypress: 5
352.9475 	DATA 	TR 227 | TR1 114 | TR2 113
353.5473 	DATA 	
353.5474 	DATA 	Trial complete
353.5474 	DATA 	Waiting for VASO trigger to start next trial
353.5474 	DATA 	
354.4973 	DATA 	Keypress: 5
354.4974 	DATA 	TR 228 | TR1 114 | TR2 114
356.0638 	DATA 	Keypress: 5
356.0639 	DATA 	Waited 2.5165019035339355 seconds for trigger
356.0646 	DATA 	
356.0647 	DATA 	Trial 9
356.0647 	DATA 	stimDur = 12.0
356.0647 	DATA 	jitter = 1.5705
356.0647 	DATA 	restDur = 30.0

356.0647 	DATA 	
356.0647 	DATA 	TR 229 | TR1 115 | TR2 114
357.6139 	DATA 	Keypress: 5
357.6140 	DATA 	TR 230 | TR1 115 | TR2 115
357.6470 	DATA 	
357.6470 	DATA 	stimulation started
357.6470 	DATA 	
359.1970 	DATA 	Keypress: 5
359.1970 	DATA 	TR 231 | TR1 116 | TR2 115
360.7468 	DATA 	Keypress: 5
360.7469 	DATA 	TR 232 | TR1 116 | TR2 116
361.4967 	DATA 	Target presented
361.9967 	DATA 	Keypress: 1
361.9967 	DATA 	Key1 pressed
361.9967 	DATA 	Target detected
362.3134 	DATA 	Keypress: 5
362.3135 	DATA 	TR 233 | TR1 117 | TR2 116
363.8632 	DATA 	Keypress: 5
363.8633 	DATA 	TR 234 | TR1 117 | TR2 117
365.4465 	DATA 	Keypress: 5
365.4465 	DATA 	TR 235 | TR1 118 | TR2 117
366.9963 	DATA 	Keypress: 5
366.9963 	DATA 	TR 236 | TR1 118 | TR2 118
368.5628 	DATA 	Keypress: 5
368.5628 	DATA 	TR 237 | TR1 119 | TR2 118
369.6459 	DATA 	
369.6460 	DATA 	stimulation stopped
369.6460 	DATA 	
370.1126 	DATA 	Keypress: 5
370.1126 	DATA 	TR 238 | TR1 119 | TR2 119
371.6791 	DATA 	Keypress: 5
371.6791 	DATA 	TR 239 | TR1 120 | TR2 119
373.2456 	DATA 	Keypress: 5
373.2457 	DATA 	TR 240 | TR1 120 | TR2 120
374.8121 	DATA 	Keypress: 5
374.8122 	DATA 	TR 241 | TR1 121 | TR2 120
376.3620 	DATA 	Keypress: 5
376.3620 	DATA 	TR 242 | TR1 121 | TR2 121
377.9285 	DATA 	Keypress: 5
377.9286 	DATA 	TR 243 | TR1 122 | TR2 121
379.4784 	DATA 	Keypress: 5
379.4784 	DATA 	TR 244 | TR1 122 | TR2 122
381.0615 	DATA 	Keypress: 5
381.0616 	DATA 	TR 245 | TR1 123 | TR2 122
382.6114 	DATA 	Keypress: 5
382.6115 	DATA 	TR 246 | TR1 123 | TR2 123
384.1780 	DATA 	Keypress: 5
384.1780 	DATA 	TR 247 | TR1 124 | TR2 123
385.7278 	DATA 	Keypress: 5
385.7279 	DATA 	TR 248 | TR1 124 | TR2 124
387.3110 	DATA 	Keypress: 5
387.3110 	DATA 	TR 249 | TR1 125 | TR2 124
388.8609 	DATA 	Keypress: 5
388.8609 	DATA 	TR 250 | TR1 125 | TR2 125
390.4273 	DATA 	Keypress: 5
390.4273 	DATA 	TR 251 | TR1 126 | TR2 125
391.9773 	DATA 	Keypress: 5
391.9773 	DATA 	TR 252 | TR1 126 | TR2 126
393.5437 	DATA 	Keypress: 5
393.5437 	DATA 	TR 253 | TR1 127 | TR2 126
395.0943 	DATA 	Keypress: 5
395.1103 	DATA 	TR 254 | TR1 127 | TR2 127
396.6769 	DATA 	Keypress: 5
396.6770 	DATA 	TR 255 | TR1 128 | TR2 127
398.2267 	DATA 	Keypress: 5
398.2267 	DATA 	TR 256 | TR1 128 | TR2 128
399.6432 	DATA 	
399.6432 	DATA 	Trial complete
399.6432 	DATA 	Waiting for VASO trigger to start next trial
399.6432 	DATA 	
399.7932 	DATA 	Keypress: 5
399.7932 	DATA 	Waited 0.15001487731933594 seconds for trigger
399.7940 	DATA 	
399.7940 	DATA 	Trial 10
399.7940 	DATA 	stimDur = 4.0
399.7940 	DATA 	jitter = 0.78525
399.7940 	DATA 	restDur = 24.0

399.7940 	DATA 	
399.7940 	DATA 	TR 257 | TR1 129 | TR2 128
400.5931 	DATA 	
400.5931 	DATA 	stimulation started
400.5931 	DATA 	
401.3431 	DATA 	Keypress: 5
401.3432 	DATA 	TR 258 | TR1 129 | TR2 129
402.9263 	DATA 	Keypress: 5
402.9264 	DATA 	TR 259 | TR1 130 | TR2 129
404.4761 	DATA 	Keypress: 5
404.4762 	DATA 	TR 260 | TR1 130 | TR2 130
404.5928 	DATA 	
404.5928 	DATA 	stimulation stopped
404.5928 	DATA 	
406.0426 	DATA 	Keypress: 5
406.0427 	DATA 	TR 261 | TR1 131 | TR2 130
407.5926 	DATA 	Keypress: 5
407.5927 	DATA 	TR 262 | TR1 131 | TR2 131
409.1757 	DATA 	Keypress: 5
409.1757 	DATA 	TR 263 | TR1 132 | TR2 131
410.6755 	DATA 	Target presented
410.7256 	DATA 	Keypress: 5
410.7256 	DATA 	TR 264 | TR1 132 | TR2 132
411.1422 	DATA 	Keypress: 1
411.1422 	DATA 	Key1 pressed
411.1422 	DATA 	Target detected
412.2921 	DATA 	Keypress: 5
412.2921 	DATA 	TR 265 | TR1 133 | TR2 132
413.8419 	DATA 	Keypress: 5
413.8420 	DATA 	TR 266 | TR1 133 | TR2 133
415.4084 	DATA 	Keypress: 5
415.4085 	DATA 	TR 267 | TR1 134 | TR2 133
416.9583 	DATA 	Keypress: 5
416.9584 	DATA 	TR 268 | TR1 134 | TR2 134
418.5415 	DATA 	Keypress: 5
418.5415 	DATA 	TR 269 | TR1 135 | TR2 134
420.0914 	DATA 	Keypress: 5
420.0914 	DATA 	TR 270 | TR1 135 | TR2 135
421.6579 	DATA 	Keypress: 5
421.6579 	DATA 	TR 271 | TR1 136 | TR2 135
423.2077 	DATA 	Keypress: 5
423.2078 	DATA 	TR 272 | TR1 136 | TR2 136
424.7909 	DATA 	Keypress: 5
424.7910 	DATA 	TR 273 | TR1 137 | TR2 136
426.3408 	DATA 	Keypress: 5
426.3409 	DATA 	TR 274 | TR1 137 | TR2 137
427.9073 	DATA 	Keypress: 5
427.9073 	DATA 	TR 275 | TR1 138 | TR2 137
428.5905 	DATA 	
428.5906 	DATA 	Trial complete
428.5906 	DATA 	Waiting for VASO trigger to start next trial
428.5906 	DATA 	
429.4572 	DATA 	Keypress: 5
429.4572 	DATA 	TR 276 | TR1 138 | TR2 138
431.0237 	DATA 	Keypress: 5
431.0237 	DATA 	Waited 2.4331600666046143 seconds for trigger
431.0245 	DATA 	
431.0245 	DATA 	Trial 11
431.0245 	DATA 	stimDur = 4.0
431.0245 	DATA 	jitter = 2.35575
431.0245 	DATA 	restDur = 24.0

431.0245 	DATA 	
431.0245 	DATA 	TR 277 | TR1 139 | TR2 138
432.5902 	DATA 	Keypress: 5
432.5903 	DATA 	TR 278 | TR1 139 | TR2 139
433.3901 	DATA 	
433.3901 	DATA 	stimulation started
433.3901 	DATA 	
434.1568 	DATA 	Keypress: 5
434.1568 	DATA 	TR 279 | TR1 140 | TR2 139
435.7067 	DATA 	Keypress: 5
435.7067 	DATA 	TR 280 | TR1 140 | TR2 140
437.2732 	DATA 	Keypress: 5
437.2732 	DATA 	TR 281 | TR1 141 | TR2 140
437.3898 	DATA 	
437.3898 	DATA 	stimulation stopped
437.3898 	DATA 	
438.8231 	DATA 	Keypress: 5
438.8231 	DATA 	TR 282 | TR1 141 | TR2 141
440.4062 	DATA 	Keypress: 5
440.4062 	DATA 	TR 283 | TR1 142 | TR2 141
441.9562 	DATA 	Keypress: 5
441.9562 	DATA 	TR 284 | TR1 142 | TR2 142
443.5226 	DATA 	Keypress: 5
443.5226 	DATA 	TR 285 | TR1 143 | TR2 142
445.0724 	DATA 	Keypress: 5
445.0725 	DATA 	TR 286 | TR1 143 | TR2 143
446.6395 	DATA 	Keypress: 5
446.6556 	DATA 	TR 287 | TR1 144 | TR2 143
448.2055 	DATA 	Keypress: 5
448.2055 	DATA 	TR 288 | TR1 144 | TR2 144
449.7720 	DATA 	Keypress: 5
449.7720 	DATA 	TR 289 | TR1 145 | TR2 144
451.3219 	DATA 	Keypress: 5
451.3219 	DATA 	TR 290 | TR1 145 | TR2 145
452.3051 	DATA 	Keypress: 1
452.3051 	DATA 	Key1 pressed
452.8884 	DATA 	Keypress: 5
452.8884 	DATA 	TR 291 | TR1 146 | TR2 145
454.4389 	DATA 	Keypress: 5
454.4548 	DATA 	TR 292 | TR1 146 | TR2 146
456.0214 	DATA 	Keypress: 5
456.0214 	DATA 	TR 293 | TR1 147 | TR2 146
457.5713 	DATA 	Keypress: 5
457.5713 	DATA 	TR 294 | TR1 147 | TR2 147
459.1378 	DATA 	Keypress: 5
459.1378 	DATA 	TR 295 | TR1 148 | TR2 147
460.6877 	DATA 	Keypress: 5
460.6877 	DATA 	TR 296 | TR1 148 | TR2 148
461.3878 	DATA 	
461.3878 	DATA 	Trial complete
461.3878 	DATA 	Waiting for VASO trigger to start next trial
461.3878 	DATA 	
462.2708 	DATA 	Keypress: 5
462.2709 	DATA 	Waited 0.8830668926239014 seconds for trigger
462.2717 	DATA 	
462.2717 	DATA 	Trial 12
462.2717 	DATA 	stimDur = 24.0
462.2717 	DATA 	jitter = 0.0
462.2717 	DATA 	restDur = 40.0

462.2717 	DATA 	
462.2717 	DATA 	TR 297 | TR1 149 | TR2 148
462.2717 	DATA 	
462.2717 	DATA 	stimulation started
462.2717 	DATA 	
463.8209 	DATA 	Keypress: 5
463.8210 	DATA 	TR 298 | TR1 149 | TR2 149
464.9207 	DATA 	Keypress: 1
464.9207 	DATA 	Key1 pressed
465.3873 	DATA 	Keypress: 5
465.3873 	DATA 	TR 299 | TR1 150 | TR2 149
466.9372 	DATA 	Keypress: 5
466.9372 	DATA 	TR 300 | TR1 150 | TR2 150
468.5037 	DATA 	Keypress: 5
468.5037 	DATA 	TR 301 | TR1 151 | TR2 150
469.2869 	DATA 	Target presented
469.7536 	DATA 	Keypress: 1
469.7536 	DATA 	Key1 pressed
469.7536 	DATA 	Target detected
470.0702 	DATA 	Keypress: 5
470.0702 	DATA 	TR 302 | TR1 151 | TR2 151
471.6367 	DATA 	Keypress: 5
471.6368 	DATA 	TR 303 | TR1 152 | TR2 151
473.1866 	DATA 	Keypress: 5
473.1867 	DATA 	TR 304 | TR1 152 | TR2 152
474.7531 	DATA 	Keypress: 5
474.7531 	DATA 	TR 305 | TR1 153 | TR2 152
476.3030 	DATA 	Keypress: 5
476.3030 	DATA 	TR 306 | TR1 153 | TR2 153
477.8862 	DATA 	Keypress: 5
477.8862 	DATA 	TR 307 | TR1 154 | TR2 153
479.4360 	DATA 	Keypress: 5
479.4361 	DATA 	TR 308 | TR1 154 | TR2 154
481.0025 	DATA 	Keypress: 5
481.0026 	DATA 	TR 309 | TR1 155 | TR2 154
482.5524 	DATA 	Keypress: 5
482.5525 	DATA 	TR 310 | TR1 155 | TR2 155
484.1356 	DATA 	Keypress: 5
484.1356 	DATA 	TR 311 | TR1 156 | TR2 155
485.6855 	DATA 	Keypress: 5
485.6855 	DATA 	TR 312 | TR1 156 | TR2 156
486.2853 	DATA 	
486.2854 	DATA 	stimulation stopped
486.2854 	DATA 	
487.2519 	DATA 	Keypress: 5
487.2520 	DATA 	TR 313 | TR1 157 | TR2 156
488.8018 	DATA 	Keypress: 5
488.8018 	DATA 	TR 314 | TR1 157 | TR2 157
490.3684 	DATA 	Keypress: 5
490.3684 	DATA 	TR 315 | TR1 158 | TR2 157
491.9182 	DATA 	Keypress: 5
491.9182 	DATA 	TR 316 | TR1 158 | TR2 158
493.5013 	DATA 	Keypress: 5
493.5014 	DATA 	TR 317 | TR1 159 | TR2 158
495.0512 	DATA 	Keypress: 5
495.0513 	DATA 	TR 318 | TR1 159 | TR2 159
496.6177 	DATA 	Keypress: 5
496.6178 	DATA 	TR 319 | TR1 160 | TR2 159
498.1676 	DATA 	Keypress: 5
498.1677 	DATA 	TR 320 | TR1 160 | TR2 160
499.7507 	DATA 	Keypress: 5
499.7507 	DATA 	TR 321 | TR1 161 | TR2 160
501.3008 	DATA 	Keypress: 5
501.3008 	DATA 	TR 322 | TR1 161 | TR2 161
502.8672 	DATA 	Keypress: 5
502.8672 	DATA 	TR 323 | TR1 162 | TR2 161
504.4170 	DATA 	Keypress: 5
504.4171 	DATA 	TR 324 | TR1 162 | TR2 162
505.9843 	DATA 	Keypress: 5
506.0001 	DATA 	TR 325 | TR1 163 | TR2 162
507.5501 	DATA 	Keypress: 5
507.5501 	DATA 	TR 326 | TR1 163 | TR2 163
509.1166 	DATA 	Keypress: 5
509.1166 	DATA 	TR 327 | TR1 164 | TR2 163
510.6665 	DATA 	Keypress: 5
510.6665 	DATA 	TR 328 | TR1 164 | TR2 164
512.2330 	DATA 	Keypress: 5
512.2330 	DATA 	TR 329 | TR1 165 | TR2 164
513.7829 	DATA 	Keypress: 5
513.7829 	DATA 	TR 330 | TR1 165 | TR2 165
515.3660 	DATA 	Keypress: 5
515.3660 	DATA 	TR 331 | TR1 166 | TR2 165
516.9159 	DATA 	Keypress: 5
516.9160 	DATA 	TR 332 | TR1 166 | TR2 166
518.4824 	DATA 	Keypress: 5
518.4824 	DATA 	TR 333 | TR1 167 | TR2 166
520.0323 	DATA 	Keypress: 5
520.0323 	DATA 	TR 334 | TR1 167 | TR2 167
521.6154 	DATA 	Keypress: 5
521.6155 	DATA 	TR 335 | TR1 168 | TR2 167
523.1652 	DATA 	Keypress: 5
523.1652 	DATA 	TR 336 | TR1 168 | TR2 168
524.7318 	DATA 	Keypress: 5
524.7319 	DATA 	TR 337 | TR1 169 | TR2 168
526.2817 	DATA 	Keypress: 5
526.2818 	DATA 	TR 338 | TR1 169 | TR2 169
526.2818 	DATA 	
526.2818 	DATA 	Trial complete
526.2818 	DATA 	Waiting for VASO trigger to start next trial
526.2818 	DATA 	
527.8482 	DATA 	Keypress: 5
527.8483 	DATA 	Waited 1.56644606590271 seconds for trigger
527.8490 	DATA 	
527.8490 	DATA 	Trial 13
527.8490 	DATA 	stimDur = 4.0
527.8490 	DATA 	jitter = 1.5705
527.8491 	DATA 	restDur = 24.0

527.8491 	DATA 	
527.8491 	DATA 	TR 339 | TR1 170 | TR2 169
529.3987 	DATA 	Keypress: 5
529.4147 	DATA 	TR 340 | TR1 170 | TR2 170
529.4314 	DATA 	
529.4314 	DATA 	stimulation started
529.4314 	DATA 	
530.9813 	DATA 	Keypress: 5
530.9813 	DATA 	TR 341 | TR1 171 | TR2 170
532.5313 	DATA 	Keypress: 5
532.5314 	DATA 	TR 342 | TR1 171 | TR2 171
533.4311 	DATA 	
533.4311 	DATA 	stimulation stopped
533.4311 	DATA 	
534.0976 	DATA 	Keypress: 5
534.0977 	DATA 	TR 343 | TR1 172 | TR2 171
535.6475 	DATA 	Keypress: 5
535.6476 	DATA 	TR 344 | TR1 172 | TR2 172
537.2307 	DATA 	Keypress: 5
537.2307 	DATA 	TR 345 | TR1 173 | TR2 172
538.7806 	DATA 	Keypress: 5
538.7806 	DATA 	TR 346 | TR1 173 | TR2 173
540.3471 	DATA 	Keypress: 5
540.3471 	DATA 	TR 347 | TR1 174 | TR2 173
541.8969 	DATA 	Keypress: 5
541.8970 	DATA 	TR 348 | TR1 174 | TR2 174
543.4802 	DATA 	Keypress: 5
543.4802 	DATA 	TR 349 | TR1 175 | TR2 174
545.0300 	DATA 	Keypress: 5
545.0300 	DATA 	TR 350 | TR1 175 | TR2 175
545.2133 	DATA 	Target presented
545.7632 	DATA 	Keypress: 1
545.7633 	DATA 	Key1 pressed
545.7633 	DATA 	Target detected
546.5965 	DATA 	Keypress: 5
546.5965 	DATA 	TR 351 | TR1 176 | TR2 175
548.1464 	DATA 	Keypress: 5
548.1464 	DATA 	TR 352 | TR1 176 | TR2 176
549.7129 	DATA 	Keypress: 5
549.7130 	DATA 	TR 353 | TR1 177 | TR2 176
551.2628 	DATA 	Keypress: 5
551.2629 	DATA 	TR 354 | TR1 177 | TR2 177
552.8459 	DATA 	Keypress: 5
552.8460 	DATA 	TR 355 | TR1 178 | TR2 177
554.3958 	DATA 	Keypress: 5
554.3959 	DATA 	TR 356 | TR1 178 | TR2 178
555.9623 	DATA 	Keypress: 5
555.9624 	DATA 	TR 357 | TR1 179 | TR2 178
557.4288 	DATA 	
557.4288 	DATA 	Trial complete
557.4288 	DATA 	Waiting for VASO trigger to start next trial
557.4289 	DATA 	
557.5122 	DATA 	Keypress: 5
557.5123 	DATA 	TR 358 | TR1 179 | TR2 179
559.0956 	DATA 	Keypress: 5
559.0957 	DATA 	Waited 1.6668140888214111 seconds for trigger
559.0964 	DATA 	
559.0964 	DATA 	Trial 14
559.0964 	DATA 	stimDur = 2.0
559.0965 	DATA 	jitter = 2.35575
559.0965 	DATA 	restDur = 22.0

559.0965 	DATA 	
559.0965 	DATA 	TR 359 | TR1 180 | TR2 179
560.6452 	DATA 	Keypress: 5
560.6453 	DATA 	TR 360 | TR1 180 | TR2 180
561.4618 	DATA 	
561.4618 	DATA 	stimulation started
561.4618 	DATA 	
562.2120 	DATA 	Keypress: 5
562.2120 	DATA 	TR 361 | TR1 181 | TR2 180
563.4617 	DATA 	
563.4617 	DATA 	stimulation stopped
563.4617 	DATA 	
563.7616 	DATA 	Keypress: 5
563.7617 	DATA 	TR 362 | TR1 181 | TR2 181
565.3288 	DATA 	Keypress: 5
565.3448 	DATA 	TR 363 | TR1 182 | TR2 181
566.8947 	DATA 	Keypress: 5
566.8947 	DATA 	TR 364 | TR1 182 | TR2 182
568.4612 	DATA 	Keypress: 5
568.4612 	DATA 	TR 365 | TR1 183 | TR2 182
570.0110 	DATA 	Keypress: 5
570.0111 	DATA 	TR 366 | TR1 183 | TR2 183
571.5776 	DATA 	Keypress: 5
571.5776 	DATA 	TR 367 | TR1 184 | TR2 183
573.1276 	DATA 	Keypress: 5
573.1276 	DATA 	TR 368 | TR1 184 | TR2 184
574.7106 	DATA 	Keypress: 5
574.7107 	DATA 	TR 369 | TR1 185 | TR2 184
576.2605 	DATA 	Keypress: 5
576.2605 	DATA 	TR 370 | TR1 185 | TR2 185
577.8270 	DATA 	Keypress: 5
577.8271 	DATA 	TR 371 | TR1 186 | TR2 185
579.3769 	DATA 	Keypress: 5
579.3769 	DATA 	TR 372 | TR1 186 | TR2 186
580.9440 	DATA 	Keypress: 5
580.9600 	DATA 	TR 373 | TR1 187 | TR2 186
582.5099 	DATA 	Keypress: 5
582.5100 	DATA 	TR 374 | TR1 187 | TR2 187
584.0764 	DATA 	Keypress: 5
584.0765 	DATA 	TR 375 | TR1 188 | TR2 187
585.4596 	DATA 	
585.4596 	DATA 	Trial complete
585.4596 	DATA 	Waiting for VASO trigger to start next trial
585.4596 	DATA 	
585.6263 	DATA 	Keypress: 5
585.6263 	DATA 	TR 376 | TR1 188 | TR2 188
587.1928 	DATA 	Keypress: 5
587.1929 	DATA 	Waited 1.7332420349121094 seconds for trigger
587.1936 	DATA 	
587.1937 	DATA 	Trial 15
587.1937 	DATA 	stimDur = 4.0
587.1937 	DATA 	jitter = 0.0
587.1937 	DATA 	restDur = 24.0

587.1937 	DATA 	
587.1937 	DATA 	TR 377 | TR1 189 | TR2 188
587.1937 	DATA 	
587.1937 	DATA 	stimulation started
587.1937 	DATA 	
588.7434 	DATA 	Keypress: 5
588.7594 	DATA 	TR 378 | TR1 189 | TR2 189
590.3259 	DATA 	Keypress: 5
590.3260 	DATA 	TR 379 | TR1 190 | TR2 189
591.2091 	DATA 	
591.2091 	DATA 	stimulation stopped
591.2092 	DATA 	
591.8755 	DATA 	Keypress: 5
591.8755 	DATA 	TR 380 | TR1 190 | TR2 190
593.4424 	DATA 	Keypress: 5
593.4425 	DATA 	TR 381 | TR1 191 | TR2 190
594.9921 	DATA 	Keypress: 5
594.9921 	DATA 	TR 382 | TR1 191 | TR2 191
596.5753 	DATA 	Keypress: 5
596.5754 	DATA 	TR 383 | TR1 192 | TR2 191
598.1251 	DATA 	Keypress: 5
598.1252 	DATA 	TR 384 | TR1 192 | TR2 192
599.6917 	DATA 	Keypress: 5
599.6917 	DATA 	TR 385 | TR1 193 | TR2 192
601.2415 	DATA 	Keypress: 5
601.2416 	DATA 	TR 386 | TR1 193 | TR2 193
602.8088 	DATA 	Keypress: 5
602.8247 	DATA 	TR 387 | TR1 194 | TR2 193
604.3746 	DATA 	Keypress: 5
604.3746 	DATA 	TR 388 | TR1 194 | TR2 194
605.9411 	DATA 	Keypress: 5
605.9412 	DATA 	TR 389 | TR1 195 | TR2 194
607.4910 	DATA 	Keypress: 5
607.4910 	DATA 	TR 390 | TR1 195 | TR2 195
609.0575 	DATA 	Keypress: 5
609.0575 	DATA 	TR 391 | TR1 196 | TR2 195
610.6073 	DATA 	Keypress: 5
610.6074 	DATA 	TR 392 | TR1 196 | TR2 196
612.1905 	DATA 	Keypress: 5
612.1906 	DATA 	TR 393 | TR1 197 | TR2 196
613.7404 	DATA 	Keypress: 5
613.7404 	DATA 	TR 394 | TR1 197 | TR2 197
613.7737 	DATA 	Target presented
614.3070 	DATA 	Keypress: 1
614.3071 	DATA 	Key1 pressed
614.3071 	DATA 	Target detected
615.2069 	DATA 	
615.2069 	DATA 	Trial complete
615.2069 	DATA 	Waiting for VASO trigger to start next trial
615.2069 	DATA 	
615.3069 	DATA 	Keypress: 5
615.3070 	DATA 	Waited 0.10006308555603027 seconds for trigger
615.3077 	DATA 	
615.3078 	DATA 	Trial 16
615.3078 	DATA 	stimDur = 1.0
615.3078 	DATA 	jitter = 1.5705
615.3078 	DATA 	restDur = 20.0

615.3078 	DATA 	
615.3078 	DATA 	TR 395 | TR1 198 | TR2 197
616.8568 	DATA 	Keypress: 5
616.8568 	DATA 	TR 396 | TR1 198 | TR2 198
616.8901 	DATA 	
616.8901 	DATA 	stimulation started
616.8901 	DATA 	
617.8900 	DATA 	
617.8900 	DATA 	stimulation stopped
617.8900 	DATA 	
618.4400 	DATA 	Keypress: 5
618.4400 	DATA 	TR 397 | TR1 199 | TR2 198
619.9898 	DATA 	Keypress: 5
619.9898 	DATA 	TR 398 | TR1 199 | TR2 199
621.5564 	DATA 	Keypress: 5
621.5564 	DATA 	TR 399 | TR1 200 | TR2 199
623.1062 	DATA 	Keypress: 5
623.1062 	DATA 	TR 400 | TR1 200 | TR2 200
624.6728 	DATA 	Keypress: 5
624.6728 	DATA 	TR 401 | TR1 201 | TR2 200
626.2232 	DATA 	Keypress: 5
626.2392 	DATA 	TR 402 | TR1 201 | TR2 201
627.8058 	DATA 	Keypress: 5
627.8058 	DATA 	TR 403 | TR1 202 | TR2 201
629.3557 	DATA 	Keypress: 5
629.3558 	DATA 	TR 404 | TR1 202 | TR2 202
630.9222 	DATA 	Keypress: 5
630.9222 	DATA 	TR 405 | TR1 203 | TR2 202
632.4720 	DATA 	Keypress: 5
632.4720 	DATA 	TR 406 | TR1 203 | TR2 203
634.0552 	DATA 	Keypress: 5
634.0553 	DATA 	TR 407 | TR1 204 | TR2 203
635.6050 	DATA 	Keypress: 5
635.6051 	DATA 	TR 408 | TR1 204 | TR2 204
637.1716 	DATA 	Keypress: 5
637.1717 	DATA 	TR 409 | TR1 205 | TR2 204
637.8882 	DATA 	
637.8882 	DATA 	Trial complete
637.8882 	DATA 	Waiting for VASO trigger to start next trial
637.8882 	DATA 	
638.7214 	DATA 	Keypress: 5
638.7215 	DATA 	TR 410 | TR1 205 | TR2 205
640.2887 	DATA 	Keypress: 5
640.3046 	DATA 	Waited 2.4164071083068848 seconds for trigger
640.3054 	DATA 	
640.3054 	DATA 	Trial 17
640.3054 	DATA 	stimDur = 1.0
640.3054 	DATA 	jitter = 0.0
640.3054 	DATA 	restDur = 20.0

640.3054 	DATA 	
640.3054 	DATA 	TR 411 | TR1 206 | TR2 205
640.3054 	DATA 	
640.3054 	DATA 	stimulation started
640.3054 	DATA 	
641.3212 	DATA 	
641.3212 	DATA 	stimulation stopped
641.3212 	DATA 	
641.8545 	DATA 	Keypress: 5
641.8545 	DATA 	TR 412 | TR1 206 | TR2 206
643.4211 	DATA 	Keypress: 5
643.4211 	DATA 	TR 413 | TR1 207 | TR2 206
644.9708 	DATA 	Keypress: 5
644.9709 	DATA 	TR 414 | TR1 207 | TR2 207
646.5374 	DATA 	Keypress: 5
646.5375 	DATA 	TR 415 | TR1 208 | TR2 207
648.0872 	DATA 	Keypress: 5
648.0873 	DATA 	TR 416 | TR1 208 | TR2 208
649.6706 	DATA 	Keypress: 5
649.6707 	DATA 	TR 417 | TR1 209 | TR2 208
651.2203 	DATA 	Keypress: 5
651.2204 	DATA 	TR 418 | TR1 209 | TR2 209
652.7869 	DATA 	Keypress: 5
652.7869 	DATA 	TR 419 | TR1 210 | TR2 209
654.3367 	DATA 	Keypress: 5
654.3367 	DATA 	TR 420 | TR1 210 | TR2 210
655.9199 	DATA 	Keypress: 5
655.9199 	DATA 	TR 421 | TR1 211 | TR2 210
657.4697 	DATA 	Keypress: 5
657.4698 	DATA 	TR 422 | TR1 211 | TR2 211
659.0363 	DATA 	Keypress: 5
659.0363 	DATA 	TR 423 | TR1 212 | TR2 211
660.5861 	DATA 	Keypress: 5
660.5862 	DATA 	TR 424 | TR1 212 | TR2 212
661.3193 	DATA 	
661.3193 	DATA 	Trial complete
661.3194 	DATA 	Waiting for VASO trigger to start next trial
661.3194 	DATA 	
662.1527 	DATA 	Keypress: 5
662.1527 	DATA 	Waited 0.8333518505096436 seconds for trigger
662.1535 	DATA 	
662.1535 	DATA 	Trial 18
662.1535 	DATA 	stimDur = 12.0
662.1535 	DATA 	jitter = 2.35575
662.1535 	DATA 	restDur = 30.0

662.1535 	DATA 	
662.1535 	DATA 	TR 425 | TR1 213 | TR2 212
663.7192 	DATA 	Keypress: 5
663.7192 	DATA 	TR 426 | TR1 213 | TR2 213
664.5191 	DATA 	
664.5191 	DATA 	stimulation started
664.5191 	DATA 	
665.2858 	DATA 	Keypress: 5
665.2858 	DATA 	TR 427 | TR1 214 | TR2 213
666.8357 	DATA 	Keypress: 5
666.8358 	DATA 	TR 428 | TR1 214 | TR2 214
668.4022 	DATA 	Keypress: 5
668.4022 	DATA 	TR 429 | TR1 215 | TR2 214
669.9520 	DATA 	Keypress: 5
669.9520 	DATA 	TR 430 | TR1 215 | TR2 215
671.5352 	DATA 	Keypress: 5
671.5352 	DATA 	TR 431 | TR1 216 | TR2 215
673.0850 	DATA 	Keypress: 5
673.0851 	DATA 	TR 432 | TR1 216 | TR2 216
674.6516 	DATA 	Keypress: 5
674.6516 	DATA 	TR 433 | TR1 217 | TR2 216
676.2014 	DATA 	Keypress: 5
676.2015 	DATA 	TR 434 | TR1 217 | TR2 217
676.5180 	DATA 	
676.5180 	DATA 	stimulation stopped
676.5180 	DATA 	
677.7846 	DATA 	Keypress: 5
677.7846 	DATA 	TR 435 | TR1 218 | TR2 217
679.3345 	DATA 	Keypress: 5
679.3346 	DATA 	TR 436 | TR1 218 | TR2 218
680.9009 	DATA 	Keypress: 5
680.9009 	DATA 	TR 437 | TR1 219 | TR2 218
682.4508 	DATA 	Keypress: 5
682.4508 	DATA 	TR 438 | TR1 219 | TR2 219
684.0174 	DATA 	Keypress: 5
684.0174 	DATA 	TR 439 | TR1 220 | TR2 219
685.5672 	DATA 	Keypress: 5
685.5672 	DATA 	TR 440 | TR1 220 | TR2 220
687.1504 	DATA 	Keypress: 5
687.1504 	DATA 	TR 441 | TR1 221 | TR2 220
687.9003 	DATA 	Target presented
688.4002 	DATA 	Keypress: 1
688.4003 	DATA 	Key1 pressed
688.4003 	DATA 	Target detected
688.7002 	DATA 	Keypress: 5
688.7002 	DATA 	TR 442 | TR1 221 | TR2 221
690.2667 	DATA 	Keypress: 5
690.2668 	DATA 	TR 443 | TR1 222 | TR2 221
691.8166 	DATA 	Keypress: 5
691.8166 	DATA 	TR 444 | TR1 222 | TR2 222
693.3998 	DATA 	Keypress: 5
693.3998 	DATA 	TR 445 | TR1 223 | TR2 222
694.9498 	DATA 	Keypress: 5
694.9498 	DATA 	TR 446 | TR1 223 | TR2 223
696.5161 	DATA 	Keypress: 5
696.5162 	DATA 	TR 447 | TR1 224 | TR2 223
698.0661 	DATA 	Keypress: 5
698.0661 	DATA 	TR 448 | TR1 224 | TR2 224
699.6325 	DATA 	Keypress: 5
699.6326 	DATA 	TR 449 | TR1 225 | TR2 224
701.1991 	DATA 	Keypress: 5
701.1992 	DATA 	TR 450 | TR1 225 | TR2 225
702.7656 	DATA 	Keypress: 5
702.7657 	DATA 	TR 451 | TR1 226 | TR2 225
704.3155 	DATA 	Keypress: 5
704.3155 	DATA 	TR 452 | TR1 226 | TR2 226
705.8820 	DATA 	Keypress: 5
705.8820 	DATA 	TR 453 | TR1 227 | TR2 226
706.5152 	DATA 	
706.5152 	DATA 	Trial complete
706.5152 	DATA 	Waiting for VASO trigger to start next trial
706.5152 	DATA 	
707.4318 	DATA 	Keypress: 5
707.4319 	DATA 	TR 454 | TR1 227 | TR2 227
709.0150 	DATA 	Keypress: 5
709.0151 	DATA 	Waited 2.499830961227417 seconds for trigger
709.0158 	DATA 	
709.0159 	DATA 	Trial 19
709.0159 	DATA 	stimDur = 1.0
709.0159 	DATA 	jitter = 0.78525
709.0159 	DATA 	restDur = 20.0

709.0159 	DATA 	
709.0159 	DATA 	TR 455 | TR1 228 | TR2 227
709.8149 	DATA 	
709.8149 	DATA 	stimulation started
709.8149 	DATA 	
710.5650 	DATA 	Keypress: 5
710.5650 	DATA 	TR 456 | TR1 228 | TR2 228
710.8149 	DATA 	
710.8149 	DATA 	stimulation stopped
710.8149 	DATA 	
712.1315 	DATA 	Keypress: 5
712.1316 	DATA 	TR 457 | TR1 229 | TR2 228
713.6813 	DATA 	Keypress: 5
713.6813 	DATA 	TR 458 | TR1 229 | TR2 229
715.2644 	DATA 	Keypress: 5
715.2645 	DATA 	TR 459 | TR1 230 | TR2 229
716.8144 	DATA 	Keypress: 5
716.8144 	DATA 	TR 460 | TR1 230 | TR2 230
718.3808 	DATA 	Keypress: 5
718.3809 	DATA 	TR 461 | TR1 231 | TR2 230
719.9307 	DATA 	Keypress: 5
719.9308 	DATA 	TR 462 | TR1 231 | TR2 231
721.4972 	DATA 	Keypress: 5
721.4973 	DATA 	TR 463 | TR1 232 | TR2 231
723.0478 	DATA 	Keypress: 5
723.0637 	DATA 	TR 464 | TR1 232 | TR2 232
724.6303 	DATA 	Keypress: 5
724.6303 	DATA 	TR 465 | TR1 233 | TR2 232
726.1802 	DATA 	Keypress: 5
726.1802 	DATA 	TR 466 | TR1 233 | TR2 233
727.7466 	DATA 	Keypress: 5
727.7467 	DATA 	TR 467 | TR1 234 | TR2 233
729.2965 	DATA 	Keypress: 5
729.2965 	DATA 	TR 468 | TR1 234 | TR2 234
730.8130 	DATA 	
730.8130 	DATA 	Trial complete
730.8131 	DATA 	
730.8799 	DATA 	Keypress: 5
730.8800 	DATA 	Waited 24.364737033843994 seconds for trigger
730.8807 	DATA 	
730.8807 	DATA 	Trial 20
730.8808 	DATA 	stimDur = 24.0
730.8808 	DATA 	jitter = 0.78525
730.8808 	DATA 	restDur = 40.0

730.8808 	DATA 	
730.8808 	DATA 	TR 469 | TR1 235 | TR2 234
731.6796 	DATA 	
731.6796 	DATA 	stimulation started
731.6796 	DATA 	
732.4296 	DATA 	Keypress: 5
732.4297 	DATA 	TR 470 | TR1 235 | TR2 235
733.9961 	DATA 	Keypress: 5
733.9962 	DATA 	TR 471 | TR1 236 | TR2 235
735.5460 	DATA 	Keypress: 5
735.5461 	DATA 	TR 472 | TR1 236 | TR2 236
737.1125 	DATA 	Keypress: 5
737.1126 	DATA 	TR 473 | TR1 237 | TR2 236
738.6791 	DATA 	Keypress: 5
738.6791 	DATA 	TR 474 | TR1 237 | TR2 237
740.2456 	DATA 	Keypress: 5
740.2456 	DATA 	TR 475 | TR1 238 | TR2 237
741.7954 	DATA 	Keypress: 5
741.7955 	DATA 	TR 476 | TR1 238 | TR2 238
743.3620 	DATA 	Keypress: 5
743.3620 	DATA 	TR 477 | TR1 239 | TR2 238
744.9119 	DATA 	Keypress: 5
744.9120 	DATA 	TR 478 | TR1 239 | TR2 239
746.4950 	DATA 	Keypress: 5
746.4950 	DATA 	TR 479 | TR1 240 | TR2 239
748.0449 	DATA 	Keypress: 5
748.0449 	DATA 	TR 480 | TR1 240 | TR2 240
749.6114 	DATA 	Keypress: 5
749.6114 	DATA 	TR 481 | TR1 241 | TR2 240
751.1613 	DATA 	Keypress: 5
751.1613 	DATA 	TR 482 | TR1 241 | TR2 241
752.7444 	DATA 	Keypress: 5
752.7445 	DATA 	TR 483 | TR1 242 | TR2 241
754.2943 	DATA 	Keypress: 5
754.2944 	DATA 	TR 484 | TR1 242 | TR2 242
755.6775 	DATA 	
755.6775 	DATA 	stimulation stopped
755.6775 	DATA 	
755.8608 	DATA 	Keypress: 5
755.8608 	DATA 	TR 485 | TR1 243 | TR2 242
757.4106 	DATA 	Keypress: 5
757.4107 	DATA 	TR 486 | TR1 243 | TR2 243
758.9771 	DATA 	Keypress: 5
758.9772 	DATA 	TR 487 | TR1 244 | TR2 243
760.5276 	DATA 	Keypress: 5
760.5436 	DATA 	TR 488 | TR1 244 | TR2 244
762.1102 	DATA 	Keypress: 5
762.1102 	DATA 	TR 489 | TR1 245 | TR2 244
763.6601 	DATA 	Keypress: 5
763.6602 	DATA 	TR 490 | TR1 245 | TR2 245
765.2265 	DATA 	Keypress: 5
765.2266 	DATA 	TR 491 | TR1 246 | TR2 245
766.7764 	DATA 	Keypress: 5
766.7765 	DATA 	TR 492 | TR1 246 | TR2 246
767.4597 	DATA 	Target presented
767.9598 	DATA 	Keypress: 1
767.9598 	DATA 	Key1 pressed
767.9598 	DATA 	Target detected
768.3597 	DATA 	Keypress: 5
768.3598 	DATA 	TR 493 | TR1 247 | TR2 246
769.9095 	DATA 	Keypress: 5
769.9095 	DATA 	TR 494 | TR1 247 | TR2 247
771.4760 	DATA 	Keypress: 5
771.4760 	DATA 	TR 495 | TR1 248 | TR2 247
773.0259 	DATA 	Keypress: 5
773.0259 	DATA 	TR 496 | TR1 248 | TR2 248
774.5930 	DATA 	Keypress: 5
774.6090 	DATA 	TR 497 | TR1 249 | TR2 248
776.1589 	DATA 	Keypress: 5
776.1590 	DATA 	TR 498 | TR1 249 | TR2 249
777.7254 	DATA 	Keypress: 5
777.7255 	DATA 	TR 499 | TR1 250 | TR2 249
779.2753 	DATA 	Keypress: 5
779.2753 	DATA 	TR 500 | TR1 250 | TR2 250
780.8418 	DATA 	Keypress: 5
780.8418 	DATA 	TR 501 | TR1 251 | TR2 250
782.3917 	DATA 	Keypress: 5
782.3917 	DATA 	TR 502 | TR1 251 | TR2 251
783.9748 	DATA 	Keypress: 5
783.9749 	DATA 	TR 503 | TR1 252 | TR2 251
785.5247 	DATA 	Keypress: 5
785.5248 	DATA 	TR 504 | TR1 252 | TR2 252
787.0912 	DATA 	Keypress: 5
787.0913 	DATA 	TR 505 | TR1 253 | TR2 252
788.6411 	DATA 	Keypress: 5
788.6411 	DATA 	TR 506 | TR1 253 | TR2 253
790.2242 	DATA 	Keypress: 5
790.2243 	DATA 	TR 507 | TR1 254 | TR2 253
791.7742 	DATA 	Keypress: 5
791.7742 	DATA 	TR 508 | TR1 254 | TR2 254
793.3406 	DATA 	Keypress: 5
793.3407 	DATA 	TR 509 | TR1 255 | TR2 254
794.8907 	DATA 	Keypress: 5
794.8907 	DATA 	TR 510 | TR1 255 | TR2 255
795.6737 	DATA 	
795.6737 	DATA 	Trial complete
795.6738 	DATA 	
796.4570 	DATA 	Keypress: 5
796.4571 	DATA 	TR 511 | TR1 256 | TR2 255
798.0236 	DATA 	Keypress: 5
798.0236 	DATA 	TR 512 | TR1 256 | TR2 256
799.5901 	DATA 	Keypress: 5
799.5901 	DATA 	TR 513 | TR1 257 | TR2 256
801.1400 	DATA 	Keypress: 5
801.1400 	DATA 	TR 514 | TR1 257 | TR2 257
802.7065 	DATA 	Keypress: 5
802.7065 	DATA 	TR 515 | TR1 258 | TR2 257
804.2563 	DATA 	Keypress: 5
804.2564 	DATA 	TR 516 | TR1 258 | TR2 258
805.8395 	DATA 	Keypress: 5
805.8396 	DATA 	TR 517 | TR1 259 | TR2 258
807.3894 	DATA 	Keypress: 5
807.3894 	DATA 	TR 518 | TR1 259 | TR2 259
808.9559 	DATA 	Keypress: 5
808.9559 	DATA 	TR 519 | TR1 260 | TR2 259
810.5058 	DATA 	Keypress: 5
810.5058 	DATA 	TR 520 | TR1 260 | TR2 260
812.0891 	DATA 	Keypress: 5
812.0891 	DATA 	TR 521 | TR1 261 | TR2 260
813.6388 	DATA 	Keypress: 5
813.6388 	DATA 	TR 522 | TR1 261 | TR2 261
815.2053 	DATA 	Keypress: 5
815.2054 	DATA 	TR 523 | TR1 262 | TR2 261
816.7552 	DATA 	Keypress: 5
816.7552 	DATA 	TR 524 | TR1 262 | TR2 262
818.3217 	DATA 	Keypress: 5
818.3217 	DATA 	TR 525 | TR1 263 | TR2 262
819.8717 	DATA 	Keypress: 5
819.8718 	DATA 	TR 526 | TR1 263 | TR2 263
820.7714 	DATA 	EndOfRun sub-07_ses-02_run-05

820.7714 	DATA 	We spent 50.20667028427124 seconds waiting for triggers
820.7714 	DATA 	RatioOfDetectedTargets 1.0
820.7715 	DATA 	You have detected 12 out of 12 targets.
825.5939 	DATA 	Keypress: 5
825.5940 	DATA 	Keypress: 5
825.8013 	EXP 	window1: mouseVisible = True
