MonitorDistance=99cm
MonitorWidth=30cm
PixelWidth=1024.0
PixelHeight=768.0
You have detected 9 out of 9 targets.
Excellent! Keep up the good work
4.4694 	INFO 	Loaded monitor calibration from ['2021_05_26 17:55']
4.9867 	EXP 	Created window1 = Window(allowGUI=False, allowStencil=False, autoLog=True, backendConf=UNKNOWN, bitsMode=UNKNOWN, blendMode='avg', bpc=(8, 8, 8), color=array([-0.5, -0.5, -0.5]), colorSpace='rgb', depthBits=8, fullscr=<method-wrapper '__getattribute__' of attributeSetter object at 0x7f5988420208>, gamma=None, gammaErrorPolicy='raise', lms=UNKNOWN, monitor=<psychopy.monitors.calibTools.Monitor object at 0x7f597e23bc18>, multiSample=False, name='window1', numSamples=2, pos=[0.0, 0.0], screen=0, size=array([1024,  768]), stencilBits=0, stereo=False, units='deg', useFBO=False, useRetina=False, viewOri=0.0, viewPos=None, viewScale=None, waitBlanking=True, winType='pyglet')
4.9868 	EXP 	window1: mouseVisible = True
5.0748 	EXP 	Created unnamed TextStim = TextStim(__class__=<class 'psychopy.visual.text.TextStim'>, alignHoriz=method-wrapper(...), alignText='center', alignVert=method-wrapper(...), anchorHoriz='center', anchorVert='center', antialias=True, autoLog=True, bold=False, color=array([1., 1., 1.]), colorSpace='rgb', contrast=1.0, depth=0, flipHoriz=False, flipVert=False, font='', fontFiles=[], height=0.5, italic=False, languageStyle='LTR', name='unnamed TextStim', opacity=1.0, ori=0.0, pos=array([0., 0.]), rgb=UNKNOWN, text=str(...), units='deg', win=Window(...), wrapWidth=15.0)
5.1087 	EXP 	Created Movie Frame 0 = ImageStim(__class__=<class 'psychopy.visual.image.ImageStim'>, autoLog=True, color=array([0.8, 0.8, 0.8]), colorSpace='rgb', contrast=0.8, depth=0, flipHoriz=False, flipVert=False, image='visual_0.png', interpolate=False, mask=None, maskParams=None, name='Movie Frame 0', opacity=1, ori=0.0, pos=array([0., 0.]), size=array([1024,  768]), texRes=128, units='pix', win=Window(...))
5.1359 	EXP 	Created Movie Frame 1 = ImageStim(__class__=<class 'psychopy.visual.image.ImageStim'>, autoLog=True, color=array([0.8, 0.8, 0.8]), colorSpace='rgb', contrast=0.8, depth=0, flipHoriz=False, flipVert=False, image='visual_1.png', interpolate=False, mask=None, maskParams=None, name='Movie Frame 1', opacity=1, ori=0.0, pos=array([0., 0.]), size=array([1024,  768]), texRes=128, units='pix', win=Window(...))
104.5172 	DATA 	Keypress: 5
0.0000 	DATA 	StartOfRun sub-05_ses-01_run-01
0.0000 	DATA 	TR 1 | TR1 1 | TR2 0
0.0179 	DATA 	Initial baseline

1.5501 	DATA 	Keypress: 5
1.5501 	DATA 	TR 2 | TR1 1 | TR2 1
3.1222 	DATA 	Keypress: 5
3.1223 	DATA 	TR 3 | TR1 2 | TR2 1
4.6734 	DATA 	Keypress: 5
4.6734 	DATA 	TR 4 | TR1 2 | TR2 2
6.2456 	DATA 	Keypress: 5
6.2456 	DATA 	TR 5 | TR1 3 | TR2 2
7.7968 	DATA 	Keypress: 5
7.7968 	DATA 	TR 6 | TR1 3 | TR2 3
9.3690 	DATA 	Keypress: 5
9.3690 	DATA 	TR 7 | TR1 4 | TR2 3
10.9202 	DATA 	Keypress: 5
10.9202 	DATA 	TR 8 | TR1 4 | TR2 4
12.4923 	DATA 	Keypress: 5
12.4924 	DATA 	TR 9 | TR1 5 | TR2 4
14.0435 	DATA 	Keypress: 5
14.0436 	DATA 	TR 10 | TR1 5 | TR2 5
15.6158 	DATA 	Keypress: 5
15.6159 	DATA 	TR 11 | TR1 6 | TR2 5
17.1669 	DATA 	Keypress: 5
17.1670 	DATA 	TR 12 | TR1 6 | TR2 6
18.7391 	DATA 	Keypress: 5
18.7391 	DATA 	TR 13 | TR1 7 | TR2 6
20.2903 	DATA 	Keypress: 5
20.2903 	DATA 	TR 14 | TR1 7 | TR2 7
21.8625 	DATA 	Keypress: 5
21.8625 	DATA 	TR 15 | TR1 8 | TR2 7
23.4137 	DATA 	Keypress: 5
23.4138 	DATA 	TR 16 | TR1 8 | TR2 8
24.9860 	DATA 	Keypress: 5
24.9861 	DATA 	TR 17 | TR1 9 | TR2 8
26.5371 	DATA 	Keypress: 5
26.5371 	DATA 	TR 18 | TR1 9 | TR2 9
28.1093 	DATA 	Keypress: 5
28.1093 	DATA 	TR 19 | TR1 10 | TR2 9
29.6605 	DATA 	Keypress: 5
29.6605 	DATA 	TR 20 | TR1 10 | TR2 10
31.2328 	DATA 	Keypress: 5
31.2490 	DATA 	Waited 1.2490191459655762 seconds for trigger
31.2523 	DATA 	
31.2523 	DATA 	Trial 1
31.2523 	DATA 	stimDur = 1.0
31.2523 	DATA 	jitter = 0.0
31.2523 	DATA 	restDur = 12.0

31.2523 	DATA 	
31.2523 	DATA 	TR 21 | TR1 11 | TR2 10
31.2523 	DATA 	
31.2523 	DATA 	stimulation started
31.2523 	DATA 	
32.2656 	DATA 	
32.2656 	DATA 	stimulation stopped
32.2656 	DATA 	
32.7989 	DATA 	Keypress: 5
32.7989 	DATA 	TR 22 | TR1 11 | TR2 11
34.3653 	DATA 	Keypress: 5
34.3654 	DATA 	TR 23 | TR1 12 | TR2 11
35.9152 	DATA 	Keypress: 5
35.9153 	DATA 	TR 24 | TR1 12 | TR2 12
37.4817 	DATA 	Keypress: 5
37.4817 	DATA 	TR 25 | TR1 13 | TR2 12
39.0315 	DATA 	Keypress: 5
39.0316 	DATA 	TR 26 | TR1 13 | TR2 13
40.6147 	DATA 	Keypress: 5
40.6148 	DATA 	TR 27 | TR1 14 | TR2 13
42.1646 	DATA 	Keypress: 5
42.1646 	DATA 	TR 28 | TR1 14 | TR2 14
43.7311 	DATA 	Keypress: 5
43.7311 	DATA 	TR 29 | TR1 15 | TR2 14
44.2644 	DATA 	
44.2644 	DATA 	Trial complete
44.2645 	DATA 	Waiting for VASO trigger to start next trial
44.2645 	DATA 	
45.2810 	DATA 	Keypress: 5
45.2810 	DATA 	TR 30 | TR1 15 | TR2 15
46.8642 	DATA 	Keypress: 5
46.8642 	DATA 	Waited 2.5997440814971924 seconds for trigger
46.8650 	DATA 	
46.8650 	DATA 	Trial 2
46.8650 	DATA 	stimDur = 24.0
46.8650 	DATA 	jitter = 0.0
46.8650 	DATA 	restDur = 24.0

46.8650 	DATA 	
46.8650 	DATA 	TR 31 | TR1 16 | TR2 15
46.8650 	DATA 	
46.8650 	DATA 	stimulation started
46.8650 	DATA 	
48.4143 	DATA 	Keypress: 5
48.4144 	DATA 	TR 32 | TR1 16 | TR2 16
49.9806 	DATA 	Keypress: 5
49.9806 	DATA 	TR 33 | TR1 17 | TR2 16
51.5305 	DATA 	Keypress: 5
51.5305 	DATA 	TR 34 | TR1 17 | TR2 17
53.0970 	DATA 	Keypress: 5
53.0970 	DATA 	TR 35 | TR1 18 | TR2 17
54.6476 	DATA 	Keypress: 5
54.6634 	DATA 	TR 36 | TR1 18 | TR2 18
56.2300 	DATA 	Keypress: 5
56.2301 	DATA 	TR 37 | TR1 19 | TR2 18
57.7800 	DATA 	Keypress: 5
57.7800 	DATA 	TR 38 | TR1 19 | TR2 19
59.3464 	DATA 	Keypress: 5
59.3464 	DATA 	TR 39 | TR1 20 | TR2 19
60.8962 	DATA 	Keypress: 5
60.8963 	DATA 	TR 40 | TR1 20 | TR2 20
62.4794 	DATA 	Keypress: 5
62.4795 	DATA 	TR 41 | TR1 21 | TR2 20
64.0293 	DATA 	Keypress: 5
64.0294 	DATA 	TR 42 | TR1 21 | TR2 21
65.5958 	DATA 	Keypress: 5
65.5958 	DATA 	TR 43 | TR1 22 | TR2 21
67.1457 	DATA 	Keypress: 5
67.1457 	DATA 	TR 44 | TR1 22 | TR2 22
68.7129 	DATA 	Keypress: 5
68.7288 	DATA 	TR 45 | TR1 23 | TR2 22
70.2787 	DATA 	Keypress: 5
70.2788 	DATA 	TR 46 | TR1 23 | TR2 23
70.8786 	DATA 	
70.8786 	DATA 	stimulation stopped
70.8786 	DATA 	
71.8451 	DATA 	Keypress: 5
71.8452 	DATA 	TR 47 | TR1 24 | TR2 23
73.3950 	DATA 	Keypress: 5
73.3951 	DATA 	TR 48 | TR1 24 | TR2 24
74.9615 	DATA 	Keypress: 5
74.9616 	DATA 	TR 49 | TR1 25 | TR2 24
76.5114 	DATA 	Keypress: 5
76.5115 	DATA 	TR 50 | TR1 25 | TR2 25
78.0946 	DATA 	Keypress: 5
78.0946 	DATA 	TR 51 | TR1 26 | TR2 25
79.6445 	DATA 	Keypress: 5
79.6445 	DATA 	TR 52 | TR1 26 | TR2 26
81.2110 	DATA 	Keypress: 5
81.2110 	DATA 	TR 53 | TR1 27 | TR2 26
82.7608 	DATA 	Keypress: 5
82.7609 	DATA 	TR 54 | TR1 27 | TR2 27
84.3441 	DATA 	Keypress: 5
84.3442 	DATA 	TR 55 | TR1 28 | TR2 27
85.8939 	DATA 	Keypress: 5
85.8939 	DATA 	TR 56 | TR1 28 | TR2 28
87.4603 	DATA 	Keypress: 5
87.4604 	DATA 	TR 57 | TR1 29 | TR2 28
89.0102 	DATA 	Keypress: 5
89.0103 	DATA 	TR 58 | TR1 29 | TR2 29
90.5767 	DATA 	Keypress: 5
90.5768 	DATA 	TR 59 | TR1 30 | TR2 29
92.1272 	DATA 	Keypress: 5
92.1432 	DATA 	TR 60 | TR1 30 | TR2 30
93.7098 	DATA 	Keypress: 5
93.7098 	DATA 	TR 61 | TR1 31 | TR2 30
94.8763 	DATA 	
94.8763 	DATA 	Trial complete
94.8763 	DATA 	Waiting for VASO trigger to start next trial
94.8763 	DATA 	
95.2597 	DATA 	Keypress: 5
95.2597 	DATA 	TR 62 | TR1 31 | TR2 31
96.8262 	DATA 	Keypress: 5
96.8262 	DATA 	Waited 1.9498741626739502 seconds for trigger
96.8270 	DATA 	
96.8270 	DATA 	Trial 3
96.8270 	DATA 	stimDur = 24.0
96.8270 	DATA 	jitter = 2.355
96.8270 	DATA 	restDur = 24.0

96.8270 	DATA 	
96.8270 	DATA 	TR 63 | TR1 32 | TR2 31
98.3760 	DATA 	Keypress: 5
98.3761 	DATA 	TR 64 | TR1 32 | TR2 32
99.1926 	DATA 	
99.1926 	DATA 	stimulation started
99.1926 	DATA 	
99.9593 	DATA 	Keypress: 5
99.9593 	DATA 	TR 65 | TR1 33 | TR2 32
101.5092 	DATA 	Keypress: 5
101.5092 	DATA 	TR 66 | TR1 33 | TR2 33
103.0757 	DATA 	Keypress: 5
103.0757 	DATA 	TR 67 | TR1 34 | TR2 33
104.6255 	DATA 	Keypress: 5
104.6256 	DATA 	TR 68 | TR1 34 | TR2 34
106.2087 	DATA 	Keypress: 5
106.2087 	DATA 	TR 69 | TR1 35 | TR2 34
107.7586 	DATA 	Keypress: 5
107.7586 	DATA 	TR 70 | TR1 35 | TR2 35
108.1419 	DATA 	Target presented
108.6092 	DATA 	Keypress: 1
108.6251 	DATA 	Key1 pressed
108.6251 	DATA 	Target detected
109.3251 	DATA 	Keypress: 5
109.3251 	DATA 	TR 71 | TR1 36 | TR2 35
110.8750 	DATA 	Keypress: 5
110.8750 	DATA 	TR 72 | TR1 36 | TR2 36
112.4415 	DATA 	Keypress: 5
112.4415 	DATA 	TR 73 | TR1 37 | TR2 36
113.9913 	DATA 	Keypress: 5
113.9914 	DATA 	TR 74 | TR1 37 | TR2 37
115.5745 	DATA 	Keypress: 5
115.5745 	DATA 	TR 75 | TR1 38 | TR2 37
117.1243 	DATA 	Keypress: 5
117.1244 	DATA 	TR 76 | TR1 38 | TR2 38
118.6910 	DATA 	Keypress: 5
118.6910 	DATA 	TR 77 | TR1 39 | TR2 38
120.2407 	DATA 	Keypress: 5
120.2408 	DATA 	TR 78 | TR1 39 | TR2 39
121.8239 	DATA 	Keypress: 5
121.8239 	DATA 	TR 79 | TR1 40 | TR2 39
123.1904 	DATA 	
123.1904 	DATA 	stimulation stopped
123.1904 	DATA 	
123.3737 	DATA 	Keypress: 5
123.3738 	DATA 	TR 80 | TR1 40 | TR2 40
124.9402 	DATA 	Keypress: 5
124.9402 	DATA 	TR 81 | TR1 41 | TR2 40
126.4901 	DATA 	Keypress: 5
126.4901 	DATA 	TR 82 | TR1 41 | TR2 41
128.0572 	DATA 	Keypress: 5
128.0732 	DATA 	TR 83 | TR1 42 | TR2 41
129.6231 	DATA 	Keypress: 5
129.6231 	DATA 	TR 84 | TR1 42 | TR2 42
131.1896 	DATA 	Keypress: 5
131.1897 	DATA 	TR 85 | TR1 43 | TR2 42
132.7395 	DATA 	Keypress: 5
132.7396 	DATA 	TR 86 | TR1 43 | TR2 43
134.3060 	DATA 	Keypress: 5
134.3061 	DATA 	TR 87 | TR1 44 | TR2 43
135.8561 	DATA 	Keypress: 5
135.8561 	DATA 	TR 88 | TR1 44 | TR2 44
137.4391 	DATA 	Keypress: 5
137.4391 	DATA 	TR 89 | TR1 45 | TR2 44
138.9889 	DATA 	Keypress: 5
138.9890 	DATA 	TR 90 | TR1 45 | TR2 45
140.5554 	DATA 	Keypress: 5
140.5555 	DATA 	TR 91 | TR1 46 | TR2 45
142.1054 	DATA 	Keypress: 5
142.1055 	DATA 	TR 92 | TR1 46 | TR2 46
143.6885 	DATA 	Keypress: 5
143.6885 	DATA 	TR 93 | TR1 47 | TR2 46
145.2383 	DATA 	Keypress: 5
145.2384 	DATA 	TR 94 | TR1 47 | TR2 47
146.8049 	DATA 	Keypress: 5
146.8049 	DATA 	TR 95 | TR1 48 | TR2 47
147.1881 	DATA 	
147.1881 	DATA 	Trial complete
147.1881 	DATA 	Waiting for VASO trigger to start next trial
147.1881 	DATA 	
148.3547 	DATA 	Keypress: 5
148.3548 	DATA 	TR 96 | TR1 48 | TR2 48
149.9212 	DATA 	Keypress: 5
149.9213 	DATA 	Waited 2.733175039291382 seconds for trigger
149.9221 	DATA 	
149.9221 	DATA 	Trial 4
149.9221 	DATA 	stimDur = 4.0
149.9221 	DATA 	jitter = 0.0
149.9221 	DATA 	restDur = 16.0

149.9221 	DATA 	
149.9221 	DATA 	TR 97 | TR1 49 | TR2 48
149.9221 	DATA 	
149.9221 	DATA 	stimulation started
149.9221 	DATA 	
151.4719 	DATA 	Keypress: 5
151.4878 	DATA 	TR 98 | TR1 49 | TR2 49
153.0544 	DATA 	Keypress: 5
153.0544 	DATA 	TR 99 | TR1 50 | TR2 49
153.9375 	DATA 	
153.9375 	DATA 	stimulation stopped
153.9375 	DATA 	
154.6041 	DATA 	Keypress: 5
154.6042 	DATA 	TR 100 | TR1 50 | TR2 50
156.1707 	DATA 	Keypress: 5
156.1707 	DATA 	TR 101 | TR1 51 | TR2 50
157.7205 	DATA 	Keypress: 5
157.7206 	DATA 	TR 102 | TR1 51 | TR2 51
159.3037 	DATA 	Keypress: 5
159.3038 	DATA 	TR 103 | TR1 52 | TR2 51
160.8535 	DATA 	Keypress: 5
160.8536 	DATA 	TR 104 | TR1 52 | TR2 52
162.4201 	DATA 	Keypress: 5
162.4202 	DATA 	TR 105 | TR1 53 | TR2 52
163.9699 	DATA 	Keypress: 5
163.9700 	DATA 	TR 106 | TR1 53 | TR2 53
165.5365 	DATA 	Keypress: 5
165.5366 	DATA 	TR 107 | TR1 54 | TR2 53
167.1030 	DATA 	Keypress: 5
167.1030 	DATA 	TR 108 | TR1 54 | TR2 54
168.6695 	DATA 	Keypress: 5
168.6695 	DATA 	TR 109 | TR1 55 | TR2 54
169.9360 	DATA 	
169.9360 	DATA 	Trial complete
169.9360 	DATA 	Waiting for VASO trigger to start next trial
169.9360 	DATA 	
170.2194 	DATA 	Keypress: 5
170.2194 	DATA 	TR 110 | TR1 55 | TR2 55
171.7859 	DATA 	Keypress: 5
171.7860 	DATA 	Waited 1.8499040603637695 seconds for trigger
171.7867 	DATA 	
171.7867 	DATA 	Trial 5
171.7867 	DATA 	stimDur = 1.0
171.7867 	DATA 	jitter = 2.355
171.7867 	DATA 	restDur = 12.0

171.7867 	DATA 	
171.7867 	DATA 	TR 111 | TR1 56 | TR2 55
173.1358 	DATA 	Target presented
173.3357 	DATA 	Keypress: 5
173.3358 	DATA 	TR 112 | TR1 56 | TR2 56
173.6196 	DATA 	Keypress: 1
173.6357 	DATA 	Key1 pressed
173.6357 	DATA 	Target detected
174.1523 	DATA 	
174.1523 	DATA 	stimulation started
174.1523 	DATA 	
174.9190 	DATA 	Keypress: 5
174.9191 	DATA 	TR 113 | TR1 57 | TR2 56
175.1522 	DATA 	
175.1522 	DATA 	stimulation stopped
175.1523 	DATA 	
176.4688 	DATA 	Keypress: 5
176.4688 	DATA 	TR 114 | TR1 57 | TR2 57
178.0353 	DATA 	Keypress: 5
178.0354 	DATA 	TR 115 | TR1 58 | TR2 57
179.5851 	DATA 	Keypress: 5
179.5852 	DATA 	TR 116 | TR1 58 | TR2 58
181.1684 	DATA 	Keypress: 5
181.1684 	DATA 	TR 117 | TR1 59 | TR2 58
182.7182 	DATA 	Keypress: 5
182.7182 	DATA 	TR 118 | TR1 59 | TR2 59
184.2847 	DATA 	Keypress: 5
184.2848 	DATA 	TR 119 | TR1 60 | TR2 59
185.8346 	DATA 	Keypress: 5
185.8346 	DATA 	TR 120 | TR1 60 | TR2 60
187.1511 	DATA 	
187.1511 	DATA 	Trial complete
187.1511 	DATA 	Waiting for VASO trigger to start next trial
187.1511 	DATA 	
187.4013 	DATA 	Keypress: 5
187.4013 	DATA 	Waited 0.2501969337463379 seconds for trigger
187.4021 	DATA 	
187.4021 	DATA 	Trial 6
187.4021 	DATA 	stimDur = 24.0
187.4021 	DATA 	jitter = 0.785
187.4021 	DATA 	restDur = 24.0

187.4021 	DATA 	
187.4021 	DATA 	TR 121 | TR1 61 | TR2 60
188.2010 	DATA 	
188.2010 	DATA 	stimulation started
188.2010 	DATA 	
188.9677 	DATA 	Keypress: 5
188.9677 	DATA 	TR 122 | TR1 61 | TR2 61
190.5342 	DATA 	Keypress: 5
190.5343 	DATA 	TR 123 | TR1 62 | TR2 61
192.0840 	DATA 	Keypress: 5
192.0841 	DATA 	TR 124 | TR1 62 | TR2 62
193.6506 	DATA 	Keypress: 5
193.6506 	DATA 	TR 125 | TR1 63 | TR2 62
195.2004 	DATA 	Keypress: 5
195.2004 	DATA 	TR 126 | TR1 63 | TR2 63
196.7837 	DATA 	Keypress: 5
196.7837 	DATA 	TR 127 | TR1 64 | TR2 63
198.3335 	DATA 	Keypress: 5
198.3335 	DATA 	TR 128 | TR1 64 | TR2 64
199.9002 	DATA 	Keypress: 5
199.9002 	DATA 	TR 129 | TR1 65 | TR2 64
201.4498 	DATA 	Keypress: 5
201.4499 	DATA 	TR 130 | TR1 65 | TR2 65
203.0171 	DATA 	Keypress: 5
203.0330 	DATA 	TR 131 | TR1 66 | TR2 65
204.5830 	DATA 	Keypress: 5
204.5831 	DATA 	TR 132 | TR1 66 | TR2 66
206.1496 	DATA 	Keypress: 5
206.1496 	DATA 	TR 133 | TR1 67 | TR2 66
207.6992 	DATA 	Keypress: 5
207.6993 	DATA 	TR 134 | TR1 67 | TR2 67
209.2658 	DATA 	Keypress: 5
209.2659 	DATA 	TR 135 | TR1 68 | TR2 67
210.8156 	DATA 	Keypress: 5
210.8157 	DATA 	TR 136 | TR1 68 | TR2 68
212.1988 	DATA 	
212.1988 	DATA 	stimulation stopped
212.1988 	DATA 	
212.3988 	DATA 	Keypress: 5
212.3988 	DATA 	TR 137 | TR1 69 | TR2 68
213.9486 	DATA 	Keypress: 5
213.9487 	DATA 	TR 138 | TR1 69 | TR2 69
215.5152 	DATA 	Keypress: 5
215.5152 	DATA 	TR 139 | TR1 70 | TR2 69
217.0650 	DATA 	Keypress: 5
217.0650 	DATA 	TR 140 | TR1 70 | TR2 70
218.6482 	DATA 	Keypress: 5
218.6483 	DATA 	TR 141 | TR1 71 | TR2 70
220.1981 	DATA 	Keypress: 5
220.1981 	DATA 	TR 142 | TR1 71 | TR2 71
221.7646 	DATA 	Keypress: 5
221.7646 	DATA 	TR 143 | TR1 72 | TR2 71
223.3144 	DATA 	Keypress: 5
223.3145 	DATA 	TR 144 | TR1 72 | TR2 72
224.8810 	DATA 	Keypress: 5
224.8810 	DATA 	TR 145 | TR1 73 | TR2 72
226.4475 	DATA 	Keypress: 5
226.4475 	DATA 	TR 146 | TR1 73 | TR2 73
228.0140 	DATA 	Keypress: 5
228.0140 	DATA 	TR 147 | TR1 74 | TR2 73
229.5638 	DATA 	Keypress: 5
229.5639 	DATA 	TR 148 | TR1 74 | TR2 74
231.1304 	DATA 	Keypress: 5
231.1305 	DATA 	TR 149 | TR1 75 | TR2 74
232.6802 	DATA 	Keypress: 5
232.6802 	DATA 	TR 150 | TR1 75 | TR2 75
234.2634 	DATA 	Keypress: 5
234.2635 	DATA 	TR 151 | TR1 76 | TR2 75
235.8132 	DATA 	Keypress: 5
235.8133 	DATA 	TR 152 | TR1 76 | TR2 76
236.1965 	DATA 	
236.1965 	DATA 	Trial complete
236.1966 	DATA 	Waiting for VASO trigger to start next trial
236.1966 	DATA 	
237.3800 	DATA 	Keypress: 5
237.3800 	DATA 	Waited 1.1834559440612793 seconds for trigger
237.3808 	DATA 	
237.3808 	DATA 	Trial 7
237.3808 	DATA 	stimDur = 12.0
237.3808 	DATA 	jitter = 2.355
237.3808 	DATA 	restDur = 20.0

237.3808 	DATA 	
237.3808 	DATA 	TR 153 | TR1 77 | TR2 76
238.9297 	DATA 	Keypress: 5
238.9297 	DATA 	TR 154 | TR1 77 | TR2 77
239.7462 	DATA 	
239.7462 	DATA 	stimulation started
239.7462 	DATA 	
240.5129 	DATA 	Keypress: 5
240.5130 	DATA 	TR 155 | TR1 78 | TR2 77
242.0627 	DATA 	Keypress: 5
242.0628 	DATA 	TR 156 | TR1 78 | TR2 78
243.6294 	DATA 	Keypress: 5
243.6295 	DATA 	TR 157 | TR1 79 | TR2 78
245.1791 	DATA 	Keypress: 5
245.1791 	DATA 	TR 158 | TR1 79 | TR2 79
245.2291 	DATA 	Target presented
245.6625 	DATA 	Keypress: 1
245.6625 	DATA 	Key1 pressed
245.6625 	DATA 	Target detected
246.7457 	DATA 	Keypress: 5
246.7457 	DATA 	TR 159 | TR1 80 | TR2 79
248.2957 	DATA 	Keypress: 5
248.2957 	DATA 	TR 160 | TR1 80 | TR2 80
249.8787 	DATA 	Keypress: 5
249.8788 	DATA 	TR 161 | TR1 81 | TR2 80
251.4285 	DATA 	Keypress: 5
251.4286 	DATA 	TR 162 | TR1 81 | TR2 81
251.7451 	DATA 	
251.7451 	DATA 	stimulation stopped
251.7451 	DATA 	
252.9951 	DATA 	Keypress: 5
252.9951 	DATA 	TR 163 | TR1 82 | TR2 81
254.5449 	DATA 	Keypress: 5
254.5449 	DATA 	TR 164 | TR1 82 | TR2 82
256.1280 	DATA 	Keypress: 5
256.1281 	DATA 	TR 165 | TR1 83 | TR2 82
257.6779 	DATA 	Keypress: 5
257.6779 	DATA 	TR 166 | TR1 83 | TR2 83
259.2444 	DATA 	Keypress: 5
259.2445 	DATA 	TR 167 | TR1 84 | TR2 83
260.7943 	DATA 	Keypress: 5
260.7943 	DATA 	TR 168 | TR1 84 | TR2 84
262.3614 	DATA 	Keypress: 5
262.3774 	DATA 	TR 169 | TR1 85 | TR2 84
263.9273 	DATA 	Keypress: 5
263.9274 	DATA 	TR 170 | TR1 85 | TR2 85
265.4939 	DATA 	Keypress: 5
265.4939 	DATA 	TR 171 | TR1 86 | TR2 85
267.0437 	DATA 	Keypress: 5
267.0438 	DATA 	TR 172 | TR1 86 | TR2 86
268.6103 	DATA 	Keypress: 5
268.6103 	DATA 	TR 173 | TR1 87 | TR2 86
270.1600 	DATA 	Keypress: 5
270.1601 	DATA 	TR 174 | TR1 87 | TR2 87
271.7433 	DATA 	Keypress: 5
271.7433 	DATA 	TR 175 | TR1 88 | TR2 87
271.7433 	DATA 	
271.7434 	DATA 	Trial complete
271.7434 	DATA 	Waiting for VASO trigger to start next trial
271.7434 	DATA 	
273.2931 	DATA 	Keypress: 5
273.2932 	DATA 	TR 176 | TR1 88 | TR2 88
274.8597 	DATA 	Keypress: 5
274.8597 	DATA 	Waited 3.1163721084594727 seconds for trigger
274.8605 	DATA 	
274.8605 	DATA 	Trial 8
274.8605 	DATA 	stimDur = 1.0
274.8605 	DATA 	jitter = 0.785
274.8605 	DATA 	restDur = 12.0

274.8605 	DATA 	
274.8605 	DATA 	TR 177 | TR1 89 | TR2 88
275.6595 	DATA 	
275.6595 	DATA 	stimulation started
275.6595 	DATA 	
276.4096 	DATA 	Keypress: 5
276.4096 	DATA 	TR 178 | TR1 89 | TR2 89
276.6595 	DATA 	
276.6595 	DATA 	stimulation stopped
276.6595 	DATA 	
277.9927 	DATA 	Keypress: 5
277.9928 	DATA 	TR 179 | TR1 90 | TR2 89
279.5425 	DATA 	Keypress: 5
279.5426 	DATA 	TR 180 | TR1 90 | TR2 90
281.1091 	DATA 	Keypress: 5
281.1091 	DATA 	TR 181 | TR1 91 | TR2 90
282.6589 	DATA 	Keypress: 5
282.6590 	DATA 	TR 182 | TR1 91 | TR2 91
284.2255 	DATA 	Keypress: 5
284.2255 	DATA 	TR 183 | TR1 92 | TR2 91
285.7759 	DATA 	Keypress: 5
285.7919 	DATA 	TR 184 | TR1 92 | TR2 92
287.3585 	DATA 	Keypress: 5
287.3585 	DATA 	TR 185 | TR1 93 | TR2 92
288.6583 	DATA 	
288.6583 	DATA 	Trial complete
288.6583 	DATA 	Waiting for VASO trigger to start next trial
288.6584 	DATA 	
288.9083 	DATA 	Keypress: 5
288.9084 	DATA 	TR 186 | TR1 93 | TR2 93
290.4749 	DATA 	Keypress: 5
290.4749 	DATA 	Waited 1.816575050354004 seconds for trigger
290.4757 	DATA 	
290.4757 	DATA 	Trial 9
290.4757 	DATA 	stimDur = 24.0
290.4757 	DATA 	jitter = 1.57
290.4757 	DATA 	restDur = 24.0

290.4757 	DATA 	
290.4757 	DATA 	TR 187 | TR1 94 | TR2 93
292.0247 	DATA 	Keypress: 5
292.0247 	DATA 	TR 188 | TR1 94 | TR2 94
292.0580 	DATA 	
292.0580 	DATA 	stimulation started
292.0580 	DATA 	
293.6080 	DATA 	Keypress: 5
293.6080 	DATA 	TR 189 | TR1 95 | TR2 94
295.1578 	DATA 	Keypress: 5
295.1579 	DATA 	TR 190 | TR1 95 | TR2 95
295.5744 	DATA 	Target presented
296.0410 	DATA 	Keypress: 1
296.0411 	DATA 	Key1 pressed
296.0411 	DATA 	Target detected
296.7243 	DATA 	Keypress: 5
296.7244 	DATA 	TR 191 | TR1 96 | TR2 95
298.2742 	DATA 	Keypress: 5
298.2742 	DATA 	TR 192 | TR1 96 | TR2 96
299.8407 	DATA 	Keypress: 5
299.8408 	DATA 	TR 193 | TR1 97 | TR2 96
301.4072 	DATA 	Keypress: 5
301.4073 	DATA 	TR 194 | TR1 97 | TR2 97
302.9738 	DATA 	Keypress: 5
302.9738 	DATA 	TR 195 | TR1 98 | TR2 97
304.5237 	DATA 	Keypress: 5
304.5237 	DATA 	TR 196 | TR1 98 | TR2 98
306.0902 	DATA 	Keypress: 5
306.0902 	DATA 	TR 197 | TR1 99 | TR2 98
307.6400 	DATA 	Keypress: 5
307.6400 	DATA 	TR 198 | TR1 99 | TR2 99
309.2232 	DATA 	Keypress: 5
309.2233 	DATA 	TR 199 | TR1 100 | TR2 99
310.7730 	DATA 	Keypress: 5
310.7731 	DATA 	TR 200 | TR1 100 | TR2 100
312.3396 	DATA 	Keypress: 5
312.3396 	DATA 	TR 201 | TR1 101 | TR2 100
313.8894 	DATA 	Keypress: 5
313.8895 	DATA 	TR 202 | TR1 101 | TR2 101
315.4727 	DATA 	Keypress: 5
315.4727 	DATA 	TR 203 | TR1 102 | TR2 101
316.0559 	DATA 	
316.0559 	DATA 	stimulation stopped
316.0559 	DATA 	
317.0224 	DATA 	Keypress: 5
317.0225 	DATA 	TR 204 | TR1 102 | TR2 102
318.5892 	DATA 	Keypress: 5
318.5892 	DATA 	TR 205 | TR1 103 | TR2 102
320.1388 	DATA 	Keypress: 5
320.1388 	DATA 	TR 206 | TR1 103 | TR2 103
321.7053 	DATA 	Keypress: 5
321.7054 	DATA 	TR 207 | TR1 104 | TR2 103
323.2719 	DATA 	Keypress: 5
323.2719 	DATA 	TR 208 | TR1 104 | TR2 104
324.8384 	DATA 	Keypress: 5
324.8384 	DATA 	TR 209 | TR1 105 | TR2 104
326.3882 	DATA 	Keypress: 5
326.3882 	DATA 	TR 210 | TR1 105 | TR2 105
327.9547 	DATA 	Keypress: 5
327.9548 	DATA 	TR 211 | TR1 106 | TR2 105
329.5046 	DATA 	Keypress: 5
329.5046 	DATA 	TR 212 | TR1 106 | TR2 106
331.0878 	DATA 	Keypress: 5
331.0878 	DATA 	TR 213 | TR1 107 | TR2 106
332.6376 	DATA 	Keypress: 5
332.6377 	DATA 	TR 214 | TR1 107 | TR2 107
334.2042 	DATA 	Keypress: 5
334.2042 	DATA 	TR 215 | TR1 108 | TR2 107
335.7540 	DATA 	Keypress: 5
335.7541 	DATA 	TR 216 | TR1 108 | TR2 108
337.3211 	DATA 	Keypress: 5
337.3371 	DATA 	TR 217 | TR1 109 | TR2 108
338.8870 	DATA 	Keypress: 5
338.8871 	DATA 	TR 218 | TR1 109 | TR2 109
340.0532 	DATA 	
340.0532 	DATA 	Trial complete
340.0532 	DATA 	Waiting for VASO trigger to start next trial
340.0532 	DATA 	
340.4532 	DATA 	Keypress: 5
340.4533 	DATA 	Waited 0.4000711441040039 seconds for trigger
340.4541 	DATA 	
340.4541 	DATA 	Trial 10
340.4541 	DATA 	stimDur = 2.0
340.4541 	DATA 	jitter = 0.785
340.4541 	DATA 	restDur = 14.0

340.4541 	DATA 	
340.4541 	DATA 	TR 219 | TR1 110 | TR2 109
341.2531 	DATA 	
341.2531 	DATA 	stimulation started
341.2531 	DATA 	
342.0034 	DATA 	Keypress: 5
342.0035 	DATA 	TR 220 | TR1 110 | TR2 110
343.1366 	DATA 	Target presented
343.2532 	DATA 	
343.2532 	DATA 	stimulation stopped
343.2532 	DATA 	
343.5696 	DATA 	Keypress: 5
343.5696 	DATA 	TR 221 | TR1 111 | TR2 110
343.5862 	DATA 	Keypress: 1
343.5863 	DATA 	Key1 pressed
343.5863 	DATA 	Target detected
345.1195 	DATA 	Keypress: 5
345.1195 	DATA 	TR 222 | TR1 111 | TR2 111
346.7026 	DATA 	Keypress: 5
346.7027 	DATA 	TR 223 | TR1 112 | TR2 111
348.2525 	DATA 	Keypress: 5
348.2525 	DATA 	TR 224 | TR1 112 | TR2 112
349.8193 	DATA 	Keypress: 5
349.8194 	DATA 	TR 225 | TR1 113 | TR2 112
351.3692 	DATA 	Keypress: 5
351.3693 	DATA 	TR 226 | TR1 113 | TR2 113
352.9524 	DATA 	Keypress: 5
352.9524 	DATA 	TR 227 | TR1 114 | TR2 113
354.5023 	DATA 	Keypress: 5
354.5023 	DATA 	TR 228 | TR1 114 | TR2 114
356.0688 	DATA 	Keypress: 5
356.0688 	DATA 	TR 229 | TR1 115 | TR2 114
357.2519 	DATA 	
357.2520 	DATA 	Trial complete
357.2520 	DATA 	Waiting for VASO trigger to start next trial
357.2520 	DATA 	
357.6187 	DATA 	Keypress: 5
357.6187 	DATA 	TR 230 | TR1 115 | TR2 115
359.1852 	DATA 	Keypress: 5
359.1853 	DATA 	Waited 1.933272123336792 seconds for trigger
359.1860 	DATA 	
359.1860 	DATA 	Trial 11
359.1860 	DATA 	stimDur = 4.0
359.1860 	DATA 	jitter = 0.785
359.1860 	DATA 	restDur = 16.0

359.1860 	DATA 	
359.1861 	DATA 	TR 231 | TR1 116 | TR2 115
359.9850 	DATA 	
359.9850 	DATA 	stimulation started
359.9850 	DATA 	
360.7518 	DATA 	Keypress: 5
360.7518 	DATA 	TR 232 | TR1 116 | TR2 116
362.3182 	DATA 	Keypress: 5
362.3183 	DATA 	TR 233 | TR1 117 | TR2 116
363.8683 	DATA 	Keypress: 5
363.8684 	DATA 	TR 234 | TR1 117 | TR2 117
363.9847 	DATA 	
363.9847 	DATA 	stimulation stopped
363.9847 	DATA 	
365.4346 	DATA 	Keypress: 5
365.4346 	DATA 	TR 235 | TR1 118 | TR2 117
366.9845 	DATA 	Keypress: 5
366.9845 	DATA 	TR 236 | TR1 118 | TR2 118
368.5676 	DATA 	Keypress: 5
368.5677 	DATA 	TR 237 | TR1 119 | TR2 118
370.1175 	DATA 	Keypress: 5
370.1175 	DATA 	TR 238 | TR1 119 | TR2 119
371.6842 	DATA 	Keypress: 5
371.6842 	DATA 	TR 239 | TR1 120 | TR2 119
373.2339 	DATA 	Keypress: 5
373.2339 	DATA 	TR 240 | TR1 120 | TR2 120
374.8170 	DATA 	Keypress: 5
374.8171 	DATA 	TR 241 | TR1 121 | TR2 120
376.3669 	DATA 	Keypress: 5
376.3670 	DATA 	TR 242 | TR1 121 | TR2 121
377.9334 	DATA 	Keypress: 5
377.9334 	DATA 	TR 243 | TR1 122 | TR2 121
379.4833 	DATA 	Keypress: 5
379.4834 	DATA 	TR 244 | TR1 122 | TR2 122
379.9832 	DATA 	
379.9832 	DATA 	Trial complete
379.9832 	DATA 	Waiting for VASO trigger to start next trial
379.9832 	DATA 	
381.0499 	DATA 	Keypress: 5
381.0500 	DATA 	Waited 1.0667519569396973 seconds for trigger
381.0507 	DATA 	
381.0507 	DATA 	Trial 12
381.0508 	DATA 	stimDur = 2.0
381.0508 	DATA 	jitter = 0.0
381.0508 	DATA 	restDur = 14.0

381.0508 	DATA 	
381.0508 	DATA 	TR 245 | TR1 123 | TR2 122
381.0508 	DATA 	
381.0508 	DATA 	stimulation started
381.0508 	DATA 	
382.5998 	DATA 	Keypress: 5
382.5998 	DATA 	TR 246 | TR1 123 | TR2 123
383.0663 	DATA 	
383.0663 	DATA 	stimulation stopped
383.0663 	DATA 	
384.1828 	DATA 	Keypress: 5
384.1829 	DATA 	TR 247 | TR1 124 | TR2 123
385.7327 	DATA 	Keypress: 5
385.7328 	DATA 	TR 248 | TR1 124 | TR2 124
387.2992 	DATA 	Keypress: 5
387.2993 	DATA 	TR 249 | TR1 125 | TR2 124
388.8491 	DATA 	Keypress: 5
388.8492 	DATA 	TR 250 | TR1 125 | TR2 125
390.4323 	DATA 	Keypress: 5
390.4323 	DATA 	TR 251 | TR1 126 | TR2 125
391.9821 	DATA 	Keypress: 5
391.9822 	DATA 	TR 252 | TR1 126 | TR2 126
393.5486 	DATA 	Keypress: 5
393.5487 	DATA 	TR 253 | TR1 127 | TR2 126
395.0985 	DATA 	Keypress: 5
395.0986 	DATA 	TR 254 | TR1 127 | TR2 127
396.6656 	DATA 	Keypress: 5
396.6816 	DATA 	TR 255 | TR1 128 | TR2 127
397.0649 	DATA 	
397.0650 	DATA 	Trial complete
397.0650 	DATA 	Waiting for VASO trigger to start next trial
397.0650 	DATA 	
398.2316 	DATA 	Keypress: 5
398.2316 	DATA 	TR 256 | TR1 128 | TR2 128
399.7980 	DATA 	Keypress: 5
399.7981 	DATA 	Waited 2.73311710357666 seconds for trigger
399.7989 	DATA 	
399.7989 	DATA 	Trial 13
399.7989 	DATA 	stimDur = 4.0
399.7989 	DATA 	jitter = 1.57
399.7989 	DATA 	restDur = 16.0

399.7989 	DATA 	
399.7989 	DATA 	TR 257 | TR1 129 | TR2 128
401.3480 	DATA 	Keypress: 5
401.3480 	DATA 	TR 258 | TR1 129 | TR2 129
401.3813 	DATA 	
401.3814 	DATA 	stimulation started
401.3814 	DATA 	
402.9145 	DATA 	Keypress: 5
402.9145 	DATA 	TR 259 | TR1 130 | TR2 129
404.4644 	DATA 	Keypress: 5
404.4644 	DATA 	TR 260 | TR1 130 | TR2 130
405.3810 	DATA 	
405.3810 	DATA 	stimulation stopped
405.3810 	DATA 	
406.0475 	DATA 	Keypress: 5
406.0475 	DATA 	TR 261 | TR1 131 | TR2 130
407.5974 	DATA 	Keypress: 5
407.5974 	DATA 	TR 262 | TR1 131 | TR2 131
409.1640 	DATA 	Keypress: 5
409.1640 	DATA 	TR 263 | TR1 132 | TR2 131
410.7137 	DATA 	Keypress: 5
410.7138 	DATA 	TR 264 | TR1 132 | TR2 132
412.2969 	DATA 	Keypress: 5
412.2969 	DATA 	TR 265 | TR1 133 | TR2 132
413.8468 	DATA 	Keypress: 5
413.8468 	DATA 	TR 266 | TR1 133 | TR2 133
415.4133 	DATA 	Keypress: 5
415.4133 	DATA 	TR 267 | TR1 134 | TR2 133
416.9632 	DATA 	Keypress: 5
416.9632 	DATA 	TR 268 | TR1 134 | TR2 134
418.5296 	DATA 	Keypress: 5
418.5297 	DATA 	TR 269 | TR1 135 | TR2 134
420.0962 	DATA 	Keypress: 5
420.0963 	DATA 	TR 270 | TR1 135 | TR2 135
421.3794 	DATA 	
421.3794 	DATA 	Trial complete
421.3794 	DATA 	Waiting for VASO trigger to start next trial
421.3794 	DATA 	
421.6627 	DATA 	Keypress: 5
421.6627 	DATA 	Waited 0.28336095809936523 seconds for trigger
421.6635 	DATA 	
421.6635 	DATA 	Trial 14
421.6635 	DATA 	stimDur = 12.0
421.6635 	DATA 	jitter = 0.785
421.6635 	DATA 	restDur = 20.0

421.6635 	DATA 	
421.6635 	DATA 	TR 271 | TR1 136 | TR2 135
422.4626 	DATA 	
422.4626 	DATA 	stimulation started
422.4626 	DATA 	
422.9460 	DATA 	Target presented
423.2126 	DATA 	Keypress: 5
423.2127 	DATA 	TR 272 | TR1 136 | TR2 136
423.4126 	DATA 	Keypress: 1
423.4126 	DATA 	Key1 pressed
423.4126 	DATA 	Target detected
424.7793 	DATA 	Keypress: 5
424.7793 	DATA 	TR 273 | TR1 137 | TR2 136
426.3290 	DATA 	Keypress: 5
426.3290 	DATA 	TR 274 | TR1 137 | TR2 137
427.9122 	DATA 	Keypress: 5
427.9122 	DATA 	TR 275 | TR1 138 | TR2 137
429.4621 	DATA 	Keypress: 5
429.4621 	DATA 	TR 276 | TR1 138 | TR2 138
431.0286 	DATA 	Keypress: 5
431.0286 	DATA 	TR 277 | TR1 139 | TR2 138
432.5784 	DATA 	Keypress: 5
432.5785 	DATA 	TR 278 | TR1 139 | TR2 139
434.1456 	DATA 	Keypress: 5
434.1616 	DATA 	TR 279 | TR1 140 | TR2 139
434.4615 	DATA 	
434.4616 	DATA 	stimulation stopped
434.4616 	DATA 	
435.7114 	DATA 	Keypress: 5
435.7114 	DATA 	TR 280 | TR1 140 | TR2 140
437.2779 	DATA 	Keypress: 5
437.2779 	DATA 	TR 281 | TR1 141 | TR2 140
438.8278 	DATA 	Keypress: 5
438.8278 	DATA 	TR 282 | TR1 141 | TR2 141
440.3943 	DATA 	Keypress: 5
440.3943 	DATA 	TR 283 | TR1 142 | TR2 141
441.9443 	DATA 	Keypress: 5
441.9444 	DATA 	TR 284 | TR1 142 | TR2 142
443.5273 	DATA 	Keypress: 5
443.5274 	DATA 	TR 285 | TR1 143 | TR2 142
445.0772 	DATA 	Keypress: 5
445.0772 	DATA 	TR 286 | TR1 143 | TR2 143
446.6437 	DATA 	Keypress: 5
446.6438 	DATA 	TR 287 | TR1 144 | TR2 143
448.1936 	DATA 	Keypress: 5
448.1936 	DATA 	TR 288 | TR1 144 | TR2 144
449.7767 	DATA 	Keypress: 5
449.7768 	DATA 	TR 289 | TR1 145 | TR2 144
451.3266 	DATA 	Keypress: 5
451.3267 	DATA 	TR 290 | TR1 145 | TR2 145
452.8931 	DATA 	Keypress: 5
452.8932 	DATA 	TR 291 | TR1 146 | TR2 145
454.4430 	DATA 	Keypress: 5
454.4431 	DATA 	TR 292 | TR1 146 | TR2 146
454.4597 	DATA 	
454.4597 	DATA 	Trial complete
454.4597 	DATA 	Waiting for VASO trigger to start next trial
454.4597 	DATA 	
456.0095 	DATA 	Keypress: 5
456.0095 	DATA 	Waited 1.5498290061950684 seconds for trigger
456.0103 	DATA 	
456.0103 	DATA 	Trial 15
456.0103 	DATA 	stimDur = 12.0
456.0103 	DATA 	jitter = 1.57
456.0103 	DATA 	restDur = 20.0

456.0103 	DATA 	
456.0103 	DATA 	TR 293 | TR1 147 | TR2 146
457.5600 	DATA 	Keypress: 5
457.5760 	DATA 	TR 294 | TR1 147 | TR2 147
457.5927 	DATA 	
457.5927 	DATA 	stimulation started
457.5927 	DATA 	
459.1426 	DATA 	Keypress: 5
459.1427 	DATA 	TR 295 | TR1 148 | TR2 147
460.6925 	DATA 	Keypress: 5
460.6925 	DATA 	TR 296 | TR1 148 | TR2 148
462.2590 	DATA 	Keypress: 5
462.2590 	DATA 	TR 297 | TR1 149 | TR2 148
463.8088 	DATA 	Keypress: 5
463.8089 	DATA 	TR 298 | TR1 149 | TR2 149
465.3753 	DATA 	Target presented
465.3920 	DATA 	Keypress: 5
465.3921 	DATA 	TR 299 | TR1 150 | TR2 149
465.8254 	DATA 	Keypress: 1
465.8255 	DATA 	Key1 pressed
465.8255 	DATA 	Target detected
466.9419 	DATA 	Keypress: 5
466.9420 	DATA 	TR 300 | TR1 150 | TR2 150
468.5084 	DATA 	Keypress: 5
468.5084 	DATA 	TR 301 | TR1 151 | TR2 150
469.5916 	DATA 	
469.5916 	DATA 	stimulation stopped
469.5916 	DATA 	
470.0582 	DATA 	Keypress: 5
470.0583 	DATA 	TR 302 | TR1 151 | TR2 151
471.6414 	DATA 	Keypress: 5
471.6414 	DATA 	TR 303 | TR1 152 | TR2 151
473.1913 	DATA 	Keypress: 5
473.1913 	DATA 	TR 304 | TR1 152 | TR2 152
474.7578 	DATA 	Keypress: 5
474.7578 	DATA 	TR 305 | TR1 153 | TR2 152
476.3078 	DATA 	Keypress: 5
476.3078 	DATA 	TR 306 | TR1 153 | TR2 153
477.8741 	DATA 	Keypress: 5
477.8742 	DATA 	TR 307 | TR1 154 | TR2 153
479.4240 	DATA 	Keypress: 5
479.4241 	DATA 	TR 308 | TR1 154 | TR2 154
481.0072 	DATA 	Keypress: 5
481.0072 	DATA 	TR 309 | TR1 155 | TR2 154
482.5571 	DATA 	Keypress: 5
482.5571 	DATA 	TR 310 | TR1 155 | TR2 155
484.1236 	DATA 	Keypress: 5
484.1236 	DATA 	TR 311 | TR1 156 | TR2 155
485.6735 	DATA 	Keypress: 5
485.6735 	DATA 	TR 312 | TR1 156 | TR2 156
487.2566 	DATA 	Keypress: 5
487.2567 	DATA 	TR 313 | TR1 157 | TR2 156
488.8065 	DATA 	Keypress: 5
488.8065 	DATA 	TR 314 | TR1 157 | TR2 157
489.5897 	DATA 	
489.5897 	DATA 	Trial complete
489.5897 	DATA 	Waiting for VASO trigger to start next trial
489.5897 	DATA 	
490.3730 	DATA 	Keypress: 5
490.3730 	DATA 	Waited 0.7833259105682373 seconds for trigger
490.3738 	DATA 	
490.3738 	DATA 	Trial 16
490.3738 	DATA 	stimDur = 2.0
490.3738 	DATA 	jitter = 1.57
490.3738 	DATA 	restDur = 14.0

490.3738 	DATA 	
490.3738 	DATA 	TR 315 | TR1 158 | TR2 157
491.9229 	DATA 	Keypress: 5
491.9229 	DATA 	TR 316 | TR1 158 | TR2 158
491.9561 	DATA 	
491.9561 	DATA 	stimulation started
491.9561 	DATA 	
493.4896 	DATA 	Keypress: 5
493.4896 	DATA 	TR 317 | TR1 159 | TR2 158
493.9560 	DATA 	
493.9560 	DATA 	stimulation stopped
493.9560 	DATA 	
495.0559 	DATA 	Keypress: 5
495.0560 	DATA 	TR 318 | TR1 159 | TR2 159
496.6221 	DATA 	Keypress: 5
496.6222 	DATA 	TR 319 | TR1 160 | TR2 159
498.1723 	DATA 	Keypress: 5
498.1723 	DATA 	TR 320 | TR1 160 | TR2 160
499.7384 	DATA 	Keypress: 5
499.7385 	DATA 	TR 321 | TR1 161 | TR2 160
501.2887 	DATA 	Keypress: 5
501.2888 	DATA 	TR 322 | TR1 161 | TR2 161
502.8718 	DATA 	Keypress: 5
502.8719 	DATA 	TR 323 | TR1 162 | TR2 161
504.4217 	DATA 	Keypress: 5
504.4218 	DATA 	TR 324 | TR1 162 | TR2 162
505.9882 	DATA 	Keypress: 5
505.9883 	DATA 	TR 325 | TR1 163 | TR2 162
507.5381 	DATA 	Keypress: 5
507.5381 	DATA 	TR 326 | TR1 163 | TR2 163
507.9547 	DATA 	
507.9547 	DATA 	Trial complete
507.9547 	DATA 	Waiting for VASO trigger to start next trial
507.9547 	DATA 	
509.1212 	DATA 	Keypress: 5
509.1213 	DATA 	Waited 1.166604995727539 seconds for trigger
509.1221 	DATA 	
509.1221 	DATA 	Trial 17
509.1221 	DATA 	stimDur = 2.0
509.1221 	DATA 	jitter = 2.355
509.1221 	DATA 	restDur = 14.0

509.1221 	DATA 	
509.1221 	DATA 	TR 327 | TR1 164 | TR2 163
510.6711 	DATA 	Keypress: 5
510.6712 	DATA 	TR 328 | TR1 164 | TR2 164
511.4877 	DATA 	
511.4877 	DATA 	stimulation started
511.4877 	DATA 	
512.2377 	DATA 	Keypress: 5
512.2377 	DATA 	TR 329 | TR1 165 | TR2 164
513.4875 	DATA 	
513.4876 	DATA 	stimulation stopped
513.4876 	DATA 	
513.7875 	DATA 	Keypress: 5
513.7875 	DATA 	TR 330 | TR1 165 | TR2 165
515.3540 	DATA 	Keypress: 5
515.3540 	DATA 	TR 331 | TR1 166 | TR2 165
516.9044 	DATA 	Keypress: 5
516.9204 	DATA 	TR 332 | TR1 166 | TR2 166
518.4870 	DATA 	Keypress: 5
518.4872 	DATA 	TR 333 | TR1 167 | TR2 166
520.0370 	DATA 	Keypress: 5
520.0371 	DATA 	TR 334 | TR1 167 | TR2 167
521.6035 	DATA 	Keypress: 5
521.6036 	DATA 	TR 335 | TR1 168 | TR2 167
523.1533 	DATA 	Keypress: 5
523.1533 	DATA 	TR 336 | TR1 168 | TR2 168
524.7366 	DATA 	Keypress: 5
524.7366 	DATA 	TR 337 | TR1 169 | TR2 168
526.2863 	DATA 	Keypress: 5
526.2863 	DATA 	TR 338 | TR1 169 | TR2 169
527.4860 	DATA 	
527.4860 	DATA 	Trial complete
527.4860 	DATA 	Waiting for VASO trigger to start next trial
527.4860 	DATA 	
527.8529 	DATA 	Keypress: 5
527.8529 	DATA 	Waited 0.36688995361328125 seconds for trigger
527.8537 	DATA 	
527.8537 	DATA 	Trial 18
527.8537 	DATA 	stimDur = 1.0
527.8537 	DATA 	jitter = 1.57
527.8537 	DATA 	restDur = 12.0

527.8537 	DATA 	
527.8537 	DATA 	TR 339 | TR1 170 | TR2 169
529.4027 	DATA 	Keypress: 5
529.4027 	DATA 	TR 340 | TR1 170 | TR2 170
529.4360 	DATA 	
529.4360 	DATA 	stimulation started
529.4360 	DATA 	
530.4361 	DATA 	
530.4362 	DATA 	stimulation stopped
530.4362 	DATA 	
530.9698 	DATA 	Keypress: 5
530.9858 	DATA 	TR 341 | TR1 171 | TR2 170
532.5358 	DATA 	Keypress: 5
532.5358 	DATA 	TR 342 | TR1 171 | TR2 171
534.1023 	DATA 	Keypress: 5
534.1023 	DATA 	TR 343 | TR1 172 | TR2 171
535.6521 	DATA 	Keypress: 5
535.6522 	DATA 	TR 344 | TR1 172 | TR2 172
537.2186 	DATA 	Keypress: 5
537.2187 	DATA 	TR 345 | TR1 173 | TR2 172
538.7685 	DATA 	Keypress: 5
538.7685 	DATA 	TR 346 | TR1 173 | TR2 173
539.6351 	DATA 	Target presented
540.1017 	DATA 	Keypress: 1
540.1017 	DATA 	Key1 pressed
540.1017 	DATA 	Target detected
540.3517 	DATA 	Keypress: 5
540.3518 	DATA 	TR 347 | TR1 174 | TR2 173
541.9016 	DATA 	Keypress: 5
541.9016 	DATA 	TR 348 | TR1 174 | TR2 174
542.4348 	DATA 	
542.4348 	DATA 	Trial complete
542.4348 	DATA 	Waiting for VASO trigger to start next trial
542.4348 	DATA 	
543.4681 	DATA 	Keypress: 5
543.4681 	DATA 	Waited 1.0333311557769775 seconds for trigger
543.4689 	DATA 	
543.4689 	DATA 	Trial 19
543.4689 	DATA 	stimDur = 12.0
543.4689 	DATA 	jitter = 0.0
543.4689 	DATA 	restDur = 20.0

543.4689 	DATA 	
543.4689 	DATA 	TR 349 | TR1 175 | TR2 174
543.4689 	DATA 	
543.4689 	DATA 	stimulation started
543.4689 	DATA 	
545.0180 	DATA 	Keypress: 5
545.0180 	DATA 	TR 350 | TR1 175 | TR2 175
546.6012 	DATA 	Keypress: 5
546.6012 	DATA 	TR 351 | TR1 176 | TR2 175
548.1510 	DATA 	Keypress: 5
548.1511 	DATA 	TR 352 | TR1 176 | TR2 176
549.7176 	DATA 	Keypress: 5
549.7176 	DATA 	TR 353 | TR1 177 | TR2 176
551.2674 	DATA 	Keypress: 5
551.2675 	DATA 	TR 354 | TR1 177 | TR2 177
552.8341 	DATA 	Keypress: 5
552.8341 	DATA 	TR 355 | TR1 178 | TR2 177
554.4004 	DATA 	Keypress: 5
554.4005 	DATA 	TR 356 | TR1 178 | TR2 178
555.4836 	DATA 	
555.4836 	DATA 	stimulation stopped
555.4836 	DATA 	
555.9668 	DATA 	Keypress: 5
555.9669 	DATA 	TR 357 | TR1 179 | TR2 178
557.5168 	DATA 	Keypress: 5
557.5168 	DATA 	TR 358 | TR1 179 | TR2 179
559.0833 	DATA 	Keypress: 5
559.0833 	DATA 	TR 359 | TR1 180 | TR2 179
560.6331 	DATA 	Keypress: 5
560.6332 	DATA 	TR 360 | TR1 180 | TR2 180
562.2163 	DATA 	Keypress: 5
562.2164 	DATA 	TR 361 | TR1 181 | TR2 180
563.7662 	DATA 	Keypress: 5
563.7662 	DATA 	TR 362 | TR1 181 | TR2 181
565.3327 	DATA 	Keypress: 5
565.3328 	DATA 	TR 363 | TR1 182 | TR2 181
566.8826 	DATA 	Keypress: 5
566.8826 	DATA 	TR 364 | TR1 182 | TR2 182
568.4497 	DATA 	Keypress: 5
568.4657 	DATA 	TR 365 | TR1 183 | TR2 182
570.0156 	DATA 	Keypress: 5
570.0156 	DATA 	TR 366 | TR1 183 | TR2 183
571.5822 	DATA 	Keypress: 5
571.5822 	DATA 	TR 367 | TR1 184 | TR2 183
573.1320 	DATA 	Keypress: 5
573.1320 	DATA 	TR 368 | TR1 184 | TR2 184
574.6985 	DATA 	Keypress: 5
574.6986 	DATA 	TR 369 | TR1 185 | TR2 184
575.4817 	DATA 	
575.4817 	DATA 	Trial complete
575.4818 	DATA 	
576.2484 	DATA 	Keypress: 5
576.2484 	DATA 	TR 370 | TR1 185 | TR2 185
577.8316 	DATA 	Keypress: 5
577.8316 	DATA 	Waited 35.396825075149536 seconds for trigger
577.8324 	DATA 	
577.8324 	DATA 	Trial 20
577.8324 	DATA 	stimDur = 4.0
577.8324 	DATA 	jitter = 2.355
577.8324 	DATA 	restDur = 16.0

577.8324 	DATA 	
577.8324 	DATA 	TR 371 | TR1 186 | TR2 185
579.3814 	DATA 	Keypress: 5
579.3814 	DATA 	TR 372 | TR1 186 | TR2 186
580.1980 	DATA 	
580.1980 	DATA 	stimulation started
580.1980 	DATA 	
580.9480 	DATA 	Keypress: 5
580.9480 	DATA 	TR 373 | TR1 187 | TR2 186
582.4978 	DATA 	Keypress: 5
582.4979 	DATA 	TR 374 | TR1 187 | TR2 187
584.0810 	DATA 	Keypress: 5
584.0811 	DATA 	TR 375 | TR1 188 | TR2 187
584.1976 	DATA 	
584.1976 	DATA 	stimulation stopped
584.1976 	DATA 	
585.6308 	DATA 	Keypress: 5
585.6309 	DATA 	TR 376 | TR1 188 | TR2 188
587.1973 	DATA 	Keypress: 5
587.1974 	DATA 	TR 377 | TR1 189 | TR2 188
588.7472 	DATA 	Keypress: 5
588.7472 	DATA 	TR 378 | TR1 189 | TR2 189
590.3137 	DATA 	Keypress: 5
590.3138 	DATA 	TR 379 | TR1 190 | TR2 189
591.8642 	DATA 	Keypress: 5
591.8802 	DATA 	TR 380 | TR1 190 | TR2 190
593.4468 	DATA 	Keypress: 5
593.4468 	DATA 	TR 381 | TR1 191 | TR2 190
594.9966 	DATA 	Keypress: 5
594.9967 	DATA 	TR 382 | TR1 191 | TR2 191
595.8299 	DATA 	Target presented
596.5632 	DATA 	Keypress: 5
596.5632 	DATA 	TR 383 | TR1 192 | TR2 191
596.6131 	DATA 	Keypress: 1
596.6132 	DATA 	Key1 pressed
596.6132 	DATA 	Target detected
598.1130 	DATA 	Keypress: 5
598.1130 	DATA 	TR 384 | TR1 192 | TR2 192
599.6962 	DATA 	Keypress: 5
599.6962 	DATA 	TR 385 | TR1 193 | TR2 192
600.1961 	DATA 	
600.1961 	DATA 	Trial complete
600.1961 	DATA 	
601.2460 	DATA 	Keypress: 5
601.2461 	DATA 	TR 386 | TR1 193 | TR2 193
602.8126 	DATA 	Keypress: 5
602.8126 	DATA 	TR 387 | TR1 194 | TR2 193
604.3624 	DATA 	Keypress: 5
604.3625 	DATA 	TR 388 | TR1 194 | TR2 194
605.9456 	DATA 	Keypress: 5
605.9457 	DATA 	TR 389 | TR1 195 | TR2 194
607.4954 	DATA 	Keypress: 5
607.4955 	DATA 	TR 390 | TR1 195 | TR2 195
609.0620 	DATA 	Keypress: 5
609.0620 	DATA 	TR 391 | TR1 196 | TR2 195
610.6118 	DATA 	Keypress: 5
610.6119 	DATA 	TR 392 | TR1 196 | TR2 196
612.1784 	DATA 	Keypress: 5
612.1784 	DATA 	TR 393 | TR1 197 | TR2 196
613.7283 	DATA 	Keypress: 5
613.7284 	DATA 	TR 394 | TR1 197 | TR2 197
615.3115 	DATA 	Keypress: 5
615.3115 	DATA 	TR 395 | TR1 198 | TR2 197
616.8614 	DATA 	Keypress: 5
616.8614 	DATA 	TR 396 | TR1 198 | TR2 198
618.4278 	DATA 	Keypress: 5
618.4279 	DATA 	TR 397 | TR1 199 | TR2 198
619.9776 	DATA 	Keypress: 5
619.9777 	DATA 	TR 398 | TR1 199 | TR2 199
621.5609 	DATA 	Keypress: 5
621.5609 	DATA 	TR 399 | TR1 200 | TR2 199
623.1107 	DATA 	Keypress: 5
623.1107 	DATA 	TR 400 | TR1 200 | TR2 200
624.6774 	DATA 	Keypress: 5
624.6774 	DATA 	TR 401 | TR1 201 | TR2 200
626.2271 	DATA 	Keypress: 5
626.2271 	DATA 	TR 402 | TR1 201 | TR2 201
627.7942 	DATA 	Keypress: 5
627.8102 	DATA 	TR 403 | TR1 202 | TR2 201
629.3601 	DATA 	Keypress: 5
629.3601 	DATA 	TR 404 | TR1 202 | TR2 202
630.9266 	DATA 	Keypress: 5
630.9267 	DATA 	TR 405 | TR1 203 | TR2 202
632.4765 	DATA 	Keypress: 5
632.4765 	DATA 	TR 406 | TR1 203 | TR2 203
634.0430 	DATA 	Keypress: 5
634.0431 	DATA 	TR 407 | TR1 204 | TR2 203
635.5928 	DATA 	Keypress: 5
635.5929 	DATA 	TR 408 | TR1 204 | TR2 204
637.1761 	DATA 	Keypress: 5
637.1761 	DATA 	TR 409 | TR1 205 | TR2 204
638.7259 	DATA 	Keypress: 5
638.7259 	DATA 	TR 410 | TR1 205 | TR2 205
640.2924 	DATA 	Keypress: 5
640.2925 	DATA 	TR 411 | TR1 206 | TR2 205
641.8423 	DATA 	Keypress: 5
641.8423 	DATA 	TR 412 | TR1 206 | TR2 206
643.4255 	DATA 	Keypress: 5
643.4255 	DATA 	TR 413 | TR1 207 | TR2 206
644.9753 	DATA 	Keypress: 5
644.9754 	DATA 	TR 414 | TR1 207 | TR2 207
646.5420 	DATA 	Keypress: 5
646.5421 	DATA 	TR 415 | TR1 208 | TR2 207
648.0917 	DATA 	Keypress: 5
648.0918 	DATA 	TR 416 | TR1 208 | TR2 208
649.6582 	DATA 	Keypress: 5
649.6583 	DATA 	TR 417 | TR1 209 | TR2 208
651.2086 	DATA 	Keypress: 5
651.2247 	DATA 	TR 418 | TR1 209 | TR2 209
652.7913 	DATA 	Keypress: 5
652.7913 	DATA 	TR 419 | TR1 210 | TR2 209
654.3411 	DATA 	Keypress: 5
654.3411 	DATA 	TR 420 | TR1 210 | TR2 210
655.9077 	DATA 	Keypress: 5
655.9077 	DATA 	TR 421 | TR1 211 | TR2 210
657.4575 	DATA 	Keypress: 5
657.4575 	DATA 	TR 422 | TR1 211 | TR2 211
659.0407 	DATA 	Keypress: 5
659.0407 	DATA 	TR 423 | TR1 212 | TR2 211
660.5905 	DATA 	Keypress: 5
660.5906 	DATA 	TR 424 | TR1 212 | TR2 212
662.1571 	DATA 	Keypress: 5
662.1571 	DATA 	TR 425 | TR1 213 | TR2 212
663.0236 	DATA 	EndOfRun sub-05_ses-01_run-01

663.0236 	DATA 	We spent 63.461894273757935 seconds waiting for triggers
663.0236 	DATA 	RatioOfDetectedTargets 1.0
663.0237 	DATA 	You have detected 9 out of 9 targets.
667.8460 	DATA 	Keypress: 5
667.8462 	DATA 	Keypress: 5
668.0961 	EXP 	window1: mouseVisible = True
