MonitorDistance=99cm
MonitorWidth=30cm
PixelWidth=1024.0
PixelHeight=768.0
You have detected 6 out of 9 targets.
Please try to focus more
6.4611 	INFO 	Loaded monitor calibration from ['2021_05_26 17:55']
6.9291 	EXP 	Created window1 = Window(allowGUI=False, allowStencil=False, autoLog=True, backendConf=UNKNOWN, bitsMode=UNKNOWN, blendMode='avg', bpc=(8, 8, 8), color=array([-0.5, -0.5, -0.5]), colorSpace='rgb', depthBits=8, fullscr=<method-wrapper '__getattribute__' of attributeSetter object at 0x7f60615d52b0>, gamma=None, gammaErrorPolicy='raise', lms=UNKNOWN, monitor=<psychopy.monitors.calibTools.Monitor object at 0x7f60573f2cc0>, multiSample=False, name='window1', numSamples=2, pos=[0.0, 0.0], screen=0, size=array([1024,  768]), stencilBits=0, stereo=False, units='deg', useFBO=False, useRetina=False, viewOri=0.0, viewPos=None, viewScale=None, waitBlanking=True, winType='pyglet')
6.9291 	EXP 	window1: mouseVisible = True
6.9971 	EXP 	Created unnamed TextStim = TextStim(__class__=<class 'psychopy.visual.text.TextStim'>, alignHoriz=method-wrapper(...), alignText='center', alignVert=method-wrapper(...), anchorHoriz='center', anchorVert='center', antialias=True, autoLog=True, bold=False, color=array([1., 1., 1.]), colorSpace='rgb', contrast=1.0, depth=0, flipHoriz=False, flipVert=False, font='', fontFiles=[], height=0.5, italic=False, languageStyle='LTR', name='unnamed TextStim', opacity=1.0, ori=0.0, pos=array([0., 0.]), rgb=UNKNOWN, text=str(...), units='deg', win=Window(...), wrapWidth=15.0)
7.0281 	EXP 	Created Movie Frame 0 = ImageStim(__class__=<class 'psychopy.visual.image.ImageStim'>, autoLog=True, color=array([0.8, 0.8, 0.8]), colorSpace='rgb', contrast=0.8, depth=0, flipHoriz=False, flipVert=False, image='visual_0.png', interpolate=False, mask=None, maskParams=None, name='Movie Frame 0', opacity=1, ori=0.0, pos=array([0., 0.]), size=array([1024,  768]), texRes=128, units='pix', win=Window(...))
7.0515 	EXP 	Created Movie Frame 1 = ImageStim(__class__=<class 'psychopy.visual.image.ImageStim'>, autoLog=True, color=array([0.8, 0.8, 0.8]), colorSpace='rgb', contrast=0.8, depth=0, flipHoriz=False, flipVert=False, image='visual_1.png', interpolate=False, mask=None, maskParams=None, name='Movie Frame 1', opacity=1, ori=0.0, pos=array([0., 0.]), size=array([1024,  768]), texRes=128, units='pix', win=Window(...))
48.5771 	DATA 	Keypress: 5
0.0000 	DATA 	StartOfRun sub-05_ses-01_run-03
0.0000 	DATA 	TR 1 | TR1 1 | TR2 0
0.0079 	DATA 	Initial baseline

1.5501 	DATA 	Keypress: 5
1.5502 	DATA 	TR 2 | TR1 1 | TR2 1
3.1224 	DATA 	Keypress: 5
3.1224 	DATA 	TR 3 | TR1 2 | TR2 1
4.6735 	DATA 	Keypress: 5
4.6735 	DATA 	TR 4 | TR1 2 | TR2 2
6.2457 	DATA 	Keypress: 5
6.2457 	DATA 	TR 5 | TR1 3 | TR2 2
7.7968 	DATA 	Keypress: 5
7.7969 	DATA 	TR 6 | TR1 3 | TR2 3
9.3690 	DATA 	Keypress: 5
9.3691 	DATA 	TR 7 | TR1 4 | TR2 3
10.9202 	DATA 	Keypress: 5
10.9203 	DATA 	TR 8 | TR1 4 | TR2 4
12.4925 	DATA 	Keypress: 5
12.4926 	DATA 	TR 9 | TR1 5 | TR2 4
14.0436 	DATA 	Keypress: 5
14.0436 	DATA 	TR 10 | TR1 5 | TR2 5
15.6158 	DATA 	Keypress: 5
15.6158 	DATA 	TR 11 | TR1 6 | TR2 5
17.1670 	DATA 	Keypress: 5
17.1670 	DATA 	TR 12 | TR1 6 | TR2 6
18.7392 	DATA 	Keypress: 5
18.7392 	DATA 	TR 13 | TR1 7 | TR2 6
20.2902 	DATA 	Keypress: 5
20.2902 	DATA 	TR 14 | TR1 7 | TR2 7
21.8624 	DATA 	Keypress: 5
21.8624 	DATA 	TR 15 | TR1 8 | TR2 7
23.4137 	DATA 	Keypress: 5
23.4138 	DATA 	TR 16 | TR1 8 | TR2 8
24.9859 	DATA 	Keypress: 5
24.9860 	DATA 	TR 17 | TR1 9 | TR2 8
26.5371 	DATA 	Keypress: 5
26.5372 	DATA 	TR 18 | TR1 9 | TR2 9
28.1093 	DATA 	Keypress: 5
28.1093 	DATA 	TR 19 | TR1 10 | TR2 9
29.6605 	DATA 	Keypress: 5
29.6606 	DATA 	TR 20 | TR1 10 | TR2 10
31.2389 	DATA 	Keypress: 5
31.2389 	DATA 	Waited 1.2389287948608398 seconds for trigger
31.2403 	DATA 	
31.2404 	DATA 	Trial 1
31.2404 	DATA 	stimDur = 1.0
31.2404 	DATA 	jitter = 0.0
31.2404 	DATA 	restDur = 12.0

31.2404 	DATA 	
31.2404 	DATA 	TR 21 | TR1 11 | TR2 10
31.2404 	DATA 	
31.2404 	DATA 	stimulation started
31.2404 	DATA 	
32.2554 	DATA 	
32.2555 	DATA 	stimulation stopped
32.2555 	DATA 	
32.7888 	DATA 	Keypress: 5
32.7888 	DATA 	TR 22 | TR1 11 | TR2 11
34.3719 	DATA 	Keypress: 5
34.3719 	DATA 	TR 23 | TR1 12 | TR2 11
35.9218 	DATA 	Keypress: 5
35.9219 	DATA 	TR 24 | TR1 12 | TR2 12
37.4883 	DATA 	Keypress: 5
37.4883 	DATA 	TR 25 | TR1 13 | TR2 12
39.0381 	DATA 	Keypress: 5
39.0382 	DATA 	TR 26 | TR1 13 | TR2 13
40.6046 	DATA 	Keypress: 5
40.6047 	DATA 	TR 27 | TR1 14 | TR2 13
42.1546 	DATA 	Keypress: 5
42.1546 	DATA 	TR 28 | TR1 14 | TR2 14
43.7377 	DATA 	Keypress: 5
43.7377 	DATA 	TR 29 | TR1 15 | TR2 14
44.2543 	DATA 	
44.2543 	DATA 	Trial complete
44.2543 	DATA 	Waiting for VASO trigger to start next trial
44.2543 	DATA 	
45.2877 	DATA 	Keypress: 5
45.2877 	DATA 	TR 30 | TR1 15 | TR2 15
46.8542 	DATA 	Keypress: 5
46.8543 	DATA 	Waited 2.599968910217285 seconds for trigger
46.8550 	DATA 	
46.8551 	DATA 	Trial 2
46.8551 	DATA 	stimDur = 24.0
46.8551 	DATA 	jitter = 0.0
46.8551 	DATA 	restDur = 24.0

46.8551 	DATA 	
46.8551 	DATA 	TR 31 | TR1 16 | TR2 15
46.8551 	DATA 	
46.8551 	DATA 	stimulation started
46.8551 	DATA 	
48.4040 	DATA 	Keypress: 5
48.4041 	DATA 	TR 32 | TR1 16 | TR2 16
49.9872 	DATA 	Keypress: 5
49.9872 	DATA 	TR 33 | TR1 17 | TR2 16
51.5371 	DATA 	Keypress: 5
51.5371 	DATA 	TR 34 | TR1 17 | TR2 17
53.1035 	DATA 	Keypress: 5
53.1036 	DATA 	TR 35 | TR1 18 | TR2 17
54.6535 	DATA 	Keypress: 5
54.6536 	DATA 	TR 36 | TR1 18 | TR2 18
56.2199 	DATA 	Keypress: 5
56.2200 	DATA 	TR 37 | TR1 19 | TR2 18
57.7865 	DATA 	Keypress: 5
57.7865 	DATA 	TR 38 | TR1 19 | TR2 19
59.3529 	DATA 	Keypress: 5
59.3530 	DATA 	TR 39 | TR1 20 | TR2 19
60.9028 	DATA 	Keypress: 5
60.9029 	DATA 	TR 40 | TR1 20 | TR2 20
62.4693 	DATA 	Keypress: 5
62.4694 	DATA 	TR 41 | TR1 21 | TR2 20
64.0193 	DATA 	Keypress: 5
64.0193 	DATA 	TR 42 | TR1 21 | TR2 21
65.6024 	DATA 	Keypress: 5
65.6024 	DATA 	TR 43 | TR1 22 | TR2 21
67.1523 	DATA 	Keypress: 5
67.1523 	DATA 	TR 44 | TR1 22 | TR2 22
68.7188 	DATA 	Keypress: 5
68.7188 	DATA 	TR 45 | TR1 23 | TR2 22
70.2687 	DATA 	Keypress: 5
70.2687 	DATA 	TR 46 | TR1 23 | TR2 23
70.8685 	DATA 	
70.8685 	DATA 	stimulation stopped
70.8685 	DATA 	
71.8516 	DATA 	Keypress: 5
71.8516 	DATA 	TR 47 | TR1 24 | TR2 23
73.4017 	DATA 	Keypress: 5
73.4017 	DATA 	TR 48 | TR1 24 | TR2 24
74.9681 	DATA 	Keypress: 5
74.9682 	DATA 	TR 49 | TR1 25 | TR2 24
76.5180 	DATA 	Keypress: 5
76.5181 	DATA 	TR 50 | TR1 25 | TR2 25
78.0845 	DATA 	Keypress: 5
78.0845 	DATA 	TR 51 | TR1 26 | TR2 25
79.6350 	DATA 	Keypress: 5
79.6510 	DATA 	TR 52 | TR1 26 | TR2 26
81.2176 	DATA 	Keypress: 5
81.2176 	DATA 	TR 53 | TR1 27 | TR2 26
82.7674 	DATA 	Keypress: 5
82.7675 	DATA 	TR 54 | TR1 27 | TR2 27
84.3340 	DATA 	Keypress: 5
84.3341 	DATA 	TR 55 | TR1 28 | TR2 27
85.8838 	DATA 	Keypress: 5
85.8839 	DATA 	TR 56 | TR1 28 | TR2 28
87.4670 	DATA 	Keypress: 5
87.4670 	DATA 	TR 57 | TR1 29 | TR2 28
89.0168 	DATA 	Keypress: 5
89.0169 	DATA 	TR 58 | TR1 29 | TR2 29
90.5833 	DATA 	Keypress: 5
90.5834 	DATA 	TR 59 | TR1 30 | TR2 29
92.1332 	DATA 	Keypress: 5
92.1333 	DATA 	TR 60 | TR1 30 | TR2 30
93.6997 	DATA 	Keypress: 5
93.6998 	DATA 	TR 61 | TR1 31 | TR2 30
94.8661 	DATA 	
94.8661 	DATA 	Trial complete
94.8661 	DATA 	Waiting for VASO trigger to start next trial
94.8661 	DATA 	
95.2665 	DATA 	Keypress: 5
95.2665 	DATA 	TR 62 | TR1 31 | TR2 31
96.8328 	DATA 	Keypress: 5
96.8328 	DATA 	Waited 1.9666728973388672 seconds for trigger
96.8336 	DATA 	
96.8336 	DATA 	Trial 3
96.8336 	DATA 	stimDur = 24.0
96.8336 	DATA 	jitter = 2.355
96.8336 	DATA 	restDur = 24.0

96.8336 	DATA 	
96.8336 	DATA 	TR 63 | TR1 32 | TR2 31
98.3827 	DATA 	Keypress: 5
98.3827 	DATA 	TR 64 | TR1 32 | TR2 32
99.1992 	DATA 	
99.1992 	DATA 	stimulation started
99.1992 	DATA 	
99.9492 	DATA 	Keypress: 5
99.9492 	DATA 	TR 65 | TR1 33 | TR2 32
101.4991 	DATA 	Keypress: 5
101.4991 	DATA 	TR 66 | TR1 33 | TR2 33
103.0822 	DATA 	Keypress: 5
103.0823 	DATA 	TR 67 | TR1 34 | TR2 33
104.6321 	DATA 	Keypress: 5
104.6322 	DATA 	TR 68 | TR1 34 | TR2 34
106.1986 	DATA 	Keypress: 5
106.1987 	DATA 	TR 69 | TR1 35 | TR2 34
107.7485 	DATA 	Keypress: 5
107.7485 	DATA 	TR 70 | TR1 35 | TR2 35
109.3318 	DATA 	Keypress: 5
109.3318 	DATA 	TR 71 | TR1 36 | TR2 35
109.3319 	DATA 	Target presented
109.8150 	DATA 	Keypress: 1
109.8151 	DATA 	Key1 pressed
109.8151 	DATA 	Target detected
110.8815 	DATA 	Keypress: 5
110.8815 	DATA 	TR 72 | TR1 36 | TR2 36
112.4480 	DATA 	Keypress: 5
112.4481 	DATA 	TR 73 | TR1 37 | TR2 36
113.9979 	DATA 	Keypress: 5
113.9980 	DATA 	TR 74 | TR1 37 | TR2 37
115.5646 	DATA 	Keypress: 5
115.5646 	DATA 	TR 75 | TR1 38 | TR2 37
117.1152 	DATA 	Keypress: 5
117.1309 	DATA 	TR 76 | TR1 38 | TR2 38
118.6974 	DATA 	Keypress: 5
118.6975 	DATA 	TR 77 | TR1 39 | TR2 38
120.2473 	DATA 	Keypress: 5
120.2474 	DATA 	TR 78 | TR1 39 | TR2 39
121.8138 	DATA 	Keypress: 5
121.8139 	DATA 	TR 79 | TR1 40 | TR2 39
123.1970 	DATA 	
123.1970 	DATA 	stimulation stopped
123.1970 	DATA 	
123.3636 	DATA 	Keypress: 5
123.3637 	DATA 	TR 80 | TR1 40 | TR2 40
124.9468 	DATA 	Keypress: 5
124.9469 	DATA 	TR 81 | TR1 41 | TR2 40
126.4967 	DATA 	Keypress: 5
126.4967 	DATA 	TR 82 | TR1 41 | TR2 41
128.0632 	DATA 	Keypress: 5
128.0632 	DATA 	TR 83 | TR1 42 | TR2 41
129.6131 	DATA 	Keypress: 5
129.6131 	DATA 	TR 84 | TR1 42 | TR2 42
131.1801 	DATA 	Keypress: 5
131.1962 	DATA 	TR 85 | TR1 43 | TR2 42
132.7463 	DATA 	Keypress: 5
132.7463 	DATA 	TR 86 | TR1 43 | TR2 43
134.3126 	DATA 	Keypress: 5
134.3127 	DATA 	TR 87 | TR1 44 | TR2 43
135.8625 	DATA 	Keypress: 5
135.8625 	DATA 	TR 88 | TR1 44 | TR2 44
137.4290 	DATA 	Keypress: 5
137.4290 	DATA 	TR 89 | TR1 45 | TR2 44
138.9788 	DATA 	Keypress: 5
138.9789 	DATA 	TR 90 | TR1 45 | TR2 45
140.5620 	DATA 	Keypress: 5
140.5621 	DATA 	TR 91 | TR1 46 | TR2 45
142.1119 	DATA 	Keypress: 5
142.1120 	DATA 	TR 92 | TR1 46 | TR2 46
143.6784 	DATA 	Keypress: 5
143.6785 	DATA 	TR 93 | TR1 47 | TR2 46
145.2283 	DATA 	Keypress: 5
145.2283 	DATA 	TR 94 | TR1 47 | TR2 47
146.8115 	DATA 	Keypress: 5
146.8115 	DATA 	TR 95 | TR1 48 | TR2 47
147.1947 	DATA 	
147.1947 	DATA 	Trial complete
147.1948 	DATA 	Waiting for VASO trigger to start next trial
147.1948 	DATA 	
148.3613 	DATA 	Keypress: 5
148.3614 	DATA 	TR 96 | TR1 48 | TR2 48
149.9278 	DATA 	Keypress: 5
149.9280 	DATA 	Waited 2.7332100868225098 seconds for trigger
149.9287 	DATA 	
149.9287 	DATA 	Trial 4
149.9288 	DATA 	stimDur = 4.0
149.9288 	DATA 	jitter = 0.0
149.9288 	DATA 	restDur = 16.0

149.9288 	DATA 	
149.9288 	DATA 	TR 97 | TR1 49 | TR2 48
149.9288 	DATA 	
149.9288 	DATA 	stimulation started
149.9288 	DATA 	
151.4778 	DATA 	Keypress: 5
151.4778 	DATA 	TR 98 | TR1 49 | TR2 49
153.0443 	DATA 	Keypress: 5
153.0444 	DATA 	TR 99 | TR1 50 | TR2 49
153.9442 	DATA 	
153.9442 	DATA 	stimulation stopped
153.9442 	DATA 	
154.6107 	DATA 	Keypress: 5
154.6108 	DATA 	TR 100 | TR1 50 | TR2 50
156.1773 	DATA 	Keypress: 5
156.1773 	DATA 	TR 101 | TR1 51 | TR2 50
157.7271 	DATA 	Keypress: 5
157.7272 	DATA 	TR 102 | TR1 51 | TR2 51
159.2937 	DATA 	Keypress: 5
159.2937 	DATA 	TR 103 | TR1 52 | TR2 51
160.8435 	DATA 	Keypress: 5
160.8435 	DATA 	TR 104 | TR1 52 | TR2 52
162.4267 	DATA 	Keypress: 5
162.4268 	DATA 	TR 105 | TR1 53 | TR2 52
163.9765 	DATA 	Keypress: 5
163.9766 	DATA 	TR 106 | TR1 53 | TR2 53
165.5431 	DATA 	Keypress: 5
165.5431 	DATA 	TR 107 | TR1 54 | TR2 53
167.0929 	DATA 	Keypress: 5
167.0930 	DATA 	TR 108 | TR1 54 | TR2 54
168.6761 	DATA 	Keypress: 5
168.6762 	DATA 	TR 109 | TR1 55 | TR2 54
169.9426 	DATA 	
169.9426 	DATA 	Trial complete
169.9427 	DATA 	Waiting for VASO trigger to start next trial
169.9427 	DATA 	
170.2260 	DATA 	Keypress: 5
170.2260 	DATA 	TR 110 | TR1 55 | TR2 55
171.7925 	DATA 	Keypress: 5
171.7925 	DATA 	Waited 1.8498828411102295 seconds for trigger
171.7933 	DATA 	
171.7933 	DATA 	Trial 5
171.7933 	DATA 	stimDur = 1.0
171.7933 	DATA 	jitter = 2.355
171.7933 	DATA 	restDur = 12.0

171.7933 	DATA 	
171.7933 	DATA 	TR 111 | TR1 56 | TR2 55
173.3425 	DATA 	Keypress: 5
173.3425 	DATA 	TR 112 | TR1 56 | TR2 56
174.1589 	DATA 	
174.1589 	DATA 	stimulation started
174.1589 	DATA 	
174.9089 	DATA 	Keypress: 5
174.9090 	DATA 	TR 113 | TR1 57 | TR2 56
175.1589 	DATA 	
175.1589 	DATA 	stimulation stopped
175.1589 	DATA 	
176.1254 	DATA 	Target presented
176.4587 	DATA 	Keypress: 5
176.4588 	DATA 	TR 114 | TR1 57 | TR2 57
176.6420 	DATA 	Keypress: 1
176.6421 	DATA 	Key1 pressed
176.6421 	DATA 	Target detected
178.0420 	DATA 	Keypress: 5
178.0420 	DATA 	TR 115 | TR1 58 | TR2 57
179.5918 	DATA 	Keypress: 5
179.5918 	DATA 	TR 116 | TR1 58 | TR2 58
181.1583 	DATA 	Keypress: 5
181.1584 	DATA 	TR 117 | TR1 59 | TR2 58
182.7081 	DATA 	Keypress: 5
182.7082 	DATA 	TR 118 | TR1 59 | TR2 59
184.2915 	DATA 	Keypress: 5
184.2915 	DATA 	TR 119 | TR1 60 | TR2 59
185.8412 	DATA 	Keypress: 5
185.8412 	DATA 	TR 120 | TR1 60 | TR2 60
187.1577 	DATA 	
187.1577 	DATA 	Trial complete
187.1577 	DATA 	Waiting for VASO trigger to start next trial
187.1577 	DATA 	
187.4077 	DATA 	Keypress: 5
187.4078 	DATA 	Waited 0.2500569820404053 seconds for trigger
187.4085 	DATA 	
187.4086 	DATA 	Trial 6
187.4086 	DATA 	stimDur = 24.0
187.4086 	DATA 	jitter = 0.785
187.4086 	DATA 	restDur = 24.0

187.4086 	DATA 	
187.4086 	DATA 	TR 121 | TR1 61 | TR2 60
188.2076 	DATA 	
188.2076 	DATA 	stimulation started
188.2076 	DATA 	
188.9576 	DATA 	Keypress: 5
188.9577 	DATA 	TR 122 | TR1 61 | TR2 61
190.5249 	DATA 	Keypress: 5
190.5408 	DATA 	TR 123 | TR1 62 | TR2 61
192.0907 	DATA 	Keypress: 5
192.0907 	DATA 	TR 124 | TR1 62 | TR2 62
193.6572 	DATA 	Keypress: 5
193.6573 	DATA 	TR 125 | TR1 63 | TR2 62
195.2071 	DATA 	Keypress: 5
195.2071 	DATA 	TR 126 | TR1 63 | TR2 63
196.7736 	DATA 	Keypress: 5
196.7737 	DATA 	TR 127 | TR1 64 | TR2 63
198.3236 	DATA 	Keypress: 5
198.3236 	DATA 	TR 128 | TR1 64 | TR2 64
199.9066 	DATA 	Keypress: 5
199.9067 	DATA 	TR 129 | TR1 65 | TR2 64
201.4564 	DATA 	Keypress: 5
201.4565 	DATA 	TR 130 | TR1 65 | TR2 65
203.0230 	DATA 	Keypress: 5
203.0230 	DATA 	TR 131 | TR1 66 | TR2 65
204.5728 	DATA 	Keypress: 5
204.5729 	DATA 	TR 132 | TR1 66 | TR2 66
206.1401 	DATA 	Keypress: 5
206.1560 	DATA 	TR 133 | TR1 67 | TR2 66
207.7059 	DATA 	Keypress: 5
207.7059 	DATA 	TR 134 | TR1 67 | TR2 67
209.2724 	DATA 	Keypress: 5
209.2725 	DATA 	TR 135 | TR1 68 | TR2 67
210.8222 	DATA 	Keypress: 5
210.8223 	DATA 	TR 136 | TR1 68 | TR2 68
212.2054 	DATA 	
212.2054 	DATA 	stimulation stopped
212.2054 	DATA 	
212.3887 	DATA 	Keypress: 5
212.3888 	DATA 	TR 137 | TR1 69 | TR2 68
213.9392 	DATA 	Keypress: 5
213.9553 	DATA 	TR 138 | TR1 69 | TR2 69
215.5218 	DATA 	Keypress: 5
215.5218 	DATA 	TR 139 | TR1 70 | TR2 69
217.0716 	DATA 	Keypress: 5
217.0717 	DATA 	TR 140 | TR1 70 | TR2 70
218.6384 	DATA 	Keypress: 5
218.6384 	DATA 	TR 141 | TR1 71 | TR2 70
219.8714 	DATA 	Target presented
220.1880 	DATA 	Keypress: 5
220.1880 	DATA 	TR 142 | TR1 71 | TR2 71
220.6380 	DATA 	Keypress: 1
220.6380 	DATA 	Key1 pressed
220.6380 	DATA 	Target detected
221.7712 	DATA 	Keypress: 5
221.7712 	DATA 	TR 143 | TR1 72 | TR2 71
223.3210 	DATA 	Keypress: 5
223.3211 	DATA 	TR 144 | TR1 72 | TR2 72
224.8876 	DATA 	Keypress: 5
224.8876 	DATA 	TR 145 | TR1 73 | TR2 72
226.4374 	DATA 	Keypress: 5
226.4375 	DATA 	TR 146 | TR1 73 | TR2 73
228.0040 	DATA 	Keypress: 5
228.0040 	DATA 	TR 147 | TR1 74 | TR2 73
229.5704 	DATA 	Keypress: 5
229.5705 	DATA 	TR 148 | TR1 74 | TR2 74
231.1370 	DATA 	Keypress: 5
231.1371 	DATA 	TR 149 | TR1 75 | TR2 74
232.6869 	DATA 	Keypress: 5
232.6869 	DATA 	TR 150 | TR1 75 | TR2 75
234.2534 	DATA 	Keypress: 5
234.2534 	DATA 	TR 151 | TR1 76 | TR2 75
235.8032 	DATA 	Keypress: 5
235.8033 	DATA 	TR 152 | TR1 76 | TR2 76
236.2031 	DATA 	
236.2032 	DATA 	Trial complete
236.2032 	DATA 	Waiting for VASO trigger to start next trial
236.2032 	DATA 	
237.3864 	DATA 	Keypress: 5
237.3865 	DATA 	Waited 1.183279037475586 seconds for trigger
237.3872 	DATA 	
237.3872 	DATA 	Trial 7
237.3872 	DATA 	stimDur = 12.0
237.3873 	DATA 	jitter = 2.355
237.3873 	DATA 	restDur = 20.0

237.3873 	DATA 	
237.3873 	DATA 	TR 153 | TR1 77 | TR2 76
238.9363 	DATA 	Keypress: 5
238.9363 	DATA 	TR 154 | TR1 77 | TR2 77
239.7528 	DATA 	
239.7528 	DATA 	stimulation started
239.7528 	DATA 	
240.5029 	DATA 	Keypress: 5
240.5029 	DATA 	TR 155 | TR1 78 | TR2 77
242.0527 	DATA 	Keypress: 5
242.0527 	DATA 	TR 156 | TR1 78 | TR2 78
243.6359 	DATA 	Keypress: 5
243.6359 	DATA 	TR 157 | TR1 79 | TR2 78
245.1857 	DATA 	Keypress: 5
245.1858 	DATA 	TR 158 | TR1 79 | TR2 79
246.7523 	DATA 	Keypress: 5
246.7523 	DATA 	TR 159 | TR1 80 | TR2 79
248.3021 	DATA 	Keypress: 5
248.3022 	DATA 	TR 160 | TR1 80 | TR2 80
249.8686 	DATA 	Keypress: 5
249.8687 	DATA 	TR 161 | TR1 81 | TR2 80
251.4192 	DATA 	Keypress: 5
251.4351 	DATA 	TR 162 | TR1 81 | TR2 81
251.7518 	DATA 	
251.7518 	DATA 	stimulation stopped
251.7518 	DATA 	
253.0016 	DATA 	Keypress: 5
253.0017 	DATA 	TR 163 | TR1 82 | TR2 81
254.5516 	DATA 	Keypress: 5
254.5517 	DATA 	TR 164 | TR1 82 | TR2 82
256.1180 	DATA 	Keypress: 5
256.1181 	DATA 	TR 165 | TR1 83 | TR2 82
257.6679 	DATA 	Keypress: 5
257.6679 	DATA 	TR 166 | TR1 83 | TR2 83
259.2511 	DATA 	Keypress: 5
259.2511 	DATA 	TR 167 | TR1 84 | TR2 83
260.8009 	DATA 	Keypress: 5
260.8009 	DATA 	TR 168 | TR1 84 | TR2 84
262.3675 	DATA 	Keypress: 5
262.3675 	DATA 	TR 169 | TR1 85 | TR2 84
263.9173 	DATA 	Keypress: 5
263.9173 	DATA 	TR 170 | TR1 85 | TR2 85
265.4844 	DATA 	Keypress: 5
265.5004 	DATA 	TR 171 | TR1 86 | TR2 85
267.0503 	DATA 	Keypress: 5
267.0504 	DATA 	TR 172 | TR1 86 | TR2 86
268.6169 	DATA 	Keypress: 5
268.6169 	DATA 	TR 173 | TR1 87 | TR2 86
270.1667 	DATA 	Keypress: 5
270.1667 	DATA 	TR 174 | TR1 87 | TR2 87
271.7332 	DATA 	Keypress: 5
271.7333 	DATA 	TR 175 | TR1 88 | TR2 87
271.7499 	DATA 	
271.7499 	DATA 	Trial complete
271.7499 	DATA 	Waiting for VASO trigger to start next trial
271.7499 	DATA 	
273.2832 	DATA 	Keypress: 5
273.2833 	DATA 	TR 176 | TR1 88 | TR2 88
274.8663 	DATA 	Keypress: 5
274.8663 	DATA 	Waited 3.116450071334839 seconds for trigger
274.8671 	DATA 	
274.8671 	DATA 	Trial 8
274.8671 	DATA 	stimDur = 1.0
274.8671 	DATA 	jitter = 0.785
274.8671 	DATA 	restDur = 12.0

274.8671 	DATA 	
274.8672 	DATA 	TR 177 | TR1 89 | TR2 88
275.6662 	DATA 	
275.6662 	DATA 	stimulation started
275.6662 	DATA 	
276.4162 	DATA 	Keypress: 5
276.4162 	DATA 	TR 178 | TR1 89 | TR2 89
276.6662 	DATA 	
276.6663 	DATA 	stimulation stopped
276.6663 	DATA 	
277.9827 	DATA 	Keypress: 5
277.9827 	DATA 	TR 179 | TR1 90 | TR2 89
279.5325 	DATA 	Keypress: 5
279.5325 	DATA 	TR 180 | TR1 90 | TR2 90
281.1156 	DATA 	Keypress: 5
281.1156 	DATA 	TR 181 | TR1 91 | TR2 90
282.6655 	DATA 	Keypress: 5
282.6656 	DATA 	TR 182 | TR1 91 | TR2 91
284.2321 	DATA 	Keypress: 5
284.2321 	DATA 	TR 183 | TR1 92 | TR2 91
285.1153 	DATA 	Target presented
285.6319 	DATA 	Keypress: 1
285.6319 	DATA 	Key1 pressed
285.6319 	DATA 	Target detected
285.7819 	DATA 	Keypress: 5
285.7820 	DATA 	TR 184 | TR1 92 | TR2 92
287.3485 	DATA 	Keypress: 5
287.3486 	DATA 	TR 185 | TR1 93 | TR2 92
288.6649 	DATA 	
288.6649 	DATA 	Trial complete
288.6650 	DATA 	Waiting for VASO trigger to start next trial
288.6650 	DATA 	
288.9150 	DATA 	Keypress: 5
288.9150 	DATA 	TR 186 | TR1 93 | TR2 93
290.4815 	DATA 	Keypress: 5
290.4816 	DATA 	Waited 1.8165929317474365 seconds for trigger
290.4823 	DATA 	
290.4823 	DATA 	Trial 9
290.4823 	DATA 	stimDur = 24.0
290.4823 	DATA 	jitter = 1.57
290.4823 	DATA 	restDur = 24.0

290.4823 	DATA 	
290.4823 	DATA 	TR 187 | TR1 94 | TR2 93
292.0315 	DATA 	Keypress: 5
292.0315 	DATA 	TR 188 | TR1 94 | TR2 94
292.0646 	DATA 	
292.0646 	DATA 	stimulation started
292.0646 	DATA 	
293.5980 	DATA 	Keypress: 5
293.5981 	DATA 	TR 189 | TR1 95 | TR2 94
295.1478 	DATA 	Keypress: 5
295.1478 	DATA 	TR 190 | TR1 95 | TR2 95
296.7310 	DATA 	Keypress: 5
296.7311 	DATA 	TR 191 | TR1 96 | TR2 95
298.2808 	DATA 	Keypress: 5
298.2809 	DATA 	TR 192 | TR1 96 | TR2 96
299.8475 	DATA 	Keypress: 5
299.8475 	DATA 	TR 193 | TR1 97 | TR2 96
301.3972 	DATA 	Keypress: 5
301.3972 	DATA 	TR 194 | TR1 97 | TR2 97
302.9804 	DATA 	Keypress: 5
302.9805 	DATA 	TR 195 | TR1 98 | TR2 97
304.5302 	DATA 	Keypress: 5
304.5303 	DATA 	TR 196 | TR1 98 | TR2 98
306.0968 	DATA 	Keypress: 5
306.0968 	DATA 	TR 197 | TR1 99 | TR2 98
307.6466 	DATA 	Keypress: 5
307.6467 	DATA 	TR 198 | TR1 99 | TR2 99
309.2132 	DATA 	Keypress: 5
309.2133 	DATA 	TR 199 | TR1 100 | TR2 99
310.7630 	DATA 	Keypress: 5
310.7631 	DATA 	TR 200 | TR1 100 | TR2 100
312.3462 	DATA 	Keypress: 5
312.3463 	DATA 	TR 201 | TR1 101 | TR2 100
313.8962 	DATA 	Keypress: 5
313.8962 	DATA 	TR 202 | TR1 101 | TR2 101
315.4626 	DATA 	Keypress: 5
315.4627 	DATA 	TR 203 | TR1 102 | TR2 101
316.0625 	DATA 	
316.0625 	DATA 	stimulation stopped
316.0625 	DATA 	
317.0124 	DATA 	Keypress: 5
317.0124 	DATA 	TR 204 | TR1 102 | TR2 102
318.5956 	DATA 	Keypress: 5
318.5956 	DATA 	TR 205 | TR1 103 | TR2 102
320.1454 	DATA 	Keypress: 5
320.1455 	DATA 	TR 206 | TR1 103 | TR2 103
321.7119 	DATA 	Keypress: 5
321.7120 	DATA 	TR 207 | TR1 104 | TR2 103
323.2618 	DATA 	Keypress: 5
323.2619 	DATA 	TR 208 | TR1 104 | TR2 104
324.8290 	DATA 	Keypress: 5
324.8449 	DATA 	TR 209 | TR1 105 | TR2 104
326.3948 	DATA 	Keypress: 5
326.3949 	DATA 	TR 210 | TR1 105 | TR2 105
327.9614 	DATA 	Keypress: 5
327.9614 	DATA 	TR 211 | TR1 106 | TR2 105
329.5113 	DATA 	Keypress: 5
329.5114 	DATA 	TR 212 | TR1 106 | TR2 106
331.0780 	DATA 	Keypress: 5
331.0780 	DATA 	TR 213 | TR1 107 | TR2 106
332.5442 	DATA 	Target presented
332.6275 	DATA 	Keypress: 5
332.6276 	DATA 	TR 214 | TR1 107 | TR2 107
334.2108 	DATA 	Keypress: 5
334.2109 	DATA 	TR 215 | TR1 108 | TR2 107
335.7606 	DATA 	Keypress: 5
335.7607 	DATA 	TR 216 | TR1 108 | TR2 108
337.3272 	DATA 	Keypress: 5
337.3272 	DATA 	TR 217 | TR1 109 | TR2 108
338.8770 	DATA 	Keypress: 5
338.8770 	DATA 	TR 218 | TR1 109 | TR2 109
340.0602 	DATA 	
340.0602 	DATA 	Trial complete
340.0602 	DATA 	Waiting for VASO trigger to start next trial
340.0602 	DATA 	
340.4603 	DATA 	Keypress: 5
340.4604 	DATA 	Waited 0.4001760482788086 seconds for trigger
340.4612 	DATA 	
340.4612 	DATA 	Trial 10
340.4612 	DATA 	stimDur = 2.0
340.4612 	DATA 	jitter = 0.785
340.4612 	DATA 	restDur = 14.0

340.4612 	DATA 	
340.4612 	DATA 	TR 219 | TR1 110 | TR2 109
341.2601 	DATA 	
341.2601 	DATA 	stimulation started
341.2601 	DATA 	
342.0103 	DATA 	Keypress: 5
342.0103 	DATA 	TR 220 | TR1 110 | TR2 110
343.2599 	DATA 	
343.2600 	DATA 	stimulation stopped
343.2600 	DATA 	
343.5766 	DATA 	Keypress: 5
343.5766 	DATA 	TR 221 | TR1 111 | TR2 110
345.1264 	DATA 	Keypress: 5
345.1265 	DATA 	TR 222 | TR1 111 | TR2 111
346.6929 	DATA 	Keypress: 5
346.6930 	DATA 	TR 223 | TR1 112 | TR2 111
348.2595 	DATA 	Keypress: 5
348.2595 	DATA 	TR 224 | TR1 112 | TR2 112
349.8261 	DATA 	Keypress: 5
349.8262 	DATA 	TR 225 | TR1 113 | TR2 112
351.3759 	DATA 	Keypress: 5
351.3759 	DATA 	TR 226 | TR1 113 | TR2 113
352.9424 	DATA 	Keypress: 5
352.9424 	DATA 	TR 227 | TR1 114 | TR2 113
354.4923 	DATA 	Keypress: 5
354.4923 	DATA 	TR 228 | TR1 114 | TR2 114
356.0755 	DATA 	Keypress: 5
356.0756 	DATA 	TR 229 | TR1 115 | TR2 114
357.2586 	DATA 	
357.2586 	DATA 	Trial complete
357.2586 	DATA 	Waiting for VASO trigger to start next trial
357.2586 	DATA 	
357.6253 	DATA 	Keypress: 5
357.6254 	DATA 	TR 230 | TR1 115 | TR2 115
359.1918 	DATA 	Keypress: 5
359.1918 	DATA 	Waited 1.9331910610198975 seconds for trigger
359.1926 	DATA 	
359.1926 	DATA 	Trial 11
359.1926 	DATA 	stimDur = 4.0
359.1926 	DATA 	jitter = 0.785
359.1926 	DATA 	restDur = 16.0

359.1926 	DATA 	
359.1926 	DATA 	TR 231 | TR1 116 | TR2 115
359.9917 	DATA 	
359.9917 	DATA 	stimulation started
359.9917 	DATA 	
360.7418 	DATA 	Keypress: 5
360.7418 	DATA 	TR 232 | TR1 116 | TR2 116
362.3090 	DATA 	Keypress: 5
362.3248 	DATA 	TR 233 | TR1 117 | TR2 116
363.8748 	DATA 	Keypress: 5
363.8748 	DATA 	TR 234 | TR1 117 | TR2 117
363.9914 	DATA 	
363.9914 	DATA 	stimulation stopped
363.9914 	DATA 	
365.4412 	DATA 	Keypress: 5
365.4413 	DATA 	TR 235 | TR1 118 | TR2 117
366.9911 	DATA 	Keypress: 5
366.9911 	DATA 	TR 236 | TR1 118 | TR2 118
368.5576 	DATA 	Keypress: 5
368.5576 	DATA 	TR 237 | TR1 119 | TR2 118
370.1076 	DATA 	Keypress: 5
370.1077 	DATA 	TR 238 | TR1 119 | TR2 119
371.6905 	DATA 	Keypress: 5
371.6906 	DATA 	TR 239 | TR1 120 | TR2 119
373.2405 	DATA 	Keypress: 5
373.2406 	DATA 	TR 240 | TR1 120 | TR2 120
374.8070 	DATA 	Keypress: 5
374.8071 	DATA 	TR 241 | TR1 121 | TR2 120
376.3569 	DATA 	Keypress: 5
376.3569 	DATA 	TR 242 | TR1 121 | TR2 121
377.9400 	DATA 	Keypress: 5
377.9401 	DATA 	TR 243 | TR1 122 | TR2 121
379.4900 	DATA 	Keypress: 5
379.4900 	DATA 	TR 244 | TR1 122 | TR2 122
379.9898 	DATA 	
379.9898 	DATA 	Trial complete
379.9899 	DATA 	Waiting for VASO trigger to start next trial
379.9899 	DATA 	
381.0564 	DATA 	Keypress: 5
381.0565 	DATA 	Waited 1.0666370391845703 seconds for trigger
381.0573 	DATA 	
381.0573 	DATA 	Trial 12
381.0573 	DATA 	stimDur = 2.0
381.0573 	DATA 	jitter = 0.0
381.0573 	DATA 	restDur = 14.0

381.0573 	DATA 	
381.0573 	DATA 	TR 245 | TR1 123 | TR2 122
381.0573 	DATA 	
381.0573 	DATA 	stimulation started
381.0573 	DATA 	
382.6064 	DATA 	Keypress: 5
382.6064 	DATA 	TR 246 | TR1 123 | TR2 123
383.0729 	DATA 	
383.0729 	DATA 	stimulation stopped
383.0729 	DATA 	
384.1728 	DATA 	Keypress: 5
384.1728 	DATA 	TR 247 | TR1 124 | TR2 123
385.7233 	DATA 	Keypress: 5
385.7394 	DATA 	TR 248 | TR1 124 | TR2 124
387.3058 	DATA 	Keypress: 5
387.3059 	DATA 	TR 249 | TR1 125 | TR2 124
388.8557 	DATA 	Keypress: 5
388.8558 	DATA 	TR 250 | TR1 125 | TR2 125
390.4222 	DATA 	Keypress: 5
390.4223 	DATA 	TR 251 | TR1 126 | TR2 125
391.9721 	DATA 	Keypress: 5
391.9722 	DATA 	TR 252 | TR1 126 | TR2 126
393.5553 	DATA 	Keypress: 5
393.5553 	DATA 	TR 253 | TR1 127 | TR2 126
395.1054 	DATA 	Keypress: 5
395.1054 	DATA 	TR 254 | TR1 127 | TR2 127
395.6884 	DATA 	Target presented
396.3217 	DATA 	Keypress: 1
396.3217 	DATA 	Key1 pressed
396.3218 	DATA 	Target detected
396.6716 	DATA 	Keypress: 5
396.6717 	DATA 	TR 255 | TR1 128 | TR2 127
397.0716 	DATA 	
397.0716 	DATA 	Trial complete
397.0716 	DATA 	Waiting for VASO trigger to start next trial
397.0716 	DATA 	
398.2215 	DATA 	Keypress: 5
398.2216 	DATA 	TR 256 | TR1 128 | TR2 128
399.8047 	DATA 	Keypress: 5
399.8047 	DATA 	Waited 2.7331459522247314 seconds for trigger
399.8055 	DATA 	
399.8055 	DATA 	Trial 13
399.8055 	DATA 	stimDur = 4.0
399.8055 	DATA 	jitter = 1.57
399.8055 	DATA 	restDur = 16.0

399.8055 	DATA 	
399.8055 	DATA 	TR 257 | TR1 129 | TR2 128
401.3546 	DATA 	Keypress: 5
401.3546 	DATA 	TR 258 | TR1 129 | TR2 129
401.3878 	DATA 	
401.3879 	DATA 	stimulation started
401.3879 	DATA 	
402.9211 	DATA 	Keypress: 5
402.9212 	DATA 	TR 259 | TR1 130 | TR2 129
404.4710 	DATA 	Keypress: 5
404.4711 	DATA 	TR 260 | TR1 130 | TR2 130
405.3877 	DATA 	
405.3877 	DATA 	stimulation stopped
405.3877 	DATA 	
406.0375 	DATA 	Keypress: 5
406.0375 	DATA 	TR 261 | TR1 131 | TR2 130
407.5873 	DATA 	Keypress: 5
407.5874 	DATA 	TR 262 | TR1 131 | TR2 131
409.1705 	DATA 	Keypress: 5
409.1706 	DATA 	TR 263 | TR1 132 | TR2 131
410.7204 	DATA 	Keypress: 5
410.7204 	DATA 	TR 264 | TR1 132 | TR2 132
412.2868 	DATA 	Keypress: 5
412.2869 	DATA 	TR 265 | TR1 133 | TR2 132
413.8368 	DATA 	Keypress: 5
413.8368 	DATA 	TR 266 | TR1 133 | TR2 133
415.4199 	DATA 	Keypress: 5
415.4200 	DATA 	TR 267 | TR1 134 | TR2 133
416.9698 	DATA 	Keypress: 5
416.9699 	DATA 	TR 268 | TR1 134 | TR2 134
418.5363 	DATA 	Keypress: 5
418.5363 	DATA 	TR 269 | TR1 135 | TR2 134
420.0862 	DATA 	Keypress: 5
420.0862 	DATA 	TR 270 | TR1 135 | TR2 135
421.3860 	DATA 	
421.3860 	DATA 	Trial complete
421.3860 	DATA 	Waiting for VASO trigger to start next trial
421.3860 	DATA 	
421.6528 	DATA 	Keypress: 5
421.6529 	DATA 	Waited 0.2668309211730957 seconds for trigger
421.6536 	DATA 	
421.6536 	DATA 	Trial 14
421.6536 	DATA 	stimDur = 12.0
421.6536 	DATA 	jitter = 0.785
421.6536 	DATA 	restDur = 20.0

421.6536 	DATA 	
421.6537 	DATA 	TR 271 | TR1 136 | TR2 135
422.4526 	DATA 	
422.4526 	DATA 	stimulation started
422.4526 	DATA 	
423.2193 	DATA 	Keypress: 5
423.2194 	DATA 	TR 272 | TR1 136 | TR2 136
424.7858 	DATA 	Keypress: 5
424.7858 	DATA 	TR 273 | TR1 137 | TR2 136
426.3358 	DATA 	Keypress: 5
426.3358 	DATA 	TR 274 | TR1 137 | TR2 137
427.9021 	DATA 	Keypress: 5
427.9022 	DATA 	TR 275 | TR1 138 | TR2 137
429.4520 	DATA 	Keypress: 5
429.4521 	DATA 	TR 276 | TR1 138 | TR2 138
431.0352 	DATA 	Keypress: 5
431.0352 	DATA 	TR 277 | TR1 139 | TR2 138
432.5851 	DATA 	Keypress: 5
432.5851 	DATA 	TR 278 | TR1 139 | TR2 139
434.1518 	DATA 	Keypress: 5
434.1518 	DATA 	TR 279 | TR1 140 | TR2 139
434.4515 	DATA 	
434.4515 	DATA 	stimulation stopped
434.4515 	DATA 	
435.7014 	DATA 	Keypress: 5
435.7015 	DATA 	TR 280 | TR1 140 | TR2 140
437.2846 	DATA 	Keypress: 5
437.2846 	DATA 	TR 281 | TR1 141 | TR2 140
438.8345 	DATA 	Keypress: 5
438.8345 	DATA 	TR 282 | TR1 141 | TR2 141
440.4010 	DATA 	Keypress: 5
440.4010 	DATA 	TR 283 | TR1 142 | TR2 141
441.9508 	DATA 	Keypress: 5
441.9509 	DATA 	TR 284 | TR1 142 | TR2 142
443.5174 	DATA 	Keypress: 5
443.5174 	DATA 	TR 285 | TR1 143 | TR2 142
445.0678 	DATA 	Keypress: 5
445.0838 	DATA 	TR 286 | TR1 143 | TR2 143
446.6504 	DATA 	Keypress: 5
446.6505 	DATA 	TR 287 | TR1 144 | TR2 143
447.1170 	DATA 	Target presented
448.2003 	DATA 	Keypress: 5
448.2003 	DATA 	TR 288 | TR1 144 | TR2 144
449.7668 	DATA 	Keypress: 5
449.7668 	DATA 	TR 289 | TR1 145 | TR2 144
451.3167 	DATA 	Keypress: 5
451.3167 	DATA 	TR 290 | TR1 145 | TR2 145
452.8998 	DATA 	Keypress: 5
452.8998 	DATA 	TR 291 | TR1 146 | TR2 145
454.4498 	DATA 	Keypress: 5
454.4498 	DATA 	TR 292 | TR1 146 | TR2 146
454.4499 	DATA 	
454.4499 	DATA 	Trial complete
454.4499 	DATA 	Waiting for VASO trigger to start next trial
454.4499 	DATA 	
456.0162 	DATA 	Keypress: 5
456.0163 	DATA 	Waited 1.5663988590240479 seconds for trigger
456.0171 	DATA 	
456.0171 	DATA 	Trial 15
456.0171 	DATA 	stimDur = 12.0
456.0171 	DATA 	jitter = 1.57
456.0171 	DATA 	restDur = 20.0

456.0171 	DATA 	
456.0171 	DATA 	TR 293 | TR1 147 | TR2 146
457.5661 	DATA 	Keypress: 5
457.5662 	DATA 	TR 294 | TR1 147 | TR2 147
457.5995 	DATA 	
457.5995 	DATA 	stimulation started
457.5995 	DATA 	
459.1327 	DATA 	Keypress: 5
459.1327 	DATA 	TR 295 | TR1 148 | TR2 147
460.6992 	DATA 	Keypress: 5
460.6993 	DATA 	TR 296 | TR1 148 | TR2 148
462.2657 	DATA 	Keypress: 5
462.2658 	DATA 	TR 297 | TR1 149 | TR2 148
463.8156 	DATA 	Keypress: 5
463.8157 	DATA 	TR 298 | TR1 149 | TR2 149
465.3821 	DATA 	Keypress: 5
465.3822 	DATA 	TR 299 | TR1 150 | TR2 149
466.9320 	DATA 	Keypress: 5
466.9320 	DATA 	TR 300 | TR1 150 | TR2 150
468.5152 	DATA 	Keypress: 5
468.5152 	DATA 	TR 301 | TR1 151 | TR2 150
469.5984 	DATA 	
469.5984 	DATA 	stimulation stopped
469.5984 	DATA 	
470.0650 	DATA 	Keypress: 5
470.0651 	DATA 	TR 302 | TR1 151 | TR2 151
471.6315 	DATA 	Keypress: 5
471.6316 	DATA 	TR 303 | TR1 152 | TR2 151
473.1814 	DATA 	Keypress: 5
473.1815 	DATA 	TR 304 | TR1 152 | TR2 152
474.7646 	DATA 	Keypress: 5
474.7646 	DATA 	TR 305 | TR1 153 | TR2 152
476.3145 	DATA 	Keypress: 5
476.3145 	DATA 	TR 306 | TR1 153 | TR2 153
477.8810 	DATA 	Keypress: 5
477.8810 	DATA 	TR 307 | TR1 154 | TR2 153
479.4309 	DATA 	Keypress: 5
479.4309 	DATA 	TR 308 | TR1 154 | TR2 154
480.9974 	DATA 	Keypress: 5
480.9974 	DATA 	TR 309 | TR1 155 | TR2 154
482.5639 	DATA 	Keypress: 5
482.5640 	DATA 	TR 310 | TR1 155 | TR2 155
484.1304 	DATA 	Keypress: 5
484.1305 	DATA 	TR 311 | TR1 156 | TR2 155
485.6803 	DATA 	Keypress: 5
485.6804 	DATA 	TR 312 | TR1 156 | TR2 156
487.2468 	DATA 	Keypress: 5
487.2469 	DATA 	TR 313 | TR1 157 | TR2 156
488.7967 	DATA 	Keypress: 5
488.7967 	DATA 	TR 314 | TR1 157 | TR2 157
489.5966 	DATA 	
489.5966 	DATA 	Trial complete
489.5966 	DATA 	Waiting for VASO trigger to start next trial
489.5966 	DATA 	
489.6633 	DATA 	Target presented
490.3798 	DATA 	Keypress: 5
490.3799 	DATA 	Waited 0.7832999229431152 seconds for trigger
490.3807 	DATA 	
490.3807 	DATA 	Trial 16
490.3807 	DATA 	stimDur = 2.0
490.3807 	DATA 	jitter = 1.57
490.3807 	DATA 	restDur = 14.0

490.3807 	DATA 	
490.3807 	DATA 	TR 315 | TR1 158 | TR2 157
491.9298 	DATA 	Keypress: 5
491.9298 	DATA 	TR 316 | TR1 158 | TR2 158
491.9630 	DATA 	
491.9631 	DATA 	stimulation started
491.9631 	DATA 	
493.4963 	DATA 	Keypress: 5
493.4964 	DATA 	TR 317 | TR1 159 | TR2 158
493.9629 	DATA 	
493.9629 	DATA 	stimulation stopped
493.9629 	DATA 	
495.0461 	DATA 	Keypress: 5
495.0462 	DATA 	TR 318 | TR1 159 | TR2 159
496.6132 	DATA 	Keypress: 5
496.6293 	DATA 	TR 319 | TR1 160 | TR2 159
498.1793 	DATA 	Keypress: 5
498.1793 	DATA 	TR 320 | TR1 160 | TR2 160
499.7457 	DATA 	Keypress: 5
499.7458 	DATA 	TR 321 | TR1 161 | TR2 160
501.2957 	DATA 	Keypress: 5
501.2958 	DATA 	TR 322 | TR1 161 | TR2 161
502.8621 	DATA 	Keypress: 5
502.8621 	DATA 	TR 323 | TR1 162 | TR2 161
504.4120 	DATA 	Keypress: 5
504.4120 	DATA 	TR 324 | TR1 162 | TR2 162
505.9953 	DATA 	Keypress: 5
505.9954 	DATA 	TR 325 | TR1 163 | TR2 162
507.5450 	DATA 	Keypress: 5
507.5451 	DATA 	TR 326 | TR1 163 | TR2 163
507.9616 	DATA 	
507.9616 	DATA 	Trial complete
507.9616 	DATA 	Waiting for VASO trigger to start next trial
507.9616 	DATA 	
509.1115 	DATA 	Keypress: 5
509.1116 	DATA 	Waited 1.1499810218811035 seconds for trigger
509.1124 	DATA 	
509.1124 	DATA 	Trial 17
509.1124 	DATA 	stimDur = 2.0
509.1124 	DATA 	jitter = 2.355
509.1124 	DATA 	restDur = 14.0

509.1124 	DATA 	
509.1124 	DATA 	TR 327 | TR1 164 | TR2 163
510.6614 	DATA 	Keypress: 5
510.6615 	DATA 	TR 328 | TR1 164 | TR2 164
511.4780 	DATA 	
511.4780 	DATA 	stimulation started
511.4780 	DATA 	
512.2446 	DATA 	Keypress: 5
512.2447 	DATA 	TR 329 | TR1 165 | TR2 164
513.4778 	DATA 	
513.4778 	DATA 	stimulation stopped
513.4778 	DATA 	
513.7945 	DATA 	Keypress: 5
513.7945 	DATA 	TR 330 | TR1 165 | TR2 165
515.3610 	DATA 	Keypress: 5
515.3611 	DATA 	TR 331 | TR1 166 | TR2 165
516.9109 	DATA 	Keypress: 5
516.9109 	DATA 	TR 332 | TR1 166 | TR2 166
518.4773 	DATA 	Keypress: 5
518.4774 	DATA 	TR 333 | TR1 167 | TR2 166
520.0278 	DATA 	Keypress: 5
520.0439 	DATA 	TR 334 | TR1 167 | TR2 167
521.6104 	DATA 	Keypress: 5
521.6105 	DATA 	TR 335 | TR1 168 | TR2 167
523.1603 	DATA 	Keypress: 5
523.1604 	DATA 	TR 336 | TR1 168 | TR2 168
524.7268 	DATA 	Keypress: 5
524.7268 	DATA 	TR 337 | TR1 169 | TR2 168
526.2766 	DATA 	Keypress: 5
526.2767 	DATA 	TR 338 | TR1 169 | TR2 169
527.4767 	DATA 	
527.4767 	DATA 	Trial complete
527.4767 	DATA 	Waiting for VASO trigger to start next trial
527.4767 	DATA 	
527.8600 	DATA 	Keypress: 5
527.8601 	DATA 	Waited 0.383404016494751 seconds for trigger
527.8609 	DATA 	
527.8609 	DATA 	Trial 18
527.8609 	DATA 	stimDur = 1.0
527.8609 	DATA 	jitter = 1.57
527.8609 	DATA 	restDur = 12.0

527.8609 	DATA 	
527.8609 	DATA 	TR 339 | TR1 170 | TR2 169
529.4097 	DATA 	Keypress: 5
529.4098 	DATA 	TR 340 | TR1 170 | TR2 170
529.4430 	DATA 	
529.4430 	DATA 	stimulation started
529.4430 	DATA 	
530.4430 	DATA 	
530.4430 	DATA 	stimulation stopped
530.4430 	DATA 	
530.9763 	DATA 	Keypress: 5
530.9763 	DATA 	TR 341 | TR1 171 | TR2 170
532.5261 	DATA 	Keypress: 5
532.5261 	DATA 	TR 342 | TR1 171 | TR2 171
534.1093 	DATA 	Keypress: 5
534.1094 	DATA 	TR 343 | TR1 172 | TR2 171
535.6592 	DATA 	Keypress: 5
535.6592 	DATA 	TR 344 | TR1 172 | TR2 172
537.2257 	DATA 	Keypress: 5
537.2258 	DATA 	TR 345 | TR1 173 | TR2 172
538.7755 	DATA 	Keypress: 5
538.7756 	DATA 	TR 346 | TR1 173 | TR2 173
540.3421 	DATA 	Keypress: 5
540.3421 	DATA 	TR 347 | TR1 174 | TR2 173
541.8920 	DATA 	Keypress: 5
541.8920 	DATA 	TR 348 | TR1 174 | TR2 174
542.4419 	DATA 	
542.4419 	DATA 	Trial complete
542.4419 	DATA 	Waiting for VASO trigger to start next trial
542.4419 	DATA 	
543.4752 	DATA 	Keypress: 5
543.4752 	DATA 	Waited 1.0333189964294434 seconds for trigger
543.4760 	DATA 	
543.4760 	DATA 	Trial 19
543.4760 	DATA 	stimDur = 12.0
543.4760 	DATA 	jitter = 0.0
543.4760 	DATA 	restDur = 20.0

543.4760 	DATA 	
543.4760 	DATA 	TR 349 | TR1 175 | TR2 174
543.4760 	DATA 	
543.4760 	DATA 	stimulation started
543.4760 	DATA 	
545.0250 	DATA 	Keypress: 5
545.0251 	DATA 	TR 350 | TR1 175 | TR2 175
546.5916 	DATA 	Keypress: 5
546.5917 	DATA 	TR 351 | TR1 176 | TR2 175
548.1414 	DATA 	Keypress: 5
548.1415 	DATA 	TR 352 | TR1 176 | TR2 176
549.7246 	DATA 	Keypress: 5
549.7247 	DATA 	TR 353 | TR1 177 | TR2 176
551.2745 	DATA 	Keypress: 5
551.2745 	DATA 	TR 354 | TR1 177 | TR2 177
552.8410 	DATA 	Keypress: 5
552.8411 	DATA 	TR 355 | TR1 178 | TR2 177
554.3909 	DATA 	Keypress: 5
554.3909 	DATA 	TR 356 | TR1 178 | TR2 178
555.4908 	DATA 	
555.4908 	DATA 	stimulation stopped
555.4908 	DATA 	
555.9580 	DATA 	Keypress: 5
555.9740 	DATA 	TR 357 | TR1 179 | TR2 178
557.5239 	DATA 	Keypress: 5
557.5239 	DATA 	TR 358 | TR1 179 | TR2 179
558.7071 	DATA 	Target presented
559.0904 	DATA 	Keypress: 5
559.0905 	DATA 	TR 359 | TR1 180 | TR2 179
559.5070 	DATA 	Keypress: 1
559.5071 	DATA 	Key1 pressed
559.5071 	DATA 	Target detected
560.6402 	DATA 	Keypress: 5
560.6403 	DATA 	TR 360 | TR1 180 | TR2 180
562.2068 	DATA 	Keypress: 5
562.2069 	DATA 	TR 361 | TR1 181 | TR2 180
563.7566 	DATA 	Keypress: 5
563.7567 	DATA 	TR 362 | TR1 181 | TR2 181
565.3399 	DATA 	Keypress: 5
565.3399 	DATA 	TR 363 | TR1 182 | TR2 181
566.8897 	DATA 	Keypress: 5
566.8897 	DATA 	TR 364 | TR1 182 | TR2 182
568.4563 	DATA 	Keypress: 5
568.4563 	DATA 	TR 365 | TR1 183 | TR2 182
570.0061 	DATA 	Keypress: 5
570.0061 	DATA 	TR 366 | TR1 183 | TR2 183
571.5893 	DATA 	Keypress: 5
571.5894 	DATA 	TR 367 | TR1 184 | TR2 183
573.1393 	DATA 	Keypress: 5
573.1393 	DATA 	TR 368 | TR1 184 | TR2 184
574.7057 	DATA 	Keypress: 5
574.7058 	DATA 	TR 369 | TR1 185 | TR2 184
575.4891 	DATA 	
575.4891 	DATA 	Trial complete
575.4891 	DATA 	
576.2554 	DATA 	Keypress: 5
576.2555 	DATA 	TR 370 | TR1 185 | TR2 185
577.8221 	DATA 	Keypress: 5
577.8221 	DATA 	Waited 35.38023495674133 seconds for trigger
577.8229 	DATA 	
577.8229 	DATA 	Trial 20
577.8229 	DATA 	stimDur = 4.0
577.8229 	DATA 	jitter = 2.355
577.8229 	DATA 	restDur = 16.0

577.8229 	DATA 	
577.8229 	DATA 	TR 371 | TR1 186 | TR2 185
579.3725 	DATA 	Keypress: 5
579.3886 	DATA 	TR 372 | TR1 186 | TR2 186
580.1885 	DATA 	
580.1885 	DATA 	stimulation started
580.1885 	DATA 	
580.9553 	DATA 	Keypress: 5
580.9554 	DATA 	TR 373 | TR1 187 | TR2 186
582.5050 	DATA 	Keypress: 5
582.5051 	DATA 	TR 374 | TR1 187 | TR2 187
584.0716 	DATA 	Keypress: 5
584.0717 	DATA 	TR 375 | TR1 188 | TR2 187
584.1882 	DATA 	
584.1882 	DATA 	stimulation stopped
584.1882 	DATA 	
585.6214 	DATA 	Keypress: 5
585.6214 	DATA 	TR 376 | TR1 188 | TR2 188
587.2046 	DATA 	Keypress: 5
587.2046 	DATA 	TR 377 | TR1 189 | TR2 188
588.7544 	DATA 	Keypress: 5
588.7545 	DATA 	TR 378 | TR1 189 | TR2 189
590.3210 	DATA 	Keypress: 5
590.3210 	DATA 	TR 379 | TR1 190 | TR2 189
591.8708 	DATA 	Keypress: 5
591.8708 	DATA 	TR 380 | TR1 190 | TR2 190
593.4375 	DATA 	Keypress: 5
593.4375 	DATA 	TR 381 | TR1 191 | TR2 190
595.0039 	DATA 	Keypress: 5
595.0039 	DATA 	TR 382 | TR1 191 | TR2 191
596.5704 	DATA 	Keypress: 5
596.5705 	DATA 	TR 383 | TR1 192 | TR2 191
598.1204 	DATA 	Keypress: 5
598.1204 	DATA 	TR 384 | TR1 192 | TR2 192
599.6868 	DATA 	Keypress: 5
599.6869 	DATA 	TR 385 | TR1 193 | TR2 192
600.1867 	DATA 	
600.1867 	DATA 	Trial complete
600.1867 	DATA 	
601.2367 	DATA 	Keypress: 5
601.2367 	DATA 	TR 386 | TR1 193 | TR2 193
602.8199 	DATA 	Keypress: 5
602.8199 	DATA 	TR 387 | TR1 194 | TR2 193
604.3697 	DATA 	Keypress: 5
604.3698 	DATA 	TR 388 | TR1 194 | TR2 194
605.9362 	DATA 	Keypress: 5
605.9363 	DATA 	TR 389 | TR1 195 | TR2 194
607.4860 	DATA 	Keypress: 5
607.4860 	DATA 	TR 390 | TR1 195 | TR2 195
609.0693 	DATA 	Keypress: 5
609.0693 	DATA 	TR 391 | TR1 196 | TR2 195
610.6193 	DATA 	Keypress: 5
610.6193 	DATA 	TR 392 | TR1 196 | TR2 196
612.1857 	DATA 	Keypress: 5
612.1857 	DATA 	TR 393 | TR1 197 | TR2 196
613.7355 	DATA 	Keypress: 5
613.7356 	DATA 	TR 394 | TR1 197 | TR2 197
615.3021 	DATA 	Keypress: 5
615.3021 	DATA 	TR 395 | TR1 198 | TR2 197
616.8525 	DATA 	Keypress: 5
616.8685 	DATA 	TR 396 | TR1 198 | TR2 198
618.4353 	DATA 	Keypress: 5
618.4353 	DATA 	TR 397 | TR1 199 | TR2 198
619.9850 	DATA 	Keypress: 5
619.9850 	DATA 	TR 398 | TR1 199 | TR2 199
621.5515 	DATA 	Keypress: 5
621.5515 	DATA 	TR 399 | TR1 200 | TR2 199
623.1013 	DATA 	Keypress: 5
623.1014 	DATA 	TR 400 | TR1 200 | TR2 200
624.6846 	DATA 	Keypress: 5
624.6846 	DATA 	TR 401 | TR1 201 | TR2 200
626.2344 	DATA 	Keypress: 5
626.2344 	DATA 	TR 402 | TR1 201 | TR2 201
627.8009 	DATA 	Keypress: 5
627.8010 	DATA 	TR 403 | TR1 202 | TR2 201
629.3508 	DATA 	Keypress: 5
629.3508 	DATA 	TR 404 | TR1 202 | TR2 202
630.9179 	DATA 	Keypress: 5
630.9341 	DATA 	TR 405 | TR1 203 | TR2 202
632.4840 	DATA 	Keypress: 5
632.4840 	DATA 	TR 406 | TR1 203 | TR2 203
634.0504 	DATA 	Keypress: 5
634.0505 	DATA 	TR 407 | TR1 204 | TR2 203
635.6002 	DATA 	Keypress: 5
635.6003 	DATA 	TR 408 | TR1 204 | TR2 204
637.1668 	DATA 	Keypress: 5
637.1668 	DATA 	TR 409 | TR1 205 | TR2 204
638.7166 	DATA 	Keypress: 5
638.7166 	DATA 	TR 410 | TR1 205 | TR2 205
640.2998 	DATA 	Keypress: 5
640.2999 	DATA 	TR 411 | TR1 206 | TR2 205
641.8497 	DATA 	Keypress: 5
641.8497 	DATA 	TR 412 | TR1 206 | TR2 206
643.4162 	DATA 	Keypress: 5
643.4163 	DATA 	TR 413 | TR1 207 | TR2 206
644.9662 	DATA 	Keypress: 5
644.9662 	DATA 	TR 414 | TR1 207 | TR2 207
646.5493 	DATA 	Keypress: 5
646.5493 	DATA 	TR 415 | TR1 208 | TR2 207
648.0991 	DATA 	Keypress: 5
648.0991 	DATA 	TR 416 | TR1 208 | TR2 208
649.6656 	DATA 	Keypress: 5
649.6657 	DATA 	TR 417 | TR1 209 | TR2 208
651.2157 	DATA 	Keypress: 5
651.2157 	DATA 	TR 418 | TR1 209 | TR2 209
652.7821 	DATA 	Keypress: 5
652.7821 	DATA 	TR 419 | TR1 210 | TR2 209
654.3486 	DATA 	Keypress: 5
654.3486 	DATA 	TR 420 | TR1 210 | TR2 210
655.9151 	DATA 	Keypress: 5
655.9152 	DATA 	TR 421 | TR1 211 | TR2 210
657.4649 	DATA 	Keypress: 5
657.4650 	DATA 	TR 422 | TR1 211 | TR2 211
659.0315 	DATA 	Keypress: 5
659.0315 	DATA 	TR 423 | TR1 212 | TR2 211
660.5813 	DATA 	Keypress: 5
660.5814 	DATA 	TR 424 | TR1 212 | TR2 212
662.1645 	DATA 	Keypress: 5
662.1646 	DATA 	TR 425 | TR1 213 | TR2 212
663.0144 	DATA 	EndOfRun sub-05_ses-01_run-03

663.0144 	DATA 	We spent 63.45186519622803 seconds waiting for triggers
663.0144 	DATA 	RatioOfDetectedTargets 0.6666666666666666
663.0144 	DATA 	You have detected 6 out of 9 targets.
667.8363 	DATA 	Keypress: 5
668.0905 	EXP 	window1: mouseVisible = True
