MonitorDistance=99cm
MonitorWidth=30cm
PixelWidth=1024.0
PixelHeight=768.0
You have detected 8 out of 9 targets.
Well done! Keep up the good work
16.7585 	INFO 	Loaded monitor calibration from ['2021_05_26 17:55']
17.2249 	EXP 	Created window1 = Window(allowGUI=False, allowStencil=False, autoLog=True, backendConf=UNKNOWN, bitsMode=UNKNOWN, blendMode='avg', bpc=(8, 8, 8), color=array([-0.5, -0.5, -0.5]), colorSpace='rgb', depthBits=8, fullscr=<method-wrapper '__getattribute__' of attributeSetter object at 0x7f4b5c3802b0>, gamma=None, gammaErrorPolicy='raise', lms=UNKNOWN, monitor=<psychopy.monitors.calibTools.Monitor object at 0x7f4b5219bcc0>, multiSample=False, name='window1', numSamples=2, pos=[0.0, 0.0], screen=0, size=array([1024,  768]), stencilBits=0, stereo=False, units='deg', useFBO=False, useRetina=False, viewOri=0.0, viewPos=None, viewScale=None, waitBlanking=True, winType='pyglet')
17.2250 	EXP 	window1: mouseVisible = True
17.2981 	EXP 	Created unnamed TextStim = TextStim(__class__=<class 'psychopy.visual.text.TextStim'>, alignHoriz=method-wrapper(...), alignText='center', alignVert=method-wrapper(...), anchorHoriz='center', anchorVert='center', antialias=True, autoLog=True, bold=False, color=array([1., 1., 1.]), colorSpace='rgb', contrast=1.0, depth=0, flipHoriz=False, flipVert=False, font='', fontFiles=[], height=0.5, italic=False, languageStyle='LTR', name='unnamed TextStim', opacity=1.0, ori=0.0, pos=array([0., 0.]), rgb=UNKNOWN, text=str(...), units='deg', win=Window(...), wrapWidth=15.0)
17.3277 	EXP 	Created Movie Frame 0 = ImageStim(__class__=<class 'psychopy.visual.image.ImageStim'>, autoLog=True, color=array([0.8, 0.8, 0.8]), colorSpace='rgb', contrast=0.8, depth=0, flipHoriz=False, flipVert=False, image='visual_0.png', interpolate=False, mask=None, maskParams=None, name='Movie Frame 0', opacity=1, ori=0.0, pos=array([0., 0.]), size=array([1024,  768]), texRes=128, units='pix', win=Window(...))
17.3510 	EXP 	Created Movie Frame 1 = ImageStim(__class__=<class 'psychopy.visual.image.ImageStim'>, autoLog=True, color=array([0.8, 0.8, 0.8]), colorSpace='rgb', contrast=0.8, depth=0, flipHoriz=False, flipVert=False, image='visual_1.png', interpolate=False, mask=None, maskParams=None, name='Movie Frame 1', opacity=1, ori=0.0, pos=array([0., 0.]), size=array([1024,  768]), texRes=128, units='pix', win=Window(...))
23.5075 	DATA 	Keypress: 5
0.0000 	DATA 	StartOfRun sub-05_ses-01_run-05
0.0000 	DATA 	TR 1 | TR1 1 | TR2 0
0.0091 	DATA 	Initial baseline

1.5505 	DATA 	Keypress: 5
1.5506 	DATA 	TR 2 | TR1 1 | TR2 1
3.1227 	DATA 	Keypress: 5
3.1227 	DATA 	TR 3 | TR1 2 | TR2 1
4.6740 	DATA 	Keypress: 5
4.6740 	DATA 	TR 4 | TR1 2 | TR2 2
6.2461 	DATA 	Keypress: 5
6.2461 	DATA 	TR 5 | TR1 3 | TR2 2
7.7972 	DATA 	Keypress: 5
7.7973 	DATA 	TR 6 | TR1 3 | TR2 3
9.3694 	DATA 	Keypress: 5
9.3695 	DATA 	TR 7 | TR1 4 | TR2 3
10.9205 	DATA 	Keypress: 5
10.9205 	DATA 	TR 8 | TR1 4 | TR2 4
12.4929 	DATA 	Keypress: 5
12.4929 	DATA 	TR 9 | TR1 5 | TR2 4
14.0440 	DATA 	Keypress: 5
14.0441 	DATA 	TR 10 | TR1 5 | TR2 5
15.6162 	DATA 	Keypress: 5
15.6163 	DATA 	TR 11 | TR1 6 | TR2 5
17.1675 	DATA 	Keypress: 5
17.1675 	DATA 	TR 12 | TR1 6 | TR2 6
18.7396 	DATA 	Keypress: 5
18.7397 	DATA 	TR 13 | TR1 7 | TR2 6
20.2908 	DATA 	Keypress: 5
20.2909 	DATA 	TR 14 | TR1 7 | TR2 7
21.8631 	DATA 	Keypress: 5
21.8631 	DATA 	TR 15 | TR1 8 | TR2 7
23.4142 	DATA 	Keypress: 5
23.4143 	DATA 	TR 16 | TR1 8 | TR2 8
24.9864 	DATA 	Keypress: 5
24.9865 	DATA 	TR 17 | TR1 9 | TR2 8
26.5376 	DATA 	Keypress: 5
26.5376 	DATA 	TR 18 | TR1 9 | TR2 9
28.1098 	DATA 	Keypress: 5
28.1099 	DATA 	TR 19 | TR1 10 | TR2 9
29.6610 	DATA 	Keypress: 5
29.6611 	DATA 	TR 20 | TR1 10 | TR2 10
31.2407 	DATA 	Keypress: 5
31.2408 	DATA 	Waited 1.240767002105713 seconds for trigger
31.2422 	DATA 	
31.2422 	DATA 	Trial 1
31.2422 	DATA 	stimDur = 1.0
31.2422 	DATA 	jitter = 0.0
31.2422 	DATA 	restDur = 12.0

31.2422 	DATA 	
31.2422 	DATA 	TR 21 | TR1 11 | TR2 10
31.2422 	DATA 	
31.2422 	DATA 	stimulation started
31.2422 	DATA 	
32.2409 	DATA 	
32.2409 	DATA 	stimulation stopped
32.2409 	DATA 	
32.7906 	DATA 	Keypress: 5
32.7906 	DATA 	TR 22 | TR1 11 | TR2 11
34.3574 	DATA 	Keypress: 5
34.3575 	DATA 	TR 23 | TR1 12 | TR2 11
35.9080 	DATA 	Keypress: 5
35.9241 	DATA 	TR 24 | TR1 12 | TR2 12
37.4905 	DATA 	Keypress: 5
37.4906 	DATA 	TR 25 | TR1 13 | TR2 12
39.0406 	DATA 	Keypress: 5
39.0406 	DATA 	TR 26 | TR1 13 | TR2 13
40.6069 	DATA 	Keypress: 5
40.6070 	DATA 	TR 27 | TR1 14 | TR2 13
42.1568 	DATA 	Keypress: 5
42.1569 	DATA 	TR 28 | TR1 14 | TR2 14
43.7400 	DATA 	Keypress: 5
43.7400 	DATA 	TR 29 | TR1 15 | TR2 14
44.2566 	DATA 	
44.2566 	DATA 	Trial complete
44.2566 	DATA 	Waiting for VASO trigger to start next trial
44.2566 	DATA 	
45.2899 	DATA 	Keypress: 5
45.2899 	DATA 	TR 30 | TR1 15 | TR2 15
46.8565 	DATA 	Keypress: 5
46.8566 	DATA 	Waited 2.599944829940796 seconds for trigger
46.8573 	DATA 	
46.8573 	DATA 	Trial 2
46.8573 	DATA 	stimDur = 24.0
46.8573 	DATA 	jitter = 0.0
46.8573 	DATA 	restDur = 24.0

46.8573 	DATA 	
46.8573 	DATA 	TR 31 | TR1 16 | TR2 15
46.8574 	DATA 	
46.8574 	DATA 	stimulation started
46.8574 	DATA 	
48.4063 	DATA 	Keypress: 5
48.4064 	DATA 	TR 32 | TR1 16 | TR2 16
49.9729 	DATA 	Keypress: 5
49.9730 	DATA 	TR 33 | TR1 17 | TR2 16
51.5393 	DATA 	Keypress: 5
51.5394 	DATA 	TR 34 | TR1 17 | TR2 17
53.1059 	DATA 	Keypress: 5
53.1059 	DATA 	TR 35 | TR1 18 | TR2 17
54.6558 	DATA 	Keypress: 5
54.6558 	DATA 	TR 36 | TR1 18 | TR2 18
56.2223 	DATA 	Keypress: 5
56.2223 	DATA 	TR 37 | TR1 19 | TR2 18
57.7721 	DATA 	Keypress: 5
57.7722 	DATA 	TR 38 | TR1 19 | TR2 19
59.3553 	DATA 	Keypress: 5
59.3553 	DATA 	TR 39 | TR1 20 | TR2 19
60.9052 	DATA 	Keypress: 5
60.9052 	DATA 	TR 40 | TR1 20 | TR2 20
62.4717 	DATA 	Keypress: 5
62.4717 	DATA 	TR 41 | TR1 21 | TR2 20
64.0216 	DATA 	Keypress: 5
64.0216 	DATA 	TR 42 | TR1 21 | TR2 21
65.6047 	DATA 	Keypress: 5
65.6048 	DATA 	TR 43 | TR1 22 | TR2 21
67.1547 	DATA 	Keypress: 5
67.1547 	DATA 	TR 44 | TR1 22 | TR2 22
68.7211 	DATA 	Keypress: 5
68.7212 	DATA 	TR 45 | TR1 23 | TR2 22
70.2712 	DATA 	Keypress: 5
70.2712 	DATA 	TR 46 | TR1 23 | TR2 23
70.8709 	DATA 	
70.8709 	DATA 	stimulation stopped
70.8709 	DATA 	
71.8374 	DATA 	Keypress: 5
71.8375 	DATA 	TR 47 | TR1 24 | TR2 23
73.3879 	DATA 	Keypress: 5
73.4039 	DATA 	TR 48 | TR1 24 | TR2 24
74.9702 	DATA 	Keypress: 5
74.9702 	DATA 	TR 49 | TR1 25 | TR2 24
76.5200 	DATA 	Keypress: 5
76.5201 	DATA 	TR 50 | TR1 25 | TR2 25
78.0870 	DATA 	Keypress: 5
78.0871 	DATA 	TR 51 | TR1 26 | TR2 25
79.6368 	DATA 	Keypress: 5
79.6368 	DATA 	TR 52 | TR1 26 | TR2 26
81.2200 	DATA 	Keypress: 5
81.2200 	DATA 	TR 53 | TR1 27 | TR2 26
82.7699 	DATA 	Keypress: 5
82.7699 	DATA 	TR 54 | TR1 27 | TR2 27
84.3365 	DATA 	Keypress: 5
84.3365 	DATA 	TR 55 | TR1 28 | TR2 27
85.8862 	DATA 	Keypress: 5
85.8863 	DATA 	TR 56 | TR1 28 | TR2 28
86.9195 	DATA 	Target presented
87.4533 	DATA 	Keypress: 5
87.4694 	DATA 	TR 57 | TR1 29 | TR2 28
87.5360 	DATA 	Keypress: 1
87.5361 	DATA 	Key1 pressed
87.5361 	DATA 	Target detected
89.0193 	DATA 	Keypress: 5
89.0194 	DATA 	TR 58 | TR1 29 | TR2 29
90.5858 	DATA 	Keypress: 5
90.5858 	DATA 	TR 59 | TR1 30 | TR2 29
92.1357 	DATA 	Keypress: 5
92.1357 	DATA 	TR 60 | TR1 30 | TR2 30
93.7022 	DATA 	Keypress: 5
93.7022 	DATA 	TR 61 | TR1 31 | TR2 30
94.8687 	DATA 	
94.8687 	DATA 	Trial complete
94.8687 	DATA 	Waiting for VASO trigger to start next trial
94.8687 	DATA 	
95.2522 	DATA 	Keypress: 5
95.2523 	DATA 	TR 62 | TR1 31 | TR2 31
96.8353 	DATA 	Keypress: 5
96.8353 	DATA 	Waited 1.966568946838379 seconds for trigger
96.8361 	DATA 	
96.8361 	DATA 	Trial 3
96.8361 	DATA 	stimDur = 24.0
96.8361 	DATA 	jitter = 2.355
96.8361 	DATA 	restDur = 24.0

96.8361 	DATA 	
96.8361 	DATA 	TR 63 | TR1 32 | TR2 31
98.3851 	DATA 	Keypress: 5
98.3852 	DATA 	TR 64 | TR1 32 | TR2 32
99.2014 	DATA 	
99.2014 	DATA 	stimulation started
99.2014 	DATA 	
99.9517 	DATA 	Keypress: 5
99.9517 	DATA 	TR 65 | TR1 33 | TR2 32
101.5015 	DATA 	Keypress: 5
101.5016 	DATA 	TR 66 | TR1 33 | TR2 33
103.0847 	DATA 	Keypress: 5
103.0848 	DATA 	TR 67 | TR1 34 | TR2 33
104.6346 	DATA 	Keypress: 5
104.6347 	DATA 	TR 68 | TR1 34 | TR2 34
106.2011 	DATA 	Keypress: 5
106.2011 	DATA 	TR 69 | TR1 35 | TR2 34
107.7511 	DATA 	Keypress: 5
107.7512 	DATA 	TR 70 | TR1 35 | TR2 35
109.3175 	DATA 	Keypress: 5
109.3175 	DATA 	TR 71 | TR1 36 | TR2 35
110.8681 	DATA 	Keypress: 5
110.8840 	DATA 	TR 72 | TR1 36 | TR2 36
112.4505 	DATA 	Keypress: 5
112.4506 	DATA 	TR 73 | TR1 37 | TR2 36
114.0006 	DATA 	Keypress: 5
114.0006 	DATA 	TR 74 | TR1 37 | TR2 37
115.5669 	DATA 	Keypress: 5
115.5670 	DATA 	TR 75 | TR1 38 | TR2 37
117.1168 	DATA 	Keypress: 5
117.1169 	DATA 	TR 76 | TR1 38 | TR2 38
118.7000 	DATA 	Keypress: 5
118.7000 	DATA 	TR 77 | TR1 39 | TR2 38
120.2499 	DATA 	Keypress: 5
120.2499 	DATA 	TR 78 | TR1 39 | TR2 39
121.8165 	DATA 	Keypress: 5
121.8165 	DATA 	TR 79 | TR1 40 | TR2 39
123.1996 	DATA 	
123.1996 	DATA 	stimulation stopped
123.1996 	DATA 	
123.3662 	DATA 	Keypress: 5
123.3662 	DATA 	TR 80 | TR1 40 | TR2 40
124.9494 	DATA 	Keypress: 5
124.9494 	DATA 	TR 81 | TR1 41 | TR2 40
126.4993 	DATA 	Keypress: 5
126.4993 	DATA 	TR 82 | TR1 41 | TR2 41
128.0657 	DATA 	Keypress: 5
128.0658 	DATA 	TR 83 | TR1 42 | TR2 41
129.6157 	DATA 	Keypress: 5
129.6157 	DATA 	TR 84 | TR1 42 | TR2 42
131.1821 	DATA 	Keypress: 5
131.1822 	DATA 	TR 85 | TR1 43 | TR2 42
132.7320 	DATA 	Keypress: 5
132.7321 	DATA 	TR 86 | TR1 43 | TR2 43
134.3152 	DATA 	Keypress: 5
134.3152 	DATA 	TR 87 | TR1 44 | TR2 43
135.8651 	DATA 	Keypress: 5
135.8651 	DATA 	TR 88 | TR1 44 | TR2 44
137.4316 	DATA 	Keypress: 5
137.4316 	DATA 	TR 89 | TR1 45 | TR2 44
138.9815 	DATA 	Keypress: 5
138.9815 	DATA 	TR 90 | TR1 45 | TR2 45
140.5646 	DATA 	Keypress: 5
140.5647 	DATA 	TR 91 | TR1 46 | TR2 45
142.1145 	DATA 	Keypress: 5
142.1145 	DATA 	TR 92 | TR1 46 | TR2 46
143.6810 	DATA 	Keypress: 5
143.6811 	DATA 	TR 93 | TR1 47 | TR2 46
145.2309 	DATA 	Keypress: 5
145.2310 	DATA 	TR 94 | TR1 47 | TR2 47
146.7980 	DATA 	Keypress: 5
146.8140 	DATA 	TR 95 | TR1 48 | TR2 47
147.1973 	DATA 	
147.1973 	DATA 	Trial complete
147.1974 	DATA 	Waiting for VASO trigger to start next trial
147.1974 	DATA 	
148.3640 	DATA 	Keypress: 5
148.3641 	DATA 	TR 96 | TR1 48 | TR2 48
149.9304 	DATA 	Keypress: 5
149.9306 	DATA 	Waited 2.733227014541626 seconds for trigger
149.9314 	DATA 	
149.9314 	DATA 	Trial 4
149.9314 	DATA 	stimDur = 4.0
149.9314 	DATA 	jitter = 0.0
149.9314 	DATA 	restDur = 16.0

149.9314 	DATA 	
149.9314 	DATA 	TR 97 | TR1 49 | TR2 48
149.9314 	DATA 	
149.9314 	DATA 	stimulation started
149.9314 	DATA 	
151.4805 	DATA 	Keypress: 5
151.4805 	DATA 	TR 98 | TR1 49 | TR2 49
153.0469 	DATA 	Keypress: 5
153.0470 	DATA 	TR 99 | TR1 50 | TR2 49
153.9468 	DATA 	
153.9468 	DATA 	stimulation stopped
153.9468 	DATA 	
154.5967 	DATA 	Keypress: 5
154.5967 	DATA 	TR 100 | TR1 50 | TR2 50
156.1799 	DATA 	Keypress: 5
156.1800 	DATA 	TR 101 | TR1 51 | TR2 50
157.7297 	DATA 	Keypress: 5
157.7298 	DATA 	TR 102 | TR1 51 | TR2 51
159.2963 	DATA 	Keypress: 5
159.2963 	DATA 	TR 103 | TR1 52 | TR2 51
160.5628 	DATA 	Target presented
160.8461 	DATA 	Keypress: 5
160.8462 	DATA 	TR 104 | TR1 52 | TR2 52
161.0461 	DATA 	Keypress: 1
161.0462 	DATA 	Key1 pressed
161.0462 	DATA 	Target detected
162.4293 	DATA 	Keypress: 5
162.4294 	DATA 	TR 105 | TR1 53 | TR2 52
163.9792 	DATA 	Keypress: 5
163.9792 	DATA 	TR 106 | TR1 53 | TR2 53
165.5457 	DATA 	Keypress: 5
165.5458 	DATA 	TR 107 | TR1 54 | TR2 53
167.0956 	DATA 	Keypress: 5
167.0956 	DATA 	TR 108 | TR1 54 | TR2 54
168.6621 	DATA 	Keypress: 5
168.6622 	DATA 	TR 109 | TR1 55 | TR2 54
169.9453 	DATA 	
169.9453 	DATA 	Trial complete
169.9453 	DATA 	Waiting for VASO trigger to start next trial
169.9453 	DATA 	
170.2125 	DATA 	Keypress: 5
170.2286 	DATA 	TR 110 | TR1 55 | TR2 55
171.7952 	DATA 	Keypress: 5
171.7952 	DATA 	Waited 1.849924087524414 seconds for trigger
171.7960 	DATA 	
171.7960 	DATA 	Trial 5
171.7960 	DATA 	stimDur = 1.0
171.7960 	DATA 	jitter = 2.355
171.7960 	DATA 	restDur = 12.0

171.7960 	DATA 	
171.7960 	DATA 	TR 111 | TR1 56 | TR2 55
173.3450 	DATA 	Keypress: 5
173.3450 	DATA 	TR 112 | TR1 56 | TR2 56
174.1616 	DATA 	
174.1616 	DATA 	stimulation started
174.1616 	DATA 	
174.9116 	DATA 	Keypress: 5
174.9117 	DATA 	TR 113 | TR1 57 | TR2 56
175.1615 	DATA 	
175.1615 	DATA 	stimulation stopped
175.1615 	DATA 	
176.4614 	DATA 	Keypress: 5
176.4614 	DATA 	TR 114 | TR1 57 | TR2 57
178.0446 	DATA 	Keypress: 5
178.0446 	DATA 	TR 115 | TR1 58 | TR2 57
179.5944 	DATA 	Keypress: 5
179.5945 	DATA 	TR 116 | TR1 58 | TR2 58
181.1610 	DATA 	Keypress: 5
181.1610 	DATA 	TR 117 | TR1 59 | TR2 58
182.7108 	DATA 	Keypress: 5
182.7109 	DATA 	TR 118 | TR1 59 | TR2 59
184.2774 	DATA 	Keypress: 5
184.2774 	DATA 	TR 119 | TR1 60 | TR2 59
185.8439 	DATA 	Keypress: 5
185.8439 	DATA 	TR 120 | TR1 60 | TR2 60
187.1604 	DATA 	
187.1604 	DATA 	Trial complete
187.1604 	DATA 	Waiting for VASO trigger to start next trial
187.1604 	DATA 	
187.4104 	DATA 	Keypress: 5
187.4105 	DATA 	Waited 0.25005102157592773 seconds for trigger
187.4112 	DATA 	
187.4112 	DATA 	Trial 6
187.4112 	DATA 	stimDur = 24.0
187.4113 	DATA 	jitter = 0.785
187.4113 	DATA 	restDur = 24.0

187.4113 	DATA 	
187.4113 	DATA 	TR 121 | TR1 61 | TR2 60
188.2103 	DATA 	
188.2103 	DATA 	stimulation started
188.2103 	DATA 	
188.9603 	DATA 	Keypress: 5
188.9604 	DATA 	TR 122 | TR1 61 | TR2 61
190.5269 	DATA 	Keypress: 5
190.5269 	DATA 	TR 123 | TR1 62 | TR2 61
192.0767 	DATA 	Keypress: 5
192.0768 	DATA 	TR 124 | TR1 62 | TR2 62
193.6599 	DATA 	Keypress: 5
193.6600 	DATA 	TR 125 | TR1 63 | TR2 62
195.2097 	DATA 	Keypress: 5
195.2098 	DATA 	TR 126 | TR1 63 | TR2 63
196.7763 	DATA 	Keypress: 5
196.7764 	DATA 	TR 127 | TR1 64 | TR2 63
198.3261 	DATA 	Keypress: 5
198.3262 	DATA 	TR 128 | TR1 64 | TR2 64
199.9094 	DATA 	Keypress: 5
199.9094 	DATA 	TR 129 | TR1 65 | TR2 64
201.4592 	DATA 	Keypress: 5
201.4592 	DATA 	TR 130 | TR1 65 | TR2 65
203.0257 	DATA 	Keypress: 5
203.0258 	DATA 	TR 131 | TR1 66 | TR2 65
204.5756 	DATA 	Keypress: 5
204.5756 	DATA 	TR 132 | TR1 66 | TR2 66
206.1421 	DATA 	Keypress: 5
206.1422 	DATA 	TR 133 | TR1 67 | TR2 66
207.6927 	DATA 	Keypress: 5
207.7086 	DATA 	TR 134 | TR1 67 | TR2 67
209.2752 	DATA 	Keypress: 5
209.2752 	DATA 	TR 135 | TR1 68 | TR2 67
210.8250 	DATA 	Keypress: 5
210.8250 	DATA 	TR 136 | TR1 68 | TR2 68
212.2082 	DATA 	
212.2082 	DATA 	stimulation stopped
212.2082 	DATA 	
212.3915 	DATA 	Keypress: 5
212.3915 	DATA 	TR 137 | TR1 69 | TR2 68
213.9413 	DATA 	Keypress: 5
213.9414 	DATA 	TR 138 | TR1 69 | TR2 69
215.5246 	DATA 	Keypress: 5
215.5246 	DATA 	TR 139 | TR1 70 | TR2 69
217.0742 	DATA 	Keypress: 5
217.0742 	DATA 	TR 140 | TR1 70 | TR2 70
218.6409 	DATA 	Keypress: 5
218.6410 	DATA 	TR 141 | TR1 71 | TR2 70
220.1908 	DATA 	Keypress: 5
220.1908 	DATA 	TR 142 | TR1 71 | TR2 71
221.7579 	DATA 	Keypress: 5
221.7738 	DATA 	TR 143 | TR1 72 | TR2 71
223.3238 	DATA 	Keypress: 5
223.3238 	DATA 	TR 144 | TR1 72 | TR2 72
224.8904 	DATA 	Keypress: 5
224.8904 	DATA 	TR 145 | TR1 73 | TR2 72
226.4402 	DATA 	Keypress: 5
226.4403 	DATA 	TR 146 | TR1 73 | TR2 73
228.0069 	DATA 	Keypress: 5
228.0070 	DATA 	TR 147 | TR1 74 | TR2 73
229.5562 	DATA 	Keypress: 5
229.5563 	DATA 	TR 148 | TR1 74 | TR2 74
231.1395 	DATA 	Keypress: 5
231.1396 	DATA 	TR 149 | TR1 75 | TR2 74
232.6896 	DATA 	Keypress: 5
232.6897 	DATA 	TR 150 | TR1 75 | TR2 75
234.2562 	DATA 	Keypress: 5
234.2562 	DATA 	TR 151 | TR1 76 | TR2 75
235.7228 	DATA 	Target presented
235.8061 	DATA 	Keypress: 5
235.8061 	DATA 	TR 152 | TR1 76 | TR2 76
236.1893 	DATA 	Keypress: 1
236.1894 	DATA 	Key1 pressed
236.1894 	DATA 	Target detected
236.2060 	DATA 	
236.2060 	DATA 	Trial complete
236.2060 	DATA 	Waiting for VASO trigger to start next trial
236.2060 	DATA 	
237.3889 	DATA 	Keypress: 5
237.3890 	DATA 	Waited 1.1829960346221924 seconds for trigger
237.3897 	DATA 	
237.3897 	DATA 	Trial 7
237.3898 	DATA 	stimDur = 12.0
237.3898 	DATA 	jitter = 2.355
237.3898 	DATA 	restDur = 20.0

237.3898 	DATA 	
237.3898 	DATA 	TR 153 | TR1 77 | TR2 76
238.9393 	DATA 	Keypress: 5
238.9393 	DATA 	TR 154 | TR1 77 | TR2 77
239.7556 	DATA 	
239.7556 	DATA 	stimulation started
239.7556 	DATA 	
240.5056 	DATA 	Keypress: 5
240.5057 	DATA 	TR 155 | TR1 78 | TR2 77
242.0556 	DATA 	Keypress: 5
242.0557 	DATA 	TR 156 | TR1 78 | TR2 78
243.6220 	DATA 	Keypress: 5
243.6221 	DATA 	TR 157 | TR1 79 | TR2 78
245.1887 	DATA 	Keypress: 5
245.1887 	DATA 	TR 158 | TR1 79 | TR2 79
246.7551 	DATA 	Keypress: 5
246.7552 	DATA 	TR 159 | TR1 80 | TR2 79
248.3049 	DATA 	Keypress: 5
248.3049 	DATA 	TR 160 | TR1 80 | TR2 80
249.8715 	DATA 	Keypress: 5
249.8715 	DATA 	TR 161 | TR1 81 | TR2 80
251.4213 	DATA 	Keypress: 5
251.4213 	DATA 	TR 162 | TR1 81 | TR2 81
251.7546 	DATA 	
251.7546 	DATA 	stimulation stopped
251.7546 	DATA 	
253.0043 	DATA 	Keypress: 5
253.0043 	DATA 	TR 163 | TR1 82 | TR2 81
254.5543 	DATA 	Keypress: 5
254.5544 	DATA 	TR 164 | TR1 82 | TR2 82
256.1205 	DATA 	Keypress: 5
256.1206 	DATA 	TR 165 | TR1 83 | TR2 82
257.6708 	DATA 	Keypress: 5
257.6708 	DATA 	TR 166 | TR1 83 | TR2 83
259.2540 	DATA 	Keypress: 5
259.2540 	DATA 	TR 167 | TR1 84 | TR2 83
260.8037 	DATA 	Keypress: 5
260.8037 	DATA 	TR 168 | TR1 84 | TR2 84
262.3704 	DATA 	Keypress: 5
262.3704 	DATA 	TR 169 | TR1 85 | TR2 84
263.9201 	DATA 	Keypress: 5
263.9202 	DATA 	TR 170 | TR1 85 | TR2 85
265.4868 	DATA 	Keypress: 5
265.4868 	DATA 	TR 171 | TR1 86 | TR2 85
267.0371 	DATA 	Keypress: 5
267.0531 	DATA 	TR 172 | TR1 86 | TR2 86
268.6198 	DATA 	Keypress: 5
268.6198 	DATA 	TR 173 | TR1 87 | TR2 86
270.1696 	DATA 	Keypress: 5
270.1696 	DATA 	TR 174 | TR1 87 | TR2 87
271.7361 	DATA 	Keypress: 5
271.7362 	DATA 	TR 175 | TR1 88 | TR2 87
271.7527 	DATA 	
271.7527 	DATA 	Trial complete
271.7528 	DATA 	Waiting for VASO trigger to start next trial
271.7528 	DATA 	
273.2860 	DATA 	Keypress: 5
273.2860 	DATA 	TR 176 | TR1 88 | TR2 88
274.8692 	DATA 	Keypress: 5
274.8692 	DATA 	Waited 3.1164698600769043 seconds for trigger
274.8700 	DATA 	
274.8700 	DATA 	Trial 8
274.8700 	DATA 	stimDur = 1.0
274.8700 	DATA 	jitter = 0.785
274.8700 	DATA 	restDur = 12.0

274.8700 	DATA 	
274.8700 	DATA 	TR 177 | TR1 89 | TR2 88
275.6690 	DATA 	
275.6690 	DATA 	stimulation started
275.6691 	DATA 	
276.4191 	DATA 	Keypress: 5
276.4191 	DATA 	TR 178 | TR1 89 | TR2 89
276.6690 	DATA 	
276.6690 	DATA 	stimulation stopped
276.6690 	DATA 	
277.9856 	DATA 	Keypress: 5
277.9857 	DATA 	TR 179 | TR1 90 | TR2 89
279.5355 	DATA 	Keypress: 5
279.5355 	DATA 	TR 180 | TR1 90 | TR2 90
281.1019 	DATA 	Keypress: 5
281.1020 	DATA 	TR 181 | TR1 91 | TR2 90
281.2186 	DATA 	Target presented
281.7352 	DATA 	Keypress: 1
281.7352 	DATA 	Key1 pressed
281.7353 	DATA 	Target detected
282.6684 	DATA 	Keypress: 5
282.6685 	DATA 	TR 182 | TR1 91 | TR2 91
284.2351 	DATA 	Keypress: 5
284.2352 	DATA 	TR 183 | TR1 92 | TR2 91
285.7848 	DATA 	Keypress: 5
285.7849 	DATA 	TR 184 | TR1 92 | TR2 92
287.3514 	DATA 	Keypress: 5
287.3515 	DATA 	TR 185 | TR1 93 | TR2 92
288.6679 	DATA 	
288.6679 	DATA 	Trial complete
288.6679 	DATA 	Waiting for VASO trigger to start next trial
288.6679 	DATA 	
288.9012 	DATA 	Keypress: 5
288.9012 	DATA 	TR 186 | TR1 93 | TR2 93
290.4844 	DATA 	Keypress: 5
290.4845 	DATA 	Waited 1.816601037979126 seconds for trigger
290.4852 	DATA 	
290.4853 	DATA 	Trial 9
290.4853 	DATA 	stimDur = 24.0
290.4853 	DATA 	jitter = 1.57
290.4853 	DATA 	restDur = 24.0

290.4853 	DATA 	
290.4853 	DATA 	TR 187 | TR1 94 | TR2 93
292.0343 	DATA 	Keypress: 5
292.0343 	DATA 	TR 188 | TR1 94 | TR2 94
292.0676 	DATA 	
292.0676 	DATA 	stimulation started
292.0676 	DATA 	
293.6009 	DATA 	Keypress: 5
293.6009 	DATA 	TR 189 | TR1 95 | TR2 94
295.1507 	DATA 	Keypress: 5
295.1508 	DATA 	TR 190 | TR1 95 | TR2 95
296.7339 	DATA 	Keypress: 5
296.7340 	DATA 	TR 191 | TR1 96 | TR2 95
298.2837 	DATA 	Keypress: 5
298.2838 	DATA 	TR 192 | TR1 96 | TR2 96
299.8503 	DATA 	Keypress: 5
299.8503 	DATA 	TR 193 | TR1 97 | TR2 96
301.4001 	DATA 	Keypress: 5
301.4002 	DATA 	TR 194 | TR1 97 | TR2 97
302.9667 	DATA 	Keypress: 5
302.9667 	DATA 	TR 195 | TR1 98 | TR2 97
304.5173 	DATA 	Keypress: 5
304.5331 	DATA 	TR 196 | TR1 98 | TR2 98
306.0997 	DATA 	Keypress: 5
306.0998 	DATA 	TR 197 | TR1 99 | TR2 98
307.6496 	DATA 	Keypress: 5
307.6496 	DATA 	TR 198 | TR1 99 | TR2 99
309.2161 	DATA 	Keypress: 5
309.2161 	DATA 	TR 199 | TR1 100 | TR2 99
310.7659 	DATA 	Keypress: 5
310.7660 	DATA 	TR 200 | TR1 100 | TR2 100
312.3491 	DATA 	Keypress: 5
312.3492 	DATA 	TR 201 | TR1 101 | TR2 100
313.8990 	DATA 	Keypress: 5
313.8990 	DATA 	TR 202 | TR1 101 | TR2 101
315.4655 	DATA 	Keypress: 5
315.4656 	DATA 	TR 203 | TR1 102 | TR2 101
316.0654 	DATA 	
316.0654 	DATA 	stimulation stopped
316.0654 	DATA 	
317.0153 	DATA 	Keypress: 5
317.0154 	DATA 	TR 204 | TR1 102 | TR2 102
318.5825 	DATA 	Keypress: 5
318.5985 	DATA 	TR 205 | TR1 103 | TR2 102
320.1484 	DATA 	Keypress: 5
320.1484 	DATA 	TR 206 | TR1 103 | TR2 103
321.7151 	DATA 	Keypress: 5
321.7151 	DATA 	TR 207 | TR1 104 | TR2 103
323.2647 	DATA 	Keypress: 5
323.2648 	DATA 	TR 208 | TR1 104 | TR2 104
324.8313 	DATA 	Keypress: 5
324.8313 	DATA 	TR 209 | TR1 105 | TR2 104
326.3811 	DATA 	Keypress: 5
326.3812 	DATA 	TR 210 | TR1 105 | TR2 105
327.9644 	DATA 	Keypress: 5
327.9644 	DATA 	TR 211 | TR1 106 | TR2 105
329.5142 	DATA 	Keypress: 5
329.5142 	DATA 	TR 212 | TR1 106 | TR2 106
331.0804 	DATA 	Keypress: 5
331.0805 	DATA 	TR 213 | TR1 107 | TR2 106
332.6306 	DATA 	Keypress: 5
332.6306 	DATA 	TR 214 | TR1 107 | TR2 107
333.0639 	DATA 	Target presented
333.5138 	DATA 	Keypress: 1
333.5139 	DATA 	Key1 pressed
333.5139 	DATA 	Target detected
334.2137 	DATA 	Keypress: 5
334.2138 	DATA 	TR 215 | TR1 108 | TR2 107
335.7636 	DATA 	Keypress: 5
335.7637 	DATA 	TR 216 | TR1 108 | TR2 108
337.3302 	DATA 	Keypress: 5
337.3302 	DATA 	TR 217 | TR1 109 | TR2 108
338.8800 	DATA 	Keypress: 5
338.8800 	DATA 	TR 218 | TR1 109 | TR2 109
340.0632 	DATA 	
340.0632 	DATA 	Trial complete
340.0632 	DATA 	Waiting for VASO trigger to start next trial
340.0632 	DATA 	
340.4465 	DATA 	Keypress: 5
340.4466 	DATA 	Waited 0.38335585594177246 seconds for trigger
340.4474 	DATA 	
340.4474 	DATA 	Trial 10
340.4474 	DATA 	stimDur = 2.0
340.4474 	DATA 	jitter = 0.785
340.4474 	DATA 	restDur = 14.0

340.4474 	DATA 	
340.4474 	DATA 	TR 219 | TR1 110 | TR2 109
341.2464 	DATA 	
341.2464 	DATA 	stimulation started
341.2464 	DATA 	
341.9972 	DATA 	Keypress: 5
342.0131 	DATA 	TR 220 | TR1 110 | TR2 110
343.2463 	DATA 	
343.2463 	DATA 	stimulation stopped
343.2463 	DATA 	
343.5796 	DATA 	Keypress: 5
343.5796 	DATA 	TR 221 | TR1 111 | TR2 110
345.1295 	DATA 	Keypress: 5
345.1295 	DATA 	TR 222 | TR1 111 | TR2 111
346.6960 	DATA 	Keypress: 5
346.6960 	DATA 	TR 223 | TR1 112 | TR2 111
348.2457 	DATA 	Keypress: 5
348.2458 	DATA 	TR 224 | TR1 112 | TR2 112
349.8290 	DATA 	Keypress: 5
349.8290 	DATA 	TR 225 | TR1 113 | TR2 112
351.3789 	DATA 	Keypress: 5
351.3789 	DATA 	TR 226 | TR1 113 | TR2 113
352.9454 	DATA 	Keypress: 5
352.9454 	DATA 	TR 227 | TR1 114 | TR2 113
354.4953 	DATA 	Keypress: 5
354.4953 	DATA 	TR 228 | TR1 114 | TR2 114
356.0784 	DATA 	Keypress: 5
356.0785 	DATA 	TR 229 | TR1 115 | TR2 114
357.2450 	DATA 	
357.2450 	DATA 	Trial complete
357.2450 	DATA 	Waiting for VASO trigger to start next trial
357.2450 	DATA 	
357.6283 	DATA 	Keypress: 5
357.6284 	DATA 	TR 230 | TR1 115 | TR2 115
359.1948 	DATA 	Keypress: 5
359.1949 	DATA 	Waited 1.9498789310455322 seconds for trigger
359.1956 	DATA 	
359.1957 	DATA 	Trial 11
359.1957 	DATA 	stimDur = 4.0
359.1957 	DATA 	jitter = 0.785
359.1957 	DATA 	restDur = 16.0

359.1957 	DATA 	
359.1957 	DATA 	TR 231 | TR1 116 | TR2 115
359.9947 	DATA 	
359.9947 	DATA 	stimulation started
359.9947 	DATA 	
360.7448 	DATA 	Keypress: 5
360.7448 	DATA 	TR 232 | TR1 116 | TR2 116
362.3112 	DATA 	Keypress: 5
362.3113 	DATA 	TR 233 | TR1 117 | TR2 116
363.8611 	DATA 	Keypress: 5
363.8612 	DATA 	TR 234 | TR1 117 | TR2 117
363.9944 	DATA 	
363.9944 	DATA 	stimulation stopped
363.9944 	DATA 	
365.4442 	DATA 	Keypress: 5
365.4443 	DATA 	TR 235 | TR1 118 | TR2 117
366.9942 	DATA 	Keypress: 5
366.9942 	DATA 	TR 236 | TR1 118 | TR2 118
368.5606 	DATA 	Keypress: 5
368.5606 	DATA 	TR 237 | TR1 119 | TR2 118
370.1106 	DATA 	Keypress: 5
370.1106 	DATA 	TR 238 | TR1 119 | TR2 119
371.6937 	DATA 	Keypress: 5
371.6937 	DATA 	TR 239 | TR1 120 | TR2 119
373.2436 	DATA 	Keypress: 5
373.2436 	DATA 	TR 240 | TR1 120 | TR2 120
374.5101 	DATA 	Target presented
374.8101 	DATA 	Keypress: 5
374.8101 	DATA 	TR 241 | TR1 121 | TR2 120
374.9767 	DATA 	Keypress: 1
374.9768 	DATA 	Key1 pressed
374.9768 	DATA 	Target detected
376.3600 	DATA 	Keypress: 5
376.3600 	DATA 	TR 242 | TR1 121 | TR2 121
377.9264 	DATA 	Keypress: 5
377.9265 	DATA 	TR 243 | TR1 122 | TR2 121
379.4930 	DATA 	Keypress: 5
379.4930 	DATA 	TR 244 | TR1 122 | TR2 122
379.9929 	DATA 	
379.9929 	DATA 	Trial complete
379.9929 	DATA 	Waiting for VASO trigger to start next trial
379.9929 	DATA 	
381.0595 	DATA 	Keypress: 5
381.0596 	DATA 	Waited 1.0666329860687256 seconds for trigger
381.0603 	DATA 	
381.0603 	DATA 	Trial 12
381.0603 	DATA 	stimDur = 2.0
381.0603 	DATA 	jitter = 0.0
381.0603 	DATA 	restDur = 14.0

381.0603 	DATA 	
381.0603 	DATA 	TR 245 | TR1 123 | TR2 122
381.0604 	DATA 	
381.0604 	DATA 	stimulation started
381.0604 	DATA 	
382.6094 	DATA 	Keypress: 5
382.6095 	DATA 	TR 246 | TR1 123 | TR2 123
383.0760 	DATA 	
383.0760 	DATA 	stimulation stopped
383.0760 	DATA 	
384.1759 	DATA 	Keypress: 5
384.1759 	DATA 	TR 247 | TR1 124 | TR2 123
385.7258 	DATA 	Keypress: 5
385.7258 	DATA 	TR 248 | TR1 124 | TR2 124
387.3089 	DATA 	Keypress: 5
387.3090 	DATA 	TR 249 | TR1 125 | TR2 124
388.8588 	DATA 	Keypress: 5
388.8589 	DATA 	TR 250 | TR1 125 | TR2 125
390.4253 	DATA 	Keypress: 5
390.4253 	DATA 	TR 251 | TR1 126 | TR2 125
391.9752 	DATA 	Keypress: 5
391.9752 	DATA 	TR 252 | TR1 126 | TR2 126
393.5583 	DATA 	Keypress: 5
393.5584 	DATA 	TR 253 | TR1 127 | TR2 126
395.1082 	DATA 	Keypress: 5
395.1083 	DATA 	TR 254 | TR1 127 | TR2 127
396.6747 	DATA 	Keypress: 5
396.6748 	DATA 	TR 255 | TR1 128 | TR2 127
397.0747 	DATA 	
397.0747 	DATA 	Trial complete
397.0747 	DATA 	Waiting for VASO trigger to start next trial
397.0747 	DATA 	
398.2246 	DATA 	Keypress: 5
398.2247 	DATA 	TR 256 | TR1 128 | TR2 128
399.7911 	DATA 	Keypress: 5
399.7912 	DATA 	Waited 2.716454029083252 seconds for trigger
399.7919 	DATA 	
399.7920 	DATA 	Trial 13
399.7920 	DATA 	stimDur = 4.0
399.7920 	DATA 	jitter = 1.57
399.7920 	DATA 	restDur = 16.0

399.7920 	DATA 	
399.7920 	DATA 	TR 257 | TR1 129 | TR2 128
401.3416 	DATA 	Keypress: 5
401.3576 	DATA 	TR 258 | TR1 129 | TR2 129
401.3743 	DATA 	
401.3743 	DATA 	stimulation started
401.3743 	DATA 	
402.9242 	DATA 	Keypress: 5
402.9243 	DATA 	TR 259 | TR1 130 | TR2 129
404.4741 	DATA 	Keypress: 5
404.4741 	DATA 	TR 260 | TR1 130 | TR2 130
405.3740 	DATA 	
405.3740 	DATA 	stimulation stopped
405.3740 	DATA 	
406.0406 	DATA 	Keypress: 5
406.0406 	DATA 	TR 261 | TR1 131 | TR2 130
407.5904 	DATA 	Keypress: 5
407.5905 	DATA 	TR 262 | TR1 131 | TR2 131
409.1736 	DATA 	Keypress: 5
409.1736 	DATA 	TR 263 | TR1 132 | TR2 131
410.7235 	DATA 	Keypress: 5
410.7235 	DATA 	TR 264 | TR1 132 | TR2 132
412.2900 	DATA 	Keypress: 5
412.2900 	DATA 	TR 265 | TR1 133 | TR2 132
413.8399 	DATA 	Keypress: 5
413.8399 	DATA 	TR 266 | TR1 133 | TR2 133
415.4063 	DATA 	Keypress: 5
415.4064 	DATA 	TR 267 | TR1 134 | TR2 133
416.9729 	DATA 	Keypress: 5
416.9730 	DATA 	TR 268 | TR1 134 | TR2 134
418.5394 	DATA 	Keypress: 5
418.5394 	DATA 	TR 269 | TR1 135 | TR2 134
420.0893 	DATA 	Keypress: 5
420.0893 	DATA 	TR 270 | TR1 135 | TR2 135
421.3725 	DATA 	
421.3725 	DATA 	Trial complete
421.3725 	DATA 	Waiting for VASO trigger to start next trial
421.3725 	DATA 	
421.6558 	DATA 	Keypress: 5
421.6559 	DATA 	Waited 0.2833549976348877 seconds for trigger
421.6566 	DATA 	
421.6566 	DATA 	Trial 14
421.6566 	DATA 	stimDur = 12.0
421.6566 	DATA 	jitter = 0.785
421.6566 	DATA 	restDur = 20.0

421.6566 	DATA 	
421.6566 	DATA 	TR 271 | TR1 136 | TR2 135
422.4557 	DATA 	
422.4557 	DATA 	stimulation started
422.4557 	DATA 	
423.2057 	DATA 	Keypress: 5
423.2058 	DATA 	TR 272 | TR1 136 | TR2 136
424.7889 	DATA 	Keypress: 5
424.7890 	DATA 	TR 273 | TR1 137 | TR2 136
426.3388 	DATA 	Keypress: 5
426.3388 	DATA 	TR 274 | TR1 137 | TR2 137
427.9053 	DATA 	Keypress: 5
427.9053 	DATA 	TR 275 | TR1 138 | TR2 137
429.4552 	DATA 	Keypress: 5
429.4552 	DATA 	TR 276 | TR1 138 | TR2 138
431.0383 	DATA 	Keypress: 5
431.0384 	DATA 	TR 277 | TR1 139 | TR2 138
432.5882 	DATA 	Keypress: 5
432.5883 	DATA 	TR 278 | TR1 139 | TR2 139
434.1547 	DATA 	Keypress: 5
434.1548 	DATA 	TR 279 | TR1 140 | TR2 139
434.4547 	DATA 	
434.4547 	DATA 	stimulation stopped
434.4547 	DATA 	
435.7046 	DATA 	Keypress: 5
435.7046 	DATA 	TR 280 | TR1 140 | TR2 140
437.2711 	DATA 	Keypress: 5
437.2712 	DATA 	TR 281 | TR1 141 | TR2 140
438.8376 	DATA 	Keypress: 5
438.8376 	DATA 	TR 282 | TR1 141 | TR2 141
440.4041 	DATA 	Keypress: 5
440.4041 	DATA 	TR 283 | TR1 142 | TR2 141
441.9540 	DATA 	Keypress: 5
441.9540 	DATA 	TR 284 | TR1 142 | TR2 142
442.5039 	DATA 	Target presented
443.5201 	DATA 	Keypress: 5
443.5202 	DATA 	TR 285 | TR1 143 | TR2 142
445.0704 	DATA 	Keypress: 5
445.0705 	DATA 	TR 286 | TR1 143 | TR2 143
446.6535 	DATA 	Keypress: 5
446.6536 	DATA 	TR 287 | TR1 144 | TR2 143
448.2034 	DATA 	Keypress: 5
448.2034 	DATA 	TR 288 | TR1 144 | TR2 144
449.7699 	DATA 	Keypress: 5
449.7700 	DATA 	TR 289 | TR1 145 | TR2 144
451.3198 	DATA 	Keypress: 5
451.3199 	DATA 	TR 290 | TR1 145 | TR2 145
452.8869 	DATA 	Keypress: 5
452.9029 	DATA 	TR 291 | TR1 146 | TR2 145
454.4528 	DATA 	Keypress: 5
454.4529 	DATA 	TR 292 | TR1 146 | TR2 146
454.4529 	DATA 	
454.4529 	DATA 	Trial complete
454.4529 	DATA 	Waiting for VASO trigger to start next trial
454.4529 	DATA 	
456.0193 	DATA 	Keypress: 5
456.0194 	DATA 	Waited 1.5664348602294922 seconds for trigger
456.0202 	DATA 	
456.0202 	DATA 	Trial 15
456.0202 	DATA 	stimDur = 12.0
456.0202 	DATA 	jitter = 1.57
456.0202 	DATA 	restDur = 20.0

456.0202 	DATA 	
456.0202 	DATA 	TR 293 | TR1 147 | TR2 146
457.5692 	DATA 	Keypress: 5
457.5693 	DATA 	TR 294 | TR1 147 | TR2 147
457.6025 	DATA 	
457.6025 	DATA 	stimulation started
457.6025 	DATA 	
459.1357 	DATA 	Keypress: 5
459.1358 	DATA 	TR 295 | TR1 148 | TR2 147
460.6856 	DATA 	Keypress: 5
460.6857 	DATA 	TR 296 | TR1 148 | TR2 148
462.2688 	DATA 	Keypress: 5
462.2689 	DATA 	TR 297 | TR1 149 | TR2 148
463.8188 	DATA 	Keypress: 5
463.8189 	DATA 	TR 298 | TR1 149 | TR2 149
465.3852 	DATA 	Keypress: 5
465.3853 	DATA 	TR 299 | TR1 150 | TR2 149
466.9351 	DATA 	Keypress: 5
466.9351 	DATA 	TR 300 | TR1 150 | TR2 150
468.5182 	DATA 	Keypress: 5
468.5183 	DATA 	TR 301 | TR1 151 | TR2 150
469.6015 	DATA 	
469.6015 	DATA 	stimulation stopped
469.6015 	DATA 	
470.0681 	DATA 	Keypress: 5
470.0681 	DATA 	TR 302 | TR1 151 | TR2 151
471.6346 	DATA 	Keypress: 5
471.6346 	DATA 	TR 303 | TR1 152 | TR2 151
473.1845 	DATA 	Keypress: 5
473.1845 	DATA 	TR 304 | TR1 152 | TR2 152
474.7509 	DATA 	Keypress: 5
474.7510 	DATA 	TR 305 | TR1 153 | TR2 152
476.3014 	DATA 	Keypress: 5
476.3174 	DATA 	TR 306 | TR1 153 | TR2 153
477.8840 	DATA 	Keypress: 5
477.8840 	DATA 	TR 307 | TR1 154 | TR2 153
479.4339 	DATA 	Keypress: 5
479.4339 	DATA 	TR 308 | TR1 154 | TR2 154
481.0004 	DATA 	Keypress: 5
481.0004 	DATA 	TR 309 | TR1 155 | TR2 154
482.5503 	DATA 	Keypress: 5
482.5503 	DATA 	TR 310 | TR1 155 | TR2 155
484.1334 	DATA 	Keypress: 5
484.1335 	DATA 	TR 311 | TR1 156 | TR2 155
485.6833 	DATA 	Keypress: 5
485.6834 	DATA 	TR 312 | TR1 156 | TR2 156
487.2498 	DATA 	Keypress: 5
487.2499 	DATA 	TR 313 | TR1 157 | TR2 156
488.7997 	DATA 	Keypress: 5
488.7998 	DATA 	TR 314 | TR1 157 | TR2 157
489.5996 	DATA 	
489.5996 	DATA 	Trial complete
489.5996 	DATA 	Waiting for VASO trigger to start next trial
489.5996 	DATA 	
490.3829 	DATA 	Keypress: 5
490.3829 	DATA 	Waited 0.7832949161529541 seconds for trigger
490.3837 	DATA 	
490.3837 	DATA 	Trial 16
490.3837 	DATA 	stimDur = 2.0
490.3837 	DATA 	jitter = 1.57
490.3837 	DATA 	restDur = 14.0

490.3837 	DATA 	
490.3837 	DATA 	TR 315 | TR1 158 | TR2 157
491.9328 	DATA 	Keypress: 5
491.9328 	DATA 	TR 316 | TR1 158 | TR2 158
491.9660 	DATA 	
491.9660 	DATA 	stimulation started
491.9660 	DATA 	
493.4993 	DATA 	Keypress: 5
493.4993 	DATA 	TR 317 | TR1 159 | TR2 158
493.9659 	DATA 	
493.9659 	DATA 	stimulation stopped
493.9659 	DATA 	
495.0491 	DATA 	Keypress: 5
495.0492 	DATA 	TR 318 | TR1 159 | TR2 159
496.6157 	DATA 	Keypress: 5
496.6157 	DATA 	TR 319 | TR1 160 | TR2 159
498.1656 	DATA 	Keypress: 5
498.1656 	DATA 	TR 320 | TR1 160 | TR2 160
499.7487 	DATA 	Keypress: 5
499.7487 	DATA 	TR 321 | TR1 161 | TR2 160
501.0486 	DATA 	Target presented
501.2986 	DATA 	Keypress: 5
501.2986 	DATA 	TR 322 | TR1 161 | TR2 161
501.5485 	DATA 	Keypress: 1
501.5486 	DATA 	Key1 pressed
501.5486 	DATA 	Target detected
502.8651 	DATA 	Keypress: 5
502.8651 	DATA 	TR 323 | TR1 162 | TR2 161
504.4149 	DATA 	Keypress: 5
504.4150 	DATA 	TR 324 | TR1 162 | TR2 162
505.9981 	DATA 	Keypress: 5
505.9981 	DATA 	TR 325 | TR1 163 | TR2 162
507.5480 	DATA 	Keypress: 5
507.5480 	DATA 	TR 326 | TR1 163 | TR2 163
507.9646 	DATA 	
507.9646 	DATA 	Trial complete
507.9646 	DATA 	Waiting for VASO trigger to start next trial
507.9646 	DATA 	
509.1145 	DATA 	Keypress: 5
509.1146 	DATA 	Waited 1.1499559879302979 seconds for trigger
509.1153 	DATA 	
509.1153 	DATA 	Trial 17
509.1153 	DATA 	stimDur = 2.0
509.1153 	DATA 	jitter = 2.355
509.1153 	DATA 	restDur = 14.0

509.1153 	DATA 	
509.1153 	DATA 	TR 327 | TR1 164 | TR2 163
510.6644 	DATA 	Keypress: 5
510.6644 	DATA 	TR 328 | TR1 164 | TR2 164
511.4809 	DATA 	
511.4809 	DATA 	stimulation started
511.4809 	DATA 	
512.2310 	DATA 	Keypress: 5
512.2311 	DATA 	TR 329 | TR1 165 | TR2 164
513.4808 	DATA 	
513.4808 	DATA 	stimulation stopped
513.4808 	DATA 	
513.7972 	DATA 	Keypress: 5
513.7973 	DATA 	TR 330 | TR1 165 | TR2 165
515.3640 	DATA 	Keypress: 5
515.3641 	DATA 	TR 331 | TR1 166 | TR2 165
516.9138 	DATA 	Keypress: 5
516.9139 	DATA 	TR 332 | TR1 166 | TR2 166
518.4802 	DATA 	Keypress: 5
518.4804 	DATA 	TR 333 | TR1 167 | TR2 166
520.0301 	DATA 	Keypress: 5
520.0302 	DATA 	TR 334 | TR1 167 | TR2 167
521.6134 	DATA 	Keypress: 5
521.6135 	DATA 	TR 335 | TR1 168 | TR2 167
523.1632 	DATA 	Keypress: 5
523.1633 	DATA 	TR 336 | TR1 168 | TR2 168
524.7297 	DATA 	Keypress: 5
524.7299 	DATA 	TR 337 | TR1 169 | TR2 168
526.2796 	DATA 	Keypress: 5
526.2796 	DATA 	TR 338 | TR1 169 | TR2 169
527.4794 	DATA 	
527.4794 	DATA 	Trial complete
527.4795 	DATA 	Waiting for VASO trigger to start next trial
527.4795 	DATA 	
527.8469 	DATA 	Keypress: 5
527.8628 	DATA 	Waited 0.3832831382751465 seconds for trigger
527.8635 	DATA 	
527.8635 	DATA 	Trial 18
527.8635 	DATA 	stimDur = 1.0
527.8635 	DATA 	jitter = 1.57
527.8635 	DATA 	restDur = 12.0

527.8635 	DATA 	
527.8635 	DATA 	TR 339 | TR1 170 | TR2 169
529.4126 	DATA 	Keypress: 5
529.4127 	DATA 	TR 340 | TR1 170 | TR2 170
529.4459 	DATA 	
529.4459 	DATA 	stimulation started
529.4459 	DATA 	
530.4459 	DATA 	
530.4459 	DATA 	stimulation stopped
530.4459 	DATA 	
530.9792 	DATA 	Keypress: 5
530.9792 	DATA 	TR 341 | TR1 171 | TR2 170
532.5290 	DATA 	Keypress: 5
532.5290 	DATA 	TR 342 | TR1 171 | TR2 171
534.0956 	DATA 	Keypress: 5
534.0956 	DATA 	TR 343 | TR1 172 | TR2 171
535.6460 	DATA 	Keypress: 5
535.6620 	DATA 	TR 344 | TR1 172 | TR2 172
537.2286 	DATA 	Keypress: 5
537.2287 	DATA 	TR 345 | TR1 173 | TR2 172
538.7784 	DATA 	Keypress: 5
538.7785 	DATA 	TR 346 | TR1 173 | TR2 173
540.3450 	DATA 	Keypress: 5
540.3450 	DATA 	TR 347 | TR1 174 | TR2 173
541.8948 	DATA 	Keypress: 5
541.8949 	DATA 	TR 348 | TR1 174 | TR2 174
542.4447 	DATA 	
542.4447 	DATA 	Trial complete
542.4447 	DATA 	Waiting for VASO trigger to start next trial
542.4447 	DATA 	
543.4781 	DATA 	Keypress: 5
543.4782 	DATA 	Waited 1.033456802368164 seconds for trigger
543.4790 	DATA 	
543.4790 	DATA 	Trial 19
543.4790 	DATA 	stimDur = 12.0
543.4790 	DATA 	jitter = 0.0
543.4790 	DATA 	restDur = 20.0

543.4790 	DATA 	
543.4790 	DATA 	TR 349 | TR1 175 | TR2 174
543.4790 	DATA 	
543.4790 	DATA 	stimulation started
543.4791 	DATA 	
545.0279 	DATA 	Keypress: 5
545.0280 	DATA 	TR 350 | TR1 175 | TR2 175
546.5945 	DATA 	Keypress: 5
546.5945 	DATA 	TR 351 | TR1 176 | TR2 175
548.1443 	DATA 	Keypress: 5
548.1443 	DATA 	TR 352 | TR1 176 | TR2 176
549.7110 	DATA 	Keypress: 5
549.7111 	DATA 	TR 353 | TR1 177 | TR2 176
551.2774 	DATA 	Keypress: 5
551.2774 	DATA 	TR 354 | TR1 177 | TR2 177
552.8439 	DATA 	Keypress: 5
552.8440 	DATA 	TR 355 | TR1 178 | TR2 177
554.3937 	DATA 	Keypress: 5
554.3938 	DATA 	TR 356 | TR1 178 | TR2 178
555.4936 	DATA 	
555.4936 	DATA 	stimulation stopped
555.4936 	DATA 	
555.9602 	DATA 	Keypress: 5
555.9603 	DATA 	TR 357 | TR1 179 | TR2 178
557.5101 	DATA 	Keypress: 5
557.5101 	DATA 	TR 358 | TR1 179 | TR2 179
559.0933 	DATA 	Keypress: 5
559.0933 	DATA 	TR 359 | TR1 180 | TR2 179
560.6432 	DATA 	Keypress: 5
560.6432 	DATA 	TR 360 | TR1 180 | TR2 180
562.2097 	DATA 	Keypress: 5
562.2097 	DATA 	TR 361 | TR1 181 | TR2 180
563.7595 	DATA 	Keypress: 5
563.7595 	DATA 	TR 362 | TR1 181 | TR2 181
565.3427 	DATA 	Keypress: 5
565.3428 	DATA 	TR 363 | TR1 182 | TR2 181
566.8925 	DATA 	Keypress: 5
566.8926 	DATA 	TR 364 | TR1 182 | TR2 182
568.0425 	DATA 	Target presented
568.4591 	DATA 	Keypress: 5
568.4591 	DATA 	TR 365 | TR1 183 | TR2 182
568.5924 	DATA 	Keypress: 1
568.5924 	DATA 	Key1 pressed
568.5924 	DATA 	Target detected
570.0089 	DATA 	Keypress: 5
570.0090 	DATA 	TR 366 | TR1 183 | TR2 183
571.5755 	DATA 	Keypress: 5
571.5755 	DATA 	TR 367 | TR1 184 | TR2 183
573.1259 	DATA 	Keypress: 5
573.1419 	DATA 	TR 368 | TR1 184 | TR2 184
574.7086 	DATA 	Keypress: 5
574.7087 	DATA 	TR 369 | TR1 185 | TR2 184
575.4917 	DATA 	
575.4917 	DATA 	Trial complete
575.4917 	DATA 	
576.2584 	DATA 	Keypress: 5
576.2584 	DATA 	TR 370 | TR1 185 | TR2 185
577.8249 	DATA 	Keypress: 5
577.8249 	DATA 	Waited 35.38019680976868 seconds for trigger
577.8257 	DATA 	
577.8257 	DATA 	Trial 20
577.8257 	DATA 	stimDur = 4.0
577.8257 	DATA 	jitter = 2.355
577.8257 	DATA 	restDur = 16.0

577.8257 	DATA 	
577.8257 	DATA 	TR 371 | TR1 186 | TR2 185
579.3748 	DATA 	Keypress: 5
579.3748 	DATA 	TR 372 | TR1 186 | TR2 186
580.1913 	DATA 	
580.1913 	DATA 	stimulation started
580.1913 	DATA 	
580.9580 	DATA 	Keypress: 5
580.9580 	DATA 	TR 373 | TR1 187 | TR2 186
582.5079 	DATA 	Keypress: 5
582.5079 	DATA 	TR 374 | TR1 187 | TR2 187
584.0744 	DATA 	Keypress: 5
584.0745 	DATA 	TR 375 | TR1 188 | TR2 187
584.1910 	DATA 	
584.1910 	DATA 	stimulation stopped
584.1910 	DATA 	
585.6243 	DATA 	Keypress: 5
585.6243 	DATA 	TR 376 | TR1 188 | TR2 188
587.1913 	DATA 	Keypress: 5
587.2073 	DATA 	TR 377 | TR1 189 | TR2 188
588.7572 	DATA 	Keypress: 5
588.7573 	DATA 	TR 378 | TR1 189 | TR2 189
590.3238 	DATA 	Keypress: 5
590.3238 	DATA 	TR 379 | TR1 190 | TR2 189
591.8734 	DATA 	Keypress: 5
591.8735 	DATA 	TR 380 | TR1 190 | TR2 190
593.4401 	DATA 	Keypress: 5
593.4402 	DATA 	TR 381 | TR1 191 | TR2 190
594.9900 	DATA 	Keypress: 5
594.9900 	DATA 	TR 382 | TR1 191 | TR2 191
596.5732 	DATA 	Keypress: 5
596.5733 	DATA 	TR 383 | TR1 192 | TR2 191
598.1232 	DATA 	Keypress: 5
598.1232 	DATA 	TR 384 | TR1 192 | TR2 192
599.6896 	DATA 	Keypress: 5
599.6896 	DATA 	TR 385 | TR1 193 | TR2 192
600.1894 	DATA 	
600.1895 	DATA 	Trial complete
600.1895 	DATA 	
601.2394 	DATA 	Keypress: 5
601.2394 	DATA 	TR 386 | TR1 193 | TR2 193
602.8226 	DATA 	Keypress: 5
602.8227 	DATA 	TR 387 | TR1 194 | TR2 193
604.3725 	DATA 	Keypress: 5
604.3725 	DATA 	TR 388 | TR1 194 | TR2 194
605.9390 	DATA 	Keypress: 5
605.9390 	DATA 	TR 389 | TR1 195 | TR2 194
607.4888 	DATA 	Keypress: 5
607.4889 	DATA 	TR 390 | TR1 195 | TR2 195
609.0554 	DATA 	Keypress: 5
609.0554 	DATA 	TR 391 | TR1 196 | TR2 195
610.6219 	DATA 	Keypress: 5
610.6219 	DATA 	TR 392 | TR1 196 | TR2 196
612.1884 	DATA 	Keypress: 5
612.1885 	DATA 	TR 393 | TR1 197 | TR2 196
613.7383 	DATA 	Keypress: 5
613.7383 	DATA 	TR 394 | TR1 197 | TR2 197
615.3048 	DATA 	Keypress: 5
615.3049 	DATA 	TR 395 | TR1 198 | TR2 197
616.8546 	DATA 	Keypress: 5
616.8547 	DATA 	TR 396 | TR1 198 | TR2 198
618.4378 	DATA 	Keypress: 5
618.4379 	DATA 	TR 397 | TR1 199 | TR2 198
619.9877 	DATA 	Keypress: 5
619.9877 	DATA 	TR 398 | TR1 199 | TR2 199
621.5542 	DATA 	Keypress: 5
621.5543 	DATA 	TR 399 | TR1 200 | TR2 199
623.1043 	DATA 	Keypress: 5
623.1043 	DATA 	TR 400 | TR1 200 | TR2 200
624.6873 	DATA 	Keypress: 5
624.6874 	DATA 	TR 401 | TR1 201 | TR2 200
626.2371 	DATA 	Keypress: 5
626.2372 	DATA 	TR 402 | TR1 201 | TR2 201
627.8037 	DATA 	Keypress: 5
627.8037 	DATA 	TR 403 | TR1 202 | TR2 201
629.3535 	DATA 	Keypress: 5
629.3535 	DATA 	TR 404 | TR1 202 | TR2 202
630.9200 	DATA 	Keypress: 5
630.9201 	DATA 	TR 405 | TR1 203 | TR2 202
632.4698 	DATA 	Keypress: 5
632.4699 	DATA 	TR 406 | TR1 203 | TR2 203
634.0531 	DATA 	Keypress: 5
634.0531 	DATA 	TR 407 | TR1 204 | TR2 203
635.6029 	DATA 	Keypress: 5
635.6030 	DATA 	TR 408 | TR1 204 | TR2 204
637.1695 	DATA 	Keypress: 5
637.1695 	DATA 	TR 409 | TR1 205 | TR2 204
638.7193 	DATA 	Keypress: 5
638.7193 	DATA 	TR 410 | TR1 205 | TR2 205
640.3025 	DATA 	Keypress: 5
640.3026 	DATA 	TR 411 | TR1 206 | TR2 205
641.8523 	DATA 	Keypress: 5
641.8524 	DATA 	TR 412 | TR1 206 | TR2 206
643.4189 	DATA 	Keypress: 5
643.4190 	DATA 	TR 413 | TR1 207 | TR2 206
644.9687 	DATA 	Keypress: 5
644.9688 	DATA 	TR 414 | TR1 207 | TR2 207
646.5358 	DATA 	Keypress: 5
646.5519 	DATA 	TR 415 | TR1 208 | TR2 207
648.1018 	DATA 	Keypress: 5
648.1018 	DATA 	TR 416 | TR1 208 | TR2 208
649.6683 	DATA 	Keypress: 5
649.6684 	DATA 	TR 417 | TR1 209 | TR2 208
651.2181 	DATA 	Keypress: 5
651.2182 	DATA 	TR 418 | TR1 209 | TR2 209
652.7847 	DATA 	Keypress: 5
652.7847 	DATA 	TR 419 | TR1 210 | TR2 209
654.3345 	DATA 	Keypress: 5
654.3346 	DATA 	TR 420 | TR1 210 | TR2 210
655.9177 	DATA 	Keypress: 5
655.9178 	DATA 	TR 421 | TR1 211 | TR2 210
657.4676 	DATA 	Keypress: 5
657.4676 	DATA 	TR 422 | TR1 211 | TR2 211
659.0341 	DATA 	Keypress: 5
659.0342 	DATA 	TR 423 | TR1 212 | TR2 211
660.5839 	DATA 	Keypress: 5
660.5840 	DATA 	TR 424 | TR1 212 | TR2 212
662.1671 	DATA 	Keypress: 5
662.1672 	DATA 	TR 425 | TR1 213 | TR2 212
663.0170 	DATA 	EndOfRun sub-05_ses-01_run-05

663.0170 	DATA 	We spent 63.453065395355225 seconds waiting for triggers
663.0170 	DATA 	RatioOfDetectedTargets 0.8888888888888888
663.0171 	DATA 	You have detected 8 out of 9 targets.
667.8394 	DATA 	Keypress: 5
668.0900 	EXP 	window1: mouseVisible = True
