MonitorDistance=99cm
MonitorWidth=30cm
PixelWidth=1024.0
PixelHeight=768.0
You have detected 9 out of 9 targets.
Excellent! Keep up the good work
6.1057 	INFO 	Loaded monitor calibration from ['2021_05_26 17:55']
6.5613 	EXP 	Created window1 = Window(allowGUI=False, allowStencil=False, autoLog=True, backendConf=UNKNOWN, bitsMode=UNKNOWN, blendMode='avg', bpc=(8, 8, 8), color=array([-0.5, -0.5, -0.5]), colorSpace='rgb', depthBits=8, fullscr=<method-wrapper '__getattribute__' of attributeSetter object at 0x7f71eabeb2e8>, gamma=None, gammaErrorPolicy='raise', lms=UNKNOWN, monitor=<psychopy.monitors.calibTools.Monitor object at 0x7f71e0948cf8>, multiSample=False, name='window1', numSamples=2, pos=[0.0, 0.0], screen=0, size=array([1024,  768]), stencilBits=0, stereo=False, units='deg', useFBO=False, useRetina=False, viewOri=0.0, viewPos=None, viewScale=None, waitBlanking=True, winType='pyglet')
6.5614 	EXP 	window1: mouseVisible = True
6.6240 	EXP 	Created unnamed TextStim = TextStim(__class__=<class 'psychopy.visual.text.TextStim'>, alignHoriz=method-wrapper(...), alignText='center', alignVert=method-wrapper(...), anchorHoriz='center', anchorVert='center', antialias=True, autoLog=True, bold=False, color=array([1., 1., 1.]), colorSpace='rgb', contrast=1.0, depth=0, flipHoriz=False, flipVert=False, font='', fontFiles=[], height=0.5, italic=False, languageStyle='LTR', name='unnamed TextStim', opacity=1.0, ori=0.0, pos=array([0., 0.]), rgb=UNKNOWN, text=str(...), units='deg', win=Window(...), wrapWidth=15.0)
6.6542 	EXP 	Created Movie Frame 0 = ImageStim(__class__=<class 'psychopy.visual.image.ImageStim'>, autoLog=True, color=array([0.8, 0.8, 0.8]), colorSpace='rgb', contrast=0.8, depth=0, flipHoriz=False, flipVert=False, image='visual_0.png', interpolate=False, mask=None, maskParams=None, name='Movie Frame 0', opacity=1, ori=0.0, pos=array([0., 0.]), size=array([1024,  768]), texRes=128, units='pix', win=Window(...))
6.6778 	EXP 	Created Movie Frame 1 = ImageStim(__class__=<class 'psychopy.visual.image.ImageStim'>, autoLog=True, color=array([0.8, 0.8, 0.8]), colorSpace='rgb', contrast=0.8, depth=0, flipHoriz=False, flipVert=False, image='visual_1.png', interpolate=False, mask=None, maskParams=None, name='Movie Frame 1', opacity=1, ori=0.0, pos=array([0., 0.]), size=array([1024,  768]), texRes=128, units='pix', win=Window(...))
36.5691 	DATA 	Keypress: 5
0.0000 	DATA 	StartOfRun sub-06_ses-01_run-06
0.0000 	DATA 	TR 1 | TR1 1 | TR2 0
0.0058 	DATA 	Initial baseline

1.5500 	DATA 	Keypress: 5
1.5501 	DATA 	TR 2 | TR1 1 | TR2 1
3.1222 	DATA 	Keypress: 5
3.1223 	DATA 	TR 3 | TR1 2 | TR2 1
4.6734 	DATA 	Keypress: 5
4.6734 	DATA 	TR 4 | TR1 2 | TR2 2
6.2445 	DATA 	Keypress: 5
6.2446 	DATA 	TR 5 | TR1 3 | TR2 2
7.7967 	DATA 	Keypress: 5
7.7968 	DATA 	TR 6 | TR1 3 | TR2 3
9.3679 	DATA 	Keypress: 5
9.3680 	DATA 	TR 7 | TR1 4 | TR2 3
10.9201 	DATA 	Keypress: 5
10.9202 	DATA 	TR 8 | TR1 4 | TR2 4
12.4913 	DATA 	Keypress: 5
12.4914 	DATA 	TR 9 | TR1 5 | TR2 4
14.0435 	DATA 	Keypress: 5
14.0436 	DATA 	TR 10 | TR1 5 | TR2 5
15.6147 	DATA 	Keypress: 5
15.6148 	DATA 	TR 11 | TR1 6 | TR2 5
17.1669 	DATA 	Keypress: 5
17.1670 	DATA 	TR 12 | TR1 6 | TR2 6
18.7379 	DATA 	Keypress: 5
18.7380 	DATA 	TR 13 | TR1 7 | TR2 6
20.2903 	DATA 	Keypress: 5
20.2903 	DATA 	TR 14 | TR1 7 | TR2 7
21.8615 	DATA 	Keypress: 5
21.8616 	DATA 	TR 15 | TR1 8 | TR2 7
23.4136 	DATA 	Keypress: 5
23.4136 	DATA 	TR 16 | TR1 8 | TR2 8
24.9849 	DATA 	Keypress: 5
24.9849 	DATA 	TR 17 | TR1 9 | TR2 8
26.5371 	DATA 	Keypress: 5
26.5371 	DATA 	TR 18 | TR1 9 | TR2 9
28.1083 	DATA 	Keypress: 5
28.1083 	DATA 	TR 19 | TR1 10 | TR2 9
29.6605 	DATA 	Keypress: 5
29.6605 	DATA 	TR 20 | TR1 10 | TR2 10
31.2369 	DATA 	Keypress: 5
31.2369 	DATA 	Waited 1.2369279861450195 seconds for trigger
31.2384 	DATA 	
31.2384 	DATA 	Trial 1
31.2384 	DATA 	stimDur = 1.0
31.2384 	DATA 	jitter = 0.0
31.2384 	DATA 	restDur = 12.0

31.2384 	DATA 	
31.2384 	DATA 	TR 21 | TR1 11 | TR2 10
31.2384 	DATA 	
31.2384 	DATA 	stimulation started
31.2384 	DATA 	
32.2535 	DATA 	
32.2536 	DATA 	stimulation stopped
32.2536 	DATA 	
32.7868 	DATA 	Keypress: 5
32.7868 	DATA 	TR 22 | TR1 11 | TR2 11
34.3699 	DATA 	Keypress: 5
34.3699 	DATA 	TR 23 | TR1 12 | TR2 11
35.9198 	DATA 	Keypress: 5
35.9199 	DATA 	TR 24 | TR1 12 | TR2 12
37.4863 	DATA 	Keypress: 5
37.4863 	DATA 	TR 25 | TR1 13 | TR2 12
39.0362 	DATA 	Keypress: 5
39.0362 	DATA 	TR 26 | TR1 13 | TR2 13
40.6026 	DATA 	Keypress: 5
40.6026 	DATA 	TR 27 | TR1 14 | TR2 13
42.1692 	DATA 	Keypress: 5
42.1693 	DATA 	TR 28 | TR1 14 | TR2 14
43.7357 	DATA 	Keypress: 5
43.7357 	DATA 	TR 29 | TR1 15 | TR2 14
44.2523 	DATA 	
44.2523 	DATA 	Trial complete
44.2523 	DATA 	Waiting for VASO trigger to start next trial
44.2523 	DATA 	
45.2856 	DATA 	Keypress: 5
45.2856 	DATA 	TR 30 | TR1 15 | TR2 15
46.8521 	DATA 	Keypress: 5
46.8522 	DATA 	Waited 2.599824905395508 seconds for trigger
46.8529 	DATA 	
46.8529 	DATA 	Trial 2
46.8529 	DATA 	stimDur = 24.0
46.8529 	DATA 	jitter = 0.0
46.8530 	DATA 	restDur = 24.0

46.8530 	DATA 	
46.8530 	DATA 	TR 31 | TR1 16 | TR2 15
46.8530 	DATA 	
46.8530 	DATA 	stimulation started
46.8530 	DATA 	
48.4020 	DATA 	Keypress: 5
48.4021 	DATA 	TR 32 | TR1 16 | TR2 16
49.9852 	DATA 	Keypress: 5
49.9852 	DATA 	TR 33 | TR1 17 | TR2 16
51.5351 	DATA 	Keypress: 5
51.5351 	DATA 	TR 34 | TR1 17 | TR2 17
53.1016 	DATA 	Keypress: 5
53.1016 	DATA 	TR 35 | TR1 18 | TR2 17
54.6514 	DATA 	Keypress: 5
54.6515 	DATA 	TR 36 | TR1 18 | TR2 18
56.2187 	DATA 	Keypress: 5
56.2346 	DATA 	TR 37 | TR1 19 | TR2 18
57.7845 	DATA 	Keypress: 5
57.7845 	DATA 	TR 38 | TR1 19 | TR2 19
59.3510 	DATA 	Keypress: 5
59.3510 	DATA 	TR 39 | TR1 20 | TR2 19
60.9009 	DATA 	Keypress: 5
60.9010 	DATA 	TR 40 | TR1 20 | TR2 20
62.4674 	DATA 	Keypress: 5
62.4674 	DATA 	TR 41 | TR1 21 | TR2 20
64.0173 	DATA 	Keypress: 5
64.0173 	DATA 	TR 42 | TR1 21 | TR2 21
65.6004 	DATA 	Keypress: 5
65.6005 	DATA 	TR 43 | TR1 22 | TR2 21
67.1503 	DATA 	Keypress: 5
67.1504 	DATA 	TR 44 | TR1 22 | TR2 22
68.7168 	DATA 	Keypress: 5
68.7169 	DATA 	TR 45 | TR1 23 | TR2 22
70.2667 	DATA 	Keypress: 5
70.2668 	DATA 	TR 46 | TR1 23 | TR2 23
70.8666 	DATA 	
70.8666 	DATA 	stimulation stopped
70.8666 	DATA 	
71.8498 	DATA 	Keypress: 5
71.8499 	DATA 	TR 47 | TR1 24 | TR2 23
73.3997 	DATA 	Keypress: 5
73.3998 	DATA 	TR 48 | TR1 24 | TR2 24
74.9662 	DATA 	Keypress: 5
74.9662 	DATA 	TR 49 | TR1 25 | TR2 24
76.5160 	DATA 	Keypress: 5
76.5161 	DATA 	TR 50 | TR1 25 | TR2 25
78.0826 	DATA 	Keypress: 5
78.0826 	DATA 	TR 51 | TR1 26 | TR2 25
79.6491 	DATA 	Keypress: 5
79.6492 	DATA 	TR 52 | TR1 26 | TR2 26
81.2156 	DATA 	Keypress: 5
81.2157 	DATA 	TR 53 | TR1 27 | TR2 26
82.7651 	DATA 	Keypress: 5
82.7652 	DATA 	TR 54 | TR1 27 | TR2 27
84.3320 	DATA 	Keypress: 5
84.3320 	DATA 	TR 55 | TR1 28 | TR2 27
85.8819 	DATA 	Keypress: 5
85.8820 	DATA 	TR 56 | TR1 28 | TR2 28
87.4651 	DATA 	Keypress: 5
87.4651 	DATA 	TR 57 | TR1 29 | TR2 28
89.0149 	DATA 	Keypress: 5
89.0150 	DATA 	TR 58 | TR1 29 | TR2 29
90.5816 	DATA 	Keypress: 5
90.5816 	DATA 	TR 59 | TR1 30 | TR2 29
92.1313 	DATA 	Keypress: 5
92.1314 	DATA 	TR 60 | TR1 30 | TR2 30
93.7145 	DATA 	Keypress: 5
93.7145 	DATA 	TR 61 | TR1 31 | TR2 30
94.8644 	DATA 	
94.8644 	DATA 	Trial complete
94.8644 	DATA 	Waiting for VASO trigger to start next trial
94.8644 	DATA 	
95.2644 	DATA 	Keypress: 5
95.2644 	DATA 	TR 62 | TR1 31 | TR2 31
96.6309 	DATA 	Target presented
96.8309 	DATA 	Keypress: 5
96.8309 	DATA 	Waited 1.966520071029663 seconds for trigger
96.8317 	DATA 	
96.8317 	DATA 	Trial 3
96.8317 	DATA 	stimDur = 24.0
96.8317 	DATA 	jitter = 2.355
96.8317 	DATA 	restDur = 24.0

96.8317 	DATA 	
96.8317 	DATA 	TR 63 | TR1 32 | TR2 31
97.1975 	DATA 	Keypress: 1
97.1976 	DATA 	Key1 pressed
97.1976 	DATA 	Target detected
98.3807 	DATA 	Keypress: 5
98.3808 	DATA 	TR 64 | TR1 32 | TR2 32
99.1973 	DATA 	
99.1973 	DATA 	stimulation started
99.1973 	DATA 	
99.9473 	DATA 	Keypress: 5
99.9473 	DATA 	TR 65 | TR1 33 | TR2 32
101.4979 	DATA 	Keypress: 5
101.5139 	DATA 	TR 66 | TR1 33 | TR2 33
103.0806 	DATA 	Keypress: 5
103.0806 	DATA 	TR 67 | TR1 34 | TR2 33
104.6302 	DATA 	Keypress: 5
104.6303 	DATA 	TR 68 | TR1 34 | TR2 34
106.1967 	DATA 	Keypress: 5
106.1967 	DATA 	TR 69 | TR1 35 | TR2 34
107.7466 	DATA 	Keypress: 5
107.7467 	DATA 	TR 70 | TR1 35 | TR2 35
109.3298 	DATA 	Keypress: 5
109.3298 	DATA 	TR 71 | TR1 36 | TR2 35
110.8797 	DATA 	Keypress: 5
110.8797 	DATA 	TR 72 | TR1 36 | TR2 36
112.4462 	DATA 	Keypress: 5
112.4462 	DATA 	TR 73 | TR1 37 | TR2 36
113.9960 	DATA 	Keypress: 5
113.9961 	DATA 	TR 74 | TR1 37 | TR2 37
115.5632 	DATA 	Keypress: 5
115.5792 	DATA 	TR 75 | TR1 38 | TR2 37
117.1291 	DATA 	Keypress: 5
117.1291 	DATA 	TR 76 | TR1 38 | TR2 38
118.6956 	DATA 	Keypress: 5
118.6956 	DATA 	TR 77 | TR1 39 | TR2 38
120.2456 	DATA 	Keypress: 5
120.2456 	DATA 	TR 78 | TR1 39 | TR2 39
121.8119 	DATA 	Keypress: 5
121.8120 	DATA 	TR 79 | TR1 40 | TR2 39
123.1951 	DATA 	
123.1951 	DATA 	stimulation stopped
123.1951 	DATA 	
123.3618 	DATA 	Keypress: 5
123.3618 	DATA 	TR 80 | TR1 40 | TR2 40
124.9450 	DATA 	Keypress: 5
124.9450 	DATA 	TR 81 | TR1 41 | TR2 40
126.4949 	DATA 	Keypress: 5
126.4949 	DATA 	TR 82 | TR1 41 | TR2 41
128.0615 	DATA 	Keypress: 5
128.0615 	DATA 	TR 83 | TR1 42 | TR2 41
129.6112 	DATA 	Keypress: 5
129.6113 	DATA 	TR 84 | TR1 42 | TR2 42
131.1944 	DATA 	Keypress: 5
131.1944 	DATA 	TR 85 | TR1 43 | TR2 42
132.7443 	DATA 	Keypress: 5
132.7443 	DATA 	TR 86 | TR1 43 | TR2 43
134.3107 	DATA 	Keypress: 5
134.3107 	DATA 	TR 87 | TR1 44 | TR2 43
135.8607 	DATA 	Keypress: 5
135.8607 	DATA 	TR 88 | TR1 44 | TR2 44
137.4272 	DATA 	Keypress: 5
137.4273 	DATA 	TR 89 | TR1 45 | TR2 44
138.9937 	DATA 	Keypress: 5
138.9937 	DATA 	TR 90 | TR1 45 | TR2 45
140.5602 	DATA 	Keypress: 5
140.5603 	DATA 	TR 91 | TR1 46 | TR2 45
142.1101 	DATA 	Keypress: 5
142.1101 	DATA 	TR 92 | TR1 46 | TR2 46
143.5767 	DATA 	Target presented
143.6766 	DATA 	Keypress: 5
143.6766 	DATA 	TR 93 | TR1 47 | TR2 46
144.1105 	DATA 	Keypress: 1
144.1265 	DATA 	Key1 pressed
144.1265 	DATA 	Target detected
145.2264 	DATA 	Keypress: 5
145.2265 	DATA 	TR 94 | TR1 47 | TR2 47
146.8096 	DATA 	Keypress: 5
146.8098 	DATA 	TR 95 | TR1 48 | TR2 47
147.1929 	DATA 	
147.1929 	DATA 	Trial complete
147.1929 	DATA 	Waiting for VASO trigger to start next trial
147.1930 	DATA 	
148.3595 	DATA 	Keypress: 5
148.3595 	DATA 	TR 96 | TR1 48 | TR2 48
149.9262 	DATA 	Keypress: 5
149.9262 	DATA 	Waited 2.7332630157470703 seconds for trigger
149.9270 	DATA 	
149.9270 	DATA 	Trial 4
149.9270 	DATA 	stimDur = 4.0
149.9270 	DATA 	jitter = 0.0
149.9270 	DATA 	restDur = 16.0

149.9270 	DATA 	
149.9270 	DATA 	TR 97 | TR1 49 | TR2 48
149.9270 	DATA 	
149.9270 	DATA 	stimulation started
149.9270 	DATA 	
151.4760 	DATA 	Keypress: 5
151.4760 	DATA 	TR 98 | TR1 49 | TR2 49
153.0432 	DATA 	Keypress: 5
153.0591 	DATA 	TR 99 | TR1 50 | TR2 49
153.9423 	DATA 	
153.9423 	DATA 	stimulation stopped
153.9423 	DATA 	
154.6089 	DATA 	Keypress: 5
154.6090 	DATA 	TR 100 | TR1 50 | TR2 50
156.1755 	DATA 	Keypress: 5
156.1755 	DATA 	TR 101 | TR1 51 | TR2 50
157.7253 	DATA 	Keypress: 5
157.7253 	DATA 	TR 102 | TR1 51 | TR2 51
159.2919 	DATA 	Keypress: 5
159.2919 	DATA 	TR 103 | TR1 52 | TR2 51
160.8423 	DATA 	Keypress: 5
160.8583 	DATA 	TR 104 | TR1 52 | TR2 52
162.4249 	DATA 	Keypress: 5
162.4250 	DATA 	TR 105 | TR1 53 | TR2 52
163.9747 	DATA 	Keypress: 5
163.9748 	DATA 	TR 106 | TR1 53 | TR2 53
165.5413 	DATA 	Keypress: 5
165.5413 	DATA 	TR 107 | TR1 54 | TR2 53
167.0911 	DATA 	Keypress: 5
167.0912 	DATA 	TR 108 | TR1 54 | TR2 54
168.6743 	DATA 	Keypress: 5
168.6744 	DATA 	TR 109 | TR1 55 | TR2 54
169.9408 	DATA 	
169.9409 	DATA 	Trial complete
169.9409 	DATA 	Waiting for VASO trigger to start next trial
169.9409 	DATA 	
170.2242 	DATA 	Keypress: 5
170.2242 	DATA 	TR 110 | TR1 55 | TR2 55
171.7907 	DATA 	Keypress: 5
171.7908 	DATA 	Waited 1.8498950004577637 seconds for trigger
171.7915 	DATA 	
171.7915 	DATA 	Trial 5
171.7915 	DATA 	stimDur = 1.0
171.7915 	DATA 	jitter = 2.355
171.7915 	DATA 	restDur = 12.0

171.7915 	DATA 	
171.7916 	DATA 	TR 111 | TR1 56 | TR2 55
173.3405 	DATA 	Keypress: 5
173.3406 	DATA 	TR 112 | TR1 56 | TR2 56
174.1571 	DATA 	
174.1571 	DATA 	stimulation started
174.1571 	DATA 	
174.9072 	DATA 	Keypress: 5
174.9072 	DATA 	TR 113 | TR1 57 | TR2 56
175.1571 	DATA 	
175.1571 	DATA 	stimulation stopped
175.1571 	DATA 	
176.4575 	DATA 	Keypress: 5
176.4737 	DATA 	TR 114 | TR1 57 | TR2 57
178.0402 	DATA 	Keypress: 5
178.0402 	DATA 	TR 115 | TR1 58 | TR2 57
179.5900 	DATA 	Keypress: 5
179.5900 	DATA 	TR 116 | TR1 58 | TR2 58
181.1567 	DATA 	Keypress: 5
181.1567 	DATA 	TR 117 | TR1 59 | TR2 58
182.7064 	DATA 	Keypress: 5
182.7064 	DATA 	TR 118 | TR1 59 | TR2 59
184.2896 	DATA 	Keypress: 5
184.2896 	DATA 	TR 119 | TR1 60 | TR2 59
185.8394 	DATA 	Keypress: 5
185.8395 	DATA 	TR 120 | TR1 60 | TR2 60
187.1559 	DATA 	
187.1559 	DATA 	Trial complete
187.1560 	DATA 	Waiting for VASO trigger to start next trial
187.1560 	DATA 	
187.3893 	DATA 	Target presented
187.4060 	DATA 	Keypress: 5
187.4060 	DATA 	Waited 0.25005388259887695 seconds for trigger
187.4068 	DATA 	
187.4068 	DATA 	Trial 6
187.4068 	DATA 	stimDur = 24.0
187.4068 	DATA 	jitter = 0.785
187.4068 	DATA 	restDur = 24.0

187.4068 	DATA 	
187.4068 	DATA 	TR 121 | TR1 61 | TR2 60
187.9892 	DATA 	Keypress: 1
187.9893 	DATA 	Key1 pressed
187.9893 	DATA 	Target detected
188.2058 	DATA 	
188.2058 	DATA 	stimulation started
188.2059 	DATA 	
188.9558 	DATA 	Keypress: 5
188.9559 	DATA 	TR 122 | TR1 61 | TR2 61
190.5391 	DATA 	Keypress: 5
190.5391 	DATA 	TR 123 | TR1 62 | TR2 61
192.0889 	DATA 	Keypress: 5
192.0890 	DATA 	TR 124 | TR1 62 | TR2 62
193.6554 	DATA 	Keypress: 5
193.6555 	DATA 	TR 125 | TR1 63 | TR2 62
195.2053 	DATA 	Keypress: 5
195.2053 	DATA 	TR 126 | TR1 63 | TR2 63
196.7719 	DATA 	Keypress: 5
196.7719 	DATA 	TR 127 | TR1 64 | TR2 63
198.3218 	DATA 	Keypress: 5
198.3218 	DATA 	TR 128 | TR1 64 | TR2 64
199.9049 	DATA 	Keypress: 5
199.9049 	DATA 	TR 129 | TR1 65 | TR2 64
201.4547 	DATA 	Keypress: 5
201.4548 	DATA 	TR 130 | TR1 65 | TR2 65
203.0213 	DATA 	Keypress: 5
203.0213 	DATA 	TR 131 | TR1 66 | TR2 65
204.5711 	DATA 	Keypress: 5
204.5711 	DATA 	TR 132 | TR1 66 | TR2 66
206.1543 	DATA 	Keypress: 5
206.1544 	DATA 	TR 133 | TR1 67 | TR2 66
207.7041 	DATA 	Keypress: 5
207.7042 	DATA 	TR 134 | TR1 67 | TR2 67
209.2707 	DATA 	Keypress: 5
209.2707 	DATA 	TR 135 | TR1 68 | TR2 67
210.8205 	DATA 	Keypress: 5
210.8206 	DATA 	TR 136 | TR1 68 | TR2 68
212.2037 	DATA 	
212.2037 	DATA 	stimulation stopped
212.2037 	DATA 	
212.3876 	DATA 	Keypress: 5
212.4036 	DATA 	TR 137 | TR1 69 | TR2 68
213.9536 	DATA 	Keypress: 5
213.9537 	DATA 	TR 138 | TR1 69 | TR2 69
215.5201 	DATA 	Keypress: 5
215.5201 	DATA 	TR 139 | TR1 70 | TR2 69
217.0700 	DATA 	Keypress: 5
217.0701 	DATA 	TR 140 | TR1 70 | TR2 70
218.6366 	DATA 	Keypress: 5
218.6366 	DATA 	TR 141 | TR1 71 | TR2 70
220.1863 	DATA 	Keypress: 5
220.1863 	DATA 	TR 142 | TR1 71 | TR2 71
221.7695 	DATA 	Keypress: 5
221.7695 	DATA 	TR 143 | TR1 72 | TR2 71
223.3193 	DATA 	Keypress: 5
223.3194 	DATA 	TR 144 | TR1 72 | TR2 72
224.8860 	DATA 	Keypress: 5
224.8861 	DATA 	TR 145 | TR1 73 | TR2 72
226.4357 	DATA 	Keypress: 5
226.4358 	DATA 	TR 146 | TR1 73 | TR2 73
228.0189 	DATA 	Keypress: 5
228.0190 	DATA 	TR 147 | TR1 74 | TR2 73
229.5688 	DATA 	Keypress: 5
229.5688 	DATA 	TR 148 | TR1 74 | TR2 74
231.1353 	DATA 	Keypress: 5
231.1354 	DATA 	TR 149 | TR1 75 | TR2 74
232.6851 	DATA 	Keypress: 5
232.6852 	DATA 	TR 150 | TR1 75 | TR2 75
234.2517 	DATA 	Keypress: 5
234.2517 	DATA 	TR 151 | TR1 76 | TR2 75
235.8021 	DATA 	Keypress: 5
235.8181 	DATA 	TR 152 | TR1 76 | TR2 76
236.2014 	DATA 	
236.2015 	DATA 	Trial complete
236.2015 	DATA 	Waiting for VASO trigger to start next trial
236.2015 	DATA 	
237.3847 	DATA 	Keypress: 5
237.3848 	DATA 	Waited 1.1833088397979736 seconds for trigger
237.3855 	DATA 	
237.3856 	DATA 	Trial 7
237.3856 	DATA 	stimDur = 12.0
237.3856 	DATA 	jitter = 2.355
237.3856 	DATA 	restDur = 20.0

237.3856 	DATA 	
237.3856 	DATA 	TR 153 | TR1 77 | TR2 76
238.9346 	DATA 	Keypress: 5
238.9346 	DATA 	TR 154 | TR1 77 | TR2 77
239.7511 	DATA 	
239.7511 	DATA 	stimulation started
239.7511 	DATA 	
240.5012 	DATA 	Keypress: 5
240.5012 	DATA 	TR 155 | TR1 78 | TR2 77
242.0510 	DATA 	Keypress: 5
242.0510 	DATA 	TR 156 | TR1 78 | TR2 78
243.6342 	DATA 	Keypress: 5
243.6343 	DATA 	TR 157 | TR1 79 | TR2 78
245.1842 	DATA 	Keypress: 5
245.1842 	DATA 	TR 158 | TR1 79 | TR2 79
246.7506 	DATA 	Keypress: 5
246.7507 	DATA 	TR 159 | TR1 80 | TR2 79
248.3005 	DATA 	Keypress: 5
248.3005 	DATA 	TR 160 | TR1 80 | TR2 80
249.8671 	DATA 	Keypress: 5
249.8671 	DATA 	TR 161 | TR1 81 | TR2 80
251.4335 	DATA 	Keypress: 5
251.4335 	DATA 	TR 162 | TR1 81 | TR2 81
251.7501 	DATA 	
251.7501 	DATA 	stimulation stopped
251.7501 	DATA 	
253.0000 	DATA 	Keypress: 5
253.0000 	DATA 	TR 163 | TR1 82 | TR2 81
254.5498 	DATA 	Keypress: 5
254.5499 	DATA 	TR 164 | TR1 82 | TR2 82
256.1164 	DATA 	Keypress: 5
256.1164 	DATA 	TR 165 | TR1 83 | TR2 82
257.6662 	DATA 	Keypress: 5
257.6662 	DATA 	TR 166 | TR1 83 | TR2 83
258.2828 	DATA 	Target presented
258.7661 	DATA 	Keypress: 1
258.7662 	DATA 	Key1 pressed
258.7662 	DATA 	Target detected
259.2494 	DATA 	Keypress: 5
259.2494 	DATA 	TR 167 | TR1 84 | TR2 83
260.7992 	DATA 	Keypress: 5
260.7993 	DATA 	TR 168 | TR1 84 | TR2 84
262.3658 	DATA 	Keypress: 5
262.3658 	DATA 	TR 169 | TR1 85 | TR2 84
263.9156 	DATA 	Keypress: 5
263.9157 	DATA 	TR 170 | TR1 85 | TR2 85
265.4988 	DATA 	Keypress: 5
265.4989 	DATA 	TR 171 | TR1 86 | TR2 85
267.0487 	DATA 	Keypress: 5
267.0487 	DATA 	TR 172 | TR1 86 | TR2 86
268.6152 	DATA 	Keypress: 5
268.6153 	DATA 	TR 173 | TR1 87 | TR2 86
270.1651 	DATA 	Keypress: 5
270.1651 	DATA 	TR 174 | TR1 87 | TR2 87
271.7316 	DATA 	Keypress: 5
271.7316 	DATA 	TR 175 | TR1 88 | TR2 87
271.7482 	DATA 	
271.7482 	DATA 	Trial complete
271.7482 	DATA 	Waiting for VASO trigger to start next trial
271.7482 	DATA 	
273.2981 	DATA 	Keypress: 5
273.2981 	DATA 	TR 176 | TR1 88 | TR2 88
274.8646 	DATA 	Keypress: 5
274.8647 	DATA 	Waited 3.1164259910583496 seconds for trigger
274.8654 	DATA 	
274.8654 	DATA 	Trial 8
274.8654 	DATA 	stimDur = 1.0
274.8654 	DATA 	jitter = 0.785
274.8654 	DATA 	restDur = 12.0

274.8655 	DATA 	
274.8655 	DATA 	TR 177 | TR1 89 | TR2 88
275.6645 	DATA 	
275.6646 	DATA 	stimulation started
275.6646 	DATA 	
276.4146 	DATA 	Keypress: 5
276.4146 	DATA 	TR 178 | TR1 89 | TR2 89
276.6645 	DATA 	
276.6645 	DATA 	stimulation stopped
276.6645 	DATA 	
277.9810 	DATA 	Keypress: 5
277.9811 	DATA 	TR 179 | TR1 90 | TR2 89
279.5309 	DATA 	Keypress: 5
279.5309 	DATA 	TR 180 | TR1 90 | TR2 90
281.1141 	DATA 	Keypress: 5
281.1141 	DATA 	TR 181 | TR1 91 | TR2 90
282.6639 	DATA 	Keypress: 5
282.6639 	DATA 	TR 182 | TR1 91 | TR2 91
284.2305 	DATA 	Keypress: 5
284.2305 	DATA 	TR 183 | TR1 92 | TR2 91
285.7803 	DATA 	Keypress: 5
285.7804 	DATA 	TR 184 | TR1 92 | TR2 92
287.3475 	DATA 	Keypress: 5
287.3635 	DATA 	TR 185 | TR1 93 | TR2 92
288.6633 	DATA 	
288.6633 	DATA 	Trial complete
288.6634 	DATA 	Waiting for VASO trigger to start next trial
288.6634 	DATA 	
288.9134 	DATA 	Keypress: 5
288.9134 	DATA 	TR 186 | TR1 93 | TR2 93
290.4799 	DATA 	Keypress: 5
290.4800 	DATA 	Waited 1.8166110515594482 seconds for trigger
290.4807 	DATA 	
290.4807 	DATA 	Trial 9
290.4807 	DATA 	stimDur = 24.0
290.4807 	DATA 	jitter = 1.57
290.4807 	DATA 	restDur = 24.0

290.4808 	DATA 	
290.4808 	DATA 	TR 187 | TR1 94 | TR2 93
292.0297 	DATA 	Keypress: 5
292.0298 	DATA 	TR 188 | TR1 94 | TR2 94
292.0630 	DATA 	
292.0630 	DATA 	stimulation started
292.0630 	DATA 	
293.5963 	DATA 	Keypress: 5
293.5964 	DATA 	TR 189 | TR1 95 | TR2 94
295.1462 	DATA 	Keypress: 5
295.1462 	DATA 	TR 190 | TR1 95 | TR2 95
296.7294 	DATA 	Keypress: 5
296.7294 	DATA 	TR 191 | TR1 96 | TR2 95
298.2792 	DATA 	Keypress: 5
298.2792 	DATA 	TR 192 | TR1 96 | TR2 96
299.8458 	DATA 	Keypress: 5
299.8458 	DATA 	TR 193 | TR1 97 | TR2 96
301.0290 	DATA 	Target presented
301.3956 	DATA 	Keypress: 5
301.3956 	DATA 	TR 194 | TR1 97 | TR2 97
301.6956 	DATA 	Keypress: 1
301.6956 	DATA 	Key1 pressed
301.6957 	DATA 	Target detected
302.9788 	DATA 	Keypress: 5
302.9788 	DATA 	TR 195 | TR1 98 | TR2 97
304.5286 	DATA 	Keypress: 5
304.5287 	DATA 	TR 196 | TR1 98 | TR2 98
306.0952 	DATA 	Keypress: 5
306.0952 	DATA 	TR 197 | TR1 99 | TR2 98
307.6450 	DATA 	Keypress: 5
307.6451 	DATA 	TR 198 | TR1 99 | TR2 99
309.2116 	DATA 	Keypress: 5
309.2116 	DATA 	TR 199 | TR1 100 | TR2 99
310.7623 	DATA 	Keypress: 5
310.7781 	DATA 	TR 200 | TR1 100 | TR2 100
312.3446 	DATA 	Keypress: 5
312.3447 	DATA 	TR 201 | TR1 101 | TR2 100
313.8944 	DATA 	Keypress: 5
313.8945 	DATA 	TR 202 | TR1 101 | TR2 101
315.4610 	DATA 	Keypress: 5
315.4611 	DATA 	TR 203 | TR1 102 | TR2 101
316.0609 	DATA 	
316.0609 	DATA 	stimulation stopped
316.0609 	DATA 	
317.0108 	DATA 	Keypress: 5
317.0108 	DATA 	TR 204 | TR1 102 | TR2 102
318.5941 	DATA 	Keypress: 5
318.5941 	DATA 	TR 205 | TR1 103 | TR2 102
320.1439 	DATA 	Keypress: 5
320.1439 	DATA 	TR 206 | TR1 103 | TR2 103
321.7104 	DATA 	Keypress: 5
321.7105 	DATA 	TR 207 | TR1 104 | TR2 103
323.2602 	DATA 	Keypress: 5
323.2603 	DATA 	TR 208 | TR1 104 | TR2 104
324.8434 	DATA 	Keypress: 5
324.8435 	DATA 	TR 209 | TR1 105 | TR2 104
326.3933 	DATA 	Keypress: 5
326.3933 	DATA 	TR 210 | TR1 105 | TR2 105
327.9598 	DATA 	Keypress: 5
327.9599 	DATA 	TR 211 | TR1 106 | TR2 105
329.5096 	DATA 	Keypress: 5
329.5097 	DATA 	TR 212 | TR1 106 | TR2 106
331.0763 	DATA 	Keypress: 5
331.0764 	DATA 	TR 213 | TR1 107 | TR2 106
332.6266 	DATA 	Keypress: 5
332.6427 	DATA 	TR 214 | TR1 107 | TR2 107
334.2093 	DATA 	Keypress: 5
334.2093 	DATA 	TR 215 | TR1 108 | TR2 107
335.7591 	DATA 	Keypress: 5
335.7591 	DATA 	TR 216 | TR1 108 | TR2 108
337.3256 	DATA 	Keypress: 5
337.3257 	DATA 	TR 217 | TR1 109 | TR2 108
338.8755 	DATA 	Keypress: 5
338.8755 	DATA 	TR 218 | TR1 109 | TR2 109
340.0587 	DATA 	
340.0587 	DATA 	Trial complete
340.0587 	DATA 	Waiting for VASO trigger to start next trial
340.0587 	DATA 	
340.4587 	DATA 	Keypress: 5
340.4587 	DATA 	Waited 0.40003514289855957 seconds for trigger
340.4595 	DATA 	
340.4595 	DATA 	Trial 10
340.4595 	DATA 	stimDur = 2.0
340.4595 	DATA 	jitter = 0.785
340.4595 	DATA 	restDur = 14.0

340.4595 	DATA 	
340.4595 	DATA 	TR 219 | TR1 110 | TR2 109
341.2585 	DATA 	
341.2586 	DATA 	stimulation started
341.2586 	DATA 	
342.0087 	DATA 	Keypress: 5
342.0087 	DATA 	TR 220 | TR1 110 | TR2 110
343.2584 	DATA 	
343.2584 	DATA 	stimulation stopped
343.2584 	DATA 	
343.5750 	DATA 	Keypress: 5
343.5751 	DATA 	TR 221 | TR1 111 | TR2 110
345.1249 	DATA 	Keypress: 5
345.1250 	DATA 	TR 222 | TR1 111 | TR2 111
346.6920 	DATA 	Keypress: 5
346.7081 	DATA 	TR 223 | TR1 112 | TR2 111
348.2580 	DATA 	Keypress: 5
348.2581 	DATA 	TR 224 | TR1 112 | TR2 112
349.8245 	DATA 	Keypress: 5
349.8245 	DATA 	TR 225 | TR1 113 | TR2 112
351.3743 	DATA 	Keypress: 5
351.3744 	DATA 	TR 226 | TR1 113 | TR2 113
352.9409 	DATA 	Keypress: 5
352.9409 	DATA 	TR 227 | TR1 114 | TR2 113
354.4907 	DATA 	Keypress: 5
354.4907 	DATA 	TR 228 | TR1 114 | TR2 114
356.0739 	DATA 	Keypress: 5
356.0740 	DATA 	TR 229 | TR1 115 | TR2 114
357.2571 	DATA 	
357.2571 	DATA 	Trial complete
357.2571 	DATA 	Waiting for VASO trigger to start next trial
357.2571 	DATA 	
357.6238 	DATA 	Keypress: 5
357.6239 	DATA 	TR 230 | TR1 115 | TR2 115
359.1903 	DATA 	Keypress: 5
359.1903 	DATA 	Waited 1.9331879615783691 seconds for trigger
359.1911 	DATA 	
359.1911 	DATA 	Trial 11
359.1911 	DATA 	stimDur = 4.0
359.1911 	DATA 	jitter = 0.785
359.1911 	DATA 	restDur = 16.0

359.1911 	DATA 	
359.1911 	DATA 	TR 231 | TR1 116 | TR2 115
359.9902 	DATA 	
359.9902 	DATA 	stimulation started
359.9902 	DATA 	
360.7402 	DATA 	Keypress: 5
360.7402 	DATA 	TR 232 | TR1 116 | TR2 116
362.3234 	DATA 	Keypress: 5
362.3234 	DATA 	TR 233 | TR1 117 | TR2 116
363.8733 	DATA 	Keypress: 5
363.8733 	DATA 	TR 234 | TR1 117 | TR2 117
363.9899 	DATA 	
363.9899 	DATA 	stimulation stopped
363.9899 	DATA 	
365.4397 	DATA 	Keypress: 5
365.4398 	DATA 	TR 235 | TR1 118 | TR2 117
366.9896 	DATA 	Keypress: 5
366.9896 	DATA 	TR 236 | TR1 118 | TR2 118
368.5561 	DATA 	Keypress: 5
368.5561 	DATA 	TR 237 | TR1 119 | TR2 118
370.1066 	DATA 	Keypress: 5
370.1226 	DATA 	TR 238 | TR1 119 | TR2 119
371.6891 	DATA 	Keypress: 5
371.6892 	DATA 	TR 239 | TR1 120 | TR2 119
373.2390 	DATA 	Keypress: 5
373.2391 	DATA 	TR 240 | TR1 120 | TR2 120
374.8055 	DATA 	Keypress: 5
374.8056 	DATA 	TR 241 | TR1 121 | TR2 120
376.3554 	DATA 	Keypress: 5
376.3554 	DATA 	TR 242 | TR1 121 | TR2 121
377.4553 	DATA 	Target presented
377.9386 	DATA 	Keypress: 5
377.9386 	DATA 	TR 243 | TR1 122 | TR2 121
377.9885 	DATA 	Keypress: 1
377.9886 	DATA 	Key1 pressed
377.9886 	DATA 	Target detected
379.4883 	DATA 	Keypress: 5
379.4883 	DATA 	TR 244 | TR1 122 | TR2 122
379.9883 	DATA 	
379.9883 	DATA 	Trial complete
379.9883 	DATA 	Waiting for VASO trigger to start next trial
379.9883 	DATA 	
381.0550 	DATA 	Keypress: 5
381.0550 	DATA 	Waited 1.066669225692749 seconds for trigger
381.0558 	DATA 	
381.0558 	DATA 	Trial 12
381.0558 	DATA 	stimDur = 2.0
381.0558 	DATA 	jitter = 0.0
381.0558 	DATA 	restDur = 14.0

381.0558 	DATA 	
381.0558 	DATA 	TR 245 | TR1 123 | TR2 122
381.0558 	DATA 	
381.0558 	DATA 	stimulation started
381.0558 	DATA 	
382.6049 	DATA 	Keypress: 5
382.6049 	DATA 	TR 246 | TR1 123 | TR2 123
383.0715 	DATA 	
383.0715 	DATA 	stimulation stopped
383.0715 	DATA 	
384.1713 	DATA 	Keypress: 5
384.1714 	DATA 	TR 247 | TR1 124 | TR2 123
385.7379 	DATA 	Keypress: 5
385.7379 	DATA 	TR 248 | TR1 124 | TR2 124
387.3044 	DATA 	Keypress: 5
387.3044 	DATA 	TR 249 | TR1 125 | TR2 124
388.8543 	DATA 	Keypress: 5
388.8543 	DATA 	TR 250 | TR1 125 | TR2 125
390.4208 	DATA 	Keypress: 5
390.4208 	DATA 	TR 251 | TR1 126 | TR2 125
391.9707 	DATA 	Keypress: 5
391.9707 	DATA 	TR 252 | TR1 126 | TR2 126
393.5538 	DATA 	Keypress: 5
393.5539 	DATA 	TR 253 | TR1 127 | TR2 126
395.1037 	DATA 	Keypress: 5
395.1037 	DATA 	TR 254 | TR1 127 | TR2 127
396.6702 	DATA 	Keypress: 5
396.6702 	DATA 	TR 255 | TR1 128 | TR2 127
397.0701 	DATA 	
397.0701 	DATA 	Trial complete
397.0702 	DATA 	Waiting for VASO trigger to start next trial
397.0702 	DATA 	
398.2201 	DATA 	Keypress: 5
398.2202 	DATA 	TR 256 | TR1 128 | TR2 128
399.8032 	DATA 	Keypress: 5
399.8033 	DATA 	Waited 2.733121871948242 seconds for trigger
399.8040 	DATA 	
399.8040 	DATA 	Trial 13
399.8040 	DATA 	stimDur = 4.0
399.8041 	DATA 	jitter = 1.57
399.8041 	DATA 	restDur = 16.0

399.8041 	DATA 	
399.8041 	DATA 	TR 257 | TR1 129 | TR2 128
401.3531 	DATA 	Keypress: 5
401.3532 	DATA 	TR 258 | TR1 129 | TR2 129
401.3864 	DATA 	
401.3864 	DATA 	stimulation started
401.3864 	DATA 	
402.9197 	DATA 	Keypress: 5
402.9197 	DATA 	TR 259 | TR1 130 | TR2 129
404.4695 	DATA 	Keypress: 5
404.4696 	DATA 	TR 260 | TR1 130 | TR2 130
405.3861 	DATA 	
405.3861 	DATA 	stimulation stopped
405.3861 	DATA 	
406.0360 	DATA 	Keypress: 5
406.0360 	DATA 	TR 261 | TR1 131 | TR2 130
407.5865 	DATA 	Keypress: 5
407.6025 	DATA 	TR 262 | TR1 131 | TR2 131
409.1691 	DATA 	Keypress: 5
409.1692 	DATA 	TR 263 | TR1 132 | TR2 131
410.7189 	DATA 	Keypress: 5
410.7190 	DATA 	TR 264 | TR1 132 | TR2 132
412.2854 	DATA 	Keypress: 5
412.2855 	DATA 	TR 265 | TR1 133 | TR2 132
413.8353 	DATA 	Keypress: 5
413.8353 	DATA 	TR 266 | TR1 133 | TR2 133
415.4185 	DATA 	Keypress: 5
415.4185 	DATA 	TR 267 | TR1 134 | TR2 133
416.9684 	DATA 	Keypress: 5
416.9684 	DATA 	TR 268 | TR1 134 | TR2 134
418.5349 	DATA 	Keypress: 5
418.5349 	DATA 	TR 269 | TR1 135 | TR2 134
420.0848 	DATA 	Keypress: 5
420.0848 	DATA 	TR 270 | TR1 135 | TR2 135
421.3846 	DATA 	
421.3846 	DATA 	Trial complete
421.3846 	DATA 	Waiting for VASO trigger to start next trial
421.3846 	DATA 	
421.6518 	DATA 	Keypress: 5
421.6679 	DATA 	Waited 0.28323984146118164 seconds for trigger
421.6686 	DATA 	
421.6686 	DATA 	Trial 14
421.6686 	DATA 	stimDur = 12.0
421.6686 	DATA 	jitter = 0.785
421.6686 	DATA 	restDur = 20.0

421.6686 	DATA 	
421.6686 	DATA 	TR 271 | TR1 136 | TR2 135
422.4678 	DATA 	
422.4678 	DATA 	stimulation started
422.4678 	DATA 	
423.2179 	DATA 	Keypress: 5
423.2179 	DATA 	TR 272 | TR1 136 | TR2 136
424.7844 	DATA 	Keypress: 5
424.7844 	DATA 	TR 273 | TR1 137 | TR2 136
426.3342 	DATA 	Keypress: 5
426.3343 	DATA 	TR 274 | TR1 137 | TR2 137
427.9007 	DATA 	Keypress: 5
427.9008 	DATA 	TR 275 | TR1 138 | TR2 137
429.4507 	DATA 	Keypress: 5
429.4507 	DATA 	TR 276 | TR1 138 | TR2 138
431.0339 	DATA 	Keypress: 5
431.0340 	DATA 	TR 277 | TR1 139 | TR2 138
432.5837 	DATA 	Keypress: 5
432.5837 	DATA 	TR 278 | TR1 139 | TR2 139
434.1502 	DATA 	Keypress: 5
434.1502 	DATA 	TR 279 | TR1 140 | TR2 139
434.4668 	DATA 	
434.4668 	DATA 	stimulation stopped
434.4668 	DATA 	
435.7000 	DATA 	Keypress: 5
435.7001 	DATA 	TR 280 | TR1 140 | TR2 140
437.2830 	DATA 	Keypress: 5
437.2831 	DATA 	TR 281 | TR1 141 | TR2 140
438.8330 	DATA 	Keypress: 5
438.8331 	DATA 	TR 282 | TR1 141 | TR2 141
440.3995 	DATA 	Keypress: 5
440.3996 	DATA 	TR 283 | TR1 142 | TR2 141
441.9494 	DATA 	Keypress: 5
441.9495 	DATA 	TR 284 | TR1 142 | TR2 142
443.5161 	DATA 	Target presented
443.5167 	DATA 	Keypress: 5
443.5326 	DATA 	TR 285 | TR1 143 | TR2 142
444.0824 	DATA 	Keypress: 1
444.0825 	DATA 	Key1 pressed
444.0825 	DATA 	Target detected
445.0825 	DATA 	Keypress: 5
445.0825 	DATA 	TR 286 | TR1 143 | TR2 143
446.6490 	DATA 	Keypress: 5
446.6490 	DATA 	TR 287 | TR1 144 | TR2 143
448.1989 	DATA 	Keypress: 5
448.1989 	DATA 	TR 288 | TR1 144 | TR2 144
449.7653 	DATA 	Keypress: 5
449.7654 	DATA 	TR 289 | TR1 145 | TR2 144
451.3152 	DATA 	Keypress: 5
451.3153 	DATA 	TR 290 | TR1 145 | TR2 145
452.8984 	DATA 	Keypress: 5
452.8984 	DATA 	TR 291 | TR1 146 | TR2 145
454.4483 	DATA 	Keypress: 5
454.4483 	DATA 	TR 292 | TR1 146 | TR2 146
454.4649 	DATA 	
454.4649 	DATA 	Trial complete
454.4650 	DATA 	Waiting for VASO trigger to start next trial
454.4650 	DATA 	
456.0148 	DATA 	Keypress: 5
456.0148 	DATA 	Waited 1.5498621463775635 seconds for trigger
456.0156 	DATA 	
456.0156 	DATA 	Trial 15
456.0156 	DATA 	stimDur = 12.0
456.0156 	DATA 	jitter = 1.57
456.0156 	DATA 	restDur = 20.0

456.0156 	DATA 	
456.0156 	DATA 	TR 293 | TR1 147 | TR2 146
457.5647 	DATA 	Keypress: 5
457.5647 	DATA 	TR 294 | TR1 147 | TR2 147
457.5980 	DATA 	
457.5980 	DATA 	stimulation started
457.5980 	DATA 	
459.1479 	DATA 	Keypress: 5
459.1479 	DATA 	TR 295 | TR1 148 | TR2 147
460.6978 	DATA 	Keypress: 5
460.6978 	DATA 	TR 296 | TR1 148 | TR2 148
462.2643 	DATA 	Keypress: 5
462.2643 	DATA 	TR 297 | TR1 149 | TR2 148
463.8142 	DATA 	Keypress: 5
463.8142 	DATA 	TR 298 | TR1 149 | TR2 149
465.3808 	DATA 	Keypress: 5
465.3808 	DATA 	TR 299 | TR1 150 | TR2 149
466.9313 	DATA 	Keypress: 5
466.9471 	DATA 	TR 300 | TR1 150 | TR2 150
468.5137 	DATA 	Keypress: 5
468.5137 	DATA 	TR 301 | TR1 151 | TR2 150
469.5969 	DATA 	
469.5969 	DATA 	stimulation stopped
469.5969 	DATA 	
470.0635 	DATA 	Keypress: 5
470.0636 	DATA 	TR 302 | TR1 151 | TR2 151
471.6300 	DATA 	Keypress: 5
471.6301 	DATA 	TR 303 | TR1 152 | TR2 151
473.1799 	DATA 	Keypress: 5
473.1799 	DATA 	TR 304 | TR1 152 | TR2 152
474.7631 	DATA 	Keypress: 5
474.7631 	DATA 	TR 305 | TR1 153 | TR2 152
476.3130 	DATA 	Keypress: 5
476.3130 	DATA 	TR 306 | TR1 153 | TR2 153
477.8795 	DATA 	Keypress: 5
477.8795 	DATA 	TR 307 | TR1 154 | TR2 153
479.4296 	DATA 	Keypress: 5
479.4296 	DATA 	TR 308 | TR1 154 | TR2 154
480.9964 	DATA 	Keypress: 5
481.0125 	DATA 	TR 309 | TR1 155 | TR2 154
482.5624 	DATA 	Keypress: 5
482.5624 	DATA 	TR 310 | TR1 155 | TR2 155
484.1289 	DATA 	Keypress: 5
484.1289 	DATA 	TR 311 | TR1 156 | TR2 155
485.6788 	DATA 	Keypress: 5
485.6788 	DATA 	TR 312 | TR1 156 | TR2 156
487.2453 	DATA 	Keypress: 5
487.2453 	DATA 	TR 313 | TR1 157 | TR2 156
488.7951 	DATA 	Keypress: 5
488.7952 	DATA 	TR 314 | TR1 157 | TR2 157
489.5950 	DATA 	
489.5950 	DATA 	Trial complete
489.5951 	DATA 	Waiting for VASO trigger to start next trial
489.5951 	DATA 	
490.3783 	DATA 	Keypress: 5
490.3784 	DATA 	Waited 0.7833139896392822 seconds for trigger
490.3791 	DATA 	
490.3791 	DATA 	Trial 16
490.3792 	DATA 	stimDur = 2.0
490.3792 	DATA 	jitter = 1.57
490.3792 	DATA 	restDur = 14.0

490.3792 	DATA 	
490.3792 	DATA 	TR 315 | TR1 158 | TR2 157
491.9282 	DATA 	Keypress: 5
491.9283 	DATA 	TR 316 | TR1 158 | TR2 158
491.9616 	DATA 	
491.9616 	DATA 	stimulation started
491.9616 	DATA 	
493.4947 	DATA 	Keypress: 5
493.4948 	DATA 	TR 317 | TR1 159 | TR2 158
493.9613 	DATA 	
493.9614 	DATA 	stimulation stopped
493.9614 	DATA 	
495.0446 	DATA 	Keypress: 5
495.0446 	DATA 	TR 318 | TR1 159 | TR2 159
496.6278 	DATA 	Keypress: 5
496.6278 	DATA 	TR 319 | TR1 160 | TR2 159
498.1777 	DATA 	Keypress: 5
498.1777 	DATA 	TR 320 | TR1 160 | TR2 160
499.7442 	DATA 	Keypress: 5
499.7442 	DATA 	TR 321 | TR1 161 | TR2 160
501.2940 	DATA 	Keypress: 5
501.2941 	DATA 	TR 322 | TR1 161 | TR2 161
502.8605 	DATA 	Keypress: 5
502.8605 	DATA 	TR 323 | TR1 162 | TR2 161
504.4270 	DATA 	Keypress: 5
504.4271 	DATA 	TR 324 | TR1 162 | TR2 162
505.9936 	DATA 	Keypress: 5
505.9936 	DATA 	TR 325 | TR1 163 | TR2 162
507.5434 	DATA 	Keypress: 5
507.5434 	DATA 	TR 326 | TR1 163 | TR2 163
507.9600 	DATA 	
507.9601 	DATA 	Trial complete
507.9601 	DATA 	Waiting for VASO trigger to start next trial
507.9601 	DATA 	
509.1099 	DATA 	Keypress: 5
509.1099 	DATA 	Waited 1.1498258113861084 seconds for trigger
509.1107 	DATA 	
509.1107 	DATA 	Trial 17
509.1107 	DATA 	stimDur = 2.0
509.1107 	DATA 	jitter = 2.355
509.1107 	DATA 	restDur = 14.0

509.1107 	DATA 	
509.1107 	DATA 	TR 327 | TR1 164 | TR2 163
509.6599 	DATA 	Target presented
510.1599 	DATA 	Keypress: 1
510.1600 	DATA 	Key1 pressed
510.1600 	DATA 	Target detected
510.6598 	DATA 	Keypress: 5
510.6598 	DATA 	TR 328 | TR1 164 | TR2 164
511.4764 	DATA 	
511.4764 	DATA 	stimulation started
511.4764 	DATA 	
512.2431 	DATA 	Keypress: 5
512.2431 	DATA 	TR 329 | TR1 165 | TR2 164
513.4763 	DATA 	
513.4763 	DATA 	stimulation stopped
513.4763 	DATA 	
513.7929 	DATA 	Keypress: 5
513.7929 	DATA 	TR 330 | TR1 165 | TR2 165
515.3594 	DATA 	Keypress: 5
515.3594 	DATA 	TR 331 | TR1 166 | TR2 165
516.9093 	DATA 	Keypress: 5
516.9093 	DATA 	TR 332 | TR1 166 | TR2 166
518.4763 	DATA 	Keypress: 5
518.4924 	DATA 	TR 333 | TR1 167 | TR2 166
520.0423 	DATA 	Keypress: 5
520.0424 	DATA 	TR 334 | TR1 167 | TR2 167
521.6088 	DATA 	Keypress: 5
521.6089 	DATA 	TR 335 | TR1 168 | TR2 167
523.1587 	DATA 	Keypress: 5
523.1587 	DATA 	TR 336 | TR1 168 | TR2 168
524.7252 	DATA 	Keypress: 5
524.7253 	DATA 	TR 337 | TR1 169 | TR2 168
526.2751 	DATA 	Keypress: 5
526.2751 	DATA 	TR 338 | TR1 169 | TR2 169
527.4745 	DATA 	
527.4745 	DATA 	Trial complete
527.4746 	DATA 	Waiting for VASO trigger to start next trial
527.4746 	DATA 	
527.8579 	DATA 	Keypress: 5
527.8579 	DATA 	Waited 0.38338398933410645 seconds for trigger
527.8587 	DATA 	
527.8587 	DATA 	Trial 18
527.8587 	DATA 	stimDur = 1.0
527.8588 	DATA 	jitter = 1.57
527.8588 	DATA 	restDur = 12.0

527.8588 	DATA 	
527.8588 	DATA 	TR 339 | TR1 170 | TR2 169
529.4081 	DATA 	Keypress: 5
529.4082 	DATA 	TR 340 | TR1 170 | TR2 170
529.4415 	DATA 	
529.4415 	DATA 	stimulation started
529.4415 	DATA 	
530.4413 	DATA 	
530.4413 	DATA 	stimulation stopped
530.4413 	DATA 	
530.9746 	DATA 	Keypress: 5
530.9747 	DATA 	TR 341 | TR1 171 | TR2 170
532.5244 	DATA 	Keypress: 5
532.5245 	DATA 	TR 342 | TR1 171 | TR2 171
534.1077 	DATA 	Keypress: 5
534.1077 	DATA 	TR 343 | TR1 172 | TR2 171
535.6576 	DATA 	Keypress: 5
535.6577 	DATA 	TR 344 | TR1 172 | TR2 172
537.2241 	DATA 	Keypress: 5
537.2242 	DATA 	TR 345 | TR1 173 | TR2 172
538.7739 	DATA 	Keypress: 5
538.7740 	DATA 	TR 346 | TR1 173 | TR2 173
540.3409 	DATA 	Keypress: 5
540.3410 	DATA 	TR 347 | TR1 174 | TR2 173
541.8909 	DATA 	Keypress: 5
541.9069 	DATA 	TR 348 | TR1 174 | TR2 174
542.4402 	DATA 	
542.4402 	DATA 	Trial complete
542.4402 	DATA 	Waiting for VASO trigger to start next trial
542.4402 	DATA 	
543.4735 	DATA 	Keypress: 5
543.4736 	DATA 	Waited 1.033346176147461 seconds for trigger
543.4743 	DATA 	
543.4744 	DATA 	Trial 19
543.4744 	DATA 	stimDur = 12.0
543.4744 	DATA 	jitter = 0.0
543.4744 	DATA 	restDur = 20.0

543.4744 	DATA 	
543.4744 	DATA 	TR 349 | TR1 175 | TR2 174
543.4744 	DATA 	
543.4744 	DATA 	stimulation started
543.4744 	DATA 	
545.0234 	DATA 	Keypress: 5
545.0235 	DATA 	TR 350 | TR1 175 | TR2 175
546.5899 	DATA 	Keypress: 5
546.5900 	DATA 	TR 351 | TR1 176 | TR2 175
548.1398 	DATA 	Keypress: 5
548.1398 	DATA 	TR 352 | TR1 176 | TR2 176
549.7230 	DATA 	Keypress: 5
549.7230 	DATA 	TR 353 | TR1 177 | TR2 176
551.2729 	DATA 	Keypress: 5
551.2729 	DATA 	TR 354 | TR1 177 | TR2 177
552.8394 	DATA 	Keypress: 5
552.8394 	DATA 	TR 355 | TR1 178 | TR2 177
554.3892 	DATA 	Keypress: 5
554.3893 	DATA 	TR 356 | TR1 178 | TR2 178
555.4891 	DATA 	
555.4891 	DATA 	stimulation stopped
555.4891 	DATA 	
555.9724 	DATA 	Keypress: 5
555.9724 	DATA 	TR 357 | TR1 179 | TR2 178
557.5222 	DATA 	Keypress: 5
557.5223 	DATA 	TR 358 | TR1 179 | TR2 179
559.0887 	DATA 	Keypress: 5
559.0888 	DATA 	TR 359 | TR1 180 | TR2 179
560.6386 	DATA 	Keypress: 5
560.6386 	DATA 	TR 360 | TR1 180 | TR2 180
562.2051 	DATA 	Keypress: 5
562.2052 	DATA 	TR 361 | TR1 181 | TR2 180
563.7550 	DATA 	Keypress: 5
563.7550 	DATA 	TR 362 | TR1 181 | TR2 181
565.3382 	DATA 	Keypress: 5
565.3382 	DATA 	TR 363 | TR1 182 | TR2 181
566.8880 	DATA 	Keypress: 5
566.8881 	DATA 	TR 364 | TR1 182 | TR2 182
568.4546 	DATA 	Keypress: 5
568.4546 	DATA 	TR 365 | TR1 183 | TR2 182
570.0044 	DATA 	Keypress: 5
570.0044 	DATA 	TR 366 | TR1 183 | TR2 183
571.5876 	DATA 	Keypress: 5
571.5877 	DATA 	TR 367 | TR1 184 | TR2 183
573.1374 	DATA 	Keypress: 5
573.1375 	DATA 	TR 368 | TR1 184 | TR2 184
574.7040 	DATA 	Keypress: 5
574.7040 	DATA 	TR 369 | TR1 185 | TR2 184
575.4872 	DATA 	
575.4872 	DATA 	Trial complete
575.4872 	DATA 	
576.2538 	DATA 	Keypress: 5
576.2539 	DATA 	TR 370 | TR1 185 | TR2 185
577.8203 	DATA 	Keypress: 5
577.8203 	DATA 	Waited 35.38008117675781 seconds for trigger
577.8211 	DATA 	
577.8211 	DATA 	Trial 20
577.8211 	DATA 	stimDur = 4.0
577.8211 	DATA 	jitter = 2.355
577.8211 	DATA 	restDur = 16.0

577.8211 	DATA 	
577.8211 	DATA 	TR 371 | TR1 186 | TR2 185
579.3869 	DATA 	Keypress: 5
579.3869 	DATA 	TR 372 | TR1 186 | TR2 186
580.1868 	DATA 	
580.1868 	DATA 	stimulation started
580.1868 	DATA 	
580.9535 	DATA 	Keypress: 5
580.9535 	DATA 	TR 373 | TR1 187 | TR2 186
582.5033 	DATA 	Keypress: 5
582.5034 	DATA 	TR 374 | TR1 187 | TR2 187
584.0699 	DATA 	Keypress: 5
584.0699 	DATA 	TR 375 | TR1 188 | TR2 187
584.1865 	DATA 	
584.1865 	DATA 	stimulation stopped
584.1865 	DATA 	
585.6197 	DATA 	Keypress: 5
585.6197 	DATA 	TR 376 | TR1 188 | TR2 188
587.2028 	DATA 	Keypress: 5
587.2029 	DATA 	TR 377 | TR1 189 | TR2 188
588.7527 	DATA 	Keypress: 5
588.7527 	DATA 	TR 378 | TR1 189 | TR2 189
589.0360 	DATA 	Target presented
589.4693 	DATA 	Keypress: 1
589.4694 	DATA 	Key1 pressed
589.4694 	DATA 	Target detected
590.3192 	DATA 	Keypress: 5
590.3193 	DATA 	TR 379 | TR1 190 | TR2 189
591.8691 	DATA 	Keypress: 5
591.8691 	DATA 	TR 380 | TR1 190 | TR2 190
593.4523 	DATA 	Keypress: 5
593.4523 	DATA 	TR 381 | TR1 191 | TR2 190
595.0021 	DATA 	Keypress: 5
595.0022 	DATA 	TR 382 | TR1 191 | TR2 191
596.5687 	DATA 	Keypress: 5
596.5688 	DATA 	TR 383 | TR1 192 | TR2 191
598.1185 	DATA 	Keypress: 5
598.1185 	DATA 	TR 384 | TR1 192 | TR2 192
599.6851 	DATA 	Keypress: 5
599.6851 	DATA 	TR 385 | TR1 193 | TR2 192
600.1849 	DATA 	
600.1850 	DATA 	Trial complete
600.1850 	DATA 	
601.2355 	DATA 	Keypress: 5
601.2515 	DATA 	TR 386 | TR1 193 | TR2 193
602.8181 	DATA 	Keypress: 5
602.8182 	DATA 	TR 387 | TR1 194 | TR2 193
604.3679 	DATA 	Keypress: 5
604.3680 	DATA 	TR 388 | TR1 194 | TR2 194
605.9345 	DATA 	Keypress: 5
605.9345 	DATA 	TR 389 | TR1 195 | TR2 194
607.4843 	DATA 	Keypress: 5
607.4844 	DATA 	TR 390 | TR1 195 | TR2 195
609.0677 	DATA 	Keypress: 5
609.0677 	DATA 	TR 391 | TR1 196 | TR2 195
610.6174 	DATA 	Keypress: 5
610.6174 	DATA 	TR 392 | TR1 196 | TR2 196
612.1839 	DATA 	Keypress: 5
612.1840 	DATA 	TR 393 | TR1 197 | TR2 196
613.7338 	DATA 	Keypress: 5
613.7338 	DATA 	TR 394 | TR1 197 | TR2 197
615.3003 	DATA 	Keypress: 5
615.3004 	DATA 	TR 395 | TR1 198 | TR2 197
616.8668 	DATA 	Keypress: 5
616.8668 	DATA 	TR 396 | TR1 198 | TR2 198
618.4334 	DATA 	Keypress: 5
618.4334 	DATA 	TR 397 | TR1 199 | TR2 198
619.9832 	DATA 	Keypress: 5
619.9832 	DATA 	TR 398 | TR1 199 | TR2 199
621.5497 	DATA 	Keypress: 5
621.5498 	DATA 	TR 399 | TR1 200 | TR2 199
623.0995 	DATA 	Keypress: 5
623.0996 	DATA 	TR 400 | TR1 200 | TR2 200
624.6828 	DATA 	Keypress: 5
624.6829 	DATA 	TR 401 | TR1 201 | TR2 200
626.2326 	DATA 	Keypress: 5
626.2327 	DATA 	TR 402 | TR1 201 | TR2 201
627.7992 	DATA 	Keypress: 5
627.7992 	DATA 	TR 403 | TR1 202 | TR2 201
629.3490 	DATA 	Keypress: 5
629.3490 	DATA 	TR 404 | TR1 202 | TR2 202
630.9323 	DATA 	Keypress: 5
630.9324 	DATA 	TR 405 | TR1 203 | TR2 202
632.4820 	DATA 	Keypress: 5
632.4821 	DATA 	TR 406 | TR1 203 | TR2 203
634.0486 	DATA 	Keypress: 5
634.0486 	DATA 	TR 407 | TR1 204 | TR2 203
635.5984 	DATA 	Keypress: 5
635.5985 	DATA 	TR 408 | TR1 204 | TR2 204
637.1650 	DATA 	Keypress: 5
637.1651 	DATA 	TR 409 | TR1 205 | TR2 204
638.7315 	DATA 	Keypress: 5
638.7315 	DATA 	TR 410 | TR1 205 | TR2 205
640.2982 	DATA 	Keypress: 5
640.2982 	DATA 	TR 411 | TR1 206 | TR2 205
641.8478 	DATA 	Keypress: 5
641.8479 	DATA 	TR 412 | TR1 206 | TR2 206
643.4144 	DATA 	Keypress: 5
643.4144 	DATA 	TR 413 | TR1 207 | TR2 206
644.9642 	DATA 	Keypress: 5
644.9643 	DATA 	TR 414 | TR1 207 | TR2 207
646.5475 	DATA 	Keypress: 5
646.5475 	DATA 	TR 415 | TR1 208 | TR2 207
648.0973 	DATA 	Keypress: 5
648.0973 	DATA 	TR 416 | TR1 208 | TR2 208
649.6638 	DATA 	Keypress: 5
649.6639 	DATA 	TR 417 | TR1 209 | TR2 208
651.2139 	DATA 	Keypress: 5
651.2139 	DATA 	TR 418 | TR1 209 | TR2 209
652.7808 	DATA 	Keypress: 5
652.7968 	DATA 	TR 419 | TR1 210 | TR2 209
654.3467 	DATA 	Keypress: 5
654.3467 	DATA 	TR 420 | TR1 210 | TR2 210
655.9133 	DATA 	Keypress: 5
655.9134 	DATA 	TR 421 | TR1 211 | TR2 210
657.4628 	DATA 	Keypress: 5
657.4629 	DATA 	TR 422 | TR1 211 | TR2 211
659.0294 	DATA 	Keypress: 5
659.0294 	DATA 	TR 423 | TR1 212 | TR2 211
660.5795 	DATA 	Keypress: 5
660.5795 	DATA 	TR 424 | TR1 212 | TR2 212
662.1627 	DATA 	Keypress: 5
662.1628 	DATA 	TR 425 | TR1 213 | TR2 212
663.0126 	DATA 	EndOfRun sub-06_ses-01_run-06

663.0126 	DATA 	We spent 63.44910430908203 seconds waiting for triggers
663.0126 	DATA 	RatioOfDetectedTargets 1.0
663.0126 	DATA 	You have detected 9 out of 9 targets.
667.8323 	DATA 	Keypress: 5
668.0833 	EXP 	window1: mouseVisible = True
