MonitorDistance=99cm
MonitorWidth=30cm
PixelWidth=1024.0
PixelHeight=768.0
You have detected 8 out of 9 targets.
Well done! Keep up the good work
6.4026 	INFO 	Loaded monitor calibration from ['2021_05_26 17:55']
6.9644 	EXP 	Created window1 = Window(allowGUI=False, allowStencil=False, autoLog=True, backendConf=UNKNOWN, bitsMode=UNKNOWN, blendMode='avg', bpc=(8, 8, 8), color=array([-0.5, -0.5, -0.5]), colorSpace='rgb', depthBits=8, fullscr=<method-wrapper '__getattribute__' of attributeSetter object at 0x7f3b53d6c240>, gamma=None, gammaErrorPolicy='raise', lms=UNKNOWN, monitor=<psychopy.monitors.calibTools.Monitor object at 0x7f3b49b93c50>, multiSample=False, name='window1', numSamples=2, pos=[0.0, 0.0], screen=0, size=array([1024,  768]), stencilBits=0, stereo=False, units='deg', useFBO=False, useRetina=False, viewOri=0.0, viewPos=None, viewScale=None, waitBlanking=True, winType='pyglet')
6.9645 	EXP 	window1: mouseVisible = True
7.0606 	EXP 	Created unnamed TextStim = TextStim(__class__=<class 'psychopy.visual.text.TextStim'>, alignHoriz=method-wrapper(...), alignText='center', alignVert=method-wrapper(...), anchorHoriz='center', anchorVert='center', antialias=True, autoLog=True, bold=False, color=array([1., 1., 1.]), colorSpace='rgb', contrast=1.0, depth=0, flipHoriz=False, flipVert=False, font='', fontFiles=[], height=0.5, italic=False, languageStyle='LTR', name='unnamed TextStim', opacity=1.0, ori=0.0, pos=array([0., 0.]), rgb=UNKNOWN, text=str(...), units='deg', win=Window(...), wrapWidth=15.0)
7.0949 	EXP 	Created Movie Frame 0 = ImageStim(__class__=<class 'psychopy.visual.image.ImageStim'>, autoLog=True, color=array([0.8, 0.8, 0.8]), colorSpace='rgb', contrast=0.8, depth=0, flipHoriz=False, flipVert=False, image='visual_0.png', interpolate=False, mask=None, maskParams=None, name='Movie Frame 0', opacity=1, ori=0.0, pos=array([0., 0.]), size=array([1024,  768]), texRes=128, units='pix', win=Window(...))
7.1231 	EXP 	Created Movie Frame 1 = ImageStim(__class__=<class 'psychopy.visual.image.ImageStim'>, autoLog=True, color=array([0.8, 0.8, 0.8]), colorSpace='rgb', contrast=0.8, depth=0, flipHoriz=False, flipVert=False, image='visual_1.png', interpolate=False, mask=None, maskParams=None, name='Movie Frame 1', opacity=1, ori=0.0, pos=array([0., 0.]), size=array([1024,  768]), texRes=128, units='pix', win=Window(...))
44.7051 	DATA 	Keypress: 5
0.0000 	DATA 	StartOfRun sub-06_ses-01_run-01
0.0000 	DATA 	TR 1 | TR1 1 | TR2 0
0.0200 	DATA 	Initial baseline

1.5500 	DATA 	Keypress: 5
1.5500 	DATA 	TR 2 | TR1 1 | TR2 1
3.1223 	DATA 	Keypress: 5
3.1223 	DATA 	TR 3 | TR1 2 | TR2 1
4.6733 	DATA 	Keypress: 5
4.6734 	DATA 	TR 4 | TR1 2 | TR2 2
6.2457 	DATA 	Keypress: 5
6.2457 	DATA 	TR 5 | TR1 3 | TR2 2
7.7969 	DATA 	Keypress: 5
7.7969 	DATA 	TR 6 | TR1 3 | TR2 3
9.3690 	DATA 	Keypress: 5
9.3691 	DATA 	TR 7 | TR1 4 | TR2 3
10.9202 	DATA 	Keypress: 5
10.9203 	DATA 	TR 8 | TR1 4 | TR2 4
12.4926 	DATA 	Keypress: 5
12.4927 	DATA 	TR 9 | TR1 5 | TR2 4
14.0437 	DATA 	Keypress: 5
14.0438 	DATA 	TR 10 | TR1 5 | TR2 5
15.6158 	DATA 	Keypress: 5
15.6159 	DATA 	TR 11 | TR1 6 | TR2 5
17.1670 	DATA 	Keypress: 5
17.1671 	DATA 	TR 12 | TR1 6 | TR2 6
18.7391 	DATA 	Keypress: 5
18.7391 	DATA 	TR 13 | TR1 7 | TR2 6
20.2904 	DATA 	Keypress: 5
20.2904 	DATA 	TR 14 | TR1 7 | TR2 7
21.8626 	DATA 	Keypress: 5
21.8627 	DATA 	TR 15 | TR1 8 | TR2 7
23.4138 	DATA 	Keypress: 5
23.4138 	DATA 	TR 16 | TR1 8 | TR2 8
24.9860 	DATA 	Keypress: 5
24.9860 	DATA 	TR 17 | TR1 9 | TR2 8
26.5372 	DATA 	Keypress: 5
26.5372 	DATA 	TR 18 | TR1 9 | TR2 9
28.1084 	DATA 	Keypress: 5
28.1084 	DATA 	TR 19 | TR1 10 | TR2 9
29.6606 	DATA 	Keypress: 5
29.6606 	DATA 	TR 20 | TR1 10 | TR2 10
31.2344 	DATA 	Keypress: 5
31.2345 	DATA 	Waited 1.2344930171966553 seconds for trigger
31.2390 	DATA 	
31.2390 	DATA 	Trial 1
31.2390 	DATA 	stimDur = 1.0
31.2390 	DATA 	jitter = 0.0
31.2390 	DATA 	restDur = 12.0

31.2390 	DATA 	
31.2390 	DATA 	TR 21 | TR1 11 | TR2 10
31.2390 	DATA 	
31.2390 	DATA 	stimulation started
31.2390 	DATA 	
32.2510 	DATA 	
32.2510 	DATA 	stimulation stopped
32.2510 	DATA 	
32.7842 	DATA 	Keypress: 5
32.7842 	DATA 	TR 22 | TR1 11 | TR2 11
34.3675 	DATA 	Keypress: 5
34.3675 	DATA 	TR 23 | TR1 12 | TR2 11
35.9174 	DATA 	Keypress: 5
35.9174 	DATA 	TR 24 | TR1 12 | TR2 12
37.4838 	DATA 	Keypress: 5
37.4839 	DATA 	TR 25 | TR1 13 | TR2 12
39.0337 	DATA 	Keypress: 5
39.0338 	DATA 	TR 26 | TR1 13 | TR2 13
40.6169 	DATA 	Keypress: 5
40.6170 	DATA 	TR 27 | TR1 14 | TR2 13
42.1669 	DATA 	Keypress: 5
42.1670 	DATA 	TR 28 | TR1 14 | TR2 14
43.7333 	DATA 	Keypress: 5
43.7334 	DATA 	TR 29 | TR1 15 | TR2 14
44.2497 	DATA 	
44.2497 	DATA 	Trial complete
44.2497 	DATA 	Waiting for VASO trigger to start next trial
44.2497 	DATA 	
45.2832 	DATA 	Keypress: 5
45.2832 	DATA 	TR 30 | TR1 15 | TR2 15
46.8497 	DATA 	Keypress: 5
46.8498 	DATA 	Waited 2.600029945373535 seconds for trigger
46.8506 	DATA 	
46.8506 	DATA 	Trial 2
46.8506 	DATA 	stimDur = 24.0
46.8506 	DATA 	jitter = 0.0
46.8506 	DATA 	restDur = 24.0

46.8506 	DATA 	
46.8506 	DATA 	TR 31 | TR1 16 | TR2 15
46.8506 	DATA 	
46.8506 	DATA 	stimulation started
46.8506 	DATA 	
48.4162 	DATA 	Keypress: 5
48.4163 	DATA 	TR 32 | TR1 16 | TR2 16
49.9828 	DATA 	Keypress: 5
49.9828 	DATA 	TR 33 | TR1 17 | TR2 16
51.5327 	DATA 	Keypress: 5
51.5327 	DATA 	TR 34 | TR1 17 | TR2 17
53.0992 	DATA 	Keypress: 5
53.0992 	DATA 	TR 35 | TR1 18 | TR2 17
54.6491 	DATA 	Keypress: 5
54.6491 	DATA 	TR 36 | TR1 18 | TR2 18
56.2322 	DATA 	Keypress: 5
56.2323 	DATA 	TR 37 | TR1 19 | TR2 18
57.7821 	DATA 	Keypress: 5
57.7822 	DATA 	TR 38 | TR1 19 | TR2 19
59.3486 	DATA 	Keypress: 5
59.3487 	DATA 	TR 39 | TR1 20 | TR2 19
60.8985 	DATA 	Keypress: 5
60.8985 	DATA 	TR 40 | TR1 20 | TR2 20
62.4657 	DATA 	Keypress: 5
62.4816 	DATA 	TR 41 | TR1 21 | TR2 20
64.0316 	DATA 	Keypress: 5
64.0316 	DATA 	TR 42 | TR1 21 | TR2 21
65.5982 	DATA 	Keypress: 5
65.5982 	DATA 	TR 43 | TR1 22 | TR2 21
67.1479 	DATA 	Keypress: 5
67.1480 	DATA 	TR 44 | TR1 22 | TR2 22
68.7144 	DATA 	Keypress: 5
68.7144 	DATA 	TR 45 | TR1 23 | TR2 22
70.2643 	DATA 	Keypress: 5
70.2644 	DATA 	TR 46 | TR1 23 | TR2 23
70.8642 	DATA 	
70.8642 	DATA 	stimulation stopped
70.8642 	DATA 	
71.8474 	DATA 	Keypress: 5
71.8475 	DATA 	TR 47 | TR1 24 | TR2 23
73.3973 	DATA 	Keypress: 5
73.3974 	DATA 	TR 48 | TR1 24 | TR2 24
74.9638 	DATA 	Keypress: 5
74.9638 	DATA 	TR 49 | TR1 25 | TR2 24
76.5137 	DATA 	Keypress: 5
76.5137 	DATA 	TR 50 | TR1 25 | TR2 25
78.0969 	DATA 	Keypress: 5
78.0969 	DATA 	TR 51 | TR1 26 | TR2 25
79.6467 	DATA 	Keypress: 5
79.6468 	DATA 	TR 52 | TR1 26 | TR2 26
81.2132 	DATA 	Keypress: 5
81.2133 	DATA 	TR 53 | TR1 27 | TR2 26
82.7631 	DATA 	Keypress: 5
82.7632 	DATA 	TR 54 | TR1 27 | TR2 27
84.3297 	DATA 	Keypress: 5
84.3298 	DATA 	TR 55 | TR1 28 | TR2 27
85.8962 	DATA 	Keypress: 5
85.8963 	DATA 	TR 56 | TR1 28 | TR2 28
87.4627 	DATA 	Keypress: 5
87.4627 	DATA 	TR 57 | TR1 29 | TR2 28
89.0126 	DATA 	Keypress: 5
89.0126 	DATA 	TR 58 | TR1 29 | TR2 29
90.5791 	DATA 	Keypress: 5
90.5791 	DATA 	TR 59 | TR1 30 | TR2 29
92.1290 	DATA 	Keypress: 5
92.1290 	DATA 	TR 60 | TR1 30 | TR2 30
93.7121 	DATA 	Keypress: 5
93.7122 	DATA 	TR 61 | TR1 31 | TR2 30
94.8620 	DATA 	
94.8620 	DATA 	Trial complete
94.8620 	DATA 	Waiting for VASO trigger to start next trial
94.8620 	DATA 	
95.2620 	DATA 	Keypress: 5
95.2620 	DATA 	TR 62 | TR1 31 | TR2 31
96.8285 	DATA 	Keypress: 5
96.8286 	DATA 	Waited 1.9665908813476562 seconds for trigger
96.8294 	DATA 	
96.8294 	DATA 	Trial 3
96.8294 	DATA 	stimDur = 24.0
96.8294 	DATA 	jitter = 2.355
96.8294 	DATA 	restDur = 24.0

96.8294 	DATA 	
96.8294 	DATA 	TR 63 | TR1 32 | TR2 31
98.3784 	DATA 	Keypress: 5
98.3784 	DATA 	TR 64 | TR1 32 | TR2 32
99.1949 	DATA 	
99.1949 	DATA 	stimulation started
99.1949 	DATA 	
99.9616 	DATA 	Keypress: 5
99.9617 	DATA 	TR 65 | TR1 33 | TR2 32
101.5115 	DATA 	Keypress: 5
101.5115 	DATA 	TR 66 | TR1 33 | TR2 33
103.0780 	DATA 	Keypress: 5
103.0780 	DATA 	TR 67 | TR1 34 | TR2 33
104.6279 	DATA 	Keypress: 5
104.6279 	DATA 	TR 68 | TR1 34 | TR2 34
105.7944 	DATA 	Target presented
106.1945 	DATA 	Keypress: 5
106.1945 	DATA 	TR 69 | TR1 35 | TR2 34
107.7450 	DATA 	Keypress: 5
107.7609 	DATA 	TR 70 | TR1 35 | TR2 35
109.3274 	DATA 	Keypress: 5
109.3275 	DATA 	TR 71 | TR1 36 | TR2 35
110.8773 	DATA 	Keypress: 5
110.8774 	DATA 	TR 72 | TR1 36 | TR2 36
112.4438 	DATA 	Keypress: 5
112.4438 	DATA 	TR 73 | TR1 37 | TR2 36
113.9937 	DATA 	Keypress: 5
113.9937 	DATA 	TR 74 | TR1 37 | TR2 37
115.5768 	DATA 	Keypress: 5
115.5769 	DATA 	TR 75 | TR1 38 | TR2 37
117.1267 	DATA 	Keypress: 5
117.1268 	DATA 	TR 76 | TR1 38 | TR2 38
118.6934 	DATA 	Keypress: 5
118.6934 	DATA 	TR 77 | TR1 39 | TR2 38
120.2431 	DATA 	Keypress: 5
120.2432 	DATA 	TR 78 | TR1 39 | TR2 39
121.8103 	DATA 	Keypress: 5
121.8262 	DATA 	TR 79 | TR1 40 | TR2 39
123.1928 	DATA 	
123.1928 	DATA 	stimulation stopped
123.1928 	DATA 	
123.3761 	DATA 	Keypress: 5
123.3762 	DATA 	TR 80 | TR1 40 | TR2 40
124.9426 	DATA 	Keypress: 5
124.9426 	DATA 	TR 81 | TR1 41 | TR2 40
126.4925 	DATA 	Keypress: 5
126.4926 	DATA 	TR 82 | TR1 41 | TR2 41
128.0590 	DATA 	Keypress: 5
128.0590 	DATA 	TR 83 | TR1 42 | TR2 41
129.6089 	DATA 	Keypress: 5
129.6090 	DATA 	TR 84 | TR1 42 | TR2 42
131.1921 	DATA 	Keypress: 5
131.1921 	DATA 	TR 85 | TR1 43 | TR2 42
132.7419 	DATA 	Keypress: 5
132.7420 	DATA 	TR 86 | TR1 43 | TR2 43
134.3084 	DATA 	Keypress: 5
134.3085 	DATA 	TR 87 | TR1 44 | TR2 43
135.8583 	DATA 	Keypress: 5
135.8584 	DATA 	TR 88 | TR1 44 | TR2 44
137.4415 	DATA 	Keypress: 5
137.4415 	DATA 	TR 89 | TR1 45 | TR2 44
138.9914 	DATA 	Keypress: 5
138.9914 	DATA 	TR 90 | TR1 45 | TR2 45
140.5580 	DATA 	Keypress: 5
140.5580 	DATA 	TR 91 | TR1 46 | TR2 45
142.1078 	DATA 	Keypress: 5
142.1078 	DATA 	TR 92 | TR1 46 | TR2 46
143.6744 	DATA 	Keypress: 5
143.6744 	DATA 	TR 93 | TR1 47 | TR2 46
145.2408 	DATA 	Keypress: 5
145.2409 	DATA 	TR 94 | TR1 47 | TR2 47
146.8073 	DATA 	Keypress: 5
146.8073 	DATA 	TR 95 | TR1 48 | TR2 47
147.1906 	DATA 	
147.1906 	DATA 	Trial complete
147.1906 	DATA 	Waiting for VASO trigger to start next trial
147.1906 	DATA 	
148.3572 	DATA 	Keypress: 5
148.3572 	DATA 	TR 96 | TR1 48 | TR2 48
149.9237 	DATA 	Keypress: 5
149.9238 	DATA 	Waited 2.7331790924072266 seconds for trigger
149.9246 	DATA 	
149.9246 	DATA 	Trial 4
149.9246 	DATA 	stimDur = 4.0
149.9246 	DATA 	jitter = 0.0
149.9246 	DATA 	restDur = 16.0

149.9246 	DATA 	
149.9246 	DATA 	TR 97 | TR1 49 | TR2 48
149.9246 	DATA 	
149.9246 	DATA 	stimulation started
149.9246 	DATA 	
151.4736 	DATA 	Keypress: 5
151.4736 	DATA 	TR 98 | TR1 49 | TR2 49
153.0567 	DATA 	Keypress: 5
153.0568 	DATA 	TR 99 | TR1 50 | TR2 49
153.9399 	DATA 	
153.9399 	DATA 	stimulation stopped
153.9399 	DATA 	
154.6062 	DATA 	Keypress: 5
154.6063 	DATA 	TR 100 | TR1 50 | TR2 50
156.1733 	DATA 	Keypress: 5
156.1733 	DATA 	TR 101 | TR1 51 | TR2 50
157.7229 	DATA 	Keypress: 5
157.7230 	DATA 	TR 102 | TR1 51 | TR2 51
158.3897 	DATA 	Target presented
158.8897 	DATA 	Keypress: 1
158.8898 	DATA 	Key1 pressed
158.8898 	DATA 	Target detected
159.2901 	DATA 	Keypress: 5
159.3062 	DATA 	TR 103 | TR1 52 | TR2 51
160.8560 	DATA 	Keypress: 5
160.8561 	DATA 	TR 104 | TR1 52 | TR2 52
162.4227 	DATA 	Keypress: 5
162.4228 	DATA 	TR 105 | TR1 53 | TR2 52
163.9724 	DATA 	Keypress: 5
163.9725 	DATA 	TR 106 | TR1 53 | TR2 53
165.5390 	DATA 	Keypress: 5
165.5390 	DATA 	TR 107 | TR1 54 | TR2 53
167.0889 	DATA 	Keypress: 5
167.0889 	DATA 	TR 108 | TR1 54 | TR2 54
168.6720 	DATA 	Keypress: 5
168.6721 	DATA 	TR 109 | TR1 55 | TR2 54
169.9386 	DATA 	
169.9387 	DATA 	Trial complete
169.9387 	DATA 	Waiting for VASO trigger to start next trial
169.9387 	DATA 	
170.2218 	DATA 	Keypress: 5
170.2219 	DATA 	TR 110 | TR1 55 | TR2 55
171.7884 	DATA 	Keypress: 5
171.7885 	DATA 	Waited 1.8497769832611084 seconds for trigger
171.7892 	DATA 	
171.7892 	DATA 	Trial 5
171.7892 	DATA 	stimDur = 1.0
171.7892 	DATA 	jitter = 2.355
171.7893 	DATA 	restDur = 12.0

171.7893 	DATA 	
171.7893 	DATA 	TR 111 | TR1 56 | TR2 55
173.3382 	DATA 	Keypress: 5
173.3383 	DATA 	TR 112 | TR1 56 | TR2 56
174.1549 	DATA 	
174.1549 	DATA 	stimulation started
174.1549 	DATA 	
174.9215 	DATA 	Keypress: 5
174.9216 	DATA 	TR 113 | TR1 57 | TR2 56
175.1548 	DATA 	
175.1548 	DATA 	stimulation stopped
175.1548 	DATA 	
176.4713 	DATA 	Keypress: 5
176.4713 	DATA 	TR 114 | TR1 57 | TR2 57
178.0378 	DATA 	Keypress: 5
178.0379 	DATA 	TR 115 | TR1 58 | TR2 57
179.5877 	DATA 	Keypress: 5
179.5877 	DATA 	TR 116 | TR1 58 | TR2 58
181.1542 	DATA 	Keypress: 5
181.1543 	DATA 	TR 117 | TR1 59 | TR2 58
182.7208 	DATA 	Keypress: 5
182.7208 	DATA 	TR 118 | TR1 59 | TR2 59
184.2873 	DATA 	Keypress: 5
184.2873 	DATA 	TR 119 | TR1 60 | TR2 59
185.8372 	DATA 	Keypress: 5
185.8373 	DATA 	TR 120 | TR1 60 | TR2 60
187.1536 	DATA 	
187.1536 	DATA 	Trial complete
187.1537 	DATA 	Waiting for VASO trigger to start next trial
187.1537 	DATA 	
187.4036 	DATA 	Keypress: 5
187.4037 	DATA 	Waited 0.2500300407409668 seconds for trigger
187.4044 	DATA 	
187.4045 	DATA 	Trial 6
187.4045 	DATA 	stimDur = 24.0
187.4045 	DATA 	jitter = 0.785
187.4045 	DATA 	restDur = 24.0

187.4045 	DATA 	
187.4045 	DATA 	TR 121 | TR1 61 | TR2 60
188.2035 	DATA 	
188.2035 	DATA 	stimulation started
188.2035 	DATA 	
188.9535 	DATA 	Keypress: 5
188.9536 	DATA 	TR 122 | TR1 61 | TR2 61
190.5368 	DATA 	Keypress: 5
190.5368 	DATA 	TR 123 | TR1 62 | TR2 61
192.0866 	DATA 	Keypress: 5
192.0866 	DATA 	TR 124 | TR1 62 | TR2 62
193.6533 	DATA 	Keypress: 5
193.6533 	DATA 	TR 125 | TR1 63 | TR2 62
195.2030 	DATA 	Keypress: 5
195.2030 	DATA 	TR 126 | TR1 63 | TR2 63
196.7862 	DATA 	Keypress: 5
196.7863 	DATA 	TR 127 | TR1 64 | TR2 63
198.3360 	DATA 	Keypress: 5
198.3361 	DATA 	TR 128 | TR1 64 | TR2 64
199.9026 	DATA 	Keypress: 5
199.9026 	DATA 	TR 129 | TR1 65 | TR2 64
201.4524 	DATA 	Keypress: 5
201.4525 	DATA 	TR 130 | TR1 65 | TR2 65
203.0190 	DATA 	Keypress: 5
203.0190 	DATA 	TR 131 | TR1 66 | TR2 65
204.5688 	DATA 	Keypress: 5
204.5688 	DATA 	TR 132 | TR1 66 | TR2 66
206.1520 	DATA 	Keypress: 5
206.1521 	DATA 	TR 133 | TR1 67 | TR2 66
207.7018 	DATA 	Keypress: 5
207.7019 	DATA 	TR 134 | TR1 67 | TR2 67
209.2684 	DATA 	Keypress: 5
209.2684 	DATA 	TR 135 | TR1 68 | TR2 67
210.8182 	DATA 	Keypress: 5
210.8182 	DATA 	TR 136 | TR1 68 | TR2 68
212.2014 	DATA 	
212.2014 	DATA 	stimulation stopped
212.2014 	DATA 	
212.4014 	DATA 	Keypress: 5
212.4014 	DATA 	TR 137 | TR1 69 | TR2 68
213.9512 	DATA 	Keypress: 5
213.9513 	DATA 	TR 138 | TR1 69 | TR2 69
215.5178 	DATA 	Keypress: 5
215.5178 	DATA 	TR 139 | TR1 70 | TR2 69
217.0676 	DATA 	Keypress: 5
217.0676 	DATA 	TR 140 | TR1 70 | TR2 70
218.6341 	DATA 	Keypress: 5
218.6342 	DATA 	TR 141 | TR1 71 | TR2 70
220.2006 	DATA 	Keypress: 5
220.2007 	DATA 	TR 142 | TR1 71 | TR2 71
221.7172 	DATA 	Target presented
221.7672 	DATA 	Keypress: 5
221.7672 	DATA 	TR 143 | TR1 72 | TR2 71
222.1671 	DATA 	Keypress: 1
222.1672 	DATA 	Key1 pressed
222.1672 	DATA 	Target detected
223.3170 	DATA 	Keypress: 5
223.3171 	DATA 	TR 144 | TR1 72 | TR2 72
224.8836 	DATA 	Keypress: 5
224.8836 	DATA 	TR 145 | TR1 73 | TR2 72
226.4335 	DATA 	Keypress: 5
226.4335 	DATA 	TR 146 | TR1 73 | TR2 73
228.0166 	DATA 	Keypress: 5
228.0167 	DATA 	TR 147 | TR1 74 | TR2 73
229.5664 	DATA 	Keypress: 5
229.5665 	DATA 	TR 148 | TR1 74 | TR2 74
231.1328 	DATA 	Keypress: 5
231.1329 	DATA 	TR 149 | TR1 75 | TR2 74
232.6828 	DATA 	Keypress: 5
232.6828 	DATA 	TR 150 | TR1 75 | TR2 75
234.2661 	DATA 	Keypress: 5
234.2661 	DATA 	TR 151 | TR1 76 | TR2 75
235.8159 	DATA 	Keypress: 5
235.8159 	DATA 	TR 152 | TR1 76 | TR2 76
236.1991 	DATA 	
236.1991 	DATA 	Trial complete
236.1992 	DATA 	Waiting for VASO trigger to start next trial
236.1992 	DATA 	
237.3824 	DATA 	Keypress: 5
237.3825 	DATA 	Waited 1.1833078861236572 seconds for trigger
237.3832 	DATA 	
237.3832 	DATA 	Trial 7
237.3832 	DATA 	stimDur = 12.0
237.3833 	DATA 	jitter = 2.355
237.3833 	DATA 	restDur = 20.0

237.3833 	DATA 	
237.3833 	DATA 	TR 153 | TR1 77 | TR2 76
238.9323 	DATA 	Keypress: 5
238.9323 	DATA 	TR 154 | TR1 77 | TR2 77
239.7488 	DATA 	
239.7488 	DATA 	stimulation started
239.7489 	DATA 	
240.4988 	DATA 	Keypress: 5
240.4989 	DATA 	TR 155 | TR1 78 | TR2 77
242.0494 	DATA 	Keypress: 5
242.0653 	DATA 	TR 156 | TR1 78 | TR2 78
243.6319 	DATA 	Keypress: 5
243.6320 	DATA 	TR 157 | TR1 79 | TR2 78
245.1818 	DATA 	Keypress: 5
245.1818 	DATA 	TR 158 | TR1 79 | TR2 79
246.7483 	DATA 	Keypress: 5
246.7483 	DATA 	TR 159 | TR1 80 | TR2 79
248.2982 	DATA 	Keypress: 5
248.2982 	DATA 	TR 160 | TR1 80 | TR2 80
249.8813 	DATA 	Keypress: 5
249.8814 	DATA 	TR 161 | TR1 81 | TR2 80
251.4312 	DATA 	Keypress: 5
251.4312 	DATA 	TR 162 | TR1 81 | TR2 81
251.7478 	DATA 	
251.7478 	DATA 	stimulation stopped
251.7478 	DATA 	
252.9977 	DATA 	Keypress: 5
252.9977 	DATA 	TR 163 | TR1 82 | TR2 81
254.5475 	DATA 	Keypress: 5
254.5476 	DATA 	TR 164 | TR1 82 | TR2 82
256.1146 	DATA 	Keypress: 5
256.1307 	DATA 	TR 165 | TR1 83 | TR2 82
257.6805 	DATA 	Keypress: 5
257.6806 	DATA 	TR 166 | TR1 83 | TR2 83
259.2471 	DATA 	Keypress: 5
259.2471 	DATA 	TR 167 | TR1 84 | TR2 83
260.7969 	DATA 	Keypress: 5
260.7970 	DATA 	TR 168 | TR1 84 | TR2 84
262.3634 	DATA 	Keypress: 5
262.3635 	DATA 	TR 169 | TR1 85 | TR2 84
263.9133 	DATA 	Keypress: 5
263.9133 	DATA 	TR 170 | TR1 85 | TR2 85
265.4965 	DATA 	Keypress: 5
265.4966 	DATA 	TR 171 | TR1 86 | TR2 85
267.0463 	DATA 	Keypress: 5
267.0464 	DATA 	TR 172 | TR1 86 | TR2 86
268.6126 	DATA 	Keypress: 5
268.6126 	DATA 	TR 173 | TR1 87 | TR2 86
270.1627 	DATA 	Keypress: 5
270.1628 	DATA 	TR 174 | TR1 87 | TR2 87
271.7459 	DATA 	Keypress: 5
271.7460 	DATA 	TR 175 | TR1 88 | TR2 87
271.7460 	DATA 	
271.7460 	DATA 	Trial complete
271.7460 	DATA 	Waiting for VASO trigger to start next trial
271.7460 	DATA 	
273.2958 	DATA 	Keypress: 5
273.2958 	DATA 	TR 176 | TR1 88 | TR2 88
274.8623 	DATA 	Keypress: 5
274.8624 	DATA 	Waited 3.116342067718506 seconds for trigger
274.8631 	DATA 	
274.8631 	DATA 	Trial 8
274.8631 	DATA 	stimDur = 1.0
274.8631 	DATA 	jitter = 0.785
274.8632 	DATA 	restDur = 12.0

274.8632 	DATA 	
274.8632 	DATA 	TR 177 | TR1 89 | TR2 88
275.6622 	DATA 	
275.6622 	DATA 	stimulation started
275.6622 	DATA 	
276.4122 	DATA 	Keypress: 5
276.4122 	DATA 	TR 178 | TR1 89 | TR2 89
276.6622 	DATA 	
276.6622 	DATA 	stimulation stopped
276.6622 	DATA 	
277.9788 	DATA 	Keypress: 5
277.9789 	DATA 	TR 179 | TR1 90 | TR2 89
279.5452 	DATA 	Keypress: 5
279.5452 	DATA 	TR 180 | TR1 90 | TR2 90
281.1118 	DATA 	Keypress: 5
281.1118 	DATA 	TR 181 | TR1 91 | TR2 90
282.6616 	DATA 	Keypress: 5
282.6616 	DATA 	TR 182 | TR1 91 | TR2 91
284.2281 	DATA 	Keypress: 5
284.2282 	DATA 	TR 183 | TR1 92 | TR2 91
285.7780 	DATA 	Keypress: 5
285.7780 	DATA 	TR 184 | TR1 92 | TR2 92
287.3614 	DATA 	Keypress: 5
287.3614 	DATA 	TR 185 | TR1 93 | TR2 92
288.6610 	DATA 	
288.6610 	DATA 	Trial complete
288.6610 	DATA 	Waiting for VASO trigger to start next trial
288.6610 	DATA 	
288.9110 	DATA 	Keypress: 5
288.9111 	DATA 	TR 186 | TR1 93 | TR2 93
290.4775 	DATA 	Keypress: 5
290.4776 	DATA 	Waited 1.816559076309204 seconds for trigger
290.4783 	DATA 	
290.4784 	DATA 	Trial 9
290.4784 	DATA 	stimDur = 24.0
290.4784 	DATA 	jitter = 1.57
290.4784 	DATA 	restDur = 24.0

290.4784 	DATA 	
290.4784 	DATA 	TR 187 | TR1 94 | TR2 93
292.0274 	DATA 	Keypress: 5
292.0274 	DATA 	TR 188 | TR1 94 | TR2 94
292.0607 	DATA 	
292.0607 	DATA 	stimulation started
292.0607 	DATA 	
293.5947 	DATA 	Keypress: 5
293.6107 	DATA 	TR 189 | TR1 95 | TR2 94
295.1605 	DATA 	Keypress: 5
295.1605 	DATA 	TR 190 | TR1 95 | TR2 95
296.1937 	DATA 	Target presented
296.5771 	DATA 	Keypress: 1
296.5771 	DATA 	Key1 pressed
296.5771 	DATA 	Target detected
296.7270 	DATA 	Keypress: 5
296.7270 	DATA 	TR 191 | TR1 96 | TR2 95
298.2769 	DATA 	Keypress: 5
298.2769 	DATA 	TR 192 | TR1 96 | TR2 96
299.8434 	DATA 	Keypress: 5
299.8434 	DATA 	TR 193 | TR1 97 | TR2 96
301.3934 	DATA 	Keypress: 5
301.3934 	DATA 	TR 194 | TR1 97 | TR2 97
302.9765 	DATA 	Keypress: 5
302.9765 	DATA 	TR 195 | TR1 98 | TR2 97
304.5263 	DATA 	Keypress: 5
304.5263 	DATA 	TR 196 | TR1 98 | TR2 98
306.0928 	DATA 	Keypress: 5
306.0929 	DATA 	TR 197 | TR1 99 | TR2 98
307.6427 	DATA 	Keypress: 5
307.6427 	DATA 	TR 198 | TR1 99 | TR2 99
309.2259 	DATA 	Keypress: 5
309.2259 	DATA 	TR 199 | TR1 100 | TR2 99
310.7757 	DATA 	Keypress: 5
310.7758 	DATA 	TR 200 | TR1 100 | TR2 100
312.3424 	DATA 	Keypress: 5
312.3425 	DATA 	TR 201 | TR1 101 | TR2 100
313.8921 	DATA 	Keypress: 5
313.8921 	DATA 	TR 202 | TR1 101 | TR2 101
315.4586 	DATA 	Keypress: 5
315.4587 	DATA 	TR 203 | TR1 102 | TR2 101
316.0585 	DATA 	
316.0585 	DATA 	stimulation stopped
316.0586 	DATA 	
317.0252 	DATA 	Keypress: 5
317.0252 	DATA 	TR 204 | TR1 102 | TR2 102
318.5917 	DATA 	Keypress: 5
318.5917 	DATA 	TR 205 | TR1 103 | TR2 102
320.1415 	DATA 	Keypress: 5
320.1415 	DATA 	TR 206 | TR1 103 | TR2 103
321.7080 	DATA 	Keypress: 5
321.7081 	DATA 	TR 207 | TR1 104 | TR2 103
323.2578 	DATA 	Keypress: 5
323.2579 	DATA 	TR 208 | TR1 104 | TR2 104
324.8411 	DATA 	Keypress: 5
324.8411 	DATA 	TR 209 | TR1 105 | TR2 104
326.3909 	DATA 	Keypress: 5
326.3909 	DATA 	TR 210 | TR1 105 | TR2 105
327.9574 	DATA 	Keypress: 5
327.9575 	DATA 	TR 211 | TR1 106 | TR2 105
329.5073 	DATA 	Keypress: 5
329.5073 	DATA 	TR 212 | TR1 106 | TR2 106
331.0907 	DATA 	Keypress: 5
331.0907 	DATA 	TR 213 | TR1 107 | TR2 106
332.6403 	DATA 	Keypress: 5
332.6404 	DATA 	TR 214 | TR1 107 | TR2 107
334.2069 	DATA 	Keypress: 5
334.2069 	DATA 	TR 215 | TR1 108 | TR2 107
335.7567 	DATA 	Keypress: 5
335.7568 	DATA 	TR 216 | TR1 108 | TR2 108
337.3233 	DATA 	Keypress: 5
337.3233 	DATA 	TR 217 | TR1 109 | TR2 108
338.8731 	DATA 	Keypress: 5
338.8731 	DATA 	TR 218 | TR1 109 | TR2 109
340.0563 	DATA 	
340.0563 	DATA 	Trial complete
340.0563 	DATA 	Waiting for VASO trigger to start next trial
340.0563 	DATA 	
340.4563 	DATA 	Keypress: 5
340.4563 	DATA 	Waited 0.40003490447998047 seconds for trigger
340.4571 	DATA 	
340.4571 	DATA 	Trial 10
340.4571 	DATA 	stimDur = 2.0
340.4571 	DATA 	jitter = 0.785
340.4571 	DATA 	restDur = 14.0

340.4571 	DATA 	
340.4571 	DATA 	TR 219 | TR1 110 | TR2 109
341.2562 	DATA 	
341.2562 	DATA 	stimulation started
341.2562 	DATA 	
342.0062 	DATA 	Keypress: 5
342.0063 	DATA 	TR 220 | TR1 110 | TR2 110
343.2560 	DATA 	
343.2560 	DATA 	stimulation stopped
343.2560 	DATA 	
343.5727 	DATA 	Keypress: 5
343.5727 	DATA 	TR 221 | TR1 111 | TR2 110
345.1225 	DATA 	Keypress: 5
345.1226 	DATA 	TR 222 | TR1 111 | TR2 111
346.7057 	DATA 	Keypress: 5
346.7058 	DATA 	TR 223 | TR1 112 | TR2 111
348.2556 	DATA 	Keypress: 5
348.2556 	DATA 	TR 224 | TR1 112 | TR2 112
349.8221 	DATA 	Keypress: 5
349.8221 	DATA 	TR 225 | TR1 113 | TR2 112
351.3720 	DATA 	Keypress: 5
351.3720 	DATA 	TR 226 | TR1 113 | TR2 113
351.9886 	DATA 	Target presented
352.4718 	DATA 	Keypress: 1
352.4719 	DATA 	Key1 pressed
352.4719 	DATA 	Target detected
352.9390 	DATA 	Keypress: 5
352.9551 	DATA 	TR 227 | TR1 114 | TR2 113
354.5050 	DATA 	Keypress: 5
354.5051 	DATA 	TR 228 | TR1 114 | TR2 114
356.0715 	DATA 	Keypress: 5
356.0716 	DATA 	TR 229 | TR1 115 | TR2 114
357.2549 	DATA 	
357.2549 	DATA 	Trial complete
357.2549 	DATA 	Waiting for VASO trigger to start next trial
357.2549 	DATA 	
357.6214 	DATA 	Keypress: 5
357.6215 	DATA 	TR 230 | TR1 115 | TR2 115
359.1879 	DATA 	Keypress: 5
359.1880 	DATA 	Waited 1.9330639839172363 seconds for trigger
359.1887 	DATA 	
359.1887 	DATA 	Trial 11
359.1887 	DATA 	stimDur = 4.0
359.1888 	DATA 	jitter = 0.785
359.1888 	DATA 	restDur = 16.0

359.1888 	DATA 	
359.1888 	DATA 	TR 231 | TR1 116 | TR2 115
359.9878 	DATA 	
359.9878 	DATA 	stimulation started
359.9878 	DATA 	
360.7380 	DATA 	Keypress: 5
360.7380 	DATA 	TR 232 | TR1 116 | TR2 116
362.3210 	DATA 	Keypress: 5
362.3211 	DATA 	TR 233 | TR1 117 | TR2 116
363.8710 	DATA 	Keypress: 5
363.8710 	DATA 	TR 234 | TR1 117 | TR2 117
363.9875 	DATA 	
363.9875 	DATA 	stimulation stopped
363.9875 	DATA 	
365.4373 	DATA 	Keypress: 5
365.4373 	DATA 	TR 235 | TR1 118 | TR2 117
366.9872 	DATA 	Keypress: 5
366.9872 	DATA 	TR 236 | TR1 118 | TR2 118
368.5704 	DATA 	Keypress: 5
368.5704 	DATA 	TR 237 | TR1 119 | TR2 118
370.1202 	DATA 	Keypress: 5
370.1203 	DATA 	TR 238 | TR1 119 | TR2 119
371.6867 	DATA 	Keypress: 5
371.6868 	DATA 	TR 239 | TR1 120 | TR2 119
373.2366 	DATA 	Keypress: 5
373.2367 	DATA 	TR 240 | TR1 120 | TR2 120
374.8031 	DATA 	Keypress: 5
374.8031 	DATA 	TR 241 | TR1 121 | TR2 120
376.3536 	DATA 	Keypress: 5
376.3696 	DATA 	TR 242 | TR1 121 | TR2 121
377.9362 	DATA 	Keypress: 5
377.9362 	DATA 	TR 243 | TR1 122 | TR2 121
379.4861 	DATA 	Keypress: 5
379.4861 	DATA 	TR 244 | TR1 122 | TR2 122
379.9859 	DATA 	
379.9859 	DATA 	Trial complete
379.9860 	DATA 	Waiting for VASO trigger to start next trial
379.9860 	DATA 	
381.0526 	DATA 	Keypress: 5
381.0526 	DATA 	Waited 1.066654920578003 seconds for trigger
381.0534 	DATA 	
381.0534 	DATA 	Trial 12
381.0534 	DATA 	stimDur = 2.0
381.0534 	DATA 	jitter = 0.0
381.0534 	DATA 	restDur = 14.0

381.0534 	DATA 	
381.0534 	DATA 	TR 245 | TR1 123 | TR2 122
381.0534 	DATA 	
381.0534 	DATA 	stimulation started
381.0534 	DATA 	
382.6025 	DATA 	Keypress: 5
382.6025 	DATA 	TR 246 | TR1 123 | TR2 123
383.0691 	DATA 	
383.0691 	DATA 	stimulation stopped
383.0691 	DATA 	
384.1856 	DATA 	Keypress: 5
384.1856 	DATA 	TR 247 | TR1 124 | TR2 123
385.7355 	DATA 	Keypress: 5
385.7355 	DATA 	TR 248 | TR1 124 | TR2 124
387.3020 	DATA 	Keypress: 5
387.3020 	DATA 	TR 249 | TR1 125 | TR2 124
388.8519 	DATA 	Keypress: 5
388.8519 	DATA 	TR 250 | TR1 125 | TR2 125
390.4184 	DATA 	Keypress: 5
390.4184 	DATA 	TR 251 | TR1 126 | TR2 125
391.9849 	DATA 	Keypress: 5
391.9850 	DATA 	TR 252 | TR1 126 | TR2 126
393.5515 	DATA 	Keypress: 5
393.5516 	DATA 	TR 253 | TR1 127 | TR2 126
395.1013 	DATA 	Keypress: 5
395.1014 	DATA 	TR 254 | TR1 127 | TR2 127
396.6678 	DATA 	Keypress: 5
396.6678 	DATA 	TR 255 | TR1 128 | TR2 127
397.0677 	DATA 	
397.0677 	DATA 	Trial complete
397.0677 	DATA 	Waiting for VASO trigger to start next trial
397.0677 	DATA 	
398.2177 	DATA 	Keypress: 5
398.2177 	DATA 	TR 256 | TR1 128 | TR2 128
399.8008 	DATA 	Keypress: 5
399.8009 	DATA 	Waited 2.733130931854248 seconds for trigger
399.8017 	DATA 	
399.8017 	DATA 	Trial 13
399.8017 	DATA 	stimDur = 4.0
399.8017 	DATA 	jitter = 1.57
399.8017 	DATA 	restDur = 16.0

399.8017 	DATA 	
399.8017 	DATA 	TR 257 | TR1 129 | TR2 128
401.3509 	DATA 	Keypress: 5
401.3509 	DATA 	TR 258 | TR1 129 | TR2 129
401.3840 	DATA 	
401.3840 	DATA 	stimulation started
401.3840 	DATA 	
402.2340 	DATA 	Target presented
402.8507 	DATA 	Keypress: 1
402.8508 	DATA 	Key1 pressed
402.8508 	DATA 	Target detected
402.9173 	DATA 	Keypress: 5
402.9173 	DATA 	TR 259 | TR1 130 | TR2 129
404.4672 	DATA 	Keypress: 5
404.4672 	DATA 	TR 260 | TR1 130 | TR2 130
405.3837 	DATA 	
405.3837 	DATA 	stimulation stopped
405.3837 	DATA 	
406.0504 	DATA 	Keypress: 5
406.0504 	DATA 	TR 261 | TR1 131 | TR2 130
407.6001 	DATA 	Keypress: 5
407.6002 	DATA 	TR 262 | TR1 131 | TR2 131
409.1665 	DATA 	Keypress: 5
409.1665 	DATA 	TR 263 | TR1 132 | TR2 131
410.7164 	DATA 	Keypress: 5
410.7165 	DATA 	TR 264 | TR1 132 | TR2 132
412.2830 	DATA 	Keypress: 5
412.2831 	DATA 	TR 265 | TR1 133 | TR2 132
413.8496 	DATA 	Keypress: 5
413.8496 	DATA 	TR 266 | TR1 133 | TR2 133
415.4161 	DATA 	Keypress: 5
415.4161 	DATA 	TR 267 | TR1 134 | TR2 133
416.9660 	DATA 	Keypress: 5
416.9660 	DATA 	TR 268 | TR1 134 | TR2 134
418.5324 	DATA 	Keypress: 5
418.5325 	DATA 	TR 269 | TR1 135 | TR2 134
420.0823 	DATA 	Keypress: 5
420.0824 	DATA 	TR 270 | TR1 135 | TR2 135
421.3823 	DATA 	
421.3823 	DATA 	Trial complete
421.3823 	DATA 	Waiting for VASO trigger to start next trial
421.3823 	DATA 	
421.6655 	DATA 	Keypress: 5
421.6656 	DATA 	Waited 0.2832679748535156 seconds for trigger
421.6663 	DATA 	
421.6663 	DATA 	Trial 14
421.6663 	DATA 	stimDur = 12.0
421.6664 	DATA 	jitter = 0.785
421.6664 	DATA 	restDur = 20.0

421.6664 	DATA 	
421.6664 	DATA 	TR 271 | TR1 136 | TR2 135
422.4654 	DATA 	
422.4654 	DATA 	stimulation started
422.4654 	DATA 	
423.2154 	DATA 	Keypress: 5
423.2155 	DATA 	TR 272 | TR1 136 | TR2 136
424.7819 	DATA 	Keypress: 5
424.7820 	DATA 	TR 273 | TR1 137 | TR2 136
426.3318 	DATA 	Keypress: 5
426.3319 	DATA 	TR 274 | TR1 137 | TR2 137
427.8990 	DATA 	Keypress: 5
427.9149 	DATA 	TR 275 | TR1 138 | TR2 137
429.4649 	DATA 	Keypress: 5
429.4649 	DATA 	TR 276 | TR1 138 | TR2 138
431.0314 	DATA 	Keypress: 5
431.0314 	DATA 	TR 277 | TR1 139 | TR2 138
432.5813 	DATA 	Keypress: 5
432.5813 	DATA 	TR 278 | TR1 139 | TR2 139
434.1478 	DATA 	Keypress: 5
434.1478 	DATA 	TR 279 | TR1 140 | TR2 139
434.4643 	DATA 	
434.4644 	DATA 	stimulation stopped
434.4644 	DATA 	
435.6976 	DATA 	Keypress: 5
435.6976 	DATA 	TR 280 | TR1 140 | TR2 140
437.2807 	DATA 	Keypress: 5
437.2808 	DATA 	TR 281 | TR1 141 | TR2 140
438.8306 	DATA 	Keypress: 5
438.8307 	DATA 	TR 282 | TR1 141 | TR2 141
440.3973 	DATA 	Keypress: 5
440.3974 	DATA 	TR 283 | TR1 142 | TR2 141
441.9470 	DATA 	Keypress: 5
441.9470 	DATA 	TR 284 | TR1 142 | TR2 142
443.5302 	DATA 	Keypress: 5
443.5302 	DATA 	TR 285 | TR1 143 | TR2 142
445.0800 	DATA 	Keypress: 5
445.0801 	DATA 	TR 286 | TR1 143 | TR2 143
446.6465 	DATA 	Keypress: 5
446.6466 	DATA 	TR 287 | TR1 144 | TR2 143
448.1964 	DATA 	Keypress: 5
448.1965 	DATA 	TR 288 | TR1 144 | TR2 144
449.7629 	DATA 	Keypress: 5
449.7630 	DATA 	TR 289 | TR1 145 | TR2 144
451.3295 	DATA 	Keypress: 5
451.3295 	DATA 	TR 290 | TR1 145 | TR2 145
451.5794 	DATA 	Target presented
452.0960 	DATA 	Keypress: 1
452.0961 	DATA 	Key1 pressed
452.0961 	DATA 	Target detected
452.8960 	DATA 	Keypress: 5
452.8960 	DATA 	TR 291 | TR1 146 | TR2 145
454.4459 	DATA 	Keypress: 5
454.4459 	DATA 	TR 292 | TR1 146 | TR2 146
454.4626 	DATA 	
454.4626 	DATA 	Trial complete
454.4626 	DATA 	Waiting for VASO trigger to start next trial
454.4626 	DATA 	
456.0123 	DATA 	Keypress: 5
456.0124 	DATA 	Waited 1.5497519969940186 seconds for trigger
456.0132 	DATA 	
456.0132 	DATA 	Trial 15
456.0132 	DATA 	stimDur = 12.0
456.0132 	DATA 	jitter = 1.57
456.0132 	DATA 	restDur = 20.0

456.0132 	DATA 	
456.0132 	DATA 	TR 293 | TR1 147 | TR2 146
457.5622 	DATA 	Keypress: 5
457.5623 	DATA 	TR 294 | TR1 147 | TR2 147
457.5955 	DATA 	
457.5955 	DATA 	stimulation started
457.5955 	DATA 	
459.1454 	DATA 	Keypress: 5
459.1455 	DATA 	TR 295 | TR1 148 | TR2 147
460.6953 	DATA 	Keypress: 5
460.6954 	DATA 	TR 296 | TR1 148 | TR2 148
462.2618 	DATA 	Keypress: 5
462.2619 	DATA 	TR 297 | TR1 149 | TR2 148
463.8117 	DATA 	Keypress: 5
463.8118 	DATA 	TR 298 | TR1 149 | TR2 149
465.3949 	DATA 	Keypress: 5
465.3949 	DATA 	TR 299 | TR1 150 | TR2 149
466.9448 	DATA 	Keypress: 5
466.9448 	DATA 	TR 300 | TR1 150 | TR2 150
468.5113 	DATA 	Keypress: 5
468.5113 	DATA 	TR 301 | TR1 151 | TR2 150
469.5945 	DATA 	
469.5945 	DATA 	stimulation stopped
469.5945 	DATA 	
470.0611 	DATA 	Keypress: 5
470.0611 	DATA 	TR 302 | TR1 151 | TR2 151
471.6276 	DATA 	Keypress: 5
471.6277 	DATA 	TR 303 | TR1 152 | TR2 151
473.1775 	DATA 	Keypress: 5
473.1775 	DATA 	TR 304 | TR1 152 | TR2 152
474.7606 	DATA 	Keypress: 5
474.7607 	DATA 	TR 305 | TR1 153 | TR2 152
476.3105 	DATA 	Keypress: 5
476.3106 	DATA 	TR 306 | TR1 153 | TR2 153
477.8770 	DATA 	Keypress: 5
477.8771 	DATA 	TR 307 | TR1 154 | TR2 153
479.4269 	DATA 	Keypress: 5
479.4269 	DATA 	TR 308 | TR1 154 | TR2 154
481.0101 	DATA 	Keypress: 5
481.0101 	DATA 	TR 309 | TR1 155 | TR2 154
482.5599 	DATA 	Keypress: 5
482.5600 	DATA 	TR 310 | TR1 155 | TR2 155
484.1266 	DATA 	Keypress: 5
484.1266 	DATA 	TR 311 | TR1 156 | TR2 155
485.6763 	DATA 	Keypress: 5
485.6764 	DATA 	TR 312 | TR1 156 | TR2 156
487.2434 	DATA 	Keypress: 5
487.2594 	DATA 	TR 313 | TR1 157 | TR2 156
488.8095 	DATA 	Keypress: 5
488.8096 	DATA 	TR 314 | TR1 157 | TR2 157
489.5926 	DATA 	
489.5926 	DATA 	Trial complete
489.5926 	DATA 	Waiting for VASO trigger to start next trial
489.5926 	DATA 	
490.3759 	DATA 	Keypress: 5
490.3759 	DATA 	Waited 0.7833049297332764 seconds for trigger
490.3767 	DATA 	
490.3767 	DATA 	Trial 16
490.3767 	DATA 	stimDur = 2.0
490.3767 	DATA 	jitter = 1.57
490.3767 	DATA 	restDur = 14.0

490.3767 	DATA 	
490.3767 	DATA 	TR 315 | TR1 158 | TR2 157
491.9258 	DATA 	Keypress: 5
491.9258 	DATA 	TR 316 | TR1 158 | TR2 158
491.9590 	DATA 	
491.9590 	DATA 	stimulation started
491.9590 	DATA 	
493.4923 	DATA 	Keypress: 5
493.4924 	DATA 	TR 317 | TR1 159 | TR2 158
493.9589 	DATA 	
493.9590 	DATA 	stimulation stopped
493.9590 	DATA 	
495.0421 	DATA 	Keypress: 5
495.0421 	DATA 	TR 318 | TR1 159 | TR2 159
496.6253 	DATA 	Keypress: 5
496.6253 	DATA 	TR 319 | TR1 160 | TR2 159
498.1752 	DATA 	Keypress: 5
498.1752 	DATA 	TR 320 | TR1 160 | TR2 160
499.7416 	DATA 	Keypress: 5
499.7417 	DATA 	TR 321 | TR1 161 | TR2 160
501.2916 	DATA 	Keypress: 5
501.2916 	DATA 	TR 322 | TR1 161 | TR2 161
502.8747 	DATA 	Keypress: 5
502.8747 	DATA 	TR 323 | TR1 162 | TR2 161
504.4244 	DATA 	Keypress: 5
504.4245 	DATA 	TR 324 | TR1 162 | TR2 162
505.9911 	DATA 	Keypress: 5
505.9911 	DATA 	TR 325 | TR1 163 | TR2 162
507.5410 	DATA 	Keypress: 5
507.5410 	DATA 	TR 326 | TR1 163 | TR2 163
507.9575 	DATA 	
507.9575 	DATA 	Trial complete
507.9576 	DATA 	Waiting for VASO trigger to start next trial
507.9576 	DATA 	
509.1075 	DATA 	Keypress: 5
509.1075 	DATA 	Waited 1.149954080581665 seconds for trigger
509.1083 	DATA 	
509.1083 	DATA 	Trial 17
509.1083 	DATA 	stimDur = 2.0
509.1083 	DATA 	jitter = 2.355
509.1083 	DATA 	restDur = 14.0

509.1083 	DATA 	
509.1083 	DATA 	TR 327 | TR1 164 | TR2 163
510.6579 	DATA 	Keypress: 5
510.6740 	DATA 	TR 328 | TR1 164 | TR2 164
511.4739 	DATA 	
511.4739 	DATA 	stimulation started
511.4739 	DATA 	
512.2406 	DATA 	Keypress: 5
512.2407 	DATA 	TR 329 | TR1 165 | TR2 164
513.4738 	DATA 	
513.4738 	DATA 	stimulation stopped
513.4738 	DATA 	
513.7905 	DATA 	Keypress: 5
513.7906 	DATA 	TR 330 | TR1 165 | TR2 165
515.3570 	DATA 	Keypress: 5
515.3570 	DATA 	TR 331 | TR1 166 | TR2 165
516.9067 	DATA 	Keypress: 5
516.9068 	DATA 	TR 332 | TR1 166 | TR2 166
518.4900 	DATA 	Keypress: 5
518.4900 	DATA 	TR 333 | TR1 167 | TR2 166
520.0398 	DATA 	Keypress: 5
520.0399 	DATA 	TR 334 | TR1 167 | TR2 167
521.6064 	DATA 	Keypress: 5
521.6064 	DATA 	TR 335 | TR1 168 | TR2 167
523.1562 	DATA 	Keypress: 5
523.1562 	DATA 	TR 336 | TR1 168 | TR2 168
524.7233 	DATA 	Keypress: 5
524.7393 	DATA 	TR 337 | TR1 169 | TR2 168
526.2892 	DATA 	Keypress: 5
526.2893 	DATA 	TR 338 | TR1 169 | TR2 169
527.0392 	DATA 	Target presented
527.4726 	DATA 	
527.4726 	DATA 	Trial complete
527.4726 	DATA 	Waiting for VASO trigger to start next trial
527.4726 	DATA 	
527.5064 	DATA 	Keypress: 1
527.5224 	DATA 	Key1 pressed
527.5225 	DATA 	Target detected
527.8558 	DATA 	Keypress: 5
527.8558 	DATA 	Waited 0.3832249641418457 seconds for trigger
527.8566 	DATA 	
527.8566 	DATA 	Trial 18
527.8566 	DATA 	stimDur = 1.0
527.8566 	DATA 	jitter = 1.57
527.8566 	DATA 	restDur = 12.0

527.8566 	DATA 	
527.8566 	DATA 	TR 339 | TR1 170 | TR2 169
529.4056 	DATA 	Keypress: 5
529.4057 	DATA 	TR 340 | TR1 170 | TR2 170
529.4389 	DATA 	
529.4389 	DATA 	stimulation started
529.4389 	DATA 	
530.4389 	DATA 	
530.4389 	DATA 	stimulation stopped
530.4389 	DATA 	
530.9722 	DATA 	Keypress: 5
530.9722 	DATA 	TR 341 | TR1 171 | TR2 170
532.5220 	DATA 	Keypress: 5
532.5221 	DATA 	TR 342 | TR1 171 | TR2 171
534.1052 	DATA 	Keypress: 5
534.1053 	DATA 	TR 343 | TR1 172 | TR2 171
535.6550 	DATA 	Keypress: 5
535.6551 	DATA 	TR 344 | TR1 172 | TR2 172
537.2214 	DATA 	Keypress: 5
537.2214 	DATA 	TR 345 | TR1 173 | TR2 172
538.7714 	DATA 	Keypress: 5
538.7715 	DATA 	TR 346 | TR1 173 | TR2 173
540.3546 	DATA 	Keypress: 5
540.3547 	DATA 	TR 347 | TR1 174 | TR2 173
541.9045 	DATA 	Keypress: 5
541.9045 	DATA 	TR 348 | TR1 174 | TR2 174
542.4377 	DATA 	
542.4377 	DATA 	Trial complete
542.4377 	DATA 	Waiting for VASO trigger to start next trial
542.4377 	DATA 	
543.4710 	DATA 	Keypress: 5
543.4711 	DATA 	Waited 1.0333590507507324 seconds for trigger
543.4718 	DATA 	
543.4718 	DATA 	Trial 19
543.4718 	DATA 	stimDur = 12.0
543.4718 	DATA 	jitter = 0.0
543.4718 	DATA 	restDur = 20.0

543.4719 	DATA 	
543.4719 	DATA 	TR 349 | TR1 175 | TR2 174
543.4719 	DATA 	
543.4719 	DATA 	stimulation started
543.4719 	DATA 	
545.0209 	DATA 	Keypress: 5
545.0210 	DATA 	TR 350 | TR1 175 | TR2 175
546.5875 	DATA 	Keypress: 5
546.5875 	DATA 	TR 351 | TR1 176 | TR2 175
548.1540 	DATA 	Keypress: 5
548.1540 	DATA 	TR 352 | TR1 176 | TR2 176
549.7205 	DATA 	Keypress: 5
549.7205 	DATA 	TR 353 | TR1 177 | TR2 176
551.2703 	DATA 	Keypress: 5
551.2704 	DATA 	TR 354 | TR1 177 | TR2 177
552.8369 	DATA 	Keypress: 5
552.8369 	DATA 	TR 355 | TR1 178 | TR2 177
554.3868 	DATA 	Keypress: 5
554.3869 	DATA 	TR 356 | TR1 178 | TR2 178
555.4866 	DATA 	
555.4866 	DATA 	stimulation stopped
555.4866 	DATA 	
555.9699 	DATA 	Keypress: 5
555.9699 	DATA 	TR 357 | TR1 179 | TR2 178
557.5197 	DATA 	Keypress: 5
557.5198 	DATA 	TR 358 | TR1 179 | TR2 179
559.0864 	DATA 	Keypress: 5
559.0864 	DATA 	TR 359 | TR1 180 | TR2 179
560.6361 	DATA 	Keypress: 5
560.6361 	DATA 	TR 360 | TR1 180 | TR2 180
562.2032 	DATA 	Keypress: 5
562.2193 	DATA 	TR 361 | TR1 181 | TR2 180
563.7691 	DATA 	Keypress: 5
563.7692 	DATA 	TR 362 | TR1 181 | TR2 181
565.3357 	DATA 	Keypress: 5
565.3357 	DATA 	TR 363 | TR1 182 | TR2 181
566.8857 	DATA 	Keypress: 5
566.8857 	DATA 	TR 364 | TR1 182 | TR2 182
568.4521 	DATA 	Keypress: 5
568.4521 	DATA 	TR 365 | TR1 183 | TR2 182
570.0019 	DATA 	Keypress: 5
570.0020 	DATA 	TR 366 | TR1 183 | TR2 183
571.5851 	DATA 	Keypress: 5
571.5852 	DATA 	TR 367 | TR1 184 | TR2 183
573.1349 	DATA 	Keypress: 5
573.1350 	DATA 	TR 368 | TR1 184 | TR2 184
574.7015 	DATA 	Keypress: 5
574.7015 	DATA 	TR 369 | TR1 185 | TR2 184
575.4847 	DATA 	
575.4847 	DATA 	Trial complete
575.4847 	DATA 	
576.2513 	DATA 	Keypress: 5
576.2514 	DATA 	TR 370 | TR1 185 | TR2 185
577.8345 	DATA 	Keypress: 5
577.8346 	DATA 	Waited 35.39688801765442 seconds for trigger
577.8354 	DATA 	
577.8354 	DATA 	Trial 20
577.8354 	DATA 	stimDur = 4.0
577.8354 	DATA 	jitter = 2.355
577.8354 	DATA 	restDur = 16.0

577.8354 	DATA 	
577.8354 	DATA 	TR 371 | TR1 186 | TR2 185
579.3844 	DATA 	Keypress: 5
579.3844 	DATA 	TR 372 | TR1 186 | TR2 186
580.2009 	DATA 	
580.2009 	DATA 	stimulation started
580.2009 	DATA 	
580.9510 	DATA 	Keypress: 5
580.9510 	DATA 	TR 373 | TR1 187 | TR2 186
581.6342 	DATA 	Target presented
582.0508 	DATA 	Keypress: 1
582.0509 	DATA 	Key1 pressed
582.0509 	DATA 	Target detected
582.5008 	DATA 	Keypress: 5
582.5009 	DATA 	TR 374 | TR1 187 | TR2 187
584.0674 	DATA 	Keypress: 5
584.0674 	DATA 	TR 375 | TR1 188 | TR2 187
584.2006 	DATA 	
584.2006 	DATA 	stimulation stopped
584.2006 	DATA 	
585.6338 	DATA 	Keypress: 5
585.6338 	DATA 	TR 376 | TR1 188 | TR2 188
587.2004 	DATA 	Keypress: 5
587.2004 	DATA 	TR 377 | TR1 189 | TR2 188
588.7503 	DATA 	Keypress: 5
588.7504 	DATA 	TR 378 | TR1 189 | TR2 189
590.3167 	DATA 	Keypress: 5
590.3168 	DATA 	TR 379 | TR1 190 | TR2 189
591.8666 	DATA 	Keypress: 5
591.8666 	DATA 	TR 380 | TR1 190 | TR2 190
593.4498 	DATA 	Keypress: 5
593.4498 	DATA 	TR 381 | TR1 191 | TR2 190
594.9996 	DATA 	Keypress: 5
594.9996 	DATA 	TR 382 | TR1 191 | TR2 191
596.5662 	DATA 	Keypress: 5
596.5662 	DATA 	TR 383 | TR1 192 | TR2 191
598.1160 	DATA 	Keypress: 5
598.1160 	DATA 	TR 384 | TR1 192 | TR2 192
599.6992 	DATA 	Keypress: 5
599.6992 	DATA 	TR 385 | TR1 193 | TR2 192
600.1991 	DATA 	
600.1991 	DATA 	Trial complete
600.1991 	DATA 	
601.2490 	DATA 	Keypress: 5
601.2491 	DATA 	TR 386 | TR1 193 | TR2 193
602.8156 	DATA 	Keypress: 5
602.8156 	DATA 	TR 387 | TR1 194 | TR2 193
604.3654 	DATA 	Keypress: 5
604.3655 	DATA 	TR 388 | TR1 194 | TR2 194
605.9320 	DATA 	Keypress: 5
605.9320 	DATA 	TR 389 | TR1 195 | TR2 194
607.4824 	DATA 	Keypress: 5
607.4984 	DATA 	TR 390 | TR1 195 | TR2 195
609.0650 	DATA 	Keypress: 5
609.0651 	DATA 	TR 391 | TR1 196 | TR2 195
610.6148 	DATA 	Keypress: 5
610.6149 	DATA 	TR 392 | TR1 196 | TR2 196
612.1814 	DATA 	Keypress: 5
612.1815 	DATA 	TR 393 | TR1 197 | TR2 196
613.7311 	DATA 	Keypress: 5
613.7312 	DATA 	TR 394 | TR1 197 | TR2 197
615.3144 	DATA 	Keypress: 5
615.3145 	DATA 	TR 395 | TR1 198 | TR2 197
616.8643 	DATA 	Keypress: 5
616.8643 	DATA 	TR 396 | TR1 198 | TR2 198
618.4308 	DATA 	Keypress: 5
618.4309 	DATA 	TR 397 | TR1 199 | TR2 198
619.9807 	DATA 	Keypress: 5
619.9807 	DATA 	TR 398 | TR1 199 | TR2 199
621.5478 	DATA 	Keypress: 5
621.5638 	DATA 	TR 399 | TR1 200 | TR2 199
623.1137 	DATA 	Keypress: 5
623.1137 	DATA 	TR 400 | TR1 200 | TR2 200
624.6803 	DATA 	Keypress: 5
624.6804 	DATA 	TR 401 | TR1 201 | TR2 200
626.2301 	DATA 	Keypress: 5
626.2301 	DATA 	TR 402 | TR1 201 | TR2 201
627.7966 	DATA 	Keypress: 5
627.7967 	DATA 	TR 403 | TR1 202 | TR2 201
629.3464 	DATA 	Keypress: 5
629.3465 	DATA 	TR 404 | TR1 202 | TR2 202
630.9297 	DATA 	Keypress: 5
630.9298 	DATA 	TR 405 | TR1 203 | TR2 202
632.4795 	DATA 	Keypress: 5
632.4795 	DATA 	TR 406 | TR1 203 | TR2 203
634.0461 	DATA 	Keypress: 5
634.0461 	DATA 	TR 407 | TR1 204 | TR2 203
635.5959 	DATA 	Keypress: 5
635.5959 	DATA 	TR 408 | TR1 204 | TR2 204
637.1791 	DATA 	Keypress: 5
637.1792 	DATA 	TR 409 | TR1 205 | TR2 204
638.7289 	DATA 	Keypress: 5
638.7290 	DATA 	TR 410 | TR1 205 | TR2 205
640.2955 	DATA 	Keypress: 5
640.2955 	DATA 	TR 411 | TR1 206 | TR2 205
641.8455 	DATA 	Keypress: 5
641.8455 	DATA 	TR 412 | TR1 206 | TR2 206
643.4119 	DATA 	Keypress: 5
643.4119 	DATA 	TR 413 | TR1 207 | TR2 206
644.9785 	DATA 	Keypress: 5
644.9785 	DATA 	TR 414 | TR1 207 | TR2 207
646.5450 	DATA 	Keypress: 5
646.5450 	DATA 	TR 415 | TR1 208 | TR2 207
648.0947 	DATA 	Keypress: 5
648.0948 	DATA 	TR 416 | TR1 208 | TR2 208
649.6615 	DATA 	Keypress: 5
649.6615 	DATA 	TR 417 | TR1 209 | TR2 208
651.2110 	DATA 	Keypress: 5
651.2110 	DATA 	TR 418 | TR1 209 | TR2 209
652.7943 	DATA 	Keypress: 5
652.7944 	DATA 	TR 419 | TR1 210 | TR2 209
654.3442 	DATA 	Keypress: 5
654.3442 	DATA 	TR 420 | TR1 210 | TR2 210
655.9110 	DATA 	Keypress: 5
655.9110 	DATA 	TR 421 | TR1 211 | TR2 210
657.4606 	DATA 	Keypress: 5
657.4606 	DATA 	TR 422 | TR1 211 | TR2 211
659.0271 	DATA 	Keypress: 5
659.0272 	DATA 	TR 423 | TR1 212 | TR2 211
660.5936 	DATA 	Keypress: 5
660.5936 	DATA 	TR 424 | TR1 212 | TR2 212
662.1602 	DATA 	Keypress: 5
662.1602 	DATA 	TR 425 | TR1 213 | TR2 212
663.0268 	DATA 	EndOfRun sub-06_ses-01_run-01

663.0268 	DATA 	We spent 63.46315670013428 seconds waiting for triggers
663.0268 	DATA 	RatioOfDetectedTargets 0.8888888888888888
663.0269 	DATA 	You have detected 8 out of 9 targets.
667.8490 	DATA 	Keypress: 5
668.1041 	EXP 	window1: mouseVisible = True
