MonitorDistance=99cm
MonitorWidth=30cm
PixelWidth=1024.0
PixelHeight=768.0
You have detected 12 out of 14 targets.
Well done! Keep up the good work
6.6165 	INFO 	Loaded monitor calibration from ['2021_05_26 17:55']
7.0887 	EXP 	Created window1 = Window(allowGUI=False, allowStencil=False, autoLog=True, backendConf=UNKNOWN, bitsMode=UNKNOWN, blendMode='avg', bpc=(8, 8, 8), color=array([-0.5, -0.5, -0.5]), colorSpace='rgb', depthBits=8, fullscr=<method-wrapper '__getattribute__' of attributeSetter object at 0x7fb3e368d080>, gamma=None, gammaErrorPolicy='raise', lms=UNKNOWN, monitor=<psychopy.monitors.calibTools.Monitor object at 0x7fb3d4833a90>, multiSample=False, name='window1', numSamples=2, pos=[0.0, 0.0], screen=0, size=array([1024,  768]), stencilBits=0, stereo=False, units='deg', useFBO=False, useRetina=False, viewOri=0.0, viewPos=None, viewScale=None, waitBlanking=True, winType='pyglet')
7.0888 	EXP 	window1: mouseVisible = True
7.1580 	EXP 	Created unnamed TextStim = TextStim(__class__=<class 'psychopy.visual.text.TextStim'>, alignHoriz=method-wrapper(...), alignText='center', alignVert=method-wrapper(...), anchorHoriz='center', anchorVert='center', antialias=True, autoLog=True, bold=False, color=array([1., 1., 1.]), colorSpace='rgb', contrast=1.0, depth=0, flipHoriz=False, flipVert=False, font='', fontFiles=[], height=0.5, italic=False, languageStyle='LTR', name='unnamed TextStim', opacity=1.0, ori=0.0, pos=array([0., 0.]), rgb=UNKNOWN, text=str(...), units='deg', win=Window(...), wrapWidth=15.0)
7.1880 	EXP 	Created Movie Frame 0 = ImageStim(__class__=<class 'psychopy.visual.image.ImageStim'>, autoLog=True, color=array([0.8, 0.8, 0.8]), colorSpace='rgb', contrast=0.8, depth=0, flipHoriz=False, flipVert=False, image='visual_0.png', interpolate=False, mask=None, maskParams=None, name='Movie Frame 0', opacity=1, ori=0.0, pos=array([0., 0.]), size=array([1024,  768]), texRes=128, units='pix', win=Window(...))
7.2115 	EXP 	Created Movie Frame 1 = ImageStim(__class__=<class 'psychopy.visual.image.ImageStim'>, autoLog=True, color=array([0.8, 0.8, 0.8]), colorSpace='rgb', contrast=0.8, depth=0, flipHoriz=False, flipVert=False, image='visual_1.png', interpolate=False, mask=None, maskParams=None, name='Movie Frame 1', opacity=1, ori=0.0, pos=array([0., 0.]), size=array([1024,  768]), texRes=128, units='pix', win=Window(...))
6.3335 	DATA 	Keypress: 5
0.0000 	DATA 	StartOfRun sub-04_ses-01_run-03
0.0000 	DATA 	TR 1 | TR1 1 | TR2 0
0.0047 	DATA 	Initial baseline

0.9183 	DATA 	Keypress: 5
0.9184 	DATA 	TR 2 | TR1 1 | TR2 1
2.5083 	DATA 	Keypress: 5
2.5083 	DATA 	TR 3 | TR1 2 | TR2 1
3.4284 	DATA 	Keypress: 5
3.4284 	DATA 	TR 4 | TR1 2 | TR2 2
5.0186 	DATA 	Keypress: 5
5.0186 	DATA 	TR 5 | TR1 3 | TR2 2
5.9377 	DATA 	Keypress: 5
5.9377 	DATA 	TR 6 | TR1 3 | TR2 3
7.5278 	DATA 	Keypress: 5
7.5279 	DATA 	TR 7 | TR1 4 | TR2 3
8.4479 	DATA 	Keypress: 5
8.4479 	DATA 	TR 8 | TR1 4 | TR2 4
10.0381 	DATA 	Keypress: 5
10.0381 	DATA 	TR 9 | TR1 5 | TR2 4
10.9582 	DATA 	Keypress: 5
10.9582 	DATA 	TR 10 | TR1 5 | TR2 5
12.5483 	DATA 	Keypress: 5
12.5484 	DATA 	TR 11 | TR1 6 | TR2 5
13.4676 	DATA 	Keypress: 5
13.4676 	DATA 	TR 12 | TR1 6 | TR2 6
15.0576 	DATA 	Keypress: 5
15.0576 	DATA 	TR 13 | TR1 7 | TR2 6
15.9777 	DATA 	Keypress: 5
15.9777 	DATA 	TR 14 | TR1 7 | TR2 7
17.5679 	DATA 	Keypress: 5
17.5679 	DATA 	TR 15 | TR1 8 | TR2 7
18.4879 	DATA 	Keypress: 5
18.4880 	DATA 	TR 16 | TR1 8 | TR2 8
20.0781 	DATA 	Keypress: 5
20.0782 	DATA 	TR 17 | TR1 9 | TR2 8
20.9972 	DATA 	Keypress: 5
20.9973 	DATA 	TR 18 | TR1 9 | TR2 9
22.5876 	DATA 	Keypress: 5
22.5876 	DATA 	TR 19 | TR1 10 | TR2 9
23.5076 	DATA 	Keypress: 5
23.5076 	DATA 	TR 20 | TR1 10 | TR2 10
25.0976 	DATA 	Keypress: 5
25.0977 	DATA 	TR 21 | TR1 11 | TR2 10
26.0177 	DATA 	Keypress: 5
26.0178 	DATA 	TR 22 | TR1 11 | TR2 11
27.6079 	DATA 	Keypress: 5
27.6079 	DATA 	TR 23 | TR1 12 | TR2 11
28.5270 	DATA 	Keypress: 5
28.5270 	DATA 	TR 24 | TR1 12 | TR2 12
30.1183 	DATA 	Keypress: 5
30.1183 	DATA 	Waited 0.11832213401794434 seconds for trigger
30.1198 	DATA 	
30.1198 	DATA 	Trial 1
30.1198 	DATA 	stimDur = 24.0
30.1198 	DATA 	jitter = 0.8363333333333333
30.1198 	DATA 	restDur = 24.0

30.1198 	DATA 	
30.1198 	DATA 	TR 25 | TR1 13 | TR2 12
30.9684 	DATA 	
30.9684 	DATA 	stimulation started
30.9684 	DATA 	
31.0520 	DATA 	Keypress: 5
31.0520 	DATA 	TR 26 | TR1 13 | TR2 13
32.6351 	DATA 	Keypress: 5
32.6352 	DATA 	TR 27 | TR1 14 | TR2 13
33.5517 	DATA 	Keypress: 5
33.5517 	DATA 	TR 28 | TR1 14 | TR2 14
35.1515 	DATA 	Keypress: 5
35.1516 	DATA 	TR 29 | TR1 15 | TR2 14
36.0681 	DATA 	Keypress: 5
36.0681 	DATA 	TR 30 | TR1 15 | TR2 15
37.6512 	DATA 	Keypress: 5
37.6513 	DATA 	TR 31 | TR1 16 | TR2 15
38.5678 	DATA 	Keypress: 5
38.5679 	DATA 	TR 32 | TR1 16 | TR2 16
40.1676 	DATA 	Keypress: 5
40.1677 	DATA 	TR 33 | TR1 17 | TR2 16
41.0842 	DATA 	Keypress: 5
41.0843 	DATA 	TR 34 | TR1 17 | TR2 17
42.6681 	DATA 	Keypress: 5
42.6840 	DATA 	TR 35 | TR1 18 | TR2 17
43.6006 	DATA 	Keypress: 5
43.6006 	DATA 	TR 36 | TR1 18 | TR2 18
45.1838 	DATA 	Keypress: 5
45.1839 	DATA 	TR 37 | TR1 19 | TR2 18
46.1003 	DATA 	Keypress: 5
46.1004 	DATA 	TR 38 | TR1 19 | TR2 19
47.7002 	DATA 	Keypress: 5
47.7002 	DATA 	TR 39 | TR1 20 | TR2 19
48.6167 	DATA 	Keypress: 5
48.6168 	DATA 	TR 40 | TR1 20 | TR2 20
50.1999 	DATA 	Keypress: 5
50.1999 	DATA 	TR 41 | TR1 21 | TR2 20
51.1172 	DATA 	Keypress: 5
51.1331 	DATA 	TR 42 | TR1 21 | TR2 21
52.7163 	DATA 	Keypress: 5
52.7164 	DATA 	TR 43 | TR1 22 | TR2 21
53.6329 	DATA 	Keypress: 5
53.6329 	DATA 	TR 44 | TR1 22 | TR2 22
54.9660 	DATA 	
54.9660 	DATA 	stimulation stopped
54.9660 	DATA 	
55.2327 	DATA 	Keypress: 5
55.2327 	DATA 	TR 45 | TR1 23 | TR2 22
56.1492 	DATA 	Keypress: 5
56.1492 	DATA 	TR 46 | TR1 23 | TR2 23
57.7324 	DATA 	Keypress: 5
57.7324 	DATA 	TR 47 | TR1 24 | TR2 23
58.6489 	DATA 	Keypress: 5
58.6490 	DATA 	TR 48 | TR1 24 | TR2 24
60.2488 	DATA 	Keypress: 5
60.2489 	DATA 	TR 49 | TR1 25 | TR2 24
61.1654 	DATA 	Keypress: 5
61.1654 	DATA 	TR 50 | TR1 25 | TR2 25
62.7485 	DATA 	Keypress: 5
62.7486 	DATA 	TR 51 | TR1 26 | TR2 25
63.6818 	DATA 	Keypress: 5
63.6818 	DATA 	TR 52 | TR1 26 | TR2 26
65.2651 	DATA 	Keypress: 5
65.2651 	DATA 	TR 53 | TR1 27 | TR2 26
66.1815 	DATA 	Keypress: 5
66.1816 	DATA 	TR 54 | TR1 27 | TR2 27
67.7813 	DATA 	Keypress: 5
67.7813 	DATA 	TR 55 | TR1 28 | TR2 27
68.6979 	DATA 	Keypress: 5
68.6980 	DATA 	TR 56 | TR1 28 | TR2 28
70.2813 	DATA 	Keypress: 5
70.2813 	DATA 	TR 57 | TR1 29 | TR2 28
71.1977 	DATA 	Keypress: 5
71.1977 	DATA 	TR 58 | TR1 29 | TR2 29
72.7975 	DATA 	Keypress: 5
72.7976 	DATA 	TR 59 | TR1 30 | TR2 29
73.7141 	DATA 	Keypress: 5
73.7141 	DATA 	TR 60 | TR1 30 | TR2 30
75.2974 	DATA 	Keypress: 5
75.2975 	DATA 	TR 61 | TR1 31 | TR2 30
76.2305 	DATA 	Keypress: 5
76.2305 	DATA 	TR 62 | TR1 31 | TR2 31
77.8137 	DATA 	Keypress: 5
77.8137 	DATA 	TR 63 | TR1 32 | TR2 31
78.7302 	DATA 	Keypress: 5
78.7303 	DATA 	TR 64 | TR1 32 | TR2 32
78.9635 	DATA 	
78.9635 	DATA 	Trial complete
78.9636 	DATA 	Waiting for VASO trigger to start next trial
78.9636 	DATA 	
80.3301 	DATA 	Keypress: 5
80.3301 	DATA 	Waited 1.3665471076965332 seconds for trigger
80.3309 	DATA 	
80.3309 	DATA 	Trial 2
80.3309 	DATA 	stimDur = 2.0
80.3309 	DATA 	jitter = 0.4181666666666666
80.3309 	DATA 	restDur = 14.0

80.3309 	DATA 	
80.3309 	DATA 	TR 65 | TR1 33 | TR2 32
80.7633 	DATA 	
80.7633 	DATA 	stimulation started
80.7633 	DATA 	
81.2467 	DATA 	Keypress: 5
81.2467 	DATA 	TR 66 | TR1 33 | TR2 33
82.7632 	DATA 	
82.7632 	DATA 	stimulation stopped
82.7632 	DATA 	
82.8298 	DATA 	Keypress: 5
82.8299 	DATA 	TR 67 | TR1 34 | TR2 33
83.7465 	DATA 	Keypress: 5
83.7466 	DATA 	TR 68 | TR1 34 | TR2 34
85.3463 	DATA 	Keypress: 5
85.3463 	DATA 	TR 69 | TR1 35 | TR2 34
86.2628 	DATA 	Keypress: 5
86.2628 	DATA 	TR 70 | TR1 35 | TR2 35
87.8461 	DATA 	Keypress: 5
87.8462 	DATA 	TR 71 | TR1 36 | TR2 35
88.7792 	DATA 	Keypress: 5
88.7793 	DATA 	TR 72 | TR1 36 | TR2 36
90.3624 	DATA 	Keypress: 5
90.3624 	DATA 	TR 73 | TR1 37 | TR2 36
91.2790 	DATA 	Keypress: 5
91.2790 	DATA 	TR 74 | TR1 37 | TR2 37
92.8788 	DATA 	Keypress: 5
92.8789 	DATA 	TR 75 | TR1 38 | TR2 37
93.7954 	DATA 	Keypress: 5
93.7955 	DATA 	TR 76 | TR1 38 | TR2 38
95.3786 	DATA 	Keypress: 5
95.3786 	DATA 	TR 77 | TR1 39 | TR2 38
96.2957 	DATA 	Keypress: 5
96.3118 	DATA 	TR 78 | TR1 39 | TR2 39
96.3618 	DATA 	Target presented
96.7617 	DATA 	
96.7617 	DATA 	Trial complete
96.7617 	DATA 	Waiting for VASO trigger to start next trial
96.7617 	DATA 	
96.8452 	DATA 	Keypress: 1
96.8452 	DATA 	Key1 pressed
96.8452 	DATA 	Target detected
97.8950 	DATA 	Keypress: 5
97.8950 	DATA 	Waited 1.133270025253296 seconds for trigger
97.8958 	DATA 	
97.8958 	DATA 	Trial 3
97.8958 	DATA 	stimDur = 12.0
97.8958 	DATA 	jitter = 2.0908333333333333
97.8958 	DATA 	restDur = 20.0

97.8958 	DATA 	
97.8958 	DATA 	TR 79 | TR1 40 | TR2 39
98.8116 	DATA 	Keypress: 5
98.8116 	DATA 	TR 80 | TR1 40 | TR2 40
99.9945 	DATA 	
99.9946 	DATA 	stimulation started
99.9946 	DATA 	
100.3955 	DATA 	Keypress: 5
100.4114 	DATA 	TR 81 | TR1 41 | TR2 40
101.3280 	DATA 	Keypress: 5
101.3281 	DATA 	TR 82 | TR1 41 | TR2 41
102.9112 	DATA 	Keypress: 5
102.9113 	DATA 	TR 83 | TR1 42 | TR2 41
103.8278 	DATA 	Keypress: 5
103.8279 	DATA 	TR 84 | TR1 42 | TR2 42
105.4277 	DATA 	Keypress: 5
105.4278 	DATA 	TR 85 | TR1 43 | TR2 42
106.3443 	DATA 	Keypress: 5
106.3444 	DATA 	TR 86 | TR1 43 | TR2 43
107.9274 	DATA 	Keypress: 5
107.9274 	DATA 	TR 87 | TR1 44 | TR2 43
108.8606 	DATA 	Keypress: 5
108.8607 	DATA 	TR 88 | TR1 44 | TR2 44
110.4439 	DATA 	Keypress: 5
110.4439 	DATA 	TR 89 | TR1 45 | TR2 44
111.3604 	DATA 	Keypress: 5
111.3604 	DATA 	TR 90 | TR1 45 | TR2 45
111.9936 	DATA 	
111.9936 	DATA 	stimulation stopped
111.9936 	DATA 	
112.9602 	DATA 	Keypress: 5
112.9602 	DATA 	TR 91 | TR1 46 | TR2 45
113.8768 	DATA 	Keypress: 5
113.8768 	DATA 	TR 92 | TR1 46 | TR2 46
115.4599 	DATA 	Keypress: 5
115.4600 	DATA 	TR 93 | TR1 47 | TR2 46
116.3767 	DATA 	Keypress: 5
116.3767 	DATA 	TR 94 | TR1 47 | TR2 47
117.9764 	DATA 	Keypress: 5
117.9765 	DATA 	TR 95 | TR1 48 | TR2 47
118.8930 	DATA 	Keypress: 5
118.8930 	DATA 	TR 96 | TR1 48 | TR2 48
120.4761 	DATA 	Keypress: 5
120.4762 	DATA 	TR 97 | TR1 49 | TR2 48
121.4093 	DATA 	Keypress: 5
121.4094 	DATA 	TR 98 | TR1 49 | TR2 49
122.9926 	DATA 	Keypress: 5
122.9926 	DATA 	TR 99 | TR1 50 | TR2 49
123.9092 	DATA 	Keypress: 5
123.9093 	DATA 	TR 100 | TR1 50 | TR2 50
125.5090 	DATA 	Keypress: 5
125.5090 	DATA 	TR 101 | TR1 51 | TR2 50
126.4255 	DATA 	Keypress: 5
126.4256 	DATA 	TR 102 | TR1 51 | TR2 51
128.0088 	DATA 	Keypress: 5
128.0088 	DATA 	TR 103 | TR1 52 | TR2 51
128.9253 	DATA 	Keypress: 5
128.9254 	DATA 	TR 104 | TR1 52 | TR2 52
130.5251 	DATA 	Keypress: 5
130.5252 	DATA 	TR 105 | TR1 53 | TR2 52
131.4417 	DATA 	Keypress: 5
131.4418 	DATA 	TR 106 | TR1 53 | TR2 53
131.9915 	DATA 	
131.9915 	DATA 	Trial complete
131.9916 	DATA 	Waiting for VASO trigger to start next trial
131.9916 	DATA 	
133.0255 	DATA 	Keypress: 5
133.0415 	DATA 	Waited 1.0499629974365234 seconds for trigger
133.0423 	DATA 	
133.0423 	DATA 	Trial 4
133.0423 	DATA 	stimDur = 4.0
133.0423 	DATA 	jitter = 1.6726666666666663
133.0423 	DATA 	restDur = 16.0

133.0423 	DATA 	
133.0423 	DATA 	TR 107 | TR1 54 | TR2 53
133.9582 	DATA 	Keypress: 5
133.9582 	DATA 	TR 108 | TR1 54 | TR2 54
134.7247 	DATA 	
134.7247 	DATA 	stimulation started
134.7247 	DATA 	
135.5415 	DATA 	Keypress: 5
135.5416 	DATA 	TR 109 | TR1 55 | TR2 54
136.4580 	DATA 	Keypress: 5
136.4580 	DATA 	TR 110 | TR1 55 | TR2 55
138.0578 	DATA 	Keypress: 5
138.0579 	DATA 	TR 111 | TR1 56 | TR2 55
138.7244 	DATA 	
138.7244 	DATA 	stimulation stopped
138.7244 	DATA 	
138.9743 	DATA 	Keypress: 5
138.9744 	DATA 	TR 112 | TR1 56 | TR2 56
140.5576 	DATA 	Keypress: 5
140.5577 	DATA 	TR 113 | TR1 57 | TR2 56
141.4908 	DATA 	Keypress: 5
141.4908 	DATA 	TR 114 | TR1 57 | TR2 57
143.0739 	DATA 	Keypress: 5
143.0740 	DATA 	TR 115 | TR1 58 | TR2 57
143.9906 	DATA 	Keypress: 5
143.9906 	DATA 	TR 116 | TR1 58 | TR2 58
145.5904 	DATA 	Keypress: 5
145.5904 	DATA 	TR 117 | TR1 59 | TR2 58
145.6238 	DATA 	Target presented
146.5070 	DATA 	Keypress: 5
146.5070 	DATA 	TR 118 | TR1 59 | TR2 59
148.0901 	DATA 	Keypress: 5
148.0902 	DATA 	TR 119 | TR1 60 | TR2 59
149.0067 	DATA 	Keypress: 5
149.0068 	DATA 	TR 120 | TR1 60 | TR2 60
150.6066 	DATA 	Keypress: 5
150.6067 	DATA 	TR 121 | TR1 61 | TR2 60
151.5231 	DATA 	Keypress: 5
151.5232 	DATA 	TR 122 | TR1 61 | TR2 61
153.1064 	DATA 	Keypress: 5
153.1064 	DATA 	TR 123 | TR1 62 | TR2 61
154.0396 	DATA 	Keypress: 5
154.0396 	DATA 	TR 124 | TR1 62 | TR2 62
154.7228 	DATA 	
154.7228 	DATA 	Trial complete
154.7228 	DATA 	Waiting for VASO trigger to start next trial
154.7229 	DATA 	
155.6229 	DATA 	Keypress: 5
155.6229 	DATA 	Waited 0.9000790119171143 seconds for trigger
155.6237 	DATA 	
155.6237 	DATA 	Trial 5
155.6237 	DATA 	stimDur = 2.0
155.6237 	DATA 	jitter = 0.8363333333333333
155.6237 	DATA 	restDur = 14.0

155.6237 	DATA 	
155.6237 	DATA 	TR 125 | TR1 63 | TR2 62
156.4727 	DATA 	
156.4727 	DATA 	stimulation started
156.4727 	DATA 	
156.5394 	DATA 	Keypress: 5
156.5395 	DATA 	TR 126 | TR1 63 | TR2 63
158.1394 	DATA 	Keypress: 5
158.1394 	DATA 	TR 127 | TR1 64 | TR2 63
158.4725 	DATA 	
158.4726 	DATA 	stimulation stopped
158.4726 	DATA 	
159.0558 	DATA 	Keypress: 5
159.0559 	DATA 	TR 128 | TR1 64 | TR2 64
160.6390 	DATA 	Keypress: 5
160.6390 	DATA 	TR 129 | TR1 65 | TR2 64
161.5556 	DATA 	Keypress: 5
161.5556 	DATA 	TR 130 | TR1 65 | TR2 65
163.1555 	DATA 	Keypress: 5
163.1555 	DATA 	TR 131 | TR1 66 | TR2 65
164.0720 	DATA 	Keypress: 5
164.0720 	DATA 	TR 132 | TR1 66 | TR2 66
165.6552 	DATA 	Keypress: 5
165.6552 	DATA 	TR 133 | TR1 67 | TR2 66
166.5883 	DATA 	Keypress: 5
166.5884 	DATA 	TR 134 | TR1 67 | TR2 67
168.1715 	DATA 	Keypress: 5
168.1716 	DATA 	TR 135 | TR1 68 | TR2 67
169.0881 	DATA 	Keypress: 5
169.0881 	DATA 	TR 136 | TR1 68 | TR2 68
170.6879 	DATA 	Keypress: 5
170.6879 	DATA 	TR 137 | TR1 69 | TR2 68
171.6045 	DATA 	Keypress: 5
171.6045 	DATA 	TR 138 | TR1 69 | TR2 69
172.4710 	DATA 	
172.4710 	DATA 	Trial complete
172.4710 	DATA 	Waiting for VASO trigger to start next trial
172.4710 	DATA 	
173.1876 	DATA 	Keypress: 5
173.1877 	DATA 	Waited 0.7166609764099121 seconds for trigger
173.1884 	DATA 	
173.1884 	DATA 	Trial 6
173.1884 	DATA 	stimDur = 1.0
173.1884 	DATA 	jitter = 0.0
173.1885 	DATA 	restDur = 12.0

173.1885 	DATA 	
173.1885 	DATA 	TR 139 | TR1 70 | TR2 69
173.1885 	DATA 	
173.1885 	DATA 	stimulation started
173.1885 	DATA 	
174.1043 	DATA 	Keypress: 5
174.1043 	DATA 	TR 140 | TR1 70 | TR2 70
174.2042 	DATA 	
174.2042 	DATA 	stimulation stopped
174.2042 	DATA 	
175.7040 	DATA 	Keypress: 5
175.7040 	DATA 	TR 141 | TR1 71 | TR2 70
176.6205 	DATA 	Keypress: 5
176.6206 	DATA 	TR 142 | TR1 71 | TR2 71
178.2043 	DATA 	Keypress: 5
178.2203 	DATA 	TR 143 | TR1 72 | TR2 71
179.1369 	DATA 	Keypress: 5
179.1370 	DATA 	TR 144 | TR1 72 | TR2 72
180.7201 	DATA 	Keypress: 5
180.7202 	DATA 	TR 145 | TR1 73 | TR2 72
181.6366 	DATA 	Keypress: 5
181.6367 	DATA 	TR 146 | TR1 73 | TR2 73
183.2366 	DATA 	Keypress: 5
183.2366 	DATA 	TR 147 | TR1 74 | TR2 73
184.1530 	DATA 	Keypress: 5
184.1531 	DATA 	TR 148 | TR1 74 | TR2 74
185.7362 	DATA 	Keypress: 5
185.7362 	DATA 	TR 149 | TR1 75 | TR2 74
186.2028 	DATA 	
186.2028 	DATA 	Trial complete
186.2028 	DATA 	Waiting for VASO trigger to start next trial
186.2028 	DATA 	
186.6534 	DATA 	Keypress: 5
186.6694 	DATA 	TR 150 | TR1 75 | TR2 75
188.2526 	DATA 	Keypress: 5
188.2526 	DATA 	Waited 2.0498178005218506 seconds for trigger
188.2534 	DATA 	
188.2534 	DATA 	Trial 7
188.2534 	DATA 	stimDur = 12.0
188.2534 	DATA 	jitter = 0.8363333333333333
188.2534 	DATA 	restDur = 20.0

188.2534 	DATA 	
188.2534 	DATA 	TR 151 | TR1 76 | TR2 75
189.1024 	DATA 	
189.1024 	DATA 	stimulation started
189.1024 	DATA 	
189.1694 	DATA 	Keypress: 5
189.1694 	DATA 	TR 152 | TR1 76 | TR2 76
190.7690 	DATA 	Keypress: 5
190.7691 	DATA 	TR 153 | TR1 77 | TR2 76
191.6855 	DATA 	Keypress: 5
191.6856 	DATA 	TR 154 | TR1 77 | TR2 77
193.2688 	DATA 	Keypress: 5
193.2688 	DATA 	TR 155 | TR1 78 | TR2 77
194.1853 	DATA 	Keypress: 5
194.1853 	DATA 	TR 156 | TR1 78 | TR2 78
195.7852 	DATA 	Keypress: 5
195.7852 	DATA 	TR 157 | TR1 79 | TR2 78
196.7017 	DATA 	Keypress: 5
196.7018 	DATA 	TR 158 | TR1 79 | TR2 79
198.2849 	DATA 	Keypress: 5
198.2849 	DATA 	TR 159 | TR1 80 | TR2 79
199.2181 	DATA 	Keypress: 5
199.2181 	DATA 	TR 160 | TR1 80 | TR2 80
200.8014 	DATA 	Keypress: 5
200.8014 	DATA 	TR 161 | TR1 81 | TR2 80
201.1012 	DATA 	
201.1012 	DATA 	stimulation stopped
201.1012 	DATA 	
201.7177 	DATA 	Keypress: 5
201.7178 	DATA 	TR 162 | TR1 81 | TR2 81
203.3176 	DATA 	Keypress: 5
203.3177 	DATA 	TR 163 | TR1 82 | TR2 81
204.2341 	DATA 	Keypress: 5
204.2342 	DATA 	TR 164 | TR1 82 | TR2 82
205.8173 	DATA 	Keypress: 5
205.8174 	DATA 	TR 165 | TR1 83 | TR2 82
206.7339 	DATA 	Keypress: 5
206.7339 	DATA 	TR 166 | TR1 83 | TR2 83
208.3337 	DATA 	Keypress: 5
208.3338 	DATA 	TR 167 | TR1 84 | TR2 83
208.8670 	DATA 	Target presented
209.2503 	DATA 	Keypress: 5
209.2503 	DATA 	TR 168 | TR1 84 | TR2 84
209.5002 	DATA 	Keypress: 1
209.5003 	DATA 	Key1 pressed
209.5003 	DATA 	Target detected
210.8334 	DATA 	Keypress: 5
210.8335 	DATA 	TR 169 | TR1 85 | TR2 84
211.7667 	DATA 	Keypress: 5
211.7667 	DATA 	TR 170 | TR1 85 | TR2 85
213.3498 	DATA 	Keypress: 5
213.3499 	DATA 	TR 171 | TR1 86 | TR2 85
214.2664 	DATA 	Keypress: 5
214.2665 	DATA 	TR 172 | TR1 86 | TR2 86
215.8662 	DATA 	Keypress: 5
215.8663 	DATA 	TR 173 | TR1 87 | TR2 86
216.7828 	DATA 	Keypress: 5
216.7828 	DATA 	TR 174 | TR1 87 | TR2 87
218.3660 	DATA 	Keypress: 5
218.3660 	DATA 	TR 175 | TR1 88 | TR2 87
219.2831 	DATA 	Keypress: 5
219.2992 	DATA 	TR 176 | TR1 88 | TR2 88
220.8824 	DATA 	Keypress: 5
220.8824 	DATA 	TR 177 | TR1 89 | TR2 88
221.0990 	DATA 	
221.0990 	DATA 	Trial complete
221.0990 	DATA 	Waiting for VASO trigger to start next trial
221.0990 	DATA 	
221.7989 	DATA 	Keypress: 5
221.7990 	DATA 	TR 178 | TR1 89 | TR2 89
223.3821 	DATA 	Keypress: 5
223.3821 	DATA 	Waited 2.2831320762634277 seconds for trigger
223.3829 	DATA 	
223.3829 	DATA 	Trial 8
223.3829 	DATA 	stimDur = 24.0
223.3829 	DATA 	jitter = 0.0
223.3829 	DATA 	restDur = 24.0

223.3829 	DATA 	
223.3830 	DATA 	TR 179 | TR1 90 | TR2 89
223.3830 	DATA 	
223.3830 	DATA 	stimulation started
223.3830 	DATA 	
224.3154 	DATA 	Keypress: 5
224.3155 	DATA 	TR 180 | TR1 90 | TR2 90
225.8985 	DATA 	Keypress: 5
225.8986 	DATA 	TR 181 | TR1 91 | TR2 90
226.8152 	DATA 	Keypress: 5
226.8152 	DATA 	TR 182 | TR1 91 | TR2 91
228.4150 	DATA 	Keypress: 5
228.4150 	DATA 	TR 183 | TR1 92 | TR2 91
229.3316 	DATA 	Keypress: 5
229.3316 	DATA 	TR 184 | TR1 92 | TR2 92
230.9147 	DATA 	Keypress: 5
230.9148 	DATA 	TR 185 | TR1 93 | TR2 92
231.8320 	DATA 	Keypress: 5
231.8479 	DATA 	TR 186 | TR1 93 | TR2 93
233.4311 	DATA 	Keypress: 5
233.4312 	DATA 	TR 187 | TR1 94 | TR2 93
234.3477 	DATA 	Keypress: 5
234.3477 	DATA 	TR 188 | TR1 94 | TR2 94
235.9476 	DATA 	Keypress: 5
235.9476 	DATA 	TR 189 | TR1 95 | TR2 94
236.8641 	DATA 	Keypress: 5
236.8641 	DATA 	TR 190 | TR1 95 | TR2 95
238.4472 	DATA 	Keypress: 5
238.4473 	DATA 	TR 191 | TR1 96 | TR2 95
239.3639 	DATA 	Keypress: 5
239.3639 	DATA 	TR 192 | TR1 96 | TR2 96
240.9636 	DATA 	Keypress: 5
240.9637 	DATA 	TR 193 | TR1 97 | TR2 96
241.8803 	DATA 	Keypress: 5
241.8803 	DATA 	TR 194 | TR1 97 | TR2 97
243.4634 	DATA 	Keypress: 5
243.4635 	DATA 	TR 195 | TR1 98 | TR2 97
244.3966 	DATA 	Keypress: 5
244.3967 	DATA 	TR 196 | TR1 98 | TR2 98
245.9800 	DATA 	Keypress: 5
245.9800 	DATA 	TR 197 | TR1 99 | TR2 98
246.8963 	DATA 	Keypress: 5
246.8964 	DATA 	TR 198 | TR1 99 | TR2 99
247.3963 	DATA 	
247.3963 	DATA 	stimulation stopped
247.3963 	DATA 	
248.4962 	DATA 	Keypress: 5
248.4962 	DATA 	TR 199 | TR1 100 | TR2 99
249.4127 	DATA 	Keypress: 5
249.4128 	DATA 	TR 200 | TR1 100 | TR2 100
250.9959 	DATA 	Keypress: 5
250.9959 	DATA 	TR 201 | TR1 101 | TR2 100
251.9126 	DATA 	Keypress: 5
251.9127 	DATA 	TR 202 | TR1 101 | TR2 101
253.5123 	DATA 	Keypress: 5
253.5124 	DATA 	TR 203 | TR1 102 | TR2 101
254.4289 	DATA 	Keypress: 5
254.4289 	DATA 	TR 204 | TR1 102 | TR2 102
256.0121 	DATA 	Keypress: 5
256.0121 	DATA 	TR 205 | TR1 103 | TR2 102
256.9453 	DATA 	Keypress: 5
256.9453 	DATA 	TR 206 | TR1 103 | TR2 103
258.5285 	DATA 	Keypress: 5
258.5285 	DATA 	TR 207 | TR1 104 | TR2 103
259.4450 	DATA 	Keypress: 5
259.4451 	DATA 	TR 208 | TR1 104 | TR2 104
261.0449 	DATA 	Keypress: 5
261.0449 	DATA 	TR 209 | TR1 105 | TR2 104
261.9614 	DATA 	Keypress: 5
261.9615 	DATA 	TR 210 | TR1 105 | TR2 105
263.5446 	DATA 	Keypress: 5
263.5447 	DATA 	TR 211 | TR1 106 | TR2 105
264.4612 	DATA 	Keypress: 5
264.4613 	DATA 	TR 212 | TR1 106 | TR2 106
266.0610 	DATA 	Keypress: 5
266.0611 	DATA 	TR 213 | TR1 107 | TR2 106
266.9776 	DATA 	Keypress: 5
266.9777 	DATA 	TR 214 | TR1 107 | TR2 107
268.5614 	DATA 	Keypress: 5
268.5774 	DATA 	TR 215 | TR1 108 | TR2 107
269.4940 	DATA 	Keypress: 5
269.4941 	DATA 	TR 216 | TR1 108 | TR2 108
271.0774 	DATA 	Keypress: 5
271.0774 	DATA 	TR 217 | TR1 109 | TR2 108
271.3938 	DATA 	
271.3938 	DATA 	Trial complete
271.3938 	DATA 	Waiting for VASO trigger to start next trial
271.3938 	DATA 	
271.9938 	DATA 	Keypress: 5
271.9938 	DATA 	TR 218 | TR1 109 | TR2 109
272.3937 	DATA 	Target presented
273.3270 	DATA 	Keypress: 1
273.3271 	DATA 	Key1 pressed
273.3271 	DATA 	Target detected
273.5936 	DATA 	Keypress: 5
273.5937 	DATA 	Waited 2.1998229026794434 seconds for trigger
273.5944 	DATA 	
273.5944 	DATA 	Trial 9
273.5944 	DATA 	stimDur = 4.0
273.5944 	DATA 	jitter = 0.4181666666666666
273.5944 	DATA 	restDur = 16.0

273.5944 	DATA 	
273.5944 	DATA 	TR 219 | TR1 110 | TR2 109
274.0269 	DATA 	
274.0269 	DATA 	stimulation started
274.0269 	DATA 	
274.5102 	DATA 	Keypress: 5
274.5103 	DATA 	TR 220 | TR1 110 | TR2 110
276.0935 	DATA 	Keypress: 5
276.0936 	DATA 	TR 221 | TR1 111 | TR2 110
277.0267 	DATA 	Keypress: 5
277.0267 	DATA 	TR 222 | TR1 111 | TR2 111
278.0265 	DATA 	
278.0265 	DATA 	stimulation stopped
278.0265 	DATA 	
278.6098 	DATA 	Keypress: 5
278.6098 	DATA 	TR 223 | TR1 112 | TR2 111
279.5264 	DATA 	Keypress: 5
279.5264 	DATA 	TR 224 | TR1 112 | TR2 112
281.1262 	DATA 	Keypress: 5
281.1262 	DATA 	TR 225 | TR1 113 | TR2 112
282.0428 	DATA 	Keypress: 5
282.0428 	DATA 	TR 226 | TR1 113 | TR2 113
283.6260 	DATA 	Keypress: 5
283.6260 	DATA 	TR 227 | TR1 114 | TR2 113
284.5425 	DATA 	Keypress: 5
284.5426 	DATA 	TR 228 | TR1 114 | TR2 114
286.1424 	DATA 	Keypress: 5
286.1424 	DATA 	TR 229 | TR1 115 | TR2 114
287.0590 	DATA 	Keypress: 5
287.0590 	DATA 	TR 230 | TR1 115 | TR2 115
288.6422 	DATA 	Keypress: 5
288.6422 	DATA 	TR 231 | TR1 116 | TR2 115
289.5754 	DATA 	Keypress: 5
289.5754 	DATA 	TR 232 | TR1 116 | TR2 116
291.1585 	DATA 	Keypress: 5
291.1586 	DATA 	TR 233 | TR1 117 | TR2 116
292.0752 	DATA 	Keypress: 5
292.0752 	DATA 	TR 234 | TR1 117 | TR2 117
293.6750 	DATA 	Keypress: 5
293.6750 	DATA 	TR 235 | TR1 118 | TR2 117
294.0249 	DATA 	
294.0249 	DATA 	Trial complete
294.0249 	DATA 	Waiting for VASO trigger to start next trial
294.0249 	DATA 	
294.5916 	DATA 	Keypress: 5
294.5916 	DATA 	TR 236 | TR1 118 | TR2 118
296.1748 	DATA 	Keypress: 5
296.1748 	DATA 	Waited 2.149868965148926 seconds for trigger
296.1756 	DATA 	
296.1756 	DATA 	Trial 10
296.1756 	DATA 	stimDur = 24.0
296.1756 	DATA 	jitter = 1.6726666666666663
296.1756 	DATA 	restDur = 24.0

296.1756 	DATA 	
296.1756 	DATA 	TR 237 | TR1 119 | TR2 118
297.0913 	DATA 	Keypress: 5
297.0913 	DATA 	TR 238 | TR1 119 | TR2 119
297.8575 	DATA 	
297.8575 	DATA 	stimulation started
297.8575 	DATA 	
298.6913 	DATA 	Keypress: 5
298.6913 	DATA 	TR 239 | TR1 120 | TR2 119
299.6078 	DATA 	Keypress: 5
299.6078 	DATA 	TR 240 | TR1 120 | TR2 120
301.1910 	DATA 	Keypress: 5
301.1911 	DATA 	TR 241 | TR1 121 | TR2 120
302.1242 	DATA 	Keypress: 5
302.1243 	DATA 	TR 242 | TR1 121 | TR2 121
303.7074 	DATA 	Keypress: 5
303.7074 	DATA 	TR 243 | TR1 122 | TR2 121
304.6241 	DATA 	Keypress: 5
304.6242 	DATA 	TR 244 | TR1 122 | TR2 122
306.2238 	DATA 	Keypress: 5
306.2239 	DATA 	TR 245 | TR1 123 | TR2 122
307.1404 	DATA 	Keypress: 5
307.1405 	DATA 	TR 246 | TR1 123 | TR2 123
308.7236 	DATA 	Keypress: 5
308.7236 	DATA 	TR 247 | TR1 124 | TR2 123
309.6403 	DATA 	Keypress: 5
309.6403 	DATA 	TR 248 | TR1 124 | TR2 124
311.2402 	DATA 	Keypress: 5
311.2402 	DATA 	TR 249 | TR1 125 | TR2 124
312.1566 	DATA 	Keypress: 5
312.1566 	DATA 	TR 250 | TR1 125 | TR2 125
313.7407 	DATA 	Keypress: 5
313.7564 	DATA 	TR 251 | TR1 126 | TR2 125
314.6730 	DATA 	Keypress: 5
314.6730 	DATA 	TR 252 | TR1 126 | TR2 126
316.2562 	DATA 	Keypress: 5
316.2562 	DATA 	TR 253 | TR1 127 | TR2 126
317.1728 	DATA 	Keypress: 5
317.1728 	DATA 	TR 254 | TR1 127 | TR2 127
318.7726 	DATA 	Keypress: 5
318.7727 	DATA 	TR 255 | TR1 128 | TR2 127
319.6892 	DATA 	Keypress: 5
319.6892 	DATA 	TR 256 | TR1 128 | TR2 128
321.2724 	DATA 	Keypress: 5
321.2724 	DATA 	TR 257 | TR1 129 | TR2 128
321.8556 	DATA 	
321.8556 	DATA 	stimulation stopped
321.8557 	DATA 	
322.1895 	DATA 	Keypress: 5
322.2055 	DATA 	TR 258 | TR1 129 | TR2 129
323.7888 	DATA 	Keypress: 5
323.7888 	DATA 	TR 259 | TR1 130 | TR2 129
324.7053 	DATA 	Keypress: 5
324.7054 	DATA 	TR 260 | TR1 130 | TR2 130
326.3052 	DATA 	Keypress: 5
326.3053 	DATA 	TR 261 | TR1 131 | TR2 130
327.2217 	DATA 	Keypress: 5
327.2218 	DATA 	TR 262 | TR1 131 | TR2 131
328.8050 	DATA 	Keypress: 5
328.8050 	DATA 	TR 263 | TR1 132 | TR2 131
329.7215 	DATA 	Keypress: 5
329.7215 	DATA 	TR 264 | TR1 132 | TR2 132
331.3214 	DATA 	Keypress: 5
331.3214 	DATA 	TR 265 | TR1 133 | TR2 132
332.2380 	DATA 	Keypress: 5
332.2380 	DATA 	TR 266 | TR1 133 | TR2 133
333.8212 	DATA 	Keypress: 5
333.8213 	DATA 	TR 267 | TR1 134 | TR2 133
334.7544 	DATA 	Keypress: 5
334.7544 	DATA 	TR 268 | TR1 134 | TR2 134
336.3376 	DATA 	Keypress: 5
336.3376 	DATA 	TR 269 | TR1 135 | TR2 134
337.2541 	DATA 	Keypress: 5
337.2542 	DATA 	TR 270 | TR1 135 | TR2 135
337.9041 	DATA 	Target presented
338.4874 	DATA 	Keypress: 1
338.4874 	DATA 	Key1 pressed
338.4874 	DATA 	Target detected
338.8540 	DATA 	Keypress: 5
338.8540 	DATA 	TR 271 | TR1 136 | TR2 135
339.7706 	DATA 	Keypress: 5
339.7706 	DATA 	TR 272 | TR1 136 | TR2 136
341.3538 	DATA 	Keypress: 5
341.3538 	DATA 	TR 273 | TR1 137 | TR2 136
342.2704 	DATA 	Keypress: 5
342.2704 	DATA 	TR 274 | TR1 137 | TR2 137
343.8702 	DATA 	Keypress: 5
343.8702 	DATA 	TR 275 | TR1 138 | TR2 137
344.7868 	DATA 	Keypress: 5
344.7869 	DATA 	TR 276 | TR1 138 | TR2 138
345.8533 	DATA 	
345.8533 	DATA 	Trial complete
345.8533 	DATA 	Waiting for VASO trigger to start next trial
345.8533 	DATA 	
346.3700 	DATA 	Keypress: 5
346.3700 	DATA 	Waited 0.5166652202606201 seconds for trigger
346.3708 	DATA 	
346.3708 	DATA 	Trial 11
346.3708 	DATA 	stimDur = 1.0
346.3708 	DATA 	jitter = 1.6726666666666663
346.3708 	DATA 	restDur = 12.0

346.3708 	DATA 	
346.3708 	DATA 	TR 277 | TR1 139 | TR2 138
347.3032 	DATA 	Keypress: 5
347.3033 	DATA 	TR 278 | TR1 139 | TR2 139
348.0531 	DATA 	
348.0531 	DATA 	stimulation started
348.0531 	DATA 	
348.8864 	DATA 	Keypress: 5
348.8865 	DATA 	TR 279 | TR1 140 | TR2 139
349.0531 	DATA 	
349.0531 	DATA 	stimulation stopped
349.0531 	DATA 	
349.8030 	DATA 	Keypress: 5
349.8030 	DATA 	TR 280 | TR1 140 | TR2 140
351.4029 	DATA 	Keypress: 5
351.4029 	DATA 	TR 281 | TR1 141 | TR2 140
352.3194 	DATA 	Keypress: 5
352.3195 	DATA 	TR 282 | TR1 141 | TR2 141
353.9026 	DATA 	Keypress: 5
353.9027 	DATA 	TR 283 | TR1 142 | TR2 141
354.8198 	DATA 	Keypress: 5
354.8360 	DATA 	TR 284 | TR1 142 | TR2 142
356.4190 	DATA 	Keypress: 5
356.4191 	DATA 	TR 285 | TR1 143 | TR2 142
357.3357 	DATA 	Keypress: 5
357.3357 	DATA 	TR 286 | TR1 143 | TR2 143
358.9194 	DATA 	Keypress: 5
358.9354 	DATA 	TR 287 | TR1 144 | TR2 143
359.8521 	DATA 	Keypress: 5
359.8521 	DATA 	TR 288 | TR1 144 | TR2 144
361.0519 	DATA 	
361.0519 	DATA 	Trial complete
361.0519 	DATA 	Waiting for VASO trigger to start next trial
361.0520 	DATA 	
361.4349 	DATA 	Keypress: 5
361.4350 	DATA 	Waited 0.3829929828643799 seconds for trigger
361.4357 	DATA 	
361.4357 	DATA 	Trial 12
361.4357 	DATA 	stimDur = 24.0
361.4357 	DATA 	jitter = 2.0908333333333333
361.4357 	DATA 	restDur = 24.0

361.4357 	DATA 	
361.4357 	DATA 	TR 289 | TR1 145 | TR2 144
362.3518 	DATA 	Keypress: 5
362.3519 	DATA 	TR 290 | TR1 145 | TR2 145
363.5350 	DATA 	
363.5350 	DATA 	stimulation started
363.5350 	DATA 	
363.9518 	DATA 	Keypress: 5
363.9518 	DATA 	TR 291 | TR1 146 | TR2 145
364.8683 	DATA 	Keypress: 5
364.8684 	DATA 	TR 292 | TR1 146 | TR2 146
366.4516 	DATA 	Keypress: 5
366.4516 	DATA 	TR 293 | TR1 147 | TR2 146
367.3688 	DATA 	Keypress: 5
367.3848 	DATA 	TR 294 | TR1 147 | TR2 147
368.9680 	DATA 	Keypress: 5
368.9681 	DATA 	TR 295 | TR1 148 | TR2 147
369.8845 	DATA 	Keypress: 5
369.8846 	DATA 	TR 296 | TR1 148 | TR2 148
371.4844 	DATA 	Keypress: 5
371.4845 	DATA 	TR 297 | TR1 149 | TR2 148
372.4010 	DATA 	Keypress: 5
372.4010 	DATA 	TR 298 | TR1 149 | TR2 149
373.9842 	DATA 	Keypress: 5
373.9842 	DATA 	TR 299 | TR1 150 | TR2 149
374.9008 	DATA 	Keypress: 5
374.9008 	DATA 	TR 300 | TR1 150 | TR2 150
376.5007 	DATA 	Keypress: 5
376.5007 	DATA 	TR 301 | TR1 151 | TR2 150
377.4172 	DATA 	Keypress: 5
377.4172 	DATA 	TR 302 | TR1 151 | TR2 151
379.0004 	DATA 	Keypress: 5
379.0005 	DATA 	TR 303 | TR1 152 | TR2 151
379.9336 	DATA 	Keypress: 5
379.9337 	DATA 	TR 304 | TR1 152 | TR2 152
381.5168 	DATA 	Keypress: 5
381.5169 	DATA 	TR 305 | TR1 153 | TR2 152
382.4335 	DATA 	Keypress: 5
382.4336 	DATA 	TR 306 | TR1 153 | TR2 153
384.0333 	DATA 	Keypress: 5
384.0333 	DATA 	TR 307 | TR1 154 | TR2 153
384.1666 	DATA 	Target presented
384.7832 	DATA 	Keypress: 1
384.7833 	DATA 	Key1 pressed
384.7833 	DATA 	Target detected
384.9498 	DATA 	Keypress: 5
384.9499 	DATA 	TR 308 | TR1 154 | TR2 154
386.5330 	DATA 	Keypress: 5
386.5331 	DATA 	TR 309 | TR1 155 | TR2 154
387.4496 	DATA 	Keypress: 5
387.4496 	DATA 	TR 310 | TR1 155 | TR2 155
387.5329 	DATA 	
387.5329 	DATA 	stimulation stopped
387.5329 	DATA 	
389.0495 	DATA 	Keypress: 5
389.0495 	DATA 	TR 311 | TR1 156 | TR2 155
389.9660 	DATA 	Keypress: 5
389.9660 	DATA 	TR 312 | TR1 156 | TR2 156
391.5499 	DATA 	Keypress: 5
391.5658 	DATA 	TR 313 | TR1 157 | TR2 156
392.4824 	DATA 	Keypress: 5
392.4825 	DATA 	TR 314 | TR1 157 | TR2 157
394.0657 	DATA 	Keypress: 5
394.0657 	DATA 	TR 315 | TR1 158 | TR2 157
394.9822 	DATA 	Keypress: 5
394.9823 	DATA 	TR 316 | TR1 158 | TR2 158
396.5821 	DATA 	Keypress: 5
396.5821 	DATA 	TR 317 | TR1 159 | TR2 158
397.4987 	DATA 	Keypress: 5
397.4987 	DATA 	TR 318 | TR1 159 | TR2 159
399.0820 	DATA 	Keypress: 5
399.0820 	DATA 	TR 319 | TR1 160 | TR2 159
399.9992 	DATA 	Keypress: 5
400.0151 	DATA 	TR 320 | TR1 160 | TR2 160
401.5983 	DATA 	Keypress: 5
401.5984 	DATA 	TR 321 | TR1 161 | TR2 160
402.5149 	DATA 	Keypress: 5
402.5149 	DATA 	TR 322 | TR1 161 | TR2 161
404.0987 	DATA 	Keypress: 5
404.1147 	DATA 	TR 323 | TR1 162 | TR2 161
405.0313 	DATA 	Keypress: 5
405.0314 	DATA 	TR 324 | TR1 162 | TR2 162
406.6146 	DATA 	Keypress: 5
406.6146 	DATA 	TR 325 | TR1 163 | TR2 162
407.5311 	DATA 	Keypress: 5
407.5311 	DATA 	TR 326 | TR1 163 | TR2 163
409.1310 	DATA 	Keypress: 5
409.1310 	DATA 	TR 327 | TR1 164 | TR2 163
410.0476 	DATA 	Keypress: 5
410.0476 	DATA 	TR 328 | TR1 164 | TR2 164
411.5307 	DATA 	
411.5307 	DATA 	Trial complete
411.5307 	DATA 	Waiting for VASO trigger to start next trial
411.5308 	DATA 	
411.6307 	DATA 	Keypress: 5
411.6307 	DATA 	Waited 0.09995484352111816 seconds for trigger
411.6315 	DATA 	
411.6315 	DATA 	Trial 13
411.6315 	DATA 	stimDur = 1.0
411.6315 	DATA 	jitter = 2.0908333333333333
411.6315 	DATA 	restDur = 12.0

411.6315 	DATA 	
411.6315 	DATA 	TR 329 | TR1 165 | TR2 164
412.5640 	DATA 	Keypress: 5
412.5641 	DATA 	TR 330 | TR1 165 | TR2 165
413.7305 	DATA 	
413.7305 	DATA 	stimulation started
413.7305 	DATA 	
414.1473 	DATA 	Keypress: 5
414.1473 	DATA 	TR 331 | TR1 166 | TR2 165
414.7305 	DATA 	
414.7305 	DATA 	stimulation stopped
414.7305 	DATA 	
415.0639 	DATA 	Keypress: 5
415.0640 	DATA 	TR 332 | TR1 166 | TR2 166
416.6637 	DATA 	Keypress: 5
416.6637 	DATA 	TR 333 | TR1 167 | TR2 166
417.5802 	DATA 	Keypress: 5
417.5803 	DATA 	TR 334 | TR1 167 | TR2 167
419.1635 	DATA 	Keypress: 5
419.1635 	DATA 	TR 335 | TR1 168 | TR2 167
420.0800 	DATA 	Keypress: 5
420.0801 	DATA 	TR 336 | TR1 168 | TR2 168
421.6799 	DATA 	Keypress: 5
421.6800 	DATA 	TR 337 | TR1 169 | TR2 168
422.5965 	DATA 	Keypress: 5
422.5965 	DATA 	TR 338 | TR1 169 | TR2 169
424.1796 	DATA 	Keypress: 5
424.1796 	DATA 	TR 339 | TR1 170 | TR2 169
425.1129 	DATA 	Keypress: 5
425.1130 	DATA 	TR 340 | TR1 170 | TR2 170
426.6961 	DATA 	Keypress: 5
426.6961 	DATA 	TR 341 | TR1 171 | TR2 170
426.7294 	DATA 	
426.7294 	DATA 	Trial complete
426.7294 	DATA 	Waiting for VASO trigger to start next trial
426.7294 	DATA 	
427.6127 	DATA 	Keypress: 5
427.6128 	DATA 	TR 342 | TR1 171 | TR2 171
428.4793 	DATA 	Target presented
429.0959 	DATA 	Keypress: 1
429.0960 	DATA 	Key1 pressed
429.0960 	DATA 	Target detected
429.2126 	DATA 	Keypress: 5
429.2126 	DATA 	Waited 2.4831809997558594 seconds for trigger
429.2134 	DATA 	
429.2134 	DATA 	Trial 14
429.2134 	DATA 	stimDur = 2.0
429.2134 	DATA 	jitter = 2.0908333333333333
429.2134 	DATA 	restDur = 14.0

429.2134 	DATA 	
429.2134 	DATA 	TR 343 | TR1 172 | TR2 171
430.1293 	DATA 	Keypress: 5
430.1293 	DATA 	TR 344 | TR1 172 | TR2 172
431.3123 	DATA 	
431.3123 	DATA 	stimulation started
431.3123 	DATA 	
431.7124 	DATA 	Keypress: 5
431.7125 	DATA 	TR 345 | TR1 173 | TR2 172
432.6290 	DATA 	Keypress: 5
432.6291 	DATA 	TR 346 | TR1 173 | TR2 173
433.3122 	DATA 	
433.3122 	DATA 	stimulation stopped
433.3122 	DATA 	
434.2288 	DATA 	Keypress: 5
434.2289 	DATA 	TR 347 | TR1 174 | TR2 173
435.1450 	DATA 	Keypress: 5
435.1451 	DATA 	TR 348 | TR1 174 | TR2 174
436.7292 	DATA 	Keypress: 5
436.7452 	DATA 	TR 349 | TR1 175 | TR2 174
437.6619 	DATA 	Keypress: 5
437.6619 	DATA 	TR 350 | TR1 175 | TR2 175
439.2450 	DATA 	Keypress: 5
439.2451 	DATA 	TR 351 | TR1 176 | TR2 175
440.1616 	DATA 	Keypress: 5
440.1617 	DATA 	TR 352 | TR1 176 | TR2 176
441.7615 	DATA 	Keypress: 5
441.7615 	DATA 	TR 353 | TR1 177 | TR2 176
442.6780 	DATA 	Keypress: 5
442.6781 	DATA 	TR 354 | TR1 177 | TR2 177
444.2613 	DATA 	Keypress: 5
444.2613 	DATA 	TR 355 | TR1 178 | TR2 177
445.1778 	DATA 	Keypress: 5
445.1779 	DATA 	TR 356 | TR1 178 | TR2 178
446.7777 	DATA 	Keypress: 5
446.7778 	DATA 	TR 357 | TR1 179 | TR2 178
447.3110 	DATA 	
447.3110 	DATA 	Trial complete
447.3110 	DATA 	Waiting for VASO trigger to start next trial
447.3110 	DATA 	
447.6943 	DATA 	Keypress: 5
447.6943 	DATA 	TR 358 | TR1 179 | TR2 179
449.2781 	DATA 	Keypress: 5
449.2941 	DATA 	Waited 1.9831409454345703 seconds for trigger
449.2949 	DATA 	
449.2949 	DATA 	Trial 15
449.2949 	DATA 	stimDur = 1.0
449.2949 	DATA 	jitter = 0.4181666666666666
449.2949 	DATA 	restDur = 12.0

449.2949 	DATA 	
449.2949 	DATA 	TR 359 | TR1 180 | TR2 179
449.7274 	DATA 	
449.7274 	DATA 	stimulation started
449.7274 	DATA 	
450.2108 	DATA 	Keypress: 5
450.2108 	DATA 	TR 360 | TR1 180 | TR2 180
450.7274 	DATA 	
450.7274 	DATA 	stimulation stopped
450.7274 	DATA 	
451.7939 	DATA 	Keypress: 5
451.7940 	DATA 	TR 361 | TR1 181 | TR2 180
452.7106 	DATA 	Keypress: 5
452.7106 	DATA 	TR 362 | TR1 181 | TR2 181
454.3104 	DATA 	Keypress: 5
454.3104 	DATA 	TR 363 | TR1 182 | TR2 181
455.2270 	DATA 	Keypress: 5
455.2270 	DATA 	TR 364 | TR1 182 | TR2 182
456.8102 	DATA 	Keypress: 5
456.8103 	DATA 	TR 365 | TR1 183 | TR2 182
457.7434 	DATA 	Keypress: 5
457.7435 	DATA 	TR 366 | TR1 183 | TR2 183
459.3267 	DATA 	Keypress: 5
459.3267 	DATA 	TR 367 | TR1 184 | TR2 183
460.2432 	DATA 	Keypress: 5
460.2433 	DATA 	TR 368 | TR1 184 | TR2 184
461.8431 	DATA 	Keypress: 5
461.8432 	DATA 	TR 369 | TR1 185 | TR2 184
462.7263 	DATA 	
462.7263 	DATA 	Trial complete
462.7263 	DATA 	Waiting for VASO trigger to start next trial
462.7263 	DATA 	
462.7597 	DATA 	Keypress: 5
462.7597 	DATA 	TR 370 | TR1 185 | TR2 185
464.3429 	DATA 	Keypress: 5
464.3429 	DATA 	Waited 1.6166200637817383 seconds for trigger
464.3437 	DATA 	
464.3437 	DATA 	Trial 16
464.3437 	DATA 	stimDur = 12.0
464.3437 	DATA 	jitter = 0.0
464.3437 	DATA 	restDur = 20.0

464.3437 	DATA 	
464.3437 	DATA 	TR 371 | TR1 186 | TR2 185
464.3437 	DATA 	
464.3437 	DATA 	stimulation started
464.3437 	DATA 	
465.2596 	DATA 	Keypress: 5
465.2596 	DATA 	TR 372 | TR1 186 | TR2 186
466.8594 	DATA 	Keypress: 5
466.8594 	DATA 	TR 373 | TR1 187 | TR2 186
467.7760 	DATA 	Keypress: 5
467.7760 	DATA 	TR 374 | TR1 187 | TR2 187
469.3594 	DATA 	Keypress: 5
469.3594 	DATA 	TR 375 | TR1 188 | TR2 187
470.2924 	DATA 	Keypress: 5
470.2925 	DATA 	TR 376 | TR1 188 | TR2 188
471.8757 	DATA 	Keypress: 5
471.8757 	DATA 	TR 377 | TR1 189 | TR2 188
472.7922 	DATA 	Keypress: 5
472.7923 	DATA 	TR 378 | TR1 189 | TR2 189
474.3921 	DATA 	Keypress: 5
474.3922 	DATA 	TR 379 | TR1 190 | TR2 189
475.3088 	DATA 	Keypress: 5
475.3088 	DATA 	TR 380 | TR1 190 | TR2 190
476.3585 	DATA 	
476.3586 	DATA 	stimulation stopped
476.3586 	DATA 	
476.8919 	DATA 	Keypress: 5
476.8920 	DATA 	TR 381 | TR1 191 | TR2 190
477.8084 	DATA 	Keypress: 5
477.8085 	DATA 	TR 382 | TR1 191 | TR2 191
479.4083 	DATA 	Keypress: 5
479.4083 	DATA 	TR 383 | TR1 192 | TR2 191
480.3250 	DATA 	Keypress: 5
480.3250 	DATA 	TR 384 | TR1 192 | TR2 192
481.9081 	DATA 	Keypress: 5
481.9081 	DATA 	TR 385 | TR1 193 | TR2 192
482.8413 	DATA 	Keypress: 5
482.8413 	DATA 	TR 386 | TR1 193 | TR2 193
484.4246 	DATA 	Keypress: 5
484.4246 	DATA 	TR 387 | TR1 194 | TR2 193
485.3411 	DATA 	Keypress: 5
485.3411 	DATA 	TR 388 | TR1 194 | TR2 194
486.9411 	DATA 	Keypress: 5
486.9412 	DATA 	TR 389 | TR1 195 | TR2 194
487.8574 	DATA 	Keypress: 5
487.8574 	DATA 	TR 390 | TR1 195 | TR2 195
489.4408 	DATA 	Keypress: 5
489.4408 	DATA 	TR 391 | TR1 196 | TR2 195
490.3580 	DATA 	Keypress: 5
490.3740 	DATA 	TR 392 | TR1 196 | TR2 196
491.9573 	DATA 	Keypress: 5
491.9574 	DATA 	TR 393 | TR1 197 | TR2 196
492.8738 	DATA 	Keypress: 5
492.8739 	DATA 	TR 394 | TR1 197 | TR2 197
494.4737 	DATA 	Keypress: 5
494.4737 	DATA 	TR 395 | TR1 198 | TR2 197
495.3903 	DATA 	Keypress: 5
495.3903 	DATA 	TR 396 | TR1 198 | TR2 198
496.3569 	DATA 	
496.3569 	DATA 	Trial complete
496.3569 	DATA 	Waiting for VASO trigger to start next trial
496.3569 	DATA 	
496.9735 	DATA 	Keypress: 5
496.9736 	DATA 	Waited 0.6166200637817383 seconds for trigger
496.9743 	DATA 	
496.9743 	DATA 	Trial 17
496.9743 	DATA 	stimDur = 2.0
496.9743 	DATA 	jitter = 1.2545
496.9743 	DATA 	restDur = 14.0

496.9743 	DATA 	
496.9743 	DATA 	TR 397 | TR1 199 | TR2 198
497.8901 	DATA 	Keypress: 5
497.8901 	DATA 	TR 398 | TR1 199 | TR2 199
498.2400 	DATA 	
498.2400 	DATA 	stimulation started
498.2400 	DATA 	
499.4900 	DATA 	Keypress: 5
499.4900 	DATA 	TR 399 | TR1 200 | TR2 199
500.2400 	DATA 	
500.2400 	DATA 	stimulation stopped
500.2400 	DATA 	
500.4065 	DATA 	Keypress: 5
500.4066 	DATA 	TR 400 | TR1 200 | TR2 200
501.9897 	DATA 	Keypress: 5
501.9898 	DATA 	TR 401 | TR1 201 | TR2 200
502.9230 	DATA 	Keypress: 5
502.9230 	DATA 	TR 402 | TR1 201 | TR2 201
504.5062 	DATA 	Keypress: 5
504.5062 	DATA 	TR 403 | TR1 202 | TR2 201
505.4228 	DATA 	Keypress: 5
505.4228 	DATA 	TR 404 | TR1 202 | TR2 202
507.0060 	DATA 	Target presented
507.0226 	DATA 	Keypress: 5
507.0227 	DATA 	TR 405 | TR1 203 | TR2 202
507.5726 	DATA 	Keypress: 1
507.5726 	DATA 	Key1 pressed
507.5727 	DATA 	Target detected
507.9392 	DATA 	Keypress: 5
507.9393 	DATA 	TR 406 | TR1 203 | TR2 203
509.5225 	DATA 	Keypress: 5
509.5225 	DATA 	TR 407 | TR1 204 | TR2 203
510.4390 	DATA 	Keypress: 5
510.4391 	DATA 	TR 408 | TR1 204 | TR2 204
512.0389 	DATA 	Keypress: 5
512.0390 	DATA 	TR 409 | TR1 205 | TR2 204
512.9555 	DATA 	Keypress: 5
512.9555 	DATA 	TR 410 | TR1 205 | TR2 205
514.2387 	DATA 	
514.2387 	DATA 	Trial complete
514.2387 	DATA 	Waiting for VASO trigger to start next trial
514.2387 	DATA 	
514.5387 	DATA 	Keypress: 5
514.5388 	DATA 	Waited 0.30005407333374023 seconds for trigger
514.5395 	DATA 	
514.5395 	DATA 	Trial 18
514.5395 	DATA 	stimDur = 12.0
514.5395 	DATA 	jitter = 1.6726666666666663
514.5395 	DATA 	restDur = 20.0

514.5396 	DATA 	
514.5396 	DATA 	TR 411 | TR1 206 | TR2 205
515.4720 	DATA 	Keypress: 5
515.4721 	DATA 	TR 412 | TR1 206 | TR2 206
516.2218 	DATA 	
516.2218 	DATA 	stimulation started
516.2218 	DATA 	
517.0552 	DATA 	Keypress: 5
517.0553 	DATA 	TR 413 | TR1 207 | TR2 206
517.9718 	DATA 	Keypress: 5
517.9719 	DATA 	TR 414 | TR1 207 | TR2 207
519.5717 	DATA 	Keypress: 5
519.5717 	DATA 	TR 415 | TR1 208 | TR2 207
520.4883 	DATA 	Keypress: 5
520.4883 	DATA 	TR 416 | TR1 208 | TR2 208
522.0715 	DATA 	Keypress: 5
522.0715 	DATA 	TR 417 | TR1 209 | TR2 208
522.9880 	DATA 	Keypress: 5
522.9881 	DATA 	TR 418 | TR1 209 | TR2 209
524.5879 	DATA 	Keypress: 5
524.5880 	DATA 	TR 419 | TR1 210 | TR2 209
525.5045 	DATA 	Keypress: 5
525.5045 	DATA 	TR 420 | TR1 210 | TR2 210
527.0879 	DATA 	Keypress: 5
527.0879 	DATA 	TR 421 | TR1 211 | TR2 210
528.0211 	DATA 	Keypress: 5
528.0211 	DATA 	TR 422 | TR1 211 | TR2 211
528.2209 	DATA 	
528.2210 	DATA 	stimulation stopped
528.2210 	DATA 	
529.6041 	DATA 	Keypress: 5
529.6042 	DATA 	TR 423 | TR1 212 | TR2 211
530.5209 	DATA 	Keypress: 5
530.5209 	DATA 	TR 424 | TR1 212 | TR2 212
532.1206 	DATA 	Keypress: 5
532.1207 	DATA 	TR 425 | TR1 213 | TR2 212
533.0372 	DATA 	Keypress: 5
533.0372 	DATA 	TR 426 | TR1 213 | TR2 213
534.6203 	DATA 	Keypress: 5
534.6204 	DATA 	TR 427 | TR1 214 | TR2 213
535.5376 	DATA 	Keypress: 5
535.5536 	DATA 	TR 428 | TR1 214 | TR2 214
537.1370 	DATA 	Keypress: 5
537.1370 	DATA 	TR 429 | TR1 215 | TR2 214
538.0535 	DATA 	Keypress: 5
538.0535 	DATA 	TR 430 | TR1 215 | TR2 215
539.6373 	DATA 	Keypress: 5
539.6532 	DATA 	TR 431 | TR1 216 | TR2 215
540.5699 	DATA 	Keypress: 5
540.5699 	DATA 	TR 432 | TR1 216 | TR2 216
542.1531 	DATA 	Keypress: 5
542.1532 	DATA 	TR 433 | TR1 217 | TR2 216
543.0697 	DATA 	Keypress: 5
543.0697 	DATA 	TR 434 | TR1 217 | TR2 217
544.6696 	DATA 	Keypress: 5
544.6696 	DATA 	TR 435 | TR1 218 | TR2 217
545.5862 	DATA 	Keypress: 5
545.5862 	DATA 	TR 436 | TR1 218 | TR2 218
547.1693 	DATA 	Keypress: 5
547.1694 	DATA 	TR 437 | TR1 219 | TR2 218
548.1026 	DATA 	Keypress: 5
548.1026 	DATA 	TR 438 | TR1 219 | TR2 219
548.2192 	DATA 	
548.2192 	DATA 	Trial complete
548.2192 	DATA 	Waiting for VASO trigger to start next trial
548.2193 	DATA 	
549.6858 	DATA 	Keypress: 5
549.6859 	DATA 	Waited 1.4666378498077393 seconds for trigger
549.6867 	DATA 	
549.6867 	DATA 	Trial 19
549.6867 	DATA 	stimDur = 24.0
549.6867 	DATA 	jitter = 0.4181666666666666
549.6867 	DATA 	restDur = 24.0

549.6867 	DATA 	
549.6867 	DATA 	TR 439 | TR1 220 | TR2 219
550.1191 	DATA 	
550.1191 	DATA 	stimulation started
550.1191 	DATA 	
550.6025 	DATA 	Keypress: 5
550.6025 	DATA 	TR 440 | TR1 220 | TR2 220
552.2024 	DATA 	Keypress: 5
552.2024 	DATA 	TR 441 | TR1 221 | TR2 220
553.1191 	DATA 	Keypress: 5
553.1191 	DATA 	TR 442 | TR1 221 | TR2 221
554.7021 	DATA 	Keypress: 5
554.7022 	DATA 	TR 443 | TR1 222 | TR2 221
555.6188 	DATA 	Keypress: 5
555.6188 	DATA 	TR 444 | TR1 222 | TR2 222
557.2186 	DATA 	Keypress: 5
557.2186 	DATA 	TR 445 | TR1 223 | TR2 222
558.1352 	DATA 	Keypress: 5
558.1353 	DATA 	TR 446 | TR1 223 | TR2 223
559.7184 	DATA 	Keypress: 5
559.7184 	DATA 	TR 447 | TR1 224 | TR2 223
560.6517 	DATA 	Keypress: 5
560.6517 	DATA 	TR 448 | TR1 224 | TR2 224
562.2348 	DATA 	Keypress: 5
562.2349 	DATA 	TR 449 | TR1 225 | TR2 224
563.1515 	DATA 	Keypress: 5
563.1515 	DATA 	TR 450 | TR1 225 | TR2 225
564.7514 	DATA 	Keypress: 5
564.7514 	DATA 	TR 451 | TR1 226 | TR2 225
565.6679 	DATA 	Keypress: 5
565.6680 	DATA 	TR 452 | TR1 226 | TR2 226
567.2511 	DATA 	Keypress: 5
567.2512 	DATA 	TR 453 | TR1 227 | TR2 226
568.1677 	DATA 	Keypress: 5
568.1678 	DATA 	TR 454 | TR1 227 | TR2 227
569.7676 	DATA 	Keypress: 5
569.7676 	DATA 	TR 455 | TR1 228 | TR2 227
570.6842 	DATA 	Keypress: 5
570.6843 	DATA 	TR 456 | TR1 228 | TR2 228
572.2681 	DATA 	Keypress: 5
572.2840 	DATA 	TR 457 | TR1 229 | TR2 228
573.2007 	DATA 	Keypress: 5
573.2007 	DATA 	TR 458 | TR1 229 | TR2 229
574.1173 	DATA 	
574.1173 	DATA 	stimulation stopped
574.1173 	DATA 	
574.7838 	DATA 	Keypress: 5
574.7839 	DATA 	TR 459 | TR1 230 | TR2 229
575.7004 	DATA 	Keypress: 5
575.7004 	DATA 	TR 460 | TR1 230 | TR2 230
577.3003 	DATA 	Keypress: 5
577.3003 	DATA 	TR 461 | TR1 231 | TR2 230
578.2170 	DATA 	Keypress: 5
578.2170 	DATA 	TR 462 | TR1 231 | TR2 231
579.8001 	DATA 	Keypress: 5
579.8001 	DATA 	TR 463 | TR1 232 | TR2 231
580.7166 	DATA 	Keypress: 5
580.7167 	DATA 	TR 464 | TR1 232 | TR2 232
582.3165 	DATA 	Keypress: 5
582.3166 	DATA 	TR 465 | TR1 233 | TR2 232
583.2331 	DATA 	Keypress: 5
583.2332 	DATA 	TR 466 | TR1 233 | TR2 233
583.9164 	DATA 	Target presented
584.8331 	DATA 	Keypress: 5
584.8332 	DATA 	TR 467 | TR1 234 | TR2 233
585.7496 	DATA 	Keypress: 5
585.7497 	DATA 	TR 468 | TR1 234 | TR2 234
587.3328 	DATA 	Keypress: 5
587.3328 	DATA 	TR 469 | TR1 235 | TR2 234
588.2494 	DATA 	Keypress: 5
588.2494 	DATA 	TR 470 | TR1 235 | TR2 235
589.8493 	DATA 	Keypress: 5
589.8493 	DATA 	TR 471 | TR1 236 | TR2 235
590.7658 	DATA 	Keypress: 5
590.7659 	DATA 	TR 472 | TR1 236 | TR2 236
592.3491 	DATA 	Keypress: 5
592.3491 	DATA 	TR 473 | TR1 237 | TR2 236
593.2823 	DATA 	Keypress: 5
593.2824 	DATA 	TR 474 | TR1 237 | TR2 237
594.8656 	DATA 	Keypress: 5
594.8656 	DATA 	TR 475 | TR1 238 | TR2 237
595.7821 	DATA 	Keypress: 5
595.7821 	DATA 	TR 476 | TR1 238 | TR2 238
597.3820 	DATA 	Keypress: 5
597.3820 	DATA 	TR 477 | TR1 239 | TR2 238
598.1152 	DATA 	
598.1152 	DATA 	Trial complete
598.1153 	DATA 	Waiting for VASO trigger to start next trial
598.1153 	DATA 	
598.2986 	DATA 	Keypress: 5
598.2987 	DATA 	TR 478 | TR1 239 | TR2 239
599.8818 	DATA 	Keypress: 5
599.8819 	DATA 	Waited 1.7665879726409912 seconds for trigger
599.8826 	DATA 	
599.8826 	DATA 	Trial 20
599.8826 	DATA 	stimDur = 24.0
599.8826 	DATA 	jitter = 1.2545
599.8826 	DATA 	restDur = 24.0

599.8826 	DATA 	
599.8827 	DATA 	TR 479 | TR1 240 | TR2 239
600.7984 	DATA 	Keypress: 5
600.7984 	DATA 	TR 480 | TR1 240 | TR2 240
601.1485 	DATA 	
601.1486 	DATA 	stimulation started
601.1486 	DATA 	
602.3983 	DATA 	Keypress: 5
602.3984 	DATA 	TR 481 | TR1 241 | TR2 240
603.3149 	DATA 	Keypress: 5
603.3149 	DATA 	TR 482 | TR1 241 | TR2 241
604.8983 	DATA 	Keypress: 5
604.8983 	DATA 	TR 483 | TR1 242 | TR2 241
605.8314 	DATA 	Keypress: 5
605.8314 	DATA 	TR 484 | TR1 242 | TR2 242
607.4146 	DATA 	Keypress: 5
607.4147 	DATA 	TR 485 | TR1 243 | TR2 242
608.3312 	DATA 	Keypress: 5
608.3312 	DATA 	TR 486 | TR1 243 | TR2 243
609.9311 	DATA 	Keypress: 5
609.9311 	DATA 	TR 487 | TR1 244 | TR2 243
610.8477 	DATA 	Keypress: 5
610.8477 	DATA 	TR 488 | TR1 244 | TR2 244
612.4308 	DATA 	Keypress: 5
612.4309 	DATA 	TR 489 | TR1 245 | TR2 244
613.3476 	DATA 	Keypress: 5
613.3476 	DATA 	TR 490 | TR1 245 | TR2 245
614.9473 	DATA 	Keypress: 5
614.9474 	DATA 	TR 491 | TR1 246 | TR2 245
615.8639 	DATA 	Keypress: 5
615.8640 	DATA 	TR 492 | TR1 246 | TR2 246
617.4471 	DATA 	Keypress: 5
617.4472 	DATA 	TR 493 | TR1 247 | TR2 246
618.3804 	DATA 	Keypress: 5
618.3804 	DATA 	TR 494 | TR1 247 | TR2 247
619.9636 	DATA 	Keypress: 5
619.9637 	DATA 	TR 495 | TR1 248 | TR2 247
620.8802 	DATA 	Keypress: 5
620.8802 	DATA 	TR 496 | TR1 248 | TR2 248
622.4801 	DATA 	Keypress: 5
622.4801 	DATA 	TR 497 | TR1 249 | TR2 248
623.3967 	DATA 	Keypress: 5
623.3967 	DATA 	TR 498 | TR1 249 | TR2 249
624.9799 	DATA 	Keypress: 5
624.9799 	DATA 	TR 499 | TR1 250 | TR2 249
625.1465 	DATA 	
625.1465 	DATA 	stimulation stopped
625.1465 	DATA 	
625.8970 	DATA 	Keypress: 5
625.9130 	DATA 	TR 500 | TR1 250 | TR2 250
627.4963 	DATA 	Keypress: 5
627.4963 	DATA 	TR 501 | TR1 251 | TR2 250
628.4129 	DATA 	Keypress: 5
628.4130 	DATA 	TR 502 | TR1 251 | TR2 251
630.0128 	DATA 	Keypress: 5
630.0128 	DATA 	TR 503 | TR1 252 | TR2 251
630.9293 	DATA 	Keypress: 5
630.9294 	DATA 	TR 504 | TR1 252 | TR2 252
632.5126 	DATA 	Keypress: 5
632.5126 	DATA 	TR 505 | TR1 253 | TR2 252
633.4292 	DATA 	Keypress: 5
633.4292 	DATA 	TR 506 | TR1 253 | TR2 253
635.0290 	DATA 	Keypress: 5
635.0291 	DATA 	TR 507 | TR1 254 | TR2 253
635.9456 	DATA 	Keypress: 5
635.9457 	DATA 	TR 508 | TR1 254 | TR2 254
637.5288 	DATA 	Keypress: 5
637.5289 	DATA 	TR 509 | TR1 255 | TR2 254
638.4621 	DATA 	Keypress: 5
638.4621 	DATA 	TR 510 | TR1 255 | TR2 255
640.0453 	DATA 	Keypress: 5
640.0453 	DATA 	TR 511 | TR1 256 | TR2 255
640.9619 	DATA 	Keypress: 5
640.9619 	DATA 	TR 512 | TR1 256 | TR2 256
642.5618 	DATA 	Keypress: 5
642.5618 	DATA 	TR 513 | TR1 257 | TR2 256
643.4784 	DATA 	Keypress: 5
643.4784 	DATA 	TR 514 | TR1 257 | TR2 257
645.0616 	DATA 	Keypress: 5
645.0617 	DATA 	TR 515 | TR1 258 | TR2 257
645.9781 	DATA 	Keypress: 5
645.9782 	DATA 	TR 516 | TR1 258 | TR2 258
647.5780 	DATA 	Keypress: 5
647.5780 	DATA 	TR 517 | TR1 259 | TR2 258
648.4945 	DATA 	Keypress: 5
648.4946 	DATA 	TR 518 | TR1 259 | TR2 259
649.1444 	DATA 	
649.1444 	DATA 	Trial complete
649.1444 	DATA 	Waiting for VASO trigger to start next trial
649.1445 	DATA 	
650.0777 	DATA 	Keypress: 5
650.0777 	DATA 	Waited 0.9332780838012695 seconds for trigger
650.0785 	DATA 	
650.0785 	DATA 	Trial 21
650.0785 	DATA 	stimDur = 2.0
650.0785 	DATA 	jitter = 1.6726666666666663
650.0785 	DATA 	restDur = 14.0

650.0785 	DATA 	
650.0785 	DATA 	TR 519 | TR1 260 | TR2 259
651.0110 	DATA 	Keypress: 5
651.0110 	DATA 	TR 520 | TR1 260 | TR2 260
651.2610 	DATA 	Target presented
651.7608 	DATA 	
651.7608 	DATA 	stimulation started
651.7609 	DATA 	
652.0109 	DATA 	Keypress: 1
652.0109 	DATA 	Key1 pressed
652.0109 	DATA 	Target detected
652.5941 	DATA 	Keypress: 5
652.5942 	DATA 	TR 521 | TR1 261 | TR2 260
653.5107 	DATA 	Keypress: 5
653.5107 	DATA 	TR 522 | TR1 261 | TR2 261
653.7607 	DATA 	
653.7607 	DATA 	stimulation stopped
653.7607 	DATA 	
655.1105 	DATA 	Keypress: 5
655.1106 	DATA 	TR 523 | TR1 262 | TR2 261
656.0271 	DATA 	Keypress: 5
656.0271 	DATA 	TR 524 | TR1 262 | TR2 262
657.6102 	DATA 	Keypress: 5
657.6103 	DATA 	TR 525 | TR1 263 | TR2 262
658.5274 	DATA 	Keypress: 5
658.5434 	DATA 	TR 526 | TR1 263 | TR2 263
660.1265 	DATA 	Keypress: 5
660.1266 	DATA 	TR 527 | TR1 264 | TR2 263
661.0432 	DATA 	Keypress: 5
661.0432 	DATA 	TR 528 | TR1 264 | TR2 264
662.6264 	DATA 	Keypress: 5
662.6264 	DATA 	TR 529 | TR1 265 | TR2 264
663.5596 	DATA 	Keypress: 5
663.5597 	DATA 	TR 530 | TR1 265 | TR2 265
665.1428 	DATA 	Keypress: 5
665.1428 	DATA 	TR 531 | TR1 266 | TR2 265
666.0594 	DATA 	Keypress: 5
666.0594 	DATA 	TR 532 | TR1 266 | TR2 266
667.6592 	DATA 	Keypress: 5
667.6592 	DATA 	TR 533 | TR1 267 | TR2 266
667.7591 	DATA 	
667.7591 	DATA 	Trial complete
667.7592 	DATA 	Waiting for VASO trigger to start next trial
667.7592 	DATA 	
668.5759 	DATA 	Keypress: 5
668.5759 	DATA 	TR 534 | TR1 267 | TR2 267
670.1589 	DATA 	Keypress: 5
670.1590 	DATA 	Waited 2.3998169898986816 seconds for trigger
670.1598 	DATA 	
670.1598 	DATA 	Trial 22
670.1598 	DATA 	stimDur = 4.0
670.1598 	DATA 	jitter = 2.0908333333333333
670.1598 	DATA 	restDur = 16.0

670.1598 	DATA 	
670.1598 	DATA 	TR 535 | TR1 268 | TR2 267
671.0761 	DATA 	Keypress: 5
671.0921 	DATA 	TR 536 | TR1 268 | TR2 268
672.2586 	DATA 	
672.2586 	DATA 	stimulation started
672.2586 	DATA 	
672.6754 	DATA 	Keypress: 5
672.6754 	DATA 	TR 537 | TR1 269 | TR2 268
673.5919 	DATA 	Keypress: 5
673.5920 	DATA 	TR 538 | TR1 269 | TR2 269
675.1757 	DATA 	Keypress: 5
675.1917 	DATA 	TR 539 | TR1 270 | TR2 269
676.1084 	DATA 	Keypress: 5
676.1084 	DATA 	TR 540 | TR1 270 | TR2 270
676.2583 	DATA 	
676.2583 	DATA 	stimulation stopped
676.2583 	DATA 	
677.6915 	DATA 	Keypress: 5
677.6915 	DATA 	TR 541 | TR1 271 | TR2 270
678.6080 	DATA 	Keypress: 5
678.6081 	DATA 	TR 542 | TR1 271 | TR2 271
680.2080 	DATA 	Keypress: 5
680.2081 	DATA 	TR 543 | TR1 272 | TR2 271
681.1244 	DATA 	Keypress: 5
681.1245 	DATA 	TR 544 | TR1 272 | TR2 272
682.7077 	DATA 	Keypress: 5
682.7077 	DATA 	TR 545 | TR1 273 | TR2 272
683.6408 	DATA 	Keypress: 5
683.6409 	DATA 	TR 546 | TR1 273 | TR2 273
685.2240 	DATA 	Keypress: 5
685.2241 	DATA 	TR 547 | TR1 274 | TR2 273
686.1407 	DATA 	Keypress: 5
686.1408 	DATA 	TR 548 | TR1 274 | TR2 274
687.7404 	DATA 	Keypress: 5
687.7405 	DATA 	TR 549 | TR1 275 | TR2 274
688.6570 	DATA 	Keypress: 5
688.6570 	DATA 	TR 550 | TR1 275 | TR2 275
690.2401 	DATA 	Keypress: 5
690.2402 	DATA 	TR 551 | TR1 276 | TR2 275
691.1569 	DATA 	Keypress: 5
691.1569 	DATA 	TR 552 | TR1 276 | TR2 276
692.2566 	DATA 	
692.2566 	DATA 	Trial complete
692.2566 	DATA 	Waiting for VASO trigger to start next trial
692.2566 	DATA 	
692.7566 	DATA 	Keypress: 5
692.7567 	DATA 	Waited 0.5000109672546387 seconds for trigger
692.7574 	DATA 	
692.7574 	DATA 	Trial 23
692.7574 	DATA 	stimDur = 4.0
692.7574 	DATA 	jitter = 0.8363333333333333
692.7574 	DATA 	restDur = 16.0

692.7574 	DATA 	
692.7575 	DATA 	TR 553 | TR1 277 | TR2 276
693.6065 	DATA 	
693.6065 	DATA 	stimulation started
693.6065 	DATA 	
693.6732 	DATA 	Keypress: 5
693.6733 	DATA 	TR 554 | TR1 277 | TR2 277
695.2564 	DATA 	Keypress: 5
695.2565 	DATA 	TR 555 | TR1 278 | TR2 277
696.1896 	DATA 	Keypress: 5
696.1897 	DATA 	TR 556 | TR1 278 | TR2 278
697.6061 	DATA 	
697.6061 	DATA 	stimulation stopped
697.6061 	DATA 	
697.7728 	DATA 	Keypress: 5
697.7728 	DATA 	TR 557 | TR1 279 | TR2 278
698.6893 	DATA 	Keypress: 5
698.6894 	DATA 	TR 558 | TR1 279 | TR2 279
700.2892 	DATA 	Keypress: 5
700.2892 	DATA 	TR 559 | TR1 280 | TR2 279
701.2057 	DATA 	Keypress: 5
701.2058 	DATA 	TR 560 | TR1 280 | TR2 280
702.7889 	DATA 	Keypress: 5
702.7890 	DATA 	TR 561 | TR1 281 | TR2 280
703.7055 	DATA 	Keypress: 5
703.7056 	DATA 	TR 562 | TR1 281 | TR2 281
703.7890 	DATA 	Target presented
704.3887 	DATA 	Keypress: 1
704.3888 	DATA 	Key1 pressed
704.3888 	DATA 	Target detected
705.3053 	DATA 	Keypress: 5
705.3054 	DATA 	TR 563 | TR1 282 | TR2 281
706.2219 	DATA 	Keypress: 5
706.2220 	DATA 	TR 564 | TR1 282 | TR2 282
707.8057 	DATA 	Keypress: 5
707.8217 	DATA 	TR 565 | TR1 283 | TR2 282
708.7383 	DATA 	Keypress: 5
708.7384 	DATA 	TR 566 | TR1 283 | TR2 283
710.3215 	DATA 	Keypress: 5
710.3216 	DATA 	TR 567 | TR1 284 | TR2 283
711.2381 	DATA 	Keypress: 5
711.2381 	DATA 	TR 568 | TR1 284 | TR2 284
712.8379 	DATA 	Keypress: 5
712.8380 	DATA 	TR 569 | TR1 285 | TR2 284
713.6045 	DATA 	
713.6045 	DATA 	Trial complete
713.6045 	DATA 	Waiting for VASO trigger to start next trial
713.6045 	DATA 	
713.7545 	DATA 	Keypress: 5
713.7545 	DATA 	TR 570 | TR1 285 | TR2 285
715.3377 	DATA 	Keypress: 5
715.3377 	DATA 	Waited 1.7332451343536377 seconds for trigger
715.3385 	DATA 	
715.3385 	DATA 	Trial 24
715.3385 	DATA 	stimDur = 2.0
715.3385 	DATA 	jitter = 0.0
715.3385 	DATA 	restDur = 14.0

715.3385 	DATA 	
715.3385 	DATA 	TR 571 | TR1 286 | TR2 285
715.3385 	DATA 	
715.3385 	DATA 	stimulation started
715.3385 	DATA 	
716.2711 	DATA 	Keypress: 5
716.2711 	DATA 	TR 572 | TR1 286 | TR2 286
717.3541 	DATA 	
717.3541 	DATA 	stimulation stopped
717.3541 	DATA 	
717.8541 	DATA 	Keypress: 5
717.8541 	DATA 	TR 573 | TR1 287 | TR2 286
718.7706 	DATA 	Keypress: 5
718.7706 	DATA 	TR 574 | TR1 287 | TR2 287
720.3704 	DATA 	Keypress: 5
720.3705 	DATA 	TR 575 | TR1 288 | TR2 287
721.2870 	DATA 	Keypress: 5
721.2871 	DATA 	TR 576 | TR1 288 | TR2 288
722.8702 	DATA 	Keypress: 5
722.8702 	DATA 	TR 577 | TR1 289 | TR2 288
723.7869 	DATA 	Keypress: 5
723.7869 	DATA 	TR 578 | TR1 289 | TR2 289
725.3866 	DATA 	Keypress: 5
725.3867 	DATA 	TR 579 | TR1 290 | TR2 289
726.3031 	DATA 	Keypress: 5
726.3032 	DATA 	TR 580 | TR1 290 | TR2 290
727.8865 	DATA 	Keypress: 5
727.8865 	DATA 	TR 581 | TR1 291 | TR2 290
728.8196 	DATA 	Keypress: 5
728.8196 	DATA 	TR 582 | TR1 291 | TR2 291
730.4028 	DATA 	Keypress: 5
730.4028 	DATA 	TR 583 | TR1 292 | TR2 291
731.3193 	DATA 	Keypress: 5
731.3194 	DATA 	TR 584 | TR1 292 | TR2 292
731.3526 	DATA 	
731.3526 	DATA 	Trial complete
731.3526 	DATA 	Waiting for VASO trigger to start next trial
731.3526 	DATA 	
732.9191 	DATA 	Keypress: 5
732.9192 	DATA 	Waited 1.5665700435638428 seconds for trigger
732.9200 	DATA 	
732.9200 	DATA 	Trial 25
732.9200 	DATA 	stimDur = 12.0
732.9200 	DATA 	jitter = 0.4181666666666666
732.9200 	DATA 	restDur = 20.0

732.9200 	DATA 	
732.9200 	DATA 	TR 585 | TR1 293 | TR2 292
733.3524 	DATA 	
733.3524 	DATA 	stimulation started
733.3524 	DATA 	
733.8358 	DATA 	Keypress: 5
733.8359 	DATA 	TR 586 | TR1 293 | TR2 293
735.4189 	DATA 	Keypress: 5
735.4190 	DATA 	TR 587 | TR1 294 | TR2 293
736.3356 	DATA 	Keypress: 5
736.3356 	DATA 	TR 588 | TR1 294 | TR2 294
737.9353 	DATA 	Keypress: 5
737.9354 	DATA 	TR 589 | TR1 295 | TR2 294
738.8519 	DATA 	Keypress: 5
738.8520 	DATA 	TR 590 | TR1 295 | TR2 295
740.4351 	DATA 	Keypress: 5
740.4352 	DATA 	TR 591 | TR1 296 | TR2 295
741.3683 	DATA 	Keypress: 5
741.3684 	DATA 	TR 592 | TR1 296 | TR2 296
742.9515 	DATA 	Keypress: 5
742.9516 	DATA 	TR 593 | TR1 297 | TR2 296
743.8681 	DATA 	Keypress: 5
743.8681 	DATA 	TR 594 | TR1 297 | TR2 297
745.3512 	DATA 	
745.3512 	DATA 	stimulation stopped
745.3512 	DATA 	
745.4678 	DATA 	Keypress: 5
745.4679 	DATA 	TR 595 | TR1 298 | TR2 297
746.3844 	DATA 	Keypress: 5
746.3845 	DATA 	TR 596 | TR1 298 | TR2 298
747.9676 	DATA 	Keypress: 5
747.9677 	DATA 	TR 597 | TR1 299 | TR2 298
748.8842 	DATA 	Keypress: 5
748.8842 	DATA 	TR 598 | TR1 299 | TR2 299
750.4840 	DATA 	Keypress: 5
750.4840 	DATA 	TR 599 | TR1 300 | TR2 299
751.4007 	DATA 	Keypress: 5
751.4007 	DATA 	TR 600 | TR1 300 | TR2 300
752.9845 	DATA 	Keypress: 5
753.0004 	DATA 	TR 601 | TR1 301 | TR2 300
753.9171 	DATA 	Keypress: 5
753.9172 	DATA 	TR 602 | TR1 301 | TR2 301
755.5002 	DATA 	Keypress: 5
755.5002 	DATA 	TR 603 | TR1 302 | TR2 301
756.4167 	DATA 	Keypress: 5
756.4168 	DATA 	TR 604 | TR1 302 | TR2 302
758.0166 	DATA 	Keypress: 5
758.0166 	DATA 	TR 605 | TR1 303 | TR2 302
758.9331 	DATA 	Keypress: 5
758.9332 	DATA 	TR 606 | TR1 303 | TR2 303
760.5163 	DATA 	Keypress: 5
760.5164 	DATA 	TR 607 | TR1 304 | TR2 303
761.4335 	DATA 	Keypress: 5
761.4495 	DATA 	TR 608 | TR1 304 | TR2 304
763.0327 	DATA 	Keypress: 5
763.0328 	DATA 	TR 609 | TR1 305 | TR2 304
763.9493 	DATA 	Keypress: 5
763.9494 	DATA 	TR 610 | TR1 305 | TR2 305
765.3493 	DATA 	
765.3493 	DATA 	Trial complete
765.3493 	DATA 	Waiting for VASO trigger to start next trial
765.3493 	DATA 	
765.5492 	DATA 	Keypress: 5
765.5492 	DATA 	Waited 0.19994306564331055 seconds for trigger
765.5500 	DATA 	
765.5500 	DATA 	Trial 26
765.5500 	DATA 	stimDur = 1.0
765.5500 	DATA 	jitter = 1.2545
765.5500 	DATA 	restDur = 12.0

765.5500 	DATA 	
765.5500 	DATA 	TR 611 | TR1 306 | TR2 305
766.4657 	DATA 	Keypress: 5
766.4658 	DATA 	TR 612 | TR1 306 | TR2 306
766.8157 	DATA 	
766.8157 	DATA 	stimulation started
766.8157 	DATA 	
767.8156 	DATA 	
767.8156 	DATA 	stimulation stopped
767.8156 	DATA 	
768.0489 	DATA 	Keypress: 5
768.0490 	DATA 	TR 613 | TR1 307 | TR2 306
768.9655 	DATA 	Keypress: 5
768.9655 	DATA 	TR 614 | TR1 307 | TR2 307
770.5654 	DATA 	Keypress: 5
770.5654 	DATA 	TR 615 | TR1 308 | TR2 307
771.4819 	DATA 	Keypress: 5
771.4819 	DATA 	TR 616 | TR1 308 | TR2 308
773.0651 	DATA 	Keypress: 5
773.0652 	DATA 	TR 617 | TR1 309 | TR2 308
773.9983 	DATA 	Keypress: 5
773.9984 	DATA 	TR 618 | TR1 309 | TR2 309
775.5815 	DATA 	Keypress: 5
775.5815 	DATA 	TR 619 | TR1 310 | TR2 309
775.6815 	DATA 	Target presented
776.2981 	DATA 	Keypress: 1
776.2981 	DATA 	Key1 pressed
776.2981 	DATA 	Target detected
776.4982 	DATA 	Keypress: 5
776.4983 	DATA 	TR 620 | TR1 310 | TR2 310
778.0979 	DATA 	Keypress: 5
778.0979 	DATA 	TR 621 | TR1 311 | TR2 310
779.0146 	DATA 	Keypress: 5
779.0147 	DATA 	TR 622 | TR1 311 | TR2 311
779.8144 	DATA 	
779.8144 	DATA 	Trial complete
779.8144 	DATA 	Waiting for VASO trigger to start next trial
779.8144 	DATA 	
780.5977 	DATA 	Keypress: 5
780.5978 	DATA 	Waited 0.7833437919616699 seconds for trigger
780.5985 	DATA 	
780.5985 	DATA 	Trial 27
780.5985 	DATA 	stimDur = 1.0
780.5985 	DATA 	jitter = 0.8363333333333333
780.5985 	DATA 	restDur = 12.0

780.5985 	DATA 	
780.5985 	DATA 	TR 623 | TR1 312 | TR2 311
781.4476 	DATA 	
781.4476 	DATA 	stimulation started
781.4476 	DATA 	
781.5143 	DATA 	Keypress: 5
781.5143 	DATA 	TR 624 | TR1 312 | TR2 312
782.4475 	DATA 	
782.4475 	DATA 	stimulation stopped
782.4475 	DATA 	
783.1141 	DATA 	Keypress: 5
783.1142 	DATA 	TR 625 | TR1 313 | TR2 312
784.0307 	DATA 	Keypress: 5
784.0307 	DATA 	TR 626 | TR1 313 | TR2 313
785.6138 	DATA 	Keypress: 5
785.6140 	DATA 	TR 627 | TR1 314 | TR2 313
786.5471 	DATA 	Keypress: 5
786.5471 	DATA 	TR 628 | TR1 314 | TR2 314
788.1302 	DATA 	Keypress: 5
788.1303 	DATA 	TR 629 | TR1 315 | TR2 314
789.0468 	DATA 	Keypress: 5
789.0469 	DATA 	TR 630 | TR1 315 | TR2 315
790.6467 	DATA 	Keypress: 5
790.6467 	DATA 	TR 631 | TR1 316 | TR2 315
791.5633 	DATA 	Keypress: 5
791.5633 	DATA 	TR 632 | TR1 316 | TR2 316
793.1464 	DATA 	Keypress: 5
793.1465 	DATA 	TR 633 | TR1 317 | TR2 316
794.0636 	DATA 	Keypress: 5
794.0796 	DATA 	TR 634 | TR1 317 | TR2 317
794.4463 	DATA 	
794.4463 	DATA 	Trial complete
794.4463 	DATA 	Waiting for VASO trigger to start next trial
794.4463 	DATA 	
795.6629 	DATA 	Keypress: 5
795.6629 	DATA 	Waited 1.21663498878479 seconds for trigger
795.6637 	DATA 	
795.6637 	DATA 	Trial 28
795.6637 	DATA 	stimDur = 12.0
795.6637 	DATA 	jitter = 1.2545
795.6637 	DATA 	restDur = 20.0

795.6638 	DATA 	
795.6638 	DATA 	TR 635 | TR1 318 | TR2 317
796.5794 	DATA 	Keypress: 5
796.5795 	DATA 	TR 636 | TR1 318 | TR2 318
796.9293 	DATA 	
796.9293 	DATA 	stimulation started
796.9294 	DATA 	
798.1627 	DATA 	Keypress: 5
798.1627 	DATA 	TR 637 | TR1 319 | TR2 318
799.0959 	DATA 	Keypress: 5
799.0959 	DATA 	TR 638 | TR1 319 | TR2 319
800.6791 	DATA 	Keypress: 5
800.6791 	DATA 	TR 639 | TR1 320 | TR2 319
801.5957 	DATA 	Keypress: 5
801.5958 	DATA 	TR 640 | TR1 320 | TR2 320
803.1955 	DATA 	Keypress: 5
803.1956 	DATA 	TR 641 | TR1 321 | TR2 320
804.1121 	DATA 	Keypress: 5
804.1121 	DATA 	TR 642 | TR1 321 | TR2 321
805.6953 	DATA 	Keypress: 5
805.6953 	DATA 	TR 643 | TR1 322 | TR2 321
806.6127 	DATA 	Keypress: 5
806.6285 	DATA 	TR 644 | TR1 322 | TR2 322
808.2117 	DATA 	Keypress: 5
808.2118 	DATA 	TR 645 | TR1 323 | TR2 322
808.9282 	DATA 	
808.9283 	DATA 	stimulation stopped
808.9283 	DATA 	
809.1282 	DATA 	Keypress: 5
809.1283 	DATA 	TR 646 | TR1 323 | TR2 323
810.7281 	DATA 	Keypress: 5
810.7281 	DATA 	TR 647 | TR1 324 | TR2 323
811.6446 	DATA 	Keypress: 5
811.6447 	DATA 	TR 648 | TR1 324 | TR2 324
813.2278 	DATA 	Keypress: 5
813.2279 	DATA 	TR 649 | TR1 325 | TR2 324
814.1444 	DATA 	Keypress: 5
814.1445 	DATA 	TR 650 | TR1 325 | TR2 325
815.7442 	DATA 	Keypress: 5
815.7443 	DATA 	TR 651 | TR1 326 | TR2 325
816.6610 	DATA 	Keypress: 5
816.6611 	DATA 	TR 652 | TR1 326 | TR2 326
818.2440 	DATA 	Keypress: 5
818.2441 	DATA 	TR 653 | TR1 327 | TR2 326
819.1774 	DATA 	Keypress: 5
819.1774 	DATA 	TR 654 | TR1 327 | TR2 327
820.7605 	DATA 	Keypress: 5
820.7606 	DATA 	TR 655 | TR1 328 | TR2 327
821.6770 	DATA 	Keypress: 5
821.6771 	DATA 	TR 656 | TR1 328 | TR2 328
823.2769 	DATA 	Keypress: 5
823.2769 	DATA 	TR 657 | TR1 329 | TR2 328
824.1934 	DATA 	Keypress: 5
824.1935 	DATA 	TR 658 | TR1 329 | TR2 329
825.7766 	DATA 	Keypress: 5
825.7767 	DATA 	TR 659 | TR1 330 | TR2 329
826.6932 	DATA 	Keypress: 5
826.6933 	DATA 	TR 660 | TR1 330 | TR2 330
828.2930 	DATA 	Keypress: 5
828.2931 	DATA 	TR 661 | TR1 331 | TR2 330
828.9263 	DATA 	
828.9263 	DATA 	Trial complete
828.9263 	DATA 	Waiting for VASO trigger to start next trial
828.9263 	DATA 	
829.2097 	DATA 	Keypress: 5
829.2097 	DATA 	TR 662 | TR1 331 | TR2 331
830.7928 	DATA 	Keypress: 5
830.7929 	DATA 	Waited 1.866563081741333 seconds for trigger
830.7937 	DATA 	
830.7937 	DATA 	Trial 29
830.7937 	DATA 	stimDur = 4.0
830.7937 	DATA 	jitter = 0.0
830.7937 	DATA 	restDur = 16.0

830.7937 	DATA 	
830.7937 	DATA 	TR 663 | TR1 332 | TR2 331
830.7937 	DATA 	
830.7937 	DATA 	stimulation started
830.7937 	DATA 	
831.7262 	DATA 	Keypress: 5
831.7263 	DATA 	TR 664 | TR1 332 | TR2 332
833.3093 	DATA 	Keypress: 5
833.3093 	DATA 	TR 665 | TR1 333 | TR2 332
834.2259 	DATA 	Keypress: 5
834.2259 	DATA 	TR 666 | TR1 333 | TR2 333
834.8091 	DATA 	
834.8091 	DATA 	stimulation stopped
834.8091 	DATA 	
835.8257 	DATA 	Keypress: 5
835.8257 	DATA 	TR 667 | TR1 334 | TR2 333
836.7422 	DATA 	Keypress: 5
836.7423 	DATA 	TR 668 | TR1 334 | TR2 334
838.3254 	DATA 	Keypress: 5
838.3255 	DATA 	TR 669 | TR1 335 | TR2 334
838.3921 	DATA 	Target presented
838.8920 	DATA 	Keypress: 1
838.8921 	DATA 	Key1 pressed
838.8921 	DATA 	Target detected
839.2420 	DATA 	Keypress: 5
839.2421 	DATA 	TR 670 | TR1 335 | TR2 335
840.8418 	DATA 	Keypress: 5
840.8419 	DATA 	TR 671 | TR1 336 | TR2 335
841.7585 	DATA 	Keypress: 5
841.7585 	DATA 	TR 672 | TR1 336 | TR2 336
843.3423 	DATA 	Keypress: 5
843.3582 	DATA 	TR 673 | TR1 337 | TR2 336
844.2749 	DATA 	Keypress: 5
844.2749 	DATA 	TR 674 | TR1 337 | TR2 337
845.8581 	DATA 	Keypress: 5
845.8581 	DATA 	TR 675 | TR1 338 | TR2 337
846.7746 	DATA 	Keypress: 5
846.7747 	DATA 	TR 676 | TR1 338 | TR2 338
848.3745 	DATA 	Keypress: 5
848.3746 	DATA 	TR 677 | TR1 339 | TR2 338
849.2911 	DATA 	Keypress: 5
849.2911 	DATA 	TR 678 | TR1 339 | TR2 339
850.8076 	DATA 	
850.8076 	DATA 	Trial complete
850.8076 	DATA 	
850.8743 	DATA 	Keypress: 5
850.8743 	DATA 	Waited 21.948013067245483 seconds for trigger
850.8751 	DATA 	
850.8751 	DATA 	Trial 30
850.8751 	DATA 	stimDur = 4.0
850.8751 	DATA 	jitter = 1.2545
850.8751 	DATA 	restDur = 16.0

850.8751 	DATA 	
850.8751 	DATA 	TR 679 | TR1 340 | TR2 339
851.8075 	DATA 	Keypress: 5
851.8076 	DATA 	TR 680 | TR1 340 | TR2 340
852.1408 	DATA 	
852.1408 	DATA 	stimulation started
852.1408 	DATA 	
853.3908 	DATA 	Keypress: 5
853.3908 	DATA 	TR 681 | TR1 341 | TR2 340
854.3074 	DATA 	Keypress: 5
854.3074 	DATA 	TR 682 | TR1 341 | TR2 341
855.8914 	DATA 	Keypress: 5
855.9071 	DATA 	TR 683 | TR1 342 | TR2 341
856.1405 	DATA 	
856.1405 	DATA 	stimulation stopped
856.1405 	DATA 	
856.8237 	DATA 	Keypress: 5
856.8238 	DATA 	TR 684 | TR1 342 | TR2 342
858.4069 	DATA 	Keypress: 5
858.4069 	DATA 	TR 685 | TR1 343 | TR2 342
859.3235 	DATA 	Keypress: 5
859.3235 	DATA 	TR 686 | TR1 343 | TR2 343
860.9234 	DATA 	Keypress: 5
860.9234 	DATA 	TR 687 | TR1 344 | TR2 343
861.8399 	DATA 	Keypress: 5
861.8400 	DATA 	TR 688 | TR1 344 | TR2 344
863.4231 	DATA 	Keypress: 5
863.4232 	DATA 	TR 689 | TR1 345 | TR2 344
864.3563 	DATA 	Keypress: 5
864.3564 	DATA 	TR 690 | TR1 345 | TR2 345
865.9395 	DATA 	Keypress: 5
865.9396 	DATA 	TR 691 | TR1 346 | TR2 345
866.8561 	DATA 	Keypress: 5
866.8562 	DATA 	TR 692 | TR1 346 | TR2 346
868.4560 	DATA 	Keypress: 5
868.4560 	DATA 	TR 693 | TR1 347 | TR2 346
869.3726 	DATA 	Keypress: 5
869.3726 	DATA 	TR 694 | TR1 347 | TR2 347
870.9557 	DATA 	Keypress: 5
870.9558 	DATA 	TR 695 | TR1 348 | TR2 347
871.8723 	DATA 	Keypress: 5
871.8724 	DATA 	TR 696 | TR1 348 | TR2 348
872.1389 	DATA 	
872.1389 	DATA 	Trial complete
872.1389 	DATA 	
873.4722 	DATA 	Keypress: 5
873.4723 	DATA 	TR 697 | TR1 349 | TR2 348
874.3887 	DATA 	Keypress: 5
874.3888 	DATA 	TR 698 | TR1 349 | TR2 349
875.9720 	DATA 	Keypress: 5
875.9720 	DATA 	TR 699 | TR1 350 | TR2 349
876.9052 	DATA 	Keypress: 5
876.9052 	DATA 	TR 700 | TR1 350 | TR2 350
878.4884 	DATA 	Keypress: 5
878.4885 	DATA 	TR 701 | TR1 351 | TR2 350
879.4050 	DATA 	Keypress: 5
879.4050 	DATA 	TR 702 | TR1 351 | TR2 351
881.0048 	DATA 	Keypress: 5
881.0049 	DATA 	TR 703 | TR1 352 | TR2 351
881.9214 	DATA 	Keypress: 5
881.9214 	DATA 	TR 704 | TR1 352 | TR2 352
883.5046 	DATA 	Keypress: 5
883.5046 	DATA 	TR 705 | TR1 353 | TR2 352
884.4213 	DATA 	Keypress: 5
884.4214 	DATA 	TR 706 | TR1 353 | TR2 353
886.0211 	DATA 	Keypress: 5
886.0211 	DATA 	TR 707 | TR1 354 | TR2 353
886.9376 	DATA 	Keypress: 5
886.9376 	DATA 	TR 708 | TR1 354 | TR2 354
888.5215 	DATA 	Keypress: 5
888.5375 	DATA 	TR 709 | TR1 355 | TR2 354
889.4540 	DATA 	Keypress: 5
889.4541 	DATA 	TR 710 | TR1 355 | TR2 355
891.0373 	DATA 	Keypress: 5
891.0373 	DATA 	TR 711 | TR1 356 | TR2 355
891.9538 	DATA 	Keypress: 5
891.9539 	DATA 	TR 712 | TR1 356 | TR2 356
892.5204 	DATA 	Target presented
893.0705 	DATA 	Keypress: 1
893.0706 	DATA 	Key1 pressed
893.0706 	DATA 	Target detected
893.5537 	DATA 	Keypress: 5
893.5537 	DATA 	TR 713 | TR1 357 | TR2 356
894.4703 	DATA 	Keypress: 5
894.4703 	DATA 	TR 714 | TR1 357 | TR2 357
896.0535 	DATA 	Keypress: 5
896.0535 	DATA 	TR 715 | TR1 358 | TR2 357
896.9707 	DATA 	Keypress: 5
896.9867 	DATA 	TR 716 | TR1 358 | TR2 358
898.5699 	DATA 	Keypress: 5
898.5700 	DATA 	TR 717 | TR1 359 | TR2 358
899.4865 	DATA 	Keypress: 5
899.4865 	DATA 	TR 718 | TR1 359 | TR2 359
901.0864 	DATA 	Keypress: 5
901.0864 	DATA 	TR 719 | TR1 360 | TR2 359
902.0029 	DATA 	Keypress: 5
902.0030 	DATA 	TR 720 | TR1 360 | TR2 360
903.5861 	DATA 	Keypress: 5
903.5862 	DATA 	TR 721 | TR1 361 | TR2 360
904.5027 	DATA 	Keypress: 5
904.5027 	DATA 	TR 722 | TR1 361 | TR2 361
906.1025 	DATA 	Keypress: 5
906.1026 	DATA 	TR 723 | TR1 362 | TR2 361
907.0192 	DATA 	Keypress: 5
907.0192 	DATA 	TR 724 | TR1 362 | TR2 362
908.6023 	DATA 	Keypress: 5
908.6024 	DATA 	TR 725 | TR1 363 | TR2 362
909.5356 	DATA 	Keypress: 5
909.5356 	DATA 	TR 726 | TR1 363 | TR2 363
911.1188 	DATA 	Keypress: 5
911.1188 	DATA 	TR 727 | TR1 364 | TR2 363
912.0354 	DATA 	Keypress: 5
912.0354 	DATA 	TR 728 | TR1 364 | TR2 364
913.6352 	DATA 	Keypress: 5
913.6353 	DATA 	TR 729 | TR1 365 | TR2 364
914.5519 	DATA 	Keypress: 5
914.5520 	DATA 	TR 730 | TR1 365 | TR2 365
916.1350 	DATA 	Keypress: 5
916.1351 	DATA 	TR 731 | TR1 366 | TR2 365
917.0516 	DATA 	Keypress: 5
917.0516 	DATA 	TR 732 | TR1 366 | TR2 366
918.6514 	DATA 	Keypress: 5
918.6515 	DATA 	TR 733 | TR1 367 | TR2 366
919.5680 	DATA 	Keypress: 5
919.5681 	DATA 	TR 734 | TR1 367 | TR2 367
921.1512 	DATA 	Keypress: 5
921.1513 	DATA 	TR 735 | TR1 368 | TR2 367
922.0847 	DATA 	Keypress: 5
922.0847 	DATA 	TR 736 | TR1 368 | TR2 368
923.6677 	DATA 	Keypress: 5
923.6677 	DATA 	TR 737 | TR1 369 | TR2 368
923.7176 	DATA 	EndOfRun sub-04_ses-01_run-03

923.7176 	DATA 	We spent 58.3476722240448 seconds waiting for triggers
923.7176 	DATA 	RatioOfDetectedTargets 0.8571428571428571
923.7176 	DATA 	You have detected 12 out of 14 targets.
928.5417 	DATA 	Keypress: 5
928.5419 	DATA 	Keypress: 5
928.5420 	DATA 	Keypress: 5
928.7491 	EXP 	window1: mouseVisible = True
