MonitorDistance=99cm
MonitorWidth=30cm
PixelWidth=1024.0
PixelHeight=768.0
You have detected 12 out of 14 targets.
Well done! Keep up the good work
7.9803 	INFO 	Loaded monitor calibration from ['2021_05_26 17:55']
8.4396 	EXP 	Created window1 = Window(allowGUI=False, allowStencil=False, autoLog=True, backendConf=UNKNOWN, bitsMode=UNKNOWN, blendMode='avg', bpc=(8, 8, 8), color=array([-0.5, -0.5, -0.5]), colorSpace='rgb', depthBits=8, fullscr=<method-wrapper '__getattribute__' of attributeSetter object at 0x7f017e5d2080>, gamma=None, gammaErrorPolicy='raise', lms=UNKNOWN, monitor=<psychopy.monitors.calibTools.Monitor object at 0x7f016b7e4a90>, multiSample=False, name='window1', numSamples=2, pos=[0.0, 0.0], screen=0, size=array([1024,  768]), stencilBits=0, stereo=False, units='deg', useFBO=False, useRetina=False, viewOri=0.0, viewPos=None, viewScale=None, waitBlanking=True, winType='pyglet')
8.4397 	EXP 	window1: mouseVisible = True
8.5106 	EXP 	Created unnamed TextStim = TextStim(__class__=<class 'psychopy.visual.text.TextStim'>, alignHoriz=method-wrapper(...), alignText='center', alignVert=method-wrapper(...), anchorHoriz='center', anchorVert='center', antialias=True, autoLog=True, bold=False, color=array([1., 1., 1.]), colorSpace='rgb', contrast=1.0, depth=0, flipHoriz=False, flipVert=False, font='', fontFiles=[], height=0.5, italic=False, languageStyle='LTR', name='unnamed TextStim', opacity=1.0, ori=0.0, pos=array([0., 0.]), rgb=UNKNOWN, text=str(...), units='deg', win=Window(...), wrapWidth=15.0)
8.5399 	EXP 	Created Movie Frame 0 = ImageStim(__class__=<class 'psychopy.visual.image.ImageStim'>, autoLog=True, color=array([0.8, 0.8, 0.8]), colorSpace='rgb', contrast=0.8, depth=0, flipHoriz=False, flipVert=False, image='visual_0.png', interpolate=False, mask=None, maskParams=None, name='Movie Frame 0', opacity=1, ori=0.0, pos=array([0., 0.]), size=array([1024,  768]), texRes=128, units='pix', win=Window(...))
8.5686 	EXP 	Created Movie Frame 1 = ImageStim(__class__=<class 'psychopy.visual.image.ImageStim'>, autoLog=True, color=array([0.8, 0.8, 0.8]), colorSpace='rgb', contrast=0.8, depth=0, flipHoriz=False, flipVert=False, image='visual_1.png', interpolate=False, mask=None, maskParams=None, name='Movie Frame 1', opacity=1, ori=0.0, pos=array([0., 0.]), size=array([1024,  768]), texRes=128, units='pix', win=Window(...))
11.5688 	DATA 	Keypress: 5
0.0000 	DATA 	StartOfRun sub-04_ses-01_run-02
0.0000 	DATA 	TR 1 | TR1 1 | TR2 0
0.0130 	DATA 	Initial baseline

0.9187 	DATA 	Keypress: 5
0.9188 	DATA 	TR 2 | TR1 1 | TR2 1
2.5089 	DATA 	Keypress: 5
2.5090 	DATA 	TR 3 | TR1 2 | TR2 1
3.4291 	DATA 	Keypress: 5
3.4291 	DATA 	TR 4 | TR1 2 | TR2 2
5.0193 	DATA 	Keypress: 5
5.0193 	DATA 	TR 5 | TR1 3 | TR2 2
5.9385 	DATA 	Keypress: 5
5.9386 	DATA 	TR 6 | TR1 3 | TR2 3
7.5288 	DATA 	Keypress: 5
7.5288 	DATA 	TR 7 | TR1 4 | TR2 3
8.4489 	DATA 	Keypress: 5
8.4490 	DATA 	TR 8 | TR1 4 | TR2 4
10.0392 	DATA 	Keypress: 5
10.0392 	DATA 	TR 9 | TR1 5 | TR2 4
10.9593 	DATA 	Keypress: 5
10.9594 	DATA 	TR 10 | TR1 5 | TR2 5
12.5496 	DATA 	Keypress: 5
12.5496 	DATA 	TR 11 | TR1 6 | TR2 5
13.4687 	DATA 	Keypress: 5
13.4687 	DATA 	TR 12 | TR1 6 | TR2 6
15.0590 	DATA 	Keypress: 5
15.0590 	DATA 	TR 13 | TR1 7 | TR2 6
15.9791 	DATA 	Keypress: 5
15.9791 	DATA 	TR 14 | TR1 7 | TR2 7
17.5694 	DATA 	Keypress: 5
17.5694 	DATA 	TR 15 | TR1 8 | TR2 7
18.4896 	DATA 	Keypress: 5
18.4896 	DATA 	TR 16 | TR1 8 | TR2 8
20.0798 	DATA 	Keypress: 5
20.0798 	DATA 	TR 17 | TR1 9 | TR2 8
20.9989 	DATA 	Keypress: 5
20.9990 	DATA 	TR 18 | TR1 9 | TR2 9
22.5892 	DATA 	Keypress: 5
22.5892 	DATA 	TR 19 | TR1 10 | TR2 9
23.5093 	DATA 	Keypress: 5
23.5094 	DATA 	TR 20 | TR1 10 | TR2 10
25.0996 	DATA 	Keypress: 5
25.0996 	DATA 	TR 21 | TR1 11 | TR2 10
26.0197 	DATA 	Keypress: 5
26.0198 	DATA 	TR 22 | TR1 11 | TR2 11
27.6100 	DATA 	Keypress: 5
27.6100 	DATA 	TR 23 | TR1 12 | TR2 11
28.5291 	DATA 	Keypress: 5
28.5291 	DATA 	TR 24 | TR1 12 | TR2 12
30.1294 	DATA 	Keypress: 5
30.1295 	DATA 	Waited 0.12944293022155762 seconds for trigger
30.1309 	DATA 	
30.1309 	DATA 	Trial 1
30.1309 	DATA 	stimDur = 24.0
30.1309 	DATA 	jitter = 0.8363333333333333
30.1309 	DATA 	restDur = 24.0

30.1309 	DATA 	
30.1309 	DATA 	TR 25 | TR1 13 | TR2 12
30.9793 	DATA 	
30.9793 	DATA 	stimulation started
30.9793 	DATA 	
31.0461 	DATA 	Keypress: 5
31.0461 	DATA 	TR 26 | TR1 13 | TR2 13
32.6301 	DATA 	Keypress: 5
32.6460 	DATA 	TR 27 | TR1 14 | TR2 13
33.5626 	DATA 	Keypress: 5
33.5627 	DATA 	TR 28 | TR1 14 | TR2 14
35.1459 	DATA 	Keypress: 5
35.1459 	DATA 	TR 29 | TR1 15 | TR2 14
36.0624 	DATA 	Keypress: 5
36.0625 	DATA 	TR 30 | TR1 15 | TR2 15
37.6622 	DATA 	Keypress: 5
37.6622 	DATA 	TR 31 | TR1 16 | TR2 15
38.5788 	DATA 	Keypress: 5
38.5789 	DATA 	TR 32 | TR1 16 | TR2 16
40.1619 	DATA 	Keypress: 5
40.1619 	DATA 	TR 33 | TR1 17 | TR2 16
41.0952 	DATA 	Keypress: 5
41.0952 	DATA 	TR 34 | TR1 17 | TR2 17
42.6782 	DATA 	Keypress: 5
42.6782 	DATA 	TR 35 | TR1 18 | TR2 17
43.5947 	DATA 	Keypress: 5
43.5948 	DATA 	TR 36 | TR1 18 | TR2 18
45.1945 	DATA 	Keypress: 5
45.1946 	DATA 	TR 37 | TR1 19 | TR2 18
46.1112 	DATA 	Keypress: 5
46.1112 	DATA 	TR 38 | TR1 19 | TR2 19
47.6942 	DATA 	Keypress: 5
47.6942 	DATA 	TR 39 | TR1 20 | TR2 19
48.6107 	DATA 	Keypress: 5
48.6108 	DATA 	TR 40 | TR1 20 | TR2 20
50.2105 	DATA 	Keypress: 5
50.2105 	DATA 	TR 41 | TR1 21 | TR2 20
51.1271 	DATA 	Keypress: 5
51.1271 	DATA 	TR 42 | TR1 21 | TR2 21
52.7101 	DATA 	Keypress: 5
52.7102 	DATA 	TR 43 | TR1 22 | TR2 21
53.6433 	DATA 	Keypress: 5
53.6434 	DATA 	TR 44 | TR1 22 | TR2 22
54.9764 	DATA 	
54.9764 	DATA 	stimulation stopped
54.9764 	DATA 	
55.2263 	DATA 	Keypress: 5
55.2264 	DATA 	TR 45 | TR1 23 | TR2 22
56.1430 	DATA 	Keypress: 5
56.1430 	DATA 	TR 46 | TR1 23 | TR2 23
57.7427 	DATA 	Keypress: 5
57.7427 	DATA 	TR 47 | TR1 24 | TR2 23
58.6592 	DATA 	Keypress: 5
58.6592 	DATA 	TR 48 | TR1 24 | TR2 24
60.2423 	DATA 	Keypress: 5
60.2423 	DATA 	TR 49 | TR1 25 | TR2 24
61.1588 	DATA 	Keypress: 5
61.1588 	DATA 	TR 50 | TR1 25 | TR2 25
62.7585 	DATA 	Keypress: 5
62.7586 	DATA 	TR 51 | TR1 26 | TR2 25
63.6751 	DATA 	Keypress: 5
63.6752 	DATA 	TR 52 | TR1 26 | TR2 26
65.2581 	DATA 	Keypress: 5
65.2582 	DATA 	TR 53 | TR1 27 | TR2 26
66.1914 	DATA 	Keypress: 5
66.1914 	DATA 	TR 54 | TR1 27 | TR2 27
67.7745 	DATA 	Keypress: 5
67.7745 	DATA 	TR 55 | TR1 28 | TR2 27
68.6911 	DATA 	Keypress: 5
68.6911 	DATA 	TR 56 | TR1 28 | TR2 28
70.2908 	DATA 	Keypress: 5
70.2908 	DATA 	TR 57 | TR1 29 | TR2 28
71.2073 	DATA 	Keypress: 5
71.2074 	DATA 	TR 58 | TR1 29 | TR2 29
72.7904 	DATA 	Keypress: 5
72.7905 	DATA 	TR 59 | TR1 30 | TR2 29
73.7069 	DATA 	Keypress: 5
73.7070 	DATA 	TR 60 | TR1 30 | TR2 30
75.3067 	DATA 	Keypress: 5
75.3068 	DATA 	TR 61 | TR1 31 | TR2 30
76.2233 	DATA 	Keypress: 5
76.2233 	DATA 	TR 62 | TR1 31 | TR2 31
77.8230 	DATA 	Keypress: 5
77.8230 	DATA 	TR 63 | TR1 32 | TR2 31
78.7396 	DATA 	Keypress: 5
78.7396 	DATA 	TR 64 | TR1 32 | TR2 32
78.9728 	DATA 	
78.9728 	DATA 	Trial complete
78.9728 	DATA 	Waiting for VASO trigger to start next trial
78.9728 	DATA 	
80.3226 	DATA 	Keypress: 5
80.3227 	DATA 	Waited 1.349848985671997 seconds for trigger
80.3235 	DATA 	
80.3235 	DATA 	Trial 2
80.3235 	DATA 	stimDur = 2.0
80.3235 	DATA 	jitter = 0.4181666666666666
80.3235 	DATA 	restDur = 14.0

80.3235 	DATA 	
80.3235 	DATA 	TR 65 | TR1 33 | TR2 32
80.5726 	DATA 	Target presented
80.7559 	DATA 	
80.7559 	DATA 	stimulation started
80.7559 	DATA 	
81.1059 	DATA 	Keypress: 1
81.1060 	DATA 	Key1 pressed
81.1060 	DATA 	Target detected
81.2392 	DATA 	Keypress: 5
81.2392 	DATA 	TR 66 | TR1 33 | TR2 33
82.7556 	DATA 	
82.7556 	DATA 	stimulation stopped
82.7556 	DATA 	
82.8391 	DATA 	Keypress: 5
82.8391 	DATA 	TR 67 | TR1 34 | TR2 33
83.7556 	DATA 	Keypress: 5
83.7556 	DATA 	TR 68 | TR1 34 | TR2 34
85.3386 	DATA 	Keypress: 5
85.3386 	DATA 	TR 69 | TR1 35 | TR2 34
86.2558 	DATA 	Keypress: 5
86.2718 	DATA 	TR 70 | TR1 35 | TR2 35
87.8549 	DATA 	Keypress: 5
87.8550 	DATA 	TR 71 | TR1 36 | TR2 35
88.7714 	DATA 	Keypress: 5
88.7714 	DATA 	TR 72 | TR1 36 | TR2 36
90.3712 	DATA 	Keypress: 5
90.3712 	DATA 	TR 73 | TR1 37 | TR2 36
91.2878 	DATA 	Keypress: 5
91.2878 	DATA 	TR 74 | TR1 37 | TR2 37
92.8709 	DATA 	Keypress: 5
92.8709 	DATA 	TR 75 | TR1 38 | TR2 37
93.7873 	DATA 	Keypress: 5
93.7873 	DATA 	TR 76 | TR1 38 | TR2 38
95.3872 	DATA 	Keypress: 5
95.3872 	DATA 	TR 77 | TR1 39 | TR2 38
96.3037 	DATA 	Keypress: 5
96.3037 	DATA 	TR 78 | TR1 39 | TR2 39
96.7536 	DATA 	
96.7536 	DATA 	Trial complete
96.7536 	DATA 	Waiting for VASO trigger to start next trial
96.7536 	DATA 	
97.8868 	DATA 	Keypress: 5
97.8869 	DATA 	Waited 1.1332581043243408 seconds for trigger
97.8877 	DATA 	
97.8877 	DATA 	Trial 3
97.8877 	DATA 	stimDur = 12.0
97.8877 	DATA 	jitter = 2.0908333333333333
97.8877 	DATA 	restDur = 20.0

97.8877 	DATA 	
97.8877 	DATA 	TR 79 | TR1 40 | TR2 39
98.8202 	DATA 	Keypress: 5
98.8202 	DATA 	TR 80 | TR1 40 | TR2 40
99.9865 	DATA 	
99.9865 	DATA 	stimulation started
99.9865 	DATA 	
100.4032 	DATA 	Keypress: 5
100.4033 	DATA 	TR 81 | TR1 41 | TR2 40
101.3197 	DATA 	Keypress: 5
101.3198 	DATA 	TR 82 | TR1 41 | TR2 41
102.9195 	DATA 	Keypress: 5
102.9196 	DATA 	TR 83 | TR1 42 | TR2 41
103.8361 	DATA 	Keypress: 5
103.8361 	DATA 	TR 84 | TR1 42 | TR2 42
105.4192 	DATA 	Keypress: 5
105.4192 	DATA 	TR 85 | TR1 43 | TR2 42
106.3358 	DATA 	Keypress: 5
106.3358 	DATA 	TR 86 | TR1 43 | TR2 43
107.9354 	DATA 	Keypress: 5
107.9355 	DATA 	TR 87 | TR1 44 | TR2 43
108.8520 	DATA 	Keypress: 5
108.8521 	DATA 	TR 88 | TR1 44 | TR2 44
110.4352 	DATA 	Keypress: 5
110.4353 	DATA 	TR 89 | TR1 45 | TR2 44
111.3684 	DATA 	Keypress: 5
111.3684 	DATA 	TR 90 | TR1 45 | TR2 45
111.9849 	DATA 	
111.9849 	DATA 	stimulation stopped
111.9849 	DATA 	
112.9515 	DATA 	Keypress: 5
112.9515 	DATA 	TR 91 | TR1 46 | TR2 45
113.8680 	DATA 	Keypress: 5
113.8680 	DATA 	TR 92 | TR1 46 | TR2 46
115.4678 	DATA 	Keypress: 5
115.4679 	DATA 	TR 93 | TR1 47 | TR2 46
116.3844 	DATA 	Keypress: 5
116.3844 	DATA 	TR 94 | TR1 47 | TR2 47
117.9674 	DATA 	Keypress: 5
117.9675 	DATA 	TR 95 | TR1 48 | TR2 47
118.8847 	DATA 	Keypress: 5
118.9006 	DATA 	TR 96 | TR1 48 | TR2 48
120.4838 	DATA 	Keypress: 5
120.4838 	DATA 	TR 97 | TR1 49 | TR2 48
121.4003 	DATA 	Keypress: 5
121.4004 	DATA 	TR 98 | TR1 49 | TR2 49
122.9840 	DATA 	Keypress: 5
123.0001 	DATA 	TR 99 | TR1 50 | TR2 49
123.9167 	DATA 	Keypress: 5
123.9167 	DATA 	TR 100 | TR1 50 | TR2 50
125.4998 	DATA 	Keypress: 5
125.4999 	DATA 	TR 101 | TR1 51 | TR2 50
126.4163 	DATA 	Keypress: 5
126.4164 	DATA 	TR 102 | TR1 51 | TR2 51
128.0162 	DATA 	Keypress: 5
128.0162 	DATA 	TR 103 | TR1 52 | TR2 51
128.9329 	DATA 	Keypress: 5
128.9329 	DATA 	TR 104 | TR1 52 | TR2 52
130.5158 	DATA 	Keypress: 5
130.5159 	DATA 	TR 105 | TR1 53 | TR2 52
131.4490 	DATA 	Keypress: 5
131.4491 	DATA 	TR 106 | TR1 53 | TR2 53
131.9822 	DATA 	
131.9823 	DATA 	Trial complete
131.9823 	DATA 	Waiting for VASO trigger to start next trial
131.9823 	DATA 	
133.0322 	DATA 	Keypress: 5
133.0322 	DATA 	Waited 1.0499320030212402 seconds for trigger
133.0330 	DATA 	
133.0330 	DATA 	Trial 4
133.0330 	DATA 	stimDur = 4.0
133.0330 	DATA 	jitter = 1.6726666666666663
133.0330 	DATA 	restDur = 16.0

133.0330 	DATA 	
133.0330 	DATA 	TR 107 | TR1 54 | TR2 53
133.9487 	DATA 	Keypress: 5
133.9488 	DATA 	TR 108 | TR1 54 | TR2 54
134.7152 	DATA 	
134.7153 	DATA 	stimulation started
134.7153 	DATA 	
135.5486 	DATA 	Keypress: 5
135.5486 	DATA 	TR 109 | TR1 55 | TR2 54
136.4651 	DATA 	Keypress: 5
136.4652 	DATA 	TR 110 | TR1 55 | TR2 55
138.0482 	DATA 	Keypress: 5
138.0483 	DATA 	TR 111 | TR1 56 | TR2 55
138.7148 	DATA 	
138.7148 	DATA 	stimulation stopped
138.7148 	DATA 	
138.9648 	DATA 	Keypress: 5
138.9648 	DATA 	TR 112 | TR1 56 | TR2 56
140.5646 	DATA 	Keypress: 5
140.5646 	DATA 	TR 113 | TR1 57 | TR2 56
141.4811 	DATA 	Keypress: 5
141.4812 	DATA 	TR 114 | TR1 57 | TR2 57
143.0642 	DATA 	Keypress: 5
143.0643 	DATA 	TR 115 | TR1 58 | TR2 57
143.9974 	DATA 	Keypress: 5
143.9975 	DATA 	TR 116 | TR1 58 | TR2 58
145.5806 	DATA 	Keypress: 5
145.5806 	DATA 	TR 117 | TR1 59 | TR2 58
146.4972 	DATA 	Keypress: 5
146.4972 	DATA 	TR 118 | TR1 59 | TR2 59
148.0969 	DATA 	Keypress: 5
148.0970 	DATA 	TR 119 | TR1 60 | TR2 59
149.0135 	DATA 	Keypress: 5
149.0135 	DATA 	TR 120 | TR1 60 | TR2 60
150.5967 	DATA 	Keypress: 5
150.5967 	DATA 	TR 121 | TR1 61 | TR2 60
151.5131 	DATA 	Keypress: 5
151.5132 	DATA 	TR 122 | TR1 61 | TR2 61
153.1130 	DATA 	Keypress: 5
153.1131 	DATA 	TR 123 | TR1 62 | TR2 61
154.0296 	DATA 	Keypress: 5
154.0296 	DATA 	TR 124 | TR1 62 | TR2 62
154.7128 	DATA 	
154.7128 	DATA 	Trial complete
154.7128 	DATA 	Waiting for VASO trigger to start next trial
154.7128 	DATA 	
155.2960 	DATA 	Target presented
155.6128 	DATA 	Keypress: 5
155.6128 	DATA 	Waited 0.9000558853149414 seconds for trigger
155.6136 	DATA 	
155.6136 	DATA 	Trial 5
155.6136 	DATA 	stimDur = 2.0
155.6136 	DATA 	jitter = 0.8363333333333333
155.6136 	DATA 	restDur = 14.0

155.6137 	DATA 	
155.6137 	DATA 	TR 125 | TR1 63 | TR2 62
155.9627 	DATA 	Keypress: 1
155.9627 	DATA 	Key1 pressed
155.9627 	DATA 	Target detected
156.4626 	DATA 	
156.4626 	DATA 	stimulation started
156.4626 	DATA 	
156.5459 	DATA 	Keypress: 5
156.5460 	DATA 	TR 126 | TR1 63 | TR2 63
158.1291 	DATA 	Keypress: 5
158.1291 	DATA 	TR 127 | TR1 64 | TR2 63
158.4624 	DATA 	
158.4624 	DATA 	stimulation stopped
158.4624 	DATA 	
159.0456 	DATA 	Keypress: 5
159.0457 	DATA 	TR 128 | TR1 64 | TR2 64
160.6454 	DATA 	Keypress: 5
160.6454 	DATA 	TR 129 | TR1 65 | TR2 64
161.5620 	DATA 	Keypress: 5
161.5620 	DATA 	TR 130 | TR1 65 | TR2 65
163.1451 	DATA 	Keypress: 5
163.1452 	DATA 	TR 131 | TR1 66 | TR2 65
164.0617 	DATA 	Keypress: 5
164.0617 	DATA 	TR 132 | TR1 66 | TR2 66
165.6615 	DATA 	Keypress: 5
165.6615 	DATA 	TR 133 | TR1 67 | TR2 66
166.5780 	DATA 	Keypress: 5
166.5781 	DATA 	TR 134 | TR1 67 | TR2 67
168.1618 	DATA 	Keypress: 5
168.1777 	DATA 	TR 135 | TR1 68 | TR2 67
169.0944 	DATA 	Keypress: 5
169.0945 	DATA 	TR 136 | TR1 68 | TR2 68
170.6775 	DATA 	Keypress: 5
170.6776 	DATA 	TR 137 | TR1 69 | TR2 68
171.5941 	DATA 	Keypress: 5
171.5942 	DATA 	TR 138 | TR1 69 | TR2 69
172.4606 	DATA 	
172.4606 	DATA 	Trial complete
172.4607 	DATA 	Waiting for VASO trigger to start next trial
172.4607 	DATA 	
173.1939 	DATA 	Keypress: 5
173.1940 	DATA 	Waited 0.7332990169525146 seconds for trigger
173.1947 	DATA 	
173.1947 	DATA 	Trial 6
173.1948 	DATA 	stimDur = 1.0
173.1948 	DATA 	jitter = 0.0
173.1948 	DATA 	restDur = 12.0

173.1948 	DATA 	
173.1948 	DATA 	TR 139 | TR1 70 | TR2 69
173.1948 	DATA 	
173.1948 	DATA 	stimulation started
173.1948 	DATA 	
174.1106 	DATA 	Keypress: 5
174.1106 	DATA 	TR 140 | TR1 70 | TR2 70
174.2105 	DATA 	
174.2105 	DATA 	stimulation stopped
174.2105 	DATA 	
175.6936 	DATA 	Keypress: 5
175.6937 	DATA 	TR 141 | TR1 71 | TR2 70
176.6268 	DATA 	Keypress: 5
176.6269 	DATA 	TR 142 | TR1 71 | TR2 71
178.2100 	DATA 	Keypress: 5
178.2101 	DATA 	TR 143 | TR1 72 | TR2 71
179.1266 	DATA 	Keypress: 5
179.1266 	DATA 	TR 144 | TR1 72 | TR2 72
180.7264 	DATA 	Keypress: 5
180.7264 	DATA 	TR 145 | TR1 73 | TR2 72
181.6430 	DATA 	Keypress: 5
181.6430 	DATA 	TR 146 | TR1 73 | TR2 73
183.2261 	DATA 	Keypress: 5
183.2261 	DATA 	TR 147 | TR1 74 | TR2 73
184.1426 	DATA 	Keypress: 5
184.1426 	DATA 	TR 148 | TR1 74 | TR2 74
185.7423 	DATA 	Keypress: 5
185.7423 	DATA 	TR 149 | TR1 75 | TR2 74
186.2088 	DATA 	
186.2088 	DATA 	Trial complete
186.2089 	DATA 	Waiting for VASO trigger to start next trial
186.2089 	DATA 	
186.6588 	DATA 	Keypress: 5
186.6589 	DATA 	TR 150 | TR1 75 | TR2 75
188.2419 	DATA 	Keypress: 5
188.2420 	DATA 	Waited 2.0330939292907715 seconds for trigger
188.2427 	DATA 	
188.2427 	DATA 	Trial 7
188.2428 	DATA 	stimDur = 12.0
188.2428 	DATA 	jitter = 0.8363333333333333
188.2428 	DATA 	restDur = 20.0

188.2428 	DATA 	
188.2428 	DATA 	TR 151 | TR1 76 | TR2 75
189.0918 	DATA 	
189.0918 	DATA 	stimulation started
189.0918 	DATA 	
189.1752 	DATA 	Keypress: 5
189.1753 	DATA 	TR 152 | TR1 76 | TR2 76
190.7583 	DATA 	Keypress: 5
190.7583 	DATA 	TR 153 | TR1 77 | TR2 76
191.6748 	DATA 	Keypress: 5
191.6748 	DATA 	TR 154 | TR1 77 | TR2 77
193.2746 	DATA 	Keypress: 5
193.2747 	DATA 	TR 155 | TR1 78 | TR2 77
194.1912 	DATA 	Keypress: 5
194.1913 	DATA 	TR 156 | TR1 78 | TR2 78
195.7742 	DATA 	Keypress: 5
195.7743 	DATA 	TR 157 | TR1 79 | TR2 78
196.6907 	DATA 	Keypress: 5
196.6908 	DATA 	TR 158 | TR1 79 | TR2 79
198.2905 	DATA 	Keypress: 5
198.2906 	DATA 	TR 159 | TR1 80 | TR2 79
199.2071 	DATA 	Keypress: 5
199.2071 	DATA 	TR 160 | TR1 80 | TR2 80
200.7909 	DATA 	Keypress: 5
200.8068 	DATA 	TR 161 | TR1 81 | TR2 80
201.0901 	DATA 	
201.0901 	DATA 	stimulation stopped
201.0901 	DATA 	
201.7233 	DATA 	Keypress: 5
201.7234 	DATA 	TR 162 | TR1 81 | TR2 81
203.3064 	DATA 	Keypress: 5
203.3065 	DATA 	TR 163 | TR1 82 | TR2 81
204.2229 	DATA 	Keypress: 5
204.2230 	DATA 	TR 164 | TR1 82 | TR2 82
205.8228 	DATA 	Keypress: 5
205.8228 	DATA 	TR 165 | TR1 83 | TR2 82
206.7393 	DATA 	Keypress: 5
206.7393 	DATA 	TR 166 | TR1 83 | TR2 83
208.3224 	DATA 	Keypress: 5
208.3225 	DATA 	TR 167 | TR1 84 | TR2 83
209.2395 	DATA 	Keypress: 5
209.2556 	DATA 	TR 168 | TR1 84 | TR2 84
210.8387 	DATA 	Keypress: 5
210.8388 	DATA 	TR 169 | TR1 85 | TR2 84
211.7553 	DATA 	Keypress: 5
211.7553 	DATA 	TR 170 | TR1 85 | TR2 85
213.3551 	DATA 	Keypress: 5
213.3551 	DATA 	TR 171 | TR1 86 | TR2 85
214.2716 	DATA 	Keypress: 5
214.2716 	DATA 	TR 172 | TR1 86 | TR2 86
215.8547 	DATA 	Keypress: 5
215.8547 	DATA 	TR 173 | TR1 87 | TR2 86
216.7712 	DATA 	Keypress: 5
216.7713 	DATA 	TR 174 | TR1 87 | TR2 87
218.3710 	DATA 	Keypress: 5
218.3711 	DATA 	TR 175 | TR1 88 | TR2 87
219.2874 	DATA 	Keypress: 5
219.2874 	DATA 	TR 176 | TR1 88 | TR2 88
220.8706 	DATA 	Keypress: 5
220.8707 	DATA 	TR 177 | TR1 89 | TR2 88
221.0872 	DATA 	
221.0873 	DATA 	Trial complete
221.0873 	DATA 	Waiting for VASO trigger to start next trial
221.0873 	DATA 	
221.7878 	DATA 	Keypress: 5
221.8038 	DATA 	TR 178 | TR1 89 | TR2 89
223.2537 	DATA 	Target presented
223.3870 	DATA 	Keypress: 5
223.3870 	DATA 	Waited 2.2997589111328125 seconds for trigger
223.3878 	DATA 	
223.3878 	DATA 	Trial 8
223.3878 	DATA 	stimDur = 24.0
223.3878 	DATA 	jitter = 0.0
223.3878 	DATA 	restDur = 24.0

223.3878 	DATA 	
223.3878 	DATA 	TR 179 | TR1 90 | TR2 89
223.3879 	DATA 	
223.3879 	DATA 	stimulation started
223.3879 	DATA 	
224.2203 	DATA 	Keypress: 1
224.2203 	DATA 	Key1 pressed
224.2203 	DATA 	Target detected
224.3036 	DATA 	Keypress: 5
224.3036 	DATA 	TR 180 | TR1 90 | TR2 90
225.9035 	DATA 	Keypress: 5
225.9035 	DATA 	TR 181 | TR1 91 | TR2 90
226.8201 	DATA 	Keypress: 5
226.8201 	DATA 	TR 182 | TR1 91 | TR2 91
228.4030 	DATA 	Keypress: 5
228.4031 	DATA 	TR 183 | TR1 92 | TR2 91
229.3196 	DATA 	Keypress: 5
229.3196 	DATA 	TR 184 | TR1 92 | TR2 92
230.9194 	DATA 	Keypress: 5
230.9194 	DATA 	TR 185 | TR1 93 | TR2 92
231.8359 	DATA 	Keypress: 5
231.8360 	DATA 	TR 186 | TR1 93 | TR2 93
233.4191 	DATA 	Keypress: 5
233.4191 	DATA 	TR 187 | TR1 94 | TR2 93
234.3523 	DATA 	Keypress: 5
234.3523 	DATA 	TR 188 | TR1 94 | TR2 94
235.9354 	DATA 	Keypress: 5
235.9355 	DATA 	TR 189 | TR1 95 | TR2 94
236.8519 	DATA 	Keypress: 5
236.8520 	DATA 	TR 190 | TR1 95 | TR2 95
238.4517 	DATA 	Keypress: 5
238.4518 	DATA 	TR 191 | TR1 96 | TR2 95
239.3685 	DATA 	Keypress: 5
239.3685 	DATA 	TR 192 | TR1 96 | TR2 96
240.9514 	DATA 	Keypress: 5
240.9515 	DATA 	TR 193 | TR1 97 | TR2 96
241.8681 	DATA 	Keypress: 5
241.8681 	DATA 	TR 194 | TR1 97 | TR2 97
243.4678 	DATA 	Keypress: 5
243.4678 	DATA 	TR 195 | TR1 98 | TR2 97
244.3843 	DATA 	Keypress: 5
244.3844 	DATA 	TR 196 | TR1 98 | TR2 98
245.9675 	DATA 	Keypress: 5
245.9675 	DATA 	TR 197 | TR1 99 | TR2 98
246.9006 	DATA 	Keypress: 5
246.9007 	DATA 	TR 198 | TR1 99 | TR2 99
247.4007 	DATA 	
247.4007 	DATA 	stimulation stopped
247.4007 	DATA 	
248.4838 	DATA 	Keypress: 5
248.4838 	DATA 	TR 199 | TR1 100 | TR2 99
249.4003 	DATA 	Keypress: 5
249.4003 	DATA 	TR 200 | TR1 100 | TR2 100
251.0001 	DATA 	Keypress: 5
251.0001 	DATA 	TR 201 | TR1 101 | TR2 100
251.9167 	DATA 	Keypress: 5
251.9168 	DATA 	TR 202 | TR1 101 | TR2 101
253.4997 	DATA 	Keypress: 5
253.4998 	DATA 	TR 203 | TR1 102 | TR2 101
254.4169 	DATA 	Keypress: 5
254.4329 	DATA 	TR 204 | TR1 102 | TR2 102
256.0161 	DATA 	Keypress: 5
256.0162 	DATA 	TR 205 | TR1 103 | TR2 102
256.9327 	DATA 	Keypress: 5
256.9327 	DATA 	TR 206 | TR1 103 | TR2 103
258.5325 	DATA 	Keypress: 5
258.5325 	DATA 	TR 207 | TR1 104 | TR2 103
259.4488 	DATA 	Keypress: 5
259.4489 	DATA 	TR 208 | TR1 104 | TR2 104
261.0322 	DATA 	Keypress: 5
261.0322 	DATA 	TR 209 | TR1 105 | TR2 104
261.9487 	DATA 	Keypress: 5
261.9487 	DATA 	TR 210 | TR1 105 | TR2 105
263.5485 	DATA 	Keypress: 5
263.5485 	DATA 	TR 211 | TR1 106 | TR2 105
264.4651 	DATA 	Keypress: 5
264.4651 	DATA 	TR 212 | TR1 106 | TR2 106
266.0482 	DATA 	Keypress: 5
266.0482 	DATA 	TR 213 | TR1 107 | TR2 106
266.9815 	DATA 	Keypress: 5
266.9815 	DATA 	TR 214 | TR1 107 | TR2 107
268.5645 	DATA 	Keypress: 5
268.5646 	DATA 	TR 215 | TR1 108 | TR2 107
269.4811 	DATA 	Keypress: 5
269.4812 	DATA 	TR 216 | TR1 108 | TR2 108
269.7477 	DATA 	Target presented
270.2810 	DATA 	Keypress: 1
270.2811 	DATA 	Key1 pressed
270.2811 	DATA 	Target detected
271.0809 	DATA 	Keypress: 5
271.0810 	DATA 	TR 217 | TR1 109 | TR2 108
271.3973 	DATA 	
271.3973 	DATA 	Trial complete
271.3974 	DATA 	Waiting for VASO trigger to start next trial
271.3974 	DATA 	
271.9974 	DATA 	Keypress: 5
271.9975 	DATA 	TR 218 | TR1 109 | TR2 109
273.5806 	DATA 	Keypress: 5
273.5807 	DATA 	Waited 2.183318853378296 seconds for trigger
273.5815 	DATA 	
273.5815 	DATA 	Trial 9
273.5815 	DATA 	stimDur = 4.0
273.5815 	DATA 	jitter = 0.4181666666666666
273.5815 	DATA 	restDur = 16.0

273.5815 	DATA 	
273.5815 	DATA 	TR 219 | TR1 110 | TR2 109
274.0139 	DATA 	
274.0139 	DATA 	stimulation started
274.0139 	DATA 	
274.4972 	DATA 	Keypress: 5
274.4973 	DATA 	TR 220 | TR1 110 | TR2 110
276.0971 	DATA 	Keypress: 5
276.0971 	DATA 	TR 221 | TR1 111 | TR2 110
277.0136 	DATA 	Keypress: 5
277.0136 	DATA 	TR 222 | TR1 111 | TR2 111
278.0134 	DATA 	
278.0134 	DATA 	stimulation stopped
278.0134 	DATA 	
278.5967 	DATA 	Keypress: 5
278.5967 	DATA 	TR 223 | TR1 112 | TR2 111
279.5299 	DATA 	Keypress: 5
279.5300 	DATA 	TR 224 | TR1 112 | TR2 112
281.1130 	DATA 	Keypress: 5
281.1131 	DATA 	TR 225 | TR1 113 | TR2 112
282.0296 	DATA 	Keypress: 5
282.0297 	DATA 	TR 226 | TR1 113 | TR2 113
283.6294 	DATA 	Keypress: 5
283.6295 	DATA 	TR 227 | TR1 114 | TR2 113
284.5460 	DATA 	Keypress: 5
284.5460 	DATA 	TR 228 | TR1 114 | TR2 114
286.1292 	DATA 	Keypress: 5
286.1292 	DATA 	TR 229 | TR1 115 | TR2 114
287.0457 	DATA 	Keypress: 5
287.0457 	DATA 	TR 230 | TR1 115 | TR2 115
288.6455 	DATA 	Keypress: 5
288.6456 	DATA 	TR 231 | TR1 116 | TR2 115
289.5620 	DATA 	Keypress: 5
289.5621 	DATA 	TR 232 | TR1 116 | TR2 116
291.1452 	DATA 	Keypress: 5
291.1452 	DATA 	TR 233 | TR1 117 | TR2 116
292.0785 	DATA 	Keypress: 5
292.0785 	DATA 	TR 234 | TR1 117 | TR2 117
293.6616 	DATA 	Keypress: 5
293.6616 	DATA 	TR 235 | TR1 118 | TR2 117
294.0115 	DATA 	
294.0115 	DATA 	Trial complete
294.0116 	DATA 	Waiting for VASO trigger to start next trial
294.0116 	DATA 	
294.5782 	DATA 	Keypress: 5
294.5782 	DATA 	TR 236 | TR1 118 | TR2 118
296.1781 	DATA 	Keypress: 5
296.1781 	DATA 	Waited 2.1665380001068115 seconds for trigger
296.1789 	DATA 	
296.1789 	DATA 	Trial 10
296.1789 	DATA 	stimDur = 24.0
296.1789 	DATA 	jitter = 1.6726666666666663
296.1789 	DATA 	restDur = 24.0

296.1789 	DATA 	
296.1789 	DATA 	TR 237 | TR1 119 | TR2 118
297.0946 	DATA 	Keypress: 5
297.0947 	DATA 	TR 238 | TR1 119 | TR2 119
297.8612 	DATA 	
297.8612 	DATA 	stimulation started
297.8612 	DATA 	
298.6779 	DATA 	Keypress: 5
298.6779 	DATA 	TR 239 | TR1 120 | TR2 119
299.5952 	DATA 	Keypress: 5
299.6111 	DATA 	TR 240 | TR1 120 | TR2 120
301.1943 	DATA 	Keypress: 5
301.1944 	DATA 	TR 241 | TR1 121 | TR2 120
302.1109 	DATA 	Keypress: 5
302.1109 	DATA 	TR 242 | TR1 121 | TR2 121
303.6948 	DATA 	Keypress: 5
303.7107 	DATA 	TR 243 | TR1 122 | TR2 121
304.6274 	DATA 	Keypress: 5
304.6274 	DATA 	TR 244 | TR1 122 | TR2 122
306.2105 	DATA 	Keypress: 5
306.2105 	DATA 	TR 245 | TR1 123 | TR2 122
307.1271 	DATA 	Keypress: 5
307.1272 	DATA 	TR 246 | TR1 123 | TR2 123
308.7271 	DATA 	Keypress: 5
308.7272 	DATA 	TR 247 | TR1 124 | TR2 123
309.6435 	DATA 	Keypress: 5
309.6436 	DATA 	TR 248 | TR1 124 | TR2 124
311.2268 	DATA 	Keypress: 5
311.2269 	DATA 	TR 249 | TR1 125 | TR2 124
312.1600 	DATA 	Keypress: 5
312.1600 	DATA 	TR 250 | TR1 125 | TR2 125
313.7432 	DATA 	Keypress: 5
313.7433 	DATA 	TR 251 | TR1 126 | TR2 125
314.6598 	DATA 	Keypress: 5
314.6598 	DATA 	TR 252 | TR1 126 | TR2 126
316.2597 	DATA 	Keypress: 5
316.2597 	DATA 	TR 253 | TR1 127 | TR2 126
317.1762 	DATA 	Keypress: 5
317.1763 	DATA 	TR 254 | TR1 127 | TR2 127
318.7594 	DATA 	Keypress: 5
318.7594 	DATA 	TR 255 | TR1 128 | TR2 127
319.6760 	DATA 	Keypress: 5
319.6761 	DATA 	TR 256 | TR1 128 | TR2 128
321.2758 	DATA 	Keypress: 5
321.2759 	DATA 	TR 257 | TR1 129 | TR2 128
321.8591 	DATA 	
321.8591 	DATA 	stimulation stopped
321.8591 	DATA 	
322.1924 	DATA 	Keypress: 5
322.1924 	DATA 	TR 258 | TR1 129 | TR2 129
323.7757 	DATA 	Keypress: 5
323.7758 	DATA 	TR 259 | TR1 130 | TR2 129
324.7088 	DATA 	Keypress: 5
324.7088 	DATA 	TR 260 | TR1 130 | TR2 130
326.2920 	DATA 	Keypress: 5
326.2921 	DATA 	TR 261 | TR1 131 | TR2 130
327.2086 	DATA 	Keypress: 5
327.2086 	DATA 	TR 262 | TR1 131 | TR2 131
328.8085 	DATA 	Keypress: 5
328.8085 	DATA 	TR 263 | TR1 132 | TR2 131
329.7250 	DATA 	Keypress: 5
329.7251 	DATA 	TR 264 | TR1 132 | TR2 132
331.3082 	DATA 	Keypress: 5
331.3083 	DATA 	TR 265 | TR1 133 | TR2 132
332.2248 	DATA 	Keypress: 5
332.2249 	DATA 	TR 266 | TR1 133 | TR2 133
333.8247 	DATA 	Keypress: 5
333.8247 	DATA 	TR 267 | TR1 134 | TR2 133
334.7413 	DATA 	Keypress: 5
334.7413 	DATA 	TR 268 | TR1 134 | TR2 134
336.1245 	DATA 	Target presented
336.3251 	DATA 	Keypress: 5
336.3411 	DATA 	TR 269 | TR1 135 | TR2 134
336.7744 	DATA 	Keypress: 1
336.7745 	DATA 	Key1 pressed
336.7745 	DATA 	Target detected
337.2577 	DATA 	Keypress: 5
337.2577 	DATA 	TR 270 | TR1 135 | TR2 135
338.8409 	DATA 	Keypress: 5
338.8410 	DATA 	TR 271 | TR1 136 | TR2 135
339.7575 	DATA 	Keypress: 5
339.7575 	DATA 	TR 272 | TR1 136 | TR2 136
341.3574 	DATA 	Keypress: 5
341.3574 	DATA 	TR 273 | TR1 137 | TR2 136
342.2739 	DATA 	Keypress: 5
342.2740 	DATA 	TR 274 | TR1 137 | TR2 137
343.8571 	DATA 	Keypress: 5
343.8572 	DATA 	TR 275 | TR1 138 | TR2 137
344.7743 	DATA 	Keypress: 5
344.7903 	DATA 	TR 276 | TR1 138 | TR2 138
345.8569 	DATA 	
345.8569 	DATA 	Trial complete
345.8569 	DATA 	Waiting for VASO trigger to start next trial
345.8570 	DATA 	
346.3736 	DATA 	Keypress: 5
346.3736 	DATA 	Waited 0.5166711807250977 seconds for trigger
346.3744 	DATA 	
346.3744 	DATA 	Trial 11
346.3744 	DATA 	stimDur = 1.0
346.3744 	DATA 	jitter = 1.6726666666666663
346.3744 	DATA 	restDur = 12.0

346.3744 	DATA 	
346.3745 	DATA 	TR 277 | TR1 139 | TR2 138
347.2902 	DATA 	Keypress: 5
347.2902 	DATA 	TR 278 | TR1 139 | TR2 139
348.0567 	DATA 	
348.0567 	DATA 	stimulation started
348.0567 	DATA 	
348.8901 	DATA 	Keypress: 5
348.8901 	DATA 	TR 279 | TR1 140 | TR2 139
349.0567 	DATA 	
349.0567 	DATA 	stimulation stopped
349.0567 	DATA 	
349.8066 	DATA 	Keypress: 5
349.8067 	DATA 	TR 280 | TR1 140 | TR2 140
351.3896 	DATA 	Keypress: 5
351.3897 	DATA 	TR 281 | TR1 141 | TR2 140
352.3064 	DATA 	Keypress: 5
352.3064 	DATA 	TR 282 | TR1 141 | TR2 141
353.9063 	DATA 	Keypress: 5
353.9063 	DATA 	TR 283 | TR1 142 | TR2 141
354.8228 	DATA 	Keypress: 5
354.8229 	DATA 	TR 284 | TR1 142 | TR2 142
356.4060 	DATA 	Keypress: 5
356.4061 	DATA 	TR 285 | TR1 143 | TR2 142
357.3393 	DATA 	Keypress: 5
357.3393 	DATA 	TR 286 | TR1 143 | TR2 143
358.9225 	DATA 	Keypress: 5
358.9225 	DATA 	TR 287 | TR1 144 | TR2 143
359.8392 	DATA 	Keypress: 5
359.8393 	DATA 	TR 288 | TR1 144 | TR2 144
361.0556 	DATA 	
361.0556 	DATA 	Trial complete
361.0556 	DATA 	Waiting for VASO trigger to start next trial
361.0556 	DATA 	
361.4389 	DATA 	Keypress: 5
361.4390 	DATA 	Waited 0.3833479881286621 seconds for trigger
361.4397 	DATA 	
361.4397 	DATA 	Trial 12
361.4398 	DATA 	stimDur = 24.0
361.4398 	DATA 	jitter = 2.0908333333333333
361.4398 	DATA 	restDur = 24.0

361.4398 	DATA 	
361.4398 	DATA 	TR 289 | TR1 145 | TR2 144
362.3555 	DATA 	Keypress: 5
362.3555 	DATA 	TR 290 | TR1 145 | TR2 145
363.5387 	DATA 	
363.5387 	DATA 	stimulation started
363.5387 	DATA 	
363.9388 	DATA 	Keypress: 5
363.9389 	DATA 	TR 291 | TR1 146 | TR2 145
364.8554 	DATA 	Keypress: 5
364.8554 	DATA 	TR 292 | TR1 146 | TR2 146
366.4552 	DATA 	Keypress: 5
366.4553 	DATA 	TR 293 | TR1 147 | TR2 146
367.3718 	DATA 	Keypress: 5
367.3718 	DATA 	TR 294 | TR1 147 | TR2 147
368.9550 	DATA 	Keypress: 5
368.9551 	DATA 	TR 295 | TR1 148 | TR2 147
369.8882 	DATA 	Keypress: 5
369.8883 	DATA 	TR 296 | TR1 148 | TR2 148
371.4714 	DATA 	Keypress: 5
371.4715 	DATA 	TR 297 | TR1 149 | TR2 148
372.3882 	DATA 	Keypress: 5
372.3882 	DATA 	TR 298 | TR1 149 | TR2 149
373.9879 	DATA 	Keypress: 5
373.9879 	DATA 	TR 299 | TR1 150 | TR2 149
374.9046 	DATA 	Keypress: 5
374.9046 	DATA 	TR 300 | TR1 150 | TR2 150
376.4877 	DATA 	Keypress: 5
376.4878 	DATA 	TR 301 | TR1 151 | TR2 150
377.4044 	DATA 	Keypress: 5
377.4044 	DATA 	TR 302 | TR1 151 | TR2 151
379.0041 	DATA 	Keypress: 5
379.0042 	DATA 	TR 303 | TR1 152 | TR2 151
379.9207 	DATA 	Keypress: 5
379.9207 	DATA 	TR 304 | TR1 152 | TR2 152
381.5040 	DATA 	Keypress: 5
381.5040 	DATA 	TR 305 | TR1 153 | TR2 152
382.4372 	DATA 	Keypress: 5
382.4372 	DATA 	TR 306 | TR1 153 | TR2 153
384.0203 	DATA 	Keypress: 5
384.0204 	DATA 	TR 307 | TR1 154 | TR2 153
384.9370 	DATA 	Keypress: 5
384.9370 	DATA 	TR 308 | TR1 154 | TR2 154
386.5368 	DATA 	Keypress: 5
386.5369 	DATA 	TR 309 | TR1 155 | TR2 154
387.4534 	DATA 	Keypress: 5
387.4534 	DATA 	TR 310 | TR1 155 | TR2 155
387.5367 	DATA 	
387.5367 	DATA 	stimulation stopped
387.5367 	DATA 	
389.0366 	DATA 	Keypress: 5
389.0366 	DATA 	TR 311 | TR1 156 | TR2 155
389.9537 	DATA 	Keypress: 5
389.9697 	DATA 	TR 312 | TR1 156 | TR2 156
391.5530 	DATA 	Keypress: 5
391.5531 	DATA 	TR 313 | TR1 157 | TR2 156
392.4696 	DATA 	Keypress: 5
392.4696 	DATA 	TR 314 | TR1 157 | TR2 157
394.0695 	DATA 	Keypress: 5
394.0695 	DATA 	TR 315 | TR1 158 | TR2 157
394.9860 	DATA 	Keypress: 5
394.9861 	DATA 	TR 316 | TR1 158 | TR2 158
396.5692 	DATA 	Keypress: 5
396.5693 	DATA 	TR 317 | TR1 159 | TR2 158
397.4858 	DATA 	Keypress: 5
397.4859 	DATA 	TR 318 | TR1 159 | TR2 159
397.7191 	DATA 	Target presented
398.4857 	DATA 	Keypress: 1
398.4858 	DATA 	Key1 pressed
398.4858 	DATA 	Target detected
399.0857 	DATA 	Keypress: 5
399.0857 	DATA 	TR 319 | TR1 160 | TR2 159
400.0023 	DATA 	Keypress: 5
400.0023 	DATA 	TR 320 | TR1 160 | TR2 160
401.5856 	DATA 	Keypress: 5
401.5856 	DATA 	TR 321 | TR1 161 | TR2 160
402.5187 	DATA 	Keypress: 5
402.5188 	DATA 	TR 322 | TR1 161 | TR2 161
404.1020 	DATA 	Keypress: 5
404.1020 	DATA 	TR 323 | TR1 162 | TR2 161
405.0185 	DATA 	Keypress: 5
405.0185 	DATA 	TR 324 | TR1 162 | TR2 162
406.6184 	DATA 	Keypress: 5
406.6185 	DATA 	TR 325 | TR1 163 | TR2 162
407.5350 	DATA 	Keypress: 5
407.5350 	DATA 	TR 326 | TR1 163 | TR2 163
409.1182 	DATA 	Keypress: 5
409.1182 	DATA 	TR 327 | TR1 164 | TR2 163
410.0348 	DATA 	Keypress: 5
410.0349 	DATA 	TR 328 | TR1 164 | TR2 164
411.5346 	DATA 	
411.5346 	DATA 	Trial complete
411.5346 	DATA 	Waiting for VASO trigger to start next trial
411.5346 	DATA 	
411.6346 	DATA 	Keypress: 5
411.6347 	DATA 	Waited 0.10003805160522461 seconds for trigger
411.6355 	DATA 	
411.6355 	DATA 	Trial 13
411.6355 	DATA 	stimDur = 1.0
411.6355 	DATA 	jitter = 2.0908333333333333
411.6355 	DATA 	restDur = 12.0

411.6355 	DATA 	
411.6355 	DATA 	TR 329 | TR1 165 | TR2 164
412.5512 	DATA 	Keypress: 5
412.5513 	DATA 	TR 330 | TR1 165 | TR2 165
413.7340 	DATA 	
413.7341 	DATA 	stimulation started
413.7341 	DATA 	
414.1344 	DATA 	Keypress: 5
414.1344 	DATA 	TR 331 | TR1 166 | TR2 165
414.7343 	DATA 	
414.7343 	DATA 	stimulation stopped
414.7343 	DATA 	
415.0673 	DATA 	Keypress: 5
415.0673 	DATA 	TR 332 | TR1 166 | TR2 166
416.6509 	DATA 	Keypress: 5
416.6510 	DATA 	TR 333 | TR1 167 | TR2 166
417.5676 	DATA 	Keypress: 5
417.5676 	DATA 	TR 334 | TR1 167 | TR2 167
419.1674 	DATA 	Keypress: 5
419.1674 	DATA 	TR 335 | TR1 168 | TR2 167
420.0839 	DATA 	Keypress: 5
420.0840 	DATA 	TR 336 | TR1 168 | TR2 168
421.6673 	DATA 	Keypress: 5
421.6673 	DATA 	TR 337 | TR1 169 | TR2 168
422.5837 	DATA 	Keypress: 5
422.5838 	DATA 	TR 338 | TR1 169 | TR2 169
424.1836 	DATA 	Keypress: 5
424.1836 	DATA 	TR 339 | TR1 170 | TR2 169
425.1002 	DATA 	Keypress: 5
425.1002 	DATA 	TR 340 | TR1 170 | TR2 170
426.6839 	DATA 	Keypress: 5
426.7000 	DATA 	TR 341 | TR1 171 | TR2 170
426.7333 	DATA 	
426.7333 	DATA 	Trial complete
426.7334 	DATA 	Waiting for VASO trigger to start next trial
426.7334 	DATA 	
427.6166 	DATA 	Keypress: 5
427.6167 	DATA 	TR 342 | TR1 171 | TR2 171
429.1999 	DATA 	Keypress: 5
429.1999 	DATA 	Waited 2.466559886932373 seconds for trigger
429.2007 	DATA 	
429.2007 	DATA 	Trial 14
429.2007 	DATA 	stimDur = 2.0
429.2007 	DATA 	jitter = 2.0908333333333333
429.2007 	DATA 	restDur = 14.0

429.2007 	DATA 	
429.2007 	DATA 	TR 343 | TR1 172 | TR2 171
430.1164 	DATA 	Keypress: 5
430.1165 	DATA 	TR 344 | TR1 172 | TR2 172
431.2996 	DATA 	
431.2996 	DATA 	stimulation started
431.2996 	DATA 	
431.7164 	DATA 	Keypress: 5
431.7164 	DATA 	TR 345 | TR1 173 | TR2 172
432.6330 	DATA 	Keypress: 5
432.6330 	DATA 	TR 346 | TR1 173 | TR2 173
433.2995 	DATA 	
433.2995 	DATA 	stimulation stopped
433.2995 	DATA 	
434.2161 	DATA 	Keypress: 5
434.2162 	DATA 	TR 347 | TR1 174 | TR2 173
435.1493 	DATA 	Keypress: 5
435.1494 	DATA 	TR 348 | TR1 174 | TR2 174
436.7325 	DATA 	Keypress: 5
436.7326 	DATA 	TR 349 | TR1 175 | TR2 174
437.6490 	DATA 	Keypress: 5
437.6491 	DATA 	TR 350 | TR1 175 | TR2 175
439.2490 	DATA 	Keypress: 5
439.2490 	DATA 	TR 351 | TR1 176 | TR2 175
440.1658 	DATA 	Keypress: 5
440.1658 	DATA 	TR 352 | TR1 176 | TR2 176
441.7488 	DATA 	Keypress: 5
441.7488 	DATA 	TR 353 | TR1 177 | TR2 176
442.6654 	DATA 	Keypress: 5
442.6654 	DATA 	TR 354 | TR1 177 | TR2 177
444.2653 	DATA 	Keypress: 5
444.2653 	DATA 	TR 355 | TR1 178 | TR2 177
445.1818 	DATA 	Keypress: 5
445.1819 	DATA 	TR 356 | TR1 178 | TR2 178
446.7651 	DATA 	Keypress: 5
446.7651 	DATA 	TR 357 | TR1 179 | TR2 178
447.2983 	DATA 	
447.2983 	DATA 	Trial complete
447.2983 	DATA 	Waiting for VASO trigger to start next trial
447.2983 	DATA 	
447.6983 	DATA 	Keypress: 5
447.6983 	DATA 	TR 358 | TR1 179 | TR2 179
449.2815 	DATA 	Keypress: 5
449.2816 	DATA 	Waited 1.9832160472869873 seconds for trigger
449.2824 	DATA 	
449.2824 	DATA 	Trial 15
449.2824 	DATA 	stimDur = 1.0
449.2825 	DATA 	jitter = 0.4181666666666666
449.2825 	DATA 	restDur = 12.0

449.2825 	DATA 	
449.2825 	DATA 	TR 359 | TR1 180 | TR2 179
449.7148 	DATA 	
449.7148 	DATA 	stimulation started
449.7148 	DATA 	
450.1981 	DATA 	Keypress: 5
450.1982 	DATA 	TR 360 | TR1 180 | TR2 180
450.7147 	DATA 	
450.7148 	DATA 	stimulation stopped
450.7148 	DATA 	
451.7979 	DATA 	Keypress: 5
451.7980 	DATA 	TR 361 | TR1 181 | TR2 180
452.7146 	DATA 	Keypress: 5
452.7146 	DATA 	TR 362 | TR1 181 | TR2 181
454.2978 	DATA 	Keypress: 5
454.2978 	DATA 	TR 363 | TR1 182 | TR2 181
455.2143 	DATA 	Keypress: 5
455.2144 	DATA 	TR 364 | TR1 182 | TR2 182
456.8142 	DATA 	Keypress: 5
456.8143 	DATA 	TR 365 | TR1 183 | TR2 182
457.7308 	DATA 	Keypress: 5
457.7308 	DATA 	TR 366 | TR1 183 | TR2 183
459.3142 	DATA 	Keypress: 5
459.3142 	DATA 	TR 367 | TR1 184 | TR2 183
460.2473 	DATA 	Keypress: 5
460.2473 	DATA 	TR 368 | TR1 184 | TR2 184
461.8305 	DATA 	Keypress: 5
461.8306 	DATA 	TR 369 | TR1 185 | TR2 184
462.7137 	DATA 	
462.7137 	DATA 	Trial complete
462.7137 	DATA 	Waiting for VASO trigger to start next trial
462.7137 	DATA 	
462.7472 	DATA 	Keypress: 5
462.7472 	DATA 	TR 370 | TR1 185 | TR2 185
464.3471 	DATA 	Keypress: 5
464.3471 	DATA 	Waited 1.6333880424499512 seconds for trigger
464.3479 	DATA 	
464.3479 	DATA 	Trial 16
464.3479 	DATA 	stimDur = 12.0
464.3479 	DATA 	jitter = 0.0
464.3479 	DATA 	restDur = 20.0

464.3479 	DATA 	
464.3479 	DATA 	TR 371 | TR1 186 | TR2 185
464.3479 	DATA 	
464.3479 	DATA 	stimulation started
464.3479 	DATA 	
464.8970 	DATA 	Target presented
465.2636 	DATA 	Keypress: 5
465.2636 	DATA 	TR 372 | TR1 186 | TR2 186
465.4636 	DATA 	Keypress: 1
465.4636 	DATA 	Key1 pressed
465.4636 	DATA 	Target detected
466.8468 	DATA 	Keypress: 5
466.8469 	DATA 	TR 373 | TR1 187 | TR2 186
467.7634 	DATA 	Keypress: 5
467.7634 	DATA 	TR 374 | TR1 187 | TR2 187
469.3633 	DATA 	Keypress: 5
469.3633 	DATA 	TR 375 | TR1 188 | TR2 187
470.2798 	DATA 	Keypress: 5
470.2799 	DATA 	TR 376 | TR1 188 | TR2 188
471.8637 	DATA 	Keypress: 5
471.8797 	DATA 	TR 377 | TR1 189 | TR2 188
472.7963 	DATA 	Keypress: 5
472.7963 	DATA 	TR 378 | TR1 189 | TR2 189
474.3795 	DATA 	Keypress: 5
474.3796 	DATA 	TR 379 | TR1 190 | TR2 189
475.2961 	DATA 	Keypress: 5
475.2961 	DATA 	TR 380 | TR1 190 | TR2 190
476.3626 	DATA 	
476.3626 	DATA 	stimulation stopped
476.3627 	DATA 	
476.8959 	DATA 	Keypress: 5
476.8960 	DATA 	TR 381 | TR1 191 | TR2 190
477.8125 	DATA 	Keypress: 5
477.8125 	DATA 	TR 382 | TR1 191 | TR2 191
479.3957 	DATA 	Keypress: 5
479.3958 	DATA 	TR 383 | TR1 192 | TR2 191
480.3129 	DATA 	Keypress: 5
480.3289 	DATA 	TR 384 | TR1 192 | TR2 192
481.9122 	DATA 	Keypress: 5
481.9122 	DATA 	TR 385 | TR1 193 | TR2 192
482.8288 	DATA 	Keypress: 5
482.8288 	DATA 	TR 386 | TR1 193 | TR2 193
484.4287 	DATA 	Keypress: 5
484.4287 	DATA 	TR 387 | TR1 194 | TR2 193
485.3452 	DATA 	Keypress: 5
485.3453 	DATA 	TR 388 | TR1 194 | TR2 194
486.9284 	DATA 	Keypress: 5
486.9285 	DATA 	TR 389 | TR1 195 | TR2 194
487.8450 	DATA 	Keypress: 5
487.8451 	DATA 	TR 390 | TR1 195 | TR2 195
489.4449 	DATA 	Keypress: 5
489.4450 	DATA 	TR 391 | TR1 196 | TR2 195
490.3615 	DATA 	Keypress: 5
490.3615 	DATA 	TR 392 | TR1 196 | TR2 196
491.9447 	DATA 	Keypress: 5
491.9447 	DATA 	TR 393 | TR1 197 | TR2 196
492.8780 	DATA 	Keypress: 5
492.8780 	DATA 	TR 394 | TR1 197 | TR2 197
494.4612 	DATA 	Keypress: 5
494.4612 	DATA 	TR 395 | TR1 198 | TR2 197
495.3777 	DATA 	Keypress: 5
495.3778 	DATA 	TR 396 | TR1 198 | TR2 198
496.3610 	DATA 	
496.3610 	DATA 	Trial complete
496.3610 	DATA 	Waiting for VASO trigger to start next trial
496.3610 	DATA 	
496.9777 	DATA 	Keypress: 5
496.9777 	DATA 	Waited 0.6166989803314209 seconds for trigger
496.9785 	DATA 	
496.9785 	DATA 	Trial 17
496.9785 	DATA 	stimDur = 2.0
496.9785 	DATA 	jitter = 1.2545
496.9785 	DATA 	restDur = 14.0

496.9785 	DATA 	
496.9785 	DATA 	TR 397 | TR1 199 | TR2 198
497.8942 	DATA 	Keypress: 5
497.8943 	DATA 	TR 398 | TR1 199 | TR2 199
498.2441 	DATA 	
498.2441 	DATA 	stimulation started
498.2442 	DATA 	
499.4775 	DATA 	Keypress: 5
499.4776 	DATA 	TR 399 | TR1 200 | TR2 199
500.2440 	DATA 	
500.2441 	DATA 	stimulation stopped
500.2441 	DATA 	
500.3940 	DATA 	Keypress: 5
500.3941 	DATA 	TR 400 | TR1 200 | TR2 200
501.9939 	DATA 	Keypress: 5
501.9939 	DATA 	TR 401 | TR1 201 | TR2 200
502.9105 	DATA 	Keypress: 5
502.9105 	DATA 	TR 402 | TR1 201 | TR2 201
504.4937 	DATA 	Keypress: 5
504.4937 	DATA 	TR 403 | TR1 202 | TR2 201
505.4271 	DATA 	Keypress: 5
505.4271 	DATA 	TR 404 | TR1 202 | TR2 202
507.0102 	DATA 	Keypress: 5
507.0102 	DATA 	TR 405 | TR1 203 | TR2 202
507.9268 	DATA 	Keypress: 5
507.9268 	DATA 	TR 406 | TR1 203 | TR2 203
509.5266 	DATA 	Keypress: 5
509.5267 	DATA 	TR 407 | TR1 204 | TR2 203
510.4432 	DATA 	Keypress: 5
510.4433 	DATA 	TR 408 | TR1 204 | TR2 204
512.0265 	DATA 	Keypress: 5
512.0265 	DATA 	TR 409 | TR1 205 | TR2 204
512.9430 	DATA 	Keypress: 5
512.9430 	DATA 	TR 410 | TR1 205 | TR2 205
514.2429 	DATA 	
514.2429 	DATA 	Trial complete
514.2429 	DATA 	Waiting for VASO trigger to start next trial
514.2429 	DATA 	
514.5429 	DATA 	Keypress: 5
514.5430 	DATA 	Waited 0.30008578300476074 seconds for trigger
514.5437 	DATA 	
514.5438 	DATA 	Trial 18
514.5438 	DATA 	stimDur = 12.0
514.5438 	DATA 	jitter = 1.6726666666666663
514.5438 	DATA 	restDur = 20.0

514.5438 	DATA 	
514.5438 	DATA 	TR 411 | TR1 206 | TR2 205
515.4594 	DATA 	Keypress: 5
515.4595 	DATA 	TR 412 | TR1 206 | TR2 206
515.5761 	DATA 	Target presented
516.1594 	DATA 	Keypress: 1
516.1595 	DATA 	Key1 pressed
516.1595 	DATA 	Target detected
516.2260 	DATA 	
516.2260 	DATA 	stimulation started
516.2260 	DATA 	
517.0429 	DATA 	Keypress: 5
517.0429 	DATA 	TR 413 | TR1 207 | TR2 206
517.9762 	DATA 	Keypress: 5
517.9762 	DATA 	TR 414 | TR1 207 | TR2 207
519.5592 	DATA 	Keypress: 5
519.5593 	DATA 	TR 415 | TR1 208 | TR2 207
520.4758 	DATA 	Keypress: 5
520.4759 	DATA 	TR 416 | TR1 208 | TR2 208
522.0757 	DATA 	Keypress: 5
522.0757 	DATA 	TR 417 | TR1 209 | TR2 208
522.9923 	DATA 	Keypress: 5
522.9923 	DATA 	TR 418 | TR1 209 | TR2 209
524.5755 	DATA 	Keypress: 5
524.5755 	DATA 	TR 419 | TR1 210 | TR2 209
525.4929 	DATA 	Keypress: 5
525.5087 	DATA 	TR 420 | TR1 210 | TR2 210
527.0920 	DATA 	Keypress: 5
527.0920 	DATA 	TR 421 | TR1 211 | TR2 210
528.0085 	DATA 	Keypress: 5
528.0085 	DATA 	TR 422 | TR1 211 | TR2 211
528.2251 	DATA 	
528.2252 	DATA 	stimulation stopped
528.2252 	DATA 	
529.6084 	DATA 	Keypress: 5
529.6085 	DATA 	TR 423 | TR1 212 | TR2 211
530.5249 	DATA 	Keypress: 5
530.5250 	DATA 	TR 424 | TR1 212 | TR2 212
532.1082 	DATA 	Keypress: 5
532.1082 	DATA 	TR 425 | TR1 213 | TR2 212
533.0248 	DATA 	Keypress: 5
533.0248 	DATA 	TR 426 | TR1 213 | TR2 213
534.6246 	DATA 	Keypress: 5
534.6247 	DATA 	TR 427 | TR1 214 | TR2 213
535.5412 	DATA 	Keypress: 5
535.5413 	DATA 	TR 428 | TR1 214 | TR2 214
537.1245 	DATA 	Keypress: 5
537.1245 	DATA 	TR 429 | TR1 215 | TR2 214
538.0577 	DATA 	Keypress: 5
538.0577 	DATA 	TR 430 | TR1 215 | TR2 215
539.6409 	DATA 	Keypress: 5
539.6410 	DATA 	TR 431 | TR1 216 | TR2 215
540.5575 	DATA 	Keypress: 5
540.5575 	DATA 	TR 432 | TR1 216 | TR2 216
542.1574 	DATA 	Keypress: 5
542.1574 	DATA 	TR 433 | TR1 217 | TR2 216
543.0740 	DATA 	Keypress: 5
543.0740 	DATA 	TR 434 | TR1 217 | TR2 217
544.6572 	DATA 	Keypress: 5
544.6572 	DATA 	TR 435 | TR1 218 | TR2 217
545.5739 	DATA 	Keypress: 5
545.5739 	DATA 	TR 436 | TR1 218 | TR2 218
547.1736 	DATA 	Keypress: 5
547.1737 	DATA 	TR 437 | TR1 219 | TR2 218
548.0903 	DATA 	Keypress: 5
548.0903 	DATA 	TR 438 | TR1 219 | TR2 219
548.2236 	DATA 	
548.2236 	DATA 	Trial complete
548.2236 	DATA 	Waiting for VASO trigger to start next trial
548.2236 	DATA 	
549.6734 	DATA 	Keypress: 5
549.6735 	DATA 	Waited 1.449936866760254 seconds for trigger
549.6743 	DATA 	
549.6743 	DATA 	Trial 19
549.6743 	DATA 	stimDur = 24.0
549.6743 	DATA 	jitter = 0.4181666666666666
549.6744 	DATA 	restDur = 24.0

549.6744 	DATA 	
549.6744 	DATA 	TR 439 | TR1 220 | TR2 219
550.1067 	DATA 	
550.1067 	DATA 	stimulation started
550.1067 	DATA 	
550.6068 	DATA 	Keypress: 5
550.6069 	DATA 	TR 440 | TR1 220 | TR2 220
552.1900 	DATA 	Keypress: 5
552.1901 	DATA 	TR 441 | TR1 221 | TR2 220
553.1066 	DATA 	Keypress: 5
553.1066 	DATA 	TR 442 | TR1 221 | TR2 221
554.7065 	DATA 	Keypress: 5
554.7065 	DATA 	TR 443 | TR1 222 | TR2 221
555.6232 	DATA 	Keypress: 5
555.6232 	DATA 	TR 444 | TR1 222 | TR2 222
557.2062 	DATA 	Keypress: 5
557.2063 	DATA 	TR 445 | TR1 223 | TR2 222
558.1230 	DATA 	Keypress: 5
558.1231 	DATA 	TR 446 | TR1 223 | TR2 223
559.7227 	DATA 	Keypress: 5
559.7228 	DATA 	TR 447 | TR1 224 | TR2 223
560.6393 	DATA 	Keypress: 5
560.6394 	DATA 	TR 448 | TR1 224 | TR2 224
562.2233 	DATA 	Keypress: 5
562.2392 	DATA 	TR 449 | TR1 225 | TR2 224
563.1558 	DATA 	Keypress: 5
563.1558 	DATA 	TR 450 | TR1 225 | TR2 225
564.7391 	DATA 	Keypress: 5
564.7392 	DATA 	TR 451 | TR1 226 | TR2 225
565.6556 	DATA 	Keypress: 5
565.6556 	DATA 	TR 452 | TR1 226 | TR2 226
567.2555 	DATA 	Keypress: 5
567.2555 	DATA 	TR 453 | TR1 227 | TR2 226
568.1720 	DATA 	Keypress: 5
568.1721 	DATA 	TR 454 | TR1 227 | TR2 227
569.7553 	DATA 	Keypress: 5
569.7554 	DATA 	TR 455 | TR1 228 | TR2 227
570.6727 	DATA 	Keypress: 5
570.6886 	DATA 	TR 456 | TR1 228 | TR2 228
572.2718 	DATA 	Keypress: 5
572.2718 	DATA 	TR 457 | TR1 229 | TR2 228
573.1884 	DATA 	Keypress: 5
573.1884 	DATA 	TR 458 | TR1 229 | TR2 229
574.1049 	DATA 	
574.1049 	DATA 	stimulation stopped
574.1049 	DATA 	
574.7883 	DATA 	Keypress: 5
574.7883 	DATA 	TR 459 | TR1 230 | TR2 229
575.7047 	DATA 	Keypress: 5
575.7048 	DATA 	TR 460 | TR1 230 | TR2 230
577.2880 	DATA 	Keypress: 5
577.2880 	DATA 	TR 461 | TR1 231 | TR2 230
578.2046 	DATA 	Keypress: 5
578.2046 	DATA 	TR 462 | TR1 231 | TR2 231
579.8045 	DATA 	Keypress: 5
579.8045 	DATA 	TR 463 | TR1 232 | TR2 231
580.7210 	DATA 	Keypress: 5
580.7211 	DATA 	TR 464 | TR1 232 | TR2 232
581.2544 	DATA 	Target presented
581.9209 	DATA 	Keypress: 1
581.9210 	DATA 	Key1 pressed
581.9210 	DATA 	Target detected
582.3043 	DATA 	Keypress: 5
582.3043 	DATA 	TR 465 | TR1 233 | TR2 232
583.2375 	DATA 	Keypress: 5
583.2376 	DATA 	TR 466 | TR1 233 | TR2 233
584.8207 	DATA 	Keypress: 5
584.8208 	DATA 	TR 467 | TR1 234 | TR2 233
585.7374 	DATA 	Keypress: 5
585.7374 	DATA 	TR 468 | TR1 234 | TR2 234
587.3372 	DATA 	Keypress: 5
587.3372 	DATA 	TR 469 | TR1 235 | TR2 234
588.2538 	DATA 	Keypress: 5
588.2538 	DATA 	TR 470 | TR1 235 | TR2 235
589.8370 	DATA 	Keypress: 5
589.8371 	DATA 	TR 471 | TR1 236 | TR2 235
590.7536 	DATA 	Keypress: 5
590.7536 	DATA 	TR 472 | TR1 236 | TR2 236
592.3535 	DATA 	Keypress: 5
592.3536 	DATA 	TR 473 | TR1 237 | TR2 236
593.2701 	DATA 	Keypress: 5
593.2701 	DATA 	TR 474 | TR1 237 | TR2 237
594.8535 	DATA 	Keypress: 5
594.8535 	DATA 	TR 475 | TR1 238 | TR2 237
595.7866 	DATA 	Keypress: 5
595.7866 	DATA 	TR 476 | TR1 238 | TR2 238
597.3698 	DATA 	Keypress: 5
597.3698 	DATA 	TR 477 | TR1 239 | TR2 238
598.1030 	DATA 	
598.1030 	DATA 	Trial complete
598.1031 	DATA 	Waiting for VASO trigger to start next trial
598.1031 	DATA 	
598.2864 	DATA 	Keypress: 5
598.2864 	DATA 	TR 478 | TR1 239 | TR2 239
599.8862 	DATA 	Keypress: 5
599.8863 	DATA 	Waited 1.7832469940185547 seconds for trigger
599.8871 	DATA 	
599.8871 	DATA 	Trial 20
599.8871 	DATA 	stimDur = 24.0
599.8871 	DATA 	jitter = 1.2545
599.8871 	DATA 	restDur = 24.0

599.8871 	DATA 	
599.8871 	DATA 	TR 479 | TR1 240 | TR2 239
600.8029 	DATA 	Keypress: 5
600.8029 	DATA 	TR 480 | TR1 240 | TR2 240
601.1528 	DATA 	
601.1528 	DATA 	stimulation started
601.1528 	DATA 	
602.3861 	DATA 	Keypress: 5
602.3862 	DATA 	TR 481 | TR1 241 | TR2 240
603.3027 	DATA 	Keypress: 5
603.3028 	DATA 	TR 482 | TR1 241 | TR2 241
604.9026 	DATA 	Keypress: 5
604.9027 	DATA 	TR 483 | TR1 242 | TR2 241
605.8192 	DATA 	Keypress: 5
605.8192 	DATA 	TR 484 | TR1 242 | TR2 242
607.4031 	DATA 	Keypress: 5
607.4191 	DATA 	TR 485 | TR1 243 | TR2 242
608.3356 	DATA 	Keypress: 5
608.3357 	DATA 	TR 486 | TR1 243 | TR2 243
609.9189 	DATA 	Keypress: 5
609.9190 	DATA 	TR 487 | TR1 244 | TR2 243
610.8355 	DATA 	Keypress: 5
610.8355 	DATA 	TR 488 | TR1 244 | TR2 244
612.4354 	DATA 	Keypress: 5
612.4354 	DATA 	TR 489 | TR1 245 | TR2 244
613.3519 	DATA 	Keypress: 5
613.3520 	DATA 	TR 490 | TR1 245 | TR2 245
614.9351 	DATA 	Keypress: 5
614.9352 	DATA 	TR 491 | TR1 246 | TR2 245
615.8684 	DATA 	Keypress: 5
615.8685 	DATA 	TR 492 | TR1 246 | TR2 246
617.4517 	DATA 	Keypress: 5
617.4517 	DATA 	TR 493 | TR1 247 | TR2 246
618.3682 	DATA 	Keypress: 5
618.3683 	DATA 	TR 494 | TR1 247 | TR2 247
619.9683 	DATA 	Keypress: 5
619.9683 	DATA 	TR 495 | TR1 248 | TR2 247
620.8847 	DATA 	Keypress: 5
620.8847 	DATA 	TR 496 | TR1 248 | TR2 248
622.4681 	DATA 	Keypress: 5
622.4681 	DATA 	TR 497 | TR1 249 | TR2 248
623.2179 	DATA 	Target presented
623.3846 	DATA 	Keypress: 5
623.3846 	DATA 	TR 498 | TR1 249 | TR2 249
624.9846 	DATA 	Keypress: 5
624.9847 	DATA 	TR 499 | TR1 250 | TR2 249
625.1510 	DATA 	
625.1510 	DATA 	stimulation stopped
625.1510 	DATA 	
625.9010 	DATA 	Keypress: 5
625.9010 	DATA 	TR 500 | TR1 250 | TR2 250
627.4842 	DATA 	Keypress: 5
627.4842 	DATA 	TR 501 | TR1 251 | TR2 250
628.4174 	DATA 	Keypress: 5
628.4175 	DATA 	TR 502 | TR1 251 | TR2 251
630.0007 	DATA 	Keypress: 5
630.0007 	DATA 	TR 503 | TR1 252 | TR2 251
630.9172 	DATA 	Keypress: 5
630.9173 	DATA 	TR 504 | TR1 252 | TR2 252
632.5171 	DATA 	Keypress: 5
632.5172 	DATA 	TR 505 | TR1 253 | TR2 252
633.4337 	DATA 	Keypress: 5
633.4337 	DATA 	TR 506 | TR1 253 | TR2 253
635.0169 	DATA 	Keypress: 5
635.0170 	DATA 	TR 507 | TR1 254 | TR2 253
635.9335 	DATA 	Keypress: 5
635.9336 	DATA 	TR 508 | TR1 254 | TR2 254
637.5334 	DATA 	Keypress: 5
637.5334 	DATA 	TR 509 | TR1 255 | TR2 254
638.4500 	DATA 	Keypress: 5
638.4501 	DATA 	TR 510 | TR1 255 | TR2 255
640.0332 	DATA 	Keypress: 5
640.0332 	DATA 	TR 511 | TR1 256 | TR2 255
640.9665 	DATA 	Keypress: 5
640.9666 	DATA 	TR 512 | TR1 256 | TR2 256
642.5497 	DATA 	Keypress: 5
642.5497 	DATA 	TR 513 | TR1 257 | TR2 256
643.4663 	DATA 	Keypress: 5
643.4663 	DATA 	TR 514 | TR1 257 | TR2 257
645.0662 	DATA 	Keypress: 5
645.0662 	DATA 	TR 515 | TR1 258 | TR2 257
645.9827 	DATA 	Keypress: 5
645.9828 	DATA 	TR 516 | TR1 258 | TR2 258
647.5659 	DATA 	Keypress: 5
647.5659 	DATA 	TR 517 | TR1 259 | TR2 258
648.4830 	DATA 	Keypress: 5
648.4992 	DATA 	TR 518 | TR1 259 | TR2 259
649.1489 	DATA 	
649.1489 	DATA 	Trial complete
649.1490 	DATA 	Waiting for VASO trigger to start next trial
649.1490 	DATA 	
650.0822 	DATA 	Keypress: 5
650.0822 	DATA 	Waited 0.933272123336792 seconds for trigger
650.0830 	DATA 	
650.0830 	DATA 	Trial 21
650.0830 	DATA 	stimDur = 2.0
650.0831 	DATA 	jitter = 1.6726666666666663
650.0831 	DATA 	restDur = 14.0

650.0831 	DATA 	
650.0831 	DATA 	TR 519 | TR1 260 | TR2 259
650.9988 	DATA 	Keypress: 5
650.9988 	DATA 	TR 520 | TR1 260 | TR2 260
651.7654 	DATA 	
651.7654 	DATA 	stimulation started
651.7654 	DATA 	
652.5826 	DATA 	Keypress: 5
652.5985 	DATA 	TR 521 | TR1 261 | TR2 260
653.5151 	DATA 	Keypress: 5
653.5152 	DATA 	TR 522 | TR1 261 | TR2 261
653.7650 	DATA 	
653.7650 	DATA 	stimulation stopped
653.7650 	DATA 	
655.0982 	DATA 	Keypress: 5
655.0982 	DATA 	TR 523 | TR1 262 | TR2 261
656.0147 	DATA 	Keypress: 5
656.0148 	DATA 	TR 524 | TR1 262 | TR2 262
657.6145 	DATA 	Keypress: 5
657.6146 	DATA 	TR 525 | TR1 263 | TR2 262
658.5311 	DATA 	Keypress: 5
658.5311 	DATA 	TR 526 | TR1 263 | TR2 263
660.1142 	DATA 	Keypress: 5
660.1142 	DATA 	TR 527 | TR1 264 | TR2 263
661.0313 	DATA 	Keypress: 5
661.0474 	DATA 	TR 528 | TR1 264 | TR2 264
662.6305 	DATA 	Keypress: 5
662.6306 	DATA 	TR 529 | TR1 265 | TR2 264
663.5472 	DATA 	Keypress: 5
663.5472 	DATA 	TR 530 | TR1 265 | TR2 265
665.1468 	DATA 	Keypress: 5
665.1469 	DATA 	TR 531 | TR1 266 | TR2 265
666.0634 	DATA 	Keypress: 5
666.0635 	DATA 	TR 532 | TR1 266 | TR2 266
667.6465 	DATA 	Keypress: 5
667.6465 	DATA 	TR 533 | TR1 267 | TR2 266
667.7631 	DATA 	
667.7631 	DATA 	Trial complete
667.7631 	DATA 	Waiting for VASO trigger to start next trial
667.7631 	DATA 	
668.5630 	DATA 	Keypress: 5
668.5631 	DATA 	TR 534 | TR1 267 | TR2 267
670.1629 	DATA 	Keypress: 5
670.1630 	DATA 	Waited 2.399801015853882 seconds for trigger
670.1637 	DATA 	
670.1637 	DATA 	Trial 22
670.1637 	DATA 	stimDur = 4.0
670.1637 	DATA 	jitter = 2.0908333333333333
670.1638 	DATA 	restDur = 16.0

670.1638 	DATA 	
670.1638 	DATA 	TR 535 | TR1 268 | TR2 267
671.0794 	DATA 	Keypress: 5
671.0794 	DATA 	TR 536 | TR1 268 | TR2 268
672.2625 	DATA 	
672.2626 	DATA 	stimulation started
672.2626 	DATA 	
672.4459 	DATA 	Target presented
672.6626 	DATA 	Keypress: 5
672.6626 	DATA 	TR 537 | TR1 269 | TR2 268
673.5958 	DATA 	Keypress: 5
673.5958 	DATA 	TR 538 | TR1 269 | TR2 269
675.1789 	DATA 	Keypress: 5
675.1790 	DATA 	TR 539 | TR1 270 | TR2 269
676.0955 	DATA 	Keypress: 5
676.0955 	DATA 	TR 540 | TR1 270 | TR2 270
676.2621 	DATA 	
676.2621 	DATA 	stimulation stopped
676.2621 	DATA 	
677.6952 	DATA 	Keypress: 5
677.6952 	DATA 	TR 541 | TR1 271 | TR2 270
678.6118 	DATA 	Keypress: 5
678.6118 	DATA 	TR 542 | TR1 271 | TR2 271
680.1950 	DATA 	Keypress: 5
680.1950 	DATA 	TR 543 | TR1 272 | TR2 271
681.1407 	DATA 	Keypress: 5
681.1407 	DATA 	TR 544 | TR1 272 | TR2 272
682.7112 	DATA 	Keypress: 5
682.7113 	DATA 	TR 545 | TR1 273 | TR2 272
683.6278 	DATA 	Keypress: 5
683.6278 	DATA 	TR 546 | TR1 273 | TR2 273
685.2109 	DATA 	Keypress: 5
685.2110 	DATA 	TR 547 | TR1 274 | TR2 273
686.1441 	DATA 	Keypress: 5
686.1441 	DATA 	TR 548 | TR1 274 | TR2 274
687.7273 	DATA 	Keypress: 5
687.7273 	DATA 	TR 549 | TR1 275 | TR2 274
688.6438 	DATA 	Keypress: 5
688.6438 	DATA 	TR 550 | TR1 275 | TR2 275
690.2436 	DATA 	Keypress: 5
690.2437 	DATA 	TR 551 | TR1 276 | TR2 275
691.1602 	DATA 	Keypress: 5
691.1602 	DATA 	TR 552 | TR1 276 | TR2 276
692.2600 	DATA 	
692.2600 	DATA 	Trial complete
692.2600 	DATA 	Waiting for VASO trigger to start next trial
692.2600 	DATA 	
692.7433 	DATA 	Keypress: 5
692.7434 	DATA 	Waited 0.4833409786224365 seconds for trigger
692.7441 	DATA 	
692.7441 	DATA 	Trial 23
692.7441 	DATA 	stimDur = 4.0
692.7442 	DATA 	jitter = 0.8363333333333333
692.7442 	DATA 	restDur = 16.0

692.7442 	DATA 	
692.7442 	DATA 	TR 553 | TR1 277 | TR2 276
693.5931 	DATA 	
693.5931 	DATA 	stimulation started
693.5932 	DATA 	
693.6606 	DATA 	Keypress: 5
693.6765 	DATA 	TR 554 | TR1 277 | TR2 277
695.2597 	DATA 	Keypress: 5
695.2597 	DATA 	TR 555 | TR1 278 | TR2 277
696.1763 	DATA 	Keypress: 5
696.1763 	DATA 	TR 556 | TR1 278 | TR2 278
697.5927 	DATA 	
697.5927 	DATA 	stimulation stopped
697.5927 	DATA 	
697.7599 	DATA 	Keypress: 5
697.7760 	DATA 	TR 557 | TR1 279 | TR2 278
698.6926 	DATA 	Keypress: 5
698.6926 	DATA 	TR 558 | TR1 279 | TR2 279
700.2757 	DATA 	Keypress: 5
700.2758 	DATA 	TR 559 | TR1 280 | TR2 279
701.1922 	DATA 	Keypress: 5
701.1923 	DATA 	TR 560 | TR1 280 | TR2 280
702.7920 	DATA 	Keypress: 5
702.7921 	DATA 	TR 561 | TR1 281 | TR2 280
703.7086 	DATA 	Keypress: 5
703.7086 	DATA 	TR 562 | TR1 281 | TR2 281
705.2918 	DATA 	Keypress: 5
705.2918 	DATA 	TR 563 | TR1 282 | TR2 281
706.2250 	DATA 	Keypress: 5
706.2250 	DATA 	TR 564 | TR1 282 | TR2 282
707.8081 	DATA 	Keypress: 5
707.8081 	DATA 	TR 565 | TR1 283 | TR2 282
708.7247 	DATA 	Keypress: 5
708.7247 	DATA 	TR 566 | TR1 283 | TR2 283
710.3244 	DATA 	Keypress: 5
710.3245 	DATA 	TR 567 | TR1 284 | TR2 283
711.2410 	DATA 	Keypress: 5
711.2410 	DATA 	TR 568 | TR1 284 | TR2 284
712.8243 	DATA 	Keypress: 5
712.8243 	DATA 	TR 569 | TR1 285 | TR2 284
713.5907 	DATA 	
713.5907 	DATA 	Trial complete
713.5907 	DATA 	Waiting for VASO trigger to start next trial
713.5907 	DATA 	
713.7406 	DATA 	Keypress: 5
713.7407 	DATA 	TR 570 | TR1 285 | TR2 285
715.3405 	DATA 	Keypress: 5
715.3405 	DATA 	Waited 1.7498350143432617 seconds for trigger
715.3413 	DATA 	
715.3413 	DATA 	Trial 24
715.3413 	DATA 	stimDur = 2.0
715.3413 	DATA 	jitter = 0.0
715.3413 	DATA 	restDur = 14.0

715.3413 	DATA 	
715.3413 	DATA 	TR 571 | TR1 286 | TR2 285
715.3414 	DATA 	
715.3414 	DATA 	stimulation started
715.3414 	DATA 	
716.2570 	DATA 	Keypress: 5
716.2571 	DATA 	TR 572 | TR1 286 | TR2 286
717.3569 	DATA 	
717.3569 	DATA 	stimulation stopped
717.3569 	DATA 	
717.8401 	DATA 	Keypress: 5
717.8402 	DATA 	TR 573 | TR1 287 | TR2 286
718.7733 	DATA 	Keypress: 5
718.7733 	DATA 	TR 574 | TR1 287 | TR2 287
720.3564 	DATA 	Keypress: 5
720.3565 	DATA 	TR 575 | TR1 288 | TR2 287
721.2730 	DATA 	Keypress: 5
721.2730 	DATA 	TR 576 | TR1 288 | TR2 288
721.5729 	DATA 	Target presented
722.0729 	DATA 	Keypress: 1
722.0729 	DATA 	Key1 pressed
722.0729 	DATA 	Target detected
722.8728 	DATA 	Keypress: 5
722.8728 	DATA 	TR 577 | TR1 289 | TR2 288
723.7893 	DATA 	Keypress: 5
723.7894 	DATA 	TR 578 | TR1 289 | TR2 289
725.3726 	DATA 	Keypress: 5
725.3727 	DATA 	TR 579 | TR1 290 | TR2 289
726.2890 	DATA 	Keypress: 5
726.2890 	DATA 	TR 580 | TR1 290 | TR2 290
727.8888 	DATA 	Keypress: 5
727.8889 	DATA 	TR 581 | TR1 291 | TR2 290
728.8053 	DATA 	Keypress: 5
728.8054 	DATA 	TR 582 | TR1 291 | TR2 291
730.3885 	DATA 	Keypress: 5
730.3885 	DATA 	TR 583 | TR1 292 | TR2 291
731.3217 	DATA 	Keypress: 5
731.3217 	DATA 	TR 584 | TR1 292 | TR2 292
731.3550 	DATA 	
731.3550 	DATA 	Trial complete
731.3550 	DATA 	Waiting for VASO trigger to start next trial
731.3550 	DATA 	
732.9049 	DATA 	Keypress: 5
732.9050 	DATA 	Waited 1.5499439239501953 seconds for trigger
732.9057 	DATA 	
732.9057 	DATA 	Trial 25
732.9058 	DATA 	stimDur = 12.0
732.9058 	DATA 	jitter = 0.4181666666666666
732.9058 	DATA 	restDur = 20.0

732.9058 	DATA 	
732.9058 	DATA 	TR 585 | TR1 293 | TR2 292
733.3380 	DATA 	
733.3380 	DATA 	stimulation started
733.3380 	DATA 	
733.8214 	DATA 	Keypress: 5
733.8214 	DATA 	TR 586 | TR1 293 | TR2 293
735.4212 	DATA 	Keypress: 5
735.4212 	DATA 	TR 587 | TR1 294 | TR2 293
736.3378 	DATA 	Keypress: 5
736.3378 	DATA 	TR 588 | TR1 294 | TR2 294
737.9209 	DATA 	Keypress: 5
737.9209 	DATA 	TR 589 | TR1 295 | TR2 294
738.8374 	DATA 	Keypress: 5
738.8375 	DATA 	TR 590 | TR1 295 | TR2 295
740.4372 	DATA 	Keypress: 5
740.4373 	DATA 	TR 591 | TR1 296 | TR2 295
741.3537 	DATA 	Keypress: 5
741.3538 	DATA 	TR 592 | TR1 296 | TR2 296
742.9376 	DATA 	Keypress: 5
742.9535 	DATA 	TR 593 | TR1 297 | TR2 296
743.8701 	DATA 	Keypress: 5
743.8701 	DATA 	TR 594 | TR1 297 | TR2 297
745.3366 	DATA 	
745.3366 	DATA 	stimulation stopped
745.3366 	DATA 	
745.4532 	DATA 	Keypress: 5
745.4533 	DATA 	TR 595 | TR1 298 | TR2 297
746.3699 	DATA 	Keypress: 5
746.3699 	DATA 	TR 596 | TR1 298 | TR2 298
747.9695 	DATA 	Keypress: 5
747.9696 	DATA 	TR 597 | TR1 299 | TR2 298
748.8861 	DATA 	Keypress: 5
748.8862 	DATA 	TR 598 | TR1 299 | TR2 299
750.4692 	DATA 	Keypress: 5
750.4693 	DATA 	TR 599 | TR1 300 | TR2 299
751.4025 	DATA 	Keypress: 5
751.4025 	DATA 	TR 600 | TR1 300 | TR2 300
752.9856 	DATA 	Keypress: 5
752.9856 	DATA 	TR 601 | TR1 301 | TR2 300
753.9021 	DATA 	Keypress: 5
753.9022 	DATA 	TR 602 | TR1 301 | TR2 301
755.5019 	DATA 	Keypress: 5
755.5020 	DATA 	TR 603 | TR1 302 | TR2 301
756.4185 	DATA 	Keypress: 5
756.4185 	DATA 	TR 604 | TR1 302 | TR2 302
758.0016 	DATA 	Keypress: 5
758.0016 	DATA 	TR 605 | TR1 303 | TR2 302
758.9183 	DATA 	Keypress: 5
758.9183 	DATA 	TR 606 | TR1 303 | TR2 303
760.5180 	DATA 	Keypress: 5
760.5181 	DATA 	TR 607 | TR1 304 | TR2 303
761.4346 	DATA 	Keypress: 5
761.4346 	DATA 	TR 608 | TR1 304 | TR2 304
763.0177 	DATA 	Keypress: 5
763.0178 	DATA 	TR 609 | TR1 305 | TR2 304
763.9509 	DATA 	Keypress: 5
763.9510 	DATA 	TR 610 | TR1 305 | TR2 305
765.3340 	DATA 	
765.3340 	DATA 	Trial complete
765.3341 	DATA 	Waiting for VASO trigger to start next trial
765.3341 	DATA 	
765.5340 	DATA 	Keypress: 5
765.5341 	DATA 	Waited 0.20000600814819336 seconds for trigger
765.5349 	DATA 	
765.5349 	DATA 	Trial 26
765.5349 	DATA 	stimDur = 1.0
765.5349 	DATA 	jitter = 1.2545
765.5349 	DATA 	restDur = 12.0

765.5349 	DATA 	
765.5349 	DATA 	TR 611 | TR1 306 | TR2 305
766.4506 	DATA 	Keypress: 5
766.4506 	DATA 	TR 612 | TR1 306 | TR2 306
766.7839 	DATA 	Target presented
766.8006 	DATA 	
766.8006 	DATA 	stimulation started
766.8006 	DATA 	
767.4172 	DATA 	Keypress: 1
767.4173 	DATA 	Key1 pressed
767.4173 	DATA 	Target detected
767.8004 	DATA 	
767.8004 	DATA 	stimulation stopped
767.8004 	DATA 	
768.0504 	DATA 	Keypress: 5
768.0504 	DATA 	TR 613 | TR1 307 | TR2 306
768.9669 	DATA 	Keypress: 5
768.9670 	DATA 	TR 614 | TR1 307 | TR2 307
770.5501 	DATA 	Keypress: 5
770.5502 	DATA 	TR 615 | TR1 308 | TR2 307
771.4666 	DATA 	Keypress: 5
771.4667 	DATA 	TR 616 | TR1 308 | TR2 308
773.0665 	DATA 	Keypress: 5
773.0665 	DATA 	TR 617 | TR1 309 | TR2 308
773.9832 	DATA 	Keypress: 5
773.9832 	DATA 	TR 618 | TR1 309 | TR2 309
775.5661 	DATA 	Keypress: 5
775.5662 	DATA 	TR 619 | TR1 310 | TR2 309
776.4994 	DATA 	Keypress: 5
776.4994 	DATA 	TR 620 | TR1 310 | TR2 310
778.0825 	DATA 	Keypress: 5
778.0825 	DATA 	TR 621 | TR1 311 | TR2 310
778.9991 	DATA 	Keypress: 5
778.9991 	DATA 	TR 622 | TR1 311 | TR2 311
779.7991 	DATA 	
779.7991 	DATA 	Trial complete
779.7991 	DATA 	Waiting for VASO trigger to start next trial
779.7991 	DATA 	
780.5989 	DATA 	Keypress: 5
780.5990 	DATA 	Waited 0.7998509407043457 seconds for trigger
780.5997 	DATA 	
780.5998 	DATA 	Trial 27
780.5998 	DATA 	stimDur = 1.0
780.5998 	DATA 	jitter = 0.8363333333333333
780.5998 	DATA 	restDur = 12.0

780.5998 	DATA 	
780.5998 	DATA 	TR 623 | TR1 312 | TR2 311
781.4487 	DATA 	
781.4487 	DATA 	stimulation started
781.4488 	DATA 	
781.5155 	DATA 	Keypress: 5
781.5155 	DATA 	TR 624 | TR1 312 | TR2 312
782.4487 	DATA 	
782.4487 	DATA 	stimulation stopped
782.4487 	DATA 	
783.0986 	DATA 	Keypress: 5
783.0987 	DATA 	TR 625 | TR1 313 | TR2 312
784.0152 	DATA 	Keypress: 5
784.0152 	DATA 	TR 626 | TR1 313 | TR2 313
785.6150 	DATA 	Keypress: 5
785.6150 	DATA 	TR 627 | TR1 314 | TR2 313
786.5315 	DATA 	Keypress: 5
786.5316 	DATA 	TR 628 | TR1 314 | TR2 314
788.1313 	DATA 	Keypress: 5
788.1314 	DATA 	TR 629 | TR1 315 | TR2 314
789.0479 	DATA 	Keypress: 5
789.0480 	DATA 	TR 630 | TR1 315 | TR2 315
790.6310 	DATA 	Keypress: 5
790.6311 	DATA 	TR 631 | TR1 316 | TR2 315
791.5476 	DATA 	Keypress: 5
791.5477 	DATA 	TR 632 | TR1 316 | TR2 316
793.1474 	DATA 	Keypress: 5
793.1475 	DATA 	TR 633 | TR1 317 | TR2 316
794.0641 	DATA 	Keypress: 5
794.0641 	DATA 	TR 634 | TR1 317 | TR2 317
794.4472 	DATA 	
794.4472 	DATA 	Trial complete
794.4472 	DATA 	Waiting for VASO trigger to start next trial
794.4473 	DATA 	
795.6471 	DATA 	Keypress: 5
795.6472 	DATA 	Waited 1.199941873550415 seconds for trigger
795.6480 	DATA 	
795.6480 	DATA 	Trial 28
795.6480 	DATA 	stimDur = 12.0
795.6480 	DATA 	jitter = 1.2545
795.6480 	DATA 	restDur = 20.0

795.6480 	DATA 	
795.6480 	DATA 	TR 635 | TR1 318 | TR2 317
796.5803 	DATA 	Keypress: 5
796.5804 	DATA 	TR 636 | TR1 318 | TR2 318
796.9136 	DATA 	
796.9136 	DATA 	stimulation started
796.9136 	DATA 	
798.1636 	DATA 	Keypress: 5
798.1636 	DATA 	TR 637 | TR1 319 | TR2 318
799.0801 	DATA 	Keypress: 5
799.0802 	DATA 	TR 638 | TR1 319 | TR2 319
800.6799 	DATA 	Keypress: 5
800.6800 	DATA 	TR 639 | TR1 320 | TR2 319
801.5967 	DATA 	Keypress: 5
801.5967 	DATA 	TR 640 | TR1 320 | TR2 320
803.1796 	DATA 	Keypress: 5
803.1797 	DATA 	TR 641 | TR1 321 | TR2 320
804.0962 	DATA 	Keypress: 5
804.0963 	DATA 	TR 642 | TR1 321 | TR2 321
805.6960 	DATA 	Keypress: 5
805.6961 	DATA 	TR 643 | TR1 322 | TR2 321
806.6127 	DATA 	Keypress: 5
806.6127 	DATA 	TR 644 | TR1 322 | TR2 322
808.1958 	DATA 	Keypress: 5
808.1958 	DATA 	TR 645 | TR1 323 | TR2 322
808.9123 	DATA 	
808.9123 	DATA 	stimulation stopped
808.9123 	DATA 	
809.1289 	DATA 	Keypress: 5
809.1289 	DATA 	TR 646 | TR1 323 | TR2 323
810.7121 	DATA 	Keypress: 5
810.7121 	DATA 	TR 647 | TR1 324 | TR2 323
811.6286 	DATA 	Keypress: 5
811.6287 	DATA 	TR 648 | TR1 324 | TR2 324
813.2285 	DATA 	Keypress: 5
813.2285 	DATA 	TR 649 | TR1 325 | TR2 324
814.1446 	DATA 	Keypress: 5
814.1447 	DATA 	TR 650 | TR1 325 | TR2 325
815.7282 	DATA 	Keypress: 5
815.7282 	DATA 	TR 651 | TR1 326 | TR2 325
816.6449 	DATA 	Keypress: 5
816.6449 	DATA 	TR 652 | TR1 326 | TR2 326
818.2446 	DATA 	Keypress: 5
818.2447 	DATA 	TR 653 | TR1 327 | TR2 326
819.1611 	DATA 	Keypress: 5
819.1611 	DATA 	TR 654 | TR1 327 | TR2 327
820.7443 	DATA 	Keypress: 5
820.7444 	DATA 	TR 655 | TR1 328 | TR2 327
821.6775 	DATA 	Keypress: 5
821.6775 	DATA 	TR 656 | TR1 328 | TR2 328
823.2607 	DATA 	Keypress: 5
823.2607 	DATA 	TR 657 | TR1 329 | TR2 328
824.1772 	DATA 	Keypress: 5
824.1773 	DATA 	TR 658 | TR1 329 | TR2 329
825.7771 	DATA 	Keypress: 5
825.7771 	DATA 	TR 659 | TR1 330 | TR2 329
826.6936 	DATA 	Keypress: 5
826.6936 	DATA 	TR 660 | TR1 330 | TR2 330
828.2767 	DATA 	Keypress: 5
828.2768 	DATA 	TR 661 | TR1 331 | TR2 330
828.9100 	DATA 	
828.9100 	DATA 	Trial complete
828.9100 	DATA 	Waiting for VASO trigger to start next trial
828.9100 	DATA 	
829.1939 	DATA 	Keypress: 5
829.2100 	DATA 	TR 662 | TR1 331 | TR2 331
830.7931 	DATA 	Keypress: 5
830.7932 	DATA 	Waited 1.8831820487976074 seconds for trigger
830.7940 	DATA 	
830.7940 	DATA 	Trial 29
830.7940 	DATA 	stimDur = 4.0
830.7940 	DATA 	jitter = 0.0
830.7940 	DATA 	restDur = 16.0

830.7940 	DATA 	
830.7940 	DATA 	TR 663 | TR1 332 | TR2 331
830.7940 	DATA 	
830.7940 	DATA 	stimulation started
830.7940 	DATA 	
831.7098 	DATA 	Keypress: 5
831.7099 	DATA 	TR 664 | TR1 332 | TR2 332
833.2936 	DATA 	Keypress: 5
833.3096 	DATA 	TR 665 | TR1 333 | TR2 332
834.2262 	DATA 	Keypress: 5
834.2262 	DATA 	TR 666 | TR1 333 | TR2 333
834.8094 	DATA 	
834.8094 	DATA 	stimulation stopped
834.8094 	DATA 	
835.8093 	DATA 	Keypress: 5
835.8093 	DATA 	TR 667 | TR1 334 | TR2 333
836.7258 	DATA 	Keypress: 5
836.7259 	DATA 	TR 668 | TR1 334 | TR2 334
838.3257 	DATA 	Keypress: 5
838.3257 	DATA 	TR 669 | TR1 335 | TR2 334
839.2422 	DATA 	Keypress: 5
839.2423 	DATA 	TR 670 | TR1 335 | TR2 335
840.8254 	DATA 	Keypress: 5
840.8254 	DATA 	TR 671 | TR1 336 | TR2 335
841.7587 	DATA 	Keypress: 5
841.7587 	DATA 	TR 672 | TR1 336 | TR2 336
843.3085 	DATA 	Target presented
843.3418 	DATA 	Keypress: 5
843.3418 	DATA 	TR 673 | TR1 337 | TR2 336
843.9084 	DATA 	Keypress: 1
843.9084 	DATA 	Key1 pressed
843.9084 	DATA 	Target detected
844.2584 	DATA 	Keypress: 5
844.2584 	DATA 	TR 674 | TR1 337 | TR2 337
845.8582 	DATA 	Keypress: 5
845.8582 	DATA 	TR 675 | TR1 338 | TR2 337
846.7748 	DATA 	Keypress: 5
846.7748 	DATA 	TR 676 | TR1 338 | TR2 338
848.3580 	DATA 	Keypress: 5
848.3580 	DATA 	TR 677 | TR1 339 | TR2 338
849.2745 	DATA 	Keypress: 5
849.2745 	DATA 	TR 678 | TR1 339 | TR2 339
850.8076 	DATA 	
850.8076 	DATA 	Trial complete
850.8077 	DATA 	
850.8744 	DATA 	Keypress: 5
850.8744 	DATA 	Waited 21.964400053024292 seconds for trigger
850.8752 	DATA 	
850.8752 	DATA 	Trial 30
850.8752 	DATA 	stimDur = 4.0
850.8752 	DATA 	jitter = 1.2545
850.8752 	DATA 	restDur = 16.0

850.8752 	DATA 	
850.8752 	DATA 	TR 679 | TR1 340 | TR2 339
851.7911 	DATA 	Keypress: 5
851.7911 	DATA 	TR 680 | TR1 340 | TR2 340
852.1408 	DATA 	
852.1408 	DATA 	stimulation started
852.1408 	DATA 	
853.3742 	DATA 	Keypress: 5
853.3743 	DATA 	TR 681 | TR1 341 | TR2 340
854.3073 	DATA 	Keypress: 5
854.3074 	DATA 	TR 682 | TR1 341 | TR2 341
855.8905 	DATA 	Keypress: 5
855.8906 	DATA 	TR 683 | TR1 342 | TR2 341
856.1404 	DATA 	
856.1404 	DATA 	stimulation stopped
856.1404 	DATA 	
856.8070 	DATA 	Keypress: 5
856.8071 	DATA 	TR 684 | TR1 342 | TR2 342
858.4070 	DATA 	Keypress: 5
858.4071 	DATA 	TR 685 | TR1 343 | TR2 342
859.3234 	DATA 	Keypress: 5
859.3235 	DATA 	TR 686 | TR1 343 | TR2 343
860.9066 	DATA 	Keypress: 5
860.9067 	DATA 	TR 687 | TR1 344 | TR2 343
861.8231 	DATA 	Keypress: 5
861.8232 	DATA 	TR 688 | TR1 344 | TR2 344
863.4232 	DATA 	Keypress: 5
863.4232 	DATA 	TR 689 | TR1 345 | TR2 344
864.3396 	DATA 	Keypress: 5
864.3396 	DATA 	TR 690 | TR1 345 | TR2 345
865.9228 	DATA 	Keypress: 5
865.9228 	DATA 	TR 691 | TR1 346 | TR2 345
866.8560 	DATA 	Keypress: 5
866.8560 	DATA 	TR 692 | TR1 346 | TR2 346
868.4392 	DATA 	Keypress: 5
868.4392 	DATA 	TR 693 | TR1 347 | TR2 346
869.3558 	DATA 	Keypress: 5
869.3558 	DATA 	TR 694 | TR1 347 | TR2 347
870.9556 	DATA 	Keypress: 5
870.9556 	DATA 	TR 695 | TR1 348 | TR2 347
871.8723 	DATA 	Keypress: 5
871.8723 	DATA 	TR 696 | TR1 348 | TR2 348
872.1388 	DATA 	
872.1388 	DATA 	Trial complete
872.1388 	DATA 	
873.4553 	DATA 	Keypress: 5
873.4554 	DATA 	TR 697 | TR1 349 | TR2 348
874.3887 	DATA 	Keypress: 5
874.3888 	DATA 	TR 698 | TR1 349 | TR2 349
875.9719 	DATA 	Keypress: 5
875.9719 	DATA 	TR 699 | TR1 350 | TR2 349
876.8883 	DATA 	Keypress: 5
876.8883 	DATA 	TR 700 | TR1 350 | TR2 350
878.4721 	DATA 	Keypress: 5
878.4881 	DATA 	TR 701 | TR1 351 | TR2 350
879.4047 	DATA 	Keypress: 5
879.4047 	DATA 	TR 702 | TR1 351 | TR2 351
880.9879 	DATA 	Keypress: 5
880.9879 	DATA 	TR 703 | TR1 352 | TR2 351
881.9044 	DATA 	Keypress: 5
881.9045 	DATA 	TR 704 | TR1 352 | TR2 352
883.5043 	DATA 	Keypress: 5
883.5043 	DATA 	TR 705 | TR1 353 | TR2 352
884.4209 	DATA 	Keypress: 5
884.4209 	DATA 	TR 706 | TR1 353 | TR2 353
886.0038 	DATA 	Keypress: 5
886.0038 	DATA 	TR 707 | TR1 354 | TR2 353
886.9373 	DATA 	Keypress: 5
886.9373 	DATA 	TR 708 | TR1 354 | TR2 354
888.5205 	DATA 	Keypress: 5
888.5205 	DATA 	TR 709 | TR1 355 | TR2 354
889.4370 	DATA 	Keypress: 5
889.4371 	DATA 	TR 710 | TR1 355 | TR2 355
891.0369 	DATA 	Keypress: 5
891.0369 	DATA 	TR 711 | TR1 356 | TR2 355
891.9534 	DATA 	Keypress: 5
891.9535 	DATA 	TR 712 | TR1 356 | TR2 356
893.5366 	DATA 	Keypress: 5
893.5367 	DATA 	TR 713 | TR1 357 | TR2 356
894.4532 	DATA 	Keypress: 5
894.4533 	DATA 	TR 714 | TR1 357 | TR2 357
896.0529 	DATA 	Keypress: 5
896.0530 	DATA 	TR 715 | TR1 358 | TR2 357
896.9696 	DATA 	Keypress: 5
896.9697 	DATA 	TR 716 | TR1 358 | TR2 358
898.5528 	DATA 	Keypress: 5
898.5528 	DATA 	TR 717 | TR1 359 | TR2 358
899.4860 	DATA 	Keypress: 5
899.4861 	DATA 	TR 718 | TR1 359 | TR2 359
901.0692 	DATA 	Keypress: 5
901.0693 	DATA 	TR 719 | TR1 360 | TR2 359
901.9858 	DATA 	Keypress: 5
901.9858 	DATA 	TR 720 | TR1 360 | TR2 360
903.5856 	DATA 	Keypress: 5
903.5857 	DATA 	TR 721 | TR1 361 | TR2 360
904.5022 	DATA 	Keypress: 5
904.5022 	DATA 	TR 722 | TR1 361 | TR2 361
906.0854 	DATA 	Keypress: 5
906.0854 	DATA 	TR 723 | TR1 362 | TR2 361
907.0019 	DATA 	Keypress: 5
907.0019 	DATA 	TR 724 | TR1 362 | TR2 362
908.6017 	DATA 	Keypress: 5
908.6017 	DATA 	TR 725 | TR1 363 | TR2 362
909.5183 	DATA 	Keypress: 5
909.5183 	DATA 	TR 726 | TR1 363 | TR2 363
911.1020 	DATA 	Keypress: 5
911.1180 	DATA 	TR 727 | TR1 364 | TR2 363
912.0346 	DATA 	Keypress: 5
912.0346 	DATA 	TR 728 | TR1 364 | TR2 364
913.6178 	DATA 	Keypress: 5
913.6178 	DATA 	TR 729 | TR1 365 | TR2 364
914.5343 	DATA 	Keypress: 5
914.5343 	DATA 	TR 730 | TR1 365 | TR2 365
916.1340 	DATA 	Keypress: 5
916.1340 	DATA 	TR 731 | TR1 366 | TR2 365
917.0506 	DATA 	Keypress: 5
917.0507 	DATA 	TR 732 | TR1 366 | TR2 366
918.6338 	DATA 	Keypress: 5
918.6339 	DATA 	TR 733 | TR1 367 | TR2 366
919.5509 	DATA 	Keypress: 5
919.5669 	DATA 	TR 734 | TR1 367 | TR2 367
921.1501 	DATA 	Keypress: 5
921.1502 	DATA 	TR 735 | TR1 368 | TR2 367
922.0667 	DATA 	Keypress: 5
922.0668 	DATA 	TR 736 | TR1 368 | TR2 368
923.6665 	DATA 	Keypress: 5
923.6665 	DATA 	TR 737 | TR1 369 | TR2 368
923.7497 	DATA 	EndOfRun sub-04_ses-01_run-02

923.7498 	DATA 	We spent 58.37562298774719 seconds waiting for triggers
923.7498 	DATA 	RatioOfDetectedTargets 0.8571428571428571
923.7498 	DATA 	You have detected 12 out of 14 targets.
928.5739 	DATA 	Keypress: 5
928.5741 	DATA 	Keypress: 5
928.5742 	DATA 	Keypress: 5
928.7812 	EXP 	window1: mouseVisible = True
