MonitorDistance=99cm
MonitorWidth=30cm
PixelWidth=1024.0
PixelHeight=768.0
You have detected 13 out of 14 targets.
Well done! Keep up the good work
7.6393 	INFO 	Loaded monitor calibration from ['2021_05_26 17:55']
8.0989 	EXP 	Created window1 = Window(allowGUI=False, allowStencil=False, autoLog=True, backendConf=UNKNOWN, bitsMode=UNKNOWN, blendMode='avg', bpc=(8, 8, 8), color=array([-0.5, -0.5, -0.5]), colorSpace='rgb', depthBits=8, fullscr=<method-wrapper '__getattribute__' of attributeSetter object at 0x7f373dbd9fd0>, gamma=None, gammaErrorPolicy='raise', lms=UNKNOWN, monitor=<psychopy.monitors.calibTools.Monitor object at 0x7f37339829e8>, multiSample=False, name='window1', numSamples=2, pos=[0.0, 0.0], screen=0, size=array([1024,  768]), stencilBits=0, stereo=False, units='deg', useFBO=False, useRetina=False, viewOri=0.0, viewPos=None, viewScale=None, waitBlanking=True, winType='pyglet')
8.0989 	EXP 	window1: mouseVisible = True
8.1687 	EXP 	Created unnamed TextStim = TextStim(__class__=<class 'psychopy.visual.text.TextStim'>, alignHoriz=method-wrapper(...), alignText='center', alignVert=method-wrapper(...), anchorHoriz='center', anchorVert='center', antialias=True, autoLog=True, bold=False, color=array([1., 1., 1.]), colorSpace='rgb', contrast=1.0, depth=0, flipHoriz=False, flipVert=False, font='', fontFiles=[], height=0.5, italic=False, languageStyle='LTR', name='unnamed TextStim', opacity=1.0, ori=0.0, pos=array([0., 0.]), rgb=UNKNOWN, text=str(...), units='deg', win=Window(...), wrapWidth=15.0)
8.1988 	EXP 	Created Movie Frame 0 = ImageStim(__class__=<class 'psychopy.visual.image.ImageStim'>, autoLog=True, color=array([0.8, 0.8, 0.8]), colorSpace='rgb', contrast=0.8, depth=0, flipHoriz=False, flipVert=False, image='visual_0.png', interpolate=False, mask=None, maskParams=None, name='Movie Frame 0', opacity=1, ori=0.0, pos=array([0., 0.]), size=array([1024,  768]), texRes=128, units='pix', win=Window(...))
8.2221 	EXP 	Created Movie Frame 1 = ImageStim(__class__=<class 'psychopy.visual.image.ImageStim'>, autoLog=True, color=array([0.8, 0.8, 0.8]), colorSpace='rgb', contrast=0.8, depth=0, flipHoriz=False, flipVert=False, image='visual_1.png', interpolate=False, mask=None, maskParams=None, name='Movie Frame 1', opacity=1, ori=0.0, pos=array([0., 0.]), size=array([1024,  768]), texRes=128, units='pix', win=Window(...))
30.1227 	DATA 	Keypress: 5
0.0000 	DATA 	StartOfRun sub-04_ses-01_run-01
0.0000 	DATA 	TR 1 | TR1 1 | TR2 0
0.0151 	DATA 	Initial baseline

0.9188 	DATA 	Keypress: 5
0.9189 	DATA 	TR 2 | TR1 1 | TR2 1
2.5091 	DATA 	Keypress: 5
2.5091 	DATA 	TR 3 | TR1 2 | TR2 1
3.4293 	DATA 	Keypress: 5
3.4293 	DATA 	TR 4 | TR1 2 | TR2 2
5.0195 	DATA 	Keypress: 5
5.0196 	DATA 	TR 5 | TR1 3 | TR2 2
5.9387 	DATA 	Keypress: 5
5.9387 	DATA 	TR 6 | TR1 3 | TR2 3
7.5290 	DATA 	Keypress: 5
7.5290 	DATA 	TR 7 | TR1 4 | TR2 3
8.4491 	DATA 	Keypress: 5
8.4492 	DATA 	TR 8 | TR1 4 | TR2 4
10.0394 	DATA 	Keypress: 5
10.0394 	DATA 	TR 9 | TR1 5 | TR2 4
10.9596 	DATA 	Keypress: 5
10.9596 	DATA 	TR 10 | TR1 5 | TR2 5
12.5488 	DATA 	Keypress: 5
12.5489 	DATA 	TR 11 | TR1 6 | TR2 5
13.4690 	DATA 	Keypress: 5
13.4690 	DATA 	TR 12 | TR1 6 | TR2 6
15.0593 	DATA 	Keypress: 5
15.0593 	DATA 	TR 13 | TR1 7 | TR2 6
15.9794 	DATA 	Keypress: 5
15.9795 	DATA 	TR 14 | TR1 7 | TR2 7
17.5697 	DATA 	Keypress: 5
17.5698 	DATA 	TR 15 | TR1 8 | TR2 7
18.4889 	DATA 	Keypress: 5
18.4889 	DATA 	TR 16 | TR1 8 | TR2 8
20.0792 	DATA 	Keypress: 5
20.0792 	DATA 	TR 17 | TR1 9 | TR2 8
20.9993 	DATA 	Keypress: 5
20.9994 	DATA 	TR 18 | TR1 9 | TR2 9
22.5896 	DATA 	Keypress: 5
22.5896 	DATA 	TR 19 | TR1 10 | TR2 9
23.5098 	DATA 	Keypress: 5
23.5098 	DATA 	TR 20 | TR1 10 | TR2 10
25.1001 	DATA 	Keypress: 5
25.1002 	DATA 	TR 21 | TR1 11 | TR2 10
26.0192 	DATA 	Keypress: 5
26.0192 	DATA 	TR 22 | TR1 11 | TR2 11
27.6095 	DATA 	Keypress: 5
27.6095 	DATA 	TR 23 | TR1 12 | TR2 11
28.5296 	DATA 	Keypress: 5
28.5297 	DATA 	TR 24 | TR1 12 | TR2 12
30.1311 	DATA 	Keypress: 5
30.1311 	DATA 	Waited 0.1311359405517578 seconds for trigger
30.1816 	DATA 	
30.1816 	DATA 	Trial 1
30.1817 	DATA 	stimDur = 24.0
30.1817 	DATA 	jitter = 0.8363333333333333
30.1817 	DATA 	restDur = 24.0

30.1817 	DATA 	
30.1817 	DATA 	TR 25 | TR1 13 | TR2 12
30.9810 	DATA 	
30.9810 	DATA 	stimulation started
30.9811 	DATA 	
31.0478 	DATA 	Keypress: 5
31.0478 	DATA 	TR 26 | TR1 13 | TR2 13
32.6311 	DATA 	Keypress: 5
32.6311 	DATA 	TR 27 | TR1 14 | TR2 13
33.5644 	DATA 	Keypress: 5
33.5644 	DATA 	TR 28 | TR1 14 | TR2 14
35.1476 	DATA 	Keypress: 5
35.1477 	DATA 	TR 29 | TR1 15 | TR2 14
36.0643 	DATA 	Keypress: 5
36.0643 	DATA 	TR 30 | TR1 15 | TR2 15
37.6642 	DATA 	Keypress: 5
37.6642 	DATA 	TR 31 | TR1 16 | TR2 15
38.5809 	DATA 	Keypress: 5
38.5809 	DATA 	TR 32 | TR1 16 | TR2 16
40.1641 	DATA 	Keypress: 5
40.1642 	DATA 	TR 33 | TR1 17 | TR2 16
41.0807 	DATA 	Keypress: 5
41.0808 	DATA 	TR 34 | TR1 17 | TR2 17
42.6807 	DATA 	Keypress: 5
42.6808 	DATA 	TR 35 | TR1 18 | TR2 17
43.5973 	DATA 	Keypress: 5
43.5973 	DATA 	TR 36 | TR1 18 | TR2 18
45.1813 	DATA 	Keypress: 5
45.1972 	DATA 	TR 37 | TR1 19 | TR2 18
46.1139 	DATA 	Keypress: 5
46.1139 	DATA 	TR 38 | TR1 19 | TR2 19
47.6972 	DATA 	Keypress: 5
47.6972 	DATA 	TR 39 | TR1 20 | TR2 19
48.6138 	DATA 	Keypress: 5
48.6138 	DATA 	TR 40 | TR1 20 | TR2 20
50.2137 	DATA 	Keypress: 5
50.2137 	DATA 	TR 41 | TR1 21 | TR2 20
51.1304 	DATA 	Keypress: 5
51.1304 	DATA 	TR 42 | TR1 21 | TR2 21
52.7136 	DATA 	Keypress: 5
52.7137 	DATA 	TR 43 | TR1 22 | TR2 21
53.6469 	DATA 	Keypress: 5
53.6470 	DATA 	TR 44 | TR1 22 | TR2 22
54.9802 	DATA 	
54.9802 	DATA 	stimulation stopped
54.9802 	DATA 	
55.2301 	DATA 	Keypress: 5
55.2301 	DATA 	TR 45 | TR1 23 | TR2 22
56.1467 	DATA 	Keypress: 5
56.1468 	DATA 	TR 46 | TR1 23 | TR2 23
57.7467 	DATA 	Keypress: 5
57.7468 	DATA 	TR 47 | TR1 24 | TR2 23
58.6633 	DATA 	Keypress: 5
58.6634 	DATA 	TR 48 | TR1 24 | TR2 24
60.2466 	DATA 	Keypress: 5
60.2467 	DATA 	TR 49 | TR1 25 | TR2 24
61.1632 	DATA 	Keypress: 5
61.1632 	DATA 	TR 50 | TR1 25 | TR2 25
62.7632 	DATA 	Keypress: 5
62.7632 	DATA 	TR 51 | TR1 26 | TR2 25
63.6798 	DATA 	Keypress: 5
63.6799 	DATA 	TR 52 | TR1 26 | TR2 26
65.2630 	DATA 	Keypress: 5
65.2631 	DATA 	TR 53 | TR1 27 | TR2 26
66.1964 	DATA 	Keypress: 5
66.1964 	DATA 	TR 54 | TR1 27 | TR2 27
67.7797 	DATA 	Keypress: 5
67.7797 	DATA 	TR 55 | TR1 28 | TR2 27
68.6963 	DATA 	Keypress: 5
68.6963 	DATA 	TR 56 | TR1 28 | TR2 28
70.2962 	DATA 	Keypress: 5
70.2963 	DATA 	TR 57 | TR1 29 | TR2 28
71.2129 	DATA 	Keypress: 5
71.2129 	DATA 	TR 58 | TR1 29 | TR2 29
72.7961 	DATA 	Keypress: 5
72.7962 	DATA 	TR 59 | TR1 30 | TR2 29
73.7127 	DATA 	Keypress: 5
73.7128 	DATA 	TR 60 | TR1 30 | TR2 30
75.3127 	DATA 	Keypress: 5
75.3128 	DATA 	TR 61 | TR1 31 | TR2 30
75.4127 	DATA 	Target presented
76.0793 	DATA 	Keypress: 1
76.0794 	DATA 	Key1 pressed
76.0794 	DATA 	Target detected
76.2293 	DATA 	Keypress: 5
76.2293 	DATA 	TR 62 | TR1 31 | TR2 31
77.8126 	DATA 	Keypress: 5
77.8126 	DATA 	TR 63 | TR1 32 | TR2 31
78.7459 	DATA 	Keypress: 5
78.7460 	DATA 	TR 64 | TR1 32 | TR2 32
78.9792 	DATA 	
78.9792 	DATA 	Trial complete
78.9792 	DATA 	Waiting for VASO trigger to start next trial
78.9792 	DATA 	
80.3291 	DATA 	Keypress: 5
80.3292 	DATA 	Waited 1.3499882221221924 seconds for trigger
80.3300 	DATA 	
80.3300 	DATA 	Trial 2
80.3300 	DATA 	stimDur = 2.0
80.3300 	DATA 	jitter = 0.4181666666666666
80.3300 	DATA 	restDur = 14.0

80.3300 	DATA 	
80.3300 	DATA 	TR 65 | TR1 33 | TR2 32
80.7624 	DATA 	
80.7624 	DATA 	stimulation started
80.7624 	DATA 	
81.2458 	DATA 	Keypress: 5
81.2459 	DATA 	TR 66 | TR1 33 | TR2 33
82.7624 	DATA 	
82.7624 	DATA 	stimulation stopped
82.7624 	DATA 	
82.8457 	DATA 	Keypress: 5
82.8458 	DATA 	TR 67 | TR1 34 | TR2 33
83.7623 	DATA 	Keypress: 5
83.7624 	DATA 	TR 68 | TR1 34 | TR2 34
85.3456 	DATA 	Keypress: 5
85.3457 	DATA 	TR 69 | TR1 35 | TR2 34
86.2624 	DATA 	Keypress: 5
86.2625 	DATA 	TR 70 | TR1 35 | TR2 35
87.8623 	DATA 	Keypress: 5
87.8624 	DATA 	TR 71 | TR1 36 | TR2 35
88.7788 	DATA 	Keypress: 5
88.7789 	DATA 	TR 72 | TR1 36 | TR2 36
90.3627 	DATA 	Keypress: 5
90.3787 	DATA 	TR 73 | TR1 37 | TR2 36
91.2954 	DATA 	Keypress: 5
91.2955 	DATA 	TR 74 | TR1 37 | TR2 37
92.8787 	DATA 	Keypress: 5
92.8787 	DATA 	TR 75 | TR1 38 | TR2 37
93.7954 	DATA 	Keypress: 5
93.7954 	DATA 	TR 76 | TR1 38 | TR2 38
95.3953 	DATA 	Keypress: 5
95.3953 	DATA 	TR 77 | TR1 39 | TR2 38
96.3119 	DATA 	Keypress: 5
96.3119 	DATA 	TR 78 | TR1 39 | TR2 39
96.7618 	DATA 	
96.7618 	DATA 	Trial complete
96.7618 	DATA 	Waiting for VASO trigger to start next trial
96.7618 	DATA 	
97.8952 	DATA 	Keypress: 5
97.8952 	DATA 	Waited 1.1333999633789062 seconds for trigger
97.8960 	DATA 	
97.8960 	DATA 	Trial 3
97.8960 	DATA 	stimDur = 12.0
97.8960 	DATA 	jitter = 2.0908333333333333
97.8960 	DATA 	restDur = 20.0

97.8960 	DATA 	
97.8960 	DATA 	TR 79 | TR1 40 | TR2 39
98.8124 	DATA 	Keypress: 5
98.8284 	DATA 	TR 80 | TR1 40 | TR2 40
99.9951 	DATA 	
99.9951 	DATA 	stimulation started
99.9951 	DATA 	
100.4118 	DATA 	Keypress: 5
100.4119 	DATA 	TR 81 | TR1 41 | TR2 40
101.3284 	DATA 	Keypress: 5
101.3285 	DATA 	TR 82 | TR1 41 | TR2 41
102.9284 	DATA 	Keypress: 5
102.9284 	DATA 	TR 83 | TR1 42 | TR2 41
103.8450 	DATA 	Keypress: 5
103.8451 	DATA 	TR 84 | TR1 42 | TR2 42
105.4283 	DATA 	Keypress: 5
105.4283 	DATA 	TR 85 | TR1 43 | TR2 42
106.3449 	DATA 	Keypress: 5
106.3449 	DATA 	TR 86 | TR1 43 | TR2 43
107.9448 	DATA 	Keypress: 5
107.9449 	DATA 	TR 87 | TR1 44 | TR2 43
108.8615 	DATA 	Keypress: 5
108.8615 	DATA 	TR 88 | TR1 44 | TR2 44
110.4449 	DATA 	Keypress: 5
110.4450 	DATA 	TR 89 | TR1 45 | TR2 44
111.3780 	DATA 	Keypress: 5
111.3781 	DATA 	TR 90 | TR1 45 | TR2 45
111.9946 	DATA 	
111.9946 	DATA 	stimulation stopped
111.9946 	DATA 	
112.9613 	DATA 	Keypress: 5
112.9613 	DATA 	TR 91 | TR1 46 | TR2 45
113.8779 	DATA 	Keypress: 5
113.8779 	DATA 	TR 92 | TR1 46 | TR2 46
115.4778 	DATA 	Keypress: 5
115.4779 	DATA 	TR 93 | TR1 47 | TR2 46
116.3945 	DATA 	Keypress: 5
116.3945 	DATA 	TR 94 | TR1 47 | TR2 47
117.9777 	DATA 	Keypress: 5
117.9778 	DATA 	TR 95 | TR1 48 | TR2 47
118.8944 	DATA 	Keypress: 5
118.8945 	DATA 	TR 96 | TR1 48 | TR2 48
120.4943 	DATA 	Keypress: 5
120.4944 	DATA 	TR 97 | TR1 49 | TR2 48
121.4109 	DATA 	Keypress: 5
121.4110 	DATA 	TR 98 | TR1 49 | TR2 49
122.9942 	DATA 	Keypress: 5
122.9943 	DATA 	TR 99 | TR1 50 | TR2 49
123.9275 	DATA 	Keypress: 5
123.9276 	DATA 	TR 100 | TR1 50 | TR2 50
125.5108 	DATA 	Keypress: 5
125.5109 	DATA 	TR 101 | TR1 51 | TR2 50
126.4274 	DATA 	Keypress: 5
126.4275 	DATA 	TR 102 | TR1 51 | TR2 51
128.0274 	DATA 	Keypress: 5
128.0274 	DATA 	TR 103 | TR1 52 | TR2 51
128.9440 	DATA 	Keypress: 5
128.9440 	DATA 	TR 104 | TR1 52 | TR2 52
130.5273 	DATA 	Keypress: 5
130.5273 	DATA 	TR 105 | TR1 53 | TR2 52
131.4445 	DATA 	Keypress: 5
131.4605 	DATA 	TR 106 | TR1 53 | TR2 53
131.9938 	DATA 	
131.9938 	DATA 	Trial complete
131.9938 	DATA 	Waiting for VASO trigger to start next trial
131.9938 	DATA 	
133.0438 	DATA 	Keypress: 5
133.0439 	DATA 	Waited 1.0500459671020508 seconds for trigger
133.0447 	DATA 	
133.0447 	DATA 	Trial 4
133.0447 	DATA 	stimDur = 4.0
133.0447 	DATA 	jitter = 1.6726666666666663
133.0447 	DATA 	restDur = 16.0

133.0447 	DATA 	
133.0447 	DATA 	TR 107 | TR1 54 | TR2 53
133.9605 	DATA 	Keypress: 5
133.9605 	DATA 	TR 108 | TR1 54 | TR2 54
134.7271 	DATA 	
134.7271 	DATA 	stimulation started
134.7271 	DATA 	
135.5438 	DATA 	Keypress: 5
135.5439 	DATA 	TR 109 | TR1 55 | TR2 54
136.4771 	DATA 	Keypress: 5
136.4771 	DATA 	TR 110 | TR1 55 | TR2 55
138.0604 	DATA 	Keypress: 5
138.0605 	DATA 	TR 111 | TR1 56 | TR2 55
138.7270 	DATA 	
138.7270 	DATA 	stimulation stopped
138.7270 	DATA 	
138.9770 	DATA 	Keypress: 5
138.9771 	DATA 	TR 112 | TR1 56 | TR2 56
140.1603 	DATA 	Target presented
140.5769 	DATA 	Keypress: 5
140.5770 	DATA 	TR 113 | TR1 57 | TR2 56
140.6269 	DATA 	Keypress: 1
140.6269 	DATA 	Key1 pressed
140.6269 	DATA 	Target detected
141.4935 	DATA 	Keypress: 5
141.4936 	DATA 	TR 114 | TR1 57 | TR2 57
143.0768 	DATA 	Keypress: 5
143.0769 	DATA 	TR 115 | TR1 58 | TR2 57
144.0102 	DATA 	Keypress: 5
144.0103 	DATA 	TR 116 | TR1 58 | TR2 58
145.5933 	DATA 	Keypress: 5
145.5934 	DATA 	TR 117 | TR1 59 | TR2 58
146.5101 	DATA 	Keypress: 5
146.5102 	DATA 	TR 118 | TR1 59 | TR2 59
148.1100 	DATA 	Keypress: 5
148.1101 	DATA 	TR 119 | TR1 60 | TR2 59
149.0264 	DATA 	Keypress: 5
149.0264 	DATA 	TR 120 | TR1 60 | TR2 60
150.6097 	DATA 	Keypress: 5
150.6098 	DATA 	TR 121 | TR1 61 | TR2 60
151.5262 	DATA 	Keypress: 5
151.5263 	DATA 	TR 122 | TR1 61 | TR2 61
153.1261 	DATA 	Keypress: 5
153.1262 	DATA 	TR 123 | TR1 62 | TR2 61
154.0427 	DATA 	Keypress: 5
154.0428 	DATA 	TR 124 | TR1 62 | TR2 62
154.7262 	DATA 	
154.7262 	DATA 	Trial complete
154.7262 	DATA 	Waiting for VASO trigger to start next trial
154.7262 	DATA 	
155.6260 	DATA 	Keypress: 5
155.6260 	DATA 	Waited 0.8998050689697266 seconds for trigger
155.6268 	DATA 	
155.6268 	DATA 	Trial 5
155.6268 	DATA 	stimDur = 2.0
155.6268 	DATA 	jitter = 0.8363333333333333
155.6268 	DATA 	restDur = 14.0

155.6268 	DATA 	
155.6268 	DATA 	TR 125 | TR1 63 | TR2 62
156.4758 	DATA 	
156.4758 	DATA 	stimulation started
156.4759 	DATA 	
156.5593 	DATA 	Keypress: 5
156.5593 	DATA 	TR 126 | TR1 63 | TR2 63
158.1425 	DATA 	Keypress: 5
158.1425 	DATA 	TR 127 | TR1 64 | TR2 63
158.4758 	DATA 	
158.4758 	DATA 	stimulation stopped
158.4758 	DATA 	
159.0591 	DATA 	Keypress: 5
159.0591 	DATA 	TR 128 | TR1 64 | TR2 64
160.6588 	DATA 	Keypress: 5
160.6588 	DATA 	TR 129 | TR1 65 | TR2 64
161.5755 	DATA 	Keypress: 5
161.5756 	DATA 	TR 130 | TR1 65 | TR2 65
163.1588 	DATA 	Keypress: 5
163.1588 	DATA 	TR 131 | TR1 66 | TR2 65
164.0754 	DATA 	Keypress: 5
164.0754 	DATA 	TR 132 | TR1 66 | TR2 66
165.6753 	DATA 	Keypress: 5
165.6753 	DATA 	TR 133 | TR1 67 | TR2 66
166.5919 	DATA 	Keypress: 5
166.5919 	DATA 	TR 134 | TR1 67 | TR2 67
168.1750 	DATA 	Keypress: 5
168.1750 	DATA 	TR 135 | TR1 68 | TR2 67
169.1084 	DATA 	Keypress: 5
169.1084 	DATA 	TR 136 | TR1 68 | TR2 68
170.6917 	DATA 	Keypress: 5
170.6918 	DATA 	TR 137 | TR1 69 | TR2 68
171.6082 	DATA 	Keypress: 5
171.6083 	DATA 	TR 138 | TR1 69 | TR2 69
172.4748 	DATA 	
172.4748 	DATA 	Trial complete
172.4748 	DATA 	Waiting for VASO trigger to start next trial
172.4748 	DATA 	
173.2081 	DATA 	Keypress: 5
173.2081 	DATA 	Waited 0.7333447933197021 seconds for trigger
173.2089 	DATA 	
173.2089 	DATA 	Trial 6
173.2089 	DATA 	stimDur = 1.0
173.2089 	DATA 	jitter = 0.0
173.2089 	DATA 	restDur = 12.0

173.2089 	DATA 	
173.2089 	DATA 	TR 139 | TR1 70 | TR2 69
173.2089 	DATA 	
173.2090 	DATA 	stimulation started
173.2090 	DATA 	
174.1249 	DATA 	Keypress: 5
174.1249 	DATA 	TR 140 | TR1 70 | TR2 70
174.2247 	DATA 	
174.2247 	DATA 	stimulation stopped
174.2247 	DATA 	
175.7079 	DATA 	Keypress: 5
175.7080 	DATA 	TR 141 | TR1 71 | TR2 70
176.6245 	DATA 	Keypress: 5
176.6246 	DATA 	TR 142 | TR1 71 | TR2 71
178.2245 	DATA 	Keypress: 5
178.2245 	DATA 	TR 143 | TR1 72 | TR2 71
179.1410 	DATA 	Keypress: 5
179.1411 	DATA 	TR 144 | TR1 72 | TR2 72
180.7249 	DATA 	Keypress: 5
180.7409 	DATA 	TR 145 | TR1 73 | TR2 72
181.6575 	DATA 	Keypress: 5
181.6576 	DATA 	TR 146 | TR1 73 | TR2 73
183.2407 	DATA 	Keypress: 5
183.2408 	DATA 	TR 147 | TR1 74 | TR2 73
184.1574 	DATA 	Keypress: 5
184.1574 	DATA 	TR 148 | TR1 74 | TR2 74
185.7572 	DATA 	Keypress: 5
185.7573 	DATA 	TR 149 | TR1 75 | TR2 74
186.2239 	DATA 	
186.2239 	DATA 	Trial complete
186.2239 	DATA 	Waiting for VASO trigger to start next trial
186.2239 	DATA 	
186.6739 	DATA 	Keypress: 5
186.6739 	DATA 	TR 150 | TR1 75 | TR2 75
188.2571 	DATA 	Keypress: 5
188.2571 	DATA 	Waited 2.03324818611145 seconds for trigger
188.2579 	DATA 	
188.2579 	DATA 	Trial 7
188.2579 	DATA 	stimDur = 12.0
188.2579 	DATA 	jitter = 0.8363333333333333
188.2579 	DATA 	restDur = 20.0

188.2579 	DATA 	
188.2579 	DATA 	TR 151 | TR1 76 | TR2 75
189.1070 	DATA 	
189.1070 	DATA 	stimulation started
189.1070 	DATA 	
189.1904 	DATA 	Keypress: 5
189.1905 	DATA 	TR 152 | TR1 76 | TR2 76
190.7738 	DATA 	Keypress: 5
190.7738 	DATA 	TR 153 | TR1 77 | TR2 76
191.6903 	DATA 	Keypress: 5
191.6904 	DATA 	TR 154 | TR1 77 | TR2 77
193.2902 	DATA 	Keypress: 5
193.2902 	DATA 	TR 155 | TR1 78 | TR2 77
194.2068 	DATA 	Keypress: 5
194.2068 	DATA 	TR 156 | TR1 78 | TR2 78
195.7901 	DATA 	Keypress: 5
195.7902 	DATA 	TR 157 | TR1 79 | TR2 78
196.7066 	DATA 	Keypress: 5
196.7067 	DATA 	TR 158 | TR1 79 | TR2 79
198.3065 	DATA 	Keypress: 5
198.3065 	DATA 	TR 159 | TR1 80 | TR2 79
199.2231 	DATA 	Keypress: 5
199.2232 	DATA 	TR 160 | TR1 80 | TR2 80
200.8064 	DATA 	Keypress: 5
200.8064 	DATA 	TR 161 | TR1 81 | TR2 80
201.1063 	DATA 	
201.1063 	DATA 	stimulation stopped
201.1063 	DATA 	
201.7396 	DATA 	Keypress: 5
201.7396 	DATA 	TR 162 | TR1 81 | TR2 81
203.3228 	DATA 	Keypress: 5
203.3229 	DATA 	TR 163 | TR1 82 | TR2 81
204.2394 	DATA 	Keypress: 5
204.2394 	DATA 	TR 164 | TR1 82 | TR2 82
205.8393 	DATA 	Keypress: 5
205.8394 	DATA 	TR 165 | TR1 83 | TR2 82
206.7559 	DATA 	Keypress: 5
206.7560 	DATA 	TR 166 | TR1 83 | TR2 83
206.8727 	DATA 	Target presented
207.3725 	DATA 	Keypress: 1
207.3726 	DATA 	Key1 pressed
207.3726 	DATA 	Target detected
208.3392 	DATA 	Keypress: 5
208.3393 	DATA 	TR 167 | TR1 84 | TR2 83
209.2558 	DATA 	Keypress: 5
209.2558 	DATA 	TR 168 | TR1 84 | TR2 84
210.8556 	DATA 	Keypress: 5
210.8557 	DATA 	TR 169 | TR1 85 | TR2 84
211.7724 	DATA 	Keypress: 5
211.7724 	DATA 	TR 170 | TR1 85 | TR2 85
213.3560 	DATA 	Keypress: 5
213.3720 	DATA 	TR 171 | TR1 86 | TR2 85
214.2886 	DATA 	Keypress: 5
214.2887 	DATA 	TR 172 | TR1 86 | TR2 86
215.8719 	DATA 	Keypress: 5
215.8719 	DATA 	TR 173 | TR1 87 | TR2 86
216.7884 	DATA 	Keypress: 5
216.7884 	DATA 	TR 174 | TR1 87 | TR2 87
218.3883 	DATA 	Keypress: 5
218.3883 	DATA 	TR 175 | TR1 88 | TR2 87
219.3048 	DATA 	Keypress: 5
219.3048 	DATA 	TR 176 | TR1 88 | TR2 88
220.8880 	DATA 	Keypress: 5
220.8881 	DATA 	TR 177 | TR1 89 | TR2 88
221.1046 	DATA 	
221.1046 	DATA 	Trial complete
221.1046 	DATA 	Waiting for VASO trigger to start next trial
221.1046 	DATA 	
221.8046 	DATA 	Keypress: 5
221.8046 	DATA 	TR 178 | TR1 89 | TR2 89
223.4044 	DATA 	Keypress: 5
223.4045 	DATA 	Waited 2.29988694190979 seconds for trigger
223.4053 	DATA 	
223.4053 	DATA 	Trial 8
223.4053 	DATA 	stimDur = 24.0
223.4053 	DATA 	jitter = 0.0
223.4053 	DATA 	restDur = 24.0

223.4053 	DATA 	
223.4053 	DATA 	TR 179 | TR1 90 | TR2 89
223.4053 	DATA 	
223.4053 	DATA 	stimulation started
223.4053 	DATA 	
224.3211 	DATA 	Keypress: 5
224.3212 	DATA 	TR 180 | TR1 90 | TR2 90
225.9050 	DATA 	Keypress: 5
225.9209 	DATA 	TR 181 | TR1 91 | TR2 90
226.8375 	DATA 	Keypress: 5
226.8375 	DATA 	TR 182 | TR1 91 | TR2 91
228.4208 	DATA 	Keypress: 5
228.4209 	DATA 	TR 183 | TR1 92 | TR2 91
229.3373 	DATA 	Keypress: 5
229.3373 	DATA 	TR 184 | TR1 92 | TR2 92
230.9371 	DATA 	Keypress: 5
230.9372 	DATA 	TR 185 | TR1 93 | TR2 92
231.8537 	DATA 	Keypress: 5
231.8537 	DATA 	TR 186 | TR1 93 | TR2 93
233.4369 	DATA 	Keypress: 5
233.4369 	DATA 	TR 187 | TR1 94 | TR2 93
234.3542 	DATA 	Keypress: 5
234.3701 	DATA 	TR 188 | TR1 94 | TR2 94
235.9533 	DATA 	Keypress: 5
235.9533 	DATA 	TR 189 | TR1 95 | TR2 94
236.8699 	DATA 	Keypress: 5
236.8699 	DATA 	TR 190 | TR1 95 | TR2 95
238.4698 	DATA 	Keypress: 5
238.4698 	DATA 	TR 191 | TR1 96 | TR2 95
239.3863 	DATA 	Keypress: 5
239.3863 	DATA 	TR 192 | TR1 96 | TR2 96
240.9696 	DATA 	Keypress: 5
240.9697 	DATA 	TR 193 | TR1 97 | TR2 96
241.8861 	DATA 	Keypress: 5
241.8861 	DATA 	TR 194 | TR1 97 | TR2 97
243.4860 	DATA 	Keypress: 5
243.4860 	DATA 	TR 195 | TR1 98 | TR2 97
244.4025 	DATA 	Keypress: 5
244.4025 	DATA 	TR 196 | TR1 98 | TR2 98
245.9857 	DATA 	Keypress: 5
245.9858 	DATA 	TR 197 | TR1 99 | TR2 98
246.9189 	DATA 	Keypress: 5
246.9190 	DATA 	TR 198 | TR1 99 | TR2 99
247.4189 	DATA 	
247.4189 	DATA 	stimulation stopped
247.4189 	DATA 	
248.5023 	DATA 	Keypress: 5
248.5023 	DATA 	TR 199 | TR1 100 | TR2 99
249.4187 	DATA 	Keypress: 5
249.4187 	DATA 	TR 200 | TR1 100 | TR2 100
251.0185 	DATA 	Keypress: 5
251.0186 	DATA 	TR 201 | TR1 101 | TR2 100
251.9351 	DATA 	Keypress: 5
251.9352 	DATA 	TR 202 | TR1 101 | TR2 101
253.5183 	DATA 	Keypress: 5
253.5183 	DATA 	TR 203 | TR1 102 | TR2 101
254.4349 	DATA 	Keypress: 5
254.4349 	DATA 	TR 204 | TR1 102 | TR2 102
256.0348 	DATA 	Keypress: 5
256.0348 	DATA 	TR 205 | TR1 103 | TR2 102
256.9513 	DATA 	Keypress: 5
256.9514 	DATA 	TR 206 | TR1 103 | TR2 103
258.5345 	DATA 	Keypress: 5
258.5346 	DATA 	TR 207 | TR1 104 | TR2 103
259.4678 	DATA 	Keypress: 5
259.4678 	DATA 	TR 208 | TR1 104 | TR2 104
261.0510 	DATA 	Keypress: 5
261.0511 	DATA 	TR 209 | TR1 105 | TR2 104
261.9341 	DATA 	Target presented
261.9675 	DATA 	Keypress: 5
261.9676 	DATA 	TR 210 | TR1 105 | TR2 105
262.3675 	DATA 	Keypress: 1
262.3676 	DATA 	Key1 pressed
262.3676 	DATA 	Target detected
263.5674 	DATA 	Keypress: 5
263.5675 	DATA 	TR 211 | TR1 106 | TR2 105
264.4840 	DATA 	Keypress: 5
264.4841 	DATA 	TR 212 | TR1 106 | TR2 106
266.0672 	DATA 	Keypress: 5
266.0672 	DATA 	TR 213 | TR1 107 | TR2 106
266.9844 	DATA 	Keypress: 5
267.0004 	DATA 	TR 214 | TR1 107 | TR2 107
268.5836 	DATA 	Keypress: 5
268.5837 	DATA 	TR 215 | TR1 108 | TR2 107
269.5002 	DATA 	Keypress: 5
269.5003 	DATA 	TR 216 | TR1 108 | TR2 108
271.0841 	DATA 	Keypress: 5
271.1001 	DATA 	TR 217 | TR1 109 | TR2 108
271.4167 	DATA 	
271.4167 	DATA 	Trial complete
271.4167 	DATA 	Waiting for VASO trigger to start next trial
271.4167 	DATA 	
272.0167 	DATA 	Keypress: 5
272.0167 	DATA 	TR 218 | TR1 109 | TR2 109
273.5999 	DATA 	Keypress: 5
273.6000 	DATA 	Waited 2.183238983154297 seconds for trigger
273.6007 	DATA 	
273.6007 	DATA 	Trial 9
273.6008 	DATA 	stimDur = 4.0
273.6008 	DATA 	jitter = 0.4181666666666666
273.6008 	DATA 	restDur = 16.0

273.6008 	DATA 	
273.6008 	DATA 	TR 219 | TR1 110 | TR2 109
274.0331 	DATA 	
274.0332 	DATA 	stimulation started
274.0332 	DATA 	
274.5167 	DATA 	Keypress: 5
274.5167 	DATA 	TR 220 | TR1 110 | TR2 110
276.1164 	DATA 	Keypress: 5
276.1164 	DATA 	TR 221 | TR1 111 | TR2 110
277.0330 	DATA 	Keypress: 5
277.0331 	DATA 	TR 222 | TR1 111 | TR2 111
278.0328 	DATA 	
278.0328 	DATA 	stimulation stopped
278.0329 	DATA 	
278.6161 	DATA 	Keypress: 5
278.6162 	DATA 	TR 223 | TR1 112 | TR2 111
279.5494 	DATA 	Keypress: 5
279.5494 	DATA 	TR 224 | TR1 112 | TR2 112
281.1325 	DATA 	Keypress: 5
281.1326 	DATA 	TR 225 | TR1 113 | TR2 112
282.0491 	DATA 	Keypress: 5
282.0491 	DATA 	TR 226 | TR1 113 | TR2 113
283.6489 	DATA 	Keypress: 5
283.6489 	DATA 	TR 227 | TR1 114 | TR2 113
284.5655 	DATA 	Keypress: 5
284.5655 	DATA 	TR 228 | TR1 114 | TR2 114
286.1487 	DATA 	Keypress: 5
286.1488 	DATA 	TR 229 | TR1 115 | TR2 114
287.0651 	DATA 	Keypress: 5
287.0652 	DATA 	TR 230 | TR1 115 | TR2 115
288.6651 	DATA 	Keypress: 5
288.6651 	DATA 	TR 231 | TR1 116 | TR2 115
289.5815 	DATA 	Keypress: 5
289.5815 	DATA 	TR 232 | TR1 116 | TR2 116
291.1646 	DATA 	Keypress: 5
291.1647 	DATA 	TR 233 | TR1 117 | TR2 116
292.0979 	DATA 	Keypress: 5
292.0979 	DATA 	TR 234 | TR1 117 | TR2 117
293.6810 	DATA 	Keypress: 5
293.6810 	DATA 	TR 235 | TR1 118 | TR2 117
294.0309 	DATA 	
294.0309 	DATA 	Trial complete
294.0310 	DATA 	Waiting for VASO trigger to start next trial
294.0310 	DATA 	
294.5976 	DATA 	Keypress: 5
294.5976 	DATA 	TR 236 | TR1 118 | TR2 118
296.1973 	DATA 	Keypress: 5
296.1973 	DATA 	Waited 2.1663758754730225 seconds for trigger
296.1981 	DATA 	
296.1981 	DATA 	Trial 10
296.1981 	DATA 	stimDur = 24.0
296.1981 	DATA 	jitter = 1.6726666666666663
296.1981 	DATA 	restDur = 24.0

296.1981 	DATA 	
296.1981 	DATA 	TR 237 | TR1 119 | TR2 118
297.1139 	DATA 	Keypress: 5
297.1140 	DATA 	TR 238 | TR1 119 | TR2 119
297.8804 	DATA 	
297.8805 	DATA 	stimulation started
297.8805 	DATA 	
298.6971 	DATA 	Keypress: 5
298.6972 	DATA 	TR 239 | TR1 120 | TR2 119
299.6138 	DATA 	Keypress: 5
299.6139 	DATA 	TR 240 | TR1 120 | TR2 120
301.2135 	DATA 	Keypress: 5
301.2136 	DATA 	TR 241 | TR1 121 | TR2 120
302.1300 	DATA 	Keypress: 5
302.1301 	DATA 	TR 242 | TR1 121 | TR2 121
303.7140 	DATA 	Keypress: 5
303.7297 	DATA 	TR 243 | TR1 122 | TR2 121
304.6464 	DATA 	Keypress: 5
304.6465 	DATA 	TR 244 | TR1 122 | TR2 122
306.2295 	DATA 	Keypress: 5
306.2296 	DATA 	TR 245 | TR1 123 | TR2 122
307.1461 	DATA 	Keypress: 5
307.1461 	DATA 	TR 246 | TR1 123 | TR2 123
308.7462 	DATA 	Keypress: 5
308.7462 	DATA 	TR 247 | TR1 124 | TR2 123
309.6625 	DATA 	Keypress: 5
309.6625 	DATA 	TR 248 | TR1 124 | TR2 124
311.2457 	DATA 	Keypress: 5
311.2457 	DATA 	TR 249 | TR1 125 | TR2 124
312.1629 	DATA 	Keypress: 5
312.1788 	DATA 	TR 250 | TR1 125 | TR2 125
313.7620 	DATA 	Keypress: 5
313.7621 	DATA 	TR 251 | TR1 126 | TR2 125
314.6786 	DATA 	Keypress: 5
314.6786 	DATA 	TR 252 | TR1 126 | TR2 126
316.2626 	DATA 	Keypress: 5
316.2783 	DATA 	TR 253 | TR1 127 | TR2 126
317.1950 	DATA 	Keypress: 5
317.1950 	DATA 	TR 254 | TR1 127 | TR2 127
318.7783 	DATA 	Keypress: 5
318.7783 	DATA 	TR 255 | TR1 128 | TR2 127
319.6947 	DATA 	Keypress: 5
319.6948 	DATA 	TR 256 | TR1 128 | TR2 128
321.2945 	DATA 	Keypress: 5
321.2945 	DATA 	TR 257 | TR1 129 | TR2 128
321.8779 	DATA 	
321.8779 	DATA 	stimulation stopped
321.8779 	DATA 	
322.2110 	DATA 	Keypress: 5
322.2110 	DATA 	TR 258 | TR1 129 | TR2 129
323.7942 	DATA 	Keypress: 5
323.7942 	DATA 	TR 259 | TR1 130 | TR2 129
324.7274 	DATA 	Keypress: 5
324.7274 	DATA 	TR 260 | TR1 130 | TR2 130
326.3106 	DATA 	Keypress: 5
326.3106 	DATA 	TR 261 | TR1 131 | TR2 130
327.2271 	DATA 	Keypress: 5
327.2272 	DATA 	TR 262 | TR1 131 | TR2 131
328.8269 	DATA 	Keypress: 5
328.8270 	DATA 	TR 263 | TR1 132 | TR2 131
329.7435 	DATA 	Keypress: 5
329.7436 	DATA 	TR 264 | TR1 132 | TR2 132
331.3267 	DATA 	Keypress: 5
331.3267 	DATA 	TR 265 | TR1 133 | TR2 132
332.2433 	DATA 	Keypress: 5
332.2433 	DATA 	TR 266 | TR1 133 | TR2 133
333.8430 	DATA 	Keypress: 5
333.8431 	DATA 	TR 267 | TR1 134 | TR2 133
334.7596 	DATA 	Keypress: 5
334.7596 	DATA 	TR 268 | TR1 134 | TR2 134
336.3428 	DATA 	Keypress: 5
336.3429 	DATA 	TR 269 | TR1 135 | TR2 134
337.2760 	DATA 	Keypress: 5
337.2760 	DATA 	TR 270 | TR1 135 | TR2 135
338.8594 	DATA 	Keypress: 5
338.8594 	DATA 	TR 271 | TR1 136 | TR2 135
338.8925 	DATA 	Target presented
339.4591 	DATA 	Keypress: 1
339.4592 	DATA 	Key1 pressed
339.4592 	DATA 	Target detected
339.7757 	DATA 	Keypress: 5
339.7758 	DATA 	TR 272 | TR1 136 | TR2 136
341.3757 	DATA 	Keypress: 5
341.3757 	DATA 	TR 273 | TR1 137 | TR2 136
342.2920 	DATA 	Keypress: 5
342.2920 	DATA 	TR 274 | TR1 137 | TR2 137
343.8753 	DATA 	Keypress: 5
343.8754 	DATA 	TR 275 | TR1 138 | TR2 137
344.7919 	DATA 	Keypress: 5
344.7920 	DATA 	TR 276 | TR1 138 | TR2 138
345.8751 	DATA 	
345.8751 	DATA 	Trial complete
345.8751 	DATA 	Waiting for VASO trigger to start next trial
345.8751 	DATA 	
346.3917 	DATA 	Keypress: 5
346.3918 	DATA 	Waited 0.5166819095611572 seconds for trigger
346.3925 	DATA 	
346.3926 	DATA 	Trial 11
346.3926 	DATA 	stimDur = 1.0
346.3926 	DATA 	jitter = 1.6726666666666663
346.3926 	DATA 	restDur = 12.0

346.3926 	DATA 	
346.3926 	DATA 	TR 277 | TR1 139 | TR2 138
347.3083 	DATA 	Keypress: 5
347.3083 	DATA 	TR 278 | TR1 139 | TR2 139
348.0748 	DATA 	
348.0748 	DATA 	stimulation started
348.0748 	DATA 	
348.8923 	DATA 	Keypress: 5
348.9081 	DATA 	TR 279 | TR1 140 | TR2 139
349.0748 	DATA 	
349.0748 	DATA 	stimulation stopped
349.0748 	DATA 	
349.8247 	DATA 	Keypress: 5
349.8247 	DATA 	TR 280 | TR1 140 | TR2 140
351.4079 	DATA 	Keypress: 5
351.4079 	DATA 	TR 281 | TR1 141 | TR2 140
352.3244 	DATA 	Keypress: 5
352.3245 	DATA 	TR 282 | TR1 141 | TR2 141
353.9243 	DATA 	Keypress: 5
353.9243 	DATA 	TR 283 | TR1 142 | TR2 141
354.8408 	DATA 	Keypress: 5
354.8409 	DATA 	TR 284 | TR1 142 | TR2 142
356.4240 	DATA 	Keypress: 5
356.4240 	DATA 	TR 285 | TR1 143 | TR2 142
357.3412 	DATA 	Keypress: 5
357.3572 	DATA 	TR 286 | TR1 143 | TR2 143
358.9404 	DATA 	Keypress: 5
358.9405 	DATA 	TR 287 | TR1 144 | TR2 143
359.8570 	DATA 	Keypress: 5
359.8570 	DATA 	TR 288 | TR1 144 | TR2 144
361.0736 	DATA 	
361.0736 	DATA 	Trial complete
361.0736 	DATA 	Waiting for VASO trigger to start next trial
361.0736 	DATA 	
361.4568 	DATA 	Keypress: 5
361.4569 	DATA 	Waited 0.38324594497680664 seconds for trigger
361.4576 	DATA 	
361.4577 	DATA 	Trial 12
361.4577 	DATA 	stimDur = 24.0
361.4577 	DATA 	jitter = 2.0908333333333333
361.4577 	DATA 	restDur = 24.0

361.4577 	DATA 	
361.4577 	DATA 	TR 289 | TR1 145 | TR2 144
362.3734 	DATA 	Keypress: 5
362.3735 	DATA 	TR 290 | TR1 145 | TR2 145
363.5566 	DATA 	
363.5566 	DATA 	stimulation started
363.5566 	DATA 	
363.9566 	DATA 	Keypress: 5
363.9567 	DATA 	TR 291 | TR1 146 | TR2 145
364.8732 	DATA 	Keypress: 5
364.8732 	DATA 	TR 292 | TR1 146 | TR2 146
366.4730 	DATA 	Keypress: 5
366.4731 	DATA 	TR 293 | TR1 147 | TR2 146
367.3896 	DATA 	Keypress: 5
367.3896 	DATA 	TR 294 | TR1 147 | TR2 147
368.9728 	DATA 	Keypress: 5
368.9728 	DATA 	TR 295 | TR1 148 | TR2 147
369.9060 	DATA 	Keypress: 5
369.9061 	DATA 	TR 296 | TR1 148 | TR2 148
371.4892 	DATA 	Keypress: 5
371.4892 	DATA 	TR 297 | TR1 149 | TR2 148
372.4058 	DATA 	Keypress: 5
372.4059 	DATA 	TR 298 | TR1 149 | TR2 149
374.0056 	DATA 	Keypress: 5
374.0057 	DATA 	TR 299 | TR1 150 | TR2 149
374.9222 	DATA 	Keypress: 5
374.9222 	DATA 	TR 300 | TR1 150 | TR2 150
376.5054 	DATA 	Keypress: 5
376.5054 	DATA 	TR 301 | TR1 151 | TR2 150
377.4219 	DATA 	Keypress: 5
377.4220 	DATA 	TR 302 | TR1 151 | TR2 151
379.0219 	DATA 	Keypress: 5
379.0220 	DATA 	TR 303 | TR1 152 | TR2 151
379.9383 	DATA 	Keypress: 5
379.9384 	DATA 	TR 304 | TR1 152 | TR2 152
381.5215 	DATA 	Keypress: 5
381.5216 	DATA 	TR 305 | TR1 153 | TR2 152
382.4548 	DATA 	Keypress: 5
382.4548 	DATA 	TR 306 | TR1 153 | TR2 153
384.0380 	DATA 	Keypress: 5
384.0380 	DATA 	TR 307 | TR1 154 | TR2 153
384.9546 	DATA 	Keypress: 5
384.9546 	DATA 	TR 308 | TR1 154 | TR2 154
386.5544 	DATA 	Keypress: 5
386.5544 	DATA 	TR 309 | TR1 155 | TR2 154
387.4709 	DATA 	Keypress: 5
387.4710 	DATA 	TR 310 | TR1 155 | TR2 155
387.5542 	DATA 	
387.5542 	DATA 	stimulation stopped
387.5543 	DATA 	
389.0538 	DATA 	Keypress: 5
389.0539 	DATA 	TR 311 | TR1 156 | TR2 155
389.9707 	DATA 	Keypress: 5
389.9707 	DATA 	TR 312 | TR1 156 | TR2 156
391.5706 	DATA 	Keypress: 5
391.5706 	DATA 	TR 313 | TR1 157 | TR2 156
392.4871 	DATA 	Keypress: 5
392.4871 	DATA 	TR 314 | TR1 157 | TR2 157
394.0703 	DATA 	Keypress: 5
394.0704 	DATA 	TR 315 | TR1 158 | TR2 157
395.0035 	DATA 	Keypress: 5
395.0036 	DATA 	TR 316 | TR1 158 | TR2 158
396.5867 	DATA 	Keypress: 5
396.5868 	DATA 	TR 317 | TR1 159 | TR2 158
397.5033 	DATA 	Keypress: 5
397.5034 	DATA 	TR 318 | TR1 159 | TR2 159
399.1031 	DATA 	Keypress: 5
399.1032 	DATA 	TR 319 | TR1 160 | TR2 159
400.0197 	DATA 	Keypress: 5
400.0197 	DATA 	TR 320 | TR1 160 | TR2 160
401.6029 	DATA 	Keypress: 5
401.6030 	DATA 	TR 321 | TR1 161 | TR2 160
402.5201 	DATA 	Keypress: 5
402.5361 	DATA 	TR 322 | TR1 161 | TR2 161
404.1194 	DATA 	Keypress: 5
404.1194 	DATA 	TR 323 | TR1 162 | TR2 161
405.0359 	DATA 	Keypress: 5
405.0360 	DATA 	TR 324 | TR1 162 | TR2 162
406.6358 	DATA 	Keypress: 5
406.6359 	DATA 	TR 325 | TR1 163 | TR2 162
407.5524 	DATA 	Keypress: 5
407.5524 	DATA 	TR 326 | TR1 163 | TR2 163
409.1355 	DATA 	Keypress: 5
409.1356 	DATA 	TR 327 | TR1 164 | TR2 163
410.0522 	DATA 	Keypress: 5
410.0522 	DATA 	TR 328 | TR1 164 | TR2 164
411.5520 	DATA 	
411.5520 	DATA 	Trial complete
411.5520 	DATA 	Waiting for VASO trigger to start next trial
411.5520 	DATA 	
411.6520 	DATA 	Keypress: 5
411.6520 	DATA 	Waited 0.10004091262817383 seconds for trigger
411.6528 	DATA 	
411.6528 	DATA 	Trial 13
411.6528 	DATA 	stimDur = 1.0
411.6528 	DATA 	jitter = 2.0908333333333333
411.6528 	DATA 	restDur = 12.0

411.6528 	DATA 	
411.6528 	DATA 	TR 329 | TR1 165 | TR2 164
411.8520 	DATA 	Target presented
412.5686 	DATA 	Keypress: 5
412.5686 	DATA 	TR 330 | TR1 165 | TR2 165
413.7517 	DATA 	
413.7517 	DATA 	stimulation started
413.7517 	DATA 	
414.1518 	DATA 	Keypress: 5
414.1519 	DATA 	TR 331 | TR1 166 | TR2 165
414.7517 	DATA 	
414.7517 	DATA 	stimulation stopped
414.7517 	DATA 	
415.0850 	DATA 	Keypress: 5
415.0850 	DATA 	TR 332 | TR1 166 | TR2 166
416.6682 	DATA 	Keypress: 5
416.6683 	DATA 	TR 333 | TR1 167 | TR2 166
417.5848 	DATA 	Keypress: 5
417.5848 	DATA 	TR 334 | TR1 167 | TR2 167
419.1847 	DATA 	Keypress: 5
419.1847 	DATA 	TR 335 | TR1 168 | TR2 167
420.1012 	DATA 	Keypress: 5
420.1013 	DATA 	TR 336 | TR1 168 | TR2 168
421.6844 	DATA 	Keypress: 5
421.6845 	DATA 	TR 337 | TR1 169 | TR2 168
422.6010 	DATA 	Keypress: 5
422.6010 	DATA 	TR 338 | TR1 169 | TR2 169
424.2009 	DATA 	Keypress: 5
424.2009 	DATA 	TR 339 | TR1 170 | TR2 169
425.1175 	DATA 	Keypress: 5
425.1175 	DATA 	TR 340 | TR1 170 | TR2 170
426.7006 	DATA 	Keypress: 5
426.7007 	DATA 	TR 341 | TR1 171 | TR2 170
426.7506 	DATA 	
426.7506 	DATA 	Trial complete
426.7506 	DATA 	Waiting for VASO trigger to start next trial
426.7506 	DATA 	
427.6340 	DATA 	Keypress: 5
427.6341 	DATA 	TR 342 | TR1 171 | TR2 171
429.2171 	DATA 	Keypress: 5
429.2172 	DATA 	Waited 2.466546058654785 seconds for trigger
429.2179 	DATA 	
429.2179 	DATA 	Trial 14
429.2179 	DATA 	stimDur = 2.0
429.2180 	DATA 	jitter = 2.0908333333333333
429.2180 	DATA 	restDur = 14.0

429.2180 	DATA 	
429.2180 	DATA 	TR 343 | TR1 172 | TR2 171
430.1339 	DATA 	Keypress: 5
430.1339 	DATA 	TR 344 | TR1 172 | TR2 172
431.3169 	DATA 	
431.3169 	DATA 	stimulation started
431.3169 	DATA 	
431.7336 	DATA 	Keypress: 5
431.7337 	DATA 	TR 345 | TR1 173 | TR2 172
432.6502 	DATA 	Keypress: 5
432.6502 	DATA 	TR 346 | TR1 173 | TR2 173
433.3167 	DATA 	
433.3167 	DATA 	stimulation stopped
433.3167 	DATA 	
434.2334 	DATA 	Keypress: 5
434.2334 	DATA 	TR 347 | TR1 174 | TR2 173
435.1500 	DATA 	Keypress: 5
435.1501 	DATA 	TR 348 | TR1 174 | TR2 174
436.7498 	DATA 	Keypress: 5
436.7498 	DATA 	TR 349 | TR1 175 | TR2 174
437.6664 	DATA 	Keypress: 5
437.6664 	DATA 	TR 350 | TR1 175 | TR2 175
439.2497 	DATA 	Keypress: 5
439.2497 	DATA 	TR 351 | TR1 176 | TR2 175
440.1828 	DATA 	Keypress: 5
440.1828 	DATA 	TR 352 | TR1 176 | TR2 176
441.7662 	DATA 	Keypress: 5
441.7662 	DATA 	TR 353 | TR1 177 | TR2 176
442.6826 	DATA 	Keypress: 5
442.6826 	DATA 	TR 354 | TR1 177 | TR2 177
444.2825 	DATA 	Keypress: 5
444.2825 	DATA 	TR 355 | TR1 178 | TR2 177
445.1990 	DATA 	Keypress: 5
445.1991 	DATA 	TR 356 | TR1 178 | TR2 178
446.7823 	DATA 	Keypress: 5
446.7823 	DATA 	TR 357 | TR1 179 | TR2 178
447.3155 	DATA 	
447.3155 	DATA 	Trial complete
447.3155 	DATA 	Waiting for VASO trigger to start next trial
447.3155 	DATA 	
447.7155 	DATA 	Keypress: 5
447.7155 	DATA 	TR 358 | TR1 179 | TR2 179
449.2987 	DATA 	Keypress: 5
449.2988 	DATA 	Waited 1.9832398891448975 seconds for trigger
449.2995 	DATA 	
449.2995 	DATA 	Trial 15
449.2995 	DATA 	stimDur = 1.0
449.2995 	DATA 	jitter = 0.4181666666666666
449.2995 	DATA 	restDur = 12.0

449.2996 	DATA 	
449.2996 	DATA 	TR 359 | TR1 180 | TR2 179
449.7320 	DATA 	
449.7320 	DATA 	stimulation started
449.7320 	DATA 	
450.2154 	DATA 	Keypress: 5
450.2154 	DATA 	TR 360 | TR1 180 | TR2 180
450.7319 	DATA 	
450.7319 	DATA 	stimulation stopped
450.7320 	DATA 	
451.7991 	DATA 	Keypress: 5
451.8151 	DATA 	TR 361 | TR1 181 | TR2 180
452.7318 	DATA 	Keypress: 5
452.7318 	DATA 	TR 362 | TR1 181 | TR2 181
453.2484 	DATA 	Target presented
453.6983 	DATA 	Keypress: 1
453.6984 	DATA 	Key1 pressed
453.6984 	DATA 	Target detected
454.3149 	DATA 	Keypress: 5
454.3150 	DATA 	TR 363 | TR1 182 | TR2 181
455.2315 	DATA 	Keypress: 5
455.2316 	DATA 	TR 364 | TR1 182 | TR2 182
456.8314 	DATA 	Keypress: 5
456.8315 	DATA 	TR 365 | TR1 183 | TR2 182
457.7480 	DATA 	Keypress: 5
457.7481 	DATA 	TR 366 | TR1 183 | TR2 183
459.3312 	DATA 	Keypress: 5
459.3313 	DATA 	TR 367 | TR1 184 | TR2 183
460.2645 	DATA 	Keypress: 5
460.2645 	DATA 	TR 368 | TR1 184 | TR2 184
461.8477 	DATA 	Keypress: 5
461.8477 	DATA 	TR 369 | TR1 185 | TR2 184
462.7309 	DATA 	
462.7309 	DATA 	Trial complete
462.7309 	DATA 	Waiting for VASO trigger to start next trial
462.7309 	DATA 	
462.7643 	DATA 	Keypress: 5
462.7643 	DATA 	TR 370 | TR1 185 | TR2 185
464.3642 	DATA 	Keypress: 5
464.3642 	DATA 	Waited 1.6332728862762451 seconds for trigger
464.3650 	DATA 	
464.3650 	DATA 	Trial 16
464.3650 	DATA 	stimDur = 12.0
464.3650 	DATA 	jitter = 0.0
464.3650 	DATA 	restDur = 20.0

464.3650 	DATA 	
464.3650 	DATA 	TR 371 | TR1 186 | TR2 185
464.3650 	DATA 	
464.3650 	DATA 	stimulation started
464.3650 	DATA 	
465.2808 	DATA 	Keypress: 5
465.2809 	DATA 	TR 372 | TR1 186 | TR2 186
466.8640 	DATA 	Keypress: 5
466.8640 	DATA 	TR 373 | TR1 187 | TR2 186
467.7807 	DATA 	Keypress: 5
467.7808 	DATA 	TR 374 | TR1 187 | TR2 187
469.3805 	DATA 	Keypress: 5
469.3805 	DATA 	TR 375 | TR1 188 | TR2 187
470.2970 	DATA 	Keypress: 5
470.2971 	DATA 	TR 376 | TR1 188 | TR2 188
471.8803 	DATA 	Keypress: 5
471.8803 	DATA 	TR 377 | TR1 189 | TR2 188
472.8135 	DATA 	Keypress: 5
472.8136 	DATA 	TR 378 | TR1 189 | TR2 189
474.3968 	DATA 	Keypress: 5
474.3968 	DATA 	TR 379 | TR1 190 | TR2 189
475.3133 	DATA 	Keypress: 5
475.3134 	DATA 	TR 380 | TR1 190 | TR2 190
476.3799 	DATA 	
476.3799 	DATA 	stimulation stopped
476.3799 	DATA 	
476.9131 	DATA 	Keypress: 5
476.9132 	DATA 	TR 381 | TR1 191 | TR2 190
477.8298 	DATA 	Keypress: 5
477.8298 	DATA 	TR 382 | TR1 191 | TR2 191
479.4130 	DATA 	Keypress: 5
479.4130 	DATA 	TR 383 | TR1 192 | TR2 191
480.3295 	DATA 	Keypress: 5
480.3295 	DATA 	TR 384 | TR1 192 | TR2 192
481.9294 	DATA 	Keypress: 5
481.9295 	DATA 	TR 385 | TR1 193 | TR2 192
482.8461 	DATA 	Keypress: 5
482.8462 	DATA 	TR 386 | TR1 193 | TR2 193
484.4298 	DATA 	Keypress: 5
484.4458 	DATA 	TR 387 | TR1 194 | TR2 193
485.3625 	DATA 	Keypress: 5
485.3625 	DATA 	TR 388 | TR1 194 | TR2 194
486.9457 	DATA 	Keypress: 5
486.9457 	DATA 	TR 389 | TR1 195 | TR2 194
487.8623 	DATA 	Keypress: 5
487.8623 	DATA 	TR 390 | TR1 195 | TR2 195
489.4623 	DATA 	Keypress: 5
489.4623 	DATA 	TR 391 | TR1 196 | TR2 195
490.3788 	DATA 	Keypress: 5
490.3788 	DATA 	TR 392 | TR1 196 | TR2 196
491.9620 	DATA 	Keypress: 5
491.9620 	DATA 	TR 393 | TR1 197 | TR2 196
492.8788 	DATA 	Keypress: 5
492.8951 	DATA 	TR 394 | TR1 197 | TR2 197
494.4784 	DATA 	Keypress: 5
494.4785 	DATA 	TR 395 | TR1 198 | TR2 197
495.3950 	DATA 	Keypress: 5
495.3951 	DATA 	TR 396 | TR1 198 | TR2 198
496.3783 	DATA 	
496.3783 	DATA 	Trial complete
496.3783 	DATA 	Waiting for VASO trigger to start next trial
496.3783 	DATA 	
496.9949 	DATA 	Keypress: 5
496.9950 	DATA 	Waited 0.6166980266571045 seconds for trigger
496.9958 	DATA 	
496.9958 	DATA 	Trial 17
496.9958 	DATA 	stimDur = 2.0
496.9958 	DATA 	jitter = 1.2545
496.9958 	DATA 	restDur = 14.0

496.9958 	DATA 	
496.9958 	DATA 	TR 397 | TR1 199 | TR2 198
497.9115 	DATA 	Keypress: 5
497.9116 	DATA 	TR 398 | TR1 199 | TR2 199
498.2614 	DATA 	
498.2615 	DATA 	stimulation started
498.2615 	DATA 	
499.4948 	DATA 	Keypress: 5
499.4949 	DATA 	TR 399 | TR1 200 | TR2 199
500.2613 	DATA 	
500.2613 	DATA 	stimulation stopped
500.2614 	DATA 	
500.4113 	DATA 	Keypress: 5
500.4113 	DATA 	TR 400 | TR1 200 | TR2 200
502.0112 	DATA 	Keypress: 5
502.0113 	DATA 	TR 401 | TR1 201 | TR2 200
502.9278 	DATA 	Keypress: 5
502.9278 	DATA 	TR 402 | TR1 201 | TR2 201
504.5110 	DATA 	Keypress: 5
504.5110 	DATA 	TR 403 | TR1 202 | TR2 201
505.4443 	DATA 	Keypress: 5
505.4444 	DATA 	TR 404 | TR1 202 | TR2 202
507.0275 	DATA 	Keypress: 5
507.0275 	DATA 	TR 405 | TR1 203 | TR2 202
507.9441 	DATA 	Keypress: 5
507.9441 	DATA 	TR 406 | TR1 203 | TR2 203
509.5440 	DATA 	Keypress: 5
509.5440 	DATA 	TR 407 | TR1 204 | TR2 203
510.4606 	DATA 	Keypress: 5
510.4606 	DATA 	TR 408 | TR1 204 | TR2 204
512.0438 	DATA 	Keypress: 5
512.0438 	DATA 	TR 409 | TR1 205 | TR2 204
512.9604 	DATA 	Keypress: 5
512.9604 	DATA 	TR 410 | TR1 205 | TR2 205
514.2603 	DATA 	
514.2603 	DATA 	Trial complete
514.2603 	DATA 	Waiting for VASO trigger to start next trial
514.2603 	DATA 	
514.5603 	DATA 	Keypress: 5
514.5604 	DATA 	Waited 0.30005812644958496 seconds for trigger
514.5611 	DATA 	
514.5611 	DATA 	Trial 18
514.5611 	DATA 	stimDur = 12.0
514.5611 	DATA 	jitter = 1.6726666666666663
514.5611 	DATA 	restDur = 20.0

514.5611 	DATA 	
514.5612 	DATA 	TR 411 | TR1 206 | TR2 205
515.4769 	DATA 	Keypress: 5
515.4769 	DATA 	TR 412 | TR1 206 | TR2 206
516.2434 	DATA 	
516.2434 	DATA 	stimulation started
516.2434 	DATA 	
517.0601 	DATA 	Keypress: 5
517.0602 	DATA 	TR 413 | TR1 207 | TR2 206
517.9934 	DATA 	Keypress: 5
517.9935 	DATA 	TR 414 | TR1 207 | TR2 207
519.5766 	DATA 	Keypress: 5
519.5767 	DATA 	TR 415 | TR1 208 | TR2 207
520.4932 	DATA 	Keypress: 5
520.4932 	DATA 	TR 416 | TR1 208 | TR2 208
522.0932 	DATA 	Keypress: 5
522.0932 	DATA 	TR 417 | TR1 209 | TR2 208
522.6597 	DATA 	Target presented
523.0098 	DATA 	Keypress: 5
523.0099 	DATA 	TR 418 | TR1 209 | TR2 209
523.4263 	DATA 	Keypress: 1
523.4264 	DATA 	Key1 pressed
523.4264 	DATA 	Target detected
524.5930 	DATA 	Keypress: 5
524.5930 	DATA 	TR 419 | TR1 210 | TR2 209
525.5095 	DATA 	Keypress: 5
525.5095 	DATA 	TR 420 | TR1 210 | TR2 210
527.1094 	DATA 	Keypress: 5
527.1095 	DATA 	TR 421 | TR1 211 | TR2 210
528.0260 	DATA 	Keypress: 5
528.0260 	DATA 	TR 422 | TR1 211 | TR2 211
528.2426 	DATA 	
528.2426 	DATA 	stimulation stopped
528.2426 	DATA 	
529.6092 	DATA 	Keypress: 5
529.6092 	DATA 	TR 423 | TR1 212 | TR2 211
530.5425 	DATA 	Keypress: 5
530.5425 	DATA 	TR 424 | TR1 212 | TR2 212
532.1256 	DATA 	Keypress: 5
532.1257 	DATA 	TR 425 | TR1 213 | TR2 212
533.0422 	DATA 	Keypress: 5
533.0422 	DATA 	TR 426 | TR1 213 | TR2 213
534.6420 	DATA 	Keypress: 5
534.6420 	DATA 	TR 427 | TR1 214 | TR2 213
535.5585 	DATA 	Keypress: 5
535.5585 	DATA 	TR 428 | TR1 214 | TR2 214
537.1417 	DATA 	Keypress: 5
537.1417 	DATA 	TR 429 | TR1 215 | TR2 214
538.0588 	DATA 	Keypress: 5
538.0748 	DATA 	TR 430 | TR1 215 | TR2 215
539.6580 	DATA 	Keypress: 5
539.6581 	DATA 	TR 431 | TR1 216 | TR2 215
540.5745 	DATA 	Keypress: 5
540.5746 	DATA 	TR 432 | TR1 216 | TR2 216
542.1743 	DATA 	Keypress: 5
542.1744 	DATA 	TR 433 | TR1 217 | TR2 216
543.0908 	DATA 	Keypress: 5
543.0909 	DATA 	TR 434 | TR1 217 | TR2 217
544.6742 	DATA 	Keypress: 5
544.6742 	DATA 	TR 435 | TR1 218 | TR2 217
545.5906 	DATA 	Keypress: 5
545.5907 	DATA 	TR 436 | TR1 218 | TR2 218
547.1904 	DATA 	Keypress: 5
547.1904 	DATA 	TR 437 | TR1 219 | TR2 218
548.1069 	DATA 	Keypress: 5
548.1070 	DATA 	TR 438 | TR1 219 | TR2 219
548.2402 	DATA 	
548.2402 	DATA 	Trial complete
548.2403 	DATA 	Waiting for VASO trigger to start next trial
548.2403 	DATA 	
549.6902 	DATA 	Keypress: 5
549.6902 	DATA 	Waited 1.449977159500122 seconds for trigger
549.6910 	DATA 	
549.6910 	DATA 	Trial 19
549.6910 	DATA 	stimDur = 24.0
549.6910 	DATA 	jitter = 0.4181666666666666
549.6910 	DATA 	restDur = 24.0

549.6910 	DATA 	
549.6910 	DATA 	TR 439 | TR1 220 | TR2 219
550.1233 	DATA 	
550.1233 	DATA 	stimulation started
550.1233 	DATA 	
550.6234 	DATA 	Keypress: 5
550.6234 	DATA 	TR 440 | TR1 220 | TR2 220
552.2065 	DATA 	Keypress: 5
552.2066 	DATA 	TR 441 | TR1 221 | TR2 220
553.1230 	DATA 	Keypress: 5
553.1231 	DATA 	TR 442 | TR1 221 | TR2 221
554.7229 	DATA 	Keypress: 5
554.7230 	DATA 	TR 443 | TR1 222 | TR2 221
555.6394 	DATA 	Keypress: 5
555.6395 	DATA 	TR 444 | TR1 222 | TR2 222
557.2226 	DATA 	Keypress: 5
557.2226 	DATA 	TR 445 | TR1 223 | TR2 222
558.1391 	DATA 	Keypress: 5
558.1392 	DATA 	TR 446 | TR1 223 | TR2 223
559.7389 	DATA 	Keypress: 5
559.7390 	DATA 	TR 447 | TR1 224 | TR2 223
560.6555 	DATA 	Keypress: 5
560.6555 	DATA 	TR 448 | TR1 224 | TR2 224
562.2386 	DATA 	Keypress: 5
562.2387 	DATA 	TR 449 | TR1 225 | TR2 224
563.1718 	DATA 	Keypress: 5
563.1719 	DATA 	TR 450 | TR1 225 | TR2 225
564.7550 	DATA 	Keypress: 5
564.7551 	DATA 	TR 451 | TR1 226 | TR2 225
565.6715 	DATA 	Keypress: 5
565.6716 	DATA 	TR 452 | TR1 226 | TR2 226
567.2714 	DATA 	Keypress: 5
567.2714 	DATA 	TR 453 | TR1 227 | TR2 226
568.1879 	DATA 	Keypress: 5
568.1880 	DATA 	TR 454 | TR1 227 | TR2 227
569.7711 	DATA 	Keypress: 5
569.7711 	DATA 	TR 455 | TR1 228 | TR2 227
570.6884 	DATA 	Keypress: 5
570.7043 	DATA 	TR 456 | TR1 228 | TR2 228
572.2874 	DATA 	Keypress: 5
572.2875 	DATA 	TR 457 | TR1 229 | TR2 228
573.2041 	DATA 	Keypress: 5
573.2042 	DATA 	TR 458 | TR1 229 | TR2 229
574.1041 	DATA 	Target presented
574.1205 	DATA 	
574.1205 	DATA 	stimulation stopped
574.1205 	DATA 	
574.7877 	DATA 	Keypress: 5
574.8037 	DATA 	TR 459 | TR1 230 | TR2 229
575.3370 	DATA 	Keypress: 1
575.3371 	DATA 	Key1 pressed
575.3371 	DATA 	Target detected
575.7203 	DATA 	Keypress: 5
575.7203 	DATA 	TR 460 | TR1 230 | TR2 230
577.3035 	DATA 	Keypress: 5
577.3036 	DATA 	TR 461 | TR1 231 | TR2 230
578.2201 	DATA 	Keypress: 5
578.2201 	DATA 	TR 462 | TR1 231 | TR2 231
579.8199 	DATA 	Keypress: 5
579.8199 	DATA 	TR 463 | TR1 232 | TR2 231
580.7364 	DATA 	Keypress: 5
580.7365 	DATA 	TR 464 | TR1 232 | TR2 232
582.3196 	DATA 	Keypress: 5
582.3196 	DATA 	TR 465 | TR1 233 | TR2 232
583.2528 	DATA 	Keypress: 5
583.2529 	DATA 	TR 466 | TR1 233 | TR2 233
584.8360 	DATA 	Keypress: 5
584.8360 	DATA 	TR 467 | TR1 234 | TR2 233
585.7527 	DATA 	Keypress: 5
585.7527 	DATA 	TR 468 | TR1 234 | TR2 234
587.3363 	DATA 	Keypress: 5
587.3522 	DATA 	TR 469 | TR1 235 | TR2 234
588.2689 	DATA 	Keypress: 5
588.2689 	DATA 	TR 470 | TR1 235 | TR2 235
589.8521 	DATA 	Keypress: 5
589.8521 	DATA 	TR 471 | TR1 236 | TR2 235
590.7686 	DATA 	Keypress: 5
590.7686 	DATA 	TR 472 | TR1 236 | TR2 236
592.3685 	DATA 	Keypress: 5
592.3685 	DATA 	TR 473 | TR1 237 | TR2 236
593.2850 	DATA 	Keypress: 5
593.2851 	DATA 	TR 474 | TR1 237 | TR2 237
594.8682 	DATA 	Keypress: 5
594.8682 	DATA 	TR 475 | TR1 238 | TR2 237
595.8014 	DATA 	Keypress: 5
595.8014 	DATA 	TR 476 | TR1 238 | TR2 238
597.3846 	DATA 	Keypress: 5
597.3846 	DATA 	TR 477 | TR1 239 | TR2 238
598.1178 	DATA 	
598.1178 	DATA 	Trial complete
598.1178 	DATA 	Waiting for VASO trigger to start next trial
598.1178 	DATA 	
598.3012 	DATA 	Keypress: 5
598.3012 	DATA 	TR 478 | TR1 239 | TR2 239
599.9010 	DATA 	Keypress: 5
599.9010 	DATA 	Waited 1.7832181453704834 seconds for trigger
599.9018 	DATA 	
599.9018 	DATA 	Trial 20
599.9018 	DATA 	stimDur = 24.0
599.9018 	DATA 	jitter = 1.2545
599.9018 	DATA 	restDur = 24.0

599.9018 	DATA 	
599.9018 	DATA 	TR 479 | TR1 240 | TR2 239
600.8175 	DATA 	Keypress: 5
600.8176 	DATA 	TR 480 | TR1 240 | TR2 240
601.1674 	DATA 	
601.1675 	DATA 	stimulation started
601.1675 	DATA 	
602.4008 	DATA 	Keypress: 5
602.4008 	DATA 	TR 481 | TR1 241 | TR2 240
603.3173 	DATA 	Keypress: 5
603.3173 	DATA 	TR 482 | TR1 241 | TR2 241
604.9172 	DATA 	Keypress: 5
604.9172 	DATA 	TR 483 | TR1 242 | TR2 241
605.8337 	DATA 	Keypress: 5
605.8337 	DATA 	TR 484 | TR1 242 | TR2 242
607.4169 	DATA 	Keypress: 5
607.4169 	DATA 	TR 485 | TR1 243 | TR2 242
608.3501 	DATA 	Keypress: 5
608.3501 	DATA 	TR 486 | TR1 243 | TR2 243
609.9333 	DATA 	Keypress: 5
609.9333 	DATA 	TR 487 | TR1 244 | TR2 243
610.8499 	DATA 	Keypress: 5
610.8499 	DATA 	TR 488 | TR1 244 | TR2 244
612.4498 	DATA 	Keypress: 5
612.4498 	DATA 	TR 489 | TR1 245 | TR2 244
613.3663 	DATA 	Keypress: 5
613.3663 	DATA 	TR 490 | TR1 245 | TR2 245
614.9494 	DATA 	Keypress: 5
614.9495 	DATA 	TR 491 | TR1 246 | TR2 245
615.8659 	DATA 	Keypress: 5
615.8660 	DATA 	TR 492 | TR1 246 | TR2 246
617.4658 	DATA 	Keypress: 5
617.4659 	DATA 	TR 493 | TR1 247 | TR2 246
618.3824 	DATA 	Keypress: 5
618.3824 	DATA 	TR 494 | TR1 247 | TR2 247
619.9663 	DATA 	Keypress: 5
619.9822 	DATA 	TR 495 | TR1 248 | TR2 247
620.8988 	DATA 	Keypress: 5
620.8988 	DATA 	TR 496 | TR1 248 | TR2 248
622.4821 	DATA 	Keypress: 5
622.4821 	DATA 	TR 497 | TR1 249 | TR2 248
623.3986 	DATA 	Keypress: 5
623.3986 	DATA 	TR 498 | TR1 249 | TR2 249
624.9984 	DATA 	Keypress: 5
624.9984 	DATA 	TR 499 | TR1 250 | TR2 249
625.1650 	DATA 	
625.1650 	DATA 	stimulation stopped
625.1650 	DATA 	
625.9149 	DATA 	Keypress: 5
625.9149 	DATA 	TR 500 | TR1 250 | TR2 250
627.4980 	DATA 	Keypress: 5
627.4981 	DATA 	TR 501 | TR1 251 | TR2 250
628.4313 	DATA 	Keypress: 5
628.4313 	DATA 	TR 502 | TR1 251 | TR2 251
629.3145 	DATA 	Target presented
629.9145 	DATA 	Keypress: 1
629.9146 	DATA 	Key1 pressed
629.9146 	DATA 	Target detected
630.0144 	DATA 	Keypress: 5
630.0145 	DATA 	TR 503 | TR1 252 | TR2 251
630.9311 	DATA 	Keypress: 5
630.9311 	DATA 	TR 504 | TR1 252 | TR2 252
632.5309 	DATA 	Keypress: 5
632.5309 	DATA 	TR 505 | TR1 253 | TR2 252
633.4474 	DATA 	Keypress: 5
633.4475 	DATA 	TR 506 | TR1 253 | TR2 253
635.0306 	DATA 	Keypress: 5
635.0307 	DATA 	TR 507 | TR1 254 | TR2 253
635.9472 	DATA 	Keypress: 5
635.9473 	DATA 	TR 508 | TR1 254 | TR2 254
637.5470 	DATA 	Keypress: 5
637.5471 	DATA 	TR 509 | TR1 255 | TR2 254
638.4636 	DATA 	Keypress: 5
638.4637 	DATA 	TR 510 | TR1 255 | TR2 255
640.0468 	DATA 	Keypress: 5
640.0468 	DATA 	TR 511 | TR1 256 | TR2 255
640.9800 	DATA 	Keypress: 5
640.9801 	DATA 	TR 512 | TR1 256 | TR2 256
642.5632 	DATA 	Keypress: 5
642.5633 	DATA 	TR 513 | TR1 257 | TR2 256
643.4798 	DATA 	Keypress: 5
643.4798 	DATA 	TR 514 | TR1 257 | TR2 257
645.0796 	DATA 	Keypress: 5
645.0797 	DATA 	TR 515 | TR1 258 | TR2 257
645.9962 	DATA 	Keypress: 5
645.9962 	DATA 	TR 516 | TR1 258 | TR2 258
647.5794 	DATA 	Keypress: 5
647.5795 	DATA 	TR 517 | TR1 259 | TR2 258
648.4959 	DATA 	Keypress: 5
648.4960 	DATA 	TR 518 | TR1 259 | TR2 259
649.1625 	DATA 	
649.1625 	DATA 	Trial complete
649.1625 	DATA 	Waiting for VASO trigger to start next trial
649.1625 	DATA 	
650.0958 	DATA 	Keypress: 5
650.0958 	DATA 	Waited 0.933290958404541 seconds for trigger
650.0966 	DATA 	
650.0966 	DATA 	Trial 21
650.0966 	DATA 	stimDur = 2.0
650.0966 	DATA 	jitter = 1.6726666666666663
650.0967 	DATA 	restDur = 14.0

650.0967 	DATA 	
650.0967 	DATA 	TR 519 | TR1 260 | TR2 259
651.0123 	DATA 	Keypress: 5
651.0123 	DATA 	TR 520 | TR1 260 | TR2 260
651.7789 	DATA 	
651.7789 	DATA 	stimulation started
651.7789 	DATA 	
652.5956 	DATA 	Keypress: 5
652.5956 	DATA 	TR 521 | TR1 261 | TR2 260
653.5288 	DATA 	Keypress: 5
653.5289 	DATA 	TR 522 | TR1 261 | TR2 261
653.7788 	DATA 	
653.7788 	DATA 	stimulation stopped
653.7788 	DATA 	
655.1120 	DATA 	Keypress: 5
655.1121 	DATA 	TR 523 | TR1 262 | TR2 261
656.0286 	DATA 	Keypress: 5
656.0286 	DATA 	TR 524 | TR1 262 | TR2 262
657.6285 	DATA 	Keypress: 5
657.6285 	DATA 	TR 525 | TR1 263 | TR2 262
658.5450 	DATA 	Keypress: 5
658.5450 	DATA 	TR 526 | TR1 263 | TR2 263
660.1282 	DATA 	Keypress: 5
660.1283 	DATA 	TR 527 | TR1 264 | TR2 263
661.0448 	DATA 	Keypress: 5
661.0448 	DATA 	TR 528 | TR1 264 | TR2 264
662.6445 	DATA 	Keypress: 5
662.6445 	DATA 	TR 529 | TR1 265 | TR2 264
663.5612 	DATA 	Keypress: 5
663.5612 	DATA 	TR 530 | TR1 265 | TR2 265
665.1450 	DATA 	Keypress: 5
665.1610 	DATA 	TR 531 | TR1 266 | TR2 265
666.0776 	DATA 	Keypress: 5
666.0776 	DATA 	TR 532 | TR1 266 | TR2 266
667.6608 	DATA 	Keypress: 5
667.6609 	DATA 	TR 533 | TR1 267 | TR2 266
667.7774 	DATA 	
667.7774 	DATA 	Trial complete
667.7774 	DATA 	Waiting for VASO trigger to start next trial
667.7775 	DATA 	
668.5774 	DATA 	Keypress: 5
668.5774 	DATA 	TR 534 | TR1 267 | TR2 267
670.1773 	DATA 	Keypress: 5
670.1773 	DATA 	Waited 2.399852991104126 seconds for trigger
670.1781 	DATA 	
670.1781 	DATA 	Trial 22
670.1781 	DATA 	stimDur = 4.0
670.1781 	DATA 	jitter = 2.0908333333333333
670.1781 	DATA 	restDur = 16.0

670.1781 	DATA 	
670.1781 	DATA 	TR 535 | TR1 268 | TR2 267
671.0938 	DATA 	Keypress: 5
671.0938 	DATA 	TR 536 | TR1 268 | TR2 268
672.2770 	DATA 	
672.2770 	DATA 	stimulation started
672.2770 	DATA 	
672.6770 	DATA 	Keypress: 5
672.6771 	DATA 	TR 537 | TR1 269 | TR2 268
673.5943 	DATA 	Keypress: 5
673.6102 	DATA 	TR 538 | TR1 269 | TR2 269
675.1935 	DATA 	Keypress: 5
675.1935 	DATA 	TR 539 | TR1 270 | TR2 269
676.1102 	DATA 	Keypress: 5
676.1103 	DATA 	TR 540 | TR1 270 | TR2 270
676.2767 	DATA 	
676.2767 	DATA 	stimulation stopped
676.2767 	DATA 	
677.7099 	DATA 	Keypress: 5
677.7099 	DATA 	TR 541 | TR1 271 | TR2 270
678.6265 	DATA 	Keypress: 5
678.6265 	DATA 	TR 542 | TR1 271 | TR2 271
680.2098 	DATA 	Keypress: 5
680.2098 	DATA 	TR 543 | TR1 272 | TR2 271
681.1262 	DATA 	Keypress: 5
681.1262 	DATA 	TR 544 | TR1 272 | TR2 272
682.7261 	DATA 	Keypress: 5
682.7262 	DATA 	TR 545 | TR1 273 | TR2 272
683.6426 	DATA 	Keypress: 5
683.6427 	DATA 	TR 546 | TR1 273 | TR2 273
685.2260 	DATA 	Keypress: 5
685.2261 	DATA 	TR 547 | TR1 274 | TR2 273
686.1591 	DATA 	Keypress: 5
686.1591 	DATA 	TR 548 | TR1 274 | TR2 274
687.7423 	DATA 	Keypress: 5
687.7423 	DATA 	TR 549 | TR1 275 | TR2 274
688.6589 	DATA 	Keypress: 5
688.6589 	DATA 	TR 550 | TR1 275 | TR2 275
690.2587 	DATA 	Keypress: 5
690.2588 	DATA 	TR 551 | TR1 276 | TR2 275
691.0753 	DATA 	Target presented
691.1753 	DATA 	Keypress: 5
691.1754 	DATA 	TR 552 | TR1 276 | TR2 276
691.8919 	DATA 	Keypress: 1
691.8920 	DATA 	Key1 pressed
691.8920 	DATA 	Target detected
692.2752 	DATA 	
692.2752 	DATA 	Trial complete
692.2752 	DATA 	Waiting for VASO trigger to start next trial
692.2752 	DATA 	
692.7585 	DATA 	Keypress: 5
692.7585 	DATA 	Waited 0.48333311080932617 seconds for trigger
692.7593 	DATA 	
692.7593 	DATA 	Trial 23
692.7593 	DATA 	stimDur = 4.0
692.7593 	DATA 	jitter = 0.8363333333333333
692.7593 	DATA 	restDur = 16.0

692.7593 	DATA 	
692.7593 	DATA 	TR 553 | TR1 277 | TR2 276
693.6084 	DATA 	
693.6084 	DATA 	stimulation started
693.6084 	DATA 	
693.6752 	DATA 	Keypress: 5
693.6752 	DATA 	TR 554 | TR1 277 | TR2 277
695.2750 	DATA 	Keypress: 5
695.2750 	DATA 	TR 555 | TR1 278 | TR2 277
696.1916 	DATA 	Keypress: 5
696.1916 	DATA 	TR 556 | TR1 278 | TR2 278
697.6081 	DATA 	
697.6081 	DATA 	stimulation stopped
697.6081 	DATA 	
697.7747 	DATA 	Keypress: 5
697.7748 	DATA 	TR 557 | TR1 279 | TR2 278
698.7080 	DATA 	Keypress: 5
698.7080 	DATA 	TR 558 | TR1 279 | TR2 279
700.2912 	DATA 	Keypress: 5
700.2912 	DATA 	TR 559 | TR1 280 | TR2 279
701.2077 	DATA 	Keypress: 5
701.2078 	DATA 	TR 560 | TR1 280 | TR2 280
702.8076 	DATA 	Keypress: 5
702.8077 	DATA 	TR 561 | TR1 281 | TR2 280
703.7241 	DATA 	Keypress: 5
703.7241 	DATA 	TR 562 | TR1 281 | TR2 281
705.3074 	DATA 	Keypress: 5
705.3074 	DATA 	TR 563 | TR1 282 | TR2 281
706.2246 	DATA 	Keypress: 5
706.2406 	DATA 	TR 564 | TR1 282 | TR2 282
707.8238 	DATA 	Keypress: 5
707.8239 	DATA 	TR 565 | TR1 283 | TR2 282
708.7405 	DATA 	Keypress: 5
708.7405 	DATA 	TR 566 | TR1 283 | TR2 283
710.3242 	DATA 	Keypress: 5
710.3403 	DATA 	TR 567 | TR1 284 | TR2 283
711.2569 	DATA 	Keypress: 5
711.2569 	DATA 	TR 568 | TR1 284 | TR2 284
712.8401 	DATA 	Keypress: 5
712.8402 	DATA 	TR 569 | TR1 285 | TR2 284
713.6066 	DATA 	
713.6066 	DATA 	Trial complete
713.6067 	DATA 	Waiting for VASO trigger to start next trial
713.6067 	DATA 	
713.7568 	DATA 	Keypress: 5
713.7568 	DATA 	TR 570 | TR1 285 | TR2 285
715.3566 	DATA 	Keypress: 5
715.3566 	DATA 	Waited 1.7499542236328125 seconds for trigger
715.3574 	DATA 	
715.3574 	DATA 	Trial 24
715.3574 	DATA 	stimDur = 2.0
715.3574 	DATA 	jitter = 0.0
715.3574 	DATA 	restDur = 14.0

715.3574 	DATA 	
715.3574 	DATA 	TR 571 | TR1 286 | TR2 285
715.3574 	DATA 	
715.3574 	DATA 	stimulation started
715.3574 	DATA 	
716.2732 	DATA 	Keypress: 5
716.2732 	DATA 	TR 572 | TR1 286 | TR2 286
717.3731 	DATA 	
717.3731 	DATA 	stimulation stopped
717.3731 	DATA 	
717.8564 	DATA 	Keypress: 5
717.8564 	DATA 	TR 573 | TR1 287 | TR2 286
718.7898 	DATA 	Keypress: 5
718.7898 	DATA 	TR 574 | TR1 287 | TR2 287
720.3728 	DATA 	Keypress: 5
720.3728 	DATA 	TR 575 | TR1 288 | TR2 287
721.2894 	DATA 	Keypress: 5
721.2894 	DATA 	TR 576 | TR1 288 | TR2 288
722.8892 	DATA 	Keypress: 5
722.8893 	DATA 	TR 577 | TR1 289 | TR2 288
723.8058 	DATA 	Keypress: 5
723.8058 	DATA 	TR 578 | TR1 289 | TR2 289
725.3891 	DATA 	Keypress: 5
725.3891 	DATA 	TR 579 | TR1 290 | TR2 289
726.3056 	DATA 	Keypress: 5
726.3056 	DATA 	TR 580 | TR1 290 | TR2 290
727.9055 	DATA 	Keypress: 5
727.9055 	DATA 	TR 581 | TR1 291 | TR2 290
728.8221 	DATA 	Keypress: 5
728.8221 	DATA 	TR 582 | TR1 291 | TR2 291
730.4053 	DATA 	Keypress: 5
730.4053 	DATA 	TR 583 | TR1 292 | TR2 291
731.3385 	DATA 	Keypress: 5
731.3386 	DATA 	TR 584 | TR1 292 | TR2 292
731.3718 	DATA 	
731.3718 	DATA 	Trial complete
731.3718 	DATA 	Waiting for VASO trigger to start next trial
731.3718 	DATA 	
732.9217 	DATA 	Keypress: 5
732.9218 	DATA 	Waited 1.5499238967895508 seconds for trigger
732.9225 	DATA 	
732.9226 	DATA 	Trial 25
732.9226 	DATA 	stimDur = 12.0
732.9226 	DATA 	jitter = 0.4181666666666666
732.9226 	DATA 	restDur = 20.0

732.9226 	DATA 	
732.9226 	DATA 	TR 585 | TR1 293 | TR2 292
733.3550 	DATA 	
733.3550 	DATA 	stimulation started
733.3550 	DATA 	
733.8384 	DATA 	Keypress: 5
733.8385 	DATA 	TR 586 | TR1 293 | TR2 293
735.4382 	DATA 	Keypress: 5
735.4383 	DATA 	TR 587 | TR1 294 | TR2 293
736.3549 	DATA 	Keypress: 5
736.3550 	DATA 	TR 588 | TR1 294 | TR2 294
737.9382 	DATA 	Keypress: 5
737.9382 	DATA 	TR 589 | TR1 295 | TR2 294
738.8546 	DATA 	Keypress: 5
738.8546 	DATA 	TR 590 | TR1 295 | TR2 295
740.4545 	DATA 	Keypress: 5
740.4546 	DATA 	TR 591 | TR1 296 | TR2 295
741.3711 	DATA 	Keypress: 5
741.3711 	DATA 	TR 592 | TR1 296 | TR2 296
741.4211 	DATA 	Target presented
742.0377 	DATA 	Keypress: 1
742.0377 	DATA 	Key1 pressed
742.0377 	DATA 	Target detected
742.9544 	DATA 	Keypress: 5
742.9544 	DATA 	TR 593 | TR1 297 | TR2 296
743.8875 	DATA 	Keypress: 5
743.8876 	DATA 	TR 594 | TR1 297 | TR2 297
745.3541 	DATA 	
745.3541 	DATA 	stimulation stopped
745.3541 	DATA 	
745.4707 	DATA 	Keypress: 5
745.4707 	DATA 	TR 595 | TR1 298 | TR2 297
746.3873 	DATA 	Keypress: 5
746.3874 	DATA 	TR 596 | TR1 298 | TR2 298
747.9872 	DATA 	Keypress: 5
747.9872 	DATA 	TR 597 | TR1 299 | TR2 298
748.9038 	DATA 	Keypress: 5
748.9038 	DATA 	TR 598 | TR1 299 | TR2 299
750.4870 	DATA 	Keypress: 5
750.4870 	DATA 	TR 599 | TR1 300 | TR2 299
751.4035 	DATA 	Keypress: 5
751.4036 	DATA 	TR 600 | TR1 300 | TR2 300
753.0034 	DATA 	Keypress: 5
753.0035 	DATA 	TR 601 | TR1 301 | TR2 300
753.9200 	DATA 	Keypress: 5
753.9201 	DATA 	TR 602 | TR1 301 | TR2 301
755.5039 	DATA 	Keypress: 5
755.5198 	DATA 	TR 603 | TR1 302 | TR2 301
756.4366 	DATA 	Keypress: 5
756.4367 	DATA 	TR 604 | TR1 302 | TR2 302
758.0197 	DATA 	Keypress: 5
758.0197 	DATA 	TR 605 | TR1 303 | TR2 302
758.9363 	DATA 	Keypress: 5
758.9364 	DATA 	TR 606 | TR1 303 | TR2 303
760.5362 	DATA 	Keypress: 5
760.5362 	DATA 	TR 607 | TR1 304 | TR2 303
761.4527 	DATA 	Keypress: 5
761.4528 	DATA 	TR 608 | TR1 304 | TR2 304
763.0360 	DATA 	Keypress: 5
763.0360 	DATA 	TR 609 | TR1 305 | TR2 304
763.9692 	DATA 	Keypress: 5
763.9693 	DATA 	TR 610 | TR1 305 | TR2 305
765.3526 	DATA 	
765.3526 	DATA 	Trial complete
765.3526 	DATA 	Waiting for VASO trigger to start next trial
765.3526 	DATA 	
765.5525 	DATA 	Keypress: 5
765.5525 	DATA 	Waited 0.1998610496520996 seconds for trigger
765.5533 	DATA 	
765.5533 	DATA 	Trial 26
765.5533 	DATA 	stimDur = 1.0
765.5533 	DATA 	jitter = 1.2545
765.5533 	DATA 	restDur = 12.0

765.5533 	DATA 	
765.5533 	DATA 	TR 611 | TR1 306 | TR2 305
766.4690 	DATA 	Keypress: 5
766.4691 	DATA 	TR 612 | TR1 306 | TR2 306
766.8190 	DATA 	
766.8190 	DATA 	stimulation started
766.8190 	DATA 	
767.8189 	DATA 	
767.8189 	DATA 	stimulation stopped
767.8190 	DATA 	
768.0689 	DATA 	Keypress: 5
768.0690 	DATA 	TR 613 | TR1 307 | TR2 306
768.9853 	DATA 	Keypress: 5
768.9853 	DATA 	TR 614 | TR1 307 | TR2 307
770.5687 	DATA 	Keypress: 5
770.5688 	DATA 	TR 615 | TR1 308 | TR2 307
771.4853 	DATA 	Keypress: 5
771.4854 	DATA 	TR 616 | TR1 308 | TR2 308
773.0852 	DATA 	Keypress: 5
773.0852 	DATA 	TR 617 | TR1 309 | TR2 308
774.0018 	DATA 	Keypress: 5
774.0019 	DATA 	TR 618 | TR1 309 | TR2 309
775.5856 	DATA 	Keypress: 5
775.5856 	DATA 	TR 619 | TR1 310 | TR2 309
776.5183 	DATA 	Keypress: 5
776.5183 	DATA 	TR 620 | TR1 310 | TR2 310
778.1015 	DATA 	Keypress: 5
778.1016 	DATA 	TR 621 | TR1 311 | TR2 310
779.0181 	DATA 	Keypress: 5
779.0181 	DATA 	TR 622 | TR1 311 | TR2 311
779.8181 	DATA 	
779.8181 	DATA 	Trial complete
779.8181 	DATA 	Waiting for VASO trigger to start next trial
779.8181 	DATA 	
780.6180 	DATA 	Keypress: 5
780.6180 	DATA 	Waited 0.7998960018157959 seconds for trigger
780.6188 	DATA 	
780.6188 	DATA 	Trial 27
780.6188 	DATA 	stimDur = 1.0
780.6188 	DATA 	jitter = 0.8363333333333333
780.6188 	DATA 	restDur = 12.0

780.6188 	DATA 	
780.6188 	DATA 	TR 623 | TR1 312 | TR2 311
781.4678 	DATA 	
781.4678 	DATA 	stimulation started
781.4678 	DATA 	
781.5346 	DATA 	Keypress: 5
781.5346 	DATA 	TR 624 | TR1 312 | TR2 312
782.4678 	DATA 	
782.4678 	DATA 	stimulation stopped
782.4678 	DATA 	
783.1178 	DATA 	Keypress: 5
783.1178 	DATA 	TR 625 | TR1 313 | TR2 312
784.0343 	DATA 	Keypress: 5
784.0344 	DATA 	TR 626 | TR1 313 | TR2 313
785.6342 	DATA 	Keypress: 5
785.6343 	DATA 	TR 627 | TR1 314 | TR2 313
786.5508 	DATA 	Keypress: 5
786.5509 	DATA 	TR 628 | TR1 314 | TR2 314
788.1342 	DATA 	Keypress: 5
788.1343 	DATA 	TR 629 | TR1 315 | TR2 314
789.0673 	DATA 	Keypress: 5
789.0674 	DATA 	TR 630 | TR1 315 | TR2 315
790.6505 	DATA 	Keypress: 5
790.6506 	DATA 	TR 631 | TR1 316 | TR2 315
791.5671 	DATA 	Keypress: 5
791.5672 	DATA 	TR 632 | TR1 316 | TR2 316
793.1671 	DATA 	Keypress: 5
793.1671 	DATA 	TR 633 | TR1 317 | TR2 316
794.0836 	DATA 	Keypress: 5
794.0836 	DATA 	TR 634 | TR1 317 | TR2 317
794.4670 	DATA 	
794.4670 	DATA 	Trial complete
794.4670 	DATA 	Waiting for VASO trigger to start next trial
794.4670 	DATA 	
795.6668 	DATA 	Keypress: 5
795.6669 	DATA 	Waited 1.1998529434204102 seconds for trigger
795.6677 	DATA 	
795.6677 	DATA 	Trial 28
795.6677 	DATA 	stimDur = 12.0
795.6677 	DATA 	jitter = 1.2545
795.6677 	DATA 	restDur = 20.0

795.6677 	DATA 	
795.6677 	DATA 	TR 635 | TR1 318 | TR2 317
796.5834 	DATA 	Keypress: 5
796.5835 	DATA 	TR 636 | TR1 318 | TR2 318
796.9334 	DATA 	
796.9334 	DATA 	stimulation started
796.9334 	DATA 	
798.1834 	DATA 	Keypress: 5
798.1834 	DATA 	TR 637 | TR1 319 | TR2 318
799.1000 	DATA 	Keypress: 5
799.1000 	DATA 	TR 638 | TR1 319 | TR2 319
800.6839 	DATA 	Keypress: 5
800.6998 	DATA 	TR 639 | TR1 320 | TR2 319
801.6165 	DATA 	Keypress: 5
801.6165 	DATA 	TR 640 | TR1 320 | TR2 320
803.1997 	DATA 	Keypress: 5
803.1997 	DATA 	TR 641 | TR1 321 | TR2 320
804.1162 	DATA 	Keypress: 5
804.1163 	DATA 	TR 642 | TR1 321 | TR2 321
805.7161 	DATA 	Keypress: 5
805.7162 	DATA 	TR 643 | TR1 322 | TR2 321
806.6329 	DATA 	Keypress: 5
806.6329 	DATA 	TR 644 | TR1 322 | TR2 322
808.2160 	DATA 	Keypress: 5
808.2160 	DATA 	TR 645 | TR1 323 | TR2 322
808.9327 	DATA 	
808.9327 	DATA 	stimulation stopped
808.9327 	DATA 	
809.1333 	DATA 	Keypress: 5
809.1491 	DATA 	TR 646 | TR1 323 | TR2 323
810.7324 	DATA 	Keypress: 5
810.7325 	DATA 	TR 647 | TR1 324 | TR2 323
811.6490 	DATA 	Keypress: 5
811.6490 	DATA 	TR 648 | TR1 324 | TR2 324
813.2489 	DATA 	Keypress: 5
813.2489 	DATA 	TR 649 | TR1 325 | TR2 324
814.1655 	DATA 	Keypress: 5
814.1656 	DATA 	TR 650 | TR1 325 | TR2 325
815.7488 	DATA 	Keypress: 5
815.7489 	DATA 	TR 651 | TR1 326 | TR2 325
816.6653 	DATA 	Keypress: 5
816.6653 	DATA 	TR 652 | TR1 326 | TR2 326
818.2652 	DATA 	Keypress: 5
818.2652 	DATA 	TR 653 | TR1 327 | TR2 326
819.1818 	DATA 	Keypress: 5
819.1818 	DATA 	TR 654 | TR1 327 | TR2 327
820.7650 	DATA 	Keypress: 5
820.7651 	DATA 	TR 655 | TR1 328 | TR2 327
821.6982 	DATA 	Keypress: 5
821.6983 	DATA 	TR 656 | TR1 328 | TR2 328
821.7984 	DATA 	Target presented
822.4155 	DATA 	Keypress: 1
822.4315 	DATA 	Key1 pressed
822.4315 	DATA 	Target detected
823.2815 	DATA 	Keypress: 5
823.2815 	DATA 	TR 657 | TR1 329 | TR2 328
824.1981 	DATA 	Keypress: 5
824.1981 	DATA 	TR 658 | TR1 329 | TR2 329
825.7980 	DATA 	Keypress: 5
825.7980 	DATA 	TR 659 | TR1 330 | TR2 329
826.7146 	DATA 	Keypress: 5
826.7146 	DATA 	TR 660 | TR1 330 | TR2 330
828.2978 	DATA 	Keypress: 5
828.2978 	DATA 	TR 661 | TR1 331 | TR2 330
828.9311 	DATA 	
828.9311 	DATA 	Trial complete
828.9311 	DATA 	Waiting for VASO trigger to start next trial
828.9311 	DATA 	
829.2144 	DATA 	Keypress: 5
829.2145 	DATA 	TR 662 | TR1 331 | TR2 331
830.8143 	DATA 	Keypress: 5
830.8143 	DATA 	Waited 1.8832390308380127 seconds for trigger
830.8151 	DATA 	
830.8151 	DATA 	Trial 29
830.8151 	DATA 	stimDur = 4.0
830.8151 	DATA 	jitter = 0.0
830.8151 	DATA 	restDur = 16.0

830.8151 	DATA 	
830.8151 	DATA 	TR 663 | TR1 332 | TR2 331
830.8151 	DATA 	
830.8151 	DATA 	stimulation started
830.8151 	DATA 	
831.7310 	DATA 	Keypress: 5
831.7310 	DATA 	TR 664 | TR1 332 | TR2 332
833.3144 	DATA 	Keypress: 5
833.3144 	DATA 	TR 665 | TR1 333 | TR2 332
834.2474 	DATA 	Keypress: 5
834.2475 	DATA 	TR 666 | TR1 333 | TR2 333
834.8307 	DATA 	
834.8307 	DATA 	stimulation stopped
834.8307 	DATA 	
835.8306 	DATA 	Keypress: 5
835.8307 	DATA 	TR 667 | TR1 334 | TR2 333
836.7472 	DATA 	Keypress: 5
836.7472 	DATA 	TR 668 | TR1 334 | TR2 334
838.3471 	DATA 	Keypress: 5
838.3472 	DATA 	TR 669 | TR1 335 | TR2 334
839.2637 	DATA 	Keypress: 5
839.2637 	DATA 	TR 670 | TR1 335 | TR2 335
840.8469 	DATA 	Keypress: 5
840.8470 	DATA 	TR 671 | TR1 336 | TR2 335
841.7642 	DATA 	Keypress: 5
841.7802 	DATA 	TR 672 | TR1 336 | TR2 336
843.3634 	DATA 	Keypress: 5
843.3635 	DATA 	TR 673 | TR1 337 | TR2 336
844.2800 	DATA 	Keypress: 5
844.2801 	DATA 	TR 674 | TR1 337 | TR2 337
845.8639 	DATA 	Keypress: 5
845.8799 	DATA 	TR 675 | TR1 338 | TR2 337
846.7964 	DATA 	Keypress: 5
846.7965 	DATA 	TR 676 | TR1 338 | TR2 338
848.3797 	DATA 	Keypress: 5
848.3798 	DATA 	TR 677 | TR1 339 | TR2 338
849.2963 	DATA 	Keypress: 5
849.2963 	DATA 	TR 678 | TR1 339 | TR2 339
850.8298 	DATA 	
850.8298 	DATA 	Trial complete
850.8298 	DATA 	
850.8963 	DATA 	Keypress: 5
850.8963 	DATA 	Waited 21.965210914611816 seconds for trigger
850.8971 	DATA 	
850.8971 	DATA 	Trial 30
850.8971 	DATA 	stimDur = 4.0
850.8971 	DATA 	jitter = 1.2545
850.8971 	DATA 	restDur = 16.0

850.8971 	DATA 	
850.8971 	DATA 	TR 679 | TR1 340 | TR2 339
851.8128 	DATA 	Keypress: 5
851.8129 	DATA 	TR 680 | TR1 340 | TR2 340
852.1629 	DATA 	
852.1629 	DATA 	stimulation started
852.1629 	DATA 	
853.3961 	DATA 	Keypress: 5
853.3962 	DATA 	TR 681 | TR1 341 | TR2 340
854.3294 	DATA 	Keypress: 5
854.3295 	DATA 	TR 682 | TR1 341 | TR2 341
855.9127 	DATA 	Keypress: 5
855.9128 	DATA 	TR 683 | TR1 342 | TR2 341
856.1625 	DATA 	
856.1626 	DATA 	stimulation stopped
856.1626 	DATA 	
856.8292 	DATA 	Keypress: 5
856.8292 	DATA 	TR 684 | TR1 342 | TR2 342
858.4290 	DATA 	Keypress: 5
858.4291 	DATA 	TR 685 | TR1 343 | TR2 342
859.3456 	DATA 	Keypress: 5
859.3457 	DATA 	TR 686 | TR1 343 | TR2 343
860.9289 	DATA 	Keypress: 5
860.9289 	DATA 	TR 687 | TR1 344 | TR2 343
861.8455 	DATA 	Keypress: 5
861.8455 	DATA 	TR 688 | TR1 344 | TR2 344
863.4454 	DATA 	Keypress: 5
863.4454 	DATA 	TR 689 | TR1 345 | TR2 344
864.3620 	DATA 	Keypress: 5
864.3620 	DATA 	TR 690 | TR1 345 | TR2 345
865.9452 	DATA 	Keypress: 5
865.9453 	DATA 	TR 691 | TR1 346 | TR2 345
866.7452 	DATA 	Target presented
866.8785 	DATA 	Keypress: 5
866.8785 	DATA 	TR 692 | TR1 346 | TR2 346
867.3784 	DATA 	Keypress: 1
867.3785 	DATA 	Key1 pressed
867.3785 	DATA 	Target detected
868.4618 	DATA 	Keypress: 5
868.4619 	DATA 	TR 693 | TR1 347 | TR2 346
869.3783 	DATA 	Keypress: 5
869.3784 	DATA 	TR 694 | TR1 347 | TR2 347
870.9782 	DATA 	Keypress: 5
870.9782 	DATA 	TR 695 | TR1 348 | TR2 347
871.8948 	DATA 	Keypress: 5
871.8948 	DATA 	TR 696 | TR1 348 | TR2 348
872.1614 	DATA 	
872.1614 	DATA 	Trial complete
872.1615 	DATA 	
873.4781 	DATA 	Keypress: 5
873.4781 	DATA 	TR 697 | TR1 349 | TR2 348
874.3946 	DATA 	Keypress: 5
874.3947 	DATA 	TR 698 | TR1 349 | TR2 349
875.9946 	DATA 	Keypress: 5
875.9946 	DATA 	TR 699 | TR1 350 | TR2 349
876.9111 	DATA 	Keypress: 5
876.9112 	DATA 	TR 700 | TR1 350 | TR2 350
878.4944 	DATA 	Keypress: 5
878.4945 	DATA 	TR 701 | TR1 351 | TR2 350
879.4276 	DATA 	Keypress: 5
879.4277 	DATA 	TR 702 | TR1 351 | TR2 351
881.0109 	DATA 	Keypress: 5
881.0109 	DATA 	TR 703 | TR1 352 | TR2 351
881.9275 	DATA 	Keypress: 5
881.9275 	DATA 	TR 704 | TR1 352 | TR2 352
883.5274 	DATA 	Keypress: 5
883.5274 	DATA 	TR 705 | TR1 353 | TR2 352
884.4440 	DATA 	Keypress: 5
884.4440 	DATA 	TR 706 | TR1 353 | TR2 353
886.0272 	DATA 	Keypress: 5
886.0273 	DATA 	TR 707 | TR1 354 | TR2 353
886.9444 	DATA 	Keypress: 5
886.9604 	DATA 	TR 708 | TR1 354 | TR2 354
888.5437 	DATA 	Keypress: 5
888.5438 	DATA 	TR 709 | TR1 355 | TR2 354
889.4603 	DATA 	Keypress: 5
889.4604 	DATA 	TR 710 | TR1 355 | TR2 355
891.0442 	DATA 	Keypress: 5
891.0602 	DATA 	TR 711 | TR1 356 | TR2 355
891.9768 	DATA 	Keypress: 5
891.9769 	DATA 	TR 712 | TR1 356 | TR2 356
893.5601 	DATA 	Keypress: 5
893.5601 	DATA 	TR 713 | TR1 357 | TR2 356
894.4768 	DATA 	Keypress: 5
894.4769 	DATA 	TR 714 | TR1 357 | TR2 357
896.0767 	DATA 	Keypress: 5
896.0767 	DATA 	TR 715 | TR1 358 | TR2 357
896.9932 	DATA 	Keypress: 5
896.9932 	DATA 	TR 716 | TR1 358 | TR2 358
898.5764 	DATA 	Keypress: 5
898.5765 	DATA 	TR 717 | TR1 359 | TR2 358
899.5096 	DATA 	Keypress: 5
899.5096 	DATA 	TR 718 | TR1 359 | TR2 359
901.0929 	DATA 	Keypress: 5
901.0930 	DATA 	TR 719 | TR1 360 | TR2 359
902.0095 	DATA 	Keypress: 5
902.0095 	DATA 	TR 720 | TR1 360 | TR2 360
903.6094 	DATA 	Keypress: 5
903.6095 	DATA 	TR 721 | TR1 361 | TR2 360
904.5260 	DATA 	Keypress: 5
904.5260 	DATA 	TR 722 | TR1 361 | TR2 361
906.1094 	DATA 	Keypress: 5
906.1094 	DATA 	TR 723 | TR1 362 | TR2 361
907.0260 	DATA 	Keypress: 5
907.0260 	DATA 	TR 724 | TR1 362 | TR2 362
908.6257 	DATA 	Keypress: 5
908.6258 	DATA 	TR 725 | TR1 363 | TR2 362
909.5424 	DATA 	Keypress: 5
909.5424 	DATA 	TR 726 | TR1 363 | TR2 363
911.1256 	DATA 	Keypress: 5
911.1257 	DATA 	TR 727 | TR1 364 | TR2 363
912.0589 	DATA 	Keypress: 5
912.0589 	DATA 	TR 728 | TR1 364 | TR2 364
913.6423 	DATA 	Keypress: 5
913.6423 	DATA 	TR 729 | TR1 365 | TR2 364
914.5587 	DATA 	Keypress: 5
914.5587 	DATA 	TR 730 | TR1 365 | TR2 365
916.1586 	DATA 	Keypress: 5
916.1587 	DATA 	TR 731 | TR1 366 | TR2 365
917.0752 	DATA 	Keypress: 5
917.0752 	DATA 	TR 732 | TR1 366 | TR2 366
918.6585 	DATA 	Keypress: 5
918.6585 	DATA 	TR 733 | TR1 367 | TR2 366
919.5751 	DATA 	Keypress: 5
919.5751 	DATA 	TR 734 | TR1 367 | TR2 367
921.1750 	DATA 	Keypress: 5
921.1750 	DATA 	TR 735 | TR1 368 | TR2 367
922.0916 	DATA 	Keypress: 5
922.0916 	DATA 	TR 736 | TR1 368 | TR2 368
923.6754 	DATA 	Keypress: 5
923.6914 	DATA 	TR 737 | TR1 369 | TR2 368
923.7414 	DATA 	EndOfRun sub-04_ses-01_run-01

923.7415 	DATA 	We spent 58.378172159194946 seconds waiting for triggers
923.7415 	DATA 	RatioOfDetectedTargets 0.9285714285714286
923.7415 	DATA 	You have detected 13 out of 14 targets.
928.5638 	DATA 	Keypress: 5
928.5640 	DATA 	Keypress: 5
928.5642 	DATA 	Keypress: 5
928.7715 	EXP 	window1: mouseVisible = True
