MonitorDistance=99cm
MonitorWidth=30cm
PixelWidth=1024.0
PixelHeight=768.0
You have detected 12 out of 12 targets.
Excellent! Keep up the good work
9.3889 	INFO 	Loaded monitor calibration from ['2021_05_26 17:55']
9.8477 	EXP 	Created window1 = Window(allowGUI=False, allowStencil=False, autoLog=True, backendConf=UNKNOWN, bitsMode=UNKNOWN, blendMode='avg', bpc=(8, 8, 8), color=array([-0.5, -0.5, -0.5]), colorSpace='rgb', depthBits=8, fullscr=<method-wrapper '__getattribute__' of attributeSetter object at 0x7f79f845d400>, gamma=None, gammaErrorPolicy='raise', lms=UNKNOWN, monitor=<psychopy.monitors.calibTools.Monitor object at 0x7f79ee27e0b8>, multiSample=False, name='window1', numSamples=2, pos=[0.0, 0.0], screen=0, size=array([1024,  768]), stencilBits=0, stereo=False, units='deg', useFBO=False, useRetina=False, viewOri=0.0, viewPos=None, viewScale=None, waitBlanking=True, winType='pyglet')
9.8478 	EXP 	window1: mouseVisible = True
9.9217 	EXP 	Created unnamed TextStim = TextStim(__class__=<class 'psychopy.visual.text.TextStim'>, alignHoriz=method-wrapper(...), alignText='center', alignVert=method-wrapper(...), anchorHoriz='center', anchorVert='center', antialias=True, autoLog=True, bold=False, color=array([1., 1., 1.]), colorSpace='rgb', contrast=1.0, depth=0, flipHoriz=False, flipVert=False, font='', fontFiles=[], height=0.5, italic=False, languageStyle='LTR', name='unnamed TextStim', opacity=1.0, ori=0.0, pos=array([0., 0.]), rgb=UNKNOWN, text=str(...), units='deg', win=Window(...), wrapWidth=15.0)
9.9533 	EXP 	Created Movie Frame 0 = ImageStim(__class__=<class 'psychopy.visual.image.ImageStim'>, autoLog=True, color=array([0.8, 0.8, 0.8]), colorSpace='rgb', contrast=0.8, depth=0, flipHoriz=False, flipVert=False, image='visual_0.png', interpolate=False, mask=None, maskParams=None, name='Movie Frame 0', opacity=1, ori=0.0, pos=array([0., 0.]), size=array([1024,  768]), texRes=128, units='pix', win=Window(...))
9.9777 	EXP 	Created Movie Frame 1 = ImageStim(__class__=<class 'psychopy.visual.image.ImageStim'>, autoLog=True, color=array([0.8, 0.8, 0.8]), colorSpace='rgb', contrast=0.8, depth=0, flipHoriz=False, flipVert=False, image='visual_1.png', interpolate=False, mask=None, maskParams=None, name='Movie Frame 1', opacity=1, ori=0.0, pos=array([0., 0.]), size=array([1024,  768]), texRes=128, units='pix', win=Window(...))
120.2048 	DATA 	Keypress: 5
0.0000 	DATA 	StartOfRun sub-08_ses-05_run-03
0.0000 	DATA 	TR 1 | TR1 1 | TR2 0
0.0153 	DATA 	Initial baseline

1.5507 	DATA 	Keypress: 5
1.5507 	DATA 	TR 2 | TR1 1 | TR2 1
3.1228 	DATA 	Keypress: 5
3.1229 	DATA 	TR 3 | TR1 2 | TR2 1
4.6740 	DATA 	Keypress: 5
4.6740 	DATA 	TR 4 | TR1 2 | TR2 2
6.2462 	DATA 	Keypress: 5
6.2462 	DATA 	TR 5 | TR1 3 | TR2 2
7.7974 	DATA 	Keypress: 5
7.7974 	DATA 	TR 6 | TR1 3 | TR2 3
9.3696 	DATA 	Keypress: 5
9.3696 	DATA 	TR 7 | TR1 4 | TR2 3
10.9208 	DATA 	Keypress: 5
10.9208 	DATA 	TR 8 | TR1 4 | TR2 4
12.4930 	DATA 	Keypress: 5
12.4930 	DATA 	TR 9 | TR1 5 | TR2 4
14.0442 	DATA 	Keypress: 5
14.0442 	DATA 	TR 10 | TR1 5 | TR2 5
15.6154 	DATA 	Keypress: 5
15.6154 	DATA 	TR 11 | TR1 6 | TR2 5
17.1675 	DATA 	Keypress: 5
17.1676 	DATA 	TR 12 | TR1 6 | TR2 6
18.7387 	DATA 	Keypress: 5
18.7388 	DATA 	TR 13 | TR1 7 | TR2 6
20.2910 	DATA 	Keypress: 5
20.2910 	DATA 	TR 14 | TR1 7 | TR2 7
21.8621 	DATA 	Keypress: 5
21.8622 	DATA 	TR 15 | TR1 8 | TR2 7
23.4143 	DATA 	Keypress: 5
23.4144 	DATA 	TR 16 | TR1 8 | TR2 8
24.9855 	DATA 	Keypress: 5
24.9855 	DATA 	TR 17 | TR1 9 | TR2 8
26.5377 	DATA 	Keypress: 5
26.5377 	DATA 	TR 18 | TR1 9 | TR2 9
28.1089 	DATA 	Keypress: 5
28.1089 	DATA 	TR 19 | TR1 10 | TR2 9
29.6611 	DATA 	Keypress: 5
29.6611 	DATA 	TR 20 | TR1 10 | TR2 10
31.2462 	DATA 	Keypress: 5
31.2462 	DATA 	Waited 1.2462191581726074 seconds for trigger
31.2477 	DATA 	
31.2477 	DATA 	Trial 1
31.2477 	DATA 	stimDur = 4.0
31.2477 	DATA 	jitter = 1.5705
31.2477 	DATA 	restDur = 24.0

31.2477 	DATA 	
31.2477 	DATA 	TR 21 | TR1 11 | TR2 10
32.7961 	DATA 	Keypress: 5
32.7962 	DATA 	TR 22 | TR1 11 | TR2 11
32.8293 	DATA 	
32.8294 	DATA 	stimulation started
32.8294 	DATA 	
34.3628 	DATA 	Keypress: 5
34.3628 	DATA 	TR 23 | TR1 12 | TR2 11
35.9125 	DATA 	Keypress: 5
35.9126 	DATA 	TR 24 | TR1 12 | TR2 12
36.8292 	DATA 	
36.8292 	DATA 	stimulation stopped
36.8292 	DATA 	
37.4795 	DATA 	Keypress: 5
37.4957 	DATA 	TR 25 | TR1 13 | TR2 12
39.0455 	DATA 	Keypress: 5
39.0455 	DATA 	TR 26 | TR1 13 | TR2 13
40.6120 	DATA 	Keypress: 5
40.6121 	DATA 	TR 27 | TR1 14 | TR2 13
42.1619 	DATA 	Keypress: 5
42.1619 	DATA 	TR 28 | TR1 14 | TR2 14
43.7284 	DATA 	Keypress: 5
43.7284 	DATA 	TR 29 | TR1 15 | TR2 14
45.2784 	DATA 	Keypress: 5
45.2784 	DATA 	TR 30 | TR1 15 | TR2 15
46.8614 	DATA 	Keypress: 5
46.8615 	DATA 	TR 31 | TR1 16 | TR2 15
48.4113 	DATA 	Keypress: 5
48.4114 	DATA 	TR 32 | TR1 16 | TR2 16
49.9778 	DATA 	Keypress: 5
49.9778 	DATA 	TR 33 | TR1 17 | TR2 16
51.5278 	DATA 	Keypress: 5
51.5279 	DATA 	TR 34 | TR1 17 | TR2 17
53.1108 	DATA 	Keypress: 5
53.1109 	DATA 	TR 35 | TR1 18 | TR2 17
54.6607 	DATA 	Keypress: 5
54.6608 	DATA 	TR 36 | TR1 18 | TR2 18
56.2273 	DATA 	Keypress: 5
56.2273 	DATA 	TR 37 | TR1 19 | TR2 18
57.7771 	DATA 	Keypress: 5
57.7771 	DATA 	TR 38 | TR1 19 | TR2 19
59.3436 	DATA 	Keypress: 5
59.3437 	DATA 	TR 39 | TR1 20 | TR2 19
60.8267 	DATA 	
60.8268 	DATA 	Trial complete
60.8268 	DATA 	Waiting for VASO trigger to start next trial
60.8268 	DATA 	
60.8941 	DATA 	Keypress: 5
60.9101 	DATA 	TR 40 | TR1 20 | TR2 20
62.4767 	DATA 	Keypress: 5
62.4767 	DATA 	Waited 1.6499528884887695 seconds for trigger
62.4775 	DATA 	
62.4775 	DATA 	Trial 2
62.4775 	DATA 	stimDur = 12.0
62.4775 	DATA 	jitter = 2.35575
62.4775 	DATA 	restDur = 30.0

62.4776 	DATA 	
62.4776 	DATA 	TR 41 | TR1 21 | TR2 20
64.0265 	DATA 	Keypress: 5
64.0266 	DATA 	TR 42 | TR1 21 | TR2 21
64.8430 	DATA 	
64.8431 	DATA 	stimulation started
64.8431 	DATA 	
65.5931 	DATA 	Keypress: 5
65.5932 	DATA 	TR 43 | TR1 22 | TR2 21
67.1429 	DATA 	Keypress: 5
67.1430 	DATA 	TR 44 | TR1 22 | TR2 22
68.7261 	DATA 	Keypress: 5
68.7262 	DATA 	TR 45 | TR1 23 | TR2 22
70.2760 	DATA 	Keypress: 5
70.2760 	DATA 	TR 46 | TR1 23 | TR2 23
71.8425 	DATA 	Keypress: 5
71.8426 	DATA 	TR 47 | TR1 24 | TR2 23
73.3924 	DATA 	Keypress: 5
73.3924 	DATA 	TR 48 | TR1 24 | TR2 24
74.9756 	DATA 	Keypress: 5
74.9756 	DATA 	TR 49 | TR1 25 | TR2 24
76.5254 	DATA 	Keypress: 5
76.5255 	DATA 	TR 50 | TR1 25 | TR2 25
76.8420 	DATA 	
76.8420 	DATA 	stimulation stopped
76.8420 	DATA 	
78.0919 	DATA 	Keypress: 5
78.0919 	DATA 	TR 51 | TR1 26 | TR2 25
79.6417 	DATA 	Keypress: 5
79.6418 	DATA 	TR 52 | TR1 26 | TR2 26
81.2083 	DATA 	Keypress: 5
81.2083 	DATA 	TR 53 | TR1 27 | TR2 26
82.7581 	DATA 	Keypress: 5
82.7582 	DATA 	TR 54 | TR1 27 | TR2 27
84.3413 	DATA 	Keypress: 5
84.3414 	DATA 	TR 55 | TR1 28 | TR2 27
85.8910 	DATA 	Keypress: 5
85.8911 	DATA 	TR 56 | TR1 28 | TR2 28
87.2577 	DATA 	Target presented
87.4577 	DATA 	Keypress: 5
87.4577 	DATA 	TR 57 | TR1 29 | TR2 28
87.7410 	DATA 	Keypress: 1
87.7410 	DATA 	Key1 pressed
87.7410 	DATA 	Target detected
89.0075 	DATA 	Keypress: 5
89.0076 	DATA 	TR 58 | TR1 29 | TR2 29
90.5907 	DATA 	Keypress: 5
90.5908 	DATA 	TR 59 | TR1 30 | TR2 29
92.1406 	DATA 	Keypress: 5
92.1406 	DATA 	TR 60 | TR1 30 | TR2 30
93.7071 	DATA 	Keypress: 5
93.7071 	DATA 	TR 61 | TR1 31 | TR2 30
95.2570 	DATA 	Keypress: 5
95.2570 	DATA 	TR 62 | TR1 31 | TR2 31
96.8237 	DATA 	Keypress: 5
96.8237 	DATA 	TR 63 | TR1 32 | TR2 31
98.3900 	DATA 	Keypress: 5
98.3900 	DATA 	TR 64 | TR1 32 | TR2 32
99.9565 	DATA 	Keypress: 5
99.9566 	DATA 	TR 65 | TR1 33 | TR2 32
101.5064 	DATA 	Keypress: 5
101.5064 	DATA 	TR 66 | TR1 33 | TR2 33
103.0729 	DATA 	Keypress: 5
103.0730 	DATA 	TR 67 | TR1 34 | TR2 33
104.6230 	DATA 	Keypress: 5
104.6231 	DATA 	TR 68 | TR1 34 | TR2 34
106.2059 	DATA 	Keypress: 5
106.2060 	DATA 	TR 69 | TR1 35 | TR2 34
106.8393 	DATA 	
106.8393 	DATA 	Trial complete
106.8393 	DATA 	Waiting for VASO trigger to start next trial
106.8393 	DATA 	
107.7558 	DATA 	Keypress: 5
107.7558 	DATA 	TR 70 | TR1 35 | TR2 35
109.3223 	DATA 	Keypress: 5
109.3224 	DATA 	Waited 2.483057975769043 seconds for trigger
109.3232 	DATA 	
109.3232 	DATA 	Trial 3
109.3232 	DATA 	stimDur = 24.0
109.3232 	DATA 	jitter = 0.78525
109.3232 	DATA 	restDur = 40.0

109.3232 	DATA 	
109.3232 	DATA 	TR 71 | TR1 36 | TR2 35
110.1222 	DATA 	
110.1222 	DATA 	stimulation started
110.1222 	DATA 	
110.8722 	DATA 	Keypress: 5
110.8723 	DATA 	TR 72 | TR1 36 | TR2 36
112.4555 	DATA 	Keypress: 5
112.4555 	DATA 	TR 73 | TR1 37 | TR2 36
114.0053 	DATA 	Keypress: 5
114.0053 	DATA 	TR 74 | TR1 37 | TR2 37
115.5718 	DATA 	Keypress: 5
115.5719 	DATA 	TR 75 | TR1 38 | TR2 37
117.1216 	DATA 	Keypress: 5
117.1217 	DATA 	TR 76 | TR1 38 | TR2 38
118.6882 	DATA 	Keypress: 5
118.6883 	DATA 	TR 77 | TR1 39 | TR2 38
120.2387 	DATA 	Keypress: 5
120.2546 	DATA 	TR 78 | TR1 39 | TR2 39
121.8212 	DATA 	Keypress: 5
121.8213 	DATA 	TR 79 | TR1 40 | TR2 39
123.3711 	DATA 	Keypress: 5
123.3711 	DATA 	TR 80 | TR1 40 | TR2 40
124.9376 	DATA 	Keypress: 5
124.9377 	DATA 	TR 81 | TR1 41 | TR2 40
126.4875 	DATA 	Keypress: 5
126.4875 	DATA 	TR 82 | TR1 41 | TR2 41
128.0707 	DATA 	Keypress: 5
128.0707 	DATA 	TR 83 | TR1 42 | TR2 41
129.6205 	DATA 	Keypress: 5
129.6206 	DATA 	TR 84 | TR1 42 | TR2 42
131.1871 	DATA 	Keypress: 5
131.1871 	DATA 	TR 85 | TR1 43 | TR2 42
132.7369 	DATA 	Keypress: 5
132.7369 	DATA 	TR 86 | TR1 43 | TR2 43
134.1200 	DATA 	
134.1201 	DATA 	stimulation stopped
134.1201 	DATA 	
134.3040 	DATA 	Keypress: 5
134.3200 	DATA 	TR 87 | TR1 44 | TR2 43
135.8699 	DATA 	Keypress: 5
135.8699 	DATA 	TR 88 | TR1 44 | TR2 44
137.4364 	DATA 	Keypress: 5
137.4364 	DATA 	TR 89 | TR1 45 | TR2 44
138.9862 	DATA 	Keypress: 5
138.9863 	DATA 	TR 90 | TR1 45 | TR2 45
140.5528 	DATA 	Keypress: 5
140.5528 	DATA 	TR 91 | TR1 46 | TR2 45
142.1026 	DATA 	Keypress: 5
142.1026 	DATA 	TR 92 | TR1 46 | TR2 46
143.6858 	DATA 	Keypress: 5
143.6859 	DATA 	TR 93 | TR1 47 | TR2 46
143.9524 	DATA 	Target presented
144.5191 	DATA 	Keypress: 1
144.5191 	DATA 	Key1 pressed
144.5191 	DATA 	Target detected
145.2358 	DATA 	Keypress: 5
145.2358 	DATA 	TR 94 | TR1 47 | TR2 47
146.8022 	DATA 	Keypress: 5
146.8023 	DATA 	TR 95 | TR1 48 | TR2 47
148.3520 	DATA 	Keypress: 5
148.3521 	DATA 	TR 96 | TR1 48 | TR2 48
149.9353 	DATA 	Keypress: 5
149.9353 	DATA 	TR 97 | TR1 49 | TR2 48
151.4851 	DATA 	Keypress: 5
151.4852 	DATA 	TR 98 | TR1 49 | TR2 49
153.0517 	DATA 	Keypress: 5
153.0517 	DATA 	TR 99 | TR1 50 | TR2 49
154.6015 	DATA 	Keypress: 5
154.6015 	DATA 	TR 100 | TR1 50 | TR2 50
156.1680 	DATA 	Keypress: 5
156.1681 	DATA 	TR 101 | TR1 51 | TR2 50
157.7345 	DATA 	Keypress: 5
157.7346 	DATA 	TR 102 | TR1 51 | TR2 51
159.3011 	DATA 	Keypress: 5
159.3011 	DATA 	TR 103 | TR1 52 | TR2 51
160.8509 	DATA 	Keypress: 5
160.8509 	DATA 	TR 104 | TR1 52 | TR2 52
162.4174 	DATA 	Keypress: 5
162.4175 	DATA 	TR 105 | TR1 53 | TR2 52
163.9673 	DATA 	Keypress: 5
163.9674 	DATA 	TR 106 | TR1 53 | TR2 53
165.5505 	DATA 	Keypress: 5
165.5505 	DATA 	TR 107 | TR1 54 | TR2 53
167.1003 	DATA 	Keypress: 5
167.1004 	DATA 	TR 108 | TR1 54 | TR2 54
168.6669 	DATA 	Keypress: 5
168.6669 	DATA 	TR 109 | TR1 55 | TR2 54
170.2167 	DATA 	Keypress: 5
170.2167 	DATA 	TR 110 | TR1 55 | TR2 55
171.7838 	DATA 	Keypress: 5
171.7998 	DATA 	TR 111 | TR1 56 | TR2 55
173.3497 	DATA 	Keypress: 5
173.3498 	DATA 	TR 112 | TR1 56 | TR2 56
174.1163 	DATA 	
174.1163 	DATA 	Trial complete
174.1163 	DATA 	Waiting for VASO trigger to start next trial
174.1163 	DATA 	
174.9163 	DATA 	Keypress: 5
174.9163 	DATA 	Waited 0.800015926361084 seconds for trigger
174.9171 	DATA 	
174.9171 	DATA 	Trial 4
174.9171 	DATA 	stimDur = 24.0
174.9171 	DATA 	jitter = 1.5705
174.9171 	DATA 	restDur = 40.0

174.9171 	DATA 	
174.9171 	DATA 	TR 113 | TR1 57 | TR2 56
176.4661 	DATA 	Keypress: 5
176.4662 	DATA 	TR 114 | TR1 57 | TR2 57
176.4994 	DATA 	
176.4994 	DATA 	stimulation started
176.4994 	DATA 	
178.0327 	DATA 	Keypress: 5
178.0328 	DATA 	TR 115 | TR1 58 | TR2 57
179.5826 	DATA 	Keypress: 5
179.5826 	DATA 	TR 116 | TR1 58 | TR2 58
181.1658 	DATA 	Keypress: 5
181.1658 	DATA 	TR 117 | TR1 59 | TR2 58
182.7156 	DATA 	Keypress: 5
182.7157 	DATA 	TR 118 | TR1 59 | TR2 59
184.2821 	DATA 	Keypress: 5
184.2822 	DATA 	TR 119 | TR1 60 | TR2 59
185.8320 	DATA 	Keypress: 5
185.8320 	DATA 	TR 120 | TR1 60 | TR2 60
187.4152 	DATA 	Keypress: 5
187.4152 	DATA 	TR 121 | TR1 61 | TR2 60
188.9650 	DATA 	Keypress: 5
188.9651 	DATA 	TR 122 | TR1 61 | TR2 61
190.5316 	DATA 	Keypress: 5
190.5316 	DATA 	TR 123 | TR1 62 | TR2 61
192.0814 	DATA 	Keypress: 5
192.0815 	DATA 	TR 124 | TR1 62 | TR2 62
193.6479 	DATA 	Keypress: 5
193.6480 	DATA 	TR 125 | TR1 63 | TR2 62
195.1985 	DATA 	Keypress: 5
195.2144 	DATA 	TR 126 | TR1 63 | TR2 63
196.7810 	DATA 	Keypress: 5
196.7811 	DATA 	TR 127 | TR1 64 | TR2 63
198.3308 	DATA 	Keypress: 5
198.3308 	DATA 	TR 128 | TR1 64 | TR2 64
199.8974 	DATA 	Keypress: 5
199.8974 	DATA 	TR 129 | TR1 65 | TR2 64
200.4972 	DATA 	
200.4973 	DATA 	stimulation stopped
200.4973 	DATA 	
201.4472 	DATA 	Keypress: 5
201.4472 	DATA 	TR 130 | TR1 65 | TR2 65
203.0306 	DATA 	Keypress: 5
203.0306 	DATA 	TR 131 | TR1 66 | TR2 65
204.5802 	DATA 	Keypress: 5
204.5802 	DATA 	TR 132 | TR1 66 | TR2 66
206.1467 	DATA 	Keypress: 5
206.1468 	DATA 	TR 133 | TR1 67 | TR2 66
207.6966 	DATA 	Keypress: 5
207.6966 	DATA 	TR 134 | TR1 67 | TR2 67
209.2798 	DATA 	Keypress: 5
209.2798 	DATA 	TR 135 | TR1 68 | TR2 67
209.7464 	DATA 	Target presented
210.1963 	DATA 	Keypress: 1
210.1964 	DATA 	Key1 pressed
210.1964 	DATA 	Target detected
210.8298 	DATA 	Keypress: 5
210.8299 	DATA 	TR 136 | TR1 68 | TR2 68
212.3962 	DATA 	Keypress: 5
212.3962 	DATA 	TR 137 | TR1 69 | TR2 68
213.9460 	DATA 	Keypress: 5
213.9460 	DATA 	TR 138 | TR1 69 | TR2 69
215.5125 	DATA 	Keypress: 5
215.5126 	DATA 	TR 139 | TR1 70 | TR2 69
217.0624 	DATA 	Keypress: 5
217.0624 	DATA 	TR 140 | TR1 70 | TR2 70
218.6456 	DATA 	Keypress: 5
218.6456 	DATA 	TR 141 | TR1 71 | TR2 70
220.1954 	DATA 	Keypress: 5
220.1955 	DATA 	TR 142 | TR1 71 | TR2 71
221.7620 	DATA 	Keypress: 5
221.7620 	DATA 	TR 143 | TR1 72 | TR2 71
223.3118 	DATA 	Keypress: 5
223.3119 	DATA 	TR 144 | TR1 72 | TR2 72
224.8950 	DATA 	Keypress: 5
224.8951 	DATA 	TR 145 | TR1 73 | TR2 72
226.4450 	DATA 	Keypress: 5
226.4450 	DATA 	TR 146 | TR1 73 | TR2 73
228.0114 	DATA 	Keypress: 5
228.0115 	DATA 	TR 147 | TR1 74 | TR2 73
229.5612 	DATA 	Keypress: 5
229.5613 	DATA 	TR 148 | TR1 74 | TR2 74
231.1284 	DATA 	Keypress: 5
231.1444 	DATA 	TR 149 | TR1 75 | TR2 74
232.6943 	DATA 	Keypress: 5
232.6943 	DATA 	TR 150 | TR1 75 | TR2 75
234.2608 	DATA 	Keypress: 5
234.2609 	DATA 	TR 151 | TR1 76 | TR2 75
235.8106 	DATA 	Keypress: 5
235.8107 	DATA 	TR 152 | TR1 76 | TR2 76
237.3772 	DATA 	Keypress: 5
237.3773 	DATA 	TR 153 | TR1 77 | TR2 76
238.9270 	DATA 	Keypress: 5
238.9271 	DATA 	TR 154 | TR1 77 | TR2 77
240.4935 	DATA 	
240.4935 	DATA 	Trial complete
240.4935 	DATA 	Waiting for VASO trigger to start next trial
240.4935 	DATA 	
240.5102 	DATA 	Keypress: 5
240.5103 	DATA 	Waited 0.016737937927246094 seconds for trigger
240.5111 	DATA 	
240.5111 	DATA 	Trial 5
240.5111 	DATA 	stimDur = 1.0
240.5111 	DATA 	jitter = 0.78525
240.5111 	DATA 	restDur = 20.0

240.5111 	DATA 	
240.5111 	DATA 	TR 155 | TR1 78 | TR2 77
241.3101 	DATA 	
241.3101 	DATA 	stimulation started
241.3101 	DATA 	
242.0601 	DATA 	Keypress: 5
242.0602 	DATA 	TR 156 | TR1 78 | TR2 78
242.3101 	DATA 	
242.3101 	DATA 	stimulation stopped
242.3101 	DATA 	
243.6266 	DATA 	Keypress: 5
243.6267 	DATA 	TR 157 | TR1 79 | TR2 78
245.1765 	DATA 	Keypress: 5
245.1765 	DATA 	TR 158 | TR1 79 | TR2 79
246.7597 	DATA 	Keypress: 5
246.7597 	DATA 	TR 159 | TR1 80 | TR2 79
248.3095 	DATA 	Keypress: 5
248.3095 	DATA 	TR 160 | TR1 80 | TR2 80
249.8760 	DATA 	Keypress: 5
249.8761 	DATA 	TR 161 | TR1 81 | TR2 80
251.4259 	DATA 	Keypress: 5
251.4259 	DATA 	TR 162 | TR1 81 | TR2 81
252.9924 	DATA 	Keypress: 5
252.9925 	DATA 	TR 163 | TR1 82 | TR2 81
254.5428 	DATA 	Keypress: 5
254.5591 	DATA 	TR 164 | TR1 82 | TR2 82
256.1255 	DATA 	Keypress: 5
256.1255 	DATA 	TR 165 | TR1 83 | TR2 82
256.8088 	DATA 	Target presented
257.3586 	DATA 	Keypress: 1
257.3587 	DATA 	Key1 pressed
257.3587 	DATA 	Target detected
257.6753 	DATA 	Keypress: 5
257.6753 	DATA 	TR 166 | TR1 83 | TR2 83
259.2418 	DATA 	Keypress: 5
259.2419 	DATA 	TR 167 | TR1 84 | TR2 83
260.7916 	DATA 	Keypress: 5
260.7917 	DATA 	TR 168 | TR1 84 | TR2 84
262.3082 	DATA 	
262.3082 	DATA 	Trial complete
262.3082 	DATA 	Waiting for VASO trigger to start next trial
262.3082 	DATA 	
262.3749 	DATA 	Keypress: 5
262.3750 	DATA 	Waited 0.06676411628723145 seconds for trigger
262.3757 	DATA 	
262.3757 	DATA 	Trial 6
262.3757 	DATA 	stimDur = 2.0
262.3757 	DATA 	jitter = 0.78525
262.3758 	DATA 	restDur = 22.0

262.3758 	DATA 	
262.3758 	DATA 	TR 169 | TR1 85 | TR2 84
263.1747 	DATA 	
263.1748 	DATA 	stimulation started
263.1748 	DATA 	
263.9249 	DATA 	Keypress: 5
263.9249 	DATA 	TR 170 | TR1 85 | TR2 85
265.1746 	DATA 	
265.1746 	DATA 	stimulation stopped
265.1746 	DATA 	
265.4913 	DATA 	Keypress: 5
265.4913 	DATA 	TR 171 | TR1 86 | TR2 85
267.0411 	DATA 	Keypress: 5
267.0411 	DATA 	TR 172 | TR1 86 | TR2 86
268.6076 	DATA 	Keypress: 5
268.6077 	DATA 	TR 173 | TR1 87 | TR2 86
270.1741 	DATA 	Keypress: 5
270.1742 	DATA 	TR 174 | TR1 87 | TR2 87
271.7407 	DATA 	Keypress: 5
271.7407 	DATA 	TR 175 | TR1 88 | TR2 87
273.2906 	DATA 	Keypress: 5
273.2907 	DATA 	TR 176 | TR1 88 | TR2 88
274.8571 	DATA 	Keypress: 5
274.8571 	DATA 	TR 177 | TR1 89 | TR2 88
276.4069 	DATA 	Keypress: 5
276.4070 	DATA 	TR 178 | TR1 89 | TR2 89
277.9901 	DATA 	Keypress: 5
277.9901 	DATA 	TR 179 | TR1 90 | TR2 89
279.5399 	DATA 	Keypress: 5
279.5400 	DATA 	TR 180 | TR1 90 | TR2 90
281.1063 	DATA 	Keypress: 5
281.1064 	DATA 	TR 181 | TR1 91 | TR2 90
282.6564 	DATA 	Keypress: 5
282.6564 	DATA 	TR 182 | TR1 91 | TR2 91
284.2395 	DATA 	Keypress: 5
284.2396 	DATA 	TR 183 | TR1 92 | TR2 91
285.7894 	DATA 	Keypress: 5
285.7894 	DATA 	TR 184 | TR1 92 | TR2 92
287.1725 	DATA 	
287.1725 	DATA 	Trial complete
287.1726 	DATA 	Waiting for VASO trigger to start next trial
287.1726 	DATA 	
287.3559 	DATA 	Keypress: 5
287.3560 	DATA 	Waited 0.18339896202087402 seconds for trigger
287.3567 	DATA 	
287.3567 	DATA 	Trial 7
287.3567 	DATA 	stimDur = 4.0
287.3567 	DATA 	jitter = 2.35575
287.3568 	DATA 	restDur = 24.0

287.3568 	DATA 	
287.3568 	DATA 	TR 185 | TR1 93 | TR2 92
288.9057 	DATA 	Keypress: 5
288.9058 	DATA 	TR 186 | TR1 93 | TR2 93
289.7223 	DATA 	
289.7223 	DATA 	stimulation started
289.7223 	DATA 	
290.4723 	DATA 	Keypress: 5
290.4724 	DATA 	TR 187 | TR1 94 | TR2 93
292.0388 	DATA 	Keypress: 5
292.0389 	DATA 	TR 188 | TR1 94 | TR2 94
293.6054 	DATA 	Keypress: 5
293.6054 	DATA 	TR 189 | TR1 95 | TR2 94
293.7220 	DATA 	
293.7220 	DATA 	stimulation stopped
293.7220 	DATA 	
295.1552 	DATA 	Keypress: 5
295.1552 	DATA 	TR 190 | TR1 95 | TR2 95
296.7217 	DATA 	Keypress: 5
296.7218 	DATA 	TR 191 | TR1 96 | TR2 95
298.2716 	DATA 	Keypress: 5
298.2717 	DATA 	TR 192 | TR1 96 | TR2 96
299.8544 	DATA 	Keypress: 5
299.8545 	DATA 	TR 193 | TR1 97 | TR2 96
301.4047 	DATA 	Keypress: 5
301.4048 	DATA 	TR 194 | TR1 97 | TR2 97
302.9712 	DATA 	Keypress: 5
302.9713 	DATA 	TR 195 | TR1 98 | TR2 97
304.5211 	DATA 	Keypress: 5
304.5212 	DATA 	TR 196 | TR1 98 | TR2 98
306.0882 	DATA 	Keypress: 5
306.1041 	DATA 	TR 197 | TR1 99 | TR2 98
307.2707 	DATA 	Target presented
307.6541 	DATA 	Keypress: 5
307.6541 	DATA 	TR 198 | TR1 99 | TR2 99
307.7876 	DATA 	Keypress: 1
307.7877 	DATA 	Key1 pressed
307.7877 	DATA 	Target detected
309.2205 	DATA 	Keypress: 5
309.2206 	DATA 	TR 199 | TR1 100 | TR2 99
310.7704 	DATA 	Keypress: 5
310.7704 	DATA 	TR 200 | TR1 100 | TR2 100
312.3370 	DATA 	Keypress: 5
312.3370 	DATA 	TR 201 | TR1 101 | TR2 100
313.8868 	DATA 	Keypress: 5
313.8868 	DATA 	TR 202 | TR1 101 | TR2 101
315.4700 	DATA 	Keypress: 5
315.4700 	DATA 	TR 203 | TR1 102 | TR2 101
317.0198 	DATA 	Keypress: 5
317.0199 	DATA 	TR 204 | TR1 102 | TR2 102
317.7198 	DATA 	
317.7198 	DATA 	Trial complete
317.7198 	DATA 	Waiting for VASO trigger to start next trial
317.7198 	DATA 	
318.5864 	DATA 	Keypress: 5
318.5864 	DATA 	Waited 0.8666260242462158 seconds for trigger
318.5872 	DATA 	
318.5872 	DATA 	Trial 8
318.5872 	DATA 	stimDur = 12.0
318.5872 	DATA 	jitter = 0.0
318.5872 	DATA 	restDur = 30.0

318.5872 	DATA 	
318.5872 	DATA 	TR 205 | TR1 103 | TR2 102
318.5873 	DATA 	
318.5873 	DATA 	stimulation started
318.5873 	DATA 	
320.1364 	DATA 	Keypress: 5
320.1364 	DATA 	TR 206 | TR1 103 | TR2 103
321.7195 	DATA 	Keypress: 5
321.7195 	DATA 	TR 207 | TR1 104 | TR2 103
323.2693 	DATA 	Keypress: 5
323.2694 	DATA 	TR 208 | TR1 104 | TR2 104
324.8358 	DATA 	Keypress: 5
324.8359 	DATA 	TR 209 | TR1 105 | TR2 104
326.3857 	DATA 	Keypress: 5
326.3858 	DATA 	TR 210 | TR1 105 | TR2 105
327.9522 	DATA 	Keypress: 5
327.9523 	DATA 	TR 211 | TR1 106 | TR2 105
329.5188 	DATA 	Keypress: 5
329.5188 	DATA 	TR 212 | TR1 106 | TR2 106
330.6019 	DATA 	
330.6019 	DATA 	stimulation stopped
330.6019 	DATA 	
331.0852 	DATA 	Keypress: 5
331.0853 	DATA 	TR 213 | TR1 107 | TR2 106
332.6351 	DATA 	Keypress: 5
332.6351 	DATA 	TR 214 | TR1 107 | TR2 107
334.2016 	DATA 	Keypress: 5
334.2016 	DATA 	TR 215 | TR1 108 | TR2 107
335.7515 	DATA 	Keypress: 5
335.7515 	DATA 	TR 216 | TR1 108 | TR2 108
337.3346 	DATA 	Keypress: 5
337.3347 	DATA 	TR 217 | TR1 109 | TR2 108
338.8844 	DATA 	Keypress: 5
338.8844 	DATA 	TR 218 | TR1 109 | TR2 109
340.4510 	DATA 	Keypress: 5
340.4511 	DATA 	TR 219 | TR1 110 | TR2 109
342.0008 	DATA 	Keypress: 5
342.0008 	DATA 	TR 220 | TR1 110 | TR2 110
343.5840 	DATA 	Keypress: 5
343.5841 	DATA 	TR 221 | TR1 111 | TR2 110
345.1339 	DATA 	Keypress: 5
345.1340 	DATA 	TR 222 | TR1 111 | TR2 111
346.7004 	DATA 	Keypress: 5
346.7005 	DATA 	TR 223 | TR1 112 | TR2 111
348.2503 	DATA 	Keypress: 5
348.2504 	DATA 	TR 224 | TR1 112 | TR2 112
349.8169 	DATA 	Keypress: 5
349.8170 	DATA 	TR 225 | TR1 113 | TR2 112
351.3673 	DATA 	Keypress: 5
351.3833 	DATA 	TR 226 | TR1 113 | TR2 113
352.9499 	DATA 	Keypress: 5
352.9499 	DATA 	TR 227 | TR1 114 | TR2 113
354.4998 	DATA 	Keypress: 5
354.4998 	DATA 	TR 228 | TR1 114 | TR2 114
356.0662 	DATA 	Keypress: 5
356.0663 	DATA 	TR 229 | TR1 115 | TR2 114
357.6161 	DATA 	Keypress: 5
357.6161 	DATA 	TR 230 | TR1 115 | TR2 115
359.1993 	DATA 	Keypress: 5
359.1993 	DATA 	TR 231 | TR1 116 | TR2 115
360.4825 	DATA 	Target presented
360.5991 	DATA 	
360.5991 	DATA 	Trial complete
360.5992 	DATA 	Waiting for VASO trigger to start next trial
360.5992 	DATA 	
360.7492 	DATA 	Keypress: 5
360.7492 	DATA 	TR 232 | TR1 116 | TR2 116
360.9997 	DATA 	Keypress: 1
361.0158 	DATA 	Key1 pressed
361.0158 	DATA 	Target detected
362.3157 	DATA 	Keypress: 5
362.3157 	DATA 	Waited 1.716568946838379 seconds for trigger
362.3165 	DATA 	
362.3165 	DATA 	Trial 9
362.3165 	DATA 	stimDur = 2.0
362.3165 	DATA 	jitter = 1.5705
362.3165 	DATA 	restDur = 22.0

362.3165 	DATA 	
362.3165 	DATA 	TR 233 | TR1 117 | TR2 116
363.8655 	DATA 	Keypress: 5
363.8656 	DATA 	TR 234 | TR1 117 | TR2 117
363.8988 	DATA 	
363.8988 	DATA 	stimulation started
363.8988 	DATA 	
365.4328 	DATA 	Keypress: 5
365.4489 	DATA 	TR 235 | TR1 118 | TR2 117
365.8987 	DATA 	
365.8987 	DATA 	stimulation stopped
365.8987 	DATA 	
366.9986 	DATA 	Keypress: 5
366.9986 	DATA 	TR 236 | TR1 118 | TR2 118
368.5651 	DATA 	Keypress: 5
368.5651 	DATA 	TR 237 | TR1 119 | TR2 118
370.1150 	DATA 	Keypress: 5
370.1150 	DATA 	TR 238 | TR1 119 | TR2 119
371.6815 	DATA 	Keypress: 5
371.6816 	DATA 	TR 239 | TR1 120 | TR2 119
373.2314 	DATA 	Keypress: 5
373.2314 	DATA 	TR 240 | TR1 120 | TR2 120
374.8145 	DATA 	Keypress: 5
374.8146 	DATA 	TR 241 | TR1 121 | TR2 120
376.3644 	DATA 	Keypress: 5
376.3645 	DATA 	TR 242 | TR1 121 | TR2 121
377.9309 	DATA 	Keypress: 5
377.9310 	DATA 	TR 243 | TR1 122 | TR2 121
379.4808 	DATA 	Keypress: 5
379.4808 	DATA 	TR 244 | TR1 122 | TR2 122
381.0640 	DATA 	Keypress: 5
381.0640 	DATA 	TR 245 | TR1 123 | TR2 122
382.6138 	DATA 	Keypress: 5
382.6139 	DATA 	TR 246 | TR1 123 | TR2 123
384.1803 	DATA 	Keypress: 5
384.1804 	DATA 	TR 247 | TR1 124 | TR2 123
385.7302 	DATA 	Keypress: 5
385.7303 	DATA 	TR 248 | TR1 124 | TR2 124
387.2967 	DATA 	Keypress: 5
387.2968 	DATA 	TR 249 | TR1 125 | TR2 124
387.8966 	DATA 	
387.8966 	DATA 	Trial complete
387.8966 	DATA 	Waiting for VASO trigger to start next trial
387.8966 	DATA 	
388.8472 	DATA 	Keypress: 5
388.8632 	DATA 	TR 250 | TR1 125 | TR2 125
390.4297 	DATA 	Keypress: 5
390.4298 	DATA 	Waited 2.533144950866699 seconds for trigger
390.4306 	DATA 	
390.4306 	DATA 	Trial 10
390.4306 	DATA 	stimDur = 4.0
390.4306 	DATA 	jitter = 0.0
390.4306 	DATA 	restDur = 24.0

390.4306 	DATA 	
390.4306 	DATA 	TR 251 | TR1 126 | TR2 125
390.4306 	DATA 	
390.4306 	DATA 	stimulation started
390.4306 	DATA 	
391.9797 	DATA 	Keypress: 5
391.9798 	DATA 	TR 252 | TR1 126 | TR2 126
393.5462 	DATA 	Keypress: 5
393.5462 	DATA 	TR 253 | TR1 127 | TR2 126
394.4461 	DATA 	
394.4461 	DATA 	stimulation stopped
394.4461 	DATA 	
395.0960 	DATA 	Keypress: 5
395.0960 	DATA 	TR 254 | TR1 127 | TR2 127
396.6792 	DATA 	Keypress: 5
396.6793 	DATA 	TR 255 | TR1 128 | TR2 127
398.2290 	DATA 	Keypress: 5
398.2291 	DATA 	TR 256 | TR1 128 | TR2 128
399.7955 	DATA 	Keypress: 5
399.7956 	DATA 	TR 257 | TR1 129 | TR2 128
401.3454 	DATA 	Keypress: 5
401.3455 	DATA 	TR 258 | TR1 129 | TR2 129
402.9120 	DATA 	Keypress: 5
402.9120 	DATA 	TR 259 | TR1 130 | TR2 129
404.4785 	DATA 	Keypress: 5
404.4785 	DATA 	TR 260 | TR1 130 | TR2 130
406.0452 	DATA 	Keypress: 5
406.0453 	DATA 	TR 261 | TR1 131 | TR2 130
407.5949 	DATA 	Keypress: 5
407.5949 	DATA 	TR 262 | TR1 131 | TR2 131
409.1614 	DATA 	Keypress: 5
409.1614 	DATA 	TR 263 | TR1 132 | TR2 131
410.7114 	DATA 	Keypress: 5
410.7114 	DATA 	TR 264 | TR1 132 | TR2 132
412.2944 	DATA 	Keypress: 5
412.2945 	DATA 	TR 265 | TR1 133 | TR2 132
413.8443 	DATA 	Keypress: 5
413.8444 	DATA 	TR 266 | TR1 133 | TR2 133
415.4108 	DATA 	Keypress: 5
415.4108 	DATA 	TR 267 | TR1 134 | TR2 133
416.9607 	DATA 	Keypress: 5
416.9608 	DATA 	TR 268 | TR1 134 | TR2 134
418.4438 	DATA 	
418.4438 	DATA 	Trial complete
418.4439 	DATA 	Waiting for VASO trigger to start next trial
418.4439 	DATA 	
418.5438 	DATA 	Keypress: 5
418.5439 	DATA 	Waited 0.1000359058380127 seconds for trigger
418.5447 	DATA 	
418.5447 	DATA 	Trial 11
418.5447 	DATA 	stimDur = 12.0
418.5447 	DATA 	jitter = 0.78525
418.5447 	DATA 	restDur = 30.0

418.5447 	DATA 	
418.5447 	DATA 	TR 269 | TR1 135 | TR2 134
419.3437 	DATA 	
419.3437 	DATA 	stimulation started
419.3437 	DATA 	
420.0938 	DATA 	Keypress: 5
420.0938 	DATA 	TR 270 | TR1 135 | TR2 135
421.6603 	DATA 	Keypress: 5
421.6603 	DATA 	TR 271 | TR1 136 | TR2 135
423.2102 	DATA 	Keypress: 5
423.2102 	DATA 	TR 272 | TR1 136 | TR2 136
424.7768 	DATA 	Keypress: 5
424.7769 	DATA 	TR 273 | TR1 137 | TR2 136
425.0768 	DATA 	Target presented
425.6600 	DATA 	Keypress: 1
425.6601 	DATA 	Key1 pressed
425.6601 	DATA 	Target detected
426.3272 	DATA 	Keypress: 5
426.3431 	DATA 	TR 274 | TR1 137 | TR2 137
427.9097 	DATA 	Keypress: 5
427.9097 	DATA 	TR 275 | TR1 138 | TR2 137
429.4596 	DATA 	Keypress: 5
429.4596 	DATA 	TR 276 | TR1 138 | TR2 138
431.0261 	DATA 	Keypress: 5
431.0261 	DATA 	TR 277 | TR1 139 | TR2 138
431.3427 	DATA 	
431.3427 	DATA 	stimulation stopped
431.3427 	DATA 	
432.5759 	DATA 	Keypress: 5
432.5760 	DATA 	TR 278 | TR1 139 | TR2 139
434.1592 	DATA 	Keypress: 5
434.1592 	DATA 	TR 279 | TR1 140 | TR2 139
435.7090 	DATA 	Keypress: 5
435.7090 	DATA 	TR 280 | TR1 140 | TR2 140
437.2755 	DATA 	Keypress: 5
437.2755 	DATA 	TR 281 | TR1 141 | TR2 140
438.8253 	DATA 	Keypress: 5
438.8254 	DATA 	TR 282 | TR1 141 | TR2 141
440.4085 	DATA 	Keypress: 5
440.4085 	DATA 	TR 283 | TR1 142 | TR2 141
441.9584 	DATA 	Keypress: 5
441.9585 	DATA 	TR 284 | TR1 142 | TR2 142
443.5250 	DATA 	Keypress: 5
443.5251 	DATA 	TR 285 | TR1 143 | TR2 142
445.0748 	DATA 	Keypress: 5
445.0749 	DATA 	TR 286 | TR1 143 | TR2 143
446.6413 	DATA 	Keypress: 5
446.6413 	DATA 	TR 287 | TR1 144 | TR2 143
448.1912 	DATA 	Keypress: 5
448.1912 	DATA 	TR 288 | TR1 144 | TR2 144
449.7743 	DATA 	Keypress: 5
449.7744 	DATA 	TR 289 | TR1 145 | TR2 144
451.3242 	DATA 	Keypress: 5
451.3243 	DATA 	TR 290 | TR1 145 | TR2 145
452.8907 	DATA 	Keypress: 5
452.8908 	DATA 	TR 291 | TR1 146 | TR2 145
454.4406 	DATA 	Keypress: 5
454.4407 	DATA 	TR 292 | TR1 146 | TR2 146
456.0238 	DATA 	Keypress: 5
456.0238 	DATA 	TR 293 | TR1 147 | TR2 146
457.5737 	DATA 	Keypress: 5
457.5737 	DATA 	TR 294 | TR1 147 | TR2 147
459.1401 	DATA 	Keypress: 5
459.1401 	DATA 	TR 295 | TR1 148 | TR2 147
460.6901 	DATA 	Keypress: 5
460.6901 	DATA 	TR 296 | TR1 148 | TR2 148
461.3400 	DATA 	
461.3400 	DATA 	Trial complete
461.3400 	DATA 	Waiting for VASO trigger to start next trial
461.3400 	DATA 	
462.2567 	DATA 	Keypress: 5
462.2568 	DATA 	Waited 0.9167759418487549 seconds for trigger
462.2575 	DATA 	
462.2576 	DATA 	Trial 12
462.2576 	DATA 	stimDur = 4.0
462.2576 	DATA 	jitter = 0.78525
462.2576 	DATA 	restDur = 24.0

462.2576 	DATA 	
462.2576 	DATA 	TR 297 | TR1 149 | TR2 148
463.0565 	DATA 	
463.0565 	DATA 	stimulation started
463.0565 	DATA 	
463.8232 	DATA 	Keypress: 5
463.8232 	DATA 	TR 298 | TR1 149 | TR2 149
465.3897 	DATA 	Keypress: 5
465.3897 	DATA 	TR 299 | TR1 150 | TR2 149
466.9396 	DATA 	Keypress: 5
466.9397 	DATA 	TR 300 | TR1 150 | TR2 150
467.0562 	DATA 	
467.0562 	DATA 	stimulation stopped
467.0562 	DATA 	
468.5060 	DATA 	Keypress: 5
468.5061 	DATA 	TR 301 | TR1 151 | TR2 150
470.0559 	DATA 	Keypress: 5
470.0559 	DATA 	TR 302 | TR1 151 | TR2 151
471.6391 	DATA 	Keypress: 5
471.6391 	DATA 	TR 303 | TR1 152 | TR2 151
473.1891 	DATA 	Keypress: 5
473.1892 	DATA 	TR 304 | TR1 152 | TR2 152
474.7556 	DATA 	Keypress: 5
474.7556 	DATA 	TR 305 | TR1 153 | TR2 152
476.3054 	DATA 	Keypress: 5
476.3054 	DATA 	TR 306 | TR1 153 | TR2 153
477.8885 	DATA 	Keypress: 5
477.8886 	DATA 	TR 307 | TR1 154 | TR2 153
478.8884 	DATA 	Target presented
479.3718 	DATA 	Keypress: 1
479.3718 	DATA 	Key1 pressed
479.3718 	DATA 	Target detected
479.4384 	DATA 	Keypress: 5
479.4384 	DATA 	TR 308 | TR1 154 | TR2 154
481.0049 	DATA 	Keypress: 5
481.0050 	DATA 	TR 309 | TR1 155 | TR2 154
482.5548 	DATA 	Keypress: 5
482.5549 	DATA 	TR 310 | TR1 155 | TR2 155
484.1213 	DATA 	Keypress: 5
484.1214 	DATA 	TR 311 | TR1 156 | TR2 155
485.6718 	DATA 	Keypress: 5
485.6878 	DATA 	TR 312 | TR1 156 | TR2 156
487.2544 	DATA 	Keypress: 5
487.2544 	DATA 	TR 313 | TR1 157 | TR2 156
488.8043 	DATA 	Keypress: 5
488.8043 	DATA 	TR 314 | TR1 157 | TR2 157
490.3708 	DATA 	Keypress: 5
490.3708 	DATA 	TR 315 | TR1 158 | TR2 157
491.0540 	DATA 	
491.0540 	DATA 	Trial complete
491.0540 	DATA 	Waiting for VASO trigger to start next trial
491.0540 	DATA 	
491.9207 	DATA 	Keypress: 5
491.9207 	DATA 	TR 316 | TR1 158 | TR2 158
493.5038 	DATA 	Keypress: 5
493.5039 	DATA 	Waited 2.449846029281616 seconds for trigger
493.5046 	DATA 	
493.5046 	DATA 	Trial 13
493.5047 	DATA 	stimDur = 2.0
493.5047 	DATA 	jitter = 2.35575
493.5047 	DATA 	restDur = 22.0

493.5047 	DATA 	
493.5047 	DATA 	TR 317 | TR1 159 | TR2 158
495.0537 	DATA 	Keypress: 5
495.0537 	DATA 	TR 318 | TR1 159 | TR2 159
495.8701 	DATA 	
495.8701 	DATA 	stimulation started
495.8701 	DATA 	
496.6203 	DATA 	Keypress: 5
496.6203 	DATA 	TR 319 | TR1 160 | TR2 159
497.8701 	DATA 	
497.8701 	DATA 	stimulation stopped
497.8701 	DATA 	
498.1701 	DATA 	Keypress: 5
498.1701 	DATA 	TR 320 | TR1 160 | TR2 160
499.7373 	DATA 	Keypress: 5
499.7532 	DATA 	TR 321 | TR1 161 | TR2 160
501.3032 	DATA 	Keypress: 5
501.3032 	DATA 	TR 322 | TR1 161 | TR2 161
502.8697 	DATA 	Keypress: 5
502.8697 	DATA 	TR 323 | TR1 162 | TR2 161
504.4196 	DATA 	Keypress: 5
504.4197 	DATA 	TR 324 | TR1 162 | TR2 162
505.9860 	DATA 	Keypress: 5
505.9861 	DATA 	TR 325 | TR1 163 | TR2 162
507.5359 	DATA 	Keypress: 5
507.5360 	DATA 	TR 326 | TR1 163 | TR2 163
509.1191 	DATA 	Keypress: 5
509.1191 	DATA 	TR 327 | TR1 164 | TR2 163
510.6690 	DATA 	Keypress: 5
510.6690 	DATA 	TR 328 | TR1 164 | TR2 164
512.2353 	DATA 	Keypress: 5
512.2353 	DATA 	TR 329 | TR1 165 | TR2 164
513.7854 	DATA 	Keypress: 5
513.7854 	DATA 	TR 330 | TR1 165 | TR2 165
515.3685 	DATA 	Keypress: 5
515.3686 	DATA 	TR 331 | TR1 166 | TR2 165
516.9184 	DATA 	Keypress: 5
516.9185 	DATA 	TR 332 | TR1 166 | TR2 166
518.4849 	DATA 	Keypress: 5
518.4850 	DATA 	TR 333 | TR1 167 | TR2 166
519.8681 	DATA 	
519.8681 	DATA 	Trial complete
519.8681 	DATA 	Waiting for VASO trigger to start next trial
519.8682 	DATA 	
520.0348 	DATA 	Keypress: 5
520.0349 	DATA 	TR 334 | TR1 167 | TR2 167
521.6013 	DATA 	Keypress: 5
521.6014 	DATA 	Waited 1.7332539558410645 seconds for trigger
521.6022 	DATA 	
521.6022 	DATA 	Trial 14
521.6022 	DATA 	stimDur = 1.0
521.6022 	DATA 	jitter = 1.5705
521.6022 	DATA 	restDur = 20.0

521.6022 	DATA 	
521.6022 	DATA 	TR 335 | TR1 168 | TR2 167
523.1679 	DATA 	Keypress: 5
523.1679 	DATA 	TR 336 | TR1 168 | TR2 168
523.1845 	DATA 	
523.1845 	DATA 	stimulation started
523.1845 	DATA 	
524.1845 	DATA 	
524.1845 	DATA 	stimulation stopped
524.1845 	DATA 	
524.7344 	DATA 	Keypress: 5
524.7344 	DATA 	TR 337 | TR1 169 | TR2 168
526.2843 	DATA 	Keypress: 5
526.2843 	DATA 	TR 338 | TR1 169 | TR2 169
527.8508 	DATA 	Keypress: 5
527.8508 	DATA 	TR 339 | TR1 170 | TR2 169
529.4007 	DATA 	Keypress: 5
529.4007 	DATA 	TR 340 | TR1 170 | TR2 170
530.9838 	DATA 	Keypress: 5
530.9839 	DATA 	TR 341 | TR1 171 | TR2 170
532.5337 	DATA 	Keypress: 5
532.5338 	DATA 	TR 342 | TR1 171 | TR2 171
534.1002 	DATA 	Keypress: 5
534.1003 	DATA 	TR 343 | TR1 172 | TR2 171
535.6503 	DATA 	Keypress: 5
535.6504 	DATA 	TR 344 | TR1 172 | TR2 172
537.2172 	DATA 	Keypress: 5
537.2332 	DATA 	TR 345 | TR1 173 | TR2 172
538.7832 	DATA 	Keypress: 5
538.7832 	DATA 	TR 346 | TR1 173 | TR2 173
540.3497 	DATA 	Keypress: 5
540.3497 	DATA 	TR 347 | TR1 174 | TR2 173
541.8995 	DATA 	Keypress: 5
541.8996 	DATA 	TR 348 | TR1 174 | TR2 174
543.4661 	DATA 	Keypress: 5
543.4661 	DATA 	TR 349 | TR1 175 | TR2 174
544.1826 	DATA 	
544.1826 	DATA 	Trial complete
544.1826 	DATA 	Waiting for VASO trigger to start next trial
544.1826 	DATA 	
545.0159 	DATA 	Keypress: 5
545.0160 	DATA 	TR 350 | TR1 175 | TR2 175
546.5991 	DATA 	Keypress: 5
546.5991 	DATA 	Waited 2.4164998531341553 seconds for trigger
546.5999 	DATA 	
546.5999 	DATA 	Trial 15
546.5999 	DATA 	stimDur = 24.0
546.5999 	DATA 	jitter = 0.0
546.5999 	DATA 	restDur = 40.0

546.5999 	DATA 	
546.5999 	DATA 	TR 351 | TR1 176 | TR2 175
546.6000 	DATA 	
546.6000 	DATA 	stimulation started
546.6000 	DATA 	
548.1490 	DATA 	Keypress: 5
548.1491 	DATA 	TR 352 | TR1 176 | TR2 176
549.7158 	DATA 	Keypress: 5
549.7159 	DATA 	TR 353 | TR1 177 | TR2 176
551.2654 	DATA 	Keypress: 5
551.2655 	DATA 	TR 354 | TR1 177 | TR2 177
552.8488 	DATA 	Keypress: 5
552.8489 	DATA 	TR 355 | TR1 178 | TR2 177
554.3985 	DATA 	Keypress: 5
554.3985 	DATA 	TR 356 | TR1 178 | TR2 178
554.7151 	DATA 	Target presented
555.3151 	DATA 	Keypress: 1
555.3151 	DATA 	Key1 pressed
555.3151 	DATA 	Target detected
555.9650 	DATA 	Keypress: 5
555.9651 	DATA 	TR 357 | TR1 179 | TR2 178
557.5149 	DATA 	Keypress: 5
557.5149 	DATA 	TR 358 | TR1 179 | TR2 179
559.0814 	DATA 	Keypress: 5
559.0815 	DATA 	TR 359 | TR1 180 | TR2 179
560.6322 	DATA 	Keypress: 5
560.6479 	DATA 	TR 360 | TR1 180 | TR2 180
562.2145 	DATA 	Keypress: 5
562.2146 	DATA 	TR 361 | TR1 181 | TR2 180
563.7643 	DATA 	Keypress: 5
563.7644 	DATA 	TR 362 | TR1 181 | TR2 181
565.3309 	DATA 	Keypress: 5
565.3309 	DATA 	TR 363 | TR1 182 | TR2 181
566.8807 	DATA 	Keypress: 5
566.8808 	DATA 	TR 364 | TR1 182 | TR2 182
568.4639 	DATA 	Keypress: 5
568.4640 	DATA 	TR 365 | TR1 183 | TR2 182
570.0137 	DATA 	Keypress: 5
570.0138 	DATA 	TR 366 | TR1 183 | TR2 183
570.6137 	DATA 	
570.6137 	DATA 	stimulation stopped
570.6137 	DATA 	
571.5802 	DATA 	Keypress: 5
571.5803 	DATA 	TR 367 | TR1 184 | TR2 183
573.1301 	DATA 	Keypress: 5
573.1301 	DATA 	TR 368 | TR1 184 | TR2 184
574.7133 	DATA 	Keypress: 5
574.7134 	DATA 	TR 369 | TR1 185 | TR2 184
576.2631 	DATA 	Keypress: 5
576.2632 	DATA 	TR 370 | TR1 185 | TR2 185
577.8297 	DATA 	Keypress: 5
577.8297 	DATA 	TR 371 | TR1 186 | TR2 185
579.3797 	DATA 	Keypress: 5
579.3797 	DATA 	TR 372 | TR1 186 | TR2 186
580.9461 	DATA 	Keypress: 5
580.9461 	DATA 	TR 373 | TR1 187 | TR2 186
582.4959 	DATA 	Keypress: 5
582.4960 	DATA 	TR 374 | TR1 187 | TR2 187
584.0791 	DATA 	Keypress: 5
584.0792 	DATA 	TR 375 | TR1 188 | TR2 187
585.6290 	DATA 	Keypress: 5
585.6290 	DATA 	TR 376 | TR1 188 | TR2 188
587.1955 	DATA 	Keypress: 5
587.1956 	DATA 	TR 377 | TR1 189 | TR2 188
588.7454 	DATA 	Keypress: 5
588.7454 	DATA 	TR 378 | TR1 189 | TR2 189
590.3286 	DATA 	Keypress: 5
590.3286 	DATA 	TR 379 | TR1 190 | TR2 189
591.8784 	DATA 	Keypress: 5
591.8785 	DATA 	TR 380 | TR1 190 | TR2 190
593.4451 	DATA 	Keypress: 5
593.4452 	DATA 	TR 381 | TR1 191 | TR2 190
594.9948 	DATA 	Keypress: 5
594.9948 	DATA 	TR 382 | TR1 191 | TR2 191
596.5614 	DATA 	Keypress: 5
596.5614 	DATA 	TR 383 | TR1 192 | TR2 191
598.1279 	DATA 	Keypress: 5
598.1279 	DATA 	TR 384 | TR1 192 | TR2 192
599.6944 	DATA 	Keypress: 5
599.6945 	DATA 	TR 385 | TR1 193 | TR2 192
601.2443 	DATA 	Keypress: 5
601.2443 	DATA 	TR 386 | TR1 193 | TR2 193
602.8108 	DATA 	Keypress: 5
602.8108 	DATA 	TR 387 | TR1 194 | TR2 193
604.3607 	DATA 	Keypress: 5
604.3607 	DATA 	TR 388 | TR1 194 | TR2 194
605.9438 	DATA 	Keypress: 5
605.9439 	DATA 	TR 389 | TR1 195 | TR2 194
607.4937 	DATA 	Keypress: 5
607.4937 	DATA 	TR 390 | TR1 195 | TR2 195
608.6436 	DATA 	Target presented
609.0602 	DATA 	Keypress: 5
609.0603 	DATA 	TR 391 | TR1 196 | TR2 195
609.4268 	DATA 	Keypress: 1
609.4269 	DATA 	Key1 pressed
609.4269 	DATA 	Target detected
610.6101 	DATA 	Keypress: 5
610.6101 	DATA 	TR 392 | TR1 196 | TR2 196
610.6101 	DATA 	
610.6101 	DATA 	Trial complete
610.6101 	DATA 	Waiting for VASO trigger to start next trial
610.6101 	DATA 	
612.1933 	DATA 	Keypress: 5
612.1934 	DATA 	Waited 1.5832109451293945 seconds for trigger
612.1941 	DATA 	
612.1941 	DATA 	Trial 16
612.1941 	DATA 	stimDur = 1.0
612.1941 	DATA 	jitter = 2.35575
612.1942 	DATA 	restDur = 20.0

612.1942 	DATA 	
612.1942 	DATA 	TR 393 | TR1 197 | TR2 196
613.7431 	DATA 	Keypress: 5
613.7432 	DATA 	TR 394 | TR1 197 | TR2 197
614.5597 	DATA 	
614.5597 	DATA 	stimulation started
614.5597 	DATA 	
615.3097 	DATA 	Keypress: 5
615.3098 	DATA 	TR 395 | TR1 198 | TR2 197
615.5597 	DATA 	
615.5597 	DATA 	stimulation stopped
615.5597 	DATA 	
616.8595 	DATA 	Keypress: 5
616.8596 	DATA 	TR 396 | TR1 198 | TR2 198
618.4261 	DATA 	Keypress: 5
618.4261 	DATA 	TR 397 | TR1 199 | TR2 198
619.9765 	DATA 	Keypress: 5
619.9925 	DATA 	TR 398 | TR1 199 | TR2 199
621.5592 	DATA 	Keypress: 5
621.5593 	DATA 	TR 399 | TR1 200 | TR2 199
623.1092 	DATA 	Keypress: 5
623.1092 	DATA 	TR 400 | TR1 200 | TR2 200
624.6755 	DATA 	Keypress: 5
624.6756 	DATA 	TR 401 | TR1 201 | TR2 200
626.2253 	DATA 	Keypress: 5
626.2254 	DATA 	TR 402 | TR1 201 | TR2 201
627.8087 	DATA 	Keypress: 5
627.8088 	DATA 	TR 403 | TR1 202 | TR2 201
629.3584 	DATA 	Keypress: 5
629.3584 	DATA 	TR 404 | TR1 202 | TR2 202
630.9250 	DATA 	Keypress: 5
630.9250 	DATA 	TR 405 | TR1 203 | TR2 202
632.4748 	DATA 	Keypress: 5
632.4749 	DATA 	TR 406 | TR1 203 | TR2 203
634.0413 	DATA 	Keypress: 5
634.0414 	DATA 	TR 407 | TR1 204 | TR2 203
635.5578 	DATA 	
635.5578 	DATA 	Trial complete
635.5578 	DATA 	Waiting for VASO trigger to start next trial
635.5578 	DATA 	
635.6078 	DATA 	Keypress: 5
635.6079 	DATA 	TR 408 | TR1 204 | TR2 204
637.1744 	DATA 	Keypress: 5
637.1745 	DATA 	Waited 1.6166110038757324 seconds for trigger
637.1752 	DATA 	
637.1752 	DATA 	Trial 17
637.1752 	DATA 	stimDur = 2.0
637.1753 	DATA 	jitter = 0.0
637.1753 	DATA 	restDur = 22.0

637.1753 	DATA 	
637.1753 	DATA 	TR 409 | TR1 205 | TR2 204
637.1753 	DATA 	
637.1753 	DATA 	stimulation started
637.1753 	DATA 	
638.7243 	DATA 	Keypress: 5
638.7244 	DATA 	TR 410 | TR1 205 | TR2 205
639.1909 	DATA 	
639.1909 	DATA 	stimulation stopped
639.1909 	DATA 	
640.2908 	DATA 	Keypress: 5
640.2908 	DATA 	TR 411 | TR1 206 | TR2 205
641.8406 	DATA 	Keypress: 5
641.8406 	DATA 	TR 412 | TR1 206 | TR2 206
643.4239 	DATA 	Keypress: 5
643.4239 	DATA 	TR 413 | TR1 207 | TR2 206
644.9737 	DATA 	Keypress: 5
644.9737 	DATA 	TR 414 | TR1 207 | TR2 207
646.5402 	DATA 	Keypress: 5
646.5403 	DATA 	TR 415 | TR1 208 | TR2 207
648.0901 	DATA 	Keypress: 5
648.0901 	DATA 	TR 416 | TR1 208 | TR2 208
649.6733 	DATA 	Keypress: 5
649.6733 	DATA 	TR 417 | TR1 209 | TR2 208
651.2231 	DATA 	Keypress: 5
651.2232 	DATA 	TR 418 | TR1 209 | TR2 209
652.7897 	DATA 	Keypress: 5
652.7897 	DATA 	TR 419 | TR1 210 | TR2 209
654.3395 	DATA 	Keypress: 5
654.3396 	DATA 	TR 420 | TR1 210 | TR2 210
655.9062 	DATA 	Keypress: 5
655.9063 	DATA 	TR 421 | TR1 211 | TR2 210
657.4725 	DATA 	Keypress: 5
657.4726 	DATA 	TR 422 | TR1 211 | TR2 211
659.0391 	DATA 	Keypress: 5
659.0392 	DATA 	TR 423 | TR1 212 | TR2 211
660.5889 	DATA 	Keypress: 5
660.5890 	DATA 	TR 424 | TR1 212 | TR2 212
661.1890 	DATA 	
661.1890 	DATA 	Trial complete
661.1890 	DATA 	Waiting for VASO trigger to start next trial
661.1890 	DATA 	
662.1556 	DATA 	Keypress: 5
662.1557 	DATA 	Waited 0.9666481018066406 seconds for trigger
662.1564 	DATA 	
662.1565 	DATA 	Trial 18
662.1565 	DATA 	stimDur = 1.0
662.1565 	DATA 	jitter = 0.0
662.1565 	DATA 	restDur = 20.0

662.1565 	DATA 	
662.1565 	DATA 	TR 425 | TR1 213 | TR2 212
662.1565 	DATA 	
662.1565 	DATA 	stimulation started
662.1565 	DATA 	
663.1721 	DATA 	
663.1721 	DATA 	stimulation stopped
663.1721 	DATA 	
663.7053 	DATA 	Keypress: 5
663.7054 	DATA 	TR 426 | TR1 213 | TR2 213
665.2886 	DATA 	Keypress: 5
665.2886 	DATA 	TR 427 | TR1 214 | TR2 213
666.8384 	DATA 	Keypress: 5
666.8385 	DATA 	TR 428 | TR1 214 | TR2 214
668.4050 	DATA 	Keypress: 5
668.4051 	DATA 	TR 429 | TR1 215 | TR2 214
668.7549 	DATA 	Target presented
669.2382 	DATA 	Keypress: 1
669.2382 	DATA 	Key1 pressed
669.2382 	DATA 	Target detected
669.9548 	DATA 	Keypress: 5
669.9548 	DATA 	TR 430 | TR1 215 | TR2 215
671.5219 	DATA 	Keypress: 5
671.5379 	DATA 	TR 431 | TR1 216 | TR2 215
673.0878 	DATA 	Keypress: 5
673.0879 	DATA 	TR 432 | TR1 216 | TR2 216
674.6544 	DATA 	Keypress: 5
674.6544 	DATA 	TR 433 | TR1 217 | TR2 216
676.2042 	DATA 	Keypress: 5
676.2043 	DATA 	TR 434 | TR1 217 | TR2 217
677.7708 	DATA 	Keypress: 5
677.7708 	DATA 	TR 435 | TR1 218 | TR2 217
679.3206 	DATA 	Keypress: 5
679.3206 	DATA 	TR 436 | TR1 218 | TR2 218
680.9039 	DATA 	Keypress: 5
680.9039 	DATA 	TR 437 | TR1 219 | TR2 218
682.4537 	DATA 	Keypress: 5
682.4537 	DATA 	TR 438 | TR1 219 | TR2 219
683.1702 	DATA 	
683.1702 	DATA 	Trial complete
683.1703 	DATA 	Waiting for VASO trigger to start next trial
683.1703 	DATA 	
684.0202 	DATA 	Keypress: 5
684.0203 	DATA 	Waited 0.8500039577484131 seconds for trigger
684.0210 	DATA 	
684.0210 	DATA 	Trial 19
684.0210 	DATA 	stimDur = 24.0
684.0211 	DATA 	jitter = 2.35575
684.0211 	DATA 	restDur = 40.0

684.0211 	DATA 	
684.0211 	DATA 	TR 439 | TR1 220 | TR2 219
685.5700 	DATA 	Keypress: 5
685.5701 	DATA 	TR 440 | TR1 220 | TR2 220
686.3866 	DATA 	
686.3866 	DATA 	stimulation started
686.3866 	DATA 	
687.1533 	DATA 	Keypress: 5
687.1534 	DATA 	TR 441 | TR1 221 | TR2 220
688.7032 	DATA 	Keypress: 5
688.7032 	DATA 	TR 442 | TR1 221 | TR2 221
690.2697 	DATA 	Keypress: 5
690.2698 	DATA 	TR 443 | TR1 222 | TR2 221
691.8195 	DATA 	Keypress: 5
691.8196 	DATA 	TR 444 | TR1 222 | TR2 222
693.3861 	DATA 	Keypress: 5
693.3861 	DATA 	TR 445 | TR1 223 | TR2 222
694.9366 	DATA 	Keypress: 5
694.9527 	DATA 	TR 446 | TR1 223 | TR2 223
696.5192 	DATA 	Keypress: 5
696.5192 	DATA 	TR 447 | TR1 224 | TR2 223
698.0690 	DATA 	Keypress: 5
698.0690 	DATA 	TR 448 | TR1 224 | TR2 224
699.6355 	DATA 	Keypress: 5
699.6356 	DATA 	TR 449 | TR1 225 | TR2 224
701.1854 	DATA 	Keypress: 5
701.1854 	DATA 	TR 450 | TR1 225 | TR2 225
702.7686 	DATA 	Keypress: 5
702.7686 	DATA 	TR 451 | TR1 226 | TR2 225
704.3184 	DATA 	Keypress: 5
704.3185 	DATA 	TR 452 | TR1 226 | TR2 226
705.8852 	DATA 	Keypress: 5
705.8852 	DATA 	TR 453 | TR1 227 | TR2 226
707.4348 	DATA 	Keypress: 5
707.4349 	DATA 	TR 454 | TR1 227 | TR2 227
709.0180 	DATA 	Keypress: 5
709.0181 	DATA 	TR 455 | TR1 228 | TR2 227
710.3845 	DATA 	
710.3845 	DATA 	stimulation stopped
710.3845 	DATA 	
710.5678 	DATA 	Keypress: 5
710.5679 	DATA 	TR 456 | TR1 228 | TR2 228
712.1344 	DATA 	Keypress: 5
712.1344 	DATA 	TR 457 | TR1 229 | TR2 228
713.6842 	DATA 	Keypress: 5
713.6842 	DATA 	TR 458 | TR1 229 | TR2 229
715.2507 	DATA 	Keypress: 5
715.2508 	DATA 	TR 459 | TR1 230 | TR2 229
715.4174 	DATA 	Target presented
715.9007 	DATA 	Keypress: 1
715.9007 	DATA 	Key1 pressed
715.9007 	DATA 	Target detected
716.8007 	DATA 	Keypress: 5
716.8008 	DATA 	TR 460 | TR1 230 | TR2 230
718.3838 	DATA 	Keypress: 5
718.3838 	DATA 	TR 461 | TR1 231 | TR2 230
719.9336 	DATA 	Keypress: 5
719.9337 	DATA 	TR 462 | TR1 231 | TR2 231
721.5002 	DATA 	Keypress: 5
721.5003 	DATA 	TR 463 | TR1 232 | TR2 231
723.0500 	DATA 	Keypress: 5
723.0501 	DATA 	TR 464 | TR1 232 | TR2 232
724.6332 	DATA 	Keypress: 5
724.6333 	DATA 	TR 465 | TR1 233 | TR2 232
726.1831 	DATA 	Keypress: 5
726.1831 	DATA 	TR 466 | TR1 233 | TR2 233
727.7496 	DATA 	Keypress: 5
727.7497 	DATA 	TR 467 | TR1 234 | TR2 233
729.2995 	DATA 	Keypress: 5
729.2995 	DATA 	TR 468 | TR1 234 | TR2 234
730.8666 	DATA 	Keypress: 5
730.8826 	DATA 	TR 469 | TR1 235 | TR2 234
732.4325 	DATA 	Keypress: 5
732.4326 	DATA 	TR 470 | TR1 235 | TR2 235
733.9990 	DATA 	Keypress: 5
733.9991 	DATA 	TR 471 | TR1 236 | TR2 235
735.5489 	DATA 	Keypress: 5
735.5489 	DATA 	TR 472 | TR1 236 | TR2 236
737.1154 	DATA 	Keypress: 5
737.1155 	DATA 	TR 473 | TR1 237 | TR2 236
738.6653 	DATA 	Keypress: 5
738.6653 	DATA 	TR 474 | TR1 237 | TR2 237
740.2485 	DATA 	Keypress: 5
740.2485 	DATA 	TR 475 | TR1 238 | TR2 237
741.7985 	DATA 	Keypress: 5
741.7985 	DATA 	TR 476 | TR1 238 | TR2 238
743.3650 	DATA 	Keypress: 5
743.3650 	DATA 	TR 477 | TR1 239 | TR2 238
744.9147 	DATA 	Keypress: 5
744.9148 	DATA 	TR 478 | TR1 239 | TR2 239
746.4979 	DATA 	Keypress: 5
746.4980 	DATA 	TR 479 | TR1 240 | TR2 239
748.0478 	DATA 	Keypress: 5
748.0479 	DATA 	TR 480 | TR1 240 | TR2 240
749.6143 	DATA 	Keypress: 5
749.6143 	DATA 	TR 481 | TR1 241 | TR2 240
750.3810 	DATA 	
750.3810 	DATA 	Trial complete
750.3810 	DATA 	
751.1642 	DATA 	Keypress: 5
751.1642 	DATA 	TR 482 | TR1 241 | TR2 241
752.7307 	DATA 	Keypress: 5
752.7308 	DATA 	Waited 69.56048798561096 seconds for trigger
752.7315 	DATA 	
752.7316 	DATA 	Trial 20
752.7316 	DATA 	stimDur = 12.0
752.7316 	DATA 	jitter = 1.5705
752.7316 	DATA 	restDur = 30.0

752.7316 	DATA 	
752.7316 	DATA 	TR 483 | TR1 242 | TR2 241
754.2812 	DATA 	Keypress: 5
754.2972 	DATA 	TR 484 | TR1 242 | TR2 242
754.3137 	DATA 	
754.3137 	DATA 	stimulation started
754.3137 	DATA 	
755.8638 	DATA 	Keypress: 5
755.8639 	DATA 	TR 485 | TR1 243 | TR2 242
757.4137 	DATA 	Keypress: 5
757.4137 	DATA 	TR 486 | TR1 243 | TR2 243
758.9802 	DATA 	Keypress: 5
758.9802 	DATA 	TR 487 | TR1 244 | TR2 243
760.5301 	DATA 	Keypress: 5
760.5301 	DATA 	TR 488 | TR1 244 | TR2 244
762.1133 	DATA 	Keypress: 5
762.1133 	DATA 	TR 489 | TR1 245 | TR2 244
763.6631 	DATA 	Keypress: 5
763.6632 	DATA 	TR 490 | TR1 245 | TR2 245
765.2296 	DATA 	Keypress: 5
765.2297 	DATA 	TR 491 | TR1 246 | TR2 245
766.3128 	DATA 	
766.3128 	DATA 	stimulation stopped
766.3128 	DATA 	
766.7795 	DATA 	Keypress: 5
766.7795 	DATA 	TR 492 | TR1 246 | TR2 246
768.3459 	DATA 	Keypress: 5
768.3460 	DATA 	TR 493 | TR1 247 | TR2 246
769.9125 	DATA 	Keypress: 5
769.9126 	DATA 	TR 494 | TR1 247 | TR2 247
771.4790 	DATA 	Keypress: 5
771.4791 	DATA 	TR 495 | TR1 248 | TR2 247
773.0290 	DATA 	Keypress: 5
773.0291 	DATA 	TR 496 | TR1 248 | TR2 248
774.5954 	DATA 	Keypress: 5
774.5955 	DATA 	TR 497 | TR1 249 | TR2 248
776.1453 	DATA 	Keypress: 5
776.1453 	DATA 	TR 498 | TR1 249 | TR2 249
777.7285 	DATA 	Keypress: 5
777.7285 	DATA 	TR 499 | TR1 250 | TR2 249
779.2783 	DATA 	Keypress: 5
779.2784 	DATA 	TR 500 | TR1 250 | TR2 250
780.8448 	DATA 	Keypress: 5
780.8449 	DATA 	TR 501 | TR1 251 | TR2 250
782.3947 	DATA 	Keypress: 5
782.3948 	DATA 	TR 502 | TR1 251 | TR2 251
783.9779 	DATA 	Keypress: 5
783.9779 	DATA 	TR 503 | TR1 252 | TR2 251
785.5277 	DATA 	Keypress: 5
785.5278 	DATA 	TR 504 | TR1 252 | TR2 252
787.0943 	DATA 	Keypress: 5
787.0943 	DATA 	TR 505 | TR1 253 | TR2 252
788.6441 	DATA 	Keypress: 5
788.6442 	DATA 	TR 506 | TR1 253 | TR2 253
790.2106 	DATA 	Keypress: 5
790.2107 	DATA 	TR 507 | TR1 254 | TR2 253
791.7611 	DATA 	Keypress: 5
791.7772 	DATA 	TR 508 | TR1 254 | TR2 254
793.3437 	DATA 	Keypress: 5
793.3438 	DATA 	TR 509 | TR1 255 | TR2 254
794.8936 	DATA 	Keypress: 5
794.8936 	DATA 	TR 510 | TR1 255 | TR2 255
796.3099 	DATA 	
796.3099 	DATA 	Trial complete
796.3099 	DATA 	
796.4601 	DATA 	Keypress: 5
796.4601 	DATA 	TR 511 | TR1 256 | TR2 255
798.0100 	DATA 	Keypress: 5
798.0100 	DATA 	TR 512 | TR1 256 | TR2 256
799.5931 	DATA 	Keypress: 5
799.5932 	DATA 	TR 513 | TR1 257 | TR2 256
801.1430 	DATA 	Keypress: 5
801.1431 	DATA 	TR 514 | TR1 257 | TR2 257
802.7095 	DATA 	Keypress: 5
802.7096 	DATA 	TR 515 | TR1 258 | TR2 257
804.2594 	DATA 	Keypress: 5
804.2595 	DATA 	TR 516 | TR1 258 | TR2 258
805.8265 	DATA 	Keypress: 5
805.8427 	DATA 	TR 517 | TR1 259 | TR2 258
807.3925 	DATA 	Keypress: 5
807.3925 	DATA 	TR 518 | TR1 259 | TR2 259
808.9590 	DATA 	Keypress: 5
808.9590 	DATA 	TR 519 | TR1 260 | TR2 259
810.5088 	DATA 	Keypress: 5
810.5089 	DATA 	TR 520 | TR1 260 | TR2 260
812.0754 	DATA 	Keypress: 5
812.0754 	DATA 	TR 521 | TR1 261 | TR2 260
813.6252 	DATA 	Keypress: 5
813.6252 	DATA 	TR 522 | TR1 261 | TR2 261
815.2085 	DATA 	Keypress: 5
815.2086 	DATA 	TR 523 | TR1 262 | TR2 261
816.7583 	DATA 	Keypress: 5
816.7583 	DATA 	TR 524 | TR1 262 | TR2 262
818.3250 	DATA 	Keypress: 5
818.3250 	DATA 	TR 525 | TR1 263 | TR2 262
819.8747 	DATA 	Keypress: 5
819.8747 	DATA 	TR 526 | TR1 263 | TR2 263
821.4578 	DATA 	Keypress: 5
821.4579 	DATA 	TR 527 | TR1 264 | TR2 263
823.0074 	DATA 	Keypress: 5
823.0075 	DATA 	TR 528 | TR1 264 | TR2 264
824.5742 	DATA 	Keypress: 5
824.5743 	DATA 	TR 529 | TR1 265 | TR2 264
826.1241 	DATA 	Keypress: 5
826.1241 	DATA 	TR 530 | TR1 265 | TR2 265
827.6906 	DATA 	Keypress: 5
827.6907 	DATA 	TR 531 | TR1 266 | TR2 265
829.2571 	DATA 	Keypress: 5
829.2572 	DATA 	TR 532 | TR1 266 | TR2 266
830.8238 	DATA 	Keypress: 5
830.8238 	DATA 	TR 533 | TR1 267 | TR2 266
832.3735 	DATA 	Keypress: 5
832.3736 	DATA 	TR 534 | TR1 267 | TR2 267
833.9400 	DATA 	Keypress: 5
833.9401 	DATA 	TR 535 | TR1 268 | TR2 267
835.4899 	DATA 	Keypress: 5
835.4899 	DATA 	TR 536 | TR1 268 | TR2 268
837.0731 	DATA 	Keypress: 5
837.0731 	DATA 	TR 537 | TR1 269 | TR2 268
838.6230 	DATA 	Keypress: 5
838.6230 	DATA 	TR 538 | TR1 269 | TR2 269
840.1895 	DATA 	Keypress: 5
840.1895 	DATA 	TR 539 | TR1 270 | TR2 269
841.7394 	DATA 	Keypress: 5
841.7394 	DATA 	TR 540 | TR1 270 | TR2 270
843.3225 	DATA 	Keypress: 5
843.3226 	DATA 	TR 541 | TR1 271 | TR2 270
844.8724 	DATA 	Keypress: 5
844.8725 	DATA 	TR 542 | TR1 271 | TR2 271
846.4389 	DATA 	Keypress: 5
846.4390 	DATA 	TR 543 | TR1 272 | TR2 271
847.9888 	DATA 	Keypress: 5
847.9889 	DATA 	TR 544 | TR1 272 | TR2 272
849.5554 	DATA 	Keypress: 5
849.5555 	DATA 	TR 545 | TR1 273 | TR2 272
851.1052 	DATA 	Keypress: 5
851.1053 	DATA 	TR 546 | TR1 273 | TR2 273
852.6884 	DATA 	Keypress: 5
852.6884 	DATA 	TR 547 | TR1 274 | TR2 273
854.2382 	DATA 	Keypress: 5
854.2383 	DATA 	TR 548 | TR1 274 | TR2 274
855.8048 	DATA 	Keypress: 5
855.8049 	DATA 	TR 549 | TR1 275 | TR2 274
857.3546 	DATA 	Keypress: 5
857.3547 	DATA 	TR 550 | TR1 275 | TR2 275
858.9378 	DATA 	Keypress: 5
858.9378 	DATA 	TR 551 | TR1 276 | TR2 275
860.4877 	DATA 	Keypress: 5
860.4877 	DATA 	TR 552 | TR1 276 | TR2 276
862.0541 	DATA 	Keypress: 5
862.0542 	DATA 	TR 553 | TR1 277 | TR2 276
863.6042 	DATA 	Keypress: 5
863.6042 	DATA 	TR 554 | TR1 277 | TR2 277
864.3207 	DATA 	EndOfRun sub-08_ses-05_run-03

864.3207 	DATA 	We spent 93.75607562065125 seconds waiting for triggers
864.3207 	DATA 	RatioOfDetectedTargets 1.0
864.3207 	DATA 	You have detected 12 out of 12 targets.
869.1430 	DATA 	Keypress: 5
869.1432 	DATA 	Keypress: 5
869.3505 	EXP 	window1: mouseVisible = True
