MonitorDistance=99cm
MonitorWidth=30cm
PixelWidth=1024.0
PixelHeight=768.0
You have detected 12 out of 12 targets.
Excellent! Keep up the good work
7.7592 	INFO 	Loaded monitor calibration from ['2021_05_26 17:55']
8.2732 	EXP 	Created window1 = Window(allowGUI=False, allowStencil=False, autoLog=True, backendConf=UNKNOWN, bitsMode=UNKNOWN, blendMode='avg', bpc=(8, 8, 8), color=array([-0.5, -0.5, -0.5]), colorSpace='rgb', depthBits=8, fullscr=<method-wrapper '__getattribute__' of attributeSetter object at 0x7f8c6e811390>, gamma=None, gammaErrorPolicy='raise', lms=UNKNOWN, monitor=<psychopy.monitors.calibTools.Monitor object at 0x7f8c64630fd0>, multiSample=False, name='window1', numSamples=2, pos=[0.0, 0.0], screen=0, size=array([1024,  768]), stencilBits=0, stereo=False, units='deg', useFBO=False, useRetina=False, viewOri=0.0, viewPos=None, viewScale=None, waitBlanking=True, winType='pyglet')
8.2733 	EXP 	window1: mouseVisible = True
8.3693 	EXP 	Created unnamed TextStim = TextStim(__class__=<class 'psychopy.visual.text.TextStim'>, alignHoriz=method-wrapper(...), alignText='center', alignVert=method-wrapper(...), anchorHoriz='center', anchorVert='center', antialias=True, autoLog=True, bold=False, color=array([1., 1., 1.]), colorSpace='rgb', contrast=1.0, depth=0, flipHoriz=False, flipVert=False, font='', fontFiles=[], height=0.5, italic=False, languageStyle='LTR', name='unnamed TextStim', opacity=1.0, ori=0.0, pos=array([0., 0.]), rgb=UNKNOWN, text=str(...), units='deg', win=Window(...), wrapWidth=15.0)
8.4040 	EXP 	Created Movie Frame 0 = ImageStim(__class__=<class 'psychopy.visual.image.ImageStim'>, autoLog=True, color=array([0.8, 0.8, 0.8]), colorSpace='rgb', contrast=0.8, depth=0, flipHoriz=False, flipVert=False, image='visual_0.png', interpolate=False, mask=None, maskParams=None, name='Movie Frame 0', opacity=1, ori=0.0, pos=array([0., 0.]), size=array([1024,  768]), texRes=128, units='pix', win=Window(...))
8.4309 	EXP 	Created Movie Frame 1 = ImageStim(__class__=<class 'psychopy.visual.image.ImageStim'>, autoLog=True, color=array([0.8, 0.8, 0.8]), colorSpace='rgb', contrast=0.8, depth=0, flipHoriz=False, flipVert=False, image='visual_1.png', interpolate=False, mask=None, maskParams=None, name='Movie Frame 1', opacity=1, ori=0.0, pos=array([0., 0.]), size=array([1024,  768]), texRes=128, units='pix', win=Window(...))
34.4974 	DATA 	Keypress: 5
0.0000 	DATA 	StartOfRun sub-08_ses-05_run-01
0.0000 	DATA 	TR 1 | TR1 1 | TR2 0
0.0030 	DATA 	Initial baseline

1.5506 	DATA 	Keypress: 5
1.5506 	DATA 	TR 2 | TR1 1 | TR2 1
3.1227 	DATA 	Keypress: 5
3.1228 	DATA 	TR 3 | TR1 2 | TR2 1
4.6740 	DATA 	Keypress: 5
4.6740 	DATA 	TR 4 | TR1 2 | TR2 2
6.2460 	DATA 	Keypress: 5
6.2460 	DATA 	TR 5 | TR1 3 | TR2 2
7.7973 	DATA 	Keypress: 5
7.7974 	DATA 	TR 6 | TR1 3 | TR2 3
9.3695 	DATA 	Keypress: 5
9.3695 	DATA 	TR 7 | TR1 4 | TR2 3
10.9207 	DATA 	Keypress: 5
10.9207 	DATA 	TR 8 | TR1 4 | TR2 4
12.4929 	DATA 	Keypress: 5
12.4929 	DATA 	TR 9 | TR1 5 | TR2 4
14.0441 	DATA 	Keypress: 5
14.0441 	DATA 	TR 10 | TR1 5 | TR2 5
15.6163 	DATA 	Keypress: 5
15.6163 	DATA 	TR 11 | TR1 6 | TR2 5
17.1675 	DATA 	Keypress: 5
17.1675 	DATA 	TR 12 | TR1 6 | TR2 6
18.7396 	DATA 	Keypress: 5
18.7397 	DATA 	TR 13 | TR1 7 | TR2 6
20.2907 	DATA 	Keypress: 5
20.2907 	DATA 	TR 14 | TR1 7 | TR2 7
21.8629 	DATA 	Keypress: 5
21.8629 	DATA 	TR 15 | TR1 8 | TR2 7
23.4143 	DATA 	Keypress: 5
23.4143 	DATA 	TR 16 | TR1 8 | TR2 8
24.9864 	DATA 	Keypress: 5
24.9865 	DATA 	TR 17 | TR1 9 | TR2 8
26.5376 	DATA 	Keypress: 5
26.5376 	DATA 	TR 18 | TR1 9 | TR2 9
28.1098 	DATA 	Keypress: 5
28.1098 	DATA 	TR 19 | TR1 10 | TR2 9
29.6610 	DATA 	Keypress: 5
29.6610 	DATA 	TR 20 | TR1 10 | TR2 10
31.2342 	DATA 	Keypress: 5
31.2343 	DATA 	Waited 1.2342331409454346 seconds for trigger
31.2391 	DATA 	
31.2392 	DATA 	Trial 1
31.2392 	DATA 	stimDur = 4.0
31.2392 	DATA 	jitter = 1.5705
31.2392 	DATA 	restDur = 24.0

31.2392 	DATA 	
31.2392 	DATA 	TR 21 | TR1 11 | TR2 10
32.7846 	DATA 	Keypress: 5
32.8006 	DATA 	TR 22 | TR1 11 | TR2 11
32.8173 	DATA 	
32.8173 	DATA 	stimulation started
32.8174 	DATA 	
34.3672 	DATA 	Keypress: 5
34.3673 	DATA 	TR 23 | TR1 12 | TR2 11
35.9171 	DATA 	Keypress: 5
35.9172 	DATA 	TR 24 | TR1 12 | TR2 12
36.8170 	DATA 	
36.8170 	DATA 	stimulation stopped
36.8170 	DATA 	
37.4836 	DATA 	Keypress: 5
37.4836 	DATA 	TR 25 | TR1 13 | TR2 12
39.0335 	DATA 	Keypress: 5
39.0335 	DATA 	TR 26 | TR1 13 | TR2 13
40.6166 	DATA 	Keypress: 5
40.6167 	DATA 	TR 27 | TR1 14 | TR2 13
42.1665 	DATA 	Keypress: 5
42.1665 	DATA 	TR 28 | TR1 14 | TR2 14
43.7330 	DATA 	Keypress: 5
43.7330 	DATA 	TR 29 | TR1 15 | TR2 14
45.2829 	DATA 	Keypress: 5
45.2829 	DATA 	TR 30 | TR1 15 | TR2 15
46.8660 	DATA 	Keypress: 5
46.8661 	DATA 	TR 31 | TR1 16 | TR2 15
48.4159 	DATA 	Keypress: 5
48.4160 	DATA 	TR 32 | TR1 16 | TR2 16
49.9824 	DATA 	Keypress: 5
49.9825 	DATA 	TR 33 | TR1 17 | TR2 16
51.5323 	DATA 	Keypress: 5
51.5324 	DATA 	TR 34 | TR1 17 | TR2 17
53.0988 	DATA 	Keypress: 5
53.0989 	DATA 	TR 35 | TR1 18 | TR2 17
54.6487 	DATA 	Keypress: 5
54.6488 	DATA 	TR 36 | TR1 18 | TR2 18
56.2318 	DATA 	Keypress: 5
56.2319 	DATA 	TR 37 | TR1 19 | TR2 18
57.7817 	DATA 	Keypress: 5
57.7818 	DATA 	TR 38 | TR1 19 | TR2 19
59.3482 	DATA 	Keypress: 5
59.3483 	DATA 	TR 39 | TR1 20 | TR2 19
60.8148 	DATA 	
60.8148 	DATA 	Trial complete
60.8148 	DATA 	Waiting for VASO trigger to start next trial
60.8148 	DATA 	
60.8981 	DATA 	Keypress: 5
60.8982 	DATA 	TR 40 | TR1 20 | TR2 20
62.4814 	DATA 	Keypress: 5
62.4815 	DATA 	Waited 1.6666350364685059 seconds for trigger
62.4822 	DATA 	
62.4822 	DATA 	Trial 2
62.4822 	DATA 	stimDur = 12.0
62.4822 	DATA 	jitter = 2.35575
62.4822 	DATA 	restDur = 30.0

62.4822 	DATA 	
62.4822 	DATA 	TR 41 | TR1 21 | TR2 20
64.0312 	DATA 	Keypress: 5
64.0312 	DATA 	TR 42 | TR1 21 | TR2 21
64.8477 	DATA 	
64.8477 	DATA 	stimulation started
64.8477 	DATA 	
65.5977 	DATA 	Keypress: 5
65.5978 	DATA 	TR 43 | TR1 22 | TR2 21
67.1476 	DATA 	Keypress: 5
67.1476 	DATA 	TR 44 | TR1 22 | TR2 22
68.7141 	DATA 	Keypress: 5
68.7142 	DATA 	TR 45 | TR1 23 | TR2 22
70.2806 	DATA 	Keypress: 5
70.2807 	DATA 	TR 46 | TR1 23 | TR2 23
71.8472 	DATA 	Keypress: 5
71.8472 	DATA 	TR 47 | TR1 24 | TR2 23
73.3970 	DATA 	Keypress: 5
73.3970 	DATA 	TR 48 | TR1 24 | TR2 24
74.5636 	DATA 	Target presented
74.9635 	DATA 	Keypress: 5
74.9636 	DATA 	TR 49 | TR1 25 | TR2 24
75.2135 	DATA 	Keypress: 1
75.2135 	DATA 	Key1 pressed
75.2136 	DATA 	Target detected
76.5134 	DATA 	Keypress: 5
76.5135 	DATA 	TR 50 | TR1 25 | TR2 25
76.8466 	DATA 	
76.8467 	DATA 	stimulation stopped
76.8467 	DATA 	
78.0965 	DATA 	Keypress: 5
78.0966 	DATA 	TR 51 | TR1 26 | TR2 25
79.6464 	DATA 	Keypress: 5
79.6464 	DATA 	TR 52 | TR1 26 | TR2 26
81.2129 	DATA 	Keypress: 5
81.2130 	DATA 	TR 53 | TR1 27 | TR2 26
82.7627 	DATA 	Keypress: 5
82.7628 	DATA 	TR 54 | TR1 27 | TR2 27
84.3300 	DATA 	Keypress: 5
84.3459 	DATA 	TR 55 | TR1 28 | TR2 27
85.8958 	DATA 	Keypress: 5
85.8958 	DATA 	TR 56 | TR1 28 | TR2 28
87.4625 	DATA 	Keypress: 5
87.4625 	DATA 	TR 57 | TR1 29 | TR2 28
89.0121 	DATA 	Keypress: 5
89.0122 	DATA 	TR 58 | TR1 29 | TR2 29
90.5787 	DATA 	Keypress: 5
90.5787 	DATA 	TR 59 | TR1 30 | TR2 29
92.1291 	DATA 	Keypress: 5
92.1452 	DATA 	TR 60 | TR1 30 | TR2 30
93.7118 	DATA 	Keypress: 5
93.7118 	DATA 	TR 61 | TR1 31 | TR2 30
95.2616 	DATA 	Keypress: 5
95.2616 	DATA 	TR 62 | TR1 31 | TR2 31
96.8281 	DATA 	Keypress: 5
96.8282 	DATA 	TR 63 | TR1 32 | TR2 31
98.3780 	DATA 	Keypress: 5
98.3780 	DATA 	TR 64 | TR1 32 | TR2 32
99.9613 	DATA 	Keypress: 5
99.9613 	DATA 	TR 65 | TR1 33 | TR2 32
101.5110 	DATA 	Keypress: 5
101.5111 	DATA 	TR 66 | TR1 33 | TR2 33
103.0776 	DATA 	Keypress: 5
103.0776 	DATA 	TR 67 | TR1 34 | TR2 33
104.6274 	DATA 	Keypress: 5
104.6274 	DATA 	TR 68 | TR1 34 | TR2 34
106.1940 	DATA 	Keypress: 5
106.1940 	DATA 	TR 69 | TR1 35 | TR2 34
106.8438 	DATA 	
106.8438 	DATA 	Trial complete
106.8439 	DATA 	Waiting for VASO trigger to start next trial
106.8439 	DATA 	
107.7604 	DATA 	Keypress: 5
107.7605 	DATA 	TR 70 | TR1 35 | TR2 35
109.3270 	DATA 	Keypress: 5
109.3270 	DATA 	Waited 2.4831838607788086 seconds for trigger
109.3278 	DATA 	
109.3278 	DATA 	Trial 3
109.3278 	DATA 	stimDur = 24.0
109.3278 	DATA 	jitter = 0.78525
109.3278 	DATA 	restDur = 40.0

109.3278 	DATA 	
109.3278 	DATA 	TR 71 | TR1 36 | TR2 35
110.1269 	DATA 	
110.1269 	DATA 	stimulation started
110.1269 	DATA 	
110.8769 	DATA 	Keypress: 5
110.8769 	DATA 	TR 72 | TR1 36 | TR2 36
112.4434 	DATA 	Keypress: 5
112.4435 	DATA 	TR 73 | TR1 37 | TR2 36
113.9933 	DATA 	Keypress: 5
113.9933 	DATA 	TR 74 | TR1 37 | TR2 37
115.5765 	DATA 	Keypress: 5
115.5766 	DATA 	TR 75 | TR1 38 | TR2 37
116.6097 	DATA 	Target presented
117.1265 	DATA 	Keypress: 5
117.1265 	DATA 	TR 76 | TR1 38 | TR2 38
117.4763 	DATA 	Keypress: 1
117.4763 	DATA 	Key1 pressed
117.4763 	DATA 	Target detected
118.6929 	DATA 	Keypress: 5
118.6929 	DATA 	TR 77 | TR1 39 | TR2 38
120.2427 	DATA 	Keypress: 5
120.2427 	DATA 	TR 78 | TR1 39 | TR2 39
121.8259 	DATA 	Keypress: 5
121.8259 	DATA 	TR 79 | TR1 40 | TR2 39
123.3757 	DATA 	Keypress: 5
123.3758 	DATA 	TR 80 | TR1 40 | TR2 40
124.9423 	DATA 	Keypress: 5
124.9423 	DATA 	TR 81 | TR1 41 | TR2 40
126.4921 	DATA 	Keypress: 5
126.4922 	DATA 	TR 82 | TR1 41 | TR2 41
128.0587 	DATA 	Keypress: 5
128.0587 	DATA 	TR 83 | TR1 42 | TR2 41
129.6085 	DATA 	Keypress: 5
129.6085 	DATA 	TR 84 | TR1 42 | TR2 42
131.1917 	DATA 	Keypress: 5
131.1918 	DATA 	TR 85 | TR1 43 | TR2 42
132.7416 	DATA 	Keypress: 5
132.7416 	DATA 	TR 86 | TR1 43 | TR2 43
134.1247 	DATA 	
134.1247 	DATA 	stimulation stopped
134.1247 	DATA 	
134.3080 	DATA 	Keypress: 5
134.3081 	DATA 	TR 87 | TR1 44 | TR2 43
135.8579 	DATA 	Keypress: 5
135.8579 	DATA 	TR 88 | TR1 44 | TR2 44
137.4412 	DATA 	Keypress: 5
137.4412 	DATA 	TR 89 | TR1 45 | TR2 44
138.9909 	DATA 	Keypress: 5
138.9910 	DATA 	TR 90 | TR1 45 | TR2 45
140.5575 	DATA 	Keypress: 5
140.5575 	DATA 	TR 91 | TR1 46 | TR2 45
142.1073 	DATA 	Keypress: 5
142.1073 	DATA 	TR 92 | TR1 46 | TR2 46
143.6744 	DATA 	Keypress: 5
143.6904 	DATA 	TR 93 | TR1 47 | TR2 46
145.2403 	DATA 	Keypress: 5
145.2404 	DATA 	TR 94 | TR1 47 | TR2 47
146.8069 	DATA 	Keypress: 5
146.8069 	DATA 	TR 95 | TR1 48 | TR2 47
148.3567 	DATA 	Keypress: 5
148.3568 	DATA 	TR 96 | TR1 48 | TR2 48
149.9233 	DATA 	Keypress: 5
149.9233 	DATA 	TR 97 | TR1 49 | TR2 48
151.4731 	DATA 	Keypress: 5
151.4731 	DATA 	TR 98 | TR1 49 | TR2 49
153.0563 	DATA 	Keypress: 5
153.0564 	DATA 	TR 99 | TR1 50 | TR2 49
154.6062 	DATA 	Keypress: 5
154.6062 	DATA 	TR 100 | TR1 50 | TR2 50
156.1727 	DATA 	Keypress: 5
156.1727 	DATA 	TR 101 | TR1 51 | TR2 50
157.7225 	DATA 	Keypress: 5
157.7226 	DATA 	TR 102 | TR1 51 | TR2 51
159.3058 	DATA 	Keypress: 5
159.3058 	DATA 	TR 103 | TR1 52 | TR2 51
160.8556 	DATA 	Keypress: 5
160.8556 	DATA 	TR 104 | TR1 52 | TR2 52
162.4221 	DATA 	Keypress: 5
162.4222 	DATA 	TR 105 | TR1 53 | TR2 52
163.9720 	DATA 	Keypress: 5
163.9720 	DATA 	TR 106 | TR1 53 | TR2 53
165.5385 	DATA 	Keypress: 5
165.5385 	DATA 	TR 107 | TR1 54 | TR2 53
165.8384 	DATA 	Target presented
166.4217 	DATA 	Keypress: 1
166.4218 	DATA 	Key1 pressed
166.4218 	DATA 	Target detected
167.0890 	DATA 	Keypress: 5
167.1050 	DATA 	TR 108 | TR1 54 | TR2 54
168.6715 	DATA 	Keypress: 5
168.6716 	DATA 	TR 109 | TR1 55 | TR2 54
170.2214 	DATA 	Keypress: 5
170.2214 	DATA 	TR 110 | TR1 55 | TR2 55
171.7880 	DATA 	Keypress: 5
171.7880 	DATA 	TR 111 | TR1 56 | TR2 55
173.3377 	DATA 	Keypress: 5
173.3378 	DATA 	TR 112 | TR1 56 | TR2 56
174.1210 	DATA 	
174.1210 	DATA 	Trial complete
174.1210 	DATA 	Waiting for VASO trigger to start next trial
174.1210 	DATA 	
174.9208 	DATA 	Keypress: 5
174.9209 	DATA 	Waited 0.7998638153076172 seconds for trigger
174.9216 	DATA 	
174.9216 	DATA 	Trial 4
174.9217 	DATA 	stimDur = 24.0
174.9217 	DATA 	jitter = 1.5705
174.9217 	DATA 	restDur = 40.0

174.9217 	DATA 	
174.9217 	DATA 	TR 113 | TR1 57 | TR2 56
176.4708 	DATA 	Keypress: 5
176.4709 	DATA 	TR 114 | TR1 57 | TR2 57
176.5041 	DATA 	
176.5041 	DATA 	stimulation started
176.5041 	DATA 	
178.0374 	DATA 	Keypress: 5
178.0375 	DATA 	TR 115 | TR1 58 | TR2 57
179.5874 	DATA 	Keypress: 5
179.5874 	DATA 	TR 116 | TR1 58 | TR2 58
181.1705 	DATA 	Keypress: 5
181.1705 	DATA 	TR 117 | TR1 59 | TR2 58
182.7203 	DATA 	Keypress: 5
182.7203 	DATA 	TR 118 | TR1 59 | TR2 59
184.2869 	DATA 	Keypress: 5
184.2869 	DATA 	TR 119 | TR1 60 | TR2 59
185.8367 	DATA 	Keypress: 5
185.8367 	DATA 	TR 120 | TR1 60 | TR2 60
187.4032 	DATA 	Keypress: 5
187.4033 	DATA 	TR 121 | TR1 61 | TR2 60
188.9530 	DATA 	Keypress: 5
188.9531 	DATA 	TR 122 | TR1 61 | TR2 61
190.5363 	DATA 	Keypress: 5
190.5363 	DATA 	TR 123 | TR1 62 | TR2 61
192.0861 	DATA 	Keypress: 5
192.0861 	DATA 	TR 124 | TR1 62 | TR2 62
193.6526 	DATA 	Keypress: 5
193.6527 	DATA 	TR 125 | TR1 63 | TR2 62
195.2025 	DATA 	Keypress: 5
195.2025 	DATA 	TR 126 | TR1 63 | TR2 63
196.7857 	DATA 	Keypress: 5
196.7857 	DATA 	TR 127 | TR1 64 | TR2 63
198.3355 	DATA 	Keypress: 5
198.3356 	DATA 	TR 128 | TR1 64 | TR2 64
199.9021 	DATA 	Keypress: 5
199.9021 	DATA 	TR 129 | TR1 65 | TR2 64
200.5019 	DATA 	
200.5019 	DATA 	stimulation stopped
200.5019 	DATA 	
201.4517 	DATA 	Keypress: 5
201.4518 	DATA 	TR 130 | TR1 65 | TR2 65
203.0184 	DATA 	Keypress: 5
203.0184 	DATA 	TR 131 | TR1 66 | TR2 65
204.5849 	DATA 	Keypress: 5
204.5849 	DATA 	TR 132 | TR1 66 | TR2 66
206.1514 	DATA 	Keypress: 5
206.1515 	DATA 	TR 133 | TR1 67 | TR2 66
207.7013 	DATA 	Keypress: 5
207.7013 	DATA 	TR 134 | TR1 67 | TR2 67
209.2678 	DATA 	Keypress: 5
209.2678 	DATA 	TR 135 | TR1 68 | TR2 67
210.8178 	DATA 	Keypress: 5
210.8178 	DATA 	TR 136 | TR1 68 | TR2 68
212.4009 	DATA 	Keypress: 5
212.4009 	DATA 	TR 137 | TR1 69 | TR2 68
213.9507 	DATA 	Keypress: 5
213.9507 	DATA 	TR 138 | TR1 69 | TR2 69
215.5172 	DATA 	Keypress: 5
215.5173 	DATA 	TR 139 | TR1 70 | TR2 69
217.0671 	DATA 	Keypress: 5
217.0671 	DATA 	TR 140 | TR1 70 | TR2 70
217.3337 	DATA 	Target presented
217.8837 	DATA 	Keypress: 1
217.8838 	DATA 	Key1 pressed
217.8838 	DATA 	Target detected
218.6342 	DATA 	Keypress: 5
218.6502 	DATA 	TR 141 | TR1 71 | TR2 70
220.2001 	DATA 	Keypress: 5
220.2002 	DATA 	TR 142 | TR1 71 | TR2 71
221.7667 	DATA 	Keypress: 5
221.7667 	DATA 	TR 143 | TR1 72 | TR2 71
223.3165 	DATA 	Keypress: 5
223.3165 	DATA 	TR 144 | TR1 72 | TR2 72
224.8831 	DATA 	Keypress: 5
224.8831 	DATA 	TR 145 | TR1 73 | TR2 72
226.4335 	DATA 	Keypress: 5
226.4495 	DATA 	TR 146 | TR1 73 | TR2 73
228.0161 	DATA 	Keypress: 5
228.0162 	DATA 	TR 147 | TR1 74 | TR2 73
229.5659 	DATA 	Keypress: 5
229.5660 	DATA 	TR 148 | TR1 74 | TR2 74
231.1325 	DATA 	Keypress: 5
231.1325 	DATA 	TR 149 | TR1 75 | TR2 74
232.6823 	DATA 	Keypress: 5
232.6823 	DATA 	TR 150 | TR1 75 | TR2 75
234.2655 	DATA 	Keypress: 5
234.2656 	DATA 	TR 151 | TR1 76 | TR2 75
235.8153 	DATA 	Keypress: 5
235.8154 	DATA 	TR 152 | TR1 76 | TR2 76
237.3819 	DATA 	Keypress: 5
237.3819 	DATA 	TR 153 | TR1 77 | TR2 76
238.9317 	DATA 	Keypress: 5
238.9318 	DATA 	TR 154 | TR1 77 | TR2 77
240.4984 	DATA 	Keypress: 5
240.4984 	DATA 	TR 155 | TR1 78 | TR2 77
240.4985 	DATA 	
240.4985 	DATA 	Trial complete
240.4985 	DATA 	Waiting for VASO trigger to start next trial
240.4985 	DATA 	
242.0648 	DATA 	Keypress: 5
242.0649 	DATA 	TR 156 | TR1 78 | TR2 78
243.6313 	DATA 	Keypress: 5
243.6314 	DATA 	Waited 3.1329169273376465 seconds for trigger
243.6322 	DATA 	
243.6322 	DATA 	Trial 5
243.6322 	DATA 	stimDur = 1.0
243.6322 	DATA 	jitter = 0.78525
243.6322 	DATA 	restDur = 20.0

243.6322 	DATA 	
243.6322 	DATA 	TR 157 | TR1 79 | TR2 78
244.4312 	DATA 	
244.4312 	DATA 	stimulation started
244.4312 	DATA 	
245.1812 	DATA 	Keypress: 5
245.1813 	DATA 	TR 158 | TR1 79 | TR2 79
245.4311 	DATA 	
245.4311 	DATA 	stimulation stopped
245.4312 	DATA 	
246.7477 	DATA 	Keypress: 5
246.7478 	DATA 	TR 159 | TR1 80 | TR2 79
248.2975 	DATA 	Keypress: 5
248.2976 	DATA 	TR 160 | TR1 80 | TR2 80
249.8808 	DATA 	Keypress: 5
249.8808 	DATA 	TR 161 | TR1 81 | TR2 80
251.4306 	DATA 	Keypress: 5
251.4306 	DATA 	TR 162 | TR1 81 | TR2 81
252.9971 	DATA 	Keypress: 5
252.9972 	DATA 	TR 163 | TR1 82 | TR2 81
254.5470 	DATA 	Keypress: 5
254.5470 	DATA 	TR 164 | TR1 82 | TR2 82
256.1302 	DATA 	Keypress: 5
256.1302 	DATA 	TR 165 | TR1 83 | TR2 82
257.6800 	DATA 	Keypress: 5
257.6800 	DATA 	TR 166 | TR1 83 | TR2 83
259.2467 	DATA 	Keypress: 5
259.2467 	DATA 	TR 167 | TR1 84 | TR2 83
260.7964 	DATA 	Keypress: 5
260.7964 	DATA 	TR 168 | TR1 84 | TR2 84
262.3629 	DATA 	Keypress: 5
262.3630 	DATA 	TR 169 | TR1 85 | TR2 84
263.9134 	DATA 	Keypress: 5
263.9294 	DATA 	TR 170 | TR1 85 | TR2 85
263.9461 	DATA 	Target presented
264.4627 	DATA 	Keypress: 1
264.4628 	DATA 	Key1 pressed
264.4628 	DATA 	Target detected
265.4294 	DATA 	
265.4294 	DATA 	Trial complete
265.4294 	DATA 	Waiting for VASO trigger to start next trial
265.4294 	DATA 	
265.4960 	DATA 	Keypress: 5
265.4960 	DATA 	Waited 0.06656694412231445 seconds for trigger
265.4968 	DATA 	
265.4968 	DATA 	Trial 6
265.4968 	DATA 	stimDur = 2.0
265.4968 	DATA 	jitter = 0.78525
265.4968 	DATA 	restDur = 22.0

265.4968 	DATA 	
265.4968 	DATA 	TR 171 | TR1 86 | TR2 85
266.2958 	DATA 	
266.2959 	DATA 	stimulation started
266.2959 	DATA 	
267.0459 	DATA 	Keypress: 5
267.0459 	DATA 	TR 172 | TR1 86 | TR2 86
268.2957 	DATA 	
268.2957 	DATA 	stimulation stopped
268.2957 	DATA 	
268.6124 	DATA 	Keypress: 5
268.6124 	DATA 	TR 173 | TR1 87 | TR2 86
270.1622 	DATA 	Keypress: 5
270.1622 	DATA 	TR 174 | TR1 87 | TR2 87
271.7454 	DATA 	Keypress: 5
271.7455 	DATA 	TR 175 | TR1 88 | TR2 87
273.2952 	DATA 	Keypress: 5
273.2953 	DATA 	TR 176 | TR1 88 | TR2 88
274.8618 	DATA 	Keypress: 5
274.8619 	DATA 	TR 177 | TR1 89 | TR2 88
276.4116 	DATA 	Keypress: 5
276.4117 	DATA 	TR 178 | TR1 89 | TR2 89
277.9787 	DATA 	Keypress: 5
277.9948 	DATA 	TR 179 | TR1 90 | TR2 89
279.5447 	DATA 	Keypress: 5
279.5447 	DATA 	TR 180 | TR1 90 | TR2 90
281.1112 	DATA 	Keypress: 5
281.1113 	DATA 	TR 181 | TR1 91 | TR2 90
282.6612 	DATA 	Keypress: 5
282.6612 	DATA 	TR 182 | TR1 91 | TR2 91
284.2276 	DATA 	Keypress: 5
284.2277 	DATA 	TR 183 | TR1 92 | TR2 91
285.7774 	DATA 	Keypress: 5
285.7775 	DATA 	TR 184 | TR1 92 | TR2 92
287.3606 	DATA 	Keypress: 5
287.3607 	DATA 	TR 185 | TR1 93 | TR2 92
288.9106 	DATA 	Keypress: 5
288.9107 	DATA 	TR 186 | TR1 93 | TR2 93
290.2937 	DATA 	
290.2937 	DATA 	Trial complete
290.2937 	DATA 	Waiting for VASO trigger to start next trial
290.2937 	DATA 	
290.4770 	DATA 	Keypress: 5
290.4771 	DATA 	Waited 0.1833949089050293 seconds for trigger
290.4778 	DATA 	
290.4779 	DATA 	Trial 7
290.4779 	DATA 	stimDur = 4.0
290.4779 	DATA 	jitter = 2.35575
290.4779 	DATA 	restDur = 24.0

290.4779 	DATA 	
290.4779 	DATA 	TR 187 | TR1 94 | TR2 93
292.0268 	DATA 	Keypress: 5
292.0269 	DATA 	TR 188 | TR1 94 | TR2 94
292.8434 	DATA 	
292.8434 	DATA 	stimulation started
292.8434 	DATA 	
293.6101 	DATA 	Keypress: 5
293.6102 	DATA 	TR 189 | TR1 95 | TR2 94
295.1599 	DATA 	Keypress: 5
295.1600 	DATA 	TR 190 | TR1 95 | TR2 95
296.7265 	DATA 	Keypress: 5
296.7265 	DATA 	TR 191 | TR1 96 | TR2 95
296.8431 	DATA 	
296.8431 	DATA 	stimulation stopped
296.8431 	DATA 	
298.2763 	DATA 	Keypress: 5
298.2763 	DATA 	TR 192 | TR1 96 | TR2 96
299.8428 	DATA 	Keypress: 5
299.8429 	DATA 	TR 193 | TR1 97 | TR2 96
301.4093 	DATA 	Keypress: 5
301.4094 	DATA 	TR 194 | TR1 97 | TR2 97
302.9759 	DATA 	Keypress: 5
302.9759 	DATA 	TR 195 | TR1 98 | TR2 97
304.5257 	DATA 	Keypress: 5
304.5257 	DATA 	TR 196 | TR1 98 | TR2 98
306.0922 	DATA 	Keypress: 5
306.0923 	DATA 	TR 197 | TR1 99 | TR2 98
307.6421 	DATA 	Keypress: 5
307.6421 	DATA 	TR 198 | TR1 99 | TR2 99
309.2253 	DATA 	Keypress: 5
309.2254 	DATA 	TR 199 | TR1 100 | TR2 99
310.7751 	DATA 	Keypress: 5
310.7752 	DATA 	TR 200 | TR1 100 | TR2 100
312.3417 	DATA 	Keypress: 5
312.3417 	DATA 	TR 201 | TR1 101 | TR2 100
313.8915 	DATA 	Keypress: 5
313.8915 	DATA 	TR 202 | TR1 101 | TR2 101
315.4747 	DATA 	Keypress: 5
315.4748 	DATA 	TR 203 | TR1 102 | TR2 101
317.0245 	DATA 	Keypress: 5
317.0246 	DATA 	TR 204 | TR1 102 | TR2 102
318.5911 	DATA 	Keypress: 5
318.5912 	DATA 	TR 205 | TR1 103 | TR2 102
320.1410 	DATA 	Keypress: 5
320.1410 	DATA 	TR 206 | TR1 103 | TR2 103
320.8409 	DATA 	
320.8409 	DATA 	Trial complete
320.8409 	DATA 	Waiting for VASO trigger to start next trial
320.8409 	DATA 	
321.7075 	DATA 	Keypress: 5
321.7075 	DATA 	Waited 0.8666541576385498 seconds for trigger
321.7083 	DATA 	
321.7083 	DATA 	Trial 8
321.7083 	DATA 	stimDur = 12.0
321.7083 	DATA 	jitter = 0.0
321.7083 	DATA 	restDur = 30.0

321.7083 	DATA 	
321.7083 	DATA 	TR 207 | TR1 104 | TR2 103
321.7084 	DATA 	
321.7084 	DATA 	stimulation started
321.7084 	DATA 	
323.2575 	DATA 	Keypress: 5
323.2576 	DATA 	TR 208 | TR1 104 | TR2 104
324.8406 	DATA 	Keypress: 5
324.8406 	DATA 	TR 209 | TR1 105 | TR2 104
326.3905 	DATA 	Keypress: 5
326.3905 	DATA 	TR 210 | TR1 105 | TR2 105
327.9570 	DATA 	Keypress: 5
327.9570 	DATA 	TR 211 | TR1 106 | TR2 105
329.5068 	DATA 	Keypress: 5
329.5069 	DATA 	TR 212 | TR1 106 | TR2 106
331.0900 	DATA 	Keypress: 5
331.0900 	DATA 	TR 213 | TR1 107 | TR2 106
332.6399 	DATA 	Keypress: 5
332.6399 	DATA 	TR 214 | TR1 107 | TR2 107
333.7231 	DATA 	
333.7231 	DATA 	stimulation stopped
333.7231 	DATA 	
334.2063 	DATA 	Keypress: 5
334.2064 	DATA 	TR 215 | TR1 108 | TR2 107
335.7562 	DATA 	Keypress: 5
335.7563 	DATA 	TR 216 | TR1 108 | TR2 108
336.7561 	DATA 	Target presented
337.2394 	DATA 	Keypress: 1
337.2394 	DATA 	Key1 pressed
337.2394 	DATA 	Target detected
337.3228 	DATA 	Keypress: 5
337.3229 	DATA 	TR 217 | TR1 109 | TR2 108
338.8892 	DATA 	Keypress: 5
338.8893 	DATA 	TR 218 | TR1 109 | TR2 109
340.4557 	DATA 	Keypress: 5
340.4558 	DATA 	TR 219 | TR1 110 | TR2 109
342.0057 	DATA 	Keypress: 5
342.0057 	DATA 	TR 220 | TR1 110 | TR2 110
343.5720 	DATA 	Keypress: 5
343.5720 	DATA 	TR 221 | TR1 111 | TR2 110
345.1220 	DATA 	Keypress: 5
345.1221 	DATA 	TR 222 | TR1 111 | TR2 111
346.7052 	DATA 	Keypress: 5
346.7052 	DATA 	TR 223 | TR1 112 | TR2 111
348.2551 	DATA 	Keypress: 5
348.2551 	DATA 	TR 224 | TR1 112 | TR2 112
349.8216 	DATA 	Keypress: 5
349.8216 	DATA 	TR 225 | TR1 113 | TR2 112
351.3715 	DATA 	Keypress: 5
351.3715 	DATA 	TR 226 | TR1 113 | TR2 113
352.9545 	DATA 	Keypress: 5
352.9545 	DATA 	TR 227 | TR1 114 | TR2 113
354.5045 	DATA 	Keypress: 5
354.5045 	DATA 	TR 228 | TR1 114 | TR2 114
356.0710 	DATA 	Keypress: 5
356.0710 	DATA 	TR 229 | TR1 115 | TR2 114
357.6209 	DATA 	Keypress: 5
357.6210 	DATA 	TR 230 | TR1 115 | TR2 115
359.1874 	DATA 	Keypress: 5
359.1874 	DATA 	TR 231 | TR1 116 | TR2 115
360.7378 	DATA 	Keypress: 5
360.7539 	DATA 	TR 232 | TR1 116 | TR2 116
362.3204 	DATA 	Keypress: 5
362.3205 	DATA 	TR 233 | TR1 117 | TR2 116
363.7203 	DATA 	
363.7204 	DATA 	Trial complete
363.7204 	DATA 	Waiting for VASO trigger to start next trial
363.7204 	DATA 	
363.8705 	DATA 	Keypress: 5
363.8705 	DATA 	TR 234 | TR1 117 | TR2 117
365.4371 	DATA 	Keypress: 5
365.4371 	DATA 	Waited 1.7167398929595947 seconds for trigger
365.4379 	DATA 	
365.4379 	DATA 	Trial 9
365.4379 	DATA 	stimDur = 2.0
365.4379 	DATA 	jitter = 1.5705
365.4379 	DATA 	restDur = 22.0

365.4379 	DATA 	
365.4379 	DATA 	TR 235 | TR1 118 | TR2 117
366.9867 	DATA 	Keypress: 5
366.9867 	DATA 	TR 236 | TR1 118 | TR2 118
367.0200 	DATA 	
367.0200 	DATA 	stimulation started
367.0200 	DATA 	
368.5699 	DATA 	Keypress: 5
368.5700 	DATA 	TR 237 | TR1 119 | TR2 118
369.0200 	DATA 	
369.0200 	DATA 	stimulation stopped
369.0200 	DATA 	
370.1197 	DATA 	Keypress: 5
370.1198 	DATA 	TR 238 | TR1 119 | TR2 119
371.6863 	DATA 	Keypress: 5
371.6863 	DATA 	TR 239 | TR1 120 | TR2 119
373.2361 	DATA 	Keypress: 5
373.2362 	DATA 	TR 240 | TR1 120 | TR2 120
374.8026 	DATA 	Keypress: 5
374.8027 	DATA 	TR 241 | TR1 121 | TR2 120
376.3692 	DATA 	Keypress: 5
376.3692 	DATA 	TR 242 | TR1 121 | TR2 121
377.9357 	DATA 	Keypress: 5
377.9357 	DATA 	TR 243 | TR1 122 | TR2 121
379.4856 	DATA 	Keypress: 5
379.4856 	DATA 	TR 244 | TR1 122 | TR2 122
381.0521 	DATA 	Keypress: 5
381.0521 	DATA 	TR 245 | TR1 123 | TR2 122
382.6020 	DATA 	Keypress: 5
382.6020 	DATA 	TR 246 | TR1 123 | TR2 123
384.1851 	DATA 	Keypress: 5
384.1852 	DATA 	TR 247 | TR1 124 | TR2 123
385.7350 	DATA 	Keypress: 5
385.7350 	DATA 	TR 248 | TR1 124 | TR2 124
387.3015 	DATA 	Keypress: 5
387.3015 	DATA 	TR 249 | TR1 125 | TR2 124
388.7014 	DATA 	Target presented
388.8514 	DATA 	Keypress: 5
388.8514 	DATA 	TR 250 | TR1 125 | TR2 125
389.1846 	DATA 	Keypress: 1
389.1847 	DATA 	Key1 pressed
389.1847 	DATA 	Target detected
390.4345 	DATA 	Keypress: 5
390.4346 	DATA 	TR 251 | TR1 126 | TR2 125
391.0178 	DATA 	
391.0178 	DATA 	Trial complete
391.0178 	DATA 	Waiting for VASO trigger to start next trial
391.0178 	DATA 	
391.9844 	DATA 	Keypress: 5
391.9845 	DATA 	TR 252 | TR1 126 | TR2 126
393.5509 	DATA 	Keypress: 5
393.5510 	DATA 	Waited 2.5331599712371826 seconds for trigger
393.5517 	DATA 	
393.5517 	DATA 	Trial 10
393.5517 	DATA 	stimDur = 4.0
393.5518 	DATA 	jitter = 0.0
393.5518 	DATA 	restDur = 24.0

393.5518 	DATA 	
393.5518 	DATA 	TR 253 | TR1 127 | TR2 126
393.5518 	DATA 	
393.5518 	DATA 	stimulation started
393.5518 	DATA 	
395.1009 	DATA 	Keypress: 5
395.1010 	DATA 	TR 254 | TR1 127 | TR2 127
396.6673 	DATA 	Keypress: 5
396.6674 	DATA 	TR 255 | TR1 128 | TR2 127
397.5672 	DATA 	
397.5672 	DATA 	stimulation stopped
397.5672 	DATA 	
398.2178 	DATA 	Keypress: 5
398.2338 	DATA 	TR 256 | TR1 128 | TR2 128
399.8003 	DATA 	Keypress: 5
399.8004 	DATA 	TR 257 | TR1 129 | TR2 128
401.3502 	DATA 	Keypress: 5
401.3503 	DATA 	TR 258 | TR1 129 | TR2 129
402.9167 	DATA 	Keypress: 5
402.9168 	DATA 	TR 259 | TR1 130 | TR2 129
404.4666 	DATA 	Keypress: 5
404.4666 	DATA 	TR 260 | TR1 130 | TR2 130
406.0498 	DATA 	Keypress: 5
406.0498 	DATA 	TR 261 | TR1 131 | TR2 130
407.5997 	DATA 	Keypress: 5
407.5997 	DATA 	TR 262 | TR1 131 | TR2 131
409.1661 	DATA 	Keypress: 5
409.1662 	DATA 	TR 263 | TR1 132 | TR2 131
410.7160 	DATA 	Keypress: 5
410.7161 	DATA 	TR 264 | TR1 132 | TR2 132
412.2831 	DATA 	Keypress: 5
412.2992 	DATA 	TR 265 | TR1 133 | TR2 132
413.8493 	DATA 	Keypress: 5
413.8493 	DATA 	TR 266 | TR1 133 | TR2 133
415.4156 	DATA 	Keypress: 5
415.4156 	DATA 	TR 267 | TR1 134 | TR2 133
416.9655 	DATA 	Keypress: 5
416.9655 	DATA 	TR 268 | TR1 134 | TR2 134
418.5320 	DATA 	Keypress: 5
418.5320 	DATA 	TR 269 | TR1 135 | TR2 134
420.0819 	DATA 	Keypress: 5
420.0819 	DATA 	TR 270 | TR1 135 | TR2 135
421.5650 	DATA 	
421.5650 	DATA 	Trial complete
421.5650 	DATA 	Waiting for VASO trigger to start next trial
421.5650 	DATA 	
421.6650 	DATA 	Keypress: 5
421.6651 	DATA 	Waited 0.10003495216369629 seconds for trigger
421.6658 	DATA 	
421.6658 	DATA 	Trial 11
421.6658 	DATA 	stimDur = 12.0
421.6658 	DATA 	jitter = 0.78525
421.6659 	DATA 	restDur = 30.0

421.6659 	DATA 	
421.6659 	DATA 	TR 271 | TR1 136 | TR2 135
422.4650 	DATA 	
422.4651 	DATA 	stimulation started
422.4651 	DATA 	
423.2149 	DATA 	Keypress: 5
423.2150 	DATA 	TR 272 | TR1 136 | TR2 136
424.7815 	DATA 	Keypress: 5
424.7815 	DATA 	TR 273 | TR1 137 | TR2 136
426.3313 	DATA 	Keypress: 5
426.3314 	DATA 	TR 274 | TR1 137 | TR2 137
427.9145 	DATA 	Keypress: 5
427.9145 	DATA 	TR 275 | TR1 138 | TR2 137
429.4644 	DATA 	Keypress: 5
429.4644 	DATA 	TR 276 | TR1 138 | TR2 138
431.0309 	DATA 	Keypress: 5
431.0309 	DATA 	TR 277 | TR1 139 | TR2 138
432.5808 	DATA 	Keypress: 5
432.5808 	DATA 	TR 278 | TR1 139 | TR2 139
434.1473 	DATA 	Keypress: 5
434.1474 	DATA 	TR 279 | TR1 140 | TR2 139
434.4638 	DATA 	
434.4639 	DATA 	stimulation stopped
434.4639 	DATA 	
435.7138 	DATA 	Keypress: 5
435.7138 	DATA 	TR 280 | TR1 140 | TR2 140
437.2802 	DATA 	Keypress: 5
437.2803 	DATA 	TR 281 | TR1 141 | TR2 140
438.8301 	DATA 	Keypress: 5
438.8302 	DATA 	TR 282 | TR1 141 | TR2 141
440.3966 	DATA 	Keypress: 5
440.3967 	DATA 	TR 283 | TR1 142 | TR2 141
441.9465 	DATA 	Keypress: 5
441.9466 	DATA 	TR 284 | TR1 142 | TR2 142
443.5297 	DATA 	Keypress: 5
443.5297 	DATA 	TR 285 | TR1 143 | TR2 142
445.0796 	DATA 	Keypress: 5
445.0796 	DATA 	TR 286 | TR1 143 | TR2 143
446.6461 	DATA 	Keypress: 5
446.6461 	DATA 	TR 287 | TR1 144 | TR2 143
447.5793 	DATA 	Target presented
448.1293 	DATA 	Keypress: 1
448.1294 	DATA 	Key1 pressed
448.1294 	DATA 	Target detected
448.1960 	DATA 	Keypress: 5
448.1960 	DATA 	TR 288 | TR1 144 | TR2 144
449.7626 	DATA 	Keypress: 5
449.7627 	DATA 	TR 289 | TR1 145 | TR2 144
451.3290 	DATA 	Keypress: 5
451.3291 	DATA 	TR 290 | TR1 145 | TR2 145
452.8955 	DATA 	Keypress: 5
452.8955 	DATA 	TR 291 | TR1 146 | TR2 145
454.4454 	DATA 	Keypress: 5
454.4454 	DATA 	TR 292 | TR1 146 | TR2 146
456.0119 	DATA 	Keypress: 5
456.0119 	DATA 	TR 293 | TR1 147 | TR2 146
457.5617 	DATA 	Keypress: 5
457.5618 	DATA 	TR 294 | TR1 147 | TR2 147
459.1449 	DATA 	Keypress: 5
459.1450 	DATA 	TR 295 | TR1 148 | TR2 147
460.6948 	DATA 	Keypress: 5
460.6948 	DATA 	TR 296 | TR1 148 | TR2 148
462.2614 	DATA 	Keypress: 5
462.2615 	DATA 	TR 297 | TR1 149 | TR2 148
463.8112 	DATA 	Keypress: 5
463.8112 	DATA 	TR 298 | TR1 149 | TR2 149
464.4611 	DATA 	
464.4611 	DATA 	Trial complete
464.4611 	DATA 	Waiting for VASO trigger to start next trial
464.4611 	DATA 	
465.3943 	DATA 	Keypress: 5
465.3944 	DATA 	Waited 0.9333169460296631 seconds for trigger
465.3952 	DATA 	
465.3952 	DATA 	Trial 12
465.3952 	DATA 	stimDur = 4.0
465.3952 	DATA 	jitter = 0.78525
465.3952 	DATA 	restDur = 24.0

465.3952 	DATA 	
465.3952 	DATA 	TR 299 | TR1 150 | TR2 149
466.1942 	DATA 	
466.1942 	DATA 	stimulation started
466.1943 	DATA 	
466.9443 	DATA 	Keypress: 5
466.9443 	DATA 	TR 300 | TR1 150 | TR2 150
468.5108 	DATA 	Keypress: 5
468.5108 	DATA 	TR 301 | TR1 151 | TR2 150
470.0607 	DATA 	Keypress: 5
470.0607 	DATA 	TR 302 | TR1 151 | TR2 151
470.1941 	DATA 	
470.1941 	DATA 	stimulation stopped
470.1941 	DATA 	
471.6271 	DATA 	Keypress: 5
471.6272 	DATA 	TR 303 | TR1 152 | TR2 151
473.1937 	DATA 	Keypress: 5
473.1937 	DATA 	TR 304 | TR1 152 | TR2 152
474.7601 	DATA 	Keypress: 5
474.7602 	DATA 	TR 305 | TR1 153 | TR2 152
476.3101 	DATA 	Keypress: 5
476.3101 	DATA 	TR 306 | TR1 153 | TR2 153
477.8765 	DATA 	Keypress: 5
477.8766 	DATA 	TR 307 | TR1 154 | TR2 153
479.4265 	DATA 	Keypress: 5
479.4266 	DATA 	TR 308 | TR1 154 | TR2 154
481.0096 	DATA 	Keypress: 5
481.0097 	DATA 	TR 309 | TR1 155 | TR2 154
482.5595 	DATA 	Keypress: 5
482.5595 	DATA 	TR 310 | TR1 155 | TR2 155
484.1260 	DATA 	Keypress: 5
484.1260 	DATA 	TR 311 | TR1 156 | TR2 155
485.6759 	DATA 	Keypress: 5
485.6759 	DATA 	TR 312 | TR1 156 | TR2 156
487.2590 	DATA 	Keypress: 5
487.2591 	DATA 	TR 313 | TR1 157 | TR2 156
488.8089 	DATA 	Keypress: 5
488.8090 	DATA 	TR 314 | TR1 157 | TR2 157
490.3754 	DATA 	Keypress: 5
490.3754 	DATA 	TR 315 | TR1 158 | TR2 157
491.9253 	DATA 	Keypress: 5
491.9254 	DATA 	TR 316 | TR1 158 | TR2 158
493.4918 	DATA 	Keypress: 5
493.4918 	DATA 	TR 317 | TR1 159 | TR2 158
494.1917 	DATA 	
494.1917 	DATA 	Trial complete
494.1917 	DATA 	Waiting for VASO trigger to start next trial
494.1917 	DATA 	
495.0418 	DATA 	Keypress: 5
495.0418 	DATA 	TR 318 | TR1 159 | TR2 159
496.6248 	DATA 	Keypress: 5
496.6249 	DATA 	Waited 2.433181047439575 seconds for trigger
496.6257 	DATA 	
496.6257 	DATA 	Trial 13
496.6257 	DATA 	stimDur = 2.0
496.6257 	DATA 	jitter = 2.35575
496.6257 	DATA 	restDur = 22.0

496.6257 	DATA 	
496.6257 	DATA 	TR 319 | TR1 160 | TR2 159
498.1747 	DATA 	Keypress: 5
498.1748 	DATA 	TR 320 | TR1 160 | TR2 160
498.9914 	DATA 	
498.9914 	DATA 	stimulation started
498.9914 	DATA 	
499.7414 	DATA 	Keypress: 5
499.7415 	DATA 	TR 321 | TR1 161 | TR2 160
500.9911 	DATA 	
500.9911 	DATA 	stimulation stopped
500.9911 	DATA 	
501.2911 	DATA 	Keypress: 5
501.2911 	DATA 	TR 322 | TR1 161 | TR2 161
502.8742 	DATA 	Keypress: 5
502.8743 	DATA 	TR 323 | TR1 162 | TR2 161
504.4241 	DATA 	Keypress: 5
504.4242 	DATA 	TR 324 | TR1 162 | TR2 162
505.9907 	DATA 	Keypress: 5
505.9907 	DATA 	TR 325 | TR1 163 | TR2 162
507.5405 	DATA 	Keypress: 5
507.5406 	DATA 	TR 326 | TR1 163 | TR2 163
509.1076 	DATA 	Keypress: 5
509.1236 	DATA 	TR 327 | TR1 164 | TR2 163
510.6736 	DATA 	Keypress: 5
510.6736 	DATA 	TR 328 | TR1 164 | TR2 164
512.2401 	DATA 	Keypress: 5
512.2401 	DATA 	TR 329 | TR1 165 | TR2 164
513.7901 	DATA 	Keypress: 5
513.7902 	DATA 	TR 330 | TR1 165 | TR2 165
515.3565 	DATA 	Keypress: 5
515.3565 	DATA 	TR 331 | TR1 166 | TR2 165
516.9065 	DATA 	Keypress: 5
516.9065 	DATA 	TR 332 | TR1 166 | TR2 166
518.4895 	DATA 	Keypress: 5
518.4895 	DATA 	TR 333 | TR1 167 | TR2 166
518.9063 	DATA 	Target presented
519.6061 	DATA 	Keypress: 1
519.6061 	DATA 	Key1 pressed
519.6062 	DATA 	Target detected
520.0393 	DATA 	Keypress: 5
520.0394 	DATA 	TR 334 | TR1 167 | TR2 167
521.6059 	DATA 	Keypress: 5
521.6059 	DATA 	TR 335 | TR1 168 | TR2 167
522.9892 	DATA 	
522.9892 	DATA 	Trial complete
522.9892 	DATA 	Waiting for VASO trigger to start next trial
522.9892 	DATA 	
523.1558 	DATA 	Keypress: 5
523.1558 	DATA 	TR 336 | TR1 168 | TR2 168
524.7389 	DATA 	Keypress: 5
524.7390 	DATA 	Waited 1.749737024307251 seconds for trigger
524.7397 	DATA 	
524.7397 	DATA 	Trial 14
524.7398 	DATA 	stimDur = 1.0
524.7398 	DATA 	jitter = 1.5705
524.7398 	DATA 	restDur = 20.0

524.7398 	DATA 	
524.7398 	DATA 	TR 337 | TR1 169 | TR2 168
526.2888 	DATA 	Keypress: 5
526.2889 	DATA 	TR 338 | TR1 169 | TR2 169
526.3221 	DATA 	
526.3221 	DATA 	stimulation started
526.3221 	DATA 	
527.3221 	DATA 	
527.3221 	DATA 	stimulation stopped
527.3221 	DATA 	
527.8553 	DATA 	Keypress: 5
527.8554 	DATA 	TR 339 | TR1 170 | TR2 169
529.4052 	DATA 	Keypress: 5
529.4053 	DATA 	TR 340 | TR1 170 | TR2 170
530.9718 	DATA 	Keypress: 5
530.9719 	DATA 	TR 341 | TR1 171 | TR2 170
532.5222 	DATA 	Keypress: 5
532.5382 	DATA 	TR 342 | TR1 171 | TR2 171
534.1048 	DATA 	Keypress: 5
534.1048 	DATA 	TR 343 | TR1 172 | TR2 171
535.6546 	DATA 	Keypress: 5
535.6547 	DATA 	TR 344 | TR1 172 | TR2 172
537.2211 	DATA 	Keypress: 5
537.2212 	DATA 	TR 345 | TR1 173 | TR2 172
538.7710 	DATA 	Keypress: 5
538.7711 	DATA 	TR 346 | TR1 173 | TR2 173
540.3542 	DATA 	Keypress: 5
540.3542 	DATA 	TR 347 | TR1 174 | TR2 173
541.9040 	DATA 	Keypress: 5
541.9041 	DATA 	TR 348 | TR1 174 | TR2 174
543.4705 	DATA 	Keypress: 5
543.4706 	DATA 	TR 349 | TR1 175 | TR2 174
545.0204 	DATA 	Keypress: 5
545.0205 	DATA 	TR 350 | TR1 175 | TR2 175
546.6036 	DATA 	Keypress: 5
546.6036 	DATA 	TR 351 | TR1 176 | TR2 175
547.3202 	DATA 	
547.3202 	DATA 	Trial complete
547.3202 	DATA 	Waiting for VASO trigger to start next trial
547.3202 	DATA 	
548.1535 	DATA 	Keypress: 5
548.1535 	DATA 	TR 352 | TR1 176 | TR2 176
549.7200 	DATA 	Keypress: 5
549.7201 	DATA 	Waited 2.3998939990997314 seconds for trigger
549.7209 	DATA 	
549.7210 	DATA 	Trial 15
549.7210 	DATA 	stimDur = 24.0
549.7210 	DATA 	jitter = 0.0
549.7210 	DATA 	restDur = 40.0

549.7210 	DATA 	
549.7210 	DATA 	TR 353 | TR1 177 | TR2 176
549.7210 	DATA 	
549.7210 	DATA 	stimulation started
549.7210 	DATA 	
551.2699 	DATA 	Keypress: 5
551.2699 	DATA 	TR 354 | TR1 177 | TR2 177
552.8364 	DATA 	Keypress: 5
552.8365 	DATA 	TR 355 | TR1 178 | TR2 177
554.3863 	DATA 	Keypress: 5
554.3863 	DATA 	TR 356 | TR1 178 | TR2 178
555.9695 	DATA 	Keypress: 5
555.9695 	DATA 	TR 357 | TR1 179 | TR2 178
557.5193 	DATA 	Keypress: 5
557.5194 	DATA 	TR 358 | TR1 179 | TR2 179
559.0859 	DATA 	Keypress: 5
559.0859 	DATA 	TR 359 | TR1 180 | TR2 179
560.6357 	DATA 	Keypress: 5
560.6358 	DATA 	TR 360 | TR1 180 | TR2 180
562.2189 	DATA 	Keypress: 5
562.2190 	DATA 	TR 361 | TR1 181 | TR2 180
563.7687 	DATA 	Keypress: 5
563.7688 	DATA 	TR 362 | TR1 181 | TR2 181
565.3353 	DATA 	Keypress: 5
565.3353 	DATA 	TR 363 | TR1 182 | TR2 181
566.8853 	DATA 	Keypress: 5
566.8853 	DATA 	TR 364 | TR1 182 | TR2 182
568.4518 	DATA 	Keypress: 5
568.4519 	DATA 	TR 365 | TR1 183 | TR2 182
570.0183 	DATA 	Keypress: 5
570.0183 	DATA 	TR 366 | TR1 183 | TR2 183
571.5847 	DATA 	Keypress: 5
571.5848 	DATA 	TR 367 | TR1 184 | TR2 183
573.1348 	DATA 	Keypress: 5
573.1348 	DATA 	TR 368 | TR1 184 | TR2 184
573.7345 	DATA 	
573.7345 	DATA 	stimulation stopped
573.7345 	DATA 	
574.7011 	DATA 	Keypress: 5
574.7011 	DATA 	TR 369 | TR1 185 | TR2 184
576.2509 	DATA 	Keypress: 5
576.2509 	DATA 	TR 370 | TR1 185 | TR2 185
577.8341 	DATA 	Keypress: 5
577.8342 	DATA 	TR 371 | TR1 186 | TR2 185
579.3839 	DATA 	Keypress: 5
579.3840 	DATA 	TR 372 | TR1 186 | TR2 186
580.9505 	DATA 	Keypress: 5
580.9505 	DATA 	TR 373 | TR1 187 | TR2 186
582.5003 	DATA 	Keypress: 5
582.5003 	DATA 	TR 374 | TR1 187 | TR2 187
584.0674 	DATA 	Keypress: 5
584.0835 	DATA 	TR 375 | TR1 188 | TR2 187
585.6334 	DATA 	Keypress: 5
585.6334 	DATA 	TR 376 | TR1 188 | TR2 188
587.1999 	DATA 	Keypress: 5
587.2000 	DATA 	TR 377 | TR1 189 | TR2 188
588.7498 	DATA 	Keypress: 5
588.7499 	DATA 	TR 378 | TR1 189 | TR2 189
590.3163 	DATA 	Keypress: 5
590.3163 	DATA 	TR 379 | TR1 190 | TR2 189
591.8661 	DATA 	Keypress: 5
591.8662 	DATA 	TR 380 | TR1 190 | TR2 190
592.9827 	DATA 	Target presented
593.3828 	DATA 	Keypress: 1
593.3829 	DATA 	Key1 pressed
593.3829 	DATA 	Target detected
593.4493 	DATA 	Keypress: 5
593.4493 	DATA 	TR 381 | TR1 191 | TR2 190
594.9992 	DATA 	Keypress: 5
594.9992 	DATA 	TR 382 | TR1 191 | TR2 191
596.5658 	DATA 	Keypress: 5
596.5659 	DATA 	TR 383 | TR1 192 | TR2 191
598.1155 	DATA 	Keypress: 5
598.1156 	DATA 	TR 384 | TR1 192 | TR2 192
599.6988 	DATA 	Keypress: 5
599.6988 	DATA 	TR 385 | TR1 193 | TR2 192
601.2486 	DATA 	Keypress: 5
601.2487 	DATA 	TR 386 | TR1 193 | TR2 193
602.8151 	DATA 	Keypress: 5
602.8152 	DATA 	TR 387 | TR1 194 | TR2 193
604.3650 	DATA 	Keypress: 5
604.3650 	DATA 	TR 388 | TR1 194 | TR2 194
605.9316 	DATA 	Keypress: 5
605.9316 	DATA 	TR 389 | TR1 195 | TR2 194
607.4980 	DATA 	Keypress: 5
607.4981 	DATA 	TR 390 | TR1 195 | TR2 195
609.0646 	DATA 	Keypress: 5
609.0646 	DATA 	TR 391 | TR1 196 | TR2 195
610.6144 	DATA 	Keypress: 5
610.6145 	DATA 	TR 392 | TR1 196 | TR2 196
612.1810 	DATA 	Keypress: 5
612.1810 	DATA 	TR 393 | TR1 197 | TR2 196
613.7308 	DATA 	Keypress: 5
613.7308 	DATA 	TR 394 | TR1 197 | TR2 197
613.7309 	DATA 	
613.7309 	DATA 	Trial complete
613.7309 	DATA 	Waiting for VASO trigger to start next trial
613.7309 	DATA 	
615.3140 	DATA 	Keypress: 5
615.3141 	DATA 	Waited 1.5831727981567383 seconds for trigger
615.3148 	DATA 	
615.3148 	DATA 	Trial 16
615.3149 	DATA 	stimDur = 1.0
615.3149 	DATA 	jitter = 2.35575
615.3149 	DATA 	restDur = 20.0

615.3149 	DATA 	
615.3149 	DATA 	TR 395 | TR1 198 | TR2 197
616.8638 	DATA 	Keypress: 5
616.8639 	DATA 	TR 396 | TR1 198 | TR2 198
617.6804 	DATA 	
617.6804 	DATA 	stimulation started
617.6804 	DATA 	
618.4305 	DATA 	Keypress: 5
618.4305 	DATA 	TR 397 | TR1 199 | TR2 198
618.6804 	DATA 	
618.6804 	DATA 	stimulation stopped
618.6804 	DATA 	
619.9799 	DATA 	Keypress: 5
619.9800 	DATA 	TR 398 | TR1 199 | TR2 199
621.5634 	DATA 	Keypress: 5
621.5635 	DATA 	TR 399 | TR1 200 | TR2 199
623.1133 	DATA 	Keypress: 5
623.1133 	DATA 	TR 400 | TR1 200 | TR2 200
624.6798 	DATA 	Keypress: 5
624.6799 	DATA 	TR 401 | TR1 201 | TR2 200
626.2297 	DATA 	Keypress: 5
626.2297 	DATA 	TR 402 | TR1 201 | TR2 201
627.7962 	DATA 	Keypress: 5
627.7963 	DATA 	TR 403 | TR1 202 | TR2 201
629.3461 	DATA 	Keypress: 5
629.3461 	DATA 	TR 404 | TR1 202 | TR2 202
630.9293 	DATA 	Keypress: 5
630.9293 	DATA 	TR 405 | TR1 203 | TR2 202
632.4791 	DATA 	Keypress: 5
632.4791 	DATA 	TR 406 | TR1 203 | TR2 203
634.0456 	DATA 	Keypress: 5
634.0456 	DATA 	TR 407 | TR1 204 | TR2 203
635.5955 	DATA 	Keypress: 5
635.5955 	DATA 	TR 408 | TR1 204 | TR2 204
637.1788 	DATA 	Keypress: 5
637.1789 	DATA 	TR 409 | TR1 205 | TR2 204
638.6784 	DATA 	
638.6784 	DATA 	Trial complete
638.6785 	DATA 	Waiting for VASO trigger to start next trial
638.6785 	DATA 	
638.7285 	DATA 	Keypress: 5
638.7286 	DATA 	TR 410 | TR1 205 | TR2 205
640.2950 	DATA 	Keypress: 5
640.2951 	DATA 	Waited 1.616631031036377 seconds for trigger
640.2959 	DATA 	
640.2959 	DATA 	Trial 17
640.2959 	DATA 	stimDur = 2.0
640.2959 	DATA 	jitter = 0.0
640.2959 	DATA 	restDur = 22.0

640.2959 	DATA 	
640.2959 	DATA 	TR 411 | TR1 206 | TR2 205
640.2959 	DATA 	
640.2959 	DATA 	stimulation started
640.2959 	DATA 	
641.8449 	DATA 	Keypress: 5
641.8450 	DATA 	TR 412 | TR1 206 | TR2 206
642.3115 	DATA 	
642.3115 	DATA 	stimulation stopped
642.3115 	DATA 	
643.4120 	DATA 	Keypress: 5
643.4280 	DATA 	TR 413 | TR1 207 | TR2 206
644.9779 	DATA 	Keypress: 5
644.9780 	DATA 	TR 414 | TR1 207 | TR2 207
646.5445 	DATA 	Keypress: 5
646.5445 	DATA 	TR 415 | TR1 208 | TR2 207
648.0943 	DATA 	Keypress: 5
648.0944 	DATA 	TR 416 | TR1 208 | TR2 208
649.6609 	DATA 	Keypress: 5
649.6609 	DATA 	TR 417 | TR1 209 | TR2 208
651.2107 	DATA 	Keypress: 5
651.2108 	DATA 	TR 418 | TR1 209 | TR2 209
652.7939 	DATA 	Keypress: 5
652.7940 	DATA 	TR 419 | TR1 210 | TR2 209
654.3437 	DATA 	Keypress: 5
654.3438 	DATA 	TR 420 | TR1 210 | TR2 210
655.6603 	DATA 	Target presented
655.9104 	DATA 	Keypress: 5
655.9105 	DATA 	TR 421 | TR1 211 | TR2 210
656.2436 	DATA 	Keypress: 1
656.2436 	DATA 	Key1 pressed
656.2436 	DATA 	Target detected
657.4601 	DATA 	Keypress: 5
657.4602 	DATA 	TR 422 | TR1 211 | TR2 211
659.0433 	DATA 	Keypress: 5
659.0434 	DATA 	TR 423 | TR1 212 | TR2 211
660.5932 	DATA 	Keypress: 5
660.5932 	DATA 	TR 424 | TR1 212 | TR2 212
662.1597 	DATA 	Keypress: 5
662.1598 	DATA 	TR 425 | TR1 213 | TR2 212
663.7095 	DATA 	Keypress: 5
663.7096 	DATA 	TR 426 | TR1 213 | TR2 213
664.3096 	DATA 	
664.3096 	DATA 	Trial complete
664.3096 	DATA 	Waiting for VASO trigger to start next trial
664.3096 	DATA 	
665.2761 	DATA 	Keypress: 5
665.2762 	DATA 	Waited 0.966547966003418 seconds for trigger
665.2769 	DATA 	
665.2769 	DATA 	Trial 18
665.2769 	DATA 	stimDur = 1.0
665.2770 	DATA 	jitter = 0.0
665.2770 	DATA 	restDur = 20.0

665.2770 	DATA 	
665.2770 	DATA 	TR 427 | TR1 214 | TR2 213
665.2770 	DATA 	
665.2770 	DATA 	stimulation started
665.2770 	DATA 	
666.2927 	DATA 	
666.2927 	DATA 	stimulation stopped
666.2927 	DATA 	
666.8265 	DATA 	Keypress: 5
666.8425 	DATA 	TR 428 | TR1 214 | TR2 214
668.4092 	DATA 	Keypress: 5
668.4093 	DATA 	TR 429 | TR1 215 | TR2 214
669.9590 	DATA 	Keypress: 5
669.9590 	DATA 	TR 430 | TR1 215 | TR2 215
671.5255 	DATA 	Keypress: 5
671.5256 	DATA 	TR 431 | TR1 216 | TR2 215
673.0753 	DATA 	Keypress: 5
673.0754 	DATA 	TR 432 | TR1 216 | TR2 216
674.6586 	DATA 	Keypress: 5
674.6586 	DATA 	TR 433 | TR1 217 | TR2 216
676.2084 	DATA 	Keypress: 5
676.2084 	DATA 	TR 434 | TR1 217 | TR2 217
677.7749 	DATA 	Keypress: 5
677.7750 	DATA 	TR 435 | TR1 218 | TR2 217
679.3248 	DATA 	Keypress: 5
679.3248 	DATA 	TR 436 | TR1 218 | TR2 218
680.9080 	DATA 	Keypress: 5
680.9081 	DATA 	TR 437 | TR1 219 | TR2 218
682.4578 	DATA 	Keypress: 5
682.4579 	DATA 	TR 438 | TR1 219 | TR2 219
684.0242 	DATA 	Keypress: 5
684.0243 	DATA 	TR 439 | TR1 220 | TR2 219
685.5744 	DATA 	Keypress: 5
685.5744 	DATA 	TR 440 | TR1 220 | TR2 220
686.2908 	DATA 	
686.2908 	DATA 	Trial complete
686.2908 	DATA 	Waiting for VASO trigger to start next trial
686.2908 	DATA 	
687.1408 	DATA 	Keypress: 5
687.1408 	DATA 	Waited 0.8500139713287354 seconds for trigger
687.1416 	DATA 	
687.1416 	DATA 	Trial 19
687.1416 	DATA 	stimDur = 24.0
687.1416 	DATA 	jitter = 2.35575
687.1416 	DATA 	restDur = 40.0

687.1416 	DATA 	
687.1416 	DATA 	TR 441 | TR1 221 | TR2 220
688.6907 	DATA 	Keypress: 5
688.6908 	DATA 	TR 442 | TR1 221 | TR2 221
689.5071 	DATA 	
689.5071 	DATA 	stimulation started
689.5071 	DATA 	
690.2739 	DATA 	Keypress: 5
690.2739 	DATA 	TR 443 | TR1 222 | TR2 221
691.8238 	DATA 	Keypress: 5
691.8239 	DATA 	TR 444 | TR1 222 | TR2 222
693.3904 	DATA 	Keypress: 5
693.3904 	DATA 	TR 445 | TR1 223 | TR2 222
694.9401 	DATA 	Keypress: 5
694.9401 	DATA 	TR 446 | TR1 223 | TR2 223
696.3733 	DATA 	Target presented
696.5233 	DATA 	Keypress: 5
696.5233 	DATA 	TR 447 | TR1 224 | TR2 223
696.9732 	DATA 	Keypress: 1
696.9733 	DATA 	Key1 pressed
696.9733 	DATA 	Target detected
698.0732 	DATA 	Keypress: 5
698.0732 	DATA 	TR 448 | TR1 224 | TR2 224
699.6397 	DATA 	Keypress: 5
699.6397 	DATA 	TR 449 | TR1 225 | TR2 224
701.1895 	DATA 	Keypress: 5
701.1896 	DATA 	TR 450 | TR1 225 | TR2 225
702.7561 	DATA 	Keypress: 5
702.7561 	DATA 	TR 451 | TR1 226 | TR2 225
704.3227 	DATA 	Keypress: 5
704.3227 	DATA 	TR 452 | TR1 226 | TR2 226
705.8892 	DATA 	Keypress: 5
705.8892 	DATA 	TR 453 | TR1 227 | TR2 226
707.4389 	DATA 	Keypress: 5
707.4390 	DATA 	TR 454 | TR1 227 | TR2 227
709.0055 	DATA 	Keypress: 5
709.0055 	DATA 	TR 455 | TR1 228 | TR2 227
710.5554 	DATA 	Keypress: 5
710.5555 	DATA 	TR 456 | TR1 228 | TR2 228
712.1385 	DATA 	Keypress: 5
712.1386 	DATA 	TR 457 | TR1 229 | TR2 228
713.5051 	DATA 	
713.5051 	DATA 	stimulation stopped
713.5051 	DATA 	
713.6883 	DATA 	Keypress: 5
713.6883 	DATA 	TR 458 | TR1 229 | TR2 229
715.2548 	DATA 	Keypress: 5
715.2549 	DATA 	TR 459 | TR1 230 | TR2 229
716.8047 	DATA 	Keypress: 5
716.8047 	DATA 	TR 460 | TR1 230 | TR2 230
718.3718 	DATA 	Keypress: 5
718.3878 	DATA 	TR 461 | TR1 231 | TR2 230
719.9377 	DATA 	Keypress: 5
719.9378 	DATA 	TR 462 | TR1 231 | TR2 231
721.5043 	DATA 	Keypress: 5
721.5043 	DATA 	TR 463 | TR1 232 | TR2 231
723.0541 	DATA 	Keypress: 5
723.0542 	DATA 	TR 464 | TR1 232 | TR2 232
724.6206 	DATA 	Keypress: 5
724.6207 	DATA 	TR 465 | TR1 233 | TR2 232
726.1711 	DATA 	Keypress: 5
726.1871 	DATA 	TR 466 | TR1 233 | TR2 233
727.7537 	DATA 	Keypress: 5
727.7538 	DATA 	TR 467 | TR1 234 | TR2 233
729.3035 	DATA 	Keypress: 5
729.3036 	DATA 	TR 468 | TR1 234 | TR2 234
730.8700 	DATA 	Keypress: 5
730.8701 	DATA 	TR 469 | TR1 235 | TR2 234
732.4199 	DATA 	Keypress: 5
732.4200 	DATA 	TR 470 | TR1 235 | TR2 235
734.0031 	DATA 	Keypress: 5
734.0031 	DATA 	TR 471 | TR1 236 | TR2 235
735.5530 	DATA 	Keypress: 5
735.5530 	DATA 	TR 472 | TR1 236 | TR2 236
737.1195 	DATA 	Keypress: 5
737.1195 	DATA 	TR 473 | TR1 237 | TR2 236
738.6694 	DATA 	Keypress: 5
738.6694 	DATA 	TR 474 | TR1 237 | TR2 237
740.2360 	DATA 	Keypress: 5
740.2360 	DATA 	TR 475 | TR1 238 | TR2 237
741.8024 	DATA 	Keypress: 5
741.8024 	DATA 	TR 476 | TR1 238 | TR2 238
743.3690 	DATA 	Keypress: 5
743.3690 	DATA 	TR 477 | TR1 239 | TR2 238
744.9189 	DATA 	Keypress: 5
744.9190 	DATA 	TR 478 | TR1 239 | TR2 239
746.4853 	DATA 	Keypress: 5
746.4854 	DATA 	TR 479 | TR1 240 | TR2 239
748.0352 	DATA 	Keypress: 5
748.0352 	DATA 	TR 480 | TR1 240 | TR2 240
749.6183 	DATA 	Keypress: 5
749.6184 	DATA 	TR 481 | TR1 241 | TR2 240
751.1682 	DATA 	Keypress: 5
751.1683 	DATA 	TR 482 | TR1 241 | TR2 241
752.7347 	DATA 	Keypress: 5
752.7348 	DATA 	TR 483 | TR1 242 | TR2 241
753.5013 	DATA 	
753.5013 	DATA 	Trial complete
753.5013 	DATA 	
754.2846 	DATA 	Keypress: 5
754.2846 	DATA 	TR 484 | TR1 242 | TR2 242
755.8678 	DATA 	Keypress: 5
755.8678 	DATA 	Waited 69.57701086997986 seconds for trigger
755.8686 	DATA 	
755.8686 	DATA 	Trial 20
755.8686 	DATA 	stimDur = 12.0
755.8686 	DATA 	jitter = 1.5705
755.8686 	DATA 	restDur = 30.0

755.8686 	DATA 	
755.8686 	DATA 	TR 485 | TR1 243 | TR2 242
757.4177 	DATA 	Keypress: 5
757.4177 	DATA 	TR 486 | TR1 243 | TR2 243
757.4509 	DATA 	
757.4509 	DATA 	stimulation started
757.4509 	DATA 	
758.9842 	DATA 	Keypress: 5
758.9843 	DATA 	TR 487 | TR1 244 | TR2 243
760.5342 	DATA 	Keypress: 5
760.5343 	DATA 	TR 488 | TR1 244 | TR2 244
762.1007 	DATA 	Keypress: 5
762.1008 	DATA 	TR 489 | TR1 245 | TR2 244
763.6512 	DATA 	Keypress: 5
763.6671 	DATA 	TR 490 | TR1 245 | TR2 245
765.2336 	DATA 	Keypress: 5
765.2337 	DATA 	TR 491 | TR1 246 | TR2 245
766.7835 	DATA 	Keypress: 5
766.7836 	DATA 	TR 492 | TR1 246 | TR2 246
768.3500 	DATA 	Keypress: 5
768.3501 	DATA 	TR 493 | TR1 247 | TR2 246
769.4499 	DATA 	
769.4499 	DATA 	stimulation stopped
769.4499 	DATA 	
769.8998 	DATA 	Keypress: 5
769.8999 	DATA 	TR 494 | TR1 247 | TR2 247
771.4830 	DATA 	Keypress: 5
771.4830 	DATA 	TR 495 | TR1 248 | TR2 247
773.0329 	DATA 	Keypress: 5
773.0329 	DATA 	TR 496 | TR1 248 | TR2 248
774.5994 	DATA 	Keypress: 5
774.5994 	DATA 	TR 497 | TR1 249 | TR2 248
776.1493 	DATA 	Keypress: 5
776.1493 	DATA 	TR 498 | TR1 249 | TR2 249
777.7163 	DATA 	Keypress: 5
777.7324 	DATA 	TR 499 | TR1 250 | TR2 249
779.2823 	DATA 	Keypress: 5
779.2824 	DATA 	TR 500 | TR1 250 | TR2 250
780.8488 	DATA 	Keypress: 5
780.8489 	DATA 	TR 501 | TR1 251 | TR2 250
782.3987 	DATA 	Keypress: 5
782.3987 	DATA 	TR 502 | TR1 251 | TR2 251
783.9652 	DATA 	Keypress: 5
783.9653 	DATA 	TR 503 | TR1 252 | TR2 251
785.5151 	DATA 	Keypress: 5
785.5151 	DATA 	TR 504 | TR1 252 | TR2 252
787.0982 	DATA 	Keypress: 5
787.0983 	DATA 	TR 505 | TR1 253 | TR2 252
788.6481 	DATA 	Keypress: 5
788.6482 	DATA 	TR 506 | TR1 253 | TR2 253
790.2146 	DATA 	Keypress: 5
790.2147 	DATA 	TR 507 | TR1 254 | TR2 253
791.7645 	DATA 	Keypress: 5
791.7645 	DATA 	TR 508 | TR1 254 | TR2 254
793.3477 	DATA 	Keypress: 5
793.3477 	DATA 	TR 509 | TR1 255 | TR2 254
794.8975 	DATA 	Keypress: 5
794.8976 	DATA 	TR 510 | TR1 255 | TR2 255
796.4640 	DATA 	Keypress: 5
796.4641 	DATA 	TR 511 | TR1 256 | TR2 255
798.0139 	DATA 	Keypress: 5
798.0140 	DATA 	TR 512 | TR1 256 | TR2 256
799.4471 	DATA 	
799.4471 	DATA 	Trial complete
799.4471 	DATA 	
799.5804 	DATA 	Keypress: 5
799.5805 	DATA 	TR 513 | TR1 257 | TR2 256
801.1309 	DATA 	Keypress: 5
801.1469 	DATA 	TR 514 | TR1 257 | TR2 257
802.7135 	DATA 	Keypress: 5
802.7135 	DATA 	TR 515 | TR1 258 | TR2 257
804.2634 	DATA 	Keypress: 5
804.2634 	DATA 	TR 516 | TR1 258 | TR2 258
805.8299 	DATA 	Keypress: 5
805.8299 	DATA 	TR 517 | TR1 259 | TR2 258
807.3797 	DATA 	Keypress: 5
807.3798 	DATA 	TR 518 | TR1 259 | TR2 259
808.9629 	DATA 	Keypress: 5
808.9630 	DATA 	TR 519 | TR1 260 | TR2 259
810.5128 	DATA 	Keypress: 5
810.5128 	DATA 	TR 520 | TR1 260 | TR2 260
812.0793 	DATA 	Keypress: 5
812.0793 	DATA 	TR 521 | TR1 261 | TR2 260
813.6292 	DATA 	Keypress: 5
813.6292 	DATA 	TR 522 | TR1 261 | TR2 261
815.1962 	DATA 	Keypress: 5
815.2123 	DATA 	TR 523 | TR1 262 | TR2 261
816.7622 	DATA 	Keypress: 5
816.7623 	DATA 	TR 524 | TR1 262 | TR2 262
818.3287 	DATA 	Keypress: 5
818.3288 	DATA 	TR 525 | TR1 263 | TR2 262
819.8786 	DATA 	Keypress: 5
819.8786 	DATA 	TR 526 | TR1 263 | TR2 263
821.4451 	DATA 	Keypress: 5
821.4451 	DATA 	TR 527 | TR1 264 | TR2 263
822.9951 	DATA 	Keypress: 5
822.9952 	DATA 	TR 528 | TR1 264 | TR2 264
824.5781 	DATA 	Keypress: 5
824.5782 	DATA 	TR 529 | TR1 265 | TR2 264
826.1280 	DATA 	Keypress: 5
826.1281 	DATA 	TR 530 | TR1 265 | TR2 265
827.6945 	DATA 	Keypress: 5
827.6946 	DATA 	TR 531 | TR1 266 | TR2 265
829.2444 	DATA 	Keypress: 5
829.2444 	DATA 	TR 532 | TR1 266 | TR2 266
830.8275 	DATA 	Keypress: 5
830.8276 	DATA 	TR 533 | TR1 267 | TR2 266
832.3775 	DATA 	Keypress: 5
832.3775 	DATA 	TR 534 | TR1 267 | TR2 267
833.9439 	DATA 	Keypress: 5
833.9440 	DATA 	TR 535 | TR1 268 | TR2 267
835.4938 	DATA 	Keypress: 5
835.4939 	DATA 	TR 536 | TR1 268 | TR2 268
837.0603 	DATA 	Keypress: 5
837.0604 	DATA 	TR 537 | TR1 269 | TR2 268
838.6269 	DATA 	Keypress: 5
838.6269 	DATA 	TR 538 | TR1 269 | TR2 269
840.1934 	DATA 	Keypress: 5
840.1934 	DATA 	TR 539 | TR1 270 | TR2 269
841.7433 	DATA 	Keypress: 5
841.7433 	DATA 	TR 540 | TR1 270 | TR2 270
843.3098 	DATA 	Keypress: 5
843.3098 	DATA 	TR 541 | TR1 271 | TR2 270
844.8596 	DATA 	Keypress: 5
844.8597 	DATA 	TR 542 | TR1 271 | TR2 271
846.4428 	DATA 	Keypress: 5
846.4429 	DATA 	TR 543 | TR1 272 | TR2 271
847.9927 	DATA 	Keypress: 5
847.9927 	DATA 	TR 544 | TR1 272 | TR2 272
849.5592 	DATA 	Keypress: 5
849.5592 	DATA 	TR 545 | TR1 273 | TR2 272
851.1091 	DATA 	Keypress: 5
851.1091 	DATA 	TR 546 | TR1 273 | TR2 273
852.6922 	DATA 	Keypress: 5
852.6923 	DATA 	TR 547 | TR1 274 | TR2 273
854.2421 	DATA 	Keypress: 5
854.2422 	DATA 	TR 548 | TR1 274 | TR2 274
855.8086 	DATA 	Keypress: 5
855.8087 	DATA 	TR 549 | TR1 275 | TR2 274
857.3585 	DATA 	Keypress: 5
857.3585 	DATA 	TR 550 | TR1 275 | TR2 275
858.9250 	DATA 	Keypress: 5
858.9251 	DATA 	TR 551 | TR1 276 | TR2 275
860.4749 	DATA 	Keypress: 5
860.4749 	DATA 	TR 552 | TR1 276 | TR2 276
862.0580 	DATA 	Keypress: 5
862.0581 	DATA 	TR 553 | TR1 277 | TR2 276
863.6079 	DATA 	Keypress: 5
863.6080 	DATA 	TR 554 | TR1 277 | TR2 277
865.1746 	DATA 	Keypress: 5
865.1747 	DATA 	TR 555 | TR1 278 | TR2 277
866.7243 	DATA 	Keypress: 5
866.7243 	DATA 	TR 556 | TR1 278 | TR2 278
867.4575 	DATA 	EndOfRun sub-08_ses-05_run-01

867.4575 	DATA 	We spent 96.8931016921997 seconds waiting for triggers
867.4575 	DATA 	RatioOfDetectedTargets 1.0
867.4575 	DATA 	You have detected 12 out of 12 targets.
872.4873 	EXP 	window1: mouseVisible = True
