MonitorDistance=99cm
MonitorWidth=30cm
PixelWidth=1024.0
PixelHeight=768.0
You have detected 12 out of 12 targets.
Excellent! Keep up the good work
7.7919 	INFO 	Loaded monitor calibration from ['2021_05_26 17:55']
8.2593 	EXP 	Created window1 = Window(allowGUI=False, allowStencil=False, autoLog=True, backendConf=UNKNOWN, bitsMode=UNKNOWN, blendMode='avg', bpc=(8, 8, 8), color=array([-0.5, -0.5, -0.5]), colorSpace='rgb', depthBits=8, fullscr=<method-wrapper '__getattribute__' of attributeSetter object at 0x7fe4c9a39400>, gamma=None, gammaErrorPolicy='raise', lms=UNKNOWN, monitor=<psychopy.monitors.calibTools.Monitor object at 0x7fe4bf85b048>, multiSample=False, name='window1', numSamples=2, pos=[0.0, 0.0], screen=0, size=array([1024,  768]), stencilBits=0, stereo=False, units='deg', useFBO=False, useRetina=False, viewOri=0.0, viewPos=None, viewScale=None, waitBlanking=True, winType='pyglet')
8.2594 	EXP 	window1: mouseVisible = True
8.3250 	EXP 	Created unnamed TextStim = TextStim(__class__=<class 'psychopy.visual.text.TextStim'>, alignHoriz=method-wrapper(...), alignText='center', alignVert=method-wrapper(...), anchorHoriz='center', anchorVert='center', antialias=True, autoLog=True, bold=False, color=array([1., 1., 1.]), colorSpace='rgb', contrast=1.0, depth=0, flipHoriz=False, flipVert=False, font='', fontFiles=[], height=0.5, italic=False, languageStyle='LTR', name='unnamed TextStim', opacity=1.0, ori=0.0, pos=array([0., 0.]), rgb=UNKNOWN, text=str(...), units='deg', win=Window(...), wrapWidth=15.0)
8.3546 	EXP 	Created Movie Frame 0 = ImageStim(__class__=<class 'psychopy.visual.image.ImageStim'>, autoLog=True, color=array([0.8, 0.8, 0.8]), colorSpace='rgb', contrast=0.8, depth=0, flipHoriz=False, flipVert=False, image='visual_0.png', interpolate=False, mask=None, maskParams=None, name='Movie Frame 0', opacity=1, ori=0.0, pos=array([0., 0.]), size=array([1024,  768]), texRes=128, units='pix', win=Window(...))
8.3777 	EXP 	Created Movie Frame 1 = ImageStim(__class__=<class 'psychopy.visual.image.ImageStim'>, autoLog=True, color=array([0.8, 0.8, 0.8]), colorSpace='rgb', contrast=0.8, depth=0, flipHoriz=False, flipVert=False, image='visual_1.png', interpolate=False, mask=None, maskParams=None, name='Movie Frame 1', opacity=1, ori=0.0, pos=array([0., 0.]), size=array([1024,  768]), texRes=128, units='pix', win=Window(...))
48.5202 	DATA 	Keypress: 5
0.0000 	DATA 	StartOfRun sub-08_ses-05_run-05
0.0000 	DATA 	TR 1 | TR1 1 | TR2 0
0.0183 	DATA 	Initial baseline

1.5503 	DATA 	Keypress: 5
1.5504 	DATA 	TR 2 | TR1 1 | TR2 1
3.1225 	DATA 	Keypress: 5
3.1226 	DATA 	TR 3 | TR1 2 | TR2 1
4.6737 	DATA 	Keypress: 5
4.6738 	DATA 	TR 4 | TR1 2 | TR2 2
6.2459 	DATA 	Keypress: 5
6.2460 	DATA 	TR 5 | TR1 3 | TR2 2
7.7971 	DATA 	Keypress: 5
7.7971 	DATA 	TR 6 | TR1 3 | TR2 3
9.3693 	DATA 	Keypress: 5
9.3693 	DATA 	TR 7 | TR1 4 | TR2 3
10.9205 	DATA 	Keypress: 5
10.9205 	DATA 	TR 8 | TR1 4 | TR2 4
12.4917 	DATA 	Keypress: 5
12.4917 	DATA 	TR 9 | TR1 5 | TR2 4
14.0439 	DATA 	Keypress: 5
14.0439 	DATA 	TR 10 | TR1 5 | TR2 5
15.6151 	DATA 	Keypress: 5
15.6151 	DATA 	TR 11 | TR1 6 | TR2 5
17.1673 	DATA 	Keypress: 5
17.1673 	DATA 	TR 12 | TR1 6 | TR2 6
18.7385 	DATA 	Keypress: 5
18.7385 	DATA 	TR 13 | TR1 7 | TR2 6
20.2906 	DATA 	Keypress: 5
20.2907 	DATA 	TR 14 | TR1 7 | TR2 7
21.8618 	DATA 	Keypress: 5
21.8619 	DATA 	TR 15 | TR1 8 | TR2 7
23.4140 	DATA 	Keypress: 5
23.4141 	DATA 	TR 16 | TR1 8 | TR2 8
24.9852 	DATA 	Keypress: 5
24.9853 	DATA 	TR 17 | TR1 9 | TR2 8
26.5374 	DATA 	Keypress: 5
26.5374 	DATA 	TR 18 | TR1 9 | TR2 9
28.1086 	DATA 	Keypress: 5
28.1086 	DATA 	TR 19 | TR1 10 | TR2 9
29.6608 	DATA 	Keypress: 5
29.6608 	DATA 	TR 20 | TR1 10 | TR2 10
31.2328 	DATA 	Keypress: 5
31.2328 	DATA 	Waited 1.2328200340270996 seconds for trigger
31.2343 	DATA 	
31.2343 	DATA 	Trial 1
31.2343 	DATA 	stimDur = 4.0
31.2343 	DATA 	jitter = 1.5705
31.2343 	DATA 	restDur = 24.0

31.2343 	DATA 	
31.2343 	DATA 	TR 21 | TR1 11 | TR2 10
32.7993 	DATA 	Keypress: 5
32.7994 	DATA 	TR 22 | TR1 11 | TR2 11
32.8159 	DATA 	
32.8159 	DATA 	stimulation started
32.8159 	DATA 	
34.3659 	DATA 	Keypress: 5
34.3659 	DATA 	TR 23 | TR1 12 | TR2 11
35.9157 	DATA 	Keypress: 5
35.9158 	DATA 	TR 24 | TR1 12 | TR2 12
36.8156 	DATA 	
36.8156 	DATA 	stimulation stopped
36.8156 	DATA 	
37.4822 	DATA 	Keypress: 5
37.4822 	DATA 	TR 25 | TR1 13 | TR2 12
39.0320 	DATA 	Keypress: 5
39.0321 	DATA 	TR 26 | TR1 13 | TR2 13
40.6152 	DATA 	Keypress: 5
40.6153 	DATA 	TR 27 | TR1 14 | TR2 13
42.1651 	DATA 	Keypress: 5
42.1652 	DATA 	TR 28 | TR1 14 | TR2 14
43.7316 	DATA 	Keypress: 5
43.7316 	DATA 	TR 29 | TR1 15 | TR2 14
45.2815 	DATA 	Keypress: 5
45.2815 	DATA 	TR 30 | TR1 15 | TR2 15
46.8646 	DATA 	Keypress: 5
46.8647 	DATA 	TR 31 | TR1 16 | TR2 15
48.4148 	DATA 	Keypress: 5
48.4148 	DATA 	TR 32 | TR1 16 | TR2 16
49.9810 	DATA 	Keypress: 5
49.9811 	DATA 	TR 33 | TR1 17 | TR2 16
51.5309 	DATA 	Keypress: 5
51.5310 	DATA 	TR 34 | TR1 17 | TR2 17
53.0975 	DATA 	Keypress: 5
53.0975 	DATA 	TR 35 | TR1 18 | TR2 17
54.6474 	DATA 	Keypress: 5
54.6475 	DATA 	TR 36 | TR1 18 | TR2 18
56.2306 	DATA 	Keypress: 5
56.2306 	DATA 	TR 37 | TR1 19 | TR2 18
57.7803 	DATA 	Keypress: 5
57.7804 	DATA 	TR 38 | TR1 19 | TR2 19
59.3468 	DATA 	Keypress: 5
59.3469 	DATA 	TR 39 | TR1 20 | TR2 19
60.8133 	DATA 	
60.8133 	DATA 	Trial complete
60.8134 	DATA 	Waiting for VASO trigger to start next trial
60.8134 	DATA 	
60.8967 	DATA 	Keypress: 5
60.8968 	DATA 	TR 40 | TR1 20 | TR2 20
62.4799 	DATA 	Keypress: 5
62.4799 	DATA 	Waited 1.6665599346160889 seconds for trigger
62.4807 	DATA 	
62.4807 	DATA 	Trial 2
62.4807 	DATA 	stimDur = 12.0
62.4807 	DATA 	jitter = 2.35575
62.4807 	DATA 	restDur = 30.0

62.4807 	DATA 	
62.4807 	DATA 	TR 41 | TR1 21 | TR2 20
64.0297 	DATA 	Keypress: 5
64.0298 	DATA 	TR 42 | TR1 21 | TR2 21
64.8463 	DATA 	
64.8463 	DATA 	stimulation started
64.8463 	DATA 	
65.5964 	DATA 	Keypress: 5
65.5964 	DATA 	TR 43 | TR1 22 | TR2 21
67.1462 	DATA 	Keypress: 5
67.1462 	DATA 	TR 44 | TR1 22 | TR2 22
68.7135 	DATA 	Keypress: 5
68.7293 	DATA 	TR 45 | TR1 23 | TR2 22
70.2792 	DATA 	Keypress: 5
70.2793 	DATA 	TR 46 | TR1 23 | TR2 23
71.8458 	DATA 	Keypress: 5
71.8458 	DATA 	TR 47 | TR1 24 | TR2 23
73.3957 	DATA 	Keypress: 5
73.3958 	DATA 	TR 48 | TR1 24 | TR2 24
74.9621 	DATA 	Keypress: 5
74.9622 	DATA 	TR 49 | TR1 25 | TR2 24
76.5120 	DATA 	Keypress: 5
76.5120 	DATA 	TR 50 | TR1 25 | TR2 25
76.8452 	DATA 	
76.8452 	DATA 	stimulation stopped
76.8453 	DATA 	
78.0951 	DATA 	Keypress: 5
78.0952 	DATA 	TR 51 | TR1 26 | TR2 25
79.6451 	DATA 	Keypress: 5
79.6451 	DATA 	TR 52 | TR1 26 | TR2 26
81.2115 	DATA 	Keypress: 5
81.2115 	DATA 	TR 53 | TR1 27 | TR2 26
82.7613 	DATA 	Keypress: 5
82.7614 	DATA 	TR 54 | TR1 27 | TR2 27
84.3446 	DATA 	Keypress: 5
84.3446 	DATA 	TR 55 | TR1 28 | TR2 27
84.9111 	DATA 	Target presented
85.4778 	DATA 	Keypress: 1
85.4778 	DATA 	Key1 pressed
85.4778 	DATA 	Target detected
85.8945 	DATA 	Keypress: 5
85.8946 	DATA 	TR 56 | TR1 28 | TR2 28
87.4610 	DATA 	Keypress: 5
87.4610 	DATA 	TR 57 | TR1 29 | TR2 28
89.0108 	DATA 	Keypress: 5
89.0108 	DATA 	TR 58 | TR1 29 | TR2 29
90.5773 	DATA 	Keypress: 5
90.5773 	DATA 	TR 59 | TR1 30 | TR2 29
92.1278 	DATA 	Keypress: 5
92.1438 	DATA 	TR 60 | TR1 30 | TR2 30
93.7104 	DATA 	Keypress: 5
93.7104 	DATA 	TR 61 | TR1 31 | TR2 30
95.2602 	DATA 	Keypress: 5
95.2602 	DATA 	TR 62 | TR1 31 | TR2 31
96.8267 	DATA 	Keypress: 5
96.8268 	DATA 	TR 63 | TR1 32 | TR2 31
98.3766 	DATA 	Keypress: 5
98.3766 	DATA 	TR 64 | TR1 32 | TR2 32
99.9598 	DATA 	Keypress: 5
99.9598 	DATA 	TR 65 | TR1 33 | TR2 32
101.5096 	DATA 	Keypress: 5
101.5097 	DATA 	TR 66 | TR1 33 | TR2 33
103.0762 	DATA 	Keypress: 5
103.0762 	DATA 	TR 67 | TR1 34 | TR2 33
104.6260 	DATA 	Keypress: 5
104.6260 	DATA 	TR 68 | TR1 34 | TR2 34
106.2093 	DATA 	Keypress: 5
106.2094 	DATA 	TR 69 | TR1 35 | TR2 34
106.8424 	DATA 	
106.8424 	DATA 	Trial complete
106.8425 	DATA 	Waiting for VASO trigger to start next trial
106.8425 	DATA 	
107.7590 	DATA 	Keypress: 5
107.7591 	DATA 	TR 70 | TR1 35 | TR2 35
109.3256 	DATA 	Keypress: 5
109.3256 	DATA 	Waited 2.4831631183624268 seconds for trigger
109.3264 	DATA 	
109.3264 	DATA 	Trial 3
109.3264 	DATA 	stimDur = 24.0
109.3264 	DATA 	jitter = 0.78525
109.3264 	DATA 	restDur = 40.0

109.3264 	DATA 	
109.3264 	DATA 	TR 71 | TR1 36 | TR2 35
110.1254 	DATA 	
110.1255 	DATA 	stimulation started
110.1255 	DATA 	
110.8755 	DATA 	Keypress: 5
110.8755 	DATA 	TR 72 | TR1 36 | TR2 36
112.4420 	DATA 	Keypress: 5
112.4421 	DATA 	TR 73 | TR1 37 | TR2 36
113.9918 	DATA 	Keypress: 5
113.9919 	DATA 	TR 74 | TR1 37 | TR2 37
115.5751 	DATA 	Keypress: 5
115.5751 	DATA 	TR 75 | TR1 38 | TR2 37
117.1249 	DATA 	Keypress: 5
117.1250 	DATA 	TR 76 | TR1 38 | TR2 38
118.6915 	DATA 	Keypress: 5
118.6915 	DATA 	TR 77 | TR1 39 | TR2 38
120.2413 	DATA 	Keypress: 5
120.2413 	DATA 	TR 78 | TR1 39 | TR2 39
121.8245 	DATA 	Keypress: 5
121.8246 	DATA 	TR 79 | TR1 40 | TR2 39
123.3743 	DATA 	Keypress: 5
123.3744 	DATA 	TR 80 | TR1 40 | TR2 40
124.9409 	DATA 	Keypress: 5
124.9409 	DATA 	TR 81 | TR1 41 | TR2 40
126.4907 	DATA 	Keypress: 5
126.4908 	DATA 	TR 82 | TR1 41 | TR2 41
128.0573 	DATA 	Keypress: 5
128.0573 	DATA 	TR 83 | TR1 42 | TR2 41
129.6237 	DATA 	Keypress: 5
129.6238 	DATA 	TR 84 | TR1 42 | TR2 42
131.1903 	DATA 	Keypress: 5
131.1904 	DATA 	TR 85 | TR1 43 | TR2 42
132.7401 	DATA 	Keypress: 5
132.7402 	DATA 	TR 86 | TR1 43 | TR2 43
134.1233 	DATA 	
134.1233 	DATA 	stimulation stopped
134.1233 	DATA 	
134.3066 	DATA 	Keypress: 5
134.3066 	DATA 	TR 87 | TR1 44 | TR2 43
135.8565 	DATA 	Keypress: 5
135.8566 	DATA 	TR 88 | TR1 44 | TR2 44
137.4397 	DATA 	Keypress: 5
137.4397 	DATA 	TR 89 | TR1 45 | TR2 44
138.9895 	DATA 	Keypress: 5
138.9896 	DATA 	TR 90 | TR1 45 | TR2 45
140.5561 	DATA 	Keypress: 5
140.5561 	DATA 	TR 91 | TR1 46 | TR2 45
142.1059 	DATA 	Keypress: 5
142.1060 	DATA 	TR 92 | TR1 46 | TR2 46
143.6731 	DATA 	Keypress: 5
143.6892 	DATA 	TR 93 | TR1 47 | TR2 46
145.2389 	DATA 	Keypress: 5
145.2390 	DATA 	TR 94 | TR1 47 | TR2 47
146.7221 	DATA 	Target presented
146.8055 	DATA 	Keypress: 5
146.8055 	DATA 	TR 95 | TR1 48 | TR2 47
147.2054 	DATA 	Keypress: 1
147.2055 	DATA 	Key1 pressed
147.2055 	DATA 	Target detected
148.3553 	DATA 	Keypress: 5
148.3553 	DATA 	TR 96 | TR1 48 | TR2 48
149.9219 	DATA 	Keypress: 5
149.9219 	DATA 	TR 97 | TR1 49 | TR2 48
151.4723 	DATA 	Keypress: 5
151.4883 	DATA 	TR 98 | TR1 49 | TR2 49
153.0549 	DATA 	Keypress: 5
153.0550 	DATA 	TR 99 | TR1 50 | TR2 49
154.6047 	DATA 	Keypress: 5
154.6048 	DATA 	TR 100 | TR1 50 | TR2 50
156.1713 	DATA 	Keypress: 5
156.1713 	DATA 	TR 101 | TR1 51 | TR2 50
157.7211 	DATA 	Keypress: 5
157.7212 	DATA 	TR 102 | TR1 51 | TR2 51
159.3043 	DATA 	Keypress: 5
159.3044 	DATA 	TR 103 | TR1 52 | TR2 51
160.8541 	DATA 	Keypress: 5
160.8542 	DATA 	TR 104 | TR1 52 | TR2 52
162.4207 	DATA 	Keypress: 5
162.4208 	DATA 	TR 105 | TR1 53 | TR2 52
163.9705 	DATA 	Keypress: 5
163.9706 	DATA 	TR 106 | TR1 53 | TR2 53
165.5371 	DATA 	Keypress: 5
165.5371 	DATA 	TR 107 | TR1 54 | TR2 53
167.1036 	DATA 	Keypress: 5
167.1036 	DATA 	TR 108 | TR1 54 | TR2 54
168.6701 	DATA 	Keypress: 5
168.6701 	DATA 	TR 109 | TR1 55 | TR2 54
170.2200 	DATA 	Keypress: 5
170.2200 	DATA 	TR 110 | TR1 55 | TR2 55
171.7865 	DATA 	Keypress: 5
171.7866 	DATA 	TR 111 | TR1 56 | TR2 55
173.3363 	DATA 	Keypress: 5
173.3364 	DATA 	TR 112 | TR1 56 | TR2 56
174.1196 	DATA 	
174.1196 	DATA 	Trial complete
174.1196 	DATA 	Waiting for VASO trigger to start next trial
174.1196 	DATA 	
174.9195 	DATA 	Keypress: 5
174.9196 	DATA 	Waited 0.7999918460845947 seconds for trigger
174.9204 	DATA 	
174.9204 	DATA 	Trial 4
174.9204 	DATA 	stimDur = 24.0
174.9204 	DATA 	jitter = 1.5705
174.9204 	DATA 	restDur = 40.0

174.9204 	DATA 	
174.9204 	DATA 	TR 113 | TR1 57 | TR2 56
176.4694 	DATA 	Keypress: 5
176.4694 	DATA 	TR 114 | TR1 57 | TR2 57
176.5027 	DATA 	
176.5027 	DATA 	stimulation started
176.5027 	DATA 	
178.0360 	DATA 	Keypress: 5
178.0360 	DATA 	TR 115 | TR1 58 | TR2 57
179.5858 	DATA 	Keypress: 5
179.5859 	DATA 	TR 116 | TR1 58 | TR2 58
181.1691 	DATA 	Keypress: 5
181.1691 	DATA 	TR 117 | TR1 59 | TR2 58
182.7189 	DATA 	Keypress: 5
182.7189 	DATA 	TR 118 | TR1 59 | TR2 59
184.2854 	DATA 	Keypress: 5
184.2855 	DATA 	TR 119 | TR1 60 | TR2 59
185.8352 	DATA 	Keypress: 5
185.8353 	DATA 	TR 120 | TR1 60 | TR2 60
187.4019 	DATA 	Keypress: 5
187.4020 	DATA 	TR 121 | TR1 61 | TR2 60
188.9516 	DATA 	Keypress: 5
188.9517 	DATA 	TR 122 | TR1 61 | TR2 61
190.5348 	DATA 	Keypress: 5
190.5349 	DATA 	TR 123 | TR1 62 | TR2 61
192.0847 	DATA 	Keypress: 5
192.0847 	DATA 	TR 124 | TR1 62 | TR2 62
193.6512 	DATA 	Keypress: 5
193.6513 	DATA 	TR 125 | TR1 63 | TR2 62
195.2010 	DATA 	Keypress: 5
195.2011 	DATA 	TR 126 | TR1 63 | TR2 63
196.7843 	DATA 	Keypress: 5
196.7843 	DATA 	TR 127 | TR1 64 | TR2 63
198.3341 	DATA 	Keypress: 5
198.3341 	DATA 	TR 128 | TR1 64 | TR2 64
199.9006 	DATA 	Keypress: 5
199.9007 	DATA 	TR 129 | TR1 65 | TR2 64
200.5005 	DATA 	
200.5005 	DATA 	stimulation stopped
200.5005 	DATA 	
201.4504 	DATA 	Keypress: 5
201.4505 	DATA 	TR 130 | TR1 65 | TR2 65
202.8003 	DATA 	Target presented
203.0176 	DATA 	Keypress: 5
203.0336 	DATA 	TR 131 | TR1 66 | TR2 65
203.2669 	DATA 	Keypress: 1
203.2670 	DATA 	Key1 pressed
203.2670 	DATA 	Target detected
204.5835 	DATA 	Keypress: 5
204.5835 	DATA 	TR 132 | TR1 66 | TR2 66
206.1500 	DATA 	Keypress: 5
206.1501 	DATA 	TR 133 | TR1 67 | TR2 66
207.6998 	DATA 	Keypress: 5
207.6999 	DATA 	TR 134 | TR1 67 | TR2 67
209.2664 	DATA 	Keypress: 5
209.2664 	DATA 	TR 135 | TR1 68 | TR2 67
210.8162 	DATA 	Keypress: 5
210.8162 	DATA 	TR 136 | TR1 68 | TR2 68
212.3995 	DATA 	Keypress: 5
212.3995 	DATA 	TR 137 | TR1 69 | TR2 68
213.9493 	DATA 	Keypress: 5
213.9493 	DATA 	TR 138 | TR1 69 | TR2 69
215.5158 	DATA 	Keypress: 5
215.5159 	DATA 	TR 139 | TR1 70 | TR2 69
217.0656 	DATA 	Keypress: 5
217.0657 	DATA 	TR 140 | TR1 70 | TR2 70
218.6489 	DATA 	Keypress: 5
218.6489 	DATA 	TR 141 | TR1 71 | TR2 70
220.1987 	DATA 	Keypress: 5
220.1987 	DATA 	TR 142 | TR1 71 | TR2 71
221.7653 	DATA 	Keypress: 5
221.7653 	DATA 	TR 143 | TR1 72 | TR2 71
223.3151 	DATA 	Keypress: 5
223.3151 	DATA 	TR 144 | TR1 72 | TR2 72
224.8816 	DATA 	Keypress: 5
224.8816 	DATA 	TR 145 | TR1 73 | TR2 72
226.4320 	DATA 	Keypress: 5
226.4481 	DATA 	TR 146 | TR1 73 | TR2 73
228.0147 	DATA 	Keypress: 5
228.0147 	DATA 	TR 147 | TR1 74 | TR2 73
229.5645 	DATA 	Keypress: 5
229.5645 	DATA 	TR 148 | TR1 74 | TR2 74
231.1310 	DATA 	Keypress: 5
231.1311 	DATA 	TR 149 | TR1 75 | TR2 74
232.6809 	DATA 	Keypress: 5
232.6809 	DATA 	TR 150 | TR1 75 | TR2 75
234.2641 	DATA 	Keypress: 5
234.2641 	DATA 	TR 151 | TR1 76 | TR2 75
235.8139 	DATA 	Keypress: 5
235.8140 	DATA 	TR 152 | TR1 76 | TR2 76
237.3805 	DATA 	Keypress: 5
237.3805 	DATA 	TR 153 | TR1 77 | TR2 76
238.9303 	DATA 	Keypress: 5
238.9304 	DATA 	TR 154 | TR1 77 | TR2 77
240.4968 	DATA 	
240.4968 	DATA 	Trial complete
240.4968 	DATA 	Waiting for VASO trigger to start next trial
240.4968 	DATA 	
240.5135 	DATA 	Keypress: 5
240.5136 	DATA 	Waited 0.016743898391723633 seconds for trigger
240.5143 	DATA 	
240.5143 	DATA 	Trial 5
240.5143 	DATA 	stimDur = 1.0
240.5143 	DATA 	jitter = 0.78525
240.5144 	DATA 	restDur = 20.0

240.5144 	DATA 	
240.5144 	DATA 	TR 155 | TR1 78 | TR2 77
241.3134 	DATA 	
241.3134 	DATA 	stimulation started
241.3134 	DATA 	
242.0634 	DATA 	Keypress: 5
242.0635 	DATA 	TR 156 | TR1 78 | TR2 78
242.3133 	DATA 	
242.3133 	DATA 	stimulation stopped
242.3134 	DATA 	
243.6299 	DATA 	Keypress: 5
243.6300 	DATA 	TR 157 | TR1 79 | TR2 78
245.1797 	DATA 	Keypress: 5
245.1798 	DATA 	TR 158 | TR1 79 | TR2 79
246.7463 	DATA 	Keypress: 5
246.7463 	DATA 	TR 159 | TR1 80 | TR2 79
248.2962 	DATA 	Keypress: 5
248.2963 	DATA 	TR 160 | TR1 80 | TR2 80
249.8793 	DATA 	Keypress: 5
249.8794 	DATA 	TR 161 | TR1 81 | TR2 80
251.4293 	DATA 	Keypress: 5
251.4293 	DATA 	TR 162 | TR1 81 | TR2 81
252.9957 	DATA 	Keypress: 5
252.9958 	DATA 	TR 163 | TR1 82 | TR2 81
254.5455 	DATA 	Keypress: 5
254.5456 	DATA 	TR 164 | TR1 82 | TR2 82
256.1287 	DATA 	Keypress: 5
256.1288 	DATA 	TR 165 | TR1 83 | TR2 82
257.6786 	DATA 	Keypress: 5
257.6786 	DATA 	TR 166 | TR1 83 | TR2 83
259.2451 	DATA 	Keypress: 5
259.2452 	DATA 	TR 167 | TR1 84 | TR2 83
260.7949 	DATA 	Keypress: 5
260.7950 	DATA 	TR 168 | TR1 84 | TR2 84
262.3115 	DATA 	
262.3115 	DATA 	Trial complete
262.3115 	DATA 	Waiting for VASO trigger to start next trial
262.3115 	DATA 	
262.3615 	DATA 	Keypress: 5
262.3615 	DATA 	Waited 0.05004405975341797 seconds for trigger
262.3623 	DATA 	
262.3623 	DATA 	Trial 6
262.3623 	DATA 	stimDur = 2.0
262.3623 	DATA 	jitter = 0.78525
262.3623 	DATA 	restDur = 22.0

262.3623 	DATA 	
262.3623 	DATA 	TR 169 | TR1 85 | TR2 84
263.1614 	DATA 	
263.1614 	DATA 	stimulation started
263.1614 	DATA 	
263.9281 	DATA 	Keypress: 5
263.9281 	DATA 	TR 170 | TR1 85 | TR2 85
265.1612 	DATA 	
265.1612 	DATA 	stimulation stopped
265.1612 	DATA 	
265.4945 	DATA 	Keypress: 5
265.4946 	DATA 	TR 171 | TR1 86 | TR2 85
267.0444 	DATA 	Keypress: 5
267.0445 	DATA 	TR 172 | TR1 86 | TR2 86
268.6109 	DATA 	Keypress: 5
268.6110 	DATA 	TR 173 | TR1 87 | TR2 86
270.1608 	DATA 	Keypress: 5
270.1608 	DATA 	TR 174 | TR1 87 | TR2 87
271.7440 	DATA 	Keypress: 5
271.7440 	DATA 	TR 175 | TR1 88 | TR2 87
273.2938 	DATA 	Keypress: 5
273.2939 	DATA 	TR 176 | TR1 88 | TR2 88
274.8603 	DATA 	Keypress: 5
274.8604 	DATA 	TR 177 | TR1 89 | TR2 88
276.4102 	DATA 	Keypress: 5
276.4102 	DATA 	TR 178 | TR1 89 | TR2 89
277.9774 	DATA 	Keypress: 5
277.9933 	DATA 	TR 179 | TR1 90 | TR2 89
278.2100 	DATA 	Target presented
278.7266 	DATA 	Keypress: 1
278.7267 	DATA 	Key1 pressed
278.7267 	DATA 	Target detected
279.5432 	DATA 	Keypress: 5
279.5433 	DATA 	TR 180 | TR1 90 | TR2 90
281.1098 	DATA 	Keypress: 5
281.1098 	DATA 	TR 181 | TR1 91 | TR2 90
282.6596 	DATA 	Keypress: 5
282.6597 	DATA 	TR 182 | TR1 91 | TR2 91
284.2262 	DATA 	Keypress: 5
284.2262 	DATA 	TR 183 | TR1 92 | TR2 91
285.7766 	DATA 	Keypress: 5
285.7926 	DATA 	TR 184 | TR1 92 | TR2 92
287.1592 	DATA 	
287.1592 	DATA 	Trial complete
287.1592 	DATA 	Waiting for VASO trigger to start next trial
287.1592 	DATA 	
287.3592 	DATA 	Keypress: 5
287.3593 	DATA 	Waited 0.20005393028259277 seconds for trigger
287.3600 	DATA 	
287.3600 	DATA 	Trial 7
287.3600 	DATA 	stimDur = 4.0
287.3600 	DATA 	jitter = 2.35575
287.3600 	DATA 	restDur = 24.0

287.3600 	DATA 	
287.3600 	DATA 	TR 185 | TR1 93 | TR2 92
288.9090 	DATA 	Keypress: 5
288.9091 	DATA 	TR 186 | TR1 93 | TR2 93
289.7256 	DATA 	
289.7256 	DATA 	stimulation started
289.7256 	DATA 	
290.4756 	DATA 	Keypress: 5
290.4757 	DATA 	TR 187 | TR1 94 | TR2 93
292.0255 	DATA 	Keypress: 5
292.0255 	DATA 	TR 188 | TR1 94 | TR2 94
293.6087 	DATA 	Keypress: 5
293.6088 	DATA 	TR 189 | TR1 95 | TR2 94
293.7253 	DATA 	
293.7253 	DATA 	stimulation stopped
293.7253 	DATA 	
295.1585 	DATA 	Keypress: 5
295.1585 	DATA 	TR 190 | TR1 95 | TR2 95
296.7250 	DATA 	Keypress: 5
296.7251 	DATA 	TR 191 | TR1 96 | TR2 95
298.2748 	DATA 	Keypress: 5
298.2749 	DATA 	TR 192 | TR1 96 | TR2 96
299.8414 	DATA 	Keypress: 5
299.8414 	DATA 	TR 193 | TR1 97 | TR2 96
301.4077 	DATA 	Keypress: 5
301.4078 	DATA 	TR 194 | TR1 97 | TR2 97
302.9744 	DATA 	Keypress: 5
302.9745 	DATA 	TR 195 | TR1 98 | TR2 97
304.5243 	DATA 	Keypress: 5
304.5243 	DATA 	TR 196 | TR1 98 | TR2 98
306.0908 	DATA 	Keypress: 5
306.0909 	DATA 	TR 197 | TR1 99 | TR2 98
307.6406 	DATA 	Keypress: 5
307.6407 	DATA 	TR 198 | TR1 99 | TR2 99
309.2239 	DATA 	Keypress: 5
309.2239 	DATA 	TR 199 | TR1 100 | TR2 99
310.7737 	DATA 	Keypress: 5
310.7737 	DATA 	TR 200 | TR1 100 | TR2 100
312.3402 	DATA 	Keypress: 5
312.3403 	DATA 	TR 201 | TR1 101 | TR2 100
313.8902 	DATA 	Keypress: 5
313.8903 	DATA 	TR 202 | TR1 101 | TR2 101
315.4733 	DATA 	Keypress: 5
315.4733 	DATA 	TR 203 | TR1 102 | TR2 101
317.0231 	DATA 	Keypress: 5
317.0232 	DATA 	TR 204 | TR1 102 | TR2 102
317.7230 	DATA 	
317.7230 	DATA 	Trial complete
317.7230 	DATA 	Waiting for VASO trigger to start next trial
317.7230 	DATA 	
318.5897 	DATA 	Keypress: 5
318.5897 	DATA 	Waited 0.8666610717773438 seconds for trigger
318.5905 	DATA 	
318.5905 	DATA 	Trial 8
318.5905 	DATA 	stimDur = 12.0
318.5905 	DATA 	jitter = 0.0
318.5905 	DATA 	restDur = 30.0

318.5905 	DATA 	
318.5905 	DATA 	TR 205 | TR1 103 | TR2 102
318.5905 	DATA 	
318.5905 	DATA 	stimulation started
318.5905 	DATA 	
320.1397 	DATA 	Keypress: 5
320.1397 	DATA 	TR 206 | TR1 103 | TR2 103
321.7061 	DATA 	Keypress: 5
321.7061 	DATA 	TR 207 | TR1 104 | TR2 103
323.2561 	DATA 	Keypress: 5
323.2561 	DATA 	TR 208 | TR1 104 | TR2 104
324.8391 	DATA 	Keypress: 5
324.8392 	DATA 	TR 209 | TR1 105 | TR2 104
326.3891 	DATA 	Keypress: 5
326.3892 	DATA 	TR 210 | TR1 105 | TR2 105
327.9555 	DATA 	Keypress: 5
327.9556 	DATA 	TR 211 | TR1 106 | TR2 105
329.5054 	DATA 	Keypress: 5
329.5055 	DATA 	TR 212 | TR1 106 | TR2 106
330.5886 	DATA 	Target presented
330.6052 	DATA 	
330.6052 	DATA 	stimulation stopped
330.6052 	DATA 	
331.0885 	DATA 	Keypress: 5
331.0885 	DATA 	TR 213 | TR1 107 | TR2 106
331.1551 	DATA 	Keypress: 1
331.1552 	DATA 	Key1 pressed
331.1552 	DATA 	Target detected
332.6384 	DATA 	Keypress: 5
332.6384 	DATA 	TR 214 | TR1 107 | TR2 107
334.2049 	DATA 	Keypress: 5
334.2049 	DATA 	TR 215 | TR1 108 | TR2 107
335.7548 	DATA 	Keypress: 5
335.7548 	DATA 	TR 216 | TR1 108 | TR2 108
337.3219 	DATA 	Keypress: 5
337.3379 	DATA 	TR 217 | TR1 109 | TR2 108
338.8878 	DATA 	Keypress: 5
338.8878 	DATA 	TR 218 | TR1 109 | TR2 109
340.4543 	DATA 	Keypress: 5
340.4543 	DATA 	TR 219 | TR1 110 | TR2 109
342.0042 	DATA 	Keypress: 5
342.0042 	DATA 	TR 220 | TR1 110 | TR2 110
343.5707 	DATA 	Keypress: 5
343.5707 	DATA 	TR 221 | TR1 111 | TR2 110
345.1206 	DATA 	Keypress: 5
345.1206 	DATA 	TR 222 | TR1 111 | TR2 111
346.7037 	DATA 	Keypress: 5
346.7038 	DATA 	TR 223 | TR1 112 | TR2 111
348.2536 	DATA 	Keypress: 5
348.2537 	DATA 	TR 224 | TR1 112 | TR2 112
349.8201 	DATA 	Keypress: 5
349.8201 	DATA 	TR 225 | TR1 113 | TR2 112
351.3700 	DATA 	Keypress: 5
351.3701 	DATA 	TR 226 | TR1 113 | TR2 113
352.9532 	DATA 	Keypress: 5
352.9532 	DATA 	TR 227 | TR1 114 | TR2 113
354.5030 	DATA 	Keypress: 5
354.5031 	DATA 	TR 228 | TR1 114 | TR2 114
356.0695 	DATA 	Keypress: 5
356.0696 	DATA 	TR 229 | TR1 115 | TR2 114
357.6194 	DATA 	Keypress: 5
357.6195 	DATA 	TR 230 | TR1 115 | TR2 115
359.1859 	DATA 	Keypress: 5
359.1860 	DATA 	TR 231 | TR1 116 | TR2 115
360.6024 	DATA 	
360.6024 	DATA 	Trial complete
360.6024 	DATA 	Waiting for VASO trigger to start next trial
360.6024 	DATA 	
360.7525 	DATA 	Keypress: 5
360.7525 	DATA 	TR 232 | TR1 116 | TR2 116
362.3190 	DATA 	Keypress: 5
362.3190 	DATA 	Waited 1.716567039489746 seconds for trigger
362.3198 	DATA 	
362.3198 	DATA 	Trial 9
362.3198 	DATA 	stimDur = 2.0
362.3198 	DATA 	jitter = 1.5705
362.3198 	DATA 	restDur = 22.0

362.3198 	DATA 	
362.3198 	DATA 	TR 233 | TR1 117 | TR2 116
363.8688 	DATA 	Keypress: 5
363.8689 	DATA 	TR 234 | TR1 117 | TR2 117
363.9021 	DATA 	
363.9021 	DATA 	stimulation started
363.9021 	DATA 	
365.4354 	DATA 	Keypress: 5
365.4354 	DATA 	TR 235 | TR1 118 | TR2 117
365.9020 	DATA 	
365.9020 	DATA 	stimulation stopped
365.9020 	DATA 	
366.9852 	DATA 	Keypress: 5
366.9853 	DATA 	TR 236 | TR1 118 | TR2 118
368.5684 	DATA 	Keypress: 5
368.5684 	DATA 	TR 237 | TR1 119 | TR2 118
370.1183 	DATA 	Keypress: 5
370.1183 	DATA 	TR 238 | TR1 119 | TR2 119
371.6848 	DATA 	Keypress: 5
371.6848 	DATA 	TR 239 | TR1 120 | TR2 119
373.2348 	DATA 	Keypress: 5
373.2348 	DATA 	TR 240 | TR1 120 | TR2 120
374.8178 	DATA 	Keypress: 5
374.8179 	DATA 	TR 241 | TR1 121 | TR2 120
376.3677 	DATA 	Keypress: 5
376.3677 	DATA 	TR 242 | TR1 121 | TR2 121
377.9342 	DATA 	Keypress: 5
377.9342 	DATA 	TR 243 | TR1 122 | TR2 121
379.4841 	DATA 	Keypress: 5
379.4841 	DATA 	TR 244 | TR1 122 | TR2 122
381.0506 	DATA 	Keypress: 5
381.0506 	DATA 	TR 245 | TR1 123 | TR2 122
382.6005 	DATA 	Keypress: 5
382.6005 	DATA 	TR 246 | TR1 123 | TR2 123
384.1836 	DATA 	Keypress: 5
384.1837 	DATA 	TR 247 | TR1 124 | TR2 123
385.7335 	DATA 	Keypress: 5
385.7335 	DATA 	TR 248 | TR1 124 | TR2 124
387.3000 	DATA 	Keypress: 5
387.3000 	DATA 	TR 249 | TR1 125 | TR2 124
387.8999 	DATA 	
387.8999 	DATA 	Trial complete
387.8999 	DATA 	Waiting for VASO trigger to start next trial
387.8999 	DATA 	
388.8499 	DATA 	Keypress: 5
388.8499 	DATA 	TR 250 | TR1 125 | TR2 125
390.4330 	DATA 	Keypress: 5
390.4331 	DATA 	Waited 2.533174991607666 seconds for trigger
390.4339 	DATA 	
390.4339 	DATA 	Trial 10
390.4339 	DATA 	stimDur = 4.0
390.4339 	DATA 	jitter = 0.0
390.4339 	DATA 	restDur = 24.0

390.4339 	DATA 	
390.4339 	DATA 	TR 251 | TR1 126 | TR2 125
390.4339 	DATA 	
390.4339 	DATA 	stimulation started
390.4339 	DATA 	
391.9830 	DATA 	Keypress: 5
391.9830 	DATA 	TR 252 | TR1 126 | TR2 126
393.5495 	DATA 	Keypress: 5
393.5495 	DATA 	TR 253 | TR1 127 | TR2 126
394.4494 	DATA 	
394.4494 	DATA 	stimulation stopped
394.4494 	DATA 	
395.0993 	DATA 	Keypress: 5
395.0993 	DATA 	TR 254 | TR1 127 | TR2 127
396.6654 	DATA 	Keypress: 5
396.6655 	DATA 	TR 255 | TR1 128 | TR2 127
398.2323 	DATA 	Keypress: 5
398.2324 	DATA 	TR 256 | TR1 128 | TR2 128
399.7988 	DATA 	Keypress: 5
399.7989 	DATA 	TR 257 | TR1 129 | TR2 128
401.3487 	DATA 	Keypress: 5
401.3488 	DATA 	TR 258 | TR1 129 | TR2 129
402.9152 	DATA 	Keypress: 5
402.9153 	DATA 	TR 259 | TR1 130 | TR2 129
404.4651 	DATA 	Keypress: 5
404.4652 	DATA 	TR 260 | TR1 130 | TR2 130
405.4817 	DATA 	Target presented
406.0483 	DATA 	Keypress: 5
406.0483 	DATA 	TR 261 | TR1 131 | TR2 130
406.0650 	DATA 	Keypress: 1
406.0650 	DATA 	Key1 pressed
406.0650 	DATA 	Target detected
407.5983 	DATA 	Keypress: 5
407.5984 	DATA 	TR 262 | TR1 131 | TR2 131
409.1647 	DATA 	Keypress: 5
409.1647 	DATA 	TR 263 | TR1 132 | TR2 131
410.7145 	DATA 	Keypress: 5
410.7146 	DATA 	TR 264 | TR1 132 | TR2 132
412.2977 	DATA 	Keypress: 5
412.2977 	DATA 	TR 265 | TR1 133 | TR2 132
413.8476 	DATA 	Keypress: 5
413.8476 	DATA 	TR 266 | TR1 133 | TR2 133
415.4141 	DATA 	Keypress: 5
415.4141 	DATA 	TR 267 | TR1 134 | TR2 133
416.9640 	DATA 	Keypress: 5
416.9640 	DATA 	TR 268 | TR1 134 | TR2 134
418.4471 	DATA 	
418.4471 	DATA 	Trial complete
418.4471 	DATA 	Waiting for VASO trigger to start next trial
418.4471 	DATA 	
418.5304 	DATA 	Keypress: 5
418.5305 	DATA 	Waited 0.0833439826965332 seconds for trigger
418.5313 	DATA 	
418.5313 	DATA 	Trial 11
418.5313 	DATA 	stimDur = 12.0
418.5313 	DATA 	jitter = 0.78525
418.5313 	DATA 	restDur = 30.0

418.5313 	DATA 	
418.5313 	DATA 	TR 269 | TR1 135 | TR2 134
419.3305 	DATA 	
419.3305 	DATA 	stimulation started
419.3305 	DATA 	
420.0804 	DATA 	Keypress: 5
420.0805 	DATA 	TR 270 | TR1 135 | TR2 135
421.6636 	DATA 	Keypress: 5
421.6636 	DATA 	TR 271 | TR1 136 | TR2 135
423.2134 	DATA 	Keypress: 5
423.2135 	DATA 	TR 272 | TR1 136 | TR2 136
424.7799 	DATA 	Keypress: 5
424.7800 	DATA 	TR 273 | TR1 137 | TR2 136
426.3298 	DATA 	Keypress: 5
426.3299 	DATA 	TR 274 | TR1 137 | TR2 137
427.9130 	DATA 	Keypress: 5
427.9130 	DATA 	TR 275 | TR1 138 | TR2 137
429.4629 	DATA 	Keypress: 5
429.4629 	DATA 	TR 276 | TR1 138 | TR2 138
431.0294 	DATA 	Keypress: 5
431.0294 	DATA 	TR 277 | TR1 139 | TR2 138
431.3293 	DATA 	
431.3293 	DATA 	stimulation stopped
431.3293 	DATA 	
432.5792 	DATA 	Keypress: 5
432.5792 	DATA 	TR 278 | TR1 139 | TR2 139
434.1457 	DATA 	Keypress: 5
434.1458 	DATA 	TR 279 | TR1 140 | TR2 139
435.7122 	DATA 	Keypress: 5
435.7123 	DATA 	TR 280 | TR1 140 | TR2 140
437.2787 	DATA 	Keypress: 5
437.2788 	DATA 	TR 281 | TR1 141 | TR2 140
438.8286 	DATA 	Keypress: 5
438.8287 	DATA 	TR 282 | TR1 141 | TR2 141
440.3951 	DATA 	Keypress: 5
440.3951 	DATA 	TR 283 | TR1 142 | TR2 141
441.9451 	DATA 	Keypress: 5
441.9451 	DATA 	TR 284 | TR1 142 | TR2 142
443.5281 	DATA 	Keypress: 5
443.5282 	DATA 	TR 285 | TR1 143 | TR2 142
445.0780 	DATA 	Keypress: 5
445.0781 	DATA 	TR 286 | TR1 143 | TR2 143
446.6446 	DATA 	Keypress: 5
446.6446 	DATA 	TR 287 | TR1 144 | TR2 143
448.1944 	DATA 	Keypress: 5
448.1945 	DATA 	TR 288 | TR1 144 | TR2 144
449.7776 	DATA 	Keypress: 5
449.7776 	DATA 	TR 289 | TR1 145 | TR2 144
451.3275 	DATA 	Keypress: 5
451.3275 	DATA 	TR 290 | TR1 145 | TR2 145
452.0774 	DATA 	Target presented
452.5940 	DATA 	Keypress: 1
452.5940 	DATA 	Key1 pressed
452.5941 	DATA 	Target detected
452.8939 	DATA 	Keypress: 5
452.8940 	DATA 	TR 291 | TR1 146 | TR2 145
454.4438 	DATA 	Keypress: 5
454.4439 	DATA 	TR 292 | TR1 146 | TR2 146
456.0103 	DATA 	Keypress: 5
456.0104 	DATA 	TR 293 | TR1 147 | TR2 146
457.5607 	DATA 	Keypress: 5
457.5768 	DATA 	TR 294 | TR1 147 | TR2 147
459.1434 	DATA 	Keypress: 5
459.1434 	DATA 	TR 295 | TR1 148 | TR2 147
460.6933 	DATA 	Keypress: 5
460.6933 	DATA 	TR 296 | TR1 148 | TR2 148
461.3265 	DATA 	
461.3265 	DATA 	Trial complete
461.3265 	DATA 	Waiting for VASO trigger to start next trial
461.3265 	DATA 	
462.2598 	DATA 	Keypress: 5
462.2598 	DATA 	Waited 0.9332950115203857 seconds for trigger
462.2606 	DATA 	
462.2606 	DATA 	Trial 12
462.2606 	DATA 	stimDur = 4.0
462.2606 	DATA 	jitter = 0.78525
462.2606 	DATA 	restDur = 24.0

462.2606 	DATA 	
462.2606 	DATA 	TR 297 | TR1 149 | TR2 148
463.0596 	DATA 	
463.0597 	DATA 	stimulation started
463.0597 	DATA 	
463.8097 	DATA 	Keypress: 5
463.8097 	DATA 	TR 298 | TR1 149 | TR2 149
465.3929 	DATA 	Keypress: 5
465.3929 	DATA 	TR 299 | TR1 150 | TR2 149
466.9427 	DATA 	Keypress: 5
466.9428 	DATA 	TR 300 | TR1 150 | TR2 150
467.0593 	DATA 	
467.0593 	DATA 	stimulation stopped
467.0593 	DATA 	
468.5092 	DATA 	Keypress: 5
468.5092 	DATA 	TR 301 | TR1 151 | TR2 150
470.0591 	DATA 	Keypress: 5
470.0591 	DATA 	TR 302 | TR1 151 | TR2 151
471.6262 	DATA 	Keypress: 5
471.6422 	DATA 	TR 303 | TR1 152 | TR2 151
473.1921 	DATA 	Keypress: 5
473.1922 	DATA 	TR 304 | TR1 152 | TR2 152
474.7588 	DATA 	Keypress: 5
474.7588 	DATA 	TR 305 | TR1 153 | TR2 152
476.3085 	DATA 	Keypress: 5
476.3085 	DATA 	TR 306 | TR1 153 | TR2 153
477.8750 	DATA 	Keypress: 5
477.8750 	DATA 	TR 307 | TR1 154 | TR2 153
479.4249 	DATA 	Keypress: 5
479.4249 	DATA 	TR 308 | TR1 154 | TR2 154
481.0080 	DATA 	Keypress: 5
481.0081 	DATA 	TR 309 | TR1 155 | TR2 154
482.5579 	DATA 	Keypress: 5
482.5580 	DATA 	TR 310 | TR1 155 | TR2 155
484.1244 	DATA 	Keypress: 5
484.1245 	DATA 	TR 311 | TR1 156 | TR2 155
485.6743 	DATA 	Keypress: 5
485.6743 	DATA 	TR 312 | TR1 156 | TR2 156
487.2575 	DATA 	Keypress: 5
487.2575 	DATA 	TR 313 | TR1 157 | TR2 156
488.8074 	DATA 	Keypress: 5
488.8074 	DATA 	TR 314 | TR1 157 | TR2 157
490.3740 	DATA 	Keypress: 5
490.3740 	DATA 	TR 315 | TR1 158 | TR2 157
491.0571 	DATA 	
491.0571 	DATA 	Trial complete
491.0571 	DATA 	Waiting for VASO trigger to start next trial
491.0571 	DATA 	
491.9237 	DATA 	Keypress: 5
491.9238 	DATA 	TR 316 | TR1 158 | TR2 158
493.4903 	DATA 	Keypress: 5
493.4903 	DATA 	Waited 2.433227062225342 seconds for trigger
493.4911 	DATA 	
493.4911 	DATA 	Trial 13
493.4911 	DATA 	stimDur = 2.0
493.4911 	DATA 	jitter = 2.35575
493.4911 	DATA 	restDur = 22.0

493.4911 	DATA 	
493.4911 	DATA 	TR 317 | TR1 159 | TR2 158
495.0568 	DATA 	Keypress: 5
495.0568 	DATA 	TR 318 | TR1 159 | TR2 159
495.8566 	DATA 	
495.8566 	DATA 	stimulation started
495.8566 	DATA 	
496.6233 	DATA 	Keypress: 5
496.6234 	DATA 	TR 319 | TR1 160 | TR2 159
497.8565 	DATA 	
497.8565 	DATA 	stimulation stopped
497.8565 	DATA 	
498.1731 	DATA 	Keypress: 5
498.1732 	DATA 	TR 320 | TR1 160 | TR2 160
499.7396 	DATA 	Keypress: 5
499.7397 	DATA 	TR 321 | TR1 161 | TR2 160
501.2895 	DATA 	Keypress: 5
501.2896 	DATA 	TR 322 | TR1 161 | TR2 161
502.8727 	DATA 	Keypress: 5
502.8727 	DATA 	TR 323 | TR1 162 | TR2 161
504.4226 	DATA 	Keypress: 5
504.4226 	DATA 	TR 324 | TR1 162 | TR2 162
505.9891 	DATA 	Keypress: 5
505.9891 	DATA 	TR 325 | TR1 163 | TR2 162
507.5390 	DATA 	Keypress: 5
507.5390 	DATA 	TR 326 | TR1 163 | TR2 163
509.1060 	DATA 	Keypress: 5
509.1222 	DATA 	TR 327 | TR1 164 | TR2 163
510.6720 	DATA 	Keypress: 5
510.6720 	DATA 	TR 328 | TR1 164 | TR2 164
512.2385 	DATA 	Keypress: 5
512.2385 	DATA 	TR 329 | TR1 165 | TR2 164
513.7884 	DATA 	Keypress: 5
513.7885 	DATA 	TR 330 | TR1 165 | TR2 165
515.3549 	DATA 	Keypress: 5
515.3549 	DATA 	TR 331 | TR1 166 | TR2 165
516.9054 	DATA 	Keypress: 5
516.9214 	DATA 	TR 332 | TR1 166 | TR2 166
518.4879 	DATA 	Keypress: 5
518.4880 	DATA 	TR 333 | TR1 167 | TR2 166
519.8544 	DATA 	
519.8544 	DATA 	Trial complete
519.8545 	DATA 	Waiting for VASO trigger to start next trial
519.8545 	DATA 	
520.0378 	DATA 	Keypress: 5
520.0378 	DATA 	TR 334 | TR1 167 | TR2 167
521.2877 	DATA 	Target presented
521.6043 	DATA 	Keypress: 5
521.6043 	DATA 	Waited 1.7498769760131836 seconds for trigger
521.6051 	DATA 	
521.6051 	DATA 	Trial 14
521.6051 	DATA 	stimDur = 1.0
521.6051 	DATA 	jitter = 1.5705
521.6051 	DATA 	restDur = 20.0

521.6051 	DATA 	
521.6051 	DATA 	TR 335 | TR1 168 | TR2 167
521.7876 	DATA 	Keypress: 1
521.7878 	DATA 	Key1 pressed
521.7878 	DATA 	Target detected
523.1542 	DATA 	Keypress: 5
523.1542 	DATA 	TR 336 | TR1 168 | TR2 168
523.1875 	DATA 	
523.1875 	DATA 	stimulation started
523.1875 	DATA 	
524.1874 	DATA 	
524.1874 	DATA 	stimulation stopped
524.1874 	DATA 	
524.7373 	DATA 	Keypress: 5
524.7374 	DATA 	TR 337 | TR1 169 | TR2 168
526.2872 	DATA 	Keypress: 5
526.2873 	DATA 	TR 338 | TR1 169 | TR2 169
527.8537 	DATA 	Keypress: 5
527.8538 	DATA 	TR 339 | TR1 170 | TR2 169
529.4036 	DATA 	Keypress: 5
529.4037 	DATA 	TR 340 | TR1 170 | TR2 170
530.9701 	DATA 	Keypress: 5
530.9701 	DATA 	TR 341 | TR1 171 | TR2 170
532.5367 	DATA 	Keypress: 5
532.5367 	DATA 	TR 342 | TR1 171 | TR2 171
534.1031 	DATA 	Keypress: 5
534.1032 	DATA 	TR 343 | TR1 172 | TR2 171
535.6530 	DATA 	Keypress: 5
535.6531 	DATA 	TR 344 | TR1 172 | TR2 172
537.2195 	DATA 	Keypress: 5
537.2196 	DATA 	TR 345 | TR1 173 | TR2 172
538.7694 	DATA 	Keypress: 5
538.7694 	DATA 	TR 346 | TR1 173 | TR2 173
540.3526 	DATA 	Keypress: 5
540.3526 	DATA 	TR 347 | TR1 174 | TR2 173
541.9025 	DATA 	Keypress: 5
541.9025 	DATA 	TR 348 | TR1 174 | TR2 174
543.4690 	DATA 	Keypress: 5
543.4690 	DATA 	TR 349 | TR1 175 | TR2 174
544.1854 	DATA 	
544.1854 	DATA 	Trial complete
544.1854 	DATA 	Waiting for VASO trigger to start next trial
544.1854 	DATA 	
545.0188 	DATA 	Keypress: 5
545.0189 	DATA 	TR 350 | TR1 175 | TR2 175
546.6020 	DATA 	Keypress: 5
546.6021 	DATA 	Waited 2.4166100025177 seconds for trigger
546.6028 	DATA 	
546.6028 	DATA 	Trial 15
546.6028 	DATA 	stimDur = 24.0
546.6028 	DATA 	jitter = 0.0
546.6028 	DATA 	restDur = 40.0

546.6028 	DATA 	
546.6028 	DATA 	TR 351 | TR1 176 | TR2 175
546.6028 	DATA 	
546.6029 	DATA 	stimulation started
546.6029 	DATA 	
548.1519 	DATA 	Keypress: 5
548.1520 	DATA 	TR 352 | TR1 176 | TR2 176
549.7187 	DATA 	Keypress: 5
549.7187 	DATA 	TR 353 | TR1 177 | TR2 176
551.2683 	DATA 	Keypress: 5
551.2683 	DATA 	TR 354 | TR1 177 | TR2 177
552.8348 	DATA 	Keypress: 5
552.8350 	DATA 	TR 355 | TR1 178 | TR2 177
554.3848 	DATA 	Keypress: 5
554.3848 	DATA 	TR 356 | TR1 178 | TR2 178
555.9680 	DATA 	Keypress: 5
555.9680 	DATA 	TR 357 | TR1 179 | TR2 178
557.5177 	DATA 	Keypress: 5
557.5178 	DATA 	TR 358 | TR1 179 | TR2 179
559.0842 	DATA 	Keypress: 5
559.0843 	DATA 	TR 359 | TR1 180 | TR2 179
560.6341 	DATA 	Keypress: 5
560.6341 	DATA 	TR 360 | TR1 180 | TR2 180
562.2174 	DATA 	Keypress: 5
562.2175 	DATA 	TR 361 | TR1 181 | TR2 180
563.7672 	DATA 	Keypress: 5
563.7672 	DATA 	TR 362 | TR1 181 | TR2 181
565.3337 	DATA 	Keypress: 5
565.3338 	DATA 	TR 363 | TR1 182 | TR2 181
566.8835 	DATA 	Keypress: 5
566.8836 	DATA 	TR 364 | TR1 182 | TR2 182
568.4508 	DATA 	Keypress: 5
568.4667 	DATA 	TR 365 | TR1 183 | TR2 182
570.0166 	DATA 	Keypress: 5
570.0166 	DATA 	TR 366 | TR1 183 | TR2 183
570.6165 	DATA 	
570.6165 	DATA 	stimulation stopped
570.6165 	DATA 	
571.5831 	DATA 	Keypress: 5
571.5831 	DATA 	TR 367 | TR1 184 | TR2 183
573.1329 	DATA 	Keypress: 5
573.1330 	DATA 	TR 368 | TR1 184 | TR2 184
574.6994 	DATA 	Keypress: 5
574.6995 	DATA 	TR 369 | TR1 185 | TR2 184
576.2493 	DATA 	Keypress: 5
576.2493 	DATA 	TR 370 | TR1 185 | TR2 185
577.8325 	DATA 	Keypress: 5
577.8325 	DATA 	TR 371 | TR1 186 | TR2 185
579.3823 	DATA 	Keypress: 5
579.3823 	DATA 	TR 372 | TR1 186 | TR2 186
580.9489 	DATA 	Keypress: 5
580.9489 	DATA 	TR 373 | TR1 187 | TR2 186
582.4987 	DATA 	Keypress: 5
582.4988 	DATA 	TR 374 | TR1 187 | TR2 187
583.1487 	DATA 	Target presented
583.7992 	DATA 	Keypress: 1
583.8152 	DATA 	Key1 pressed
583.8152 	DATA 	Target detected
584.0819 	DATA 	Keypress: 5
584.0819 	DATA 	TR 375 | TR1 188 | TR2 187
585.6317 	DATA 	Keypress: 5
585.6318 	DATA 	TR 376 | TR1 188 | TR2 188
587.1985 	DATA 	Keypress: 5
587.1985 	DATA 	TR 377 | TR1 189 | TR2 188
588.7481 	DATA 	Keypress: 5
588.7482 	DATA 	TR 378 | TR1 189 | TR2 189
590.3148 	DATA 	Keypress: 5
590.3148 	DATA 	TR 379 | TR1 190 | TR2 189
591.8651 	DATA 	Keypress: 5
591.8811 	DATA 	TR 380 | TR1 190 | TR2 190
593.4477 	DATA 	Keypress: 5
593.4478 	DATA 	TR 381 | TR1 191 | TR2 190
594.9976 	DATA 	Keypress: 5
594.9976 	DATA 	TR 382 | TR1 191 | TR2 191
596.5641 	DATA 	Keypress: 5
596.5641 	DATA 	TR 383 | TR1 192 | TR2 191
598.1139 	DATA 	Keypress: 5
598.1140 	DATA 	TR 384 | TR1 192 | TR2 192
599.6973 	DATA 	Keypress: 5
599.6973 	DATA 	TR 385 | TR1 193 | TR2 192
601.2470 	DATA 	Keypress: 5
601.2470 	DATA 	TR 386 | TR1 193 | TR2 193
602.8135 	DATA 	Keypress: 5
602.8136 	DATA 	TR 387 | TR1 194 | TR2 193
604.3633 	DATA 	Keypress: 5
604.3633 	DATA 	TR 388 | TR1 194 | TR2 194
605.9466 	DATA 	Keypress: 5
605.9466 	DATA 	TR 389 | TR1 195 | TR2 194
607.4964 	DATA 	Keypress: 5
607.4964 	DATA 	TR 390 | TR1 195 | TR2 195
609.0629 	DATA 	Keypress: 5
609.0630 	DATA 	TR 391 | TR1 196 | TR2 195
610.6128 	DATA 	Keypress: 5
610.6128 	DATA 	TR 392 | TR1 196 | TR2 196
610.6128 	DATA 	
610.6128 	DATA 	Trial complete
610.6129 	DATA 	Waiting for VASO trigger to start next trial
610.6129 	DATA 	
612.1793 	DATA 	Keypress: 5
612.1794 	DATA 	Waited 1.5665059089660645 seconds for trigger
612.1801 	DATA 	
612.1802 	DATA 	Trial 16
612.1802 	DATA 	stimDur = 1.0
612.1802 	DATA 	jitter = 2.35575
612.1802 	DATA 	restDur = 20.0

612.1802 	DATA 	
612.1802 	DATA 	TR 393 | TR1 197 | TR2 196
613.7291 	DATA 	Keypress: 5
613.7292 	DATA 	TR 394 | TR1 197 | TR2 197
614.5457 	DATA 	
614.5457 	DATA 	stimulation started
614.5457 	DATA 	
615.3124 	DATA 	Keypress: 5
615.3124 	DATA 	TR 395 | TR1 198 | TR2 197
615.5457 	DATA 	
615.5457 	DATA 	stimulation stopped
615.5457 	DATA 	
616.8622 	DATA 	Keypress: 5
616.8622 	DATA 	TR 396 | TR1 198 | TR2 198
618.4288 	DATA 	Keypress: 5
618.4288 	DATA 	TR 397 | TR1 199 | TR2 198
619.9786 	DATA 	Keypress: 5
619.9786 	DATA 	TR 398 | TR1 199 | TR2 199
621.5618 	DATA 	Keypress: 5
621.5618 	DATA 	TR 399 | TR1 200 | TR2 199
623.1116 	DATA 	Keypress: 5
623.1117 	DATA 	TR 400 | TR1 200 | TR2 200
624.6782 	DATA 	Keypress: 5
624.6782 	DATA 	TR 401 | TR1 201 | TR2 200
626.2280 	DATA 	Keypress: 5
626.2281 	DATA 	TR 402 | TR1 201 | TR2 201
627.4780 	DATA 	Target presented
627.7948 	DATA 	Keypress: 5
627.7948 	DATA 	TR 403 | TR1 202 | TR2 201
627.9778 	DATA 	Keypress: 1
627.9779 	DATA 	Key1 pressed
627.9779 	DATA 	Target detected
629.3610 	DATA 	Keypress: 5
629.3611 	DATA 	TR 404 | TR1 202 | TR2 202
630.9276 	DATA 	Keypress: 5
630.9277 	DATA 	TR 405 | TR1 203 | TR2 202
632.4775 	DATA 	Keypress: 5
632.4775 	DATA 	TR 406 | TR1 203 | TR2 203
634.0440 	DATA 	Keypress: 5
634.0441 	DATA 	TR 407 | TR1 204 | TR2 203
635.5438 	DATA 	
635.5438 	DATA 	Trial complete
635.5438 	DATA 	Waiting for VASO trigger to start next trial
635.5438 	DATA 	
635.5940 	DATA 	Keypress: 5
635.5940 	DATA 	TR 408 | TR1 204 | TR2 204
637.1771 	DATA 	Keypress: 5
637.1771 	DATA 	Waited 1.6332838535308838 seconds for trigger
637.1779 	DATA 	
637.1779 	DATA 	Trial 17
637.1779 	DATA 	stimDur = 2.0
637.1779 	DATA 	jitter = 0.0
637.1779 	DATA 	restDur = 22.0

637.1779 	DATA 	
637.1779 	DATA 	TR 409 | TR1 205 | TR2 204
637.1779 	DATA 	
637.1779 	DATA 	stimulation started
637.1779 	DATA 	
638.7269 	DATA 	Keypress: 5
638.7270 	DATA 	TR 410 | TR1 205 | TR2 205
639.1935 	DATA 	
639.1935 	DATA 	stimulation stopped
639.1935 	DATA 	
640.2934 	DATA 	Keypress: 5
640.2935 	DATA 	TR 411 | TR1 206 | TR2 205
641.8433 	DATA 	Keypress: 5
641.8433 	DATA 	TR 412 | TR1 206 | TR2 206
643.4104 	DATA 	Keypress: 5
643.4264 	DATA 	TR 413 | TR1 207 | TR2 206
644.9763 	DATA 	Keypress: 5
644.9764 	DATA 	TR 414 | TR1 207 | TR2 207
646.5429 	DATA 	Keypress: 5
646.5429 	DATA 	TR 415 | TR1 208 | TR2 207
648.0927 	DATA 	Keypress: 5
648.0928 	DATA 	TR 416 | TR1 208 | TR2 208
649.6593 	DATA 	Keypress: 5
649.6594 	DATA 	TR 417 | TR1 209 | TR2 208
651.2097 	DATA 	Keypress: 5
651.2257 	DATA 	TR 418 | TR1 209 | TR2 209
652.7924 	DATA 	Keypress: 5
652.7924 	DATA 	TR 419 | TR1 210 | TR2 209
654.3423 	DATA 	Keypress: 5
654.3423 	DATA 	TR 420 | TR1 210 | TR2 210
655.9087 	DATA 	Keypress: 5
655.9088 	DATA 	TR 421 | TR1 211 | TR2 210
657.4586 	DATA 	Keypress: 5
657.4586 	DATA 	TR 422 | TR1 211 | TR2 211
659.0418 	DATA 	Keypress: 5
659.0418 	DATA 	TR 423 | TR1 212 | TR2 211
660.5915 	DATA 	Keypress: 5
660.5915 	DATA 	TR 424 | TR1 212 | TR2 212
661.1915 	DATA 	
661.1915 	DATA 	Trial complete
661.1916 	DATA 	Waiting for VASO trigger to start next trial
661.1916 	DATA 	
662.1582 	DATA 	Keypress: 5
662.1582 	DATA 	Waited 0.9666759967803955 seconds for trigger
662.1590 	DATA 	
662.1590 	DATA 	Trial 18
662.1590 	DATA 	stimDur = 1.0
662.1590 	DATA 	jitter = 0.0
662.1590 	DATA 	restDur = 20.0

662.1590 	DATA 	
662.1590 	DATA 	TR 425 | TR1 213 | TR2 212
662.1590 	DATA 	
662.1590 	DATA 	stimulation started
662.1590 	DATA 	
663.1747 	DATA 	
663.1747 	DATA 	stimulation stopped
663.1747 	DATA 	
663.7080 	DATA 	Keypress: 5
663.7081 	DATA 	TR 426 | TR1 213 | TR2 213
665.2746 	DATA 	Keypress: 5
665.2746 	DATA 	TR 427 | TR1 214 | TR2 213
666.8410 	DATA 	Keypress: 5
666.8411 	DATA 	TR 428 | TR1 214 | TR2 214
668.4076 	DATA 	Keypress: 5
668.4077 	DATA 	TR 429 | TR1 215 | TR2 214
669.9575 	DATA 	Keypress: 5
669.9575 	DATA 	TR 430 | TR1 215 | TR2 215
671.5240 	DATA 	Keypress: 5
671.5241 	DATA 	TR 431 | TR1 216 | TR2 215
673.0739 	DATA 	Keypress: 5
673.0739 	DATA 	TR 432 | TR1 216 | TR2 216
674.6571 	DATA 	Keypress: 5
674.6572 	DATA 	TR 433 | TR1 217 | TR2 216
676.2069 	DATA 	Keypress: 5
676.2070 	DATA 	TR 434 | TR1 217 | TR2 217
677.7735 	DATA 	Keypress: 5
677.7735 	DATA 	TR 435 | TR1 218 | TR2 217
679.3233 	DATA 	Keypress: 5
679.3234 	DATA 	TR 436 | TR1 218 | TR2 218
680.7899 	DATA 	Target presented
680.9065 	DATA 	Keypress: 5
680.9066 	DATA 	TR 437 | TR1 219 | TR2 218
681.4237 	DATA 	Keypress: 1
681.4398 	DATA 	Key1 pressed
681.4398 	DATA 	Target detected
682.4564 	DATA 	Keypress: 5
682.4564 	DATA 	TR 438 | TR1 219 | TR2 219
683.1729 	DATA 	
683.1730 	DATA 	Trial complete
683.1730 	DATA 	Waiting for VASO trigger to start next trial
683.1730 	DATA 	
684.0229 	DATA 	Keypress: 5
684.0230 	DATA 	Waited 0.8499941825866699 seconds for trigger
684.0237 	DATA 	
684.0237 	DATA 	Trial 19
684.0237 	DATA 	stimDur = 24.0
684.0237 	DATA 	jitter = 2.35575
684.0237 	DATA 	restDur = 40.0

684.0237 	DATA 	
684.0238 	DATA 	TR 439 | TR1 220 | TR2 219
685.5728 	DATA 	Keypress: 5
685.5728 	DATA 	TR 440 | TR1 220 | TR2 220
686.3893 	DATA 	
686.3893 	DATA 	stimulation started
686.3893 	DATA 	
687.1395 	DATA 	Keypress: 5
687.1395 	DATA 	TR 441 | TR1 221 | TR2 220
688.6892 	DATA 	Keypress: 5
688.6892 	DATA 	TR 442 | TR1 221 | TR2 221
690.2724 	DATA 	Keypress: 5
690.2725 	DATA 	TR 443 | TR1 222 | TR2 221
691.8223 	DATA 	Keypress: 5
691.8223 	DATA 	TR 444 | TR1 222 | TR2 222
693.3888 	DATA 	Keypress: 5
693.3889 	DATA 	TR 445 | TR1 223 | TR2 222
694.9386 	DATA 	Keypress: 5
694.9387 	DATA 	TR 446 | TR1 223 | TR2 223
696.5219 	DATA 	Keypress: 5
696.5219 	DATA 	TR 447 | TR1 224 | TR2 223
698.0717 	DATA 	Keypress: 5
698.0718 	DATA 	TR 448 | TR1 224 | TR2 224
699.6383 	DATA 	Keypress: 5
699.6383 	DATA 	TR 449 | TR1 225 | TR2 224
701.1881 	DATA 	Keypress: 5
701.1882 	DATA 	TR 450 | TR1 225 | TR2 225
702.7554 	DATA 	Keypress: 5
702.7713 	DATA 	TR 451 | TR1 226 | TR2 225
704.3212 	DATA 	Keypress: 5
704.3212 	DATA 	TR 452 | TR1 226 | TR2 226
705.8877 	DATA 	Keypress: 5
705.8878 	DATA 	TR 453 | TR1 227 | TR2 226
707.4375 	DATA 	Keypress: 5
707.4376 	DATA 	TR 454 | TR1 227 | TR2 227
709.0041 	DATA 	Keypress: 5
709.0042 	DATA 	TR 455 | TR1 228 | TR2 227
710.3873 	DATA 	
710.3873 	DATA 	stimulation stopped
710.3873 	DATA 	
710.5539 	DATA 	Keypress: 5
710.5539 	DATA 	TR 456 | TR1 228 | TR2 228
712.1371 	DATA 	Keypress: 5
712.1372 	DATA 	TR 457 | TR1 229 | TR2 228
713.6869 	DATA 	Keypress: 5
713.6870 	DATA 	TR 458 | TR1 229 | TR2 229
715.2535 	DATA 	Keypress: 5
715.2536 	DATA 	TR 459 | TR1 230 | TR2 229
716.8033 	DATA 	Keypress: 5
716.8034 	DATA 	TR 460 | TR1 230 | TR2 230
718.3866 	DATA 	Keypress: 5
718.3866 	DATA 	TR 461 | TR1 231 | TR2 230
719.9364 	DATA 	Keypress: 5
719.9365 	DATA 	TR 462 | TR1 231 | TR2 231
721.5030 	DATA 	Keypress: 5
721.5030 	DATA 	TR 463 | TR1 232 | TR2 231
723.0528 	DATA 	Keypress: 5
723.0529 	DATA 	TR 464 | TR1 232 | TR2 232
724.6194 	DATA 	Keypress: 5
724.6194 	DATA 	TR 465 | TR1 233 | TR2 232
726.1699 	DATA 	Keypress: 5
726.1858 	DATA 	TR 466 | TR1 233 | TR2 233
727.7524 	DATA 	Keypress: 5
727.7525 	DATA 	TR 467 | TR1 234 | TR2 233
729.3022 	DATA 	Keypress: 5
729.3022 	DATA 	TR 468 | TR1 234 | TR2 234
730.8688 	DATA 	Keypress: 5
730.8688 	DATA 	TR 469 | TR1 235 | TR2 234
732.4186 	DATA 	Keypress: 5
732.4187 	DATA 	TR 470 | TR1 235 | TR2 235
734.0018 	DATA 	Keypress: 5
734.0019 	DATA 	TR 471 | TR1 236 | TR2 235
735.5517 	DATA 	Keypress: 5
735.5517 	DATA 	TR 472 | TR1 236 | TR2 236
737.1182 	DATA 	Keypress: 5
737.1183 	DATA 	TR 473 | TR1 237 | TR2 236
738.6681 	DATA 	Keypress: 5
738.6681 	DATA 	TR 474 | TR1 237 | TR2 237
740.2513 	DATA 	Keypress: 5
740.2513 	DATA 	TR 475 | TR1 238 | TR2 237
741.8009 	DATA 	Keypress: 5
741.8011 	DATA 	TR 476 | TR1 238 | TR2 238
743.3676 	DATA 	Keypress: 5
743.3677 	DATA 	TR 477 | TR1 239 | TR2 238
744.3342 	DATA 	Target presented
744.8509 	DATA 	Keypress: 1
744.8509 	DATA 	Key1 pressed
744.8509 	DATA 	Target detected
744.9175 	DATA 	Keypress: 5
744.9176 	DATA 	TR 478 | TR1 239 | TR2 239
746.4840 	DATA 	Keypress: 5
746.4841 	DATA 	TR 479 | TR1 240 | TR2 239
748.0339 	DATA 	Keypress: 5
748.0340 	DATA 	TR 480 | TR1 240 | TR2 240
749.6171 	DATA 	Keypress: 5
749.6171 	DATA 	TR 481 | TR1 241 | TR2 240
750.3837 	DATA 	
750.3837 	DATA 	Trial complete
750.3837 	DATA 	
751.1670 	DATA 	Keypress: 5
751.1670 	DATA 	TR 482 | TR1 241 | TR2 241
752.7335 	DATA 	Keypress: 5
752.7336 	DATA 	Waited 69.56059217453003 seconds for trigger
752.7343 	DATA 	
752.7344 	DATA 	Trial 20
752.7344 	DATA 	stimDur = 12.0
752.7344 	DATA 	jitter = 1.5705
752.7344 	DATA 	restDur = 30.0

752.7344 	DATA 	
752.7344 	DATA 	TR 483 | TR1 242 | TR2 241
754.2834 	DATA 	Keypress: 5
754.2834 	DATA 	TR 484 | TR1 242 | TR2 242
754.3167 	DATA 	
754.3167 	DATA 	stimulation started
754.3167 	DATA 	
755.8667 	DATA 	Keypress: 5
755.8668 	DATA 	TR 485 | TR1 243 | TR2 242
757.4165 	DATA 	Keypress: 5
757.4165 	DATA 	TR 486 | TR1 243 | TR2 243
758.9830 	DATA 	Keypress: 5
758.9830 	DATA 	TR 487 | TR1 244 | TR2 243
760.5329 	DATA 	Keypress: 5
760.5329 	DATA 	TR 488 | TR1 244 | TR2 244
762.0994 	DATA 	Keypress: 5
762.0994 	DATA 	TR 489 | TR1 245 | TR2 244
763.6660 	DATA 	Keypress: 5
763.6660 	DATA 	TR 490 | TR1 245 | TR2 245
765.2325 	DATA 	Keypress: 5
765.2325 	DATA 	TR 491 | TR1 246 | TR2 245
766.3156 	DATA 	
766.3156 	DATA 	stimulation stopped
766.3157 	DATA 	
766.7824 	DATA 	Keypress: 5
766.7825 	DATA 	TR 492 | TR1 246 | TR2 246
768.3488 	DATA 	Keypress: 5
768.3488 	DATA 	TR 493 | TR1 247 | TR2 246
769.8988 	DATA 	Keypress: 5
769.8988 	DATA 	TR 494 | TR1 247 | TR2 247
771.4819 	DATA 	Keypress: 5
771.4819 	DATA 	TR 495 | TR1 248 | TR2 247
773.0317 	DATA 	Keypress: 5
773.0318 	DATA 	TR 496 | TR1 248 | TR2 248
774.5982 	DATA 	Keypress: 5
774.5983 	DATA 	TR 497 | TR1 249 | TR2 248
776.1481 	DATA 	Keypress: 5
776.1482 	DATA 	TR 498 | TR1 249 | TR2 249
777.7154 	DATA 	Keypress: 5
777.7312 	DATA 	TR 499 | TR1 250 | TR2 249
779.2812 	DATA 	Keypress: 5
779.2812 	DATA 	TR 500 | TR1 250 | TR2 250
780.8477 	DATA 	Keypress: 5
780.8477 	DATA 	TR 501 | TR1 251 | TR2 250
782.3976 	DATA 	Keypress: 5
782.3976 	DATA 	TR 502 | TR1 251 | TR2 251
783.9641 	DATA 	Keypress: 5
783.9641 	DATA 	TR 503 | TR1 252 | TR2 251
785.5139 	DATA 	Keypress: 5
785.5140 	DATA 	TR 504 | TR1 252 | TR2 252
787.0973 	DATA 	Keypress: 5
787.0973 	DATA 	TR 505 | TR1 253 | TR2 252
788.6470 	DATA 	Keypress: 5
788.6470 	DATA 	TR 506 | TR1 253 | TR2 253
790.2135 	DATA 	Keypress: 5
790.2135 	DATA 	TR 507 | TR1 254 | TR2 253
791.7634 	DATA 	Keypress: 5
791.7634 	DATA 	TR 508 | TR1 254 | TR2 254
793.3467 	DATA 	Keypress: 5
793.3467 	DATA 	TR 509 | TR1 255 | TR2 254
794.8965 	DATA 	Keypress: 5
794.8965 	DATA 	TR 510 | TR1 255 | TR2 255
796.3129 	DATA 	
796.3130 	DATA 	Trial complete
796.3130 	DATA 	
796.4628 	DATA 	Keypress: 5
796.4628 	DATA 	TR 511 | TR1 256 | TR2 255
798.0129 	DATA 	Keypress: 5
798.0129 	DATA 	TR 512 | TR1 256 | TR2 256
799.5795 	DATA 	Keypress: 5
799.5795 	DATA 	TR 513 | TR1 257 | TR2 256
801.1459 	DATA 	Keypress: 5
801.1460 	DATA 	TR 514 | TR1 257 | TR2 257
802.7124 	DATA 	Keypress: 5
802.7125 	DATA 	TR 515 | TR1 258 | TR2 257
804.2623 	DATA 	Keypress: 5
804.2623 	DATA 	TR 516 | TR1 258 | TR2 258
805.8288 	DATA 	Keypress: 5
805.8288 	DATA 	TR 517 | TR1 259 | TR2 258
807.3783 	DATA 	Keypress: 5
807.3784 	DATA 	TR 518 | TR1 259 | TR2 259
808.9618 	DATA 	Keypress: 5
808.9619 	DATA 	TR 519 | TR1 260 | TR2 259
810.5117 	DATA 	Keypress: 5
810.5118 	DATA 	TR 520 | TR1 260 | TR2 260
812.0784 	DATA 	Keypress: 5
812.0784 	DATA 	TR 521 | TR1 261 | TR2 260
813.6281 	DATA 	Keypress: 5
813.6282 	DATA 	TR 522 | TR1 261 | TR2 261
815.2113 	DATA 	Keypress: 5
815.2113 	DATA 	TR 523 | TR1 262 | TR2 261
816.7613 	DATA 	Keypress: 5
816.7613 	DATA 	TR 524 | TR1 262 | TR2 262
818.3277 	DATA 	Keypress: 5
818.3277 	DATA 	TR 525 | TR1 263 | TR2 262
819.8776 	DATA 	Keypress: 5
819.8776 	DATA 	TR 526 | TR1 263 | TR2 263
821.4440 	DATA 	Keypress: 5
821.4441 	DATA 	TR 527 | TR1 264 | TR2 263
822.9946 	DATA 	Keypress: 5
823.0105 	DATA 	TR 528 | TR1 264 | TR2 264
824.5772 	DATA 	Keypress: 5
824.5773 	DATA 	TR 529 | TR1 265 | TR2 264
826.1270 	DATA 	Keypress: 5
826.1271 	DATA 	TR 530 | TR1 265 | TR2 265
827.6935 	DATA 	Keypress: 5
827.6936 	DATA 	TR 531 | TR1 266 | TR2 265
829.2434 	DATA 	Keypress: 5
829.2434 	DATA 	TR 532 | TR1 266 | TR2 266
830.8266 	DATA 	Keypress: 5
830.8266 	DATA 	TR 533 | TR1 267 | TR2 266
832.3765 	DATA 	Keypress: 5
832.3765 	DATA 	TR 534 | TR1 267 | TR2 267
833.9429 	DATA 	Keypress: 5
833.9430 	DATA 	TR 535 | TR1 268 | TR2 267
835.4929 	DATA 	Keypress: 5
835.4929 	DATA 	TR 536 | TR1 268 | TR2 268
837.0599 	DATA 	Keypress: 5
837.0760 	DATA 	TR 537 | TR1 269 | TR2 268
838.6259 	DATA 	Keypress: 5
838.6260 	DATA 	TR 538 | TR1 269 | TR2 269
840.1924 	DATA 	Keypress: 5
840.1925 	DATA 	TR 539 | TR1 270 | TR2 269
841.7423 	DATA 	Keypress: 5
841.7423 	DATA 	TR 540 | TR1 270 | TR2 270
843.3088 	DATA 	Keypress: 5
843.3089 	DATA 	TR 541 | TR1 271 | TR2 270
844.8588 	DATA 	Keypress: 5
844.8589 	DATA 	TR 542 | TR1 271 | TR2 271
846.4418 	DATA 	Keypress: 5
846.4419 	DATA 	TR 543 | TR1 272 | TR2 271
847.9917 	DATA 	Keypress: 5
847.9918 	DATA 	TR 544 | TR1 272 | TR2 272
849.5584 	DATA 	Keypress: 5
849.5584 	DATA 	TR 545 | TR1 273 | TR2 272
851.1081 	DATA 	Keypress: 5
851.1082 	DATA 	TR 546 | TR1 273 | TR2 273
852.6913 	DATA 	Keypress: 5
852.6913 	DATA 	TR 547 | TR1 274 | TR2 273
854.2412 	DATA 	Keypress: 5
854.2412 	DATA 	TR 548 | TR1 274 | TR2 274
855.8078 	DATA 	Keypress: 5
855.8079 	DATA 	TR 549 | TR1 275 | TR2 274
857.3576 	DATA 	Keypress: 5
857.3576 	DATA 	TR 550 | TR1 275 | TR2 275
858.9241 	DATA 	Keypress: 5
858.9241 	DATA 	TR 551 | TR1 276 | TR2 275
860.4906 	DATA 	Keypress: 5
860.4907 	DATA 	TR 552 | TR1 276 | TR2 276
862.0571 	DATA 	Keypress: 5
862.0572 	DATA 	TR 553 | TR1 277 | TR2 276
863.6069 	DATA 	Keypress: 5
863.6069 	DATA 	TR 554 | TR1 277 | TR2 277
864.3235 	DATA 	EndOfRun sub-08_ses-05_run-05

864.3235 	DATA 	We spent 93.75939512252808 seconds waiting for triggers
864.3235 	DATA 	RatioOfDetectedTargets 1.0
864.3236 	DATA 	You have detected 12 out of 12 targets.
869.1459 	DATA 	Keypress: 5
869.1461 	DATA 	Keypress: 5
869.3534 	EXP 	window1: mouseVisible = True
