MonitorDistance=99cm
MonitorWidth=30cm
PixelWidth=1024.0
PixelHeight=768.0
You have detected 11 out of 12 targets.
Well done! Keep up the good work
8.5426 	INFO 	Loaded monitor calibration from ['2021_05_26 17:55']
9.0007 	EXP 	Created window1 = Window(allowGUI=False, allowStencil=False, autoLog=True, backendConf=UNKNOWN, bitsMode=UNKNOWN, blendMode='avg', bpc=(8, 8, 8), color=array([-0.5, -0.5, -0.5]), colorSpace='rgb', depthBits=8, fullscr=<method-wrapper '__getattribute__' of attributeSetter object at 0x7f0852174400>, gamma=None, gammaErrorPolicy='raise', lms=UNKNOWN, monitor=<psychopy.monitors.calibTools.Monitor object at 0x7f0847f95080>, multiSample=False, name='window1', numSamples=2, pos=[0.0, 0.0], screen=0, size=array([1024,  768]), stencilBits=0, stereo=False, units='deg', useFBO=False, useRetina=False, viewOri=0.0, viewPos=None, viewScale=None, waitBlanking=True, winType='pyglet')
9.0008 	EXP 	window1: mouseVisible = True
9.0676 	EXP 	Created unnamed TextStim = TextStim(__class__=<class 'psychopy.visual.text.TextStim'>, alignHoriz=method-wrapper(...), alignText='center', alignVert=method-wrapper(...), anchorHoriz='center', anchorVert='center', antialias=True, autoLog=True, bold=False, color=array([1., 1., 1.]), colorSpace='rgb', contrast=1.0, depth=0, flipHoriz=False, flipVert=False, font='', fontFiles=[], height=0.5, italic=False, languageStyle='LTR', name='unnamed TextStim', opacity=1.0, ori=0.0, pos=array([0., 0.]), rgb=UNKNOWN, text=str(...), units='deg', win=Window(...), wrapWidth=15.0)
9.0993 	EXP 	Created Movie Frame 0 = ImageStim(__class__=<class 'psychopy.visual.image.ImageStim'>, autoLog=True, color=array([0.8, 0.8, 0.8]), colorSpace='rgb', contrast=0.8, depth=0, flipHoriz=False, flipVert=False, image='visual_0.png', interpolate=False, mask=None, maskParams=None, name='Movie Frame 0', opacity=1, ori=0.0, pos=array([0., 0.]), size=array([1024,  768]), texRes=128, units='pix', win=Window(...))
9.1260 	EXP 	Created Movie Frame 1 = ImageStim(__class__=<class 'psychopy.visual.image.ImageStim'>, autoLog=True, color=array([0.8, 0.8, 0.8]), colorSpace='rgb', contrast=0.8, depth=0, flipHoriz=False, flipVert=False, image='visual_1.png', interpolate=False, mask=None, maskParams=None, name='Movie Frame 1', opacity=1, ori=0.0, pos=array([0., 0.]), size=array([1024,  768]), texRes=128, units='pix', win=Window(...))
48.3724 	DATA 	Keypress: 5
0.0000 	DATA 	StartOfRun sub-08_ses-05_run-06
0.0000 	DATA 	TR 1 | TR1 1 | TR2 0
0.0082 	DATA 	Initial baseline

1.5498 	DATA 	Keypress: 5
1.5498 	DATA 	TR 2 | TR1 1 | TR2 1
3.1219 	DATA 	Keypress: 5
3.1220 	DATA 	TR 3 | TR1 2 | TR2 1
4.6731 	DATA 	Keypress: 5
4.6732 	DATA 	TR 4 | TR1 2 | TR2 2
6.2453 	DATA 	Keypress: 5
6.2453 	DATA 	TR 5 | TR1 3 | TR2 2
7.7965 	DATA 	Keypress: 5
7.7966 	DATA 	TR 6 | TR1 3 | TR2 3
9.3687 	DATA 	Keypress: 5
9.3688 	DATA 	TR 7 | TR1 4 | TR2 3
10.9199 	DATA 	Keypress: 5
10.9199 	DATA 	TR 8 | TR1 4 | TR2 4
12.4921 	DATA 	Keypress: 5
12.4921 	DATA 	TR 9 | TR1 5 | TR2 4
14.0433 	DATA 	Keypress: 5
14.0433 	DATA 	TR 10 | TR1 5 | TR2 5
15.6155 	DATA 	Keypress: 5
15.6155 	DATA 	TR 11 | TR1 6 | TR2 5
17.1667 	DATA 	Keypress: 5
17.1668 	DATA 	TR 12 | TR1 6 | TR2 6
18.7389 	DATA 	Keypress: 5
18.7389 	DATA 	TR 13 | TR1 7 | TR2 6
20.2901 	DATA 	Keypress: 5
20.2901 	DATA 	TR 14 | TR1 7 | TR2 7
21.8623 	DATA 	Keypress: 5
21.8623 	DATA 	TR 15 | TR1 8 | TR2 7
23.4135 	DATA 	Keypress: 5
23.4135 	DATA 	TR 16 | TR1 8 | TR2 8
24.9857 	DATA 	Keypress: 5
24.9857 	DATA 	TR 17 | TR1 9 | TR2 8
26.5371 	DATA 	Keypress: 5
26.5371 	DATA 	TR 18 | TR1 9 | TR2 9
28.1092 	DATA 	Keypress: 5
28.1093 	DATA 	TR 19 | TR1 10 | TR2 9
29.6604 	DATA 	Keypress: 5
29.6605 	DATA 	TR 20 | TR1 10 | TR2 10
31.2389 	DATA 	Keypress: 5
31.2390 	DATA 	Waited 1.238987922668457 seconds for trigger
31.2404 	DATA 	
31.2404 	DATA 	Trial 1
31.2404 	DATA 	stimDur = 4.0
31.2404 	DATA 	jitter = 1.5705
31.2405 	DATA 	restDur = 24.0

31.2405 	DATA 	
31.2405 	DATA 	TR 21 | TR1 11 | TR2 10
32.7888 	DATA 	Keypress: 5
32.7889 	DATA 	TR 22 | TR1 11 | TR2 11
32.8221 	DATA 	
32.8221 	DATA 	stimulation started
32.8221 	DATA 	
34.3565 	DATA 	Keypress: 5
34.3724 	DATA 	TR 23 | TR1 12 | TR2 11
35.9223 	DATA 	Keypress: 5
35.9223 	DATA 	TR 24 | TR1 12 | TR2 12
36.8222 	DATA 	
36.8222 	DATA 	stimulation stopped
36.8222 	DATA 	
37.4887 	DATA 	Keypress: 5
37.4888 	DATA 	TR 25 | TR1 13 | TR2 12
39.0386 	DATA 	Keypress: 5
39.0387 	DATA 	TR 26 | TR1 13 | TR2 13
40.6051 	DATA 	Keypress: 5
40.6051 	DATA 	TR 27 | TR1 14 | TR2 13
42.1550 	DATA 	Keypress: 5
42.1550 	DATA 	TR 28 | TR1 14 | TR2 14
43.7382 	DATA 	Keypress: 5
43.7382 	DATA 	TR 29 | TR1 15 | TR2 14
45.2881 	DATA 	Keypress: 5
45.2881 	DATA 	TR 30 | TR1 15 | TR2 15
46.8545 	DATA 	Keypress: 5
46.8546 	DATA 	TR 31 | TR1 16 | TR2 15
48.4044 	DATA 	Keypress: 5
48.4045 	DATA 	TR 32 | TR1 16 | TR2 16
49.9876 	DATA 	Keypress: 5
49.9877 	DATA 	TR 33 | TR1 17 | TR2 16
51.5375 	DATA 	Keypress: 5
51.5375 	DATA 	TR 34 | TR1 17 | TR2 17
53.1040 	DATA 	Keypress: 5
53.1040 	DATA 	TR 35 | TR1 18 | TR2 17
54.6539 	DATA 	Keypress: 5
54.6540 	DATA 	TR 36 | TR1 18 | TR2 18
56.2204 	DATA 	Keypress: 5
56.2204 	DATA 	TR 37 | TR1 19 | TR2 18
57.7709 	DATA 	Keypress: 5
57.7869 	DATA 	TR 38 | TR1 19 | TR2 19
59.3534 	DATA 	Keypress: 5
59.3535 	DATA 	TR 39 | TR1 20 | TR2 19
60.8199 	DATA 	
60.8200 	DATA 	Trial complete
60.8200 	DATA 	Waiting for VASO trigger to start next trial
60.8200 	DATA 	
60.9033 	DATA 	Keypress: 5
60.9034 	DATA 	TR 40 | TR1 20 | TR2 20
62.4698 	DATA 	Keypress: 5
62.4699 	DATA 	Waited 1.6498990058898926 seconds for trigger
62.4706 	DATA 	
62.4707 	DATA 	Trial 2
62.4707 	DATA 	stimDur = 12.0
62.4707 	DATA 	jitter = 2.35575
62.4707 	DATA 	restDur = 30.0

62.4707 	DATA 	
62.4707 	DATA 	TR 41 | TR1 21 | TR2 20
64.0197 	DATA 	Keypress: 5
64.0198 	DATA 	TR 42 | TR1 21 | TR2 21
64.8363 	DATA 	
64.8363 	DATA 	stimulation started
64.8363 	DATA 	
65.6030 	DATA 	Keypress: 5
65.6030 	DATA 	TR 43 | TR1 22 | TR2 21
67.1528 	DATA 	Keypress: 5
67.1528 	DATA 	TR 44 | TR1 22 | TR2 22
68.7193 	DATA 	Keypress: 5
68.7194 	DATA 	TR 45 | TR1 23 | TR2 22
70.2692 	DATA 	Keypress: 5
70.2692 	DATA 	TR 46 | TR1 23 | TR2 23
71.8364 	DATA 	Keypress: 5
71.8523 	DATA 	TR 47 | TR1 24 | TR2 23
73.4022 	DATA 	Keypress: 5
73.4023 	DATA 	TR 48 | TR1 24 | TR2 24
74.9688 	DATA 	Keypress: 5
74.9688 	DATA 	TR 49 | TR1 25 | TR2 24
76.5186 	DATA 	Keypress: 5
76.5187 	DATA 	TR 50 | TR1 25 | TR2 25
76.8352 	DATA 	
76.8352 	DATA 	stimulation stopped
76.8352 	DATA 	
78.0851 	DATA 	Keypress: 5
78.0851 	DATA 	TR 51 | TR1 26 | TR2 25
79.6351 	DATA 	Keypress: 5
79.6351 	DATA 	TR 52 | TR1 26 | TR2 26
81.2181 	DATA 	Keypress: 5
81.2182 	DATA 	TR 53 | TR1 27 | TR2 26
82.7680 	DATA 	Keypress: 5
82.7680 	DATA 	TR 54 | TR1 27 | TR2 27
84.3346 	DATA 	Keypress: 5
84.3346 	DATA 	TR 55 | TR1 28 | TR2 27
85.8844 	DATA 	Keypress: 5
85.8844 	DATA 	TR 56 | TR1 28 | TR2 28
87.4676 	DATA 	Keypress: 5
87.4677 	DATA 	TR 57 | TR1 29 | TR2 28
89.0174 	DATA 	Keypress: 5
89.0175 	DATA 	TR 58 | TR1 29 | TR2 29
90.5840 	DATA 	Keypress: 5
90.5840 	DATA 	TR 59 | TR1 30 | TR2 29
92.1338 	DATA 	Keypress: 5
92.1339 	DATA 	TR 60 | TR1 30 | TR2 30
93.7004 	DATA 	Keypress: 5
93.7004 	DATA 	TR 61 | TR1 31 | TR2 30
95.2669 	DATA 	Keypress: 5
95.2669 	DATA 	TR 62 | TR1 31 | TR2 31
96.8334 	DATA 	Keypress: 5
96.8335 	DATA 	TR 63 | TR1 32 | TR2 31
98.3833 	DATA 	Keypress: 5
98.3833 	DATA 	TR 64 | TR1 32 | TR2 32
99.9498 	DATA 	Keypress: 5
99.9498 	DATA 	TR 65 | TR1 33 | TR2 32
101.4997 	DATA 	Keypress: 5
101.4997 	DATA 	TR 66 | TR1 33 | TR2 33
103.0829 	DATA 	Keypress: 5
103.0829 	DATA 	TR 67 | TR1 34 | TR2 33
104.6327 	DATA 	Keypress: 5
104.6327 	DATA 	TR 68 | TR1 34 | TR2 34
105.2493 	DATA 	Target presented
105.7659 	DATA 	Keypress: 1
105.7660 	DATA 	Key1 pressed
105.7660 	DATA 	Target detected
106.1993 	DATA 	Keypress: 5
106.1993 	DATA 	TR 69 | TR1 35 | TR2 34
106.8325 	DATA 	
106.8325 	DATA 	Trial complete
106.8325 	DATA 	Waiting for VASO trigger to start next trial
106.8325 	DATA 	
107.7491 	DATA 	Keypress: 5
107.7491 	DATA 	TR 70 | TR1 35 | TR2 35
109.3323 	DATA 	Keypress: 5
109.3324 	DATA 	Waited 2.4998600482940674 seconds for trigger
109.3331 	DATA 	
109.3331 	DATA 	Trial 3
109.3331 	DATA 	stimDur = 24.0
109.3331 	DATA 	jitter = 0.78525
109.3331 	DATA 	restDur = 40.0

109.3331 	DATA 	
109.3331 	DATA 	TR 71 | TR1 36 | TR2 35
110.1322 	DATA 	
110.1322 	DATA 	stimulation started
110.1322 	DATA 	
110.8822 	DATA 	Keypress: 5
110.8822 	DATA 	TR 72 | TR1 36 | TR2 36
112.4488 	DATA 	Keypress: 5
112.4488 	DATA 	TR 73 | TR1 37 | TR2 36
113.9986 	DATA 	Keypress: 5
113.9987 	DATA 	TR 74 | TR1 37 | TR2 37
115.5651 	DATA 	Keypress: 5
115.5652 	DATA 	TR 75 | TR1 38 | TR2 37
117.1149 	DATA 	Keypress: 5
117.1150 	DATA 	TR 76 | TR1 38 | TR2 38
118.6982 	DATA 	Keypress: 5
118.6982 	DATA 	TR 77 | TR1 39 | TR2 38
120.2480 	DATA 	Keypress: 5
120.2481 	DATA 	TR 78 | TR1 39 | TR2 39
121.8145 	DATA 	Keypress: 5
121.8146 	DATA 	TR 79 | TR1 40 | TR2 39
123.3644 	DATA 	Keypress: 5
123.3645 	DATA 	TR 80 | TR1 40 | TR2 40
124.9477 	DATA 	Keypress: 5
124.9478 	DATA 	TR 81 | TR1 41 | TR2 40
126.4974 	DATA 	Keypress: 5
126.4975 	DATA 	TR 82 | TR1 41 | TR2 41
128.0640 	DATA 	Keypress: 5
128.0641 	DATA 	TR 83 | TR1 42 | TR2 41
129.6138 	DATA 	Keypress: 5
129.6139 	DATA 	TR 84 | TR1 42 | TR2 42
131.1805 	DATA 	Keypress: 5
131.1806 	DATA 	TR 85 | TR1 43 | TR2 42
132.7469 	DATA 	Keypress: 5
132.7469 	DATA 	TR 86 | TR1 43 | TR2 43
134.1301 	DATA 	
134.1301 	DATA 	stimulation stopped
134.1301 	DATA 	
134.3134 	DATA 	Keypress: 5
134.3134 	DATA 	TR 87 | TR1 44 | TR2 43
135.8632 	DATA 	Keypress: 5
135.8633 	DATA 	TR 88 | TR1 44 | TR2 44
137.4298 	DATA 	Keypress: 5
137.4298 	DATA 	TR 89 | TR1 45 | TR2 44
138.9796 	DATA 	Keypress: 5
138.9797 	DATA 	TR 90 | TR1 45 | TR2 45
140.5628 	DATA 	Keypress: 5
140.5629 	DATA 	TR 91 | TR1 46 | TR2 45
142.1128 	DATA 	Keypress: 5
142.1128 	DATA 	TR 92 | TR1 46 | TR2 46
143.6792 	DATA 	Keypress: 5
143.6793 	DATA 	TR 93 | TR1 47 | TR2 46
145.2290 	DATA 	Keypress: 5
145.2291 	DATA 	TR 94 | TR1 47 | TR2 47
146.8123 	DATA 	Keypress: 5
146.8123 	DATA 	TR 95 | TR1 48 | TR2 47
148.3621 	DATA 	Keypress: 5
148.3621 	DATA 	TR 96 | TR1 48 | TR2 48
149.9286 	DATA 	Keypress: 5
149.9287 	DATA 	TR 97 | TR1 49 | TR2 48
151.4784 	DATA 	Keypress: 5
151.4785 	DATA 	TR 98 | TR1 49 | TR2 49
153.0452 	DATA 	Keypress: 5
153.0452 	DATA 	TR 99 | TR1 50 | TR2 49
154.5955 	DATA 	Keypress: 5
154.6116 	DATA 	TR 100 | TR1 50 | TR2 50
156.1781 	DATA 	Keypress: 5
156.1781 	DATA 	TR 101 | TR1 51 | TR2 50
157.7279 	DATA 	Keypress: 5
157.7280 	DATA 	TR 102 | TR1 51 | TR2 51
159.2945 	DATA 	Keypress: 5
159.2945 	DATA 	TR 103 | TR1 52 | TR2 51
160.8443 	DATA 	Keypress: 5
160.8444 	DATA 	TR 104 | TR1 52 | TR2 52
162.4275 	DATA 	Keypress: 5
162.4276 	DATA 	TR 105 | TR1 53 | TR2 52
163.9773 	DATA 	Keypress: 5
163.9774 	DATA 	TR 106 | TR1 53 | TR2 53
165.5439 	DATA 	Keypress: 5
165.5440 	DATA 	TR 107 | TR1 54 | TR2 53
167.0939 	DATA 	Keypress: 5
167.0939 	DATA 	TR 108 | TR1 54 | TR2 54
167.5271 	DATA 	Target presented
168.0937 	DATA 	Keypress: 1
168.0937 	DATA 	Key1 pressed
168.0937 	DATA 	Target detected
168.6609 	DATA 	Keypress: 5
168.6769 	DATA 	TR 109 | TR1 55 | TR2 54
170.2268 	DATA 	Keypress: 5
170.2268 	DATA 	TR 110 | TR1 55 | TR2 55
171.7933 	DATA 	Keypress: 5
171.7934 	DATA 	TR 111 | TR1 56 | TR2 55
173.3432 	DATA 	Keypress: 5
173.3432 	DATA 	TR 112 | TR1 56 | TR2 56
174.1264 	DATA 	
174.1264 	DATA 	Trial complete
174.1264 	DATA 	Waiting for VASO trigger to start next trial
174.1264 	DATA 	
174.9097 	DATA 	Keypress: 5
174.9098 	DATA 	Waited 0.783344030380249 seconds for trigger
174.9106 	DATA 	
174.9106 	DATA 	Trial 4
174.9106 	DATA 	stimDur = 24.0
174.9106 	DATA 	jitter = 1.5705
174.9106 	DATA 	restDur = 40.0

174.9106 	DATA 	
174.9106 	DATA 	TR 113 | TR1 57 | TR2 56
176.4596 	DATA 	Keypress: 5
176.4596 	DATA 	TR 114 | TR1 57 | TR2 57
176.4929 	DATA 	
176.4929 	DATA 	stimulation started
176.4929 	DATA 	
178.0429 	DATA 	Keypress: 5
178.0429 	DATA 	TR 115 | TR1 58 | TR2 57
179.5929 	DATA 	Keypress: 5
179.5929 	DATA 	TR 116 | TR1 58 | TR2 58
181.1592 	DATA 	Keypress: 5
181.1593 	DATA 	TR 117 | TR1 59 | TR2 58
182.7091 	DATA 	Keypress: 5
182.7091 	DATA 	TR 118 | TR1 59 | TR2 59
184.2923 	DATA 	Keypress: 5
184.2923 	DATA 	TR 119 | TR1 60 | TR2 59
185.8421 	DATA 	Keypress: 5
185.8422 	DATA 	TR 120 | TR1 60 | TR2 60
187.4087 	DATA 	Keypress: 5
187.4087 	DATA 	TR 121 | TR1 61 | TR2 60
188.9585 	DATA 	Keypress: 5
188.9585 	DATA 	TR 122 | TR1 61 | TR2 61
190.5250 	DATA 	Keypress: 5
190.5251 	DATA 	TR 123 | TR1 62 | TR2 61
192.0756 	DATA 	Keypress: 5
192.0915 	DATA 	TR 124 | TR1 62 | TR2 62
193.6581 	DATA 	Keypress: 5
193.6581 	DATA 	TR 125 | TR1 63 | TR2 62
195.2079 	DATA 	Keypress: 5
195.2080 	DATA 	TR 126 | TR1 63 | TR2 63
196.7745 	DATA 	Keypress: 5
196.7746 	DATA 	TR 127 | TR1 64 | TR2 63
198.3243 	DATA 	Keypress: 5
198.3244 	DATA 	TR 128 | TR1 64 | TR2 64
199.9075 	DATA 	Keypress: 5
199.9076 	DATA 	TR 129 | TR1 65 | TR2 64
200.4908 	DATA 	
200.4908 	DATA 	stimulation stopped
200.4908 	DATA 	
201.4573 	DATA 	Keypress: 5
201.4574 	DATA 	TR 130 | TR1 65 | TR2 65
203.0239 	DATA 	Keypress: 5
203.0239 	DATA 	TR 131 | TR1 66 | TR2 65
204.5737 	DATA 	Keypress: 5
204.5737 	DATA 	TR 132 | TR1 66 | TR2 66
206.1408 	DATA 	Keypress: 5
206.1569 	DATA 	TR 133 | TR1 67 | TR2 66
207.7068 	DATA 	Keypress: 5
207.7068 	DATA 	TR 134 | TR1 67 | TR2 67
209.2733 	DATA 	Keypress: 5
209.2733 	DATA 	TR 135 | TR1 68 | TR2 67
210.8231 	DATA 	Keypress: 5
210.8232 	DATA 	TR 136 | TR1 68 | TR2 68
212.3897 	DATA 	Keypress: 5
212.3897 	DATA 	TR 137 | TR1 69 | TR2 68
213.9395 	DATA 	Keypress: 5
213.9396 	DATA 	TR 138 | TR1 69 | TR2 69
215.5227 	DATA 	Keypress: 5
215.5228 	DATA 	TR 139 | TR1 70 | TR2 69
217.0727 	DATA 	Keypress: 5
217.0728 	DATA 	TR 140 | TR1 70 | TR2 70
218.6391 	DATA 	Keypress: 5
218.6392 	DATA 	TR 141 | TR1 71 | TR2 70
220.1890 	DATA 	Keypress: 5
220.1890 	DATA 	TR 142 | TR1 71 | TR2 71
221.7722 	DATA 	Keypress: 5
221.7722 	DATA 	TR 143 | TR1 72 | TR2 71
223.3220 	DATA 	Keypress: 5
223.3220 	DATA 	TR 144 | TR1 72 | TR2 72
224.8885 	DATA 	Keypress: 5
224.8886 	DATA 	TR 145 | TR1 73 | TR2 72
226.4384 	DATA 	Keypress: 5
226.4384 	DATA 	TR 146 | TR1 73 | TR2 73
228.0050 	DATA 	Keypress: 5
228.0050 	DATA 	TR 147 | TR1 74 | TR2 73
229.5714 	DATA 	Keypress: 5
229.5715 	DATA 	TR 148 | TR1 74 | TR2 74
231.1380 	DATA 	Keypress: 5
231.1380 	DATA 	TR 149 | TR1 75 | TR2 74
232.6878 	DATA 	Keypress: 5
232.6879 	DATA 	TR 150 | TR1 75 | TR2 75
234.2544 	DATA 	Keypress: 5
234.2544 	DATA 	TR 151 | TR1 76 | TR2 75
235.8042 	DATA 	Keypress: 5
235.8043 	DATA 	TR 152 | TR1 76 | TR2 76
237.3876 	DATA 	Keypress: 5
237.3876 	DATA 	TR 153 | TR1 77 | TR2 76
238.9373 	DATA 	Keypress: 5
238.9373 	DATA 	TR 154 | TR1 77 | TR2 77
240.4871 	DATA 	
240.4871 	DATA 	Trial complete
240.4871 	DATA 	Waiting for VASO trigger to start next trial
240.4871 	DATA 	
240.5038 	DATA 	Keypress: 5
240.5039 	DATA 	Waited 0.016728878021240234 seconds for trigger
240.5046 	DATA 	
240.5046 	DATA 	Trial 5
240.5046 	DATA 	stimDur = 1.0
240.5046 	DATA 	jitter = 0.78525
240.5047 	DATA 	restDur = 20.0

240.5047 	DATA 	
240.5047 	DATA 	TR 155 | TR1 78 | TR2 77
241.3037 	DATA 	
241.3037 	DATA 	stimulation started
241.3037 	DATA 	
242.0537 	DATA 	Keypress: 5
242.0538 	DATA 	TR 156 | TR1 78 | TR2 78
242.3037 	DATA 	
242.3037 	DATA 	stimulation stopped
242.3037 	DATA 	
243.6373 	DATA 	Keypress: 5
243.6374 	DATA 	TR 157 | TR1 79 | TR2 78
245.1368 	DATA 	Target presented
245.1867 	DATA 	Keypress: 5
245.1867 	DATA 	TR 158 | TR1 79 | TR2 79
245.7199 	DATA 	Keypress: 1
245.7200 	DATA 	Key1 pressed
245.7200 	DATA 	Target detected
246.7533 	DATA 	Keypress: 5
246.7533 	DATA 	TR 159 | TR1 80 | TR2 79
248.3031 	DATA 	Keypress: 5
248.3032 	DATA 	TR 160 | TR1 80 | TR2 80
249.8697 	DATA 	Keypress: 5
249.8697 	DATA 	TR 161 | TR1 81 | TR2 80
251.4195 	DATA 	Keypress: 5
251.4196 	DATA 	TR 162 | TR1 81 | TR2 81
253.0027 	DATA 	Keypress: 5
253.0027 	DATA 	TR 163 | TR1 82 | TR2 81
254.5525 	DATA 	Keypress: 5
254.5526 	DATA 	TR 164 | TR1 82 | TR2 82
256.1191 	DATA 	Keypress: 5
256.1191 	DATA 	TR 165 | TR1 83 | TR2 82
257.6689 	DATA 	Keypress: 5
257.6690 	DATA 	TR 166 | TR1 83 | TR2 83
259.2521 	DATA 	Keypress: 5
259.2522 	DATA 	TR 167 | TR1 84 | TR2 83
260.8019 	DATA 	Keypress: 5
260.8020 	DATA 	TR 168 | TR1 84 | TR2 84
262.3018 	DATA 	
262.3018 	DATA 	Trial complete
262.3018 	DATA 	Waiting for VASO trigger to start next trial
262.3018 	DATA 	
262.3687 	DATA 	Keypress: 5
262.3688 	DATA 	Waited 0.06693601608276367 seconds for trigger
262.3695 	DATA 	
262.3695 	DATA 	Trial 6
262.3695 	DATA 	stimDur = 2.0
262.3695 	DATA 	jitter = 0.78525
262.3695 	DATA 	restDur = 22.0

262.3695 	DATA 	
262.3696 	DATA 	TR 169 | TR1 85 | TR2 84
263.1685 	DATA 	
263.1685 	DATA 	stimulation started
263.1685 	DATA 	
263.9184 	DATA 	Keypress: 5
263.9185 	DATA 	TR 170 | TR1 85 | TR2 85
265.1683 	DATA 	
265.1683 	DATA 	stimulation stopped
265.1683 	DATA 	
265.4849 	DATA 	Keypress: 5
265.4849 	DATA 	TR 171 | TR1 86 | TR2 85
267.0514 	DATA 	Keypress: 5
267.0514 	DATA 	TR 172 | TR1 86 | TR2 86
268.6179 	DATA 	Keypress: 5
268.6180 	DATA 	TR 173 | TR1 87 | TR2 86
270.1678 	DATA 	Keypress: 5
270.1678 	DATA 	TR 174 | TR1 87 | TR2 87
271.7343 	DATA 	Keypress: 5
271.7344 	DATA 	TR 175 | TR1 88 | TR2 87
273.2843 	DATA 	Keypress: 5
273.2843 	DATA 	TR 176 | TR1 88 | TR2 88
274.8674 	DATA 	Keypress: 5
274.8674 	DATA 	TR 177 | TR1 89 | TR2 88
276.4172 	DATA 	Keypress: 5
276.4173 	DATA 	TR 178 | TR1 89 | TR2 89
277.9838 	DATA 	Keypress: 5
277.9838 	DATA 	TR 179 | TR1 90 | TR2 89
279.5336 	DATA 	Keypress: 5
279.5336 	DATA 	TR 180 | TR1 90 | TR2 90
281.1168 	DATA 	Keypress: 5
281.1169 	DATA 	TR 181 | TR1 91 | TR2 90
282.6666 	DATA 	Keypress: 5
282.6667 	DATA 	TR 182 | TR1 91 | TR2 91
284.2332 	DATA 	Keypress: 5
284.2333 	DATA 	TR 183 | TR1 92 | TR2 91
285.7830 	DATA 	Keypress: 5
285.7831 	DATA 	TR 184 | TR1 92 | TR2 92
287.1662 	DATA 	
287.1662 	DATA 	Trial complete
287.1662 	DATA 	Waiting for VASO trigger to start next trial
287.1662 	DATA 	
287.3496 	DATA 	Keypress: 5
287.3496 	DATA 	Waited 0.18340182304382324 seconds for trigger
287.3504 	DATA 	
287.3504 	DATA 	Trial 7
287.3504 	DATA 	stimDur = 4.0
287.3504 	DATA 	jitter = 2.35575
287.3504 	DATA 	restDur = 24.0

287.3504 	DATA 	
287.3504 	DATA 	TR 185 | TR1 93 | TR2 92
288.9000 	DATA 	Keypress: 5
288.9160 	DATA 	TR 186 | TR1 93 | TR2 93
289.7160 	DATA 	
289.7160 	DATA 	stimulation started
289.7160 	DATA 	
290.4827 	DATA 	Keypress: 5
290.4827 	DATA 	TR 187 | TR1 94 | TR2 93
292.0325 	DATA 	Keypress: 5
292.0326 	DATA 	TR 188 | TR1 94 | TR2 94
293.5991 	DATA 	Keypress: 5
293.5991 	DATA 	TR 189 | TR1 95 | TR2 94
293.7157 	DATA 	
293.7157 	DATA 	stimulation stopped
293.7157 	DATA 	
295.1488 	DATA 	Keypress: 5
295.1489 	DATA 	TR 190 | TR1 95 | TR2 95
296.7321 	DATA 	Keypress: 5
296.7321 	DATA 	TR 191 | TR1 96 | TR2 95
298.2819 	DATA 	Keypress: 5
298.2819 	DATA 	TR 192 | TR1 96 | TR2 96
298.9652 	DATA 	Target presented
299.5318 	DATA 	Keypress: 1
299.5319 	DATA 	Key1 pressed
299.5319 	DATA 	Target detected
299.8484 	DATA 	Keypress: 5
299.8484 	DATA 	TR 193 | TR1 97 | TR2 96
301.3983 	DATA 	Keypress: 5
301.3983 	DATA 	TR 194 | TR1 97 | TR2 97
302.9656 	DATA 	Keypress: 5
302.9814 	DATA 	TR 195 | TR1 98 | TR2 97
304.5313 	DATA 	Keypress: 5
304.5314 	DATA 	TR 196 | TR1 98 | TR2 98
306.0979 	DATA 	Keypress: 5
306.0979 	DATA 	TR 197 | TR1 99 | TR2 98
307.6477 	DATA 	Keypress: 5
307.6478 	DATA 	TR 198 | TR1 99 | TR2 99
309.2143 	DATA 	Keypress: 5
309.2143 	DATA 	TR 199 | TR1 100 | TR2 99
310.7641 	DATA 	Keypress: 5
310.7641 	DATA 	TR 200 | TR1 100 | TR2 100
312.3473 	DATA 	Keypress: 5
312.3474 	DATA 	TR 201 | TR1 101 | TR2 100
313.8972 	DATA 	Keypress: 5
313.8972 	DATA 	TR 202 | TR1 101 | TR2 101
315.4637 	DATA 	Keypress: 5
315.4638 	DATA 	TR 203 | TR1 102 | TR2 101
317.0135 	DATA 	Keypress: 5
317.0136 	DATA 	TR 204 | TR1 102 | TR2 102
317.7135 	DATA 	
317.7135 	DATA 	Trial complete
317.7135 	DATA 	Waiting for VASO trigger to start next trial
317.7135 	DATA 	
318.5968 	DATA 	Keypress: 5
318.5968 	DATA 	Waited 0.8833339214324951 seconds for trigger
318.5976 	DATA 	
318.5976 	DATA 	Trial 8
318.5976 	DATA 	stimDur = 12.0
318.5976 	DATA 	jitter = 0.0
318.5976 	DATA 	restDur = 30.0

318.5976 	DATA 	
318.5976 	DATA 	TR 205 | TR1 103 | TR2 102
318.5976 	DATA 	
318.5976 	DATA 	stimulation started
318.5976 	DATA 	
320.1467 	DATA 	Keypress: 5
320.1468 	DATA 	TR 206 | TR1 103 | TR2 103
321.7132 	DATA 	Keypress: 5
321.7132 	DATA 	TR 207 | TR1 104 | TR2 103
323.2631 	DATA 	Keypress: 5
323.2631 	DATA 	TR 208 | TR1 104 | TR2 104
324.8297 	DATA 	Keypress: 5
324.8298 	DATA 	TR 209 | TR1 105 | TR2 104
326.3961 	DATA 	Keypress: 5
326.3962 	DATA 	TR 210 | TR1 105 | TR2 105
327.9626 	DATA 	Keypress: 5
327.9627 	DATA 	TR 211 | TR1 106 | TR2 105
329.5125 	DATA 	Keypress: 5
329.5125 	DATA 	TR 212 | TR1 106 | TR2 106
330.6123 	DATA 	
330.6123 	DATA 	stimulation stopped
330.6124 	DATA 	
331.0789 	DATA 	Keypress: 5
331.0790 	DATA 	TR 213 | TR1 107 | TR2 106
332.6288 	DATA 	Keypress: 5
332.6289 	DATA 	TR 214 | TR1 107 | TR2 107
334.2120 	DATA 	Keypress: 5
334.2121 	DATA 	TR 215 | TR1 108 | TR2 107
335.7619 	DATA 	Keypress: 5
335.7619 	DATA 	TR 216 | TR1 108 | TR2 108
337.3284 	DATA 	Keypress: 5
337.3284 	DATA 	TR 217 | TR1 109 | TR2 108
338.8783 	DATA 	Keypress: 5
338.8783 	DATA 	TR 218 | TR1 109 | TR2 109
340.4453 	DATA 	Keypress: 5
340.4614 	DATA 	TR 219 | TR1 110 | TR2 109
342.0113 	DATA 	Keypress: 5
342.0114 	DATA 	TR 220 | TR1 110 | TR2 110
343.5778 	DATA 	Keypress: 5
343.5779 	DATA 	TR 221 | TR1 111 | TR2 110
345.1277 	DATA 	Keypress: 5
345.1277 	DATA 	TR 222 | TR1 111 | TR2 111
346.6942 	DATA 	Keypress: 5
346.6942 	DATA 	TR 223 | TR1 112 | TR2 111
347.1608 	DATA 	Target presented
347.6774 	DATA 	Keypress: 1
347.6775 	DATA 	Key1 pressed
347.6775 	DATA 	Target detected
348.2447 	DATA 	Keypress: 5
348.2607 	DATA 	TR 224 | TR1 112 | TR2 112
349.8273 	DATA 	Keypress: 5
349.8273 	DATA 	TR 225 | TR1 113 | TR2 112
351.3771 	DATA 	Keypress: 5
351.3772 	DATA 	TR 226 | TR1 113 | TR2 113
352.9437 	DATA 	Keypress: 5
352.9437 	DATA 	TR 227 | TR1 114 | TR2 113
354.4935 	DATA 	Keypress: 5
354.4936 	DATA 	TR 228 | TR1 114 | TR2 114
356.0767 	DATA 	Keypress: 5
356.0767 	DATA 	TR 229 | TR1 115 | TR2 114
357.6266 	DATA 	Keypress: 5
357.6266 	DATA 	TR 230 | TR1 115 | TR2 115
359.1931 	DATA 	Keypress: 5
359.1931 	DATA 	TR 231 | TR1 116 | TR2 115
360.6096 	DATA 	
360.6096 	DATA 	Trial complete
360.6096 	DATA 	Waiting for VASO trigger to start next trial
360.6096 	DATA 	
360.7430 	DATA 	Keypress: 5
360.7430 	DATA 	TR 232 | TR1 116 | TR2 116
362.3094 	DATA 	Keypress: 5
362.3095 	DATA 	Waited 1.6999151706695557 seconds for trigger
362.3103 	DATA 	
362.3103 	DATA 	Trial 9
362.3103 	DATA 	stimDur = 2.0
362.3103 	DATA 	jitter = 1.5705
362.3103 	DATA 	restDur = 22.0

362.3103 	DATA 	
362.3103 	DATA 	TR 233 | TR1 117 | TR2 116
363.8599 	DATA 	Keypress: 5
363.8759 	DATA 	TR 234 | TR1 117 | TR2 117
363.8926 	DATA 	
363.8926 	DATA 	stimulation started
363.8926 	DATA 	
365.4425 	DATA 	Keypress: 5
365.4426 	DATA 	TR 235 | TR1 118 | TR2 117
365.8925 	DATA 	
365.8925 	DATA 	stimulation stopped
365.8925 	DATA 	
366.9926 	DATA 	Keypress: 5
366.9926 	DATA 	TR 236 | TR1 118 | TR2 118
368.5589 	DATA 	Keypress: 5
368.5590 	DATA 	TR 237 | TR1 119 | TR2 118
370.1088 	DATA 	Keypress: 5
370.1088 	DATA 	TR 238 | TR1 119 | TR2 119
371.6919 	DATA 	Keypress: 5
371.6920 	DATA 	TR 239 | TR1 120 | TR2 119
373.2418 	DATA 	Keypress: 5
373.2419 	DATA 	TR 240 | TR1 120 | TR2 120
374.8083 	DATA 	Keypress: 5
374.8084 	DATA 	TR 241 | TR1 121 | TR2 120
376.3582 	DATA 	Keypress: 5
376.3582 	DATA 	TR 242 | TR1 121 | TR2 121
377.9414 	DATA 	Keypress: 5
377.9414 	DATA 	TR 243 | TR1 122 | TR2 121
379.4913 	DATA 	Keypress: 5
379.4913 	DATA 	TR 244 | TR1 122 | TR2 122
381.0577 	DATA 	Keypress: 5
381.0578 	DATA 	TR 245 | TR1 123 | TR2 122
382.6077 	DATA 	Keypress: 5
382.6077 	DATA 	TR 246 | TR1 123 | TR2 123
384.1741 	DATA 	Keypress: 5
384.1742 	DATA 	TR 247 | TR1 124 | TR2 123
385.7241 	DATA 	Keypress: 5
385.7242 	DATA 	TR 248 | TR1 124 | TR2 124
387.3072 	DATA 	Keypress: 5
387.3072 	DATA 	TR 249 | TR1 125 | TR2 124
387.8904 	DATA 	
387.8904 	DATA 	Trial complete
387.8904 	DATA 	Waiting for VASO trigger to start next trial
387.8905 	DATA 	
388.8571 	DATA 	Keypress: 5
388.8572 	DATA 	TR 250 | TR1 125 | TR2 125
390.4236 	DATA 	Keypress: 5
390.4237 	DATA 	Waited 2.533221960067749 seconds for trigger
390.4244 	DATA 	
390.4244 	DATA 	Trial 10
390.4244 	DATA 	stimDur = 4.0
390.4245 	DATA 	jitter = 0.0
390.4245 	DATA 	restDur = 24.0

390.4245 	DATA 	
390.4245 	DATA 	TR 251 | TR1 126 | TR2 125
390.4245 	DATA 	
390.4245 	DATA 	stimulation started
390.4245 	DATA 	
391.9735 	DATA 	Keypress: 5
391.9736 	DATA 	TR 252 | TR1 126 | TR2 126
393.5568 	DATA 	Keypress: 5
393.5569 	DATA 	TR 253 | TR1 127 | TR2 126
394.4399 	DATA 	
394.4399 	DATA 	stimulation stopped
394.4399 	DATA 	
395.1065 	DATA 	Keypress: 5
395.1065 	DATA 	TR 254 | TR1 127 | TR2 127
396.6730 	DATA 	Keypress: 5
396.6731 	DATA 	TR 255 | TR1 128 | TR2 127
398.2229 	DATA 	Keypress: 5
398.2229 	DATA 	TR 256 | TR1 128 | TR2 128
399.7900 	DATA 	Keypress: 5
399.8060 	DATA 	TR 257 | TR1 129 | TR2 128
401.3559 	DATA 	Keypress: 5
401.3560 	DATA 	TR 258 | TR1 129 | TR2 129
402.9224 	DATA 	Keypress: 5
402.9225 	DATA 	TR 259 | TR1 130 | TR2 129
404.4723 	DATA 	Keypress: 5
404.4724 	DATA 	TR 260 | TR1 130 | TR2 130
406.0388 	DATA 	Keypress: 5
406.0389 	DATA 	TR 261 | TR1 131 | TR2 130
407.5887 	DATA 	Keypress: 5
407.5887 	DATA 	TR 262 | TR1 131 | TR2 131
409.1719 	DATA 	Keypress: 5
409.1719 	DATA 	TR 263 | TR1 132 | TR2 131
410.7218 	DATA 	Keypress: 5
410.7218 	DATA 	TR 264 | TR1 132 | TR2 132
412.2882 	DATA 	Keypress: 5
412.2883 	DATA 	TR 265 | TR1 133 | TR2 132
413.8381 	DATA 	Keypress: 5
413.8382 	DATA 	TR 266 | TR1 133 | TR2 133
415.4213 	DATA 	Keypress: 5
415.4213 	DATA 	TR 267 | TR1 134 | TR2 133
416.9712 	DATA 	Keypress: 5
416.9712 	DATA 	TR 268 | TR1 134 | TR2 134
418.4377 	DATA 	
418.4377 	DATA 	Trial complete
418.4377 	DATA 	Waiting for VASO trigger to start next trial
418.4377 	DATA 	
418.5377 	DATA 	Keypress: 5
418.5377 	DATA 	Waited 0.09999799728393555 seconds for trigger
418.5385 	DATA 	
418.5385 	DATA 	Trial 11
418.5385 	DATA 	stimDur = 12.0
418.5385 	DATA 	jitter = 0.78525
418.5385 	DATA 	restDur = 30.0

418.5385 	DATA 	
418.5385 	DATA 	TR 269 | TR1 135 | TR2 134
419.3376 	DATA 	
419.3376 	DATA 	stimulation started
419.3376 	DATA 	
420.0876 	DATA 	Keypress: 5
420.0877 	DATA 	TR 270 | TR1 135 | TR2 135
421.6541 	DATA 	Keypress: 5
421.6541 	DATA 	TR 271 | TR1 136 | TR2 135
422.6207 	DATA 	Target presented
423.1707 	DATA 	Keypress: 1
423.1707 	DATA 	Key1 pressed
423.1708 	DATA 	Target detected
423.2047 	DATA 	Keypress: 5
423.2206 	DATA 	TR 272 | TR1 136 | TR2 136
424.7872 	DATA 	Keypress: 5
424.7872 	DATA 	TR 273 | TR1 137 | TR2 136
426.3372 	DATA 	Keypress: 5
426.3372 	DATA 	TR 274 | TR1 137 | TR2 137
427.9037 	DATA 	Keypress: 5
427.9037 	DATA 	TR 275 | TR1 138 | TR2 137
429.4535 	DATA 	Keypress: 5
429.4535 	DATA 	TR 276 | TR1 138 | TR2 138
431.0366 	DATA 	Keypress: 5
431.0367 	DATA 	TR 277 | TR1 139 | TR2 138
431.3365 	DATA 	
431.3365 	DATA 	stimulation stopped
431.3365 	DATA 	
432.5864 	DATA 	Keypress: 5
432.5865 	DATA 	TR 278 | TR1 139 | TR2 139
434.1529 	DATA 	Keypress: 5
434.1529 	DATA 	TR 279 | TR1 140 | TR2 139
435.7028 	DATA 	Keypress: 5
435.7029 	DATA 	TR 280 | TR1 140 | TR2 140
437.2860 	DATA 	Keypress: 5
437.2860 	DATA 	TR 281 | TR1 141 | TR2 140
438.8359 	DATA 	Keypress: 5
438.8359 	DATA 	TR 282 | TR1 141 | TR2 141
440.4023 	DATA 	Keypress: 5
440.4024 	DATA 	TR 283 | TR1 142 | TR2 141
441.9523 	DATA 	Keypress: 5
441.9523 	DATA 	TR 284 | TR1 142 | TR2 142
443.5187 	DATA 	Keypress: 5
443.5188 	DATA 	TR 285 | TR1 143 | TR2 142
445.0687 	DATA 	Keypress: 5
445.0687 	DATA 	TR 286 | TR1 143 | TR2 143
446.6518 	DATA 	Keypress: 5
446.6518 	DATA 	TR 287 | TR1 144 | TR2 143
448.2017 	DATA 	Keypress: 5
448.2017 	DATA 	TR 288 | TR1 144 | TR2 144
449.7682 	DATA 	Keypress: 5
449.7682 	DATA 	TR 289 | TR1 145 | TR2 144
451.3181 	DATA 	Keypress: 5
451.3181 	DATA 	TR 290 | TR1 145 | TR2 145
452.9012 	DATA 	Keypress: 5
452.9013 	DATA 	TR 291 | TR1 146 | TR2 145
454.4511 	DATA 	Keypress: 5
454.4512 	DATA 	TR 292 | TR1 146 | TR2 146
456.0176 	DATA 	Keypress: 5
456.0177 	DATA 	TR 293 | TR1 147 | TR2 146
457.5675 	DATA 	Keypress: 5
457.5675 	DATA 	TR 294 | TR1 147 | TR2 147
459.1340 	DATA 	Keypress: 5
459.1340 	DATA 	TR 295 | TR1 148 | TR2 147
460.7005 	DATA 	Keypress: 5
460.7006 	DATA 	TR 296 | TR1 148 | TR2 148
461.3338 	DATA 	
461.3338 	DATA 	Trial complete
461.3338 	DATA 	Waiting for VASO trigger to start next trial
461.3338 	DATA 	
462.2671 	DATA 	Keypress: 5
462.2672 	DATA 	Waited 0.9333581924438477 seconds for trigger
462.2679 	DATA 	
462.2679 	DATA 	Trial 12
462.2679 	DATA 	stimDur = 4.0
462.2679 	DATA 	jitter = 0.78525
462.2679 	DATA 	restDur = 24.0

462.2679 	DATA 	
462.2680 	DATA 	TR 297 | TR1 149 | TR2 148
463.0669 	DATA 	
463.0669 	DATA 	stimulation started
463.0669 	DATA 	
463.8170 	DATA 	Keypress: 5
463.8170 	DATA 	TR 298 | TR1 149 | TR2 149
465.3836 	DATA 	Keypress: 5
465.3837 	DATA 	TR 299 | TR1 150 | TR2 149
466.9335 	DATA 	Keypress: 5
466.9336 	DATA 	TR 300 | TR1 150 | TR2 150
467.0666 	DATA 	
467.0666 	DATA 	stimulation stopped
467.0666 	DATA 	
468.5165 	DATA 	Keypress: 5
468.5165 	DATA 	TR 301 | TR1 151 | TR2 150
470.0664 	DATA 	Keypress: 5
470.0664 	DATA 	TR 302 | TR1 151 | TR2 151
471.6330 	DATA 	Keypress: 5
471.6331 	DATA 	TR 303 | TR1 152 | TR2 151
473.1827 	DATA 	Keypress: 5
473.1828 	DATA 	TR 304 | TR1 152 | TR2 152
474.7498 	DATA 	Keypress: 5
474.7659 	DATA 	TR 305 | TR1 153 | TR2 152
476.3158 	DATA 	Keypress: 5
476.3158 	DATA 	TR 306 | TR1 153 | TR2 153
477.8823 	DATA 	Keypress: 5
477.8823 	DATA 	TR 307 | TR1 154 | TR2 153
479.4322 	DATA 	Keypress: 5
479.4322 	DATA 	TR 308 | TR1 154 | TR2 154
480.9987 	DATA 	Keypress: 5
480.9987 	DATA 	TR 309 | TR1 155 | TR2 154
482.5487 	DATA 	Keypress: 5
482.5488 	DATA 	TR 310 | TR1 155 | TR2 155
484.1317 	DATA 	Keypress: 5
484.1318 	DATA 	TR 311 | TR1 156 | TR2 155
485.6816 	DATA 	Keypress: 5
485.6817 	DATA 	TR 312 | TR1 156 | TR2 156
487.2481 	DATA 	Keypress: 5
487.2482 	DATA 	TR 313 | TR1 157 | TR2 156
488.7980 	DATA 	Keypress: 5
488.7981 	DATA 	TR 314 | TR1 157 | TR2 157
490.3812 	DATA 	Keypress: 5
490.3812 	DATA 	TR 315 | TR1 158 | TR2 157
491.0644 	DATA 	
491.0644 	DATA 	Trial complete
491.0644 	DATA 	Waiting for VASO trigger to start next trial
491.0644 	DATA 	
491.9311 	DATA 	Keypress: 5
491.9311 	DATA 	TR 316 | TR1 158 | TR2 158
493.4975 	DATA 	Keypress: 5
493.4976 	DATA 	Waited 2.4331681728363037 seconds for trigger
493.4984 	DATA 	
493.4984 	DATA 	Trial 13
493.4984 	DATA 	stimDur = 2.0
493.4984 	DATA 	jitter = 2.35575
493.4984 	DATA 	restDur = 22.0

493.4984 	DATA 	
493.4984 	DATA 	TR 317 | TR1 159 | TR2 158
495.0476 	DATA 	Keypress: 5
495.0476 	DATA 	TR 318 | TR1 159 | TR2 159
495.8640 	DATA 	
495.8640 	DATA 	stimulation started
495.8640 	DATA 	
496.6140 	DATA 	Keypress: 5
496.6141 	DATA 	TR 319 | TR1 160 | TR2 159
497.8638 	DATA 	
497.8639 	DATA 	stimulation stopped
497.8639 	DATA 	
498.1805 	DATA 	Keypress: 5
498.1805 	DATA 	TR 320 | TR1 160 | TR2 160
499.1304 	DATA 	Target presented
499.6470 	DATA 	Keypress: 1
499.6471 	DATA 	Key1 pressed
499.6471 	DATA 	Target detected
499.7470 	DATA 	Keypress: 5
499.7470 	DATA 	TR 321 | TR1 161 | TR2 160
501.2970 	DATA 	Keypress: 5
501.2971 	DATA 	TR 322 | TR1 161 | TR2 161
502.8636 	DATA 	Keypress: 5
502.8637 	DATA 	TR 323 | TR1 162 | TR2 161
504.4133 	DATA 	Keypress: 5
504.4133 	DATA 	TR 324 | TR1 162 | TR2 162
505.9964 	DATA 	Keypress: 5
505.9964 	DATA 	TR 325 | TR1 163 | TR2 162
507.5463 	DATA 	Keypress: 5
507.5463 	DATA 	TR 326 | TR1 163 | TR2 163
509.1129 	DATA 	Keypress: 5
509.1130 	DATA 	TR 327 | TR1 164 | TR2 163
510.6628 	DATA 	Keypress: 5
510.6629 	DATA 	TR 328 | TR1 164 | TR2 164
512.2459 	DATA 	Keypress: 5
512.2459 	DATA 	TR 329 | TR1 165 | TR2 164
513.7957 	DATA 	Keypress: 5
513.7958 	DATA 	TR 330 | TR1 165 | TR2 165
515.3622 	DATA 	Keypress: 5
515.3623 	DATA 	TR 331 | TR1 166 | TR2 165
516.9121 	DATA 	Keypress: 5
516.9122 	DATA 	TR 332 | TR1 166 | TR2 166
518.4787 	DATA 	Keypress: 5
518.4787 	DATA 	TR 333 | TR1 167 | TR2 166
519.8618 	DATA 	
519.8618 	DATA 	Trial complete
519.8618 	DATA 	Waiting for VASO trigger to start next trial
519.8618 	DATA 	
520.0285 	DATA 	Keypress: 5
520.0285 	DATA 	TR 334 | TR1 167 | TR2 167
521.6117 	DATA 	Keypress: 5
521.6117 	DATA 	Waited 1.7498960494995117 seconds for trigger
521.6125 	DATA 	
521.6125 	DATA 	Trial 14
521.6125 	DATA 	stimDur = 1.0
521.6125 	DATA 	jitter = 1.5705
521.6125 	DATA 	restDur = 20.0

521.6125 	DATA 	
521.6125 	DATA 	TR 335 | TR1 168 | TR2 167
523.1616 	DATA 	Keypress: 5
523.1616 	DATA 	TR 336 | TR1 168 | TR2 168
523.1948 	DATA 	
523.1948 	DATA 	stimulation started
523.1948 	DATA 	
524.1947 	DATA 	
524.1947 	DATA 	stimulation stopped
524.1947 	DATA 	
524.7280 	DATA 	Keypress: 5
524.7281 	DATA 	TR 337 | TR1 169 | TR2 168
526.2779 	DATA 	Keypress: 5
526.2780 	DATA 	TR 338 | TR1 169 | TR2 169
527.8611 	DATA 	Keypress: 5
527.8611 	DATA 	TR 339 | TR1 170 | TR2 169
529.4110 	DATA 	Keypress: 5
529.4110 	DATA 	TR 340 | TR1 170 | TR2 170
530.9775 	DATA 	Keypress: 5
530.9775 	DATA 	TR 341 | TR1 171 | TR2 170
532.5273 	DATA 	Keypress: 5
532.5274 	DATA 	TR 342 | TR1 171 | TR2 171
534.0944 	DATA 	Keypress: 5
534.1105 	DATA 	TR 343 | TR1 172 | TR2 171
535.6604 	DATA 	Keypress: 5
535.6604 	DATA 	TR 344 | TR1 172 | TR2 172
537.2269 	DATA 	Keypress: 5
537.2270 	DATA 	TR 345 | TR1 173 | TR2 172
538.7768 	DATA 	Keypress: 5
538.7768 	DATA 	TR 346 | TR1 173 | TR2 173
540.3433 	DATA 	Keypress: 5
540.3433 	DATA 	TR 347 | TR1 174 | TR2 173
541.8932 	DATA 	Keypress: 5
541.8932 	DATA 	TR 348 | TR1 174 | TR2 174
543.4763 	DATA 	Keypress: 5
543.4764 	DATA 	TR 349 | TR1 175 | TR2 174
544.1928 	DATA 	
544.1928 	DATA 	Trial complete
544.1928 	DATA 	Waiting for VASO trigger to start next trial
544.1928 	DATA 	
545.0262 	DATA 	Keypress: 5
545.0263 	DATA 	TR 350 | TR1 175 | TR2 175
546.5927 	DATA 	Keypress: 5
546.5928 	DATA 	Waited 2.400028944015503 seconds for trigger
546.5936 	DATA 	
546.5936 	DATA 	Trial 15
546.5936 	DATA 	stimDur = 24.0
546.5936 	DATA 	jitter = 0.0
546.5936 	DATA 	restDur = 40.0

546.5936 	DATA 	
546.5936 	DATA 	TR 351 | TR1 176 | TR2 175
546.5936 	DATA 	
546.5936 	DATA 	stimulation started
546.5936 	DATA 	
548.1426 	DATA 	Keypress: 5
548.1427 	DATA 	TR 352 | TR1 176 | TR2 176
549.7258 	DATA 	Keypress: 5
549.7259 	DATA 	TR 353 | TR1 177 | TR2 176
551.2757 	DATA 	Keypress: 5
551.2757 	DATA 	TR 354 | TR1 177 | TR2 177
552.8422 	DATA 	Keypress: 5
552.8423 	DATA 	TR 355 | TR1 178 | TR2 177
554.3921 	DATA 	Keypress: 5
554.3921 	DATA 	TR 356 | TR1 178 | TR2 178
555.9586 	DATA 	Keypress: 5
555.9587 	DATA 	TR 357 | TR1 179 | TR2 178
557.5092 	DATA 	Keypress: 5
557.5251 	DATA 	TR 358 | TR1 179 | TR2 179
559.0917 	DATA 	Keypress: 5
559.0917 	DATA 	TR 359 | TR1 180 | TR2 179
560.6415 	DATA 	Keypress: 5
560.6415 	DATA 	TR 360 | TR1 180 | TR2 180
562.2081 	DATA 	Keypress: 5
562.2081 	DATA 	TR 361 | TR1 181 | TR2 180
563.7579 	DATA 	Keypress: 5
563.7579 	DATA 	TR 362 | TR1 181 | TR2 181
564.2246 	DATA 	Target presented
565.3411 	DATA 	Keypress: 5
565.3411 	DATA 	TR 363 | TR1 182 | TR2 181
566.8909 	DATA 	Keypress: 5
566.8910 	DATA 	TR 364 | TR1 182 | TR2 182
568.4575 	DATA 	Keypress: 5
568.4575 	DATA 	TR 365 | TR1 183 | TR2 182
570.0073 	DATA 	Keypress: 5
570.0073 	DATA 	TR 366 | TR1 183 | TR2 183
570.6072 	DATA 	
570.6073 	DATA 	stimulation stopped
570.6073 	DATA 	
571.5744 	DATA 	Keypress: 5
571.5904 	DATA 	TR 367 | TR1 184 | TR2 183
573.1403 	DATA 	Keypress: 5
573.1404 	DATA 	TR 368 | TR1 184 | TR2 184
574.7069 	DATA 	Keypress: 5
574.7069 	DATA 	TR 369 | TR1 185 | TR2 184
576.2567 	DATA 	Keypress: 5
576.2567 	DATA 	TR 370 | TR1 185 | TR2 185
577.8232 	DATA 	Keypress: 5
577.8233 	DATA 	TR 371 | TR1 186 | TR2 185
579.3732 	DATA 	Keypress: 5
579.3732 	DATA 	TR 372 | TR1 186 | TR2 186
580.9563 	DATA 	Keypress: 5
580.9563 	DATA 	TR 373 | TR1 187 | TR2 186
582.5061 	DATA 	Keypress: 5
582.5062 	DATA 	TR 374 | TR1 187 | TR2 187
584.0728 	DATA 	Keypress: 5
584.0728 	DATA 	TR 375 | TR1 188 | TR2 187
585.6225 	DATA 	Keypress: 5
585.6225 	DATA 	TR 376 | TR1 188 | TR2 188
587.2057 	DATA 	Keypress: 5
587.2058 	DATA 	TR 377 | TR1 189 | TR2 188
588.7557 	DATA 	Keypress: 5
588.7557 	DATA 	TR 378 | TR1 189 | TR2 189
590.3221 	DATA 	Keypress: 5
590.3221 	DATA 	TR 379 | TR1 190 | TR2 189
591.8719 	DATA 	Keypress: 5
591.8720 	DATA 	TR 380 | TR1 190 | TR2 190
593.4385 	DATA 	Keypress: 5
593.4385 	DATA 	TR 381 | TR1 191 | TR2 190
595.0050 	DATA 	Keypress: 5
595.0050 	DATA 	TR 382 | TR1 191 | TR2 191
596.5717 	DATA 	Keypress: 5
596.5717 	DATA 	TR 383 | TR1 192 | TR2 191
598.1213 	DATA 	Keypress: 5
598.1214 	DATA 	TR 384 | TR1 192 | TR2 192
599.6879 	DATA 	Keypress: 5
599.6880 	DATA 	TR 385 | TR1 193 | TR2 192
601.2377 	DATA 	Keypress: 5
601.2378 	DATA 	TR 386 | TR1 193 | TR2 193
602.8210 	DATA 	Keypress: 5
602.8210 	DATA 	TR 387 | TR1 194 | TR2 193
604.3709 	DATA 	Keypress: 5
604.3709 	DATA 	TR 388 | TR1 194 | TR2 194
605.9373 	DATA 	Keypress: 5
605.9374 	DATA 	TR 389 | TR1 195 | TR2 194
607.4871 	DATA 	Keypress: 5
607.4872 	DATA 	TR 390 | TR1 195 | TR2 195
609.0543 	DATA 	Keypress: 5
609.0703 	DATA 	TR 391 | TR1 196 | TR2 195
610.6036 	DATA 	
610.6036 	DATA 	Trial complete
610.6036 	DATA 	Waiting for VASO trigger to start next trial
610.6036 	DATA 	
610.6202 	DATA 	Keypress: 5
610.6203 	DATA 	TR 392 | TR1 196 | TR2 196
612.1868 	DATA 	Keypress: 5
612.1869 	DATA 	Waited 1.5832288265228271 seconds for trigger
612.1876 	DATA 	
612.1876 	DATA 	Trial 16
612.1876 	DATA 	stimDur = 1.0
612.1876 	DATA 	jitter = 2.35575
612.1876 	DATA 	restDur = 20.0

612.1876 	DATA 	
612.1877 	DATA 	TR 393 | TR1 197 | TR2 196
613.0365 	DATA 	Target presented
613.6199 	DATA 	Keypress: 1
613.6199 	DATA 	Key1 pressed
613.6200 	DATA 	Target detected
613.7366 	DATA 	Keypress: 5
613.7366 	DATA 	TR 394 | TR1 197 | TR2 197
614.5532 	DATA 	
614.5532 	DATA 	stimulation started
614.5532 	DATA 	
615.3032 	DATA 	Keypress: 5
615.3033 	DATA 	TR 395 | TR1 198 | TR2 197
615.5531 	DATA 	
615.5531 	DATA 	stimulation stopped
615.5531 	DATA 	
616.8530 	DATA 	Keypress: 5
616.8530 	DATA 	TR 396 | TR1 198 | TR2 198
618.4362 	DATA 	Keypress: 5
618.4363 	DATA 	TR 397 | TR1 199 | TR2 198
619.9860 	DATA 	Keypress: 5
619.9861 	DATA 	TR 398 | TR1 199 | TR2 199
621.5526 	DATA 	Keypress: 5
621.5526 	DATA 	TR 399 | TR1 200 | TR2 199
623.1020 	DATA 	Keypress: 5
623.1021 	DATA 	TR 400 | TR1 200 | TR2 200
624.6856 	DATA 	Keypress: 5
624.6857 	DATA 	TR 401 | TR1 201 | TR2 200
626.2355 	DATA 	Keypress: 5
626.2355 	DATA 	TR 402 | TR1 201 | TR2 201
627.8020 	DATA 	Keypress: 5
627.8021 	DATA 	TR 403 | TR1 202 | TR2 201
629.3518 	DATA 	Keypress: 5
629.3519 	DATA 	TR 404 | TR1 202 | TR2 202
630.9185 	DATA 	Keypress: 5
630.9186 	DATA 	TR 405 | TR1 203 | TR2 202
632.4849 	DATA 	Keypress: 5
632.4850 	DATA 	TR 406 | TR1 203 | TR2 203
634.0514 	DATA 	Keypress: 5
634.0515 	DATA 	TR 407 | TR1 204 | TR2 203
635.5513 	DATA 	
635.5513 	DATA 	Trial complete
635.5513 	DATA 	Waiting for VASO trigger to start next trial
635.5513 	DATA 	
635.6013 	DATA 	Keypress: 5
635.6013 	DATA 	TR 408 | TR1 204 | TR2 204
637.1678 	DATA 	Keypress: 5
637.1679 	DATA 	Waited 1.6165659427642822 seconds for trigger
637.1686 	DATA 	
637.1686 	DATA 	Trial 17
637.1686 	DATA 	stimDur = 2.0
637.1686 	DATA 	jitter = 0.0
637.1686 	DATA 	restDur = 22.0

637.1686 	DATA 	
637.1686 	DATA 	TR 409 | TR1 205 | TR2 204
637.1686 	DATA 	
637.1686 	DATA 	stimulation started
637.1687 	DATA 	
638.7178 	DATA 	Keypress: 5
638.7178 	DATA 	TR 410 | TR1 205 | TR2 205
639.1843 	DATA 	
639.1843 	DATA 	stimulation stopped
639.1844 	DATA 	
640.3009 	DATA 	Keypress: 5
640.3010 	DATA 	TR 411 | TR1 206 | TR2 205
641.8507 	DATA 	Keypress: 5
641.8508 	DATA 	TR 412 | TR1 206 | TR2 206
643.4173 	DATA 	Keypress: 5
643.4173 	DATA 	TR 413 | TR1 207 | TR2 206
644.9671 	DATA 	Keypress: 5
644.9671 	DATA 	TR 414 | TR1 207 | TR2 207
646.5503 	DATA 	Keypress: 5
646.5504 	DATA 	TR 415 | TR1 208 | TR2 207
648.1001 	DATA 	Keypress: 5
648.1002 	DATA 	TR 416 | TR1 208 | TR2 208
649.6667 	DATA 	Keypress: 5
649.6667 	DATA 	TR 417 | TR1 209 | TR2 208
651.2165 	DATA 	Keypress: 5
651.2165 	DATA 	TR 418 | TR1 209 | TR2 209
652.7831 	DATA 	Keypress: 5
652.7831 	DATA 	TR 419 | TR1 210 | TR2 209
654.3329 	DATA 	Keypress: 5
654.3330 	DATA 	TR 420 | TR1 210 | TR2 210
655.9161 	DATA 	Keypress: 5
655.9162 	DATA 	TR 421 | TR1 211 | TR2 210
657.4660 	DATA 	Keypress: 5
657.4660 	DATA 	TR 422 | TR1 211 | TR2 211
659.0325 	DATA 	Keypress: 5
659.0326 	DATA 	TR 423 | TR1 212 | TR2 211
660.5823 	DATA 	Keypress: 5
660.5824 	DATA 	TR 424 | TR1 212 | TR2 212
661.1823 	DATA 	
661.1823 	DATA 	Trial complete
661.1823 	DATA 	Waiting for VASO trigger to start next trial
661.1823 	DATA 	
662.1656 	DATA 	Keypress: 5
662.1656 	DATA 	Waited 0.9833309650421143 seconds for trigger
662.1664 	DATA 	
662.1664 	DATA 	Trial 18
662.1664 	DATA 	stimDur = 1.0
662.1664 	DATA 	jitter = 0.0
662.1664 	DATA 	restDur = 20.0

662.1664 	DATA 	
662.1664 	DATA 	TR 425 | TR1 213 | TR2 212
662.1664 	DATA 	
662.1664 	DATA 	stimulation started
662.1664 	DATA 	
663.1821 	DATA 	
663.1821 	DATA 	stimulation stopped
663.1821 	DATA 	
663.7154 	DATA 	Keypress: 5
663.7155 	DATA 	TR 426 | TR1 213 | TR2 213
665.2820 	DATA 	Keypress: 5
665.2820 	DATA 	TR 427 | TR1 214 | TR2 213
666.8318 	DATA 	Keypress: 5
666.8318 	DATA 	TR 428 | TR1 214 | TR2 214
668.3989 	DATA 	Keypress: 5
668.4149 	DATA 	TR 429 | TR1 215 | TR2 214
669.9648 	DATA 	Keypress: 5
669.9649 	DATA 	TR 430 | TR1 215 | TR2 215
671.5314 	DATA 	Keypress: 5
671.5314 	DATA 	TR 431 | TR1 216 | TR2 215
673.0812 	DATA 	Keypress: 5
673.0812 	DATA 	TR 432 | TR1 216 | TR2 216
674.6477 	DATA 	Keypress: 5
674.6477 	DATA 	TR 433 | TR1 217 | TR2 216
676.1975 	DATA 	Keypress: 5
676.1975 	DATA 	TR 434 | TR1 217 | TR2 217
677.7808 	DATA 	Keypress: 5
677.7808 	DATA 	TR 435 | TR1 218 | TR2 217
679.3306 	DATA 	Keypress: 5
679.3307 	DATA 	TR 436 | TR1 218 | TR2 218
680.8972 	DATA 	Keypress: 5
680.8972 	DATA 	TR 437 | TR1 219 | TR2 218
682.4467 	DATA 	Keypress: 5
682.4467 	DATA 	TR 438 | TR1 219 | TR2 219
683.1798 	DATA 	
683.1798 	DATA 	Trial complete
683.1799 	DATA 	Waiting for VASO trigger to start next trial
683.1799 	DATA 	
684.0303 	DATA 	Keypress: 5
684.0303 	DATA 	Waited 0.850456953048706 seconds for trigger
684.0311 	DATA 	
684.0311 	DATA 	Trial 19
684.0311 	DATA 	stimDur = 24.0
684.0311 	DATA 	jitter = 2.35575
684.0311 	DATA 	restDur = 40.0

684.0311 	DATA 	
684.0311 	DATA 	TR 439 | TR1 220 | TR2 219
685.4131 	DATA 	Target presented
685.5797 	DATA 	Keypress: 5
685.5797 	DATA 	TR 440 | TR1 220 | TR2 220
685.9967 	DATA 	Keypress: 1
685.9967 	DATA 	Key1 pressed
685.9967 	DATA 	Target detected
686.3966 	DATA 	
686.3966 	DATA 	stimulation started
686.3966 	DATA 	
687.1467 	DATA 	Keypress: 5
687.1467 	DATA 	TR 441 | TR1 221 | TR2 220
688.6966 	DATA 	Keypress: 5
688.6967 	DATA 	TR 442 | TR1 221 | TR2 221
690.2631 	DATA 	Keypress: 5
690.2632 	DATA 	TR 443 | TR1 222 | TR2 221
691.8138 	DATA 	Keypress: 5
691.8295 	DATA 	TR 444 | TR1 222 | TR2 222
693.3961 	DATA 	Keypress: 5
693.3962 	DATA 	TR 445 | TR1 223 | TR2 222
694.9459 	DATA 	Keypress: 5
694.9460 	DATA 	TR 446 | TR1 223 | TR2 223
696.5125 	DATA 	Keypress: 5
696.5125 	DATA 	TR 447 | TR1 224 | TR2 223
698.0623 	DATA 	Keypress: 5
698.0624 	DATA 	TR 448 | TR1 224 | TR2 224
699.6455 	DATA 	Keypress: 5
699.6456 	DATA 	TR 449 | TR1 225 | TR2 224
701.1954 	DATA 	Keypress: 5
701.1954 	DATA 	TR 450 | TR1 225 | TR2 225
702.7619 	DATA 	Keypress: 5
702.7619 	DATA 	TR 451 | TR1 226 | TR2 225
704.3117 	DATA 	Keypress: 5
704.3118 	DATA 	TR 452 | TR1 226 | TR2 226
705.8784 	DATA 	Keypress: 5
705.8784 	DATA 	TR 453 | TR1 227 | TR2 226
707.4448 	DATA 	Keypress: 5
707.4448 	DATA 	TR 454 | TR1 227 | TR2 227
709.0115 	DATA 	Keypress: 5
709.0116 	DATA 	TR 455 | TR1 228 | TR2 227
710.3945 	DATA 	
710.3945 	DATA 	stimulation stopped
710.3945 	DATA 	
710.5611 	DATA 	Keypress: 5
710.5612 	DATA 	TR 456 | TR1 228 | TR2 228
712.1277 	DATA 	Keypress: 5
712.1277 	DATA 	TR 457 | TR1 229 | TR2 228
713.6775 	DATA 	Keypress: 5
713.6776 	DATA 	TR 458 | TR1 229 | TR2 229
715.2607 	DATA 	Keypress: 5
715.2608 	DATA 	TR 459 | TR1 230 | TR2 229
716.8105 	DATA 	Keypress: 5
716.8106 	DATA 	TR 460 | TR1 230 | TR2 230
718.3771 	DATA 	Keypress: 5
718.3771 	DATA 	TR 461 | TR1 231 | TR2 230
719.9269 	DATA 	Keypress: 5
719.9270 	DATA 	TR 462 | TR1 231 | TR2 231
721.5102 	DATA 	Keypress: 5
721.5102 	DATA 	TR 463 | TR1 232 | TR2 231
723.0600 	DATA 	Keypress: 5
723.0601 	DATA 	TR 464 | TR1 232 | TR2 232
724.6265 	DATA 	Keypress: 5
724.6265 	DATA 	TR 465 | TR1 233 | TR2 232
726.1764 	DATA 	Keypress: 5
726.1764 	DATA 	TR 466 | TR1 233 | TR2 233
727.7429 	DATA 	Keypress: 5
727.7429 	DATA 	TR 467 | TR1 234 | TR2 233
729.2935 	DATA 	Keypress: 5
729.3094 	DATA 	TR 468 | TR1 234 | TR2 234
730.8759 	DATA 	Keypress: 5
730.8760 	DATA 	TR 469 | TR1 235 | TR2 234
732.4258 	DATA 	Keypress: 5
732.4259 	DATA 	TR 470 | TR1 235 | TR2 235
733.9925 	DATA 	Keypress: 5
733.9926 	DATA 	TR 471 | TR1 236 | TR2 235
735.5422 	DATA 	Keypress: 5
735.5422 	DATA 	TR 472 | TR1 236 | TR2 236
737.1253 	DATA 	Keypress: 5
737.1254 	DATA 	TR 473 | TR1 237 | TR2 236
738.6752 	DATA 	Keypress: 5
738.6753 	DATA 	TR 474 | TR1 237 | TR2 237
740.2417 	DATA 	Keypress: 5
740.2418 	DATA 	TR 475 | TR1 238 | TR2 237
741.7916 	DATA 	Keypress: 5
741.7917 	DATA 	TR 476 | TR1 238 | TR2 238
743.3748 	DATA 	Keypress: 5
743.3748 	DATA 	TR 477 | TR1 239 | TR2 238
744.9248 	DATA 	Keypress: 5
744.9248 	DATA 	TR 478 | TR1 239 | TR2 239
746.4912 	DATA 	Keypress: 5
746.4912 	DATA 	TR 479 | TR1 240 | TR2 239
748.0410 	DATA 	Keypress: 5
748.0411 	DATA 	TR 480 | TR1 240 | TR2 240
749.6075 	DATA 	Keypress: 5
749.6076 	DATA 	TR 481 | TR1 241 | TR2 240
750.3908 	DATA 	
750.3908 	DATA 	Trial complete
750.3908 	DATA 	
751.1574 	DATA 	Keypress: 5
751.1575 	DATA 	TR 482 | TR1 241 | TR2 241
752.7407 	DATA 	Keypress: 5
752.7408 	DATA 	Waited 69.5609359741211 seconds for trigger
752.7416 	DATA 	
752.7416 	DATA 	Trial 20
752.7416 	DATA 	stimDur = 12.0
752.7416 	DATA 	jitter = 1.5705
752.7416 	DATA 	restDur = 30.0

752.7416 	DATA 	
752.7416 	DATA 	TR 483 | TR1 242 | TR2 241
754.2905 	DATA 	Keypress: 5
754.2905 	DATA 	TR 484 | TR1 242 | TR2 242
754.3238 	DATA 	
754.3238 	DATA 	stimulation started
754.3238 	DATA 	
755.8571 	DATA 	Keypress: 5
755.8572 	DATA 	TR 485 | TR1 243 | TR2 242
757.4069 	DATA 	Keypress: 5
757.4070 	DATA 	TR 486 | TR1 243 | TR2 243
758.9901 	DATA 	Keypress: 5
758.9902 	DATA 	TR 487 | TR1 244 | TR2 243
759.2067 	DATA 	Target presented
759.7234 	DATA 	Keypress: 1
759.7235 	DATA 	Key1 pressed
759.7235 	DATA 	Target detected
760.5399 	DATA 	Keypress: 5
760.5400 	DATA 	TR 488 | TR1 244 | TR2 244
762.1065 	DATA 	Keypress: 5
762.1065 	DATA 	TR 489 | TR1 245 | TR2 244
763.6564 	DATA 	Keypress: 5
763.6564 	DATA 	TR 490 | TR1 245 | TR2 245
765.2228 	DATA 	Keypress: 5
765.2229 	DATA 	TR 491 | TR1 246 | TR2 245
766.3227 	DATA 	
766.3227 	DATA 	stimulation stopped
766.3227 	DATA 	
766.7893 	DATA 	Keypress: 5
766.7894 	DATA 	TR 492 | TR1 246 | TR2 246
768.3558 	DATA 	Keypress: 5
768.3559 	DATA 	TR 493 | TR1 247 | TR2 246
769.9057 	DATA 	Keypress: 5
769.9057 	DATA 	TR 494 | TR1 247 | TR2 247
771.4722 	DATA 	Keypress: 5
771.4723 	DATA 	TR 495 | TR1 248 | TR2 247
773.0222 	DATA 	Keypress: 5
773.0222 	DATA 	TR 496 | TR1 248 | TR2 248
774.6053 	DATA 	Keypress: 5
774.6053 	DATA 	TR 497 | TR1 249 | TR2 248
776.1552 	DATA 	Keypress: 5
776.1552 	DATA 	TR 498 | TR1 249 | TR2 249
777.7216 	DATA 	Keypress: 5
777.7217 	DATA 	TR 499 | TR1 250 | TR2 249
779.2716 	DATA 	Keypress: 5
779.2716 	DATA 	TR 500 | TR1 250 | TR2 250
780.8547 	DATA 	Keypress: 5
780.8547 	DATA 	TR 501 | TR1 251 | TR2 250
782.4046 	DATA 	Keypress: 5
782.4046 	DATA 	TR 502 | TR1 251 | TR2 251
783.9711 	DATA 	Keypress: 5
783.9712 	DATA 	TR 503 | TR1 252 | TR2 251
785.5210 	DATA 	Keypress: 5
785.5210 	DATA 	TR 504 | TR1 252 | TR2 252
787.0875 	DATA 	Keypress: 5
787.0875 	DATA 	TR 505 | TR1 253 | TR2 252
788.6379 	DATA 	Keypress: 5
788.6539 	DATA 	TR 506 | TR1 253 | TR2 253
790.2205 	DATA 	Keypress: 5
790.2205 	DATA 	TR 507 | TR1 254 | TR2 253
791.7704 	DATA 	Keypress: 5
791.7704 	DATA 	TR 508 | TR1 254 | TR2 254
793.3370 	DATA 	Keypress: 5
793.3371 	DATA 	TR 509 | TR1 255 | TR2 254
794.8868 	DATA 	Keypress: 5
794.8868 	DATA 	TR 510 | TR1 255 | TR2 255
796.3199 	DATA 	
796.3199 	DATA 	Trial complete
796.3199 	DATA 	
796.4700 	DATA 	Keypress: 5
796.4700 	DATA 	TR 511 | TR1 256 | TR2 255
798.0198 	DATA 	Keypress: 5
798.0198 	DATA 	TR 512 | TR1 256 | TR2 256
799.5863 	DATA 	Keypress: 5
799.5863 	DATA 	TR 513 | TR1 257 | TR2 256
801.1362 	DATA 	Keypress: 5
801.1362 	DATA 	TR 514 | TR1 257 | TR2 257
802.7028 	DATA 	Keypress: 5
802.7029 	DATA 	TR 515 | TR1 258 | TR2 257
804.2691 	DATA 	Keypress: 5
804.2691 	DATA 	TR 516 | TR1 258 | TR2 258
805.8357 	DATA 	Keypress: 5
805.8358 	DATA 	TR 517 | TR1 259 | TR2 258
807.3856 	DATA 	Keypress: 5
807.3857 	DATA 	TR 518 | TR1 259 | TR2 259
808.9521 	DATA 	Keypress: 5
808.9522 	DATA 	TR 519 | TR1 260 | TR2 259
810.5020 	DATA 	Keypress: 5
810.5020 	DATA 	TR 520 | TR1 260 | TR2 260
812.0852 	DATA 	Keypress: 5
812.0852 	DATA 	TR 521 | TR1 261 | TR2 260
813.0351 	DATA 	Target presented
813.5517 	DATA 	Keypress: 1
813.5518 	DATA 	Key1 pressed
813.5518 	DATA 	Target detected
813.6350 	DATA 	Keypress: 5
813.6351 	DATA 	TR 522 | TR1 261 | TR2 261
815.2015 	DATA 	Keypress: 5
815.2016 	DATA 	TR 523 | TR1 262 | TR2 261
816.7515 	DATA 	Keypress: 5
816.7515 	DATA 	TR 524 | TR1 262 | TR2 262
818.3346 	DATA 	Keypress: 5
818.3346 	DATA 	TR 525 | TR1 263 | TR2 262
819.8845 	DATA 	Keypress: 5
819.8845 	DATA 	TR 526 | TR1 263 | TR2 263
821.4510 	DATA 	Keypress: 5
821.4510 	DATA 	TR 527 | TR1 264 | TR2 263
823.0009 	DATA 	Keypress: 5
823.0009 	DATA 	TR 528 | TR1 264 | TR2 264
824.5675 	DATA 	Keypress: 5
824.5675 	DATA 	TR 529 | TR1 265 | TR2 264
826.1339 	DATA 	Keypress: 5
826.1339 	DATA 	TR 530 | TR1 265 | TR2 265
827.7005 	DATA 	Keypress: 5
827.7006 	DATA 	TR 531 | TR1 266 | TR2 265
829.2503 	DATA 	Keypress: 5
829.2503 	DATA 	TR 532 | TR1 266 | TR2 266
830.8168 	DATA 	Keypress: 5
830.8168 	DATA 	TR 533 | TR1 267 | TR2 266
832.3667 	DATA 	Keypress: 5
832.3667 	DATA 	TR 534 | TR1 267 | TR2 267
833.9499 	DATA 	Keypress: 5
833.9499 	DATA 	TR 535 | TR1 268 | TR2 267
835.4996 	DATA 	Keypress: 5
835.4997 	DATA 	TR 536 | TR1 268 | TR2 268
837.0662 	DATA 	Keypress: 5
837.0663 	DATA 	TR 537 | TR1 269 | TR2 268
838.6162 	DATA 	Keypress: 5
838.6162 	DATA 	TR 538 | TR1 269 | TR2 269
840.1832 	DATA 	Keypress: 5
840.1993 	DATA 	TR 539 | TR1 270 | TR2 269
841.7491 	DATA 	Keypress: 5
841.7492 	DATA 	TR 540 | TR1 270 | TR2 270
843.3156 	DATA 	Keypress: 5
843.3157 	DATA 	TR 541 | TR1 271 | TR2 270
844.8655 	DATA 	Keypress: 5
844.8656 	DATA 	TR 542 | TR1 271 | TR2 271
846.4320 	DATA 	Keypress: 5
846.4321 	DATA 	TR 543 | TR1 272 | TR2 271
847.9819 	DATA 	Keypress: 5
847.9819 	DATA 	TR 544 | TR1 272 | TR2 272
849.5651 	DATA 	Keypress: 5
849.5652 	DATA 	TR 545 | TR1 273 | TR2 272
851.1150 	DATA 	Keypress: 5
851.1150 	DATA 	TR 546 | TR1 273 | TR2 273
852.6815 	DATA 	Keypress: 5
852.6815 	DATA 	TR 547 | TR1 274 | TR2 273
854.2314 	DATA 	Keypress: 5
854.2314 	DATA 	TR 548 | TR1 274 | TR2 274
855.8145 	DATA 	Keypress: 5
855.8146 	DATA 	TR 549 | TR1 275 | TR2 274
857.3644 	DATA 	Keypress: 5
857.3644 	DATA 	TR 550 | TR1 275 | TR2 275
858.9309 	DATA 	Keypress: 5
858.9309 	DATA 	TR 551 | TR1 276 | TR2 275
860.4808 	DATA 	Keypress: 5
860.4808 	DATA 	TR 552 | TR1 276 | TR2 276
862.0473 	DATA 	Keypress: 5
862.0473 	DATA 	TR 553 | TR1 277 | TR2 276
863.5978 	DATA 	Keypress: 5
863.6138 	DATA 	TR 554 | TR1 277 | TR2 277
864.3304 	DATA 	EndOfRun sub-08_ses-05_run-06

864.3304 	DATA 	We spent 93.76680779457092 seconds waiting for triggers
864.3304 	DATA 	RatioOfDetectedTargets 0.9166666666666666
864.3304 	DATA 	You have detected 11 out of 12 targets.
869.1513 	DATA 	Keypress: 5
869.1515 	DATA 	Keypress: 5
869.3587 	EXP 	window1: mouseVisible = True
