MonitorDistance=99cm
MonitorWidth=30cm
PixelWidth=1024.0
PixelHeight=768.0
You have detected 9 out of 12 targets.
Please try to focus more
6.2618 	INFO 	Loaded monitor calibration from ['2021_05_26 17:55']
6.7228 	EXP 	Created window1 = Window(allowGUI=False, allowStencil=False, autoLog=True, backendConf=UNKNOWN, bitsMode=UNKNOWN, blendMode='avg', bpc=(8, 8, 8), color=array([-0.5, -0.5, -0.5]), colorSpace='rgb', depthBits=8, fullscr=<method-wrapper '__getattribute__' of attributeSetter object at 0x7ff2897e4400>, gamma=None, gammaErrorPolicy='raise', lms=UNKNOWN, monitor=<psychopy.monitors.calibTools.Monitor object at 0x7ff27f6050b8>, multiSample=False, name='window1', numSamples=2, pos=[0.0, 0.0], screen=0, size=array([1024,  768]), stencilBits=0, stereo=False, units='deg', useFBO=False, useRetina=False, viewOri=0.0, viewPos=None, viewScale=None, waitBlanking=True, winType='pyglet')
6.7229 	EXP 	window1: mouseVisible = True
6.7882 	EXP 	Created unnamed TextStim = TextStim(__class__=<class 'psychopy.visual.text.TextStim'>, alignHoriz=method-wrapper(...), alignText='center', alignVert=method-wrapper(...), anchorHoriz='center', anchorVert='center', antialias=True, autoLog=True, bold=False, color=array([1., 1., 1.]), colorSpace='rgb', contrast=1.0, depth=0, flipHoriz=False, flipVert=False, font='', fontFiles=[], height=0.5, italic=False, languageStyle='LTR', name='unnamed TextStim', opacity=1.0, ori=0.0, pos=array([0., 0.]), rgb=UNKNOWN, text=str(...), units='deg', win=Window(...), wrapWidth=15.0)
6.8191 	EXP 	Created Movie Frame 0 = ImageStim(__class__=<class 'psychopy.visual.image.ImageStim'>, autoLog=True, color=array([0.8, 0.8, 0.8]), colorSpace='rgb', contrast=0.8, depth=0, flipHoriz=False, flipVert=False, image='visual_0.png', interpolate=False, mask=None, maskParams=None, name='Movie Frame 0', opacity=1, ori=0.0, pos=array([0., 0.]), size=array([1024,  768]), texRes=128, units='pix', win=Window(...))
6.8426 	EXP 	Created Movie Frame 1 = ImageStim(__class__=<class 'psychopy.visual.image.ImageStim'>, autoLog=True, color=array([0.8, 0.8, 0.8]), colorSpace='rgb', contrast=0.8, depth=0, flipHoriz=False, flipVert=False, image='visual_1.png', interpolate=False, mask=None, maskParams=None, name='Movie Frame 1', opacity=1, ori=0.0, pos=array([0., 0.]), size=array([1024,  768]), texRes=128, units='pix', win=Window(...))
35.6379 	DATA 	Keypress: 5
0.0000 	DATA 	StartOfRun sub-08_ses-05_run-02
0.0000 	DATA 	TR 1 | TR1 1 | TR2 0
0.0172 	DATA 	Initial baseline

1.5509 	DATA 	Keypress: 5
1.5510 	DATA 	TR 2 | TR1 1 | TR2 1
3.1222 	DATA 	Keypress: 5
3.1223 	DATA 	TR 3 | TR1 2 | TR2 1
4.6734 	DATA 	Keypress: 5
4.6734 	DATA 	TR 4 | TR1 2 | TR2 2
6.2455 	DATA 	Keypress: 5
6.2456 	DATA 	TR 5 | TR1 3 | TR2 2
7.7967 	DATA 	Keypress: 5
7.7968 	DATA 	TR 6 | TR1 3 | TR2 3
9.3689 	DATA 	Keypress: 5
9.3690 	DATA 	TR 7 | TR1 4 | TR2 3
10.9200 	DATA 	Keypress: 5
10.9200 	DATA 	TR 8 | TR1 4 | TR2 4
12.4923 	DATA 	Keypress: 5
12.4923 	DATA 	TR 9 | TR1 5 | TR2 4
14.0434 	DATA 	Keypress: 5
14.0434 	DATA 	TR 10 | TR1 5 | TR2 5
15.6157 	DATA 	Keypress: 5
15.6157 	DATA 	TR 11 | TR1 6 | TR2 5
17.1669 	DATA 	Keypress: 5
17.1669 	DATA 	TR 12 | TR1 6 | TR2 6
18.7392 	DATA 	Keypress: 5
18.7392 	DATA 	TR 13 | TR1 7 | TR2 6
20.2903 	DATA 	Keypress: 5
20.2904 	DATA 	TR 14 | TR1 7 | TR2 7
21.8625 	DATA 	Keypress: 5
21.8625 	DATA 	TR 15 | TR1 8 | TR2 7
23.4136 	DATA 	Keypress: 5
23.4137 	DATA 	TR 16 | TR1 8 | TR2 8
24.9858 	DATA 	Keypress: 5
24.9859 	DATA 	TR 17 | TR1 9 | TR2 8
26.5370 	DATA 	Keypress: 5
26.5371 	DATA 	TR 18 | TR1 9 | TR2 9
28.1092 	DATA 	Keypress: 5
28.1093 	DATA 	TR 19 | TR1 10 | TR2 9
29.6604 	DATA 	Keypress: 5
29.6605 	DATA 	TR 20 | TR1 10 | TR2 10
31.2482 	DATA 	Keypress: 5
31.2483 	DATA 	Waited 1.2482919692993164 seconds for trigger
31.2497 	DATA 	
31.2497 	DATA 	Trial 1
31.2497 	DATA 	stimDur = 4.0
31.2497 	DATA 	jitter = 1.5705
31.2497 	DATA 	restDur = 24.0

31.2497 	DATA 	
31.2497 	DATA 	TR 21 | TR1 11 | TR2 10
32.7981 	DATA 	Keypress: 5
32.7982 	DATA 	TR 22 | TR1 11 | TR2 11
32.8314 	DATA 	
32.8314 	DATA 	stimulation started
32.8314 	DATA 	
34.3647 	DATA 	Keypress: 5
34.3647 	DATA 	TR 23 | TR1 12 | TR2 11
35.9146 	DATA 	Keypress: 5
35.9146 	DATA 	TR 24 | TR1 12 | TR2 12
36.8311 	DATA 	
36.8311 	DATA 	stimulation stopped
36.8311 	DATA 	
37.4810 	DATA 	Keypress: 5
37.4810 	DATA 	TR 25 | TR1 13 | TR2 12
39.0316 	DATA 	Keypress: 5
39.0475 	DATA 	TR 26 | TR1 13 | TR2 13
40.6140 	DATA 	Keypress: 5
40.6141 	DATA 	TR 27 | TR1 14 | TR2 13
42.1639 	DATA 	Keypress: 5
42.1640 	DATA 	TR 28 | TR1 14 | TR2 14
43.7304 	DATA 	Keypress: 5
43.7305 	DATA 	TR 29 | TR1 15 | TR2 14
45.2803 	DATA 	Keypress: 5
45.2803 	DATA 	TR 30 | TR1 15 | TR2 15
46.8635 	DATA 	Keypress: 5
46.8635 	DATA 	TR 31 | TR1 16 | TR2 15
48.4134 	DATA 	Keypress: 5
48.4134 	DATA 	TR 32 | TR1 16 | TR2 16
49.9798 	DATA 	Keypress: 5
49.9798 	DATA 	TR 33 | TR1 17 | TR2 16
51.5297 	DATA 	Keypress: 5
51.5298 	DATA 	TR 34 | TR1 17 | TR2 17
53.0969 	DATA 	Keypress: 5
53.1129 	DATA 	TR 35 | TR1 18 | TR2 17
54.6628 	DATA 	Keypress: 5
54.6628 	DATA 	TR 36 | TR1 18 | TR2 18
56.2293 	DATA 	Keypress: 5
56.2293 	DATA 	TR 37 | TR1 19 | TR2 18
57.7792 	DATA 	Keypress: 5
57.7792 	DATA 	TR 38 | TR1 19 | TR2 19
59.3456 	DATA 	Keypress: 5
59.3457 	DATA 	TR 39 | TR1 20 | TR2 19
60.8288 	DATA 	
60.8288 	DATA 	Trial complete
60.8288 	DATA 	Waiting for VASO trigger to start next trial
60.8288 	DATA 	
60.8955 	DATA 	Keypress: 5
60.8956 	DATA 	TR 40 | TR1 20 | TR2 20
62.4787 	DATA 	Keypress: 5
62.4787 	DATA 	Waited 1.6498768329620361 seconds for trigger
62.4795 	DATA 	
62.4795 	DATA 	Trial 2
62.4795 	DATA 	stimDur = 12.0
62.4795 	DATA 	jitter = 2.35575
62.4795 	DATA 	restDur = 30.0

62.4795 	DATA 	
62.4795 	DATA 	TR 41 | TR1 21 | TR2 20
64.0285 	DATA 	Keypress: 5
64.0286 	DATA 	TR 42 | TR1 21 | TR2 21
64.8451 	DATA 	
64.8451 	DATA 	stimulation started
64.8451 	DATA 	
65.5952 	DATA 	Keypress: 5
65.5952 	DATA 	TR 43 | TR1 22 | TR2 21
67.1450 	DATA 	Keypress: 5
67.1450 	DATA 	TR 44 | TR1 22 | TR2 22
68.7282 	DATA 	Keypress: 5
68.7282 	DATA 	TR 45 | TR1 23 | TR2 22
70.2780 	DATA 	Keypress: 5
70.2781 	DATA 	TR 46 | TR1 23 | TR2 23
71.8446 	DATA 	Keypress: 5
71.8446 	DATA 	TR 47 | TR1 24 | TR2 23
73.3944 	DATA 	Keypress: 5
73.3945 	DATA 	TR 48 | TR1 24 | TR2 24
74.9609 	DATA 	Keypress: 5
74.9610 	DATA 	TR 49 | TR1 25 | TR2 24
76.5116 	DATA 	Keypress: 5
76.5274 	DATA 	TR 50 | TR1 25 | TR2 25
76.8440 	DATA 	
76.8441 	DATA 	stimulation stopped
76.8441 	DATA 	
78.0940 	DATA 	Keypress: 5
78.0940 	DATA 	TR 51 | TR1 26 | TR2 25
79.6439 	DATA 	Keypress: 5
79.6440 	DATA 	TR 52 | TR1 26 | TR2 26
81.2103 	DATA 	Keypress: 5
81.2104 	DATA 	TR 53 | TR1 27 | TR2 26
82.7602 	DATA 	Keypress: 5
82.7602 	DATA 	TR 54 | TR1 27 | TR2 27
84.3434 	DATA 	Keypress: 5
84.3434 	DATA 	TR 55 | TR1 28 | TR2 27
85.8932 	DATA 	Keypress: 5
85.8932 	DATA 	TR 56 | TR1 28 | TR2 28
87.4597 	DATA 	Keypress: 5
87.4598 	DATA 	TR 57 | TR1 29 | TR2 28
89.0096 	DATA 	Keypress: 5
89.0096 	DATA 	TR 58 | TR1 29 | TR2 29
90.5763 	DATA 	Keypress: 5
90.5763 	DATA 	TR 59 | TR1 30 | TR2 29
92.1426 	DATA 	Keypress: 5
92.1426 	DATA 	TR 60 | TR1 30 | TR2 30
93.7092 	DATA 	Keypress: 5
93.7092 	DATA 	TR 61 | TR1 31 | TR2 30
95.2590 	DATA 	Keypress: 5
95.2591 	DATA 	TR 62 | TR1 31 | TR2 31
96.3923 	DATA 	Target presented
96.8255 	DATA 	Keypress: 5
96.8256 	DATA 	TR 63 | TR1 32 | TR2 31
96.9422 	DATA 	Keypress: 1
96.9422 	DATA 	Key1 pressed
96.9422 	DATA 	Target detected
98.3754 	DATA 	Keypress: 5
98.3755 	DATA 	TR 64 | TR1 32 | TR2 32
99.9586 	DATA 	Keypress: 5
99.9587 	DATA 	TR 65 | TR1 33 | TR2 32
101.5084 	DATA 	Keypress: 5
101.5085 	DATA 	TR 66 | TR1 33 | TR2 33
103.0750 	DATA 	Keypress: 5
103.0750 	DATA 	TR 67 | TR1 34 | TR2 33
104.6248 	DATA 	Keypress: 5
104.6248 	DATA 	TR 68 | TR1 34 | TR2 34
106.2080 	DATA 	Keypress: 5
106.2081 	DATA 	TR 69 | TR1 35 | TR2 34
106.8412 	DATA 	
106.8412 	DATA 	Trial complete
106.8412 	DATA 	Waiting for VASO trigger to start next trial
106.8412 	DATA 	
107.7578 	DATA 	Keypress: 5
107.7579 	DATA 	TR 70 | TR1 35 | TR2 35
109.3244 	DATA 	Keypress: 5
109.3244 	DATA 	Waited 2.4832041263580322 seconds for trigger
109.3252 	DATA 	
109.3252 	DATA 	Trial 3
109.3252 	DATA 	stimDur = 24.0
109.3252 	DATA 	jitter = 0.78525
109.3252 	DATA 	restDur = 40.0

109.3252 	DATA 	
109.3252 	DATA 	TR 71 | TR1 36 | TR2 35
110.1242 	DATA 	
110.1243 	DATA 	stimulation started
110.1243 	DATA 	
110.8743 	DATA 	Keypress: 5
110.8744 	DATA 	TR 72 | TR1 36 | TR2 36
112.4408 	DATA 	Keypress: 5
112.4409 	DATA 	TR 73 | TR1 37 | TR2 36
114.0073 	DATA 	Keypress: 5
114.0074 	DATA 	TR 74 | TR1 37 | TR2 37
115.5739 	DATA 	Keypress: 5
115.5740 	DATA 	TR 75 | TR1 38 | TR2 37
117.1238 	DATA 	Keypress: 5
117.1239 	DATA 	TR 76 | TR1 38 | TR2 38
118.6903 	DATA 	Keypress: 5
118.6903 	DATA 	TR 77 | TR1 39 | TR2 38
120.2401 	DATA 	Keypress: 5
120.2401 	DATA 	TR 78 | TR1 39 | TR2 39
121.8233 	DATA 	Keypress: 5
121.8234 	DATA 	TR 79 | TR1 40 | TR2 39
123.3731 	DATA 	Keypress: 5
123.3732 	DATA 	TR 80 | TR1 40 | TR2 40
124.9398 	DATA 	Keypress: 5
124.9399 	DATA 	TR 81 | TR1 41 | TR2 40
126.4895 	DATA 	Keypress: 5
126.4896 	DATA 	TR 82 | TR1 41 | TR2 41
128.0569 	DATA 	Keypress: 5
128.0727 	DATA 	TR 83 | TR1 42 | TR2 41
129.6226 	DATA 	Keypress: 5
129.6227 	DATA 	TR 84 | TR1 42 | TR2 42
131.1891 	DATA 	Keypress: 5
131.1892 	DATA 	TR 85 | TR1 43 | TR2 42
132.7390 	DATA 	Keypress: 5
132.7390 	DATA 	TR 86 | TR1 43 | TR2 43
134.1221 	DATA 	
134.1221 	DATA 	stimulation stopped
134.1221 	DATA 	
134.3054 	DATA 	Keypress: 5
134.3055 	DATA 	TR 87 | TR1 44 | TR2 43
135.8553 	DATA 	Keypress: 5
135.8553 	DATA 	TR 88 | TR1 44 | TR2 44
137.4385 	DATA 	Keypress: 5
137.4385 	DATA 	TR 89 | TR1 45 | TR2 44
138.9883 	DATA 	Keypress: 5
138.9884 	DATA 	TR 90 | TR1 45 | TR2 45
140.5549 	DATA 	Keypress: 5
140.5549 	DATA 	TR 91 | TR1 46 | TR2 45
142.1047 	DATA 	Keypress: 5
142.1048 	DATA 	TR 92 | TR1 46 | TR2 46
143.6879 	DATA 	Keypress: 5
143.6880 	DATA 	TR 93 | TR1 47 | TR2 46
145.2377 	DATA 	Keypress: 5
145.2378 	DATA 	TR 94 | TR1 47 | TR2 47
146.8043 	DATA 	Keypress: 5
146.8043 	DATA 	TR 95 | TR1 48 | TR2 47
148.3540 	DATA 	Keypress: 5
148.3540 	DATA 	TR 96 | TR1 48 | TR2 48
149.9207 	DATA 	Keypress: 5
149.9207 	DATA 	TR 97 | TR1 49 | TR2 48
151.4871 	DATA 	Keypress: 5
151.4872 	DATA 	TR 98 | TR1 49 | TR2 49
153.0537 	DATA 	Keypress: 5
153.0538 	DATA 	TR 99 | TR1 50 | TR2 49
154.6036 	DATA 	Keypress: 5
154.6037 	DATA 	TR 100 | TR1 50 | TR2 50
156.1701 	DATA 	Keypress: 5
156.1702 	DATA 	TR 101 | TR1 51 | TR2 50
157.7199 	DATA 	Keypress: 5
157.7200 	DATA 	TR 102 | TR1 51 | TR2 51
159.3031 	DATA 	Keypress: 5
159.3032 	DATA 	TR 103 | TR1 52 | TR2 51
160.8530 	DATA 	Keypress: 5
160.8530 	DATA 	TR 104 | TR1 52 | TR2 52
162.4195 	DATA 	Keypress: 5
162.4196 	DATA 	TR 105 | TR1 53 | TR2 52
163.9693 	DATA 	Keypress: 5
163.9694 	DATA 	TR 106 | TR1 53 | TR2 53
165.5526 	DATA 	Keypress: 5
165.5526 	DATA 	TR 107 | TR1 54 | TR2 53
167.1024 	DATA 	Keypress: 5
167.1024 	DATA 	TR 108 | TR1 54 | TR2 54
168.6690 	DATA 	Keypress: 5
168.6690 	DATA 	TR 109 | TR1 55 | TR2 54
170.2189 	DATA 	Keypress: 5
170.2190 	DATA 	TR 110 | TR1 55 | TR2 55
170.9187 	DATA 	Target presented
171.4853 	DATA 	Keypress: 1
171.4854 	DATA 	Key1 pressed
171.4854 	DATA 	Target detected
171.7853 	DATA 	Keypress: 5
171.7853 	DATA 	TR 111 | TR1 56 | TR2 55
173.3352 	DATA 	Keypress: 5
173.3352 	DATA 	TR 112 | TR1 56 | TR2 56
174.1184 	DATA 	
174.1184 	DATA 	Trial complete
174.1184 	DATA 	Waiting for VASO trigger to start next trial
174.1184 	DATA 	
174.9184 	DATA 	Keypress: 5
174.9184 	DATA 	Waited 0.799997091293335 seconds for trigger
174.9192 	DATA 	
174.9192 	DATA 	Trial 4
174.9192 	DATA 	stimDur = 24.0
174.9192 	DATA 	jitter = 1.5705
174.9192 	DATA 	restDur = 40.0

174.9192 	DATA 	
174.9192 	DATA 	TR 113 | TR1 57 | TR2 56
176.4682 	DATA 	Keypress: 5
176.4683 	DATA 	TR 114 | TR1 57 | TR2 57
176.5015 	DATA 	
176.5015 	DATA 	stimulation started
176.5015 	DATA 	
178.0349 	DATA 	Keypress: 5
178.0350 	DATA 	TR 115 | TR1 58 | TR2 57
179.5847 	DATA 	Keypress: 5
179.5847 	DATA 	TR 116 | TR1 58 | TR2 58
181.1679 	DATA 	Keypress: 5
181.1679 	DATA 	TR 117 | TR1 59 | TR2 58
182.7177 	DATA 	Keypress: 5
182.7177 	DATA 	TR 118 | TR1 59 | TR2 59
184.2842 	DATA 	Keypress: 5
184.2843 	DATA 	TR 119 | TR1 60 | TR2 59
185.8341 	DATA 	Keypress: 5
185.8341 	DATA 	TR 120 | TR1 60 | TR2 60
187.4014 	DATA 	Keypress: 5
187.4172 	DATA 	TR 121 | TR1 61 | TR2 60
188.9671 	DATA 	Keypress: 5
188.9672 	DATA 	TR 122 | TR1 61 | TR2 61
190.5339 	DATA 	Keypress: 5
190.5340 	DATA 	TR 123 | TR1 62 | TR2 61
192.0835 	DATA 	Keypress: 5
192.0835 	DATA 	TR 124 | TR1 62 | TR2 62
193.6501 	DATA 	Keypress: 5
193.6501 	DATA 	TR 125 | TR1 63 | TR2 62
195.1999 	DATA 	Keypress: 5
195.2000 	DATA 	TR 126 | TR1 63 | TR2 63
196.7831 	DATA 	Keypress: 5
196.7832 	DATA 	TR 127 | TR1 64 | TR2 63
198.3329 	DATA 	Keypress: 5
198.3330 	DATA 	TR 128 | TR1 64 | TR2 64
199.8995 	DATA 	Keypress: 5
199.8995 	DATA 	TR 129 | TR1 65 | TR2 64
200.4994 	DATA 	
200.4994 	DATA 	stimulation stopped
200.4994 	DATA 	
201.4492 	DATA 	Keypress: 5
201.4493 	DATA 	TR 130 | TR1 65 | TR2 65
203.0325 	DATA 	Keypress: 5
203.0325 	DATA 	TR 131 | TR1 66 | TR2 65
204.5823 	DATA 	Keypress: 5
204.5824 	DATA 	TR 132 | TR1 66 | TR2 66
206.1488 	DATA 	Keypress: 5
206.1489 	DATA 	TR 133 | TR1 67 | TR2 66
207.6987 	DATA 	Keypress: 5
207.6987 	DATA 	TR 134 | TR1 67 | TR2 67
209.2652 	DATA 	Keypress: 5
209.2653 	DATA 	TR 135 | TR1 68 | TR2 67
210.8157 	DATA 	Keypress: 5
210.8317 	DATA 	TR 136 | TR1 68 | TR2 68
212.3983 	DATA 	Keypress: 5
212.3983 	DATA 	TR 137 | TR1 69 | TR2 68
213.9481 	DATA 	Keypress: 5
213.9481 	DATA 	TR 138 | TR1 69 | TR2 69
215.5146 	DATA 	Keypress: 5
215.5147 	DATA 	TR 139 | TR1 70 | TR2 69
217.0644 	DATA 	Keypress: 5
217.0645 	DATA 	TR 140 | TR1 70 | TR2 70
217.5644 	DATA 	Target presented
218.6479 	DATA 	Keypress: 5
218.6479 	DATA 	TR 141 | TR1 71 | TR2 70
220.1975 	DATA 	Keypress: 5
220.1976 	DATA 	TR 142 | TR1 71 | TR2 71
221.7641 	DATA 	Keypress: 5
221.7641 	DATA 	TR 143 | TR1 72 | TR2 71
223.3139 	DATA 	Keypress: 5
223.3139 	DATA 	TR 144 | TR1 72 | TR2 72
224.8805 	DATA 	Keypress: 5
224.8805 	DATA 	TR 145 | TR1 73 | TR2 72
226.4469 	DATA 	Keypress: 5
226.4470 	DATA 	TR 146 | TR1 73 | TR2 73
228.0135 	DATA 	Keypress: 5
228.0135 	DATA 	TR 147 | TR1 74 | TR2 73
229.5633 	DATA 	Keypress: 5
229.5634 	DATA 	TR 148 | TR1 74 | TR2 74
231.1299 	DATA 	Keypress: 5
231.1299 	DATA 	TR 149 | TR1 75 | TR2 74
232.6797 	DATA 	Keypress: 5
232.6798 	DATA 	TR 150 | TR1 75 | TR2 75
234.2629 	DATA 	Keypress: 5
234.2630 	DATA 	TR 151 | TR1 76 | TR2 75
235.8128 	DATA 	Keypress: 5
235.8128 	DATA 	TR 152 | TR1 76 | TR2 76
237.3793 	DATA 	Keypress: 5
237.3793 	DATA 	TR 153 | TR1 77 | TR2 76
238.9291 	DATA 	Keypress: 5
238.9292 	DATA 	TR 154 | TR1 77 | TR2 77
240.4956 	DATA 	
240.4956 	DATA 	Trial complete
240.4957 	DATA 	Waiting for VASO trigger to start next trial
240.4957 	DATA 	
240.5123 	DATA 	Keypress: 5
240.5124 	DATA 	Waited 0.016737937927246094 seconds for trigger
240.5132 	DATA 	
240.5132 	DATA 	Trial 5
240.5132 	DATA 	stimDur = 1.0
240.5132 	DATA 	jitter = 0.78525
240.5132 	DATA 	restDur = 20.0

240.5132 	DATA 	
240.5132 	DATA 	TR 155 | TR1 78 | TR2 77
241.3123 	DATA 	
241.3123 	DATA 	stimulation started
241.3123 	DATA 	
242.0623 	DATA 	Keypress: 5
242.0623 	DATA 	TR 156 | TR1 78 | TR2 78
242.3122 	DATA 	
242.3122 	DATA 	stimulation stopped
242.3122 	DATA 	
243.6286 	DATA 	Keypress: 5
243.6287 	DATA 	TR 157 | TR1 79 | TR2 78
245.1786 	DATA 	Keypress: 5
245.1786 	DATA 	TR 158 | TR1 79 | TR2 79
246.7451 	DATA 	Keypress: 5
246.7451 	DATA 	TR 159 | TR1 80 | TR2 79
248.2956 	DATA 	Keypress: 5
248.3116 	DATA 	TR 160 | TR1 80 | TR2 80
249.8782 	DATA 	Keypress: 5
249.8782 	DATA 	TR 161 | TR1 81 | TR2 80
251.4280 	DATA 	Keypress: 5
251.4280 	DATA 	TR 162 | TR1 81 | TR2 81
252.9945 	DATA 	Keypress: 5
252.9946 	DATA 	TR 163 | TR1 82 | TR2 81
254.5444 	DATA 	Keypress: 5
254.5444 	DATA 	TR 164 | TR1 82 | TR2 82
256.1276 	DATA 	Keypress: 5
256.1276 	DATA 	TR 165 | TR1 83 | TR2 82
257.6774 	DATA 	Keypress: 5
257.6775 	DATA 	TR 166 | TR1 83 | TR2 83
259.2440 	DATA 	Keypress: 5
259.2440 	DATA 	TR 167 | TR1 84 | TR2 83
260.7936 	DATA 	Keypress: 5
260.7937 	DATA 	TR 168 | TR1 84 | TR2 84
262.3103 	DATA 	
262.3103 	DATA 	Trial complete
262.3103 	DATA 	Waiting for VASO trigger to start next trial
262.3103 	DATA 	
262.3610 	DATA 	Keypress: 5
262.3769 	DATA 	Waited 0.06660819053649902 seconds for trigger
262.3777 	DATA 	
262.3777 	DATA 	Trial 6
262.3777 	DATA 	stimDur = 2.0
262.3777 	DATA 	jitter = 0.78525
262.3777 	DATA 	restDur = 22.0

262.3777 	DATA 	
262.3777 	DATA 	TR 169 | TR1 85 | TR2 84
263.1769 	DATA 	
263.1769 	DATA 	stimulation started
263.1769 	DATA 	
263.9269 	DATA 	Keypress: 5
263.9269 	DATA 	TR 170 | TR1 85 | TR2 85
264.9268 	DATA 	Target presented
265.1767 	DATA 	
265.1768 	DATA 	stimulation stopped
265.1768 	DATA 	
265.4934 	DATA 	Keypress: 5
265.4934 	DATA 	TR 171 | TR1 86 | TR2 85
265.5600 	DATA 	Keypress: 1
265.5601 	DATA 	Key1 pressed
265.5601 	DATA 	Target detected
267.0432 	DATA 	Keypress: 5
267.0433 	DATA 	TR 172 | TR1 86 | TR2 86
268.6098 	DATA 	Keypress: 5
268.6098 	DATA 	TR 173 | TR1 87 | TR2 86
270.1596 	DATA 	Keypress: 5
270.1596 	DATA 	TR 174 | TR1 87 | TR2 87
271.7428 	DATA 	Keypress: 5
271.7429 	DATA 	TR 175 | TR1 88 | TR2 87
273.2926 	DATA 	Keypress: 5
273.2927 	DATA 	TR 176 | TR1 88 | TR2 88
274.8592 	DATA 	Keypress: 5
274.8592 	DATA 	TR 177 | TR1 89 | TR2 88
276.4090 	DATA 	Keypress: 5
276.4091 	DATA 	TR 178 | TR1 89 | TR2 89
277.9922 	DATA 	Keypress: 5
277.9923 	DATA 	TR 179 | TR1 90 | TR2 89
279.5421 	DATA 	Keypress: 5
279.5421 	DATA 	TR 180 | TR1 90 | TR2 90
281.1086 	DATA 	Keypress: 5
281.1087 	DATA 	TR 181 | TR1 91 | TR2 90
282.6584 	DATA 	Keypress: 5
282.6585 	DATA 	TR 182 | TR1 91 | TR2 91
284.2251 	DATA 	Keypress: 5
284.2251 	DATA 	TR 183 | TR1 92 | TR2 91
285.7915 	DATA 	Keypress: 5
285.7915 	DATA 	TR 184 | TR1 92 | TR2 92
287.1746 	DATA 	
287.1747 	DATA 	Trial complete
287.1747 	DATA 	Waiting for VASO trigger to start next trial
287.1747 	DATA 	
287.3580 	DATA 	Keypress: 5
287.3581 	DATA 	Waited 0.1834089756011963 seconds for trigger
287.3589 	DATA 	
287.3589 	DATA 	Trial 7
287.3589 	DATA 	stimDur = 4.0
287.3589 	DATA 	jitter = 2.35575
287.3589 	DATA 	restDur = 24.0

287.3589 	DATA 	
287.3589 	DATA 	TR 185 | TR1 93 | TR2 92
288.9079 	DATA 	Keypress: 5
288.9079 	DATA 	TR 186 | TR1 93 | TR2 93
289.7244 	DATA 	
289.7244 	DATA 	stimulation started
289.7244 	DATA 	
290.4745 	DATA 	Keypress: 5
290.4745 	DATA 	TR 187 | TR1 94 | TR2 93
292.0243 	DATA 	Keypress: 5
292.0243 	DATA 	TR 188 | TR1 94 | TR2 94
293.6075 	DATA 	Keypress: 5
293.6076 	DATA 	TR 189 | TR1 95 | TR2 94
293.7242 	DATA 	
293.7243 	DATA 	stimulation stopped
293.7243 	DATA 	
295.1573 	DATA 	Keypress: 5
295.1573 	DATA 	TR 190 | TR1 95 | TR2 95
296.7238 	DATA 	Keypress: 5
296.7239 	DATA 	TR 191 | TR1 96 | TR2 95
298.2737 	DATA 	Keypress: 5
298.2737 	DATA 	TR 192 | TR1 96 | TR2 96
299.8569 	DATA 	Keypress: 5
299.8569 	DATA 	TR 193 | TR1 97 | TR2 96
301.4069 	DATA 	Keypress: 5
301.4069 	DATA 	TR 194 | TR1 97 | TR2 97
302.9733 	DATA 	Keypress: 5
302.9733 	DATA 	TR 195 | TR1 98 | TR2 97
304.5231 	DATA 	Keypress: 5
304.5232 	DATA 	TR 196 | TR1 98 | TR2 98
306.0898 	DATA 	Keypress: 5
306.0899 	DATA 	TR 197 | TR1 99 | TR2 98
307.6395 	DATA 	Keypress: 5
307.6395 	DATA 	TR 198 | TR1 99 | TR2 99
309.2227 	DATA 	Keypress: 5
309.2228 	DATA 	TR 199 | TR1 100 | TR2 99
309.4393 	DATA 	Target presented
310.0226 	DATA 	Keypress: 1
310.0226 	DATA 	Key1 pressed
310.0227 	DATA 	Target detected
310.7725 	DATA 	Keypress: 5
310.7726 	DATA 	TR 200 | TR1 100 | TR2 100
312.3391 	DATA 	Keypress: 5
312.3391 	DATA 	TR 201 | TR1 101 | TR2 100
313.8889 	DATA 	Keypress: 5
313.8889 	DATA 	TR 202 | TR1 101 | TR2 101
315.4722 	DATA 	Keypress: 5
315.4722 	DATA 	TR 203 | TR1 102 | TR2 101
317.0219 	DATA 	Keypress: 5
317.0220 	DATA 	TR 204 | TR1 102 | TR2 102
317.7219 	DATA 	
317.7219 	DATA 	Trial complete
317.7219 	DATA 	Waiting for VASO trigger to start next trial
317.7219 	DATA 	
318.5885 	DATA 	Keypress: 5
318.5886 	DATA 	Waited 0.8666589260101318 seconds for trigger
318.5893 	DATA 	
318.5893 	DATA 	Trial 8
318.5894 	DATA 	stimDur = 12.0
318.5894 	DATA 	jitter = 0.0
318.5894 	DATA 	restDur = 30.0

318.5894 	DATA 	
318.5894 	DATA 	TR 205 | TR1 103 | TR2 102
318.5894 	DATA 	
318.5894 	DATA 	stimulation started
318.5894 	DATA 	
320.1384 	DATA 	Keypress: 5
320.1385 	DATA 	TR 206 | TR1 103 | TR2 103
321.7057 	DATA 	Keypress: 5
321.7217 	DATA 	TR 207 | TR1 104 | TR2 103
323.2714 	DATA 	Keypress: 5
323.2715 	DATA 	TR 208 | TR1 104 | TR2 104
324.8380 	DATA 	Keypress: 5
324.8380 	DATA 	TR 209 | TR1 105 | TR2 104
326.3878 	DATA 	Keypress: 5
326.3879 	DATA 	TR 210 | TR1 105 | TR2 105
327.9544 	DATA 	Keypress: 5
327.9544 	DATA 	TR 211 | TR1 106 | TR2 105
329.5042 	DATA 	Keypress: 5
329.5042 	DATA 	TR 212 | TR1 106 | TR2 106
330.6041 	DATA 	
330.6041 	DATA 	stimulation stopped
330.6041 	DATA 	
331.0873 	DATA 	Keypress: 5
331.0874 	DATA 	TR 213 | TR1 107 | TR2 106
332.6372 	DATA 	Keypress: 5
332.6372 	DATA 	TR 214 | TR1 107 | TR2 107
334.2037 	DATA 	Keypress: 5
334.2038 	DATA 	TR 215 | TR1 108 | TR2 107
335.7536 	DATA 	Keypress: 5
335.7536 	DATA 	TR 216 | TR1 108 | TR2 108
337.3368 	DATA 	Keypress: 5
337.3368 	DATA 	TR 217 | TR1 109 | TR2 108
338.8868 	DATA 	Keypress: 5
338.8868 	DATA 	TR 218 | TR1 109 | TR2 109
340.4531 	DATA 	Keypress: 5
340.4532 	DATA 	TR 219 | TR1 110 | TR2 109
342.0029 	DATA 	Keypress: 5
342.0029 	DATA 	TR 220 | TR1 110 | TR2 110
343.5696 	DATA 	Keypress: 5
343.5696 	DATA 	TR 221 | TR1 111 | TR2 110
345.1200 	DATA 	Keypress: 5
345.1361 	DATA 	TR 222 | TR1 111 | TR2 111
346.7028 	DATA 	Keypress: 5
346.7028 	DATA 	TR 223 | TR1 112 | TR2 111
348.2524 	DATA 	Keypress: 5
348.2524 	DATA 	TR 224 | TR1 112 | TR2 112
349.8190 	DATA 	Keypress: 5
349.8190 	DATA 	TR 225 | TR1 113 | TR2 112
351.3688 	DATA 	Keypress: 5
351.3688 	DATA 	TR 226 | TR1 113 | TR2 113
352.9520 	DATA 	Keypress: 5
352.9520 	DATA 	TR 227 | TR1 114 | TR2 113
354.5018 	DATA 	Keypress: 5
354.5019 	DATA 	TR 228 | TR1 114 | TR2 114
356.0684 	DATA 	Keypress: 5
356.0684 	DATA 	TR 229 | TR1 115 | TR2 114
357.6182 	DATA 	Keypress: 5
357.6183 	DATA 	TR 230 | TR1 115 | TR2 115
359.1854 	DATA 	Keypress: 5
359.2014 	DATA 	TR 231 | TR1 116 | TR2 115
360.6013 	DATA 	
360.6013 	DATA 	Trial complete
360.6013 	DATA 	Waiting for VASO trigger to start next trial
360.6013 	DATA 	
360.7514 	DATA 	Keypress: 5
360.7514 	DATA 	TR 232 | TR1 116 | TR2 116
360.8513 	DATA 	Target presented
361.3179 	DATA 	Keypress: 1
361.3179 	DATA 	Key1 pressed
361.3179 	DATA 	Target detected
362.3178 	DATA 	Keypress: 5
362.3178 	DATA 	Waited 1.716540813446045 seconds for trigger
362.3186 	DATA 	
362.3186 	DATA 	Trial 9
362.3186 	DATA 	stimDur = 2.0
362.3186 	DATA 	jitter = 1.5705
362.3186 	DATA 	restDur = 22.0

362.3186 	DATA 	
362.3186 	DATA 	TR 233 | TR1 117 | TR2 116
363.8677 	DATA 	Keypress: 5
363.8677 	DATA 	TR 234 | TR1 117 | TR2 117
363.9009 	DATA 	
363.9010 	DATA 	stimulation started
363.9010 	DATA 	
365.4342 	DATA 	Keypress: 5
365.4343 	DATA 	TR 235 | TR1 118 | TR2 117
365.9008 	DATA 	
365.9008 	DATA 	stimulation stopped
365.9008 	DATA 	
366.9842 	DATA 	Keypress: 5
366.9842 	DATA 	TR 236 | TR1 118 | TR2 118
368.5673 	DATA 	Keypress: 5
368.5674 	DATA 	TR 237 | TR1 119 | TR2 118
370.1171 	DATA 	Keypress: 5
370.1172 	DATA 	TR 238 | TR1 119 | TR2 119
371.6836 	DATA 	Keypress: 5
371.6836 	DATA 	TR 239 | TR1 120 | TR2 119
373.2335 	DATA 	Keypress: 5
373.2335 	DATA 	TR 240 | TR1 120 | TR2 120
374.8166 	DATA 	Keypress: 5
374.8167 	DATA 	TR 241 | TR1 121 | TR2 120
376.3665 	DATA 	Keypress: 5
376.3666 	DATA 	TR 242 | TR1 121 | TR2 121
377.9330 	DATA 	Keypress: 5
377.9330 	DATA 	TR 243 | TR1 122 | TR2 121
379.4829 	DATA 	Keypress: 5
379.4830 	DATA 	TR 244 | TR1 122 | TR2 122
381.0494 	DATA 	Keypress: 5
381.0494 	DATA 	TR 245 | TR1 123 | TR2 122
382.5999 	DATA 	Keypress: 5
382.6159 	DATA 	TR 246 | TR1 123 | TR2 123
384.1825 	DATA 	Keypress: 5
384.1825 	DATA 	TR 247 | TR1 124 | TR2 123
385.7324 	DATA 	Keypress: 5
385.7324 	DATA 	TR 248 | TR1 124 | TR2 124
387.2988 	DATA 	Keypress: 5
387.2988 	DATA 	TR 249 | TR1 125 | TR2 124
387.8987 	DATA 	
387.8987 	DATA 	Trial complete
387.8988 	DATA 	Waiting for VASO trigger to start next trial
387.8988 	DATA 	
388.8487 	DATA 	Keypress: 5
388.8487 	DATA 	TR 250 | TR1 125 | TR2 125
390.4319 	DATA 	Keypress: 5
390.4319 	DATA 	Waited 2.5331649780273438 seconds for trigger
390.4327 	DATA 	
390.4327 	DATA 	Trial 10
390.4327 	DATA 	stimDur = 4.0
390.4327 	DATA 	jitter = 0.0
390.4327 	DATA 	restDur = 24.0

390.4327 	DATA 	
390.4327 	DATA 	TR 251 | TR1 126 | TR2 125
390.4327 	DATA 	
390.4327 	DATA 	stimulation started
390.4327 	DATA 	
391.9818 	DATA 	Keypress: 5
391.9819 	DATA 	TR 252 | TR1 126 | TR2 126
393.5483 	DATA 	Keypress: 5
393.5484 	DATA 	TR 253 | TR1 127 | TR2 126
394.4482 	DATA 	
394.4482 	DATA 	stimulation stopped
394.4482 	DATA 	
395.0981 	DATA 	Keypress: 5
395.0982 	DATA 	TR 254 | TR1 127 | TR2 127
396.6813 	DATA 	Keypress: 5
396.6813 	DATA 	TR 255 | TR1 128 | TR2 127
398.2312 	DATA 	Keypress: 5
398.2312 	DATA 	TR 256 | TR1 128 | TR2 128
399.7977 	DATA 	Keypress: 5
399.7977 	DATA 	TR 257 | TR1 129 | TR2 128
401.3476 	DATA 	Keypress: 5
401.3476 	DATA 	TR 258 | TR1 129 | TR2 129
402.9140 	DATA 	Keypress: 5
402.9141 	DATA 	TR 259 | TR1 130 | TR2 129
404.4639 	DATA 	Keypress: 5
404.4640 	DATA 	TR 260 | TR1 130 | TR2 130
406.0471 	DATA 	Keypress: 5
406.0471 	DATA 	TR 261 | TR1 131 | TR2 130
407.5971 	DATA 	Keypress: 5
407.5972 	DATA 	TR 262 | TR1 131 | TR2 131
409.1635 	DATA 	Keypress: 5
409.1635 	DATA 	TR 263 | TR1 132 | TR2 131
410.7134 	DATA 	Keypress: 5
410.7134 	DATA 	TR 264 | TR1 132 | TR2 132
412.2965 	DATA 	Keypress: 5
412.2966 	DATA 	TR 265 | TR1 133 | TR2 132
413.8464 	DATA 	Keypress: 5
413.8465 	DATA 	TR 266 | TR1 133 | TR2 133
415.4129 	DATA 	Keypress: 5
415.4129 	DATA 	TR 267 | TR1 134 | TR2 133
416.9628 	DATA 	Keypress: 5
416.9629 	DATA 	TR 268 | TR1 134 | TR2 134
418.4459 	DATA 	
418.4459 	DATA 	Trial complete
418.4460 	DATA 	Waiting for VASO trigger to start next trial
418.4460 	DATA 	
418.5293 	DATA 	Keypress: 5
418.5293 	DATA 	Waited 0.08336997032165527 seconds for trigger
418.5301 	DATA 	
418.5301 	DATA 	Trial 11
418.5301 	DATA 	stimDur = 12.0
418.5301 	DATA 	jitter = 0.78525
418.5301 	DATA 	restDur = 30.0

418.5301 	DATA 	
418.5301 	DATA 	TR 269 | TR1 135 | TR2 134
419.3292 	DATA 	
419.3292 	DATA 	stimulation started
419.3292 	DATA 	
420.0960 	DATA 	Keypress: 5
420.0961 	DATA 	TR 270 | TR1 135 | TR2 135
421.6624 	DATA 	Keypress: 5
421.6624 	DATA 	TR 271 | TR1 136 | TR2 135
423.2124 	DATA 	Keypress: 5
423.2124 	DATA 	TR 272 | TR1 136 | TR2 136
424.2455 	DATA 	Keypress: 1
424.2455 	DATA 	Key1 pressed
424.7788 	DATA 	Keypress: 5
424.7788 	DATA 	TR 273 | TR1 137 | TR2 136
426.3287 	DATA 	Keypress: 5
426.3287 	DATA 	TR 274 | TR1 137 | TR2 137
427.9119 	DATA 	Keypress: 5
427.9120 	DATA 	TR 275 | TR1 138 | TR2 137
429.4617 	DATA 	Keypress: 5
429.4617 	DATA 	TR 276 | TR1 138 | TR2 138
431.0283 	DATA 	Keypress: 5
431.0284 	DATA 	TR 277 | TR1 139 | TR2 138
431.3281 	DATA 	
431.3281 	DATA 	stimulation stopped
431.3281 	DATA 	
432.5780 	DATA 	Keypress: 5
432.5781 	DATA 	TR 278 | TR1 139 | TR2 139
434.1612 	DATA 	Keypress: 5
434.1612 	DATA 	TR 279 | TR1 140 | TR2 139
435.7111 	DATA 	Keypress: 5
435.7111 	DATA 	TR 280 | TR1 140 | TR2 140
437.2775 	DATA 	Keypress: 5
437.2776 	DATA 	TR 281 | TR1 141 | TR2 140
438.8275 	DATA 	Keypress: 5
438.8275 	DATA 	TR 282 | TR1 141 | TR2 141
440.3939 	DATA 	Keypress: 5
440.3940 	DATA 	TR 283 | TR1 142 | TR2 141
441.2106 	DATA 	Target presented
441.7105 	DATA 	Keypress: 1
441.7106 	DATA 	Key1 pressed
441.7106 	DATA 	Target detected
441.9444 	DATA 	Keypress: 5
441.9606 	DATA 	TR 284 | TR1 142 | TR2 142
443.5270 	DATA 	Keypress: 5
443.5271 	DATA 	TR 285 | TR1 143 | TR2 142
445.0769 	DATA 	Keypress: 5
445.0769 	DATA 	TR 286 | TR1 143 | TR2 143
446.6434 	DATA 	Keypress: 5
446.6434 	DATA 	TR 287 | TR1 144 | TR2 143
448.1932 	DATA 	Keypress: 5
448.1933 	DATA 	TR 288 | TR1 144 | TR2 144
449.7764 	DATA 	Keypress: 5
449.7764 	DATA 	TR 289 | TR1 145 | TR2 144
451.3263 	DATA 	Keypress: 5
451.3263 	DATA 	TR 290 | TR1 145 | TR2 145
452.8928 	DATA 	Keypress: 5
452.8928 	DATA 	TR 291 | TR1 146 | TR2 145
454.4427 	DATA 	Keypress: 5
454.4427 	DATA 	TR 292 | TR1 146 | TR2 146
456.0092 	DATA 	Keypress: 5
456.0092 	DATA 	TR 293 | TR1 147 | TR2 146
457.5757 	DATA 	Keypress: 5
457.5757 	DATA 	TR 294 | TR1 147 | TR2 147
459.1422 	DATA 	Keypress: 5
459.1423 	DATA 	TR 295 | TR1 148 | TR2 147
460.6921 	DATA 	Keypress: 5
460.6921 	DATA 	TR 296 | TR1 148 | TR2 148
461.3253 	DATA 	
461.3253 	DATA 	Trial complete
461.3253 	DATA 	Waiting for VASO trigger to start next trial
461.3253 	DATA 	
462.2588 	DATA 	Keypress: 5
462.2588 	DATA 	Waited 0.9334681034088135 seconds for trigger
462.2596 	DATA 	
462.2596 	DATA 	Trial 12
462.2596 	DATA 	stimDur = 4.0
462.2596 	DATA 	jitter = 0.78525
462.2596 	DATA 	restDur = 24.0

462.2596 	DATA 	
462.2596 	DATA 	TR 297 | TR1 149 | TR2 148
463.0585 	DATA 	
463.0585 	DATA 	stimulation started
463.0585 	DATA 	
463.8085 	DATA 	Keypress: 5
463.8086 	DATA 	TR 298 | TR1 149 | TR2 149
465.3917 	DATA 	Keypress: 5
465.3917 	DATA 	TR 299 | TR1 150 | TR2 149
466.9416 	DATA 	Keypress: 5
466.9416 	DATA 	TR 300 | TR1 150 | TR2 150
467.0582 	DATA 	
467.0582 	DATA 	stimulation stopped
467.0582 	DATA 	
468.5081 	DATA 	Keypress: 5
468.5082 	DATA 	TR 301 | TR1 151 | TR2 150
470.0579 	DATA 	Keypress: 5
470.0579 	DATA 	TR 302 | TR1 151 | TR2 151
471.6411 	DATA 	Keypress: 5
471.6411 	DATA 	TR 303 | TR1 152 | TR2 151
473.1910 	DATA 	Keypress: 5
473.1910 	DATA 	TR 304 | TR1 152 | TR2 152
474.7574 	DATA 	Keypress: 5
474.7575 	DATA 	TR 305 | TR1 153 | TR2 152
476.3074 	DATA 	Keypress: 5
476.3074 	DATA 	TR 306 | TR1 153 | TR2 153
477.8739 	DATA 	Keypress: 5
477.8740 	DATA 	TR 307 | TR1 154 | TR2 153
479.4245 	DATA 	Keypress: 5
479.4403 	DATA 	TR 308 | TR1 154 | TR2 154
481.0070 	DATA 	Keypress: 5
481.0071 	DATA 	TR 309 | TR1 155 | TR2 154
482.5567 	DATA 	Keypress: 5
482.5568 	DATA 	TR 310 | TR1 155 | TR2 155
484.1232 	DATA 	Keypress: 5
484.1233 	DATA 	TR 311 | TR1 156 | TR2 155
485.6731 	DATA 	Keypress: 5
485.6732 	DATA 	TR 312 | TR1 156 | TR2 156
487.2563 	DATA 	Keypress: 5
487.2563 	DATA 	TR 313 | TR1 157 | TR2 156
487.2564 	DATA 	Target presented
488.0396 	DATA 	Keypress: 1
488.0397 	DATA 	Key1 pressed
488.0397 	DATA 	Target detected
488.8062 	DATA 	Keypress: 5
488.8062 	DATA 	TR 314 | TR1 157 | TR2 157
490.3727 	DATA 	Keypress: 5
490.3727 	DATA 	TR 315 | TR1 158 | TR2 157
491.0559 	DATA 	
491.0559 	DATA 	Trial complete
491.0559 	DATA 	Waiting for VASO trigger to start next trial
491.0559 	DATA 	
491.9227 	DATA 	Keypress: 5
491.9227 	DATA 	TR 316 | TR1 158 | TR2 158
493.4897 	DATA 	Keypress: 5
493.5057 	DATA 	Waited 2.44976806640625 seconds for trigger
493.5065 	DATA 	
493.5065 	DATA 	Trial 13
493.5065 	DATA 	stimDur = 2.0
493.5065 	DATA 	jitter = 2.35575
493.5065 	DATA 	restDur = 22.0

493.5065 	DATA 	
493.5065 	DATA 	TR 317 | TR1 159 | TR2 158
495.0556 	DATA 	Keypress: 5
495.0557 	DATA 	TR 318 | TR1 159 | TR2 159
495.8722 	DATA 	
495.8722 	DATA 	stimulation started
495.8722 	DATA 	
496.6221 	DATA 	Keypress: 5
496.6222 	DATA 	TR 319 | TR1 160 | TR2 159
497.8720 	DATA 	
497.8720 	DATA 	stimulation stopped
497.8720 	DATA 	
498.1720 	DATA 	Keypress: 5
498.1720 	DATA 	TR 320 | TR1 160 | TR2 160
499.7385 	DATA 	Keypress: 5
499.7385 	DATA 	TR 321 | TR1 161 | TR2 160
501.2884 	DATA 	Keypress: 5
501.2884 	DATA 	TR 322 | TR1 161 | TR2 161
502.8715 	DATA 	Keypress: 5
502.8716 	DATA 	TR 323 | TR1 162 | TR2 161
504.4214 	DATA 	Keypress: 5
504.4214 	DATA 	TR 324 | TR1 162 | TR2 162
505.9879 	DATA 	Keypress: 5
505.9880 	DATA 	TR 325 | TR1 163 | TR2 162
507.5378 	DATA 	Keypress: 5
507.5379 	DATA 	TR 326 | TR1 163 | TR2 163
509.1209 	DATA 	Keypress: 5
509.1210 	DATA 	TR 327 | TR1 164 | TR2 163
510.6708 	DATA 	Keypress: 5
510.6709 	DATA 	TR 328 | TR1 164 | TR2 164
512.2373 	DATA 	Keypress: 5
512.2374 	DATA 	TR 329 | TR1 165 | TR2 164
513.7872 	DATA 	Keypress: 5
513.7873 	DATA 	TR 330 | TR1 165 | TR2 165
515.3537 	DATA 	Keypress: 5
515.3538 	DATA 	TR 331 | TR1 166 | TR2 165
516.9042 	DATA 	Keypress: 5
516.9202 	DATA 	TR 332 | TR1 166 | TR2 166
518.4868 	DATA 	Keypress: 5
518.4868 	DATA 	TR 333 | TR1 167 | TR2 166
519.8699 	DATA 	
519.8699 	DATA 	Trial complete
519.8699 	DATA 	Waiting for VASO trigger to start next trial
519.8700 	DATA 	
520.0366 	DATA 	Keypress: 5
520.0367 	DATA 	TR 334 | TR1 167 | TR2 167
521.6031 	DATA 	Keypress: 5
521.6032 	DATA 	Waited 1.733229160308838 seconds for trigger
521.6040 	DATA 	
521.6040 	DATA 	Trial 14
521.6040 	DATA 	stimDur = 1.0
521.6040 	DATA 	jitter = 1.5705
521.6040 	DATA 	restDur = 20.0

521.6040 	DATA 	
521.6040 	DATA 	TR 335 | TR1 168 | TR2 167
523.1530 	DATA 	Keypress: 5
523.1531 	DATA 	TR 336 | TR1 168 | TR2 168
523.1863 	DATA 	
523.1863 	DATA 	stimulation started
523.1863 	DATA 	
524.1863 	DATA 	
524.1863 	DATA 	stimulation stopped
524.1863 	DATA 	
524.7362 	DATA 	Keypress: 5
524.7362 	DATA 	TR 337 | TR1 169 | TR2 168
526.2861 	DATA 	Keypress: 5
526.2861 	DATA 	TR 338 | TR1 169 | TR2 169
527.8525 	DATA 	Keypress: 5
527.8526 	DATA 	TR 339 | TR1 170 | TR2 169
529.4025 	DATA 	Keypress: 5
529.4025 	DATA 	TR 340 | TR1 170 | TR2 170
530.9856 	DATA 	Keypress: 5
530.9856 	DATA 	TR 341 | TR1 171 | TR2 170
532.5355 	DATA 	Keypress: 5
532.5355 	DATA 	TR 342 | TR1 171 | TR2 171
534.1020 	DATA 	Keypress: 5
534.1020 	DATA 	TR 343 | TR1 172 | TR2 171
535.6520 	DATA 	Keypress: 5
535.6520 	DATA 	TR 344 | TR1 172 | TR2 172
537.2184 	DATA 	Keypress: 5
537.2184 	DATA 	TR 345 | TR1 173 | TR2 172
538.7683 	DATA 	Keypress: 5
538.7683 	DATA 	TR 346 | TR1 173 | TR2 173
540.3514 	DATA 	Keypress: 5
540.3515 	DATA 	TR 347 | TR1 174 | TR2 173
541.9013 	DATA 	Keypress: 5
541.9013 	DATA 	TR 348 | TR1 174 | TR2 174
543.4679 	DATA 	Keypress: 5
543.4680 	DATA 	TR 349 | TR1 175 | TR2 174
544.1844 	DATA 	
544.1844 	DATA 	Trial complete
544.1844 	DATA 	Waiting for VASO trigger to start next trial
544.1844 	DATA 	
545.0177 	DATA 	Keypress: 5
545.0177 	DATA 	TR 350 | TR1 175 | TR2 175
546.6008 	DATA 	Keypress: 5
546.6009 	DATA 	Waited 2.41648006439209 seconds for trigger
546.6016 	DATA 	
546.6016 	DATA 	Trial 15
546.6016 	DATA 	stimDur = 24.0
546.6017 	DATA 	jitter = 0.0
546.6017 	DATA 	restDur = 40.0

546.6017 	DATA 	
546.6017 	DATA 	TR 351 | TR1 176 | TR2 175
546.6017 	DATA 	
546.6017 	DATA 	stimulation started
546.6017 	DATA 	
548.1508 	DATA 	Keypress: 5
548.1508 	DATA 	TR 352 | TR1 176 | TR2 176
549.7173 	DATA 	Keypress: 5
549.7173 	DATA 	TR 353 | TR1 177 | TR2 176
551.2671 	DATA 	Keypress: 5
551.2672 	DATA 	TR 354 | TR1 177 | TR2 177
552.8337 	DATA 	Keypress: 5
552.8337 	DATA 	TR 355 | TR1 178 | TR2 177
554.4004 	DATA 	Keypress: 5
554.4004 	DATA 	TR 356 | TR1 178 | TR2 178
555.9667 	DATA 	Keypress: 5
555.9668 	DATA 	TR 357 | TR1 179 | TR2 178
557.5166 	DATA 	Keypress: 5
557.5166 	DATA 	TR 358 | TR1 179 | TR2 179
559.0831 	DATA 	Keypress: 5
559.0831 	DATA 	TR 359 | TR1 180 | TR2 179
560.6331 	DATA 	Keypress: 5
560.6331 	DATA 	TR 360 | TR1 180 | TR2 180
562.2163 	DATA 	Keypress: 5
562.2163 	DATA 	TR 361 | TR1 181 | TR2 180
563.7660 	DATA 	Keypress: 5
563.7661 	DATA 	TR 362 | TR1 181 | TR2 181
565.3325 	DATA 	Keypress: 5
565.3325 	DATA 	TR 363 | TR1 182 | TR2 181
566.7824 	DATA 	Target presented
566.8824 	DATA 	Keypress: 5
566.8824 	DATA 	TR 364 | TR1 182 | TR2 182
567.3490 	DATA 	Keypress: 1
567.3490 	DATA 	Key1 pressed
567.3490 	DATA 	Target detected
568.4655 	DATA 	Keypress: 5
568.4656 	DATA 	TR 365 | TR1 183 | TR2 182
570.0154 	DATA 	Keypress: 5
570.0155 	DATA 	TR 366 | TR1 183 | TR2 183
570.6153 	DATA 	
570.6153 	DATA 	stimulation stopped
570.6153 	DATA 	
571.5819 	DATA 	Keypress: 5
571.5819 	DATA 	TR 367 | TR1 184 | TR2 183
573.1319 	DATA 	Keypress: 5
573.1319 	DATA 	TR 368 | TR1 184 | TR2 184
574.6983 	DATA 	Keypress: 5
574.6983 	DATA 	TR 369 | TR1 185 | TR2 184
576.2487 	DATA 	Keypress: 5
576.2647 	DATA 	TR 370 | TR1 185 | TR2 185
577.8313 	DATA 	Keypress: 5
577.8313 	DATA 	TR 371 | TR1 186 | TR2 185
579.3812 	DATA 	Keypress: 5
579.3812 	DATA 	TR 372 | TR1 186 | TR2 186
580.9477 	DATA 	Keypress: 5
580.9478 	DATA 	TR 373 | TR1 187 | TR2 186
582.4975 	DATA 	Keypress: 5
582.4976 	DATA 	TR 374 | TR1 187 | TR2 187
584.0807 	DATA 	Keypress: 5
584.0808 	DATA 	TR 375 | TR1 188 | TR2 187
585.6306 	DATA 	Keypress: 5
585.6306 	DATA 	TR 376 | TR1 188 | TR2 188
587.1971 	DATA 	Keypress: 5
587.1971 	DATA 	TR 377 | TR1 189 | TR2 188
588.7470 	DATA 	Keypress: 5
588.7470 	DATA 	TR 378 | TR1 189 | TR2 189
590.3137 	DATA 	Keypress: 5
590.3137 	DATA 	TR 379 | TR1 190 | TR2 189
591.8800 	DATA 	Keypress: 5
591.8800 	DATA 	TR 380 | TR1 190 | TR2 190
593.4465 	DATA 	Keypress: 5
593.4466 	DATA 	TR 381 | TR1 191 | TR2 190
594.9964 	DATA 	Keypress: 5
594.9965 	DATA 	TR 382 | TR1 191 | TR2 191
596.5629 	DATA 	Keypress: 5
596.5629 	DATA 	TR 383 | TR1 192 | TR2 191
598.1128 	DATA 	Keypress: 5
598.1128 	DATA 	TR 384 | TR1 192 | TR2 192
599.6959 	DATA 	Keypress: 5
599.6960 	DATA 	TR 385 | TR1 193 | TR2 192
601.2458 	DATA 	Keypress: 5
601.2458 	DATA 	TR 386 | TR1 193 | TR2 193
602.8123 	DATA 	Keypress: 5
602.8124 	DATA 	TR 387 | TR1 194 | TR2 193
604.3622 	DATA 	Keypress: 5
604.3622 	DATA 	TR 388 | TR1 194 | TR2 194
605.9454 	DATA 	Keypress: 5
605.9454 	DATA 	TR 389 | TR1 195 | TR2 194
607.4952 	DATA 	Keypress: 5
607.4953 	DATA 	TR 390 | TR1 195 | TR2 195
609.0617 	DATA 	Keypress: 5
609.0618 	DATA 	TR 391 | TR1 196 | TR2 195
610.6116 	DATA 	Keypress: 5
610.6117 	DATA 	TR 392 | TR1 196 | TR2 196
610.6117 	DATA 	
610.6117 	DATA 	Trial complete
610.6117 	DATA 	Waiting for VASO trigger to start next trial
610.6117 	DATA 	
612.1783 	DATA 	Keypress: 5
612.1784 	DATA 	Waited 1.5666718482971191 seconds for trigger
612.1792 	DATA 	
612.1792 	DATA 	Trial 16
612.1792 	DATA 	stimDur = 1.0
612.1792 	DATA 	jitter = 2.35575
612.1792 	DATA 	restDur = 20.0

612.1792 	DATA 	
612.1792 	DATA 	TR 393 | TR1 197 | TR2 196
613.7447 	DATA 	Keypress: 5
613.7447 	DATA 	TR 394 | TR1 197 | TR2 197
614.5445 	DATA 	
614.5445 	DATA 	stimulation started
614.5445 	DATA 	
615.3113 	DATA 	Keypress: 5
615.3114 	DATA 	TR 395 | TR1 198 | TR2 197
615.5445 	DATA 	
615.5445 	DATA 	stimulation stopped
615.5445 	DATA 	
616.8610 	DATA 	Keypress: 5
616.8611 	DATA 	TR 396 | TR1 198 | TR2 198
617.7443 	DATA 	Target presented
618.4276 	DATA 	Keypress: 5
618.4276 	DATA 	TR 397 | TR1 199 | TR2 198
619.9774 	DATA 	Keypress: 5
619.9775 	DATA 	TR 398 | TR1 199 | TR2 199
621.5606 	DATA 	Keypress: 5
621.5607 	DATA 	TR 399 | TR1 200 | TR2 199
623.1105 	DATA 	Keypress: 5
623.1105 	DATA 	TR 400 | TR1 200 | TR2 200
624.6770 	DATA 	Keypress: 5
624.6771 	DATA 	TR 401 | TR1 201 | TR2 200
626.2268 	DATA 	Keypress: 5
626.2269 	DATA 	TR 402 | TR1 201 | TR2 201
627.7940 	DATA 	Keypress: 5
627.8100 	DATA 	TR 403 | TR1 202 | TR2 201
629.3599 	DATA 	Keypress: 5
629.3599 	DATA 	TR 404 | TR1 202 | TR2 202
630.9264 	DATA 	Keypress: 5
630.9265 	DATA 	TR 405 | TR1 203 | TR2 202
632.4763 	DATA 	Keypress: 5
632.4763 	DATA 	TR 406 | TR1 203 | TR2 203
634.0428 	DATA 	Keypress: 5
634.0428 	DATA 	TR 407 | TR1 204 | TR2 203
635.5425 	DATA 	
635.5425 	DATA 	Trial complete
635.5425 	DATA 	Waiting for VASO trigger to start next trial
635.5425 	DATA 	
635.5926 	DATA 	Keypress: 5
635.5927 	DATA 	TR 408 | TR1 204 | TR2 204
637.1761 	DATA 	Keypress: 5
637.1762 	DATA 	Waited 1.6336679458618164 seconds for trigger
637.1769 	DATA 	
637.1769 	DATA 	Trial 17
637.1769 	DATA 	stimDur = 2.0
637.1770 	DATA 	jitter = 0.0
637.1770 	DATA 	restDur = 22.0

637.1770 	DATA 	
637.1770 	DATA 	TR 409 | TR1 205 | TR2 204
637.1770 	DATA 	
637.1770 	DATA 	stimulation started
637.1770 	DATA 	
638.7257 	DATA 	Keypress: 5
638.7258 	DATA 	TR 410 | TR1 205 | TR2 205
639.1923 	DATA 	
639.1923 	DATA 	stimulation stopped
639.1923 	DATA 	
640.2922 	DATA 	Keypress: 5
640.2922 	DATA 	TR 411 | TR1 206 | TR2 205
641.8420 	DATA 	Keypress: 5
641.8421 	DATA 	TR 412 | TR1 206 | TR2 206
643.4253 	DATA 	Keypress: 5
643.4253 	DATA 	TR 413 | TR1 207 | TR2 206
644.9751 	DATA 	Keypress: 5
644.9751 	DATA 	TR 414 | TR1 207 | TR2 207
646.5416 	DATA 	Keypress: 5
646.5417 	DATA 	TR 415 | TR1 208 | TR2 207
648.0915 	DATA 	Keypress: 5
648.0915 	DATA 	TR 416 | TR1 208 | TR2 208
649.6581 	DATA 	Keypress: 5
649.6581 	DATA 	TR 417 | TR1 209 | TR2 208
651.2087 	DATA 	Keypress: 5
651.2245 	DATA 	TR 418 | TR1 209 | TR2 209
652.7911 	DATA 	Keypress: 5
652.7911 	DATA 	TR 419 | TR1 210 | TR2 209
654.3409 	DATA 	Keypress: 5
654.3410 	DATA 	TR 420 | TR1 210 | TR2 210
655.9075 	DATA 	Keypress: 5
655.9075 	DATA 	TR 421 | TR1 211 | TR2 210
657.4573 	DATA 	Keypress: 5
657.4573 	DATA 	TR 422 | TR1 211 | TR2 211
659.0405 	DATA 	Keypress: 5
659.0405 	DATA 	TR 423 | TR1 212 | TR2 211
660.5904 	DATA 	Keypress: 5
660.5904 	DATA 	TR 424 | TR1 212 | TR2 212
661.1902 	DATA 	
661.1903 	DATA 	Trial complete
661.1903 	DATA 	Waiting for VASO trigger to start next trial
661.1903 	DATA 	
662.1569 	DATA 	Keypress: 5
662.1569 	DATA 	Waited 0.9666671752929688 seconds for trigger
662.1577 	DATA 	
662.1577 	DATA 	Trial 18
662.1577 	DATA 	stimDur = 1.0
662.1577 	DATA 	jitter = 0.0
662.1577 	DATA 	restDur = 20.0

662.1577 	DATA 	
662.1577 	DATA 	TR 425 | TR1 213 | TR2 212
662.1578 	DATA 	
662.1578 	DATA 	stimulation started
662.1578 	DATA 	
663.1734 	DATA 	
663.1735 	DATA 	stimulation stopped
663.1735 	DATA 	
663.7069 	DATA 	Keypress: 5
663.7070 	DATA 	TR 426 | TR1 213 | TR2 213
665.2898 	DATA 	Keypress: 5
665.2899 	DATA 	TR 427 | TR1 214 | TR2 213
666.8399 	DATA 	Keypress: 5
666.8399 	DATA 	TR 428 | TR1 214 | TR2 214
668.4063 	DATA 	Keypress: 5
668.4064 	DATA 	TR 429 | TR1 215 | TR2 214
669.9561 	DATA 	Keypress: 5
669.9562 	DATA 	TR 430 | TR1 215 | TR2 215
671.5227 	DATA 	Keypress: 5
671.5227 	DATA 	TR 431 | TR1 216 | TR2 215
673.0726 	DATA 	Keypress: 5
673.0727 	DATA 	TR 432 | TR1 216 | TR2 216
674.6557 	DATA 	Keypress: 5
674.6558 	DATA 	TR 433 | TR1 217 | TR2 216
676.2056 	DATA 	Keypress: 5
676.2056 	DATA 	TR 434 | TR1 217 | TR2 217
677.7724 	DATA 	Keypress: 5
677.7724 	DATA 	TR 435 | TR1 218 | TR2 217
679.3219 	DATA 	Keypress: 5
679.3220 	DATA 	TR 436 | TR1 218 | TR2 218
680.9052 	DATA 	Keypress: 5
680.9052 	DATA 	TR 437 | TR1 219 | TR2 218
682.4550 	DATA 	Keypress: 5
682.4550 	DATA 	TR 438 | TR1 219 | TR2 219
683.1714 	DATA 	
683.1714 	DATA 	Trial complete
683.1714 	DATA 	Waiting for VASO trigger to start next trial
683.1714 	DATA 	
684.0215 	DATA 	Keypress: 5
684.0216 	DATA 	Waited 0.8501911163330078 seconds for trigger
684.0224 	DATA 	
684.0224 	DATA 	Trial 19
684.0224 	DATA 	stimDur = 24.0
684.0224 	DATA 	jitter = 2.35575
684.0224 	DATA 	restDur = 40.0

684.0224 	DATA 	
684.0224 	DATA 	TR 439 | TR1 220 | TR2 219
685.5714 	DATA 	Keypress: 5
685.5714 	DATA 	TR 440 | TR1 220 | TR2 220
686.3882 	DATA 	
686.3882 	DATA 	stimulation started
686.3882 	DATA 	
687.1388 	DATA 	Keypress: 5
687.1546 	DATA 	TR 441 | TR1 221 | TR2 220
688.7045 	DATA 	Keypress: 5
688.7045 	DATA 	TR 442 | TR1 221 | TR2 221
690.2710 	DATA 	Keypress: 5
690.2711 	DATA 	TR 443 | TR1 222 | TR2 221
691.8208 	DATA 	Keypress: 5
691.8209 	DATA 	TR 444 | TR1 222 | TR2 222
693.3874 	DATA 	Keypress: 5
693.3874 	DATA 	TR 445 | TR1 223 | TR2 222
694.9372 	DATA 	Keypress: 5
694.9373 	DATA 	TR 446 | TR1 223 | TR2 223
696.5205 	DATA 	Keypress: 5
696.5205 	DATA 	TR 447 | TR1 224 | TR2 223
697.4705 	DATA 	Target presented
698.0703 	DATA 	Keypress: 5
698.0703 	DATA 	TR 448 | TR1 224 | TR2 224
699.6368 	DATA 	Keypress: 5
699.6369 	DATA 	TR 449 | TR1 225 | TR2 224
701.1866 	DATA 	Keypress: 5
701.1867 	DATA 	TR 450 | TR1 225 | TR2 225
702.7540 	DATA 	Keypress: 5
702.7698 	DATA 	TR 451 | TR1 226 | TR2 225
704.3198 	DATA 	Keypress: 5
704.3199 	DATA 	TR 452 | TR1 226 | TR2 226
705.8862 	DATA 	Keypress: 5
705.8863 	DATA 	TR 453 | TR1 227 | TR2 226
707.4361 	DATA 	Keypress: 5
707.4361 	DATA 	TR 454 | TR1 227 | TR2 227
709.0026 	DATA 	Keypress: 5
709.0026 	DATA 	TR 455 | TR1 228 | TR2 227
710.3858 	DATA 	
710.3858 	DATA 	stimulation stopped
710.3858 	DATA 	
710.5531 	DATA 	Keypress: 5
710.5690 	DATA 	TR 456 | TR1 228 | TR2 228
712.1356 	DATA 	Keypress: 5
712.1357 	DATA 	TR 457 | TR1 229 | TR2 228
713.6855 	DATA 	Keypress: 5
713.6855 	DATA 	TR 458 | TR1 229 | TR2 229
715.2521 	DATA 	Keypress: 5
715.2522 	DATA 	TR 459 | TR1 230 | TR2 229
716.8018 	DATA 	Keypress: 5
716.8019 	DATA 	TR 460 | TR1 230 | TR2 230
718.3850 	DATA 	Keypress: 5
718.3851 	DATA 	TR 461 | TR1 231 | TR2 230
719.9349 	DATA 	Keypress: 5
719.9349 	DATA 	TR 462 | TR1 231 | TR2 231
721.5014 	DATA 	Keypress: 5
721.5015 	DATA 	TR 463 | TR1 232 | TR2 231
723.0513 	DATA 	Keypress: 5
723.0513 	DATA 	TR 464 | TR1 232 | TR2 232
724.6178 	DATA 	Keypress: 5
724.6179 	DATA 	TR 465 | TR1 233 | TR2 232
726.1843 	DATA 	Keypress: 5
726.1844 	DATA 	TR 466 | TR1 233 | TR2 233
727.7509 	DATA 	Keypress: 5
727.7509 	DATA 	TR 467 | TR1 234 | TR2 233
729.3007 	DATA 	Keypress: 5
729.3007 	DATA 	TR 468 | TR1 234 | TR2 234
730.8672 	DATA 	Keypress: 5
730.8673 	DATA 	TR 469 | TR1 235 | TR2 234
732.4171 	DATA 	Keypress: 5
732.4171 	DATA 	TR 470 | TR1 235 | TR2 235
734.0003 	DATA 	Keypress: 5
734.0003 	DATA 	TR 471 | TR1 236 | TR2 235
735.5501 	DATA 	Keypress: 5
735.5502 	DATA 	TR 472 | TR1 236 | TR2 236
737.1167 	DATA 	Keypress: 5
737.1167 	DATA 	TR 473 | TR1 237 | TR2 236
738.6665 	DATA 	Keypress: 5
738.6665 	DATA 	TR 474 | TR1 237 | TR2 237
740.2497 	DATA 	Keypress: 5
740.2498 	DATA 	TR 475 | TR1 238 | TR2 237
741.7995 	DATA 	Keypress: 5
741.7996 	DATA 	TR 476 | TR1 238 | TR2 238
743.3661 	DATA 	Keypress: 5
743.3661 	DATA 	TR 477 | TR1 239 | TR2 238
744.9159 	DATA 	Keypress: 5
744.9159 	DATA 	TR 478 | TR1 239 | TR2 239
746.4825 	DATA 	Keypress: 5
746.4825 	DATA 	TR 479 | TR1 240 | TR2 239
748.0329 	DATA 	Keypress: 5
748.0489 	DATA 	TR 480 | TR1 240 | TR2 240
749.6155 	DATA 	Keypress: 5
749.6156 	DATA 	TR 481 | TR1 241 | TR2 240
750.3821 	DATA 	
750.3821 	DATA 	Trial complete
750.3821 	DATA 	
751.1653 	DATA 	Keypress: 5
751.1655 	DATA 	TR 482 | TR1 241 | TR2 241
752.7319 	DATA 	Keypress: 5
752.7319 	DATA 	Waited 69.56050705909729 seconds for trigger
752.7327 	DATA 	
752.7327 	DATA 	Trial 20
752.7327 	DATA 	stimDur = 12.0
752.7327 	DATA 	jitter = 1.5705
752.7327 	DATA 	restDur = 30.0

752.7327 	DATA 	
752.7327 	DATA 	TR 483 | TR1 242 | TR2 241
754.2818 	DATA 	Keypress: 5
754.2818 	DATA 	TR 484 | TR1 242 | TR2 242
754.3150 	DATA 	
754.3150 	DATA 	stimulation started
754.3150 	DATA 	
755.8649 	DATA 	Keypress: 5
755.8650 	DATA 	TR 485 | TR1 243 | TR2 242
757.4148 	DATA 	Keypress: 5
757.4149 	DATA 	TR 486 | TR1 243 | TR2 243
758.9813 	DATA 	Keypress: 5
758.9814 	DATA 	TR 487 | TR1 244 | TR2 243
760.5312 	DATA 	Keypress: 5
760.5313 	DATA 	TR 488 | TR1 244 | TR2 244
762.0985 	DATA 	Keypress: 5
762.1143 	DATA 	TR 489 | TR1 245 | TR2 244
763.6642 	DATA 	Keypress: 5
763.6643 	DATA 	TR 490 | TR1 245 | TR2 245
765.2308 	DATA 	Keypress: 5
765.2308 	DATA 	TR 491 | TR1 246 | TR2 245
766.3140 	DATA 	
766.3140 	DATA 	stimulation stopped
766.3140 	DATA 	
766.7806 	DATA 	Keypress: 5
766.7806 	DATA 	TR 492 | TR1 246 | TR2 246
768.3471 	DATA 	Keypress: 5
768.3471 	DATA 	TR 493 | TR1 247 | TR2 246
769.8970 	DATA 	Keypress: 5
769.8970 	DATA 	TR 494 | TR1 247 | TR2 247
770.1303 	DATA 	Target presented
770.8135 	DATA 	Keypress: 1
770.8136 	DATA 	Key1 pressed
770.8136 	DATA 	Target detected
771.4802 	DATA 	Keypress: 5
771.4803 	DATA 	TR 495 | TR1 248 | TR2 247
773.0300 	DATA 	Keypress: 5
773.0300 	DATA 	TR 496 | TR1 248 | TR2 248
774.5965 	DATA 	Keypress: 5
774.5966 	DATA 	TR 497 | TR1 249 | TR2 248
776.1464 	DATA 	Keypress: 5
776.1464 	DATA 	TR 498 | TR1 249 | TR2 249
777.7295 	DATA 	Keypress: 5
777.7296 	DATA 	TR 499 | TR1 250 | TR2 249
779.2794 	DATA 	Keypress: 5
779.2795 	DATA 	TR 500 | TR1 250 | TR2 250
780.8459 	DATA 	Keypress: 5
780.8460 	DATA 	TR 501 | TR1 251 | TR2 250
782.3958 	DATA 	Keypress: 5
782.3959 	DATA 	TR 502 | TR1 251 | TR2 251
783.9623 	DATA 	Keypress: 5
783.9624 	DATA 	TR 503 | TR1 252 | TR2 251
785.5289 	DATA 	Keypress: 5
785.5289 	DATA 	TR 504 | TR1 252 | TR2 252
787.0954 	DATA 	Keypress: 5
787.0954 	DATA 	TR 505 | TR1 253 | TR2 252
788.6452 	DATA 	Keypress: 5
788.6453 	DATA 	TR 506 | TR1 253 | TR2 253
790.2117 	DATA 	Keypress: 5
790.2118 	DATA 	TR 507 | TR1 254 | TR2 253
791.7616 	DATA 	Keypress: 5
791.7617 	DATA 	TR 508 | TR1 254 | TR2 254
793.3448 	DATA 	Keypress: 5
793.3448 	DATA 	TR 509 | TR1 255 | TR2 254
794.8947 	DATA 	Keypress: 5
794.8947 	DATA 	TR 510 | TR1 255 | TR2 255
796.3111 	DATA 	
796.3112 	DATA 	Trial complete
796.3112 	DATA 	
796.4612 	DATA 	Keypress: 5
796.4612 	DATA 	TR 511 | TR1 256 | TR2 255
798.0110 	DATA 	Keypress: 5
798.0111 	DATA 	TR 512 | TR1 256 | TR2 256
799.5942 	DATA 	Keypress: 5
799.5943 	DATA 	TR 513 | TR1 257 | TR2 256
801.1442 	DATA 	Keypress: 5
801.1443 	DATA 	TR 514 | TR1 257 | TR2 257
802.7106 	DATA 	Keypress: 5
802.7107 	DATA 	TR 515 | TR1 258 | TR2 257
804.2605 	DATA 	Keypress: 5
804.2605 	DATA 	TR 516 | TR1 258 | TR2 258
805.8271 	DATA 	Keypress: 5
805.8271 	DATA 	TR 517 | TR1 259 | TR2 258
807.3769 	DATA 	Keypress: 5
807.3769 	DATA 	TR 518 | TR1 259 | TR2 259
808.9600 	DATA 	Keypress: 5
808.9601 	DATA 	TR 519 | TR1 260 | TR2 259
810.5099 	DATA 	Keypress: 5
810.5099 	DATA 	TR 520 | TR1 260 | TR2 260
812.0764 	DATA 	Keypress: 5
812.0764 	DATA 	TR 521 | TR1 261 | TR2 260
813.6263 	DATA 	Keypress: 5
813.6263 	DATA 	TR 522 | TR1 261 | TR2 261
815.2094 	DATA 	Keypress: 5
815.2095 	DATA 	TR 523 | TR1 262 | TR2 261
816.7593 	DATA 	Keypress: 5
816.7594 	DATA 	TR 524 | TR1 262 | TR2 262
818.3258 	DATA 	Keypress: 5
818.3259 	DATA 	TR 525 | TR1 263 | TR2 262
819.8757 	DATA 	Keypress: 5
819.8757 	DATA 	TR 526 | TR1 263 | TR2 263
821.4422 	DATA 	Keypress: 5
821.4422 	DATA 	TR 527 | TR1 264 | TR2 263
823.0087 	DATA 	Keypress: 5
823.0088 	DATA 	TR 528 | TR1 264 | TR2 264
824.5752 	DATA 	Keypress: 5
824.5753 	DATA 	TR 529 | TR1 265 | TR2 264
826.1251 	DATA 	Keypress: 5
826.1251 	DATA 	TR 530 | TR1 265 | TR2 265
827.6916 	DATA 	Keypress: 5
827.6917 	DATA 	TR 531 | TR1 266 | TR2 265
829.2415 	DATA 	Keypress: 5
829.2415 	DATA 	TR 532 | TR1 266 | TR2 266
830.8246 	DATA 	Keypress: 5
830.8247 	DATA 	TR 533 | TR1 267 | TR2 266
832.3745 	DATA 	Keypress: 5
832.3746 	DATA 	TR 534 | TR1 267 | TR2 267
833.9410 	DATA 	Keypress: 5
833.9411 	DATA 	TR 535 | TR1 268 | TR2 267
835.4909 	DATA 	Keypress: 5
835.4910 	DATA 	TR 536 | TR1 268 | TR2 268
837.0741 	DATA 	Keypress: 5
837.0741 	DATA 	TR 537 | TR1 269 | TR2 268
838.6241 	DATA 	Keypress: 5
838.6242 	DATA 	TR 538 | TR1 269 | TR2 269
840.1905 	DATA 	Keypress: 5
840.1905 	DATA 	TR 539 | TR1 270 | TR2 269
841.7403 	DATA 	Keypress: 5
841.7404 	DATA 	TR 540 | TR1 270 | TR2 270
843.3068 	DATA 	Keypress: 5
843.3068 	DATA 	TR 541 | TR1 271 | TR2 270
844.8573 	DATA 	Keypress: 5
844.8733 	DATA 	TR 542 | TR1 271 | TR2 271
846.4400 	DATA 	Keypress: 5
846.4401 	DATA 	TR 543 | TR1 272 | TR2 271
847.9898 	DATA 	Keypress: 5
847.9898 	DATA 	TR 544 | TR1 272 | TR2 272
849.5563 	DATA 	Keypress: 5
849.5563 	DATA 	TR 545 | TR1 273 | TR2 272
851.1062 	DATA 	Keypress: 5
851.1062 	DATA 	TR 546 | TR1 273 | TR2 273
852.6893 	DATA 	Keypress: 5
852.6894 	DATA 	TR 547 | TR1 274 | TR2 273
854.2392 	DATA 	Keypress: 5
854.2392 	DATA 	TR 548 | TR1 274 | TR2 274
855.8057 	DATA 	Keypress: 5
855.8057 	DATA 	TR 549 | TR1 275 | TR2 274
857.3556 	DATA 	Keypress: 5
857.3556 	DATA 	TR 550 | TR1 275 | TR2 275
858.9227 	DATA 	Keypress: 5
858.9387 	DATA 	TR 551 | TR1 276 | TR2 275
860.4886 	DATA 	Keypress: 5
860.4887 	DATA 	TR 552 | TR1 276 | TR2 276
862.0551 	DATA 	Keypress: 5
862.0552 	DATA 	TR 553 | TR1 277 | TR2 276
863.6049 	DATA 	Keypress: 5
863.6050 	DATA 	TR 554 | TR1 277 | TR2 277
864.3215 	DATA 	EndOfRun sub-08_ses-05_run-02

864.3216 	DATA 	We spent 93.75871920585632 seconds waiting for triggers
864.3216 	DATA 	RatioOfDetectedTargets 0.75
864.3216 	DATA 	You have detected 9 out of 12 targets.
869.1439 	DATA 	Keypress: 5
869.1441 	DATA 	Keypress: 5
869.3514 	EXP 	window1: mouseVisible = True
